{"target": 0.00317814327189307, "params": {"0": 1.3049914699839746, "1": 2.9200931626344255, "2": 0.01147942153189252, "3": -0.8154475643525774, "4": -0.8113414753424077, "5": -2.114332713033985, "6": -2.6305999344321993, "7": 2.2604419165436624}, "datetime": {"datetime": "2021-06-29 21:44:55", "elapsed": 5453.137897, "delta": 12.404965}}
{"target": 0.0035052213695869116, "params": {"0": 2.633925335043358, "1": 1.993877312245652, "2": -0.36707752125010185, "3": 1.3367003186772353, "4": -2.6727679887224562, "5": 0.42262911646513635, "6": 2.641523066567064, "7": -0.626010943463617}, "datetime": {"datetime": "2021-06-29 21:45:06", "elapsed": 5464.360226, "delta": 11.222329}}
{"target": 0.005221990881377414, "params": {"0": -2.13188392807636, "1": -1.6551488888871562, "2": 2.558113248778845, "3": -0.1919293791557024, "4": -0.01948606963129773, "5": -0.00776308062735076, "6": -2.8922895643535105, "7": -0.9684045845773657}, "datetime": {"datetime": "2021-06-29 21:45:20", "elapsed": 5478.794829, "delta": 14.434603}}
{"target": 0.0029519230655343925, "params": {"0": -1.7932163955230276, "1": 0.24772843326930438, "2": 0.7697593686610578, "3": 2.778710547213371, "4": 1.7376690737831453, "5": -2.0894789532240283, "6": -0.9483994403521341, "7": 1.7587564057075822}, "datetime": {"datetime": "2021-06-29 21:46:00", "elapsed": 5518.524523, "delta": 39.729694}}
{"target": 0.0031529859247148165, "params": {"0": 0.7745650596263127, "1": -0.1240100701410567, "2": -0.15015002101957275, "3": 1.0607535915816957, "4": 2.872676865583438, "5": -2.7318382416198306, "6": -1.5841921807122294, "7": 2.2361415965477027}, "datetime": {"datetime": "2021-06-29 21:46:19", "elapsed": 5537.07726, "delta": 18.552737}}
{"target": 0.003352468695990464, "params": {"0": -1.849173472877371, "1": -2.441578029322523, "2": -1.7987155834865476, "3": 1.9264804843905, "4": -2.461673464574595, "5": 2.081714879615131, "6": 1.2483841724056202, "7": 0.09454898840916215}, "datetime": {"datetime": "2021-06-29 21:46:35", "elapsed": 5553.256338, "delta": 16.179078}}
{"target": 0.00333021523415335, "params": {"0": -1.2259813942516222, "1": 2.02147518640428, "2": 1.6264781895797062, "3": -0.02070106095740698, "4": 2.383923339108515, "5": 2.0614206962140313, "6": 1.4920503991946656, "7": 0.3419646615701524}, "datetime": {"datetime": "2021-06-29 21:46:53", "elapsed": 5571.623909, "delta": 18.367571}}
{"target": 0.0032970238413889946, "params": {"0": 1.1535923051299726, "1": -1.3904081009983855, "2": 2.0364871774970714, "3": -0.6502467970495047, "4": 2.1931251564685024, "5": -0.2601543552054366, "6": 2.9950558942642393, "7": 0.5955464340411396}, "datetime": {"datetime": "2021-06-29 21:47:08", "elapsed": 5586.455241, "delta": 14.831332}}
{"target": 0.003041775002792469, "params": {"0": 0.9198233984909789, "1": 0.19638059407107988, "2": -1.5239267069783689, "3": -0.5949171578317713, "4": 2.828475200983915, "5": 0.8308711783057436, "6": -0.7129373816043856, "7": -2.045033778261698}, "datetime": {"datetime": "2021-06-29 21:47:24", "elapsed": 5602.295929, "delta": 15.840688}}
{"target": 0.004156888906206905, "params": {"0": 2.4691455304339494, "1": 0.30688130045741513, "2": -2.6457381477270876, "3": 0.7320082726998431, "4": 1.641852391144302, "5": -1.1838256323219318, "6": 1.2928471181680052, "7": -1.2422332058224774}, "datetime": {"datetime": "2021-06-29 21:47:49", "elapsed": 5627.883644, "delta": 25.587715}}
{"target": 0.0032175882563727463, "params": {"0": -1.502433473714035, "1": -2.2442812368234897, "2": 1.8083267647146677, "3": 1.0021563684756343, "4": -0.875669127143186, "5": -1.9436470670734411, "6": 0.08827027236184026, "7": -0.7829970656476499}, "datetime": {"datetime": "2021-06-29 21:48:37", "elapsed": 5674.966995, "delta": 47.083351}}
{"target": 0.003091674275192805, "params": {"0": -2.476899935470775, "1": -2.2647252637825237, "2": -1.0232754841293417, "3": -2.8762167058238033, "4": -2.2154842299847326, "5": 2.642356345923087, "6": 1.3962810553451295, "7": -1.7005829540111408}, "datetime": {"datetime": "2021-06-29 21:48:52", "elapsed": 5690.286503, "delta": 15.319508}}
{"target": 0.004434747961805204, "params": {"0": 0.08553958230940939, "1": -1.9786021810061103, "2": -2.7048020957197068, "3": -0.240162882779833, "4": -0.5712905222816191, "5": 0.3774229026316043, "6": -1.3749500373605221, "7": -1.8888065972774815}, "datetime": {"datetime": "2021-06-29 21:49:18", "elapsed": 5716.480514, "delta": 26.194011}}
{"target": 0.005239288943364561, "params": {"0": -0.11189068023481497, "1": 1.0670220561265245, "2": -2.12665165482578, "3": 1.5554866526517763, "4": -0.7981888882217767, "5": 2.5689339245630887, "6": -1.8546415259602227, "7": -1.6086625808730823}, "datetime": {"datetime": "2021-06-29 21:49:57", "elapsed": 5755.28581, "delta": 38.805296}}
{"target": 0.0033569064055214083, "params": {"0": -2.3763241306122174, "1": 1.7713785720099366, "2": 2.1520786586030116, "3": 0.6493447256015239, "4": 1.2366882804025492, "5": -1.4768714220466848, "6": -0.3740323998391446, "7": 2.8404435993473944}, "datetime": {"datetime": "2021-06-29 21:50:22", "elapsed": 5780.885491, "delta": 25.599681}}
{"target": 0.004811581322933255, "params": {"0": 2.0640259008292716, "1": 0.5721207611414307, "2": 0.49164264000069036, "3": -0.06973659696153511, "4": -0.36445011702217833, "5": 1.8600886097948868, "6": 1.2755526574764584, "7": -1.1001675959336525}, "datetime": {"datetime": "2021-06-29 21:50:42", "elapsed": 5800.168674, "delta": 19.283183}}
{"target": 0.002972875302069133, "params": {"0": 0.6750306514112467, "1": 0.4966744501498912, "2": 1.6195027130086457, "3": -2.5189911646614407, "4": -1.2851033483037426, "5": 1.4145048878047124, "6": 2.574962466697971, "7": 0.05730482816617588}, "datetime": {"datetime": "2021-06-29 21:51:02", "elapsed": 5820.838753, "delta": 20.670079}}
{"target": 0.009424160776947034, "params": {"0": -2.0387673730798186, "1": 0.04889582029309736, "2": -0.2534225497816669, "3": -1.518005999225094, "4": 1.039455789492287, "5": 2.4375125609692, "6": -2.459434967757466, "7": -1.0074243130393241}, "datetime": {"datetime": "2021-06-29 21:51:16", "elapsed": 5834.2395, "delta": 13.400747}}
{"target": 0.0032288643161504913, "params": {"0": 2.8540546140301846, "1": 1.8973097274604216, "2": -2.681879488657976, "3": -0.5566370215069973, "4": 0.05080392741287865, "5": 0.27858458833117794, "6": 1.381344966620686, "7": 0.2604370089172541}, "datetime": {"datetime": "2021-06-29 21:51:30", "elapsed": 5848.011077, "delta": 13.771577}}
{"target": 0.005930006192215634, "params": {"0": 1.6384618547932437, "1": 1.1544431942275457, "2": -0.3707229126798013, "3": -0.20500764389394988, "4": -1.2898549546453342, "5": -1.8084452803987918, "6": 2.9087255271857977, "7": 1.9485198866444229}, "datetime": {"datetime": "2021-06-29 21:51:52", "elapsed": 5870.241285, "delta": 22.230208}}
{"target": 0.0042885374981478045, "params": {"0": 0.9369109711203203, "1": 1.3356921659802499, "2": -0.8594357482300286, "3": -2.5605661719238233, "4": -0.603264865768371, "5": -1.6215588221857729, "6": -1.2081180195863186, "7": -0.25061271935195517}, "datetime": {"datetime": "2021-06-29 21:52:10", "elapsed": 5887.97065, "delta": 17.729365}}
{"target": 0.004863806242548335, "params": {"0": -0.6599311420165552, "1": 1.411529517587784, "2": -1.2710066313077049, "3": 1.9674304498524018, "4": -2.0482421093545957, "5": -0.45944658375270553, "6": 1.6338570625302609, "7": 2.0621951848864004}, "datetime": {"datetime": "2021-06-29 21:52:27", "elapsed": 5905.27361, "delta": 17.30296}}
{"target": 0.0045318307427923326, "params": {"0": 2.0552296005461788, "1": -2.997660241212947, "2": 0.6266896086526801, "3": -1.8475083107860297, "4": -2.4842886114687905, "5": 2.033935673324991, "6": -1.8959562161800434, "7": -2.69957056193451}, "datetime": {"datetime": "2021-06-29 21:52:49", "elapsed": 5926.921274, "delta": 21.647664}}
{"target": 0.0037728032985446594, "params": {"0": -2.298938186395822, "1": 0.24606091814415, "2": 2.222413828450563, "3": -2.1758742875133743, "4": -1.9999853636497171, "5": 0.5016117978316554, "6": -2.6678863479947856, "7": 0.12346852386100693}, "datetime": {"datetime": "2021-06-29 21:53:10", "elapsed": 5948.350891, "delta": 21.429617}}
{"target": 0.006340160319902948, "params": {"0": 1.2394542835276052, "1": -2.7310574429059096, "2": -0.508803617443101, "3": -0.9038559683857623, "4": -0.575145472227744, "5": 0.9034061552074606, "6": -0.19501397378569907, "7": -1.6163220892622379}, "datetime": {"datetime": "2021-06-29 21:53:27", "elapsed": 5965.395644, "delta": 17.044753}}
{"target": 0.0029867264451999124, "params": {"0": 0.12418117627621328, "1": 2.536045954977638, "2": 0.838807277807109, "3": -2.3738472160456388, "4": 1.005823628866371, "5": 1.3569821644116162, "6": -1.2301972027134287, "7": 0.33090257675052737}, "datetime": {"datetime": "2021-06-29 21:54:10", "elapsed": 6008.182125, "delta": 42.786481}}
{"target": 0.010162502575603761, "params": {"0": -0.10857169471753281, "1": 1.9719089341223128, "2": 1.725638746455683, "3": -0.07822666301703363, "4": -1.533635707199997, "5": -1.647744998710403, "6": 0.8004016713837014, "7": 1.697085400716519}, "datetime": {"datetime": "2021-06-29 21:54:29", "elapsed": 6027.896204, "delta": 19.714079}}
{"target": 0.003726184490652344, "params": {"0": 0.9467843240389442, "1": 0.9648889394109865, "2": -2.957004608160773, "3": -2.7129443903486834, "4": -2.5531889400671823, "5": 1.1621123389603483, "6": 2.7801099481682545, "7": 1.9055974422849102}, "datetime": {"datetime": "2021-06-29 21:54:46", "elapsed": 6044.469571, "delta": 16.573367}}
{"target": 0.0033333834804430253, "params": {"0": -1.7235203619195292, "1": 1.6591016741657088, "2": 1.0945751664524508, "3": -2.861864378093137, "4": 1.532618075146936, "5": -0.30818762906423736, "6": 0.9048535709119969, "7": 1.2829679569624464}, "datetime": {"datetime": "2021-06-29 21:55:06", "elapsed": 6064.726456, "delta": 20.256885}}
{"target": 0.0032653589629248717, "params": {"0": 0.36519747627107124, "1": 0.7159680541486955, "2": 1.0839659125371996, "3": 1.070897862371253, "4": -1.9672284398758002, "5": -1.3300124629611152, "6": 0.9226720054419237, "7": -1.6134468272277476}, "datetime": {"datetime": "2021-06-29 21:55:28", "elapsed": 6086.835507, "delta": 22.109051}}
{"target": 0.003273218139738623, "params": {"0": -1.1316038853118362, "1": 2.404170823727755, "2": -0.6409269826933599, "3": -2.623162800578413, "4": -1.5106228876482681, "5": -1.3111699276546476, "6": -2.3699696004507773, "7": -2.6099042063139377}, "datetime": {"datetime": "2021-06-29 21:55:46", "elapsed": 6104.007017, "delta": 17.17151}}
{"target": 0.0030353811318217347, "params": {"0": -2.9179364862712687, "1": 2.913065953110051, "2": -1.5448412681631278, "3": -0.08306538389946194, "4": 1.6216241965913323, "5": 0.13209194332443674, "6": -1.8131715593810682, "7": 0.8506418458502685}, "datetime": {"datetime": "2021-06-29 21:56:10", "elapsed": 6128.72892, "delta": 24.721903}}
{"target": 0.004014753420747155, "params": {"0": 1.2591219537536134, "1": 1.2665260658547872, "2": 0.529189744640111, "3": -1.397571024259, "4": 1.971554524295243, "5": -2.9097972174378564, "6": 1.6876262577469952, "7": -2.94423376517652}, "datetime": {"datetime": "2021-06-29 21:56:33", "elapsed": 6151.272433, "delta": 22.543513}}
{"target": 0.006616828756249228, "params": {"0": 0.909045949375721, "1": 1.1942047373742293, "2": 1.226652062737866, "3": 2.159611531166246, "4": -2.5514437528820695, "5": -0.3809589820286772, "6": -2.57164903368919, "7": -1.5485800157720655}, "datetime": {"datetime": "2021-06-29 21:56:55", "elapsed": 6173.366799, "delta": 22.094366}}
{"target": 0.004408257310304045, "params": {"0": 0.0952799646127751, "1": -2.8929482801192057, "2": 1.5702755814394838, "3": -1.9309051363091805, "4": 0.3392588583531637, "5": 0.8123293820893207, "6": -2.009406977335212, "7": 0.47145751671836056}, "datetime": {"datetime": "2021-06-29 21:57:20", "elapsed": 6198.350105, "delta": 24.983306}}
{"target": 0.0036202574765048763, "params": {"0": -1.4962960589249668, "1": -2.3554689624902068, "2": -0.09923401323011882, "3": 0.4384239753152004, "4": -2.822791231809053, "5": -1.060417188974415, "6": -2.715881364304019, "7": -2.794291924158609}, "datetime": {"datetime": "2021-06-29 21:57:37", "elapsed": 6215.908015, "delta": 17.55791}}
{"target": 0.0028879049884050034, "params": {"0": -0.64463642101195, "1": 1.1098992289723704, "2": -0.46687087689869955, "3": 2.7795210394929146, "4": 1.2632021130558293, "5": 2.8524497864283953, "6": 0.16243715806069714, "7": -1.878972598686801}, "datetime": {"datetime": "2021-06-29 21:57:55", "elapsed": 6233.108343, "delta": 17.200328}}
{"target": 0.0030871377852351297, "params": {"0": 0.2754974208548062, "1": -2.3751102085570874, "2": -2.6506649145543664, "3": -1.3391779519865081, "4": -0.46363936728443056, "5": 2.4973378586108854, "6": 0.6887849871904788, "7": -2.1286899461421775}, "datetime": {"datetime": "2021-06-29 21:58:14", "elapsed": 6252.272569, "delta": 19.164226}}
{"target": 0.0030130539390607336, "params": {"0": -0.20173352835061653, "1": 0.21835663603099764, "2": 2.071518955413506, "3": 2.9415849363590354, "4": 1.8433748006319028, "5": 1.4512439189421382, "6": 1.734828210997799, "7": -1.0425761517033976}, "datetime": {"datetime": "2021-06-29 21:58:37", "elapsed": 6275.21011, "delta": 22.937541}}
{"target": 0.004884291873955089, "params": {"0": -1.063590605232163, "1": -1.2693631618764338, "2": -1.8024643890507692, "3": -0.20140256289589065, "4": -2.048261603403451, "5": -2.119813179298121, "6": 0.15796196709621402, "7": -1.6540669036569702}, "datetime": {"datetime": "2021-06-29 21:58:58", "elapsed": 6296.545622, "delta": 21.335512}}
{"target": 0.0038318204685348686, "params": {"0": 2.0805604945621123, "1": -2.3150184855529266, "2": -2.301953083319221, "3": -1.3817883341998778, "4": 1.2595300728097385, "5": -1.3528144229110857, "6": 2.818399622366111, "7": -1.1857319352578088}, "datetime": {"datetime": "2021-06-29 21:59:22", "elapsed": 6320.526681, "delta": 23.981059}}
{"target": 0.007130596525756103, "params": {"0": 0.44568218958418093, "1": -2.4302387803779215, "2": 2.204295222867538, "3": 0.9622701567310301, "4": -2.4516512774483177, "5": 0.7682435696928143, "6": -2.7439887922635178, "7": -0.2235249442054572}, "datetime": {"datetime": "2021-06-29 21:59:39", "elapsed": 6337.883581, "delta": 17.3569}}
{"target": 0.007048913139025473, "params": {"0": 0.3223198190770935, "1": -0.7367075041460907, "2": 1.690927980867599, "3": -0.8491265879452641, "4": 1.1932078703044784, "5": -2.314529582869876, "6": -2.859299844806926, "7": 2.4193004882851774}, "datetime": {"datetime": "2021-06-29 21:59:56", "elapsed": 6354.359891, "delta": 16.47631}}
{"target": 0.0035308113392577473, "params": {"0": -2.4542734251949523, "1": 1.360913408974282, "2": -2.7617703040089494, "3": -1.8403929736936604, "4": -0.8084185119827643, "5": -2.300256077598841, "6": -2.042213216695232, "7": -2.317350598170247}, "datetime": {"datetime": "2021-06-29 22:00:20", "elapsed": 6378.39002, "delta": 24.030129}}
{"target": 0.002931790695452987, "params": {"0": -2.753522627938004, "1": 0.7772918658049242, "2": -2.8250599747325436, "3": 1.2140133594423554, "4": -1.415482524931924, "5": 2.62377412279991, "6": 0.7492924079117529, "7": -1.367634020167928}, "datetime": {"datetime": "2021-06-29 22:00:38", "elapsed": 6396.271154, "delta": 17.881134}}
{"target": 0.004262230859380521, "params": {"0": 0.4687534449916324, "1": 1.9588502184796965, "2": 2.646504166361109, "3": 0.9839091232059793, "4": -2.5617544012834426, "5": 0.7907800814135539, "6": -0.24891585829659757, "7": 2.3053960905452744}, "datetime": {"datetime": "2021-06-29 22:00:59", "elapsed": 6417.11668, "delta": 20.845526}}
{"target": 0.00293736151874902, "params": {"0": 2.2129500155438597, "1": 0.9375317902844862, "2": 1.9831849828674555, "3": 1.1544289888178012, "4": 0.004375749626938763, "5": 2.5122229880621596, "6": 1.9992856393385345, "7": 0.15867135197425952}, "datetime": {"datetime": "2021-06-29 22:01:13", "elapsed": 6431.013461, "delta": 13.896781}}
{"target": 0.006584708191081435, "params": {"0": -0.7450827679790524, "1": -1.6472125129128683, "2": -0.4399041610910719, "3": -2.654168920045434, "4": 2.272413366337915, "5": -0.9037606222584276, "6": 2.604029074568049, "7": 1.2910700330627058}, "datetime": {"datetime": "2021-06-29 22:01:26", "elapsed": 6444.098857, "delta": 13.085396}}
{"target": 0.013367572837256267, "params": {"0": -1.073099739568213, "1": -0.8612657935784842, "2": -0.5711675642567218, "3": -2.9402748598560366, "4": 1.4787509079489034, "5": -0.6547309906479315, "6": -2.043711459592773, "7": -2.161446863703917}, "datetime": {"datetime": "2021-06-29 22:01:44", "elapsed": 6462.404598, "delta": 18.305741}}
{"target": 0.0030054282169262596, "params": {"0": 0.2675582252649944, "1": -0.11713386355714128, "2": -2.5848894880842375, "3": -1.769553347395069, "4": 2.987009676352689, "5": 2.2765645076558068, "6": -0.8496168167864395, "7": -1.7037811839441834}, "datetime": {"datetime": "2021-06-29 22:02:03", "elapsed": 6481.716558, "delta": 19.31196}}
{"target": 0.003208038667051139, "params": {"0": -0.9051053488938416, "1": 1.0582892809885287, "2": 2.236051328073458, "3": 0.11616684770221886, "4": 0.8594883934266742, "5": -1.8773550821930778, "6": -2.1826338231835027, "7": 0.21911799382694364}, "datetime": {"datetime": "2021-06-29 22:02:22", "elapsed": 6500.02851, "delta": 18.311952}}
{"target": 0.0032463931159577527, "params": {"0": -2.6923112861739154, "1": -0.3605793356007072, "2": -2.025095240382118, "3": 2.011679940518234, "4": -2.8004662026499245, "5": 0.3852636590281424, "6": 1.2044759142703514, "7": 2.8310724527875823}, "datetime": {"datetime": "2021-06-29 22:02:36", "elapsed": 6514.902613, "delta": 14.874103}}
{"target": 0.003127302780845573, "params": {"0": 0.02051615033397436, "1": -2.869571128473587, "2": 0.9524537461794536, "3": -2.0471277029319053, "4": 1.0935315833971586, "5": 0.168511303122175, "6": 2.5763771543952965, "7": -2.4258131457248746}, "datetime": {"datetime": "2021-06-29 22:02:59", "elapsed": 6537.002833, "delta": 22.10022}}
{"target": 0.0032278295471410917, "params": {"0": -2.449386151766871, "1": 2.7061827221401984, "2": -0.7259137329477934, "3": -1.9715897609904804, "4": -2.6325944308544003, "5": 0.6771703638859305, "6": -1.004118928021804, "7": -0.27057196008417606}, "datetime": {"datetime": "2021-06-29 22:03:22", "elapsed": 6560.023475, "delta": 23.020642}}
{"target": 0.003637265982677917, "params": {"0": 0.9449649653199232, "1": 0.32513622082928473, "2": 1.5786244288750355, "3": -0.2233935739777433, "4": -2.5760076708116504, "5": -0.6114494667544284, "6": -2.471138062773857, "7": 2.8899839366827482}, "datetime": {"datetime": "2021-06-29 22:03:41", "elapsed": 6579.310214, "delta": 19.286739}}
{"target": 0.003180438741842512, "params": {"0": 0.7654356559651578, "1": -1.589728817867988, "2": -2.5035733426790436, "3": 2.202324512229273, "4": 1.4547373444530969, "5": -2.377684296066832, "6": 1.4521030995367754, "7": 0.3666470206823318}, "datetime": {"datetime": "2021-06-29 22:04:00", "elapsed": 6598.112117, "delta": 18.801903}}
{"target": 0.003047448497786078, "params": {"0": -1.358475014744848, "1": 0.9837200623002671, "2": -1.5157483128389977, "3": 2.212266400097607, "4": -1.828377552758742, "5": -1.4368097112191125, "6": 2.735696134397058, "7": 2.281665366899478}, "datetime": {"datetime": "2021-06-29 22:04:15", "elapsed": 6613.72931, "delta": 15.617193}}
{"target": 0.004226718774925849, "params": {"0": 1.060469024409299, "1": 0.6319423057612781, "2": -0.0966899959416585, "3": 1.0530306238873894, "4": -2.1984738385711093, "5": 1.68731306146017, "6": -0.14040296996021295, "7": 2.4986574282515877}, "datetime": {"datetime": "2021-06-29 22:04:33", "elapsed": 6631.442368, "delta": 17.713058}}
{"target": 0.010852982607730528, "params": {"0": 2.290082869709779, "1": 0.18469280166519564, "2": 2.5132402692421287, "3": 0.2382264635317224, "4": -1.3806940688549687, "5": 2.582528429627093, "6": -0.1332182913072888, "7": 0.6215883362765542}, "datetime": {"datetime": "2021-06-29 22:05:05", "elapsed": 6663.154847, "delta": 31.712479}}
{"target": 0.02544334809013837, "params": {"0": 1.3024905097957582, "1": 1.5146220071437124, "2": 2.019263795462363, "3": -0.7972258715796805, "4": -0.8787907848118337, "5": -0.9590421272909708, "6": -0.399949439109363, "7": 1.1741160336185086}, "datetime": {"datetime": "2021-06-29 22:05:18", "elapsed": 6676.905402, "delta": 13.750555}}
{"target": 0.0034774623227540433, "params": {"0": 0.7906169563152083, "1": 1.7319683890639634, "2": -2.892231861891998, "3": 2.0931117790252074, "4": -2.3095735110576863, "5": -1.140950182696589, "6": -1.3459737353132508, "7": 0.5264904412420117}, "datetime": {"datetime": "2021-06-29 22:05:35", "elapsed": 6693.530667, "delta": 16.625265}}
{"target": 0.0039023479255313786, "params": {"0": 2.6382211683114356, "1": 2.552192477607587, "2": 1.5990439097963458, "3": -2.5220699398576447, "4": 0.8689249317926802, "5": -1.0575663351303268, "6": 0.7547823860091123, "7": 1.7775454978815652}, "datetime": {"datetime": "2021-06-29 22:05:48", "elapsed": 6706.571631, "delta": 13.040964}}
{"target": 0.004218044238430867, "params": {"0": -0.2248450205826824, "1": -0.3669818039943298, "2": -0.21407730498331512, "3": -1.3175629926801695, "4": -2.387548452522313, "5": -0.9701331035126248, "6": 2.405363079142048, "7": 2.8987897870290142}, "datetime": {"datetime": "2021-06-29 22:06:02", "elapsed": 6720.612425, "delta": 14.040794}}
{"target": 0.006764885710766037, "params": {"0": 1.4844298971764882, "1": -2.647116433895496, "2": 2.7448833102950516, "3": 1.1957061778014069, "4": 0.5562274942867433, "5": -1.2383829913724618, "6": -1.868284705587924, "7": -1.016307988533646}, "datetime": {"datetime": "2021-06-29 22:06:18", "elapsed": 6736.206672, "delta": 15.594247}}
