{"target": 0.0030382384170553577, "params": {"0": 1.3049914699839746, "1": 2.9200931626344255, "2": 0.01147942153189252, "3": -0.8154475643525774, "4": -0.8113414753424077, "5": -2.114332713033985, "6": -2.6305999344321993, "7": 2.2604419165436624}, "datetime": {"datetime": "2021-06-29 16:30:53", "elapsed": 4374.025395, "delta": 13.075456}}
{"target": 0.003354653959383737, "params": {"0": 2.633925335043358, "1": 1.993877312245652, "2": -0.36707752125010185, "3": 1.3367003186772353, "4": -2.6727679887224562, "5": 0.42262911646513635, "6": 2.641523066567064, "7": -0.626010943463617}, "datetime": {"datetime": "2021-06-29 16:31:11", "elapsed": 4391.810944, "delta": 17.785549}}
{"target": 0.004935646255108962, "params": {"0": -2.13188392807636, "1": -1.6551488888871562, "2": 2.558113248778845, "3": -0.1919293791557024, "4": -0.01948606963129773, "5": -0.00776308062735076, "6": -2.8922895643535105, "7": -0.9684045845773657}, "datetime": {"datetime": "2021-06-29 16:31:27", "elapsed": 4407.407721, "delta": 15.596777}}
{"target": 0.0029391251730399755, "params": {"0": -1.7932163955230276, "1": 0.24772843326930438, "2": 0.7697593686610578, "3": 2.778710547213371, "4": 1.7376690737831453, "5": -2.0894789532240283, "6": -0.9483994403521341, "7": 1.7587564057075822}, "datetime": {"datetime": "2021-06-29 16:31:42", "elapsed": 4422.680134, "delta": 15.272413}}
{"target": 0.00322307609822273, "params": {"0": 0.7745650596263127, "1": -0.1240100701410567, "2": -0.15015002101957275, "3": 1.0607535915816957, "4": 2.872676865583438, "5": -2.7318382416198306, "6": -1.5841921807122294, "7": 2.2361415965477027}, "datetime": {"datetime": "2021-06-29 16:31:53", "elapsed": 4434.16052, "delta": 11.480386}}
{"target": 0.003238661423274479, "params": {"0": -1.849173472877371, "1": -2.441578029322523, "2": -1.7987155834865476, "3": 1.9264804843905, "4": -2.461673464574595, "5": 2.081714879615131, "6": 1.2483841724056202, "7": 0.09454898840916215}, "datetime": {"datetime": "2021-06-29 16:32:01", "elapsed": 4441.557884, "delta": 7.397364}}
{"target": 0.003266122519175309, "params": {"0": -1.2259813942516222, "1": 2.02147518640428, "2": 1.6264781895797062, "3": -0.02070106095740698, "4": 2.383923339108515, "5": 2.0614206962140313, "6": 1.4920503991946656, "7": 0.3419646615701524}, "datetime": {"datetime": "2021-06-29 16:32:17", "elapsed": 4458.069331, "delta": 16.511447}}
{"target": 0.0036768859948488387, "params": {"0": 1.1535923051299726, "1": -1.3904081009983855, "2": 2.0364871774970714, "3": -0.6502467970495047, "4": 2.1931251564685024, "5": -0.2601543552054366, "6": 2.9950558942642393, "7": 0.5955464340411396}, "datetime": {"datetime": "2021-06-29 16:32:36", "elapsed": 4476.365039, "delta": 18.295708}}
{"target": 0.0030044623342493806, "params": {"0": 0.9198233984909789, "1": 0.19638059407107988, "2": -1.5239267069783689, "3": -0.5949171578317713, "4": 2.828475200983915, "5": 0.8308711783057436, "6": -0.7129373816043856, "7": -2.045033778261698}, "datetime": {"datetime": "2021-06-29 16:32:49", "elapsed": 4490.280249, "delta": 13.91521}}
{"target": 0.0034322093616221427, "params": {"0": 2.4691455304339494, "1": 0.30688130045741513, "2": -2.6457381477270876, "3": 0.7320082726998431, "4": 1.641852391144302, "5": -1.1838256323219318, "6": 1.2928471181680052, "7": -1.2422332058224774}, "datetime": {"datetime": "2021-06-29 16:33:00", "elapsed": 4501.023836, "delta": 10.743587}}
{"target": 0.0032377314612409423, "params": {"0": -1.502433473714035, "1": -2.2442812368234897, "2": 1.8083267647146677, "3": 1.0021563684756343, "4": -0.875669127143186, "5": -1.9436470670734411, "6": 0.08827027236184026, "7": -0.7829970656476499}, "datetime": {"datetime": "2021-06-29 16:33:11", "elapsed": 4511.758315, "delta": 10.734479}}
{"target": 0.003064916956502241, "params": {"0": -2.476899935470775, "1": -2.2647252637825237, "2": -1.0232754841293417, "3": -2.8762167058238033, "4": -2.2154842299847326, "5": 2.642356345923087, "6": 1.3962810553451295, "7": -1.7005829540111408}, "datetime": {"datetime": "2021-06-29 16:33:22", "elapsed": 4522.330662, "delta": 10.572347}}
{"target": 0.0035315967943340574, "params": {"0": 0.08553958230940939, "1": -1.9786021810061103, "2": -2.7048020957197068, "3": -0.240162882779833, "4": -0.5712905222816191, "5": 0.3774229026316043, "6": -1.3749500373605221, "7": -1.8888065972774815}, "datetime": {"datetime": "2021-06-29 16:33:38", "elapsed": 4539.202072, "delta": 16.87141}}
{"target": 0.00520298447866312, "params": {"0": -0.11189068023481497, "1": 1.0670220561265245, "2": -2.12665165482578, "3": 1.5554866526517763, "4": -0.7981888882217767, "5": 2.5689339245630887, "6": -1.8546415259602227, "7": -1.6086625808730823}, "datetime": {"datetime": "2021-06-29 16:33:55", "elapsed": 4555.38203, "delta": 16.179958}}
{"target": 0.0036563673687536827, "params": {"0": -2.3763241306122174, "1": 1.7713785720099366, "2": 2.1520786586030116, "3": 0.6493447256015239, "4": 1.2366882804025492, "5": -1.4768714220466848, "6": -0.3740323998391446, "7": 2.8404435993473944}, "datetime": {"datetime": "2021-06-29 16:34:08", "elapsed": 4568.600482, "delta": 13.218452}}
{"target": 0.003255964952396675, "params": {"0": 2.0640259008292716, "1": 0.5721207611414307, "2": 0.49164264000069036, "3": -0.06973659696153511, "4": -0.36445011702217833, "5": 1.8600886097948868, "6": 1.2755526574764584, "7": -1.1001675959336525}, "datetime": {"datetime": "2021-06-29 16:34:26", "elapsed": 4587.049032, "delta": 18.44855}}
{"target": 0.0029565146927725537, "params": {"0": 0.6750306514112467, "1": 0.4966744501498912, "2": 1.6195027130086457, "3": -2.5189911646614407, "4": -1.2851033483037426, "5": 1.4145048878047124, "6": 2.574962466697971, "7": 0.05730482816617588}, "datetime": {"datetime": "2021-06-29 16:34:41", "elapsed": 4601.444601, "delta": 14.395569}}
{"target": 0.009608641603419928, "params": {"0": -2.0387673730798186, "1": 0.04889582029309736, "2": -0.2534225497816669, "3": -1.518005999225094, "4": 1.039455789492287, "5": 2.4375125609692, "6": -2.459434967757466, "7": -1.0074243130393241}, "datetime": {"datetime": "2021-06-29 16:34:50", "elapsed": 4610.920429, "delta": 9.475828}}
{"target": 0.0030700720775862444, "params": {"0": 2.8540546140301846, "1": 1.8973097274604216, "2": -2.681879488657976, "3": -0.5566370215069973, "4": 0.05080392741287865, "5": 0.27858458833117794, "6": 1.381344966620686, "7": 0.2604370089172541}, "datetime": {"datetime": "2021-06-29 16:35:03", "elapsed": 4623.92505, "delta": 13.004621}}
{"target": 0.004898972683059441, "params": {"0": 1.6384618547932437, "1": 1.1544431942275457, "2": -0.3707229126798013, "3": -0.20500764389394988, "4": -1.2898549546453342, "5": -1.8084452803987918, "6": 2.9087255271857977, "7": 1.9485198866444229}, "datetime": {"datetime": "2021-06-29 16:35:14", "elapsed": 4634.638152, "delta": 10.713102}}
{"target": 0.00327085902628553, "params": {"0": 0.9369109711203203, "1": 1.3356921659802499, "2": -0.8594357482300286, "3": -2.5605661719238233, "4": -0.603264865768371, "5": -1.6215588221857729, "6": -1.2081180195863186, "7": -0.25061271935195517}, "datetime": {"datetime": "2021-06-29 16:35:38", "elapsed": 4659.018618, "delta": 24.380466}}
{"target": 0.003991630540165242, "params": {"0": -0.6599311420165552, "1": 1.411529517587784, "2": -1.2710066313077049, "3": 1.9674304498524018, "4": -2.0482421093545957, "5": -0.45944658375270553, "6": 1.6338570625302609, "7": 2.0621951848864004}, "datetime": {"datetime": "2021-06-29 16:35:56", "elapsed": 4676.805585, "delta": 17.786967}}
{"target": 0.0034473202715541505, "params": {"0": 2.0552296005461788, "1": -2.997660241212947, "2": 0.6266896086526801, "3": -1.8475083107860297, "4": -2.4842886114687905, "5": 2.033935673324991, "6": -1.8959562161800434, "7": -2.69957056193451}, "datetime": {"datetime": "2021-06-29 16:36:13", "elapsed": 4694.184614, "delta": 17.379029}}
{"target": 0.003455922595918089, "params": {"0": -2.298938186395822, "1": 0.24606091814415, "2": 2.222413828450563, "3": -2.1758742875133743, "4": -1.9999853636497171, "5": 0.5016117978316554, "6": -2.6678863479947856, "7": 0.12346852386100693}, "datetime": {"datetime": "2021-06-29 16:36:28", "elapsed": 4708.308802, "delta": 14.124188}}
{"target": 0.004833730373128445, "params": {"0": 1.2394542835276052, "1": -2.7310574429059096, "2": -0.508803617443101, "3": -0.9038559683857623, "4": -0.575145472227744, "5": 0.9034061552074606, "6": -0.19501397378569907, "7": -1.6163220892622379}, "datetime": {"datetime": "2021-06-29 16:36:52", "elapsed": 4732.294527, "delta": 23.985725}}
{"target": 0.00292405761856151, "params": {"0": 0.12418117627621328, "1": 2.536045954977638, "2": 0.838807277807109, "3": -2.3738472160456388, "4": 1.005823628866371, "5": 1.3569821644116162, "6": -1.2301972027134287, "7": 0.33090257675052737}, "datetime": {"datetime": "2021-06-29 16:37:06", "elapsed": 4747.284204, "delta": 14.989677}}
{"target": 0.003148021043314987, "params": {"0": -0.7723897777007331, "1": -2.950426972611017, "2": -0.2887279853497904, "3": -2.322742595367807, "4": -2.365938977897799, "5": 0.7741369488166656, "6": -2.171434243846895, "7": -1.177131778732888}, "datetime": {"datetime": "2021-06-29 16:37:15", "elapsed": 4756.173365, "delta": 8.889161}}
{"target": 0.0030953449954850432, "params": {"0": 0.9467843240389442, "1": 0.9648889394109865, "2": -2.957004608160773, "3": -2.7129443903486834, "4": -2.5531889400671823, "5": 1.1621123389603483, "6": 2.7801099481682545, "7": 1.9055974422849102}, "datetime": {"datetime": "2021-06-29 16:37:29", "elapsed": 4769.583933, "delta": 13.410568}}
{"target": 0.003060590108872353, "params": {"0": -1.7235203619195292, "1": 1.6591016741657088, "2": 1.0945751664524508, "3": -2.861864378093137, "4": 1.532618075146936, "5": -0.30818762906423736, "6": 0.9048535709119969, "7": 1.2829679569624464}, "datetime": {"datetime": "2021-06-29 16:37:52", "elapsed": 4792.613764, "delta": 23.029831}}
{"target": 0.0032371152538945938, "params": {"0": 0.36519747627107124, "1": 0.7159680541486955, "2": 1.0839659125371996, "3": 1.070897862371253, "4": -1.9672284398758002, "5": -1.3300124629611152, "6": 0.9226720054419237, "7": -1.6134468272277476}, "datetime": {"datetime": "2021-06-29 16:38:07", "elapsed": 4807.490673, "delta": 14.876909}}
{"target": 0.003197462915567955, "params": {"0": -1.1316038853118362, "1": 2.404170823727755, "2": -0.6409269826933599, "3": -2.623162800578413, "4": -1.5106228876482681, "5": -1.3111699276546476, "6": -2.3699696004507773, "7": -2.6099042063139377}, "datetime": {"datetime": "2021-06-29 16:38:20", "elapsed": 4820.504657, "delta": 13.013984}}
{"target": 0.002996749440950687, "params": {"0": -2.9179364862712687, "1": 2.913065953110051, "2": -1.5448412681631278, "3": -0.08306538389946194, "4": 1.6216241965913323, "5": 0.13209194332443674, "6": -1.8131715593810682, "7": 0.8506418458502685}, "datetime": {"datetime": "2021-06-29 16:38:32", "elapsed": 4832.842522, "delta": 12.337865}}
{"target": 0.004516712403346948, "params": {"0": 1.2591219537536134, "1": 1.2665260658547872, "2": 0.529189744640111, "3": -1.397571024259, "4": 1.971554524295243, "5": -2.9097972174378564, "6": 1.6876262577469952, "7": -2.94423376517652}, "datetime": {"datetime": "2021-06-29 16:38:43", "elapsed": 4844.005477, "delta": 11.162955}}
{"target": 0.006418248998358558, "params": {"0": 0.909045949375721, "1": 1.1942047373742293, "2": 1.226652062737866, "3": 2.159611531166246, "4": -2.5514437528820695, "5": -0.3809589820286772, "6": -2.57164903368919, "7": -1.5485800157720655}, "datetime": {"datetime": "2021-06-29 16:38:56", "elapsed": 4856.438879, "delta": 12.433402}}
{"target": 0.0029988131367957595, "params": {"0": -2.221499045477028, "1": 1.7448471632668614, "2": -2.017452234092384, "3": 0.880818210325665, "4": -0.8009294099740334, "5": 2.2299856600501258, "6": 2.1978078688706644, "7": 1.1948320984232295}, "datetime": {"datetime": "2021-06-29 16:39:08", "elapsed": 4868.878611, "delta": 12.439732}}
{"target": 0.0041970297989657, "params": {"0": -1.4962960589249668, "1": -2.3554689624902068, "2": -0.09923401323011882, "3": 0.4384239753152004, "4": -2.822791231809053, "5": -1.060417188974415, "6": -2.715881364304019, "7": -2.794291924158609}, "datetime": {"datetime": "2021-06-29 16:39:19", "elapsed": 4879.337577, "delta": 10.458966}}
{"target": 0.0028884355969776656, "params": {"0": -0.64463642101195, "1": 1.1098992289723704, "2": -0.46687087689869955, "3": 2.7795210394929146, "4": 1.2632021130558293, "5": 2.8524497864283953, "6": 0.16243715806069714, "7": -1.878972598686801}, "datetime": {"datetime": "2021-06-29 16:39:30", "elapsed": 4890.879179, "delta": 11.541602}}
{"target": 0.003056639998885886, "params": {"0": 0.2754974208548062, "1": -2.3751102085570874, "2": -2.6506649145543664, "3": -1.3391779519865081, "4": -0.46363936728443056, "5": 2.4973378586108854, "6": 0.6887849871904788, "7": -2.1286899461421775}, "datetime": {"datetime": "2021-06-29 16:39:44", "elapsed": 4904.607287, "delta": 13.728108}}
{"target": 0.003048533277463105, "params": {"0": -0.20173352835061653, "1": 0.21835663603099764, "2": 2.071518955413506, "3": 2.9415849363590354, "4": 1.8433748006319028, "5": 1.4512439189421382, "6": 1.734828210997799, "7": -1.0425761517033976}, "datetime": {"datetime": "2021-06-29 16:39:54", "elapsed": 4915.046866, "delta": 10.439579}}
{"target": 0.005314491968906005, "params": {"0": -1.063590605232163, "1": -1.2693631618764338, "2": -1.8024643890507692, "3": -0.20140256289589065, "4": -2.048261603403451, "5": -2.119813179298121, "6": 0.15796196709621402, "7": -1.6540669036569702}, "datetime": {"datetime": "2021-06-29 16:40:05", "elapsed": 4925.545967, "delta": 10.499101}}
{"target": 0.0033699878308841003, "params": {"0": 2.0805604945621123, "1": -2.3150184855529266, "2": -2.301953083319221, "3": -1.3817883341998778, "4": 1.2595300728097385, "5": -1.3528144229110857, "6": 2.818399622366111, "7": -1.1857319352578088}, "datetime": {"datetime": "2021-06-29 16:40:25", "elapsed": 4946.101131, "delta": 20.555164}}
{"target": 0.00532054562741244, "params": {"0": 0.44568218958418093, "1": -2.4302387803779215, "2": 2.204295222867538, "3": 0.9622701567310301, "4": -2.4516512774483177, "5": 0.7682435696928143, "6": -2.7439887922635178, "7": -0.2235249442054572}, "datetime": {"datetime": "2021-06-29 16:40:45", "elapsed": 4965.901078, "delta": 19.799947}}
{"target": 0.016473519750997565, "params": {"0": 0.3223198190770935, "1": -0.7367075041460907, "2": 1.690927980867599, "3": -0.8491265879452641, "4": 1.1932078703044784, "5": -2.314529582869876, "6": -2.859299844806926, "7": 2.4193004882851774}, "datetime": {"datetime": "2021-06-29 16:41:06", "elapsed": 4986.645079, "delta": 20.744001}}
{"target": 0.0032607039262402123, "params": {"0": -2.4542734251949523, "1": 1.360913408974282, "2": -2.7617703040089494, "3": -1.8403929736936604, "4": -0.8084185119827643, "5": -2.300256077598841, "6": -2.042213216695232, "7": -2.317350598170247}, "datetime": {"datetime": "2021-06-29 16:41:31", "elapsed": 5011.50177, "delta": 24.856691}}
{"target": 0.002921795277639919, "params": {"0": -2.753522627938004, "1": 0.7772918658049242, "2": -2.8250599747325436, "3": 1.2140133594423554, "4": -1.415482524931924, "5": 2.62377412279991, "6": 0.7492924079117529, "7": -1.367634020167928}, "datetime": {"datetime": "2021-06-29 16:41:48", "elapsed": 5028.730893, "delta": 17.229123}}
{"target": 0.0038698209943485973, "params": {"0": 0.4687534449916324, "1": 1.9588502184796965, "2": 2.646504166361109, "3": 0.9839091232059793, "4": -2.5617544012834426, "5": 0.7907800814135539, "6": -0.24891585829659757, "7": 2.3053960905452744}, "datetime": {"datetime": "2021-06-29 16:42:06", "elapsed": 5047.230594, "delta": 18.499701}}
{"target": 0.0028963980447950263, "params": {"0": 2.2129500155438597, "1": 0.9375317902844862, "2": 1.9831849828674555, "3": 1.1544289888178012, "4": 0.004375749626938763, "5": 2.5122229880621596, "6": 1.9992856393385345, "7": 0.15867135197425952}, "datetime": {"datetime": "2021-06-29 16:42:16", "elapsed": 5057.241554, "delta": 10.01096}}
{"target": 0.006728616069033597, "params": {"0": -0.7450827679790524, "1": -1.6472125129128683, "2": -0.4399041610910719, "3": -2.654168920045434, "4": 2.272413366337915, "5": -0.9037606222584276, "6": 2.604029074568049, "7": 1.2910700330627058}, "datetime": {"datetime": "2021-06-29 16:42:28", "elapsed": 5069.244311, "delta": 12.002757}}
{"target": 0.011717209829702225, "params": {"0": -1.073099739568213, "1": -0.8612657935784842, "2": -0.5711675642567218, "3": -2.9402748598560366, "4": 1.4787509079489034, "5": -0.6547309906479315, "6": -2.043711459592773, "7": -2.161446863703917}, "datetime": {"datetime": "2021-06-29 16:42:43", "elapsed": 5083.537653, "delta": 14.293342}}
{"target": 0.002974684313134385, "params": {"0": 0.2675582252649944, "1": -0.11713386355714128, "2": -2.5848894880842375, "3": -1.769553347395069, "4": 2.987009676352689, "5": 2.2765645076558068, "6": -0.8496168167864395, "7": -1.7037811839441834}, "datetime": {"datetime": "2021-06-29 16:43:05", "elapsed": 5106.092009, "delta": 22.554356}}
{"target": 0.0031859074732101876, "params": {"0": -0.9051053488938416, "1": 1.0582892809885287, "2": 2.236051328073458, "3": 0.11616684770221886, "4": 0.8594883934266742, "5": -1.8773550821930778, "6": -2.1826338231835027, "7": 0.21911799382694364}, "datetime": {"datetime": "2021-06-29 16:43:33", "elapsed": 5133.878237, "delta": 27.786228}}
{"target": 0.003224017251308746, "params": {"0": -2.6923112861739154, "1": -0.3605793356007072, "2": -2.025095240382118, "3": 2.011679940518234, "4": -2.8004662026499245, "5": 0.3852636590281424, "6": 1.2044759142703514, "7": 2.8310724527875823}, "datetime": {"datetime": "2021-06-29 16:43:47", "elapsed": 5147.500485, "delta": 13.622248}}
{"target": 0.0030647904125368506, "params": {"0": 0.02051615033397436, "1": -2.869571128473587, "2": 0.9524537461794536, "3": -2.0471277029319053, "4": 1.0935315833971586, "5": 0.168511303122175, "6": 2.5763771543952965, "7": -2.4258131457248746}, "datetime": {"datetime": "2021-06-29 16:44:01", "elapsed": 5161.588633, "delta": 14.088148}}
{"target": 0.0031044820111141495, "params": {"0": -2.449386151766871, "1": 2.7061827221401984, "2": -0.7259137329477934, "3": -1.9715897609904804, "4": -2.6325944308544003, "5": 0.6771703638859305, "6": -1.004118928021804, "7": -0.27057196008417606}, "datetime": {"datetime": "2021-06-29 16:44:08", "elapsed": 5168.813218, "delta": 7.224585}}
{"target": 0.003451467555400917, "params": {"0": 0.9449649653199232, "1": 0.32513622082928473, "2": 1.5786244288750355, "3": -0.2233935739777433, "4": -2.5760076708116504, "5": -0.6114494667544284, "6": -2.471138062773857, "7": 2.8899839366827482}, "datetime": {"datetime": "2021-06-29 16:44:22", "elapsed": 5182.886451, "delta": 14.073233}}
{"target": 0.003171413585891225, "params": {"0": 0.7654356559651578, "1": -1.589728817867988, "2": -2.5035733426790436, "3": 2.202324512229273, "4": 1.4547373444530969, "5": -2.377684296066832, "6": 1.4521030995367754, "7": 0.3666470206823318}, "datetime": {"datetime": "2021-06-29 16:44:38", "elapsed": 5198.28936, "delta": 15.402909}}
{"target": 0.0030434262456300568, "params": {"0": -1.358475014744848, "1": 0.9837200623002671, "2": -1.5157483128389977, "3": 2.212266400097607, "4": -1.828377552758742, "5": -1.4368097112191125, "6": 2.735696134397058, "7": 2.281665366899478}, "datetime": {"datetime": "2021-06-29 16:44:54", "elapsed": 5214.390403, "delta": 16.101043}}
{"target": 0.004111221216589584, "params": {"0": 1.060469024409299, "1": 0.6319423057612781, "2": -0.0966899959416585, "3": 1.0530306238873894, "4": -2.1984738385711093, "5": 1.68731306146017, "6": -0.14040296996021295, "7": 2.4986574282515877}, "datetime": {"datetime": "2021-06-29 16:45:03", "elapsed": 5223.651714, "delta": 9.261311}}
{"target": 0.005550733693695618, "params": {"0": 2.290082869709779, "1": 0.18469280166519564, "2": 2.5132402692421287, "3": 0.2382264635317224, "4": -1.3806940688549687, "5": 2.582528429627093, "6": -0.1332182913072888, "7": 0.6215883362765542}, "datetime": {"datetime": "2021-06-29 16:45:16", "elapsed": 5236.562867, "delta": 12.911153}}
{"target": 0.040264840158879954, "params": {"0": 1.3024905097957582, "1": 1.5146220071437124, "2": 2.019263795462363, "3": -0.7972258715796805, "4": -0.8787907848118337, "5": -0.9590421272909708, "6": -0.399949439109363, "7": 1.1741160336185086}, "datetime": {"datetime": "2021-06-29 16:45:32", "elapsed": 5253.137725, "delta": 16.574858}}
{"target": 0.0032359415921774924, "params": {"0": 0.7906169563152083, "1": 1.7319683890639634, "2": -2.892231861891998, "3": 2.0931117790252074, "4": -2.3095735110576863, "5": -1.140950182696589, "6": -1.3459737353132508, "7": 0.5264904412420117}, "datetime": {"datetime": "2021-06-29 16:45:54", "elapsed": 5274.69227, "delta": 21.554545}}
{"target": 0.003385664984546266, "params": {"0": 2.6382211683114356, "1": 2.552192477607587, "2": 1.5990439097963458, "3": -2.5220699398576447, "4": 0.8689249317926802, "5": -1.0575663351303268, "6": 0.7547823860091123, "7": 1.7775454978815652}, "datetime": {"datetime": "2021-06-29 16:46:13", "elapsed": 5293.462033, "delta": 18.769763}}
{"target": 0.005508790750857191, "params": {"0": -0.2248450205826824, "1": -0.3669818039943298, "2": -0.21407730498331512, "3": -1.3175629926801695, "4": -2.387548452522313, "5": -0.9701331035126248, "6": 2.405363079142048, "7": 2.8987897870290142}, "datetime": {"datetime": "2021-06-29 16:46:25", "elapsed": 5306.141012, "delta": 12.678979}}
{"target": 0.006960749771152289, "params": {"0": 1.4844298971764882, "1": -2.647116433895496, "2": 2.7448833102950516, "3": 1.1957061778014069, "4": 0.5562274942867433, "5": -1.2383829913724618, "6": -1.868284705587924, "7": -1.016307988533646}, "datetime": {"datetime": "2021-06-29 16:46:41", "elapsed": 5321.806411, "delta": 15.665399}}
