{"target": 0.0029706485595127436, "params": {"0": 1.3736552059376193, "1": -1.4035485715326845, "2": -0.05853938126007474, "3": 0.7313766464528495, "4": 2.769077941114505, "5": -1.8373437461508972, "6": -2.6265840384066745, "7": -0.069900928281724}, "datetime": {"datetime": "2021-06-29 20:24:40", "elapsed": 639.730345, "delta": 2.283055}}
{"target": 0.005000030445621203, "params": {"0": 0.5343600689358592, "1": -2.2818883616058954, "2": 1.2416599734594111, "3": -2.16021517133571, "4": -0.6188335709685013, "5": 0.23468102751454456, "6": -2.2182808488515917, "7": -0.24086470101732438}, "datetime": {"datetime": "2021-06-29 20:24:45", "elapsed": 644.334578, "delta": 4.604233}}
{"target": 0.005107543627031811, "params": {"0": 1.2409940031523217, "1": -2.672894829160663, "2": 1.8910522813409631, "3": -1.6025487950443205, "4": 0.03210967857390301, "5": 1.986898484509429, "6": -2.2394033772760302, "7": 0.2735399003812855}, "datetime": {"datetime": "2021-06-29 20:24:49", "elapsed": 648.801771, "delta": 4.467193}}
{"target": 0.0032562009487209108, "params": {"0": 2.496072082903596, "1": -2.2262327824194683, "2": 1.0712465835866745, "3": -0.9462168500747272, "4": 1.1214432041428548, "5": 1.7290459592793521, "6": -2.0569520264157086, "7": 0.05357395387142683}, "datetime": {"datetime": "2021-06-29 20:24:53", "elapsed": 652.773304, "delta": 3.971533}}
{"target": 0.012065657732849651, "params": {"0": 1.0695303436755346, "1": 1.3505752954945054, "2": -0.2206977162784618, "3": -0.35820799277801463, "4": -0.2661749855202462, "5": -0.888143861161157, "6": -1.8527135304531077, "7": -2.1620613243350038}, "datetime": {"datetime": "2021-06-29 20:24:57", "elapsed": 656.192028, "delta": 3.418724}}
{"target": 0.003106804886613875, "params": {"0": 0.7501274347742566, "1": 1.7580906178595814, "2": 1.4585738725842736, "3": 0.03833015556658026, "4": -1.8992717884104755, "5": -0.6467411824589355, "6": -1.6150296067436214, "7": -0.3706424485074331}, "datetime": {"datetime": "2021-06-29 20:25:00", "elapsed": 659.424505, "delta": 3.232477}}
{"target": 0.0031923944480924654, "params": {"0": -0.4055496979430604, "1": -1.704543475596595, "2": 1.040833881496777, "3": -2.367094064605782, "4": -0.3951923350790194, "5": 1.3478439784228744, "6": -1.032564706552375, "7": 1.4127747802301007}, "datetime": {"datetime": "2021-06-29 20:25:04", "elapsed": 663.323195, "delta": 3.89869}}
{"target": 0.005450439187931304, "params": {"0": -1.4180374084694352, "1": 1.52886907391275, "2": 2.623363591882777, "3": 0.5211575109244162, "4": -1.9752615826381639, "5": -2.3256289472181617, "6": 1.2688892675243704, "7": 1.0217138939811248}, "datetime": {"datetime": "2021-06-29 20:25:10", "elapsed": 669.090006, "delta": 5.766811}}
{"target": 0.0036613948968196317, "params": {"0": -2.309102855211428, "1": 1.1380426543189763, "2": -0.44954852509482546, "3": -0.6917962392777515, "4": -0.06776558459795234, "5": 0.38296769673475106, "6": 2.384611243848128, "7": -1.6830869929110805}, "datetime": {"datetime": "2021-06-29 20:25:12", "elapsed": 671.620349, "delta": 2.530343}}
{"target": 0.003906820768244776, "params": {"0": -1.0596032767150532, "1": -1.9334691464941953, "2": 2.912458158298591, "3": -1.9290846223111164, "4": 2.2975651018499343, "5": 2.1096282692186943, "6": 0.7082425940603514, "7": 0.15098732244119795}, "datetime": {"datetime": "2021-06-29 20:25:15", "elapsed": 674.717682, "delta": 3.097333}}
{"target": 0.003064236751588368, "params": {"0": -1.669100385604521, "1": 1.6680135137077254, "2": 2.2715689117224596, "3": 0.7524748838379862, "4": -1.6359436231540574, "5": -2.809428826792751, "6": 1.6260681488392228, "7": 0.8459867009981723}, "datetime": {"datetime": "2021-06-29 20:25:20", "elapsed": 679.851135, "delta": 5.133453}}
{"target": 0.005965091351141073, "params": {"0": -1.3635325488888685, "1": 0.5838336249717693, "2": 0.08327105455861972, "3": 1.852601041180324, "4": -1.607436161039379, "5": 2.351797848144378, "6": -2.9101952977323977, "7": 0.14598597252577772}, "datetime": {"datetime": "2021-06-29 20:25:26", "elapsed": 685.47192, "delta": 5.620785}}
{"target": 0.004858358261311853, "params": {"0": -0.23996367573114696, "1": -2.352221941300408, "2": 0.609156888262345, "3": -2.608337639399414, "4": -1.9801615051392667, "5": 1.3206099194429877, "6": -1.972557199112076, "7": 1.7444224238035524}, "datetime": {"datetime": "2021-06-29 20:25:30", "elapsed": 688.91843, "delta": 3.44651}}
{"target": 0.00670985223008977, "params": {"0": 0.4251589837992835, "1": 1.036638485251184, "2": -0.23221967363726304, "3": -0.46951486445392465, "4": -0.03602484367903136, "5": -0.3844221528987326, "6": -1.622796808807048, "7": -1.7901763064505103}, "datetime": {"datetime": "2021-06-29 20:25:34", "elapsed": 693.502343, "delta": 4.583913}}
{"target": 0.003226531504970142, "params": {"0": -0.5890263005046421, "1": -2.3299235900659356, "2": 2.644783432195556, "3": -1.7150113106476867, "4": -0.7120504495379887, "5": 0.622752780590897, "6": -1.9628818511637152, "7": 0.3037643178036431}, "datetime": {"datetime": "2021-06-29 20:25:38", "elapsed": 697.808687, "delta": 4.306344}}
{"target": 0.0031142340895831786, "params": {"0": 0.6995544473226514, "1": -2.5307359654922523, "2": 1.0734489765987032, "3": -1.1837654326150484, "4": -0.004609975156478541, "5": 1.8134186490490194, "6": -2.693909189254451, "7": -0.34741535063968376}, "datetime": {"datetime": "2021-06-29 20:25:44", "elapsed": 703.308939, "delta": 5.500252}}
{"target": 0.008517497479808518, "params": {"0": -1.2313885599321532, "1": 0.7063498404580306, "2": 0.5950306948808661, "3": 0.3523637453846975, "4": 2.9608225284635523, "5": -0.8567493844428702, "6": 2.193142364152192, "7": 0.2595480459312798}, "datetime": {"datetime": "2021-06-29 20:25:52", "elapsed": 711.652039, "delta": 8.3431}}
{"target": 0.0034108718579326986, "params": {"0": -1.0056877411719365, "1": 2.9419704328816882, "2": 2.583263724359875, "3": -2.3485864635273677, "4": -0.7821747412761235, "5": -2.669011455459801, "6": -1.957757747887323, "7": 2.764066186015633}, "datetime": {"datetime": "2021-06-29 20:25:56", "elapsed": 715.418545, "delta": 3.766506}}
{"target": 0.00467337907996066, "params": {"0": 1.2751452353259118, "1": -2.269214118164175, "2": 2.2077082973246505, "3": -1.1867365149818128, "4": 0.10097626099143042, "5": 0.7273712705654019, "6": -1.9633310588291455, "7": 0.8506119259587241}, "datetime": {"datetime": "2021-06-29 20:26:01", "elapsed": 720.350191, "delta": 4.931646}}
{"target": 0.003413321031077241, "params": {"0": 0.47776054547819147, "1": -2.5638453520986073, "2": 1.2827052821584743, "3": -1.3754192162055185, "4": -2.043849559580045, "5": 0.6840215617486631, "6": -2.295307724436107, "7": 0.3757046081346278}, "datetime": {"datetime": "2021-06-29 20:26:04", "elapsed": 723.451625, "delta": 3.101434}}
{"target": 0.0035100069551242436, "params": {"0": 2.492351853471291, "1": 1.130615618404775, "2": 0.9370588418342196, "3": -2.6200704765878062, "4": -0.6109952167448927, "5": 1.1711682945163924, "6": 2.9924226397259996, "7": 2.6678665174763783}, "datetime": {"datetime": "2021-06-29 20:26:08", "elapsed": 727.430242, "delta": 3.978617}}
{"target": 0.008423152900402948, "params": {"0": -1.6902414630957612, "1": 0.7072096072530369, "2": -0.1069527051608472, "3": 1.4154068756302003, "4": -1.7275319806760563, "5": 1.5643798314191617, "6": -1.9656313874483125, "7": 1.1320775074449054}, "datetime": {"datetime": "2021-06-29 20:26:13", "elapsed": 732.038594, "delta": 4.608352}}
{"target": 0.0032046911417331647, "params": {"0": 2.4736162281801946, "1": 0.2067064672274963, "2": -1.9935920785211374, "3": -0.23966696355114436, "4": -1.8032248462652671, "5": 2.588325154043453, "6": -2.4368867300514148, "7": 2.881594717151623}, "datetime": {"datetime": "2021-06-29 20:26:17", "elapsed": 736.502251, "delta": 4.463657}}
{"target": 0.09825308122486354, "params": {"0": 0.01304593834803569, "1": -2.464785212063922, "2": 1.8562108600815357, "3": -2.8981252110549995, "4": 0.3990559411910093, "5": -0.1475146048611533, "6": -2.4192138604063116, "7": 0.7006191054797988}, "datetime": {"datetime": "2021-06-29 20:26:24", "elapsed": 743.075577, "delta": 6.573326}}
{"target": 0.003139241539299098, "params": {"0": -1.4297653392469767, "1": 2.3035397022758097, "2": -1.555795951141133, "3": 0.904712971646922, "4": 0.9511364212264137, "5": 0.08210521178482644, "6": 1.2688568747865157, "7": 1.8049993838401415}, "datetime": {"datetime": "2021-06-29 20:26:28", "elapsed": 747.098057, "delta": 4.02248}}
{"target": 0.0034924333882752246, "params": {"0": -0.23310778884367078, "1": -2.4637398514117477, "2": 1.9939404943002286, "3": -2.4110218057577137, "4": -0.47592161515716835, "5": 1.9797588795610572, "6": -2.187381376727073, "7": -0.0943998921047271}, "datetime": {"datetime": "2021-06-29 20:26:33", "elapsed": 752.727374, "delta": 5.629317}}
{"target": 0.007909467542612231, "params": {"0": 0.2584017713943485, "1": -1.824274223203868, "2": 1.3662839123687966, "3": -2.237393489614576, "4": -0.22652759323434912, "5": -0.28501589181598774, "6": -2.5125881937419976, "7": 0.8448194681138772}, "datetime": {"datetime": "2021-06-29 20:26:38", "elapsed": 757.339514, "delta": 4.61214}}
{"target": 0.008715210802550522, "params": {"0": -0.9086183583967937, "1": -0.27958941727859266, "2": 2.053409965300741, "3": -0.39347215478710584, "4": 2.3084955968151712, "5": -2.5864991964391297, "6": 2.119596967035906, "7": -2.7590199582041066}, "datetime": {"datetime": "2021-06-29 20:26:42", "elapsed": 761.714941, "delta": 4.375427}}
{"target": 0.005166740665307007, "params": {"0": -0.1128370505562466, "1": -2.6712949208158854, "2": 1.6678654077148583, "3": -1.8496057719570411, "4": 0.16994242827166595, "5": 2.118500503932645, "6": -1.882919115766012, "7": 0.11111228805390994}, "datetime": {"datetime": "2021-06-29 20:26:47", "elapsed": 766.052642, "delta": 4.337701}}
{"target": 0.004905547142999391, "params": {"0": 1.9025574563351348, "1": -0.9825971576153281, "2": -1.4771591997760938, "3": 0.6345614091531799, "4": 0.7333676104096423, "5": -1.3113538439883434, "6": 1.92734510884656, "7": -0.8116918669665774}, "datetime": {"datetime": "2021-06-29 20:26:52", "elapsed": 771.501268, "delta": 5.448626}}
{"target": 0.0039035037838193926, "params": {"0": -1.0620988281088055, "1": 2.87479104093633, "2": -0.6627228261490794, "3": -2.7647703187013883, "4": -0.0670513419991785, "5": -2.254760956185949, "6": -0.2040666282330319, "7": 0.2543167958414214}, "datetime": {"datetime": "2021-06-29 20:26:56", "elapsed": 775.47206, "delta": 3.970792}}
{"target": 0.009346037935369419, "params": {"0": 1.3631995187807462, "1": -2.7297546451232586, "2": -0.4872930658480996, "3": 1.0774960998031187, "4": -1.1038708290393127, "5": 0.7458603354705939, "6": 2.353893553543064, "7": -1.4871969325216041}, "datetime": {"datetime": "2021-06-29 20:26:59", "elapsed": 778.270479, "delta": 2.798419}}
{"target": 0.003911554440958888, "params": {"0": -0.9029398762320398, "1": -1.9198572103022207, "2": -0.136228972847229, "3": 2.0804943865902032, "4": -2.531470365037796, "5": -0.4007411033751058, "6": -0.8956484460099077, "7": -1.2212248439751172}, "datetime": {"datetime": "2021-06-29 20:27:03", "elapsed": 781.980689, "delta": 3.71021}}
{"target": 0.003445266201406624, "params": {"0": -0.1548674682862652, "1": -2.5712300816679265, "2": 0.7360155874653271, "3": -2.6158264896668957, "4": -1.3442396240474817, "5": 1.4390346420814248, "6": -2.518910806817403, "7": 1.0109149882218649}, "datetime": {"datetime": "2021-06-29 20:27:06", "elapsed": 785.845259, "delta": 3.86457}}
{"target": 0.002884246384600457, "params": {"0": -1.4903627418646288, "1": 0.3108469134298204, "2": 0.3860273278788844, "3": -0.24610659262337276, "4": 2.286627336686281, "5": -0.44747954166780834, "6": 2.1567730910440037, "7": 0.8748530440199827}, "datetime": {"datetime": "2021-06-29 20:27:13", "elapsed": 792.686173, "delta": 6.840914}}
{"target": 0.0033951244971319283, "params": {"0": 2.7754833848419995, "1": -0.35405037963195873, "2": 1.6595399879908577, "3": 0.0671084283614074, "4": -0.7513050335430589, "5": 0.1597044585691596, "6": -2.5298838821635257, "7": -1.4814577600501382}, "datetime": {"datetime": "2021-06-29 20:27:17", "elapsed": 796.703487, "delta": 4.017314}}
{"target": 0.006438377841896673, "params": {"0": 0.674443625802688, "1": -2.58377419155779, "2": 1.7842289113752097, "3": -1.8560882926841953, "4": -1.0536452421772005, "5": 1.1920566815677098, "6": -1.1217606864025542, "7": 1.1872079115133953}, "datetime": {"datetime": "2021-06-29 20:27:19", "elapsed": 798.60508, "delta": 1.901593}}
{"target": 0.0037866300101677868, "params": {"0": 1.021347792675205, "1": -1.013011034113334, "2": -1.6264284019942612, "3": -1.787018864239602, "4": 0.7524903102873619, "5": 1.2527610950445833, "6": -0.8927745474413094, "7": -1.515110359997698}, "datetime": {"datetime": "2021-06-29 20:27:24", "elapsed": 803.245774, "delta": 4.640694}}
{"target": 0.0030763714202740457, "params": {"0": -0.6258442253241645, "1": -0.0488179140592111, "2": 2.5148567907307235, "3": -1.6689379057777907, "4": 0.6572147272772426, "5": 1.1280775877999334, "6": 0.7378758347540435, "7": -2.2461726742968575}, "datetime": {"datetime": "2021-06-29 20:27:27", "elapsed": 806.266745, "delta": 3.020971}}
{"target": 0.003024901770216723, "params": {"0": -1.0266411790658427, "1": -0.521125120485928, "2": -0.17825605267942457, "3": 1.423706412064874, "4": -1.550264397621146, "5": 1.9923852499143324, "6": -2.6814773961945084, "7": 0.23596646377021147}, "datetime": {"datetime": "2021-06-29 20:27:30", "elapsed": 809.266567, "delta": 2.999822}}
{"target": 0.0032481391594080034, "params": {"0": -0.8816412223670778, "1": 2.307970084323318, "2": -0.6755746946012096, "3": -2.7504663179695528, "4": -2.4643814263046013, "5": -1.6950002409926863, "6": -1.4390937688026073, "7": 0.8368410898036815}, "datetime": {"datetime": "2021-06-29 20:27:35", "elapsed": 813.931571, "delta": 4.665004}}
{"target": 0.0076293462034450485, "params": {"0": 1.1304120933973687, "1": 1.6928641617307854, "2": 0.22078727204657866, "3": -0.48728828245376565, "4": -0.49646767561179317, "5": -0.6720800151324311, "6": -2.151985168943983, "7": -2.153150543939086}, "datetime": {"datetime": "2021-06-29 20:27:38", "elapsed": 817.356936, "delta": 3.425365}}
{"target": 0.0030573992776191305, "params": {"0": -1.784570777999332, "1": 2.1383153112242876, "2": -1.5471685024846376, "3": -2.762567372228233, "4": -2.3611975995318266, "5": -1.3626069589059426, "6": -1.582301360397714, "7": 0.6768991874266708}, "datetime": {"datetime": "2021-06-29 20:27:43", "elapsed": 822.915344, "delta": 5.558408}}
{"target": 0.013171976880077757, "params": {"0": -0.3121582525440574, "1": -1.2687774420253932, "2": 1.867689746824695, "3": 0.4625442371732942, "4": -2.0727121907326724, "5": -1.7372443897221213, "6": -0.17584388899255288, "7": -1.4502833136045454}, "datetime": {"datetime": "2021-06-29 20:27:48", "elapsed": 827.178044, "delta": 4.2627}}
{"target": 0.0030516959732565722, "params": {"0": -1.7632811150740453, "1": 1.6698243000712791, "2": -2.924053671585942, "3": -2.969140482470103, "4": -1.0165134535524707, "5": 0.5499057566266066, "6": 2.3116729306227892, "7": -1.5386381983383328}, "datetime": {"datetime": "2021-06-29 20:27:51", "elapsed": 830.221194, "delta": 3.04315}}
{"target": 0.004044115254580618, "params": {"0": -1.9611114208284288, "1": -0.4843285622081783, "2": -2.480879092495377, "3": -0.7401472533755395, "4": 0.6312037110700919, "5": -1.38973171414107, "6": -1.5669433691150418, "7": -0.5938666595147506}, "datetime": {"datetime": "2021-06-29 20:27:55", "elapsed": 834.291529, "delta": 4.070335}}
{"target": 0.0031309755020306673, "params": {"0": -0.28188618400283616, "1": -0.3674526182464901, "2": 1.1495269747865038, "3": -0.37088991086679224, "4": 2.5011526795203327, "5": -2.7941546520718585, "6": 1.226685760003324, "7": -2.6298847973226875}, "datetime": {"datetime": "2021-06-29 20:28:00", "elapsed": 839.41167, "delta": 5.120141}}
{"target": 0.0033592005226879334, "params": {"0": -1.5358932143458808, "1": 0.978811050779806, "2": 0.972113744430005, "3": -2.6388044576448495, "4": 0.8002565453456656, "5": -2.850281751541077, "6": 0.0454007944325463, "7": -1.2908802250102727}, "datetime": {"datetime": "2021-06-29 20:28:04", "elapsed": 843.179633, "delta": 3.767963}}
{"target": 0.003027830549035755, "params": {"0": -0.8521641066349313, "1": 1.0593285317451366, "2": -1.3229857465427217, "3": 1.2523792179970128, "4": -2.2701165835747767, "5": -0.8350027945752898, "6": -0.29446086054470744, "7": 1.4696651954210624}, "datetime": {"datetime": "2021-06-29 20:28:07", "elapsed": 846.290056, "delta": 3.110423}}
{"target": 0.003077220624928909, "params": {"0": -2.9667660364301547, "1": -1.7712244549390206, "2": -2.38134135169876, "3": -0.23534391285275946, "4": 0.0732572770247053, "5": 1.8911318302133342, "6": -0.811630551209892, "7": -0.5654747765713473}, "datetime": {"datetime": "2021-06-29 20:28:11", "elapsed": 850.703781, "delta": 4.413725}}
{"target": 0.003399229360386712, "params": {"0": 0.2958821869903421, "1": -2.903558498310663, "2": 1.494189566231146, "3": -1.5723519028621242, "4": -1.5026194560733641, "5": 0.24781308156367965, "6": -1.9792679574478835, "7": 1.1340981331388233}, "datetime": {"datetime": "2021-06-29 20:28:16", "elapsed": 855.733537, "delta": 5.029756}}
{"target": 0.006982085966751586, "params": {"0": 0.16395727561872597, "1": -2.680114054418869, "2": 1.4770956954794467, "3": -2.7720703491081107, "4": -1.880210109838358, "5": 1.129598084329599, "6": -1.5182158077829753, "7": 0.7978034349811476}, "datetime": {"datetime": "2021-06-29 20:28:20", "elapsed": 859.330522, "delta": 3.596985}}
{"target": 0.009141977607477427, "params": {"0": 0.3484447942041875, "1": -2.4131251470387216, "2": 1.8743589787575425, "3": -1.0977189005435546, "4": -1.339994247697374, "5": 1.0622238757634905, "6": -1.0331551263636667, "7": 0.9220295776326815}, "datetime": {"datetime": "2021-06-29 20:28:25", "elapsed": 864.629331, "delta": 5.298809}}
{"target": 0.0033937825048136715, "params": {"0": -2.3024748961190777, "1": -2.9091754067273685, "2": -0.29343657375521737, "3": 2.632849359570611, "4": -1.4925762554155262, "5": 1.5759407389814548, "6": 2.3283289209092075, "7": 1.8848700553139253}, "datetime": {"datetime": "2021-06-29 20:28:28", "elapsed": 867.537316, "delta": 2.907985}}
{"target": 0.003617079684778772, "params": {"0": -0.8055794351119214, "1": -2.0301139147823952, "2": -1.869992524320254, "3": 1.7091988176099795, "4": -2.4499584875770983, "5": -2.6678024261700397, "6": 2.853057397395042, "7": 2.5538177807414923}, "datetime": {"datetime": "2021-06-29 20:28:37", "elapsed": 876.827528, "delta": 9.290212}}
{"target": 0.002888661901432421, "params": {"0": -0.9322261741148692, "1": -1.6074055885949203, "2": -0.13074221355366422, "3": 0.9525483865770461, "4": 2.2430566597306827, "5": 1.1814838637852967, "6": 1.3888298163266741, "7": -1.89044252324426}, "datetime": {"datetime": "2021-06-29 20:28:40", "elapsed": 879.355204, "delta": 2.527676}}
{"target": 0.003128887003565658, "params": {"0": 0.29673186044743893, "1": -1.5738384721081897, "2": 2.2453187596723208, "3": -1.980366006347802, "4": -1.4448119133682906, "5": 1.6681065846348488, "6": -1.181880174108446, "7": 1.5067419729263518}, "datetime": {"datetime": "2021-06-29 20:28:45", "elapsed": 883.961147, "delta": 4.605943}}
{"target": 0.003318863621523224, "params": {"0": -0.9757250723442072, "1": 0.816223194359631, "2": 0.7016970057963783, "3": 0.1065205630660615, "4": 2.0370022677897657, "5": -0.6470801675115556, "6": 1.7640887123927165, "7": 0.12636171799930107}, "datetime": {"datetime": "2021-06-29 20:28:49", "elapsed": 888.147066, "delta": 4.185919}}
{"target": 0.0034216683774137306, "params": {"0": 1.6697433152518109, "1": -1.365520275454275, "2": 2.1240506341579515, "3": -2.4673881190546405, "4": -0.4462058343311339, "5": -0.4415278619883054, "6": 2.055434128438068, "7": -2.1592596628097436}, "datetime": {"datetime": "2021-06-29 20:28:52", "elapsed": 891.794968, "delta": 3.647902}}
{"target": 0.004178327537297733, "params": {"0": -0.5219891091030742, "1": 2.891891002574928, "2": 0.3422111309841398, "3": 0.40618323308427007, "4": -2.3631021470445424, "5": 0.8079412295065493, "6": -2.4892327711811943, "7": -0.18114040251796792}, "datetime": {"datetime": "2021-06-29 20:29:00", "elapsed": 899.75934, "delta": 7.964372}}
{"target": 0.00484633794648615, "params": {"0": 1.0768222370543459, "1": 2.0621135727923505, "2": -0.24223393215178168, "3": -0.45790093823986844, "4": 0.11407364563603206, "5": -0.7365845339415369, "6": -1.3645030871424506, "7": -2.4093814227530936}, "datetime": {"datetime": "2021-06-29 20:29:05", "elapsed": 904.883682, "delta": 5.124342}}
{"target": 0.005675157015556204, "params": {"0": 1.1057163535199912, "1": 0.9244121794630322, "2": -0.3968165519213738, "3": -0.18282083887383305, "4": -0.23369209996851836, "5": -0.18198551904346427, "6": -1.5857297846266862, "7": -1.4106125372127851}, "datetime": {"datetime": "2021-06-29 20:29:13", "elapsed": 912.129203, "delta": 7.245521}}
{"target": 0.002964963021409463, "params": {"0": -1.4818060076183774, "1": 1.8919361271987922, "2": 1.8222470543570326, "3": 1.9012600887608926, "4": -0.48003500904213503, "5": -0.6213432784427235, "6": -0.6137126357764822, "7": 2.451033181396478}, "datetime": {"datetime": "2021-06-29 20:29:16", "elapsed": 915.625606, "delta": 3.496403}}
{"target": 0.003134997563818861, "params": {"0": 0.29714686840712723, "1": -2.3386938580764545, "2": 1.431840130767342, "3": -0.44254636605065034, "4": -0.3399741580801625, "5": 1.4605661361667863, "6": -1.6937677503362958, "7": 0.48786674731898483}, "datetime": {"datetime": "2021-06-29 20:29:20", "elapsed": 919.380835, "delta": 3.755229}}
