{"target": 0.002939880200952863, "params": {"0": -2.091547255782767, "1": 2.321493978802666, "2": 2.3320920414187434, "3": -2.8460363953241528, "4": 1.123937762160942, "5": 1.5907905271361598, "6": 1.8095658298468162, "7": 1.685357131887569}, "datetime": {"datetime": "2021-06-29 20:35:41", "elapsed": 1300.874657, "delta": 5.508864}}
{"target": 0.003088419639730951, "params": {"0": 2.6358084300709157, "1": 2.3382041428940648, "2": -0.2641479560152602, "3": 0.5097543952446815, "4": -0.8200058649406099, "5": -1.8036663816191, "6": 2.2390739204653958, "7": 1.71696110499916}, "datetime": {"datetime": "2021-06-29 20:35:48", "elapsed": 1307.290187, "delta": 6.41553}}
{"target": 0.004717622054774519, "params": {"0": -2.9827209270592387, "1": -0.6318356469166071, "2": 0.6701626232324234, "3": 2.943597022443428, "4": 0.7116551102602542, "5": -2.4136863765819156, "6": 2.0436750276937143, "7": -1.2032552601004969}, "datetime": {"datetime": "2021-06-29 20:35:54", "elapsed": 1313.232989, "delta": 5.942802}}
{"target": 0.00485548156614651, "params": {"0": 1.10223403992671, "1": 2.317365881717371, "2": 0.4443661845332043, "3": -1.2629685687319558, "4": -0.9806217225589742, "5": -1.2582882150517267, "6": 2.6922098974333677, "7": -2.4772152678236337}, "datetime": {"datetime": "2021-06-29 20:36:00", "elapsed": 1319.440584, "delta": 6.207595}}
{"target": 0.0096034300383088, "params": {"0": 0.35495937753799023, "1": -2.5392652263886735, "2": 0.9827875525878587, "3": -1.1613957477458592, "4": 0.4989282171030065, "5": 1.3221319133943705, "6": -1.60029425729255, "7": 0.14400403064929712}, "datetime": {"datetime": "2021-06-29 20:36:06", "elapsed": 1324.990994, "delta": 5.55041}}
{"target": 0.09751032776263409, "params": {"0": -1.5736117908242682, "1": -0.916162767095638, "2": -1.0804446315712664, "3": -2.885049804828604, "4": 1.355033561803971, "5": 2.4324151691488556, "6": -2.096979537373357, "7": 1.48904783346328}, "datetime": {"datetime": "2021-06-29 20:36:14", "elapsed": 1333.470476, "delta": 8.479482}}
{"target": 0.003121097626294983, "params": {"0": 0.595220577740021, "1": -2.675002830313867, "2": 0.7485208160450965, "3": -2.8330107154495647, "4": -1.527373553570961, "5": 1.3704737010412975, "6": -2.7079861879243476, "7": 1.8024769868013113}, "datetime": {"datetime": "2021-06-29 20:36:21", "elapsed": 1340.644415, "delta": 7.173939}}
{"target": 0.008684825992214335, "params": {"0": 1.9998856633137123, "1": -1.724880801375086, "2": 1.8567143110942066, "3": 2.3671503825457787, "4": -0.8056425022774549, "5": -1.430420716845548, "6": 1.014500208643355, "7": 2.036972710968568}, "datetime": {"datetime": "2021-06-29 20:36:28", "elapsed": 1347.829055, "delta": 7.18464}}
{"target": 0.3722946098466094, "params": {"0": 1.2287197573962994, "1": 0.45780879714196754, "2": -0.5968188369334682, "3": -0.23237868500770453, "4": -0.47996197724423517, "5": -1.560765118545296, "6": -2.9423970220423197, "7": -0.8246399122713624}, "datetime": {"datetime": "2021-06-29 20:36:35", "elapsed": 1354.157845, "delta": 6.32879}}
{"target": 0.003018948627973959, "params": {"0": 1.7700344082965707, "1": 2.5181365543160794, "2": 0.45052528181537754, "3": -2.5047581131870205, "4": 0.8937458340517033, "5": 2.558035764118622, "6": 0.7842825897497754, "7": -2.0927567109595593}, "datetime": {"datetime": "2021-06-29 20:36:40", "elapsed": 1359.568424, "delta": 5.410579}}
{"target": 0.0031003663419324266, "params": {"0": 2.6760657986290006, "1": 1.7894558899772468, "2": 1.3627354795828026, "3": 1.8866431814751374, "4": -1.5619871043105669, "5": 1.1631791172179433, "6": 2.2555805507603335, "7": -2.2004431360164594}, "datetime": {"datetime": "2021-06-29 20:36:43", "elapsed": 1362.650363, "delta": 3.081939}}
{"target": 0.003737859438244414, "params": {"0": -0.9913150864599061, "1": -1.071520635776806, "2": -1.4923420475261684, "3": -2.31998185179674, "4": 1.8338938563981415, "5": 2.390787798895037, "6": -2.1238427559286412, "7": 1.6756184599052197}, "datetime": {"datetime": "2021-06-29 20:36:50", "elapsed": 1368.985868, "delta": 6.335505}}
{"target": 0.012002666110305076, "params": {"0": -2.4348093759738663, "1": 0.9709544427230812, "2": 0.656972522989069, "3": 1.5568712079820246, "4": -2.038647813980581, "5": 2.041315069969853, "6": -2.4210016178475247, "7": -0.012174978446350515}, "datetime": {"datetime": "2021-06-29 20:36:54", "elapsed": 1373.911059, "delta": 4.925191}}
{"target": 0.00362629896597715, "params": {"0": -0.08305955732296155, "1": -2.685798750877475, "2": 0.9212699419922012, "3": -2.022725818576787, "4": -1.2190836323514551, "5": 1.393821674068322, "6": -2.1981626482965018, "7": 0.2983077474102833}, "datetime": {"datetime": "2021-06-29 20:37:03", "elapsed": 1382.361415, "delta": 8.450356}}
{"target": 0.00797670660441056, "params": {"0": 1.0659351053775028, "1": 0.14416178937229773, "2": 2.1489726943772194, "3": 1.760401847378036, "4": -1.7045127540341403, "5": 2.007814431297395, "6": 1.0111755177779358, "7": 0.38537964962348426}, "datetime": {"datetime": "2021-06-29 20:37:08", "elapsed": 1387.144164, "delta": 4.782749}}
{"target": 0.0031355300873434464, "params": {"0": 1.428938061139112, "1": -1.500635817765808, "2": 2.3818843729721593, "3": 0.7934753542097184, "4": 1.009059004674083, "5": -1.5618726741953475, "6": 1.3734786315602232, "7": -2.624099939760768}, "datetime": {"datetime": "2021-06-29 20:37:14", "elapsed": 1393.865778, "delta": 6.721614}}
{"target": 0.002872296829873437, "params": {"0": -0.8585593422313029, "1": -1.1072309260973123, "2": -1.9704275106005065, "3": 0.544966192606394, "4": 2.736298070166029, "5": -1.7863931100759698, "6": 2.7693114146786932, "7": -2.094740731337092}, "datetime": {"datetime": "2021-06-29 20:37:19", "elapsed": 1398.440463, "delta": 4.574685}}
{"target": 0.0030107988084629492, "params": {"0": -0.8204943193675085, "1": -1.1165783742673456, "2": 0.7001958976844547, "3": -2.2861955444324007, "4": 2.030885478582767, "5": -0.6093083846690672, "6": 2.609956520055028, "7": 0.6141995389663553}, "datetime": {"datetime": "2021-06-29 20:37:24", "elapsed": 1403.034635, "delta": 4.594172}}
{"target": 0.11068347120393483, "params": {"0": -2.0672296757170705, "1": -1.4941424023879162, "2": -0.7660541674172658, "3": -2.9174121114172036, "4": 1.164812383965372, "5": 2.340369100025967, "6": -2.324951381678306, "7": 2.3544745890945604}, "datetime": {"datetime": "2021-06-29 20:37:29", "elapsed": 1408.718483, "delta": 5.683848}}
{"target": 0.005126528490574231, "params": {"0": -2.1912988970614675, "1": -1.0969017358270212, "2": -0.5685178502115069, "3": 0.06331094420134331, "4": 0.476247819442019, "5": -1.453996862569948, "6": -2.0504979733582616, "7": 2.1871915025761073}, "datetime": {"datetime": "2021-06-29 20:37:32", "elapsed": 1411.386947, "delta": 2.668464}}
{"target": 0.00472305033355622, "params": {"0": 1.5761673832349867, "1": 0.08741286930694603, "2": 0.06550616636574969, "3": -0.6911048707082985, "4": -0.6916823722295478, "5": -1.9981183725304075, "6": -1.8731858174770288, "7": -0.8707758123785903}, "datetime": {"datetime": "2021-06-29 20:37:40", "elapsed": 1419.645484, "delta": 8.258537}}
{"target": 0.0036576440805460683, "params": {"0": -2.1789716844354583, "1": -1.430522063410686, "2": -0.4248021672195428, "3": -2.877528701844043, "4": 1.0255367001037667, "5": 1.7120672023080612, "6": -1.4505570232569232, "7": 1.3569754914036194}, "datetime": {"datetime": "2021-06-29 20:37:52", "elapsed": 1431.411253, "delta": 11.765769}}
{"target": 0.003635203152555838, "params": {"0": 1.635803121708232, "1": 1.4033118412852676, "2": 2.0376118007012787, "3": 2.842804416166672, "4": -2.7427210338077526, "5": 0.4914180425399861, "6": 0.37616357258229005, "7": -1.9969283548040213}, "datetime": {"datetime": "2021-06-29 20:37:58", "elapsed": 1437.060696, "delta": 5.649443}}
{"target": 0.0037290857280261364, "params": {"0": 0.7224410707765232, "1": 0.30952668945516715, "2": -0.4480716816098518, "3": 0.632475819869363, "4": -1.7853255615939114, "5": -1.6250785795348859, "6": -2.9737125372163034, "7": -0.7184587929834167}, "datetime": {"datetime": "2021-06-29 20:38:05", "elapsed": 1444.362074, "delta": 7.301378}}
{"target": 0.0029049164404163523, "params": {"0": 0.9759978473384208, "1": -1.047791896706066, "2": -1.267319785284705, "3": 1.3804444253657424, "4": 2.619023146139428, "5": 1.1947448268934027, "6": -0.35006823712860147, "7": 0.7529767895253316}, "datetime": {"datetime": "2021-06-29 20:38:12", "elapsed": 1451.864115, "delta": 7.502041}}
{"target": 0.003305172188496336, "params": {"0": 0.883488435484181, "1": 1.1565981861648584, "2": -0.6116654546618618, "3": -0.02277609910219347, "4": -0.685296471731327, "5": -1.7978897384537085, "6": -2.993830555163299, "7": -1.1701873698842877}, "datetime": {"datetime": "2021-06-29 20:38:20", "elapsed": 1459.835845, "delta": 7.97173}}
{"target": 0.0035862303013794463, "params": {"0": 0.7159303655893474, "1": 0.7242766118375892, "2": -0.29246883772234256, "3": -0.708987876645919, "4": -0.7447313551620844, "5": -1.824876370556026, "6": -2.4965660660688984, "7": -1.4974999266130624}, "datetime": {"datetime": "2021-06-29 20:38:29", "elapsed": 1468.282011, "delta": 8.446166}}
{"target": 0.003465936150863227, "params": {"0": 2.6187107687727273, "1": -1.2764840886192204, "2": -0.8875768243003868, "3": -2.3465843307663987, "4": 0.9408673116226582, "5": 0.24948135931588622, "6": 2.9229502914387524, "7": -0.4428355049673378}, "datetime": {"datetime": "2021-06-29 20:38:34", "elapsed": 1473.757076, "delta": 5.475065}}
{"target": 0.003840183582317999, "params": {"0": -0.15661029613420485, "1": -2.4175122509103817, "2": 1.3860020176237065, "3": -2.597740179846475, "4": 0.5293730910827357, "5": -0.730204335990055, "6": -2.599088174232741, "7": -0.2663796800670015}, "datetime": {"datetime": "2021-06-29 20:38:39", "elapsed": 1478.332395, "delta": 4.575319}}
{"target": 0.0034545445105438736, "params": {"0": 0.8428643224180634, "1": 1.0749374223372081, "2": -1.785562416754933, "3": 2.6238391110134094, "4": 2.9738527613887875, "5": -2.7109687119915638, "6": 1.204744685747782, "7": -1.9578325782589008}, "datetime": {"datetime": "2021-06-29 20:38:44", "elapsed": 1483.212045, "delta": 4.87965}}
{"target": 0.002921840604955047, "params": {"0": -0.9614745635632866, "1": -0.8702560244495796, "2": 2.3479076149358598, "3": -1.4150571228167947, "4": 0.2802915285790126, "5": 1.7853627587555394, "6": -1.782874587214309, "7": -1.672764437795314}, "datetime": {"datetime": "2021-06-29 20:38:50", "elapsed": 1489.690419, "delta": 6.478374}}
{"target": 0.0029928451377313064, "params": {"0": -0.5238207449355725, "1": 2.94153190574338, "2": 1.0675034302522413, "3": -0.4643918247997867, "4": -2.4058710112643062, "5": -1.6724881443786344, "6": -1.6247999274626321, "7": 0.444857261269501}, "datetime": {"datetime": "2021-06-29 20:38:57", "elapsed": 1496.490644, "delta": 6.800225}}
{"target": 0.0031870997324748617, "params": {"0": -1.5710155175270448, "1": 2.18776580897004, "2": -0.9160613000785167, "3": -2.6140266379254697, "4": -2.2386899994915512, "5": -1.562690310906345, "6": -1.9874434899766649, "7": 2.1947458943681335}, "datetime": {"datetime": "2021-06-29 20:39:03", "elapsed": 1502.357218, "delta": 5.866574}}
{"target": 0.010781278240912478, "params": {"0": 0.7070963158325183, "1": 0.43309817120734495, "2": -0.5829017687043208, "3": 1.033409948219414, "4": -0.08004644865225519, "5": -1.436347561142522, "6": -2.5274636440625766, "7": -1.298009476002914}, "datetime": {"datetime": "2021-06-29 20:39:10", "elapsed": 1509.143049, "delta": 6.785831}}
{"target": 0.006930098725075339, "params": {"0": -1.1016891400305242, "1": 2.038101712132087, "2": -0.9155248083007401, "3": -2.2315329354868387, "4": -1.5321056357944476, "5": -1.4700130610155018, "6": -1.1792479488251857, "7": 1.5311683552257254}, "datetime": {"datetime": "2021-06-29 20:39:20", "elapsed": 1519.029032, "delta": 9.885983}}
{"target": 0.5794741242553313, "params": {"0": -1.9901427130762186, "1": -1.0473085339759438, "2": -1.5468135252963338, "3": -2.701777827095131, "4": 1.3080175896416897, "5": 1.3199829782397376, "6": -2.3953840509494224, "7": 2.472954139348019}, "datetime": {"datetime": "2021-06-29 20:39:29", "elapsed": 1528.664074, "delta": 9.635042}}
{"target": 0.0033360502369245643, "params": {"0": 1.2795525283542108, "1": 0.3793790311691388, "2": -0.6109551291735743, "3": -0.22703352657636341, "4": -0.4530144488976973, "5": -1.552011210481294, "6": -2.954567929111858, "7": -0.817437392733603}, "datetime": {"datetime": "2021-06-29 20:39:41", "elapsed": 1540.387123, "delta": 11.723049}}
{"target": 0.003926436218739836, "params": {"0": -0.24505268939055158, "1": -2.5148539069105444, "2": -1.6106870994509181, "3": -1.3852028298147732, "4": -1.7302455535710026, "5": 2.7021585402911645, "6": -2.9606038732321576, "7": 1.279827585396542}, "datetime": {"datetime": "2021-06-29 20:39:46", "elapsed": 1545.459078, "delta": 5.071955}}
{"target": 0.0032917903838690565, "params": {"0": 0.4063193692551641, "1": 2.42027916421093, "2": 1.012636926138864, "3": -0.5257153347881625, "4": 0.20148568577203374, "5": -2.379075020935894, "6": -2.9734607353347053, "7": 1.8977647364109584}, "datetime": {"datetime": "2021-06-29 20:39:51", "elapsed": 1550.038182, "delta": 4.579104}}
{"target": 0.004168720394844107, "params": {"0": -2.5916750468746037, "1": -1.8507254554247328, "2": 2.045944235326309, "3": -0.29175517736713985, "4": 2.025260222963065, "5": 0.7433480357367217, "6": 2.023676382135065, "7": 1.907187872258426}, "datetime": {"datetime": "2021-06-29 20:39:56", "elapsed": 1555.64963, "delta": 5.611448}}
{"target": 0.0030521320607030176, "params": {"0": 2.9230801471323185, "1": -1.4052397946928887, "2": -0.7208785854063224, "3": 1.5125807302617646, "4": -2.4180270957827523, "5": 0.11878545726498668, "6": -2.250230154111425, "7": -2.6111046204218296}, "datetime": {"datetime": "2021-06-29 20:40:09", "elapsed": 1568.055015, "delta": 12.405385}}
{"target": 0.00817624298267773, "params": {"0": -2.2797528312691204, "1": -1.6203088530678975, "2": 1.1576955942241627, "3": -0.4519034635403818, "4": -1.1989579674234938, "5": -1.8890909208218052, "6": -1.850996399479792, "7": -0.8096865605291286}, "datetime": {"datetime": "2021-06-29 20:40:12", "elapsed": 1571.576468, "delta": 3.521453}}
{"target": 0.0031833555097301185, "params": {"0": -0.07112767512228535, "1": -1.310641641889341, "2": -1.944847555941124, "3": -2.5139698609195316, "4": -2.8921009775654163, "5": 0.1553442077158138, "6": 2.835588610301997, "7": -2.1377772687332177}, "datetime": {"datetime": "2021-06-29 20:40:22", "elapsed": 1581.76043, "delta": 10.183962}}
{"target": 0.003097430631760856, "params": {"0": -0.9038220940931994, "1": -1.9068497572607448, "2": -1.8006842933415883, "3": 0.02763726801727051, "4": 1.8263038797792683, "5": 2.757781353450363, "6": -1.8836611419193985, "7": -2.2041183512587437}, "datetime": {"datetime": "2021-06-29 20:40:27", "elapsed": 1586.327932, "delta": 4.567502}}
{"target": 0.0031718995564985774, "params": {"0": 0.7841035856806307, "1": 0.3159908074611666, "2": -1.517403231699309, "3": -1.4105923419724065, "4": 1.8553044459973247, "5": -2.7694153107363855, "6": -1.0683173415093221, "7": -1.8319827993972393}, "datetime": {"datetime": "2021-06-29 20:40:33", "elapsed": 1592.407537, "delta": 6.079605}}
{"target": 0.003222050849999153, "params": {"0": 1.6839382570765462, "1": -2.3002828013260412, "2": -1.1414474741568525, "3": -1.3749230154705452, "4": -2.6629840121032426, "5": -2.1546989414477675, "6": 0.11786739953287562, "7": 0.03227107271498175}, "datetime": {"datetime": "2021-06-29 20:40:41", "elapsed": 1600.312253, "delta": 7.904716}}
{"target": 0.0032516084686500238, "params": {"0": 0.8946131120408052, "1": 0.4187629610327206, "2": -1.7428047558363806, "3": -1.4833816714812418, "4": 2.123557854587883, "5": 2.6260634816678854, "6": -1.540048306658319, "7": 2.6263400155020395}, "datetime": {"datetime": "2021-06-29 20:40:46", "elapsed": 1605.78848, "delta": 5.476227}}
{"target": 0.0050572863072544825, "params": {"0": 1.2031680448198063, "1": 0.5960060390059763, "2": -1.7603753431780305, "3": -2.730189793440579, "4": -2.1423028941649687, "5": 1.4110076465637924, "6": -0.6993164068565907, "7": 2.3137002376884865}, "datetime": {"datetime": "2021-06-29 20:40:51", "elapsed": 1610.525247, "delta": 4.736767}}
{"target": 0.0030693640639036786, "params": {"0": 2.016897039331452, "1": 0.8989806820689248, "2": 0.2775301840762907, "3": 0.40359653146497765, "4": 2.884211138136205, "5": 1.1313672792778542, "6": -2.0002060937416, "7": -0.12458539848138139}, "datetime": {"datetime": "2021-06-29 20:40:57", "elapsed": 1616.329303, "delta": 5.804056}}
{"target": 0.0031224879648800536, "params": {"0": -1.3189414171921072, "1": -1.236019375250493, "2": -0.7945815114103896, "3": -1.4386540980604774, "4": -2.8794399277970726, "5": -0.3726125254417667, "6": 2.9326571909280137, "7": 2.018994758949285}, "datetime": {"datetime": "2021-06-29 20:41:01", "elapsed": 1620.04981, "delta": 3.720507}}
{"target": 0.0033432701422684203, "params": {"0": -2.312294802768486, "1": 0.5956190640358399, "2": -0.011777737717227232, "3": -1.3835091428079056, "4": -2.654950299208428, "5": 0.9902534781152692, "6": -0.812189421018827, "7": 2.9047354972482156}, "datetime": {"datetime": "2021-06-29 20:41:09", "elapsed": 1628.190309, "delta": 8.140499}}
{"target": 0.0037506171508747575, "params": {"0": 0.5984667021179382, "1": 2.7455736842706155, "2": -1.695432812881966, "3": -1.4769108708487217, "4": -0.5832689779632672, "5": -2.117505964392193, "6": 1.1249611780513167, "7": 0.15397513328419388}, "datetime": {"datetime": "2021-06-29 20:41:16", "elapsed": 1635.54861, "delta": 7.358301}}
{"target": 0.0029524611393962757, "params": {"0": -0.44472055431545954, "1": -2.840175424717225, "2": 2.0280531370840524, "3": 1.1071453849298418, "4": -1.0973878107494535, "5": 2.296628571959248, "6": -1.6625997748515522, "7": 1.0338716672149744}, "datetime": {"datetime": "2021-06-29 20:41:22", "elapsed": 1641.171954, "delta": 5.623344}}
{"target": 0.0034167495614885217, "params": {"0": 1.2710747980167465, "1": 2.127997353272585, "2": 1.4316826680184818, "3": 0.606944804935921, "4": 2.9834598047306216, "5": -2.1266597820215134, "6": 0.48885866638141184, "7": -1.2850127340403532}, "datetime": {"datetime": "2021-06-29 20:41:27", "elapsed": 1646.377841, "delta": 5.205887}}
{"target": 0.00400121179192756, "params": {"0": -1.646625351983006, "1": 2.0192204625623997, "2": -2.2395541998728783, "3": -1.121417809875141, "4": -0.7064086323266654, "5": -1.2242998785744228, "6": -0.06264471633581525, "7": 1.0040363172504119}, "datetime": {"datetime": "2021-06-29 20:41:32", "elapsed": 1651.129914, "delta": 4.752073}}
{"target": 0.003898681892833709, "params": {"0": -2.866964097026316, "1": 1.9847205455306467, "2": 0.35271539391786977, "3": 2.1245398765022054, "4": -2.3972430087926035, "5": -0.5087790662275049, "6": 0.7720239742411819, "7": 0.8952609087981398}, "datetime": {"datetime": "2021-06-29 20:41:39", "elapsed": 1658.867294, "delta": 7.73738}}
{"target": 0.005019432132235366, "params": {"0": 1.8277069057610404, "1": 0.8033811510065503, "2": 1.2997466935886894, "3": -2.8252828620190655, "4": -1.8951966891856478, "5": -2.5249157475536386, "6": 1.2841779116013434, "7": -0.009546247450281875}, "datetime": {"datetime": "2021-06-29 20:41:46", "elapsed": 1665.4345, "delta": 6.567206}}
{"target": 0.00289089965964669, "params": {"0": -0.980851071635545, "1": 1.847476226048701, "2": -2.0467887442078894, "3": 2.5970700558296773, "4": 2.854081072840877, "5": -0.12183030122868876, "6": 0.676705333690053, "7": 2.5431177261535804}, "datetime": {"datetime": "2021-06-29 20:41:54", "elapsed": 1673.908015, "delta": 8.473515}}
{"target": 0.003124418110726998, "params": {"0": -2.448822394050143, "1": 2.3253976745269096, "2": 2.896218197141402, "3": -0.13835064826389898, "4": 1.7923508257107645, "5": 1.9775624948964392, "6": -0.7385460230132734, "7": -2.7713859221426196}, "datetime": {"datetime": "2021-06-29 20:42:00", "elapsed": 1679.388766, "delta": 5.480751}}
{"target": 0.003134648095584126, "params": {"0": -2.582901388981636, "1": -1.8739035953320216, "2": 1.5090880270047808, "3": -2.6593976078354618, "4": -0.4316312404802618, "5": -2.5323782811335036, "6": 1.1826205190511647, "7": -0.25152496606490704}, "datetime": {"datetime": "2021-06-29 20:42:06", "elapsed": 1685.4206, "delta": 6.031834}}
{"target": 0.0031561549334983324, "params": {"0": -0.5890794565468349, "1": 1.175190630710473, "2": 1.219632593053265, "3": 0.24827296282673927, "4": -2.722601674989675, "5": 2.016417169531948, "6": -2.7170130453040446, "7": 0.41741715700610804}, "datetime": {"datetime": "2021-06-29 20:42:13", "elapsed": 1692.213527, "delta": 6.792927}}
{"target": 0.0031581595994284307, "params": {"0": -0.4125387990746212, "1": -1.6191326377000541, "2": 1.4929915854519509, "3": -1.6689410968254448, "4": -0.14660340763106783, "5": -1.616617415071666, "6": -0.3718693677798264, "7": -0.25059221139015}, "datetime": {"datetime": "2021-06-29 20:42:22", "elapsed": 1701.154629, "delta": 8.941102}}
{"target": 0.0030276037071393525, "params": {"0": 2.7161624800388697, "1": -0.9211258597930434, "2": 0.9384962776928791, "3": 0.7646906250769057, "4": 2.2333812214101316, "5": -1.9194136406766753, "6": -0.5559056746275264, "7": 1.0144368817274039}, "datetime": {"datetime": "2021-06-29 20:42:29", "elapsed": 1708.828534, "delta": 7.673905}}
{"target": 0.004182849028266263, "params": {"0": 1.4809194284215783, "1": 2.041139057660069, "2": -1.2414549983564755, "3": 2.8643675833879065, "4": 1.2087174140639405, "5": -2.768478214287427, "6": -0.7317723794307618, "7": -0.3254554867380737}, "datetime": {"datetime": "2021-06-29 20:42:36", "elapsed": 1715.83166, "delta": 7.003126}}
