{"target": 0.0030794911782891826, "params": {"0": -1.0997388810723865, "1": -0.2454708981835072, "2": -0.7826490540818467, "3": -0.7165939252819742, "4": 2.08015709638478, "5": -1.9089132302163774, "6": 2.800116838710295, "7": -1.3827883250927833}, "datetime": {"datetime": "2021-06-29 23:26:46", "elapsed": 11565.370786, "delta": 23.318362}}
{"target": 0.003383771061292667, "params": {"0": -2.817101971369887, "1": 2.5197225893998514, "2": 2.8200404975449107, "3": 1.6606601297799761, "4": 1.3020396412997624, "5": 0.5095611376630194, "6": -2.0575960889243765, "7": 0.2002083038277611}, "datetime": {"datetime": "2021-06-29 23:27:09", "elapsed": 11588.742307, "delta": 23.371521}}
{"target": 0.003085753262309935, "params": {"0": 2.5261994617065637, "1": 0.2736986785964586, "2": 2.309712627451682, "3": 0.7937112019151034, "4": 1.2535466499730443, "5": -1.9649704989067884, "6": -2.5656840613606757, "7": 1.1339097441808317}, "datetime": {"datetime": "2021-06-29 23:27:28", "elapsed": 11607.968055, "delta": 19.225748}}
{"target": 0.00415746240223701, "params": {"0": 0.05612865110221188, "1": 1.535636611227022, "2": -1.7116270558937228, "3": -0.9294466094383105, "4": -1.8012731346491235, "5": 1.4225951761733375, "6": -0.5373469374312112, "7": 2.3906973797904723}, "datetime": {"datetime": "2021-06-29 23:27:48", "elapsed": 11627.10475, "delta": 19.136695}}
{"target": 0.003652491095890055, "params": {"0": 0.7975616913435783, "1": -1.5807756636655947, "2": -2.210521546075169, "3": 0.283050573075438, "4": -2.041782943537946, "5": -0.771905165098691, "6": 2.982741908503151, "7": 2.9733857956540657}, "datetime": {"datetime": "2021-06-29 23:28:17", "elapsed": 11656.784881, "delta": 29.680131}}
{"target": 0.03159957640745564, "params": {"0": -1.664774951051292, "1": -2.150853997085034, "2": -1.8555390144312285, "3": -2.986352976156629, "4": 2.1420894233480148, "5": 2.380918245094354, "6": -2.337771734134414, "7": 2.4327280894629517}, "datetime": {"datetime": "2021-06-29 23:28:37", "elapsed": 11676.983311, "delta": 20.19843}}
{"target": 0.00307828541941027, "params": {"0": 1.0459059959322836, "1": -2.299892608308275, "2": -1.0363387345154615, "3": 2.8626099196053145, "4": -0.1784994229676431, "5": 0.6785173147449193, "6": 0.47784823786464514, "7": -0.42171886033765205}, "datetime": {"datetime": "2021-06-29 23:28:58", "elapsed": 11697.396069, "delta": 20.412758}}
{"target": 0.005690578941173254, "params": {"0": 2.8335623266953016, "1": 0.030912387689014054, "2": -2.41490773091898, "3": -0.2246068177506153, "4": -2.4680392044634556, "5": -0.42271120436773746, "6": -0.1026825299732872, "7": -0.012622938416362306}, "datetime": {"datetime": "2021-06-29 23:29:17", "elapsed": 11716.272349, "delta": 18.87628}}
{"target": 0.0030771745253421454, "params": {"0": -2.1054328874114088, "1": -0.6513517812474134, "2": 0.4978624767992992, "3": -2.8292004187101973, "4": 2.312806823124628, "5": -1.7937135353113807, "6": 2.354072702064788, "7": -0.6933176041559386}, "datetime": {"datetime": "2021-06-29 23:29:33", "elapsed": 11732.21786, "delta": 15.945511}}
{"target": 0.0031937472328857934, "params": {"0": 0.48481320031427266, "1": -2.9368451792412458, "2": -0.5200174523787551, "3": 1.9111438583416724, "4": -2.3322378282062184, "5": 0.08655761406969731, "6": 1.858249329763427, "7": 1.6240011998059227}, "datetime": {"datetime": "2021-06-29 23:29:53", "elapsed": 11752.440683, "delta": 20.222823}}
