{"target": 0.003211208963542328, "params": {"0": -1.6419859192322113, "1": 0.19973262337239728, "2": 2.2419326387750047, "3": -1.7261566937922699, "4": 0.6888959112171644, "5": -0.8498934700849032, "6": 2.186597788722203, "7": -2.380482525606224}, "datetime": {"datetime": "2021-06-29 22:36:32", "elapsed": 8551.599241, "delta": 24.237377}}
{"target": 0.0032288469150671224, "params": {"0": -1.0886181544618692, "1": 2.9185010161250977, "2": -2.3115496304626557, "3": 0.6461216427135099, "4": 1.2294173993434185, "5": 0.9341626984705229, "6": 0.30023697878608013, "7": 2.1585739395649046}, "datetime": {"datetime": "2021-06-29 22:36:58", "elapsed": 8577.621726, "delta": 26.022485}}
{"target": 0.010034721185648824, "params": {"0": 1.0288811773310016, "1": 2.278953060748824, "2": 1.6958784178962976, "3": -0.6185001489438635, "4": -0.5753997268935378, "5": -2.037632475318368, "6": -0.09779377303606918, "7": 0.07887092609033086}, "datetime": {"datetime": "2021-06-29 22:37:21", "elapsed": 8600.112989, "delta": 22.491263}}
{"target": 0.007646111042711815, "params": {"0": -2.0310106296609476, "1": -2.7335430920819714, "2": -1.411872739964243, "3": 2.0423190706890777, "4": 1.2567764588202293, "5": 0.31921348676316175, "6": 1.4190438535842027, "7": -0.48403549885321295}, "datetime": {"datetime": "2021-06-29 22:37:39", "elapsed": 8618.161642, "delta": 18.048653}}
{"target": 0.003201840897309922, "params": {"0": -1.979876880855557, "1": 1.5599513538487937, "2": 2.6242988850190185, "3": -1.9369598967191557, "4": -1.9324546965210607, "5": -1.9562819748446707, "6": 0.23446920026826312, "7": 1.3667967570875463}, "datetime": {"datetime": "2021-06-29 22:38:00", "elapsed": 8638.845886, "delta": 20.684244}}
{"target": 0.003053595067512344, "params": {"0": 1.5169815567265301, "1": 1.9141701868965102, "2": -2.0301538214675143, "3": -0.9309323797367086, "4": 1.683573677294091, "5": 0.11548600856985303, "6": 2.509671846373383, "7": -1.4314044934584182}, "datetime": {"datetime": "2021-06-29 22:38:25", "elapsed": 8664.04521, "delta": 25.199324}}
{"target": 0.0038774639529612935, "params": {"0": -0.24040263661882344, "1": -0.012522632694965452, "2": 0.4993130004653965, "3": 1.731839197297175, "4": -2.4005245591627418, "5": 0.1086135074877399, "6": -1.3896000703998335, "7": 0.6939694266851495}, "datetime": {"datetime": "2021-06-29 22:38:55", "elapsed": 8694.204643, "delta": 30.159433}}
{"target": 0.0034080615499497563, "params": {"0": 1.8465819560338659, "1": -2.568941337506982, "2": 2.230576780977561, "3": 0.5903905774367, "4": 0.7106988690611313, "5": -0.9887614688846207, "6": 1.5563760148322654, "7": -1.8564435865110445}, "datetime": {"datetime": "2021-06-29 22:39:31", "elapsed": 8730.534079, "delta": 36.329436}}
{"target": 0.005741659159603207, "params": {"0": 0.9904865220951882, "1": -1.2095953175916163, "2": -1.9670391252399078, "3": -0.7549183631074063, "4": -1.3922690665177655, "5": -0.3853581789398479, "6": 2.07495538003959, "7": -2.024043174937127}, "datetime": {"datetime": "2021-06-29 22:39:50", "elapsed": 8749.381416, "delta": 18.847337}}
{"target": 0.01531190186496788, "params": {"0": -0.778514778042064, "1": 1.4460642194550317, "2": -0.28077109426323066, "3": -0.7995510470645519, "4": -0.3641784893359601, "5": 1.1983818739652046, "6": -0.08526230989948491, "7": 0.4035796890136245}, "datetime": {"datetime": "2021-06-29 22:40:21", "elapsed": 8780.293602, "delta": 30.912186}}
{"target": 0.01381649915285939, "params": {"0": -0.4331961310951211, "1": 1.6125760102726145, "2": 2.3379874268400087, "3": 0.09509623668631884, "4": -1.6554222310166171, "5": -1.4394040250872595, "6": 0.46885700789378193, "7": 1.5819232845764244}, "datetime": {"datetime": "2021-06-29 22:40:38", "elapsed": 8797.02113, "delta": 16.727528}}
{"target": 0.0036655127018464908, "params": {"0": -1.1028018822876855, "1": 0.2230531868663581, "2": 2.1013333191240484, "3": 2.8264832212357005, "4": -0.491846314847999, "5": 1.0003082104527632, "6": -1.051033391295732, "7": -0.8359660162630798}, "datetime": {"datetime": "2021-06-29 22:40:57", "elapsed": 8816.306796, "delta": 19.285666}}
{"target": 0.0038542004697207067, "params": {"0": 0.33932353103237833, "1": -0.8221595883918313, "2": -1.4547108422845412, "3": -2.8321458957570185, "4": 0.38607866246502365, "5": 0.22732743461606786, "6": -1.8855282856331945, "7": 1.525043559779716}, "datetime": {"datetime": "2021-06-29 22:41:23", "elapsed": 8841.772639, "delta": 25.465843}}
{"target": 0.5920170270039762, "params": {"0": -0.7225623278089888, "1": 1.8405223831468014, "2": -0.44509508427952893, "3": -1.818969961702353, "4": -0.29244539465374686, "5": -2.0400583711499616, "6": 2.2627333310933153, "7": 0.4358406167065363}, "datetime": {"datetime": "2021-06-29 22:41:53", "elapsed": 8871.888656, "delta": 30.116017}}
{"target": 0.0034206975732650343, "params": {"0": -1.3452614321858294, "1": -0.13504927161638935, "2": -1.5219503505367802, "3": -0.7377578804594354, "4": 1.9116990210044182, "5": -2.065579093391685, "6": 0.08165167007185081, "7": 2.692459696109383}, "datetime": {"datetime": "2021-06-29 22:42:12", "elapsed": 8891.465746, "delta": 19.57709}}
{"target": 0.005191467682861486, "params": {"0": 0.7391835592189846, "1": 0.013808874695361517, "2": -0.26463431673628346, "3": -1.4366248246028437, "4": -2.052983902239886, "5": 2.729512873238341, "6": -1.9850145819939562, "7": -0.8668908864794056}, "datetime": {"datetime": "2021-06-29 22:42:51", "elapsed": 8930.227683, "delta": 38.761937}}
{"target": 0.005821662592585649, "params": {"0": 2.844395587694474, "1": -1.2422867340040813, "2": -2.1955947797076014, "3": -0.3395904921776225, "4": -2.5239177745619714, "5": -1.4700412249455832, "6": -0.13285459283808976, "7": 2.2493260887352955}, "datetime": {"datetime": "2021-06-29 22:43:10", "elapsed": 8949.635709, "delta": 19.408026}}
{"target": 0.0037858268463026126, "params": {"0": 2.30561388556191, "1": 1.999817676532727, "2": -2.2044344169034087, "3": -2.4469127308900216, "4": 2.0828519359644044, "5": -1.7964554857086936, "6": -2.4376108209622904, "7": -1.5753607317945637}, "datetime": {"datetime": "2021-06-29 22:43:36", "elapsed": 8975.1197, "delta": 25.483991}}
{"target": 0.00579543678565219, "params": {"0": -1.8069290598591279, "1": -1.9849204814869363, "2": -0.1758589108158306, "3": -0.4022121694066114, "4": 2.2534410739482675, "5": -2.055363420050512, "6": 0.9471602455541834, "7": 1.51393967911204}, "datetime": {"datetime": "2021-06-29 22:44:14", "elapsed": 9013.526199, "delta": 38.406499}}
{"target": 0.0051562533112500366, "params": {"0": -1.2867784483935094, "1": 1.0382983895668687, "2": -0.4116706586305252, "3": -1.4288887769765226, "4": 1.447452942739023, "5": -1.441775860260196, "6": 2.4644207069824446, "7": 2.4489525963694883}, "datetime": {"datetime": "2021-06-29 22:44:42", "elapsed": 9041.687073, "delta": 28.160874}}
{"target": 0.006733037850865807, "params": {"0": -0.7461789830674119, "1": 0.14794828643900493, "2": 2.06638606315998, "3": 0.9422631947245419, "4": -0.3893618991850887, "5": 0.600849283122054, "6": 1.7692521578401363, "7": -0.6887677965607542}, "datetime": {"datetime": "2021-06-29 22:45:09", "elapsed": 9068.144945, "delta": 26.457872}}
{"target": 0.0032733359138440313, "params": {"0": -0.646132089450953, "1": 2.976459956231194, "2": 1.1405897112644068, "3": -0.9819973403777231, "4": -1.7096662426417841, "5": -0.17392184240585173, "6": 2.3956115859949367, "7": 2.0611339970198372}, "datetime": {"datetime": "2021-06-29 22:45:30", "elapsed": 9089.660617, "delta": 21.515672}}
{"target": 0.0031153321318054357, "params": {"0": -1.9467209014513638, "1": 2.72067195710369, "2": -2.81091398485628, "3": 2.0961972346867954, "4": 0.26826983970688545, "5": 1.9752821903327442, "6": -1.5149921918066298, "7": 1.5658464361976634}, "datetime": {"datetime": "2021-06-29 22:45:55", "elapsed": 9114.23484, "delta": 24.574223}}
{"target": 0.822249999024099, "params": {"0": -0.6514900968049915, "1": 1.39115434838536, "2": -2.264635510580492, "3": -0.3498483603406668, "4": -1.7977978944808481, "5": 0.7784064451978163, "6": -1.3054582861870323, "7": 2.650048325475259}, "datetime": {"datetime": "2021-06-29 22:46:26", "elapsed": 9144.74328, "delta": 30.50844}}
{"target": 0.004953126070856262, "params": {"0": 0.42178580458086046, "1": 2.2318792814161217, "2": -2.001326500013497, "3": -2.9397886401410944, "4": 1.185708088616833, "5": -0.3903320812922404, "6": 1.0487111512073142, "7": -2.216148717710136}, "datetime": {"datetime": "2021-06-29 22:46:50", "elapsed": 9168.898036, "delta": 24.154756}}
{"target": 0.0029659130328209223, "params": {"0": -2.0779318012595853, "1": -0.2837051567721449, "2": 0.33946795064646196, "3": 2.8134726407280866, "4": -0.11858493462619535, "5": 2.1277224229285387, "6": 1.7098414091848184, "7": -2.5127900772574874}, "datetime": {"datetime": "2021-06-29 22:47:11", "elapsed": 9190.498523, "delta": 21.600487}}
{"target": 0.0031363179725352112, "params": {"0": -0.5252316816168765, "1": -2.5017957190796034, "2": 1.3990191708468842, "3": 1.8659166418793731, "4": 0.9371313511494508, "5": 2.0213460475272687, "6": 0.5518543861633871, "7": 0.6331654928770858}, "datetime": {"datetime": "2021-06-29 22:47:31", "elapsed": 9210.382049, "delta": 19.883526}}
{"target": 0.00478814098084688, "params": {"0": 0.7124679727032475, "1": 0.7372613795031473, "2": -0.9213584827167951, "3": -1.5450976075609855, "4": -0.08261328705721471, "5": -2.9078181826668836, "6": 2.8490309874639763, "7": 2.02003962668841}, "datetime": {"datetime": "2021-06-29 22:48:09", "elapsed": 9248.289528, "delta": 37.907479}}
{"target": 0.0032086847373681416, "params": {"0": -2.6667872996128454, "1": -1.9486056608305342, "2": 1.0544561717467298, "3": 0.09816267774614662, "4": 1.3784569420373831, "5": -2.914068308383854, "6": 1.6802616923480276, "7": 2.950971612043084}, "datetime": {"datetime": "2021-06-29 22:48:28", "elapsed": 9266.697475, "delta": 18.407947}}
{"target": 0.7065168766181075, "params": {"0": -0.2796372566667751, "1": 1.6423759019865347, "2": -1.6311744557676608, "3": -0.46495949777836953, "4": -1.9893202666999596, "5": -1.4797311367479082, "6": -1.5640452231232191, "7": -1.9913319598654486}, "datetime": {"datetime": "2021-06-29 22:48:48", "elapsed": 9286.716391, "delta": 20.018916}}
{"target": 0.003990937034433845, "params": {"0": -2.590130258243007, "1": -0.3463452586269842, "2": 2.1184546973708827, "3": -2.0704961572654756, "4": 0.6436140342113621, "5": -0.0013606592823189878, "6": -0.11501260921853396, "7": 1.2183303198322628}, "datetime": {"datetime": "2021-06-29 22:49:07", "elapsed": 9305.710271, "delta": 18.99388}}
{"target": 0.003765166899635994, "params": {"0": -1.248493121178338, "1": -0.610795782241822, "2": 2.668895087936078, "3": -2.441307467433604, "4": 2.6711070824844976, "5": 2.124222140287084, "6": -1.9434582121793413, "7": -1.588836570142106}, "datetime": {"datetime": "2021-06-29 22:49:28", "elapsed": 9327.622185, "delta": 21.911914}}
{"target": 0.004471045639196841, "params": {"0": 0.4169559243797609, "1": 2.4102494522669584, "2": -2.601478473200179, "3": -2.0430574672841155, "4": -2.7629425017826073, "5": -0.28449020066671515, "6": -2.2169725759471484, "7": 2.681996385812175}, "datetime": {"datetime": "2021-06-29 22:49:51", "elapsed": 9350.607986, "delta": 22.985801}}
{"target": 0.018780645117779986, "params": {"0": 0.5958274196204472, "1": -1.383555967428372, "2": 1.599234142528199, "3": 1.9003862731329457, "4": 0.8614594873488559, "5": -1.7558907133066355, "6": 2.297224228126953, "7": 1.0853351283337815}, "datetime": {"datetime": "2021-06-29 22:50:32", "elapsed": 9390.788316, "delta": 40.18033}}
{"target": 0.006467824707159098, "params": {"0": -0.41760825628443765, "1": 2.9068420966710953, "2": 0.17225677033439712, "3": 1.6938916429259985, "4": -2.690567127685649, "5": -1.8670944003394323, "6": 1.8416407143783307, "7": -2.759245254833208}, "datetime": {"datetime": "2021-06-29 22:51:20", "elapsed": 9439.460607, "delta": 48.672291}}
{"target": 0.004183672610119464, "params": {"0": -1.7954975663763009, "1": 1.4003970385351403, "2": -2.1654154342013063, "3": -1.9401988116323579, "4": -2.5553765722885062, "5": -0.8354452211838712, "6": -2.5641537728146777, "7": 0.7304086618723336}, "datetime": {"datetime": "2021-06-29 22:51:45", "elapsed": 9463.937741, "delta": 24.477134}}
{"target": 0.004430263010546014, "params": {"0": -0.6768145425923344, "1": 2.606872302179281, "2": 0.4558100479857803, "3": 2.4275973783697946, "4": 0.6370563966679912, "5": -0.6278614494128343, "6": -2.1801755551464557, "7": 1.5320763333908083}, "datetime": {"datetime": "2021-06-29 22:52:16", "elapsed": 9494.915434, "delta": 30.977693}}
{"target": 0.0037022164745078266, "params": {"0": -1.1191963846200372, "1": -2.3798063848568822, "2": -2.2163570918272786, "3": -0.4949349831982168, "4": 1.5772976114000201, "5": 0.5470883780221198, "6": 1.9353521672148002, "7": -2.1965366152388914}, "datetime": {"datetime": "2021-06-29 22:52:53", "elapsed": 9531.89982, "delta": 36.984386}}
{"target": 0.006427168098841839, "params": {"0": -1.282963267709877, "1": 0.6277888785022272, "2": -1.6718424768827602, "3": 2.33239840477641, "4": -0.4688684870806492, "5": 1.367298562420297, "6": 1.4761270285225043, "7": -2.5023752255364635}, "datetime": {"datetime": "2021-06-29 22:53:24", "elapsed": 9563.218655, "delta": 31.318835}}
{"target": 0.0061900044014229, "params": {"0": -0.4491810924391415, "1": -0.5345353885301201, "2": -1.5395818198854379, "3": 1.2102269829105987, "4": -1.454097884267665, "5": 2.234050279382159, "6": -0.1376526740803019, "7": -2.801783724408901}, "datetime": {"datetime": "2021-06-29 22:54:06", "elapsed": 9604.716113, "delta": 41.497458}}
{"target": 0.003181658162570912, "params": {"0": 0.7465803979593018, "1": 2.534155575640945, "2": 1.8807997131066507, "3": -1.393790014858488, "4": 2.520746205274788, "5": -0.2800779019642414, "6": -0.8589131933975844, "7": 0.7188527428389238}, "datetime": {"datetime": "2021-06-29 22:54:33", "elapsed": 9631.9606, "delta": 27.244487}}
{"target": 0.0029780253151557466, "params": {"0": -2.7223896592238273, "1": -2.168671298839702, "2": -1.8272815661592454, "3": 0.5209403019030869, "4": 2.9891174468685238, "5": 2.4195401497543756, "6": 2.4828675831435625, "7": -1.49567054282161}, "datetime": {"datetime": "2021-06-29 22:55:12", "elapsed": 9670.825682, "delta": 38.865082}}
{"target": 0.0049691890344636235, "params": {"0": 0.409629572107455, "1": -1.1101873079072462, "2": 0.03653023244896625, "3": 0.21536796156770333, "4": 2.3246297654008536, "5": -1.753746919593254, "6": -0.6213292619948643, "7": -2.2271912226503194}, "datetime": {"datetime": "2021-06-29 22:55:52", "elapsed": 9710.812845, "delta": 39.987163}}
{"target": 0.0033977682719055296, "params": {"0": -0.1446334541924701, "1": 2.9145071333055075, "2": -1.5824286793351403, "3": -1.5925587757709574, "4": -1.3027924905619923, "5": 2.4179284028779504, "6": 0.10337103049034635, "7": -2.613221108229941}, "datetime": {"datetime": "2021-06-29 22:56:18", "elapsed": 9737.310402, "delta": 26.497557}}
{"target": 0.004569180752992737, "params": {"0": 1.7048636625011069, "1": 2.549070916384898, "2": -0.8706614685396783, "3": 1.3646602025188352, "4": -0.8796597087016842, "5": 2.1552753221124634, "6": 0.18993543647947186, "7": 1.6919091655172238}, "datetime": {"datetime": "2021-06-29 22:57:02", "elapsed": 9780.981302, "delta": 43.6709}}
{"target": 0.003074822114773135, "params": {"0": 1.7973391711653877, "1": 0.4631790252195578, "2": 2.081914259878518, "3": 1.0617164497339058, "4": 0.6993209646989644, "5": 0.7078916614095512, "6": 2.9958473154132106, "7": 0.662475422638583}, "datetime": {"datetime": "2021-06-29 22:57:22", "elapsed": 9801.006616, "delta": 20.025314}}
{"target": 0.004776190627762905, "params": {"0": -2.398770333503118, "1": 1.7548692194601738, "2": 2.580232322515524, "3": -2.11563628528045, "4": -2.009402811397131, "5": -0.9346655879357195, "6": 2.967845704863432, "7": -0.6624349568189798}, "datetime": {"datetime": "2021-06-29 22:57:47", "elapsed": 9825.809667, "delta": 24.803051}}
{"target": 0.003416017081029025, "params": {"0": 1.0562948320581445, "1": -1.527646709559364, "2": 0.7415259722148759, "3": -2.771388023358358, "4": -0.31817194451466335, "5": 1.5275398549163022, "6": 0.5294972999603385, "7": -2.1053592840421893}, "datetime": {"datetime": "2021-06-29 22:58:09", "elapsed": 9848.555762, "delta": 22.746095}}
{"target": 0.013676818032204252, "params": {"0": 0.45196940607125224, "1": 1.4675306828409802, "2": 1.267545956920939, "3": 0.6969691557248545, "4": 1.854234740471699, "5": -0.731022892350107, "6": -2.571602786031435, "7": 1.8479944431905038}, "datetime": {"datetime": "2021-06-29 22:58:28", "elapsed": 9867.298459, "delta": 18.742697}}
{"target": 0.00861148025247985, "params": {"0": 2.0164559407439047, "1": -0.05104671061519639, "2": -0.6709907870115943, "3": 0.6321085161168805, "4": -0.19147566451257347, "5": -2.8621700688197875, "6": 1.824755478824411, "7": 1.7873031108712087}, "datetime": {"datetime": "2021-06-29 22:58:54", "elapsed": 9892.913508, "delta": 25.615049}}
{"target": 0.004545603610256397, "params": {"0": -0.7196573986359525, "1": -0.7307596565726948, "2": 2.167386904897537, "3": 1.4759387901289882, "4": -2.7144359533607343, "5": 0.7796042557018872, "6": 2.682076699589439, "7": -1.3428134734981225}, "datetime": {"datetime": "2021-06-29 22:59:14", "elapsed": 9913.521698, "delta": 20.60819}}
{"target": 0.005747387867710905, "params": {"0": -1.7858832096885067, "1": -1.8007705348513119, "2": 2.05619066275142, "3": 0.9204759946846339, "4": -2.4363433269556767, "5": 1.547327736317583, "6": 2.0157816617145734, "7": 0.5669723349384883}, "datetime": {"datetime": "2021-06-29 22:59:41", "elapsed": 9939.853483, "delta": 26.331785}}
{"target": 0.004580507634107322, "params": {"0": -2.331334811181397, "1": 0.5287857189973892, "2": 0.20125074543623755, "3": -0.7746365307781811, "4": -0.32298339156901923, "5": -0.6324611662178836, "6": -1.9373193415237744, "7": -1.36227720783738}, "datetime": {"datetime": "2021-06-29 23:00:04", "elapsed": 9963.547955, "delta": 23.694472}}
{"target": 0.003376262400680566, "params": {"0": 1.9875008288185505, "1": 1.7387772386772973, "2": 1.0955043420150465, "3": -0.4193589574796954, "4": -2.0019554231295853, "5": 2.435216208414097, "6": -2.433316384307322, "7": 2.7579960191320243}, "datetime": {"datetime": "2021-06-29 23:00:32", "elapsed": 9990.809993, "delta": 27.262038}}
{"target": 0.005408776070504644, "params": {"0": -2.0680213638680263, "1": -1.9249450464289362, "2": -0.12404037949083957, "3": 0.9472615272582132, "4": -2.237038656003082, "5": 2.896059423225439, "6": -1.7098116954420797, "7": 1.680240656487591}, "datetime": {"datetime": "2021-06-29 23:00:55", "elapsed": 10014.227154, "delta": 23.417161}}
{"target": 0.0050967304848503125, "params": {"0": -0.08388543723469599, "1": -1.0971767419248366, "2": 2.775361687662482, "3": 0.30208322699577916, "4": -0.15298491300726402, "5": 2.6169642311048857, "6": -0.41691707814364776, "7": 1.3222221064137827}, "datetime": {"datetime": "2021-06-29 23:01:26", "elapsed": 10044.713339, "delta": 30.486185}}
{"target": 0.003128307711939339, "params": {"0": 1.0874978258182146, "1": 0.9464128616805292, "2": -0.27471668931806636, "3": 0.5986199242364139, "4": 2.341868672496598, "5": -2.9800708824605846, "6": -0.8556311925727629, "7": 2.9053856061202445}, "datetime": {"datetime": "2021-06-29 23:02:23", "elapsed": 10101.724049, "delta": 57.01071}}
{"target": 0.004937708162856354, "params": {"0": 2.351219976303417, "1": -1.2307169159333498, "2": -2.5012940036702376, "3": 1.2217828765012024, "4": 0.022252487830642487, "5": -2.886526721468471, "6": -2.150602315472356, "7": 1.4512042668634901}, "datetime": {"datetime": "2021-06-29 23:02:43", "elapsed": 10122.608133, "delta": 20.884084}}
{"target": 0.005833577065510884, "params": {"0": 2.834282250559424, "1": 0.9757171301367986, "2": -0.17111891083287079, "3": -1.3883272578996444, "4": 0.6136090449850018, "5": -2.470481567379913, "6": 0.5143534161297509, "7": 2.8715306664419575}, "datetime": {"datetime": "2021-06-29 23:03:18", "elapsed": 10157.430166, "delta": 34.822033}}
{"target": 0.02471885039304554, "params": {"0": 1.1521829075328238, "1": -1.4506257418501602, "2": 0.6167741601970222, "3": 0.0026281975505764166, "4": -0.7695008743650509, "5": -1.5983127557632715, "6": 0.26448832869189554, "7": -2.6928356438451733}, "datetime": {"datetime": "2021-06-29 23:03:44", "elapsed": 10183.387498, "delta": 25.957332}}
{"target": 0.0046487245394432565, "params": {"0": -2.2365333505965665, "1": -2.3748929763065174, "2": 0.7375713284135905, "3": -0.6913635515352219, "4": -2.515811608444552, "5": -1.8200339400165026, "6": 0.005862057869943982, "7": 1.42485316199953}, "datetime": {"datetime": "2021-06-29 23:04:07", "elapsed": 10205.715441, "delta": 22.327943}}
{"target": 0.0049057777769265795, "params": {"0": 2.690755585688951, "1": -1.5813378390779067, "2": -2.0185054340513986, "3": -1.302773836784838, "4": -2.1777641058199797, "5": -1.0241649786450324, "6": 2.3205230966529466, "7": 0.04980064896055714}, "datetime": {"datetime": "2021-06-29 23:04:27", "elapsed": 10225.712546, "delta": 19.997105}}
{"target": 0.004248294300343757, "params": {"0": -1.7221515188085834, "1": -1.7180285357737293, "2": -2.413891643525777, "3": -1.1592942974075846, "4": -1.2446730023054435, "5": 1.0740615864473781, "6": 1.0886201690762354, "7": -0.8936747307928461}, "datetime": {"datetime": "2021-06-29 23:04:47", "elapsed": 10246.129913, "delta": 20.417367}}
{"target": 0.004556990899464328, "params": {"0": -0.15181034502621404, "1": -2.8024327184546918, "2": -2.5519816125886026, "3": -1.381444766349671, "4": 0.25621115858953614, "5": -1.8264823358006415, "6": -1.8358067537355411, "7": 0.954645241235009}, "datetime": {"datetime": "2021-06-29 23:05:15", "elapsed": 10274.288034, "delta": 28.158121}}
