{"target": 0.0032667402983059804, "params": {"0": -0.4978679717845562, "1": 1.3219469606529488, "2": -2.9993137510959307, "3": -1.1860045642089614, "4": -2.119464655097322, "5": -2.445968431387213, "6": -1.8824387317339746, "7": -0.9266356377417138}, "datetime": {"datetime": "2021-06-29 20:14:01", "elapsed": 0.0, "delta": 0.0}}
{"target": 0.8003867561840988, "params": {"0": -0.6193951546159804, "1": 0.23290040402014167, "2": -0.48483291358023095, "3": 1.1113170023805568, "4": -1.7732865016108954, "5": 2.268704618345673, "6": -2.835674440812443, "7": 1.0228050610704136}, "datetime": {"datetime": "2021-06-29 20:14:01", "elapsed": 0.128709, "delta": 0.128709}}
{"target": 0.003221834863389291, "params": {"0": -0.4961711857972384, "1": 0.3521389706745097, "2": -2.1576783684285976, "3": -1.8113910654907273, "4": 1.8044674120532198, "5": 2.809569454316385, "6": -1.119454931044543, "7": 1.1539356940158845}, "datetime": {"datetime": "2021-06-29 20:14:01", "elapsed": 0.236095, "delta": 0.107386}}
{"target": 0.0032300395799965886, "params": {"0": 2.2583349137762294, "1": 2.3676399810230837, "2": -2.4897347317813328, "3": -2.7656713006027056, "4": -1.9810174826125866, "5": 2.2688550205764786, "6": -2.409918997001699, "7": -0.4733542499696872}, "datetime": {"datetime": "2021-06-29 20:14:01", "elapsed": 0.367536, "delta": 0.131441}}
{"target": 0.0030473357416211694, "params": {"0": 2.7473371809030116, "1": 0.19899170983810244, "2": 1.1512626837028401, "3": -1.1069062139636223, "4": 1.119005566089502, "5": 2.0077540313842377, "6": -2.890270335934849, "7": 1.5008658896698046}, "datetime": {"datetime": "2021-06-29 20:14:01", "elapsed": 0.466679, "delta": 0.099143}}
{"target": 0.003528633411951795, "params": {"0": 2.9331665334389685, "1": 1.4889939262790364, "2": -1.317336047613569, "3": 1.7356759707089306, "4": -2.380643960534148, "5": -0.312638842944569, "6": 2.451573018558573, "7": -1.238315109757923}, "datetime": {"datetime": "2021-06-29 20:14:01", "elapsed": 0.561878, "delta": 0.095199}}
{"target": 0.0035290444073718835, "params": {"0": -1.2733479684819076, "1": -2.219828567290334, "2": -2.8837982527782176, "3": 1.0730131976393462, "4": -1.7302313039996458, "5": -1.4067200437666427, "6": -0.05056104431797026, "7": -2.6798247292975175}, "datetime": {"datetime": "2021-06-29 20:14:02", "elapsed": 0.679554, "delta": 0.117676}}
{"target": 0.003176171333802423, "params": {"0": 0.4447056329520782, "1": -2.119628550565139, "2": 0.5358332214197055, "3": 1.1985501601255866, "4": -2.385993427033045, "5": -0.5156640730825899, "6": 1.1664009463664708, "7": -0.5149243828385841}, "datetime": {"datetime": "2021-06-29 20:14:02", "elapsed": 0.769109, "delta": 0.089555}}
{"target": 0.0028796892545048577, "params": {"0": -2.7002792463234773, "1": 0.21537843549306945, "2": 0.9827678713187327, "3": 0.08933467234985137, "4": 2.6675685359448797, "5": 0.5193302430119573, "6": 2.420411491727301, "7": -2.1751517751225746}, "datetime": {"datetime": "2021-06-29 20:14:02", "elapsed": 1.018332, "delta": 0.249223}}
{"target": 0.002939491219498484, "params": {"0": -2.1643419164954487, "1": 1.8443477322571429, "2": -0.6139389780867983, "3": -2.0078748172984033, "4": 2.5650514823762034, "5": -0.9134048415269609, "6": 1.5048726188169335, "7": 1.3559879121027087}, "datetime": {"datetime": "2021-06-29 20:14:02", "elapsed": 1.106046, "delta": 0.087714}}
{"target": 0.0031773076191174503, "params": {"0": 2.299836547234859, "1": 0.7420332423336533, "2": 1.5056546041640235, "3": -0.906609948132945, "4": -1.3804326494098436, "5": 2.375317309176401, "6": -0.43145286077223055, "7": 2.789040282890314}, "datetime": {"datetime": "2021-06-29 20:14:02", "elapsed": 1.214852, "delta": 0.108806}}
{"target": 0.0031158304388530698, "params": {"0": 0.9806489869106887, "1": 0.7301743212547307, "2": -2.311524162279749, "3": 2.6969355522424276, "4": -0.30052719912035686, "5": 0.4703376863227904, "6": -0.5511791834323132, "7": -1.5778381185418338}, "datetime": {"datetime": "2021-06-29 20:14:02", "elapsed": 1.329278, "delta": 0.114426}}
{"target": 0.0031326839383091463, "params": {"0": 2.4202771233735225, "1": 0.4420769200337151, "2": -2.982778037813046, "3": 0.7028694817243433, "4": -1.040130589367423, "5": 0.16234861354565577, "6": 2.3156525958646466, "7": -0.8563814399850012}, "datetime": {"datetime": "2021-06-29 20:14:02", "elapsed": 1.423025, "delta": 0.093747}}
{"target": 0.0030085776129376916, "params": {"0": 2.4512109055187956, "1": 0.7401606947508164, "2": -2.9050725429206623, "3": 2.576623402462568, "4": 1.1453815051015432, "5": 2.9839371027088832, "6": -1.9659569499280287, "7": -2.1771855022267337}, "datetime": {"datetime": "2021-06-29 20:14:02", "elapsed": 1.523348, "delta": 0.100323}}
{"target": 0.002983489191718741, "params": {"0": 2.595572778222982, "1": 1.1809089689394012, "2": -2.603998963667625, "3": 1.5327783156147987, "4": 1.5232571307674778, "5": 2.5381472132789, "6": 1.2691485517708303, "7": -2.254374228167012}, "datetime": {"datetime": "2021-06-29 20:14:02", "elapsed": 1.616969, "delta": 0.093621}}
{"target": 0.004108496948233657, "params": {"0": -2.8807191969612265, "1": -2.8427340787336846, "2": -2.8301610718752324, "3": -1.5227335943817246, "4": 2.1601676920973283, "5": 0.23298638604991684, "6": 0.31693187211459506, "7": 2.0521853541576345}, "datetime": {"datetime": "2021-06-29 20:14:03", "elapsed": 1.71312, "delta": 0.096151}}
{"target": 0.007461906930866861, "params": {"0": -2.254960109280533, "1": -1.324897925933163, "2": 0.5145556287497275, "3": 2.817574489918047, "4": 0.3661813155342597, "5": -2.888116263762342, "6": 1.803796036083698, "7": -1.6021543569538774}, "datetime": {"datetime": "2021-06-29 20:14:03", "elapsed": 1.808577, "delta": 0.095457}}
{"target": 0.004299591780953199, "params": {"0": 1.8426311737126753, "1": -0.6728361356149692, "2": 2.181251127356572, "3": 1.4827298564231075, "4": 0.3374414039425133, "5": -2.18126864603589, "6": -2.6404938629267303, "7": -2.271939265555576}, "datetime": {"datetime": "2021-06-29 20:14:03", "elapsed": 2.04491, "delta": 0.236333}}
{"target": 0.0034395376839332858, "params": {"0": -2.7326887287314294, "1": -2.3550352253634426, "2": -1.6457439683528718, "3": 1.2779338822960602, "4": 0.3583018923248549, "5": -2.924664119045305, "6": -2.568154321863079, "7": 2.803657980001632}, "datetime": {"datetime": "2021-06-29 20:14:03", "elapsed": 2.163517, "delta": 0.118607}}
{"target": 0.0074509534417010696, "params": {"0": 0.40860277151965274, "1": -1.7802405920340572, "2": -1.4860455325780595, "3": 1.4629551244505574, "4": -1.8274231133440872, "5": 0.48815356363954665, "6": 2.820119934529874, "7": 2.0809728089402117}, "datetime": {"datetime": "2021-06-29 20:14:03", "elapsed": 2.270058, "delta": 0.106541}}
{"target": 0.003720316794977544, "params": {"0": -1.560913445114483, "1": -0.03738171438762006, "2": 0.7197343102882785, "3": 1.9738853973010722, "4": -2.0592516321234946, "5": -2.8885427869355427, "6": -2.579867137684666, "7": -0.08192933437780914}, "datetime": {"datetime": "2021-06-29 20:14:03", "elapsed": 2.37286, "delta": 0.102802}}
{"target": 0.0038539244807779794, "params": {"0": 0.6379767699199821, "1": 0.41310862251888825, "2": -1.0958255440670355, "3": 2.931696926474693, "4": 0.4784713154747813, "5": -0.7191529642586976, "6": 0.30568931470738114, "7": 1.4720065854390123}, "datetime": {"datetime": "2021-06-29 20:14:03", "elapsed": 2.476174, "delta": 0.103314}}
{"target": 0.0034868420404545464, "params": {"0": 1.015397360719108, "1": -1.4104826540231437, "2": -2.6019909934293506, "3": -0.7794948125153622, "4": 0.7783050421293867, "5": -1.7389559405109625, "6": 1.516533322432883, "7": -2.6007811118753104}, "datetime": {"datetime": "2021-06-29 20:14:03", "elapsed": 2.591978, "delta": 0.115804}}
{"target": 0.002988197993655493, "params": {"0": -1.4381094085287542, "1": 1.8285273824600727, "2": -1.8393943042600336, "3": 0.8367652852796406, "4": 0.14802185474240215, "5": 2.5488478223961044, "6": -1.4202193770773341, "7": -2.6042334558958573}, "datetime": {"datetime": "2021-06-29 20:14:04", "elapsed": 2.719359, "delta": 0.127381}}
{"target": 0.003033246223429725, "params": {"0": 1.410395779732017, "1": 1.6330681772594806, "2": 2.446895115021144, "3": 2.591832415181024, "4": -2.916290562146418, "5": -1.593827483271477, "6": 0.7006701420099457, "7": 2.694097924125699}, "datetime": {"datetime": "2021-06-29 20:14:04", "elapsed": 2.865088, "delta": 0.145729}}
{"target": 0.005813747224963878, "params": {"0": 2.701056715482478, "1": 0.33991912917093847, "2": 2.493638098597647, "3": 0.849397253678025, "4": -0.6599537151525228, "5": -0.08405599741854175, "6": 0.6258628975198395, "7": 0.29728752905137545}, "datetime": {"datetime": "2021-06-29 20:14:04", "elapsed": 3.0776, "delta": 0.212512}}
{"target": 0.003458598442995517, "params": {"0": 2.5570885602387214, "1": 2.5124006138016366, "2": -0.6307463224586707, "3": 2.7795751706442706, "4": -1.9562659999172138, "5": -2.242022883362176, "6": -2.1895250517196123, "7": 0.03397299406138021}, "datetime": {"datetime": "2021-06-29 20:14:04", "elapsed": 3.191575, "delta": 0.113975}}
{"target": 0.003705372569852344, "params": {"0": -2.870851168354812, "1": 2.687821267306086, "2": 1.9626928270243944, "3": -2.9098861155472657, "4": -1.9428224665496685, "5": -1.0076185537989781, "6": -2.2140189311344987, "7": 1.8569441527594925}, "datetime": {"datetime": "2021-06-29 20:14:04", "elapsed": 3.298636, "delta": 0.107061}}
{"target": 0.003325361904153624, "params": {"0": -0.931580083900239, "1": 2.6406448940002027, "2": 0.4920850796824805, "3": 2.2729919064710646, "4": 2.0684066723533316, "5": 2.4323539122518953, "6": -0.24071840509915798, "7": 0.27808089612223963}, "datetime": {"datetime": "2021-06-29 20:14:04", "elapsed": 3.40302, "delta": 0.104384}}
{"target": 0.0033858558807840873, "params": {"0": 1.7916215469122365, "1": -1.2856868895951146, "2": -0.05847886428043392, "3": 0.5946618458752702, "4": -2.9068003466949857, "5": 0.5608884491798234, "6": -0.39794190606325053, "7": 1.8441631733090489}, "datetime": {"datetime": "2021-06-29 20:14:04", "elapsed": 3.49759, "delta": 0.09457}}
{"target": 0.0029883681056394255, "params": {"0": -1.1085311814277623, "1": 2.3573322511509076, "2": 0.46714329170721314, "3": -1.8959387902352096, "4": 1.7275754029530255, "5": 0.6721870622696038, "6": -2.676544367557482, "7": -0.47883791999320646}, "datetime": {"datetime": "2021-06-29 20:14:04", "elapsed": 3.619494, "delta": 0.121904}}
{"target": 0.0030612618362259314, "params": {"0": 1.074413019392578, "1": 2.5116106678651553, "2": -2.9975878506518554, "3": 2.8605548941863574, "4": -0.7405181115253532, "5": 2.8427012301499355, "6": 0.6282966058443185, "7": 1.973074847884158}, "datetime": {"datetime": "2021-06-29 20:14:05", "elapsed": 3.749686, "delta": 0.130192}}
{"target": 0.003996518175296452, "params": {"0": 0.4482690282486139, "1": 0.7684571898441024, "2": -1.2865423098258364, "3": 0.5210000439364979, "4": 1.5001305822159594, "5": 2.149883018574254, "6": 1.5304931308060805, "7": 1.1883434906838177}, "datetime": {"datetime": "2021-06-29 20:14:05", "elapsed": 3.881766, "delta": 0.13208}}
{"target": 0.004381310801936951, "params": {"0": 2.186876580327599, "1": -1.0639140189795213, "2": 1.0247327447255232, "3": -0.294756381519905, "4": -0.7073834878108967, "5": -0.5351319004668866, "6": -0.5911224991827564, "7": -1.0956963242503386}, "datetime": {"datetime": "2021-06-29 20:14:05", "elapsed": 4.164929, "delta": 0.283163}}
{"target": 0.0032014747276724433, "params": {"0": 0.7315162075218087, "1": -0.4185163750724139, "2": 2.8428124675635136, "3": 1.0668053486058664, "4": -1.8085806694373348, "5": -0.43979394391180326, "6": -0.9399225613534616, "7": 1.7858328237513996}, "datetime": {"datetime": "2021-06-29 20:14:05", "elapsed": 4.282098, "delta": 0.117169}}
{"target": 0.003198855627057614, "params": {"0": 2.2799897313805904, "1": 2.423051734958232, "2": 0.9763188742515734, "3": -1.3787504278214533, "4": -1.4857997909724616, "5": 2.1293876561844147, "6": 0.16628787785248011, "7": 1.8129665040275889}, "datetime": {"datetime": "2021-06-29 20:14:05", "elapsed": 4.393816, "delta": 0.111718}}
{"target": 0.004968546819598361, "params": {"0": 0.4349311031496379, "1": 1.3988551517250665, "2": 0.11406976478433517, "3": 1.6253034630113277, "4": 0.41314794422829326, "5": -0.20574072844811475, "6": -0.9438665522803094, "7": -2.5907439094997753}, "datetime": {"datetime": "2021-06-29 20:14:05", "elapsed": 4.496664, "delta": 0.102848}}
{"target": 0.009554242402470513, "params": {"0": -0.7324549240314009, "1": -2.522243533810486, "2": 2.8969026823826702, "3": -1.9103228920154174, "4": 1.871152186323238, "5": 2.2497698697353883, "6": 1.1304795143156596, "7": 0.41696647647225404}, "datetime": {"datetime": "2021-06-29 20:14:05", "elapsed": 4.622461, "delta": 0.125797}}
{"target": 0.010837059882336067, "params": {"0": -2.0341713791063474, "1": -0.19871986342016212, "2": -0.9289676930687101, "3": -1.6497602531154925, "4": 0.5550712125947808, "5": -1.1263809737884982, "6": 2.4978333208101047, "7": 2.4578131497093425}, "datetime": {"datetime": "2021-06-29 20:14:06", "elapsed": 4.719338, "delta": 0.096877}}
{"target": 0.003016160167084119, "params": {"0": -1.4572902373068228, "1": -2.334652195535825, "2": -1.842223607885323, "3": -0.0024949759266839067, "4": 1.3715140078475772, "5": -1.750833369547251, "6": -1.5117986497366156, "7": 2.110031249618202}, "datetime": {"datetime": "2021-06-29 20:14:06", "elapsed": 4.864168, "delta": 0.14483}}
{"target": 0.004153535549890156, "params": {"0": -0.5049076903948357, "1": 0.7001104029314171, "2": -1.5980031645644996, "3": -2.3881964434452154, "4": 0.0951421018111791, "5": -0.1371540777013056, "6": -2.0839701354410205, "7": 0.7308373904424927}, "datetime": {"datetime": "2021-06-29 20:14:06", "elapsed": 4.958908, "delta": 0.09474}}
{"target": 0.0038397832820008058, "params": {"0": 0.26406071288362876, "1": 0.924824081824466, "2": -2.132726759252041, "3": 1.5091669028114634, "4": -1.6677051612004639, "5": 0.11611094619619777, "6": 1.7117761693297133, "7": -2.866017432049163}, "datetime": {"datetime": "2021-06-29 20:14:06", "elapsed": 5.054608, "delta": 0.0957}}
{"target": 0.004386434502561003, "params": {"0": -1.053825241642881, "1": 2.2375342584006663, "2": 2.0682576456124178, "3": 0.23064355556726213, "4": 2.199649644999078, "5": 2.6988359481217596, "6": 1.958441985776048, "7": 2.124692663019232}, "datetime": {"datetime": "2021-06-29 20:14:06", "elapsed": 5.163644, "delta": 0.109036}}
{"target": 0.006192811564695741, "params": {"0": -2.40753958907791, "1": 0.9078259940459463, "2": 1.2211019289159175, "3": 0.661444875879778, "4": 1.797691570416168, "5": -2.7925726807701947, "6": 1.6214324073298796, "7": 1.3903716044371617}, "datetime": {"datetime": "2021-06-29 20:14:06", "elapsed": 5.472724, "delta": 0.30908}}
{"target": 0.003662500004214969, "params": {"0": -1.4418096402098814, "1": -1.4575842070671199, "2": 0.7938199045807668, "3": -0.9282152304535107, "4": 1.779532068043725, "5": -0.3231226079792564, "6": 1.6964964887050318, "7": 2.942830701743044}, "datetime": {"datetime": "2021-06-29 20:14:06", "elapsed": 5.609224, "delta": 0.1365}}
{"target": 0.003020008275985484, "params": {"0": -1.1985099627965996, "1": -2.141965030451404, "2": 2.407850618095643, "3": 0.24935627332423937, "4": 2.8484422251304933, "5": 0.8196264000113835, "6": 2.9634781476628733, "7": 0.2764248248577097}, "datetime": {"datetime": "2021-06-29 20:14:07", "elapsed": 5.744751, "delta": 0.135527}}
{"target": 0.005701344087068371, "params": {"0": 0.1585556034331277, "1": -2.1874325815669806, "2": -0.8657689740967136, "3": -2.8426885962217603, "4": -2.0376289228821056, "5": 1.4738231562449764, "6": -2.817601860427267, "7": -0.8007414165375337}, "datetime": {"datetime": "2021-06-29 20:14:07", "elapsed": 5.843434, "delta": 0.098683}}
{"target": 0.0033505834477696975, "params": {"0": 2.1740775170282642, "1": 1.156066305044126, "2": 1.1456528523970118, "3": -1.8681791942681347, "4": -0.3485743155094596, "5": 0.4894644440657472, "6": 2.938510245982231, "7": -1.776562648601269}, "datetime": {"datetime": "2021-06-29 20:14:07", "elapsed": 5.972391, "delta": 0.128957}}
{"target": 0.0035355194844071233, "params": {"0": -1.513602589425871, "1": -1.4269614973625284, "2": 1.5010344797879567, "3": -0.25814803538584297, "4": -2.65842336953343, "5": 0.05109744366143776, "6": -1.7282390121379443, "7": 1.7916254685612607}, "datetime": {"datetime": "2021-06-29 20:14:07", "elapsed": 6.080233, "delta": 0.107842}}
{"target": 0.0035146172421330183, "params": {"0": -1.2160117109563666, "1": -2.8343639282729782, "2": 0.5605946967877262, "3": 2.0630425735871327, "4": -0.7139032556267146, "5": 1.4991498643568608, "6": 0.06684886978276916, "7": 0.24571082977313186}, "datetime": {"datetime": "2021-06-29 20:14:07", "elapsed": 6.216188, "delta": 0.135955}}
{"target": 0.002995903085927524, "params": {"0": 2.756605926370515, "1": 1.8237653489918806, "2": -2.8060616002585563, "3": 1.256323507387771, "4": -0.20999111061896336, "5": 2.6852936483705987, "6": -1.6714035940590701, "7": -1.3975678818938053}, "datetime": {"datetime": "2021-06-29 20:14:07", "elapsed": 6.305965, "delta": 0.089777}}
{"target": 0.003059969814322185, "params": {"0": -2.511156210736428, "1": -0.428287028017281, "2": -2.3458874158855902, "3": 0.8027205636715071, "4": 1.8177794242424277, "5": 1.180802976721071, "6": 1.5972682864546233, "7": -0.9452752809388811}, "datetime": {"datetime": "2021-06-29 20:14:07", "elapsed": 6.430216, "delta": 0.124251}}
{"target": 0.0033209951659909412, "params": {"0": 2.075108898166066, "1": -0.42738735000334493, "2": 1.9440592224739124, "3": 0.7589769517457627, "4": -2.1394617079785307, "5": -2.5296786008703123, "6": -2.8900041425219563, "7": -2.599650014163861}, "datetime": {"datetime": "2021-06-29 20:14:08", "elapsed": 6.685625, "delta": 0.255409}}
{"target": 0.0048783728943964134, "params": {"0": -0.24849711774940886, "1": -2.319948463394457, "2": -2.83329990690798, "3": 1.529168888342804, "4": -0.6308971172361635, "5": 1.4816309736451512, "6": -0.2855710395212907, "7": -0.29947951799543304}, "datetime": {"datetime": "2021-06-29 20:14:08", "elapsed": 6.807428, "delta": 0.121803}}
{"target": 0.006543344786812108, "params": {"0": -0.13156495969301396, "1": -0.1559764406268358, "2": 1.818980052685018, "3": -0.585644880853585, "4": 2.428116962061738, "5": -2.777633712275785, "6": 1.6432460563225124, "7": -2.246151713173567}, "datetime": {"datetime": "2021-06-29 20:14:08", "elapsed": 6.908516, "delta": 0.101088}}
{"target": 0.0029309879928259893, "params": {"0": 0.7110814014725131, "1": -2.9378144319886084, "2": 0.23176369545808173, "3": -2.9818922602824216, "4": 2.7071627129412272, "5": 2.4324122022166685, "6": 1.775801651653616, "7": 2.4916459194887253}, "datetime": {"datetime": "2021-06-29 20:14:08", "elapsed": 7.016612, "delta": 0.108096}}
{"target": 0.00453690766098794, "params": {"0": -2.126650613049618, "1": -2.0536195807768003, "2": -1.874209962585396, "3": 0.7349754137995266, "4": 2.4348569760498115, "5": 2.9397310701544423, "6": 1.2667347525948953, "7": 1.3908024548537714}, "datetime": {"datetime": "2021-06-29 20:14:08", "elapsed": 7.125693, "delta": 0.109081}}
{"target": 0.0033180633050388015, "params": {"0": 2.455759227265527, "1": -0.5947576057732746, "2": -1.5008959186497794, "3": -1.9594189752772628, "4": -2.283257697997626, "5": 1.8756635281969718, "6": -2.119245759496541, "7": -1.414215103638596}, "datetime": {"datetime": "2021-06-29 20:14:08", "elapsed": 7.244011, "delta": 0.118318}}
{"target": 0.003779049882806155, "params": {"0": 1.9145350718011844, "1": -1.13647648923474, "2": 2.8945046957576572, "3": -1.4001677870901887, "4": 0.20192006982726873, "5": -1.1131979328849022, "6": 2.4646369870430247, "7": -0.8006601368925934}, "datetime": {"datetime": "2021-06-29 20:14:08", "elapsed": 7.33478, "delta": 0.090769}}
{"target": 0.002961809500011857, "params": {"0": -0.3984460363610127, "1": 0.07375615367016852, "2": 2.63331886421828, "3": -2.814305962373096, "4": 1.3012719817901353, "5": 2.3461137257540337, "6": -2.836276658895187, "7": 0.13230748351506438}, "datetime": {"datetime": "2021-06-29 20:14:08", "elapsed": 7.430809, "delta": 0.096029}}
{"target": 0.003120986849916488, "params": {"0": -1.0440611293798483, "1": 2.1569359251935154, "2": 0.35109930553510704, "3": 1.1413672089764866, "4": -0.2828790002907753, "5": 0.7698542251281428, "6": -1.259418889875445, "7": -2.943908532200905}, "datetime": {"datetime": "2021-06-29 20:14:08", "elapsed": 7.546847, "delta": 0.116038}}
{"target": 0.005686418707048264, "params": {"0": 0.4605356099225446, "1": -1.131334715205223, "2": 0.10360559100677857, "3": 2.4984351183233864, "4": -0.44115126899162416, "5": -1.5156237803856876, "6": -0.7722374323256735, "7": 2.5911666998192437}, "datetime": {"datetime": "2021-06-29 20:14:09", "elapsed": 7.815453, "delta": 0.268606}}
{"target": 0.0033571932198899366, "params": {"0": 2.621210287854562, "1": 2.065979691394279, "2": 2.5212390858339626, "3": -1.6325982602920983, "4": -2.475106742678455, "5": -1.6361415822918675, "6": -1.1137403033156974, "7": -1.9514047418621305}, "datetime": {"datetime": "2021-06-29 20:14:09", "elapsed": 7.924083, "delta": 0.10863}}
{"target": 0.0032319969755364294, "params": {"0": 0.642564971834763, "1": -0.5184815099930322, "2": 1.8981090709632849, "3": -1.889217610385816, "4": 1.2112591785378628, "5": -1.5578662509051668, "6": 0.445314533045158, "7": -0.906074416675267}, "datetime": {"datetime": "2021-06-29 20:14:09", "elapsed": 8.018324, "delta": 0.094241}}
{"target": 0.004196017649173491, "params": {"0": -2.658213603103004, "1": -1.6271179742377448, "2": 0.9846153321287607, "3": -0.016499439836812346, "4": 0.11409590444207263, "5": -1.951679099346465, "6": 0.424295109277538, "7": 2.98052055124926}, "datetime": {"datetime": "2021-06-29 20:14:09", "elapsed": 8.113728, "delta": 0.095404}}
