{"target": 0.0035317851316129076, "params": {"0": 0.2876199325190587, "1": 0.6493666585804339, "2": -0.872406837688017, "3": 0.844953590289788, "4": -1.7986110398352237, "5": 1.0953014478159178, "6": 0.8372726232401329, "7": 2.059775313724206}, "datetime": {"datetime": "2021-06-29 23:00:00", "elapsed": 9959.322488, "delta": 17.407326}}
{"target": 0.004370978687257329, "params": {"0": -2.740670761652771, "1": 1.3300893041080837, "2": -2.800478670771013, "3": -1.0894019030549889, "4": 0.15781942262729398, "5": -2.022070554000716, "6": 0.10525679534357923, "7": 1.129112140101542}, "datetime": {"datetime": "2021-06-29 23:00:27", "elapsed": 9986.401197, "delta": 27.078709}}
{"target": 0.002865468831283477, "params": {"0": -1.8157974059212134, "1": 2.8466160185573663, "2": -0.1614993438087211, "3": 1.1506621664270344, "4": 1.9650639354992512, "5": -1.9789184970395033, "6": -2.2817143186693434, "7": -0.00870230543746775}, "datetime": {"datetime": "2021-06-29 23:00:50", "elapsed": 10009.628438, "delta": 23.227241}}
{"target": 0.003233479671399112, "params": {"0": -1.7250261922642727, "1": 0.17228674378140596, "2": -0.6778156937677067, "3": 1.1033836614900974, "4": -0.8812597300547051, "5": -0.5931657736575131, "6": -0.2627068284880911, "7": 0.8957531979455471}, "datetime": {"datetime": "2021-06-29 23:01:23", "elapsed": 10042.418536, "delta": 32.790098}}
{"target": 0.003943800990742606, "params": {"0": 1.9671960053600266, "1": 2.834316975593696, "2": -1.0847889701429827, "3": 1.1013614810827734, "4": -1.5075570374045706, "5": -1.7333540673859333, "6": 1.7991317405608207, "7": 2.5716683635951325}, "datetime": {"datetime": "2021-06-29 23:01:43", "elapsed": 10062.417203, "delta": 19.998667}}
{"target": 0.0030676921116118863, "params": {"0": 0.07579528223615606, "1": 0.4851074594455502, "2": 2.8712726710255563, "3": -2.7830251739202017, "4": 0.2358962879969404, "5": -0.39003883941439366, "6": 1.990541465125749, "7": -2.479645085063728}, "datetime": {"datetime": "2021-06-29 23:02:06", "elapsed": 10085.131564, "delta": 22.714361}}
{"target": 0.00296183352584572, "params": {"0": -2.110787350194789, "1": 0.9259334633022842, "2": 0.7636677765962956, "3": -2.3127443597561514, "4": -0.08206354531660054, "5": -0.18295144188695334, "6": 2.293613087485583, "7": 2.846948457768547}, "datetime": {"datetime": "2021-06-29 23:02:25", "elapsed": 10104.968627, "delta": 19.837063}}
{"target": 0.0033660149175110394, "params": {"0": 1.4005027586035528, "1": 0.01263819710898062, "2": 1.4495853578907427, "3": -1.772082193117189, "4": 1.8358253310293868, "5": 1.9547011359160145, "6": -0.3411858625257911, "7": -0.9480770787019424}, "datetime": {"datetime": "2021-06-29 23:02:43", "elapsed": 10122.817538, "delta": 17.848911}}
{"target": 0.0032231406726842384, "params": {"0": -1.6820880255906219, "1": -0.047336907592368416, "2": -1.7185789063860504, "3": -1.2320923589153505, "4": 1.6805342976775552, "5": -1.1143889509357836, "6": 0.680884422628746, "7": -1.3787720957427552}, "datetime": {"datetime": "2021-06-29 23:03:16", "elapsed": 10155.505725, "delta": 32.688187}}
{"target": 0.010255559903307563, "params": {"0": -1.9281112196903463, "1": 0.5776615602943727, "2": -1.2987390069052913, "3": -0.18003666378090255, "4": 1.7772054256274492, "5": 1.1479709226738084, "6": 1.4112610810007489, "7": -2.8296358680673155}, "datetime": {"datetime": "2021-06-29 23:03:43", "elapsed": 10182.239029, "delta": 26.733304}}
{"target": 0.0030935141082621726, "params": {"0": 0.2599517188878959, "1": 1.4213928033949967, "2": -1.622184354160496, "3": -2.4699203604191258, "4": -0.5354535453868383, "5": 1.2240325770176232, "6": 1.3107931293070907, "7": 1.4931918338134942}, "datetime": {"datetime": "2021-06-29 23:04:13", "elapsed": 10212.391864, "delta": 30.152835}}
{"target": 0.0033236576041953806, "params": {"0": 2.494233176504606, "1": -1.012455067589554, "2": -0.7524632831648015, "3": -0.8954652439491184, "4": -0.33767013319386674, "5": 2.5874045254436915, "6": 1.975556931494669, "7": -1.1527688708083472}, "datetime": {"datetime": "2021-06-29 23:04:38", "elapsed": 10237.108113, "delta": 24.716249}}
{"target": 0.007716780213698769, "params": {"0": 2.7484689545487218, "1": 2.474395181377366, "2": 1.5170200560503044, "3": -0.6885797955393635, "4": -1.7797961028973652, "5": -1.3348105208222276, "6": 0.49470005462503597, "7": 0.6507728041734708}, "datetime": {"datetime": "2021-06-29 23:05:11", "elapsed": 10270.354043, "delta": 33.24593}}
{"target": 0.004913818657716102, "params": {"0": -2.7729495167737896, "1": 1.4524248405991669, "2": 0.518008746013952, "3": 1.9366886162626642, "4": -0.25879574090386104, "5": -2.955204744275536, "6": -2.831358811564394, "7": -1.2401944734379513}, "datetime": {"datetime": "2021-06-29 23:05:44", "elapsed": 10303.486116, "delta": 33.132073}}
{"target": 0.012164730069429655, "params": {"0": -2.2819926351902864, "1": 1.0501891826976149, "2": -0.9366122660019429, "3": -1.290900410075861, "4": 1.064895185129286, "5": -1.4424398855368263, "6": 1.7900189385092276, "7": 1.6349377716925542}, "datetime": {"datetime": "2021-06-29 23:06:13", "elapsed": 10332.233115, "delta": 28.746999}}
{"target": 0.003148029541463587, "params": {"0": 2.8089889900527343, "1": -2.784274789998186, "2": -0.6667109999210821, "3": -2.387402548590217, "4": 2.6483981874308578, "5": -0.03664569750765079, "6": -0.2527358950201384, "7": -2.6750186735829584}, "datetime": {"datetime": "2021-06-29 23:06:42", "elapsed": 10361.122097, "delta": 28.888982}}
{"target": 0.002986361603041924, "params": {"0": 1.9854689265642325, "1": 2.738609941340356, "2": -1.6646281902358528, "3": -2.1954499049768987, "4": 0.14026808085476716, "5": 0.5760587934885422, "6": -0.8381526644026924, "7": -2.4521273933905334}, "datetime": {"datetime": "2021-06-29 23:07:15", "elapsed": 10394.812795, "delta": 33.690698}}
{"target": 0.004006407621809467, "params": {"0": -0.35125926444721856, "1": 1.2743802430815263, "2": 2.4253907037371407, "3": 2.8261006043193477, "4": -0.7763176547669524, "5": -2.445001316427417, "6": -2.5796237139734712, "7": 0.2082488973531409}, "datetime": {"datetime": "2021-06-29 23:07:44", "elapsed": 10423.353135, "delta": 28.54034}}
{"target": 0.002942113045570115, "params": {"0": -2.736741634565955, "1": -0.5547973862439131, "2": 1.0159379224560343, "3": -1.808487486911538, "4": -1.0549507373523952, "5": 0.9598150295650894, "6": 0.3865299092681598, "7": -2.5559069724375947}, "datetime": {"datetime": "2021-06-29 23:08:04", "elapsed": 10443.682388, "delta": 20.329253}}
{"target": 0.0028343005181397933, "params": {"0": -1.00079025805133, "1": 2.34523299285783, "2": -1.272586528577395, "3": 2.2004498127231376, "4": 2.7982296724050117, "5": -2.0652247140768782, "6": 2.3754422406101448, "7": -0.8084402088501745}, "datetime": {"datetime": "2021-06-29 23:08:26", "elapsed": 10465.774646, "delta": 22.092258}}
{"target": 0.0062805796279141995, "params": {"0": -0.8159532051912759, "1": 0.9446820912614684, "2": -1.133366153983794, "3": -2.433700103361775, "4": -1.7861579509066985, "5": -2.452242990151606, "6": -2.5584334045373387, "7": -1.7578228062573862}, "datetime": {"datetime": "2021-06-29 23:08:49", "elapsed": 10488.458552, "delta": 22.683906}}
{"target": 0.003016648042869975, "params": {"0": -2.490709262154639, "1": 2.32889919515536, "2": 1.7746248808153915, "3": -0.32738419854274525, "4": 1.9967512495083, "5": -1.7134699579191375, "6": -2.707845213901683, "7": -2.610116470631323}, "datetime": {"datetime": "2021-06-29 23:09:10", "elapsed": 10509.088638, "delta": 20.630086}}
{"target": 0.0029881555755224827, "params": {"0": 0.8546953785686586, "1": -0.041115244157828634, "2": -1.985089791946869, "3": 2.422659992158673, "4": 1.680254230046284, "5": 2.36050923331546, "6": 2.36168654509438, "7": -1.5799695681230055}, "datetime": {"datetime": "2021-06-29 23:09:33", "elapsed": 10532.731682, "delta": 23.643044}}
{"target": 0.0032031853493586565, "params": {"0": -0.7204578999642361, "1": 1.4148524746844142, "2": -1.2223171375439832, "3": -2.2410203107738798, "4": 2.7866090693836156, "5": 1.2674452895502277, "6": -1.215377505903851, "7": -2.778026515590187}, "datetime": {"datetime": "2021-06-29 23:09:58", "elapsed": 10557.364616, "delta": 24.632934}}
{"target": 0.0029647173038814282, "params": {"0": 2.059530229876553, "1": 2.0402296269605857, "2": 2.831408833095894, "3": 2.3654776520387406, "4": 1.2556053740418012, "5": 2.20841538882203, "6": -2.960595395660963, "7": -1.5875746528715236}, "datetime": {"datetime": "2021-06-29 23:10:18", "elapsed": 10577.637336, "delta": 20.27272}}
{"target": 0.004171590175852578, "params": {"0": -2.1641566074530063, "1": -1.3125245280822926, "2": -1.5609195655889117, "3": -1.7518277207604054, "4": -0.059655094472507386, "5": 2.582462276193251, "6": -1.3099857320311792, "7": -1.3329873569426114}, "datetime": {"datetime": "2021-06-29 23:10:42", "elapsed": 10601.882675, "delta": 24.245339}}
{"target": 0.0031584909982365177, "params": {"0": -2.9422402158644982, "1": 1.925185258873488, "2": 1.3144442683294386, "3": -2.092227142259733, "4": -2.314609176782138, "5": -0.5758954219330037, "6": -0.9917422848558353, "7": -2.9113138858836196}, "datetime": {"datetime": "2021-06-29 23:11:00", "elapsed": 10619.097217, "delta": 17.214542}}
{"target": 0.0032032824777670737, "params": {"0": 0.9463374650021943, "1": -0.10105496872963471, "2": -0.855885352395628, "3": -1.30823368836523, "4": 0.8258038225083961, "5": -1.984941667627934, "6": -1.7560067301608258, "7": -1.9879743055870496}, "datetime": {"datetime": "2021-06-29 23:11:22", "elapsed": 10642.010329, "delta": 22.913112}}
{"target": 0.0033063826465649705, "params": {"0": 2.2567934506385123, "1": 2.8488417181053016, "2": -1.2994195721293107, "3": -1.1056030402042039, "4": 1.1811669464965036, "5": -1.37074150087267, "6": 1.4744174663229117, "7": 0.22311396286325502}, "datetime": {"datetime": "2021-06-29 23:11:48", "elapsed": 10667.474154, "delta": 25.463825}}
{"target": 0.00327627377357091, "params": {"0": 0.31329070063895337, "1": -1.4133711757296976, "2": 2.5269818043789787, "3": -1.5725430308188568, "4": -0.6483606609845802, "5": 0.2018408871309436, "6": -0.7097464241437015, "7": 0.34273634789175134}, "datetime": {"datetime": "2021-06-29 23:12:16", "elapsed": 10695.239827, "delta": 27.765673}}
{"target": 0.0032540098076648157, "params": {"0": -0.9182063940660772, "1": -0.6021033577148716, "2": -1.5454872598623568, "3": 0.14055274173745191, "4": -1.5492783429313595, "5": -1.453873402943695, "6": -2.0267348954235014, "7": 2.368280043533085}, "datetime": {"datetime": "2021-06-29 23:12:51", "elapsed": 10730.236431, "delta": 34.996604}}
{"target": 0.003769039414562741, "params": {"0": 1.04966158599108, "1": -0.6399502817241651, "2": 1.4013758203100544, "3": -0.6303922823822026, "4": -0.19179946134294834, "5": -0.18680460826068446, "6": -0.5686655826302935, "7": 2.398821939442718}, "datetime": {"datetime": "2021-06-29 23:13:28", "elapsed": 10767.987523, "delta": 37.751092}}
{"target": 0.003341056304121184, "params": {"0": -0.24984355616209974, "1": -2.407179002763936, "2": 0.8126945216388957, "3": -2.6031545102215414, "4": -2.155841355239609, "5": -2.227393210132451, "6": 0.6930493776065036, "7": 1.887900116184154}, "datetime": {"datetime": "2021-06-29 23:14:41", "elapsed": 10840.109781, "delta": 72.122258}}
{"target": 0.005095629414834665, "params": {"0": -2.834609412164241, "1": -0.858476454886683, "2": 0.3859171646954227, "3": -1.0232063479315436, "4": -2.2820759558583266, "5": 1.7692482519717343, "6": 1.0166483714985874, "7": 0.16130036205428144}, "datetime": {"datetime": "2021-06-29 23:15:05", "elapsed": 10864.751914, "delta": 24.642133}}
{"target": 0.0053516373514583505, "params": {"0": -2.1817189546627236, "1": 1.1863991821414634, "2": 0.6065589204269992, "3": 1.676776831513438, "4": -1.3305163897991419, "5": 1.9935691818155616, "6": -2.4710880327790274, "7": 0.15973813275983773}, "datetime": {"datetime": "2021-06-29 23:15:35", "elapsed": 10894.216131, "delta": 29.464217}}
{"target": 0.0030225575724082587, "params": {"0": 1.319871903082034, "1": 1.145283600606323, "2": -0.0932846503071918, "3": -0.8808047181032737, "4": 2.335367402120614, "5": 2.0059334772045307, "6": 0.4425223816553503, "7": -2.775465249281819}, "datetime": {"datetime": "2021-06-29 23:15:52", "elapsed": 10911.228934, "delta": 17.012803}}
{"target": 0.00288825522524214, "params": {"0": 2.645392841542801, "1": 1.9230583878513814, "2": -2.184514112924579, "3": 2.6197130967294324, "4": 1.5667233156111644, "5": -0.0006777888368705298, "6": 1.0815704935356685, "7": 2.6359645322373764}, "datetime": {"datetime": "2021-06-29 23:16:11", "elapsed": 10930.245648, "delta": 19.016714}}
{"target": 0.003978076353594232, "params": {"0": 1.7150215282414312, "1": -1.3184557663781853, "2": -2.8452912388802893, "3": 2.2359017470452756, "4": 2.1073075132530112, "5": 0.30384176320413214, "6": -2.743528955503641, "7": 0.5087765769244532}, "datetime": {"datetime": "2021-06-29 23:16:34", "elapsed": 10953.399297, "delta": 23.153649}}
{"target": 0.003045546557460399, "params": {"0": 1.1325145663680685, "1": 1.911827103617589, "2": 0.36380566124174996, "3": 2.078410039519044, "4": 0.8557439319390427, "5": -0.030303907295870403, "6": -1.6525164237421968, "7": -0.0814001011396579}, "datetime": {"datetime": "2021-06-29 23:17:00", "elapsed": 10979.557075, "delta": 26.157778}}
{"target": 0.002902608662758983, "params": {"0": -1.7311680300453696, "1": -2.489635870096764, "2": 1.5434330734457138, "3": 2.648722049913898, "4": 2.3787888543465465, "5": -0.5637379026156815, "6": 0.3524711253212711, "7": -0.2670138209525188}, "datetime": {"datetime": "2021-06-29 23:17:22", "elapsed": 11001.402092, "delta": 21.845017}}
{"target": 0.004924622908767353, "params": {"0": 0.020162371985320338, "1": 0.20114272753901652, "2": 1.596562249209013, "3": 2.339701490208821, "4": -2.878267166301638, "5": -1.2873096075195773, "6": 2.8050346440805836, "7": -2.4465275828736135}, "datetime": {"datetime": "2021-06-29 23:17:45", "elapsed": 11024.690261, "delta": 23.288169}}
{"target": 0.03432077454312631, "params": {"0": 1.751775023751688, "1": 2.142281653119248, "2": 1.406305994476961, "3": -2.4049964548515073, "4": 0.13390402545092606, "5": 0.08830856107809737, "6": -0.8009615271794619, "7": -0.48476259990603543}, "datetime": {"datetime": "2021-06-29 23:18:10", "elapsed": 11049.261585, "delta": 24.571324}}
{"target": 0.003173295241585951, "params": {"0": -1.3488335177921218, "1": -2.4292384847311057, "2": -2.723356761049353, "3": -1.7094589020795767, "4": 0.9469068515366628, "5": 0.4467712079366928, "6": -2.8826349050876745, "7": -1.8757973002199997}, "datetime": {"datetime": "2021-06-29 23:19:04", "elapsed": 11103.961999, "delta": 54.700414}}
{"target": 0.0031918621169164108, "params": {"0": 1.3775397855063964, "1": 2.1944006128113696, "2": -1.8807831711648513, "3": -1.8406711080943086, "4": -1.3927891972633746, "5": 2.6187702346532262, "6": 0.4940409416756282, "7": -2.2523852417578993}, "datetime": {"datetime": "2021-06-29 23:19:28", "elapsed": 11127.24584, "delta": 23.283841}}
{"target": 0.0030458206937871626, "params": {"0": -1.3880881552702653, "1": -0.6710617441191253, "2": 1.7232347501752328, "3": 2.3363950239087954, "4": 2.362206928805964, "5": -2.315316766684015, "6": 0.47714817203440596, "7": -2.0719848217153944}, "datetime": {"datetime": "2021-06-29 23:19:42", "elapsed": 11141.193869, "delta": 13.948029}}
{"target": 0.003374941801522961, "params": {"0": 0.9170219919340443, "1": 1.7531209035481332, "2": 1.2038556565034142, "3": -1.415434318644828, "4": -0.5349843876766185, "5": 2.8199497358033225, "6": 0.7849883190445777, "7": -2.635788342408751}, "datetime": {"datetime": "2021-06-29 23:20:03", "elapsed": 11162.804034, "delta": 21.610165}}
{"target": 0.003201419870508956, "params": {"0": 2.09096271657555, "1": -1.4969642650294963, "2": -1.4394726902609891, "3": -2.2366054557960533, "4": -2.546460850712732, "5": -1.4384927380140609, "6": 2.3748044547242415, "7": 0.25248430113334575}, "datetime": {"datetime": "2021-06-29 23:20:40", "elapsed": 11199.483948, "delta": 36.679914}}
{"target": 0.005943979892135027, "params": {"0": -2.257404304591933, "1": 0.4948064277084283, "2": 0.9767935445573332, "3": 1.1986458833674343, "4": -1.6052534780010639, "5": 1.7428528280162716, "6": 0.07631239821790992, "7": -1.07438366649036}, "datetime": {"datetime": "2021-06-29 23:20:58", "elapsed": 11217.93712, "delta": 18.453172}}
{"target": 0.008606367371184918, "params": {"0": 1.0982117006537884, "1": 1.4235003643582242, "2": 1.8669832802084878, "3": -1.0207114375130395, "4": -1.3609244335765114, "5": -0.8798811159057092, "6": -0.27988837092703367, "7": 1.8502851130663842}, "datetime": {"datetime": "2021-06-29 23:21:21", "elapsed": 11240.998789, "delta": 23.061669}}
{"target": 0.005031107696273907, "params": {"0": 1.1092676529161238, "1": -2.0806612607379997, "2": 1.9783819341768618, "3": 2.830069724178883, "4": -2.2187439298042673, "5": 1.8058656432217548, "6": 1.1454116840073185, "7": -1.7916489701178406}, "datetime": {"datetime": "2021-06-29 23:21:41", "elapsed": 11260.8005, "delta": 19.801711}}
{"target": 0.007716596006973366, "params": {"0": 2.1103967068594276, "1": -0.6511498648925951, "2": 0.1330026792920629, "3": -1.2221616275719696, "4": -1.173276516527075, "5": -0.8612623894177087, "6": 2.288891988578314, "7": -0.3933548322312985}, "datetime": {"datetime": "2021-06-29 23:21:56", "elapsed": 11276.006423, "delta": 15.205923}}
{"target": 0.004801406797925774, "params": {"0": -0.6052571661455692, "1": -1.235670587652824, "2": -0.22896339197425775, "3": -0.2918007846964974, "4": -2.540101986952098, "5": 0.3124097788057294, "6": 0.09070234059484061, "7": 2.3849724067648914}, "datetime": {"datetime": "2021-06-29 23:22:22", "elapsed": 11301.324685, "delta": 25.318262}}
{"target": 0.003032805500273166, "params": {"0": -1.9606102952819062, "1": -2.157543052022292, "2": -0.20906794907281068, "3": -2.7026852665211605, "4": -1.176766184326417, "5": 0.20835291854821225, "6": 1.1617268497044035, "7": 2.508696722388672}, "datetime": {"datetime": "2021-06-29 23:22:43", "elapsed": 11322.106769, "delta": 20.782084}}
{"target": 0.004599447820282663, "params": {"0": 1.4581252287013315, "1": -1.7964712727533672, "2": 1.9323723643400363, "3": -0.8973428826532377, "4": 0.4502219463700978, "5": -2.6270047075381884, "6": 0.7344496525412598, "7": -0.272776485208305}, "datetime": {"datetime": "2021-06-29 23:23:02", "elapsed": 11341.975678, "delta": 19.868909}}
{"target": 0.005188385891492275, "params": {"0": -1.2759536209345685, "1": -1.6899406762580949, "2": 2.1354222951707955, "3": 1.1597246135341681, "4": 2.2074087688377144, "5": 0.23767696885107803, "6": 1.8297253321729414, "7": 2.06624483617534}, "datetime": {"datetime": "2021-06-29 23:23:17", "elapsed": 11357.033864, "delta": 15.058186}}
{"target": 0.0033817630452041203, "params": {"0": 0.12452641660436958, "1": -1.6109667277708546, "2": -2.3298248482954924, "3": -0.7172037331114538, "4": -1.5523013365298097, "5": -0.21936832629865055, "6": -2.8035092373414408, "7": -1.0432443788554275}, "datetime": {"datetime": "2021-06-29 23:23:30", "elapsed": 11369.808187, "delta": 12.774323}}
{"target": 0.003321494752980853, "params": {"0": 2.854258817625688, "1": -1.1626468241644123, "2": 1.0316274193168695, "3": -2.9351671232961927, "4": -2.52226465554593, "5": -2.1765767357992205, "6": 1.1130754954852744, "7": -2.265827208517318}, "datetime": {"datetime": "2021-06-29 23:23:46", "elapsed": 11385.070376, "delta": 15.262189}}
{"target": 0.004411136384555253, "params": {"0": 1.5369157606934039, "1": -1.9674255927769329, "2": -0.4836196459471367, "3": -1.2097095157106115, "4": -1.2505479963576858, "5": -2.639866333923238, "6": -0.36399243721881636, "7": -2.5521952047061625}, "datetime": {"datetime": "2021-06-29 23:23:59", "elapsed": 11398.754371, "delta": 13.683995}}
{"target": 0.003418371171845534, "params": {"0": -1.1197077618190288, "1": 1.9800472015225594, "2": -2.7236113976240555, "3": 2.258837482738631, "4": -0.554602958710916, "5": -2.1390989011545622, "6": -1.0001939638988941, "7": -1.8136482718752571}, "datetime": {"datetime": "2021-06-29 23:24:16", "elapsed": 11415.120911, "delta": 16.36654}}
{"target": 0.0034868466693969273, "params": {"0": 2.9565413620141117, "1": 0.10341284284145891, "2": -2.137385844922635, "3": 2.9636247450318285, "4": 2.9395869425326273, "5": 0.9918835095460992, "6": 2.5402997201389894, "7": -2.4838718494360337}, "datetime": {"datetime": "2021-06-29 23:24:31", "elapsed": 11430.630408, "delta": 15.509497}}
{"target": 0.003056819779418023, "params": {"0": 2.81313837982798, "1": 2.7923431455027616, "2": 1.4107779704141423, "3": 1.4097202726008025, "4": -2.4864202057521414, "5": 2.4420849743875994, "6": 1.4504061294606494, "7": -0.7441228637925974}, "datetime": {"datetime": "2021-06-29 23:24:47", "elapsed": 11446.457342, "delta": 15.826934}}
{"target": 0.0028830877827591378, "params": {"0": -0.24905775237948857, "1": -2.115869839703883, "2": 2.6571953278709124, "3": 0.95914086661847, "4": 1.7215976248501805, "5": 1.732141454889244, "6": 2.2117805477988792, "7": -1.1671302948695796}, "datetime": {"datetime": "2021-06-29 23:25:36", "elapsed": 11495.499265, "delta": 49.041923}}
{"target": 0.003045919736147353, "params": {"0": -2.21764782125556, "1": -1.8608370155267986, "2": 1.9848089786132395, "3": -1.884549140184687, "4": 1.162497313134164, "5": 2.7877977504940654, "6": 2.6928323595043144, "7": -0.5589144613232069}, "datetime": {"datetime": "2021-06-29 23:26:01", "elapsed": 11520.095795, "delta": 24.59653}}
{"target": 0.0030919356428157642, "params": {"0": 1.5584462901491838, "1": 2.4706672673122663, "2": 0.3645211275954754, "3": 2.5146511718837594, "4": -2.7342299502945373, "5": 2.4021484114427416, "6": -1.7660459724954152, "7": 2.8076613023497927}, "datetime": {"datetime": "2021-06-29 23:26:23", "elapsed": 11542.052424, "delta": 21.956629}}
