{"target": 0.0033021987528316804, "params": {"0": 0.7911430247504918, "1": -1.826379985812472, "2": 0.16306713236553083, "3": -0.17447253213591374, "4": -0.5259634158660931, "5": -0.0719015655523334, "6": 0.46680600651117743, "7": -0.03961573931620688}, "datetime": {"datetime": "2021-06-29 15:21:06", "elapsed": 187.927848, "delta": 1.624014}}
{"target": 0.0030377285587674, "params": {"0": -2.056743201728523, "1": -0.6231414357039466, "2": -0.04346513924111628, "3": 0.918834058521262, "4": 0.299971839888832, "5": -0.12151434796256666, "6": 1.5651579790901993, "7": -1.641576921591321}, "datetime": {"datetime": "2021-06-29 15:21:09", "elapsed": 190.257474, "delta": 2.329626}}
{"target": 0.005248033540208828, "params": {"0": -0.3337754373927213, "1": -2.927103246361223, "2": 1.8050379470621936, "3": -1.661988793251116, "4": 0.8394702529131877, "5": 1.569000880573161, "6": -2.507039763928141, "7": 2.2658789869662534}, "datetime": {"datetime": "2021-06-29 15:21:11", "elapsed": 192.981415, "delta": 2.723941}}
{"target": 0.003055122313438277, "params": {"0": -0.44042295419592126, "1": 0.3469589165998732, "2": -2.9079874908875043, "3": -0.10767875073864497, "4": -2.2144809467990716, "5": 2.1990135702818883, "6": -1.1915494655874674, "7": -1.678750377030363}, "datetime": {"datetime": "2021-06-29 15:21:13", "elapsed": 194.544484, "delta": 1.563069}}
{"target": 0.004374738994321115, "params": {"0": -2.3305284982805574, "1": -1.0657751496106675, "2": 2.374005960362908, "3": -1.3415200829276803, "4": -2.53225913631982, "5": -0.6775039867351875, "6": 2.6805474564305563, "7": 1.6373814389170471}, "datetime": {"datetime": "2021-06-29 15:21:15", "elapsed": 196.453274, "delta": 1.90879}}
{"target": 0.003020487562509822, "params": {"0": -0.0215792722770356, "1": 2.7148101958052724, "2": -2.3513123655408674, "3": -1.7392411327093422, "4": -2.882884990828849, "5": 2.7041147635087954, "6": 1.3254598207514334, "7": 1.9633280612596806}, "datetime": {"datetime": "2021-06-29 15:21:18", "elapsed": 199.260032, "delta": 2.806758}}
{"target": 0.0032583199744405343, "params": {"0": -1.6597325408949903, "1": -0.9588764963180276, "2": -2.126083839161465, "3": -2.573139434559351, "4": 0.0025600096187554655, "5": 0.15835320848293888, "6": 1.5846279128419694, "7": -2.40767958446011}, "datetime": {"datetime": "2021-06-29 15:21:20", "elapsed": 201.500089, "delta": 2.240057}}
{"target": 0.004394219728645666, "params": {"0": -2.2788991351607746, "1": 2.5032865748626643, "2": 1.6718928391002832, "3": -2.6788841322458894, "4": 0.3997940234442634, "5": -2.2604330549462524, "6": -1.7207564947108231, "7": -2.677864273846758}, "datetime": {"datetime": "2021-06-29 15:21:23", "elapsed": 204.111874, "delta": 2.611785}}
{"target": 0.003056313920297648, "params": {"0": -0.05363028966156502, "1": 2.921988946016513, "2": -0.9440565016345293, "3": 2.6662282287503096, "4": 2.6108968751480672, "5": 0.20255774776005175, "6": -1.8760470324647447, "7": -1.3991390323358852}, "datetime": {"datetime": "2021-06-29 15:21:25", "elapsed": 206.101938, "delta": 1.990064}}
{"target": 0.010132860649819064, "params": {"0": 2.268941320072482, "1": 1.3457568165902112, "2": -1.6848727498947353, "3": -2.5792250687587277, "4": -1.1533059102597052, "5": -1.9406165040332135, "6": -2.194736651577654, "7": 0.6528865894230824}, "datetime": {"datetime": "2021-06-29 15:21:26", "elapsed": 207.73886, "delta": 1.636922}}
{"target": 0.003937973895196572, "params": {"0": 1.1382364539862824, "1": -2.8058628108945225, "2": 0.5680890367278222, "3": -2.9316422124713606, "4": 1.3074650326716402, "5": -1.5214763200717734, "6": 2.1007814661859685, "7": -0.606859949398399}, "datetime": {"datetime": "2021-06-29 15:21:28", "elapsed": 209.605122, "delta": 1.866262}}
{"target": 0.0031986117602075754, "params": {"0": 1.5626474542423097, "1": -0.24605510696043442, "2": 1.0788813420394856, "3": 1.6954677002130065, "4": -2.014642973468428, "5": 2.540220899491482, "6": 2.708984228562703, "7": 0.03757829807973856}, "datetime": {"datetime": "2021-06-29 15:21:30", "elapsed": 211.537562, "delta": 1.93244}}
{"target": 0.004315047578549108, "params": {"0": -1.5615784185637704, "1": -0.22180276046274905, "2": 0.8843046391810674, "3": -1.7846893794943577, "4": -0.5425422677760681, "5": 2.50248687748668, "6": 1.13848434730538, "7": -1.4809855279669788}, "datetime": {"datetime": "2021-06-29 15:21:32", "elapsed": 213.752281, "delta": 2.214719}}
{"target": 0.004938715680658608, "params": {"0": -1.3797120563769754, "1": -1.739242485200576, "2": 2.4527542664903708, "3": -0.7450309063503857, "4": -0.5173438462308724, "5": 1.9417406099380674, "6": 1.0381576254492408, "7": -2.8788701259566056}, "datetime": {"datetime": "2021-06-29 15:21:34", "elapsed": 215.1073, "delta": 1.355019}}
{"target": 0.0031953702053632133, "params": {"0": 2.7810466654744186, "1": -0.8610926242308921, "2": -1.939945384409995, "3": 2.395034416755842, "4": -2.7881202630183632, "5": -0.7710739072213331, "6": -2.1878322887546933, "7": -0.19830555258254545}, "datetime": {"datetime": "2021-06-29 15:21:36", "elapsed": 217.701775, "delta": 2.594475}}
{"target": 0.0031255085585057915, "params": {"0": 0.060412856791951075, "1": 1.1083645837520937, "2": -0.29231892645797464, "3": 1.034436708682943, "4": -0.6668422249863419, "5": 0.699566927985181, "6": -0.3408742881625031, "7": -1.2263904245846775}, "datetime": {"datetime": "2021-06-29 15:21:39", "elapsed": 220.529347, "delta": 2.827572}}
{"target": 0.004348759888054442, "params": {"0": -0.06379756798566971, "1": -0.027201723221585095, "2": -0.20754141516628266, "3": -2.8170173292694987, "4": -1.3427773371271516, "5": -1.7105427594895826, "6": -0.24252919459363564, "7": 1.8761491471601914}, "datetime": {"datetime": "2021-06-29 15:21:40", "elapsed": 221.759782, "delta": 1.230435}}
{"target": 0.002984741034588947, "params": {"0": 2.1907765471786345, "1": -0.3440182913092893, "2": -0.07064069710337817, "3": 1.6479840933097432, "4": 2.03915884899138, "5": 1.1965661742933573, "6": 1.8864004301839907, "7": -1.4293207286194993}, "datetime": {"datetime": "2021-06-29 15:21:42", "elapsed": 223.564617, "delta": 1.804835}}
{"target": 0.002887951896149431, "params": {"0": -0.3812061764795507, "1": -0.8727595015193517, "2": 0.48679822361081637, "3": 0.896618513269722, "4": 0.26191883444447184, "5": -1.0483441883494133, "6": 0.009448450671698083, "7": -0.7690011340879446}, "datetime": {"datetime": "2021-06-29 15:21:45", "elapsed": 227.00107, "delta": 3.436453}}
{"target": 0.0034992062727622363, "params": {"0": 1.7546783913698052, "1": 0.7627284369817389, "2": 2.230083885138953, "3": -1.2129276053992768, "4": 0.7253264802335329, "5": 0.8025307127756136, "6": -1.173590467657835, "7": 1.9849292148528166}, "datetime": {"datetime": "2021-06-29 15:21:47", "elapsed": 228.680177, "delta": 1.679107}}
{"target": 0.007106743124431911, "params": {"0": -2.131538470379432, "1": 0.934563876841052, "2": -2.8567517705806735, "3": 0.938684199592509, "4": -0.3549073173399879, "5": 0.4912617489975557, "6": 2.3905313595844007, "7": -2.7490199938601494}, "datetime": {"datetime": "2021-06-29 15:21:49", "elapsed": 230.709866, "delta": 2.029689}}
{"target": 0.006132327940688905, "params": {"0": 2.4302380292963184, "1": -0.44723496218860426, "2": -2.755481951027564, "3": 1.9597624325041085, "4": 1.206403256003668, "5": -0.653752993888908, "6": 0.4743358728346445, "7": -0.4726487366150489}, "datetime": {"datetime": "2021-06-29 15:21:50", "elapsed": 231.971245, "delta": 1.261379}}
{"target": 0.003040588828736464, "params": {"0": -1.8404673929201836, "1": -0.5776213661803924, "2": 2.3396448281184483, "3": 1.3737848533309478, "4": 0.4926116981035382, "5": -1.2907348207801357, "6": 2.617094641157699, "7": -2.923886244511855}, "datetime": {"datetime": "2021-06-29 15:21:52", "elapsed": 233.470691, "delta": 1.499446}}
{"target": 0.0054128599329581395, "params": {"0": -1.6615073011075447, "1": 1.0763861349005772, "2": 2.5937345861279706, "3": 2.44268932073847, "4": 1.4426999083020196, "5": -0.9948949951534356, "6": -1.5322234612824512, "7": 2.4541423821967827}, "datetime": {"datetime": "2021-06-29 15:21:56", "elapsed": 237.65877, "delta": 4.188079}}
{"target": 0.003447809810566265, "params": {"0": -0.03078067908308091, "1": -1.7806193611586834, "2": 2.9217763011220317, "3": 1.4843762973417602, "4": 2.442167645113659, "5": -1.944128360861932, "6": 0.19203857957344894, "7": 0.9753236424723863}, "datetime": {"datetime": "2021-06-29 15:21:59", "elapsed": 240.161598, "delta": 2.502828}}
{"target": 0.002925220468229987, "params": {"0": -2.874303331705332, "1": -2.5814662472888994, "2": -2.5833324663241397, "3": 1.7351602782479976, "4": 2.801859429986073, "5": -1.07196675829402, "6": 1.338411650422099, "7": 2.2706707860596547}, "datetime": {"datetime": "2021-06-29 15:22:01", "elapsed": 242.167466, "delta": 2.005868}}
{"target": 0.00319031774863142, "params": {"0": 0.859958461719871, "1": 0.030410904523476834, "2": 0.6902666337447738, "3": 0.9838792145533768, "4": 2.1315852756177733, "5": -0.6318767693612406, "6": -0.3431365562490174, "7": 2.8650478496997813}, "datetime": {"datetime": "2021-06-29 15:22:03", "elapsed": 244.369683, "delta": 2.202217}}
{"target": 0.008720229890153596, "params": {"0": -0.6357177055734446, "1": -0.4852253136412963, "2": 2.685659459593629, "3": -1.728184643829423, "4": -0.26551239932610393, "5": -2.299720728059966, "6": 1.2426347206879207, "7": -0.13720604402198955}, "datetime": {"datetime": "2021-06-29 15:22:08", "elapsed": 249.405548, "delta": 5.035865}}
{"target": 0.0070861690335027845, "params": {"0": 0.07690273011323168, "1": 0.0948874699709652, "2": -2.087646313741517, "3": -0.19203628681668317, "4": -1.2186713237751257, "5": 1.3156843386495183, "6": -0.0378555643076286, "7": 0.9428784032847646}, "datetime": {"datetime": "2021-06-29 15:22:10", "elapsed": 251.221613, "delta": 1.816065}}
{"target": 0.003919252973542226, "params": {"0": 2.236088661499924, "1": -0.21493864632546877, "2": 0.5839375384754835, "3": 1.421059205001093, "4": -2.132182641991694, "5": -0.7095190736787949, "6": 0.8566873529645198, "7": -2.6195121565492014}, "datetime": {"datetime": "2021-06-29 15:22:12", "elapsed": 253.701431, "delta": 2.479818}}
{"target": 0.0030705577231833463, "params": {"0": 0.87071780342366, "1": -2.9330300462673353, "2": -0.17604564998441408, "3": 2.813149423869743, "4": 2.384212988163436, "5": -2.636284469998271, "6": -0.3675304174835423, "7": -1.91385501755784}, "datetime": {"datetime": "2021-06-29 15:22:14", "elapsed": 255.845586, "delta": 2.144155}}
{"target": 0.0029606548803499896, "params": {"0": -2.943128259053946, "1": 1.8777044110574943, "2": 2.2610657627849955, "3": -2.6806141212050765, "4": -2.798056103330096, "5": 2.9491528111092222, "6": 2.1640973755141806, "7": -0.21305749628441184}, "datetime": {"datetime": "2021-06-29 15:22:17", "elapsed": 259.013414, "delta": 3.167828}}
{"target": 0.0030204191474063765, "params": {"0": -2.738566554579249, "1": 0.4077131929243887, "2": -1.6782906935114412, "3": -0.171301625197259, "4": -1.1560662494975897, "5": 1.3826498936078426, "6": 1.2407157453774458, "7": 1.8418776272272037}, "datetime": {"datetime": "2021-06-29 15:22:20", "elapsed": 261.758717, "delta": 2.745303}}
{"target": 0.0035423567579420177, "params": {"0": 0.983829648217335, "1": -0.6519503036548171, "2": 1.7833406081280643, "3": 0.6151829158416962, "4": 1.0694784536461635, "5": 2.5999167666980467, "6": -1.6623448314966864, "7": -2.5069734146928466}, "datetime": {"datetime": "2021-06-29 15:22:23", "elapsed": 264.16791, "delta": 2.409193}}
{"target": 0.003006941411458655, "params": {"0": -1.7003616315289682, "1": 1.9310574016413824, "2": -1.9691185943807767, "3": -2.0941445692904295, "4": -0.43548951937628777, "5": 1.8676741471682758, "6": 0.10139951790662138, "7": 1.197516508275922}, "datetime": {"datetime": "2021-06-29 15:22:24", "elapsed": 265.29138, "delta": 1.12347}}
{"target": 0.0035236941419981363, "params": {"0": -2.383960231529513, "1": -1.5373923873618434, "2": 0.9582193376021806, "3": 1.509553591398678, "4": 0.5889395017175567, "5": 0.4319300617403181, "6": 1.2221136709237896, "7": 0.2736851976308734}, "datetime": {"datetime": "2021-06-29 15:22:27", "elapsed": 268.034641, "delta": 2.743261}}
{"target": 0.003088448712538199, "params": {"0": -2.1367128845472783, "1": 1.666071957664883, "2": -2.590618011086121, "3": 1.9458848785734748, "4": -1.3094788925383645, "5": -1.7631312078026984, "6": 1.0952251636234234, "7": 0.01055872229385546}, "datetime": {"datetime": "2021-06-29 15:22:30", "elapsed": 271.61494, "delta": 3.580299}}
{"target": 0.006253948221726008, "params": {"0": -2.743617734157267, "1": -2.28190988882369, "2": -0.9092156486794023, "3": 0.5796745908290584, "4": -0.1089762829817853, "5": -1.5503654568636625, "6": -0.1458839145571762, "7": 0.6796651831945981}, "datetime": {"datetime": "2021-06-29 15:22:32", "elapsed": 273.949307, "delta": 2.334367}}
{"target": 0.0034161860323650185, "params": {"0": 0.6819927248931359, "1": -1.2100677661429458, "2": 0.3807650501795896, "3": 2.4081294696559716, "4": -0.5530497904517828, "5": 0.8418491923356184, "6": 0.2325582311212271, "7": 1.4904748833497106}, "datetime": {"datetime": "2021-06-29 15:22:35", "elapsed": 276.970578, "delta": 3.021271}}
{"target": 0.0029087293249573554, "params": {"0": -2.661480897310873, "1": 0.6006262311547053, "2": 2.2736096277715028, "3": 0.7608408281929013, "4": 2.613878757265099, "5": 2.5938144301636203, "6": -2.8403194804500913, "7": -0.9061269251681865}, "datetime": {"datetime": "2021-06-29 15:22:36", "elapsed": 277.495081, "delta": 0.524503}}
{"target": 0.0044513804489173785, "params": {"0": -0.6660261013083693, "1": 2.196096585957595, "2": 0.3113979404028582, "3": 2.027942829722832, "4": 0.7944257890220374, "5": -2.6475921849241475, "6": 0.26544592813305146, "7": -2.651979919903794}, "datetime": {"datetime": "2021-06-29 15:22:37", "elapsed": 278.928981, "delta": 1.4339}}
{"target": 0.0037380453055323817, "params": {"0": 0.3879122763217939, "1": 0.21450197229748902, "2": 1.4449042067299782, "3": -0.5250427884587263, "4": -2.443430898103513, "5": 2.244119376984239, "6": 2.125256846868151, "7": -2.385847262681767}, "datetime": {"datetime": "2021-06-29 15:22:39", "elapsed": 280.93281, "delta": 2.003829}}
{"target": 0.003270610716437272, "params": {"0": -2.7386391092235467, "1": -1.555352690792932, "2": 2.5771719304606826, "3": -2.1097686627823986, "4": 0.8073477023390909, "5": 2.5032462965950186, "6": 0.0843742488593957, "7": 0.37887933383290573}, "datetime": {"datetime": "2021-06-29 15:22:41", "elapsed": 282.765935, "delta": 1.833125}}
{"target": 0.0035102897378255496, "params": {"0": -1.3642883301646243, "1": -2.9020565195726755, "2": -2.873312314878234, "3": 2.3185032775107004, "4": -2.4739353188633153, "5": -1.5858621100824317, "6": -0.2548083212036074, "7": -0.34357992536058646}, "datetime": {"datetime": "2021-06-29 15:22:45", "elapsed": 286.310514, "delta": 3.544579}}
{"target": 0.003184479111992949, "params": {"0": 1.0463444127339656, "1": -2.089186954878791, "2": 0.13467648036243496, "3": 0.2650050343175123, "4": 0.6200571091012019, "5": 1.5851552887166847, "6": 2.2482689040342336, "7": -2.4792507217743376}, "datetime": {"datetime": "2021-06-29 15:22:46", "elapsed": 287.923575, "delta": 1.613061}}
{"target": 0.0028286719649001446, "params": {"0": -2.149420899789086, "1": -0.61638290305789, "2": 2.123858847616633, "3": 0.9645075947179098, "4": 2.358003587446394, "5": 0.8568813957134038, "6": 0.8162044676388529, "7": 1.3100404099397238}, "datetime": {"datetime": "2021-06-29 15:22:50", "elapsed": 291.176928, "delta": 3.253353}}
{"target": 0.0032962844968891275, "params": {"0": 1.7038504855773153, "1": -2.9325852977588225, "2": -2.7198501725580027, "3": -1.2064553500107231, "4": 1.599395461264148, "5": -2.8557373970299436, "6": 1.030617868354259, "7": -2.8370942705456867}, "datetime": {"datetime": "2021-06-29 15:22:52", "elapsed": 293.819451, "delta": 2.642523}}
{"target": 0.003156981219198623, "params": {"0": 1.3764605650639332, "1": 2.052842914560097, "2": -2.055527321421444, "3": 2.0225220464760083, "4": 2.296398644648516, "5": -2.254488896673802, "6": 0.23669176309865358, "7": 0.4683552557527273}, "datetime": {"datetime": "2021-06-29 15:22:55", "elapsed": 296.99432, "delta": 3.174869}}
{"target": 0.002879417728992385, "params": {"0": 2.3564218463782884, "1": -1.8597930236291353, "2": 1.0863594453101566, "3": -2.764348552993627, "4": 2.1413789703653325, "5": 1.9747925236612804, "6": 1.071818148879652, "7": 0.46533950451855777}, "datetime": {"datetime": "2021-06-29 15:22:59", "elapsed": 300.055893, "delta": 3.061573}}
{"target": 0.0032008462869982358, "params": {"0": -1.024393786957903, "1": -2.8185308123770616, "2": 2.7879806623406367, "3": 1.5786140776115545, "4": 0.07387485315323161, "5": 0.010104813467007645, "6": -0.45147414568493893, "7": 2.289396925805182}, "datetime": {"datetime": "2021-06-29 15:23:00", "elapsed": 301.601039, "delta": 1.545146}}
{"target": 0.0031474584819244874, "params": {"0": 2.9165753755708463, "1": 2.980346784755035, "2": -1.3412039259143764, "3": 1.48201924797422, "4": 2.809036768792639, "5": -2.695744004359484, "6": 0.6358067942057088, "7": -1.0590027104056192}, "datetime": {"datetime": "2021-06-29 15:23:02", "elapsed": 303.364498, "delta": 1.763459}}
{"target": 0.002933309176335016, "params": {"0": 1.220541540674608, "1": 1.570994596045879, "2": 2.14761837803724, "3": -0.7408766409879197, "4": -0.6586981929475293, "5": 1.980133642970034, "6": -0.4159849647986338, "7": -1.1890441208759497}, "datetime": {"datetime": "2021-06-29 15:23:04", "elapsed": 305.699683, "delta": 2.335185}}
{"target": 0.003322517264010592, "params": {"0": 0.3590302949687847, "1": 1.120288194701522, "2": 0.05377745694595415, "3": 0.8157065345469112, "4": 1.2013675906822803, "5": 2.4407490656108894, "6": 2.913944994534739, "7": 1.8178301281529663}, "datetime": {"datetime": "2021-06-29 15:23:07", "elapsed": 308.602231, "delta": 2.902548}}
{"target": 0.003460977530454002, "params": {"0": -0.6194117547053137, "1": 0.3532084378867566, "2": -2.362210406641977, "3": -1.3560633390190262, "4": 0.5072673874777243, "5": -2.6104433963241545, "6": -2.130505641390117, "7": -2.481653930634236}, "datetime": {"datetime": "2021-06-29 15:23:09", "elapsed": 310.032576, "delta": 1.430345}}
{"target": 0.002813095272248222, "params": {"0": -1.4176958652937743, "1": 2.6722976257290565, "2": 2.0678929407999327, "3": 0.1469633412967375, "4": 2.3618734164259703, "5": 0.4486571235457486, "6": 1.5357586881786904, "7": 1.874893071676813}, "datetime": {"datetime": "2021-06-29 15:23:12", "elapsed": 313.968781, "delta": 3.936205}}
{"target": 0.020475917631100765, "params": {"0": -1.6716668427424928, "1": -0.13309204352772497, "2": -1.1859965006003639, "3": -2.7945153180161286, "4": 1.200383381628244, "5": 2.2723989235663637, "6": -2.0632938507152465, "7": 1.7019158698206782}, "datetime": {"datetime": "2021-06-29 15:23:14", "elapsed": 315.685136, "delta": 1.716355}}
{"target": 0.00559345133099789, "params": {"0": 1.4359118879116979, "1": -0.5849474117193267, "2": 2.9099932765763636, "3": -1.5909625397487497, "4": -1.8030870798205203, "5": -2.1301616110341923, "6": 0.02331166997876899, "7": -2.242565649328509}, "datetime": {"datetime": "2021-06-29 15:23:18", "elapsed": 319.234068, "delta": 3.548932}}
{"target": 0.003427058623194242, "params": {"0": 2.162030565400622, "1": 2.273286874677085, "2": 1.2377234111875914, "3": 2.179670673942006, "4": 1.9340731732979588, "5": 2.2104359076291455, "6": -2.3501452324913217, "7": -2.9489906935742423}, "datetime": {"datetime": "2021-06-29 15:23:19", "elapsed": 320.875017, "delta": 1.640949}}
{"target": 0.0028229311659691723, "params": {"0": -2.6726486216367955, "1": -0.9271250216337217, "2": -0.08280953500852473, "3": 1.8723156431394825, "4": 1.6891831229818255, "5": -0.0003887846996510902, "6": -0.7613629822978396, "7": 2.9529087229827375}, "datetime": {"datetime": "2021-06-29 15:23:21", "elapsed": 322.414368, "delta": 1.539351}}
{"target": 0.0029277334318889075, "params": {"0": 2.300278976914713, "1": -2.164159989999707, "2": 0.3954740568680477, "3": 2.1095222998236025, "4": 1.6168095556726056, "5": 0.38606051775126193, "6": -0.2913648020878403, "7": -0.45640650100422064}, "datetime": {"datetime": "2021-06-29 15:23:23", "elapsed": 324.95333, "delta": 2.538962}}
{"target": 0.002908285691561433, "params": {"0": -1.0513543800878196, "1": -0.9480841344763973, "2": 2.3334555144612095, "3": 2.4288389936714285, "4": -1.7141901813025433, "5": 2.1550552465369064, "6": 1.7556012405321413, "7": 1.5733431637293211}, "datetime": {"datetime": "2021-06-29 15:23:26", "elapsed": 327.683567, "delta": 2.730237}}
{"target": 0.0029442682417300955, "params": {"0": 2.7799967784698554, "1": -0.21013954085498643, "2": -0.4403370416767691, "3": -0.24905504980044224, "4": 0.3172107623567486, "5": 0.9151172851062652, "6": -1.8060498122767317, "7": 2.1790333509379316}, "datetime": {"datetime": "2021-06-29 15:23:28", "elapsed": 329.927853, "delta": 2.244286}}
{"target": 0.002955884123142225, "params": {"0": 0.9837088978590831, "1": 2.830608123393766, "2": -0.4539768042257033, "3": -1.2006910477100883, "4": 2.749164924051387, "5": 1.1670273830534414, "6": 0.3661465010568974, "7": -1.218506671054302}, "datetime": {"datetime": "2021-06-29 15:23:31", "elapsed": 333.019872, "delta": 3.092019}}
{"target": 0.0034811549322833115, "params": {"0": -0.3003066810497157, "1": 0.45632400204583057, "2": 0.6891300598368684, "3": -0.3743569966266578, "4": 1.869283914031742, "5": 1.4779635965076166, "6": 1.900294440785287, "7": 1.1991593509065623}, "datetime": {"datetime": "2021-06-29 15:23:36", "elapsed": 337.722569, "delta": 4.702697}}
