{"target": 0.0033986666080959094, "params": {"0": -2.085427151458404, "1": -1.6456661043951597, "2": 2.756220637107125, "3": 1.9820054016789967, "4": 2.467512603615522, "5": -2.7848640673842016, "6": -1.2819851918188567, "7": 2.2353950570046397}, "datetime": {"datetime": "2021-06-29 15:39:32", "elapsed": 1293.759923, "delta": 7.956897}}
{"target": 0.0036979751354372786, "params": {"0": 2.3526378193574082, "1": 2.1246003604120762, "2": 0.7279465378857033, "3": -1.8131987711353035, "4": 0.18126657992230033, "5": -2.2397448829635858, "6": -0.6146841088170567, "7": -1.448033028356818}, "datetime": {"datetime": "2021-06-29 15:39:37", "elapsed": 1298.270975, "delta": 4.511052}}
{"target": 0.0029684903019430125, "params": {"0": -0.6199841411552871, "1": 2.2190930840461816, "2": 2.5630930585580893, "3": 1.9005165037513176, "4": 2.939075388116276, "5": 1.3804392976671922, "6": 0.751203053649593, "7": -2.4639830684825528}, "datetime": {"datetime": "2021-06-29 15:39:43", "elapsed": 1304.969038, "delta": 6.698063}}
{"target": 0.0030290323485162867, "params": {"0": -2.968049600638923, "1": -0.7496334202321835, "2": 2.809297557253993, "3": -0.8168869052852874, "4": -0.9293952561945185, "5": 2.7074787896555987, "6": -2.253782200612749, "7": 1.6451741271216163}, "datetime": {"datetime": "2021-06-29 15:39:52", "elapsed": 1313.685827, "delta": 8.716789}}
{"target": 0.00555868665082984, "params": {"0": -1.9161182547214546, "1": -2.846194715832323, "2": 2.573266126843551, "3": 1.9148069509826247, "4": 0.06411318888033257, "5": 1.3734672048027425, "6": 0.5029389635215997, "7": -2.9920143022888004}, "datetime": {"datetime": "2021-06-29 15:39:57", "elapsed": 1318.29015, "delta": 4.604323}}
{"target": 0.003305731133421787, "params": {"0": -2.0549353881116392, "1": -0.8546423151730558, "2": 0.5228132019352518, "3": 1.7787205718163692, "4": -0.6538711066444725, "5": -1.3909505599388816, "6": -2.8121779722207707, "7": 2.590593046375087}, "datetime": {"datetime": "2021-06-29 15:40:06", "elapsed": 1327.147172, "delta": 8.857022}}
{"target": 0.0031386446570997443, "params": {"0": 2.698518572170177, "1": 0.1575618630245108, "2": -1.6313837404244436, "3": 1.362589697378974, "4": -2.190709774992321, "5": 2.3394687479810132, "6": -2.0817309431207955, "7": -1.0051837860492518}, "datetime": {"datetime": "2021-06-29 15:40:11", "elapsed": 1332.878191, "delta": 5.731019}}
{"target": 0.0032350098327310604, "params": {"0": 2.6171109352207393, "1": -1.2103433242255157, "2": 1.3507287007464779, "3": 1.519965109694124, "4": -2.041665603356946, "5": 0.36229469600899433, "6": 0.9432550014387542, "7": 2.2174421397595667}, "datetime": {"datetime": "2021-06-29 15:40:15", "elapsed": 1336.255864, "delta": 3.377673}}
{"target": 0.005222945148888897, "params": {"0": -1.4543011430075776, "1": -1.8424119035647035, "2": 1.0266390783564532, "3": -2.746698321814713, "4": 2.398494232727897, "5": -2.9587357474344493, "6": -0.4702310890792498, "7": -0.6254858703212545}, "datetime": {"datetime": "2021-06-29 15:40:22", "elapsed": 1343.540834, "delta": 7.28497}}
{"target": 0.0034983107553543677, "params": {"0": -0.6678280180946272, "1": 0.5109020523299748, "2": 2.482448193801713, "3": 0.9766554919257198, "4": 0.7986723390284709, "5": 0.8372123367935078, "6": 2.524854158868343, "7": -1.8516920371447767}, "datetime": {"datetime": "2021-06-29 15:40:27", "elapsed": 1348.491503, "delta": 4.950669}}
{"target": 0.002993771410671211, "params": {"0": -1.9148359673537523, "1": 2.556913213219932, "2": 1.3559922862067237, "3": -2.248941207034632, "4": -0.11202575793965686, "5": 2.581178806019384, "6": 1.8841855895064956, "7": 1.7596573021397717}, "datetime": {"datetime": "2021-06-29 15:40:34", "elapsed": 1355.581905, "delta": 7.090402}}
{"target": 0.021433403319314065, "params": {"0": -2.820596914042034, "1": 0.5344443290146614, "2": -2.572733841567793, "3": 1.0129244904767667, "4": 2.8621846738942276, "5": -1.6372148679475287, "6": 2.193627155502587, "7": -2.844108629700736}, "datetime": {"datetime": "2021-06-29 15:40:40", "elapsed": 1361.032523, "delta": 5.450618}}
{"target": 0.0034541457116279706, "params": {"0": -1.8305943547654024, "1": -1.9829782495527575, "2": -2.434933766079812, "3": -1.6103151890941856, "4": 1.5061883288639901, "5": -1.2660847053759625, "6": 1.4403096871962724, "7": -0.5801488759021596}, "datetime": {"datetime": "2021-06-29 15:40:47", "elapsed": 1368.873858, "delta": 7.841335}}
{"target": 0.00903589751746305, "params": {"0": -2.482025627943078, "1": 2.217612493876482, "2": -0.5089574691880983, "3": 0.9016367447767832, "4": -0.22829962367045376, "5": -2.617220122047966, "6": -0.7374210903500833, "7": -2.2010122892098423}, "datetime": {"datetime": "2021-06-29 15:40:54", "elapsed": 1375.557773, "delta": 6.683915}}
{"target": 0.003625093936647668, "params": {"0": 0.9925500059084458, "1": -0.15897887381871012, "2": -0.554029869800789, "3": 1.6258164236819699, "4": 0.10139166299617886, "5": 1.0024809508773762, "6": -0.3724753535461538, "7": 1.7536034009248782}, "datetime": {"datetime": "2021-06-29 15:41:04", "elapsed": 1385.604655, "delta": 10.046882}}
{"target": 0.00440880625758054, "params": {"0": -2.484906262402615, "1": 2.677890561273794, "2": -2.6338285294619483, "3": -1.4453310496060123, "4": 0.28120480275171333, "5": -0.7520347609176676, "6": -1.8649534788828026, "7": 2.6222647973825737}, "datetime": {"datetime": "2021-06-29 15:41:12", "elapsed": 1393.757483, "delta": 8.152828}}
{"target": 0.003267499650914032, "params": {"0": 0.4619481351565229, "1": 0.6390663230813036, "2": 0.4973647280194511, "3": 0.6730139208903223, "4": -2.9875987679608413, "5": -1.7266807528791925, "6": 0.10001826439534334, "7": -2.6778500610939133}, "datetime": {"datetime": "2021-06-29 15:41:19", "elapsed": 1400.337894, "delta": 6.580411}}
{"target": 0.003417043873185708, "params": {"0": 0.00267805384014963, "1": -0.673224006927744, "2": 0.9316468228440709, "3": 2.860107917283763, "4": 0.4239552661387407, "5": -1.1776392619541913, "6": 2.331881523167146, "7": -0.36622691025892884}, "datetime": {"datetime": "2021-06-29 15:41:33", "elapsed": 1414.614042, "delta": 14.276148}}
{"target": 0.0030698881794542195, "params": {"0": 2.4421944186814386, "1": -0.17339438650981442, "2": 0.17221283970531465, "3": -0.5338109558674473, "4": 0.5263721071670364, "5": 0.4752082110633076, "6": -1.864971229664555, "7": -2.916332004319954}, "datetime": {"datetime": "2021-06-29 15:41:40", "elapsed": 1421.988295, "delta": 7.374253}}
{"target": 0.00309882658736944, "params": {"0": 1.5659678983870364, "1": 1.3084644087589803, "2": -2.3960899786094068, "3": -1.3590767582317382, "4": 1.0427532264380943, "5": 1.530471808630903, "6": 2.529764231354564, "7": -0.9444841388593663}, "datetime": {"datetime": "2021-06-29 15:41:46", "elapsed": 1427.503198, "delta": 5.514903}}
{"target": 0.0033654686422531508, "params": {"0": 0.15328220034964612, "1": 2.2465460416883634, "2": -2.578921227378727, "3": 0.6578468065629663, "4": -1.9502025518148751, "5": -2.9131677180872977, "6": 0.33068423088203547, "7": 0.055204237720045235}, "datetime": {"datetime": "2021-06-29 15:41:53", "elapsed": 1434.567895, "delta": 7.064697}}
{"target": 0.003281690946429375, "params": {"0": 2.346649260276825, "1": -0.41861286429882005, "2": -1.4150735865753679, "3": -2.0482520226537346, "4": 0.11830076051635086, "5": 0.053045630328320215, "6": 1.5822116342170265, "7": 0.09310976363094703}, "datetime": {"datetime": "2021-06-29 15:41:59", "elapsed": 1440.304524, "delta": 5.736629}}
{"target": 0.003939813658704931, "params": {"0": -1.033085662144879, "1": -2.2148850462978467, "2": -1.0997788880929709, "3": 2.1363020270449242, "4": 1.1483449068924907, "5": -1.4397473487606849, "6": -1.5546199342076585, "7": 2.7195155219081535}, "datetime": {"datetime": "2021-06-29 15:42:04", "elapsed": 1445.69913, "delta": 5.394606}}
{"target": 0.0030824996354363384, "params": {"0": 2.158322450790254, "1": 0.514099700892924, "2": -0.29453923721961095, "3": 2.6170517904104837, "4": 0.08665080257709423, "5": 2.1650010440153347, "6": 2.453112376949245, "7": -1.9451008548327409}, "datetime": {"datetime": "2021-06-29 15:42:10", "elapsed": 1451.314224, "delta": 5.615094}}
{"target": 0.0036158424797543493, "params": {"0": 1.0294910221950708, "1": -0.964676034784349, "2": -0.6118123126239383, "3": 1.9750583987774917, "4": -0.6656234369198417, "5": -1.901004744125321, "6": -1.212675199509892, "7": 2.7897900616935916}, "datetime": {"datetime": "2021-06-29 15:42:16", "elapsed": 1457.949823, "delta": 6.635599}}
{"target": 0.0035014776876315244, "params": {"0": -0.861230680592481, "1": -0.8501645076739743, "2": -2.6361818119004736, "3": -1.9188898679229431, "4": -1.292540570349722, "5": 0.6255689250032725, "6": 2.6368737452436264, "7": 1.8380617656783302}, "datetime": {"datetime": "2021-06-29 15:42:22", "elapsed": 1463.603292, "delta": 5.653469}}
{"target": 0.003167053694899005, "params": {"0": 0.9287803491141986, "1": -0.9391246401370337, "2": 1.871585879897701, "3": 0.7638842482306298, "4": 0.8882074482198896, "5": -0.7243080581107049, "6": -0.36554740169843836, "7": -2.5649825796822325}, "datetime": {"datetime": "2021-06-29 15:42:27", "elapsed": 1468.856127, "delta": 5.252835}}
{"target": 0.003001579478224514, "params": {"0": 0.7114337955857417, "1": 2.7286160956142487, "2": -0.37390762575568726, "3": 2.5583651912742624, "4": -1.3071603164650605, "5": 0.6668104210430017, "6": 2.1555773089037142, "7": 1.7608235606357265}, "datetime": {"datetime": "2021-06-29 15:42:35", "elapsed": 1476.077778, "delta": 7.221651}}
{"target": 0.0031747585543502117, "params": {"0": -2.575818619991558, "1": 0.6197908454883292, "2": -2.573188128728183, "3": 2.798439050351991, "4": -2.0520371717085197, "5": 0.7681865835605559, "6": -2.3801863631296856, "7": -1.185926623956221}, "datetime": {"datetime": "2021-06-29 15:42:41", "elapsed": 1482.406298, "delta": 6.32852}}
{"target": 0.002986170503110453, "params": {"0": 2.3584267933719136, "1": 1.6327824508710336, "2": -0.1547759693646622, "3": 0.4813195259348797, "4": -1.1494636914967826, "5": -1.967079209500274, "6": -1.6340326019469933, "7": 2.0251285657997595}, "datetime": {"datetime": "2021-06-29 15:42:48", "elapsed": 1489.436478, "delta": 7.03018}}
{"target": 0.006275520128666484, "params": {"0": 1.614147120565434, "1": -2.249794537131093, "2": -2.5542939800453444, "3": 0.3425034791099164, "4": -2.571805630638131, "5": 1.9831577003092047, "6": 1.3739301369226906, "7": -2.910462119907945}, "datetime": {"datetime": "2021-06-29 15:42:55", "elapsed": 1496.484548, "delta": 7.04807}}
{"target": 0.0033761295162108526, "params": {"0": 0.5376221035315867, "1": -1.0764557705337305, "2": 1.896935291803377, "3": 1.419321054640112, "4": -0.6402481271994169, "5": -2.3482827640334905, "6": -2.0680287792203433, "7": -0.0628313091733288}, "datetime": {"datetime": "2021-06-29 15:43:00", "elapsed": 1501.886401, "delta": 5.401853}}
{"target": 0.00284300248512423, "params": {"0": -0.6465583996516693, "1": -1.8153440728508168, "2": -0.8437075406267134, "3": 1.633317418250602, "4": 1.615600389578451, "5": 0.009487226879638655, "6": -0.4205064259162299, "7": -0.8009731520363941}, "datetime": {"datetime": "2021-06-29 15:43:06", "elapsed": 1507.200833, "delta": 5.314432}}
{"target": 0.0029160858991748545, "params": {"0": 0.4662700308710708, "1": 2.7420873733663855, "2": -0.8645255887554582, "3": -0.21147018143387042, "4": 1.728774043826653, "5": 2.9988469292493285, "6": -2.0871948284179105, "7": 0.7709179121308289}, "datetime": {"datetime": "2021-06-29 15:43:15", "elapsed": 1516.288879, "delta": 9.088046}}
{"target": 0.0030230452970916913, "params": {"0": 0.665267316377502, "1": 1.4413676462965093, "2": -2.8281184017902783, "3": 2.957400584147618, "4": 1.848598209564038, "5": 0.01892965723145501, "6": 2.2833276077137796, "7": -2.652888386963565}, "datetime": {"datetime": "2021-06-29 15:43:20", "elapsed": 1521.896733, "delta": 5.607854}}
{"target": 0.0033691661154543846, "params": {"0": -1.9245988128632083, "1": 2.290948658598424, "2": -2.778163595183466, "3": -0.5864261104709252, "4": 2.665419319022307, "5": -2.532017977655655, "6": 1.8767562865101999, "7": -0.3905532010690216}, "datetime": {"datetime": "2021-06-29 15:43:25", "elapsed": 1526.65224, "delta": 4.755507}}
{"target": 0.0036019650726329413, "params": {"0": 0.9290024610390715, "1": 2.2046366329273877, "2": -2.422220410804588, "3": -1.6846172162405109, "4": -2.6835053547798444, "5": 1.974978300352296, "6": -0.28618028907424886, "7": 2.037973923762558}, "datetime": {"datetime": "2021-06-29 15:43:30", "elapsed": 1531.127667, "delta": 4.475427}}
{"target": 0.011880995932932154, "params": {"0": -0.243199182696773, "1": 2.8555753628541023, "2": 2.1753794863577767, "3": -1.2407084304855835, "4": -1.4276991410247537, "5": -1.6344111773121264, "6": -1.379682376182885, "7": -2.0086111244614724}, "datetime": {"datetime": "2021-06-29 15:43:38", "elapsed": 1539.564613, "delta": 8.436946}}
{"target": 0.0030308165253007083, "params": {"0": -2.62328887498085, "1": 2.9867355823597554, "2": 0.3110082059389585, "3": 0.5248198344880941, "4": 1.3703940808003292, "5": -0.8267455214314339, "6": -2.0464934893161004, "7": -0.6973975910522467}, "datetime": {"datetime": "2021-06-29 15:43:43", "elapsed": 1544.875114, "delta": 5.310501}}
{"target": 0.005240955697037742, "params": {"0": 1.488117301858578, "1": -0.8336733808436465, "2": 1.6600291829135099, "3": 1.1608590519497204, "4": -2.262593612798427, "5": 2.4243564468589742, "6": -2.784596208165909, "7": 2.402423086211148}, "datetime": {"datetime": "2021-06-29 15:43:50", "elapsed": 1551.764448, "delta": 6.889334}}
{"target": 0.003205726717654266, "params": {"0": 0.8599775164307113, "1": 0.9891164527626248, "2": 1.2507271522422032, "3": -0.23320487921650557, "4": 2.5279058759971313, "5": 2.973547668937109, "6": -0.7831027533179533, "7": -2.313886705801968}, "datetime": {"datetime": "2021-06-29 15:43:56", "elapsed": 1557.810939, "delta": 6.046491}}
{"target": 0.0032389617613085555, "params": {"0": -0.08222652707226263, "1": -0.30025199615144427, "2": 1.046549621401784, "3": 0.6687238261559538, "4": 1.8783447586745954, "5": -1.030583126058016, "6": 0.9524857130906894, "7": 0.5079007502061748}, "datetime": {"datetime": "2021-06-29 15:44:03", "elapsed": 1564.622204, "delta": 6.811265}}
{"target": 0.0029309454458097566, "params": {"0": 0.34231650155981486, "1": 1.7912892556170563, "2": 1.850924133299186, "3": -1.8559726573316346, "4": 2.3454912263055236, "5": -0.38070837110710487, "6": 2.257917068400465, "7": 2.392121540091173}, "datetime": {"datetime": "2021-06-29 15:44:10", "elapsed": 1571.595881, "delta": 6.973677}}
{"target": 0.005223864291092126, "params": {"0": -1.4562208361805504, "1": -0.3568964800101142, "2": -2.808076206027388, "3": -1.662652206751729, "4": -1.5078324664766316, "5": 2.8725363369679595, "6": -1.1150986416518511, "7": 0.3364817257815744}, "datetime": {"datetime": "2021-06-29 15:44:15", "elapsed": 1576.068995, "delta": 4.473114}}
{"target": 0.004590077637983759, "params": {"0": 0.868118132122377, "1": 1.831716185986104, "2": -0.6819893106173791, "3": -0.28848750342890295, "4": -0.665124585296029, "5": -1.9512615169232324, "6": 1.1468389244808188, "7": 0.939043823720688}, "datetime": {"datetime": "2021-06-29 15:44:20", "elapsed": 1581.943806, "delta": 5.874811}}
{"target": 0.004492544268986868, "params": {"0": -1.5421819430143993, "1": -2.118039513730822, "2": -2.185482936531664, "3": 1.4076707263877566, "4": -1.2119752992796993, "5": -1.5925782292449817, "6": -0.22539172293443244, "7": -0.35470314467781794}, "datetime": {"datetime": "2021-06-29 15:44:27", "elapsed": 1588.692355, "delta": 6.748549}}
{"target": 0.003061344493174529, "params": {"0": -0.18041537491716042, "1": -1.3625928436548034, "2": 2.4978257314433376, "3": -2.5820510899472726, "4": -2.624055166918658, "5": 2.2427883126073933, "6": 1.2645134102585658, "7": -1.0061335203142028}, "datetime": {"datetime": "2021-06-29 15:44:34", "elapsed": 1595.399886, "delta": 6.707531}}
{"target": 0.003395715461536898, "params": {"0": 1.163603594166986, "1": 0.22086699452911596, "2": 1.3795055696911458, "3": 1.1394288643296626, "4": 0.12537683617723605, "5": 0.4204015972297164, "6": -2.5778503229828917, "7": 2.0874892536019196}, "datetime": {"datetime": "2021-06-29 15:44:39", "elapsed": 1600.564874, "delta": 5.164988}}
{"target": 0.003082968679864207, "params": {"0": 1.605541146205515, "1": -1.5596518959941474, "2": 1.709261445230747, "3": 1.243644501436373, "4": 2.971924719251117, "5": -1.2066881998191772, "6": 1.6174241730745056, "7": -1.2514670343794287}, "datetime": {"datetime": "2021-06-29 15:44:51", "elapsed": 1612.174714, "delta": 11.60984}}
{"target": 0.0037004301856174825, "params": {"0": 2.8953195618613865, "1": 0.8253539681934763, "2": -1.961752291369684, "3": -0.7361946926225578, "4": 0.034973132694464226, "5": 0.23982601243022827, "6": -2.6879616528247725, "7": -1.1626212788647647}, "datetime": {"datetime": "2021-06-29 15:44:57", "elapsed": 1618.558749, "delta": 6.384035}}
{"target": 0.008096464958481233, "params": {"0": 0.41435993044355257, "1": 2.7232483471841658, "2": -2.3611767166584237, "3": 1.4681969895635456, "4": -1.1465165954995635, "5": 1.5985379475462373, "6": 0.10863620829258114, "7": 0.3208583050981231}, "datetime": {"datetime": "2021-06-29 15:45:02", "elapsed": 1623.801732, "delta": 5.242983}}
{"target": 0.003371540273240257, "params": {"0": 1.3642850121279526, "1": -1.4666334992144767, "2": 0.7375207395272394, "3": -1.5191582815698375, "4": -2.0530796232887756, "5": 0.16952463625370706, "6": -2.5017750781010912, "7": 1.598979039308901}, "datetime": {"datetime": "2021-06-29 15:45:12", "elapsed": 1633.578898, "delta": 9.777166}}
{"target": 0.003021359394357557, "params": {"0": -2.6876906823301443, "1": 1.7799659299288706, "2": -2.2211119032549798, "3": -2.6993052443200667, "4": -1.5142881175834844, "5": -2.2246488089616943, "6": 2.1352514723857077, "7": -1.4524617764189902}, "datetime": {"datetime": "2021-06-29 15:45:18", "elapsed": 1639.362862, "delta": 5.783964}}
{"target": 0.003389776397935589, "params": {"0": -1.4368508029437868, "1": 1.033253972469451, "2": -1.8067515540087082, "3": -2.1321040314370485, "4": -1.9105501695009364, "5": 1.8047054566170608, "6": 1.6748727739050118, "7": 2.0360006084392257}, "datetime": {"datetime": "2021-06-29 15:45:26", "elapsed": 1647.047091, "delta": 7.684229}}
{"target": 0.0031958894288370765, "params": {"0": -0.9307313101345089, "1": -2.1203784412487217, "2": -2.7996127908579878, "3": -1.5680448182323818, "4": -2.4136754903033264, "5": 2.5587299672608896, "6": -2.050437953742695, "7": -0.9861638049999821}, "datetime": {"datetime": "2021-06-29 15:45:35", "elapsed": 1656.293941, "delta": 9.24685}}
{"target": 0.0035555525564881616, "params": {"0": 2.473709614853135, "1": 2.0390085277395507, "2": -1.983596045351961, "3": -0.7915336884056314, "4": -0.38584437507458347, "5": -2.7363253008456083, "6": 2.7474743202714684, "7": -2.418882916774529}, "datetime": {"datetime": "2021-06-29 15:45:44", "elapsed": 1665.168497, "delta": 8.874556}}
{"target": 0.0031577574784563698, "params": {"0": -0.5065183897909851, "1": -2.1853811259536533, "2": -1.868251505833421, "3": -0.09318538751037275, "4": 1.6038387102424618, "5": -1.5019998125207883, "6": 1.4088672531225015, "7": -1.2494166043917971}, "datetime": {"datetime": "2021-06-29 15:45:51", "elapsed": 1672.173868, "delta": 7.005371}}
{"target": 0.005230056091878391, "params": {"0": -0.06553415115994454, "1": -2.678650628992458, "2": -1.5655370631692371, "3": 1.4021046986078307, "4": -0.6499175468334579, "5": 1.8257096681008722, "6": 2.6395765980036066, "7": -1.202953507159336}, "datetime": {"datetime": "2021-06-29 15:45:58", "elapsed": 1679.920555, "delta": 7.746687}}
{"target": 0.003697902384975057, "params": {"0": -1.9020454366824955, "1": -0.7693740924756245, "2": 2.613612362482634, "3": 1.8315433658074687, "4": 1.3731340143700201, "5": 1.2348089371076423, "6": 1.8464567444849829, "7": -0.6298904095860332}, "datetime": {"datetime": "2021-06-29 15:46:11", "elapsed": 1692.038496, "delta": 12.117941}}
{"target": 0.003843452974520469, "params": {"0": -2.227236412675664, "1": 0.6009296775572568, "2": -2.5172426140062583, "3": 1.6119526031671354, "4": 0.857043720938865, "5": -2.0037708216146872, "6": 0.7769842397177218, "7": 0.9893276806649505}, "datetime": {"datetime": "2021-06-29 15:46:16", "elapsed": 1697.928116, "delta": 5.88962}}
{"target": 0.00407386417498372, "params": {"0": -2.5982725470425114, "1": -2.118203801674872, "2": 0.10044009558407785, "3": 2.9956177763726215, "4": -0.3543835742866448, "5": 0.6209383361718666, "6": -1.2622724331794193, "7": -1.2513095067872968}, "datetime": {"datetime": "2021-06-29 15:46:22", "elapsed": 1703.457631, "delta": 5.529515}}
{"target": 0.00420706028932663, "params": {"0": -1.182707184168493, "1": 0.39861957342702725, "2": 1.6851968814788547, "3": -1.7003279145911951, "4": -0.9390411380610115, "5": -1.5260762605635398, "6": 1.0384128934469796, "7": -1.9930331663759706}, "datetime": {"datetime": "2021-06-29 15:46:28", "elapsed": 1709.074872, "delta": 5.617241}}
{"target": 0.002967683466700466, "params": {"0": -0.22561935258352062, "1": -2.517530437194903, "2": -0.5536035821867271, "3": 1.1604087955859406, "4": -1.9276104682790305, "5": 1.6160760189068002, "6": -0.5029530365226114, "7": -0.6393462628966118}, "datetime": {"datetime": "2021-06-29 15:46:34", "elapsed": 1715.341984, "delta": 6.267112}}
{"target": 0.0035922203797050982, "params": {"0": -0.7763885603220082, "1": -2.39143720496794, "2": -1.782316360618648, "3": -2.345289947676547, "4": 1.9213744377173239, "5": -0.8779614103997515, "6": 1.0264180413765596, "7": -0.6672196468188965}, "datetime": {"datetime": "2021-06-29 15:46:40", "elapsed": 1722.006064, "delta": 6.66408}}
