{"target": 0.0031436031375428604, "params": {"0": 1.3049914699839746, "1": 2.9200931626344255, "2": 0.01147942153189252, "3": -0.8154475643525774, "4": -0.8113414753424077, "5": -2.114332713033985, "6": -2.6305999344321993, "7": 2.2604419165436624}, "datetime": {"datetime": "2021-06-29 21:45:30", "elapsed": 5489.304111, "delta": 16.000053}}
{"target": 0.0034786538184815494, "params": {"0": 2.633925335043358, "1": 1.993877312245652, "2": -0.36707752125010185, "3": 1.3367003186772353, "4": -2.6727679887224562, "5": 0.42262911646513635, "6": 2.641523066567064, "7": -0.626010943463617}, "datetime": {"datetime": "2021-06-29 21:45:45", "elapsed": 5504.356535, "delta": 15.052424}}
{"target": 0.0050562214556140175, "params": {"0": -2.13188392807636, "1": -1.6551488888871562, "2": 2.558113248778845, "3": -0.1919293791557024, "4": -0.01948606963129773, "5": -0.00776308062735076, "6": -2.8922895643535105, "7": -0.9684045845773657}, "datetime": {"datetime": "2021-06-29 21:45:56", "elapsed": 5515.192439, "delta": 10.835904}}
{"target": 0.0030023343012115294, "params": {"0": -1.7932163955230276, "1": 0.24772843326930438, "2": 0.7697593686610578, "3": 2.778710547213371, "4": 1.7376690737831453, "5": -2.0894789532240283, "6": -0.9483994403521341, "7": 1.7587564057075822}, "datetime": {"datetime": "2021-06-29 21:46:16", "elapsed": 5534.982708, "delta": 19.790269}}
{"target": 0.0032640183955596615, "params": {"0": 0.7745650596263127, "1": -0.1240100701410567, "2": -0.15015002101957275, "3": 1.0607535915816957, "4": 2.872676865583438, "5": -2.7318382416198306, "6": -1.5841921807122294, "7": 2.2361415965477027}, "datetime": {"datetime": "2021-06-29 21:46:28", "elapsed": 5547.07292, "delta": 12.090212}}
{"target": 0.00333137283530915, "params": {"0": -1.849173472877371, "1": -2.441578029322523, "2": -1.7987155834865476, "3": 1.9264804843905, "4": -2.461673464574595, "5": 2.081714879615131, "6": 1.2483841724056202, "7": 0.09454898840916215}, "datetime": {"datetime": "2021-06-29 21:46:43", "elapsed": 5562.007918, "delta": 14.934998}}
{"target": 0.0033513996978423314, "params": {"0": -1.2259813942516222, "1": 2.02147518640428, "2": 1.6264781895797062, "3": -0.02070106095740698, "4": 2.383923339108515, "5": 2.0614206962140313, "6": 1.4920503991946656, "7": 0.3419646615701524}, "datetime": {"datetime": "2021-06-29 21:47:00", "elapsed": 5578.89611, "delta": 16.888192}}
{"target": 0.003225352043071772, "params": {"0": 1.1535923051299726, "1": -1.3904081009983855, "2": 2.0364871774970714, "3": -0.6502467970495047, "4": 2.1931251564685024, "5": -0.2601543552054366, "6": 2.9950558942642393, "7": 0.5955464340411396}, "datetime": {"datetime": "2021-06-29 21:47:13", "elapsed": 5592.211245, "delta": 13.315135}}
{"target": 0.003032948888559421, "params": {"0": 0.9198233984909789, "1": 0.19638059407107988, "2": -1.5239267069783689, "3": -0.5949171578317713, "4": 2.828475200983915, "5": 0.8308711783057436, "6": -0.7129373816043856, "7": -2.045033778261698}, "datetime": {"datetime": "2021-06-29 21:47:25", "elapsed": 5603.81752, "delta": 11.606275}}
{"target": 0.0035157411262364295, "params": {"0": 2.4691455304339494, "1": 0.30688130045741513, "2": -2.6457381477270876, "3": 0.7320082726998431, "4": 1.641852391144302, "5": -1.1838256323219318, "6": 1.2928471181680052, "7": -1.2422332058224774}, "datetime": {"datetime": "2021-06-29 21:47:40", "elapsed": 5619.433709, "delta": 15.616189}}
{"target": 0.0039374913996266005, "params": {"0": -1.502433473714035, "1": -2.2442812368234897, "2": 1.8083267647146677, "3": 1.0021563684756343, "4": -0.875669127143186, "5": -1.9436470670734411, "6": 0.08827027236184026, "7": -0.7829970656476499}, "datetime": {"datetime": "2021-06-29 21:47:54", "elapsed": 5633.452085, "delta": 14.018376}}
{"target": 0.0030647652809603536, "params": {"0": -2.476899935470775, "1": -2.2647252637825237, "2": -1.0232754841293417, "3": -2.8762167058238033, "4": -2.2154842299847326, "5": 2.642356345923087, "6": 1.3962810553451295, "7": -1.7005829540111408}, "datetime": {"datetime": "2021-06-29 21:48:12", "elapsed": 5650.807474, "delta": 17.355389}}
{"target": 0.0034852116721979477, "params": {"0": 0.08553958230940939, "1": -1.9786021810061103, "2": -2.7048020957197068, "3": -0.240162882779833, "4": -0.5712905222816191, "5": 0.3774229026316043, "6": -1.3749500373605221, "7": -1.8888065972774815}, "datetime": {"datetime": "2021-06-29 21:48:48", "elapsed": 5687.508567, "delta": 36.701093}}
{"target": 0.005280585577966832, "params": {"0": -0.11189068023481497, "1": 1.0670220561265245, "2": -2.12665165482578, "3": 1.5554866526517763, "4": -0.7981888882217767, "5": 2.5689339245630887, "6": -1.8546415259602227, "7": -1.6086625808730823}, "datetime": {"datetime": "2021-06-29 21:49:05", "elapsed": 5703.916925, "delta": 16.408358}}
{"target": 0.003472029601451027, "params": {"0": -2.3763241306122174, "1": 1.7713785720099366, "2": 2.1520786586030116, "3": 0.6493447256015239, "4": 1.2366882804025492, "5": -1.4768714220466848, "6": -0.3740323998391446, "7": 2.8404435993473944}, "datetime": {"datetime": "2021-06-29 21:49:23", "elapsed": 5721.80144, "delta": 17.884515}}
{"target": 0.0035105029184273645, "params": {"0": 2.0640259008292716, "1": 0.5721207611414307, "2": 0.49164264000069036, "3": -0.06973659696153511, "4": -0.36445011702217833, "5": 1.8600886097948868, "6": 1.2755526574764584, "7": -1.1001675959336525}, "datetime": {"datetime": "2021-06-29 21:49:48", "elapsed": 5747.169381, "delta": 25.367941}}
{"target": 0.0030262193848139087, "params": {"0": 0.6750306514112467, "1": 0.4966744501498912, "2": 1.6195027130086457, "3": -2.5189911646614407, "4": -1.2851033483037426, "5": 1.4145048878047124, "6": 2.574962466697971, "7": 0.05730482816617588}, "datetime": {"datetime": "2021-06-29 21:50:18", "elapsed": 5777.453445, "delta": 30.284064}}
{"target": 0.009484815190783102, "params": {"0": -2.0387673730798186, "1": 0.04889582029309736, "2": -0.2534225497816669, "3": -1.518005999225094, "4": 1.039455789492287, "5": 2.4375125609692, "6": -2.459434967757466, "7": -1.0074243130393241}, "datetime": {"datetime": "2021-06-29 21:50:33", "elapsed": 5792.258936, "delta": 14.805491}}
{"target": 0.003208964960652059, "params": {"0": 2.8540546140301846, "1": 1.8973097274604216, "2": -2.681879488657976, "3": -0.5566370215069973, "4": 0.05080392741287865, "5": 0.27858458833117794, "6": 1.381344966620686, "7": 0.2604370089172541}, "datetime": {"datetime": "2021-06-29 21:50:42", "elapsed": 5801.523936, "delta": 9.265}}
{"target": 0.005015501845069384, "params": {"0": 1.6384618547932437, "1": 1.1544431942275457, "2": -0.3707229126798013, "3": -0.20500764389394988, "4": -1.2898549546453342, "5": -1.8084452803987918, "6": 2.9087255271857977, "7": 1.9485198866444229}, "datetime": {"datetime": "2021-06-29 21:50:57", "elapsed": 5816.33164, "delta": 14.807704}}
{"target": 0.003456377297033725, "params": {"0": 0.9369109711203203, "1": 1.3356921659802499, "2": -0.8594357482300286, "3": -2.5605661719238233, "4": -0.603264865768371, "5": -1.6215588221857729, "6": -1.2081180195863186, "7": -0.25061271935195517}, "datetime": {"datetime": "2021-06-29 21:51:13", "elapsed": 5832.141712, "delta": 15.810072}}
{"target": 0.00454767025106596, "params": {"0": -0.6599311420165552, "1": 1.411529517587784, "2": -1.2710066313077049, "3": 1.9674304498524018, "4": -2.0482421093545957, "5": -0.45944658375270553, "6": 1.6338570625302609, "7": 2.0621951848864004}, "datetime": {"datetime": "2021-06-29 21:51:30", "elapsed": 5849.046591, "delta": 16.904879}}
{"target": 0.0034232669552335905, "params": {"0": 2.0552296005461788, "1": -2.997660241212947, "2": 0.6266896086526801, "3": -1.8475083107860297, "4": -2.4842886114687905, "5": 2.033935673324991, "6": -1.8959562161800434, "7": -2.69957056193451}, "datetime": {"datetime": "2021-06-29 21:51:46", "elapsed": 5865.235889, "delta": 16.189298}}
{"target": 0.0036449959996226657, "params": {"0": -2.298938186395822, "1": 0.24606091814415, "2": 2.222413828450563, "3": -2.1758742875133743, "4": -1.9999853636497171, "5": 0.5016117978316554, "6": -2.6678863479947856, "7": 0.12346852386100693}, "datetime": {"datetime": "2021-06-29 21:52:01", "elapsed": 5880.577744, "delta": 15.341855}}
{"target": 0.005468374257881116, "params": {"0": 1.2394542835276052, "1": -2.7310574429059096, "2": -0.508803617443101, "3": -0.9038559683857623, "4": -0.575145472227744, "5": 0.9034061552074606, "6": -0.19501397378569907, "7": -1.6163220892622379}, "datetime": {"datetime": "2021-06-29 21:52:17", "elapsed": 5896.538709, "delta": 15.960965}}
{"target": 0.0029789896671054902, "params": {"0": 0.12418117627621328, "1": 2.536045954977638, "2": 0.838807277807109, "3": -2.3738472160456388, "4": 1.005823628866371, "5": 1.3569821644116162, "6": -1.2301972027134287, "7": 0.33090257675052737}, "datetime": {"datetime": "2021-06-29 21:52:36", "elapsed": 5915.466402, "delta": 18.927693}}
{"target": 0.0035015302133324768, "params": {"0": -0.7723897777007331, "1": -2.950426972611017, "2": -0.2887279853497904, "3": -2.322742595367807, "4": -2.365938977897799, "5": 0.7741369488166656, "6": -2.171434243846895, "7": -1.177131778732888}, "datetime": {"datetime": "2021-06-29 21:53:13", "elapsed": 5951.917194, "delta": 36.450792}}
{"target": 0.003403003102637464, "params": {"0": 0.9467843240389442, "1": 0.9648889394109865, "2": -2.957004608160773, "3": -2.7129443903486834, "4": -2.5531889400671823, "5": 1.1621123389603483, "6": 2.7801099481682545, "7": 1.9055974422849102}, "datetime": {"datetime": "2021-06-29 21:53:28", "elapsed": 5967.161699, "delta": 15.244505}}
{"target": 0.003384436072714494, "params": {"0": -1.7235203619195292, "1": 1.6591016741657088, "2": 1.0945751664524508, "3": -2.861864378093137, "4": 1.532618075146936, "5": -0.30818762906423736, "6": 0.9048535709119969, "7": 1.2829679569624464}, "datetime": {"datetime": "2021-06-29 21:53:42", "elapsed": 5981.351835, "delta": 14.190136}}
{"target": 0.0032455104979737487, "params": {"0": 0.36519747627107124, "1": 0.7159680541486955, "2": 1.0839659125371996, "3": 1.070897862371253, "4": -1.9672284398758002, "5": -1.3300124629611152, "6": 0.9226720054419237, "7": -1.6134468272277476}, "datetime": {"datetime": "2021-06-29 21:54:01", "elapsed": 6000.460363, "delta": 19.108528}}
{"target": 0.003251988163990604, "params": {"0": -1.1316038853118362, "1": 2.404170823727755, "2": -0.6409269826933599, "3": -2.623162800578413, "4": -1.5106228876482681, "5": -1.3111699276546476, "6": -2.3699696004507773, "7": -2.6099042063139377}, "datetime": {"datetime": "2021-06-29 21:54:18", "elapsed": 6016.747615, "delta": 16.287252}}
{"target": 0.003066339863435706, "params": {"0": -2.9179364862712687, "1": 2.913065953110051, "2": -1.5448412681631278, "3": -0.08306538389946194, "4": 1.6216241965913323, "5": 0.13209194332443674, "6": -1.8131715593810682, "7": 0.8506418458502685}, "datetime": {"datetime": "2021-06-29 21:54:35", "elapsed": 6033.72652, "delta": 16.978905}}
{"target": 0.005442679243955349, "params": {"0": 1.2591219537536134, "1": 1.2665260658547872, "2": 0.529189744640111, "3": -1.397571024259, "4": 1.971554524295243, "5": -2.9097972174378564, "6": 1.6876262577469952, "7": -2.94423376517652}, "datetime": {"datetime": "2021-06-29 21:55:07", "elapsed": 6066.277375, "delta": 32.550855}}
{"target": 0.006819670707863703, "params": {"0": 0.909045949375721, "1": 1.1942047373742293, "2": 1.226652062737866, "3": 2.159611531166246, "4": -2.5514437528820695, "5": -0.3809589820286772, "6": -2.57164903368919, "7": -1.5485800157720655}, "datetime": {"datetime": "2021-06-29 21:55:24", "elapsed": 6083.646929, "delta": 17.369554}}
{"target": 0.003047565785555202, "params": {"0": -2.221499045477028, "1": 1.7448471632668614, "2": -2.017452234092384, "3": 0.880818210325665, "4": -0.8009294099740334, "5": 2.2299856600501258, "6": 2.1978078688706644, "7": 1.1948320984232295}, "datetime": {"datetime": "2021-06-29 21:55:57", "elapsed": 6115.816354, "delta": 32.169425}}
{"target": 0.005776143717321158, "params": {"0": -1.4962960589249668, "1": -2.3554689624902068, "2": -0.09923401323011882, "3": 0.4384239753152004, "4": -2.822791231809053, "5": -1.060417188974415, "6": -2.715881364304019, "7": -2.794291924158609}, "datetime": {"datetime": "2021-06-29 21:56:12", "elapsed": 6131.603142, "delta": 15.786788}}
{"target": 0.0029094627875623645, "params": {"0": -0.64463642101195, "1": 1.1098992289723704, "2": -0.46687087689869955, "3": 2.7795210394929146, "4": 1.2632021130558293, "5": 2.8524497864283953, "6": 0.16243715806069714, "7": -1.878972598686801}, "datetime": {"datetime": "2021-06-29 21:56:28", "elapsed": 6147.396184, "delta": 15.793042}}
{"target": 0.0030851222835664195, "params": {"0": 0.2754974208548062, "1": -2.3751102085570874, "2": -2.6506649145543664, "3": -1.3391779519865081, "4": -0.46363936728443056, "5": 2.4973378586108854, "6": 0.6887849871904788, "7": -2.1286899461421775}, "datetime": {"datetime": "2021-06-29 21:56:43", "elapsed": 6162.603711, "delta": 15.207527}}
{"target": 0.0030565510626927397, "params": {"0": -0.20173352835061653, "1": 0.21835663603099764, "2": 2.071518955413506, "3": 2.9415849363590354, "4": 1.8433748006319028, "5": 1.4512439189421382, "6": 1.734828210997799, "7": -1.0425761517033976}, "datetime": {"datetime": "2021-06-29 21:57:14", "elapsed": 6193.609156, "delta": 31.005445}}
{"target": 0.0037104479671636486, "params": {"0": -1.063590605232163, "1": -1.2693631618764338, "2": -1.8024643890507692, "3": -0.20140256289589065, "4": -2.048261603403451, "5": -2.119813179298121, "6": 0.15796196709621402, "7": -1.6540669036569702}, "datetime": {"datetime": "2021-06-29 21:57:29", "elapsed": 6207.829339, "delta": 14.220183}}
{"target": 0.003325361409348178, "params": {"0": 2.0805604945621123, "1": -2.3150184855529266, "2": -2.301953083319221, "3": -1.3817883341998778, "4": 1.2595300728097385, "5": -1.3528144229110857, "6": 2.818399622366111, "7": -1.1857319352578088}, "datetime": {"datetime": "2021-06-29 21:57:44", "elapsed": 6223.593213, "delta": 15.763874}}
{"target": 0.005518847936583107, "params": {"0": 0.44568218958418093, "1": -2.4302387803779215, "2": 2.204295222867538, "3": 0.9622701567310301, "4": -2.4516512774483177, "5": 0.7682435696928143, "6": -2.7439887922635178, "7": -0.2235249442054572}, "datetime": {"datetime": "2021-06-29 21:58:02", "elapsed": 6240.932545, "delta": 17.339332}}
{"target": 0.006645835053371757, "params": {"0": 0.3223198190770935, "1": -0.7367075041460907, "2": 1.690927980867599, "3": -0.8491265879452641, "4": 1.1932078703044784, "5": -2.314529582869876, "6": -2.859299844806926, "7": 2.4193004882851774}, "datetime": {"datetime": "2021-06-29 21:58:18", "elapsed": 6257.620599, "delta": 16.688054}}
{"target": 0.003485014948991619, "params": {"0": -2.4542734251949523, "1": 1.360913408974282, "2": -2.7617703040089494, "3": -1.8403929736936604, "4": -0.8084185119827643, "5": -2.300256077598841, "6": -2.042213216695232, "7": -2.317350598170247}, "datetime": {"datetime": "2021-06-29 21:58:55", "elapsed": 6293.987299, "delta": 36.3667}}
{"target": 0.002943104021140227, "params": {"0": -2.753522627938004, "1": 0.7772918658049242, "2": -2.8250599747325436, "3": 1.2140133594423554, "4": -1.415482524931924, "5": 2.62377412279991, "6": 0.7492924079117529, "7": -1.367634020167928}, "datetime": {"datetime": "2021-06-29 21:59:07", "elapsed": 6306.559495, "delta": 12.572196}}
{"target": 0.004278091470754005, "params": {"0": 0.4687534449916324, "1": 1.9588502184796965, "2": 2.646504166361109, "3": 0.9839091232059793, "4": -2.5617544012834426, "5": 0.7907800814135539, "6": -0.24891585829659757, "7": 2.3053960905452744}, "datetime": {"datetime": "2021-06-29 21:59:25", "elapsed": 6324.115471, "delta": 17.555976}}
{"target": 0.0029602407539724815, "params": {"0": 2.2129500155438597, "1": 0.9375317902844862, "2": 1.9831849828674555, "3": 1.1544289888178012, "4": 0.004375749626938763, "5": 2.5122229880621596, "6": 1.9992856393385345, "7": 0.15867135197425952}, "datetime": {"datetime": "2021-06-29 21:59:39", "elapsed": 6338.606536, "delta": 14.491065}}
{"target": 0.007696249735825636, "params": {"0": -0.7450827679790524, "1": -1.6472125129128683, "2": -0.4399041610910719, "3": -2.654168920045434, "4": 2.272413366337915, "5": -0.9037606222584276, "6": 2.604029074568049, "7": 1.2910700330627058}, "datetime": {"datetime": "2021-06-29 21:59:55", "elapsed": 6354.119298, "delta": 15.512762}}
{"target": 0.05011676150145232, "params": {"0": -1.073099739568213, "1": -0.8612657935784842, "2": -0.5711675642567218, "3": -2.9402748598560366, "4": 1.4787509079489034, "5": -0.6547309906479315, "6": -2.043711459592773, "7": -2.161446863703917}, "datetime": {"datetime": "2021-06-29 22:00:15", "elapsed": 6373.745086, "delta": 19.625788}}
{"target": 0.0030413290727363826, "params": {"0": 0.2675582252649944, "1": -0.11713386355714128, "2": -2.5848894880842375, "3": -1.769553347395069, "4": 2.987009676352689, "5": 2.2765645076558068, "6": -0.8496168167864395, "7": -1.7037811839441834}, "datetime": {"datetime": "2021-06-29 22:00:30", "elapsed": 6388.971271, "delta": 15.226185}}
{"target": 0.003246794453771723, "params": {"0": -0.9051053488938416, "1": 1.0582892809885287, "2": 2.236051328073458, "3": 0.11616684770221886, "4": 0.8594883934266742, "5": -1.8773550821930778, "6": -2.1826338231835027, "7": 0.21911799382694364}, "datetime": {"datetime": "2021-06-29 22:00:46", "elapsed": 6405.639962, "delta": 16.668691}}
{"target": 0.003255292741905236, "params": {"0": -2.6923112861739154, "1": -0.3605793356007072, "2": -2.025095240382118, "3": 2.011679940518234, "4": -2.8004662026499245, "5": 0.3852636590281424, "6": 1.2044759142703514, "7": 2.8310724527875823}, "datetime": {"datetime": "2021-06-29 22:00:59", "elapsed": 6417.98561, "delta": 12.345648}}
{"target": 0.003102995535944115, "params": {"0": 0.02051615033397436, "1": -2.869571128473587, "2": 0.9524537461794536, "3": -2.0471277029319053, "4": 1.0935315833971586, "5": 0.168511303122175, "6": 2.5763771543952965, "7": -2.4258131457248746}, "datetime": {"datetime": "2021-06-29 22:01:16", "elapsed": 6434.862228, "delta": 16.876618}}
{"target": 0.0032376540769043327, "params": {"0": -2.449386151766871, "1": 2.7061827221401984, "2": -0.7259137329477934, "3": -1.9715897609904804, "4": -2.6325944308544003, "5": 0.6771703638859305, "6": -1.004118928021804, "7": -0.27057196008417606}, "datetime": {"datetime": "2021-06-29 22:01:37", "elapsed": 6456.32479, "delta": 21.462562}}
{"target": 0.0037043061869597806, "params": {"0": 0.9449649653199232, "1": 0.32513622082928473, "2": 1.5786244288750355, "3": -0.2233935739777433, "4": -2.5760076708116504, "5": -0.6114494667544284, "6": -2.471138062773857, "7": 2.8899839366827482}, "datetime": {"datetime": "2021-06-29 22:01:51", "elapsed": 6470.001535, "delta": 13.676745}}
{"target": 0.0031972737236997256, "params": {"0": 0.7654356559651578, "1": -1.589728817867988, "2": -2.5035733426790436, "3": 2.202324512229273, "4": 1.4547373444530969, "5": -2.377684296066832, "6": 1.4521030995367754, "7": 0.3666470206823318}, "datetime": {"datetime": "2021-06-29 22:02:11", "elapsed": 6489.818272, "delta": 19.816737}}
{"target": 0.003055296475841817, "params": {"0": -1.358475014744848, "1": 0.9837200623002671, "2": -1.5157483128389977, "3": 2.212266400097607, "4": -1.828377552758742, "5": -1.4368097112191125, "6": 2.735696134397058, "7": 2.281665366899478}, "datetime": {"datetime": "2021-06-29 22:02:31", "elapsed": 6510.482735, "delta": 20.664463}}
{"target": 0.004256380311516978, "params": {"0": 1.060469024409299, "1": 0.6319423057612781, "2": -0.0966899959416585, "3": 1.0530306238873894, "4": -2.1984738385711093, "5": 1.68731306146017, "6": -0.14040296996021295, "7": 2.4986574282515877}, "datetime": {"datetime": "2021-06-29 22:02:47", "elapsed": 6525.770724, "delta": 15.287989}}
{"target": 0.004049731915679995, "params": {"0": 2.290082869709779, "1": 0.18469280166519564, "2": 2.5132402692421287, "3": 0.2382264635317224, "4": -1.3806940688549687, "5": 2.582528429627093, "6": -0.1332182913072888, "7": 0.6215883362765542}, "datetime": {"datetime": "2021-06-29 22:03:01", "elapsed": 6539.886777, "delta": 14.116053}}
{"target": 0.026909773792779534, "params": {"0": 1.3024905097957582, "1": 1.5146220071437124, "2": 2.019263795462363, "3": -0.7972258715796805, "4": -0.8787907848118337, "5": -0.9590421272909708, "6": -0.399949439109363, "7": 1.1741160336185086}, "datetime": {"datetime": "2021-06-29 22:03:22", "elapsed": 6561.647156, "delta": 21.760379}}
{"target": 0.00344676484092838, "params": {"0": 0.7906169563152083, "1": 1.7319683890639634, "2": -2.892231861891998, "3": 2.0931117790252074, "4": -2.3095735110576863, "5": -1.140950182696589, "6": -1.3459737353132508, "7": 0.5264904412420117}, "datetime": {"datetime": "2021-06-29 22:03:38", "elapsed": 6577.651873, "delta": 16.004717}}
{"target": 0.0036945307720196822, "params": {"0": 2.6382211683114356, "1": 2.552192477607587, "2": 1.5990439097963458, "3": -2.5220699398576447, "4": 0.8689249317926802, "5": -1.0575663351303268, "6": 0.7547823860091123, "7": 1.7775454978815652}, "datetime": {"datetime": "2021-06-29 22:03:51", "elapsed": 6590.146636, "delta": 12.494763}}
{"target": 0.0038675955425099802, "params": {"0": -0.2248450205826824, "1": -0.3669818039943298, "2": -0.21407730498331512, "3": -1.3175629926801695, "4": -2.387548452522313, "5": -0.9701331035126248, "6": 2.405363079142048, "7": 2.8987897870290142}, "datetime": {"datetime": "2021-06-29 22:04:08", "elapsed": 6606.831525, "delta": 16.684889}}
{"target": 0.008746407283143838, "params": {"0": 1.4844298971764882, "1": -2.647116433895496, "2": 2.7448833102950516, "3": 1.1957061778014069, "4": 0.5562274942867433, "5": -1.2383829913724618, "6": -1.868284705587924, "7": -1.016307988533646}, "datetime": {"datetime": "2021-06-29 22:04:24", "elapsed": 6622.879786, "delta": 16.048261}}
