{"target": 0.0032339214226595058, "params": {"0": 1.3049914699839746, "1": 2.9200931626344255, "2": 0.01147942153189252, "3": -0.8154475643525774, "4": -0.8113414753424077, "5": -2.114332713033985, "6": -2.6305999344321993, "7": 2.2604419165436624}, "datetime": {"datetime": "2021-06-29 21:51:23", "elapsed": 5842.000109, "delta": 13.940842}}
{"target": 0.003594327271681534, "params": {"0": 2.633925335043358, "1": 1.993877312245652, "2": -0.36707752125010185, "3": 1.3367003186772353, "4": -2.6727679887224562, "5": 0.42262911646513635, "6": 2.641523066567064, "7": -0.626010943463617}, "datetime": {"datetime": "2021-06-29 21:51:37", "elapsed": 5856.354239, "delta": 14.35413}}
{"target": 0.0054237345003197435, "params": {"0": -2.13188392807636, "1": -1.6551488888871562, "2": 2.558113248778845, "3": -0.1919293791557024, "4": -0.01948606963129773, "5": -0.00776308062735076, "6": -2.8922895643535105, "7": -0.9684045845773657}, "datetime": {"datetime": "2021-06-29 21:51:55", "elapsed": 5873.761077, "delta": 17.406838}}
{"target": 0.002939492008983173, "params": {"0": -1.7932163955230276, "1": 0.24772843326930438, "2": 0.7697593686610578, "3": 2.778710547213371, "4": 1.7376690737831453, "5": -2.0894789532240283, "6": -0.9483994403521341, "7": 1.7587564057075822}, "datetime": {"datetime": "2021-06-29 21:52:39", "elapsed": 5918.253127, "delta": 44.49205}}
{"target": 0.0031815101521129384, "params": {"0": 0.7745650596263127, "1": -0.1240100701410567, "2": -0.15015002101957275, "3": 1.0607535915816957, "4": 2.872676865583438, "5": -2.7318382416198306, "6": -1.5841921807122294, "7": 2.2361415965477027}, "datetime": {"datetime": "2021-06-29 21:52:53", "elapsed": 5932.722253, "delta": 14.469126}}
{"target": 0.003416979057463721, "params": {"0": -1.849173472877371, "1": -2.441578029322523, "2": -1.7987155834865476, "3": 1.9264804843905, "4": -2.461673464574595, "5": 2.081714879615131, "6": 1.2483841724056202, "7": 0.09454898840916215}, "datetime": {"datetime": "2021-06-29 21:53:10", "elapsed": 5949.620619, "delta": 16.898366}}
{"target": 0.003327969015088859, "params": {"0": -1.2259813942516222, "1": 2.02147518640428, "2": 1.6264781895797062, "3": -0.02070106095740698, "4": 2.383923339108515, "5": 2.0614206962140313, "6": 1.4920503991946656, "7": 0.3419646615701524}, "datetime": {"datetime": "2021-06-29 21:53:26", "elapsed": 5965.426107, "delta": 15.805488}}
{"target": 0.003208893858781621, "params": {"0": 1.1535923051299726, "1": -1.3904081009983855, "2": 2.0364871774970714, "3": -0.6502467970495047, "4": 2.1931251564685024, "5": -0.2601543552054366, "6": 2.9950558942642393, "7": 0.5955464340411396}, "datetime": {"datetime": "2021-06-29 21:53:41", "elapsed": 5980.420137, "delta": 14.99403}}
{"target": 0.0030522094504359496, "params": {"0": 0.9198233984909789, "1": 0.19638059407107988, "2": -1.5239267069783689, "3": -0.5949171578317713, "4": 2.828475200983915, "5": 0.8308711783057436, "6": -0.7129373816043856, "7": -2.045033778261698}, "datetime": {"datetime": "2021-06-29 21:54:01", "elapsed": 6000.510951, "delta": 20.090814}}
{"target": 0.00455175798232058, "params": {"0": 2.6339133042027267, "1": -0.4111117379875706, "2": 0.5507754684743391, "3": 1.677699511594768, "4": -1.5056695393010375, "5": 1.7237116755935995, "6": -2.0811762541243395, "7": -2.0291134438691705}, "datetime": {"datetime": "2021-06-29 21:54:28", "elapsed": 6027.263034, "delta": 26.752083}}
{"target": 0.003393885874632767, "params": {"0": -1.502433473714035, "1": -2.2442812368234897, "2": 1.8083267647146677, "3": 1.0021563684756343, "4": -0.875669127143186, "5": -1.9436470670734411, "6": 0.08827027236184026, "7": -0.7829970656476499}, "datetime": {"datetime": "2021-06-29 21:54:59", "elapsed": 6058.183192, "delta": 30.920158}}
{"target": 0.0030918025395587035, "params": {"0": -2.476899935470775, "1": -2.2647252637825237, "2": -1.0232754841293417, "3": -2.8762167058238033, "4": -2.2154842299847326, "5": 2.642356345923087, "6": 1.3962810553451295, "7": -1.7005829540111408}, "datetime": {"datetime": "2021-06-29 21:55:16", "elapsed": 6075.348996, "delta": 17.165804}}
{"target": 0.00359472259129005, "params": {"0": -1.0830568029830585, "1": 0.4808213898038822, "2": -2.4654849884199423, "3": -1.564362391258717, "4": 2.083992957848954, "5": -0.7850620342692083, "6": 0.7010911718475357, "7": -0.5452944040131147}, "datetime": {"datetime": "2021-06-29 21:55:39", "elapsed": 6098.542138, "delta": 23.193142}}
{"target": 0.005288054864633288, "params": {"0": -0.11189068023481497, "1": 1.0670220561265245, "2": -2.12665165482578, "3": 1.5554866526517763, "4": -0.7981888882217767, "5": 2.5689339245630887, "6": -1.8546415259602227, "7": -1.6086625808730823}, "datetime": {"datetime": "2021-06-29 21:56:12", "elapsed": 6131.753399, "delta": 33.211261}}
{"target": 0.0033529443513380824, "params": {"0": -2.3763241306122174, "1": 1.7713785720099366, "2": 2.1520786586030116, "3": 0.6493447256015239, "4": 1.2366882804025492, "5": -1.4768714220466848, "6": -0.3740323998391446, "7": 2.8404435993473944}, "datetime": {"datetime": "2021-06-29 21:56:31", "elapsed": 6150.188532, "delta": 18.435133}}
{"target": 0.008892971174973898, "params": {"0": 2.0640259008292716, "1": 0.5721207611414307, "2": 0.49164264000069036, "3": -0.06973659696153511, "4": -0.36445011702217833, "5": 1.8600886097948868, "6": 1.2755526574764584, "7": -1.1001675959336525}, "datetime": {"datetime": "2021-06-29 21:56:52", "elapsed": 6171.583787, "delta": 21.395255}}
{"target": 0.013894659593526194, "params": {"0": -0.8516023825931249, "1": 0.14983454697563658, "2": -0.37129957269611324, "3": 1.5741638733709085, "4": -0.934767690000764, "5": 2.2612910717362986, "6": -2.997162816259297, "7": 1.06672099157813}, "datetime": {"datetime": "2021-06-29 21:57:22", "elapsed": 6201.167246, "delta": 29.583459}}
{"target": 0.009459239675752896, "params": {"0": -2.0387673730798186, "1": 0.04889582029309736, "2": -0.2534225497816669, "3": -1.518005999225094, "4": 1.039455789492287, "5": 2.4375125609692, "6": -2.459434967757466, "7": -1.0074243130393241}, "datetime": {"datetime": "2021-06-29 21:57:36", "elapsed": 6215.522052, "delta": 14.354806}}
{"target": 0.0031540626795683465, "params": {"0": 2.8540546140301846, "1": 1.8973097274604216, "2": -2.681879488657976, "3": -0.5566370215069973, "4": 0.05080392741287865, "5": 0.27858458833117794, "6": 1.381344966620686, "7": 0.2604370089172541}, "datetime": {"datetime": "2021-06-29 21:57:52", "elapsed": 6231.589703, "delta": 16.067651}}
{"target": 0.013197107174709068, "params": {"0": 1.6384618547932437, "1": 1.1544431942275457, "2": -0.3707229126798013, "3": -0.20500764389394988, "4": -1.2898549546453342, "5": -1.8084452803987918, "6": 2.9087255271857977, "7": 1.9485198866444229}, "datetime": {"datetime": "2021-06-29 21:58:12", "elapsed": 6251.130984, "delta": 19.541281}}
{"target": 0.004776462682746928, "params": {"0": 0.9369109711203203, "1": 1.3356921659802499, "2": -0.8594357482300286, "3": -2.5605661719238233, "4": -0.603264865768371, "5": -1.6215588221857729, "6": -1.2081180195863186, "7": -0.25061271935195517}, "datetime": {"datetime": "2021-06-29 21:58:27", "elapsed": 6266.413458, "delta": 15.282474}}
{"target": 0.005168960327341531, "params": {"0": -0.6599311420165552, "1": 1.411529517587784, "2": -1.2710066313077049, "3": 1.9674304498524018, "4": -2.0482421093545957, "5": -0.45944658375270553, "6": 1.6338570625302609, "7": 2.0621951848864004}, "datetime": {"datetime": "2021-06-29 21:58:45", "elapsed": 6284.110852, "delta": 17.697394}}
{"target": 0.006193262160044586, "params": {"0": 2.0552296005461788, "1": -2.997660241212947, "2": 0.6266896086526801, "3": -1.8475083107860297, "4": -2.4842886114687905, "5": 2.033935673324991, "6": -1.8959562161800434, "7": -2.69957056193451}, "datetime": {"datetime": "2021-06-29 21:59:04", "elapsed": 6303.212502, "delta": 19.10165}}
{"target": 0.004216249201750701, "params": {"0": -2.298938186395822, "1": 0.24606091814415, "2": 2.222413828450563, "3": -2.1758742875133743, "4": -1.9999853636497171, "5": 0.5016117978316554, "6": -2.6678863479947856, "7": 0.12346852386100693}, "datetime": {"datetime": "2021-06-29 21:59:19", "elapsed": 6317.828866, "delta": 14.616364}}
{"target": 0.006339993976510904, "params": {"0": 1.2394542835276052, "1": -2.7310574429059096, "2": -0.508803617443101, "3": -0.9038559683857623, "4": -0.575145472227744, "5": 0.9034061552074606, "6": -0.19501397378569907, "7": -1.6163220892622379}, "datetime": {"datetime": "2021-06-29 21:59:32", "elapsed": 6330.920762, "delta": 13.091896}}
{"target": 0.0038035802480232564, "params": {"0": -2.924264117400669, "1": -1.3327322896941842, "2": 0.16699021311389073, "3": -1.554878794317438, "4": -0.43246908251477034, "5": 1.8351141678997758, "6": -2.990988937537259, "7": -2.664475833475877}, "datetime": {"datetime": "2021-06-29 22:00:12", "elapsed": 6371.051972, "delta": 40.13121}}
{"target": 0.010783353404168326, "params": {"0": -0.10857169471753281, "1": 1.9719089341223128, "2": 1.725638746455683, "3": -0.07822666301703363, "4": -1.533635707199997, "5": -1.647744998710403, "6": 0.8004016713837014, "7": 1.697085400716519}, "datetime": {"datetime": "2021-06-29 22:00:31", "elapsed": 6390.581348, "delta": 19.529376}}
{"target": 0.003470807062021773, "params": {"0": 0.9467843240389442, "1": 0.9648889394109865, "2": -2.957004608160773, "3": -2.7129443903486834, "4": -2.5531889400671823, "5": 1.1621123389603483, "6": 2.7801099481682545, "7": 1.9055974422849102}, "datetime": {"datetime": "2021-06-29 22:00:53", "elapsed": 6412.575035, "delta": 21.993687}}
{"target": 0.0032777380057235996, "params": {"0": -1.7235203619195292, "1": 1.6591016741657088, "2": 1.0945751664524508, "3": -2.861864378093137, "4": 1.532618075146936, "5": -0.30818762906423736, "6": 0.9048535709119969, "7": 1.2829679569624464}, "datetime": {"datetime": "2021-06-29 22:01:08", "elapsed": 6427.4194, "delta": 14.844365}}
{"target": 0.003292245037960946, "params": {"0": 0.36519747627107124, "1": 0.7159680541486955, "2": 1.0839659125371996, "3": 1.070897862371253, "4": -1.9672284398758002, "5": -1.3300124629611152, "6": 0.9226720054419237, "7": -1.6134468272277476}, "datetime": {"datetime": "2021-06-29 22:01:22", "elapsed": 6440.956681, "delta": 13.537281}}
{"target": 0.0033366790100629483, "params": {"0": -1.1316038853118362, "1": 2.404170823727755, "2": -0.6409269826933599, "3": -2.623162800578413, "4": -1.5106228876482681, "5": -1.3111699276546476, "6": -2.3699696004507773, "7": -2.6099042063139377}, "datetime": {"datetime": "2021-06-29 22:01:38", "elapsed": 6457.307245, "delta": 16.350564}}
{"target": 0.0030242665722733076, "params": {"0": -2.9179364862712687, "1": 2.913065953110051, "2": -1.5448412681631278, "3": -0.08306538389946194, "4": 1.6216241965913323, "5": 0.13209194332443674, "6": -1.8131715593810682, "7": 0.8506418458502685}, "datetime": {"datetime": "2021-06-29 22:01:54", "elapsed": 6473.730578, "delta": 16.423333}}
{"target": 0.0033165355322070295, "params": {"0": 1.8776573771397613, "1": -1.5943944814266193, "2": 1.2928446651956085, "3": 2.5502772445468436, "4": -0.2660329400969714, "5": -1.7539679585075214, "6": 1.2642473072922744, "7": 2.2892658408493256}, "datetime": {"datetime": "2021-06-29 22:02:19", "elapsed": 6498.24428, "delta": 24.513702}}
{"target": 0.006833814159804863, "params": {"0": 0.909045949375721, "1": 1.1942047373742293, "2": 1.226652062737866, "3": 2.159611531166246, "4": -2.5514437528820695, "5": -0.3809589820286772, "6": -2.57164903368919, "7": -1.5485800157720655}, "datetime": {"datetime": "2021-06-29 22:02:34", "elapsed": 6513.620477, "delta": 15.376197}}
{"target": 0.005692650699396488, "params": {"0": 0.0952799646127751, "1": -2.8929482801192057, "2": 1.5702755814394838, "3": -1.9309051363091805, "4": 0.3392588583531637, "5": 0.8123293820893207, "6": -2.009406977335212, "7": 0.47145751671836056}, "datetime": {"datetime": "2021-06-29 22:03:01", "elapsed": 6540.735825, "delta": 27.115348}}
{"target": 0.004599845761599102, "params": {"0": -1.4962960589249668, "1": -2.3554689624902068, "2": -0.09923401323011882, "3": 0.4384239753152004, "4": -2.822791231809053, "5": -1.060417188974415, "6": -2.715881364304019, "7": -2.794291924158609}, "datetime": {"datetime": "2021-06-29 22:03:19", "elapsed": 6558.481344, "delta": 17.745519}}
{"target": 0.002879377760188548, "params": {"0": -0.64463642101195, "1": 1.1098992289723704, "2": -0.46687087689869955, "3": 2.7795210394929146, "4": 1.2632021130558293, "5": 2.8524497864283953, "6": 0.16243715806069714, "7": -1.878972598686801}, "datetime": {"datetime": "2021-06-29 22:03:34", "elapsed": 6573.018118, "delta": 14.536774}}
{"target": 0.003111014106227822, "params": {"0": 0.2754974208548062, "1": -2.3751102085570874, "2": -2.6506649145543664, "3": -1.3391779519865081, "4": -0.46363936728443056, "5": 2.4973378586108854, "6": 0.6887849871904788, "7": -2.1286899461421775}, "datetime": {"datetime": "2021-06-29 22:03:50", "elapsed": 6589.530259, "delta": 16.512141}}
{"target": 0.0032396263366944677, "params": {"0": -0.9503181406026924, "1": -2.549242231482596, "2": -1.6621573785954618, "3": -1.1450513633552781, "4": 1.8733631910478312, "5": -0.1768940313099363, "6": -1.3269539064301428, "7": 1.0086532714848264}, "datetime": {"datetime": "2021-06-29 22:04:11", "elapsed": 6609.880011, "delta": 20.349752}}
{"target": 0.006489271783260807, "params": {"0": -1.063590605232163, "1": -1.2693631618764338, "2": -1.8024643890507692, "3": -0.20140256289589065, "4": -2.048261603403451, "5": -2.119813179298121, "6": 0.15796196709621402, "7": -1.6540669036569702}, "datetime": {"datetime": "2021-06-29 22:04:25", "elapsed": 6624.017058, "delta": 14.137047}}
{"target": 0.0034896296907197554, "params": {"0": 2.0805604945621123, "1": -2.3150184855529266, "2": -2.301953083319221, "3": -1.3817883341998778, "4": 1.2595300728097385, "5": -1.3528144229110857, "6": 2.818399622366111, "7": -1.1857319352578088}, "datetime": {"datetime": "2021-06-29 22:04:46", "elapsed": 6645.356483, "delta": 21.339425}}
{"target": 0.009368977173387461, "params": {"0": 0.44568218958418093, "1": -2.4302387803779215, "2": 2.204295222867538, "3": 0.9622701567310301, "4": -2.4516512774483177, "5": 0.7682435696928143, "6": -2.7439887922635178, "7": -0.2235249442054572}, "datetime": {"datetime": "2021-06-29 22:05:02", "elapsed": 6661.576894, "delta": 16.220411}}
{"target": 0.2473841126981848, "params": {"0": 0.3223198190770935, "1": -0.7367075041460907, "2": 1.690927980867599, "3": -0.8491265879452641, "4": 1.1932078703044784, "5": -2.314529582869876, "6": -2.859299844806926, "7": 2.4193004882851774}, "datetime": {"datetime": "2021-06-29 22:05:20", "elapsed": 6678.861892, "delta": 17.284998}}
{"target": 0.003720016579127207, "params": {"0": -2.4542734251949523, "1": 1.360913408974282, "2": -2.7617703040089494, "3": -1.8403929736936604, "4": -0.8084185119827643, "5": -2.300256077598841, "6": -2.042213216695232, "7": -2.317350598170247}, "datetime": {"datetime": "2021-06-29 22:05:43", "elapsed": 6702.022379, "delta": 23.160487}}
{"target": 0.002937282320980526, "params": {"0": -2.753522627938004, "1": 0.7772918658049242, "2": -2.8250599747325436, "3": 1.2140133594423554, "4": -1.415482524931924, "5": 2.62377412279991, "6": 0.7492924079117529, "7": -1.367634020167928}, "datetime": {"datetime": "2021-06-29 22:05:58", "elapsed": 6716.969752, "delta": 14.947373}}
{"target": 0.004359285170718511, "params": {"0": 0.4687534449916324, "1": 1.9588502184796965, "2": 2.646504166361109, "3": 0.9839091232059793, "4": -2.5617544012834426, "5": 0.7907800814135539, "6": -0.24891585829659757, "7": 2.3053960905452744}, "datetime": {"datetime": "2021-06-29 22:06:15", "elapsed": 6734.396028, "delta": 17.426276}}
{"target": 0.0029392605560573785, "params": {"0": 2.2129500155438597, "1": 0.9375317902844862, "2": 1.9831849828674555, "3": 1.1544289888178012, "4": 0.004375749626938763, "5": 2.5122229880621596, "6": 1.9992856393385345, "7": 0.15867135197425952}, "datetime": {"datetime": "2021-06-29 22:06:29", "elapsed": 6748.347848, "delta": 13.95182}}
{"target": 0.006670087990088343, "params": {"0": -0.7450827679790524, "1": -1.6472125129128683, "2": -0.4399041610910719, "3": -2.654168920045434, "4": 2.272413366337915, "5": -0.9037606222584276, "6": 2.604029074568049, "7": 1.2910700330627058}, "datetime": {"datetime": "2021-06-29 22:06:40", "elapsed": 6759.697429, "delta": 11.349581}}
{"target": 0.014861820383011958, "params": {"0": -1.073099739568213, "1": -0.8612657935784842, "2": -0.5711675642567218, "3": -2.9402748598560366, "4": 1.4787509079489034, "5": -0.6547309906479315, "6": -2.043711459592773, "7": -2.161446863703917}, "datetime": {"datetime": "2021-06-29 22:06:57", "elapsed": 6776.193163, "delta": 16.495734}}
{"target": 0.003047157710655471, "params": {"0": 0.2675582252649944, "1": -0.11713386355714128, "2": -2.5848894880842375, "3": -1.769553347395069, "4": 2.987009676352689, "5": 2.2765645076558068, "6": -0.8496168167864395, "7": -1.7037811839441834}, "datetime": {"datetime": "2021-06-29 22:07:19", "elapsed": 6797.989127, "delta": 21.795964}}
{"target": 0.0031749541750141197, "params": {"0": -0.9051053488938416, "1": 1.0582892809885287, "2": 2.236051328073458, "3": 0.11616684770221886, "4": 0.8594883934266742, "5": -1.8773550821930778, "6": -2.1826338231835027, "7": 0.21911799382694364}, "datetime": {"datetime": "2021-06-29 22:07:35", "elapsed": 6814.053003, "delta": 16.063876}}
{"target": 0.0032464247317655036, "params": {"0": -2.6923112861739154, "1": -0.3605793356007072, "2": -2.025095240382118, "3": 2.011679940518234, "4": -2.8004662026499245, "5": 0.3852636590281424, "6": 1.2044759142703514, "7": 2.8310724527875823}, "datetime": {"datetime": "2021-06-29 22:07:45", "elapsed": 6824.625913, "delta": 10.57291}}
{"target": 0.003155711406437976, "params": {"0": 0.02051615033397436, "1": -2.869571128473587, "2": 0.9524537461794536, "3": -2.0471277029319053, "4": 1.0935315833971586, "5": 0.168511303122175, "6": 2.5763771543952965, "7": -2.4258131457248746}, "datetime": {"datetime": "2021-06-29 22:08:04", "elapsed": 6843.322807, "delta": 18.696894}}
{"target": 0.0033769622110582822, "params": {"0": -2.449386151766871, "1": 2.7061827221401984, "2": -0.7259137329477934, "3": -1.9715897609904804, "4": -2.6325944308544003, "5": 0.6771703638859305, "6": -1.004118928021804, "7": -0.27057196008417606}, "datetime": {"datetime": "2021-06-29 22:08:18", "elapsed": 6857.184801, "delta": 13.861994}}
{"target": 0.003978896488844145, "params": {"0": 0.9449649653199232, "1": 0.32513622082928473, "2": 1.5786244288750355, "3": -0.2233935739777433, "4": -2.5760076708116504, "5": -0.6114494667544284, "6": -2.471138062773857, "7": 2.8899839366827482}, "datetime": {"datetime": "2021-06-29 22:08:32", "elapsed": 6871.161459, "delta": 13.976658}}
{"target": 0.00323666475889129, "params": {"0": 0.7654356559651578, "1": -1.589728817867988, "2": -2.5035733426790436, "3": 2.202324512229273, "4": 1.4547373444530969, "5": -2.377684296066832, "6": 1.4521030995367754, "7": 0.3666470206823318}, "datetime": {"datetime": "2021-06-29 22:08:44", "elapsed": 6883.520768, "delta": 12.359309}}
{"target": 0.003045124700729318, "params": {"0": -1.358475014744848, "1": 0.9837200623002671, "2": -1.5157483128389977, "3": 2.212266400097607, "4": -1.828377552758742, "5": -1.4368097112191125, "6": 2.735696134397058, "7": 2.281665366899478}, "datetime": {"datetime": "2021-06-29 22:09:02", "elapsed": 6901.483523, "delta": 17.962755}}
{"target": 0.004302139948834361, "params": {"0": 1.060469024409299, "1": 0.6319423057612781, "2": -0.0966899959416585, "3": 1.0530306238873894, "4": -2.1984738385711093, "5": 1.68731306146017, "6": -0.14040296996021295, "7": 2.4986574282515877}, "datetime": {"datetime": "2021-06-29 22:09:20", "elapsed": 6919.404637, "delta": 17.921114}}
{"target": 0.00520641409633368, "params": {"0": 2.290082869709779, "1": 0.18469280166519564, "2": 2.5132402692421287, "3": 0.2382264635317224, "4": -1.3806940688549687, "5": 2.582528429627093, "6": -0.1332182913072888, "7": 0.6215883362765542}, "datetime": {"datetime": "2021-06-29 22:09:43", "elapsed": 6941.812519, "delta": 22.407882}}
{"target": 0.026731396991580628, "params": {"0": 1.3024905097957582, "1": 1.5146220071437124, "2": 2.019263795462363, "3": -0.7972258715796805, "4": -0.8787907848118337, "5": -0.9590421272909708, "6": -0.399949439109363, "7": 1.1741160336185086}, "datetime": {"datetime": "2021-06-29 22:10:03", "elapsed": 6962.064663, "delta": 20.252144}}
{"target": 0.003484130628277663, "params": {"0": 0.7906169563152083, "1": 1.7319683890639634, "2": -2.892231861891998, "3": 2.0931117790252074, "4": -2.3095735110576863, "5": -1.140950182696589, "6": -1.3459737353132508, "7": 0.5264904412420117}, "datetime": {"datetime": "2021-06-29 22:10:22", "elapsed": 6981.218531, "delta": 19.153868}}
{"target": 0.004353547149904831, "params": {"0": 2.6382211683114356, "1": 2.552192477607587, "2": 1.5990439097963458, "3": -2.5220699398576447, "4": 0.8689249317926802, "5": -1.0575663351303268, "6": 0.7547823860091123, "7": 1.7775454978815652}, "datetime": {"datetime": "2021-06-29 22:10:44", "elapsed": 7003.228013, "delta": 22.009482}}
{"target": 0.003916699839142, "params": {"0": -0.2248450205826824, "1": -0.3669818039943298, "2": -0.21407730498331512, "3": -1.3175629926801695, "4": -2.387548452522313, "5": -0.9701331035126248, "6": 2.405363079142048, "7": 2.8987897870290142}, "datetime": {"datetime": "2021-06-29 22:10:56", "elapsed": 7015.491556, "delta": 12.263543}}
{"target": 0.006979347733622486, "params": {"0": 1.4844298971764882, "1": -2.647116433895496, "2": 2.7448833102950516, "3": 1.1957061778014069, "4": 0.5562274942867433, "5": -1.2383829913724618, "6": -1.868284705587924, "7": -1.016307988533646}, "datetime": {"datetime": "2021-06-29 22:11:12", "elapsed": 7031.008239, "delta": 15.516683}}
