{"target": 0.0032217065490575208, "params": {"0": -1.0997388810723865, "1": -0.2454708981835072, "2": -0.7826490540818467, "3": -0.7165939252819742, "4": 2.08015709638478, "5": -1.9089132302163774, "6": 2.800116838710295, "7": -1.3827883250927833}, "datetime": {"datetime": "2021-06-29 23:31:28", "elapsed": 11846.994934, "delta": 11.249222}}
{"target": 0.0034794060361126953, "params": {"0": -2.817101971369887, "1": 2.5197225893998514, "2": 2.8200404975449107, "3": 1.6606601297799761, "4": 1.3020396412997624, "5": 0.5095611376630194, "6": -2.0575960889243765, "7": 0.2002083038277611}, "datetime": {"datetime": "2021-06-29 23:31:44", "elapsed": 11863.097316, "delta": 16.102382}}
{"target": 0.00311205696432145, "params": {"0": 2.5261994617065637, "1": 0.2736986785964586, "2": 2.309712627451682, "3": 0.7937112019151034, "4": 1.2535466499730443, "5": -1.9649704989067884, "6": -2.5656840613606757, "7": 1.1339097441808317}, "datetime": {"datetime": "2021-06-29 23:31:56", "elapsed": 11875.123632, "delta": 12.026316}}
{"target": 0.004722316688661942, "params": {"0": 0.05612865110221188, "1": 1.535636611227022, "2": -1.7116270558937228, "3": -0.9294466094383105, "4": -1.8012731346491235, "5": 1.4225951761733375, "6": -0.5373469374312112, "7": 2.3906973797904723}, "datetime": {"datetime": "2021-06-29 23:32:06", "elapsed": 11885.678489, "delta": 10.554857}}
{"target": 0.005590406994863129, "params": {"0": 1.5571432316087623, "1": -1.040263523108532, "2": 1.8076853193881322, "3": -2.0088977519224738, "4": -0.21507064293735345, "5": 0.07820212255469361, "6": -0.9820764437518537, "7": 0.983936734769737}, "datetime": {"datetime": "2021-06-29 23:32:28", "elapsed": 11907.599693, "delta": 21.921204}}
{"target": 0.00519940079473911, "params": {"0": 1.7154438508367615, "1": 0.5845070117686606, "2": -1.5445793514733206, "3": 1.966923798081809, "4": -0.3244506345834517, "5": -2.527235134655995, "6": 0.12221677217506954, "7": 1.1826745656703856}, "datetime": {"datetime": "2021-06-29 23:32:42", "elapsed": 11921.656296, "delta": 14.056603}}
{"target": 0.0031762701190356964, "params": {"0": 1.0459059959322836, "1": -2.299892608308275, "2": -1.0363387345154615, "3": 2.8626099196053145, "4": -0.1784994229676431, "5": 0.6785173147449193, "6": 0.47784823786464514, "7": -0.42171886033765205}, "datetime": {"datetime": "2021-06-29 23:32:55", "elapsed": 11934.17577, "delta": 12.519474}}
{"target": 0.005981170222971992, "params": {"0": 2.8335623266953016, "1": 0.030912387689014054, "2": -2.41490773091898, "3": -0.2246068177506153, "4": -2.4680392044634556, "5": -0.42271120436773746, "6": -0.1026825299732872, "7": -0.012622938416362306}, "datetime": {"datetime": "2021-06-29 23:33:06", "elapsed": 11945.746771, "delta": 11.571001}}
{"target": 0.003166240124863605, "params": {"0": -2.1054328874114088, "1": -0.6513517812474134, "2": 0.4978624767992992, "3": -2.8292004187101973, "4": 2.312806823124628, "5": -1.7937135353113807, "6": 2.354072702064788, "7": -0.6933176041559386}, "datetime": {"datetime": "2021-06-29 23:33:18", "elapsed": 11957.081818, "delta": 11.335047}}
{"target": 0.003259911982249533, "params": {"0": 0.48481320031427266, "1": -2.9368451792412458, "2": -0.5200174523787551, "3": 1.9111438583416724, "4": -2.3322378282062184, "5": 0.08655761406969731, "6": 1.858249329763427, "7": 1.6240011998059227}, "datetime": {"datetime": "2021-06-29 23:33:30", "elapsed": 11969.151053, "delta": 12.069235}}
