{"target": 0.0030380119641269456, "params": {"0": -1.6419859192322113, "1": 0.19973262337239728, "2": 2.2419326387750047, "3": -1.7261566937922699, "4": 0.6888959112171644, "5": -0.8498934700849032, "6": 2.186597788722203, "7": -2.380482525606224}, "datetime": {"datetime": "2021-06-29 17:15:56", "elapsed": 7076.895382, "delta": 14.835268}}
{"target": 0.0031006058636814915, "params": {"0": -1.0886181544618692, "1": 2.9185010161250977, "2": -2.3115496304626557, "3": 0.6461216427135099, "4": 1.2294173993434185, "5": 0.9341626984705229, "6": 0.30023697878608013, "7": 2.1585739395649046}, "datetime": {"datetime": "2021-06-29 17:16:12", "elapsed": 7092.778139, "delta": 15.882757}}
{"target": 0.008981427004841128, "params": {"0": 0.9979142862914623, "1": -1.3878416853175188, "2": -0.43310462534134553, "3": -2.393720950545898, "4": -0.0334002604579684, "5": -2.6154748681710833, "6": 0.9856411158772058, "7": 0.011742162502122344}, "datetime": {"datetime": "2021-06-29 17:16:28", "elapsed": 7109.642768, "delta": 16.864629}}
{"target": 0.006942446201115744, "params": {"0": -2.0310106296609476, "1": -2.7335430920819714, "2": -1.411872739964243, "3": 2.0423190706890777, "4": 1.2567764588202293, "5": 0.31921348676316175, "6": 1.4190438535842027, "7": -0.48403549885321295}, "datetime": {"datetime": "2021-06-29 17:17:10", "elapsed": 7151.336031, "delta": 41.693263}}
{"target": 0.003912718334372203, "params": {"0": 1.3439812948107956, "1": -1.563580886264829, "2": 0.2246823450750517, "3": -2.5256606442859066, "4": 0.9363408188325981, "5": -2.995339362817773, "6": 1.5363587854338965, "7": 1.4343450671709066}, "datetime": {"datetime": "2021-06-29 17:17:35", "elapsed": 7176.534387, "delta": 25.198356}}
{"target": 0.0030007766716542428, "params": {"0": 1.5169815567265301, "1": 1.9141701868965102, "2": -2.0301538214675143, "3": -0.9309323797367086, "4": 1.683573677294091, "5": 0.11548600856985303, "6": 2.509671846373383, "7": -1.4314044934584182}, "datetime": {"datetime": "2021-06-29 17:17:55", "elapsed": 7196.062312, "delta": 19.527925}}
{"target": 0.004105116385821756, "params": {"0": 1.321274526616456, "1": -1.6273628870823083, "2": -1.7354152492869332, "3": -0.4028499685073079, "4": 1.245434044482706, "5": -1.9480900006821582, "6": 1.3272847037250726, "7": 0.40768230156996665}, "datetime": {"datetime": "2021-06-29 17:18:19", "elapsed": 7220.127782, "delta": 24.06547}}
{"target": 0.003095324811473274, "params": {"0": 1.8465819560338659, "1": -2.568941337506982, "2": 2.230576780977561, "3": 0.5903905774367, "4": 0.7106988690611313, "5": -0.9887614688846207, "6": 1.5563760148322654, "7": -1.8564435865110445}, "datetime": {"datetime": "2021-06-29 17:18:34", "elapsed": 7235.246261, "delta": 15.118479}}
{"target": 0.0072055989254418955, "params": {"0": 0.9904865220951882, "1": -1.2095953175916163, "2": -1.9670391252399078, "3": -0.7549183631074063, "4": -1.3922690665177655, "5": -0.3853581789398479, "6": 2.07495538003959, "7": -2.024043174937127}, "datetime": {"datetime": "2021-06-29 17:18:47", "elapsed": 7248.130814, "delta": 12.884553}}
{"target": 0.0032412812411260826, "params": {"0": 2.6449287184747323, "1": 0.5279565710978611, "2": 1.9781959594027931, "3": 0.010906581125080805, "4": -1.4879539991958461, "5": 2.600551544299724, "6": -0.495458056000158, "7": 0.43012605277628513}, "datetime": {"datetime": "2021-06-29 17:19:06", "elapsed": 7267.488414, "delta": 19.3576}}
{"target": 0.005709585758688867, "params": {"0": -0.4331961310951211, "1": 1.6125760102726145, "2": 2.3379874268400087, "3": 0.09509623668631884, "4": -1.6554222310166171, "5": -1.4394040250872595, "6": 0.46885700789378193, "7": 1.5819232845764244}, "datetime": {"datetime": "2021-06-29 17:19:29", "elapsed": 7289.844102, "delta": 22.355688}}
{"target": 0.003489933513542852, "params": {"0": -1.1028018822876855, "1": 0.2230531868663581, "2": 2.1013333191240484, "3": 2.8264832212357005, "4": -0.491846314847999, "5": 1.0003082104527632, "6": -1.051033391295732, "7": -0.8359660162630798}, "datetime": {"datetime": "2021-06-29 17:19:49", "elapsed": 7310.33041, "delta": 20.486308}}
{"target": 0.0031359185587536563, "params": {"0": 0.33932353103237833, "1": -0.8221595883918313, "2": -1.4547108422845412, "3": -2.8321458957570185, "4": 0.38607866246502365, "5": 0.22732743461606786, "6": -1.8855282856331945, "7": 1.525043559779716}, "datetime": {"datetime": "2021-06-29 17:20:08", "elapsed": 7329.570913, "delta": 19.240503}}
{"target": 0.007642350058704325, "params": {"0": 1.4147267902633391, "1": -2.9450153839185473, "2": 1.1266469909637937, "3": -2.141594061863624, "4": -0.18445217816826842, "5": -1.0395802284042401, "6": 1.7073929229687739, "7": -2.4938322519910563}, "datetime": {"datetime": "2021-06-29 17:20:43", "elapsed": 7363.781791, "delta": 34.210878}}
{"target": 0.003090766350070097, "params": {"0": -1.3452614321858294, "1": -0.13504927161638935, "2": -1.5219503505367802, "3": -0.7377578804594354, "4": 1.9116990210044182, "5": -2.065579093391685, "6": 0.08165167007185081, "7": 2.692459696109383}, "datetime": {"datetime": "2021-06-29 17:21:01", "elapsed": 7382.463379, "delta": 18.681588}}
{"target": 0.009571496742251799, "params": {"0": 2.016842109736854, "1": -1.0322892592145145, "2": 0.17914227679793537, "3": -1.8924090993584755, "4": 2.146853642478387, "5": -2.340849742911533, "6": 2.632818592075383, "7": -0.12123480527958641}, "datetime": {"datetime": "2021-06-29 17:21:26", "elapsed": 7407.013701, "delta": 24.550322}}
{"target": 0.0045027521163587495, "params": {"0": 2.844395587694474, "1": -1.2422867340040813, "2": -2.1955947797076014, "3": -0.3395904921776225, "4": -2.5239177745619714, "5": -1.4700412249455832, "6": -0.13285459283808976, "7": 2.2493260887352955}, "datetime": {"datetime": "2021-06-29 17:21:39", "elapsed": 7419.991105, "delta": 12.977404}}
{"target": 0.0035232662474356563, "params": {"0": -0.4415527774867867, "1": 1.8526292663376323, "2": 1.2370957960333886, "3": -0.5813042691310852, "4": -1.538658017203549, "5": -1.4397420598167374, "6": 1.7281480361519224, "7": 1.3921824059403392}, "datetime": {"datetime": "2021-06-29 17:22:02", "elapsed": 7443.0457, "delta": 23.054595}}
{"target": 0.00551292220989395, "params": {"0": -1.8069290598591279, "1": -1.9849204814869363, "2": -0.1758589108158306, "3": -0.4022121694066114, "4": 2.2534410739482675, "5": -2.055363420050512, "6": 0.9471602455541834, "7": 1.51393967911204}, "datetime": {"datetime": "2021-06-29 17:22:13", "elapsed": 7454.050095, "delta": 11.004395}}
{"target": 0.0032482494960076264, "params": {"0": -1.2867784483935094, "1": 1.0382983895668687, "2": -0.4116706586305252, "3": -1.4288887769765226, "4": 1.447452942739023, "5": -1.441775860260196, "6": 2.4644207069824446, "7": 2.4489525963694883}, "datetime": {"datetime": "2021-06-29 17:22:24", "elapsed": 7465.48396, "delta": 11.433865}}
{"target": 0.006179695362295139, "params": {"0": -0.7461789830674119, "1": 0.14794828643900493, "2": 2.06638606315998, "3": 0.9422631947245419, "4": -0.3893618991850887, "5": 0.600849283122054, "6": 1.7692521578401363, "7": -0.6887677965607542}, "datetime": {"datetime": "2021-06-29 17:22:40", "elapsed": 7481.162677, "delta": 15.678717}}
{"target": 0.0030468219316274843, "params": {"0": -0.646132089450953, "1": 2.976459956231194, "2": 1.1405897112644068, "3": -0.9819973403777231, "4": -1.7096662426417841, "5": -0.17392184240585173, "6": 2.3956115859949367, "7": 2.0611339970198372}, "datetime": {"datetime": "2021-06-29 17:22:59", "elapsed": 7500.473602, "delta": 19.310925}}
{"target": 0.004852623019525851, "params": {"0": 0.866994057604594, "1": -1.6702755059538705, "2": -1.1440066841396344, "3": -0.17893238559623503, "4": 0.8476349392945215, "5": -2.21027058294374, "6": 1.9898153901820006, "7": 0.6753628834334067}, "datetime": {"datetime": "2021-06-29 17:23:29", "elapsed": 7530.603524, "delta": 30.129922}}
{"target": 0.049533792173829895, "params": {"0": 1.6377596934819518, "1": -2.719334675698393, "2": 1.2974985022185734, "3": -1.9311789081975306, "4": -0.14314900641535466, "5": -1.330518309868939, "6": 2.7491994543802347, "7": -1.4956557478828518}, "datetime": {"datetime": "2021-06-29 17:24:00", "elapsed": 7560.761686, "delta": 30.158162}}
{"target": 0.008007919799957769, "params": {"0": 0.42178580458086046, "1": 2.2318792814161217, "2": -2.001326500013497, "3": -2.9397886401410944, "4": 1.185708088616833, "5": -0.3903320812922404, "6": 1.0487111512073142, "7": -2.216148717710136}, "datetime": {"datetime": "2021-06-29 17:24:19", "elapsed": 7580.457953, "delta": 19.696267}}
{"target": 0.003120776792082351, "params": {"0": -0.8985189055980802, "1": -0.49611833044923115, "2": -0.004502320967216811, "3": -2.835145602293803, "4": 1.8030259989945536, "5": -0.35446738369231756, "6": -1.5540008667694656, "7": -1.3935440226429827}, "datetime": {"datetime": "2021-06-29 17:25:11", "elapsed": 7632.218568, "delta": 51.760615}}
{"target": 0.002980293771567157, "params": {"0": -0.5252316816168765, "1": -2.5017957190796034, "2": 1.3990191708468842, "3": 1.8659166418793731, "4": 0.9371313511494508, "5": 2.0213460475272687, "6": 0.5518543861633871, "7": 0.6331654928770858}, "datetime": {"datetime": "2021-06-29 17:25:44", "elapsed": 7664.909898, "delta": 32.69133}}
{"target": 0.0040148161210312155, "params": {"0": 0.7124679727032475, "1": 0.7372613795031473, "2": -0.9213584827167951, "3": -1.5450976075609855, "4": -0.08261328705721471, "5": -2.9078181826668836, "6": 2.8490309874639763, "7": 2.02003962668841}, "datetime": {"datetime": "2021-06-29 17:26:07", "elapsed": 7688.137874, "delta": 23.227976}}
{"target": 0.0033574480917070615, "params": {"0": -2.6667872996128454, "1": -1.9486056608305342, "2": 1.0544561717467298, "3": 0.09816267774614662, "4": 1.3784569420373831, "5": -2.914068308383854, "6": 1.6802616923480276, "7": 2.950971612043084}, "datetime": {"datetime": "2021-06-29 17:26:26", "elapsed": 7706.992713, "delta": 18.854839}}
{"target": 0.012937324484302317, "params": {"0": -0.2796372566667751, "1": 1.6423759019865347, "2": -1.6311744557676608, "3": -0.46495949777836953, "4": -1.9893202666999596, "5": -1.4797311367479082, "6": -1.5640452231232191, "7": -1.9913319598654486}, "datetime": {"datetime": "2021-06-29 17:26:46", "elapsed": 7727.072713, "delta": 20.08}}
{"target": 0.0032413889794635628, "params": {"0": 0.9683182820316358, "1": 1.5013761638237186, "2": -1.7848418448450616, "3": -1.787917115252443, "4": 0.7384796867248, "5": -0.07607768915785318, "6": 1.9016560890695366, "7": -0.4082512227082411}, "datetime": {"datetime": "2021-06-29 17:27:04", "elapsed": 7745.153767, "delta": 18.081054}}
{"target": 0.0036666273261791492, "params": {"0": -1.248493121178338, "1": -0.610795782241822, "2": 2.668895087936078, "3": -2.441307467433604, "4": 2.6711070824844976, "5": 2.124222140287084, "6": -1.9434582121793413, "7": -1.588836570142106}, "datetime": {"datetime": "2021-06-29 17:27:19", "elapsed": 7760.477504, "delta": 15.323737}}
{"target": 0.003667457280228783, "params": {"0": 0.4169559243797609, "1": 2.4102494522669584, "2": -2.601478473200179, "3": -2.0430574672841155, "4": -2.7629425017826073, "5": -0.28449020066671515, "6": -2.2169725759471484, "7": 2.681996385812175}, "datetime": {"datetime": "2021-06-29 17:27:32", "elapsed": 7773.07105, "delta": 12.593546}}
{"target": 0.004094429583179864, "params": {"0": 2.3632086721527923, "1": -0.6768917036596487, "2": -0.8521985885312575, "3": -1.0353832627635564, "4": 2.7493250768070077, "5": -2.832483113917391, "6": 1.380875804455651, "7": -0.25702914618603145}, "datetime": {"datetime": "2021-06-29 17:28:01", "elapsed": 7802.108221, "delta": 29.037171}}
{"target": 0.011204423394962412, "params": {"0": -0.41760825628443765, "1": 2.9068420966710953, "2": 0.17225677033439712, "3": 1.6938916429259985, "4": -2.690567127685649, "5": -1.8670944003394323, "6": 1.8416407143783307, "7": -2.759245254833208}, "datetime": {"datetime": "2021-06-29 17:28:22", "elapsed": 7822.947202, "delta": 20.838981}}
{"target": 0.0037422096822539615, "params": {"0": -1.7954975663763009, "1": 1.4003970385351403, "2": -2.1654154342013063, "3": -1.9401988116323579, "4": -2.5553765722885062, "5": -0.8354452211838712, "6": -2.5641537728146777, "7": 0.7304086618723336}, "datetime": {"datetime": "2021-06-29 17:28:56", "elapsed": 7857.176677, "delta": 34.229475}}
{"target": 0.004221932755344823, "params": {"0": -0.6768145425923344, "1": 2.606872302179281, "2": 0.4558100479857803, "3": 2.4275973783697946, "4": 0.6370563966679912, "5": -0.6278614494128343, "6": -2.1801755551464557, "7": 1.5320763333908083}, "datetime": {"datetime": "2021-06-29 17:29:11", "elapsed": 7871.944844, "delta": 14.768167}}
{"target": 0.003797722930220252, "params": {"0": -1.1191963846200372, "1": -2.3798063848568822, "2": -2.2163570918272786, "3": -0.4949349831982168, "4": 1.5772976114000201, "5": 0.5470883780221198, "6": 1.9353521672148002, "7": -2.1965366152388914}, "datetime": {"datetime": "2021-06-29 17:29:32", "elapsed": 7893.560096, "delta": 21.615252}}
{"target": 0.006071175024787503, "params": {"0": -1.282963267709877, "1": 0.6277888785022272, "2": -1.6718424768827602, "3": 2.33239840477641, "4": -0.4688684870806492, "5": 1.367298562420297, "6": 1.4761270285225043, "7": -2.5023752255364635}, "datetime": {"datetime": "2021-06-29 17:29:50", "elapsed": 7910.882724, "delta": 17.322628}}
{"target": 0.00551987510887793, "params": {"0": -0.4491810924391415, "1": -0.5345353885301201, "2": -1.5395818198854379, "3": 1.2102269829105987, "4": -1.454097884267665, "5": 2.234050279382159, "6": -0.1376526740803019, "7": -2.801783724408901}, "datetime": {"datetime": "2021-06-29 17:30:15", "elapsed": 7936.620669, "delta": 25.737945}}
{"target": 0.052333769607055866, "params": {"0": 1.0507128538810981, "1": -1.8959774160809255, "2": 0.17358750479572027, "3": -2.450923881669663, "4": 0.5363173404738757, "5": -2.7685505259559813, "6": 2.1419712777096453, "7": 0.3744670898803273}, "datetime": {"datetime": "2021-06-29 17:30:34", "elapsed": 7955.309491, "delta": 18.688822}}
{"target": 0.0029042108935290038, "params": {"0": -2.7223896592238273, "1": -2.168671298839702, "2": -1.8272815661592454, "3": 0.5209403019030869, "4": 2.9891174468685238, "5": 2.4195401497543756, "6": 2.4828675831435625, "7": -1.49567054282161}, "datetime": {"datetime": "2021-06-29 17:30:59", "elapsed": 7980.150652, "delta": 24.841161}}
{"target": 0.003786576943631144, "params": {"0": 0.409629572107455, "1": -1.1101873079072462, "2": 0.03653023244896625, "3": 0.21536796156770333, "4": 2.3246297654008536, "5": -1.753746919593254, "6": -0.6213292619948643, "7": -2.2271912226503194}, "datetime": {"datetime": "2021-06-29 17:31:14", "elapsed": 7995.438338, "delta": 15.287686}}
{"target": 0.0030875830437996155, "params": {"0": -0.1446334541924701, "1": 2.9145071333055075, "2": -1.5824286793351403, "3": -1.5925587757709574, "4": -1.3027924905619923, "5": 2.4179284028779504, "6": 0.10337103049034635, "7": -2.613221108229941}, "datetime": {"datetime": "2021-06-29 17:31:35", "elapsed": 8016.690574, "delta": 21.252236}}
{"target": 0.004775886776967442, "params": {"0": 0.7167358364341716, "1": 1.4138210188390676, "2": -0.7563414463070957, "3": -2.479456953357939, "4": -1.8700624246476636, "5": -0.21899118697005449, "6": 1.4021696505490624, "7": -0.8228324130742939}, "datetime": {"datetime": "2021-06-29 17:31:59", "elapsed": 8040.585849, "delta": 23.895275}}
{"target": 0.002919608938195628, "params": {"0": 1.7973391711653877, "1": 0.4631790252195578, "2": 2.081914259878518, "3": 1.0617164497339058, "4": 0.6993209646989644, "5": 0.7078916614095512, "6": 2.9958473154132106, "7": 0.662475422638583}, "datetime": {"datetime": "2021-06-29 17:32:17", "elapsed": 8058.524237, "delta": 17.938388}}
{"target": 0.003775613603038981, "params": {"0": -2.398770333503118, "1": 1.7548692194601738, "2": 2.580232322515524, "3": -2.11563628528045, "4": -2.009402811397131, "5": -0.9346655879357195, "6": 2.967845704863432, "7": -0.6624349568189798}, "datetime": {"datetime": "2021-06-29 17:32:32", "elapsed": 8073.331339, "delta": 14.807102}}
{"target": 0.0031368398600567743, "params": {"0": 1.0562948320581445, "1": -1.527646709559364, "2": 0.7415259722148759, "3": -2.771388023358358, "4": -0.31817194451466335, "5": 1.5275398549163022, "6": 0.5294972999603385, "7": -2.1053592840421893}, "datetime": {"datetime": "2021-06-29 17:32:55", "elapsed": 8096.258907, "delta": 22.927568}}
{"target": 0.012286766990526892, "params": {"0": 0.45196940607125224, "1": 1.4675306828409802, "2": 1.267545956920939, "3": 0.6969691557248545, "4": 1.854234740471699, "5": -0.731022892350107, "6": -2.571602786031435, "7": 1.8479944431905038}, "datetime": {"datetime": "2021-06-29 17:33:12", "elapsed": 8113.61868, "delta": 17.359773}}
{"target": 0.005884915547662866, "params": {"0": 2.0164559407439047, "1": -0.05104671061519639, "2": -0.6709907870115943, "3": 0.6321085161168805, "4": -0.19147566451257347, "5": -2.8621700688197875, "6": 1.824755478824411, "7": 1.7873031108712087}, "datetime": {"datetime": "2021-06-29 17:33:30", "elapsed": 8130.814564, "delta": 17.195884}}
{"target": 0.003552297591550436, "params": {"0": -0.7196573986359525, "1": -0.7307596565726948, "2": 2.167386904897537, "3": 1.4759387901289882, "4": -2.7144359533607343, "5": 0.7796042557018872, "6": 2.682076699589439, "7": -1.3428134734981225}, "datetime": {"datetime": "2021-06-29 17:33:55", "elapsed": 8155.826162, "delta": 25.011598}}
{"target": 0.005363482985073303, "params": {"0": -1.7858832096885067, "1": -1.8007705348513119, "2": 2.05619066275142, "3": 0.9204759946846339, "4": -2.4363433269556767, "5": 1.547327736317583, "6": 2.0157816617145734, "7": 0.5669723349384883}, "datetime": {"datetime": "2021-06-29 17:34:12", "elapsed": 8173.091843, "delta": 17.265681}}
{"target": 0.003781291110135851, "params": {"0": 1.4779231279194285, "1": -2.3276262527839577, "2": 1.0893308032404683, "3": -1.9956099831559553, "4": 0.48309139791142863, "5": -1.5376013600532639, "6": 1.6759658010695855, "7": -2.450901447139729}, "datetime": {"datetime": "2021-06-29 17:34:54", "elapsed": 8215.321539, "delta": 42.229696}}
{"target": 0.0031144067401366418, "params": {"0": 1.9875008288185505, "1": 1.7387772386772973, "2": 1.0955043420150465, "3": -0.4193589574796954, "4": -2.0019554231295853, "5": 2.435216208414097, "6": -2.433316384307322, "7": 2.7579960191320243}, "datetime": {"datetime": "2021-06-29 17:35:20", "elapsed": 8240.944122, "delta": 25.622583}}
{"target": 0.005166517775090904, "params": {"0": -2.0680213638680263, "1": -1.9249450464289362, "2": -0.12404037949083957, "3": 0.9472615272582132, "4": -2.237038656003082, "5": 2.896059423225439, "6": -1.7098116954420797, "7": 1.680240656487591}, "datetime": {"datetime": "2021-06-29 17:35:40", "elapsed": 8261.614496, "delta": 20.670374}}
{"target": 0.016888010895577718, "params": {"0": 1.2782433192133364, "1": -2.3798817386255626, "2": 0.8787842874293812, "3": -1.4768754239350814, "4": 0.5104328132085332, "5": -0.6891794483017497, "6": 1.5815369219676798, "7": -1.7167262708949842}, "datetime": {"datetime": "2021-06-29 17:36:08", "elapsed": 8289.153704, "delta": 27.539208}}
{"target": 0.005798194982576525, "params": {"0": -1.495691001056704, "1": 2.7213814689729396, "2": 2.0000661097490706, "3": 0.28523294292894885, "4": -1.9293325599003772, "5": -2.3821451992648783, "6": 1.3854511900106488, "7": 0.7507657445980915}, "datetime": {"datetime": "2021-06-29 17:36:35", "elapsed": 8316.328961, "delta": 27.175257}}
{"target": 0.0041385441721761285, "params": {"0": 2.351219976303417, "1": -1.2307169159333498, "2": -2.5012940036702376, "3": 1.2217828765012024, "4": 0.022252487830642487, "5": -2.886526721468471, "6": -2.150602315472356, "7": 1.4512042668634901}, "datetime": {"datetime": "2021-06-29 17:36:54", "elapsed": 8335.718896, "delta": 19.389935}}
{"target": 0.015210390016446453, "params": {"0": 2.834282250559424, "1": 0.9757171301367986, "2": -0.17111891083287079, "3": -1.3883272578996444, "4": 0.6136090449850018, "5": -2.470481567379913, "6": 0.5143534161297509, "7": 2.8715306664419575}, "datetime": {"datetime": "2021-06-29 17:37:09", "elapsed": 8349.839947, "delta": 14.121051}}
{"target": 0.04224889043476357, "params": {"0": 1.1521829075328238, "1": -1.4506257418501602, "2": 0.6167741601970222, "3": 0.0026281975505764166, "4": -0.7695008743650509, "5": -1.5983127557632715, "6": 0.26448832869189554, "7": -2.6928356438451733}, "datetime": {"datetime": "2021-06-29 17:37:28", "elapsed": 8369.397097, "delta": 19.55715}}
{"target": 0.007947082819956238, "params": {"0": -2.2365333505965665, "1": -2.3748929763065174, "2": 0.7375713284135905, "3": -0.6913635515352219, "4": -2.515811608444552, "5": -1.8200339400165026, "6": 0.005862057869943982, "7": 1.42485316199953}, "datetime": {"datetime": "2021-06-29 17:37:52", "elapsed": 8393.465525, "delta": 24.068428}}
{"target": 0.003982481165210503, "params": {"0": 2.690755585688951, "1": -1.5813378390779067, "2": -2.0185054340513986, "3": -1.302773836784838, "4": -2.1777641058199797, "5": -1.0241649786450324, "6": 2.3205230966529466, "7": 0.04980064896055714}, "datetime": {"datetime": "2021-06-29 17:38:14", "elapsed": 8415.668792, "delta": 22.203267}}
{"target": 0.0037039235781965276, "params": {"0": -1.7221515188085834, "1": -1.7180285357737293, "2": -2.413891643525777, "3": -1.1592942974075846, "4": -1.2446730023054435, "5": 1.0740615864473781, "6": 1.0886201690762354, "7": -0.8936747307928461}, "datetime": {"datetime": "2021-06-29 17:38:33", "elapsed": 8434.352926, "delta": 18.684134}}
{"target": 0.004255344703848611, "params": {"0": -0.15181034502621404, "1": -2.8024327184546918, "2": -2.5519816125886026, "3": -1.381444766349671, "4": 0.25621115858953614, "5": -1.8264823358006415, "6": -1.8358067537355411, "7": 0.954645241235009}, "datetime": {"datetime": "2021-06-29 17:38:54", "elapsed": 8455.346192, "delta": 20.993266}}
