{"target": 0.0031622073752324864, "params": {"0": -1.0997388810723865, "1": -0.2454708981835072, "2": -0.7826490540818467, "3": -0.7165939252819742, "4": 2.08015709638478, "5": -1.9089132302163774, "6": 2.800116838710295, "7": -1.3827883250927833}, "datetime": {"datetime": "2021-06-29 23:28:38", "elapsed": 11676.229281, "delta": 14.380053}}
{"target": 0.0034062249205592666, "params": {"0": -2.817101971369887, "1": 2.5197225893998514, "2": 2.8200404975449107, "3": 1.6606601297799761, "4": 1.3020396412997624, "5": 0.5095611376630194, "6": -2.0575960889243765, "7": 0.2002083038277611}, "datetime": {"datetime": "2021-06-29 23:28:56", "elapsed": 11694.698546, "delta": 18.469265}}
{"target": 0.0031237975278372685, "params": {"0": 2.5261994617065637, "1": 0.2736986785964586, "2": 2.309712627451682, "3": 0.7937112019151034, "4": 1.2535466499730443, "5": -1.9649704989067884, "6": -2.5656840613606757, "7": 1.1339097441808317}, "datetime": {"datetime": "2021-06-29 23:29:11", "elapsed": 11709.39075, "delta": 14.692204}}
{"target": 0.00401342496376507, "params": {"0": 0.05612865110221188, "1": 1.535636611227022, "2": -1.7116270558937228, "3": -0.9294466094383105, "4": -1.8012731346491235, "5": 1.4225951761733375, "6": -0.5373469374312112, "7": 2.3906973797904723}, "datetime": {"datetime": "2021-06-29 23:29:26", "elapsed": 11724.122311, "delta": 14.731561}}
{"target": 0.003913330105497675, "params": {"0": 0.7975616913435783, "1": -1.5807756636655947, "2": -2.210521546075169, "3": 0.283050573075438, "4": -2.041782943537946, "5": -0.771905165098691, "6": 2.982741908503151, "7": 2.9733857956540657}, "datetime": {"datetime": "2021-06-29 23:29:54", "elapsed": 11752.291594, "delta": 28.169283}}
{"target": 0.02722795471774906, "params": {"0": 0.08474758874827604, "1": -2.3647961467139247, "2": -2.539960420811661, "3": -2.8975877508480385, "4": -1.427173369497628, "5": -1.4276880784325967, "6": 1.339813170096468, "7": -0.5136646759327652}, "datetime": {"datetime": "2021-06-29 23:30:10", "elapsed": 11768.134672, "delta": 15.843078}}
{"target": 0.0031345986564249744, "params": {"0": 1.0459059959322836, "1": -2.299892608308275, "2": -1.0363387345154615, "3": 2.8626099196053145, "4": -0.1784994229676431, "5": 0.6785173147449193, "6": 0.47784823786464514, "7": -0.42171886033765205}, "datetime": {"datetime": "2021-06-29 23:30:25", "elapsed": 11783.477202, "delta": 15.34253}}
{"target": 0.024075146891165376, "params": {"0": 2.8335623266953016, "1": 0.030912387689014054, "2": -2.41490773091898, "3": -0.2246068177506153, "4": -2.4680392044634556, "5": -0.42271120436773746, "6": -0.1026825299732872, "7": -0.012622938416362306}, "datetime": {"datetime": "2021-06-29 23:30:36", "elapsed": 11794.849118, "delta": 11.371916}}
{"target": 0.0030930413548783146, "params": {"0": -2.1054328874114088, "1": -0.6513517812474134, "2": 0.4978624767992992, "3": -2.8292004187101973, "4": 2.312806823124628, "5": -1.7937135353113807, "6": 2.354072702064788, "7": -0.6933176041559386}, "datetime": {"datetime": "2021-06-29 23:30:50", "elapsed": 11808.801909, "delta": 13.952791}}
{"target": 0.0032425684610521955, "params": {"0": 0.48481320031427266, "1": -2.9368451792412458, "2": -0.5200174523787551, "3": 1.9111438583416724, "4": -2.3322378282062184, "5": 0.08655761406969731, "6": 1.858249329763427, "7": 1.6240011998059227}, "datetime": {"datetime": "2021-06-29 23:31:04", "elapsed": 11822.791937, "delta": 13.990028}}
