{"target": 0.003594207285461204, "params": {"0": 0.2876199325190587, "1": 0.6493666585804339, "2": -0.872406837688017, "3": 0.844953590289788, "4": -1.7986110398352237, "5": 1.0953014478159178, "6": 0.8372726232401329, "7": 2.059775313724206}, "datetime": {"datetime": "2021-06-29 23:04:47", "elapsed": 10246.946631, "delta": 16.6474}}
{"target": 0.004982559110739924, "params": {"0": -2.740670761652771, "1": 1.3300893041080837, "2": -2.800478670771013, "3": -1.0894019030549889, "4": 0.15781942262729398, "5": -2.022070554000716, "6": 0.10525679534357923, "7": 1.129112140101542}, "datetime": {"datetime": "2021-06-29 23:05:13", "elapsed": 10271.974124, "delta": 25.027493}}
{"target": 0.002856353025091433, "params": {"0": -1.8157974059212134, "1": 2.8466160185573663, "2": -0.1614993438087211, "3": 1.1506621664270344, "4": 1.9650639354992512, "5": -1.9789184970395033, "6": -2.2817143186693434, "7": -0.00870230543746775}, "datetime": {"datetime": "2021-06-29 23:05:35", "elapsed": 10294.900667, "delta": 22.926543}}
{"target": 0.003317273734317455, "params": {"0": -1.7250261922642727, "1": 0.17228674378140596, "2": -0.6778156937677067, "3": 1.1033836614900974, "4": -0.8812597300547051, "5": -0.5931657736575131, "6": -0.2627068284880911, "7": 0.8957531979455471}, "datetime": {"datetime": "2021-06-29 23:05:58", "elapsed": 10317.627816, "delta": 22.727149}}
{"target": 0.004479011371601346, "params": {"0": 1.9671960053600266, "1": 2.834316975593696, "2": -1.0847889701429827, "3": 1.1013614810827734, "4": -1.5075570374045706, "5": -1.7333540673859333, "6": 1.7991317405608207, "7": 2.5716683635951325}, "datetime": {"datetime": "2021-06-29 23:06:16", "elapsed": 10335.058057, "delta": 17.430241}}
{"target": 0.0031243611604969217, "params": {"0": 0.07579528223615606, "1": 0.4851074594455502, "2": 2.8712726710255563, "3": -2.7830251739202017, "4": 0.2358962879969404, "5": -0.39003883941439366, "6": 1.990541465125749, "7": -2.479645085063728}, "datetime": {"datetime": "2021-06-29 23:06:44", "elapsed": 10363.83719, "delta": 28.779133}}
{"target": 0.0030160159786250993, "params": {"0": -2.110787350194789, "1": 0.9259334633022842, "2": 0.7636677765962956, "3": -2.3127443597561514, "4": -0.08206354531660054, "5": -0.18295144188695334, "6": 2.293613087485583, "7": 2.846948457768547}, "datetime": {"datetime": "2021-06-29 23:07:03", "elapsed": 10382.883299, "delta": 19.046109}}
{"target": 0.0034581410714108474, "params": {"0": 1.4005027586035528, "1": 0.01263819710898062, "2": 1.4495853578907427, "3": -1.772082193117189, "4": 1.8358253310293868, "5": 1.9547011359160145, "6": -0.3411858625257911, "7": -0.9480770787019424}, "datetime": {"datetime": "2021-06-29 23:07:19", "elapsed": 10398.216908, "delta": 15.333609}}
{"target": 0.003313463851928716, "params": {"0": -1.6820880255906219, "1": -0.047336907592368416, "2": -1.7185789063860504, "3": -1.2320923589153505, "4": 1.6805342976775552, "5": -1.1143889509357836, "6": 0.680884422628746, "7": -1.3787720957427552}, "datetime": {"datetime": "2021-06-29 23:07:49", "elapsed": 10428.573951, "delta": 30.357043}}
{"target": 0.010403328224982135, "params": {"0": -1.9281112196903463, "1": 0.5776615602943727, "2": -1.2987390069052913, "3": -0.18003666378090255, "4": 1.7772054256274492, "5": 1.1479709226738084, "6": 1.4112610810007489, "7": -2.8296358680673155}, "datetime": {"datetime": "2021-06-29 23:08:10", "elapsed": 10449.34344, "delta": 20.769489}}
{"target": 0.003151138218191682, "params": {"0": 0.2599517188878959, "1": 1.4213928033949967, "2": -1.622184354160496, "3": -2.4699203604191258, "4": -0.5354535453868383, "5": 1.2240325770176232, "6": 1.3107931293070907, "7": 1.4931918338134942}, "datetime": {"datetime": "2021-06-29 23:08:28", "elapsed": 10467.576647, "delta": 18.233207}}
{"target": 0.0033829622737735683, "params": {"0": 2.494233176504606, "1": -1.012455067589554, "2": -0.7524632831648015, "3": -0.8954652439491184, "4": -0.33767013319386674, "5": 2.5874045254436915, "6": 1.975556931494669, "7": -1.1527688708083472}, "datetime": {"datetime": "2021-06-29 23:08:48", "elapsed": 10487.83663, "delta": 20.259983}}
{"target": 0.00830043197776836, "params": {"0": 2.7484689545487218, "1": 2.474395181377366, "2": 1.5170200560503044, "3": -0.6885797955393635, "4": -1.7797961028973652, "5": -1.3348105208222276, "6": 0.49470005462503597, "7": 0.6507728041734708}, "datetime": {"datetime": "2021-06-29 23:09:14", "elapsed": 10513.333308, "delta": 25.496678}}
{"target": 0.0073921976937619165, "params": {"0": -2.7729495167737896, "1": 1.4524248405991669, "2": 0.518008746013952, "3": 1.9366886162626642, "4": -0.25879574090386104, "5": -2.955204744275536, "6": -2.831358811564394, "7": -1.2401944734379513}, "datetime": {"datetime": "2021-06-29 23:09:42", "elapsed": 10541.729707, "delta": 28.396399}}
{"target": 0.01236392085302272, "params": {"0": -2.2819926351902864, "1": 1.0501891826976149, "2": -0.9366122660019429, "3": -1.290900410075861, "4": 1.064895185129286, "5": -1.4424398855368263, "6": 1.7900189385092276, "7": 1.6349377716925542}, "datetime": {"datetime": "2021-06-29 23:09:58", "elapsed": 10557.26584, "delta": 15.536133}}
{"target": 0.0032394468999782057, "params": {"0": 2.8089889900527343, "1": -2.784274789998186, "2": -0.6667109999210821, "3": -2.387402548590217, "4": 2.6483981874308578, "5": -0.03664569750765079, "6": -0.2527358950201384, "7": -2.6750186735829584}, "datetime": {"datetime": "2021-06-29 23:10:20", "elapsed": 10579.699009, "delta": 22.433169}}
{"target": 0.0030633955515766364, "params": {"0": 1.9854689265642325, "1": 2.738609941340356, "2": -1.6646281902358528, "3": -2.1954499049768987, "4": 0.14026808085476716, "5": 0.5760587934885422, "6": -0.8381526644026924, "7": -2.4521273933905334}, "datetime": {"datetime": "2021-06-29 23:10:45", "elapsed": 10603.98684, "delta": 24.287831}}
{"target": 0.005191434754802158, "params": {"0": -0.35125926444721856, "1": 1.2743802430815263, "2": 2.4253907037371407, "3": 2.8261006043193477, "4": -0.7763176547669524, "5": -2.445001316427417, "6": -2.5796237139734712, "7": 0.2082488973531409}, "datetime": {"datetime": "2021-06-29 23:11:03", "elapsed": 10622.022439, "delta": 18.035599}}
{"target": 0.0029795080132502, "params": {"0": -2.736741634565955, "1": -0.5547973862439131, "2": 1.0159379224560343, "3": -1.808487486911538, "4": -1.0549507373523952, "5": 0.9598150295650894, "6": 0.3865299092681598, "7": -2.5559069724375947}, "datetime": {"datetime": "2021-06-29 23:11:20", "elapsed": 10639.039311, "delta": 17.016872}}
{"target": 0.002835047295885778, "params": {"0": -1.00079025805133, "1": 2.34523299285783, "2": -1.272586528577395, "3": 2.2004498127231376, "4": 2.7982296724050117, "5": -2.0652247140768782, "6": 2.3754422406101448, "7": -0.8084402088501745}, "datetime": {"datetime": "2021-06-29 23:11:43", "elapsed": 10662.921502, "delta": 23.882191}}
{"target": 0.0053900392089901205, "params": {"0": -0.8159532051912759, "1": 0.9446820912614684, "2": -1.133366153983794, "3": -2.433700103361775, "4": -1.7861579509066985, "5": -2.452242990151606, "6": -2.5584334045373387, "7": -1.7578228062573862}, "datetime": {"datetime": "2021-06-29 23:12:04", "elapsed": 10683.574251, "delta": 20.652749}}
{"target": 0.0030214910263640818, "params": {"0": -2.490709262154639, "1": 2.32889919515536, "2": 1.7746248808153915, "3": -0.32738419854274525, "4": 1.9967512495083, "5": -1.7134699579191375, "6": -2.707845213901683, "7": -2.610116470631323}, "datetime": {"datetime": "2021-06-29 23:12:27", "elapsed": 10706.798208, "delta": 23.223957}}
{"target": 0.00301327714568243, "params": {"0": 0.8546953785686586, "1": -0.041115244157828634, "2": -1.985089791946869, "3": 2.422659992158673, "4": 1.680254230046284, "5": 2.36050923331546, "6": 2.36168654509438, "7": -1.5799695681230055}, "datetime": {"datetime": "2021-06-29 23:12:56", "elapsed": 10735.577402, "delta": 28.779194}}
{"target": 0.003261525974827547, "params": {"0": -0.7204578999642361, "1": 1.4148524746844142, "2": -1.2223171375439832, "3": -2.2410203107738798, "4": 2.7866090693836156, "5": 1.2674452895502277, "6": -1.215377505903851, "7": -2.778026515590187}, "datetime": {"datetime": "2021-06-29 23:13:27", "elapsed": 10766.540111, "delta": 30.962709}}
{"target": 0.0030058838293537922, "params": {"0": 2.059530229876553, "1": 2.0402296269605857, "2": 2.831408833095894, "3": 2.3654776520387406, "4": 1.2556053740418012, "5": 2.20841538882203, "6": -2.960595395660963, "7": -1.5875746528715236}, "datetime": {"datetime": "2021-06-29 23:13:46", "elapsed": 10785.208343, "delta": 18.668232}}
{"target": 0.004271465964605766, "params": {"0": -2.1641566074530063, "1": -1.3125245280822926, "2": -1.5609195655889117, "3": -1.7518277207604054, "4": -0.059655094472507386, "5": 2.582462276193251, "6": -1.3099857320311792, "7": -1.3329873569426114}, "datetime": {"datetime": "2021-06-29 23:14:07", "elapsed": 10806.795032, "delta": 21.586689}}
{"target": 0.0032524626368577838, "params": {"0": -2.9422402158644982, "1": 1.925185258873488, "2": 1.3144442683294386, "3": -2.092227142259733, "4": -2.314609176782138, "5": -0.5758954219330037, "6": -0.9917422848558353, "7": -2.9113138858836196}, "datetime": {"datetime": "2021-06-29 23:14:27", "elapsed": 10826.468105, "delta": 19.673073}}
{"target": 0.0033888660388365437, "params": {"0": 0.9463374650021943, "1": -0.10105496872963471, "2": -0.855885352395628, "3": -1.30823368836523, "4": 0.8258038225083961, "5": -1.984941667627934, "6": -1.7560067301608258, "7": -1.9879743055870496}, "datetime": {"datetime": "2021-06-29 23:14:53", "elapsed": 10852.736752, "delta": 26.268647}}
{"target": 0.0035318983292177714, "params": {"0": 2.2567934506385123, "1": 2.8488417181053016, "2": -1.2994195721293107, "3": -1.1056030402042039, "4": 1.1811669464965036, "5": -1.37074150087267, "6": 1.4744174663229117, "7": 0.22311396286325502}, "datetime": {"datetime": "2021-06-29 23:15:23", "elapsed": 10882.751629, "delta": 30.014877}}
{"target": 0.003427684452712384, "params": {"0": 0.31329070063895337, "1": -1.4133711757296976, "2": 2.5269818043789787, "3": -1.5725430308188568, "4": -0.6483606609845802, "5": 0.2018408871309436, "6": -0.7097464241437015, "7": 0.34273634789175134}, "datetime": {"datetime": "2021-06-29 23:15:58", "elapsed": 10917.181254, "delta": 34.429625}}
{"target": 0.003462673303561721, "params": {"0": -0.9182063940660772, "1": -0.6021033577148716, "2": -1.5454872598623568, "3": 0.14055274173745191, "4": -1.5492783429313595, "5": -1.453873402943695, "6": -2.0267348954235014, "7": 2.368280043533085}, "datetime": {"datetime": "2021-06-29 23:16:27", "elapsed": 10946.60387, "delta": 29.422616}}
{"target": 0.004171195375464819, "params": {"0": 1.04966158599108, "1": -0.6399502817241651, "2": 1.4013758203100544, "3": -0.6303922823822026, "4": -0.19179946134294834, "5": -0.18680460826068446, "6": -0.5686655826302935, "7": 2.398821939442718}, "datetime": {"datetime": "2021-06-29 23:16:55", "elapsed": 10974.863185, "delta": 28.259315}}
{"target": 0.003489615666674363, "params": {"0": -0.24984355616209974, "1": -2.407179002763936, "2": 0.8126945216388957, "3": -2.6031545102215414, "4": -2.155841355239609, "5": -2.227393210132451, "6": 0.6930493776065036, "7": 1.887900116184154}, "datetime": {"datetime": "2021-06-29 23:17:57", "elapsed": 11036.427517, "delta": 61.564332}}
{"target": 0.00514157354841823, "params": {"0": -2.834609412164241, "1": -0.858476454886683, "2": 0.3859171646954227, "3": -1.0232063479315436, "4": -2.2820759558583266, "5": 1.7692482519717343, "6": 1.0166483714985874, "7": 0.16130036205428144}, "datetime": {"datetime": "2021-06-29 23:18:26", "elapsed": 11065.667966, "delta": 29.240449}}
{"target": 0.005444259852417193, "params": {"0": -2.1817189546627236, "1": 1.1863991821414634, "2": 0.6065589204269992, "3": 1.676776831513438, "4": -1.3305163897991419, "5": 1.9935691818155616, "6": -2.4710880327790274, "7": 0.15973813275983773}, "datetime": {"datetime": "2021-06-29 23:18:55", "elapsed": 11094.597801, "delta": 28.929835}}
{"target": 0.003054811138606489, "params": {"0": 1.319871903082034, "1": 1.145283600606323, "2": -0.0932846503071918, "3": -0.8808047181032737, "4": 2.335367402120614, "5": 2.0059334772045307, "6": 0.4425223816553503, "7": -2.775465249281819}, "datetime": {"datetime": "2021-06-29 23:19:17", "elapsed": 11116.685275, "delta": 22.087474}}
{"target": 0.002931475364960446, "params": {"0": 2.645392841542801, "1": 1.9230583878513814, "2": -2.184514112924579, "3": 2.6197130967294324, "4": 1.5667233156111644, "5": -0.0006777888368705298, "6": 1.0815704935356685, "7": 2.6359645322373764}, "datetime": {"datetime": "2021-06-29 23:19:36", "elapsed": 11135.219829, "delta": 18.534554}}
{"target": 0.004053461795015159, "params": {"0": 1.7150215282414312, "1": -1.3184557663781853, "2": -2.8452912388802893, "3": 2.2359017470452756, "4": 2.1073075132530112, "5": 0.30384176320413214, "6": -2.743528955503641, "7": 0.5087765769244532}, "datetime": {"datetime": "2021-06-29 23:19:59", "elapsed": 11158.200966, "delta": 22.981137}}
{"target": 0.0030727006511468663, "params": {"0": 1.1325145663680685, "1": 1.911827103617589, "2": 0.36380566124174996, "3": 2.078410039519044, "4": 0.8557439319390427, "5": -0.030303907295870403, "6": -1.6525164237421968, "7": -0.0814001011396579}, "datetime": {"datetime": "2021-06-29 23:20:22", "elapsed": 11181.879087, "delta": 23.678121}}
{"target": 0.002910812814726852, "params": {"0": -1.7311680300453696, "1": -2.489635870096764, "2": 1.5434330734457138, "3": 2.648722049913898, "4": 2.3787888543465465, "5": -0.5637379026156815, "6": 0.3524711253212711, "7": -0.2670138209525188}, "datetime": {"datetime": "2021-06-29 23:20:40", "elapsed": 11199.899312, "delta": 18.020225}}
{"target": 0.006557561724683244, "params": {"0": 0.020162371985320338, "1": 0.20114272753901652, "2": 1.596562249209013, "3": 2.339701490208821, "4": -2.878267166301638, "5": -1.2873096075195773, "6": 2.8050346440805836, "7": -2.4465275828736135}, "datetime": {"datetime": "2021-06-29 23:21:03", "elapsed": 11222.525593, "delta": 22.626281}}
{"target": 0.02818758402138594, "params": {"0": 1.751775023751688, "1": 2.142281653119248, "2": 1.406305994476961, "3": -2.4049964548515073, "4": 0.13390402545092606, "5": 0.08830856107809737, "6": -0.8009615271794619, "7": -0.48476259990603543}, "datetime": {"datetime": "2021-06-29 23:21:23", "elapsed": 11242.827986, "delta": 20.302393}}
{"target": 0.003853748845993384, "params": {"0": -2.0188916875075886, "1": 1.8148514175874286, "2": 2.5427850056614734, "3": 0.5206700457296005, "4": -1.4549000340269809, "5": -2.315981366950524, "6": 1.25122799309643, "7": 0.3097581197085679}, "datetime": {"datetime": "2021-06-29 23:22:11", "elapsed": 11290.949706, "delta": 48.12172}}
{"target": 0.0033203931823090147, "params": {"0": 1.3775397855063964, "1": 2.1944006128113696, "2": -1.8807831711648513, "3": -1.8406711080943086, "4": -1.3927891972633746, "5": 2.6187702346532262, "6": 0.4940409416756282, "7": -2.2523852417578993}, "datetime": {"datetime": "2021-06-29 23:22:33", "elapsed": 11312.923278, "delta": 21.973572}}
{"target": 0.0030686104198758115, "params": {"0": -1.3880881552702653, "1": -0.6710617441191253, "2": 1.7232347501752328, "3": 2.3363950239087954, "4": 2.362206928805964, "5": -2.315316766684015, "6": 0.47714817203440596, "7": -2.0719848217153944}, "datetime": {"datetime": "2021-06-29 23:22:51", "elapsed": 11330.195621, "delta": 17.272343}}
{"target": 0.0034108677690403624, "params": {"0": 0.9170219919340443, "1": 1.7531209035481332, "2": 1.2038556565034142, "3": -1.415434318644828, "4": -0.5349843876766185, "5": 2.8199497358033225, "6": 0.7849883190445777, "7": -2.635788342408751}, "datetime": {"datetime": "2021-06-29 23:23:10", "elapsed": 11349.357921, "delta": 19.1623}}
{"target": 0.0030134566667818974, "params": {"0": -2.4071480998357604, "1": 1.5090221832327568, "2": 0.8457210001647772, "3": -2.376805022798487, "4": 1.9671134260269696, "5": -2.0385298407675956, "6": 0.7467716399121103, "7": 0.8781016284266263}, "datetime": {"datetime": "2021-06-29 23:23:31", "elapsed": 11370.349976, "delta": 20.992055}}
{"target": 0.006073636516293205, "params": {"0": -2.257404304591933, "1": 0.4948064277084283, "2": 0.9767935445573332, "3": 1.1986458833674343, "4": -1.6052534780010639, "5": 1.7428528280162716, "6": 0.07631239821790992, "7": -1.07438366649036}, "datetime": {"datetime": "2021-06-29 23:23:48", "elapsed": 11387.39003, "delta": 17.040054}}
{"target": 0.003301640263543958, "params": {"0": -2.387257472403965, "1": -1.4974641050432154, "2": 1.636286531674152, "3": -0.41375288145773315, "4": -1.3870618090603524, "5": -2.0651790295480685, "6": -2.3130195911717766, "7": -0.7902544052755358}, "datetime": {"datetime": "2021-06-29 23:24:11", "elapsed": 11410.256078, "delta": 22.866048}}
{"target": 0.005116886684764636, "params": {"0": 1.1092676529161238, "1": -2.0806612607379997, "2": 1.9783819341768618, "3": 2.830069724178883, "4": -2.2187439298042673, "5": 1.8058656432217548, "6": 1.1454116840073185, "7": -1.7916489701178406}, "datetime": {"datetime": "2021-06-29 23:24:30", "elapsed": 11429.152147, "delta": 18.896069}}
{"target": 0.00892489798127903, "params": {"0": 2.1103967068594276, "1": -0.6511498648925951, "2": 0.1330026792920629, "3": -1.2221616275719696, "4": -1.173276516527075, "5": -0.8612623894177087, "6": 2.288891988578314, "7": -0.3933548322312985}, "datetime": {"datetime": "2021-06-29 23:24:50", "elapsed": 11449.433074, "delta": 20.280927}}
{"target": 0.005787226837377527, "params": {"0": -0.6052571661455692, "1": -1.235670587652824, "2": -0.22896339197425775, "3": -0.2918007846964974, "4": -2.540101986952098, "5": 0.3124097788057294, "6": 0.09070234059484061, "7": 2.3849724067648914}, "datetime": {"datetime": "2021-06-29 23:25:08", "elapsed": 11467.494258, "delta": 18.061184}}
{"target": 0.0031018884103299754, "params": {"0": -1.9606102952819062, "1": -2.157543052022292, "2": -0.20906794907281068, "3": -2.7026852665211605, "4": -1.176766184326417, "5": 0.20835291854821225, "6": 1.1617268497044035, "7": 2.508696722388672}, "datetime": {"datetime": "2021-06-29 23:25:27", "elapsed": 11486.036734, "delta": 18.542476}}
{"target": 0.005193230998174798, "params": {"0": 1.4581252287013315, "1": -1.7964712727533672, "2": 1.9323723643400363, "3": -0.8973428826532377, "4": 0.4502219463700978, "5": -2.6270047075381884, "6": 0.7344496525412598, "7": -0.272776485208305}, "datetime": {"datetime": "2021-06-29 23:25:41", "elapsed": 11500.301818, "delta": 14.265084}}
{"target": 0.005251095150824651, "params": {"0": -1.2759536209345685, "1": -1.6899406762580949, "2": 2.1354222951707955, "3": 1.1597246135341681, "4": 2.2074087688377144, "5": 0.23767696885107803, "6": 1.8297253321729414, "7": 2.06624483617534}, "datetime": {"datetime": "2021-06-29 23:25:55", "elapsed": 11514.012656, "delta": 13.710838}}
{"target": 0.003458291250836813, "params": {"0": 0.12452641660436958, "1": -1.6109667277708546, "2": -2.3298248482954924, "3": -0.7172037331114538, "4": -1.5523013365298097, "5": -0.21936832629865055, "6": -2.8035092373414408, "7": -1.0432443788554275}, "datetime": {"datetime": "2021-06-29 23:26:09", "elapsed": 11528.939332, "delta": 14.926676}}
{"target": 0.003584399995451639, "params": {"0": 2.854258817625688, "1": -1.1626468241644123, "2": 1.0316274193168695, "3": -2.9351671232961927, "4": -2.52226465554593, "5": -2.1765767357992205, "6": 1.1130754954852744, "7": -2.265827208517318}, "datetime": {"datetime": "2021-06-29 23:26:27", "elapsed": 11546.224883, "delta": 17.285551}}
{"target": 0.00462295590887019, "params": {"0": 1.5369157606934039, "1": -1.9674255927769329, "2": -0.4836196459471367, "3": -1.2097095157106115, "4": -1.2505479963576858, "5": -2.639866333923238, "6": -0.36399243721881636, "7": -2.5521952047061625}, "datetime": {"datetime": "2021-06-29 23:26:42", "elapsed": 11561.524406, "delta": 15.299523}}
{"target": 0.0034345097893341684, "params": {"0": -1.1197077618190288, "1": 1.9800472015225594, "2": -2.7236113976240555, "3": 2.258837482738631, "4": -0.554602958710916, "5": -2.1390989011545622, "6": -1.0001939638988941, "7": -1.8136482718752571}, "datetime": {"datetime": "2021-06-29 23:27:04", "elapsed": 11583.639956, "delta": 22.11555}}
{"target": 0.003519919381301262, "params": {"0": 2.9565413620141117, "1": 0.10341284284145891, "2": -2.137385844922635, "3": 2.9636247450318285, "4": 2.9395869425326273, "5": 0.9918835095460992, "6": 2.5402997201389894, "7": -2.4838718494360337}, "datetime": {"datetime": "2021-06-29 23:27:21", "elapsed": 11600.430598, "delta": 16.790642}}
{"target": 0.0031865740038078713, "params": {"0": 2.81313837982798, "1": 2.7923431455027616, "2": 1.4107779704141423, "3": 1.4097202726008025, "4": -2.4864202057521414, "5": 2.4420849743875994, "6": 1.4504061294606494, "7": -0.7441228637925974}, "datetime": {"datetime": "2021-06-29 23:27:36", "elapsed": 11615.485444, "delta": 15.054846}}
{"target": 0.002893956412372304, "params": {"0": -0.24905775237948857, "1": -2.115869839703883, "2": 2.6571953278709124, "3": 0.95914086661847, "4": 1.7215976248501805, "5": 1.732141454889244, "6": 2.2117805477988792, "7": -1.1671302948695796}, "datetime": {"datetime": "2021-06-29 23:28:28", "elapsed": 11667.637333, "delta": 52.151889}}
{"target": 0.003060592189876412, "params": {"0": -2.21764782125556, "1": -1.8608370155267986, "2": 1.9848089786132395, "3": -1.884549140184687, "4": 1.162497313134164, "5": 2.7877977504940654, "6": 2.6928323595043144, "7": -0.5589144613232069}, "datetime": {"datetime": "2021-06-29 23:28:50", "elapsed": 11689.903696, "delta": 22.266363}}
{"target": 0.0031985510148264604, "params": {"0": 1.5584462901491838, "1": 2.4706672673122663, "2": 0.3645211275954754, "3": 2.5146511718837594, "4": -2.7342299502945373, "5": 2.4021484114427416, "6": -1.7660459724954152, "7": 2.8076613023497927}, "datetime": {"datetime": "2021-06-29 23:29:04", "elapsed": 11703.493774, "delta": 13.590078}}
