{"target": 0.003011937240284788, "params": {"0": 2.832067595496925, "1": 2.6486605763052777, "2": 0.9751858248277938, "3": 0.6412265707350864, "4": 2.544551391858013, "5": 2.422172085163931, "6": 1.8997505985920746, "7": 0.7318397816598003}, "datetime": {"datetime": "2021-06-29 20:29:10", "elapsed": 909.69201, "delta": 4.338381}}
{"target": 0.004552684947679627, "params": {"0": 2.0855656921917927, "1": -2.9894940361440154, "2": -2.2997957720288547, "3": -0.7960123430620674, "4": -0.44177365364150933, "5": -2.64819109525361, "6": 0.6880545530917548, "7": -1.759971157159203}, "datetime": {"datetime": "2021-06-29 20:29:14", "elapsed": 912.858791, "delta": 3.166781}}
{"target": 0.004062989675870806, "params": {"0": 2.084389812391053, "1": -1.0533982291030295, "2": 0.7495901199164239, "3": -0.6056996325266315, "4": -2.910591224442273, "5": -1.9967733846390274, "6": 2.5241438515043964, "7": 1.7939809222435112}, "datetime": {"datetime": "2021-06-29 20:29:16", "elapsed": 914.923135, "delta": 2.064344}}
{"target": 0.0031445723001266484, "params": {"0": 0.34878693924030646, "1": -2.0139323023356983, "2": 1.662853783353448, "3": -0.8882403815405926, "4": 0.33818966492801517, "5": -0.8892630784807634, "6": 2.8003711995156113, "7": 2.8229788603642225}, "datetime": {"datetime": "2021-06-29 20:29:20", "elapsed": 919.122871, "delta": 4.199736}}
{"target": 0.0029048606838232506, "params": {"0": -2.3808531318729527, "1": 2.9270403889025767, "2": 2.250905888918859, "3": -0.5956471793674285, "4": -1.9705762952046402, "5": 0.8787788817202653, "6": 2.892321620742079, "7": 1.7467376366279215}, "datetime": {"datetime": "2021-06-29 20:29:27", "elapsed": 925.795415, "delta": 6.672544}}
{"target": 0.006776416838615259, "params": {"0": 1.597238269729381, "1": -0.5436515593207449, "2": 1.5646478671740711, "3": -1.007004947984968, "4": -1.0978212494402537, "5": -0.8276348546305066, "6": -0.3859704888859472, "7": 1.3655072598853675}, "datetime": {"datetime": "2021-06-29 20:29:37", "elapsed": 936.180638, "delta": 10.385223}}
{"target": 0.0034455990617231307, "params": {"0": -1.7901631989834519, "1": -2.1372679645468415, "2": 0.9819367283960245, "3": -2.666056519369758, "4": -0.5960900017602868, "5": 1.3118094074819187, "6": 1.0149389401193076, "7": -1.3915955062897034}, "datetime": {"datetime": "2021-06-29 20:29:41", "elapsed": 939.908826, "delta": 3.728188}}
{"target": 0.002864596075784521, "params": {"0": -2.183283744340395, "1": 1.7802126402002365, "2": 1.55870785311774, "3": -0.2397442219954331, "4": 0.2851965309313722, "5": 2.7376310109318016, "6": 0.5589841112930092, "7": -2.1349879911872955}, "datetime": {"datetime": "2021-06-29 20:29:43", "elapsed": 942.54253, "delta": 2.633704}}
{"target": 0.0037149471666919637, "params": {"0": -1.258020904033686, "1": 0.30672481000229634, "2": -2.7179450617828786, "3": 1.2137340134684367, "4": -2.6474763301838538, "5": 2.430567674541602, "6": -1.1519095460964057, "7": 0.14130784467530333}, "datetime": {"datetime": "2021-06-29 20:29:47", "elapsed": 946.032446, "delta": 3.489916}}
{"target": 0.0030384413023810774, "params": {"0": -0.9492478590471398, "1": -2.1443784138136417, "2": -2.2811559495515885, "3": 1.1207185517567524, "4": -1.751049186678428, "5": 1.959498782469801, "6": 2.1599089222319936, "7": -2.7808203482389624}, "datetime": {"datetime": "2021-06-29 20:29:51", "elapsed": 949.776682, "delta": 3.744236}}
{"target": 0.5673539813985501, "params": {"0": -1.0369817447134226, "1": 0.14908518116238678, "2": -2.230555413186889, "3": -1.1046645454934776, "4": 1.9654034939120066, "5": -0.9499422644190365, "6": 0.8437443174554824, "7": -1.3034826499475562}, "datetime": {"datetime": "2021-06-29 20:29:54", "elapsed": 952.813293, "delta": 3.036611}}
{"target": 0.0032704656570990333, "params": {"0": 0.5498415916075801, "1": -0.15300260975411373, "2": -2.080433999653457, "3": -2.387987683630511, "4": -1.7071399047877553, "5": 1.1461283864691403, "6": 2.813950988703815, "7": 1.7840574067745587}, "datetime": {"datetime": "2021-06-29 20:29:57", "elapsed": 956.205722, "delta": 3.392429}}
{"target": 0.010200745509911017, "params": {"0": 2.7040614323474674, "1": 1.257181454198423, "2": -2.3575572728298804, "3": -2.0554584202597366, "4": -1.5063061221835754, "5": 1.3698044024517744, "6": 2.3486009881088137, "7": -1.2156614572757645}, "datetime": {"datetime": "2021-06-29 20:30:05", "elapsed": 964.267759, "delta": 8.062037}}
{"target": 0.0031767675634013616, "params": {"0": -0.524630287931835, "1": 2.37084257120987, "2": 0.923353167448349, "3": 2.085274863173731, "4": -0.24237035147581665, "5": -2.9735042083907994, "6": 0.10013609279112279, "7": -0.4742466362616433}, "datetime": {"datetime": "2021-06-29 20:30:10", "elapsed": 969.006186, "delta": 4.738427}}
{"target": 0.004272413750424624, "params": {"0": 2.6223742007011, "1": -1.5673608784820214, "2": -0.8201056703085339, "3": -1.8447019851450057, "4": 0.49847689966492315, "5": -0.8086129808402989, "6": 1.015880385624345, "7": 1.8321122908838063}, "datetime": {"datetime": "2021-06-29 20:30:18", "elapsed": 977.230612, "delta": 8.224426}}
{"target": 0.0029716660435178096, "params": {"0": 1.0021086805550485, "1": -2.78427223977607, "2": -0.9446590808223974, "3": 2.9117777589079115, "4": 2.572836148664104, "5": 2.315934085415197, "6": 0.19252922353646795, "7": -0.16453877173211673}, "datetime": {"datetime": "2021-06-29 20:30:21", "elapsed": 980.739215, "delta": 3.508603}}
{"target": 0.0028665853286876882, "params": {"0": -2.616940886454392, "1": 1.642335386441748, "2": -0.14469367677387623, "3": 1.2442321638238942, "4": 2.45426323459891, "5": -2.9873978952315454, "6": -1.7390751662334032, "7": 1.6450418973533303}, "datetime": {"datetime": "2021-06-29 20:30:26", "elapsed": 985.705562, "delta": 4.966347}}
{"target": 0.0037574975830870845, "params": {"0": 1.2444459350105515, "1": 2.0296281526250226, "2": 1.5934276354956483, "3": -1.8281946085766427, "4": -1.2514981420386233, "5": 1.9456634132074404, "6": -1.4186833364520042, "7": -1.7197459496938536}, "datetime": {"datetime": "2021-06-29 20:30:30", "elapsed": 989.655097, "delta": 3.949535}}
{"target": 0.006497058855602325, "params": {"0": 1.1446168776934265, "1": 2.787874445217705, "2": -0.8574785157426636, "3": -1.1678571575478314, "4": 0.41827844383052115, "5": -0.43872513373762745, "6": 2.891965311829628, "7": -0.08461659842025337}, "datetime": {"datetime": "2021-06-29 20:30:35", "elapsed": 993.810417, "delta": 4.15532}}
{"target": 0.0033421581480201712, "params": {"0": -1.268800906946921, "1": 1.2007713098867914, "2": -1.8130716981924733, "3": -0.1905097484267495, "4": -2.2523419582948496, "5": 2.0728450620827026, "6": 1.7689413174357078, "7": 0.8725282308864131}, "datetime": {"datetime": "2021-06-29 20:30:38", "elapsed": 997.038791, "delta": 3.228374}}
{"target": 0.0038877506913438963, "params": {"0": 0.14307548572128992, "1": -2.6419884171567536, "2": -0.7839348345180204, "3": 0.4792503373108654, "4": -1.9668067302738055, "5": 2.834272867460215, "6": 0.15988853484295396, "7": 1.9426060606120652}, "datetime": {"datetime": "2021-06-29 20:30:41", "elapsed": 999.948089, "delta": 2.909298}}
{"target": 0.0029645473519339318, "params": {"0": 0.5228676457506598, "1": 1.7825319903782564, "2": 1.538223058630801, "3": 1.217954309198368, "4": 2.1924852610669543, "5": -0.1743708163358324, "6": -1.9647139092242052, "7": 1.4431177834877227}, "datetime": {"datetime": "2021-06-29 20:30:44", "elapsed": 1003.328935, "delta": 3.380846}}
{"target": 0.02640846372768211, "params": {"0": 0.8991787597948142, "1": -2.8379605418095384, "2": -0.24847701557736546, "3": -2.2525508503090252, "4": -1.2008512557309399, "5": -2.201013455578771, "6": -1.0216135226916392, "7": 1.5095554861010587}, "datetime": {"datetime": "2021-06-29 20:30:48", "elapsed": 1007.057054, "delta": 3.728119}}
{"target": 0.0035899686268879255, "params": {"0": 1.6360151962524467, "1": 2.6873584920840283, "2": -0.7877021463682459, "3": 0.02644600588863355, "4": 1.2002300818206457, "5": -1.6103534874550915, "6": -0.7677716495814311, "7": 2.6918244611666005}, "datetime": {"datetime": "2021-06-29 20:30:49", "elapsed": 1007.862521, "delta": 0.805467}}
{"target": 0.005716275320544399, "params": {"0": -2.675282018222954, "1": 0.7578837920832591, "2": -2.467098305647446, "3": -1.0534866465147417, "4": 1.7656591684268799, "5": 0.34718016851530464, "6": -0.20539679259427768, "7": -1.3546692404490923}, "datetime": {"datetime": "2021-06-29 20:30:51", "elapsed": 1010.607649, "delta": 2.745128}}
{"target": 0.003159433093220685, "params": {"0": -2.094196618474796, "1": -2.66605949448146, "2": -1.1464882512917494, "3": -0.7789149901401995, "4": -1.249357832477735, "5": -1.7391038199448448, "6": 1.9812023412610031, "7": -0.9573713600065368}, "datetime": {"datetime": "2021-06-29 20:30:55", "elapsed": 1014.28047, "delta": 3.672821}}
{"target": 0.0031322666218289866, "params": {"0": 1.1861825715395877, "1": 2.118361176440718, "2": -0.5662462095876366, "3": 1.4907505130408056, "4": -0.1460003424706171, "5": -1.1250140146696042, "6": 0.614134745772247, "7": -1.6367264481462893}, "datetime": {"datetime": "2021-06-29 20:31:00", "elapsed": 1019.276115, "delta": 4.995645}}
{"target": 0.007370131332649461, "params": {"0": -0.5657361790532502, "1": 0.5423156873384185, "2": -0.9737688256865962, "3": 0.9715872803190253, "4": -2.0290244079474524, "5": 2.7938716914825, "6": -2.7743433113852722, "7": 0.7681256990284053}, "datetime": {"datetime": "2021-06-29 20:31:04", "elapsed": 1023.600048, "delta": 4.323933}}
{"target": 0.003304204389986092, "params": {"0": -1.4951955948741138, "1": 2.4673337404216227, "2": -1.0624895945086996, "3": -2.7142381954258727, "4": 0.17803248005323447, "5": -1.9280177892564847, "6": 0.05010662032472224, "7": 0.45834548131864805}, "datetime": {"datetime": "2021-06-29 20:31:09", "elapsed": 1028.116085, "delta": 4.516037}}
{"target": 0.003249234850428055, "params": {"0": 1.7188414551404225, "1": 0.1393755006528723, "2": 0.9737470463035871, "3": 1.7993899416224073, "4": -2.920661937766691, "5": 1.384382278155706, "6": -2.187153330955414, "7": 1.499021626990853}, "datetime": {"datetime": "2021-06-29 20:31:12", "elapsed": 1031.668782, "delta": 3.552697}}
{"target": 0.0038087268362913076, "params": {"0": 1.762736818277613, "1": -1.5758259021791126, "2": 2.099919364390651, "3": -0.8499673908574494, "4": -2.1806433667573475, "5": -0.3631958814729992, "6": -2.247094921151418, "7": -2.5194852032161568}, "datetime": {"datetime": "2021-06-29 20:31:17", "elapsed": 1036.183682, "delta": 4.5149}}
{"target": 0.24998616939717255, "params": {"0": 1.2862014634085943, "1": -0.27606069938076994, "2": 2.0741331215698597, "3": 0.11178754317035322, "4": -0.21595917146206434, "5": -0.5797808278493859, "6": -0.09031234272810984, "7": 1.7172211233973096}, "datetime": {"datetime": "2021-06-29 20:31:21", "elapsed": 1040.250883, "delta": 4.067201}}
{"target": 0.0036964455053553292, "params": {"0": 2.2652953446514053, "1": -0.3428998150200089, "2": 0.8937556914287481, "3": -1.5428270057818514, "4": 0.8468880404186052, "5": -1.2560533385476342, "6": -0.19575072719815845, "7": 2.75046609629182}, "datetime": {"datetime": "2021-06-29 20:31:25", "elapsed": 1044.032785, "delta": 3.781902}}
{"target": 0.0032301400474979217, "params": {"0": 2.5693319074758705, "1": 1.9957576927105585, "2": -2.342910836664873, "3": 2.8279969819652138, "4": -0.15059119910874852, "5": -0.13306166111960938, "6": -2.1484301873819422, "7": -2.057652333006554}, "datetime": {"datetime": "2021-06-29 20:31:36", "elapsed": 1054.778065, "delta": 10.74528}}
{"target": 0.003675571415612026, "params": {"0": 2.8553114893355893, "1": -0.0026136959425855366, "2": 1.8698998821745851, "3": -1.967224212575184, "4": 0.8939675560906437, "5": 2.4909462077435203, "6": -0.06866047373791107, "7": 0.2275893430007705}, "datetime": {"datetime": "2021-06-29 20:31:42", "elapsed": 1061.207486, "delta": 6.429421}}
{"target": 0.003184306218823111, "params": {"0": -0.8922959297497348, "1": 0.19209196786486782, "2": 0.5489843345182841, "3": 1.9803543961889591, "4": 1.9263352702419247, "5": 2.372938682318984, "6": -2.271904496558529, "7": -0.41322181756529686}, "datetime": {"datetime": "2021-06-29 20:31:46", "elapsed": 1065.655216, "delta": 4.44773}}
{"target": 0.0035633298181352953, "params": {"0": -2.836912249640182, "1": -1.3633182282676044, "2": -1.77322491736231, "3": -1.7857667790469294, "4": 1.2113770720093129, "5": 0.7776515477934636, "6": -2.611357765373614, "7": 2.6251293542491165}, "datetime": {"datetime": "2021-06-29 20:31:56", "elapsed": 1074.779126, "delta": 9.12391}}
{"target": 0.0032214848890328193, "params": {"0": 0.11962175720543122, "1": 2.7335052424658377, "2": 2.2395655141801107, "3": 0.46857025042884626, "4": -1.9204291433261313, "5": -0.4172474901244394, "6": 1.9502590006875602, "7": -2.0678630757461622}, "datetime": {"datetime": "2021-06-29 20:31:59", "elapsed": 1078.635079, "delta": 3.855953}}
{"target": 0.003847140797046142, "params": {"0": 2.752674065843907, "1": -1.7890778763006356, "2": 0.5775967947128038, "3": 2.188069616224565, "4": 1.1882382002809972, "5": -1.6347012425410612, "6": -1.0715397730145597, "7": 2.382285187704703}, "datetime": {"datetime": "2021-06-29 20:32:04", "elapsed": 1083.146709, "delta": 4.51163}}
{"target": 0.0031394614741868856, "params": {"0": 1.9265407277995301, "1": 0.9509577950924406, "2": 0.29094965318615085, "3": -1.647665095713865, "4": 2.678063150537527, "5": 2.4445642961450895, "6": 1.540694533337943, "7": -1.9051943885185478}, "datetime": {"datetime": "2021-06-29 20:32:08", "elapsed": 1087.607944, "delta": 4.461235}}
{"target": 0.0033862504277551125, "params": {"0": -2.085241524070042, "1": -0.6095592557568192, "2": 2.5754104639626227, "3": -2.1964934854547424, "4": -2.947985169090055, "5": 2.4485190730260227, "6": -2.204208916289224, "7": -1.9924794565381974}, "datetime": {"datetime": "2021-06-29 20:32:12", "elapsed": 1091.471002, "delta": 3.863058}}
{"target": 0.006486210366380044, "params": {"0": 1.0081059866859068, "1": -0.9374436387664273, "2": 1.2523154819594176, "3": -1.250949998011669, "4": 2.9318864315079143, "5": -2.7065429302245345, "6": -0.283427759838629, "7": -0.3719903455371103}, "datetime": {"datetime": "2021-06-29 20:32:15", "elapsed": 1093.992307, "delta": 2.521305}}
{"target": 0.003908305790079113, "params": {"0": 1.363622717539152, "1": -2.0919982779969075, "2": -0.44090964878703787, "3": 1.6007514782543462, "4": -1.0643446205718987, "5": 2.8857218781369474, "6": 2.995321855414476, "7": -2.9226654162681394}, "datetime": {"datetime": "2021-06-29 20:32:18", "elapsed": 1096.976576, "delta": 2.984269}}
{"target": 0.005120357150036873, "params": {"0": -1.9864607059722068, "1": -1.5576963762617428, "2": 2.0992736499931786, "3": 2.5570721541498314, "4": 1.8663510045421239, "5": -0.7906574859877322, "6": 0.7499470505786654, "7": -1.811332213327362}, "datetime": {"datetime": "2021-06-29 20:32:21", "elapsed": 1100.656974, "delta": 3.680398}}
{"target": 0.00358293491719902, "params": {"0": -2.6365131273309625, "1": 1.4680745482338633, "2": -1.1972201626542636, "3": -1.6147716941649228, "4": -2.3506384985020263, "5": 0.3178025602177392, "6": 0.7643762914808478, "7": -1.9726660983534}, "datetime": {"datetime": "2021-06-29 20:32:25", "elapsed": 1104.099193, "delta": 3.442219}}
{"target": 0.0037048131808006288, "params": {"0": -0.10510148020863275, "1": -0.21442360545555772, "2": 0.5367866344829855, "3": -0.921930955429588, "4": 2.8417598272407787, "5": 2.0487136562318753, "6": -2.1848326704863457, "7": -2.3649339535894303}, "datetime": {"datetime": "2021-06-29 20:32:30", "elapsed": 1109.075572, "delta": 4.976379}}
{"target": 0.0039010624810175507, "params": {"0": 0.8089973729523239, "1": 2.817658485317196, "2": 1.4529621880093613, "3": 0.4581581037460114, "4": -2.36017275221913, "5": -1.2390602809105127, "6": 0.36454776839476555, "7": -0.3794676198810212}, "datetime": {"datetime": "2021-06-29 20:32:35", "elapsed": 1114.563254, "delta": 5.487682}}
{"target": 0.003478113357205481, "params": {"0": 1.1570396689166618, "1": 0.20327076932205612, "2": -0.30066781362884054, "3": -2.939566853506626, "4": 1.7066986972971474, "5": -1.8310677081605684, "6": 2.9597113992703274, "7": 1.0395970708038806}, "datetime": {"datetime": "2021-06-29 20:32:38", "elapsed": 1117.601566, "delta": 3.038312}}
{"target": 0.0032051342716897246, "params": {"0": 1.8219657242622604, "1": 1.0054003593041134, "2": -1.675959743490999, "3": -0.1692409638797967, "4": -0.6260431460352827, "5": 1.3421712218160913, "6": -2.0009978884304784, "7": 0.6951070958392913}, "datetime": {"datetime": "2021-06-29 20:32:42", "elapsed": 1121.591982, "delta": 3.990416}}
{"target": 0.01014660854761426, "params": {"0": -0.10425791628490089, "1": 0.09536225478723104, "2": -0.003251247633266008, "3": -0.24061823213355016, "4": -0.3042737233195165, "5": -1.522618853601381, "6": -2.9759185240485304, "7": -0.28995789017219487}, "datetime": {"datetime": "2021-06-29 20:32:45", "elapsed": 1123.858182, "delta": 2.2662}}
{"target": 0.0043478028170455965, "params": {"0": -0.3547674962060139, "1": 0.7581901324873175, "2": 2.6876127768420606, "3": 0.3399414576415687, "4": -1.41881192032407, "5": 0.16043649956534178, "6": -1.6631899674334119, "7": -2.9714245533448485}, "datetime": {"datetime": "2021-06-29 20:32:50", "elapsed": 1128.832524, "delta": 4.974342}}
{"target": 0.003070944436294872, "params": {"0": -2.3994217273839116, "1": -0.7790205515758046, "2": -1.3138038629934536, "3": -1.7547763950340207, "4": 0.5968583261343725, "5": 0.44462230124381863, "6": 2.086511299916884, "7": 2.2614442927216363}, "datetime": {"datetime": "2021-06-29 20:32:54", "elapsed": 1133.209627, "delta": 4.377103}}
{"target": 0.007529013327970542, "params": {"0": 1.4394053585523476, "1": 2.7391513993745757, "2": -0.619357469162741, "3": -1.3148443095988738, "4": 0.06125856941135943, "5": 0.354995920751187, "6": 2.9905774574773876, "7": -0.24565668787179762}, "datetime": {"datetime": "2021-06-29 20:33:01", "elapsed": 1140.475745, "delta": 7.266118}}
{"target": 0.0038029016837212546, "params": {"0": -1.6694722461355367, "1": 1.4590731114219473, "2": -1.8060829672259737, "3": -2.031127347410325, "4": 2.3944828680786934, "5": -1.429062007851817, "6": 1.074947630747726, "7": 1.1284022970076926}, "datetime": {"datetime": "2021-06-29 20:33:14", "elapsed": 1153.036615, "delta": 12.56087}}
{"target": 0.003017222734188643, "params": {"0": 0.8920321090858492, "1": 1.7561832372175026, "2": -1.5525938183918855, "3": 2.8212123349179903, "4": 0.7498637543151689, "5": -1.9662193873606595, "6": 2.8372319209293195, "7": 1.1216238157546439}, "datetime": {"datetime": "2021-06-29 20:33:18", "elapsed": 1157.717433, "delta": 4.680818}}
{"target": 0.0034368766466339132, "params": {"0": 0.8633345687330021, "1": -0.20556350189601158, "2": 0.6532211539818249, "3": -0.9048837256952043, "4": -1.1571082879169712, "5": 1.5617203156671096, "6": -2.6239568016745833, "7": -0.3277911214006277}, "datetime": {"datetime": "2021-06-29 20:33:22", "elapsed": 1161.270647, "delta": 3.553214}}
{"target": 0.0034799279982665955, "params": {"0": 0.7957455731777001, "1": 0.012834914737395842, "2": 2.6701216043242377, "3": -0.12275113616843614, "4": 0.1352187793827606, "5": -0.25272404787135283, "6": 0.296514661250483, "7": 2.100851394071868}, "datetime": {"datetime": "2021-06-29 20:33:27", "elapsed": 1165.941382, "delta": 4.670735}}
{"target": 0.005467568459305483, "params": {"0": 0.8291790619592669, "1": -1.6930832959958642, "2": -0.20584285441632355, "3": -2.949675982668346, "4": -2.6383930610804827, "5": 1.4159725143409432, "6": -0.26114517380774593, "7": 1.4147837952153974}, "datetime": {"datetime": "2021-06-29 20:33:40", "elapsed": 1178.977102, "delta": 13.03572}}
{"target": 0.010357599366073418, "params": {"0": 1.8377639389164067, "1": -1.025620686709032, "2": -0.6648088025302084, "3": -1.4049624342866944, "4": 0.8115956525338315, "5": -2.710133134443029, "6": 1.0763255430152698, "7": -0.6886113467170336}, "datetime": {"datetime": "2021-06-29 20:33:48", "elapsed": 1186.944872, "delta": 7.96777}}
{"target": 0.008141936407580519, "params": {"0": -0.04989923737733015, "1": -2.5568695772145413, "2": 1.2650633656564105, "3": -1.3478691898525041, "4": -1.3501035424764913, "5": 0.9697457797125266, "6": -1.8634483197639387, "7": 0.044087325983313}, "datetime": {"datetime": "2021-06-29 20:33:52", "elapsed": 1191.249382, "delta": 4.30451}}
{"target": 0.0038144926487267325, "params": {"0": 2.702965069763197, "1": -0.1626421615596314, "2": -2.7526551451437244, "3": -0.33713321296105203, "4": 1.216156208025101, "5": -1.7987391185538646, "6": 1.8375918923737053, "7": -1.7067725404899161}, "datetime": {"datetime": "2021-06-29 20:33:57", "elapsed": 1195.786257, "delta": 4.536875}}
{"target": 0.003514301950926966, "params": {"0": -1.787068060840667, "1": 1.7495277453073044, "2": -0.7853338308459747, "3": 2.368008957797164, "4": -2.934019491742482, "5": 2.7729521251476132, "6": 1.7232296814054546, "7": 2.6794008138807257}, "datetime": {"datetime": "2021-06-29 20:34:04", "elapsed": 1203.12964, "delta": 7.343383}}
{"target": 0.003864312273523116, "params": {"0": 1.2251092848367353, "1": -2.7829109596629844, "2": 1.5564923625800464, "3": 0.8786202241544703, "4": 0.17872653767710878, "5": -1.672370032043446, "6": -1.777230969047705, "7": -0.6415857471583815}, "datetime": {"datetime": "2021-06-29 20:34:08", "elapsed": 1206.990486, "delta": 3.860846}}
{"target": 0.0038123574726398493, "params": {"0": -2.149412136826057, "1": 0.6508760320227474, "2": 0.3694026755681117, "3": 2.1103025052051603, "4": -0.6082127862261286, "5": 0.9424580982115209, "6": 0.22203277964619028, "7": 0.06208061044211455}, "datetime": {"datetime": "2021-06-29 20:34:14", "elapsed": 1212.963215, "delta": 5.972729}}
