{"target": 0.003634306559745544, "params": {"0": 0.7911430247504918, "1": -1.826379985812472, "2": 0.16306713236553083, "3": -0.17447253213591374, "4": -0.5259634158660931, "5": -0.0719015655523334, "6": 0.46680600651117743, "7": -0.03961573931620688}, "datetime": {"datetime": "2021-06-29 20:18:07", "elapsed": 246.096252, "delta": 4.304932}}
{"target": 0.0032646434686172668, "params": {"0": 0.7258826118061297, "1": -2.682498351921053, "2": 1.3964186529438827, "3": -2.396176681133875, "4": -0.4992294009796048, "5": 1.8927008961777112, "6": -2.519667040739888, "7": 0.10131238153509603}, "datetime": {"datetime": "2021-06-29 20:18:10", "elapsed": 248.768968, "delta": 2.672716}}
{"target": 0.008186191479421153, "params": {"0": 0.4905980648542769, "1": -1.316576365009554, "2": 0.09683128448472411, "3": 2.2527042918095557, "4": 0.12155004715574558, "5": -1.5867897198658132, "6": -0.6031312166446634, "7": 2.023864276989764}, "datetime": {"datetime": "2021-06-29 20:18:13", "elapsed": 252.445599, "delta": 3.676631}}
{"target": 0.00317571315166243, "params": {"0": -0.44042295419592126, "1": 0.3469589165998732, "2": -2.9079874908875043, "3": -0.10767875073864497, "4": -2.2144809467990716, "5": 2.1990135702818883, "6": -1.1915494655874674, "7": -1.678750377030363}, "datetime": {"datetime": "2021-06-29 20:18:16", "elapsed": 255.205276, "delta": 2.759677}}
{"target": 0.010534813676846643, "params": {"0": -2.3305284982805574, "1": -1.0657751496106675, "2": 2.374005960362908, "3": -1.3415200829276803, "4": -2.53225913631982, "5": -0.6775039867351875, "6": 2.6805474564305563, "7": 1.6373814389170471}, "datetime": {"datetime": "2021-06-29 20:18:20", "elapsed": 258.777239, "delta": 3.571963}}
{"target": 0.004791542453545242, "params": {"0": -0.04377150633235516, "1": -2.973593949298442, "2": 1.1814726655898689, "3": -2.2521590790568498, "4": 0.8368910749017453, "5": 1.451043623305429, "6": -1.9500400114496392, "7": 0.057304558665177474}, "datetime": {"datetime": "2021-06-29 20:18:23", "elapsed": 261.764978, "delta": 2.987739}}
{"target": 0.003528865975613995, "params": {"0": -1.6597325408949903, "1": -0.9588764963180276, "2": -2.126083839161465, "3": -2.573139434559351, "4": 0.0025600096187554655, "5": 0.15835320848293888, "6": 1.5846279128419694, "7": -2.40767958446011}, "datetime": {"datetime": "2021-06-29 20:18:24", "elapsed": 263.33758, "delta": 1.572602}}
{"target": 0.007989323279166459, "params": {"0": -2.2788991351607746, "1": 2.5032865748626643, "2": 1.6718928391002832, "3": -2.6788841322458894, "4": 0.3997940234442634, "5": -2.2604330549462524, "6": -1.7207564947108231, "7": -2.677864273846758}, "datetime": {"datetime": "2021-06-29 20:18:26", "elapsed": 265.01323, "delta": 1.67565}}
{"target": 0.0030767809458811953, "params": {"0": -0.05363028966156502, "1": 2.921988946016513, "2": -0.9440565016345293, "3": 2.6662282287503096, "4": 2.6108968751480672, "5": 0.20255774776005175, "6": -1.8760470324647447, "7": -1.3991390323358852}, "datetime": {"datetime": "2021-06-29 20:18:28", "elapsed": 266.995277, "delta": 1.982047}}
{"target": 0.019522522548823973, "params": {"0": 2.268941320072482, "1": 1.3457568165902112, "2": -1.6848727498947353, "3": -2.5792250687587277, "4": -1.1533059102597052, "5": -1.9406165040332135, "6": -2.194736651577654, "7": 0.6528865894230824}, "datetime": {"datetime": "2021-06-29 20:18:31", "elapsed": 270.188246, "delta": 3.192969}}
{"target": 0.004649583403564785, "params": {"0": 1.1382364539862824, "1": -2.8058628108945225, "2": 0.5680890367278222, "3": -2.9316422124713606, "4": 1.3074650326716402, "5": -1.5214763200717734, "6": 2.1007814661859685, "7": -0.606859949398399}, "datetime": {"datetime": "2021-06-29 20:18:33", "elapsed": 271.765552, "delta": 1.577306}}
{"target": 0.003266797194886827, "params": {"0": 1.5626474542423097, "1": -0.24605510696043442, "2": 1.0788813420394856, "3": 1.6954677002130065, "4": -2.014642973468428, "5": 2.540220899491482, "6": 2.708984228562703, "7": 0.03757829807973856}, "datetime": {"datetime": "2021-06-29 20:18:35", "elapsed": 274.223342, "delta": 2.45779}}
{"target": 0.004595236095575705, "params": {"0": -1.5615784185637704, "1": -0.22180276046274905, "2": 0.8843046391810674, "3": -1.7846893794943577, "4": -0.5425422677760681, "5": 2.50248687748668, "6": 1.13848434730538, "7": -1.4809855279669788}, "datetime": {"datetime": "2021-06-29 20:18:38", "elapsed": 277.113591, "delta": 2.890249}}
{"target": 0.0050326408930375325, "params": {"0": -1.3797120563769754, "1": -1.739242485200576, "2": 2.4527542664903708, "3": -0.7450309063503857, "4": -0.5173438462308724, "5": 1.9417406099380674, "6": 1.0381576254492408, "7": -2.8788701259566056}, "datetime": {"datetime": "2021-06-29 20:18:40", "elapsed": 279.240241, "delta": 2.12665}}
{"target": 0.0033616910084952652, "params": {"0": 2.7810466654744186, "1": -0.8610926242308921, "2": -1.939945384409995, "3": 2.395034416755842, "4": -2.7881202630183632, "5": -0.7710739072213331, "6": -2.1878322887546933, "7": -0.19830555258254545}, "datetime": {"datetime": "2021-06-29 20:18:42", "elapsed": 280.904616, "delta": 1.664375}}
{"target": 0.004604851445427845, "params": {"0": 1.3725836680275414, "1": 2.880996410645042, "2": -1.7408152996224784, "3": -2.587498270500068, "4": -0.8221876280132823, "5": -1.6168215939528503, "6": -0.5877607678894323, "7": 2.3957097126857274}, "datetime": {"datetime": "2021-06-29 20:18:43", "elapsed": 282.556204, "delta": 1.651588}}
{"target": 0.0046667746376877, "params": {"0": -0.06379756798566971, "1": -0.027201723221585095, "2": -0.20754141516628266, "3": -2.8170173292694987, "4": -1.3427773371271516, "5": -1.7105427594895826, "6": -0.24252919459363564, "7": 1.8761491471601914}, "datetime": {"datetime": "2021-06-29 20:18:44", "elapsed": 283.594047, "delta": 1.037843}}
{"target": 0.0030475694230196254, "params": {"0": 2.1907765471786345, "1": -0.3440182913092893, "2": -0.07064069710337817, "3": 1.6479840933097432, "4": 2.03915884899138, "5": 1.1965661742933573, "6": 1.8864004301839907, "7": -1.4293207286194993}, "datetime": {"datetime": "2021-06-29 20:18:46", "elapsed": 285.270087, "delta": 1.67604}}
{"target": 0.002931062790140736, "params": {"0": -0.3812061764795507, "1": -0.8727595015193517, "2": 0.48679822361081637, "3": 0.896618513269722, "4": 0.26191883444447184, "5": -1.0483441883494133, "6": 0.009448450671698083, "7": -0.7690011340879446}, "datetime": {"datetime": "2021-06-29 20:18:49", "elapsed": 288.477735, "delta": 3.207648}}
{"target": 0.004509861498407316, "params": {"0": 1.7546783913698052, "1": 0.7627284369817389, "2": 2.230083885138953, "3": -1.2129276053992768, "4": 0.7253264802335329, "5": 0.8025307127756136, "6": -1.173590467657835, "7": 1.9849292148528166}, "datetime": {"datetime": "2021-06-29 20:18:52", "elapsed": 291.083474, "delta": 2.605739}}
{"target": 0.007146819290673419, "params": {"0": -2.131538470379432, "1": 0.934563876841052, "2": -2.8567517705806735, "3": 0.938684199592509, "4": -0.3549073173399879, "5": 0.4912617489975557, "6": 2.3905313595844007, "7": -2.7490199938601494}, "datetime": {"datetime": "2021-06-29 20:18:53", "elapsed": 292.636345, "delta": 1.552871}}
{"target": 0.006901286442762753, "params": {"0": 2.4302380292963184, "1": -0.44723496218860426, "2": -2.755481951027564, "3": 1.9597624325041085, "4": 1.206403256003668, "5": -0.653752993888908, "6": 0.4743358728346445, "7": -0.4726487366150489}, "datetime": {"datetime": "2021-06-29 20:18:57", "elapsed": 296.262989, "delta": 3.626644}}
{"target": 0.0032111754743633764, "params": {"0": -1.8404673929201836, "1": -0.5776213661803924, "2": 2.3396448281184483, "3": 1.3737848533309478, "4": 0.4926116981035382, "5": -1.2907348207801357, "6": 2.617094641157699, "7": -2.923886244511855}, "datetime": {"datetime": "2021-06-29 20:18:59", "elapsed": 297.88728, "delta": 1.624291}}
{"target": 0.004600761812649196, "params": {"0": 0.7254101582980308, "1": -2.084622645195826, "2": 2.265435670200757, "3": -2.1396012594655858, "4": 0.091411278429403, "5": 0.85249980409474, "6": -2.4731281101750664, "7": 0.07472714502656519}, "datetime": {"datetime": "2021-06-29 20:19:02", "elapsed": 301.291417, "delta": 3.404137}}
{"target": 0.003488547506407929, "params": {"0": -0.03078067908308091, "1": -1.7806193611586834, "2": 2.9217763011220317, "3": 1.4843762973417602, "4": 2.442167645113659, "5": -1.944128360861932, "6": 0.19203857957344894, "7": 0.9753236424723863}, "datetime": {"datetime": "2021-06-29 20:19:04", "elapsed": 302.850174, "delta": 1.558757}}
{"target": 0.0029559077350572, "params": {"0": -2.874303331705332, "1": -2.5814662472888994, "2": -2.5833324663241397, "3": 1.7351602782479976, "4": 2.801859429986073, "5": -1.07196675829402, "6": 1.338411650422099, "7": 2.2706707860596547}, "datetime": {"datetime": "2021-06-29 20:19:06", "elapsed": 305.218486, "delta": 2.368312}}
{"target": 0.003273063413818335, "params": {"0": 0.859958461719871, "1": 0.030410904523476834, "2": 0.6902666337447738, "3": 0.9838792145533768, "4": 2.1315852756177733, "5": -0.6318767693612406, "6": -0.3431365562490174, "7": 2.8650478496997813}, "datetime": {"datetime": "2021-06-29 20:19:09", "elapsed": 307.842483, "delta": 2.623997}}
{"target": 0.003994965695315654, "params": {"0": 0.4719070582542644, "1": 0.4106024726067332, "2": -2.5440857885037182, "3": -2.548556622272171, "4": -0.4409743386822216, "5": -0.909660904240388, "6": -0.5031668021068931, "7": -0.9988408873132704}, "datetime": {"datetime": "2021-06-29 20:19:13", "elapsed": 312.361623, "delta": 4.51914}}
{"target": 0.008318757688562061, "params": {"0": 0.07690273011323168, "1": 0.0948874699709652, "2": -2.087646313741517, "3": -0.19203628681668317, "4": -1.2186713237751257, "5": 1.3156843386495183, "6": -0.0378555643076286, "7": 0.9428784032847646}, "datetime": {"datetime": "2021-06-29 20:19:15", "elapsed": 314.383995, "delta": 2.022372}}
{"target": 0.00626814726135566, "params": {"0": 2.236088661499924, "1": -0.21493864632546877, "2": 0.5839375384754835, "3": 1.421059205001093, "4": -2.132182641991694, "5": -0.7095190736787949, "6": 0.8566873529645198, "7": -2.6195121565492014}, "datetime": {"datetime": "2021-06-29 20:19:18", "elapsed": 317.05855, "delta": 2.674555}}
{"target": 0.003220324569787923, "params": {"0": 0.87071780342366, "1": -2.9330300462673353, "2": -0.17604564998441408, "3": 2.813149423869743, "4": 2.384212988163436, "5": -2.636284469998271, "6": -0.3675304174835423, "7": -1.91385501755784}, "datetime": {"datetime": "2021-06-29 20:19:23", "elapsed": 321.981862, "delta": 4.923312}}
{"target": 0.0035148859619994173, "params": {"0": 0.6791323414013339, "1": 2.7502216795023617, "2": -1.0025920945050575, "3": -1.35787907668124, "4": 0.23168148231057062, "5": -0.5297718255437496, "6": 1.874379090395288, "7": -0.32810563402445414}, "datetime": {"datetime": "2021-06-29 20:19:25", "elapsed": 324.279365, "delta": 2.297503}}
{"target": 0.0030829178925635137, "params": {"0": -2.738566554579249, "1": 0.4077131929243887, "2": -1.6782906935114412, "3": -0.171301625197259, "4": -1.1560662494975897, "5": 1.3826498936078426, "6": 1.2407157453774458, "7": 1.8418776272272037}, "datetime": {"datetime": "2021-06-29 20:19:27", "elapsed": 326.701662, "delta": 2.422297}}
{"target": 0.003553931639199808, "params": {"0": 0.983829648217335, "1": -0.6519503036548171, "2": 1.7833406081280643, "3": 0.6151829158416962, "4": 1.0694784536461635, "5": 2.5999167666980467, "6": -1.6623448314966864, "7": -2.5069734146928466}, "datetime": {"datetime": "2021-06-29 20:19:30", "elapsed": 329.593689, "delta": 2.892027}}
{"target": 0.0030518412917691306, "params": {"0": -1.7003616315289682, "1": 1.9310574016413824, "2": -1.9691185943807767, "3": -2.0941445692904295, "4": -0.43548951937628777, "5": 1.8676741471682758, "6": 0.10139951790662138, "7": 1.197516508275922}, "datetime": {"datetime": "2021-06-29 20:19:33", "elapsed": 332.258222, "delta": 2.664533}}
{"target": 0.009427635805113547, "params": {"0": 0.22035668094473282, "1": 0.7644034877024062, "2": -1.0916542887516938, "3": -1.565215696731544, "4": 0.07314497645131901, "5": -1.672212890369682, "6": -0.38563364215515383, "7": -0.5386669661151595}, "datetime": {"datetime": "2021-06-29 20:19:37", "elapsed": 335.808638, "delta": 3.550416}}
{"target": 0.0032445881605834325, "params": {"0": -2.1367128845472783, "1": 1.666071957664883, "2": -2.590618011086121, "3": 1.9458848785734748, "4": -1.3094788925383645, "5": -1.7631312078026984, "6": 1.0952251636234234, "7": 0.01055872229385546}, "datetime": {"datetime": "2021-06-29 20:19:40", "elapsed": 339.51112, "delta": 3.702482}}
{"target": 0.0063301127159793675, "params": {"0": -2.743617734157267, "1": -2.28190988882369, "2": -0.9092156486794023, "3": 0.5796745908290584, "4": -0.1089762829817853, "5": -1.5503654568636625, "6": -0.1458839145571762, "7": 0.6796651831945981}, "datetime": {"datetime": "2021-06-29 20:19:43", "elapsed": 342.232003, "delta": 2.720883}}
{"target": 0.003582734551860544, "params": {"0": 0.6819927248931359, "1": -1.2100677661429458, "2": 0.3807650501795896, "3": 2.4081294696559716, "4": -0.5530497904517828, "5": 0.8418491923356184, "6": 0.2325582311212271, "7": 1.4904748833497106}, "datetime": {"datetime": "2021-06-29 20:19:45", "elapsed": 343.873411, "delta": 1.641408}}
{"target": 0.0029162872706081488, "params": {"0": -2.661480897310873, "1": 0.6006262311547053, "2": 2.2736096277715028, "3": 0.7608408281929013, "4": 2.613878757265099, "5": 2.5938144301636203, "6": -2.8403194804500913, "7": -0.9061269251681865}, "datetime": {"datetime": "2021-06-29 20:19:47", "elapsed": 345.875223, "delta": 2.001812}}
{"target": 0.004598869514532945, "params": {"0": -0.6660261013083693, "1": 2.196096585957595, "2": 0.3113979404028582, "3": 2.027942829722832, "4": 0.7944257890220374, "5": -2.6475921849241475, "6": 0.26544592813305146, "7": -2.651979919903794}, "datetime": {"datetime": "2021-06-29 20:19:51", "elapsed": 349.935502, "delta": 4.060279}}
{"target": 0.0038703052304104183, "params": {"0": 0.3879122763217939, "1": 0.21450197229748902, "2": 1.4449042067299782, "3": -0.5250427884587263, "4": -2.443430898103513, "5": 2.244119376984239, "6": 2.125256846868151, "7": -2.385847262681767}, "datetime": {"datetime": "2021-06-29 20:19:52", "elapsed": 351.213215, "delta": 1.277713}}
{"target": 0.003310664815893246, "params": {"0": -2.7386391092235467, "1": -1.555352690792932, "2": 2.5771719304606826, "3": -2.1097686627823986, "4": 0.8073477023390909, "5": 2.5032462965950186, "6": 0.0843742488593957, "7": 0.37887933383290573}, "datetime": {"datetime": "2021-06-29 20:19:54", "elapsed": 353.537103, "delta": 2.323888}}
{"target": 0.06405435973733273, "params": {"0": 1.386191282946208, "1": 2.284524699600375, "2": -0.24851112684855803, "3": -1.3715826766439938, "4": 0.3816134867892069, "5": -0.22889999440981645, "6": 2.825554275396663, "7": -0.32040151709389697}, "datetime": {"datetime": "2021-06-29 20:19:58", "elapsed": 357.050135, "delta": 3.513032}}
{"target": 0.0033187515099786465, "params": {"0": 1.0463444127339656, "1": -2.089186954878791, "2": 0.13467648036243496, "3": 0.2650050343175123, "4": 0.6200571091012019, "5": 1.5851552887166847, "6": 2.2482689040342336, "7": -2.4792507217743376}, "datetime": {"datetime": "2021-06-29 20:20:00", "elapsed": 359.528521, "delta": 2.478386}}
{"target": 0.0028354320175965823, "params": {"0": -2.149420899789086, "1": -0.61638290305789, "2": 2.123858847616633, "3": 0.9645075947179098, "4": 2.358003587446394, "5": 0.8568813957134038, "6": 0.8162044676388529, "7": 1.3100404099397238}, "datetime": {"datetime": "2021-06-29 20:20:03", "elapsed": 362.448336, "delta": 2.919815}}
{"target": 0.0037826687991984373, "params": {"0": 1.7038504855773153, "1": -2.9325852977588225, "2": -2.7198501725580027, "3": -1.2064553500107231, "4": 1.599395461264148, "5": -2.8557373970299436, "6": 1.030617868354259, "7": -2.8370942705456867}, "datetime": {"datetime": "2021-06-29 20:20:08", "elapsed": 366.862698, "delta": 4.414362}}
{"target": 0.003194204209506359, "params": {"0": 1.3764605650639332, "1": 2.052842914560097, "2": -2.055527321421444, "3": 2.0225220464760083, "4": 2.296398644648516, "5": -2.254488896673802, "6": 0.23669176309865358, "7": 0.4683552557527273}, "datetime": {"datetime": "2021-06-29 20:20:11", "elapsed": 370.613753, "delta": 3.751055}}
{"target": 0.003265836561671191, "params": {"0": -1.4170610435976452, "1": 1.7830120319731062, "2": 2.49156508592848, "3": -0.1256979791324584, "4": -2.2234225701351624, "5": -2.01703948469216, "6": 1.5087834074956792, "7": 0.33534326875411047}, "datetime": {"datetime": "2021-06-29 20:20:15", "elapsed": 374.205951, "delta": 3.592198}}
{"target": 0.0033051099557181315, "params": {"0": -1.024393786957903, "1": -2.8185308123770616, "2": 2.7879806623406367, "3": 1.5786140776115545, "4": 0.07387485315323161, "5": 0.010104813467007645, "6": -0.45147414568493893, "7": 2.289396925805182}, "datetime": {"datetime": "2021-06-29 20:20:17", "elapsed": 376.698913, "delta": 2.492962}}
{"target": 0.0031993926069809405, "params": {"0": 2.9165753755708463, "1": 2.980346784755035, "2": -1.3412039259143764, "3": 1.48201924797422, "4": 2.809036768792639, "5": -2.695744004359484, "6": 0.6358067942057088, "7": -1.0590027104056192}, "datetime": {"datetime": "2021-06-29 20:20:20", "elapsed": 379.682817, "delta": 2.983904}}
{"target": 0.0029960919022908082, "params": {"0": 1.220541540674608, "1": 1.570994596045879, "2": 2.14761837803724, "3": -0.7408766409879197, "4": -0.6586981929475293, "5": 1.980133642970034, "6": -0.4159849647986338, "7": -1.1890441208759497}, "datetime": {"datetime": "2021-06-29 20:20:22", "elapsed": 381.626538, "delta": 1.943721}}
{"target": 0.0034523787186630786, "params": {"0": 0.3590302949687847, "1": 1.120288194701522, "2": 0.05377745694595415, "3": 0.8157065345469112, "4": 1.2013675906822803, "5": 2.4407490656108894, "6": 2.913944994534739, "7": 1.8178301281529663}, "datetime": {"datetime": "2021-06-29 20:20:25", "elapsed": 384.583978, "delta": 2.95744}}
{"target": 0.0038244282186516896, "params": {"0": -0.6194117547053137, "1": 0.3532084378867566, "2": -2.362210406641977, "3": -1.3560633390190262, "4": 0.5072673874777243, "5": -2.6104433963241545, "6": -2.130505641390117, "7": -2.481653930634236}, "datetime": {"datetime": "2021-06-29 20:20:28", "elapsed": 386.887464, "delta": 2.303486}}
{"target": 0.002823918544609862, "params": {"0": -1.4176958652937743, "1": 2.6722976257290565, "2": 2.0678929407999327, "3": 0.1469633412967375, "4": 2.3618734164259703, "5": 0.4486571235457486, "6": 1.5357586881786904, "7": 1.874893071676813}, "datetime": {"datetime": "2021-06-29 20:20:31", "elapsed": 390.654015, "delta": 3.766551}}
{"target": 0.03184557912290841, "params": {"0": -1.6716668427424928, "1": -0.13309204352772497, "2": -1.1859965006003639, "3": -2.7945153180161286, "4": 1.200383381628244, "5": 2.2723989235663637, "6": -2.0632938507152465, "7": 1.7019158698206782}, "datetime": {"datetime": "2021-06-29 20:20:34", "elapsed": 392.84385, "delta": 2.189835}}
{"target": 0.005533413573892624, "params": {"0": -2.346643927282481, "1": 2.4960905580964337, "2": -1.955491627304387, "3": 2.495717082495183, "4": -2.9330518571479445, "5": 1.7250754817947742, "6": 1.0147867974430165, "7": 2.0811003708913374}, "datetime": {"datetime": "2021-06-29 20:20:38", "elapsed": 396.994847, "delta": 4.150997}}
{"target": 0.0035519432231595136, "params": {"0": 2.162030565400622, "1": 2.273286874677085, "2": 1.2377234111875914, "3": 2.179670673942006, "4": 1.9340731732979588, "5": 2.2104359076291455, "6": -2.3501452324913217, "7": -2.9489906935742423}, "datetime": {"datetime": "2021-06-29 20:20:40", "elapsed": 399.46575, "delta": 2.470903}}
{"target": 0.0028311946282402953, "params": {"0": -2.6726486216367955, "1": -0.9271250216337217, "2": -0.08280953500852473, "3": 1.8723156431394825, "4": 1.6891831229818255, "5": -0.0003887846996510902, "6": -0.7613629822978396, "7": 2.9529087229827375}, "datetime": {"datetime": "2021-06-29 20:20:43", "elapsed": 402.623056, "delta": 3.157306}}
{"target": 0.002987339891538118, "params": {"0": 2.300278976914713, "1": -2.164159989999707, "2": 0.3954740568680477, "3": 2.1095222998236025, "4": 1.6168095556726056, "5": 0.38606051775126193, "6": -0.2913648020878403, "7": -0.45640650100422064}, "datetime": {"datetime": "2021-06-29 20:20:46", "elapsed": 405.340633, "delta": 2.717577}}
{"target": 0.009562862128547579, "params": {"0": -1.7302657439592892, "1": 2.7144083171197337, "2": 2.1635087709620926, "3": 0.8213414326168591, "4": -2.1423450811995703, "5": -2.005931713748894, "6": 1.6436801213454775, "7": 0.817843532713094}, "datetime": {"datetime": "2021-06-29 20:20:50", "elapsed": 409.116032, "delta": 3.775399}}
{"target": 0.003101240437223094, "params": {"0": 2.7799967784698554, "1": -0.21013954085498643, "2": -0.4403370416767691, "3": -0.24905504980044224, "4": 0.3172107623567486, "5": 0.9151172851062652, "6": -1.8060498122767317, "7": 2.1790333509379316}, "datetime": {"datetime": "2021-06-29 20:20:53", "elapsed": 412.064052, "delta": 2.94802}}
{"target": 0.0030430796311547927, "params": {"0": 0.9837088978590831, "1": 2.830608123393766, "2": -0.4539768042257033, "3": -1.2006910477100883, "4": 2.749164924051387, "5": 1.1670273830534414, "6": 0.3661465010568974, "7": -1.218506671054302}, "datetime": {"datetime": "2021-06-29 20:20:56", "elapsed": 415.453575, "delta": 3.389523}}
{"target": 0.0035062274559764317, "params": {"0": -0.3003066810497157, "1": 0.45632400204583057, "2": 0.6891300598368684, "3": -0.3743569966266578, "4": 1.869283914031742, "5": 1.4779635965076166, "6": 1.900294440785287, "7": 1.1991593509065623}, "datetime": {"datetime": "2021-06-29 20:20:58", "elapsed": 417.368131, "delta": 1.914556}}
