{"target": 0.005366957188764521, "params": {"0": 2.2409791341992227, "1": -1.6331225880088454, "2": 2.761629150980374, "3": 1.299898035154297, "4": -2.7875783012318402, "5": -2.9314708721587417, "6": -1.1665968824143698, "7": 1.7106953561112972}, "datetime": {"datetime": "2021-06-29 21:01:12", "elapsed": 2831.463647, "delta": 9.653583}}
{"target": 0.0032667775330811385, "params": {"0": -1.417152291037707, "1": -2.1300912154065017, "2": 2.1389304616298492, "3": 1.5372528700174053, "4": 1.528604456299238, "5": 0.520426484573222, "6": -1.5094486285780653, "7": -1.9125716657258356}, "datetime": {"datetime": "2021-06-29 21:01:32", "elapsed": 2851.541924, "delta": 20.078277}}
{"target": 0.005229304951250704, "params": {"0": -0.3807333188770725, "1": 1.5881133605388493, "2": 1.6011432770683207, "3": -1.830085924607538, "4": -0.5637338227300126, "5": 2.048161330524178, "6": 1.139713886213448, "7": -0.7191731867567204}, "datetime": {"datetime": "2021-06-29 21:01:40", "elapsed": 2859.603335, "delta": 8.061411}}
{"target": 0.0033665116075509514, "params": {"0": 0.9843835060952992, "1": -1.6503664980386377, "2": 1.2280002467901667, "3": 0.9806737844140407, "4": -1.9108203238181471, "5": 1.384765050138136, "6": -1.5762058314055634, "7": -0.236104124311471}, "datetime": {"datetime": "2021-06-29 21:01:48", "elapsed": 2866.962336, "delta": 7.359001}}
{"target": 0.5211888867806402, "params": {"0": 2.2639768314662927, "1": 1.987290082964548, "2": 1.6736345819005694, "3": -0.7452956664004651, "4": -1.8323602114897708, "5": -1.3240098852697288, "6": 1.0989429142708165, "7": 0.7259234994817882}, "datetime": {"datetime": "2021-06-29 21:02:05", "elapsed": 2884.034715, "delta": 17.072379}}
{"target": 0.0033596346486370744, "params": {"0": -0.19215780783591452, "1": -2.1167862457575977, "2": -2.0323938805562527, "3": -0.7838694086962175, "4": 0.12399595312904577, "5": -0.40880899769465495, "6": -2.8386234155949666, "7": -1.3074907437782128}, "datetime": {"datetime": "2021-06-29 21:02:16", "elapsed": 2895.572243, "delta": 11.537528}}
{"target": 0.005686259072108466, "params": {"0": 0.7671079801817564, "1": 1.8150410586968269, "2": 2.0382597782778333, "3": 0.3441475918284196, "4": -0.46088865931374645, "5": 2.562328711388446, "6": 0.7077180757596366, "7": 2.0984942168839797}, "datetime": {"datetime": "2021-06-29 21:02:28", "elapsed": 2907.523155, "delta": 11.950912}}
{"target": 0.005264790856537755, "params": {"0": 2.218100367393891, "1": 2.358862334378582, "2": -2.1297375718592413, "3": 1.5496130551216378, "4": -0.6342475076487117, "5": 0.9375957683358438, "6": -2.6446102907837723, "7": 2.814967670665548}, "datetime": {"datetime": "2021-06-29 21:02:37", "elapsed": 2915.918444, "delta": 8.395289}}
{"target": 0.02923787953062326, "params": {"0": -2.521538921683349, "1": -0.7937659086641942, "2": 0.33281315818593216, "3": -2.0973268099589433, "4": -0.5448394662335505, "5": 1.6405881641762532, "6": -2.7730706958083395, "7": -2.6514118139805496}, "datetime": {"datetime": "2021-06-29 21:02:45", "elapsed": 2924.432393, "delta": 8.513949}}
{"target": 0.004325585920469927, "params": {"0": -1.876165099320694, "1": 1.3203818725510192, "2": -2.6425666030125425, "3": 1.4251758102100602, "4": -2.2011437499387894, "5": 2.2636576842013483, "6": 0.08186497109359481, "7": 0.9338655919003149}, "datetime": {"datetime": "2021-06-29 21:03:12", "elapsed": 2950.778798, "delta": 26.346405}}
{"target": 0.0028926312848628036, "params": {"0": 2.110651734864798, "1": 2.6099912167753256, "2": 2.954468023620305, "3": 1.810461129634203, "4": 1.6367952292743189, "5": 0.5279157242327543, "6": -2.054151811559244, "7": 1.6313984990131774}, "datetime": {"datetime": "2021-06-29 21:03:24", "elapsed": 2963.051891, "delta": 12.273093}}
{"target": 0.0032052755080232555, "params": {"0": 0.9090017030967976, "1": -0.815440736535876, "2": 1.8906177244528397, "3": 2.098369616556054, "4": 0.09033131287377216, "5": 0.3037039011437992, "6": -1.6117630802799432, "7": -0.8920203585879998}, "datetime": {"datetime": "2021-06-29 21:03:36", "elapsed": 2975.299799, "delta": 12.247908}}
{"target": 0.0031111707353388214, "params": {"0": -2.8227154087779747, "1": -2.0017399461600984, "2": 1.0811964202625814, "3": -0.5251828641224399, "4": -1.1244990643058919, "5": -1.8194474963535163, "6": -1.853419267210734, "7": -1.1224127132026935}, "datetime": {"datetime": "2021-06-29 21:03:54", "elapsed": 2993.498553, "delta": 18.198754}}
{"target": 0.002962129785398394, "params": {"0": 1.453232312188641, "1": 0.6207088560089757, "2": 0.8277646742238618, "3": 0.10507026964985, "4": -0.41456193661016494, "5": -0.613073003170979, "6": 0.6872868561560832, "7": 1.852589050487131}, "datetime": {"datetime": "2021-06-29 21:04:05", "elapsed": 3004.112608, "delta": 10.614055}}
{"target": 0.0032770270443416294, "params": {"0": -1.1849362244155692, "1": 1.9372298216661559, "2": 2.6127486648322016, "3": 2.251375308075242, "4": 0.43819564649542686, "5": -2.9535183621730585, "6": -0.9670952905429764, "7": 0.028733646406726265}, "datetime": {"datetime": "2021-06-29 21:04:14", "elapsed": 3012.809537, "delta": 8.696929}}
{"target": 0.003685168857790795, "params": {"0": -2.093997102486167, "1": -0.014807075644180934, "2": -0.08247719380555818, "3": 1.9224535269709593, "4": -2.613042691870703, "5": -1.0783249780766488, "6": 1.1262037956518611, "7": 0.10643508914567423}, "datetime": {"datetime": "2021-06-29 21:04:27", "elapsed": 3026.11388, "delta": 13.304343}}
{"target": 0.003906866108347958, "params": {"0": -1.429757663030886, "1": -0.1695779949175753, "2": -2.500714982847212, "3": 0.48143564703176134, "4": 0.8542668829603857, "5": -1.9003840724436167, "6": -2.545204167418568, "7": -1.3038953968763767}, "datetime": {"datetime": "2021-06-29 21:04:37", "elapsed": 3036.41269, "delta": 10.29881}}
{"target": 0.01112154286276405, "params": {"0": 2.3831795956340613, "1": 1.4797404142296298, "2": 1.512022522782141, "3": -0.4124740213548481, "4": -1.3006518398717473, "5": -1.2267261493111399, "6": 1.2282933115815435, "7": 1.1826072970966948}, "datetime": {"datetime": "2021-06-29 21:04:51", "elapsed": 3049.920833, "delta": 13.508143}}
{"target": 0.004982897558424959, "params": {"0": 1.1337020626070853, "1": -0.5643874067433403, "2": 1.7787609300566576, "3": 2.4295703617673645, "4": 2.2453168160735704, "5": 2.4457728180006058, "6": -0.3873426823984163, "7": -1.8259924159616074}, "datetime": {"datetime": "2021-06-29 21:05:03", "elapsed": 3062.437876, "delta": 12.517043}}
{"target": 0.003268164106930692, "params": {"0": 2.1349857083056722, "1": -2.6613132681555576, "2": 1.1237404269048339, "3": -2.5788895743579454, "4": -1.9591126308530422, "5": -1.4357363156789318, "6": 1.4186274188477963, "7": 0.07087695787597958}, "datetime": {"datetime": "2021-06-29 21:05:31", "elapsed": 3089.993685, "delta": 27.555809}}
{"target": 0.010909686275796464, "params": {"0": -1.009600420222445, "1": -0.5812637376755916, "2": -1.2023596992350036, "3": -0.09955094875962178, "4": -1.0020810467340195, "5": -1.6079528851482814, "6": -2.0262954517828913, "7": 2.2206406526942235}, "datetime": {"datetime": "2021-06-29 21:05:45", "elapsed": 3104.201983, "delta": 14.208298}}
{"target": 0.006916854775205331, "params": {"0": 1.2349557674034637, "1": 0.40956386159938596, "2": 2.268311880874098, "3": 1.9833777684592677, "4": -1.6196591866197934, "5": 0.9109389471050786, "6": 1.3783198885959305, "7": -2.04421194179789}, "datetime": {"datetime": "2021-06-29 21:06:09", "elapsed": 3128.457319, "delta": 24.255336}}
{"target": 0.0036187041855002136, "params": {"0": 1.830990230068009, "1": -0.5166667014449171, "2": -0.44376606676304586, "3": 0.054151396229007, "4": 0.20895606297643976, "5": 2.2864021304417728, "6": -0.5856364781913648, "7": 1.6320523443043253}, "datetime": {"datetime": "2021-06-29 21:06:20", "elapsed": 3139.147141, "delta": 10.689822}}
{"target": 0.00301402438938795, "params": {"0": -2.638193003659914, "1": 1.0398131160086308, "2": -2.925277192086501, "3": 0.6586190710602988, "4": 2.912071680504906, "5": -1.553223810679483, "6": 2.456615113404114, "7": -2.8495594024362934}, "datetime": {"datetime": "2021-06-29 21:06:43", "elapsed": 3162.484371, "delta": 23.33723}}
{"target": 0.08318481607946983, "params": {"0": 1.1386663736517058, "1": -1.0377278627745186, "2": -0.9016940007014655, "3": -1.7483892206055662, "4": 1.042542952565614, "5": -2.5519627273022345, "6": 1.8843494651437735, "7": 0.5586973179527979}, "datetime": {"datetime": "2021-06-29 21:06:57", "elapsed": 3176.656322, "delta": 14.171951}}
{"target": 0.003264936061210275, "params": {"0": -2.910057030834472, "1": 0.3061733271846263, "2": -2.336840540408729, "3": 2.38753290970135, "4": -0.5355606576656, "5": -1.7788265123449754, "6": 2.4184124480004723, "7": 0.9266376355343118}, "datetime": {"datetime": "2021-06-29 21:07:10", "elapsed": 3189.528834, "delta": 12.872512}}
{"target": 0.0036635082857502887, "params": {"0": -0.8179434002963926, "1": -0.17230778941309488, "2": -2.289802061303715, "3": -1.2482084715688009, "4": 1.8418515225421226, "5": -1.108621569301634, "6": 0.9176228727560933, "7": -2.0744015615112716}, "datetime": {"datetime": "2021-06-29 21:07:25", "elapsed": 3204.229315, "delta": 14.700481}}
{"target": 0.008519278093564852, "params": {"0": 2.3282414428403024, "1": -0.3517096076416295, "2": -0.5402612418258625, "3": -2.5226174802958274, "4": -1.4064554242143663, "5": 0.9101912135123378, "6": 1.1912184574795486, "7": -1.7418528059194784}, "datetime": {"datetime": "2021-06-29 21:07:35", "elapsed": 3214.675845, "delta": 10.44653}}
{"target": 0.1213955772165207, "params": {"0": 2.566322952587104, "1": 1.5830798631382086, "2": 2.156730528103197, "3": -0.2440951119310082, "4": -1.8850720595380108, "5": -0.9706695810155272, "6": 0.6995176316759011, "7": 0.6011024985481184}, "datetime": {"datetime": "2021-06-29 21:07:50", "elapsed": 3229.479712, "delta": 14.803867}}
{"target": 0.005075567220197265, "params": {"0": 1.3193040610516658, "1": 0.6590019868573487, "2": 0.9631407071041753, "3": -2.2246490658971294, "4": 1.9096896152490705, "5": -2.017335847792101, "6": 0.07029177767260375, "7": 0.12550027629620253}, "datetime": {"datetime": "2021-06-29 21:07:59", "elapsed": 3238.588722, "delta": 9.10901}}
{"target": 0.0032998281364234085, "params": {"0": -0.41287698910910287, "1": -2.13443803876432, "2": 2.186611731010987, "3": 2.7904336357598236, "4": -2.8408991954723435, "5": -1.1350355189647483, "6": -0.5476740885794324, "7": -1.457835842209046}, "datetime": {"datetime": "2021-06-29 21:08:11", "elapsed": 3249.910873, "delta": 11.322151}}
{"target": 0.07308617815752733, "params": {"0": -2.758162500507866, "1": 1.6050481579869569, "2": 0.7351962343681899, "3": 2.614958179445366, "4": -0.09508534616791042, "5": -2.881916218061465, "6": -2.5806973482077704, "7": -1.3528734784528345}, "datetime": {"datetime": "2021-06-29 21:08:21", "elapsed": 3259.879974, "delta": 9.969101}}
{"target": 0.027575884176479715, "params": {"0": -0.3587836508321063, "1": -2.607221595519654, "2": 2.172516827457427, "3": -1.4740091621896299, "4": 0.2008129832926393, "5": 1.87710285176634, "6": -2.3001232798178712, "7": 1.0302287635648453}, "datetime": {"datetime": "2021-06-29 21:08:32", "elapsed": 3271.703158, "delta": 11.823184}}
{"target": 0.0037078098946718005, "params": {"0": -1.830831618031442, "1": -2.6050742481609666, "2": 2.8354530059799163, "3": 1.8243783151962312, "4": 0.17372894968937258, "5": 2.6311360660697822, "6": -0.8361677323909502, "7": -0.9862581067627194}, "datetime": {"datetime": "2021-06-29 21:08:38", "elapsed": 3277.539044, "delta": 5.835886}}
{"target": 0.00514153477746144, "params": {"0": 1.2664038235952404, "1": -2.2328476730293434, "2": -0.0737852073498999, "3": 0.8272322640866645, "4": 2.8965054295785038, "5": 0.23786358500962024, "6": -2.697933145391599, "7": 0.7401328124670878}, "datetime": {"datetime": "2021-06-29 21:08:49", "elapsed": 3287.925369, "delta": 10.386325}}
{"target": 0.05140804730284074, "params": {"0": -2.106898092898637, "1": 1.0931936968650797, "2": 1.4899982091841588, "3": 0.3037523292130544, "4": -1.0967640717069478, "5": -2.9042377605937393, "6": 0.4877174732816618, "7": 1.2466376027368433}, "datetime": {"datetime": "2021-06-29 21:09:00", "elapsed": 3299.106915, "delta": 11.181546}}
{"target": 0.004228450359812107, "params": {"0": 1.173723321097179, "1": -2.2482753026937, "2": -1.017933301904984, "3": -2.023177852554026, "4": -2.1381885513122065, "5": -0.7737618037439091, "6": -2.902671759996104, "7": -0.15302883073171447}, "datetime": {"datetime": "2021-06-29 21:09:11", "elapsed": 3310.754243, "delta": 11.647328}}
{"target": 0.00577187171485067, "params": {"0": -1.3115769870672027, "1": -2.681457841811449, "2": -2.3308339584983804, "3": -1.8677936092999576, "4": -1.4765046474106822, "5": -0.9854800661271748, "6": -1.6113964913397307, "7": -0.4524253701950709}, "datetime": {"datetime": "2021-06-29 21:09:21", "elapsed": 3320.645524, "delta": 9.891281}}
{"target": 0.0038086870534347304, "params": {"0": 1.6910815183715995, "1": -0.1632765529601432, "2": -0.3471147072422611, "3": 2.1269397501654845, "4": -2.4413815203310003, "5": -1.937319598543731, "6": 0.9184904938382443, "7": 1.51261866449068}, "datetime": {"datetime": "2021-06-29 21:09:38", "elapsed": 3337.737446, "delta": 17.091922}}
{"target": 0.003745009255629252, "params": {"0": 2.50380516262702, "1": -0.9208515761407008, "2": -2.7271685460920896, "3": -2.3691775980311, "4": -1.153512185229036, "5": 1.9721023344080573, "6": -1.3072688991796688, "7": -1.6572581537157889}, "datetime": {"datetime": "2021-06-29 21:09:51", "elapsed": 3350.315328, "delta": 12.577882}}
{"target": 0.0035069387305714694, "params": {"0": 2.870320876759717, "1": 1.5654325029340779, "2": 0.9265528109973706, "3": -2.011039326738614, "4": -1.7971175725379334, "5": -0.8771566115796006, "6": -0.805475026170738, "7": -2.4874804342225016}, "datetime": {"datetime": "2021-06-29 21:10:02", "elapsed": 3360.784243, "delta": 10.468915}}
{"target": 0.0031539832008984758, "params": {"0": -1.6289086014536138, "1": 1.7411308732541038, "2": 2.8749663157415863, "3": 1.6690620929792779, "4": 1.8233644785008778, "5": -1.1957324487785643, "6": 2.1136386221819086, "7": 1.5917839493270627}, "datetime": {"datetime": "2021-06-29 21:10:13", "elapsed": 3371.961678, "delta": 11.177435}}
{"target": 0.0033354116011190334, "params": {"0": 0.14939102208603927, "1": 0.9639305035077843, "2": -1.8630766465480044, "3": 2.2430199983183448, "4": 2.078661115669867, "5": 1.7790735404315967, "6": 1.6098911466060093, "7": 1.3275173530518067}, "datetime": {"datetime": "2021-06-29 21:10:25", "elapsed": 3384.043906, "delta": 12.082228}}
{"target": 0.0032719583501026016, "params": {"0": -0.9929821370332368, "1": -2.609913332320942, "2": 2.836085362521011, "3": -1.653117814933746, "4": 1.0869085488598564, "5": 2.3323423374362857, "6": 1.372861544299381, "7": -2.6799308553398444}, "datetime": {"datetime": "2021-06-29 21:10:37", "elapsed": 3396.715876, "delta": 12.67197}}
{"target": 0.0597608830289215, "params": {"0": 0.10816472363292595, "1": 0.27209700160773487, "2": -2.637671381792126, "3": -1.7433726648535275, "4": 0.054895944990927426, "5": -0.5223696347787241, "6": 0.5870355083705512, "7": -1.4168866530558513}, "datetime": {"datetime": "2021-06-29 21:10:58", "elapsed": 3416.948867, "delta": 20.232991}}
{"target": 0.003050750210293354, "params": {"0": -2.5081822801680023, "1": 1.5355800574106482, "2": 1.4646623912507737, "3": -1.4176090690390235, "4": 0.10763046213107064, "5": 2.08751772015322, "6": 1.0718428352068265, "7": -0.10410695698045691}, "datetime": {"datetime": "2021-06-29 21:11:13", "elapsed": 3431.849045, "delta": 14.900178}}
{"target": 0.0038680490636347894, "params": {"0": 2.7717532973627215, "1": -1.4773454142968057, "2": 2.940536260583256, "3": -2.6255518699544034, "4": -1.4300242657590092, "5": -0.5949123891155352, "6": 1.1674381452641098, "7": -2.32247608190349}, "datetime": {"datetime": "2021-06-29 21:11:21", "elapsed": 3439.931004, "delta": 8.081959}}
{"target": 0.0031270649423997244, "params": {"0": -0.8156798044428024, "1": 0.6763114117844617, "2": -0.055143542028410764, "3": 0.7540114681626173, "4": -0.5413063298775294, "5": 0.2544739300256209, "6": 2.3673990042290303, "7": -2.9333178020191424}, "datetime": {"datetime": "2021-06-29 21:11:30", "elapsed": 3449.513205, "delta": 9.582201}}
{"target": 0.006637993401602998, "params": {"0": -0.45456777423060224, "1": -2.378373399420002, "2": -2.133155999457096, "3": -1.3025624460194791, "4": 1.2340915166044937, "5": -1.5124731354984926, "6": 1.4347892647288027, "7": -0.6860624846958157}, "datetime": {"datetime": "2021-06-29 21:11:44", "elapsed": 3463.499581, "delta": 13.986376}}
{"target": 0.0029367611141908603, "params": {"0": 1.3089196098390659, "1": -1.4144176238033535, "2": -2.4247364167613457, "3": -0.4976974263456708, "4": 0.4650512689631716, "5": 2.8152440521691293, "6": -0.6774587717333227, "7": -2.0915239423792578}, "datetime": {"datetime": "2021-06-29 21:11:56", "elapsed": 3475.157682, "delta": 11.658101}}
{"target": 0.002931654977220568, "params": {"0": 0.9132287031727726, "1": -0.4265842010244967, "2": -2.1743280251433004, "3": -0.7511729404007266, "4": 2.3891045613924193, "5": 2.622243733267565, "6": 2.50775249840882, "7": -1.4553228474839537}, "datetime": {"datetime": "2021-06-29 21:12:06", "elapsed": 3485.094394, "delta": 9.936712}}
{"target": 0.01171736643183161, "params": {"0": -0.2730055318624549, "1": 2.8745820840441425, "2": -0.5322876000145973, "3": 0.39964974213739834, "4": 1.1675540018857067, "5": -2.298845661603824, "6": -0.8096794533723672, "7": -2.7815981483272294}, "datetime": {"datetime": "2021-06-29 21:12:21", "elapsed": 3500.636081, "delta": 15.541687}}
{"target": 0.0043400844347521415, "params": {"0": -2.192683922650441, "1": 0.8547875398392306, "2": -0.5442349242488351, "3": 2.611943757313333, "4": -0.10967385819104347, "5": 0.8943262893347939, "6": -0.9969217876713725, "7": 0.20392865627009904}, "datetime": {"datetime": "2021-06-29 21:12:31", "elapsed": 3510.409322, "delta": 9.773241}}
{"target": 0.03138814291907826, "params": {"0": 2.7223793405076924, "1": -0.7864612982079309, "2": 0.46804835371701214, "3": 2.0973191775105997, "4": -1.4866113407478276, "5": 1.7610745932640732, "6": -1.4702124199329694, "7": -1.7948087894388802}, "datetime": {"datetime": "2021-06-29 21:12:43", "elapsed": 3522.632548, "delta": 12.223226}}
{"target": 0.0032659257846364954, "params": {"0": -2.0402574612491646, "1": 1.432826016644369, "2": -0.10643584024542996, "3": -1.4818526219639756, "4": 0.14043829586499168, "5": -0.7871170820536135, "6": -2.4049599601295704, "7": 2.380844189188136}, "datetime": {"datetime": "2021-06-29 21:12:51", "elapsed": 3529.966519, "delta": 7.333971}}
{"target": 0.004117409955775986, "params": {"0": -2.1249603973624343, "1": -1.4696319202658092, "2": 0.9783551569362605, "3": 0.15758470702404725, "4": -1.3846673416663013, "5": -2.142753308283498, "6": -2.014270798716903, "7": -1.0149336067293722}, "datetime": {"datetime": "2021-06-29 21:13:06", "elapsed": 3545.569032, "delta": 15.602513}}
{"target": 0.0031679378662478655, "params": {"0": -0.9320747472132163, "1": -2.2705430933581505, "2": 0.9201538893235943, "3": -1.1067346743459539, "4": -2.881999116539789, "5": 1.4202568615262088, "6": -0.25727886378384035, "7": -1.2643698460024244}, "datetime": {"datetime": "2021-06-29 21:13:17", "elapsed": 3556.687718, "delta": 11.118686}}
{"target": 0.006429700194831356, "params": {"0": 0.7567170921336457, "1": 0.9424009309536334, "2": 1.494852470430044, "3": 2.064263663967103, "4": -0.8202273611019306, "5": -0.06484433207580764, "6": 2.1173751512082752, "7": -2.33796045085358}, "datetime": {"datetime": "2021-06-29 21:13:30", "elapsed": 3568.921887, "delta": 12.234169}}
{"target": 0.005503761930463514, "params": {"0": -2.4648621692022967, "1": 2.649497725746044, "2": -0.11397392548844731, "3": -0.32409081559318187, "4": 2.427084125765953, "5": 1.17878182788764, "6": 0.470340590585705, "7": 1.1278815921392908}, "datetime": {"datetime": "2021-06-29 21:13:44", "elapsed": 3583.499434, "delta": 14.577547}}
{"target": 0.003567192906559343, "params": {"0": 2.1949451990251516, "1": 2.401688159260064, "2": 0.4061108668905513, "3": -0.05263480829884015, "4": 0.7750012468833187, "5": 2.404773854788191, "6": -2.91064259428427, "7": 0.3151278862652642}, "datetime": {"datetime": "2021-06-29 21:13:55", "elapsed": 3594.736173, "delta": 11.236739}}
{"target": 0.0036936798029264264, "params": {"0": -2.5718253930658133, "1": 1.6134895528670574, "2": 1.200197437308808, "3": 2.5855156920439724, "4": 0.3518566744138134, "5": -2.590758014975896, "6": -1.8721926087722691, "7": -1.2628171566092354}, "datetime": {"datetime": "2021-06-29 21:14:09", "elapsed": 3607.899846, "delta": 13.163673}}
{"target": 0.0033512199998814137, "params": {"0": 2.8011758060603755, "1": -1.765398882275274, "2": -2.424911546586096, "3": -2.5824202671428456, "4": 0.85671556351202, "5": 2.154237580750012, "6": -0.8206116798781933, "7": -2.4674222881298133}, "datetime": {"datetime": "2021-06-29 21:14:21", "elapsed": 3620.233184, "delta": 12.333338}}
{"target": 0.0037634839597516815, "params": {"0": -0.6001918659244039, "1": -2.115729256787223, "2": -0.15029047724920108, "3": -1.8142680302659646, "4": 1.128878693069181, "5": -0.9978813003942122, "6": -2.4745557946690995, "7": 2.5843683612872486}, "datetime": {"datetime": "2021-06-29 21:14:38", "elapsed": 3637.743005, "delta": 17.509821}}
{"target": 0.005198600107335506, "params": {"0": -0.10355001059955882, "1": 0.1017161114779137, "2": -0.7199353299530129, "3": 1.4242740903830509, "4": -2.2401327483940503, "5": 2.3852178558364656, "6": -2.361087983535288, "7": 0.8562168441867319}, "datetime": {"datetime": "2021-06-29 21:14:57", "elapsed": 3655.915769, "delta": 18.172764}}
