{"target": 0.002943687591417047, "params": {"0": 1.2304081684094754, "1": 1.9919611472607395, "2": 1.393835229803357, "3": -1.758052303756684, "4": 0.20561049573382206, "5": 2.300481313630092, "6": -0.82897159702443, "7": -1.2497182186266869}, "datetime": {"datetime": "2021-06-29 22:06:13", "elapsed": 6732.458882, "delta": 14.461223}}
{"target": 0.0035863549516693422, "params": {"0": -2.138431675964894, "1": -1.3263754043550717, "2": 0.646751414396209, "3": 2.121753419611524, "4": -1.0665466542387574, "5": 0.9257509857036963, "6": -2.812852416869129, "7": 0.22824612172230951}, "datetime": {"datetime": "2021-06-29 22:06:29", "elapsed": 6748.362688, "delta": 15.903806}}
{"target": 0.00637569474807877, "params": {"0": -0.7387516881036484, "1": 2.0359092900927065, "2": -0.16781391388674827, "3": 1.1338070008048735, "4": 0.25189146564399323, "5": 2.1212743271970966, "6": 0.14956620625562067, "7": 1.8748330971493274}, "datetime": {"datetime": "2021-06-29 22:06:48", "elapsed": 6767.263631, "delta": 18.900943}}
{"target": 0.003250190426097253, "params": {"0": 2.322105250511034, "1": 0.40315111798402326, "2": -1.7134633704704556, "3": 2.2971961145276865, "4": 0.7710422508417389, "5": -2.3541380452204823, "6": 1.3229124796556775, "7": -0.42914471154670375}, "datetime": {"datetime": "2021-06-29 22:07:27", "elapsed": 6806.124014, "delta": 38.860383}}
{"target": 0.004075110947875922, "params": {"0": -2.723442556949337, "1": 0.5989552942690635, "2": -1.8657595267134168, "3": 0.39335673781176705, "4": -1.5681752800691968, "5": -2.346428150017082, "6": -1.3222020814568665, "7": -0.4027402763290784}, "datetime": {"datetime": "2021-06-29 22:07:44", "elapsed": 6823.818214, "delta": 17.6942}}
{"target": 0.007685720240127032, "params": {"0": 0.3323308077533671, "1": 0.9545012112572575, "2": 0.6198871799605801, "3": -2.0186622560940712, "4": 1.511384718798551, "5": -2.424023500170202, "6": -0.5028900964897955, "7": -1.6730323281382393}, "datetime": {"datetime": "2021-06-29 22:07:59", "elapsed": 6838.414228, "delta": 14.596014}}
{"target": 0.0035382999072468223, "params": {"0": 0.3470798156507868, "1": 0.007278455595743694, "2": 2.749167776010382, "3": -0.19129609382973234, "4": -0.799851940472009, "5": 0.840188675768573, "6": 0.49473093361203135, "7": -1.6387739935986236}, "datetime": {"datetime": "2021-06-29 22:08:18", "elapsed": 6857.109485, "delta": 18.695257}}
{"target": 0.0035579825611917553, "params": {"0": 0.786928063023649, "1": 2.711193354166099, "2": 1.1801409435398966, "3": 2.23824221084251, "4": 0.49358611530750096, "5": -2.39496588494126, "6": -2.5654399302358644, "7": 0.767881677987241}, "datetime": {"datetime": "2021-06-29 22:08:34", "elapsed": 6873.815558, "delta": 16.706073}}
{"target": 0.005871859704229451, "params": {"0": 0.6454198777330227, "1": 1.5479671669224988, "2": 2.995195574213798, "3": -1.5464690643456893, "4": -2.3779210378638407, "5": -2.3058841623858957, "6": 1.7292800313091865, "7": 2.4134492617221053}, "datetime": {"datetime": "2021-06-29 22:08:49", "elapsed": 6888.186052, "delta": 14.370494}}
{"target": 0.0033933870192622683, "params": {"0": 1.870734550634448, "1": -2.8246332932112166, "2": 0.7084761428334336, "3": -2.7363721662640703, "4": -2.401215150010772, "5": -0.8998230340908764, "6": -0.2563027062534893, "7": -1.5878438917743674}, "datetime": {"datetime": "2021-06-29 22:09:10", "elapsed": 6909.771914, "delta": 21.585862}}
{"target": 0.002947914647008715, "params": {"0": -1.46135868231455, "1": -2.3428113394364027, "2": -2.7553190337358244, "3": 2.3587763218451308, "4": 0.9758409243060804, "5": -2.985527420752359, "6": -0.09885592970414958, "7": -0.8413608992899206}, "datetime": {"datetime": "2021-06-29 22:09:27", "elapsed": 6926.838119, "delta": 17.066205}}
{"target": 0.003173768153780165, "params": {"0": -2.406583232720434, "1": 1.1550979527513912, "2": 0.21068484083988803, "3": -0.640354108749797, "4": -2.4999294860352617, "5": 1.765018664191742, "6": -0.45288080629154814, "7": 1.6963437263860595}, "datetime": {"datetime": "2021-06-29 22:09:55", "elapsed": 6954.488008, "delta": 27.649889}}
{"target": 0.010505223072753398, "params": {"0": -1.080032325330033, "1": 0.5072942186112157, "2": 1.4571716819723708, "3": 2.339418542747908, "4": -1.1011062166166488, "5": 1.2852436617465681, "6": 2.499075367001704, "7": -2.306799993182275}, "datetime": {"datetime": "2021-06-29 22:10:14", "elapsed": 6973.205017, "delta": 18.717009}}
{"target": 0.00332394876058593, "params": {"0": 1.219506616838565, "1": 0.055316908606420245, "2": 0.6959671900291498, "3": -2.840965488750719, "4": 2.0987275722902705, "5": -1.51215801522084, "6": -2.965798029180255, "7": 1.7131002318494257}, "datetime": {"datetime": "2021-06-29 22:10:33", "elapsed": 6992.302713, "delta": 19.097696}}
{"target": 0.0045164197958073304, "params": {"0": -0.919879201473337, "1": -1.907506751363967, "2": 2.3779512319636336, "3": 0.1425247030155603, "4": -0.39018893751956973, "5": -2.6086823028582944, "6": 1.0194667816119063, "7": -0.6023012734138522}, "datetime": {"datetime": "2021-06-29 22:10:46", "elapsed": 7005.970712, "delta": 13.667999}}
{"target": 0.0037749830211667467, "params": {"0": -0.6081150660836796, "1": -2.882880792997044, "2": -0.35400175054979055, "3": 2.502569023397978, "4": -0.8329182518209115, "5": -2.9752279001743496, "6": 1.1755679821570153, "7": 1.4096828306847478}, "datetime": {"datetime": "2021-06-29 22:11:15", "elapsed": 7034.833374, "delta": 28.862662}}
{"target": 0.0029781120372149843, "params": {"0": -1.9005557025028814, "1": -2.304779732817514, "2": -2.297703393229348, "3": 2.143769349818122, "4": -1.436497087214764, "5": 2.7350385752418145, "6": 2.5738370595754017, "7": -2.5930382199812327}, "datetime": {"datetime": "2021-06-29 22:11:31", "elapsed": 7050.73348, "delta": 15.900106}}
{"target": 0.022363482087444653, "params": {"0": -1.1546032783198044, "1": -0.4520314261119873, "2": 1.7140265888935904, "3": -2.878900612098456, "4": 1.8214316865203761, "5": 0.27067782327053, "6": 0.6261993739475598, "7": 1.7591739196666243}, "datetime": {"datetime": "2021-06-29 22:12:08", "elapsed": 7087.466666, "delta": 36.733186}}
{"target": 0.0035539113248019534, "params": {"0": -1.177892513173558, "1": 0.3146358798553823, "2": -2.0153620274424577, "3": -0.9057223351376118, "4": 1.6940472531746522, "5": -0.9129302741601948, "6": 1.7075739446193072, "7": -1.0801145322349683}, "datetime": {"datetime": "2021-06-29 22:12:39", "elapsed": 7118.893749, "delta": 31.427083}}
{"target": 0.009678417098735362, "params": {"0": 1.5354729473918773, "1": -0.9022910603923364, "2": 1.4263790744303328, "3": -0.7976600336464692, "4": -0.177019541373868, "5": -1.2239646250111142, "6": -0.9575986546134136, "7": 1.638847998227213}, "datetime": {"datetime": "2021-06-29 22:13:05", "elapsed": 7144.693451, "delta": 25.799702}}
{"target": 0.002884992298831684, "params": {"0": 0.9661459177254956, "1": -1.2147989846769665, "2": 1.9955345967750295, "3": -2.0804643012301742, "4": 2.877806836619926, "5": 0.8547053543763985, "6": 1.209308830013529, "7": -0.4343486543823505}, "datetime": {"datetime": "2021-06-29 22:13:20", "elapsed": 7159.553816, "delta": 14.860365}}
{"target": 0.0034418218882766257, "params": {"0": 2.8914195024736884, "1": 2.0473145134655057, "2": 1.4882618750348868, "3": -0.9853031325534594, "4": -0.8110646928751457, "5": -2.522301546018702, "6": 1.747648692713411, "7": -0.6690505655922099}, "datetime": {"datetime": "2021-06-29 22:14:15", "elapsed": 7214.444323, "delta": 54.890507}}
{"target": 0.12019545098138766, "params": {"0": 1.507791366529725, "1": 0.5929678168587387, "2": -0.7955169566605647, "3": 2.279130391066915, "4": 0.17524952312370168, "5": -2.537216758937882, "6": 0.0866033297683515, "7": 1.5353383188341096}, "datetime": {"datetime": "2021-06-29 22:15:07", "elapsed": 7266.240584, "delta": 51.796261}}
{"target": 0.003162845829327379, "params": {"0": -2.517950182449767, "1": 2.8790431591363186, "2": -0.5416470947510543, "3": 1.0932424671206906, "4": 1.0704054597912815, "5": -1.4468461636520862, "6": 2.9028487726290706, "7": 2.9901789431675203}, "datetime": {"datetime": "2021-06-29 22:15:29", "elapsed": 7288.340653, "delta": 22.100069}}
{"target": 0.006738151451199676, "params": {"0": -2.018073427910818, "1": -1.9821695142076576, "2": 0.15340346639216484, "3": 0.38969948957375244, "4": 1.923256179431501, "5": -2.359079183978783, "6": 2.0985447172249767, "7": 1.9939557037757991}, "datetime": {"datetime": "2021-06-29 22:15:51", "elapsed": 7310.622787, "delta": 22.282134}}
{"target": 0.0030359807397253103, "params": {"0": 2.2196545847238394, "1": -2.9859707785371854, "2": -2.4027020645595396, "3": -0.7018762038871325, "4": 2.5241544926387682, "5": 2.953560795529631, "6": -2.5643932252704094, "7": 2.372557289207114}, "datetime": {"datetime": "2021-06-29 22:16:12", "elapsed": 7331.791589, "delta": 21.168802}}
{"target": 0.0034367332100577546, "params": {"0": -1.0365895380085566, "1": -2.350947646482521, "2": -0.8876611798505305, "3": 0.7551797527233299, "4": -2.270630396196078, "5": -2.0379713120272434, "6": 2.0453328394310972, "7": 0.3541729508647542}, "datetime": {"datetime": "2021-06-29 22:16:28", "elapsed": 7347.499944, "delta": 15.708355}}
{"target": 0.003247806367831292, "params": {"0": -0.7159963332730319, "1": 1.126956092648725, "2": 1.0161114735716303, "3": -1.726512159298521, "4": 0.635946119685336, "5": -1.4781585337881962, "6": 2.4978721046662873, "7": -2.683455400413103}, "datetime": {"datetime": "2021-06-29 22:16:50", "elapsed": 7369.753704, "delta": 22.25376}}
{"target": 0.002916014923311645, "params": {"0": 1.3589453708782617, "1": 2.0305486156328936, "2": -1.5392275755904121, "3": -0.6939372925514613, "4": 2.984046632829277, "5": 0.682368370074304, "6": 1.1590503104467427, "7": -0.7719484582587852}, "datetime": {"datetime": "2021-06-29 22:17:06", "elapsed": 7385.489955, "delta": 15.736251}}
{"target": 0.003101438456564399, "params": {"0": 1.742498628718577, "1": -0.7070971894817761, "2": 2.9002949190791067, "3": -1.1718145330679746, "4": 1.2932628268111905, "5": 1.2868287164234875, "6": -0.6690856566351435, "7": 0.16640995680071402}, "datetime": {"datetime": "2021-06-29 22:17:23", "elapsed": 7402.832971, "delta": 17.343016}}
{"target": 0.017480490074041642, "params": {"0": 0.7077875370866611, "1": 1.8218748002632408, "2": -2.257318326359815, "3": 0.7194529779735204, "4": -1.7308678996765798, "5": 0.6442381391930923, "6": -0.23403961538677187, "7": -0.4756973358117591}, "datetime": {"datetime": "2021-06-29 22:17:36", "elapsed": 7415.957664, "delta": 13.124693}}
{"target": 0.004234305378826838, "params": {"0": -0.26682115572957077, "1": -1.498351786394708, "2": 1.3076534332123515, "3": -2.9405211876164525, "4": 1.053003546205069, "5": -2.8534597366218133, "6": -2.452298476886038, "7": -1.0090200709111146}, "datetime": {"datetime": "2021-06-29 22:17:54", "elapsed": 7433.518789, "delta": 17.561125}}
{"target": 0.0030366527557755293, "params": {"0": 0.5283607796833034, "1": -1.0984036576349825, "2": -2.25842078449595, "3": -2.342142862924047, "4": 2.1211045507189157, "5": 0.7174468891746812, "6": 1.2462818573642682, "7": 2.616166970830749}, "datetime": {"datetime": "2021-06-29 22:18:15", "elapsed": 7454.585848, "delta": 21.067059}}
{"target": 0.0029657040721409265, "params": {"0": 1.9607476143311668, "1": -2.0788038591191484, "2": -0.22186013473505017, "3": -0.4561761085272149, "4": -0.18546580925309186, "5": 0.4158107256805752, "6": 1.3621844597195043, "7": 1.809766801219995}, "datetime": {"datetime": "2021-06-29 22:18:36", "elapsed": 7476.038321, "delta": 21.452473}}
{"target": 0.0036824032481989452, "params": {"0": -0.9893345417153805, "1": 1.8344835864781555, "2": 2.4156409920491946, "3": -2.6753232531479956, "4": -1.833138325731014, "5": -1.264239917736064, "6": -1.9621414987370505, "7": -2.4000932470001937}, "datetime": {"datetime": "2021-06-29 22:18:54", "elapsed": 7493.767685, "delta": 17.729364}}
{"target": 0.005506613848007676, "params": {"0": -1.5640252292941208, "1": 1.2758733112575271, "2": -1.041337126209063, "3": -1.8102152978220776, "4": -1.1897128266696833, "5": 0.06548738520641528, "6": -2.4231377203117432, "7": -0.8362713430224487}, "datetime": {"datetime": "2021-06-29 22:19:17", "elapsed": 7516.122381, "delta": 22.354696}}
{"target": 0.004238904875606147, "params": {"0": 1.1717572578310191, "1": 0.8299413939967568, "2": 2.2406390756651984, "3": 1.3164815402696801, "4": 0.15874431564785185, "5": 0.7439217493366339, "6": -0.33842881482926934, "7": 0.38417307840466997}, "datetime": {"datetime": "2021-06-29 22:19:37", "elapsed": 7536.938471, "delta": 20.81609}}
{"target": 0.0032300489229788207, "params": {"0": -0.4791161513309792, "1": 2.5690887857444684, "2": -2.5088245286159925, "3": 1.8752916782543476, "4": -2.8175986493073224, "5": 0.228945835281539, "6": -1.238059293786301, "7": 1.0870472245612763}, "datetime": {"datetime": "2021-06-29 22:20:04", "elapsed": 7563.513319, "delta": 26.574848}}
{"target": 0.0032014419202575236, "params": {"0": -2.1685368357447947, "1": 1.955156447944013, "2": 2.146908500515231, "3": 2.6655864896902663, "4": -2.6583428808741445, "5": 2.9887285711055807, "6": 2.4046701562069117, "7": 0.39674870025220077}, "datetime": {"datetime": "2021-06-29 22:20:22", "elapsed": 7581.872111, "delta": 18.358792}}
{"target": 0.0033327037154183997, "params": {"0": -1.0695401692380186, "1": -0.813958005664559, "2": -2.331913200177251, "3": 2.5712028111504903, "4": -0.727375101769189, "5": -2.499547262308475, "6": 1.9527164103221661, "7": 2.930536944437063}, "datetime": {"datetime": "2021-06-29 22:20:35", "elapsed": 7594.72306, "delta": 12.850949}}
{"target": 0.0033952660280944518, "params": {"0": 2.053476357306602, "1": 1.2938126336664357, "2": 0.7279906248202002, "3": -2.1050771394232624, "4": -1.6218795776720238, "5": -1.1585629497197565, "6": 2.3633271074934266, "7": 1.0324470826434213}, "datetime": {"datetime": "2021-06-29 22:20:55", "elapsed": 7614.758282, "delta": 20.035222}}
{"target": 0.002997373214707532, "params": {"0": 1.6539865236660791, "1": 2.3887571919737614, "2": -1.5360766508804435, "3": 0.9181655731872, "4": 1.9400354765114276, "5": 1.4658535743346741, "6": 2.4715878327100764, "7": -2.2269127454290394}, "datetime": {"datetime": "2021-06-29 22:21:16", "elapsed": 7635.695538, "delta": 20.937256}}
{"target": 0.003286551352205492, "params": {"0": 1.4913454563925468, "1": 1.0660996067610409, "2": -1.263992261550634, "3": -2.512279440213858, "4": -2.9738485592687303, "5": 0.45985000898381534, "6": -0.731562634589193, "7": -1.1819509867864486}, "datetime": {"datetime": "2021-06-29 22:21:34", "elapsed": 7653.319969, "delta": 17.624431}}
{"target": 0.0038495145986494005, "params": {"0": 2.377272660179173, "1": -1.4774680404340481, "2": 1.5395778283238482, "3": -1.2986720414743056, "4": -0.7213717416827117, "5": 1.5465229359527548, "6": -1.9525149721413195, "7": -1.5446048335941673}, "datetime": {"datetime": "2021-06-29 22:21:59", "elapsed": 7678.353353, "delta": 25.033384}}
{"target": 0.0032775039178666106, "params": {"0": 2.7159585370040586, "1": -0.001534457110611065, "2": -0.3273777769249815, "3": 2.4556983122742535, "4": 0.6858109303285316, "5": -1.4631629782247386, "6": -1.6409954920708332, "7": 2.303026009686606}, "datetime": {"datetime": "2021-06-29 22:22:16", "elapsed": 7695.365827, "delta": 17.012474}}
{"target": 0.0032053455666730575, "params": {"0": -0.7853748058792247, "1": 0.17221495196294212, "2": 1.3064019863909495, "3": 0.9802172668214135, "4": 2.867574897413534, "5": -0.0207793709059807, "6": 0.20934059841410857, "7": 1.2704364031334991}, "datetime": {"datetime": "2021-06-29 22:22:39", "elapsed": 7718.52478, "delta": 23.158953}}
{"target": 0.003016792073767374, "params": {"0": 0.1567104354470339, "1": 1.295972455152124, "2": -2.4913663477529218, "3": 0.3616315133506216, "4": 2.676238798062176, "5": -0.2545714677843365, "6": -2.897610007326881, "7": -0.3061080839168415}, "datetime": {"datetime": "2021-06-29 22:23:16", "elapsed": 7755.752266, "delta": 37.227486}}
{"target": 0.0032558369038904085, "params": {"0": 1.8369198065943966, "1": -1.2597568929755605, "2": -0.5425101674749033, "3": 1.7280272858609775, "4": -0.8166803781503349, "5": 1.624397667690383, "6": -2.6533049045540755, "7": 0.5048971922141101}, "datetime": {"datetime": "2021-06-29 22:23:37", "elapsed": 7777.032404, "delta": 21.280138}}
{"target": 0.003795178109175197, "params": {"0": -1.954951359819799, "1": 2.9953023111220842, "2": 2.167824785492555, "3": 1.9582350389118277, "4": -1.0453332417249948, "5": 2.0844234053760298, "6": 2.2317815885843135, "7": -0.5983685686268743}, "datetime": {"datetime": "2021-06-29 22:24:01", "elapsed": 7800.130862, "delta": 23.098458}}
{"target": 0.0031400725585281784, "params": {"0": -1.685630170817338, "1": -0.8827171820734501, "2": -1.5932038664569537, "3": -1.7300164144295216, "4": -1.856835643259697, "5": -0.2733361655112536, "6": -1.1589823464717997, "7": -1.389711401067678}, "datetime": {"datetime": "2021-06-29 22:24:19", "elapsed": 7818.179012, "delta": 18.04815}}
{"target": 0.0031765818799858185, "params": {"0": -1.1071967097137685, "1": -1.2428185895554587, "2": 0.8094555306747759, "3": -2.9131615458002638, "4": 2.0694541923752565, "5": -0.6743278094492648, "6": -1.8457683668112275, "7": -1.137593175628057}, "datetime": {"datetime": "2021-06-29 22:24:39", "elapsed": 7838.157895, "delta": 19.978883}}
{"target": 0.004867842405034949, "params": {"0": 2.851158203363557, "1": -0.31759485399880516, "2": -1.4547484839978722, "3": 2.7027260309882486, "4": -0.7630969422515932, "5": -0.22161282503101942, "6": 1.0690101330368886, "7": -0.6114928555322252}, "datetime": {"datetime": "2021-06-29 22:25:02", "elapsed": 7861.075723, "delta": 22.917828}}
{"target": 0.003615193170869083, "params": {"0": 0.44864044400012393, "1": -2.3237404180427093, "2": -0.8543961466575527, "3": 0.7161130183480822, "4": -1.909268739682553, "5": 1.114614804090218, "6": -2.8652538681610054, "7": 2.6421769383464717}, "datetime": {"datetime": "2021-06-29 22:25:21", "elapsed": 7880.973467, "delta": 19.897744}}
{"target": 0.0030031924984809475, "params": {"0": -1.6826942742915245, "1": -1.7651593851896825, "2": 2.7847523289120035, "3": 1.583956781223165, "4": -2.7627705674883467, "5": 2.8529355157658536, "6": 0.17584074206096156, "7": -0.7180046607051569}, "datetime": {"datetime": "2021-06-29 22:25:45", "elapsed": 7904.687847, "delta": 23.71438}}
{"target": 0.002995953938150189, "params": {"0": 0.9276394770002074, "1": 1.7988785638164977, "2": -1.8411142333259563, "3": 1.255339839923229, "4": 0.6788539040522257, "5": -0.509068055863021, "6": 1.6917222923183708, "7": 1.7849418514683695}, "datetime": {"datetime": "2021-06-29 22:26:07", "elapsed": 7926.171523, "delta": 21.483676}}
{"target": 0.0038522700073647807, "params": {"0": 1.9565331217437762, "1": -2.7522610658509157, "2": 2.5320407882342026, "3": 0.43296600839367194, "4": -0.2157525984059978, "5": -1.7266496226046397, "6": 2.6763840293264893, "7": 0.08713995801555985}, "datetime": {"datetime": "2021-06-29 22:26:28", "elapsed": 7947.411684, "delta": 21.240161}}
{"target": 0.00299683195981227, "params": {"0": 1.4497358932344717, "1": -2.4008560708808298, "2": 0.7456713034842446, "3": 0.17806862698376413, "4": 1.6079585402432528, "5": 2.4905167820071767, "6": 0.6544450085487368, "7": -2.8673308865021325}, "datetime": {"datetime": "2021-06-29 22:26:58", "elapsed": 7977.931919, "delta": 30.520235}}
{"target": 0.007483744376681368, "params": {"0": -1.4425918898038803, "1": 1.4520451556581921, "2": -0.2962717797176304, "3": 1.2448885326249624, "4": -1.1839981081139277, "5": -0.6318145686457051, "6": -0.21920592223974023, "7": 0.9341055469596675}, "datetime": {"datetime": "2021-06-29 22:27:41", "elapsed": 8020.584767, "delta": 42.652848}}
{"target": 0.003277349459721741, "params": {"0": -0.8197123566141746, "1": -2.571303700399071, "2": -2.8905269065082324, "3": -0.04601760698377255, "4": 2.052366451399471, "5": 0.9345339723996675, "6": 2.3320142243003996, "7": 2.8250055346653298}, "datetime": {"datetime": "2021-06-29 22:28:37", "elapsed": 8076.432812, "delta": 55.848045}}
{"target": 0.006285489460537843, "params": {"0": -2.1255382219166674, "1": -0.6896417611381747, "2": -0.8611483503381328, "3": 0.07766398464213964, "4": -0.9637197758047806, "5": -0.3407010042948837, "6": -2.6281774988989812, "7": 1.1141467758367654}, "datetime": {"datetime": "2021-06-29 22:29:14", "elapsed": 8113.717173, "delta": 37.284361}}
{"target": 0.028334087517311847, "params": {"0": -1.2339700399260196, "1": -0.3509362048060334, "2": -0.7667044664113289, "3": 2.8003391382239817, "4": 2.8526225593551526, "5": -2.626686434371747, "6": 2.702616992241225, "7": 2.720675878788903}, "datetime": {"datetime": "2021-06-29 22:29:38", "elapsed": 8137.206897, "delta": 23.489724}}
{"target": 0.007881789803951817, "params": {"0": 1.2966267518535508, "1": -2.6846634398115974, "2": -2.9523357801228123, "3": 2.081401960588204, "4": 2.5660347756806186, "5": -0.6291358103255771, "6": 0.39065315045313387, "7": -0.07262349862883255}, "datetime": {"datetime": "2021-06-29 22:30:33", "elapsed": 8192.708069, "delta": 55.501172}}
{"target": 0.003168178178888026, "params": {"0": 1.7109413047580846, "1": -1.551112103856602, "2": -2.2003705050163536, "3": -1.156769173298032, "4": 1.0832173196575399, "5": 0.32223716550896864, "6": 0.24316445454214897, "7": -1.1713172896149513}, "datetime": {"datetime": "2021-06-29 22:30:52", "elapsed": 8211.562047, "delta": 18.853978}}
{"target": 0.002898037408510797, "params": {"0": -2.7988503487989016, "1": -2.12520598592741, "2": -2.2572982821704084, "3": 1.78260996665119, "4": 2.8729889396390114, "5": 1.5180659873284323, "6": -0.652061633511384, "7": 1.1231665342066126}, "datetime": {"datetime": "2021-06-29 22:31:10", "elapsed": 8229.696198, "delta": 18.134151}}
