{"target": 0.0029719326917792, "params": {"0": 2.832067595496925, "1": 2.6486605763052777, "2": 0.9751858248277938, "3": 0.6412265707350864, "4": 2.544551391858013, "5": 2.422172085163931, "6": 1.8997505985920746, "7": 0.7318397816598003}, "datetime": {"datetime": "2021-06-29 15:29:42", "elapsed": 703.773182, "delta": 2.345319}}
{"target": 0.0035492520363456705, "params": {"0": 2.0855656921917927, "1": -2.9894940361440154, "2": -2.2997957720288547, "3": -0.7960123430620674, "4": -0.44177365364150933, "5": -2.64819109525361, "6": 0.6880545530917548, "7": -1.759971157159203}, "datetime": {"datetime": "2021-06-29 15:29:47", "elapsed": 708.714973, "delta": 4.941791}}
{"target": 0.003496665300896834, "params": {"0": 2.084389812391053, "1": -1.0533982291030295, "2": 0.7495901199164239, "3": -0.6056996325266315, "4": -2.910591224442273, "5": -1.9967733846390274, "6": 2.5241438515043964, "7": 1.7939809222435112}, "datetime": {"datetime": "2021-06-29 15:29:52", "elapsed": 713.394822, "delta": 4.679849}}
{"target": 0.003082100282240499, "params": {"0": 0.34878693924030646, "1": -2.0139323023356983, "2": 1.662853783353448, "3": -0.8882403815405926, "4": 0.33818966492801517, "5": -0.8892630784807634, "6": 2.8003711995156113, "7": 2.8229788603642225}, "datetime": {"datetime": "2021-06-29 15:29:56", "elapsed": 717.88704, "delta": 4.492218}}
{"target": 0.002878349013042061, "params": {"0": -2.3808531318729527, "1": 2.9270403889025767, "2": 2.250905888918859, "3": -0.5956471793674285, "4": -1.9705762952046402, "5": 0.8787788817202653, "6": 2.892321620742079, "7": 1.7467376366279215}, "datetime": {"datetime": "2021-06-29 15:30:00", "elapsed": 721.187461, "delta": 3.300421}}
{"target": 0.0031519396138012428, "params": {"0": 2.4375883087638677, "1": 0.8082338472242263, "2": 1.2536910390645621, "3": 2.434904780234646, "4": 2.044804172234617, "5": -0.08473482172298752, "6": 2.4337534242583896, "7": -0.32142532361447174}, "datetime": {"datetime": "2021-06-29 15:30:04", "elapsed": 725.419378, "delta": 4.231917}}
{"target": 0.0031198071195308306, "params": {"0": -1.7901631989834519, "1": -2.1372679645468415, "2": 0.9819367283960245, "3": -2.666056519369758, "4": -0.5960900017602868, "5": 1.3118094074819187, "6": 1.0149389401193076, "7": -1.3915955062897034}, "datetime": {"datetime": "2021-06-29 15:30:11", "elapsed": 732.627221, "delta": 7.207843}}
{"target": 0.0028346070881946623, "params": {"0": -2.183283744340395, "1": 1.7802126402002365, "2": 1.55870785311774, "3": -0.2397442219954331, "4": 0.2851965309313722, "5": 2.7376310109318016, "6": 0.5589841112930092, "7": -2.1349879911872955}, "datetime": {"datetime": "2021-06-29 15:30:15", "elapsed": 736.824838, "delta": 4.197617}}
{"target": 0.0036061395539453214, "params": {"0": -1.258020904033686, "1": 0.30672481000229634, "2": -2.7179450617828786, "3": 1.2137340134684367, "4": -2.6474763301838538, "5": 2.430567674541602, "6": -1.1519095460964057, "7": 0.14130784467530333}, "datetime": {"datetime": "2021-06-29 15:30:23", "elapsed": 744.308459, "delta": 7.483621}}
{"target": 0.002976190571254857, "params": {"0": -0.9492478590471398, "1": -2.1443784138136417, "2": -2.2811559495515885, "3": 1.1207185517567524, "4": -1.751049186678428, "5": 1.959498782469801, "6": 2.1599089222319936, "7": -2.7808203482389624}, "datetime": {"datetime": "2021-06-29 15:30:26", "elapsed": 747.694339, "delta": 3.38588}}
{"target": 0.04515859295438585, "params": {"0": -1.0369817447134226, "1": 0.14908518116238678, "2": -2.230555413186889, "3": -1.1046645454934776, "4": 1.9654034939120066, "5": -0.9499422644190365, "6": 0.8437443174554824, "7": -1.3034826499475562}, "datetime": {"datetime": "2021-06-29 15:30:29", "elapsed": 750.427525, "delta": 2.733186}}
{"target": 0.0030975241311727263, "params": {"0": 0.5498415916075801, "1": -0.15300260975411373, "2": -2.080433999653457, "3": -2.387987683630511, "4": -1.7071399047877553, "5": 1.1461283864691403, "6": 2.813950988703815, "7": 1.7840574067745587}, "datetime": {"datetime": "2021-06-29 15:30:33", "elapsed": 754.917652, "delta": 4.490127}}
{"target": 0.008357315343257897, "params": {"0": 2.7040614323474674, "1": 1.257181454198423, "2": -2.3575572728298804, "3": -2.0554584202597366, "4": -1.5063061221835754, "5": 1.3698044024517744, "6": 2.3486009881088137, "7": -1.2156614572757645}, "datetime": {"datetime": "2021-06-29 15:30:37", "elapsed": 758.19257, "delta": 3.274918}}
{"target": 0.0030366842688758834, "params": {"0": -0.524630287931835, "1": 2.37084257120987, "2": 0.923353167448349, "3": 2.085274863173731, "4": -0.24237035147581665, "5": -2.9735042083907994, "6": 0.10013609279112279, "7": -0.4742466362616433}, "datetime": {"datetime": "2021-06-29 15:30:42", "elapsed": 763.207802, "delta": 5.015232}}
{"target": 0.003476396896433714, "params": {"0": 2.6223742007011, "1": -1.5673608784820214, "2": -0.8201056703085339, "3": -1.8447019851450057, "4": 0.49847689966492315, "5": -0.8086129808402989, "6": 1.015880385624345, "7": 1.8321122908838063}, "datetime": {"datetime": "2021-06-29 15:30:45", "elapsed": 766.509886, "delta": 3.302084}}
{"target": 0.00295103906912764, "params": {"0": 1.0021086805550485, "1": -2.78427223977607, "2": -0.9446590808223974, "3": 2.9117777589079115, "4": 2.572836148664104, "5": 2.315934085415197, "6": 0.19252922353646795, "7": -0.16453877173211673}, "datetime": {"datetime": "2021-06-29 15:30:50", "elapsed": 771.74505, "delta": 5.235164}}
{"target": 0.0028383468879848483, "params": {"0": -2.616940886454392, "1": 1.642335386441748, "2": -0.14469367677387623, "3": 1.2442321638238942, "4": 2.45426323459891, "5": -2.9873978952315454, "6": -1.7390751662334032, "7": 1.6450418973533303}, "datetime": {"datetime": "2021-06-29 15:30:54", "elapsed": 775.324853, "delta": 3.579803}}
{"target": 0.003260279192575092, "params": {"0": 1.2444459350105515, "1": 2.0296281526250226, "2": 1.5934276354956483, "3": -1.8281946085766427, "4": -1.2514981420386233, "5": 1.9456634132074404, "6": -1.4186833364520042, "7": -1.7197459496938536}, "datetime": {"datetime": "2021-06-29 15:30:58", "elapsed": 779.780345, "delta": 4.455492}}
{"target": 0.0033429835610767405, "params": {"0": 2.1453151009478884, "1": 2.77690272161254, "2": 0.5098890858904408, "3": -0.3484896113359879, "4": 2.4189490265562625, "5": 0.8972259504116531, "6": -0.2992000861577053, "7": -1.538242968029343}, "datetime": {"datetime": "2021-06-29 15:31:07", "elapsed": 788.073079, "delta": 8.292734}}
{"target": 0.0032220691296677823, "params": {"0": -1.268800906946921, "1": 1.2007713098867914, "2": -1.8130716981924733, "3": -0.1905097484267495, "4": -2.2523419582948496, "5": 2.0728450620827026, "6": 1.7689413174357078, "7": 0.8725282308864131}, "datetime": {"datetime": "2021-06-29 15:31:11", "elapsed": 792.113862, "delta": 4.040783}}
{"target": 0.003768749743870897, "params": {"0": 0.14307548572128992, "1": -2.6419884171567536, "2": -0.7839348345180204, "3": 0.4792503373108654, "4": -1.9668067302738055, "5": 2.834272867460215, "6": 0.15988853484295396, "7": 1.9426060606120652}, "datetime": {"datetime": "2021-06-29 15:31:14", "elapsed": 795.086803, "delta": 2.972941}}
{"target": 0.0028846895599587553, "params": {"0": 0.5228676457506598, "1": 1.7825319903782564, "2": 1.538223058630801, "3": 1.217954309198368, "4": 2.1924852610669543, "5": -0.1743708163358324, "6": -1.9647139092242052, "7": 1.4431177834877227}, "datetime": {"datetime": "2021-06-29 15:31:17", "elapsed": 798.291841, "delta": 3.205038}}
{"target": 0.020060694114533435, "params": {"0": 0.8991787597948142, "1": -2.8379605418095384, "2": -0.24847701557736546, "3": -2.2525508503090252, "4": -1.2008512557309399, "5": -2.201013455578771, "6": -1.0216135226916392, "7": 1.5095554861010587}, "datetime": {"datetime": "2021-06-29 15:31:19", "elapsed": 800.992514, "delta": 2.700673}}
{"target": 0.003255032157384826, "params": {"0": 1.6360151962524467, "1": 2.6873584920840283, "2": -0.7877021463682459, "3": 0.02644600588863355, "4": 1.2002300818206457, "5": -1.6103534874550915, "6": -0.7677716495814311, "7": 2.6918244611666005}, "datetime": {"datetime": "2021-06-29 15:31:24", "elapsed": 805.741551, "delta": 4.749037}}
{"target": 0.00565200068534948, "params": {"0": -2.675282018222954, "1": 0.7578837920832591, "2": -2.467098305647446, "3": -1.0534866465147417, "4": 1.7656591684268799, "5": 0.34718016851530464, "6": -0.20539679259427768, "7": -1.3546692404490923}, "datetime": {"datetime": "2021-06-29 15:31:27", "elapsed": 808.93166, "delta": 3.190109}}
{"target": 0.003058708475541087, "params": {"0": -2.094196618474796, "1": -2.66605949448146, "2": -1.1464882512917494, "3": -0.7789149901401995, "4": -1.249357832477735, "5": -1.7391038199448448, "6": 1.9812023412610031, "7": -0.9573713600065368}, "datetime": {"datetime": "2021-06-29 15:31:34", "elapsed": 815.313714, "delta": 6.382054}}
{"target": 0.0029938082362746545, "params": {"0": 1.1861825715395877, "1": 2.118361176440718, "2": -0.5662462095876366, "3": 1.4907505130408056, "4": -0.1460003424706171, "5": -1.1250140146696042, "6": 0.614134745772247, "7": -1.6367264481462893}, "datetime": {"datetime": "2021-06-29 15:31:36", "elapsed": 817.83989, "delta": 2.526176}}
{"target": 0.003365212102348736, "params": {"0": -1.3979035816527456, "1": 0.2912214069502683, "2": 1.6558821713720278, "3": -1.8493805180861254, "4": -0.3343789932454566, "5": -1.869011520543659, "6": -2.9454564245043975, "7": -0.9393439030631128}, "datetime": {"datetime": "2021-06-29 15:31:45", "elapsed": 826.29496, "delta": 8.45507}}
{"target": 0.005572545819605561, "params": {"0": 1.8756969547326499, "1": -1.3580799619846526, "2": 2.296615377995481, "3": 0.26696642459384456, "4": 2.0373243738106046, "5": -2.001985386121838, "6": 1.2360124331864473, "7": 0.2526467120273863}, "datetime": {"datetime": "2021-06-29 15:31:50", "elapsed": 831.864992, "delta": 5.570032}}
{"target": 0.003077496687531902, "params": {"0": 1.7188414551404225, "1": 0.1393755006528723, "2": 0.9737470463035871, "3": 1.7993899416224073, "4": -2.920661937766691, "5": 1.384382278155706, "6": -2.187153330955414, "7": 1.499021626990853}, "datetime": {"datetime": "2021-06-29 15:31:56", "elapsed": 837.395048, "delta": 5.530056}}
{"target": 0.00338852072563068, "params": {"0": 1.762736818277613, "1": -1.5758259021791126, "2": 2.099919364390651, "3": -0.8499673908574494, "4": -2.1806433667573475, "5": -0.3631958814729992, "6": -2.247094921151418, "7": -2.5194852032161568}, "datetime": {"datetime": "2021-06-29 15:32:00", "elapsed": 841.51782, "delta": 4.122772}}
{"target": 0.0035854564419915452, "params": {"0": 1.7023296896241806, "1": -0.0001333633647662147, "2": -0.1049001757288961, "3": 2.510521806320006, "4": 0.0120094683778742, "5": 2.347558310126219, "6": 1.1818161990750369, "7": 1.90959177130566}, "datetime": {"datetime": "2021-06-29 15:32:07", "elapsed": 848.795177, "delta": 7.277357}}
{"target": 0.0034746768190041907, "params": {"0": 2.2652953446514053, "1": -0.3428998150200089, "2": 0.8937556914287481, "3": -1.5428270057818514, "4": 0.8468880404186052, "5": -1.2560533385476342, "6": -0.19575072719815845, "7": 2.75046609629182}, "datetime": {"datetime": "2021-06-29 15:32:10", "elapsed": 851.779016, "delta": 2.983839}}
{"target": 0.0031063442742216047, "params": {"0": 2.5693319074758705, "1": 1.9957576927105585, "2": -2.342910836664873, "3": 2.8279969819652138, "4": -0.15059119910874852, "5": -0.13306166111960938, "6": -2.1484301873819422, "7": -2.057652333006554}, "datetime": {"datetime": "2021-06-29 15:32:17", "elapsed": 858.708521, "delta": 6.929505}}
{"target": 0.0032154131995386784, "params": {"0": 2.8553114893355893, "1": -0.0026136959425855366, "2": 1.8698998821745851, "3": -1.967224212575184, "4": 0.8939675560906437, "5": 2.4909462077435203, "6": -0.06866047373791107, "7": 0.2275893430007705}, "datetime": {"datetime": "2021-06-29 15:32:21", "elapsed": 862.715434, "delta": 4.006913}}
{"target": 0.0029987168923855966, "params": {"0": -0.8922959297497348, "1": 0.19209196786486782, "2": 0.5489843345182841, "3": 1.9803543961889591, "4": 1.9263352702419247, "5": 2.372938682318984, "6": -2.271904496558529, "7": -0.41322181756529686}, "datetime": {"datetime": "2021-06-29 15:32:25", "elapsed": 866.911063, "delta": 4.195629}}
{"target": 0.0034752756561870594, "params": {"0": -2.836912249640182, "1": -1.3633182282676044, "2": -1.77322491736231, "3": -1.7857667790469294, "4": 1.2113770720093129, "5": 0.7776515477934636, "6": -2.611357765373614, "7": 2.6251293542491165}, "datetime": {"datetime": "2021-06-29 15:32:30", "elapsed": 871.595153, "delta": 4.68409}}
{"target": 0.0030507980250928718, "params": {"0": 0.11962175720543122, "1": 2.7335052424658377, "2": 2.2395655141801107, "3": 0.46857025042884626, "4": -1.9204291433261313, "5": -0.4172474901244394, "6": 1.9502590006875602, "7": -2.0678630757461622}, "datetime": {"datetime": "2021-06-29 15:32:33", "elapsed": 874.528367, "delta": 2.933214}}
{"target": 0.003233164823693662, "params": {"0": 2.752674065843907, "1": -1.7890778763006356, "2": 0.5775967947128038, "3": 2.188069616224565, "4": 1.1882382002809972, "5": -1.6347012425410612, "6": -1.0715397730145597, "7": 2.382285187704703}, "datetime": {"datetime": "2021-06-29 15:32:36", "elapsed": 877.964821, "delta": 3.436454}}
{"target": 0.003026466893447604, "params": {"0": 1.9265407277995301, "1": 0.9509577950924406, "2": 0.29094965318615085, "3": -1.647665095713865, "4": 2.678063150537527, "5": 2.4445642961450895, "6": 1.540694533337943, "7": -1.9051943885185478}, "datetime": {"datetime": "2021-06-29 15:32:39", "elapsed": 880.358135, "delta": 2.393314}}
{"target": 0.0031351704144163706, "params": {"0": -2.085241524070042, "1": -0.6095592557568192, "2": 2.5754104639626227, "3": -2.1964934854547424, "4": -2.947985169090055, "5": 2.4485190730260227, "6": -2.204208916289224, "7": -1.9924794565381974}, "datetime": {"datetime": "2021-06-29 15:32:43", "elapsed": 884.915298, "delta": 4.557163}}
{"target": 0.005705479222489111, "params": {"0": 1.0081059866859068, "1": -0.9374436387664273, "2": 1.2523154819594176, "3": -1.250949998011669, "4": 2.9318864315079143, "5": -2.7065429302245345, "6": -0.283427759838629, "7": -0.3719903455371103}, "datetime": {"datetime": "2021-06-29 15:32:46", "elapsed": 888.023928, "delta": 3.10863}}
{"target": 0.003872363539475485, "params": {"0": 1.363622717539152, "1": -2.0919982779969075, "2": -0.44090964878703787, "3": 1.6007514782543462, "4": -1.0643446205718987, "5": 2.8857218781369474, "6": 2.995321855414476, "7": -2.9226654162681394}, "datetime": {"datetime": "2021-06-29 15:32:50", "elapsed": 891.199993, "delta": 3.176065}}
{"target": 0.00505564566673034, "params": {"0": -1.9864607059722068, "1": -1.5576963762617428, "2": 2.0992736499931786, "3": 2.5570721541498314, "4": 1.8663510045421239, "5": -0.7906574859877322, "6": 0.7499470505786654, "7": -1.811332213327362}, "datetime": {"datetime": "2021-06-29 15:32:56", "elapsed": 897.084501, "delta": 5.884508}}
{"target": 0.0032880368651822833, "params": {"0": -2.6365131273309625, "1": 1.4680745482338633, "2": -1.1972201626542636, "3": -1.6147716941649228, "4": -2.3506384985020263, "5": 0.3178025602177392, "6": 0.7643762914808478, "7": -1.9726660983534}, "datetime": {"datetime": "2021-06-29 15:32:58", "elapsed": 899.501626, "delta": 2.417125}}
{"target": 0.003663560446111043, "params": {"0": -0.10510148020863275, "1": -0.21442360545555772, "2": 0.5367866344829855, "3": -0.921930955429588, "4": 2.8417598272407787, "5": 2.0487136562318753, "6": -2.1848326704863457, "7": -2.3649339535894303}, "datetime": {"datetime": "2021-06-29 15:33:01", "elapsed": 902.120855, "delta": 2.619229}}
{"target": 0.0033643642517927367, "params": {"0": 0.8089973729523239, "1": 2.817658485317196, "2": 1.4529621880093613, "3": 0.4581581037460114, "4": -2.36017275221913, "5": -1.2390602809105127, "6": 0.36454776839476555, "7": -0.3794676198810212}, "datetime": {"datetime": "2021-06-29 15:33:04", "elapsed": 905.081947, "delta": 2.961092}}
{"target": 0.0033574935031775353, "params": {"0": 1.1570396689166618, "1": 0.20327076932205612, "2": -0.30066781362884054, "3": -2.939566853506626, "4": 1.7066986972971474, "5": -1.8310677081605684, "6": 2.9597113992703274, "7": 1.0395970708038806}, "datetime": {"datetime": "2021-06-29 15:33:06", "elapsed": 907.600558, "delta": 2.518611}}
{"target": 0.0031281104778720543, "params": {"0": 1.8219657242622604, "1": 1.0054003593041134, "2": -1.675959743490999, "3": -0.1692409638797967, "4": -0.6260431460352827, "5": 1.3421712218160913, "6": -2.0009978884304784, "7": 0.6951070958392913}, "datetime": {"datetime": "2021-06-29 15:33:10", "elapsed": 911.214452, "delta": 3.613894}}
{"target": 0.004795038747823267, "params": {"0": -0.10425791628490089, "1": 0.09536225478723104, "2": -0.003251247633266008, "3": -0.24061823213355016, "4": -0.3042737233195165, "5": -1.522618853601381, "6": -2.9759185240485304, "7": -0.28995789017219487}, "datetime": {"datetime": "2021-06-29 15:33:14", "elapsed": 915.08693, "delta": 3.872478}}
{"target": 0.004134567802418086, "params": {"0": -0.3547674962060139, "1": 0.7581901324873175, "2": 2.6876127768420606, "3": 0.3399414576415687, "4": -1.41881192032407, "5": 0.16043649956534178, "6": -1.6631899674334119, "7": -2.9714245533448485}, "datetime": {"datetime": "2021-06-29 15:33:17", "elapsed": 919.029149, "delta": 3.942219}}
{"target": 0.0030495315133218857, "params": {"0": -2.3994217273839116, "1": -0.7790205515758046, "2": -1.3138038629934536, "3": -1.7547763950340207, "4": 0.5968583261343725, "5": 0.44462230124381863, "6": 2.086511299916884, "7": 2.2614442927216363}, "datetime": {"datetime": "2021-06-29 15:33:22", "elapsed": 923.789699, "delta": 4.76055}}
{"target": 0.00892409485201526, "params": {"0": 0.28070638528431413, "1": 2.539383275685857, "2": 0.6702360660649287, "3": 1.9697111951647495, "4": -1.1711350218897711, "5": 2.5336578443782685, "6": -2.3427300861588236, "7": 2.891003100749125}, "datetime": {"datetime": "2021-06-29 15:33:30", "elapsed": 931.527711, "delta": 7.738012}}
{"target": 0.0034693747031338817, "params": {"0": -1.6694722461355367, "1": 1.4590731114219473, "2": -1.8060829672259737, "3": -2.031127347410325, "4": 2.3944828680786934, "5": -1.429062007851817, "6": 1.074947630747726, "7": 1.1284022970076926}, "datetime": {"datetime": "2021-06-29 15:33:33", "elapsed": 934.630677, "delta": 3.102966}}
{"target": 0.003004439117539712, "params": {"0": 0.8920321090858492, "1": 1.7561832372175026, "2": -1.5525938183918855, "3": 2.8212123349179903, "4": 0.7498637543151689, "5": -1.9662193873606595, "6": 2.8372319209293195, "7": 1.1216238157546439}, "datetime": {"datetime": "2021-06-29 15:33:35", "elapsed": 937.00952, "delta": 2.378843}}
{"target": 0.0031726644659987708, "params": {"0": 0.8633345687330021, "1": -0.20556350189601158, "2": 0.6532211539818249, "3": -0.9048837256952043, "4": -1.1571082879169712, "5": 1.5617203156671096, "6": -2.6239568016745833, "7": -0.3277911214006277}, "datetime": {"datetime": "2021-06-29 15:33:39", "elapsed": 940.700641, "delta": 3.691121}}
{"target": 0.0028752202116555992, "params": {"0": 2.4847016713407815, "1": -2.4831253968143177, "2": 1.9221891206995991, "3": -2.1187057635892446, "4": 1.6130983537593142, "5": 2.6635467800908366, "6": 2.9867205044457554, "7": 2.0515422483473023}, "datetime": {"datetime": "2021-06-29 15:33:46", "elapsed": 947.185464, "delta": 6.484823}}
{"target": 0.003965746095669951, "params": {"0": 0.8291790619592669, "1": -1.6930832959958642, "2": -0.20584285441632355, "3": -2.949675982668346, "4": -2.6383930610804827, "5": 1.4159725143409432, "6": -0.26114517380774593, "7": 1.4147837952153974}, "datetime": {"datetime": "2021-06-29 15:33:49", "elapsed": 950.123334, "delta": 2.93787}}
{"target": 0.003066293852451029, "params": {"0": 2.8653598421159563, "1": -0.7584853465971308, "2": 0.5111169545778074, "3": -2.779285683554252, "4": 2.434852535202224, "5": 2.874586863083814, "6": -2.094786640731396, "7": -1.7652519179803696}, "datetime": {"datetime": "2021-06-29 15:33:54", "elapsed": 955.428688, "delta": 5.305354}}
{"target": 0.004860515532764152, "params": {"0": -0.04989923737733015, "1": -2.5568695772145413, "2": 1.2650633656564105, "3": -1.3478691898525041, "4": -1.3501035424764913, "5": 0.9697457797125266, "6": -1.8634483197639387, "7": 0.044087325983313}, "datetime": {"datetime": "2021-06-29 15:33:58", "elapsed": 959.600397, "delta": 4.171709}}
{"target": 0.003424324101440986, "params": {"0": 2.702965069763197, "1": -0.1626421615596314, "2": -2.7526551451437244, "3": -0.33713321296105203, "4": 1.216156208025101, "5": -1.7987391185538646, "6": 1.8375918923737053, "7": -1.7067725404899161}, "datetime": {"datetime": "2021-06-29 15:34:01", "elapsed": 962.774384, "delta": 3.173987}}
{"target": 0.003473234755163954, "params": {"0": -1.787068060840667, "1": 1.7495277453073044, "2": -0.7853338308459747, "3": 2.368008957797164, "4": -2.934019491742482, "5": 2.7729521251476132, "6": 1.7232296814054546, "7": 2.6794008138807257}, "datetime": {"datetime": "2021-06-29 15:34:05", "elapsed": 966.814173, "delta": 4.039789}}
{"target": 0.003772833931678877, "params": {"0": 1.2251092848367353, "1": -2.7829109596629844, "2": 1.5564923625800464, "3": 0.8786202241544703, "4": 0.17872653767710878, "5": -1.672370032043446, "6": -1.777230969047705, "7": -0.6415857471583815}, "datetime": {"datetime": "2021-06-29 15:34:09", "elapsed": 970.863087, "delta": 4.048914}}
{"target": 0.003771434666677018, "params": {"0": -2.149412136826057, "1": 0.6508760320227474, "2": 0.3694026755681117, "3": 2.1103025052051603, "4": -0.6082127862261286, "5": 0.9424580982115209, "6": 0.22203277964619028, "7": 0.06208061044211455}, "datetime": {"datetime": "2021-06-29 15:34:13", "elapsed": 974.277764, "delta": 3.414677}}
