{"target": 0.0031249294844126873, "params": {"0": 1.3736552059376193, "1": -1.4035485715326845, "2": -0.05853938126007474, "3": 0.7313766464528495, "4": 2.769077941114505, "5": -1.8373437461508972, "6": -2.6265840384066745, "7": -0.069900928281724}, "datetime": {"datetime": "2021-06-29 20:24:16", "elapsed": 615.311809, "delta": 2.738695}}
{"target": 0.0035897678466232236, "params": {"0": 1.2021785246305399, "1": 1.6201918825448116, "2": 2.905744375341751, "3": -2.2092247092503925, "4": 0.003741256627946221, "5": -1.4620039871457657, "6": -1.2899936835510526, "7": -2.128963144852391}, "datetime": {"datetime": "2021-06-29 20:24:18", "elapsed": 617.91077, "delta": 2.598961}}
{"target": 0.003355303749528528, "params": {"0": 0.9704305107836522, "1": 0.2804073602923305, "2": -0.37551928077732066, "3": 2.452315247098472, "4": 0.0439236053869978, "5": -1.6683858347449672, "6": -1.8960355092004657, "7": 2.308547366285489}, "datetime": {"datetime": "2021-06-29 20:24:22", "elapsed": 621.374522, "delta": 3.463752}}
{"target": 0.0035236394524233417, "params": {"0": 2.496072082903596, "1": -2.2262327824194683, "2": 1.0712465835866745, "3": -0.9462168500747272, "4": 1.1214432041428548, "5": 1.7290459592793521, "6": -2.0569520264157086, "7": 0.05357395387142683}, "datetime": {"datetime": "2021-06-29 20:24:25", "elapsed": 624.716859, "delta": 3.342337}}
{"target": 0.004049928142279578, "params": {"0": 1.0695303436755346, "1": 1.3505752954945054, "2": -0.2206977162784618, "3": -0.35820799277801463, "4": -0.2661749855202462, "5": -0.888143861161157, "6": -1.8527135304531077, "7": -2.1620613243350038}, "datetime": {"datetime": "2021-06-29 20:24:26", "elapsed": 625.757462, "delta": 1.040603}}
{"target": 0.003750828479975545, "params": {"0": 0.7501274347742566, "1": 1.7580906178595814, "2": 1.4585738725842736, "3": 0.03833015556658026, "4": -1.8992717884104755, "5": -0.6467411824589355, "6": -1.6150296067436214, "7": -0.3706424485074331}, "datetime": {"datetime": "2021-06-29 20:24:29", "elapsed": 628.788033, "delta": 3.030571}}
{"target": 0.004143551301454589, "params": {"0": -2.3879109808479226, "1": -2.253133768113002, "2": 2.904715242725459, "3": 0.5888334335519487, "4": 0.821122570453003, "5": -1.8249860038001025, "6": -2.66923136468942, "7": 1.673298322200015}, "datetime": {"datetime": "2021-06-29 20:24:32", "elapsed": 631.116864, "delta": 2.328831}}
{"target": 0.0036908085877210353, "params": {"0": 1.946486545786624, "1": 2.4954217014096622, "2": -1.1455168096754553, "3": -1.438907145111234, "4": -1.214261921689576, "5": -0.4538628649727734, "6": -2.52018490744311, "7": 0.7915375194452157}, "datetime": {"datetime": "2021-06-29 20:24:40", "elapsed": 639.266635, "delta": 8.149771}}
{"target": 0.0040018280361770586, "params": {"0": -2.309102855211428, "1": 1.1380426543189763, "2": -0.44954852509482546, "3": -0.6917962392777515, "4": -0.06776558459795234, "5": 0.38296769673475106, "6": 2.384611243848128, "7": -1.6830869929110805}, "datetime": {"datetime": "2021-06-29 20:24:44", "elapsed": 643.413488, "delta": 4.146853}}
{"target": 0.08481197682681688, "params": {"0": 1.8294293715422256, "1": -1.0608033069659162, "2": -0.7092926185734392, "3": -1.9173034434676137, "4": 0.8151752202267266, "5": -2.5279931764007095, "6": 1.4679684471130328, "7": 0.0491914828829656}, "datetime": {"datetime": "2021-06-29 20:24:46", "elapsed": 646.027166, "delta": 2.613678}}
{"target": 0.0032817874484203104, "params": {"0": -2.823731205681655, "1": -1.896387430219833, "2": -2.4957825337929966, "3": 1.2517682387680384, "4": -1.3023665762966954, "5": -1.3959440323159282, "6": 1.5875762869596493, "7": 2.0160271298444377}, "datetime": {"datetime": "2021-06-29 20:24:50", "elapsed": 649.501068, "delta": 3.473902}}
{"target": 0.007669870513668722, "params": {"0": -2.3571040982245828, "1": 2.262815360933679, "2": -2.180727930428591, "3": -1.9207551756800239, "4": -0.9583002462643151, "5": 0.6980255504453399, "6": -1.2062471947407665, "7": 0.03190208758707591}, "datetime": {"datetime": "2021-06-29 20:24:54", "elapsed": 653.388848, "delta": 3.88778}}
{"target": 0.006617545819679759, "params": {"0": 1.141489361359195, "1": -2.4669004573572018, "2": -0.03854044973808346, "3": -0.8221076925173056, "4": -0.1426597241320966, "5": 0.11411704528871436, "6": 2.321567258305407, "7": -0.6183013114303475}, "datetime": {"datetime": "2021-06-29 20:24:58", "elapsed": 657.543079, "delta": 4.154231}}
{"target": 0.0030573344978459794, "params": {"0": 1.6769818128108422, "1": 1.7032857032224165, "2": 0.7074665107634317, "3": -2.6222703855959972, "4": 2.622795191517257, "5": 2.8390267893777406, "6": -2.6536463108146195, "7": -0.4747784032759772}, "datetime": {"datetime": "2021-06-29 20:25:03", "elapsed": 662.941153, "delta": 5.398074}}
{"target": 0.0037634585389863954, "params": {"0": 1.1107740975023503, "1": 1.2321314568628132, "2": -1.638995085990985, "3": -0.5002764596655203, "4": -0.6805964431181506, "5": 0.11873349282114098, "6": 1.8457850744888429, "7": -1.0438243423110491}, "datetime": {"datetime": "2021-06-29 20:25:08", "elapsed": 667.320343, "delta": 4.37919}}
{"target": 0.0033171454958978237, "params": {"0": -1.9288737089867536, "1": 1.4886075622141002, "2": 2.71685245052522, "3": -1.6932709260625418, "4": 2.3250944280874766, "5": 0.19719516256997505, "6": 1.447708187443416, "7": -0.8317466814630405}, "datetime": {"datetime": "2021-06-29 20:25:11", "elapsed": 670.540098, "delta": 3.219755}}
{"target": 0.003722004086870513, "params": {"0": 2.9521506191951623, "1": -0.465145033763231, "2": -1.7126167774526118, "3": 1.3208284187130541, "4": -1.1823979525248023, "5": -1.4950530786488627, "6": -0.11027166707048863, "7": -2.210360899008385}, "datetime": {"datetime": "2021-06-29 20:25:16", "elapsed": 675.942582, "delta": 5.402484}}
{"target": 0.0037507763677800455, "params": {"0": -1.0056877411719365, "1": 2.9419704328816882, "2": 2.583263724359875, "3": -2.3485864635273677, "4": -0.7821747412761235, "5": -2.669011455459801, "6": -1.957757747887323, "7": 2.764066186015633}, "datetime": {"datetime": "2021-06-29 20:25:21", "elapsed": 680.116401, "delta": 4.173819}}
{"target": 0.0051324852841293156, "params": {"0": 2.610414993160381, "1": -0.9176284921900892, "2": -2.3242743334206066, "3": 2.110812824689301, "4": -2.0198524698971063, "5": -2.5951982745110467, "6": -1.8505579819749354, "7": -1.8145826150519921}, "datetime": {"datetime": "2021-06-29 20:25:26", "elapsed": 685.797278, "delta": 5.680877}}
{"target": 0.003081781873140199, "params": {"0": -1.5421571507566572, "1": 2.6326722804763047, "2": -0.990468763888444, "3": -2.8505256239333403, "4": 1.0028572636276376, "5": 1.5740053640992713, "6": -1.1241745449528653, "7": 1.317600308545444}, "datetime": {"datetime": "2021-06-29 20:25:29", "elapsed": 688.314873, "delta": 2.517595}}
{"target": 0.0032586875468213674, "params": {"0": 2.492351853471291, "1": 1.130615618404775, "2": 0.9370588418342196, "3": -2.6200704765878062, "4": -0.6109952167448927, "5": 1.1711682945163924, "6": 2.9924226397259996, "7": 2.6678665174763783}, "datetime": {"datetime": "2021-06-29 20:25:33", "elapsed": 692.182476, "delta": 3.867603}}
{"target": 0.0033049277851426146, "params": {"0": -1.3222603313143753, "1": 1.5711870504077226, "2": 2.8100420137251234, "3": -2.7124689284436467, "4": -0.3091045297997925, "5": 1.4282063377401757, "6": -0.7186063199222783, "7": -1.599619913596197}, "datetime": {"datetime": "2021-06-29 20:25:37", "elapsed": 696.259619, "delta": 4.077143}}
{"target": 0.004366015454441758, "params": {"0": 2.4736162281801946, "1": 0.2067064672274963, "2": -1.9935920785211374, "3": -0.23966696355114436, "4": -1.8032248462652671, "5": 2.588325154043453, "6": -2.4368867300514148, "7": 2.881594717151623}, "datetime": {"datetime": "2021-06-29 20:25:39", "elapsed": 698.901481, "delta": 2.641862}}
{"target": 0.0045716836588009825, "params": {"0": -0.289261014982527, "1": -2.9485786414219044, "2": -1.929659790266992, "3": -0.9562664220928738, "4": 1.6011625420579314, "5": 0.1758118164776512, "6": -1.3800975678127463, "7": 0.8960631115099371}, "datetime": {"datetime": "2021-06-29 20:25:44", "elapsed": 703.47614, "delta": 4.574659}}
{"target": 0.0030859024368534594, "params": {"0": -1.4297653392469767, "1": 2.3035397022758097, "2": -1.555795951141133, "3": 0.904712971646922, "4": 0.9511364212264137, "5": 0.08210521178482644, "6": 1.2688568747865157, "7": 1.8049993838401415}, "datetime": {"datetime": "2021-06-29 20:25:47", "elapsed": 706.941719, "delta": 3.465579}}
{"target": 0.0029058460181837042, "params": {"0": -0.5414445693200944, "1": -2.023544884054239, "2": 2.715798342385428, "3": -0.687640095348625, "4": 2.832498465377885, "5": 2.140292465243782, "6": -0.36343759763054795, "7": -2.132649201668648}, "datetime": {"datetime": "2021-06-29 20:25:55", "elapsed": 714.117645, "delta": 7.175926}}
{"target": 0.0043918350629761444, "params": {"0": 2.812076018519596, "1": 1.3421473207008212, "2": -1.1078509976850968, "3": -2.681437715568305, "4": 1.40946438737795, "5": -1.359594175907835, "6": 1.2044942572182649, "7": -0.8968299885762745}, "datetime": {"datetime": "2021-06-29 20:25:58", "elapsed": 717.503117, "delta": 3.385472}}
{"target": 0.004731920520266452, "params": {"0": 2.083288875626554, "1": -2.0740197117966064, "2": -0.4638117134761188, "3": 0.9533843850444965, "4": -2.8073498406641244, "5": 2.8276547930785823, "6": -2.3876307211119396, "7": 2.95530942599156}, "datetime": {"datetime": "2021-06-29 20:26:01", "elapsed": 720.386446, "delta": 2.883329}}
{"target": 0.0031505412875105373, "params": {"0": 0.34164445610197003, "1": -2.1551794017351664, "2": -0.852011154244666, "3": 1.7009801653585583, "4": -0.486572291838288, "5": -2.059596312543876, "6": 2.822802528062409, "7": 0.0024916962986596403}, "datetime": {"datetime": "2021-06-29 20:26:07", "elapsed": 726.636799, "delta": 6.250353}}
{"target": 0.007208512858076953, "params": {"0": 1.9025574563351348, "1": -0.9825971576153281, "2": -1.4771591997760938, "3": 0.6345614091531799, "4": 0.7333676104096423, "5": -1.3113538439883434, "6": 1.92734510884656, "7": -0.8116918669665774}, "datetime": {"datetime": "2021-06-29 20:26:11", "elapsed": 731.018742, "delta": 4.381943}}
{"target": 0.005582416901164439, "params": {"0": -1.0620988281088055, "1": 2.87479104093633, "2": -0.6627228261490794, "3": -2.7647703187013883, "4": -0.0670513419991785, "5": -2.254760956185949, "6": -0.2040666282330319, "7": 0.2543167958414214}, "datetime": {"datetime": "2021-06-29 20:26:15", "elapsed": 734.591295, "delta": 3.572553}}
{"target": 0.009106199652764066, "params": {"0": 1.3631995187807462, "1": -2.7297546451232586, "2": -0.4872930658480996, "3": 1.0774960998031187, "4": -1.1038708290393127, "5": 0.7458603354705939, "6": 2.353893553543064, "7": -1.4871969325216041}, "datetime": {"datetime": "2021-06-29 20:26:18", "elapsed": 737.699897, "delta": 3.108602}}
{"target": 0.011911110731228813, "params": {"0": -0.9029398762320398, "1": -1.9198572103022207, "2": -0.136228972847229, "3": 2.0804943865902032, "4": -2.531470365037796, "5": -0.4007411033751058, "6": -0.8956484460099077, "7": -1.2212248439751172}, "datetime": {"datetime": "2021-06-29 20:26:22", "elapsed": 741.411188, "delta": 3.711291}}
{"target": 0.003592968028411062, "params": {"0": -1.8344066744700784, "1": -2.8301088685478772, "2": -1.3811471238672828, "3": 1.9945410935521881, "4": -0.25837290172564575, "5": -2.48121663170391, "6": 0.25203535772183017, "7": 0.3005506521356809}, "datetime": {"datetime": "2021-06-29 20:26:26", "elapsed": 745.922678, "delta": 4.51149}}
{"target": 0.003572657165386817, "params": {"0": 1.335066263733788, "1": 2.3920411049423507, "2": 0.5346525974958887, "3": -2.001537097249523, "4": -1.0688939418370982, "5": 0.9891797679388894, "6": -2.3749614165149766, "7": 0.7915682860077196}, "datetime": {"datetime": "2021-06-29 20:26:32", "elapsed": 751.063363, "delta": 5.140685}}
{"target": 0.004442393121956844, "params": {"0": 2.7754833848419995, "1": -0.35405037963195873, "2": 1.6595399879908577, "3": 0.0671084283614074, "4": -0.7513050335430589, "5": 0.1597044585691596, "6": -2.5298838821635257, "7": -1.4814577600501382}, "datetime": {"datetime": "2021-06-29 20:26:36", "elapsed": 755.406586, "delta": 4.343223}}
{"target": 0.0037473749457288155, "params": {"0": 1.0744230706048992, "1": 2.3888734322451137, "2": 1.3570205399933561, "3": 2.0929857941288637, "4": -0.8400066575396394, "5": -2.370775537496794, "6": 0.8269122552738879, "7": -1.5965558614317843}, "datetime": {"datetime": "2021-06-29 20:26:42", "elapsed": 761.294022, "delta": 5.887436}}
{"target": 0.0040298360375996154, "params": {"0": 1.021347792675205, "1": -1.013011034113334, "2": -1.6264284019942612, "3": -1.787018864239602, "4": 0.7524903102873619, "5": 1.2527610950445833, "6": -0.8927745474413094, "7": -1.515110359997698}, "datetime": {"datetime": "2021-06-29 20:26:45", "elapsed": 764.352663, "delta": 3.058641}}
{"target": 0.003656370935846009, "params": {"0": -0.6258442253241645, "1": -0.0488179140592111, "2": 2.5148567907307235, "3": -1.6689379057777907, "4": 0.6572147272772426, "5": 1.1280775877999334, "6": 0.7378758347540435, "7": -2.2461726742968575}, "datetime": {"datetime": "2021-06-29 20:26:49", "elapsed": 768.913516, "delta": 4.560853}}
{"target": 0.0033981039650089677, "params": {"0": -0.4729048992684879, "1": -0.06647604065143353, "2": 0.9845275544848322, "3": 2.2696168214270145, "4": 1.666689918504634, "5": -2.3430040663684606, "6": -0.6683025049751623, "7": 2.583997823263166}, "datetime": {"datetime": "2021-06-29 20:26:52", "elapsed": 771.422329, "delta": 2.508813}}
{"target": 0.0031499194204140358, "params": {"0": 0.9244322024677385, "1": -1.3398373481428694, "2": -1.592985523049173, "3": 1.7436201799893514, "4": 1.8903853313030794, "5": 0.699562484402418, "6": 2.2441765091229975, "7": 2.3339574889417083}, "datetime": {"datetime": "2021-06-29 20:26:56", "elapsed": 775.223942, "delta": 3.801613}}
{"target": 0.003636986756421955, "params": {"0": 2.6125240770969853, "1": -0.9495041875705699, "2": 1.7193778577586976, "3": 1.417171740419966, "4": -1.3340221679299833, "5": -0.17951150473240762, "6": -2.8934728439856583, "7": -1.345085983346857}, "datetime": {"datetime": "2021-06-29 20:26:59", "elapsed": 779.009633, "delta": 3.785691}}
{"target": 0.005435307731693243, "params": {"0": -1.5719135903928418, "1": 1.3652519512076715, "2": 2.6170610385132704, "3": 2.501791399014629, "4": 1.9941084422735234, "5": 2.41533747906455, "6": 2.3682320554847927, "7": -1.1620283690540552}, "datetime": {"datetime": "2021-06-29 20:27:06", "elapsed": 785.544572, "delta": 6.534939}}
{"target": 0.0065687273883631315, "params": {"0": -0.3121582525440574, "1": -1.2687774420253932, "2": 1.867689746824695, "3": 0.4625442371732942, "4": -2.0727121907326724, "5": -1.7372443897221213, "6": -0.17584388899255288, "7": -1.4502833136045454}, "datetime": {"datetime": "2021-06-29 20:27:09", "elapsed": 788.122916, "delta": 2.578344}}
{"target": 0.0033923520335856086, "params": {"0": -1.7632811150740453, "1": 1.6698243000712791, "2": -2.924053671585942, "3": -2.969140482470103, "4": -1.0165134535524707, "5": 0.5499057566266066, "6": 2.3116729306227892, "7": -1.5386381983383328}, "datetime": {"datetime": "2021-06-29 20:27:12", "elapsed": 791.454498, "delta": 3.331582}}
{"target": 0.0046796984058447635, "params": {"0": -1.9611114208284288, "1": -0.4843285622081783, "2": -2.480879092495377, "3": -0.7401472533755395, "4": 0.6312037110700919, "5": -1.38973171414107, "6": -1.5669433691150418, "7": -0.5938666595147506}, "datetime": {"datetime": "2021-06-29 20:27:16", "elapsed": 795.161146, "delta": 3.706648}}
{"target": 0.0030277267829217505, "params": {"0": 0.9670522243067952, "1": -1.8139475001179683, "2": -0.37959152058879964, "3": 0.7492588699917735, "4": 2.466080509210104, "5": 1.2919427094303098, "6": -1.150693199488376, "7": 2.351448794279472}, "datetime": {"datetime": "2021-06-29 20:27:19", "elapsed": 798.554943, "delta": 3.393797}}
{"target": 0.004453708119033104, "params": {"0": -1.5358932143458808, "1": 0.978811050779806, "2": 0.972113744430005, "3": -2.6388044576448495, "4": 0.8002565453456656, "5": -2.850281751541077, "6": 0.0454007944325463, "7": -1.2908802250102727}, "datetime": {"datetime": "2021-06-29 20:27:23", "elapsed": 802.297899, "delta": 3.742956}}
{"target": 0.003353227002077607, "params": {"0": -0.8521641066349313, "1": 1.0593285317451366, "2": -1.3229857465427217, "3": 1.2523792179970128, "4": -2.2701165835747767, "5": -0.8350027945752898, "6": -0.29446086054470744, "7": 1.4696651954210624}, "datetime": {"datetime": "2021-06-29 20:27:26", "elapsed": 805.617707, "delta": 3.319808}}
{"target": 0.003143242767529797, "params": {"0": -2.9667660364301547, "1": -1.7712244549390206, "2": -2.38134135169876, "3": -0.23534391285275946, "4": 0.0732572770247053, "5": 1.8911318302133342, "6": -0.811630551209892, "7": -0.5654747765713473}, "datetime": {"datetime": "2021-06-29 20:27:30", "elapsed": 809.519361, "delta": 3.901654}}
{"target": 0.003891726452514138, "params": {"0": 2.693202180909225, "1": -2.228568065127753, "2": -0.07535451268382154, "3": 2.7104647115980525, "4": 1.3638994661027315, "5": -0.9741534672824068, "6": -1.7382451781768167, "7": -2.715538475479912}, "datetime": {"datetime": "2021-06-29 20:27:38", "elapsed": 817.410055, "delta": 7.890694}}
{"target": 0.003222068723859924, "params": {"0": 1.52404175477934, "1": 2.5902639743544587, "2": 2.2121777816628683, "3": 2.134983755613086, "4": -2.0653893951794764, "5": 2.9296971940908882, "6": 1.4767818242838349, "7": 2.5714752384981985}, "datetime": {"datetime": "2021-06-29 20:27:41", "elapsed": 820.588972, "delta": 3.178917}}
{"target": 0.12223132456366778, "params": {"0": 1.2451175781307606, "1": -0.4714274388052635, "2": 1.5525544413498622, "3": -0.4556673062805241, "4": -0.560206457592427, "5": -0.8650538525910259, "6": -0.4516912087233882, "7": 1.8595012611731354}, "datetime": {"datetime": "2021-06-29 20:27:47", "elapsed": 826.51906, "delta": 5.930088}}
{"target": 0.00348702133201777, "params": {"0": -2.3024748961190777, "1": -2.9091754067273685, "2": -0.29343657375521737, "3": 2.632849359570611, "4": -1.4925762554155262, "5": 1.5759407389814548, "6": 2.3283289209092075, "7": 1.8848700553139253}, "datetime": {"datetime": "2021-06-29 20:27:51", "elapsed": 830.434429, "delta": 3.915369}}
{"target": 0.009255390670970632, "params": {"0": -0.8055794351119214, "1": -2.0301139147823952, "2": -1.869992524320254, "3": 1.7091988176099795, "4": -2.4499584875770983, "5": -2.6678024261700397, "6": 2.853057397395042, "7": 2.5538177807414923}, "datetime": {"datetime": "2021-06-29 20:27:55", "elapsed": 834.450638, "delta": 4.016209}}
{"target": 0.002897011398801547, "params": {"0": -0.9322261741148692, "1": -1.6074055885949203, "2": -0.13074221355366422, "3": 0.9525483865770461, "4": 2.2430566597306827, "5": 1.1814838637852967, "6": 1.3888298163266741, "7": -1.89044252324426}, "datetime": {"datetime": "2021-06-29 20:27:57", "elapsed": 836.330085, "delta": 1.879447}}
{"target": 0.0034725889346949343, "params": {"0": -2.8570261495764324, "1": 0.3128816481911949, "2": -0.5279823319917214, "3": 0.16092165013123072, "4": 0.6321139843322152, "5": 0.8586927888190337, "6": 1.5153965161157865, "7": -1.3253870126391671}, "datetime": {"datetime": "2021-06-29 20:28:00", "elapsed": 839.267993, "delta": 2.937908}}
{"target": 0.006227043349883379, "params": {"0": 2.3981360026231044, "1": -2.4437821199721843, "2": -1.2115971558226641, "3": 2.8212744836911563, "4": -0.6605119700514823, "5": -1.9835780334944255, "6": -0.6917801955941538, "7": -2.555967534848995}, "datetime": {"datetime": "2021-06-29 20:28:04", "elapsed": 843.322087, "delta": 4.054094}}
{"target": 0.004351477801373072, "params": {"0": 1.6697433152518109, "1": -1.365520275454275, "2": 2.1240506341579515, "3": -2.4673881190546405, "4": -0.4462058343311339, "5": -0.4415278619883054, "6": 2.055434128438068, "7": -2.1592596628097436}, "datetime": {"datetime": "2021-06-29 20:28:08", "elapsed": 847.596994, "delta": 4.274907}}
{"target": 0.004692699185077321, "params": {"0": -0.5219891091030742, "1": 2.891891002574928, "2": 0.3422111309841398, "3": 0.40618323308427007, "4": -2.3631021470445424, "5": 0.8079412295065493, "6": -2.4892327711811943, "7": -0.18114040251796792}, "datetime": {"datetime": "2021-06-29 20:28:13", "elapsed": 852.514801, "delta": 4.917807}}
{"target": 0.0036963439950716426, "params": {"0": -1.506657348315641, "1": 2.962809867903956, "2": 1.364139622153786, "3": -0.14892252108282023, "4": -0.5592919837116539, "5": 1.4125534044748438, "6": -0.8617355858246354, "7": 0.0345824091177418}, "datetime": {"datetime": "2021-06-29 20:28:21", "elapsed": 860.424426, "delta": 7.909625}}
{"target": 0.004506040010697189, "params": {"0": 0.6414419399174016, "1": -0.26080456184089407, "2": 2.3298754412069815, "3": -2.4267136183984697, "4": -2.673114690004468, "5": 0.5053657753809615, "6": -2.987533090447861, "7": -2.150657155621055}, "datetime": {"datetime": "2021-06-29 20:28:30", "elapsed": 869.701386, "delta": 9.27696}}
{"target": 0.003219029780245218, "params": {"0": -1.4818060076183774, "1": 1.8919361271987922, "2": 1.8222470543570326, "3": 1.9012600887608926, "4": -0.48003500904213503, "5": -0.6213432784427235, "6": -0.6137126357764822, "7": 2.451033181396478}, "datetime": {"datetime": "2021-06-29 20:28:34", "elapsed": 873.949432, "delta": 4.248046}}
{"target": 0.004726568673684167, "params": {"0": -2.6739219961915914, "1": -2.512033983709527, "2": -1.3191638081026875, "3": 1.9837195186180736, "4": -1.676524051524003, "5": -1.619258315537503, "6": 2.0974156069909746, "7": 0.8782953152634683}, "datetime": {"datetime": "2021-06-29 20:28:38", "elapsed": 877.74611, "delta": 3.796678}}
