{"target": 0.0029101109493295356, "params": {"0": -2.091547255782767, "1": 2.321493978802666, "2": 2.3320920414187434, "3": -2.8460363953241528, "4": 1.123937762160942, "5": 1.5907905271361598, "6": 1.8095658298468162, "7": 1.685357131887569}, "datetime": {"datetime": "2021-06-29 20:34:19", "elapsed": 1217.998144, "delta": 5.034929}}
{"target": 0.00309217321899776, "params": {"0": 2.6358084300709157, "1": 2.3382041428940648, "2": -0.2641479560152602, "3": 0.5097543952446815, "4": -0.8200058649406099, "5": -1.8036663816191, "6": 2.2390739204653958, "7": 1.71696110499916}, "datetime": {"datetime": "2021-06-29 20:34:25", "elapsed": 1223.865485, "delta": 5.867341}}
{"target": 0.0035240007320748146, "params": {"0": -1.430944618868431, "1": -1.6033230310394029, "2": -1.5437100608543801, "3": -2.4526300890725947, "4": -0.9411716288779859, "5": 0.49383257849761364, "6": 1.0286242752422012, "7": -0.6661079671763965}, "datetime": {"datetime": "2021-06-29 20:34:30", "elapsed": 1229.290526, "delta": 5.425041}}
{"target": 0.006987804445373942, "params": {"0": 1.10223403992671, "1": 2.317365881717371, "2": 0.4443661845332043, "3": -1.2629685687319558, "4": -0.9806217225589742, "5": -1.2582882150517267, "6": 2.6922098974333677, "7": -2.4772152678236337}, "datetime": {"datetime": "2021-06-29 20:34:35", "elapsed": 1234.25301, "delta": 4.962484}}
{"target": 0.004244286111111535, "params": {"0": 2.668360630201187, "1": 2.843074572259419, "2": 1.4788285337760652, "3": -0.6643713825806481, "4": -1.4132208850081238, "5": -1.3845637836077742, "6": 0.6133933329035779, "7": 0.6617270776211921}, "datetime": {"datetime": "2021-06-29 20:34:42", "elapsed": 1241.099887, "delta": 6.846877}}
{"target": 0.0034225205477249852, "params": {"0": -0.7917569244820055, "1": 1.1466384283772344, "2": -0.15343358560608777, "3": 0.9292161323265096, "4": 2.8483151563667723, "5": 1.8139051292676749, "6": 0.7674955136793558, "7": -0.9475046671609526}, "datetime": {"datetime": "2021-06-29 20:34:56", "elapsed": 1255.140407, "delta": 14.04052}}
{"target": 0.008032618713497136, "params": {"0": 1.528844837800552, "1": 0.2075613900366564, "2": 1.5289333636690783, "3": -1.161161409346767, "4": -0.44674486974204797, "5": -1.319217061462259, "6": -0.28908326781798976, "7": 1.8939445587202606}, "datetime": {"datetime": "2021-06-29 20:35:03", "elapsed": 1262.374833, "delta": 7.234426}}
{"target": 0.03031792564998365, "params": {"0": 1.9998856633137123, "1": -1.724880801375086, "2": 1.8567143110942066, "3": 2.3671503825457787, "4": -0.8056425022774549, "5": -1.430420716845548, "6": 1.014500208643355, "7": 2.036972710968568}, "datetime": {"datetime": "2021-06-29 20:35:11", "elapsed": 1270.047649, "delta": 7.672816}}
{"target": 0.0034106125623485114, "params": {"0": -1.0619035364538407, "1": 0.7231180581213352, "2": 1.4931692715316967, "3": 1.2960879551284643, "4": 2.2102864887022475, "5": -1.7243685816843348, "6": 2.2366214395155604, "7": -0.21826285029934578}, "datetime": {"datetime": "2021-06-29 20:35:17", "elapsed": 1276.449145, "delta": 6.401496}}
{"target": 0.003117712083105653, "params": {"0": 1.7700344082965707, "1": 2.5181365543160794, "2": 0.45052528181537754, "3": -2.5047581131870205, "4": 0.8937458340517033, "5": 2.558035764118622, "6": 0.7842825897497754, "7": -2.0927567109595593}, "datetime": {"datetime": "2021-06-29 20:35:23", "elapsed": 1282.298884, "delta": 5.849739}}
{"target": 0.003568303961634336, "params": {"0": 2.6760657986290006, "1": 1.7894558899772468, "2": 1.3627354795828026, "3": 1.8866431814751374, "4": -1.5619871043105669, "5": 1.1631791172179433, "6": 2.2555805507603335, "7": -2.2004431360164594}, "datetime": {"datetime": "2021-06-29 20:35:27", "elapsed": 1286.680229, "delta": 4.381345}}
{"target": 0.007830733999240459, "params": {"0": -1.9853103402203731, "1": 0.6709663034233664, "2": 1.4527752232729458, "3": 1.4454448363296208, "4": 1.1284305114143018, "5": -2.3023253078012282, "6": -1.7291494016745719, "7": 2.531458172080752}, "datetime": {"datetime": "2021-06-29 20:35:33", "elapsed": 1292.111928, "delta": 5.431699}}
{"target": 0.012586023380003437, "params": {"0": -2.4348093759738663, "1": 0.9709544427230812, "2": 0.656972522989069, "3": 1.5568712079820246, "4": -2.038647813980581, "5": 2.041315069969853, "6": -2.4210016178475247, "7": -0.012174978446350515}, "datetime": {"datetime": "2021-06-29 20:35:39", "elapsed": 1297.970952, "delta": 5.859024}}
{"target": 0.014983989253940786, "params": {"0": 1.2855283363326837, "1": 2.861120781970044, "2": -0.37138416437801425, "3": -1.183197469545994, "4": 0.45376645370366786, "5": -0.3115231751963039, "6": 2.631474071256335, "7": -0.4403144701308985}, "datetime": {"datetime": "2021-06-29 20:35:44", "elapsed": 1303.244513, "delta": 5.273561}}
{"target": 0.007893812567919087, "params": {"0": 1.0659351053775028, "1": 0.14416178937229773, "2": 2.1489726943772194, "3": 1.760401847378036, "4": -1.7045127540341403, "5": 2.007814431297395, "6": 1.0111755177779358, "7": 0.38537964962348426}, "datetime": {"datetime": "2021-06-29 20:35:48", "elapsed": 1307.60976, "delta": 4.365247}}
{"target": 0.0033878736901988256, "params": {"0": 1.428938061139112, "1": -1.500635817765808, "2": 2.3818843729721593, "3": 0.7934753542097184, "4": 1.009059004674083, "5": -1.5618726741953475, "6": 1.3734786315602232, "7": -2.624099939760768}, "datetime": {"datetime": "2021-06-29 20:35:52", "elapsed": 1311.260879, "delta": 3.651119}}
{"target": 0.002860969528996199, "params": {"0": -0.8585593422313029, "1": -1.1072309260973123, "2": -1.9704275106005065, "3": 0.544966192606394, "4": 2.736298070166029, "5": -1.7863931100759698, "6": 2.7693114146786932, "7": -2.094740731337092}, "datetime": {"datetime": "2021-06-29 20:35:57", "elapsed": 1316.749598, "delta": 5.488719}}
{"target": 0.003068945602640507, "params": {"0": -0.8204943193675085, "1": -1.1165783742673456, "2": 0.7001958976844547, "3": -2.2861955444324007, "4": 2.030885478582767, "5": -0.6093083846690672, "6": 2.609956520055028, "7": 0.6141995389663553}, "datetime": {"datetime": "2021-06-29 20:36:03", "elapsed": 1322.092171, "delta": 5.342573}}
{"target": 0.0048446871935617945, "params": {"0": 1.9262939125124445, "1": -1.5960338180750777, "2": -1.2974206637125314, "3": -1.4321012413008762, "4": 1.0787210618178946, "5": -2.7874832767370714, "6": 1.5752619296430144, "7": -0.04426453271263675}, "datetime": {"datetime": "2021-06-29 20:36:09", "elapsed": 1328.599508, "delta": 6.507337}}
{"target": 0.004137864229631316, "params": {"0": -2.1912988970614675, "1": -1.0969017358270212, "2": -0.5685178502115069, "3": 0.06331094420134331, "4": 0.476247819442019, "5": -1.453996862569948, "6": -2.0504979733582616, "7": 2.1871915025761073}, "datetime": {"datetime": "2021-06-29 20:36:14", "elapsed": 1332.874494, "delta": 4.274986}}
{"target": 0.002916497963537443, "params": {"0": -2.815834142058992, "1": 2.8136767737886252, "2": 1.891152250247397, "3": 0.6493552008076007, "4": 2.7841976239472777, "5": 1.0014448676623458, "6": 1.8202209867127381, "7": -2.6192980521118114}, "datetime": {"datetime": "2021-06-29 20:36:19", "elapsed": 1337.775546, "delta": 4.901052}}
{"target": 0.003511184901694432, "params": {"0": 0.5103041253843896, "1": 0.830255060981131, "2": -1.4281644552154062, "3": -1.727427761573984, "4": 0.11342350255321909, "5": -0.968683699360751, "6": -0.023720998758526513, "7": -1.9112192505151806}, "datetime": {"datetime": "2021-06-29 20:36:26", "elapsed": 1345.25245, "delta": 7.476904}}
{"target": 0.004322576952415982, "params": {"0": 1.635803121708232, "1": 1.4033118412852676, "2": 2.0376118007012787, "3": 2.842804416166672, "4": -2.7427210338077526, "5": 0.4914180425399861, "6": 0.37616357258229005, "7": -1.9969283548040213}, "datetime": {"datetime": "2021-06-29 20:36:29", "elapsed": 1347.946409, "delta": 2.693959}}
{"target": 0.002821732191847861, "params": {"0": -0.5692036619728906, "1": -1.283268740152506, "2": 0.817935295685924, "3": -1.2668048700671106, "4": 2.4600981582814567, "5": 1.5453585131436904, "6": 2.5558701635045704, "7": 2.1449553367503906}, "datetime": {"datetime": "2021-06-29 20:36:33", "elapsed": 1352.65445, "delta": 4.708041}}
{"target": 0.0028600571079623756, "params": {"0": 0.9759978473384208, "1": -1.047791896706066, "2": -1.267319785284705, "3": 1.3804444253657424, "4": 2.619023146139428, "5": 1.1947448268934027, "6": -0.35006823712860147, "7": 0.7529767895253316}, "datetime": {"datetime": "2021-06-29 20:36:38", "elapsed": 1357.02426, "delta": 4.36981}}
{"target": 0.0028940164359889426, "params": {"0": 1.0618798488492693, "1": -1.4548357210361234, "2": 2.8812421450521084, "3": 1.978639832568831, "4": 1.088178268694108, "5": 0.25938090480356024, "6": -1.6388175540493282, "7": 1.5399386397309796}, "datetime": {"datetime": "2021-06-29 20:36:46", "elapsed": 1365.120959, "delta": 8.096699}}
{"target": 0.0031775948212661516, "params": {"0": -2.520776619256173, "1": 2.7758828419126793, "2": 1.3830239950822882, "3": 1.6774948917376946, "4": 0.8915566358769915, "5": -0.01867966976420643, "6": -2.8636555808979702, "7": 1.5354250360235149}, "datetime": {"datetime": "2021-06-29 20:36:52", "elapsed": 1370.912924, "delta": 5.791965}}
{"target": 0.004134814343151029, "params": {"0": 2.6187107687727273, "1": -1.2764840886192204, "2": -0.8875768243003868, "3": -2.3465843307663987, "4": 0.9408673116226582, "5": 0.24948135931588622, "6": 2.9229502914387524, "7": -0.4428355049673378}, "datetime": {"datetime": "2021-06-29 20:36:58", "elapsed": 1377.372503, "delta": 6.459579}}
{"target": 0.005716857295520259, "params": {"0": -2.955149637608814, "1": 1.3588618453642587, "2": 1.7301366729675163, "3": -0.6326671982129692, "4": -2.25465274342006, "5": -1.2116658202899109, "6": -2.5221684240825772, "7": 2.4150514505538974}, "datetime": {"datetime": "2021-06-29 20:37:02", "elapsed": 1381.605563, "delta": 4.23306}}
{"target": 0.006952209168154686, "params": {"0": 0.8428643224180634, "1": 1.0749374223372081, "2": -1.785562416754933, "3": 2.6238391110134094, "4": 2.9738527613887875, "5": -2.7109687119915638, "6": 1.204744685747782, "7": -1.9578325782589008}, "datetime": {"datetime": "2021-06-29 20:37:08", "elapsed": 1387.096576, "delta": 5.491013}}
{"target": 0.002936674175427851, "params": {"0": -0.9614745635632866, "1": -0.8702560244495796, "2": 2.3479076149358598, "3": -1.4150571228167947, "4": 0.2802915285790126, "5": 1.7853627587555394, "6": -1.782874587214309, "7": -1.672764437795314}, "datetime": {"datetime": "2021-06-29 20:37:12", "elapsed": 1391.725104, "delta": 4.628528}}
{"target": 0.0030388857057238984, "params": {"0": -0.5238207449355725, "1": 2.94153190574338, "2": 1.0675034302522413, "3": -0.4643918247997867, "4": -2.4058710112643062, "5": -1.6724881443786344, "6": -1.6247999274626321, "7": 0.444857261269501}, "datetime": {"datetime": "2021-06-29 20:37:17", "elapsed": 1396.67818, "delta": 4.953076}}
{"target": 0.015309175764688505, "params": {"0": 0.4785817910782866, "1": 2.5294726190099244, "2": -0.4897874022708901, "3": 2.0189625917205545, "4": 0.6954057847922366, "5": -2.8242380467421393, "6": 2.4262900848680884, "7": 0.1665248663871104}, "datetime": {"datetime": "2021-06-29 20:37:22", "elapsed": 1401.527881, "delta": 4.849701}}
{"target": 0.005731679580690488, "params": {"0": -2.5696637194479353, "1": 0.9976700504031815, "2": -2.8636070311482746, "3": 1.7521958182574284, "4": -1.4352754685420408, "5": 2.296726916503255, "6": 2.5725195873922697, "7": -1.314270198261207}, "datetime": {"datetime": "2021-06-29 20:37:26", "elapsed": 1405.718277, "delta": 4.190396}}
{"target": 0.004571324906373453, "params": {"0": 2.1539672768444786, "1": 2.6597581372903107, "2": -2.919885967506842, "3": 1.2095790224225338, "4": -2.1154799790282603, "5": 2.179905148798385, "6": 1.9449630539516445, "7": -2.5835332358159673}, "datetime": {"datetime": "2021-06-29 20:37:32", "elapsed": 1411.264063, "delta": 5.545786}}
{"target": 0.0030393671696317967, "params": {"0": 1.0497294539631756, "1": 0.4412588449777872, "2": -0.07500105265261814, "3": 2.9727205418085783, "4": -0.0975155435300934, "5": 1.8903455590607763, "6": 0.7869767621878676, "7": -2.41414990293244}, "datetime": {"datetime": "2021-06-29 20:37:38", "elapsed": 1416.979129, "delta": 5.715066}}
{"target": 0.028785387309610395, "params": {"0": 1.3018124719604138, "1": -0.5036902798510914, "2": 2.3745074065011877, "3": -1.9987778465361996, "4": -0.07344334832107124, "5": 0.3831658745509383, "6": -1.1634507980980564, "7": 0.6269074315740228}, "datetime": {"datetime": "2021-06-29 20:37:45", "elapsed": 1423.910029, "delta": 6.9309}}
{"target": 0.003300721509665238, "params": {"0": 2.7804971854677385, "1": 2.7421889217169486, "2": 1.3062198623961763, "3": -1.3009206491816392, "4": -1.5897235550149047, "5": -0.6116500351087581, "6": 0.04959707859587059, "7": 0.3166055169923814}, "datetime": {"datetime": "2021-06-29 20:37:52", "elapsed": 1431.440095, "delta": 7.530066}}
{"target": 0.0036403543375939642, "params": {"0": 0.4063193692551641, "1": 2.42027916421093, "2": 1.012636926138864, "3": -0.5257153347881625, "4": 0.20148568577203374, "5": -2.379075020935894, "6": -2.9734607353347053, "7": 1.8977647364109584}, "datetime": {"datetime": "2021-06-29 20:37:56", "elapsed": 1435.624489, "delta": 4.184394}}
{"target": 0.0040659244816603326, "params": {"0": -2.5916750468746037, "1": -1.8507254554247328, "2": 2.045944235326309, "3": -0.29175517736713985, "4": 2.025260222963065, "5": 0.7433480357367217, "6": 2.023676382135065, "7": 1.907187872258426}, "datetime": {"datetime": "2021-06-29 20:38:02", "elapsed": 1440.998178, "delta": 5.373689}}
{"target": 0.003124559757066319, "params": {"0": 2.9230801471323185, "1": -1.4052397946928887, "2": -0.7208785854063224, "3": 1.5125807302617646, "4": -2.4180270957827523, "5": 0.11878545726498668, "6": -2.250230154111425, "7": -2.6111046204218296}, "datetime": {"datetime": "2021-06-29 20:38:14", "elapsed": 1452.980881, "delta": 11.982703}}
{"target": 0.017259723369210337, "params": {"0": -2.2797528312691204, "1": -1.6203088530678975, "2": 1.1576955942241627, "3": -0.4519034635403818, "4": -1.1989579674234938, "5": -1.8890909208218052, "6": -1.850996399479792, "7": -0.8096865605291286}, "datetime": {"datetime": "2021-06-29 20:38:18", "elapsed": 1457.606884, "delta": 4.626003}}
{"target": 0.010636461706873055, "params": {"0": 0.7101449358503968, "1": 0.024669833339756142, "2": 1.5379367813554357, "3": -0.4788523694242315, "4": -0.014042155652979282, "5": -0.6883919376522458, "6": -0.666821163327139, "7": 1.933874075233466}, "datetime": {"datetime": "2021-06-29 20:38:25", "elapsed": 1464.399488, "delta": 6.792604}}
{"target": 0.003231377432211775, "params": {"0": -0.9038220940931994, "1": -1.9068497572607448, "2": -1.8006842933415883, "3": 0.02763726801727051, "4": 1.8263038797792683, "5": 2.757781353450363, "6": -1.8836611419193985, "7": -2.2041183512587437}, "datetime": {"datetime": "2021-06-29 20:38:31", "elapsed": 1470.08443, "delta": 5.684942}}
{"target": 0.003729005024614373, "params": {"0": 0.7841035856806307, "1": 0.3159908074611666, "2": -1.517403231699309, "3": -1.4105923419724065, "4": 1.8553044459973247, "5": -2.7694153107363855, "6": -1.0683173415093221, "7": -1.8319827993972393}, "datetime": {"datetime": "2021-06-29 20:38:36", "elapsed": 1475.263523, "delta": 5.179093}}
{"target": 0.004008120599273059, "params": {"0": 1.6839382570765462, "1": -2.3002828013260412, "2": -1.1414474741568525, "3": -1.3749230154705452, "4": -2.6629840121032426, "5": -2.1546989414477675, "6": 0.11786739953287562, "7": 0.03227107271498175}, "datetime": {"datetime": "2021-06-29 20:38:49", "elapsed": 1488.518534, "delta": 13.255011}}
{"target": 0.0036675366088947986, "params": {"0": 0.8946131120408052, "1": 0.4187629610327206, "2": -1.7428047558363806, "3": -1.4833816714812418, "4": 2.123557854587883, "5": 2.6260634816678854, "6": -1.540048306658319, "7": 2.6263400155020395}, "datetime": {"datetime": "2021-06-29 20:38:54", "elapsed": 1493.526901, "delta": 5.008367}}
{"target": 0.024077067487920108, "params": {"0": -0.48675086856343697, "1": 0.8119635251729318, "2": -1.7227684326491834, "3": -1.0701859218317509, "4": 2.085469997177265, "5": -1.4364680155256626, "6": 0.9240669720887569, "7": -1.6273115683712955}, "datetime": {"datetime": "2021-06-29 20:39:01", "elapsed": 1499.952816, "delta": 6.425915}}
{"target": 0.003228751059078723, "params": {"0": 2.016897039331452, "1": 0.8989806820689248, "2": 0.2775301840762907, "3": 0.40359653146497765, "4": 2.884211138136205, "5": 1.1313672792778542, "6": -2.0002060937416, "7": -0.12458539848138139}, "datetime": {"datetime": "2021-06-29 20:39:07", "elapsed": 1506.365928, "delta": 6.413112}}
{"target": 0.0032458268865832906, "params": {"0": -1.3189414171921072, "1": -1.236019375250493, "2": -0.7945815114103896, "3": -1.4386540980604774, "4": -2.8794399277970726, "5": -0.3726125254417667, "6": 2.9326571909280137, "7": 2.018994758949285}, "datetime": {"datetime": "2021-06-29 20:39:11", "elapsed": 1510.545598, "delta": 4.17967}}
{"target": 0.003641426895215188, "params": {"0": -2.312294802768486, "1": 0.5956190640358399, "2": -0.011777737717227232, "3": -1.3835091428079056, "4": -2.654950299208428, "5": 0.9902534781152692, "6": -0.812189421018827, "7": 2.9047354972482156}, "datetime": {"datetime": "2021-06-29 20:39:17", "elapsed": 1516.68946, "delta": 6.143862}}
{"target": 0.004644210765943917, "params": {"0": 0.5984667021179382, "1": 2.7455736842706155, "2": -1.695432812881966, "3": -1.4769108708487217, "4": -0.5832689779632672, "5": -2.117505964392193, "6": 1.1249611780513167, "7": 0.15397513328419388}, "datetime": {"datetime": "2021-06-29 20:39:22", "elapsed": 1521.756165, "delta": 5.066705}}
{"target": 0.0029371024569285597, "params": {"0": -0.44472055431545954, "1": -2.840175424717225, "2": 2.0280531370840524, "3": 1.1071453849298418, "4": -1.0973878107494535, "5": 2.296628571959248, "6": -1.6625997748515522, "7": 1.0338716672149744}, "datetime": {"datetime": "2021-06-29 20:39:27", "elapsed": 1526.12899, "delta": 4.372825}}
{"target": 0.003416479007260152, "params": {"0": 1.2710747980167465, "1": 2.127997353272585, "2": 1.4316826680184818, "3": 0.606944804935921, "4": 2.9834598047306216, "5": -2.1266597820215134, "6": 0.48885866638141184, "7": -1.2850127340403532}, "datetime": {"datetime": "2021-06-29 20:39:32", "elapsed": 1531.48428, "delta": 5.35529}}
{"target": 0.00419471376374661, "params": {"0": -1.646625351983006, "1": 2.0192204625623997, "2": -2.2395541998728783, "3": -1.121417809875141, "4": -0.7064086323266654, "5": -1.2242998785744228, "6": -0.06264471633581525, "7": 1.0040363172504119}, "datetime": {"datetime": "2021-06-29 20:39:37", "elapsed": 1536.026349, "delta": 4.542069}}
{"target": 0.003790146921859104, "params": {"0": -2.866964097026316, "1": 1.9847205455306467, "2": 0.35271539391786977, "3": 2.1245398765022054, "4": -2.3972430087926035, "5": -0.5087790662275049, "6": 0.7720239742411819, "7": 0.8952609087981398}, "datetime": {"datetime": "2021-06-29 20:39:44", "elapsed": 1543.188055, "delta": 7.161706}}
{"target": 0.010170884377867914, "params": {"0": 1.8277069057610404, "1": 0.8033811510065503, "2": 1.2997466935886894, "3": -2.8252828620190655, "4": -1.8951966891856478, "5": -2.5249157475536386, "6": 1.2841779116013434, "7": -0.009546247450281875}, "datetime": {"datetime": "2021-06-29 20:39:48", "elapsed": 1547.428382, "delta": 4.240327}}
{"target": 0.003259590967981637, "params": {"0": -0.4905077528400126, "1": -2.6854903786173394, "2": -1.9946200887851875, "3": -0.13319484069179666, "4": 1.8724291883473283, "5": 0.40226247727917386, "6": -1.0922576147564227, "7": 1.3459495015049896}, "datetime": {"datetime": "2021-06-29 20:39:55", "elapsed": 1554.744547, "delta": 7.316165}}
{"target": 0.003076011582853938, "params": {"0": -2.448822394050143, "1": 2.3253976745269096, "2": 2.896218197141402, "3": -0.13835064826389898, "4": 1.7923508257107645, "5": 1.9775624948964392, "6": -0.7385460230132734, "7": -2.7713859221426196}, "datetime": {"datetime": "2021-06-29 20:39:59", "elapsed": 1558.453284, "delta": 3.708737}}
{"target": 0.004046912406805181, "params": {"0": -2.582901388981636, "1": -1.8739035953320216, "2": 1.5090880270047808, "3": -2.6593976078354618, "4": -0.4316312404802618, "5": -2.5323782811335036, "6": 1.1826205190511647, "7": -0.25152496606490704}, "datetime": {"datetime": "2021-06-29 20:40:05", "elapsed": 1564.184092, "delta": 5.730808}}
{"target": 0.003221116269737214, "params": {"0": -0.5890794565468349, "1": 1.175190630710473, "2": 1.219632593053265, "3": 0.24827296282673927, "4": -2.722601674989675, "5": 2.016417169531948, "6": -2.7170130453040446, "7": 0.41741715700610804}, "datetime": {"datetime": "2021-06-29 20:40:11", "elapsed": 1569.909218, "delta": 5.725126}}
{"target": 0.0038297365899847224, "params": {"0": -0.4125387990746212, "1": -1.6191326377000541, "2": 1.4929915854519509, "3": -1.6689410968254448, "4": -0.14660340763106783, "5": -1.616617415071666, "6": -0.3718693677798264, "7": -0.25059221139015}, "datetime": {"datetime": "2021-06-29 20:40:17", "elapsed": 1575.984116, "delta": 6.074898}}
{"target": 0.003052828836430922, "params": {"0": 2.7161624800388697, "1": -0.9211258597930434, "2": 0.9384962776928791, "3": 0.7646906250769057, "4": 2.2333812214101316, "5": -1.9194136406766753, "6": -0.5559056746275264, "7": 1.0144368817274039}, "datetime": {"datetime": "2021-06-29 20:40:23", "elapsed": 1582.342779, "delta": 6.358663}}
{"target": 0.004206698634352204, "params": {"0": 1.4809194284215783, "1": 2.041139057660069, "2": -1.2414549983564755, "3": 2.8643675833879065, "4": 1.2087174140639405, "5": -2.768478214287427, "6": -0.7317723794307618, "7": -0.3254554867380737}, "datetime": {"datetime": "2021-06-29 20:40:29", "elapsed": 1588.399721, "delta": 6.056942}}
