{"target": 0.003094719983925132, "params": {"0": 0.8745311075179245, "1": 2.219618383377761, "2": 0.12170190321852337, "3": -1.2764251765723962, "4": 2.332594340283344, "5": 1.0816312129615824, "6": -2.8676860968649382, "7": -1.466286365977959}, "datetime": {"datetime": "2021-06-29 16:06:20", "elapsed": 2901.504085, "delta": 10.386328}}
{"target": 0.002920438147115907, "params": {"0": 1.218800254245914, "1": 2.7512303567567624, "2": -2.80935977684236, "3": -1.3285022696285567, "4": 2.633742917469654, "5": 1.4990586031476063, "6": 1.6812134206473264, "7": -1.134429684716354}, "datetime": {"datetime": "2021-06-29 16:06:35", "elapsed": 2916.063625, "delta": 14.55954}}
{"target": 0.0031163037567472508, "params": {"0": 2.8536970571956735, "1": 1.847367143269257, "2": -2.3960248058064675, "3": 0.9983813791131788, "4": 1.5655317325426896, "5": -1.0768880864209833, "6": -0.818362689326884, "7": -2.8848099118477695}, "datetime": {"datetime": "2021-06-29 16:06:52", "elapsed": 2933.351136, "delta": 17.287511}}
{"target": 0.003994232374520927, "params": {"0": -1.4303560653588845, "1": 2.5469227238089207, "2": -2.011327009909327, "3": 0.5283745238482962, "4": 0.8640681773660113, "5": -0.7408195211119262, "6": -0.6231741983395089, "7": 0.6166461148844276}, "datetime": {"datetime": "2021-06-29 16:07:00", "elapsed": 2941.061974, "delta": 7.710838}}
{"target": 0.003022394567274757, "params": {"0": -1.5777697678158673, "1": -2.003046191547428, "2": 1.3769253379759512, "3": -2.5180884940412662, "4": 0.18630963320234528, "5": 0.5142015359381045, "6": 2.9692546492259897, "7": 2.4905544802530653}, "datetime": {"datetime": "2021-06-29 16:07:08", "elapsed": 2948.618124, "delta": 7.55615}}
{"target": 0.009867108249391764, "params": {"0": 0.9687261077599523, "1": -0.20592950023074774, "2": -2.809725802760819, "3": -1.4061210631621082, "4": -0.11201593811383903, "5": -0.5533604809821981, "6": 1.5493088528588261, "7": 0.8699711712871254}, "datetime": {"datetime": "2021-06-29 16:07:23", "elapsed": 2963.830844, "delta": 15.21272}}
{"target": 0.003353091668524724, "params": {"0": -0.49818795943990324, "1": 1.364867917953065, "2": 1.7025127422131492, "3": 2.724456648513134, "4": 0.6427221066801483, "5": -2.378950794981183, "6": -2.4193731791291047, "7": -2.2286445043748198}, "datetime": {"datetime": "2021-06-29 16:07:31", "elapsed": 2972.292157, "delta": 8.461313}}
{"target": 0.003269206765336767, "params": {"0": 1.7564353645722361, "1": 2.9692687347909956, "2": 0.20087390826429097, "3": 2.9490322255925268, "4": -2.5952507406337992, "5": -1.1372177456425214, "6": 1.268890751004796, "7": 1.3730260709998916}, "datetime": {"datetime": "2021-06-29 16:07:43", "elapsed": 2984.122381, "delta": 11.830224}}
{"target": 0.003095556263621118, "params": {"0": 0.13741079785053723, "1": 1.9552657278951955, "2": -1.3329134680310228, "3": 0.5633835361691992, "4": -0.48309706935637653, "5": -0.5749395470388863, "6": -1.0889887349863, "7": 1.684439446144073}, "datetime": {"datetime": "2021-06-29 16:07:50", "elapsed": 2991.551772, "delta": 7.429391}}
{"target": 0.0048312516409061415, "params": {"0": -2.074499642405426, "1": -2.2503123767933215, "2": 1.0752788676940837, "3": -2.020644445675189, "4": 0.5317313011864448, "5": -2.162207362326899, "6": -1.4750996440764594, "7": -2.7957522942718676}, "datetime": {"datetime": "2021-06-29 16:08:02", "elapsed": 3003.203938, "delta": 11.652166}}
{"target": 0.003301782286503421, "params": {"0": 2.810683762825531, "1": -1.4534837282796913, "2": -1.5321015825340203, "3": 2.2123553285193474, "4": 1.5681112445903098, "5": 0.6154099456516984, "6": 1.8576906441449035, "7": -2.165035165612153}, "datetime": {"datetime": "2021-06-29 16:08:16", "elapsed": 3017.086714, "delta": 13.882776}}
{"target": 0.0031909661664025544, "params": {"0": -2.213798901057451, "1": 0.5859871831420085, "2": 2.1911807151144718, "3": -1.5407079765950733, "4": -1.7156080319002052, "5": 0.6733623629289012, "6": 2.696862326162263, "7": -2.6609768594129406}, "datetime": {"datetime": "2021-06-29 16:08:29", "elapsed": 3030.520282, "delta": 13.433568}}
{"target": 0.3912370688689237, "params": {"0": 1.6449005724083001, "1": -2.597885508032852, "2": 2.5298691203719725, "3": -0.9721520332006142, "4": 2.8573011862426725, "5": -1.8176460687628229, "6": 1.769357596554027, "7": 2.7853911710686337}, "datetime": {"datetime": "2021-06-29 16:08:40", "elapsed": 3040.733258, "delta": 10.212976}}
{"target": 0.005146608357320652, "params": {"0": -1.5548135281936573, "1": 2.170116071808927, "2": -1.5900597407647845, "3": 1.7294897582156183, "4": -1.7660279369380476, "5": -1.0030528766263762, "6": -1.1869456262916966, "7": -0.2909755541816139}, "datetime": {"datetime": "2021-06-29 16:08:51", "elapsed": 3051.663931, "delta": 10.930673}}
{"target": 0.00350661152250275, "params": {"0": -1.1484778963629287, "1": 0.3244418844447603, "2": 0.9314520578406285, "3": -1.280343429264718, "4": -2.6583518513278674, "5": -1.1473587462311405, "6": 2.088579500507741, "7": 0.5538988021684101}, "datetime": {"datetime": "2021-06-29 16:09:00", "elapsed": 3061.103776, "delta": 9.439845}}
{"target": 0.004888617990879744, "params": {"0": -1.2545502480128856, "1": 0.03157293160541075, "2": -0.5232058983841541, "3": -2.629676597082775, "4": -1.0117733439433971, "5": 1.9953685982677314, "6": -0.6862388200022305, "7": -1.057743481812091}, "datetime": {"datetime": "2021-06-29 16:09:14", "elapsed": 3075.041206, "delta": 13.93743}}
{"target": 0.004299066903995826, "params": {"0": 2.0393618972798437, "1": -1.8686887112536863, "2": 1.6614142074913412, "3": -2.9656350989147318, "4": 0.4302746050229094, "5": -0.8534334920953812, "6": -0.3883776639448282, "7": -1.847591954838578}, "datetime": {"datetime": "2021-06-29 16:09:25", "elapsed": 3086.546539, "delta": 11.505333}}
{"target": 0.005037026682624912, "params": {"0": -0.04606876308898711, "1": -2.158578141951764, "2": 1.857535187713264, "3": 0.16120103039470646, "4": -1.5265440641843844, "5": 2.992743560219255, "6": 0.45495658382031756, "7": -2.697925044029219}, "datetime": {"datetime": "2021-06-29 16:09:36", "elapsed": 3097.479993, "delta": 10.933454}}
{"target": 0.010313727616480814, "params": {"0": -0.9969339679848073, "1": -1.804434336627296, "2": -0.7025145394726251, "3": -0.0398021573168732, "4": 1.0143329801825027, "5": 2.439634661922348, "6": 0.6511823024698535, "7": -1.4894187783645059}, "datetime": {"datetime": "2021-06-29 16:09:42", "elapsed": 3103.512447, "delta": 6.032454}}
{"target": 0.0039039434441149046, "params": {"0": -1.6249119608826579, "1": -0.04346131025576039, "2": -1.7364212241407382, "3": -2.008968131876383, "4": -2.7004963686627503, "5": -1.6701245615150744, "6": -0.21017142783727705, "7": -0.9232847990788211}, "datetime": {"datetime": "2021-06-29 16:09:50", "elapsed": 3111.347947, "delta": 7.8355}}
{"target": 0.00399912644657571, "params": {"0": 1.7132245870387521, "1": 0.18565586033277715, "2": -2.29906708298129, "3": -0.8829499761322683, "4": -1.1222985701175958, "5": -0.37545480179669255, "6": -1.610530590709931, "7": 1.9242233397606725}, "datetime": {"datetime": "2021-06-29 16:10:00", "elapsed": 3121.148779, "delta": 9.800832}}
{"target": 0.003250907310839974, "params": {"0": 2.0389732616079064, "1": 0.956114458773361, "2": 1.313520756501367, "3": 0.80212100746005, "4": 1.3239979164751459, "5": 2.7684146402181335, "6": -1.5202840714205683, "7": 0.21627715540553183}, "datetime": {"datetime": "2021-06-29 16:10:18", "elapsed": 3138.748609, "delta": 17.59983}}
{"target": 0.00418783274903234, "params": {"0": 1.1698750832276446, "1": -1.5437385187140742, "2": 0.7094287383420705, "3": -2.7263774785715027, "4": -2.5221958392563177, "5": -1.4299611088643458, "6": -2.880910287946542, "7": 1.1452205583411104}, "datetime": {"datetime": "2021-06-29 16:10:24", "elapsed": 3144.957018, "delta": 6.208409}}
{"target": 0.0032060917779373876, "params": {"0": -2.0665539907065194, "1": 0.5719422949584305, "2": 0.30749675533773724, "3": -2.4366850443580867, "4": -0.7325407004872222, "5": 1.0299490670911, "6": 1.1377494043579777, "7": -1.9623688854722754}, "datetime": {"datetime": "2021-06-29 16:10:31", "elapsed": 3152.132201, "delta": 7.175183}}
{"target": 0.0032194929657715743, "params": {"0": 0.06846578977179796, "1": 1.7373799280302684, "2": -1.7514198685776714, "3": -0.21269800717092835, "4": -1.9707573007088666, "5": 1.8807658277733905, "6": -0.5919600026702954, "7": -2.7312574767596134}, "datetime": {"datetime": "2021-06-29 16:10:43", "elapsed": 3164.004525, "delta": 11.872324}}
{"target": 0.0033614112660938183, "params": {"0": 2.3071516487147683, "1": 1.4498936389981631, "2": -0.579466933242724, "3": 2.345142930266726, "4": -1.2012629138919957, "5": -2.240625078420762, "6": 2.467245044022331, "7": -2.084981683896351}, "datetime": {"datetime": "2021-06-29 16:10:54", "elapsed": 3174.82148, "delta": 10.816955}}
{"target": 0.004030639317040841, "params": {"0": -2.4188386166337956, "1": -2.994205517579708, "2": -0.267345873531426, "3": 0.03821563371320247, "4": 0.8183826560146725, "5": 0.9359748081626478, "6": -1.6497745402493937, "7": -2.149152408760102}, "datetime": {"datetime": "2021-06-29 16:11:01", "elapsed": 3182.387624, "delta": 7.566144}}
{"target": 0.0038136451028106897, "params": {"0": 2.468159402964088, "1": -2.0461849459287142, "2": -0.3589891132417584, "3": -2.8597501669139174, "4": -1.7760429470935244, "5": -0.5018250668977795, "6": -0.5792027763744114, "7": 1.310010257266394}, "datetime": {"datetime": "2021-06-29 16:11:08", "elapsed": 3189.255844, "delta": 6.86822}}
{"target": 0.007424085473289675, "params": {"0": 0.44374937079746735, "1": -2.8658891028738434, "2": -2.12866139148053, "3": -2.739379870242464, "4": -1.2470434386303093, "5": -1.6213535548884053, "6": 1.5267262983163095, "7": -0.5054523159545266}, "datetime": {"datetime": "2021-06-29 16:11:17", "elapsed": 3198.440529, "delta": 9.184685}}
{"target": 0.0034185137592002307, "params": {"0": -1.9362026072836143, "1": 2.8466693773066716, "2": -1.7002545639669846, "3": 2.382264336943736, "4": 0.7849826546938794, "5": -0.3152494512117956, "6": -2.6555561889704777, "7": -1.0395985156089853}, "datetime": {"datetime": "2021-06-29 16:11:24", "elapsed": 3204.90188, "delta": 6.461351}}
{"target": 0.004579031056074503, "params": {"0": 2.837854551786288, "1": -2.418345884746995, "2": -1.5809531844494156, "3": 1.2418830972161992, "4": 0.10978257784573531, "5": -2.5608824824744656, "6": 0.9384405493077885, "7": -0.6879413203294535}, "datetime": {"datetime": "2021-06-29 16:11:32", "elapsed": 3212.675467, "delta": 7.773587}}
{"target": 0.003261584824344435, "params": {"0": -0.3598353571102, "1": 2.450141124209133, "2": -2.2384903079794465, "3": 2.4833903008780087, "4": -0.657075689884036, "5": -2.108205732404796, "6": -1.432176235044931, "7": 1.728785356074285}, "datetime": {"datetime": "2021-06-29 16:11:45", "elapsed": 3226.196268, "delta": 13.520801}}
{"target": 0.0036580645558178075, "params": {"0": 2.1178084467211518, "1": 2.537268166231766, "2": -0.5043185047333174, "3": -2.0522025719976726, "4": 0.46568516788419334, "5": -1.632640542652037, "6": -0.20943238899257466, "7": -0.7480151427741184}, "datetime": {"datetime": "2021-06-29 16:11:56", "elapsed": 3236.955834, "delta": 10.759566}}
{"target": 0.00307487860319898, "params": {"0": -2.3040908823540747, "1": 1.8157549580522145, "2": -1.4818758480550887, "3": 2.1267941746645187, "4": -1.866822503026164, "5": 2.0558903917678935, "6": -0.07429868692594344, "7": -2.4842927344534242}, "datetime": {"datetime": "2021-06-29 16:12:07", "elapsed": 3248.325337, "delta": 11.369503}}
{"target": 0.00301334427781231, "params": {"0": 2.4408174947481456, "1": 0.6803499220488867, "2": -2.1756309943460033, "3": 1.4029273455873161, "4": 0.48105851561151525, "5": 0.4519809872452898, "6": -2.0857406448188094, "7": 2.103383717003828}, "datetime": {"datetime": "2021-06-29 16:12:14", "elapsed": 3254.937747, "delta": 6.61241}}
{"target": 0.0030164478928446257, "params": {"0": -0.25019994351988517, "1": 2.8757591311731776, "2": -0.36897243493733267, "3": 0.4489859850587212, "4": 2.1889871896648945, "5": 1.2218490344761346, "6": 1.5740218275807072, "7": -1.5815165813778405}, "datetime": {"datetime": "2021-06-29 16:12:25", "elapsed": 3266.121366, "delta": 11.183619}}
{"target": 0.0032901173927163616, "params": {"0": 2.508494479978828, "1": 0.2209665130889631, "2": 1.660357937425716, "3": -1.5595468211086823, "4": -1.1210920869096102, "5": 2.7742586731562717, "6": 0.36226782100759936, "7": -1.514058785013229}, "datetime": {"datetime": "2021-06-29 16:12:36", "elapsed": 3277.077876, "delta": 10.95651}}
{"target": 0.002866464057700111, "params": {"0": 1.7561696601616568, "1": 0.4760199417901574, "2": -0.39548871566373034, "3": 0.273230151237156, "4": 0.754075110693647, "5": 1.18292326274595, "6": 0.21483781592671658, "7": -2.0805004315623425}, "datetime": {"datetime": "2021-06-29 16:12:45", "elapsed": 3285.872159, "delta": 8.794283}}
{"target": 0.0034404236692339835, "params": {"0": 0.638881899250797, "1": 0.1607071426390485, "2": 1.7396010393548371, "3": 2.4812957625041783, "4": 1.6454428903287086, "5": -2.529629336868066, "6": -0.9986831405977323, "7": 0.7601630506748847}, "datetime": {"datetime": "2021-06-29 16:12:52", "elapsed": 3293.229956, "delta": 7.357797}}
{"target": 0.0032410625469957766, "params": {"0": -1.7865199010150403, "1": 2.086664584772672, "2": 0.6902364010326014, "3": -0.3205943624231562, "4": -0.5529473182288736, "5": 2.4388883417082488, "6": -1.7511406716235733, "7": 1.2973171066683706}, "datetime": {"datetime": "2021-06-29 16:13:01", "elapsed": 3302.093576, "delta": 8.86362}}
{"target": 0.008981274798738765, "params": {"0": -1.5408654319110229, "1": -2.4153583225623234, "2": -1.3069299045480032, "3": 1.3298078162508737, "4": 2.376436537330905, "5": -0.6513685327296539, "6": -0.41346918894247686, "7": 1.3066612405476032}, "datetime": {"datetime": "2021-06-29 16:13:10", "elapsed": 3310.999266, "delta": 8.90569}}
{"target": 0.0030897645981319377, "params": {"0": 1.4697055466266837, "1": -2.875396583580632, "2": -2.3415909575283225, "3": 0.14657988151974521, "4": 0.7050236020842906, "5": -0.9991660812588035, "6": -2.7083587272455123, "7": 1.8194219175816322}, "datetime": {"datetime": "2021-06-29 16:13:18", "elapsed": 3318.67054, "delta": 7.671274}}
{"target": 0.0029586167217330733, "params": {"0": -2.4109808360415697, "1": -0.07081893446478116, "2": -1.2585412274881786, "3": 0.5654176662046502, "4": 1.8422377207185896, "5": -2.3497782786366175, "6": -2.3931478010600635, "7": 2.87559806888211}, "datetime": {"datetime": "2021-06-29 16:13:31", "elapsed": 3331.768104, "delta": 13.097564}}
{"target": 0.0030530781663215757, "params": {"0": -2.3261849878280056, "1": 0.9709919588070268, "2": -0.6191203720761589, "3": 0.7152216584679101, "4": -0.29817486121875314, "5": 2.9422778303243984, "6": -0.9714816070687129, "7": 0.6653399479165047}, "datetime": {"datetime": "2021-06-29 16:13:39", "elapsed": 3340.259838, "delta": 8.491734}}
{"target": 0.008647326801494484, "params": {"0": -2.7034455435339133, "1": 1.073936365749856, "2": -1.8857047833121225, "3": 1.484677912024618, "4": -2.211764807271714, "5": -1.1491820027725344, "6": -2.3650607084616997, "7": 0.814467164077346}, "datetime": {"datetime": "2021-06-29 16:13:50", "elapsed": 3351.02719, "delta": 10.767352}}
{"target": 0.013348118506646234, "params": {"0": 0.4421141665298265, "1": 0.8039187193548063, "2": 1.244226997518033, "3": 2.961982212419472, "4": -2.5382464364973565, "5": -1.8074125770252134, "6": 1.6624350287951044, "7": 0.39624460472741596}, "datetime": {"datetime": "2021-06-29 16:14:04", "elapsed": 3365.382317, "delta": 14.355127}}
{"target": 0.003186479383203596, "params": {"0": -2.5800650149761504, "1": 2.658821303150283, "2": 1.1346670458508745, "3": -2.6652777133643313, "4": 1.8092287821657553, "5": -1.4204061850801468, "6": -1.128517247054676, "7": -0.8492082922231279}, "datetime": {"datetime": "2021-06-29 16:14:12", "elapsed": 3372.818133, "delta": 7.435816}}
{"target": 0.0518869025040784, "params": {"0": -1.5353063579521002, "1": -2.5138095037127135, "2": 1.7482336974875974, "3": -2.9223528269422765, "4": 1.232390125524824, "5": -1.2344510720984103, "6": -1.2405232946589064, "7": 0.628495544799522}, "datetime": {"datetime": "2021-06-29 16:14:24", "elapsed": 3385.042929, "delta": 12.224796}}
{"target": 0.00454407415898417, "params": {"0": -2.1713704622389036, "1": 2.6985590860318895, "2": 0.16721877101251348, "3": 0.21276053181270438, "4": 0.4320342626108129, "5": 1.961521976413942, "6": 1.1554397093906408, "7": -2.448312446886187}, "datetime": {"datetime": "2021-06-29 16:14:37", "elapsed": 3397.809164, "delta": 12.766235}}
{"target": 0.0032258887358023497, "params": {"0": -2.039029159976283, "1": 0.5367302946794639, "2": -0.6241545386217409, "3": 2.066491563425494, "4": 2.315425042481839, "5": 0.827772364130662, "6": -2.764513476127025, "7": -0.9071916641143964}, "datetime": {"datetime": "2021-06-29 16:14:50", "elapsed": 3410.908488, "delta": 13.099324}}
{"target": 0.003288676147885287, "params": {"0": -0.9951466663257107, "1": -2.2155191273415205, "2": -2.081686024690006, "3": -2.1868041571997967, "4": 1.5579923346796836, "5": 0.5903547439699359, "6": -0.3746179356524548, "7": 2.9249697018046614}, "datetime": {"datetime": "2021-06-29 16:15:04", "elapsed": 3424.971262, "delta": 14.062774}}
{"target": 0.0029148418053697722, "params": {"0": -1.01695981822564, "1": 0.330691624756315, "2": 0.03116260367518553, "3": 1.2494696506047918, "4": 2.889419032350423, "5": 0.6445934527354611, "6": 1.5972891649147662, "7": -2.727135787211256}, "datetime": {"datetime": "2021-06-29 16:15:11", "elapsed": 3431.639501, "delta": 6.668239}}
{"target": 0.0035400653647747232, "params": {"0": 1.5360768729918632, "1": 1.0484868421144764, "2": 1.0651254642855879, "3": -2.322483572600021, "4": -0.7155795085604866, "5": 2.937974433731693, "6": -0.6728836182471283, "7": 1.7248452024881873}, "datetime": {"datetime": "2021-06-29 16:15:27", "elapsed": 3447.735035, "delta": 16.095534}}
{"target": 0.003621558394916993, "params": {"0": 2.8040023455607948, "1": 1.5516542858710238, "2": 2.1968041438816055, "3": -0.022886408953668447, "4": 0.41628318895268634, "5": -1.394400471958067, "6": 1.5590391216213764, "7": 2.5637694885368276}, "datetime": {"datetime": "2021-06-29 16:15:56", "elapsed": 3477.471913, "delta": 29.736878}}
{"target": 0.003701466335159668, "params": {"0": 2.4742598866998247, "1": 2.6796398699574926, "2": -2.549738382848287, "3": -1.796570454019176, "4": -1.5109746419363785, "5": 2.329388808666308, "6": -1.0783185637007904, "7": -1.5021548770347541}, "datetime": {"datetime": "2021-06-29 16:16:11", "elapsed": 3492.472964, "delta": 15.001051}}
{"target": 0.0056062935251150825, "params": {"0": -1.811129953413364, "1": 0.7757877600976655, "2": 1.1100245390345451, "3": -1.2098912714887928, "4": -1.3091453207215866, "5": 0.28790371721439545, "6": -2.3748631293571982, "7": 1.1119753186859178}, "datetime": {"datetime": "2021-06-29 16:16:24", "elapsed": 3504.741982, "delta": 12.269018}}
{"target": 0.003172962972455359, "params": {"0": 1.5792544041869103, "1": -1.5841569410705814, "2": -2.7905959256942134, "3": 2.190321926025609, "4": -0.8262555687858315, "5": -2.486685088903605, "6": 1.9198767282548532, "7": 0.8710711158161963}, "datetime": {"datetime": "2021-06-29 16:16:41", "elapsed": 3522.50297, "delta": 17.760988}}
{"target": 0.0032520966707085073, "params": {"0": -1.0729949766439792, "1": -1.148083211785447, "2": 0.10981405909554631, "3": -1.7266310381541372, "4": -2.621974909938745, "5": 2.897932303186428, "6": 1.4808452545882966, "7": -2.2968182142814713}, "datetime": {"datetime": "2021-06-29 16:16:51", "elapsed": 3532.019863, "delta": 9.516893}}
{"target": 0.004058350627101643, "params": {"0": 0.6607228928602016, "1": 2.5138929825422576, "2": 1.1520202598465241, "3": 1.4178432442580213, "4": -0.4451800533014616, "5": -1.1483697741919896, "6": 2.500516301643163, "7": -2.3751526696635263}, "datetime": {"datetime": "2021-06-29 16:17:00", "elapsed": 3540.703008, "delta": 8.683145}}
{"target": 0.004046587997308133, "params": {"0": -0.4806466321088676, "1": 0.29019088983685615, "2": 0.7568593323810884, "3": -0.6654681634461372, "4": -2.955435352032648, "5": -1.834606007522757, "6": -2.352118224720827, "7": -1.077996633873417}, "datetime": {"datetime": "2021-06-29 16:17:10", "elapsed": 3551.350387, "delta": 10.647379}}
{"target": 0.0032042376887293712, "params": {"0": -0.41202483724072136, "1": -2.0212834593876368, "2": 2.975829768804906, "3": -0.10341112016947562, "4": -0.2713361665355838, "5": -2.5207973598267266, "6": -0.35786100143081523, "7": 1.705671944373786}, "datetime": {"datetime": "2021-06-29 16:17:19", "elapsed": 3560.017027, "delta": 8.66664}}
{"target": 0.004027404825909694, "params": {"0": 0.8209136879954739, "1": 0.8545798125885025, "2": -1.8458332960710688, "3": 0.47685235687607186, "4": -1.847946900376712, "5": 1.6281774647779699, "6": 1.3625275598357351, "7": 0.5718019006881248}, "datetime": {"datetime": "2021-06-29 16:17:32", "elapsed": 3573.300114, "delta": 13.283087}}
{"target": 0.0029581680370947025, "params": {"0": 0.44008603576691696, "1": -2.6933269827710955, "2": 1.8311873562326246, "3": 2.4975993594217307, "4": 1.6404880269412656, "5": 2.412416949019578, "6": 1.7980407807261303, "7": -0.9565926290826154}, "datetime": {"datetime": "2021-06-29 16:17:45", "elapsed": 3585.937767, "delta": 12.637653}}
{"target": 0.002952840530233847, "params": {"0": -0.9398817455204336, "1": 2.174714377983106, "2": -1.0775047841364622, "3": -1.7821623233825876, "4": 2.9767418717323384, "5": -0.017451494277382906, "6": 2.341250146654321, "7": 2.8970233926665383}, "datetime": {"datetime": "2021-06-29 16:18:01", "elapsed": 3601.693215, "delta": 15.755448}}
