{"target": 0.003712826762343217, "params": {"0": 2.2409791341992227, "1": -1.6331225880088454, "2": 2.761629150980374, "3": 1.299898035154297, "4": -2.7875783012318402, "5": -2.9314708721587417, "6": -1.1665968824143698, "7": 1.7106953561112972}, "datetime": {"datetime": "2021-06-29 15:56:32", "elapsed": 2313.686955, "delta": 9.880212}}
{"target": 0.0030668779989745784, "params": {"0": -1.417152291037707, "1": -2.1300912154065017, "2": 2.1389304616298492, "3": 1.5372528700174053, "4": 1.528604456299238, "5": 0.520426484573222, "6": -1.5094486285780653, "7": -1.9125716657258356}, "datetime": {"datetime": "2021-06-29 15:56:51", "elapsed": 2332.865253, "delta": 19.178298}}
{"target": 0.0045101616504612295, "params": {"0": -0.3807333188770725, "1": 1.5881133605388493, "2": 1.6011432770683207, "3": -1.830085924607538, "4": -0.5637338227300126, "5": 2.048161330524178, "6": 1.139713886213448, "7": -0.7191731867567204}, "datetime": {"datetime": "2021-06-29 15:56:56", "elapsed": 2337.938827, "delta": 5.073574}}
{"target": 0.0031364187556859203, "params": {"0": 0.9843835060952992, "1": -1.6503664980386377, "2": 1.2280002467901667, "3": 0.9806737844140407, "4": -1.9108203238181471, "5": 1.384765050138136, "6": -1.5762058314055634, "7": -0.236104124311471}, "datetime": {"datetime": "2021-06-29 15:57:04", "elapsed": 2345.504963, "delta": 7.566136}}
{"target": 0.02688913913004501, "params": {"0": 0.8984484073420536, "1": -2.375403904011767, "2": 2.050607487965607, "3": -1.2404456543005946, "4": -1.3408607008945956, "5": -2.3035203506421076, "6": 1.3247862298908837, "7": 0.27205985690216483}, "datetime": {"datetime": "2021-06-29 15:57:19", "elapsed": 2360.574847, "delta": 15.069884}}
{"target": 0.0031122697316869697, "params": {"0": -0.19215780783591452, "1": -2.1167862457575977, "2": -2.0323938805562527, "3": -0.7838694086962175, "4": 0.12399595312904577, "5": -0.40880899769465495, "6": -2.8386234155949666, "7": -1.3074907437782128}, "datetime": {"datetime": "2021-06-29 15:57:25", "elapsed": 2366.786707, "delta": 6.21186}}
{"target": 0.005546861836585668, "params": {"0": 0.7671079801817564, "1": 1.8150410586968269, "2": 2.0382597782778333, "3": 0.3441475918284196, "4": -0.46088865931374645, "5": 2.562328711388446, "6": 0.7077180757596366, "7": 2.0984942168839797}, "datetime": {"datetime": "2021-06-29 15:57:33", "elapsed": 2374.569821, "delta": 7.783114}}
{"target": 0.004978394623310434, "params": {"0": 2.218100367393891, "1": 2.358862334378582, "2": -2.1297375718592413, "3": 1.5496130551216378, "4": -0.6342475076487117, "5": 0.9375957683358438, "6": -2.6446102907837723, "7": 2.814967670665548}, "datetime": {"datetime": "2021-06-29 15:57:41", "elapsed": 2382.66741, "delta": 8.097589}}
{"target": 0.011520619509336982, "params": {"0": -2.521538921683349, "1": -0.7937659086641942, "2": 0.33281315818593216, "3": -2.0973268099589433, "4": -0.5448394662335505, "5": 1.6405881641762532, "6": -2.7730706958083395, "7": -2.6514118139805496}, "datetime": {"datetime": "2021-06-29 15:57:50", "elapsed": 2391.556985, "delta": 8.889575}}
{"target": 0.004175539368887493, "params": {"0": -1.876165099320694, "1": 1.3203818725510192, "2": -2.6425666030125425, "3": 1.4251758102100602, "4": -2.2011437499387894, "5": 2.2636576842013483, "6": 0.08186497109359481, "7": 0.9338655919003149}, "datetime": {"datetime": "2021-06-29 15:58:13", "elapsed": 2414.382455, "delta": 22.82547}}
{"target": 0.002874310080618585, "params": {"0": 2.110651734864798, "1": 2.6099912167753256, "2": 2.954468023620305, "3": 1.810461129634203, "4": 1.6367952292743189, "5": 0.5279157242327543, "6": -2.054151811559244, "7": 1.6313984990131774}, "datetime": {"datetime": "2021-06-29 15:58:18", "elapsed": 2419.899917, "delta": 5.517462}}
{"target": 0.003034424786743192, "params": {"0": 0.9090017030967976, "1": -0.815440736535876, "2": 1.8906177244528397, "3": 2.098369616556054, "4": 0.09033131287377216, "5": 0.3037039011437992, "6": -1.6117630802799432, "7": -0.8920203585879998}, "datetime": {"datetime": "2021-06-29 15:58:27", "elapsed": 2428.795196, "delta": 8.895279}}
{"target": 0.003941615921290258, "params": {"0": -2.3487133084969956, "1": -2.7006091650547184, "2": -2.043996107443592, "3": 2.2950137022403503, "4": -0.034526181617885676, "5": 2.9557894655833987, "6": 2.565348224155512, "7": 2.6723463582777987}, "datetime": {"datetime": "2021-06-29 15:58:39", "elapsed": 2440.568064, "delta": 11.772868}}
{"target": 0.0029113594200874454, "params": {"0": 1.453232312188641, "1": 0.6207088560089757, "2": 0.8277646742238618, "3": 0.10507026964985, "4": -0.41456193661016494, "5": -0.613073003170979, "6": 0.6872868561560832, "7": 1.852589050487131}, "datetime": {"datetime": "2021-06-29 15:58:47", "elapsed": 2448.88938, "delta": 8.321316}}
{"target": 0.0032434075142293325, "params": {"0": -1.1849362244155692, "1": 1.9372298216661559, "2": 2.6127486648322016, "3": 2.251375308075242, "4": 0.43819564649542686, "5": -2.9535183621730585, "6": -0.9670952905429764, "7": 0.028733646406726265}, "datetime": {"datetime": "2021-06-29 15:58:54", "elapsed": 2455.878789, "delta": 6.989409}}
{"target": 0.003522475689395298, "params": {"0": -2.093997102486167, "1": -0.014807075644180934, "2": -0.08247719380555818, "3": 1.9224535269709593, "4": -2.613042691870703, "5": -1.0783249780766488, "6": 1.1262037956518611, "7": 0.10643508914567423}, "datetime": {"datetime": "2021-06-29 15:59:04", "elapsed": 2465.479136, "delta": 9.600347}}
{"target": 0.0038333897382423093, "params": {"0": -1.429757663030886, "1": -0.1695779949175753, "2": -2.500714982847212, "3": 0.48143564703176134, "4": 0.8542668829603857, "5": -1.9003840724436167, "6": -2.545204167418568, "7": -1.3038953968763767}, "datetime": {"datetime": "2021-06-29 15:59:12", "elapsed": 2473.247545, "delta": 7.768409}}
{"target": 0.0035275866335881833, "params": {"0": 0.12832919713473512, "1": -2.9600460424520003, "2": -2.1637329717269704, "3": 2.32746125567294, "4": -2.5295979494000553, "5": -2.3018518241871653, "6": -2.5483776576403994, "7": -0.7282411319538564}, "datetime": {"datetime": "2021-06-29 15:59:20", "elapsed": 2481.624154, "delta": 8.376609}}
{"target": 0.004919565916498988, "params": {"0": 1.1337020626070853, "1": -0.5643874067433403, "2": 1.7787609300566576, "3": 2.4295703617673645, "4": 2.2453168160735704, "5": 2.4457728180006058, "6": -0.3873426823984163, "7": -1.8259924159616074}, "datetime": {"datetime": "2021-06-29 15:59:27", "elapsed": 2488.49616, "delta": 6.872006}}
{"target": 0.003169840709355587, "params": {"0": 2.1349857083056722, "1": -2.6613132681555576, "2": 1.1237404269048339, "3": -2.5788895743579454, "4": -1.9591126308530422, "5": -1.4357363156789318, "6": 1.4186274188477963, "7": 0.07087695787597958}, "datetime": {"datetime": "2021-06-29 15:59:49", "elapsed": 2510.399464, "delta": 21.903304}}
{"target": 0.009231033382600467, "params": {"0": -1.009600420222445, "1": -0.5812637376755916, "2": -1.2023596992350036, "3": -0.09955094875962178, "4": -1.0020810467340195, "5": -1.6079528851482814, "6": -2.0262954517828913, "7": 2.2206406526942235}, "datetime": {"datetime": "2021-06-29 16:00:00", "elapsed": 2521.836756, "delta": 11.437292}}
{"target": 0.006594900668270458, "params": {"0": 1.2349557674034637, "1": 0.40956386159938596, "2": 2.268311880874098, "3": 1.9833777684592677, "4": -1.6196591866197934, "5": 0.9109389471050786, "6": 1.3783198885959305, "7": -2.04421194179789}, "datetime": {"datetime": "2021-06-29 16:00:28", "elapsed": 2549.900846, "delta": 28.06409}}
{"target": 0.003213581401549376, "params": {"0": 1.830990230068009, "1": -0.5166667014449171, "2": -0.44376606676304586, "3": 0.054151396229007, "4": 0.20895606297643976, "5": 2.2864021304417728, "6": -0.5856364781913648, "7": 1.6320523443043253}, "datetime": {"datetime": "2021-06-29 16:00:39", "elapsed": 2560.095989, "delta": 10.195143}}
{"target": 0.004549013329465613, "params": {"0": -1.9527813155167988, "1": -1.9896146572502829, "2": 2.3996217136859412, "3": -2.504130025955877, "4": 1.3053247619717627, "5": 2.02411362623009, "6": 2.3845066200614466, "7": 0.45703067755445703}, "datetime": {"datetime": "2021-06-29 16:00:55", "elapsed": 2576.429145, "delta": 16.333156}}
{"target": 0.004023636790424515, "params": {"0": -1.093026945658855, "1": -0.6605751610112636, "2": 0.017915730065574564, "3": 2.3337020151015615, "4": -0.3357251391970859, "5": -2.7174703784528083, "6": 2.743348172914194, "7": -2.2242695783251314}, "datetime": {"datetime": "2021-06-29 16:01:09", "elapsed": 2590.538871, "delta": 14.109726}}
{"target": 0.0032255600351900264, "params": {"0": -2.910057030834472, "1": 0.3061733271846263, "2": -2.336840540408729, "3": 2.38753290970135, "4": -0.5355606576656, "5": -1.7788265123449754, "6": 2.4184124480004723, "7": 0.9266376355343118}, "datetime": {"datetime": "2021-06-29 16:01:21", "elapsed": 2602.274623, "delta": 11.735752}}
{"target": 0.002972620499292794, "params": {"0": 2.878097888705314, "1": -2.2878191801782304, "2": 0.5050230164908429, "3": 2.3952023587539273, "4": -0.16367787117464783, "5": -0.4756118217949723, "6": 2.140597198277411, "7": 1.1130936902858153}, "datetime": {"datetime": "2021-06-29 16:01:33", "elapsed": 2614.976343, "delta": 12.70172}}
{"target": 0.004356889790398841, "params": {"0": 2.3282414428403024, "1": -0.3517096076416295, "2": -0.5402612418258625, "3": -2.5226174802958274, "4": -1.4064554242143663, "5": 0.9101912135123378, "6": 1.1912184574795486, "7": -1.7418528059194784}, "datetime": {"datetime": "2021-06-29 16:01:43", "elapsed": 2624.13926, "delta": 9.162917}}
{"target": 0.00311178741124739, "params": {"0": 1.381402658275527, "1": 0.5617320081868975, "2": 1.0679136277430672, "3": 0.6464630308511001, "4": -2.555872282351143, "5": -1.8392915030779846, "6": -1.1635529792166381, "7": 1.123758803169193}, "datetime": {"datetime": "2021-06-29 16:01:56", "elapsed": 2637.628663, "delta": 13.489403}}
{"target": 0.003952972425742493, "params": {"0": 1.3193040610516658, "1": 0.6590019868573487, "2": 0.9631407071041753, "3": -2.2246490658971294, "4": 1.9096896152490705, "5": -2.017335847792101, "6": 0.07029177767260375, "7": 0.12550027629620253}, "datetime": {"datetime": "2021-06-29 16:02:04", "elapsed": 2645.398922, "delta": 7.770259}}
{"target": 0.003096871449104452, "params": {"0": -0.41287698910910287, "1": -2.13443803876432, "2": 2.186611731010987, "3": 2.7904336357598236, "4": -2.8408991954723435, "5": -1.1350355189647483, "6": -0.5476740885794324, "7": -1.457835842209046}, "datetime": {"datetime": "2021-06-29 16:02:16", "elapsed": 2657.434071, "delta": 12.035149}}
{"target": 0.00823386009631953, "params": {"0": -2.758162500507866, "1": 1.6050481579869569, "2": 0.7351962343681899, "3": 2.614958179445366, "4": -0.09508534616791042, "5": -2.881916218061465, "6": -2.5806973482077704, "7": -1.3528734784528345}, "datetime": {"datetime": "2021-06-29 16:02:27", "elapsed": 2668.995351, "delta": 11.56128}}
{"target": 0.0030361536833317312, "params": {"0": -1.411973061030095, "1": 0.9178609269776139, "2": 2.7857539003497633, "3": -1.9333848543294798, "4": 1.9013192771900531, "5": -2.6500271239456255, "6": 0.2489527848959554, "7": -2.4567682297628375}, "datetime": {"datetime": "2021-06-29 16:02:37", "elapsed": 2678.349507, "delta": 9.354156}}
{"target": 0.003608524772765379, "params": {"0": -1.830831618031442, "1": -2.6050742481609666, "2": 2.8354530059799163, "3": 1.8243783151962312, "4": 0.17372894968937258, "5": 2.6311360660697822, "6": -0.8361677323909502, "7": -0.9862581067627194}, "datetime": {"datetime": "2021-06-29 16:02:42", "elapsed": 2683.44278, "delta": 5.093273}}
{"target": 0.004829711909952158, "params": {"0": 1.2664038235952404, "1": -2.2328476730293434, "2": -0.0737852073498999, "3": 0.8272322640866645, "4": 2.8965054295785038, "5": 0.23786358500962024, "6": -2.697933145391599, "7": 0.7401328124670878}, "datetime": {"datetime": "2021-06-29 16:02:50", "elapsed": 2691.143905, "delta": 7.701125}}
{"target": 0.03502456879741799, "params": {"0": -2.106898092898637, "1": 1.0931936968650797, "2": 1.4899982091841588, "3": 0.3037523292130544, "4": -1.0967640717069478, "5": -2.9042377605937393, "6": 0.4877174732816618, "7": 1.2466376027368433}, "datetime": {"datetime": "2021-06-29 16:02:58", "elapsed": 2699.656491, "delta": 8.512586}}
{"target": 0.003413185753815084, "params": {"0": 1.173723321097179, "1": -2.2482753026937, "2": -1.017933301904984, "3": -2.023177852554026, "4": -2.1381885513122065, "5": -0.7737618037439091, "6": -2.902671759996104, "7": -0.15302883073171447}, "datetime": {"datetime": "2021-06-29 16:03:07", "elapsed": 2708.604215, "delta": 8.947724}}
{"target": 0.003971276445619499, "params": {"0": -1.3115769870672027, "1": -2.681457841811449, "2": -2.3308339584983804, "3": -1.8677936092999576, "4": -1.4765046474106822, "5": -0.9854800661271748, "6": -1.6113964913397307, "7": -0.4524253701950709}, "datetime": {"datetime": "2021-06-29 16:03:14", "elapsed": 2715.199282, "delta": 6.595067}}
{"target": 0.00333667283782133, "params": {"0": 1.6910815183715995, "1": -0.1632765529601432, "2": -0.3471147072422611, "3": 2.1269397501654845, "4": -2.4413815203310003, "5": -1.937319598543731, "6": 0.9184904938382443, "7": 1.51261866449068}, "datetime": {"datetime": "2021-06-29 16:03:23", "elapsed": 2724.1434, "delta": 8.944118}}
{"target": 0.0036157259122481513, "params": {"0": 2.50380516262702, "1": -0.9208515761407008, "2": -2.7271685460920896, "3": -2.3691775980311, "4": -1.153512185229036, "5": 1.9721023344080573, "6": -1.3072688991796688, "7": -1.6572581537157889}, "datetime": {"datetime": "2021-06-29 16:03:32", "elapsed": 2733.474667, "delta": 9.331267}}
{"target": 0.0032397813658358557, "params": {"0": 2.870320876759717, "1": 1.5654325029340779, "2": 0.9265528109973706, "3": -2.011039326738614, "4": -1.7971175725379334, "5": -0.8771566115796006, "6": -0.805475026170738, "7": -2.4874804342225016}, "datetime": {"datetime": "2021-06-29 16:03:42", "elapsed": 2743.432088, "delta": 9.957421}}
{"target": 0.0031400118537688194, "params": {"0": -1.6289086014536138, "1": 1.7411308732541038, "2": 2.8749663157415863, "3": 1.6690620929792779, "4": 1.8233644785008778, "5": -1.1957324487785643, "6": 2.1136386221819086, "7": 1.5917839493270627}, "datetime": {"datetime": "2021-06-29 16:03:49", "elapsed": 2750.575671, "delta": 7.143583}}
{"target": 0.0033213726566541494, "params": {"0": 0.14939102208603927, "1": 0.9639305035077843, "2": -1.8630766465480044, "3": 2.2430199983183448, "4": 2.078661115669867, "5": 1.7790735404315967, "6": 1.6098911466060093, "7": 1.3275173530518067}, "datetime": {"datetime": "2021-06-29 16:03:56", "elapsed": 2757.431371, "delta": 6.8557}}
{"target": 0.0031600343251722922, "params": {"0": -0.9929821370332368, "1": -2.609913332320942, "2": 2.836085362521011, "3": -1.653117814933746, "4": 1.0869085488598564, "5": 2.3323423374362857, "6": 1.372861544299381, "7": -2.6799308553398444}, "datetime": {"datetime": "2021-06-29 16:04:05", "elapsed": 2766.259903, "delta": 8.828532}}
{"target": 0.0034757441470980826, "params": {"0": 1.6511012433694976, "1": -2.6662865681401593, "2": 0.004345463887800882, "3": -2.5226560161285096, "4": 2.5046634044410823, "5": -1.248027881312667, "6": -1.3745560868583602, "7": 1.2528507023465005}, "datetime": {"datetime": "2021-06-29 16:04:15", "elapsed": 2776.298763, "delta": 10.03886}}
{"target": 0.00332434824134228, "params": {"0": 1.184647118337688, "1": 1.9107710619351783, "2": -2.9646742000852058, "3": -0.845197159109564, "4": -0.06472838836714612, "5": 0.35257363530399877, "6": 0.39313272719341086, "7": 1.2148457964155952}, "datetime": {"datetime": "2021-06-29 16:04:25", "elapsed": 2786.091188, "delta": 9.792425}}
{"target": 0.0037422008728175446, "params": {"0": 2.7717532973627215, "1": -1.4773454142968057, "2": 2.940536260583256, "3": -2.6255518699544034, "4": -1.4300242657590092, "5": -0.5949123891155352, "6": 1.1674381452641098, "7": -2.32247608190349}, "datetime": {"datetime": "2021-06-29 16:04:38", "elapsed": 2799.879396, "delta": 13.788208}}
{"target": 0.0030228174358316448, "params": {"0": -0.8156798044428024, "1": 0.6763114117844617, "2": -0.055143542028410764, "3": 0.7540114681626173, "4": -0.5413063298775294, "5": 0.2544739300256209, "6": 2.3673990042290303, "7": -2.9333178020191424}, "datetime": {"datetime": "2021-06-29 16:04:50", "elapsed": 2811.91153, "delta": 12.032134}}
{"target": 0.006531616612818175, "params": {"0": -0.45456777423060224, "1": -2.378373399420002, "2": -2.133155999457096, "3": -1.3025624460194791, "4": 1.2340915166044937, "5": -1.5124731354984926, "6": 1.4347892647288027, "7": -0.6860624846958157}, "datetime": {"datetime": "2021-06-29 16:04:58", "elapsed": 2819.582977, "delta": 7.671447}}
{"target": 0.0028945927265380386, "params": {"0": 1.3089196098390659, "1": -1.4144176238033535, "2": -2.4247364167613457, "3": -0.4976974263456708, "4": 0.4650512689631716, "5": 2.8152440521691293, "6": -0.6774587717333227, "7": -2.0915239423792578}, "datetime": {"datetime": "2021-06-29 16:05:13", "elapsed": 2834.658882, "delta": 15.075905}}
{"target": 0.002896269914271117, "params": {"0": 0.9132287031727726, "1": -0.4265842010244967, "2": -2.1743280251433004, "3": -0.7511729404007266, "4": 2.3891045613924193, "5": 2.622243733267565, "6": 2.50775249840882, "7": -1.4553228474839537}, "datetime": {"datetime": "2021-06-29 16:05:22", "elapsed": 2843.409219, "delta": 8.750337}}
{"target": 0.010642120894710063, "params": {"0": -0.2730055318624549, "1": 2.8745820840441425, "2": -0.5322876000145973, "3": 0.39964974213739834, "4": 1.1675540018857067, "5": -2.298845661603824, "6": -0.8096794533723672, "7": -2.7815981483272294}, "datetime": {"datetime": "2021-06-29 16:05:32", "elapsed": 2853.16802, "delta": 9.758801}}
{"target": 0.0043138436881144954, "params": {"0": -2.192683922650441, "1": 0.8547875398392306, "2": -0.5442349242488351, "3": 2.611943757313333, "4": -0.10967385819104347, "5": 0.8943262893347939, "6": -0.9969217876713725, "7": 0.20392865627009904}, "datetime": {"datetime": "2021-06-29 16:05:43", "elapsed": 2864.232444, "delta": 11.064424}}
{"target": 0.02966319948532901, "params": {"0": 2.7223793405076924, "1": -0.7864612982079309, "2": 0.46804835371701214, "3": 2.0973191775105997, "4": -1.4866113407478276, "5": 1.7610745932640732, "6": -1.4702124199329694, "7": -1.7948087894388802}, "datetime": {"datetime": "2021-06-29 16:05:51", "elapsed": 2872.275317, "delta": 8.042873}}
{"target": 0.0030874277613609554, "params": {"0": -2.0402574612491646, "1": 1.432826016644369, "2": -0.10643584024542996, "3": -1.4818526219639756, "4": 0.14043829586499168, "5": -0.7871170820536135, "6": -2.4049599601295704, "7": 2.380844189188136}, "datetime": {"datetime": "2021-06-29 16:05:58", "elapsed": 2879.623934, "delta": 7.348617}}
{"target": 0.0029674342098047458, "params": {"0": 2.0870091214721977, "1": 0.48607808830605936, "2": 0.8634807362748891, "3": 2.8845950446517623, "4": -0.03629129010016463, "5": -0.7428247770638561, "6": -1.4679028737208228, "7": 2.3691524296483717}, "datetime": {"datetime": "2021-06-29 16:06:12", "elapsed": 2893.146334, "delta": 13.5224}}
{"target": 0.003000748057340913, "params": {"0": -0.9320747472132163, "1": -2.2705430933581505, "2": 0.9201538893235943, "3": -1.1067346743459539, "4": -2.881999116539789, "5": 1.4202568615262088, "6": -0.25727886378384035, "7": -1.2643698460024244}, "datetime": {"datetime": "2021-06-29 16:06:17", "elapsed": 2898.794796, "delta": 5.648462}}
{"target": 0.005922427340195293, "params": {"0": 0.7567170921336457, "1": 0.9424009309536334, "2": 1.494852470430044, "3": 2.064263663967103, "4": -0.8202273611019306, "5": -0.06484433207580764, "6": 2.1173751512082752, "7": -2.33796045085358}, "datetime": {"datetime": "2021-06-29 16:06:26", "elapsed": 2907.680628, "delta": 8.885832}}
{"target": 0.0054278663910694285, "params": {"0": -2.4648621692022967, "1": 2.649497725746044, "2": -0.11397392548844731, "3": -0.32409081559318187, "4": 2.427084125765953, "5": 1.17878182788764, "6": 0.470340590585705, "7": 1.1278815921392908}, "datetime": {"datetime": "2021-06-29 16:06:35", "elapsed": 2916.608451, "delta": 8.927823}}
{"target": 0.0033287736025999037, "params": {"0": 2.1949451990251516, "1": 2.401688159260064, "2": 0.4061108668905513, "3": -0.05263480829884015, "4": 0.7750012468833187, "5": 2.404773854788191, "6": -2.91064259428427, "7": 0.3151278862652642}, "datetime": {"datetime": "2021-06-29 16:06:48", "elapsed": 2929.669853, "delta": 13.061402}}
{"target": 0.005196842056205885, "params": {"0": 0.9537136470514209, "1": -2.734183700605831, "2": 2.824926510524014, "3": 1.1520730794986855, "4": -0.5978576396041677, "5": -0.49618221713763067, "6": 0.19080435046265842, "7": -0.29802763648931085}, "datetime": {"datetime": "2021-06-29 16:06:59", "elapsed": 2940.349145, "delta": 10.679292}}
{"target": 0.003125610794311935, "params": {"0": 2.8011758060603755, "1": -1.765398882275274, "2": -2.424911546586096, "3": -2.5824202671428456, "4": 0.85671556351202, "5": 2.154237580750012, "6": -0.8206116798781933, "7": -2.4674222881298133}, "datetime": {"datetime": "2021-06-29 16:07:10", "elapsed": 2951.459912, "delta": 11.110767}}
{"target": 0.003244717749731719, "params": {"0": -0.6001918659244039, "1": -2.115729256787223, "2": -0.15029047724920108, "3": -1.8142680302659646, "4": 1.128878693069181, "5": -0.9978813003942122, "6": -2.4745557946690995, "7": 2.5843683612872486}, "datetime": {"datetime": "2021-06-29 16:07:26", "elapsed": 2967.398975, "delta": 15.939063}}
{"target": 0.0030235703520333215, "params": {"0": -2.441472580137475, "1": 2.078385851607237, "2": -0.5662136482843549, "3": 0.6658696366943548, "4": 0.16246603591078435, "5": -2.6509780398997354, "6": -0.7823658142413432, "7": -1.8915123375608125}, "datetime": {"datetime": "2021-06-29 16:07:36", "elapsed": 2977.735866, "delta": 10.336891}}
