{"target": 0.0050524586444666555, "params": {"0": 2.2409791341992227, "1": -1.6331225880088454, "2": 2.761629150980374, "3": 1.299898035154297, "4": -2.7875783012318402, "5": -2.9314708721587417, "6": -1.1665968824143698, "7": 1.7106953561112972}, "datetime": {"datetime": "2021-06-29 15:56:12", "elapsed": 2293.374776, "delta": 5.353372}}
{"target": 0.004344514853491984, "params": {"0": 1.7201626426575585, "1": -1.5235051332170029, "2": 0.1389528639319222, "3": -2.6115685881868456, "4": 1.3570743926783395, "5": -2.667611472884155, "6": 2.3507308673619676, "7": -0.5654929482568711}, "datetime": {"datetime": "2021-06-29 15:56:30", "elapsed": 2310.999446, "delta": 17.62467}}
{"target": 0.004757141414957089, "params": {"0": -0.3807333188770725, "1": 1.5881133605388493, "2": 1.6011432770683207, "3": -1.830085924607538, "4": -0.5637338227300126, "5": 2.048161330524178, "6": 1.139713886213448, "7": -0.7191731867567204}, "datetime": {"datetime": "2021-06-29 15:56:36", "elapsed": 2317.14829, "delta": 6.148844}}
{"target": 0.0054658541531867316, "params": {"0": 0.9843835060952992, "1": -1.6503664980386377, "2": 1.2280002467901667, "3": 0.9806737844140407, "4": -1.9108203238181471, "5": 1.384765050138136, "6": -1.5762058314055634, "7": -0.236104124311471}, "datetime": {"datetime": "2021-06-29 15:56:43", "elapsed": 2324.017407, "delta": 6.869117}}
{"target": 0.0034352929807608145, "params": {"0": 1.0687630981354923, "1": -0.5896628276355038, "2": -0.2802366434853205, "3": -1.596140025756051, "4": 1.0445538053083432, "5": -2.057406584205564, "6": 1.4400094980941986, "7": 1.2463869505386391}, "datetime": {"datetime": "2021-06-29 15:56:57", "elapsed": 2338.412314, "delta": 14.394907}}
{"target": 0.004354647435799802, "params": {"0": -0.19215780783591452, "1": -2.1167862457575977, "2": -2.0323938805562527, "3": -0.7838694086962175, "4": 0.12399595312904577, "5": -0.40880899769465495, "6": -2.8386234155949666, "7": -1.3074907437782128}, "datetime": {"datetime": "2021-06-29 15:57:04", "elapsed": 2344.920252, "delta": 6.507938}}
{"target": 0.00560449171890799, "params": {"0": 0.7671079801817564, "1": 1.8150410586968269, "2": 2.0382597782778333, "3": 0.3441475918284196, "4": -0.46088865931374645, "5": 2.562328711388446, "6": 0.7077180757596366, "7": 2.0984942168839797}, "datetime": {"datetime": "2021-06-29 15:57:14", "elapsed": 2354.789205, "delta": 9.868953}}
{"target": 0.005441273584519264, "params": {"0": 2.5368841852843262, "1": -0.5695862168328913, "2": -1.4942652839541786, "3": -1.5084938798893688, "4": 1.3181351415195266, "5": -2.491706620987612, "6": 0.8165577757692888, "7": -0.6598003645075403}, "datetime": {"datetime": "2021-06-29 15:57:33", "elapsed": 2374.639318, "delta": 19.850113}}
{"target": 0.021005053310522694, "params": {"0": -2.521538921683349, "1": -0.7937659086641942, "2": 0.33281315818593216, "3": -2.0973268099589433, "4": -0.5448394662335505, "5": 1.6405881641762532, "6": -2.7730706958083395, "7": -2.6514118139805496}, "datetime": {"datetime": "2021-06-29 15:57:43", "elapsed": 2384.554273, "delta": 9.914955}}
{"target": 0.008307527874170793, "params": {"0": 0.6821801180452525, "1": 2.1937785356218704, "2": -0.7354903711154241, "3": -1.9145298361002094, "4": -0.09337646399228028, "5": 0.04428444139093335, "6": 2.0931067700342556, "7": -0.09969377639893784}, "datetime": {"datetime": "2021-06-29 15:58:03", "elapsed": 2404.687496, "delta": 20.133223}}
{"target": 0.0036821033892570415, "params": {"0": 0.8480441516112749, "1": -2.7158166065758547, "2": 2.0752592261875735, "3": -1.7492021011236583, "4": 0.2948297881335584, "5": 1.3944168046069683, "6": -2.2878587602400615, "7": 0.06363741516571686}, "datetime": {"datetime": "2021-06-29 15:58:20", "elapsed": 2420.84107, "delta": 16.153574}}
{"target": 0.0034371323087655343, "params": {"0": 2.024221784745639, "1": -0.5488974930780848, "2": -0.28865163268959826, "3": -1.2061848886610103, "4": 0.7844210293453298, "5": -2.498125847010248, "6": 1.228936763322018, "7": 0.34072855719384476}, "datetime": {"datetime": "2021-06-29 15:58:34", "elapsed": 2435.13683, "delta": 14.29576}}
{"target": 0.005317285714363455, "params": {"0": 1.7309075866977377, "1": 0.8786079552975137, "2": -0.18560978530921357, "3": 0.8193521667568806, "4": -2.22326524314658, "5": -1.5202231220247273, "6": 2.801752340252458, "7": -2.100282685355305}, "datetime": {"datetime": "2021-06-29 15:58:49", "elapsed": 2450.400091, "delta": 15.263261}}
{"target": 0.002942767759804333, "params": {"0": 1.453232312188641, "1": 0.6207088560089757, "2": 0.8277646742238618, "3": 0.10507026964985, "4": -0.41456193661016494, "5": -0.613073003170979, "6": 0.6872868561560832, "7": 1.852589050487131}, "datetime": {"datetime": "2021-06-29 15:59:00", "elapsed": 2461.28789, "delta": 10.887799}}
{"target": 0.005608409330004563, "params": {"0": 1.62890865011427, "1": 0.32220266261299857, "2": -1.5062194486810656, "3": -2.5512142708511174, "4": 0.572363568013091, "5": -2.7263200804599172, "6": 0.5279199766927065, "7": 1.3200286487425945}, "datetime": {"datetime": "2021-06-29 15:59:08", "elapsed": 2469.618247, "delta": 8.330357}}
{"target": 0.00413009294996086, "params": {"0": 1.2135861900212026, "1": 1.383670379125376, "2": 0.8090474579135991, "3": 1.3307865767191647, "4": -2.087685502704928, "5": -2.469774830984659, "6": 2.934612059214917, "7": -2.6960884107634513}, "datetime": {"datetime": "2021-06-29 15:59:24", "elapsed": 2485.298721, "delta": 15.680474}}
{"target": 0.3561336141577943, "params": {"0": 1.0670435966017937, "1": -0.7672397512398326, "2": 0.17870539515906048, "3": -1.8595037437214126, "4": 0.5637611056010927, "5": -2.374979336511509, "6": 1.702878764181417, "7": 0.6389938641560384}, "datetime": {"datetime": "2021-06-29 15:59:40", "elapsed": 2501.618947, "delta": 16.320226}}
{"target": 0.004558465937952712, "params": {"0": 0.4005251546798867, "1": -2.6200192046859914, "2": 0.445063568231304, "3": -2.7284310776952565, "4": 1.0571087202988725, "5": -0.9288540562935674, "6": 2.0992064659729053, "7": -1.244532465821031}, "datetime": {"datetime": "2021-06-29 15:59:52", "elapsed": 2512.972051, "delta": 11.353104}}
{"target": 0.14887466083448242, "params": {"0": -0.8021165655400422, "1": -2.7102913747213044, "2": 1.4554832596758969, "3": -1.5240399655003658, "4": 0.7124324010999681, "5": 0.8060758474764307, "6": -2.102682149577718, "7": 2.1407799199255013}, "datetime": {"datetime": "2021-06-29 16:00:08", "elapsed": 2529.005413, "delta": 16.033362}}
{"target": 0.005652353726032199, "params": {"0": 2.3385550086190356, "1": -2.642024553161337, "2": -0.854803420156161, "3": -1.1412908287454337, "4": -0.9143954716588709, "5": 2.3455595588444016, "6": -1.7976965465042691, "7": 1.3566504320710226}, "datetime": {"datetime": "2021-06-29 16:00:26", "elapsed": 2546.982155, "delta": 17.976742}}
{"target": 0.007038886788730221, "params": {"0": 1.7096432679429556, "1": -0.9522643115266289, "2": 0.5574217356007249, "3": -1.3315786763681157, "4": 0.09033090153473111, "5": -2.7316787123201194, "6": 2.258778574179418, "7": 0.8955495123752808}, "datetime": {"datetime": "2021-06-29 16:00:49", "elapsed": 2570.708183, "delta": 23.726028}}
{"target": 0.0032925075404424825, "params": {"0": -2.106525783330555, "1": 0.13965008234923282, "2": -0.04301257628674637, "3": -1.3368216081589654, "4": 0.07316315806370755, "5": -1.020475342510777, "6": 2.536780391408696, "7": 2.86788628880229}, "datetime": {"datetime": "2021-06-29 16:01:05", "elapsed": 2585.980228, "delta": 15.272045}}
{"target": 0.0033793293350768516, "params": {"0": 1.830990230068009, "1": -0.5166667014449171, "2": -0.44376606676304586, "3": 0.054151396229007, "4": 0.20895606297643976, "5": 2.2864021304417728, "6": -0.5856364781913648, "7": 1.6320523443043253}, "datetime": {"datetime": "2021-06-29 16:01:14", "elapsed": 2595.36721, "delta": 9.386982}}
{"target": 0.003305584615414927, "params": {"0": 1.3921291090448848, "1": 2.4703765316179, "2": -1.2074053866872632, "3": -2.175066040183294, "4": -1.196075034777734, "5": -0.7802202685127497, "6": 1.7773083871893576, "7": -0.9803053397045991}, "datetime": {"datetime": "2021-06-29 16:01:35", "elapsed": 2616.395012, "delta": 21.027802}}
{"target": 0.004368889068403881, "params": {"0": 1.1386663736517058, "1": -1.0377278627745186, "2": -0.9016940007014655, "3": -1.7483892206055662, "4": 1.042542952565614, "5": -2.5519627273022345, "6": 1.8843494651437735, "7": 0.5586973179527979}, "datetime": {"datetime": "2021-06-29 16:01:44", "elapsed": 2625.183764, "delta": 8.788752}}
{"target": 0.0032666099998736346, "params": {"0": -2.910057030834472, "1": 0.3061733271846263, "2": -2.336840540408729, "3": 2.38753290970135, "4": -0.5355606576656, "5": -1.7788265123449754, "6": 2.4184124480004723, "7": 0.9266376355343118}, "datetime": {"datetime": "2021-06-29 16:01:54", "elapsed": 2635.306697, "delta": 10.122933}}
{"target": 0.004355190334953615, "params": {"0": 2.2596873629912624, "1": -1.4655071043189096, "2": 0.5385822581819362, "3": -1.1701690145908659, "4": 2.8960022235173772, "5": -2.8396103062322897, "6": 2.295608828880871, "7": 0.2883029369785559}, "datetime": {"datetime": "2021-06-29 16:02:04", "elapsed": 2645.467234, "delta": 10.160537}}
{"target": 0.003932809770836156, "params": {"0": 2.3282414428403024, "1": -0.3517096076416295, "2": -0.5402612418258625, "3": -2.5226174802958274, "4": -1.4064554242143663, "5": 0.9101912135123378, "6": 1.1912184574795486, "7": -1.7418528059194784}, "datetime": {"datetime": "2021-06-29 16:02:14", "elapsed": 2655.614231, "delta": 10.146997}}
{"target": 0.0033939212087579, "params": {"0": 0.06232798597290312, "1": 1.6576615918555015, "2": -2.129116362755088, "3": 2.5156546307249883, "4": -1.5139058936492604, "5": -1.6067731094554465, "6": 0.652128887378649, "7": -2.1142383021047095}, "datetime": {"datetime": "2021-06-29 16:02:22", "elapsed": 2663.738843, "delta": 8.124612}}
{"target": 0.44396123985119246, "params": {"0": 1.3193040610516658, "1": 0.6590019868573487, "2": 0.9631407071041753, "3": -2.2246490658971294, "4": 1.9096896152490705, "5": -2.017335847792101, "6": 0.07029177767260375, "7": 0.12550027629620253}, "datetime": {"datetime": "2021-06-29 16:02:32", "elapsed": 2673.059222, "delta": 9.320379}}
{"target": 0.003240868679089892, "params": {"0": 0.5096861609212411, "1": -2.257972557324571, "2": 1.421577452879796, "3": -1.9099576171475225, "4": -0.3305099975184964, "5": 1.4359680575212144, "6": -1.8645392343835832, "7": -0.012961063819805219}, "datetime": {"datetime": "2021-06-29 16:02:44", "elapsed": 2685.140332, "delta": 12.08111}}
{"target": 0.0034685837444392653, "params": {"0": -2.758162500507866, "1": 1.6050481579869569, "2": 0.7351962343681899, "3": 2.614958179445366, "4": -0.09508534616791042, "5": -2.881916218061465, "6": -2.5806973482077704, "7": -1.3528734784528345}, "datetime": {"datetime": "2021-06-29 16:02:52", "elapsed": 2693.679906, "delta": 8.539574}}
{"target": 0.00525375231306692, "params": {"0": 1.7960508390246899, "1": 1.0985181039614673, "2": 0.912429026035416, "3": 1.8712963966581055, "4": -1.7479257628389302, "5": -2.076341953967571, "6": 2.872202156724832, "7": -2.185447329264768}, "datetime": {"datetime": "2021-06-29 16:03:02", "elapsed": 2703.656758, "delta": 9.976852}}
{"target": 0.02845172767758345, "params": {"0": 1.8595752718852196, "1": 0.5187206099333137, "2": -0.1646012406133206, "3": -1.5865393261402068, "4": 1.4133649756988573, "5": -2.672577699528045, "6": 1.625685908325397, "7": -0.7664538968988901}, "datetime": {"datetime": "2021-06-29 16:03:11", "elapsed": 2711.984161, "delta": 8.327403}}
{"target": 0.003721410728992471, "params": {"0": 1.235351738652522, "1": 2.5118086422207293, "2": -0.7953600325921348, "3": -1.8754564599591999, "4": -1.2125883794891774, "5": -0.7651898342900432, "6": 1.9555490378686997, "7": -1.7304477238438594}, "datetime": {"datetime": "2021-06-29 16:03:22", "elapsed": 2723.066404, "delta": 11.082243}}
{"target": 0.03625028720408445, "params": {"0": -2.106898092898637, "1": 1.0931936968650797, "2": 1.4899982091841588, "3": 0.3037523292130544, "4": -1.0967640717069478, "5": -2.9042377605937393, "6": 0.4877174732816618, "7": 1.2466376027368433}, "datetime": {"datetime": "2021-06-29 16:03:29", "elapsed": 2730.030874, "delta": 6.96447}}
{"target": 0.004590499197829029, "params": {"0": 1.57750348218367, "1": -1.4909787884414727, "2": 1.3421622985420099, "3": -1.8582701218273279, "4": 0.9474880654554898, "5": -2.60625656980373, "6": 1.8682657560386522, "7": -0.051939337348548165}, "datetime": {"datetime": "2021-06-29 16:03:37", "elapsed": 2738.658189, "delta": 8.627315}}
{"target": 0.03321490025874556, "params": {"0": -1.3115769870672027, "1": -2.681457841811449, "2": -2.3308339584983804, "3": -1.8677936092999576, "4": -1.4765046474106822, "5": -0.9854800661271748, "6": -1.6113964913397307, "7": -0.4524253701950709}, "datetime": {"datetime": "2021-06-29 16:03:45", "elapsed": 2745.899241, "delta": 7.241052}}
{"target": 0.0037810331878880385, "params": {"0": 1.3265821998926732, "1": 2.0281555450616535, "2": -0.6678421169759927, "3": -1.0134888980491543, "4": -1.4484788255098604, "5": -0.5327292397463426, "6": 1.7998845717298364, "7": -1.280982730096381}, "datetime": {"datetime": "2021-06-29 16:03:51", "elapsed": 2752.704425, "delta": 6.805184}}
{"target": 0.027722290298046383, "params": {"0": 0.4646807482985116, "1": 2.183573703357995, "2": -1.758206964771272, "3": -1.016059885369781, "4": -0.8504771239427482, "5": -0.6658775320938268, "6": 1.683984367332096, "7": -1.231650313113549}, "datetime": {"datetime": "2021-06-29 16:03:59", "elapsed": 2760.425551, "delta": 7.721126}}
{"target": 0.007997886692264384, "params": {"0": 1.6345421338600516, "1": 1.5987812513410766, "2": -1.0085063229701616, "3": -2.4138153952361003, "4": 0.05580731816337314, "5": -0.5371400382133862, "6": 2.2412096853914587, "7": 1.0397168728139752}, "datetime": {"datetime": "2021-06-29 16:04:08", "elapsed": 2769.522218, "delta": 9.096667}}
{"target": 0.003188217227301373, "params": {"0": -1.6289086014536138, "1": 1.7411308732541038, "2": 2.8749663157415863, "3": 1.6690620929792779, "4": 1.8233644785008778, "5": -1.1957324487785643, "6": 2.1136386221819086, "7": 1.5917839493270627}, "datetime": {"datetime": "2021-06-29 16:04:17", "elapsed": 2778.549031, "delta": 9.026813}}
{"target": 0.003397886810646557, "params": {"0": 0.14939102208603927, "1": 0.9639305035077843, "2": -1.8630766465480044, "3": 2.2430199983183448, "4": 2.078661115669867, "5": 1.7790735404315967, "6": 1.6098911466060093, "7": 1.3275173530518067}, "datetime": {"datetime": "2021-06-29 16:04:26", "elapsed": 2787.538145, "delta": 8.989114}}
{"target": 0.00332481582152997, "params": {"0": -0.9929821370332368, "1": -2.609913332320942, "2": 2.836085362521011, "3": -1.653117814933746, "4": 1.0869085488598564, "5": 2.3323423374362857, "6": 1.372861544299381, "7": -2.6799308553398444}, "datetime": {"datetime": "2021-06-29 16:04:35", "elapsed": 2795.971294, "delta": 8.433149}}
{"target": 0.07461466375894213, "params": {"0": 1.3629161252289475, "1": -2.952556994517603, "2": 1.2266757179887557, "3": -2.032668901197513, "4": 0.07451245071072066, "5": -1.4303327472122989, "6": 2.227678937333722, "7": -1.9914807003694748}, "datetime": {"datetime": "2021-06-29 16:04:47", "elapsed": 2808.461541, "delta": 12.490247}}
{"target": 0.00322296294110232, "params": {"0": -0.14931674912401993, "1": -2.868764598472712, "2": 1.196335494362577, "3": -1.4514103668563934, "4": 0.19527763102214735, "5": 1.4035676955427752, "6": -2.3168873239790804, "7": 1.8101108794560474}, "datetime": {"datetime": "2021-06-29 16:05:05", "elapsed": 2826.329204, "delta": 17.867663}}
{"target": 0.005874900238349283, "params": {"0": 2.7717532973627215, "1": -1.4773454142968057, "2": 2.940536260583256, "3": -2.6255518699544034, "4": -1.4300242657590092, "5": -0.5949123891155352, "6": 1.1674381452641098, "7": -2.32247608190349}, "datetime": {"datetime": "2021-06-29 16:05:11", "elapsed": 2831.864833, "delta": 5.535629}}
{"target": 0.007850403553043844, "params": {"0": 1.3973655538005616, "1": 2.5985740794016046, "2": -1.415655084415718, "3": -1.0318801211516002, "4": -1.6459233730768619, "5": 0.03545696067811388, "6": 2.525685865075322, "7": -0.5670461299480163}, "datetime": {"datetime": "2021-06-29 16:05:20", "elapsed": 2840.797566, "delta": 8.932733}}
{"target": 0.0066227744112374014, "params": {"0": -0.45456777423060224, "1": -2.378373399420002, "2": -2.133155999457096, "3": -1.3025624460194791, "4": 1.2340915166044937, "5": -1.5124731354984926, "6": 1.4347892647288027, "7": -0.6860624846958157}, "datetime": {"datetime": "2021-06-29 16:05:25", "elapsed": 2846.323259, "delta": 5.525693}}
{"target": 0.0029557693938784863, "params": {"0": 1.3089196098390659, "1": -1.4144176238033535, "2": -2.4247364167613457, "3": -0.4976974263456708, "4": 0.4650512689631716, "5": 2.8152440521691293, "6": -0.6774587717333227, "7": -2.0915239423792578}, "datetime": {"datetime": "2021-06-29 16:05:31", "elapsed": 2852.568866, "delta": 6.245607}}
{"target": 0.0029184178668230005, "params": {"0": 0.9132287031727726, "1": -0.4265842010244967, "2": -2.1743280251433004, "3": -0.7511729404007266, "4": 2.3891045613924193, "5": 2.622243733267565, "6": 2.50775249840882, "7": -1.4553228474839537}, "datetime": {"datetime": "2021-06-29 16:05:40", "elapsed": 2861.072335, "delta": 8.503469}}
{"target": 0.010349076387376786, "params": {"0": -0.2730055318624549, "1": 2.8745820840441425, "2": -0.5322876000145973, "3": 0.39964974213739834, "4": 1.1675540018857067, "5": -2.298845661603824, "6": -0.8096794533723672, "7": -2.7815981483272294}, "datetime": {"datetime": "2021-06-29 16:05:49", "elapsed": 2870.277862, "delta": 9.205527}}
{"target": 0.004357195116399431, "params": {"0": -2.192683922650441, "1": 0.8547875398392306, "2": -0.5442349242488351, "3": 2.611943757313333, "4": -0.10967385819104347, "5": 0.8943262893347939, "6": -0.9969217876713725, "7": 0.20392865627009904}, "datetime": {"datetime": "2021-06-29 16:06:00", "elapsed": 2880.828184, "delta": 10.550322}}
{"target": 0.030324841395663, "params": {"0": 2.7223793405076924, "1": -0.7864612982079309, "2": 0.46804835371701214, "3": 2.0973191775105997, "4": -1.4866113407478276, "5": 1.7610745932640732, "6": -1.4702124199329694, "7": -1.7948087894388802}, "datetime": {"datetime": "2021-06-29 16:06:10", "elapsed": 2891.140354, "delta": 10.31217}}
{"target": 0.0031663394655580142, "params": {"0": -2.0402574612491646, "1": 1.432826016644369, "2": -0.10643584024542996, "3": -1.4818526219639756, "4": 0.14043829586499168, "5": -0.7871170820536135, "6": -2.4049599601295704, "7": 2.380844189188136}, "datetime": {"datetime": "2021-06-29 16:06:16", "elapsed": 2897.1519, "delta": 6.011546}}
{"target": 0.003589179307978876, "params": {"0": 0.4958258503029205, "1": 2.5858524693298595, "2": -1.3231345768635, "3": -0.9895337201151211, "4": -1.4285379413891364, "5": -0.14002166392052828, "6": 2.707595045952937, "7": -1.4159160496906071}, "datetime": {"datetime": "2021-06-29 16:06:29", "elapsed": 2909.807133, "delta": 12.655233}}
{"target": 0.003913107909853115, "params": {"0": 0.5572201927747518, "1": -1.6831380965814593, "2": 1.1828719425031649, "3": -2.7973208456126897, "4": 1.5560873964150694, "5": -0.9025074744021593, "6": 2.643814973917271, "7": -0.5361095265269369}, "datetime": {"datetime": "2021-06-29 16:06:40", "elapsed": 2920.865266, "delta": 11.058133}}
{"target": 0.006649909908804629, "params": {"0": 0.7567170921336457, "1": 0.9424009309536334, "2": 1.494852470430044, "3": 2.064263663967103, "4": -0.8202273611019306, "5": -0.06484433207580764, "6": 2.1173751512082752, "7": -2.33796045085358}, "datetime": {"datetime": "2021-06-29 16:06:49", "elapsed": 2930.301203, "delta": 9.435937}}
{"target": 0.005536488139722172, "params": {"0": -2.4648621692022967, "1": 2.649497725746044, "2": -0.11397392548844731, "3": -0.32409081559318187, "4": 2.427084125765953, "5": 1.17878182788764, "6": 0.470340590585705, "7": 1.1278815921392908}, "datetime": {"datetime": "2021-06-29 16:06:59", "elapsed": 2940.564372, "delta": 10.263169}}
{"target": 0.003884657299703462, "params": {"0": 1.8640410180661187, "1": -2.35801950970625, "2": 1.8246481269794312, "3": -2.1200293623811675, "4": 0.7004401719375011, "5": -1.022711600533501, "6": 1.3444418125657736, "7": -1.575030323775192}, "datetime": {"datetime": "2021-06-29 16:07:09", "elapsed": 2950.410146, "delta": 9.845774}}
{"target": 0.0044082751055613744, "params": {"0": 1.1267182600686265, "1": 2.7395807859869032, "2": 0.3724940853861254, "3": -1.7433072626163248, "4": -0.43240744435498524, "5": -0.28692204449138936, "6": 2.4893708432191275, "7": -1.0496470096933184}, "datetime": {"datetime": "2021-06-29 16:07:23", "elapsed": 2963.783255, "delta": 13.373109}}
{"target": 0.0033320917398526333, "params": {"0": 2.8011758060603755, "1": -1.765398882275274, "2": -2.424911546586096, "3": -2.5824202671428456, "4": 0.85671556351202, "5": 2.154237580750012, "6": -0.8206116798781933, "7": -2.4674222881298133}, "datetime": {"datetime": "2021-06-29 16:07:30", "elapsed": 2971.041389, "delta": 7.258134}}
{"target": 0.004838442147538152, "params": {"0": 1.6026258067046006, "1": -0.675306035472583, "2": -0.8616487253310527, "3": -1.6523346309094207, "4": 0.9713511275516096, "5": -2.274134728049206, "6": 1.1076752141214294, "7": -1.0951932895998917}, "datetime": {"datetime": "2021-06-29 16:07:52", "elapsed": 2993.266136, "delta": 22.224747}}
{"target": 0.003890887769717927, "params": {"0": 1.025002836878869, "1": 0.5486098714798318, "2": 1.3255414914104788, "3": -1.7008669703285333, "4": 1.7719409591622268, "5": -2.0099790242261903, "6": -0.5553745412633875, "7": 0.2591662387446134}, "datetime": {"datetime": "2021-06-29 16:08:03", "elapsed": 3004.253791, "delta": 10.987655}}
