{"target": 0.0030468371669041304, "params": {"0": 1.901010652749731, "1": 0.5662357429858664, "2": 2.85593440998543, "3": 2.409375508015928, "4": 0.5736476016158729, "5": -2.8054420481132576, "6": -2.4385374250951157, "7": -2.6077697097466417}, "datetime": {"datetime": "2021-06-29 20:14:09", "elapsed": 8.078529, "delta": 0.100398}}
{"target": 0.004624764368180398, "params": {"0": -0.28960110785114823, "1": -0.7473910009928533, "2": 2.852100205621719, "3": -1.9921002408023105, "4": 2.836725551595931, "5": 1.6048492131780785, "6": 1.9454270377469864, "7": 0.7956949006679839}, "datetime": {"datetime": "2021-06-29 20:14:09", "elapsed": 8.186225, "delta": 0.107696}}
{"target": 0.0062292652395053525, "params": {"0": 1.0123966212403923, "1": -0.13870599887283985, "2": -2.9211818584615665, "3": -0.8819634867490516, "4": -0.047569191038649095, "5": 1.380547266540626, "6": -0.18822994352334455, "7": -0.25557050346341015}, "datetime": {"datetime": "2021-06-29 20:14:09", "elapsed": 8.289724, "delta": 0.103499}}
{"target": 0.00339791038769971, "params": {"0": -2.1740235543263813, "1": -2.934667597179126, "2": 1.5496695628619772, "3": -1.0802829715339297, "4": 2.906300701161064, "5": -1.678594643045064, "6": -0.967751847109922, "7": 0.14337681399678992}, "datetime": {"datetime": "2021-06-29 20:14:09", "elapsed": 8.386886, "delta": 0.097162}}
{"target": 0.0037189155547896853, "params": {"0": 1.5293487423631964, "1": -0.21685329659822639, "2": -2.2510647413299423, "3": -1.124991729047703, "4": 0.027115018205967623, "5": 1.0430940481012057, "6": 1.620899737872553, "7": -2.217985314273874}, "datetime": {"datetime": "2021-06-29 20:14:09", "elapsed": 8.498466, "delta": 0.11158}}
{"target": 0.00344336656363371, "params": {"0": -2.862509212065709, "1": 0.11449393327193658, "2": 1.859932263974498, "3": -2.9243773978207424, "4": 1.0348190679224034, "5": 1.1208493599419507, "6": -0.3045194784801746, "7": 2.4887321204516057}, "datetime": {"datetime": "2021-06-29 20:14:09", "elapsed": 8.705962, "delta": 0.207496}}
{"target": 0.003034152240350982, "params": {"0": 0.8661665085419576, "1": -2.968560974091205, "2": -0.09342932691374628, "3": 2.1559068365856, "4": 1.9823974202240366, "5": 0.8949251826748674, "6": 1.04219054339179, "7": 0.47099747873520315}, "datetime": {"datetime": "2021-06-29 20:14:09", "elapsed": 8.842123, "delta": 0.136161}}
{"target": 0.006842127376081355, "params": {"0": -1.355281348998887, "1": 0.3631799432163527, "2": 1.0303787089045215, "3": -0.8854222187015468, "4": 2.134970203523567, "5": -1.8297750839477562, "6": 1.4839248619915395, "7": -1.2623835228787355}, "datetime": {"datetime": "2021-06-29 20:14:10", "elapsed": 8.947908, "delta": 0.105785}}
{"target": 0.0030468516401817324, "params": {"0": 1.6427957234650918, "1": -0.43357602398354267, "2": 1.8461904546732573, "3": -0.8787908239920577, "4": -1.7178405742225131, "5": 1.6037070505305993, "6": -1.1481483142160933, "7": 1.3994704063585655}, "datetime": {"datetime": "2021-06-29 20:14:10", "elapsed": 9.056236, "delta": 0.108328}}
{"target": 0.003274326712977811, "params": {"0": 1.4668389184663928, "1": -1.6716197945507936, "2": -1.7153271790761093, "3": -1.8063124594375999, "4": -2.144889973404932, "5": -0.7375044047559953, "6": -2.840232691850271, "7": -2.3344777857945562}, "datetime": {"datetime": "2021-06-29 20:14:10", "elapsed": 9.174214, "delta": 0.117978}}
{"target": 0.004321455974774712, "params": {"0": 1.047384142580463, "1": 1.7986592213843178, "2": -2.5168228372296846, "3": -1.6097861370852478, "4": -1.7542460291771138, "5": 2.504001378489784, "6": 1.26788710881892, "7": 0.3233076663084855}, "datetime": {"datetime": "2021-06-29 20:14:10", "elapsed": 9.272518, "delta": 0.098304}}
{"target": 0.003035298974778137, "params": {"0": -1.1728920724762786, "1": 2.009124285790791, "2": -0.38816425422288026, "3": 2.5407372907126513, "4": 1.2363108260155986, "5": -0.13181215220829978, "6": -2.242739377503848, "7": 2.8562613028064856}, "datetime": {"datetime": "2021-06-29 20:14:10", "elapsed": 9.363562, "delta": 0.091044}}
{"target": 0.0033559697777890383, "params": {"0": -2.04099809793544, "1": -1.7843872486820245, "2": -0.41290946903777437, "3": -0.5747885653491167, "4": -2.1194911154142355, "5": 1.3759135161667402, "6": -1.8675295987368843, "7": 0.8633738658699768}, "datetime": {"datetime": "2021-06-29 20:14:10", "elapsed": 9.485248, "delta": 0.121686}}
{"target": 0.0030496709278264866, "params": {"0": 1.5258357034577923, "1": -1.7356056475000756, "2": 0.6057254886458399, "3": 1.4935702514750187, "4": 0.8293122637220005, "5": 0.5827638176798944, "6": -1.2271062860670177, "7": 1.389638827449053}, "datetime": {"datetime": "2021-06-29 20:14:10", "elapsed": 9.601068, "delta": 0.11582}}
{"target": 0.0036501117822502933, "params": {"0": 2.6718506399996986, "1": -0.4466316584307184, "2": 1.693090900988432, "3": -2.663153762028508, "4": 2.011629614939795, "5": -1.8464998990671138, "6": -0.6294187866601608, "7": -1.1995137244478613}, "datetime": {"datetime": "2021-06-29 20:14:10", "elapsed": 9.832084, "delta": 0.231016}}
{"target": 0.003233663384238425, "params": {"0": -2.519378137163704, "1": 2.427786017617457, "2": -0.7790749346775705, "3": 0.18418463085683712, "4": -0.035302404622049366, "5": -2.2070331483423713, "6": -1.7612756466634019, "7": -2.542867145806073}, "datetime": {"datetime": "2021-06-29 20:14:11", "elapsed": 9.927, "delta": 0.094916}}
{"target": 0.0031356963961490882, "params": {"0": 0.04753019967172456, "1": -1.4307026890020773, "2": -0.8576303467032487, "3": -2.351608027816579, "4": 1.7253110379150431, "5": -2.3604967392671936, "6": 2.914252942279127, "7": -1.937033013369496}, "datetime": {"datetime": "2021-06-29 20:14:11", "elapsed": 10.042258, "delta": 0.115258}}
{"target": 0.050616364555950755, "params": {"0": 0.43443067460789564, "1": -2.730927992465471, "2": 1.7226977379350048, "3": -1.8623643130902208, "4": 0.16742387044875962, "5": 1.4404652589544291, "6": -2.1004110904964644, "7": 0.30652304512183015}, "datetime": {"datetime": "2021-06-29 20:14:11", "elapsed": 10.141892, "delta": 0.099634}}
{"target": 0.0032792396681581323, "params": {"0": -1.7002967500273236, "1": 1.5551762959028679, "2": 1.3374911613372822, "3": -1.940705794337502, "4": 2.171799346002441, "5": -2.881349402901934, "6": 2.1614219845386913, "7": 0.3534228669656301}, "datetime": {"datetime": "2021-06-29 20:14:11", "elapsed": 10.257213, "delta": 0.115321}}
{"target": 0.0033095592386863516, "params": {"0": -0.5806771673649047, "1": 1.5524815861340198, "2": 1.3015740101548197, "3": 2.923957048850559, "4": -1.3314897083221033, "5": -2.9772379655439445, "6": 2.6034156498893264, "7": 2.147382627227363}, "datetime": {"datetime": "2021-06-29 20:14:11", "elapsed": 10.378519, "delta": 0.121306}}
{"target": 0.0030103064771198466, "params": {"0": 1.3731052651155355, "1": 0.10013269752923026, "2": 1.2417374714925664, "3": 1.683177341260457, "4": -0.7507443387788437, "5": 1.6219351519797458, "6": 1.5037459150510522, "7": 0.6792672692655586}, "datetime": {"datetime": "2021-06-29 20:14:11", "elapsed": 10.493522, "delta": 0.115003}}
{"target": 0.0060809119317545525, "params": {"0": -0.5888044561929755, "1": 1.1838481155860459, "2": -2.981322853048847, "3": 1.6493798803475865, "4": 2.3784996147410817, "5": -1.5641057553749722, "6": -2.2753968941446217, "7": -1.6782960732376344}, "datetime": {"datetime": "2021-06-29 20:14:11", "elapsed": 10.59849, "delta": 0.104968}}
{"target": 0.0031334894046125485, "params": {"0": -1.1874196122594103, "1": 2.2981710513830054, "2": 0.25899858142856713, "3": -1.2797301023614165, "4": -2.1698718612423207, "5": -1.25913322137275, "6": 0.6832265384475154, "7": -1.0551688206153202}, "datetime": {"datetime": "2021-06-29 20:14:11", "elapsed": 10.703317, "delta": 0.104827}}
{"target": 0.003267650166539888, "params": {"0": -0.25583890985400926, "1": -0.33529735790031356, "2": 1.9688121643890728, "3": -0.44191107458261625, "4": -0.925807072946986, "5": 1.0498296288546314, "6": -1.6711076655988275, "7": -0.1965250564406773}, "datetime": {"datetime": "2021-06-29 20:14:12", "elapsed": 10.991937, "delta": 0.28862}}
{"target": 0.002904110869951524, "params": {"0": -1.1114058760559014, "1": 0.7611336129770079, "2": 2.2641628481688754, "3": -0.3138659991262287, "4": 1.7067445127515386, "5": -0.25820579663069765, "6": 0.9373759903027885, "7": -2.2089541498349874}, "datetime": {"datetime": "2021-06-29 20:14:12", "elapsed": 11.089097, "delta": 0.09716}}
{"target": 0.002993983841270447, "params": {"0": -0.40211095819411113, "1": 2.45587193192962, "2": 0.6328740061856077, "3": 1.6006475234226123, "4": 0.02820364857536628, "5": -0.011666251031955177, "6": 2.0573990411570993, "7": -2.5931583939542775}, "datetime": {"datetime": "2021-06-29 20:14:12", "elapsed": 11.20165, "delta": 0.112553}}
{"target": 0.012909620420399542, "params": {"0": 0.43963362929810756, "1": 2.6565754525976955, "2": 0.10716028903393138, "3": -1.833205142832693, "4": 2.087636354660857, "5": -1.490165145864883, "6": 1.204356218895228, "7": 0.24156564238139921}, "datetime": {"datetime": "2021-06-29 20:14:12", "elapsed": 11.292536, "delta": 0.090886}}
{"target": 0.0028542807526910057, "params": {"0": 2.6930177296813174, "1": 0.7460202144160553, "2": 2.027867772286376, "3": -2.952402742832861, "4": 2.9360403369998282, "5": -2.533712578005681, "6": -1.0672229183113824, "7": 2.676914372740592}, "datetime": {"datetime": "2021-06-29 20:14:12", "elapsed": 11.398848, "delta": 0.106312}}
{"target": 0.0030865290978032323, "params": {"0": -2.9463653857725296, "1": 1.9363800325316127, "2": 2.167269830200766, "3": -0.36101511474856496, "4": -1.4655288371644128, "5": 1.8161371177997916, "6": -0.1328279734066733, "7": -2.193968348065823}, "datetime": {"datetime": "2021-06-29 20:14:12", "elapsed": 11.491072, "delta": 0.092224}}
{"target": 0.0029140308673695297, "params": {"0": 2.567093956950065, "1": 2.3758198020398904, "2": -0.05072909989838781, "3": 2.1402149791067533, "4": -0.48853184541540795, "5": 1.1007894009978063, "6": -0.6120561635524653, "7": 0.034452104704862485}, "datetime": {"datetime": "2021-06-29 20:14:12", "elapsed": 11.603698, "delta": 0.112626}}
{"target": 0.0036122615719033605, "params": {"0": -1.8626897829964362, "1": 2.789933544665483, "2": -1.2347058705344718, "3": -2.379242663301592, "4": -2.1341075986257114, "5": -2.9154462348453425, "6": 1.2956741967743675, "7": 0.38698992144524436}, "datetime": {"datetime": "2021-06-29 20:14:12", "elapsed": 11.698329, "delta": 0.094631}}
{"target": 0.0030607160577249526, "params": {"0": 1.7674701071085135, "1": 0.04247953970481877, "2": 1.750926237024923, "3": 1.1745852856310366, "4": 1.6670908611550521, "5": -0.5611027861374822, "6": 0.8866237991248873, "7": -1.9212342138421536}, "datetime": {"datetime": "2021-06-29 20:14:13", "elapsed": 11.982755, "delta": 0.284426}}
{"target": 0.004038688508126333, "params": {"0": -1.0690802196725762, "1": -1.964372279281245, "2": -0.5481766499204257, "3": -1.5514875122064071, "4": -0.5584680352238527, "5": 2.851334054623873, "6": -1.0780840450678124, "7": 2.8949456698493723}, "datetime": {"datetime": "2021-06-29 20:14:13", "elapsed": 12.168828, "delta": 0.186073}}
{"target": 0.0030548869227880844, "params": {"0": 0.8178367551359012, "1": -0.7494538896365341, "2": 2.1449069945015795, "3": 0.7175204362114425, "4": -1.4878015192149638, "5": 1.757134067861326, "6": -0.4023689475950216, "7": -0.8549329960173515}, "datetime": {"datetime": "2021-06-29 20:14:13", "elapsed": 12.295972, "delta": 0.127144}}
{"target": 0.0038514750930869904, "params": {"0": -1.0183383808495143, "1": 1.1842132536788368, "2": -1.3880992565626407, "3": 1.8496680822322809, "4": -1.2282672336009133, "5": 0.2647283015121431, "6": -0.07247104916878566, "7": 2.1321384755722184}, "datetime": {"datetime": "2021-06-29 20:14:13", "elapsed": 12.480896, "delta": 0.184924}}
{"target": 0.03126367988695146, "params": {"0": 0.43148807863035826, "1": -2.916891679331953, "2": 1.691814620510575, "3": -1.9410962118019748, "4": 0.24107467514158593, "5": 1.4587480011708756, "6": -2.1043257428763376, "7": 0.3079444149203374}, "datetime": {"datetime": "2021-06-29 20:14:15", "elapsed": 14.767633, "delta": 2.286737}}
{"target": 0.0038398852885567123, "params": {"0": 0.13313806327591138, "1": -1.836408910550545, "2": 1.5938932563639687, "3": -1.839294318863143, "4": 0.24308486709337007, "5": 1.6102623145902761, "6": -1.2014081374788723, "7": -0.5968583572421848}, "datetime": {"datetime": "2021-06-29 20:14:17", "elapsed": 15.964596, "delta": 1.196963}}
{"target": 0.0034528193343901603, "params": {"0": -1.302789435598578, "1": 2.0206196474102356, "2": -2.8854890725770197, "3": -1.7961721955591563, "4": -0.9178609366357495, "5": -2.6713541026777787, "6": 0.1841476099709718, "7": -0.5428891058877339}, "datetime": {"datetime": "2021-06-29 20:14:17", "elapsed": 16.590713, "delta": 0.626117}}
{"target": 0.0029658777248044075, "params": {"0": -0.011317852780382331, "1": -0.41733519117619267, "2": 1.7212463027952554, "3": -0.4207201777519156, "4": 1.7431835412724572, "5": -2.8098971116271896, "6": 2.1832512140919587, "7": -2.7699250997738787}, "datetime": {"datetime": "2021-06-29 20:14:18", "elapsed": 17.790831, "delta": 1.200118}}
{"target": 0.0034399475823355175, "params": {"0": -0.29605025847945843, "1": 0.7449700340117342, "2": -0.4953890179005862, "3": 0.38637537197534755, "4": -1.5095489568014224, "5": 2.766963243374099, "6": -2.9165328155228862, "7": 0.6199245354380745}, "datetime": {"datetime": "2021-06-29 20:14:21", "elapsed": 20.056718, "delta": 2.265887}}
{"target": 0.003039182890077384, "params": {"0": 0.16389134949207573, "1": 0.011492895540904158, "2": 2.6931835101955635, "3": -0.944080199723337, "4": 2.5628987058675783, "5": -2.057319495226262, "6": 1.7619505684442638, "7": -1.9852934584932775}, "datetime": {"datetime": "2021-06-29 20:14:23", "elapsed": 22.076834, "delta": 2.020116}}
{"target": 0.00475044405471008, "params": {"0": -2.452936526180104, "1": -0.203148573079313, "2": -2.398207407360783, "3": 1.2362869954387081, "4": 0.08545408468859028, "5": -0.07662364875884098, "6": 2.8915780865465184, "7": -1.8116486392369877}, "datetime": {"datetime": "2021-06-29 20:14:24", "elapsed": 23.468594, "delta": 1.39176}}
{"target": 0.0037185163362530283, "params": {"0": 0.06749169256622833, "1": 2.8916918089534116, "2": -0.10453263838975202, "3": -1.3077397883555235, "4": 1.2806680638407375, "5": -1.2998650307621913, "6": 1.5386913433029408, "7": -0.7906140449828176}, "datetime": {"datetime": "2021-06-29 20:14:26", "elapsed": 25.13158, "delta": 1.662986}}
{"target": 0.01315755181742867, "params": {"0": -1.5499133534725908, "1": 2.0410402718560006, "2": 2.1108204588650086, "3": 0.5243769006973924, "4": -1.8100327661307551, "5": -2.3342090420860844, "6": 1.321613316590355, "7": 0.7299278233367978}, "datetime": {"datetime": "2021-06-29 20:14:28", "elapsed": 27.44808, "delta": 2.3165}}
{"target": 0.003110189326915398, "params": {"0": 0.09045680869540007, "1": 2.194695293294634, "2": 0.012285490892272932, "3": -2.3447281453214854, "4": 2.16805372007365, "5": -1.2793131264000432, "6": 1.3746501704559027, "7": 0.9471152828935856}, "datetime": {"datetime": "2021-06-29 20:14:31", "elapsed": 30.074417, "delta": 2.626337}}
{"target": 0.005279105512777334, "params": {"0": -2.093014411119242, "1": -0.6621132364384303, "2": 1.3725095334297537, "3": 0.6723838243261984, "4": 2.885060419304814, "5": -1.7952594256904333, "6": 0.26764438205238417, "7": -2.3054640310286354}, "datetime": {"datetime": "2021-06-29 20:14:32", "elapsed": 31.764463, "delta": 1.690046}}
{"target": 0.01135879143015266, "params": {"0": 0.413979050724393, "1": -2.9314960894191646, "2": 1.2014726450518234, "3": -2.3178025459146956, "4": 0.4575479197872463, "5": 1.0895798247368491, "6": -2.6815479575623784, "7": 0.9096928186867843}, "datetime": {"datetime": "2021-06-29 20:14:35", "elapsed": 34.175551, "delta": 2.411088}}
{"target": 0.003259407590726037, "params": {"0": 0.4848098467430435, "1": -2.39167598278174, "2": 1.5415121842784174, "3": -2.1685597230814513, "4": -0.30802307467561185, "5": 0.9920742173208943, "6": -1.4379500836344379, "7": 0.3875225335083772}, "datetime": {"datetime": "2021-06-29 20:14:37", "elapsed": 36.546882, "delta": 2.371331}}
{"target": 0.005398264711339532, "params": {"0": -0.917831256323705, "1": 1.0638305203496872, "2": -0.11640889533688892, "3": 1.2466026076766017, "4": -1.9767860088565303, "5": 1.9425209972423776, "6": -2.857046965955903, "7": 0.39339345304669715}, "datetime": {"datetime": "2021-06-29 20:14:41", "elapsed": 40.392578, "delta": 3.845696}}
{"target": 0.0031286763569574084, "params": {"0": -0.7931980226462336, "1": -2.2062357817355633, "2": 2.893590770704095, "3": -2.4666837128963044, "4": 1.7074056158877546, "5": 2.8175211260446247, "6": 0.8521822612011354, "7": 1.153308872293378}, "datetime": {"datetime": "2021-06-29 20:14:43", "elapsed": 42.838517, "delta": 2.445939}}
{"target": 0.0037760664223081375, "params": {"0": 0.8029012352225662, "1": -0.04723990329048089, "2": -2.491866384213232, "3": -1.0182950624282183, "4": -0.5304504494471596, "5": 1.544832637267028, "6": 0.3963814332056179, "7": 0.09838020812648818}, "datetime": {"datetime": "2021-06-29 20:14:45", "elapsed": 44.70112, "delta": 1.862603}}
{"target": 0.003613486572029087, "params": {"0": -2.3276024136880116, "1": 2.5199354556846476, "2": 2.332723871739409, "3": 0.25201307259770855, "4": -1.699611276413521, "5": -2.286219670796931, "6": 1.3728035560646967, "7": -0.0060821100062429245}, "datetime": {"datetime": "2021-06-29 20:14:47", "elapsed": 46.801496, "delta": 2.100376}}
{"target": 0.0029202106944674565, "params": {"0": 2.674463624604698, "1": 2.923635232519336, "2": 0.7535788639666547, "3": -1.5762547819993844, "4": 2.1858377689809148, "5": 0.6930769254110007, "6": 1.0301931395946227, "7": -2.634132819032457}, "datetime": {"datetime": "2021-06-29 20:14:49", "elapsed": 48.864818, "delta": 2.063322}}
{"target": 0.0032109963098504936, "params": {"0": 0.38870339806007603, "1": 1.8519048977060368, "2": 2.8425813500862063, "3": -2.4602357210095036, "4": -0.17028527422075124, "5": -1.1573937178013771, "6": -2.333005606528056, "7": 1.4879575382250145}, "datetime": {"datetime": "2021-06-29 20:14:52", "elapsed": 50.953155, "delta": 2.088337}}
{"target": 0.0029476934333183746, "params": {"0": 1.8827401159152943, "1": 2.4723734082059616, "2": 1.0148990680406724, "3": 0.738309045148088, "4": -0.1665957568538019, "5": 1.8671432801333356, "6": 0.2696364995327185, "7": 2.425906591823521}, "datetime": {"datetime": "2021-06-29 20:14:53", "elapsed": 52.402706, "delta": 1.449551}}
{"target": 0.0031604825608573745, "params": {"0": 0.7813739531814017, "1": 2.844103922853794, "2": 0.2722651173437294, "3": -1.4521450600736883, "4": 2.083454512780741, "5": -2.216057095754415, "6": 0.6758426168833997, "7": 1.0742906180693632}, "datetime": {"datetime": "2021-06-29 20:14:54", "elapsed": 53.405115, "delta": 1.002409}}
{"target": 0.0030563433533493368, "params": {"0": 1.6101387062108588, "1": -1.813307634017106, "2": 1.5709555376166424, "3": 2.8238740598502057, "4": 0.16174491520886303, "5": -0.6582748904167315, "6": -1.7282223799730623, "7": 1.067753765896751}, "datetime": {"datetime": "2021-06-29 20:14:56", "elapsed": 55.311033, "delta": 1.905918}}
{"target": 0.003220881538299232, "params": {"0": 2.4957611418075647, "1": -1.2172617654695248, "2": 1.7554675560334063, "3": 1.0329869514599483, "4": -1.2424891954654034, "5": -2.7493718028240943, "6": 0.83202474914353, "7": -1.563764617654181}, "datetime": {"datetime": "2021-06-29 20:14:58", "elapsed": 57.464877, "delta": 2.153844}}
{"target": 0.005159140440370912, "params": {"0": -1.1377278392983592, "1": 2.5330600410208, "2": 1.5103699046618138, "3": -0.25979635335052764, "4": 1.8443665967918808, "5": 0.355347483993774, "6": -0.5730322711918028, "7": 1.2273224710937374}, "datetime": {"datetime": "2021-06-29 20:15:01", "elapsed": 60.29962, "delta": 2.834743}}
{"target": 0.0031382945432071635, "params": {"0": -1.058507743737787, "1": 2.186826410847466, "2": 2.3045611473599106, "3": -0.280198775404243, "4": -1.7982784232851183, "5": -2.366495687469467, "6": 1.0676608531009695, "7": 0.9847800373767255}, "datetime": {"datetime": "2021-06-29 20:15:03", "elapsed": 62.656414, "delta": 2.356794}}
{"target": 0.013622042083152647, "params": {"0": -0.6617884610683569, "1": 1.2486072254082323, "2": -0.632026726772775, "3": 0.4931683340504147, "4": -2.195910241416036, "5": 1.9436511889771184, "6": -2.75028535336146, "7": 0.8803994940972544}, "datetime": {"datetime": "2021-06-29 20:15:05", "elapsed": 64.281254, "delta": 1.62484}}
{"target": 0.003312959892629711, "params": {"0": -0.7551211220679477, "1": 0.2911737395532481, "2": -0.34025311406733083, "3": 0.23595905807157536, "4": -1.9038952190724363, "5": 2.500438933927037, "6": -2.830301971840786, "7": 0.5980111111060653}, "datetime": {"datetime": "2021-06-29 20:15:07", "elapsed": 66.224399, "delta": 1.943145}}
{"target": 0.025154264499428907, "params": {"0": 0.08154284372801612, "1": -2.9815380076226035, "2": 1.5360967382642663, "3": -1.5591863335051643, "4": -0.6024815998290287, "5": 1.2720990207388416, "6": -2.2554960352470754, "7": 0.9527949515297927}, "datetime": {"datetime": "2021-06-29 20:15:09", "elapsed": 68.148396, "delta": 1.923997}}
{"target": 0.0029778710544006693, "params": {"0": 0.16538425519953126, "1": 2.7177226683892783, "2": 0.2966356938617718, "3": -1.7820085139882134, "4": 2.538028847164142, "5": -1.4980822158850422, "6": 1.7049943491675403, "7": 0.15500461141393496}, "datetime": {"datetime": "2021-06-29 20:15:11", "elapsed": 70.358984, "delta": 2.210588}}
{"target": 0.0032785123012613023, "params": {"0": 0.22205705102370832, "1": 2.8145332357879695, "2": 1.6605678593940993, "3": -0.00918266717117966, "4": -2.4896686879624497, "5": 2.9178350696510993, "6": -2.211333976407976, "7": -1.2648236309710652}, "datetime": {"datetime": "2021-06-29 20:15:13", "elapsed": 72.521372, "delta": 2.162388}}
