{"target": 0.003071470795788486, "params": {"0": 0.8745311075179245, "1": 2.219618383377761, "2": 0.12170190321852337, "3": -1.2764251765723962, "4": 2.332594340283344, "5": 1.0816312129615824, "6": -2.8676860968649382, "7": -1.466286365977959}, "datetime": {"datetime": "2021-06-29 16:08:11", "elapsed": 3011.869215, "delta": 7.615424}}
{"target": 0.002968596730626139, "params": {"0": 1.218800254245914, "1": 2.7512303567567624, "2": -2.80935977684236, "3": -1.3285022696285567, "4": 2.633742917469654, "5": 1.4990586031476063, "6": 1.6812134206473264, "7": -1.134429684716354}, "datetime": {"datetime": "2021-06-29 16:08:20", "elapsed": 3021.024499, "delta": 9.155284}}
{"target": 0.005395749792346223, "params": {"0": 2.197345576788594, "1": 1.7700736855810275, "2": -0.6028260693081986, "3": -1.507248921297712, "4": -0.4876497859255293, "5": -0.8968402468701311, "6": 2.4681949113159085, "7": 0.6151331368889013}, "datetime": {"datetime": "2021-06-29 16:08:35", "elapsed": 3036.551261, "delta": 15.526762}}
{"target": 0.003923374531244969, "params": {"0": -1.4303560653588845, "1": 2.5469227238089207, "2": -2.011327009909327, "3": 0.5283745238482962, "4": 0.8640681773660113, "5": -0.7408195211119262, "6": -0.6231741983395089, "7": 0.6166461148844276}, "datetime": {"datetime": "2021-06-29 16:08:42", "elapsed": 3043.739905, "delta": 7.188644}}
{"target": 0.003011486594241163, "params": {"0": -1.5777697678158673, "1": -2.003046191547428, "2": 1.3769253379759512, "3": -2.5180884940412662, "4": 0.18630963320234528, "5": 0.5142015359381045, "6": 2.9692546492259897, "7": 2.4905544802530653}, "datetime": {"datetime": "2021-06-29 16:08:50", "elapsed": 3051.361152, "delta": 7.621247}}
{"target": 0.002957973177663979, "params": {"0": 1.8549123457788808, "1": 0.16295469683166397, "2": 1.1616565533207748, "3": -2.0723583496315348, "4": 2.843955842052008, "5": -2.3206312527840103, "6": 0.4120176015039707, "7": 0.1712425619536564}, "datetime": {"datetime": "2021-06-29 16:09:03", "elapsed": 3064.010438, "delta": 12.649286}}
{"target": 0.0035459482093006304, "params": {"0": 2.6873947602287274, "1": -0.23296057097317036, "2": -0.0344348329917441, "3": -1.4034905084069857, "4": 1.4798317369119696, "5": -2.8024436903681718, "6": 0.9055010508131733, "7": -0.7293809309925283}, "datetime": {"datetime": "2021-06-29 16:09:14", "elapsed": 3075.177875, "delta": 11.167437}}
{"target": 0.005200900772978308, "params": {"0": 1.877851736515769, "1": -0.07743260952996511, "2": -1.0984435545399975, "3": -0.8018024543206765, "4": 1.018805089213708, "5": -2.7214187210932983, "6": 1.4717641936973767, "7": -1.219645905086461}, "datetime": {"datetime": "2021-06-29 16:09:25", "elapsed": 3086.205016, "delta": 11.027141}}
{"target": 0.003167162800544321, "params": {"0": 0.13741079785053723, "1": 1.9552657278951955, "2": -1.3329134680310228, "3": 0.5633835361691992, "4": -0.48309706935637653, "5": -0.5749395470388863, "6": -1.0889887349863, "7": 1.684439446144073}, "datetime": {"datetime": "2021-06-29 16:09:33", "elapsed": 3093.928945, "delta": 7.723929}}
{"target": 0.00533227736160721, "params": {"0": 0.9547771804342204, "1": -1.0093745761154291, "2": 0.5865871395483522, "3": -1.6065355744049907, "4": 1.1870453571342487, "5": -2.427984050495848, "6": 1.1419423710516936, "7": -0.17070815463486655}, "datetime": {"datetime": "2021-06-29 16:09:43", "elapsed": 3103.956307, "delta": 10.027362}}
{"target": 0.003230120120457267, "params": {"0": 2.810683762825531, "1": -1.4534837282796913, "2": -1.5321015825340203, "3": 2.2123553285193474, "4": 1.5681112445903098, "5": 0.6154099456516984, "6": 1.8576906441449035, "7": -2.165035165612153}, "datetime": {"datetime": "2021-06-29 16:09:52", "elapsed": 3112.791595, "delta": 8.835288}}
{"target": 0.003067059691466594, "params": {"0": -2.213798901057451, "1": 0.5859871831420085, "2": 2.1911807151144718, "3": -1.5407079765950733, "4": -1.7156080319002052, "5": 0.6733623629289012, "6": 2.696862326162263, "7": -2.6609768594129406}, "datetime": {"datetime": "2021-06-29 16:10:01", "elapsed": 3121.932029, "delta": 9.140434}}
{"target": 0.02766853594705717, "params": {"0": 1.6449005724083001, "1": -2.597885508032852, "2": 2.5298691203719725, "3": -0.9721520332006142, "4": 2.8573011862426725, "5": -1.8176460687628229, "6": 1.769357596554027, "7": 2.7853911710686337}, "datetime": {"datetime": "2021-06-29 16:10:12", "elapsed": 3133.427883, "delta": 11.495854}}
{"target": 0.004873266468032613, "params": {"0": -1.5548135281936573, "1": 2.170116071808927, "2": -1.5900597407647845, "3": 1.7294897582156183, "4": -1.7660279369380476, "5": -1.0030528766263762, "6": -1.1869456262916966, "7": -0.2909755541816139}, "datetime": {"datetime": "2021-06-29 16:10:21", "elapsed": 3142.277976, "delta": 8.850093}}
{"target": 0.0034888757506285704, "params": {"0": -1.1484778963629287, "1": 0.3244418844447603, "2": 0.9314520578406285, "3": -1.280343429264718, "4": -2.6583518513278674, "5": -1.1473587462311405, "6": 2.088579500507741, "7": 0.5538988021684101}, "datetime": {"datetime": "2021-06-29 16:10:30", "elapsed": 3151.666973, "delta": 9.388997}}
{"target": 0.004660604780216842, "params": {"0": -1.2545502480128856, "1": 0.03157293160541075, "2": -0.5232058983841541, "3": -2.629676597082775, "4": -1.0117733439433971, "5": 1.9953685982677314, "6": -0.6862388200022305, "7": -1.057743481812091}, "datetime": {"datetime": "2021-06-29 16:10:40", "elapsed": 3160.878302, "delta": 9.211329}}
{"target": 0.13820721287202256, "params": {"0": 2.0393618972798437, "1": -1.8686887112536863, "2": 1.6614142074913412, "3": -2.9656350989147318, "4": 0.4302746050229094, "5": -0.8534334920953812, "6": -0.3883776639448282, "7": -1.847591954838578}, "datetime": {"datetime": "2021-06-29 16:10:50", "elapsed": 3171.459408, "delta": 10.581106}}
{"target": 0.005117960569603147, "params": {"0": -0.04606876308898711, "1": -2.158578141951764, "2": 1.857535187713264, "3": 0.16120103039470646, "4": -1.5265440641843844, "5": 2.992743560219255, "6": 0.45495658382031756, "7": -2.697925044029219}, "datetime": {"datetime": "2021-06-29 16:11:01", "elapsed": 3181.782437, "delta": 10.323029}}
{"target": 0.010703253851650421, "params": {"0": -0.9969339679848073, "1": -1.804434336627296, "2": -0.7025145394726251, "3": -0.0398021573168732, "4": 1.0143329801825027, "5": 2.439634661922348, "6": 0.6511823024698535, "7": -1.4894187783645059}, "datetime": {"datetime": "2021-06-29 16:11:08", "elapsed": 3189.031006, "delta": 7.248569}}
{"target": 0.004533745395384319, "params": {"0": 1.2495739355010826, "1": 2.0761839089098633, "2": -0.3747965790704715, "3": -1.1310830286734852, "4": -0.9540384784027949, "5": 0.17322130396176405, "6": 1.3691037880216044, "7": -0.628468172810654}, "datetime": {"datetime": "2021-06-29 16:11:19", "elapsed": 3200.426616, "delta": 11.39561}}
{"target": 0.19249918167524613, "params": {"0": 1.3421838901026435, "1": 2.255440584753564, "2": -1.7140456228668122, "3": -2.534443820351645, "4": 1.0750613154258044, "5": -0.7353653095315336, "6": 1.9986013605790234, "7": -0.5097562089188576}, "datetime": {"datetime": "2021-06-29 16:11:28", "elapsed": 3209.649499, "delta": 9.222883}}
{"target": 0.0030666828266012504, "params": {"0": -1.797273339129085, "1": 0.42261949985429137, "2": -0.947885695644108, "3": -1.582160849642515, "4": 0.9691245517346383, "5": -0.5734983897706103, "6": 2.3473017909630203, "7": 2.928728682806928}, "datetime": {"datetime": "2021-06-29 16:11:38", "elapsed": 3219.717776, "delta": 10.068277}}
{"target": 0.987693993728751, "params": {"0": 2.2394533670424934, "1": -0.10718182285249034, "2": -0.8641508812844045, "3": -1.2303738579826782, "4": 1.7046650458200618, "5": -2.640683832339202, "6": 0.5431584525931252, "7": -1.0472425784609862}, "datetime": {"datetime": "2021-06-29 16:11:49", "elapsed": 3230.262636, "delta": 10.54486}}
{"target": 0.003237212298364723, "params": {"0": -2.0665539907065194, "1": 0.5719422949584305, "2": 0.30749675533773724, "3": -2.4366850443580867, "4": -0.7325407004872222, "5": 1.0299490670911, "6": 1.1377494043579777, "7": -1.9623688854722754}, "datetime": {"datetime": "2021-06-29 16:11:58", "elapsed": 3239.182289, "delta": 8.919653}}
{"target": 0.008514398558511648, "params": {"0": 1.3748401456913868, "1": 1.5614062209530255, "2": -1.3441707188774845, "3": -1.5434659712211911, "4": 0.35200419289647833, "5": -0.47283039903035284, "6": 0.8170834016169226, "7": -0.5374387046922102}, "datetime": {"datetime": "2021-06-29 16:12:14", "elapsed": 3255.40131, "delta": 16.219021}}
{"target": 0.0036925407154343687, "params": {"0": 2.3071516487147683, "1": 1.4498936389981631, "2": -0.579466933242724, "3": 2.345142930266726, "4": -1.2012629138919957, "5": -2.240625078420762, "6": 2.467245044022331, "7": -2.084981683896351}, "datetime": {"datetime": "2021-06-29 16:12:22", "elapsed": 3262.751643, "delta": 7.350333}}
{"target": 0.0042003230630809135, "params": {"0": -2.4188386166337956, "1": -2.994205517579708, "2": -0.267345873531426, "3": 0.03821563371320247, "4": 0.8183826560146725, "5": 0.9359748081626478, "6": -1.6497745402493937, "7": -2.149152408760102}, "datetime": {"datetime": "2021-06-29 16:12:30", "elapsed": 3271.193279, "delta": 8.441636}}
{"target": 0.003048170198477421, "params": {"0": -0.507358948675158, "1": -2.9385165701683134, "2": 1.6933752075658006, "3": -1.885965961036904, "4": 1.5553764353549795, "5": 1.769130514607916, "6": -2.5442379897531655, "7": 2.3709483657888732}, "datetime": {"datetime": "2021-06-29 16:12:46", "elapsed": 3286.859711, "delta": 15.666432}}
{"target": 0.006553592078000253, "params": {"0": 0.44374937079746735, "1": -2.8658891028738434, "2": -2.12866139148053, "3": -2.739379870242464, "4": -1.2470434386303093, "5": -1.6213535548884053, "6": 1.5267262983163095, "7": -0.5054523159545266}, "datetime": {"datetime": "2021-06-29 16:12:54", "elapsed": 3294.989978, "delta": 8.130267}}
{"target": 0.0033356946189266727, "params": {"0": -1.9362026072836143, "1": 2.8466693773066716, "2": -1.7002545639669846, "3": 2.382264336943736, "4": 0.7849826546938794, "5": -0.3152494512117956, "6": -2.6555561889704777, "7": -1.0395985156089853}, "datetime": {"datetime": "2021-06-29 16:13:02", "elapsed": 3303.150938, "delta": 8.16096}}
{"target": 0.6675131810109106, "params": {"0": 1.456596045292609, "1": -0.5230409547644528, "2": -0.834065881491969, "3": -2.0837582616204413, "4": 1.4600364403082846, "5": -2.6372810056779508, "6": 0.4738301896101462, "7": 0.5716267746060408}, "datetime": {"datetime": "2021-06-29 16:13:17", "elapsed": 3317.793198, "delta": 14.64226}}
{"target": 0.003224703949450046, "params": {"0": -0.3598353571102, "1": 2.450141124209133, "2": -2.2384903079794465, "3": 2.4833903008780087, "4": -0.657075689884036, "5": -2.108205732404796, "6": -1.432176235044931, "7": 1.728785356074285}, "datetime": {"datetime": "2021-06-29 16:13:28", "elapsed": 3329.699048, "delta": 11.90585}}
{"target": 0.0038847933195356337, "params": {"0": 2.1178084467211518, "1": 2.537268166231766, "2": -0.5043185047333174, "3": -2.0522025719976726, "4": 0.46568516788419334, "5": -1.632640542652037, "6": -0.20943238899257466, "7": -0.7480151427741184}, "datetime": {"datetime": "2021-06-29 16:13:38", "elapsed": 3339.540724, "delta": 9.841676}}
{"target": 0.002992157993819914, "params": {"0": -2.3040908823540747, "1": 1.8157549580522145, "2": -1.4818758480550887, "3": 2.1267941746645187, "4": -1.866822503026164, "5": 2.0558903917678935, "6": -0.07429868692594344, "7": -2.4842927344534242}, "datetime": {"datetime": "2021-06-29 16:13:52", "elapsed": 3353.202424, "delta": 13.6617}}
{"target": 0.0029703482889024244, "params": {"0": 2.4408174947481456, "1": 0.6803499220488867, "2": -2.1756309943460033, "3": 1.4029273455873161, "4": 0.48105851561151525, "5": 0.4519809872452898, "6": -2.0857406448188094, "7": 2.103383717003828}, "datetime": {"datetime": "2021-06-29 16:14:01", "elapsed": 3362.604251, "delta": 9.401827}}
{"target": 0.0030079064922346028, "params": {"0": -0.25019994351988517, "1": 2.8757591311731776, "2": -0.36897243493733267, "3": 0.4489859850587212, "4": 2.1889871896648945, "5": 1.2218490344761346, "6": 1.5740218275807072, "7": -1.5815165813778405}, "datetime": {"datetime": "2021-06-29 16:14:11", "elapsed": 3372.661377, "delta": 10.057126}}
{"target": 0.0031509780196656728, "params": {"0": 2.508494479978828, "1": 0.2209665130889631, "2": 1.660357937425716, "3": -1.5595468211086823, "4": -1.1210920869096102, "5": 2.7742586731562717, "6": 0.36226782100759936, "7": -1.514058785013229}, "datetime": {"datetime": "2021-06-29 16:14:21", "elapsed": 3382.166651, "delta": 9.505274}}
{"target": 0.0028995347946381726, "params": {"0": 1.7561696601616568, "1": 0.4760199417901574, "2": -0.39548871566373034, "3": 0.273230151237156, "4": 0.754075110693647, "5": 1.18292326274595, "6": 0.21483781592671658, "7": -2.0805004315623425}, "datetime": {"datetime": "2021-06-29 16:14:30", "elapsed": 3391.260205, "delta": 9.093554}}
{"target": 0.0033163747703713557, "params": {"0": 0.638881899250797, "1": 0.1607071426390485, "2": 1.7396010393548371, "3": 2.4812957625041783, "4": 1.6454428903287086, "5": -2.529629336868066, "6": -0.9986831405977323, "7": 0.7601630506748847}, "datetime": {"datetime": "2021-06-29 16:14:40", "elapsed": 3400.798825, "delta": 9.53862}}
{"target": 0.0030325079069213963, "params": {"0": -1.7865199010150403, "1": 2.086664584772672, "2": 0.6902364010326014, "3": -0.3205943624231562, "4": -0.5529473182288736, "5": 2.4388883417082488, "6": -1.7511406716235733, "7": 1.2973171066683706}, "datetime": {"datetime": "2021-06-29 16:14:50", "elapsed": 3410.788051, "delta": 9.989226}}
{"target": 0.01461272119355751, "params": {"0": -2.29168179146071, "1": -2.60032999818906, "2": -2.296180524298329, "3": -0.08033425424523744, "4": -1.606000058839301, "5": -1.438710939657017, "6": 2.2219886552731394, "7": -1.6932070046354963}, "datetime": {"datetime": "2021-06-29 16:15:12", "elapsed": 3432.9634, "delta": 22.175349}}
{"target": 0.003099368961671738, "params": {"0": 1.4697055466266837, "1": -2.875396583580632, "2": -2.3415909575283225, "3": 0.14657988151974521, "4": 0.7050236020842906, "5": -0.9991660812588035, "6": -2.7083587272455123, "7": 1.8194219175816322}, "datetime": {"datetime": "2021-06-29 16:15:22", "elapsed": 3443.380898, "delta": 10.417498}}
{"target": 0.003101413526684816, "params": {"0": 1.5068506457986839, "1": 2.476082826333787, "2": 0.12451549773631454, "3": -1.5882491843400723, "4": -1.202041873979107, "5": -0.19993074155253865, "6": 1.5108000622764903, "7": -0.27671905456011014}, "datetime": {"datetime": "2021-06-29 16:15:43", "elapsed": 3464.447488, "delta": 21.06659}}
{"target": 0.003002033479771324, "params": {"0": -2.3261849878280056, "1": 0.9709919588070268, "2": -0.6191203720761589, "3": 0.7152216584679101, "4": -0.29817486121875314, "5": 2.9422778303243984, "6": -0.9714816070687129, "7": 0.6653399479165047}, "datetime": {"datetime": "2021-06-29 16:15:57", "elapsed": 3477.853661, "delta": 13.406173}}
{"target": 0.00356303610245484, "params": {"0": 1.4468710555022621, "1": 2.8716912105847365, "2": -0.14073213854325184, "3": -1.470898711446452, "4": -0.7523549094928144, "5": 0.3916420555762383, "6": 2.6277419746981217, "7": -1.6977698417249376}, "datetime": {"datetime": "2021-06-29 16:16:18", "elapsed": 3499.545044, "delta": 21.691383}}
{"target": 0.006113589177676897, "params": {"0": 0.4421141665298265, "1": 0.8039187193548063, "2": 1.244226997518033, "3": 2.961982212419472, "4": -2.5382464364973565, "5": -1.8074125770252134, "6": 1.6624350287951044, "7": 0.39624460472741596}, "datetime": {"datetime": "2021-06-29 16:16:35", "elapsed": 3516.607466, "delta": 17.062422}}
{"target": 0.003243520101990495, "params": {"0": -2.5800650149761504, "1": 2.658821303150283, "2": 1.1346670458508745, "3": -2.6652777133643313, "4": 1.8092287821657553, "5": -1.4204061850801468, "6": -1.128517247054676, "7": -0.8492082922231279}, "datetime": {"datetime": "2021-06-29 16:16:46", "elapsed": 3527.378562, "delta": 10.771096}}
{"target": 0.004197773793340269, "params": {"0": -0.6943846058869996, "1": -1.9340573182553242, "2": 1.1379292935133325, "3": -1.7056778031898407, "4": 0.9591383358410175, "5": 0.8528801013076022, "6": -2.11337142029149, "7": 2.0377779411279926}, "datetime": {"datetime": "2021-06-29 16:17:02", "elapsed": 3543.484295, "delta": 16.105733}}
{"target": 0.004476047616637569, "params": {"0": -2.1713704622389036, "1": 2.6985590860318895, "2": 0.16721877101251348, "3": 0.21276053181270438, "4": 0.4320342626108129, "5": 1.961521976413942, "6": 1.1554397093906408, "7": -2.448312446886187}, "datetime": {"datetime": "2021-06-29 16:17:20", "elapsed": 3560.956266, "delta": 17.471971}}
{"target": 0.006951549736006165, "params": {"0": 0.6830102249239642, "1": -1.396059151168694, "2": 0.42039688814397014, "3": -1.2955996308006814, "4": 0.054309838024391155, "5": -2.294519513231041, "6": 1.097442173593545, "7": 1.4673369153916909}, "datetime": {"datetime": "2021-06-29 16:17:29", "elapsed": 3570.426239, "delta": 9.469973}}
{"target": 0.003308288478305475, "params": {"0": 1.830381299944973, "1": -1.6356230470607522, "2": 1.1584919865976628, "3": -2.7398904483890547, "4": 0.3612029282742091, "5": -0.8404583503817231, "6": 0.04812718910172453, "7": -1.6671593674966596}, "datetime": {"datetime": "2021-06-29 16:17:49", "elapsed": 3590.524554, "delta": 20.098315}}
{"target": 0.002878356901398429, "params": {"0": -1.01695981822564, "1": 0.330691624756315, "2": 0.03116260367518553, "3": 1.2494696506047918, "4": 2.889419032350423, "5": 0.6445934527354611, "6": 1.5972891649147662, "7": -2.727135787211256}, "datetime": {"datetime": "2021-06-29 16:18:02", "elapsed": 3603.378902, "delta": 12.854348}}
{"target": 0.004454396264367056, "params": {"0": 2.1766036012765113, "1": -0.8214015533571093, "2": 1.989869919356181, "3": -2.426874427992381, "4": -0.9266127101360695, "5": -0.9087989581590001, "6": 1.8356267583598829, "7": -1.8694515452433482}, "datetime": {"datetime": "2021-06-29 16:18:16", "elapsed": 3617.738207, "delta": 14.359305}}
{"target": 0.003753025786360666, "params": {"0": 0.8699654792693687, "1": 2.1978902536306038, "2": -1.9528371733779246, "3": -2.9737047363191538, "4": 0.6617760144210294, "5": -0.5220208883282185, "6": 2.2319146601093127, "7": -0.7567355683841965}, "datetime": {"datetime": "2021-06-29 16:18:30", "elapsed": 3630.900887, "delta": 13.16268}}
{"target": 0.005821304580612616, "params": {"0": 2.2964005995185683, "1": -2.885746352029781, "2": 1.907212818098607, "3": -2.439516461073313, "4": 0.391395248947668, "5": -0.4785525242937645, "6": 1.446758808204164, "7": -2.0343944053847043}, "datetime": {"datetime": "2021-06-29 16:18:47", "elapsed": 3647.822526, "delta": 16.921639}}
{"target": 0.046984193094457255, "params": {"0": 1.7923121565620042, "1": -1.068723609385371, "2": 1.8665180106898047, "3": -2.5461802030726375, "4": -0.42178878315707014, "5": -0.1206141364565898, "6": 2.7144529733113334, "7": -2.006875195657434}, "datetime": {"datetime": "2021-06-29 16:19:04", "elapsed": 3665.018448, "delta": 17.195922}}
{"target": 0.004272417523032419, "params": {"0": 1.5665076715668738, "1": -2.5342995494719736, "2": 0.6375330594721911, "3": -1.930956593328187, "4": 0.05773265770095781, "5": -0.662892860078208, "6": 1.8649188564581216, "7": -1.740051633529724}, "datetime": {"datetime": "2021-06-29 16:19:21", "elapsed": 3682.394686, "delta": 17.376238}}
{"target": 0.00603203985305352, "params": {"0": 2.682023113476607, "1": -0.2980134659598006, "2": -0.5332260532925783, "3": -0.39753514968239045, "4": 1.8100658190885452, "5": -2.7443233790027888, "6": 0.22532176276279703, "7": -1.1547328443389233}, "datetime": {"datetime": "2021-06-29 16:19:30", "elapsed": 3691.030955, "delta": 8.636269}}
{"target": 0.003619444244124145, "params": {"0": 0.6607228928602016, "1": 2.5138929825422576, "2": 1.1520202598465241, "3": 1.4178432442580213, "4": -0.4451800533014616, "5": -1.1483697741919896, "6": 2.500516301643163, "7": -2.3751526696635263}, "datetime": {"datetime": "2021-06-29 16:19:40", "elapsed": 3701.030886, "delta": 9.999931}}
{"target": 0.0032466515861942933, "params": {"0": -0.4806466321088676, "1": 0.29019088983685615, "2": 0.7568593323810884, "3": -0.6654681634461372, "4": -2.955435352032648, "5": -1.834606007522757, "6": -2.352118224720827, "7": -1.077996633873417}, "datetime": {"datetime": "2021-06-29 16:19:51", "elapsed": 3712.418962, "delta": 11.388076}}
{"target": 0.0031017206436265545, "params": {"0": -0.41202483724072136, "1": -2.0212834593876368, "2": 2.975829768804906, "3": -0.10341112016947562, "4": -0.2713361665355838, "5": -2.5207973598267266, "6": -0.35786100143081523, "7": 1.705671944373786}, "datetime": {"datetime": "2021-06-29 16:20:02", "elapsed": 3723.505972, "delta": 11.08701}}
{"target": 0.0042118630136363956, "params": {"0": 1.9521540752345032, "1": 1.696505188872985, "2": -2.1530346652915413, "3": -2.2895092985057808, "4": 0.7848887635007524, "5": -0.6289782704589042, "6": 1.7724007942196058, "7": -0.21820458324759429}, "datetime": {"datetime": "2021-06-29 16:20:23", "elapsed": 3743.882933, "delta": 20.376961}}
{"target": 0.0036811902377746554, "params": {"0": 0.8578995171382435, "1": -1.9694134147381506, "2": 0.09632079114477188, "3": -2.756289243971735, "4": 2.1280763120424435, "5": -2.531788791458343, "6": 2.845825992973606, "7": -0.6954707173751018}, "datetime": {"datetime": "2021-06-29 16:20:36", "elapsed": 3756.854814, "delta": 12.971881}}
{"target": 0.21506240635113807, "params": {"0": 0.8396063985870246, "1": -2.486096976617589, "2": 0.7244442206872255, "3": -1.978980503679222, "4": 2.196972401143901, "5": -2.1805677184642205, "6": 2.949743910121616, "7": -0.49489620655735944}, "datetime": {"datetime": "2021-06-29 16:21:00", "elapsed": 3780.770609, "delta": 23.915795}}
