{"target": 0.0030694448155816536, "params": {"0": 1.901010652749731, "1": 0.5662357429858664, "2": 2.85593440998543, "3": 2.409375508015928, "4": 0.5736476016158729, "5": -2.8054420481132576, "6": -2.4385374250951157, "7": -2.6077697097466417}, "datetime": {"datetime": "2021-06-29 15:18:06", "elapsed": 7.176877, "delta": 0.082004}}
{"target": 0.004318856799480291, "params": {"0": -0.28960110785114823, "1": -0.7473910009928533, "2": 2.852100205621719, "3": -1.9921002408023105, "4": 2.836725551595931, "5": 1.6048492131780785, "6": 1.9454270377469864, "7": 0.7956949006679839}, "datetime": {"datetime": "2021-06-29 15:18:06", "elapsed": 7.266285, "delta": 0.089408}}
{"target": 0.005065408027730241, "params": {"0": 1.0123966212403923, "1": -0.13870599887283985, "2": -2.9211818584615665, "3": -0.8819634867490516, "4": -0.047569191038649095, "5": 1.380547266540626, "6": -0.18822994352334455, "7": -0.25557050346341015}, "datetime": {"datetime": "2021-06-29 15:18:06", "elapsed": 7.365942, "delta": 0.099657}}
{"target": 0.003287203818569335, "params": {"0": -2.1740235543263813, "1": -2.934667597179126, "2": 1.5496695628619772, "3": -1.0802829715339297, "4": 2.906300701161064, "5": -1.678594643045064, "6": -0.967751847109922, "7": 0.14337681399678992}, "datetime": {"datetime": "2021-06-29 15:18:06", "elapsed": 7.455657, "delta": 0.089715}}
{"target": 0.0034944941759873214, "params": {"0": 1.5293487423631964, "1": -0.21685329659822639, "2": -2.2510647413299423, "3": -1.124991729047703, "4": 0.027115018205967623, "5": 1.0430940481012057, "6": 1.620899737872553, "7": -2.217985314273874}, "datetime": {"datetime": "2021-06-29 15:18:06", "elapsed": 7.547941, "delta": 0.092284}}
{"target": 0.0036125083143596155, "params": {"0": -2.862509212065709, "1": 0.11449393327193658, "2": 1.859932263974498, "3": -2.9243773978207424, "4": 1.0348190679224034, "5": 1.1208493599419507, "6": -0.3045194784801746, "7": 2.4887321204516057}, "datetime": {"datetime": "2021-06-29 15:18:06", "elapsed": 7.758578, "delta": 0.210637}}
{"target": 0.0030013352754504766, "params": {"0": 0.8661665085419576, "1": -2.968560974091205, "2": -0.09342932691374628, "3": 2.1559068365856, "4": 1.9823974202240366, "5": 0.8949251826748674, "6": 1.04219054339179, "7": 0.47099747873520315}, "datetime": {"datetime": "2021-06-29 15:18:06", "elapsed": 7.871637, "delta": 0.113059}}
{"target": 0.005487814201752121, "params": {"0": -1.355281348998887, "1": 0.3631799432163527, "2": 1.0303787089045215, "3": -0.8854222187015468, "4": 2.134970203523567, "5": -1.8297750839477562, "6": 1.4839248619915395, "7": -1.2623835228787355}, "datetime": {"datetime": "2021-06-29 15:18:06", "elapsed": 7.967664, "delta": 0.096027}}
{"target": 0.003084908468184402, "params": {"0": 1.6427957234650918, "1": -0.43357602398354267, "2": 1.8461904546732573, "3": -0.8787908239920577, "4": -1.7178405742225131, "5": 1.6037070505305993, "6": -1.1481483142160933, "7": 1.3994704063585655}, "datetime": {"datetime": "2021-06-29 15:18:07", "elapsed": 8.044978, "delta": 0.077314}}
{"target": 0.0033962485391465704, "params": {"0": 1.4668389184663928, "1": -1.6716197945507936, "2": -1.7153271790761093, "3": -1.8063124594375999, "4": -2.144889973404932, "5": -0.7375044047559953, "6": -2.840232691850271, "7": -2.3344777857945562}, "datetime": {"datetime": "2021-06-29 15:18:07", "elapsed": 8.123963, "delta": 0.078985}}
{"target": 0.0037963485935985333, "params": {"0": 1.047384142580463, "1": 1.7986592213843178, "2": -2.5168228372296846, "3": -1.6097861370852478, "4": -1.7542460291771138, "5": 2.504001378489784, "6": 1.26788710881892, "7": 0.3233076663084855}, "datetime": {"datetime": "2021-06-29 15:18:07", "elapsed": 8.2013, "delta": 0.077337}}
{"target": 0.0029908990530131694, "params": {"0": -1.1728920724762786, "1": 2.009124285790791, "2": -0.38816425422288026, "3": 2.5407372907126513, "4": 1.2363108260155986, "5": -0.13181215220829978, "6": -2.242739377503848, "7": 2.8562613028064856}, "datetime": {"datetime": "2021-06-29 15:18:07", "elapsed": 8.281116, "delta": 0.079816}}
{"target": 0.003377691314257087, "params": {"0": -2.04099809793544, "1": -1.7843872486820245, "2": -0.41290946903777437, "3": -0.5747885653491167, "4": -2.1194911154142355, "5": 1.3759135161667402, "6": -1.8675295987368843, "7": 0.8633738658699768}, "datetime": {"datetime": "2021-06-29 15:18:07", "elapsed": 8.37164, "delta": 0.090524}}
{"target": 0.0029723686324198252, "params": {"0": 1.5258357034577923, "1": -1.7356056475000756, "2": 0.6057254886458399, "3": 1.4935702514750187, "4": 0.8293122637220005, "5": 0.5827638176798944, "6": -1.2271062860670177, "7": 1.389638827449053}, "datetime": {"datetime": "2021-06-29 15:18:07", "elapsed": 8.475148, "delta": 0.103508}}
{"target": 0.0044834434490988425, "params": {"0": 2.6718506399996986, "1": -0.4466316584307184, "2": 1.693090900988432, "3": -2.663153762028508, "4": 2.011629614939795, "5": -1.8464998990671138, "6": -0.6294187866601608, "7": -1.1995137244478613}, "datetime": {"datetime": "2021-06-29 15:18:07", "elapsed": 8.748375, "delta": 0.273227}}
{"target": 0.0031796394970935804, "params": {"0": -2.519378137163704, "1": 2.427786017617457, "2": -0.7790749346775705, "3": 0.18418463085683712, "4": -0.035302404622049366, "5": -2.2070331483423713, "6": -1.7612756466634019, "7": -2.542867145806073}, "datetime": {"datetime": "2021-06-29 15:18:07", "elapsed": 8.852354, "delta": 0.103979}}
{"target": 0.003094073957410449, "params": {"0": 0.04753019967172456, "1": -1.4307026890020773, "2": -0.8576303467032487, "3": -2.351608027816579, "4": 1.7253110379150431, "5": -2.3604967392671936, "6": 2.914252942279127, "7": -1.937033013369496}, "datetime": {"datetime": "2021-06-29 15:18:07", "elapsed": 8.957224, "delta": 0.10487}}
{"target": 0.2045255148315809, "params": {"0": 0.43443067460789564, "1": -2.730927992465471, "2": 1.7226977379350048, "3": -1.8623643130902208, "4": 0.16742387044875962, "5": 1.4404652589544291, "6": -2.1004110904964644, "7": 0.30652304512183015}, "datetime": {"datetime": "2021-06-29 15:18:08", "elapsed": 9.037889, "delta": 0.080665}}
{"target": 0.0031833760743094188, "params": {"0": -1.7002967500273236, "1": 1.5551762959028679, "2": 1.3374911613372822, "3": -1.940705794337502, "4": 2.171799346002441, "5": -2.881349402901934, "6": 2.1614219845386913, "7": 0.3534228669656301}, "datetime": {"datetime": "2021-06-29 15:18:08", "elapsed": 9.121611, "delta": 0.083722}}
{"target": 0.003116420649086741, "params": {"0": -0.5806771673649047, "1": 1.5524815861340198, "2": 1.3015740101548197, "3": 2.923957048850559, "4": -1.3314897083221033, "5": -2.9772379655439445, "6": 2.6034156498893264, "7": 2.147382627227363}, "datetime": {"datetime": "2021-06-29 15:18:08", "elapsed": 9.203001, "delta": 0.08139}}
{"target": 0.0029785607453554647, "params": {"0": 1.3731052651155355, "1": 0.10013269752923026, "2": 1.2417374714925664, "3": 1.683177341260457, "4": -0.7507443387788437, "5": 1.6219351519797458, "6": 1.5037459150510522, "7": 0.6792672692655586}, "datetime": {"datetime": "2021-06-29 15:18:08", "elapsed": 9.296976, "delta": 0.093975}}
{"target": 0.004600420024144818, "params": {"0": -0.5888044561929755, "1": 1.1838481155860459, "2": -2.981322853048847, "3": 1.6493798803475865, "4": 2.3784996147410817, "5": -1.5641057553749722, "6": -2.2753968941446217, "7": -1.6782960732376344}, "datetime": {"datetime": "2021-06-29 15:18:08", "elapsed": 9.374506, "delta": 0.07753}}
{"target": 0.003197837245633342, "params": {"0": -1.1874196122594103, "1": 2.2981710513830054, "2": 0.25899858142856713, "3": -1.2797301023614165, "4": -2.1698718612423207, "5": -1.25913322137275, "6": 0.6832265384475154, "7": -1.0551688206153202}, "datetime": {"datetime": "2021-06-29 15:18:08", "elapsed": 9.462952, "delta": 0.088446}}
{"target": 0.0031558414770952326, "params": {"0": -0.25583890985400926, "1": -0.33529735790031356, "2": 1.9688121643890728, "3": -0.44191107458261625, "4": -0.925807072946986, "5": 1.0498296288546314, "6": -1.6711076655988275, "7": -0.1965250564406773}, "datetime": {"datetime": "2021-06-29 15:18:08", "elapsed": 9.679048, "delta": 0.216096}}
{"target": 0.0028577701940420037, "params": {"0": -1.1114058760559014, "1": 0.7611336129770079, "2": 2.2641628481688754, "3": -0.3138659991262287, "4": 1.7067445127515386, "5": -0.25820579663069765, "6": 0.9373759903027885, "7": -2.2089541498349874}, "datetime": {"datetime": "2021-06-29 15:18:08", "elapsed": 9.771995, "delta": 0.092947}}
{"target": 0.0029962753781008736, "params": {"0": -0.40211095819411113, "1": 2.45587193192962, "2": 0.6328740061856077, "3": 1.6006475234226123, "4": 0.02820364857536628, "5": -0.011666251031955177, "6": 2.0573990411570993, "7": -2.5931583939542775}, "datetime": {"datetime": "2021-06-29 15:18:08", "elapsed": 9.861104, "delta": 0.089109}}
{"target": 0.0074963274867267515, "params": {"0": 0.43963362929810756, "1": 2.6565754525976955, "2": 0.10716028903393138, "3": -1.833205142832693, "4": 2.087636354660857, "5": -1.490165145864883, "6": 1.204356218895228, "7": 0.24156564238139921}, "datetime": {"datetime": "2021-06-29 15:18:08", "elapsed": 9.94095, "delta": 0.079846}}
{"target": 0.0028236382675533786, "params": {"0": 2.6930177296813174, "1": 0.7460202144160553, "2": 2.027867772286376, "3": -2.952402742832861, "4": 2.9360403369998282, "5": -2.533712578005681, "6": -1.0672229183113824, "7": 2.676914372740592}, "datetime": {"datetime": "2021-06-29 15:18:08", "elapsed": 10.02461, "delta": 0.08366}}
{"target": 0.002976016310616505, "params": {"0": -2.9463653857725296, "1": 1.9363800325316127, "2": 2.167269830200766, "3": -0.36101511474856496, "4": -1.4655288371644128, "5": 1.8161371177997916, "6": -0.1328279734066733, "7": -2.193968348065823}, "datetime": {"datetime": "2021-06-29 15:18:09", "elapsed": 10.11089, "delta": 0.08628}}
{"target": 0.0029075236836782975, "params": {"0": 2.567093956950065, "1": 2.3758198020398904, "2": -0.05072909989838781, "3": 2.1402149791067533, "4": -0.48853184541540795, "5": 1.1007894009978063, "6": -0.6120561635524653, "7": 0.034452104704862485}, "datetime": {"datetime": "2021-06-29 15:18:09", "elapsed": 10.2012, "delta": 0.09031}}
{"target": 0.004955077448833689, "params": {"0": -1.8626897829964362, "1": 2.789933544665483, "2": -1.2347058705344718, "3": -2.379242663301592, "4": -2.1341075986257114, "5": -2.9154462348453425, "6": 1.2956741967743675, "7": 0.38698992144524436}, "datetime": {"datetime": "2021-06-29 15:18:09", "elapsed": 10.280358, "delta": 0.079158}}
{"target": 0.0030372682024902868, "params": {"0": 1.7674701071085135, "1": 0.04247953970481877, "2": 1.750926237024923, "3": 1.1745852856310366, "4": 1.6670908611550521, "5": -0.5611027861374822, "6": 0.8866237991248873, "7": -1.9212342138421536}, "datetime": {"datetime": "2021-06-29 15:18:09", "elapsed": 10.489584, "delta": 0.209226}}
{"target": 0.0037526428264021694, "params": {"0": -1.0690802196725762, "1": -1.964372279281245, "2": -0.5481766499204257, "3": -1.5514875122064071, "4": -0.5584680352238527, "5": 2.851334054623873, "6": -1.0780840450678124, "7": 2.8949456698493723}, "datetime": {"datetime": "2021-06-29 15:18:09", "elapsed": 10.572985, "delta": 0.083401}}
{"target": 0.0030669571246072914, "params": {"0": 0.8178367551359012, "1": -0.7494538896365341, "2": 2.1449069945015795, "3": 0.7175204362114425, "4": -1.4878015192149638, "5": 1.757134067861326, "6": -0.4023689475950216, "7": -0.8549329960173515}, "datetime": {"datetime": "2021-06-29 15:18:09", "elapsed": 10.655181, "delta": 0.082196}}
{"target": 0.0037698903454350748, "params": {"0": -1.0183383808495143, "1": 1.1842132536788368, "2": -1.3880992565626407, "3": 1.8496680822322809, "4": -1.2282672336009133, "5": 0.2647283015121431, "6": -0.07247104916878566, "7": 2.1321384755722184}, "datetime": {"datetime": "2021-06-29 15:18:09", "elapsed": 10.748972, "delta": 0.093791}}
{"target": 0.007145741146963579, "params": {"0": -0.5886569313040977, "1": 0.3182662487164006, "2": -0.5251294707907485, "3": 1.2076882975282175, "4": -1.7915022796363205, "5": 2.3727398816603817, "6": -2.968504048088314, "7": 1.0415094344848415}, "datetime": {"datetime": "2021-06-29 15:18:13", "elapsed": 14.533676, "delta": 3.784704}}
{"target": 0.002944013780202515, "params": {"0": 1.8326645457440058, "1": -2.089277674299768, "2": -1.057571424689134, "3": -0.4068204502859709, "4": 2.755325363280974, "5": 0.8844117228983053, "6": 0.26390694206398324, "7": 2.6855109494419116}, "datetime": {"datetime": "2021-06-29 15:18:14", "elapsed": 15.377922, "delta": 0.844246}}
{"target": 0.0031246010973233745, "params": {"0": -1.302789435598578, "1": 2.0206196474102356, "2": -2.8854890725770197, "3": -1.7961721955591563, "4": -0.9178609366357495, "5": -2.6713541026777787, "6": 0.1841476099709718, "7": -0.5428891058877339}, "datetime": {"datetime": "2021-06-29 15:18:15", "elapsed": 16.203931, "delta": 0.826009}}
{"target": 0.0035473916406113296, "params": {"0": -0.8044892413962761, "1": -0.18487116076279975, "2": 0.22371461225960898, "3": -1.4082527457308678, "4": 2.96911361522929, "5": -1.6570171744788817, "6": -1.489107126693877, "7": 2.36348657931336}, "datetime": {"datetime": "2021-06-29 15:18:16", "elapsed": 17.353773, "delta": 1.149842}}
{"target": 0.0030434969835551793, "params": {"0": -2.2282256584581663, "1": -2.875023798704493, "2": 2.3234362069900873, "3": 1.7965440820791834, "4": 1.8158441399526568, "5": -0.17202871719711954, "6": 1.9569456698963688, "7": 0.6031557112100909}, "datetime": {"datetime": "2021-06-29 15:18:18", "elapsed": 19.992665, "delta": 2.638892}}
{"target": 0.003526714841342445, "params": {"0": 2.7267583060559453, "1": 0.04786535489864718, "2": -1.0235860559317638, "3": 0.22583249851157738, "4": 0.547610885367682, "5": 0.31597166906364826, "6": 0.814415716547928, "7": 2.28237862058141}, "datetime": {"datetime": "2021-06-29 15:18:20", "elapsed": 21.517978, "delta": 1.525313}}
{"target": 0.0043607221650655646, "params": {"0": -2.452936526180104, "1": -0.203148573079313, "2": -2.398207407360783, "3": 1.2362869954387081, "4": 0.08545408468859028, "5": -0.07662364875884098, "6": 2.8915780865465184, "7": -1.8116486392369877}, "datetime": {"datetime": "2021-06-29 15:18:21", "elapsed": 22.587211, "delta": 1.069233}}
{"target": 0.0031252173449341143, "params": {"0": -2.5052500565274514, "1": -1.5026885130870629, "2": -1.668640257151976, "3": 2.2192051403080173, "4": -1.6291660072501821, "5": -0.505840176755525, "6": -0.7204735370388575, "7": 2.6983252880084496}, "datetime": {"datetime": "2021-06-29 15:18:22", "elapsed": 23.667693, "delta": 1.080482}}
{"target": 0.013185091386387087, "params": {"0": -1.5499133534725908, "1": 2.0410402718560006, "2": 2.1108204588650086, "3": 0.5243769006973924, "4": -1.8100327661307551, "5": -2.3342090420860844, "6": 1.321613316590355, "7": 0.7299278233367978}, "datetime": {"datetime": "2021-06-29 15:18:23", "elapsed": 24.839973, "delta": 1.17228}}
{"target": 0.0030478283115532856, "params": {"0": -1.1739330998451094, "1": 0.02491149865883102, "2": -2.9850212192235572, "3": 2.053552341898052, "4": 1.3357824783465455, "5": -1.6107040936224388, "6": -2.7532679829091573, "7": 1.581980627926268}, "datetime": {"datetime": "2021-06-29 15:18:26", "elapsed": 27.125262, "delta": 2.285289}}
{"target": 0.005279128570556704, "params": {"0": -2.093014411119242, "1": -0.6621132364384303, "2": 1.3725095334297537, "3": 0.6723838243261984, "4": 2.885060419304814, "5": -1.7952594256904333, "6": 0.26764438205238417, "7": -2.3054640310286354}, "datetime": {"datetime": "2021-06-29 15:18:27", "elapsed": 28.194215, "delta": 1.068953}}
{"target": 0.018793554485884458, "params": {"0": 0.8772887688640294, "1": 2.1371481431785124, "2": -0.8776109102371064, "3": -1.648811152361843, "4": -0.11275058028829221, "5": -0.2554917720080283, "6": 2.482866373442871, "7": -0.5281058357169588}, "datetime": {"datetime": "2021-06-29 15:18:29", "elapsed": 30.281974, "delta": 2.087759}}
{"target": 0.003426706031645831, "params": {"0": -1.066593335300281, "1": -2.0886785387061058, "2": -0.5605604554616619, "3": 1.3338993698484707, "4": -2.735695585194458, "5": -1.1312108357752377, "6": -2.1150646048595245, "7": -2.833075438632956}, "datetime": {"datetime": "2021-06-29 15:18:31", "elapsed": 32.396293, "delta": 2.114319}}
{"target": 0.004242806721854837, "params": {"0": -2.0441232414352024, "1": 0.6161974164020898, "2": -2.1115157063701897, "3": 0.008678907535003777, "4": 1.7838306180813142, "5": 1.533499432156547, "6": 0.30401320261464715, "7": -1.4691387738207242}, "datetime": {"datetime": "2021-06-29 15:18:34", "elapsed": 35.354832, "delta": 2.958539}}
{"target": 0.005839481133130093, "params": {"0": -0.5017778351162914, "1": -2.417503755977607, "2": -2.477180284796564, "3": -0.4924909157938888, "4": -1.1714389120048365, "5": 1.2552037557418814, "6": -2.643945693881516, "7": -2.1130653018731946}, "datetime": {"datetime": "2021-06-29 15:18:35", "elapsed": 36.374271, "delta": 1.019439}}
{"target": 0.005388366762759394, "params": {"0": -1.1680964955734117, "1": -0.3179636875666394, "2": -2.246650969912296, "3": -1.5004726054128052, "4": 2.383763254388091, "5": -2.4543154439582855, "6": 1.396860337844224, "7": 1.0219733987078055}, "datetime": {"datetime": "2021-06-29 15:18:37", "elapsed": 38.210936, "delta": 1.836665}}
{"target": 0.0029476977395789766, "params": {"0": 1.0705953919838596, "1": 1.4479130571388037, "2": 2.235654022540656, "3": 0.7743617053894498, "4": -2.4329630039344217, "5": -0.8223142735899218, "6": 0.8250409135081918, "7": -2.69353888681081}, "datetime": {"datetime": "2021-06-29 15:18:39", "elapsed": 40.0547, "delta": 1.843764}}
{"target": 0.0028800230451646587, "params": {"0": 2.674463624604698, "1": 2.923635232519336, "2": 0.7535788639666547, "3": -1.5762547819993844, "4": 2.1858377689809148, "5": 0.6930769254110007, "6": 1.0301931395946227, "7": -2.634132819032457}, "datetime": {"datetime": "2021-06-29 15:18:41", "elapsed": 42.092586, "delta": 2.037886}}
{"target": 0.0038540022821481404, "params": {"0": 0.38870339806007603, "1": 1.8519048977060368, "2": 2.8425813500862063, "3": -2.4602357210095036, "4": -0.17028527422075124, "5": -1.1573937178013771, "6": -2.333005606528056, "7": 1.4879575382250145}, "datetime": {"datetime": "2021-06-29 15:18:42", "elapsed": 43.199411, "delta": 1.106825}}
{"target": 0.0029900822161044046, "params": {"0": 1.8827401159152943, "1": 2.4723734082059616, "2": 1.0148990680406724, "3": 0.738309045148088, "4": -0.1665957568538019, "5": 1.8671432801333356, "6": 0.2696364995327185, "7": 2.425906591823521}, "datetime": {"datetime": "2021-06-29 15:18:43", "elapsed": 44.1174, "delta": 0.917989}}
{"target": 0.0033512122708904066, "params": {"0": 2.008701918746304, "1": 2.0649254124048815, "2": 0.95701345807917, "3": 1.4092885417155703, "4": -0.6993108879927732, "5": 1.0090616855290184, "6": -0.9700226510697973, "7": -2.583463040321673}, "datetime": {"datetime": "2021-06-29 15:18:44", "elapsed": 45.222314, "delta": 1.104914}}
{"target": 0.0030269035283607415, "params": {"0": 1.6101387062108588, "1": -1.813307634017106, "2": 1.5709555376166424, "3": 2.8238740598502057, "4": 0.16174491520886303, "5": -0.6582748904167315, "6": -1.7282223799730623, "7": 1.067753765896751}, "datetime": {"datetime": "2021-06-29 15:18:45", "elapsed": 46.539926, "delta": 1.317612}}
{"target": 0.0030517938471879415, "params": {"0": 2.4957611418075647, "1": -1.2172617654695248, "2": 1.7554675560334063, "3": 1.0329869514599483, "4": -1.2424891954654034, "5": -2.7493718028240943, "6": 0.83202474914353, "7": -1.563764617654181}, "datetime": {"datetime": "2021-06-29 15:18:48", "elapsed": 49.57756, "delta": 3.037634}}
{"target": 0.0049382879466135995, "params": {"0": -1.1377278392983592, "1": 2.5330600410208, "2": 1.5103699046618138, "3": -0.25979635335052764, "4": 1.8443665967918808, "5": 0.355347483993774, "6": -0.5730322711918028, "7": 1.2273224710937374}, "datetime": {"datetime": "2021-06-29 15:18:49", "elapsed": 50.50578, "delta": 0.92822}}
{"target": 0.0032684025150054394, "params": {"0": 0.960495573440876, "1": -2.7609451686045756, "2": -1.6369030220272334, "3": -1.1105353417687804, "4": 1.1293882262959407, "5": -0.16053792161824454, "6": -2.9179868762623355, "7": -1.5040096415259698}, "datetime": {"datetime": "2021-06-29 15:18:50", "elapsed": 51.912995, "delta": 1.407215}}
{"target": 0.0028260729693412342, "params": {"0": 2.3448432261957812, "1": 1.8688258815042857, "2": 1.6153146911040537, "3": 2.249597503556652, "4": 1.885895371625625, "5": 1.2078931951448473, "6": -0.5150677596368771, "7": -1.6063826115606472}, "datetime": {"datetime": "2021-06-29 15:18:51", "elapsed": 52.834722, "delta": 0.921727}}
{"target": 0.003850949064904612, "params": {"0": -2.1671070184694585, "1": -1.0941217454395984, "2": 1.7590583358559542, "3": 2.440708737998947, "4": 2.689027631006282, "5": -1.4593867938243095, "6": 0.6413387677560847, "7": 2.3327852586820494}, "datetime": {"datetime": "2021-06-29 15:18:53", "elapsed": 54.361132, "delta": 1.52641}}
{"target": 0.0040960925783965095, "params": {"0": -0.21210785606126503, "1": 2.83197419377837, "2": -1.394495782496689, "3": 2.001072393038565, "4": 0.5279045083290606, "5": -0.08788822056439383, "6": -1.8986056676680156, "7": -0.6085449194610169}, "datetime": {"datetime": "2021-06-29 15:18:53", "elapsed": 55.0188, "delta": 0.657668}}
{"target": 0.009724282465088411, "params": {"0": 1.9635205515905705, "1": -2.2594812731235527, "2": -0.5677206133583965, "3": -0.8734396335101557, "4": 0.10722082550216827, "5": 2.956755418779826, "6": -1.8968775862738005, "7": -0.23163866720711335}, "datetime": {"datetime": "2021-06-29 15:18:56", "elapsed": 57.520888, "delta": 2.502088}}
{"target": 0.0032877804167117173, "params": {"0": 0.22205705102370832, "1": 2.8145332357879695, "2": 1.6605678593940993, "3": -0.00918266717117966, "4": -2.4896686879624497, "5": 2.9178350696510993, "6": -2.211333976407976, "7": -1.2648236309710652}, "datetime": {"datetime": "2021-06-29 15:18:57", "elapsed": 59.011085, "delta": 1.490197}}
