{"target": 0.0032821075050174825, "params": {"0": -2.091547255782767, "1": 2.321493978802666, "2": 2.3320920414187434, "3": -2.8460363953241528, "4": 1.123937762160942, "5": 1.5907905271361598, "6": 1.8095658298468162, "7": 1.685357131887569}, "datetime": {"datetime": "2021-06-29 20:34:23", "elapsed": 1222.218886, "delta": 4.608443}}
{"target": 0.0032591656549906377, "params": {"0": 2.6358084300709157, "1": 2.3382041428940648, "2": -0.2641479560152602, "3": 0.5097543952446815, "4": -0.8200058649406099, "5": -1.8036663816191, "6": 2.2390739204653958, "7": 1.71696110499916}, "datetime": {"datetime": "2021-06-29 20:34:29", "elapsed": 1228.492611, "delta": 6.273725}}
{"target": 0.003582590407590885, "params": {"0": -1.430944618868431, "1": -1.6033230310394029, "2": -1.5437100608543801, "3": -2.4526300890725947, "4": -0.9411716288779859, "5": 0.49383257849761364, "6": 1.0286242752422012, "7": -0.6661079671763965}, "datetime": {"datetime": "2021-06-29 20:34:35", "elapsed": 1234.248479, "delta": 5.755868}}
{"target": 0.0143526994479673, "params": {"0": 1.10223403992671, "1": 2.317365881717371, "2": 0.4443661845332043, "3": -1.2629685687319558, "4": -0.9806217225589742, "5": -1.2582882150517267, "6": 2.6922098974333677, "7": -2.4772152678236337}, "datetime": {"datetime": "2021-06-29 20:34:38", "elapsed": 1237.433105, "delta": 3.184626}}
{"target": 0.004346417415152272, "params": {"0": 2.0705165246860693, "1": 1.5628801552669191, "2": 0.8844491808679855, "3": -2.4460161727148124, "4": -1.3899196236215179, "5": -1.0890984850889094, "6": -2.737824022303181, "7": -1.4646740142325114}, "datetime": {"datetime": "2021-06-29 20:34:47", "elapsed": 1245.97907, "delta": 8.545965}}
{"target": 0.003732893733812769, "params": {"0": -0.7917569244820055, "1": 1.1466384283772344, "2": -0.15343358560608777, "3": 0.9292161323265096, "4": 2.8483151563667723, "5": 1.8139051292676749, "6": 0.7674955136793558, "7": -0.9475046671609526}, "datetime": {"datetime": "2021-06-29 20:34:52", "elapsed": 1251.00652, "delta": 5.02745}}
{"target": 0.00380957952045302, "params": {"0": 1.8580931562783292, "1": -2.677575451343973, "2": 2.302527027888231, "3": 1.9668062919003448, "4": -1.3059574998167207, "5": 1.7373466424030921, "6": -1.0119248617465553, "7": 0.17074147473157453}, "datetime": {"datetime": "2021-06-29 20:34:58", "elapsed": 1257.381754, "delta": 6.375234}}
{"target": 0.008051433072957852, "params": {"0": 1.9998856633137123, "1": -1.724880801375086, "2": 1.8567143110942066, "3": 2.3671503825457787, "4": -0.8056425022774549, "5": -1.430420716845548, "6": 1.014500208643355, "7": 2.036972710968568}, "datetime": {"datetime": "2021-06-29 20:35:03", "elapsed": 1262.151393, "delta": 4.769639}}
{"target": 0.0035738971089503704, "params": {"0": -1.0619035364538407, "1": 0.7231180581213352, "2": 1.4931692715316967, "3": 1.2960879551284643, "4": 2.2102864887022475, "5": -1.7243685816843348, "6": 2.2366214395155604, "7": -0.21826285029934578}, "datetime": {"datetime": "2021-06-29 20:35:07", "elapsed": 1265.906064, "delta": 3.754671}}
{"target": 0.0034711486580365014, "params": {"0": 1.7700344082965707, "1": 2.5181365543160794, "2": 0.45052528181537754, "3": -2.5047581131870205, "4": 0.8937458340517033, "5": 2.558035764118622, "6": 0.7842825897497754, "7": -2.0927567109595593}, "datetime": {"datetime": "2021-06-29 20:35:10", "elapsed": 1269.660375, "delta": 3.754311}}
{"target": 0.0036322810327280705, "params": {"0": 2.6760657986290006, "1": 1.7894558899772468, "2": 1.3627354795828026, "3": 1.8866431814751374, "4": -1.5619871043105669, "5": 1.1631791172179433, "6": 2.2555805507603335, "7": -2.2004431360164594}, "datetime": {"datetime": "2021-06-29 20:35:14", "elapsed": 1272.707479, "delta": 3.047104}}
{"target": 0.012706584976040224, "params": {"0": -1.9853103402203731, "1": 0.6709663034233664, "2": 1.4527752232729458, "3": 1.4454448363296208, "4": 1.1284305114143018, "5": -2.3023253078012282, "6": -1.7291494016745719, "7": 2.531458172080752}, "datetime": {"datetime": "2021-06-29 20:35:18", "elapsed": 1277.519062, "delta": 4.811583}}
{"target": 0.013157622411647054, "params": {"0": -2.4348093759738663, "1": 0.9709544427230812, "2": 0.656972522989069, "3": 1.5568712079820246, "4": -2.038647813980581, "5": 2.041315069969853, "6": -2.4210016178475247, "7": -0.012174978446350515}, "datetime": {"datetime": "2021-06-29 20:35:24", "elapsed": 1283.431607, "delta": 5.912545}}
{"target": 0.002982990052120601, "params": {"0": -1.0341576627899915, "1": 2.4054361875067283, "2": 1.7121699753927633, "3": 1.2311151951906592, "4": 0.2338612911056024, "5": 0.02701831302319846, "6": 0.08621919557420643, "7": -2.950480706791459}, "datetime": {"datetime": "2021-06-29 20:35:32", "elapsed": 1290.920457, "delta": 7.48885}}
{"target": 0.008258433548330174, "params": {"0": 1.0659351053775028, "1": 0.14416178937229773, "2": 2.1489726943772194, "3": 1.760401847378036, "4": -1.7045127540341403, "5": 2.007814431297395, "6": 1.0111755177779358, "7": 0.38537964962348426}, "datetime": {"datetime": "2021-06-29 20:35:36", "elapsed": 1295.408464, "delta": 4.488007}}
{"target": 0.003913593154388871, "params": {"0": 1.428938061139112, "1": -1.500635817765808, "2": 2.3818843729721593, "3": 0.7934753542097184, "4": 1.009059004674083, "5": -1.5618726741953475, "6": 1.3734786315602232, "7": -2.624099939760768}, "datetime": {"datetime": "2021-06-29 20:35:44", "elapsed": 1303.020822, "delta": 7.612358}}
{"target": 0.002987223926317714, "params": {"0": -0.8585593422313029, "1": -1.1072309260973123, "2": -1.9704275106005065, "3": 0.544966192606394, "4": 2.736298070166029, "5": -1.7863931100759698, "6": 2.7693114146786932, "7": -2.094740731337092}, "datetime": {"datetime": "2021-06-29 20:35:47", "elapsed": 1306.339061, "delta": 3.318239}}
{"target": 0.0031699427199808187, "params": {"0": -0.8204943193675085, "1": -1.1165783742673456, "2": 0.7001958976844547, "3": -2.2861955444324007, "4": 2.030885478582767, "5": -0.6093083846690672, "6": 2.609956520055028, "7": 0.6141995389663553}, "datetime": {"datetime": "2021-06-29 20:35:52", "elapsed": 1310.887085, "delta": 4.548024}}
{"target": 0.004983705142995591, "params": {"0": -1.033428802662545, "1": 2.250149042705881, "2": 1.6584562156933584, "3": -2.5029741445013034, "4": -1.9902202891539376, "5": -1.065910311152439, "6": -1.8175802499603912, "7": -2.4984232184724893}, "datetime": {"datetime": "2021-06-29 20:35:58", "elapsed": 1317.371316, "delta": 6.484231}}
{"target": 0.008292125354463583, "params": {"0": -2.1912988970614675, "1": -1.0969017358270212, "2": -0.5685178502115069, "3": 0.06331094420134331, "4": 0.476247819442019, "5": -1.453996862569948, "6": -2.0504979733582616, "7": 2.1871915025761073}, "datetime": {"datetime": "2021-06-29 20:36:04", "elapsed": 1323.038992, "delta": 5.667676}}
{"target": 0.003005955131949281, "params": {"0": -2.815834142058992, "1": 2.8136767737886252, "2": 1.891152250247397, "3": 0.6493552008076007, "4": 2.7841976239472777, "5": 1.0014448676623458, "6": 1.8202209867127381, "7": -2.6192980521118114}, "datetime": {"datetime": "2021-06-29 20:36:12", "elapsed": 1330.764091, "delta": 7.725099}}
{"target": 0.0037518055746064765, "params": {"0": 2.763033158627217, "1": -1.3872221704413845, "2": -1.4987569720349445, "3": -2.081743410976654, "4": 1.3139045704628645, "5": 1.6107147351911424, "6": 2.74265159788525, "7": -1.8541948835592046}, "datetime": {"datetime": "2021-06-29 20:36:17", "elapsed": 1336.07164, "delta": 5.307549}}
{"target": 0.005701313882696253, "params": {"0": 1.635803121708232, "1": 1.4033118412852676, "2": 2.0376118007012787, "3": 2.842804416166672, "4": -2.7427210338077526, "5": 0.4914180425399861, "6": 0.37616357258229005, "7": -1.9969283548040213}, "datetime": {"datetime": "2021-06-29 20:36:21", "elapsed": 1340.466005, "delta": 4.394365}}
{"target": 0.0029716784020493454, "params": {"0": -0.5692036619728906, "1": -1.283268740152506, "2": 0.817935295685924, "3": -1.2668048700671106, "4": 2.4600981582814567, "5": 1.5453585131436904, "6": 2.5558701635045704, "7": 2.1449553367503906}, "datetime": {"datetime": "2021-06-29 20:36:25", "elapsed": 1343.765859, "delta": 3.299854}}
{"target": 0.002949511245189942, "params": {"0": 0.9759978473384208, "1": -1.047791896706066, "2": -1.267319785284705, "3": 1.3804444253657424, "4": 2.619023146139428, "5": 1.1947448268934027, "6": -0.35006823712860147, "7": 0.7529767895253316}, "datetime": {"datetime": "2021-06-29 20:36:29", "elapsed": 1348.012452, "delta": 4.246593}}
{"target": 0.002995124995141996, "params": {"0": 1.0618798488492693, "1": -1.4548357210361234, "2": 2.8812421450521084, "3": 1.978639832568831, "4": 1.088178268694108, "5": 0.25938090480356024, "6": -1.6388175540493282, "7": 1.5399386397309796}, "datetime": {"datetime": "2021-06-29 20:36:32", "elapsed": 1351.094865, "delta": 3.082413}}
{"target": 0.0033612719919925, "params": {"0": -2.520776619256173, "1": 2.7758828419126793, "2": 1.3830239950822882, "3": 1.6774948917376946, "4": 0.8915566358769915, "5": -0.01867966976420643, "6": -2.8636555808979702, "7": 1.5354250360235149}, "datetime": {"datetime": "2021-06-29 20:36:40", "elapsed": 1359.477173, "delta": 8.382308}}
{"target": 0.006100046246645782, "params": {"0": 2.6187107687727273, "1": -1.2764840886192204, "2": -0.8875768243003868, "3": -2.3465843307663987, "4": 0.9408673116226582, "5": 0.24948135931588622, "6": 2.9229502914387524, "7": -0.4428355049673378}, "datetime": {"datetime": "2021-06-29 20:36:45", "elapsed": 1363.779925, "delta": 4.302752}}
{"target": 0.0043114979213695745, "params": {"0": -2.955149637608814, "1": 1.3588618453642587, "2": 1.7301366729675163, "3": -0.6326671982129692, "4": -2.25465274342006, "5": -1.2116658202899109, "6": -2.5221684240825772, "7": 2.4150514505538974}, "datetime": {"datetime": "2021-06-29 20:36:53", "elapsed": 1372.260977, "delta": 8.481052}}
{"target": 0.007004401419806159, "params": {"0": 0.8428643224180634, "1": 1.0749374223372081, "2": -1.785562416754933, "3": 2.6238391110134094, "4": 2.9738527613887875, "5": -2.7109687119915638, "6": 1.204744685747782, "7": -1.9578325782589008}, "datetime": {"datetime": "2021-06-29 20:36:57", "elapsed": 1375.765061, "delta": 3.504084}}
{"target": 0.003133526322244494, "params": {"0": -0.9614745635632866, "1": -0.8702560244495796, "2": 2.3479076149358598, "3": -1.4150571228167947, "4": 0.2802915285790126, "5": 1.7853627587555394, "6": -1.782874587214309, "7": -1.672764437795314}, "datetime": {"datetime": "2021-06-29 20:37:01", "elapsed": 1380.039818, "delta": 4.274757}}
{"target": 0.003250214607750824, "params": {"0": -0.5238207449355725, "1": 2.94153190574338, "2": 1.0675034302522413, "3": -0.4643918247997867, "4": -2.4058710112643062, "5": -1.6724881443786344, "6": -1.6247999274626321, "7": 0.444857261269501}, "datetime": {"datetime": "2021-06-29 20:37:08", "elapsed": 1386.937757, "delta": 6.897939}}
{"target": 0.017082439685692268, "params": {"0": 0.4785817910782866, "1": 2.5294726190099244, "2": -0.4897874022708901, "3": 2.0189625917205545, "4": 0.6954057847922366, "5": -2.8242380467421393, "6": 2.4262900848680884, "7": 0.1665248663871104}, "datetime": {"datetime": "2021-06-29 20:37:12", "elapsed": 1391.651823, "delta": 4.714066}}
{"target": 0.006279386080942671, "params": {"0": -2.5696637194479353, "1": 0.9976700504031815, "2": -2.8636070311482746, "3": 1.7521958182574284, "4": -1.4352754685420408, "5": 2.296726916503255, "6": 2.5725195873922697, "7": -1.314270198261207}, "datetime": {"datetime": "2021-06-29 20:37:17", "elapsed": 1396.528423, "delta": 4.8766}}
{"target": 0.005042074721717504, "params": {"0": 2.1539672768444786, "1": 2.6597581372903107, "2": -2.919885967506842, "3": 1.2095790224225338, "4": -2.1154799790282603, "5": 2.179905148798385, "6": 1.9449630539516445, "7": -2.5835332358159673}, "datetime": {"datetime": "2021-06-29 20:37:28", "elapsed": 1407.279494, "delta": 10.751071}}
{"target": 0.0031585243877097404, "params": {"0": 1.0497294539631756, "1": 0.4412588449777872, "2": -0.07500105265261814, "3": 2.9727205418085783, "4": -0.0975155435300934, "5": 1.8903455590607763, "6": 0.7869767621878676, "7": -2.41414990293244}, "datetime": {"datetime": "2021-06-29 20:37:38", "elapsed": 1417.188017, "delta": 9.908523}}
{"target": 0.03456857702146454, "params": {"0": 1.3018124719604138, "1": -0.5036902798510914, "2": 2.3745074065011877, "3": -1.9987778465361996, "4": -0.07344334832107124, "5": 0.3831658745509383, "6": -1.1634507980980564, "7": 0.6269074315740228}, "datetime": {"datetime": "2021-06-29 20:37:44", "elapsed": 1423.266089, "delta": 6.078072}}
{"target": 0.004392794756891427, "params": {"0": -0.24505268939055158, "1": -2.5148539069105444, "2": -1.6106870994509181, "3": -1.3852028298147732, "4": -1.7302455535710026, "5": 2.7021585402911645, "6": -2.9606038732321576, "7": 1.279827585396542}, "datetime": {"datetime": "2021-06-29 20:37:52", "elapsed": 1430.756864, "delta": 7.490775}}
{"target": 0.003890833676540689, "params": {"0": 0.4063193692551641, "1": 2.42027916421093, "2": 1.012636926138864, "3": -0.5257153347881625, "4": 0.20148568577203374, "5": -2.379075020935894, "6": -2.9734607353347053, "7": 1.8977647364109584}, "datetime": {"datetime": "2021-06-29 20:37:58", "elapsed": 1437.442398, "delta": 6.685534}}
{"target": 0.0042931361410239914, "params": {"0": -2.5916750468746037, "1": -1.8507254554247328, "2": 2.045944235326309, "3": -0.29175517736713985, "4": 2.025260222963065, "5": 0.7433480357367217, "6": 2.023676382135065, "7": 1.907187872258426}, "datetime": {"datetime": "2021-06-29 20:38:04", "elapsed": 1443.426034, "delta": 5.983636}}
{"target": 0.0034157176205853925, "params": {"0": 2.9230801471323185, "1": -1.4052397946928887, "2": -0.7208785854063224, "3": 1.5125807302617646, "4": -2.4180270957827523, "5": 0.11878545726498668, "6": -2.250230154111425, "7": -2.6111046204218296}, "datetime": {"datetime": "2021-06-29 20:38:09", "elapsed": 1448.141488, "delta": 4.715454}}
{"target": 0.011736725591508951, "params": {"0": -2.2797528312691204, "1": -1.6203088530678975, "2": 1.1576955942241627, "3": -0.4519034635403818, "4": -1.1989579674234938, "5": -1.8890909208218052, "6": -1.850996399479792, "7": -0.8096865605291286}, "datetime": {"datetime": "2021-06-29 20:38:15", "elapsed": 1454.568388, "delta": 6.4269}}
{"target": 0.0038494970458926754, "params": {"0": -0.07112767512228535, "1": -1.310641641889341, "2": -1.944847555941124, "3": -2.5139698609195316, "4": -2.8921009775654163, "5": 0.1553442077158138, "6": 2.835588610301997, "7": -2.1377772687332177}, "datetime": {"datetime": "2021-06-29 20:38:27", "elapsed": 1466.620291, "delta": 12.051903}}
{"target": 0.0034957300025772516, "params": {"0": -0.9038220940931994, "1": -1.9068497572607448, "2": -1.8006842933415883, "3": 0.02763726801727051, "4": 1.8263038797792683, "5": 2.757781353450363, "6": -1.8836611419193985, "7": -2.2041183512587437}, "datetime": {"datetime": "2021-06-29 20:38:34", "elapsed": 1472.81216, "delta": 6.191869}}
{"target": 0.0041532654498559534, "params": {"0": 0.7841035856806307, "1": 0.3159908074611666, "2": -1.517403231699309, "3": -1.4105923419724065, "4": 1.8553044459973247, "5": -2.7694153107363855, "6": -1.0683173415093221, "7": -1.8319827993972393}, "datetime": {"datetime": "2021-06-29 20:38:40", "elapsed": 1478.829842, "delta": 6.017682}}
{"target": 0.004896635963167545, "params": {"0": 1.6839382570765462, "1": -2.3002828013260412, "2": -1.1414474741568525, "3": -1.3749230154705452, "4": -2.6629840121032426, "5": -2.1546989414477675, "6": 0.11786739953287562, "7": 0.03227107271498175}, "datetime": {"datetime": "2021-06-29 20:38:46", "elapsed": 1485.667154, "delta": 6.837312}}
{"target": 0.004095261137206701, "params": {"0": 0.8946131120408052, "1": 0.4187629610327206, "2": -1.7428047558363806, "3": -1.4833816714812418, "4": 2.123557854587883, "5": 2.6260634816678854, "6": -1.540048306658319, "7": 2.6263400155020395}, "datetime": {"datetime": "2021-06-29 20:38:58", "elapsed": 1496.948778, "delta": 11.281624}}
{"target": 0.012804472909721722, "params": {"0": 1.2031680448198063, "1": 0.5960060390059763, "2": -1.7603753431780305, "3": -2.730189793440579, "4": -2.1423028941649687, "5": 1.4110076465637924, "6": -0.6993164068565907, "7": 2.3137002376884865}, "datetime": {"datetime": "2021-06-29 20:39:03", "elapsed": 1502.179884, "delta": 5.231106}}
{"target": 0.0037613766362224305, "params": {"0": 2.016897039331452, "1": 0.8989806820689248, "2": 0.2775301840762907, "3": 0.40359653146497765, "4": 2.884211138136205, "5": 1.1313672792778542, "6": -2.0002060937416, "7": -0.12458539848138139}, "datetime": {"datetime": "2021-06-29 20:39:10", "elapsed": 1509.574946, "delta": 7.395062}}
{"target": 0.003811224697809599, "params": {"0": -1.3189414171921072, "1": -1.236019375250493, "2": -0.7945815114103896, "3": -1.4386540980604774, "4": -2.8794399277970726, "5": -0.3726125254417667, "6": 2.9326571909280137, "7": 2.018994758949285}, "datetime": {"datetime": "2021-06-29 20:39:16", "elapsed": 1514.99515, "delta": 5.420204}}
{"target": 0.0038497399576446377, "params": {"0": -2.312294802768486, "1": 0.5956190640358399, "2": -0.011777737717227232, "3": -1.3835091428079056, "4": -2.654950299208428, "5": 0.9902534781152692, "6": -0.812189421018827, "7": 2.9047354972482156}, "datetime": {"datetime": "2021-06-29 20:39:20", "elapsed": 1519.368262, "delta": 4.373112}}
{"target": 0.004895067490099152, "params": {"0": 0.5984667021179382, "1": 2.7455736842706155, "2": -1.695432812881966, "3": -1.4769108708487217, "4": -0.5832689779632672, "5": -2.117505964392193, "6": 1.1249611780513167, "7": 0.15397513328419388}, "datetime": {"datetime": "2021-06-29 20:39:28", "elapsed": 1527.274688, "delta": 7.906426}}
{"target": 0.0030363671375052675, "params": {"0": -0.44472055431545954, "1": -2.840175424717225, "2": 2.0280531370840524, "3": 1.1071453849298418, "4": -1.0973878107494535, "5": 2.296628571959248, "6": -1.6625997748515522, "7": 1.0338716672149744}, "datetime": {"datetime": "2021-06-29 20:39:34", "elapsed": 1533.294284, "delta": 6.019596}}
{"target": 0.0035465305992900464, "params": {"0": 1.2710747980167465, "1": 2.127997353272585, "2": 1.4316826680184818, "3": 0.606944804935921, "4": 2.9834598047306216, "5": -2.1266597820215134, "6": 0.48885866638141184, "7": -1.2850127340403532}, "datetime": {"datetime": "2021-06-29 20:39:40", "elapsed": 1538.745172, "delta": 5.450888}}
{"target": 0.00432734356430215, "params": {"0": -1.646625351983006, "1": 2.0192204625623997, "2": -2.2395541998728783, "3": -1.121417809875141, "4": -0.7064086323266654, "5": -1.2242998785744228, "6": -0.06264471633581525, "7": 1.0040363172504119}, "datetime": {"datetime": "2021-06-29 20:39:44", "elapsed": 1543.350659, "delta": 4.605487}}
{"target": 0.00403382264649554, "params": {"0": -2.866964097026316, "1": 1.9847205455306467, "2": 0.35271539391786977, "3": 2.1245398765022054, "4": -2.3972430087926035, "5": -0.5087790662275049, "6": 0.7720239742411819, "7": 0.8952609087981398}, "datetime": {"datetime": "2021-06-29 20:39:56", "elapsed": 1555.176914, "delta": 11.826255}}
{"target": 0.007138948956235806, "params": {"0": 1.8277069057610404, "1": 0.8033811510065503, "2": 1.2997466935886894, "3": -2.8252828620190655, "4": -1.8951966891856478, "5": -2.5249157475536386, "6": 1.2841779116013434, "7": -0.009546247450281875}, "datetime": {"datetime": "2021-06-29 20:40:03", "elapsed": 1562.10184, "delta": 6.924926}}
{"target": 0.002933284573146212, "params": {"0": -0.980851071635545, "1": 1.847476226048701, "2": -2.0467887442078894, "3": 2.5970700558296773, "4": 2.854081072840877, "5": -0.12183030122868876, "6": 0.676705333690053, "7": 2.5431177261535804}, "datetime": {"datetime": "2021-06-29 20:40:18", "elapsed": 1577.085247, "delta": 14.983407}}
{"target": 0.0031694727441423406, "params": {"0": -2.448822394050143, "1": 2.3253976745269096, "2": 2.896218197141402, "3": -0.13835064826389898, "4": 1.7923508257107645, "5": 1.9775624948964392, "6": -0.7385460230132734, "7": -2.7713859221426196}, "datetime": {"datetime": "2021-06-29 20:40:25", "elapsed": 1584.54209, "delta": 7.456843}}
{"target": 0.004289206140695503, "params": {"0": -2.582901388981636, "1": -1.8739035953320216, "2": 1.5090880270047808, "3": -2.6593976078354618, "4": -0.4316312404802618, "5": -2.5323782811335036, "6": 1.1826205190511647, "7": -0.25152496606490704}, "datetime": {"datetime": "2021-06-29 20:40:32", "elapsed": 1590.876025, "delta": 6.333935}}
{"target": 0.003326667992943433, "params": {"0": -0.5890794565468349, "1": 1.175190630710473, "2": 1.219632593053265, "3": 0.24827296282673927, "4": -2.722601674989675, "5": 2.016417169531948, "6": -2.7170130453040446, "7": 0.41741715700610804}, "datetime": {"datetime": "2021-06-29 20:40:41", "elapsed": 1599.856134, "delta": 8.980109}}
{"target": 0.00508094513648299, "params": {"0": -0.4125387990746212, "1": -1.6191326377000541, "2": 1.4929915854519509, "3": -1.6689410968254448, "4": -0.14660340763106783, "5": -1.616617415071666, "6": -0.3718693677798264, "7": -0.25059221139015}, "datetime": {"datetime": "2021-06-29 20:40:47", "elapsed": 1605.934836, "delta": 6.078702}}
{"target": 0.0035713988855898124, "params": {"0": 2.7161624800388697, "1": -0.9211258597930434, "2": 0.9384962776928791, "3": 0.7646906250769057, "4": 2.2333812214101316, "5": -1.9194136406766753, "6": -0.5559056746275264, "7": 1.0144368817274039}, "datetime": {"datetime": "2021-06-29 20:40:56", "elapsed": 1615.349943, "delta": 9.415107}}
{"target": 0.004427923402122567, "params": {"0": 1.4809194284215783, "1": 2.041139057660069, "2": -1.2414549983564755, "3": 2.8643675833879065, "4": 1.2087174140639405, "5": -2.768478214287427, "6": -0.7317723794307618, "7": -0.3254554867380737}, "datetime": {"datetime": "2021-06-29 20:41:04", "elapsed": 1623.034669, "delta": 7.684726}}
