{"target": 0.004121709917663695, "params": {"0": 1.7797015324312095, "1": -0.8693079027835378, "2": 1.601775257496839, "3": -2.1331427686191424, "4": -0.6853467308467023, "5": -0.4765699081758483, "6": 2.009716418695783, "7": -1.3987877613423418}, "datetime": {"datetime": "2021-06-29 15:39:54", "elapsed": 1315.336294, "delta": 3.010194}}
{"target": 0.004204475096439142, "params": {"0": 2.3526378193574082, "1": 2.1246003604120762, "2": 0.7279465378857033, "3": -1.8131987711353035, "4": 0.18126657992230033, "5": -2.2397448829635858, "6": -0.6146841088170567, "7": -1.448033028356818}, "datetime": {"datetime": "2021-06-29 15:39:58", "elapsed": 1319.607068, "delta": 4.270774}}
{"target": 0.0030033570506856487, "params": {"0": -0.421622090509441, "1": 2.669984827225976, "2": -1.952039485735149, "3": 2.353918596535083, "4": -1.9859069751526859, "5": -2.061378077990402, "6": -0.0091654796470797, "7": -2.225718374888799}, "datetime": {"datetime": "2021-06-29 15:40:02", "elapsed": 1323.658435, "delta": 4.051367}}
{"target": 0.0032003337766203124, "params": {"0": -0.16778156356953255, "1": 2.474252645087435, "2": -1.66557559784143, "3": 2.1629010450412265, "4": -1.3481759701963978, "5": -1.1176917599587595, "6": -0.6958955162260221, "7": -2.3605769490713473}, "datetime": {"datetime": "2021-06-29 15:40:09", "elapsed": 1329.986855, "delta": 6.32842}}
{"target": 0.005642504357253052, "params": {"0": -1.9161182547214546, "1": -2.846194715832323, "2": 2.573266126843551, "3": 1.9148069509826247, "4": 0.06411318888033257, "5": 1.3734672048027425, "6": 0.5029389635215997, "7": -2.9920143022888004}, "datetime": {"datetime": "2021-06-29 15:40:13", "elapsed": 1334.663223, "delta": 4.676368}}
{"target": 0.0035976134955134735, "params": {"0": -2.0549353881116392, "1": -0.8546423151730558, "2": 0.5228132019352518, "3": 1.7787205718163692, "4": -0.6538711066444725, "5": -1.3909505599388816, "6": -2.8121779722207707, "7": 2.590593046375087}, "datetime": {"datetime": "2021-06-29 15:40:20", "elapsed": 1341.600373, "delta": 6.93715}}
{"target": 0.0032718337999209156, "params": {"0": 2.698518572170177, "1": 0.1575618630245108, "2": -1.6313837404244436, "3": 1.362589697378974, "4": -2.190709774992321, "5": 2.3394687479810132, "6": -2.0817309431207955, "7": -1.0051837860492518}, "datetime": {"datetime": "2021-06-29 15:40:24", "elapsed": 1345.566109, "delta": 3.965736}}
{"target": 0.0032471575888122634, "params": {"0": 2.6171109352207393, "1": -1.2103433242255157, "2": 1.3507287007464779, "3": 1.519965109694124, "4": -2.041665603356946, "5": 0.36229469600899433, "6": 0.9432550014387542, "7": 2.2174421397595667}, "datetime": {"datetime": "2021-06-29 15:40:30", "elapsed": 1351.50279, "delta": 5.936681}}
{"target": 0.01525759193838648, "params": {"0": -1.4543011430075776, "1": -1.8424119035647035, "2": 1.0266390783564532, "3": -2.746698321814713, "4": 2.398494232727897, "5": -2.9587357474344493, "6": -0.4702310890792498, "7": -0.6254858703212545}, "datetime": {"datetime": "2021-06-29 15:40:36", "elapsed": 1357.666283, "delta": 6.163493}}
{"target": 0.0035806929671708294, "params": {"0": -0.6678280180946272, "1": 0.5109020523299748, "2": 2.482448193801713, "3": 0.9766554919257198, "4": 0.7986723390284709, "5": 0.8372123367935078, "6": 2.524854158868343, "7": -1.8516920371447767}, "datetime": {"datetime": "2021-06-29 15:40:41", "elapsed": 1362.502461, "delta": 4.836178}}
{"target": 0.0032870638698078145, "params": {"0": -1.9148359673537523, "1": 2.556913213219932, "2": 1.3559922862067237, "3": -2.248941207034632, "4": -0.11202575793965686, "5": 2.581178806019384, "6": 1.8841855895064956, "7": 1.7596573021397717}, "datetime": {"datetime": "2021-06-29 15:40:45", "elapsed": 1366.637618, "delta": 4.135157}}
{"target": 0.021667022496910996, "params": {"0": -2.820596914042034, "1": 0.5344443290146614, "2": -2.572733841567793, "3": 1.0129244904767667, "4": 2.8621846738942276, "5": -1.6372148679475287, "6": 2.193627155502587, "7": -2.844108629700736}, "datetime": {"datetime": "2021-06-29 15:40:50", "elapsed": 1371.033882, "delta": 4.396264}}
{"target": 0.06931559363005903, "params": {"0": 1.3152599334649038, "1": 2.0078607462962603, "2": -1.2467460049279704, "3": -2.6062286976749425, "4": 0.10731596344839733, "5": -1.0253084342198515, "6": 1.9268880550480487, "7": -0.668773924661827}, "datetime": {"datetime": "2021-06-29 15:40:56", "elapsed": 1376.749659, "delta": 5.715777}}
{"target": 0.0090764727254245, "params": {"0": -2.482025627943078, "1": 2.217612493876482, "2": -0.5089574691880983, "3": 0.9016367447767832, "4": -0.22829962367045376, "5": -2.617220122047966, "6": -0.7374210903500833, "7": -2.2010122892098423}, "datetime": {"datetime": "2021-06-29 15:41:00", "elapsed": 1380.950365, "delta": 4.200706}}
{"target": 0.0036910135910335697, "params": {"0": 0.9925500059084458, "1": -0.15897887381871012, "2": -0.554029869800789, "3": 1.6258164236819699, "4": 0.10139166299617886, "5": 1.0024809508773762, "6": -0.3724753535461538, "7": 1.7536034009248782}, "datetime": {"datetime": "2021-06-29 15:41:05", "elapsed": 1386.663311, "delta": 5.712946}}
{"target": 0.004516196965115164, "params": {"0": -2.484906262402615, "1": 2.677890561273794, "2": -2.6338285294619483, "3": -1.4453310496060123, "4": 0.28120480275171333, "5": -0.7520347609176676, "6": -1.8649534788828026, "7": 2.6222647973825737}, "datetime": {"datetime": "2021-06-29 15:41:11", "elapsed": 1392.172875, "delta": 5.509564}}
{"target": 0.0037172658606220025, "params": {"0": 0.4619481351565229, "1": 0.6390663230813036, "2": 0.4973647280194511, "3": 0.6730139208903223, "4": -2.9875987679608413, "5": -1.7266807528791925, "6": 0.10001826439534334, "7": -2.6778500610939133}, "datetime": {"datetime": "2021-06-29 15:41:15", "elapsed": 1396.655849, "delta": 4.482974}}
{"target": 0.007067578083139837, "params": {"0": 0.933999611393606, "1": -1.7481767103812957, "2": 0.6758553142041452, "3": -1.814681997987031, "4": 1.9352973742547253, "5": -2.593170203574647, "6": 2.466750663255776, "7": 0.21846918017539174}, "datetime": {"datetime": "2021-06-29 15:41:23", "elapsed": 1403.979472, "delta": 7.323623}}
{"target": 0.004160547301528537, "params": {"0": 1.493234123913945, "1": 2.417943817711076, "2": 0.13936045545181397, "3": -1.8484239206973545, "4": -0.6325264930063899, "5": -0.45711749099370813, "6": 2.8522769688850342, "7": -0.16284089794361245}, "datetime": {"datetime": "2021-06-29 15:41:32", "elapsed": 1413.206133, "delta": 9.226661}}
{"target": 0.003139795709957055, "params": {"0": 1.5659678983870364, "1": 1.3084644087589803, "2": -2.3960899786094068, "3": -1.3590767582317382, "4": 1.0427532264380943, "5": 1.530471808630903, "6": 2.529764231354564, "7": -0.9444841388593663}, "datetime": {"datetime": "2021-06-29 15:41:39", "elapsed": 1420.165123, "delta": 6.95899}}
{"target": 0.004726608220582973, "params": {"0": 0.15328220034964612, "1": 2.2465460416883634, "2": -2.578921227378727, "3": 0.6578468065629663, "4": -1.9502025518148751, "5": -2.9131677180872977, "6": 0.33068423088203547, "7": 0.055204237720045235}, "datetime": {"datetime": "2021-06-29 15:41:43", "elapsed": 1423.868316, "delta": 3.703193}}
{"target": 0.004155703190338631, "params": {"0": 2.346649260276825, "1": -0.41861286429882005, "2": -1.4150735865753679, "3": -2.0482520226537346, "4": 0.11830076051635086, "5": 0.053045630328320215, "6": 1.5822116342170265, "7": 0.09310976363094703}, "datetime": {"datetime": "2021-06-29 15:41:47", "elapsed": 1428.152285, "delta": 4.283969}}
{"target": 0.03696916574613816, "params": {"0": 1.878702997681188, "1": -1.5913737321866788, "2": 0.01446440400528104, "3": -1.853556697071989, "4": 1.8775962846442606, "5": -2.791601301041487, "6": 1.503494667626886, "7": 0.3372307359374265}, "datetime": {"datetime": "2021-06-29 15:41:53", "elapsed": 1434.348139, "delta": 6.195854}}
{"target": 0.003155095692550058, "params": {"0": 2.158322450790254, "1": 0.514099700892924, "2": -0.29453923721961095, "3": 2.6170517904104837, "4": 0.08665080257709423, "5": 2.1650010440153347, "6": 2.453112376949245, "7": -1.9451008548327409}, "datetime": {"datetime": "2021-06-29 15:41:58", "elapsed": 1439.518452, "delta": 5.170313}}
{"target": 0.004277100797473383, "params": {"0": 1.7542476117666297, "1": 1.2455131132325974, "2": -0.7401509422683672, "3": -2.1213157320198395, "4": 0.5006251131931156, "5": -0.6813534266140251, "6": 1.695967294782812, "7": -1.1557604820729053}, "datetime": {"datetime": "2021-06-29 15:42:03", "elapsed": 1444.584687, "delta": 5.066235}}
{"target": 0.003549814743584684, "params": {"0": 2.506039835547064, "1": 1.7803300173750536, "2": -0.15721545898097133, "3": -1.512643053815608, "4": -0.8084777171887296, "5": -0.2578503090207054, "6": 2.5203730210358497, "7": -0.317566812291429}, "datetime": {"datetime": "2021-06-29 15:42:07", "elapsed": 1448.295169, "delta": 3.710482}}
{"target": 0.0034109236298318774, "params": {"0": 0.9287803491141986, "1": -0.9391246401370337, "2": 1.871585879897701, "3": 0.7638842482306298, "4": 0.8882074482198896, "5": -0.7243080581107049, "6": -0.36554740169843836, "7": -2.5649825796822325}, "datetime": {"datetime": "2021-06-29 15:42:12", "elapsed": 1453.527079, "delta": 5.23191}}
{"target": 0.003155371972615825, "params": {"0": 0.5955918548347481, "1": -2.83039725316324, "2": 1.540275033653046, "3": -1.4941732979877373, "4": 0.16591328003276296, "5": 2.273991186831805, "6": -2.0895886448743743, "7": 0.6804969074143381}, "datetime": {"datetime": "2021-06-29 15:42:18", "elapsed": 1459.025511, "delta": 5.498432}}
{"target": 0.0032733311000707546, "params": {"0": -2.575818619991558, "1": 0.6197908454883292, "2": -2.573188128728183, "3": 2.798439050351991, "4": -2.0520371717085197, "5": 0.7681865835605559, "6": -2.3801863631296856, "7": -1.185926623956221}, "datetime": {"datetime": "2021-06-29 15:42:22", "elapsed": 1463.357249, "delta": 4.331738}}
{"target": 0.005316772012663245, "params": {"0": 2.2669356624401615, "1": -0.1629053306179431, "2": -1.1950116874631729, "3": -2.5818722080024576, "4": 0.9217846547530018, "5": -1.8894011491097191, "6": 1.5965829143722585, "7": 0.31741210587334834}, "datetime": {"datetime": "2021-06-29 15:42:33", "elapsed": 1474.239809, "delta": 10.88256}}
{"target": 0.003961825493843754, "params": {"0": 1.507373109709313, "1": -1.9839878737601757, "2": 1.426193048185043, "3": -1.905365143648301, "4": -0.19104285343926142, "5": -1.0393647805165718, "6": 1.3350995349230788, "7": -1.7881310896036864}, "datetime": {"datetime": "2021-06-29 15:42:40", "elapsed": 1481.455868, "delta": 7.216059}}
{"target": 0.0034530767105599544, "params": {"0": 0.5376221035315867, "1": -1.0764557705337305, "2": 1.896935291803377, "3": 1.419321054640112, "4": -0.6402481271994169, "5": -2.3482827640334905, "6": -2.0680287792203433, "7": -0.0628313091733288}, "datetime": {"datetime": "2021-06-29 15:42:46", "elapsed": 1487.646644, "delta": 6.190776}}
{"target": 0.006485044320372839, "params": {"0": 1.3568415628414545, "1": -0.2944420384569373, "2": -1.878558730906471, "3": -2.813819406622885, "4": 0.2541443534667236, "5": -2.8889076123958652, "6": 1.5842916973128913, "7": 1.149444022385909}, "datetime": {"datetime": "2021-06-29 15:42:55", "elapsed": 1496.520481, "delta": 8.873837}}
{"target": 0.01607071560262151, "params": {"0": 2.412820777063172, "1": -0.4731941282400056, "2": -0.5375902803695718, "3": -2.131702878463444, "4": 1.0390757664844728, "5": -2.6157078726475484, "6": 1.00094234208966, "7": -0.07563575341971962}, "datetime": {"datetime": "2021-06-29 15:43:03", "elapsed": 1504.694611, "delta": 8.17413}}
{"target": 0.0031828463738054727, "params": {"0": 1.0268637559306137, "1": 1.362538962170369, "2": -1.3435298416092143, "3": -1.4163000223145408, "4": -1.5265442832640408, "5": 0.22643412588149125, "6": 2.4887897673410917, "7": -1.1926918453497741}, "datetime": {"datetime": "2021-06-29 15:43:09", "elapsed": 1510.318756, "delta": 5.624145}}
{"target": 0.0034249900013355716, "params": {"0": -1.9245988128632083, "1": 2.290948658598424, "2": -2.778163595183466, "3": -0.5864261104709252, "4": 2.665419319022307, "5": -2.532017977655655, "6": 1.8767562865101999, "7": -0.3905532010690216}, "datetime": {"datetime": "2021-06-29 15:43:16", "elapsed": 1517.154026, "delta": 6.83527}}
{"target": 0.0034708242242828214, "params": {"0": 1.6268718005730527, "1": -0.2814117908521663, "2": -0.8171245769614863, "3": -2.4680581967908646, "4": 0.24833020527756666, "5": -1.865632845007373, "6": 0.4205055085577154, "7": -0.0037046779069753732}, "datetime": {"datetime": "2021-06-29 15:43:26", "elapsed": 1527.459893, "delta": 10.305867}}
{"target": 0.0038318401528849616, "params": {"0": -0.18791781004664276, "1": 0.16997580298901438, "2": -0.47230321120885943, "3": 0.3893439488993593, "4": -1.6036730908636414, "5": 2.177225404810752, "6": -2.8632301450042883, "7": 0.45743384594764747}, "datetime": {"datetime": "2021-06-29 15:43:31", "elapsed": 1532.520118, "delta": 5.060225}}
{"target": 0.0030774744392858097, "params": {"0": -2.62328887498085, "1": 2.9867355823597554, "2": 0.3110082059389585, "3": 0.5248198344880941, "4": 1.3703940808003292, "5": -0.8267455214314339, "6": -2.0464934893161004, "7": -0.6973975910522467}, "datetime": {"datetime": "2021-06-29 15:43:37", "elapsed": 1538.68945, "delta": 6.169332}}
{"target": 0.005289009372236884, "params": {"0": 1.488117301858578, "1": -0.8336733808436465, "2": 1.6600291829135099, "3": 1.1608590519497204, "4": -2.262593612798427, "5": 2.4243564468589742, "6": -2.784596208165909, "7": 2.402423086211148}, "datetime": {"datetime": "2021-06-29 15:43:45", "elapsed": 1546.033179, "delta": 7.343729}}
{"target": 0.0033605711841173135, "params": {"0": -0.7356722780945235, "1": 2.3958852426330584, "2": -1.5689057995985871, "3": 2.2571494204834366, "4": -1.365349710787045, "5": -1.3434543209694032, "6": -0.2263052217886239, "7": -2.7055946145574246}, "datetime": {"datetime": "2021-06-29 15:43:58", "elapsed": 1559.04768, "delta": 13.014501}}
{"target": 0.003286256918394932, "params": {"0": -0.08222652707226263, "1": -0.30025199615144427, "2": 1.046549621401784, "3": 0.6687238261559538, "4": 1.8783447586745954, "5": -1.030583126058016, "6": 0.9524857130906894, "7": 0.5079007502061748}, "datetime": {"datetime": "2021-06-29 15:44:04", "elapsed": 1565.033694, "delta": 5.986014}}
{"target": 0.0036501842614228668, "params": {"0": 2.0171724688011174, "1": -2.2187407415136096, "2": 0.02804525025665061, "3": -2.690422633750917, "4": 1.8428982638124953, "5": -2.4871530871698617, "6": 2.687708507419087, "7": -0.3707963746060541}, "datetime": {"datetime": "2021-06-29 15:44:10", "elapsed": 1571.062049, "delta": 6.028355}}
{"target": 0.005075543478941216, "params": {"0": -1.4562208361805504, "1": -0.3568964800101142, "2": -2.808076206027388, "3": -1.662652206751729, "4": -1.5078324664766316, "5": 2.8725363369679595, "6": -1.1150986416518511, "7": 0.3364817257815744}, "datetime": {"datetime": "2021-06-29 15:44:14", "elapsed": 1575.154267, "delta": 4.092218}}
{"target": 0.004760179931950009, "params": {"0": 0.868118132122377, "1": 1.831716185986104, "2": -0.6819893106173791, "3": -0.28848750342890295, "4": -0.665124585296029, "5": -1.9512615169232324, "6": 1.1468389244808188, "7": 0.939043823720688}, "datetime": {"datetime": "2021-06-29 15:44:17", "elapsed": 1578.605868, "delta": 3.451601}}
{"target": 0.003349529553543176, "params": {"0": 2.378836650436904, "1": -1.1264271215715718, "2": -0.4959834329342865, "3": -1.405763171658318, "4": 0.9674867451561635, "5": -2.560264436230417, "6": 1.806914414081592, "7": 0.2418776996751575}, "datetime": {"datetime": "2021-06-29 15:44:26", "elapsed": 1587.027601, "delta": 8.421733}}
{"target": 0.0037193366522654727, "params": {"0": 2.2197029216165047, "1": 2.289453448678282, "2": -0.1525324209693526, "3": -2.0717435010284833, "4": -1.0938850310547188, "5": 0.28322862919020775, "6": 2.310969189715424, "7": 0.3065691137676776}, "datetime": {"datetime": "2021-06-29 15:44:33", "elapsed": 1594.344358, "delta": 7.316757}}
{"target": 0.0034984541444505997, "params": {"0": 1.163603594166986, "1": 0.22086699452911596, "2": 1.3795055696911458, "3": 1.1394288643296626, "4": 0.12537683617723605, "5": 0.4204015972297164, "6": -2.5778503229828917, "7": 2.0874892536019196}, "datetime": {"datetime": "2021-06-29 15:44:39", "elapsed": 1599.907291, "delta": 5.562933}}
{"target": 0.007560345986003176, "params": {"0": 1.9114937310406281, "1": 1.210489827458213, "2": 0.6489390932970442, "3": 1.6761433135261434, "4": -1.5368865234706701, "5": -1.7517205513887364, "6": 2.2638877679957528, "7": -2.4159119664464574}, "datetime": {"datetime": "2021-06-29 15:44:50", "elapsed": 1611.106658, "delta": 11.199367}}
{"target": 0.0034297025812933973, "params": {"0": 2.8953195618613865, "1": 0.8253539681934763, "2": -1.961752291369684, "3": -0.7361946926225578, "4": 0.034973132694464226, "5": 0.23982601243022827, "6": -2.6879616528247725, "7": -1.1626212788647647}, "datetime": {"datetime": "2021-06-29 15:44:56", "elapsed": 1617.135673, "delta": 6.029015}}
{"target": 0.008415213283352114, "params": {"0": 0.41435993044355257, "1": 2.7232483471841658, "2": -2.3611767166584237, "3": 1.4681969895635456, "4": -1.1465165954995635, "5": 1.5985379475462373, "6": 0.10863620829258114, "7": 0.3208583050981231}, "datetime": {"datetime": "2021-06-29 15:45:02", "elapsed": 1622.996734, "delta": 5.861061}}
{"target": 0.0033785487905488845, "params": {"0": 1.3642850121279526, "1": -1.4666334992144767, "2": 0.7375207395272394, "3": -1.5191582815698375, "4": -2.0530796232887756, "5": 0.16952463625370706, "6": -2.5017750781010912, "7": 1.598979039308901}, "datetime": {"datetime": "2021-06-29 15:45:11", "elapsed": 1632.067495, "delta": 9.070761}}
{"target": 0.0034969788946391366, "params": {"0": -2.118476410417169, "1": -0.21238640574604473, "2": -1.8204663424495926, "3": -2.0401309979885554, "4": 0.29733767295360014, "5": -1.4579457421907112, "6": 2.7088951457894233, "7": 2.887783682352257}, "datetime": {"datetime": "2021-06-29 15:45:19", "elapsed": 1640.086898, "delta": 8.019403}}
{"target": 0.007421166502926429, "params": {"0": 1.933211077349278, "1": 1.7724688843477763, "2": -0.005610653476396443, "3": -1.5342782157121173, "4": -1.4618292901757204, "5": -0.30179010983609533, "6": 1.579154913872129, "7": -0.9194820266805843}, "datetime": {"datetime": "2021-06-29 15:45:25", "elapsed": 1646.116235, "delta": 6.029337}}
{"target": 0.010986978859181224, "params": {"0": -0.9307313101345089, "1": -2.1203784412487217, "2": -2.7996127908579878, "3": -1.5680448182323818, "4": -2.4136754903033264, "5": 2.5587299672608896, "6": -2.050437953742695, "7": -0.9861638049999821}, "datetime": {"datetime": "2021-06-29 15:45:31", "elapsed": 1651.817689, "delta": 5.701454}}
{"target": 0.006887588078080216, "params": {"0": 2.473709614853135, "1": 2.0390085277395507, "2": -1.983596045351961, "3": -0.7915336884056314, "4": -0.38584437507458347, "5": -2.7363253008456083, "6": 2.7474743202714684, "7": -2.418882916774529}, "datetime": {"datetime": "2021-06-29 15:45:36", "elapsed": 1657.697854, "delta": 5.880165}}
{"target": 0.003503114077950484, "params": {"0": -0.5065183897909851, "1": -2.1853811259536533, "2": -1.868251505833421, "3": -0.09318538751037275, "4": 1.6038387102424618, "5": -1.5019998125207883, "6": 1.4088672531225015, "7": -1.2494166043917971}, "datetime": {"datetime": "2021-06-29 15:45:39", "elapsed": 1660.69629, "delta": 2.998436}}
{"target": 0.0055949280758877205, "params": {"0": -0.06553415115994454, "1": -2.678650628992458, "2": -1.5655370631692371, "3": 1.4021046986078307, "4": -0.6499175468334579, "5": 1.8257096681008722, "6": 2.6395765980036066, "7": -1.202953507159336}, "datetime": {"datetime": "2021-06-29 15:45:44", "elapsed": 1664.985001, "delta": 4.288711}}
{"target": 0.2998627453093533, "params": {"0": 1.642560971361677, "1": 1.636274310857286, "2": -0.9889276423738202, "3": -2.000730867801324, "4": -0.14091001289161653, "5": -0.4038049328753228, "6": 2.2569366837777123, "7": 0.27442648828269833}, "datetime": {"datetime": "2021-06-29 15:45:57", "elapsed": 1678.05083, "delta": 13.065829}}
{"target": 0.0033720673840414916, "params": {"0": 1.2971297384509555, "1": -2.1089010823451835, "2": 1.2547993590395858, "3": -2.070656886936557, "4": 1.8817849066482584, "5": -2.8370322253190583, "6": 2.97964696389559, "7": -0.614256996151803}, "datetime": {"datetime": "2021-06-29 15:46:03", "elapsed": 1684.444119, "delta": 6.393289}}
{"target": 0.004151004554622495, "params": {"0": -2.5982725470425114, "1": -2.118203801674872, "2": 0.10044009558407785, "3": 2.9956177763726215, "4": -0.3543835742866448, "5": 0.6209383361718666, "6": -1.2622724331794193, "7": -1.2513095067872968}, "datetime": {"datetime": "2021-06-29 15:46:08", "elapsed": 1689.660103, "delta": 5.215984}}
{"target": 0.0038228070593576183, "params": {"0": -1.182707184168493, "1": 0.39861957342702725, "2": 1.6851968814788547, "3": -1.7003279145911951, "4": -0.9390411380610115, "5": -1.5260762605635398, "6": 1.0384128934469796, "7": -1.9930331663759706}, "datetime": {"datetime": "2021-06-29 15:46:13", "elapsed": 1694.323644, "delta": 4.663541}}
{"target": 0.003882800995993648, "params": {"0": 1.250995622327201, "1": -2.1288163435669145, "2": 0.5904954580880695, "3": -2.077486730447965, "4": 0.7156893885959583, "5": -0.5923141874445328, "6": 1.2669964690910103, "7": -2.188610426351489}, "datetime": {"datetime": "2021-06-29 15:46:21", "elapsed": 1702.374545, "delta": 8.050901}}
{"target": 0.01353073908193671, "params": {"0": -0.7763885603220082, "1": -2.39143720496794, "2": -1.782316360618648, "3": -2.345289947676547, "4": 1.9213744377173239, "5": -0.8779614103997515, "6": 1.0264180413765596, "7": -0.6672196468188965}, "datetime": {"datetime": "2021-06-29 15:46:27", "elapsed": 1708.055483, "delta": 5.680938}}
