{"target": 0.0032777072203790097, "params": {"0": 2.9228408359173335, "1": -1.463486618348667, "2": 1.0024288273590312, "3": -1.6107703001158724, "4": 0.4115315081749005, "5": 0.1981459938469312, "6": -2.4942929029438625, "7": -2.2984695008114775}, "datetime": {"datetime": "2021-06-29 21:31:10", "elapsed": 4629.395734, "delta": 12.11888}}
{"target": 0.004880046036460922, "params": {"0": 1.8055957167072556, "1": 0.9210161821461282, "2": 2.2373555965292375, "3": 1.7391987129007376, "4": -0.8768610889872455, "5": -0.11898748617382804, "6": 1.2693408774101398, "7": 2.3596333256729896}, "datetime": {"datetime": "2021-06-29 21:31:21", "elapsed": 4640.731649, "delta": 11.335915}}
{"target": 0.0029180307228246286, "params": {"0": -2.7488137847455025, "1": 0.83652930399548, "2": 0.21909004126457754, "3": -0.007874881719812876, "4": -0.0988904536769919, "5": 2.807234886237004, "6": 0.04648990299289402, "7": 2.6876031969135754}, "datetime": {"datetime": "2021-06-29 21:31:37", "elapsed": 4656.273028, "delta": 15.541379}}
{"target": 0.003140766172108942, "params": {"0": 1.4553017569919309, "1": 1.5523404438560764, "2": -1.210804200074261, "3": -2.6676714796590817, "4": -0.6510342204675608, "5": 2.080495481273303, "6": -0.21535481097703535, "7": -1.9801516874748513}, "datetime": {"datetime": "2021-06-29 21:31:53", "elapsed": 4672.641722, "delta": 16.368694}}
{"target": 0.0035663902185661357, "params": {"0": 0.05186532820970502, "1": 2.2320359787086215, "2": -2.7016572715460665, "3": 2.6624479314174447, "4": 0.02325264683055117, "5": -1.5591425806357708, "6": 0.7853514379480808, "7": 0.7313013853367529}, "datetime": {"datetime": "2021-06-29 21:32:12", "elapsed": 4691.711543, "delta": 19.069821}}
{"target": 0.005360014527539079, "params": {"0": 2.291080519094912, "1": 2.0060915099508083, "2": 1.2442023888026439, "3": -1.8683045898857316, "4": -1.5955639247737385, "5": 1.6971228153877123, "6": 1.8928023064462947, "7": 0.11135985198986287}, "datetime": {"datetime": "2021-06-29 21:32:52", "elapsed": 4731.205007, "delta": 39.493464}}
{"target": 0.005260541141216311, "params": {"0": 0.42627358421368555, "1": 0.087257753289252, "2": -0.177205536646599, "3": -1.2956376396851819, "4": -0.6801477996976946, "5": 0.43137114921455844, "6": 2.007131809005262, "7": -1.8856483457397637}, "datetime": {"datetime": "2021-06-29 21:33:06", "elapsed": 4744.825917, "delta": 13.62091}}
{"target": 0.0038715800355348788, "params": {"0": -1.8233758477328814, "1": -2.347789558977647, "2": 1.3525827386054958, "3": -2.523571879753762, "4": 1.0798636160866968, "5": -1.156156839791522, "6": -0.9908047349187354, "7": -0.015883793909991617}, "datetime": {"datetime": "2021-06-29 21:33:25", "elapsed": 4763.845031, "delta": 19.019114}}
{"target": 0.0035679227195006213, "params": {"0": -2.8028941012517965, "1": -1.255042246212897, "2": 0.9344518561002815, "3": -0.7129974393353771, "4": -1.2245767871629232, "5": -2.0345855353326936, "6": -1.3616130882799637, "7": -0.9981830595505428}, "datetime": {"datetime": "2021-06-29 21:33:45", "elapsed": 4783.897085, "delta": 20.052054}}
{"target": 0.009670584119884555, "params": {"0": 0.7822326896317078, "1": 1.8423749558507252, "2": -2.7781450104936374, "3": -0.8429148982558043, "4": 0.781047398519557, "5": -0.8776012639548534, "6": -2.1028608318528925, "7": 2.448140364012194}, "datetime": {"datetime": "2021-06-29 21:34:01", "elapsed": 4800.525021, "delta": 16.627936}}
{"target": 0.0053753972398920165, "params": {"0": -0.08986017681255642, "1": 0.1573973810512337, "2": -2.023125274127766, "3": 1.0048939312577714, "4": 1.1559696872875342, "5": 2.8768795776646083, "6": -1.6566334461776668, "7": -0.6217369505938914}, "datetime": {"datetime": "2021-06-29 21:34:40", "elapsed": 4839.270091, "delta": 38.74507}}
{"target": 0.0042149729634505815, "params": {"0": -1.308879175662167, "1": 1.6463365357036421, "2": 2.0387825272440345, "3": -1.4903877066461289, "4": -0.08792412254385962, "5": 1.6023674644998618, "6": 1.2580006177113434, "7": 0.17462732810959825}, "datetime": {"datetime": "2021-06-29 21:35:04", "elapsed": 4863.199866, "delta": 23.929775}}
{"target": 0.0031748251475818673, "params": {"0": 1.8631568516024775, "1": 2.6811483156396276, "2": 2.8324986585095786, "3": -0.3853159993951243, "4": 0.16439226945668572, "5": 0.5247729894510069, "6": 0.8466936074144007, "7": -1.1448065691452636}, "datetime": {"datetime": "2021-06-29 21:35:17", "elapsed": 4876.031035, "delta": 12.831169}}
{"target": 0.00296167752006389, "params": {"0": 0.5432683537889571, "1": 0.15756507624201532, "2": 2.0935328057248563, "3": -2.9784293496185796, "4": 2.1148533979086483, "5": 2.482928208931085, "6": 2.0129644850062505, "7": 1.9617220485534625}, "datetime": {"datetime": "2021-06-29 21:35:33", "elapsed": 4891.808486, "delta": 15.777451}}
{"target": 0.00410038777269419, "params": {"0": -2.2096020558388596, "1": 0.8755879725348299, "2": 2.819912710731505, "3": -0.6140658821457841, "4": 1.2729781267926388, "5": -0.5698593110214047, "6": -2.9799854954130485, "7": 2.9264809290669263}, "datetime": {"datetime": "2021-06-29 21:35:44", "elapsed": 4903.700537, "delta": 11.892051}}
{"target": 0.0033276739780119494, "params": {"0": -2.307499405070585, "1": 2.763145217776672, "2": -1.7027896493441326, "3": 0.4092044730384998, "4": -2.9488203534964015, "5": 0.9390397628731839, "6": 2.2260279488463093, "7": 2.392192406529144}, "datetime": {"datetime": "2021-06-29 21:36:09", "elapsed": 4928.51416, "delta": 24.813623}}
{"target": 0.004702641448260996, "params": {"0": -0.18562278823078238, "1": 0.7300077013217106, "2": -0.09083881284077266, "3": -0.04207031263689087, "4": -2.7214408960656873, "5": -0.2914290779377362, "6": -2.1375818477553956, "7": 2.259002394120299}, "datetime": {"datetime": "2021-06-29 21:36:23", "elapsed": 4942.009219, "delta": 13.495059}}
{"target": 0.004161722693674575, "params": {"0": -1.8226316846205977, "1": 0.4585555370327068, "2": 0.8219786821606814, "3": -1.9771662921258641, "4": -1.087742914229746, "5": -0.1977299820062024, "6": 2.267706659968294, "7": -0.09916977961018647}, "datetime": {"datetime": "2021-06-29 21:36:37", "elapsed": 4956.181017, "delta": 14.171798}}
{"target": 0.00397227249456197, "params": {"0": 2.4135178752758186, "1": -2.903623607677126, "2": -0.5460733722450684, "3": 0.6804022533994387, "4": -0.9498223885732866, "5": 0.7416816563315707, "6": -2.352004941802991, "7": 0.9115985831520965}, "datetime": {"datetime": "2021-06-29 21:36:54", "elapsed": 4973.517942, "delta": 17.336925}}
{"target": 0.003259767794398048, "params": {"0": 1.6137425438256443, "1": -0.9414746737076563, "2": -0.5214705111998255, "3": -1.7587263538005886, "4": -0.11852096327490758, "5": 0.7269110884091026, "6": 2.410523009176827, "7": -1.9937665636985153}, "datetime": {"datetime": "2021-06-29 21:37:06", "elapsed": 4984.889214, "delta": 11.371272}}
{"target": 0.003406028899123892, "params": {"0": -1.4495135773497567, "1": -2.6656940800583393, "2": -0.10141213712524566, "3": -0.18603505362058703, "4": 2.3293082856598533, "5": -0.95815523213995, "6": 2.9192984051385853, "7": -0.3770423596792907}, "datetime": {"datetime": "2021-06-29 21:37:19", "elapsed": 4998.254309, "delta": 13.365095}}
{"target": 0.003108544296286655, "params": {"0": 0.1531877510342765, "1": 2.119769603448753, "2": -0.12226254791942281, "3": -0.5432549577568588, "4": 2.686857285243504, "5": 1.6126151761427296, "6": -1.470984598044215, "7": -2.7516796262826304}, "datetime": {"datetime": "2021-06-29 21:37:35", "elapsed": 5013.93571, "delta": 15.681401}}
{"target": 0.028039855253380257, "params": {"0": 0.5651994080686058, "1": 1.57055433077924, "2": 1.468074254847063, "3": -1.9883959137133804, "4": 0.21019991368978808, "5": 1.090985772175224, "6": -0.5758430513966535, "7": -2.198980859063031}, "datetime": {"datetime": "2021-06-29 21:37:49", "elapsed": 5028.463044, "delta": 14.527334}}
{"target": 0.0056811579762636386, "params": {"0": 1.1408344820892156, "1": 0.529321058225027, "2": -0.5636025680747307, "3": -0.28870750606821094, "4": 0.6285241125495302, "5": -0.2923151683102425, "6": -1.073419736280802, "7": -2.3499237675117963}, "datetime": {"datetime": "2021-06-29 21:38:10", "elapsed": 5048.890742, "delta": 20.427698}}
{"target": 0.004482862926615173, "params": {"0": -0.784355277100393, "1": -0.892176757050577, "2": 0.7508334533245993, "3": -1.8885027411328925, "4": 0.7917337284640276, "5": -1.8270141758206826, "6": -2.0156462946502183, "7": -2.5299961951495478}, "datetime": {"datetime": "2021-06-29 21:38:44", "elapsed": 5083.212889, "delta": 34.322147}}
{"target": 0.005753410941231906, "params": {"0": -2.2439962958423445, "1": 2.575007814520096, "2": 2.6884028338762684, "3": -0.7673725878337674, "4": -1.2931844798332817, "5": -2.069593596849249, "6": -0.3004249155252845, "7": -2.6796290001621896}, "datetime": {"datetime": "2021-06-29 21:38:56", "elapsed": 5095.011112, "delta": 11.798223}}
{"target": 0.0038709909923156567, "params": {"0": 0.0013504882387995742, "1": 0.12730016017039336, "2": -1.0163479727936962, "3": 0.4974028973471558, "4": -2.870701772226286, "5": 2.338558798545659, "6": 1.0443204472327894, "7": 1.8160233960442733}, "datetime": {"datetime": "2021-06-29 21:39:08", "elapsed": 5107.557246, "delta": 12.546134}}
{"target": 0.002984183143432135, "params": {"0": 2.201086604775311, "1": 2.0574325530366613, "2": 1.2149946825232636, "3": 0.47962054952764976, "4": 2.133093420722995, "5": 0.15346338530896997, "6": -2.2561194285355577, "7": -0.7609419446781285}, "datetime": {"datetime": "2021-06-29 21:39:23", "elapsed": 5122.616601, "delta": 15.059355}}
{"target": 0.003333640290663633, "params": {"0": -0.3568204835469295, "1": -2.9328741577854114, "2": -0.45072670433430684, "3": 2.894654280120892, "4": -2.4017158484726835, "5": 1.0906407502719961, "6": -2.5942182290622426, "7": 2.227319768431272}, "datetime": {"datetime": "2021-06-29 21:39:36", "elapsed": 5135.24621, "delta": 12.629609}}
{"target": 0.0034014533307743493, "params": {"0": 2.099356765307789, "1": -2.286891044264367, "2": -1.0703592718792414, "3": 1.6132363488667298, "4": -1.1485594137181894, "5": -0.7089247142016557, "6": -0.10021424783575039, "7": -1.0352022051547447}, "datetime": {"datetime": "2021-06-29 21:39:53", "elapsed": 5152.720363, "delta": 17.474153}}
{"target": 0.0037830801540274556, "params": {"0": 2.5214785384160745, "1": -1.138224200076849, "2": 0.9214715816529861, "3": -1.5102392293632714, "4": -0.3611088094767938, "5": 2.396586900431733, "6": -0.24887893431517272, "7": -2.1194310969709997}, "datetime": {"datetime": "2021-06-29 21:40:04", "elapsed": 5163.506057, "delta": 10.785694}}
{"target": 0.0036894719449311933, "params": {"0": 2.0132528937161815, "1": 1.4815206832464352, "2": -1.4251095535761071, "3": 1.3706738280247484, "4": -1.1844665440624245, "5": 2.730306558309479, "6": 0.6175818219073621, "7": -0.49709269650371946}, "datetime": {"datetime": "2021-06-29 21:40:18", "elapsed": 5176.789227, "delta": 13.28317}}
{"target": 0.0030823758342025374, "params": {"0": -2.835437590053688, "1": -0.8781064457862477, "2": 0.5967687326738265, "3": -2.3069263923397054, "4": -0.7044068416118048, "5": 1.8367016184453515, "6": -2.3873388689070474, "7": -2.8353651736251035}, "datetime": {"datetime": "2021-06-29 21:40:40", "elapsed": 5199.673141, "delta": 22.883914}}
{"target": 0.003579395450948665, "params": {"0": -0.05785762695094876, "1": 0.3994286596746588, "2": -1.1872282874119666, "3": 1.109784467822978, "4": -1.176819765299931, "5": 1.098162841387813, "6": -2.151416843411122, "7": -1.3732439075849932}, "datetime": {"datetime": "2021-06-29 21:41:01", "elapsed": 5220.170738, "delta": 20.497597}}
{"target": 0.003275340562045739, "params": {"0": -2.0571302888960528, "1": -2.957313216984572, "2": -0.6844574266260288, "3": -1.5159840238062277, "4": -1.877851063870501, "5": 2.689582042762102, "6": 0.39859502485927667, "7": 0.8776352263848537}, "datetime": {"datetime": "2021-06-29 21:41:18", "elapsed": 5236.840076, "delta": 16.669338}}
{"target": 0.01239274449566339, "params": {"0": -1.5244700422390174, "1": -1.3831496078073608, "2": 2.506447858530925, "3": 2.444864895728929, "4": 1.1821504630590267, "5": -0.2624153892828609, "6": 1.58744152617414, "7": -2.4316525504285766}, "datetime": {"datetime": "2021-06-29 21:41:34", "elapsed": 5253.387489, "delta": 16.547413}}
{"target": 0.003251951282149096, "params": {"0": -2.390893182002853, "1": 1.0647893137950382, "2": 0.7010128614803257, "3": 2.6505458895472325, "4": -0.3852806456615028, "5": -0.7174460558518465, "6": 1.2049717011391525, "7": 0.4179696714963801}, "datetime": {"datetime": "2021-06-29 21:42:18", "elapsed": 5296.912051, "delta": 43.524562}}
{"target": 0.015038637329961507, "params": {"0": 1.5257509929901119, "1": -1.3010701895353318, "2": -0.6289752351068785, "3": -1.4282781223570313, "4": 1.155766349036024, "5": -2.875365043702555, "6": 2.21612222259436, "7": -0.07248776922493239}, "datetime": {"datetime": "2021-06-29 21:42:40", "elapsed": 5319.689602, "delta": 22.777551}}
{"target": 0.00969947696388717, "params": {"0": 1.8460389393652425, "1": -2.0930853362625563, "2": -1.8493857141328363, "3": 1.2078516538133393, "4": -0.33486736247353033, "5": -1.080000696549483, "6": 1.6331427660271212, "7": 0.19762882464158604}, "datetime": {"datetime": "2021-06-29 21:42:54", "elapsed": 5333.346077, "delta": 13.656475}}
{"target": 0.003219193233831472, "params": {"0": -0.7614558946760681, "1": 0.7891493929387341, "2": -0.26980232508245905, "3": -2.830446632801041, "4": 0.7988289312348087, "5": 2.903253701483533, "6": -0.9625350293920052, "7": -1.3569343485462078}, "datetime": {"datetime": "2021-06-29 21:43:24", "elapsed": 5363.185264, "delta": 29.839187}}
{"target": 0.00508279785880477, "params": {"0": 0.41210770372118155, "1": -0.38994049134756814, "2": -1.0756208918723296, "3": -2.9616629091648403, "4": 1.4923028204140136, "5": 0.021016130586154702, "6": 1.1316351009699002, "7": 0.45566580782881605}, "datetime": {"datetime": "2021-06-29 21:43:50", "elapsed": 5389.286003, "delta": 26.100739}}
{"target": 0.0032066458836863304, "params": {"0": 2.1076992920516835, "1": 2.461034179062289, "2": 2.2717765544014714, "3": 2.632308195672339, "4": -0.995213480997637, "5": 0.24998856787739943, "6": -2.673742920892499, "7": 2.217780345559734}, "datetime": {"datetime": "2021-06-29 21:44:05", "elapsed": 5404.538501, "delta": 15.252498}}
{"target": 0.0033584221886284876, "params": {"0": -2.4666993443991485, "1": 2.1141567267107213, "2": 0.9148010026741664, "3": -1.8143449455179055, "4": 1.1070812111509012, "5": -2.4732881519153707, "6": -0.08364723286472753, "7": 0.7235125361391876}, "datetime": {"datetime": "2021-06-29 21:44:28", "elapsed": 5427.291204, "delta": 22.752703}}
{"target": 0.003738882347414, "params": {"0": 2.5022510969471714, "1": 2.8061180383494877, "2": 2.0216068004578354, "3": -0.5797102003657093, "4": -1.446609057443284, "5": -1.3801153143795737, "6": 1.6282250869866974, "7": 0.5288516035394375}, "datetime": {"datetime": "2021-06-29 21:44:50", "elapsed": 5449.486811, "delta": 22.195607}}
{"target": 0.002972509741360668, "params": {"0": -2.471033156374303, "1": 2.1040930606272044, "2": 2.9560483178741555, "3": 1.656034219087398, "4": 2.6823287311039596, "5": -1.4181444531704337, "6": 2.697854100258753, "7": 0.41162055127723063}, "datetime": {"datetime": "2021-06-29 21:45:05", "elapsed": 5464.336758, "delta": 14.849947}}
{"target": 0.002945620898082226, "params": {"0": -1.3812155399517319, "1": -0.005898863149080391, "2": -2.6031996346138877, "3": 1.0951194884898054, "4": 1.5444408073083604, "5": -1.0473846548519463, "6": -0.9169389172705795, "7": 0.40453752361691553}, "datetime": {"datetime": "2021-06-29 21:45:21", "elapsed": 5479.867252, "delta": 15.530494}}
{"target": 0.0039007484389063604, "params": {"0": 1.8043388972878462, "1": 0.5308214109411336, "2": 2.3343793014736782, "3": -0.29246186350827186, "4": -1.0318049381182985, "5": 2.6157509580304152, "6": -0.6965304000773114, "7": -0.42255932411474006}, "datetime": {"datetime": "2021-06-29 21:45:38", "elapsed": 5497.42437, "delta": 17.557118}}
{"target": 0.0032596854875865376, "params": {"0": 1.6869325624737659, "1": -0.8866243106459879, "2": 0.3700588076028506, "3": -1.1044569729097136, "4": 2.414298553648429, "5": 2.7722590810723187, "6": 1.1858658889780838, "7": -0.37545887655630894}, "datetime": {"datetime": "2021-06-29 21:45:56", "elapsed": 5514.793975, "delta": 17.369605}}
{"target": 0.0037644000770407503, "params": {"0": 1.9676725012316751, "1": -0.38374065233980614, "2": 2.6582050708984406, "3": -0.08564879166945172, "4": -0.34909165863182423, "5": -0.7140370522985835, "6": -0.5921817065611013, "7": 1.5368043530583018}, "datetime": {"datetime": "2021-06-29 21:46:30", "elapsed": 5549.190591, "delta": 34.396616}}
{"target": 0.0031888075198249, "params": {"0": -1.0253837594356763, "1": -2.571308012836381, "2": -0.15980446781084634, "3": -2.155153607109914, "4": 2.284926910971776, "5": 1.0477092486849582, "6": -2.92350694431041, "7": -0.8966445678308843}, "datetime": {"datetime": "2021-06-29 21:46:50", "elapsed": 5569.297133, "delta": 20.106542}}
{"target": 0.004215006488423335, "params": {"0": 1.9542233059985215, "1": 1.4045767702228185, "2": 0.2561700976635155, "3": -0.970074409832411, "4": -1.9901238086348856, "5": -0.6522678504817678, "6": -2.1215801656743616, "7": -2.8885806791675543}, "datetime": {"datetime": "2021-06-29 21:47:07", "elapsed": 5586.159353, "delta": 16.86222}}
{"target": 0.0030277168826316585, "params": {"0": -0.5809372305368878, "1": 0.5709640504633002, "2": 1.740800094631478, "3": -0.919658107161685, "4": 2.663425677647412, "5": 2.759336152801321, "6": -2.360793266174448, "7": -2.7839574157642355}, "datetime": {"datetime": "2021-06-29 21:47:22", "elapsed": 5601.002846, "delta": 14.843493}}
{"target": 0.003441936928312992, "params": {"0": 1.5457514570810513, "1": 0.9190227940927267, "2": 2.4075847652418583, "3": 2.6188205453696476, "4": -1.467204703275981, "5": -2.3759234737436508, "6": -1.757657923063466, "7": 1.6029714944199416}, "datetime": {"datetime": "2021-06-29 21:47:32", "elapsed": 5611.731137, "delta": 10.728291}}
{"target": 0.005126710582596753, "params": {"0": 0.5789528044818719, "1": 2.616867832985001, "2": 2.418089817580114, "3": 0.2464177910267633, "4": 1.0232531445581978, "5": -0.9677092958206304, "6": 2.755282733712421, "7": -2.1751679145232057}, "datetime": {"datetime": "2021-06-29 21:48:12", "elapsed": 5650.898513, "delta": 39.167376}}
{"target": 0.0028738382125394093, "params": {"0": -2.3649026136238507, "1": 1.457924089619918, "2": 2.5557913363948943, "3": 2.3905934404475584, "4": 2.6608615080903615, "5": 1.005954641796265, "6": -2.9811511586928736, "7": -0.7032075506528974}, "datetime": {"datetime": "2021-06-29 21:48:26", "elapsed": 5665.678573, "delta": 14.78006}}
{"target": 0.0030567261907242654, "params": {"0": -2.708076985145729, "1": 1.4853558205082873, "2": 0.5455038620448569, "3": -0.4933947806206085, "4": 1.1421844466573416, "5": 1.7056452658880925, "6": -1.466302257196492, "7": 2.2636365354065164}, "datetime": {"datetime": "2021-06-29 21:48:44", "elapsed": 5683.626417, "delta": 17.947844}}
{"target": 0.0032826902931816777, "params": {"0": 1.897337447030691, "1": -0.9876156494989603, "2": 0.728272392337026, "3": 1.5240838431302626, "4": 2.8597294108015188, "5": 0.006299167509997705, "6": -1.4349282448242446, "7": 0.5026429829504448}, "datetime": {"datetime": "2021-06-29 21:49:08", "elapsed": 5707.724891, "delta": 24.098474}}
{"target": 0.003918863021007847, "params": {"0": -0.7591130132453743, "1": -1.8495470666134288, "2": -2.6423326203580624, "3": -0.09405640213891964, "4": 1.876704139284791, "5": 0.04410719242398642, "6": 2.2434295199302214, "7": 2.8476289846056817}, "datetime": {"datetime": "2021-06-29 21:49:30", "elapsed": 5729.184699, "delta": 21.459808}}
{"target": 0.009431810589720115, "params": {"0": -0.3237495834319679, "1": 1.1876915090192863, "2": -2.6558885720019756, "3": 0.6021755846866439, "4": 1.3031688586015617, "5": -1.5755057450317833, "6": 2.4730905184893315, "7": 2.0923969366185196}, "datetime": {"datetime": "2021-06-29 21:49:45", "elapsed": 5744.261272, "delta": 15.076573}}
{"target": 0.0032185459578057615, "params": {"0": 2.6369539426042694, "1": 1.8633182625106581, "2": -2.327328897871465, "3": -2.8470362650666976, "4": 1.7086735533823836, "5": -1.4024296264305882, "6": -2.5051258567942067, "7": -0.018581907575997647}, "datetime": {"datetime": "2021-06-29 21:49:55", "elapsed": 5754.054604, "delta": 9.793332}}
{"target": 0.0029367761950980327, "params": {"0": 2.214257398732041, "1": 0.9806850044532274, "2": 2.5410345949095596, "3": 0.4825581836412325, "4": -1.3998477641894433, "5": -1.5427006521702424, "6": -0.3043294714040723, "7": -0.2401414167150211}, "datetime": {"datetime": "2021-06-29 21:50:15", "elapsed": 5774.042433, "delta": 19.987829}}
{"target": 0.0036845083638982613, "params": {"0": -0.8108877211976391, "1": 0.4123378113112528, "2": 0.3624702790180141, "3": -1.8658421269307095, "4": 0.8864415863590613, "5": -0.6786266833854473, "6": -2.4100028847623087, "7": -1.344489306156212}, "datetime": {"datetime": "2021-06-29 21:50:37", "elapsed": 5796.10459, "delta": 22.062157}}
{"target": 0.0037518362085887055, "params": {"0": 0.29695478171999756, "1": 0.61989935898049, "2": -2.093459127407846, "3": -1.403306177268021, "4": 0.1789054097617946, "5": -1.6768408969052115, "6": -0.06623839074581772, "7": 0.15156970305839135}, "datetime": {"datetime": "2021-06-29 21:50:55", "elapsed": 5814.676823, "delta": 18.572233}}
{"target": 0.005822619570400591, "params": {"0": 1.040291633329467, "1": -2.7604115608765376, "2": 0.9548169614732798, "3": -0.33504899250729725, "4": -0.6445984422218229, "5": -0.5718819980944652, "6": -0.3126527705586084, "7": -2.844157831914692}, "datetime": {"datetime": "2021-06-29 21:51:09", "elapsed": 5828.059267, "delta": 13.382444}}
