{"target": 0.0029688058995563783, "params": {"0": 1.3736552059376193, "1": -1.4035485715326845, "2": -0.05853938126007474, "3": 0.7313766464528495, "4": 2.769077941114505, "5": -1.8373437461508972, "6": -2.6265840384066745, "7": -0.069900928281724}, "datetime": {"datetime": "2021-06-29 20:24:26", "elapsed": 625.276814, "delta": 3.06611}}
{"target": 0.0033862213565641897, "params": {"0": 1.2021785246305399, "1": 1.6201918825448116, "2": 2.905744375341751, "3": -2.2092247092503925, "4": 0.003741256627946221, "5": -1.4620039871457657, "6": -1.2899936835510526, "7": -2.128963144852391}, "datetime": {"datetime": "2021-06-29 20:24:29", "elapsed": 628.223159, "delta": 2.946345}}
{"target": 0.0031332948727229386, "params": {"0": 0.9704305107836522, "1": 0.2804073602923305, "2": -0.37551928077732066, "3": 2.452315247098472, "4": 0.0439236053869978, "5": -1.6683858347449672, "6": -1.8960355092004657, "7": 2.308547366285489}, "datetime": {"datetime": "2021-06-29 20:24:32", "elapsed": 631.139938, "delta": 2.916779}}
{"target": 0.0033088072335229262, "params": {"0": 2.496072082903596, "1": -2.2262327824194683, "2": 1.0712465835866745, "3": -0.9462168500747272, "4": 1.1214432041428548, "5": 1.7290459592793521, "6": -2.0569520264157086, "7": 0.05357395387142683}, "datetime": {"datetime": "2021-06-29 20:24:35", "elapsed": 634.231538, "delta": 3.0916}}
{"target": 0.0038396543663681533, "params": {"0": 1.0695303436755346, "1": 1.3505752954945054, "2": -0.2206977162784618, "3": -0.35820799277801463, "4": -0.2661749855202462, "5": -0.888143861161157, "6": -1.8527135304531077, "7": -2.1620613243350038}, "datetime": {"datetime": "2021-06-29 20:24:39", "elapsed": 638.057463, "delta": 3.825925}}
{"target": 0.005451236540939034, "params": {"0": 0.7501274347742566, "1": 1.7580906178595814, "2": 1.4585738725842736, "3": 0.03833015556658026, "4": -1.8992717884104755, "5": -0.6467411824589355, "6": -1.6150296067436214, "7": -0.3706424485074331}, "datetime": {"datetime": "2021-06-29 20:24:43", "elapsed": 642.150387, "delta": 4.092924}}
{"target": 0.003997148043210125, "params": {"0": -2.3879109808479226, "1": -2.253133768113002, "2": 2.904715242725459, "3": 0.5888334335519487, "4": 0.821122570453003, "5": -1.8249860038001025, "6": -2.66923136468942, "7": 1.673298322200015}, "datetime": {"datetime": "2021-06-29 20:24:46", "elapsed": 645.518393, "delta": 3.368006}}
{"target": 0.008129007938168082, "params": {"0": -1.4180374084694352, "1": 1.52886907391275, "2": 2.623363591882777, "3": 0.5211575109244162, "4": -1.9752615826381639, "5": -2.3256289472181617, "6": 1.2688892675243704, "7": 1.0217138939811248}, "datetime": {"datetime": "2021-06-29 20:24:52", "elapsed": 651.301295, "delta": 5.782902}}
{"target": 0.0037950656836666166, "params": {"0": -2.309102855211428, "1": 1.1380426543189763, "2": -0.44954852509482546, "3": -0.6917962392777515, "4": -0.06776558459795234, "5": 0.38296769673475106, "6": 2.384611243848128, "7": -1.6830869929110805}, "datetime": {"datetime": "2021-06-29 20:24:56", "elapsed": 655.065953, "delta": 3.764658}}
{"target": 0.28477181438808863, "params": {"0": 1.8294293715422256, "1": -1.0608033069659162, "2": -0.7092926185734392, "3": -1.9173034434676137, "4": 0.8151752202267266, "5": -2.5279931764007095, "6": 1.4679684471130328, "7": 0.0491914828829656}, "datetime": {"datetime": "2021-06-29 20:24:59", "elapsed": 658.584026, "delta": 3.518073}}
{"target": 0.0030667796292148265, "params": {"0": -2.823731205681655, "1": -1.896387430219833, "2": -2.4957825337929966, "3": 1.2517682387680384, "4": -1.3023665762966954, "5": -1.3959440323159282, "6": 1.5875762869596493, "7": 2.0160271298444377}, "datetime": {"datetime": "2021-06-29 20:25:03", "elapsed": 662.742817, "delta": 4.158791}}
{"target": 0.00435040423132784, "params": {"0": -2.3571040982245828, "1": 2.262815360933679, "2": -2.180727930428591, "3": -1.9207551756800239, "4": -0.9583002462643151, "5": 0.6980255504453399, "6": -1.2062471947407665, "7": 0.03190208758707591}, "datetime": {"datetime": "2021-06-29 20:25:07", "elapsed": 666.338011, "delta": 3.595194}}
{"target": 0.003474462515251869, "params": {"0": 1.141489361359195, "1": -2.4669004573572018, "2": -0.03854044973808346, "3": -0.8221076925173056, "4": -0.1426597241320966, "5": 0.11411704528871436, "6": 2.321567258305407, "7": -0.6183013114303475}, "datetime": {"datetime": "2021-06-29 20:25:11", "elapsed": 670.741046, "delta": 4.403035}}
{"target": 0.004217872626729328, "params": {"0": 0.5042978744965412, "1": -0.415856140751135, "2": -0.2671571832924089, "3": 2.0417047900759586, "4": -0.5574307450912439, "5": -1.6565110829703602, "6": -0.41283145534816246, "7": 2.6906150556623842}, "datetime": {"datetime": "2021-06-29 20:25:18", "elapsed": 677.089475, "delta": 6.348429}}
{"target": 0.005754364715120558, "params": {"0": -0.831742090656058, "1": -2.449698766521298, "2": 2.5150978621766074, "3": -1.8910268672203487, "4": -0.0625221562671463, "5": 1.6860821990609827, "6": -1.4633349422285467, "7": 0.3352528684387428}, "datetime": {"datetime": "2021-06-29 20:25:25", "elapsed": 684.044265, "delta": 6.95479}}
{"target": 0.0032368078880970017, "params": {"0": -1.9288737089867536, "1": 1.4886075622141002, "2": 2.71685245052522, "3": -1.6932709260625418, "4": 2.3250944280874766, "5": 0.19719516256997505, "6": 1.447708187443416, "7": -0.8317466814630405}, "datetime": {"datetime": "2021-06-29 20:25:28", "elapsed": 687.107885, "delta": 3.06362}}
{"target": 0.0033576345825222136, "params": {"0": 2.9521506191951623, "1": -0.465145033763231, "2": -1.7126167774526118, "3": 1.3208284187130541, "4": -1.1823979525248023, "5": -1.4950530786488627, "6": -0.11027166707048863, "7": -2.210360899008385}, "datetime": {"datetime": "2021-06-29 20:25:34", "elapsed": 693.519042, "delta": 6.411157}}
{"target": 0.006062598834028098, "params": {"0": -1.0056877411719365, "1": 2.9419704328816882, "2": 2.583263724359875, "3": -2.3485864635273677, "4": -0.7821747412761235, "5": -2.669011455459801, "6": -1.957757747887323, "7": 2.764066186015633}, "datetime": {"datetime": "2021-06-29 20:25:37", "elapsed": 695.939097, "delta": 2.420055}}
{"target": 0.004190944787813469, "params": {"0": 2.610414993160381, "1": -0.9176284921900892, "2": -2.3242743334206066, "3": 2.110812824689301, "4": -2.0198524698971063, "5": -2.5951982745110467, "6": -1.8505579819749354, "7": -1.8145826150519921}, "datetime": {"datetime": "2021-06-29 20:25:41", "elapsed": 700.55181, "delta": 4.612713}}
{"target": 0.002966966235852985, "params": {"0": -1.5421571507566572, "1": 2.6326722804763047, "2": -0.990468763888444, "3": -2.8505256239333403, "4": 1.0028572636276376, "5": 1.5740053640992713, "6": -1.1241745449528653, "7": 1.317600308545444}, "datetime": {"datetime": "2021-06-29 20:25:46", "elapsed": 705.236034, "delta": 4.684224}}
{"target": 0.0031645743576754317, "params": {"0": 2.492351853471291, "1": 1.130615618404775, "2": 0.9370588418342196, "3": -2.6200704765878062, "4": -0.6109952167448927, "5": 1.1711682945163924, "6": 2.9924226397259996, "7": 2.6678665174763783}, "datetime": {"datetime": "2021-06-29 20:25:50", "elapsed": 708.875044, "delta": 3.63901}}
{"target": 0.003223635315765122, "params": {"0": -1.3222603313143753, "1": 1.5711870504077226, "2": 2.8100420137251234, "3": -2.7124689284436467, "4": -0.3091045297997925, "5": 1.4282063377401757, "6": -0.7186063199222783, "7": -1.599619913596197}, "datetime": {"datetime": "2021-06-29 20:25:55", "elapsed": 714.206856, "delta": 5.331812}}
{"target": 0.007900188257913372, "params": {"0": 2.4736162281801946, "1": 0.2067064672274963, "2": -1.9935920785211374, "3": -0.23966696355114436, "4": -1.8032248462652671, "5": 2.588325154043453, "6": -2.4368867300514148, "7": 2.881594717151623}, "datetime": {"datetime": "2021-06-29 20:25:59", "elapsed": 718.44946, "delta": 4.242604}}
{"target": 0.11595298897465525, "params": {"0": -0.289261014982527, "1": -2.9485786414219044, "2": -1.929659790266992, "3": -0.9562664220928738, "4": 1.6011625420579314, "5": 0.1758118164776512, "6": -1.3800975678127463, "7": 0.8960631115099371}, "datetime": {"datetime": "2021-06-29 20:26:08", "elapsed": 726.901123, "delta": 8.451663}}
{"target": 0.0030089823084044234, "params": {"0": -1.4297653392469767, "1": 2.3035397022758097, "2": -1.555795951141133, "3": 0.904712971646922, "4": 0.9511364212264137, "5": 0.08210521178482644, "6": 1.2688568747865157, "7": 1.8049993838401415}, "datetime": {"datetime": "2021-06-29 20:26:11", "elapsed": 730.174824, "delta": 3.273701}}
{"target": 0.002870467077163437, "params": {"0": -0.5414445693200944, "1": -2.023544884054239, "2": 2.715798342385428, "3": -0.687640095348625, "4": 2.832498465377885, "5": 2.140292465243782, "6": -0.36343759763054795, "7": -2.132649201668648}, "datetime": {"datetime": "2021-06-29 20:26:16", "elapsed": 735.394457, "delta": 5.219633}}
{"target": 0.0039860258674026695, "params": {"0": 2.812076018519596, "1": 1.3421473207008212, "2": -1.1078509976850968, "3": -2.681437715568305, "4": 1.40946438737795, "5": -1.359594175907835, "6": 1.2044942572182649, "7": -0.8968299885762745}, "datetime": {"datetime": "2021-06-29 20:26:19", "elapsed": 738.604947, "delta": 3.21049}}
{"target": 0.004037088042936629, "params": {"0": 2.083288875626554, "1": -2.0740197117966064, "2": -0.4638117134761188, "3": 0.9533843850444965, "4": -2.8073498406641244, "5": 2.8276547930785823, "6": -2.3876307211119396, "7": 2.95530942599156}, "datetime": {"datetime": "2021-06-29 20:26:24", "elapsed": 743.357436, "delta": 4.752489}}
{"target": 0.005197713298953461, "params": {"0": -0.1128370505562466, "1": -2.6712949208158854, "2": 1.6678654077148583, "3": -1.8496057719570411, "4": 0.16994242827166595, "5": 2.118500503932645, "6": -1.882919115766012, "7": 0.11111228805390994}, "datetime": {"datetime": "2021-06-29 20:26:30", "elapsed": 749.610822, "delta": 6.253386}}
{"target": 0.004872128994276002, "params": {"0": 1.9025574563351348, "1": -0.9825971576153281, "2": -1.4771591997760938, "3": 0.6345614091531799, "4": 0.7333676104096423, "5": -1.3113538439883434, "6": 1.92734510884656, "7": -0.8116918669665774}, "datetime": {"datetime": "2021-06-29 20:26:34", "elapsed": 752.865472, "delta": 3.25465}}
{"target": 0.2021785442829402, "params": {"0": -1.0620988281088055, "1": 2.87479104093633, "2": -0.6627228261490794, "3": -2.7647703187013883, "4": -0.0670513419991785, "5": -2.254760956185949, "6": -0.2040666282330319, "7": 0.2543167958414214}, "datetime": {"datetime": "2021-06-29 20:26:36", "elapsed": 755.657098, "delta": 2.791626}}
{"target": 0.0087440299524353, "params": {"0": 1.3631995187807462, "1": -2.7297546451232586, "2": -0.4872930658480996, "3": 1.0774960998031187, "4": -1.1038708290393127, "5": 0.7458603354705939, "6": 2.353893553543064, "7": -1.4871969325216041}, "datetime": {"datetime": "2021-06-29 20:26:40", "elapsed": 758.855255, "delta": 3.198157}}
{"target": 0.0038851623134432845, "params": {"0": -0.9029398762320398, "1": -1.9198572103022207, "2": -0.136228972847229, "3": 2.0804943865902032, "4": -2.531470365037796, "5": -0.4007411033751058, "6": -0.8956484460099077, "7": -1.2212248439751172}, "datetime": {"datetime": "2021-06-29 20:26:43", "elapsed": 762.20902, "delta": 3.353765}}
{"target": 0.00333909630812991, "params": {"0": -1.8344066744700784, "1": -2.8301088685478772, "2": -1.3811471238672828, "3": 1.9945410935521881, "4": -0.25837290172564575, "5": -2.48121663170391, "6": 0.25203535772183017, "7": 0.3005506521356809}, "datetime": {"datetime": "2021-06-29 20:26:48", "elapsed": 766.787203, "delta": 4.578183}}
{"target": 0.003346859687663929, "params": {"0": 1.335066263733788, "1": 2.3920411049423507, "2": 0.5346525974958887, "3": -2.001537097249523, "4": -1.0688939418370982, "5": 0.9891797679388894, "6": -2.3749614165149766, "7": 0.7915682860077196}, "datetime": {"datetime": "2021-06-29 20:26:54", "elapsed": 773.490595, "delta": 6.703392}}
{"target": 0.005006286265444711, "params": {"0": 2.7754833848419995, "1": -0.35405037963195873, "2": 1.6595399879908577, "3": 0.0671084283614074, "4": -0.7513050335430589, "5": 0.1597044585691596, "6": -2.5298838821635257, "7": -1.4814577600501382}, "datetime": {"datetime": "2021-06-29 20:26:57", "elapsed": 776.740712, "delta": 3.250117}}
{"target": 0.0035174691858343397, "params": {"0": 1.0744230706048992, "1": 2.3888734322451137, "2": 1.3570205399933561, "3": 2.0929857941288637, "4": -0.8400066575396394, "5": -2.370775537496794, "6": 0.8269122552738879, "7": -1.5965558614317843}, "datetime": {"datetime": "2021-06-29 20:27:01", "elapsed": 779.985866, "delta": 3.245154}}
{"target": 0.0038202739396704898, "params": {"0": 1.021347792675205, "1": -1.013011034113334, "2": -1.6264284019942612, "3": -1.787018864239602, "4": 0.7524903102873619, "5": 1.2527610950445833, "6": -0.8927745474413094, "7": -1.515110359997698}, "datetime": {"datetime": "2021-06-29 20:27:04", "elapsed": 782.901277, "delta": 2.915411}}
{"target": 0.0032540428289503905, "params": {"0": -0.6258442253241645, "1": -0.0488179140592111, "2": 2.5148567907307235, "3": -1.6689379057777907, "4": 0.6572147272772426, "5": 1.1280775877999334, "6": 0.7378758347540435, "7": -2.2461726742968575}, "datetime": {"datetime": "2021-06-29 20:27:06", "elapsed": 785.552379, "delta": 2.651102}}
{"target": 0.0031212543684496653, "params": {"0": -0.4729048992684879, "1": -0.06647604065143353, "2": 0.9845275544848322, "3": 2.2696168214270145, "4": 1.666689918504634, "5": -2.3430040663684606, "6": -0.6683025049751623, "7": 2.583997823263166}, "datetime": {"datetime": "2021-06-29 20:27:10", "elapsed": 789.504958, "delta": 3.952579}}
{"target": 0.0030486115824155495, "params": {"0": 0.9244322024677385, "1": -1.3398373481428694, "2": -1.592985523049173, "3": 1.7436201799893514, "4": 1.8903853313030794, "5": 0.699562484402418, "6": 2.2441765091229975, "7": 2.3339574889417083}, "datetime": {"datetime": "2021-06-29 20:27:14", "elapsed": 792.866507, "delta": 3.361549}}
{"target": 0.004394751958237664, "params": {"0": 2.6125240770969853, "1": -0.9495041875705699, "2": 1.7193778577586976, "3": 1.417171740419966, "4": -1.3340221679299833, "5": -0.17951150473240762, "6": -2.8934728439856583, "7": -1.345085983346857}, "datetime": {"datetime": "2021-06-29 20:27:16", "elapsed": 795.759903, "delta": 2.893396}}
{"target": 0.08639082765248747, "params": {"0": 0.5380743568611228, "1": 0.6847511876992805, "2": -2.3821279213576183, "3": -2.2511438134002786, "4": 0.14849839378589635, "5": -0.869640163195819, "6": 0.09644051563111544, "7": -1.8563546704242484}, "datetime": {"datetime": "2021-06-29 20:27:25", "elapsed": 803.848331, "delta": 8.088428}}
{"target": 0.004734621483716653, "params": {"0": -0.3121582525440574, "1": -1.2687774420253932, "2": 1.867689746824695, "3": 0.4625442371732942, "4": -2.0727121907326724, "5": -1.7372443897221213, "6": -0.17584388899255288, "7": -1.4502833136045454}, "datetime": {"datetime": "2021-06-29 20:27:30", "elapsed": 808.766988, "delta": 4.918657}}
{"target": 0.0030802444884996906, "params": {"0": -1.7632811150740453, "1": 1.6698243000712791, "2": -2.924053671585942, "3": -2.969140482470103, "4": -1.0165134535524707, "5": 0.5499057566266066, "6": 2.3116729306227892, "7": -1.5386381983383328}, "datetime": {"datetime": "2021-06-29 20:27:34", "elapsed": 813.646209, "delta": 4.879221}}
{"target": 0.007249361314824292, "params": {"0": -1.9611114208284288, "1": -0.4843285622081783, "2": -2.480879092495377, "3": -0.7401472533755395, "4": 0.6312037110700919, "5": -1.38973171414107, "6": -1.5669433691150418, "7": -0.5938666595147506}, "datetime": {"datetime": "2021-06-29 20:27:38", "elapsed": 817.472353, "delta": 3.826144}}
{"target": 0.002895783010390546, "params": {"0": 0.9670522243067952, "1": -1.8139475001179683, "2": -0.37959152058879964, "3": 0.7492588699917735, "4": 2.466080509210104, "5": 1.2919427094303098, "6": -1.150693199488376, "7": 2.351448794279472}, "datetime": {"datetime": "2021-06-29 20:27:42", "elapsed": 821.332972, "delta": 3.860619}}
{"target": 0.003489046682909179, "params": {"0": -1.5358932143458808, "1": 0.978811050779806, "2": 0.972113744430005, "3": -2.6388044576448495, "4": 0.8002565453456656, "5": -2.850281751541077, "6": 0.0454007944325463, "7": -1.2908802250102727}, "datetime": {"datetime": "2021-06-29 20:27:45", "elapsed": 823.994128, "delta": 2.661156}}
{"target": 0.00316863258553843, "params": {"0": -0.8521641066349313, "1": 1.0593285317451366, "2": -1.3229857465427217, "3": 1.2523792179970128, "4": -2.2701165835747767, "5": -0.8350027945752898, "6": -0.29446086054470744, "7": 1.4696651954210624}, "datetime": {"datetime": "2021-06-29 20:27:49", "elapsed": 828.254638, "delta": 4.26051}}
{"target": 0.0030905078981204722, "params": {"0": -2.9667660364301547, "1": -1.7712244549390206, "2": -2.38134135169876, "3": -0.23534391285275946, "4": 0.0732572770247053, "5": 1.8911318302133342, "6": -0.811630551209892, "7": -0.5654747765713473}, "datetime": {"datetime": "2021-06-29 20:27:53", "elapsed": 831.869009, "delta": 3.614371}}
{"target": 0.0037731779688705593, "params": {"0": -1.679945486487989, "1": 0.29413914951248277, "2": -0.6971679676108948, "3": -2.8893578460756952, "4": 1.237857118185186, "5": 2.065069167504072, "6": -2.6353912299152427, "7": 1.6069327833194755}, "datetime": {"datetime": "2021-06-29 20:27:55", "elapsed": 834.716627, "delta": 2.847618}}
{"target": 0.0031600090578882845, "params": {"0": 1.52404175477934, "1": 2.5902639743544587, "2": 2.2121777816628683, "3": 2.134983755613086, "4": -2.0653893951794764, "5": 2.9296971940908882, "6": 1.4767818242838349, "7": 2.5714752384981985}, "datetime": {"datetime": "2021-06-29 20:28:00", "elapsed": 839.34419, "delta": 4.627563}}
{"target": 0.6715387841626963, "params": {"0": 1.2451175781307606, "1": -0.4714274388052635, "2": 1.5525544413498622, "3": -0.4556673062805241, "4": -0.560206457592427, "5": -0.8650538525910259, "6": -0.4516912087233882, "7": 1.8595012611731354}, "datetime": {"datetime": "2021-06-29 20:28:05", "elapsed": 844.654536, "delta": 5.310346}}
{"target": 0.0033791289342686463, "params": {"0": -2.3024748961190777, "1": -2.9091754067273685, "2": -0.29343657375521737, "3": 2.632849359570611, "4": -1.4925762554155262, "5": 1.5759407389814548, "6": 2.3283289209092075, "7": 1.8848700553139253}, "datetime": {"datetime": "2021-06-29 20:28:09", "elapsed": 848.464091, "delta": 3.809555}}
{"target": 0.0043397664634305605, "params": {"0": -0.8055794351119214, "1": -2.0301139147823952, "2": -1.869992524320254, "3": 1.7091988176099795, "4": -2.4499584875770983, "5": -2.6678024261700397, "6": 2.853057397395042, "7": 2.5538177807414923}, "datetime": {"datetime": "2021-06-29 20:28:19", "elapsed": 858.510232, "delta": 10.046141}}
{"target": 0.0028762625521647567, "params": {"0": -0.9322261741148692, "1": -1.6074055885949203, "2": -0.13074221355366422, "3": 0.9525483865770461, "4": 2.2430566597306827, "5": 1.1814838637852967, "6": 1.3888298163266741, "7": -1.89044252324426}, "datetime": {"datetime": "2021-06-29 20:28:23", "elapsed": 862.46043, "delta": 3.950198}}
{"target": 0.0034396146417989006, "params": {"0": -2.8570261495764324, "1": 0.3128816481911949, "2": -0.5279823319917214, "3": 0.16092165013123072, "4": 0.6321139843322152, "5": 0.8586927888190337, "6": 1.5153965161157865, "7": -1.3253870126391671}, "datetime": {"datetime": "2021-06-29 20:28:28", "elapsed": 867.541549, "delta": 5.081119}}
{"target": 0.004042958630674887, "params": {"0": 2.3981360026231044, "1": -2.4437821199721843, "2": -1.2115971558226641, "3": 2.8212744836911563, "4": -0.6605119700514823, "5": -1.9835780334944255, "6": -0.6917801955941538, "7": -2.555967534848995}, "datetime": {"datetime": "2021-06-29 20:28:33", "elapsed": 872.175347, "delta": 4.633798}}
{"target": 0.004620178801172699, "params": {"0": 1.6697433152518109, "1": -1.365520275454275, "2": 2.1240506341579515, "3": -2.4673881190546405, "4": -0.4462058343311339, "5": -0.4415278619883054, "6": 2.055434128438068, "7": -2.1592596628097436}, "datetime": {"datetime": "2021-06-29 20:28:37", "elapsed": 876.315716, "delta": 4.140369}}
{"target": 0.004533435852984758, "params": {"0": -0.5219891091030742, "1": 2.891891002574928, "2": 0.3422111309841398, "3": 0.40618323308427007, "4": -2.3631021470445424, "5": 0.8079412295065493, "6": -2.4892327711811943, "7": -0.18114040251796792}, "datetime": {"datetime": "2021-06-29 20:28:45", "elapsed": 883.941858, "delta": 7.626142}}
{"target": 0.0030668427824016276, "params": {"0": 0.8686050493139019, "1": 1.1408899902252818, "2": -2.306536184611191, "3": -1.6949541295868653, "4": -0.10650479868325036, "5": -2.0318805141481446, "6": -0.40113279063785257, "7": -0.854854997609042}, "datetime": {"datetime": "2021-06-29 20:28:49", "elapsed": 888.202648, "delta": 4.26079}}
{"target": 0.003389055949009945, "params": {"0": 2.6960973283692766, "1": 0.20179607571239488, "2": 0.95189552570905, "3": -2.0698568752046698, "4": -2.216267842970781, "5": -2.459720513547874, "6": 2.892237441214357, "7": -2.53198122391166}, "datetime": {"datetime": "2021-06-29 20:28:57", "elapsed": 896.337099, "delta": 8.134451}}
{"target": 0.0030429796225056103, "params": {"0": -1.4818060076183774, "1": 1.8919361271987922, "2": 1.8222470543570326, "3": 1.9012600887608926, "4": -0.48003500904213503, "5": -0.6213432784427235, "6": -0.6137126357764822, "7": 2.451033181396478}, "datetime": {"datetime": "2021-06-29 20:29:02", "elapsed": 901.024869, "delta": 4.68777}}
{"target": 0.004465888708852174, "params": {"0": -2.6739219961915914, "1": -2.512033983709527, "2": -1.3191638081026875, "3": 1.9837195186180736, "4": -1.676524051524003, "5": -1.619258315537503, "6": 2.0974156069909746, "7": 0.8782953152634683}, "datetime": {"datetime": "2021-06-29 20:29:06", "elapsed": 905.353629, "delta": 4.32876}}
