{"target": 0.007573965428917839, "params": {"0": 2.2409791341992227, "1": -1.6331225880088454, "2": 2.761629150980374, "3": 1.299898035154297, "4": -2.7875783012318402, "5": -2.9314708721587417, "6": -1.1665968824143698, "7": 1.7106953561112972}, "datetime": {"datetime": "2021-06-29 21:00:17", "elapsed": 2775.953108, "delta": 9.429543}}
{"target": 0.003953764914518781, "params": {"0": -1.417152291037707, "1": -2.1300912154065017, "2": 2.1389304616298492, "3": 1.5372528700174053, "4": 1.528604456299238, "5": 0.520426484573222, "6": -1.5094486285780653, "7": -1.9125716657258356}, "datetime": {"datetime": "2021-06-29 21:00:27", "elapsed": 2786.020186, "delta": 10.067078}}
{"target": 0.004781870782942988, "params": {"0": -0.3807333188770725, "1": 1.5881133605388493, "2": 1.6011432770683207, "3": -1.830085924607538, "4": -0.5637338227300126, "5": 2.048161330524178, "6": 1.139713886213448, "7": -0.7191731867567204}, "datetime": {"datetime": "2021-06-29 21:00:34", "elapsed": 2793.595559, "delta": 7.575373}}
{"target": 0.0038723563603149467, "params": {"0": 0.9843835060952992, "1": -1.6503664980386377, "2": 1.2280002467901667, "3": 0.9806737844140407, "4": -1.9108203238181471, "5": 1.384765050138136, "6": -1.5762058314055634, "7": -0.236104124311471}, "datetime": {"datetime": "2021-06-29 21:00:41", "elapsed": 2800.024964, "delta": 6.429405}}
{"target": 0.9456660552988966, "params": {"0": 0.8984484073420536, "1": -2.375403904011767, "2": 2.050607487965607, "3": -1.2404456543005946, "4": -1.3408607008945956, "5": -2.3035203506421076, "6": 1.3247862298908837, "7": 0.27205985690216483}, "datetime": {"datetime": "2021-06-29 21:00:52", "elapsed": 2810.871503, "delta": 10.846539}}
{"target": 0.0037780675333759367, "params": {"0": -0.19215780783591452, "1": -2.1167862457575977, "2": -2.0323938805562527, "3": -0.7838694086962175, "4": 0.12399595312904577, "5": -0.40880899769465495, "6": -2.8386234155949666, "7": -1.3074907437782128}, "datetime": {"datetime": "2021-06-29 21:01:01", "elapsed": 2819.813725, "delta": 8.942222}}
{"target": 0.005885075925066483, "params": {"0": 0.7671079801817564, "1": 1.8150410586968269, "2": 2.0382597782778333, "3": 0.3441475918284196, "4": -0.46088865931374645, "5": 2.562328711388446, "6": 0.7077180757596366, "7": 2.0984942168839797}, "datetime": {"datetime": "2021-06-29 21:01:11", "elapsed": 2829.857848, "delta": 10.044123}}
{"target": 0.005940555377003872, "params": {"0": 2.218100367393891, "1": 2.358862334378582, "2": -2.1297375718592413, "3": 1.5496130551216378, "4": -0.6342475076487117, "5": 0.9375957683358438, "6": -2.6446102907837723, "7": 2.814967670665548}, "datetime": {"datetime": "2021-06-29 21:01:24", "elapsed": 2843.388226, "delta": 13.530378}}
{"target": 0.3112238002369556, "params": {"0": -2.521538921683349, "1": -0.7937659086641942, "2": 0.33281315818593216, "3": -2.0973268099589433, "4": -0.5448394662335505, "5": 1.6405881641762532, "6": -2.7730706958083395, "7": -2.6514118139805496}, "datetime": {"datetime": "2021-06-29 21:01:35", "elapsed": 2854.594209, "delta": 11.205983}}
{"target": 0.004603566578485848, "params": {"0": -1.876165099320694, "1": 1.3203818725510192, "2": -2.6425666030125425, "3": 1.4251758102100602, "4": -2.2011437499387894, "5": 2.2636576842013483, "6": 0.08186497109359481, "7": 0.9338655919003149}, "datetime": {"datetime": "2021-06-29 21:01:59", "elapsed": 2877.849842, "delta": 23.255633}}
{"target": 0.0030534053038490418, "params": {"0": 2.110651734864798, "1": 2.6099912167753256, "2": 2.954468023620305, "3": 1.810461129634203, "4": 1.6367952292743189, "5": 0.5279157242327543, "6": -2.054151811559244, "7": 1.6313984990131774}, "datetime": {"datetime": "2021-06-29 21:02:11", "elapsed": 2890.206827, "delta": 12.356985}}
{"target": 0.0032371363007706257, "params": {"0": 0.9090017030967976, "1": -0.815440736535876, "2": 1.8906177244528397, "3": 2.098369616556054, "4": 0.09033131287377216, "5": 0.3037039011437992, "6": -1.6117630802799432, "7": -0.8920203585879998}, "datetime": {"datetime": "2021-06-29 21:02:27", "elapsed": 2906.476307, "delta": 16.26948}}
{"target": 0.004068207937593245, "params": {"0": -2.3487133084969956, "1": -2.7006091650547184, "2": -2.043996107443592, "3": 2.2950137022403503, "4": -0.034526181617885676, "5": 2.9557894655833987, "6": 2.565348224155512, "7": 2.6723463582777987}, "datetime": {"datetime": "2021-06-29 21:02:46", "elapsed": 2925.462783, "delta": 18.986476}}
{"target": 0.0031697560249948557, "params": {"0": 1.453232312188641, "1": 0.6207088560089757, "2": 0.8277646742238618, "3": 0.10507026964985, "4": -0.41456193661016494, "5": -0.613073003170979, "6": 0.6872868561560832, "7": 1.852589050487131}, "datetime": {"datetime": "2021-06-29 21:02:58", "elapsed": 2937.534055, "delta": 12.071272}}
{"target": 0.003592776765211661, "params": {"0": -1.1849362244155692, "1": 1.9372298216661559, "2": 2.6127486648322016, "3": 2.251375308075242, "4": 0.43819564649542686, "5": -2.9535183621730585, "6": -0.9670952905429764, "7": 0.028733646406726265}, "datetime": {"datetime": "2021-06-29 21:03:15", "elapsed": 2953.756833, "delta": 16.222778}}
{"target": 0.0037334485095258064, "params": {"0": -2.093997102486167, "1": -0.014807075644180934, "2": -0.08247719380555818, "3": 1.9224535269709593, "4": -2.613042691870703, "5": -1.0783249780766488, "6": 1.1262037956518611, "7": 0.10643508914567423}, "datetime": {"datetime": "2021-06-29 21:03:27", "elapsed": 2966.425048, "delta": 12.668215}}
{"target": 0.004186399352765005, "params": {"0": -1.429757663030886, "1": -0.1695779949175753, "2": -2.500714982847212, "3": 0.48143564703176134, "4": 0.8542668829603857, "5": -1.9003840724436167, "6": -2.545204167418568, "7": -1.3038953968763767}, "datetime": {"datetime": "2021-06-29 21:03:38", "elapsed": 2977.465383, "delta": 11.040335}}
{"target": 0.004755732290246024, "params": {"0": 0.12832919713473512, "1": -2.9600460424520003, "2": -2.1637329717269704, "3": 2.32746125567294, "4": -2.5295979494000553, "5": -2.3018518241871653, "6": -2.5483776576403994, "7": -0.7282411319538564}, "datetime": {"datetime": "2021-06-29 21:04:00", "elapsed": 2999.491324, "delta": 22.025941}}
{"target": 0.005246615851409109, "params": {"0": 1.1337020626070853, "1": -0.5643874067433403, "2": 1.7787609300566576, "3": 2.4295703617673645, "4": 2.2453168160735704, "5": 2.4457728180006058, "6": -0.3873426823984163, "7": -1.8259924159616074}, "datetime": {"datetime": "2021-06-29 21:04:13", "elapsed": 3012.679819, "delta": 13.188495}}
{"target": 0.0035647713891552727, "params": {"0": 2.1349857083056722, "1": -2.6613132681555576, "2": 1.1237404269048339, "3": -2.5788895743579454, "4": -1.9591126308530422, "5": -1.4357363156789318, "6": 1.4186274188477963, "7": 0.07087695787597958}, "datetime": {"datetime": "2021-06-29 21:04:37", "elapsed": 3036.341511, "delta": 23.661692}}
{"target": 0.014210840991545312, "params": {"0": -1.009600420222445, "1": -0.5812637376755916, "2": -1.2023596992350036, "3": -0.09955094875962178, "4": -1.0020810467340195, "5": -1.6079528851482814, "6": -2.0262954517828913, "7": 2.2206406526942235}, "datetime": {"datetime": "2021-06-29 21:04:56", "elapsed": 3055.444403, "delta": 19.102892}}
{"target": 0.007179684080092269, "params": {"0": 1.2349557674034637, "1": 0.40956386159938596, "2": 2.268311880874098, "3": 1.9833777684592677, "4": -1.6196591866197934, "5": 0.9109389471050786, "6": 1.3783198885959305, "7": -2.04421194179789}, "datetime": {"datetime": "2021-06-29 21:05:10", "elapsed": 3068.999549, "delta": 13.555146}}
{"target": 0.00403396099906815, "params": {"0": 1.830990230068009, "1": -0.5166667014449171, "2": -0.44376606676304586, "3": 0.054151396229007, "4": 0.20895606297643976, "5": 2.2864021304417728, "6": -0.5856364781913648, "7": 1.6320523443043253}, "datetime": {"datetime": "2021-06-29 21:05:19", "elapsed": 3078.561963, "delta": 9.562414}}
{"target": 0.00486526359333771, "params": {"0": -1.9527813155167988, "1": -1.9896146572502829, "2": 2.3996217136859412, "3": -2.504130025955877, "4": 1.3053247619717627, "5": 2.02411362623009, "6": 2.3845066200614466, "7": 0.45703067755445703}, "datetime": {"datetime": "2021-06-29 21:05:46", "elapsed": 3104.759474, "delta": 26.197511}}
{"target": 0.012300343555450616, "params": {"0": -1.093026945658855, "1": -0.6605751610112636, "2": 0.017915730065574564, "3": 2.3337020151015615, "4": -0.3357251391970859, "5": -2.7174703784528083, "6": 2.743348172914194, "7": -2.2242695783251314}, "datetime": {"datetime": "2021-06-29 21:05:55", "elapsed": 3114.396744, "delta": 9.63727}}
{"target": 0.003405088604400082, "params": {"0": -2.910057030834472, "1": 0.3061733271846263, "2": -2.336840540408729, "3": 2.38753290970135, "4": -0.5355606576656, "5": -1.7788265123449754, "6": 2.4184124480004723, "7": 0.9266376355343118}, "datetime": {"datetime": "2021-06-29 21:06:07", "elapsed": 3126.43686, "delta": 12.040116}}
{"target": 0.003289539296941787, "params": {"0": 2.878097888705314, "1": -2.2878191801782304, "2": 0.5050230164908429, "3": 2.3952023587539273, "4": -0.16367787117464783, "5": -0.4756118217949723, "6": 2.140597198277411, "7": 1.1130936902858153}, "datetime": {"datetime": "2021-06-29 21:06:17", "elapsed": 3136.39674, "delta": 9.95988}}
{"target": 0.018561686907577427, "params": {"0": 2.3282414428403024, "1": -0.3517096076416295, "2": -0.5402612418258625, "3": -2.5226174802958274, "4": -1.4064554242143663, "5": 0.9101912135123378, "6": 1.1912184574795486, "7": -1.7418528059194784}, "datetime": {"datetime": "2021-06-29 21:06:28", "elapsed": 3147.012329, "delta": 10.615589}}
{"target": 0.004212483212658508, "params": {"0": 1.381402658275527, "1": 0.5617320081868975, "2": 1.0679136277430672, "3": 0.6464630308511001, "4": -2.555872282351143, "5": -1.8392915030779846, "6": -1.1635529792166381, "7": 1.123758803169193}, "datetime": {"datetime": "2021-06-29 21:06:47", "elapsed": 3166.022128, "delta": 19.009799}}
{"target": 0.005119111395909472, "params": {"0": 1.3193040610516658, "1": 0.6590019868573487, "2": 0.9631407071041753, "3": -2.2246490658971294, "4": 1.9096896152490705, "5": -2.017335847792101, "6": 0.07029177767260375, "7": 0.12550027629620253}, "datetime": {"datetime": "2021-06-29 21:06:56", "elapsed": 3175.398294, "delta": 9.376166}}
{"target": 0.0034571410919638926, "params": {"0": -0.41287698910910287, "1": -2.13443803876432, "2": 2.186611731010987, "3": 2.7904336357598236, "4": -2.8408991954723435, "5": -1.1350355189647483, "6": -0.5476740885794324, "7": -1.457835842209046}, "datetime": {"datetime": "2021-06-29 21:07:14", "elapsed": 3192.792554, "delta": 17.39426}}
{"target": 0.004612624401424044, "params": {"0": -2.758162500507866, "1": 1.6050481579869569, "2": 0.7351962343681899, "3": 2.614958179445366, "4": -0.09508534616791042, "5": -2.881916218061465, "6": -2.5806973482077704, "7": -1.3528734784528345}, "datetime": {"datetime": "2021-06-29 21:07:25", "elapsed": 3203.865257, "delta": 11.072703}}
{"target": 0.003397153908429821, "params": {"0": -1.411973061030095, "1": 0.9178609269776139, "2": 2.7857539003497633, "3": -1.9333848543294798, "4": 1.9013192771900531, "5": -2.6500271239456255, "6": 0.2489527848959554, "7": -2.4567682297628375}, "datetime": {"datetime": "2021-06-29 21:07:31", "elapsed": 3209.95309, "delta": 6.087833}}
{"target": 0.003805694760779355, "params": {"0": -1.830831618031442, "1": -2.6050742481609666, "2": 2.8354530059799163, "3": 1.8243783151962312, "4": 0.17372894968937258, "5": 2.6311360660697822, "6": -0.8361677323909502, "7": -0.9862581067627194}, "datetime": {"datetime": "2021-06-29 21:07:39", "elapsed": 3217.750384, "delta": 7.797294}}
{"target": 0.006282603865569328, "params": {"0": 1.2664038235952404, "1": -2.2328476730293434, "2": -0.0737852073498999, "3": 0.8272322640866645, "4": 2.8965054295785038, "5": 0.23786358500962024, "6": -2.697933145391599, "7": 0.7401328124670878}, "datetime": {"datetime": "2021-06-29 21:07:50", "elapsed": 3228.691692, "delta": 10.941308}}
{"target": 0.6531854753883057, "params": {"0": -2.106898092898637, "1": 1.0931936968650797, "2": 1.4899982091841588, "3": 0.3037523292130544, "4": -1.0967640717069478, "5": -2.9042377605937393, "6": 0.4877174732816618, "7": 1.2466376027368433}, "datetime": {"datetime": "2021-06-29 21:08:00", "elapsed": 3239.079778, "delta": 10.388086}}
{"target": 0.0043596300859695975, "params": {"0": 1.173723321097179, "1": -2.2482753026937, "2": -1.017933301904984, "3": -2.023177852554026, "4": -2.1381885513122065, "5": -0.7737618037439091, "6": -2.902671759996104, "7": -0.15302883073171447}, "datetime": {"datetime": "2021-06-29 21:08:16", "elapsed": 3255.603396, "delta": 16.523618}}
{"target": 0.007990425440104556, "params": {"0": -1.3115769870672027, "1": -2.681457841811449, "2": -2.3308339584983804, "3": -1.8677936092999576, "4": -1.4765046474106822, "5": -0.9854800661271748, "6": -1.6113964913397307, "7": -0.4524253701950709}, "datetime": {"datetime": "2021-06-29 21:08:28", "elapsed": 3267.523386, "delta": 11.91999}}
{"target": 0.003992565756497657, "params": {"0": 1.6910815183715995, "1": -0.1632765529601432, "2": -0.3471147072422611, "3": 2.1269397501654845, "4": -2.4413815203310003, "5": -1.937319598543731, "6": 0.9184904938382443, "7": 1.51261866449068}, "datetime": {"datetime": "2021-06-29 21:08:39", "elapsed": 3277.999488, "delta": 10.476102}}
{"target": 0.004130612981797551, "params": {"0": 2.50380516262702, "1": -0.9208515761407008, "2": -2.7271685460920896, "3": -2.3691775980311, "4": -1.153512185229036, "5": 1.9721023344080573, "6": -1.3072688991796688, "7": -1.6572581537157889}, "datetime": {"datetime": "2021-06-29 21:08:57", "elapsed": 3295.779608, "delta": 17.78012}}
{"target": 0.005186511767746511, "params": {"0": 2.870320876759717, "1": 1.5654325029340779, "2": 0.9265528109973706, "3": -2.011039326738614, "4": -1.7971175725379334, "5": -0.8771566115796006, "6": -0.805475026170738, "7": -2.4874804342225016}, "datetime": {"datetime": "2021-06-29 21:09:19", "elapsed": 3318.0845, "delta": 22.304892}}
{"target": 0.0032791009421902248, "params": {"0": -1.6289086014536138, "1": 1.7411308732541038, "2": 2.8749663157415863, "3": 1.6690620929792779, "4": 1.8233644785008778, "5": -1.1957324487785643, "6": 2.1136386221819086, "7": 1.5917839493270627}, "datetime": {"datetime": "2021-06-29 21:09:28", "elapsed": 3327.230923, "delta": 9.146423}}
{"target": 0.0035723370690884655, "params": {"0": 0.14939102208603927, "1": 0.9639305035077843, "2": -1.8630766465480044, "3": 2.2430199983183448, "4": 2.078661115669867, "5": 1.7790735404315967, "6": 1.6098911466060093, "7": 1.3275173530518067}, "datetime": {"datetime": "2021-06-29 21:09:38", "elapsed": 3337.466212, "delta": 10.235289}}
{"target": 0.0034695811058688343, "params": {"0": -0.9929821370332368, "1": -2.609913332320942, "2": 2.836085362521011, "3": -1.653117814933746, "4": 1.0869085488598564, "5": 2.3323423374362857, "6": 1.372861544299381, "7": -2.6799308553398444}, "datetime": {"datetime": "2021-06-29 21:09:47", "elapsed": 3345.938852, "delta": 8.47264}}
{"target": 0.006186523764093037, "params": {"0": 1.6511012433694976, "1": -2.6662865681401593, "2": 0.004345463887800882, "3": -2.5226560161285096, "4": 2.5046634044410823, "5": -1.248027881312667, "6": -1.3745560868583602, "7": 1.2528507023465005}, "datetime": {"datetime": "2021-06-29 21:10:06", "elapsed": 3365.316986, "delta": 19.378134}}
{"target": 0.004288644161454023, "params": {"0": 1.184647118337688, "1": 1.9107710619351783, "2": -2.9646742000852058, "3": -0.845197159109564, "4": -0.06472838836714612, "5": 0.35257363530399877, "6": 0.39313272719341086, "7": 1.2148457964155952}, "datetime": {"datetime": "2021-06-29 21:10:29", "elapsed": 3388.496633, "delta": 23.179647}}
{"target": 0.004553437274522379, "params": {"0": 2.7717532973627215, "1": -1.4773454142968057, "2": 2.940536260583256, "3": -2.6255518699544034, "4": -1.4300242657590092, "5": -0.5949123891155352, "6": 1.1674381452641098, "7": -2.32247608190349}, "datetime": {"datetime": "2021-06-29 21:10:36", "elapsed": 3395.317343, "delta": 6.82071}}
{"target": 0.003251785312588022, "params": {"0": -0.8156798044428024, "1": 0.6763114117844617, "2": -0.055143542028410764, "3": 0.7540114681626173, "4": -0.5413063298775294, "5": 0.2544739300256209, "6": 2.3673990042290303, "7": -2.9333178020191424}, "datetime": {"datetime": "2021-06-29 21:10:49", "elapsed": 3407.715859, "delta": 12.398516}}
{"target": 0.007129705252283646, "params": {"0": -0.45456777423060224, "1": -2.378373399420002, "2": -2.133155999457096, "3": -1.3025624460194791, "4": 1.2340915166044937, "5": -1.5124731354984926, "6": 1.4347892647288027, "7": -0.6860624846958157}, "datetime": {"datetime": "2021-06-29 21:10:58", "elapsed": 3417.372272, "delta": 9.656413}}
{"target": 0.0030372810265778334, "params": {"0": 1.3089196098390659, "1": -1.4144176238033535, "2": -2.4247364167613457, "3": -0.4976974263456708, "4": 0.4650512689631716, "5": 2.8152440521691293, "6": -0.6774587717333227, "7": -2.0915239423792578}, "datetime": {"datetime": "2021-06-29 21:11:08", "elapsed": 3427.224952, "delta": 9.85268}}
{"target": 0.0030384963900099236, "params": {"0": 0.9132287031727726, "1": -0.4265842010244967, "2": -2.1743280251433004, "3": -0.7511729404007266, "4": 2.3891045613924193, "5": 2.622243733267565, "6": 2.50775249840882, "7": -1.4553228474839537}, "datetime": {"datetime": "2021-06-29 21:11:17", "elapsed": 3436.275971, "delta": 9.051019}}
{"target": 0.011421194956235331, "params": {"0": -0.2730055318624549, "1": 2.8745820840441425, "2": -0.5322876000145973, "3": 0.39964974213739834, "4": 1.1675540018857067, "5": -2.298845661603824, "6": -0.8096794533723672, "7": -2.7815981483272294}, "datetime": {"datetime": "2021-06-29 21:11:30", "elapsed": 3448.923074, "delta": 12.647103}}
{"target": 0.004603989484969304, "params": {"0": -2.192683922650441, "1": 0.8547875398392306, "2": -0.5442349242488351, "3": 2.611943757313333, "4": -0.10967385819104347, "5": 0.8943262893347939, "6": -0.9969217876713725, "7": 0.20392865627009904}, "datetime": {"datetime": "2021-06-29 21:11:40", "elapsed": 3458.967872, "delta": 10.044798}}
{"target": 0.034512001459275764, "params": {"0": 2.7223793405076924, "1": -0.7864612982079309, "2": 0.46804835371701214, "3": 2.0973191775105997, "4": -1.4866113407478276, "5": 1.7610745932640732, "6": -1.4702124199329694, "7": -1.7948087894388802}, "datetime": {"datetime": "2021-06-29 21:11:52", "elapsed": 3470.935171, "delta": 11.967299}}
{"target": 0.003579570120971307, "params": {"0": -2.0402574612491646, "1": 1.432826016644369, "2": -0.10643584024542996, "3": -1.4818526219639756, "4": 0.14043829586499168, "5": -0.7871170820536135, "6": -2.4049599601295704, "7": 2.380844189188136}, "datetime": {"datetime": "2021-06-29 21:12:03", "elapsed": 3482.50457, "delta": 11.569399}}
{"target": 0.003245890573311839, "params": {"0": 2.0870091214721977, "1": 0.48607808830605936, "2": 0.8634807362748891, "3": 2.8845950446517623, "4": -0.03629129010016463, "5": -0.7428247770638561, "6": -1.4679028737208228, "7": 2.3691524296483717}, "datetime": {"datetime": "2021-06-29 21:12:18", "elapsed": 3496.983327, "delta": 14.478757}}
{"target": 0.0032864828119543396, "params": {"0": -0.9320747472132163, "1": -2.2705430933581505, "2": 0.9201538893235943, "3": -1.1067346743459539, "4": -2.881999116539789, "5": 1.4202568615262088, "6": -0.25727886378384035, "7": -1.2643698460024244}, "datetime": {"datetime": "2021-06-29 21:12:40", "elapsed": 3519.015185, "delta": 22.031858}}
{"target": 0.006704809062095505, "params": {"0": 0.7567170921336457, "1": 0.9424009309536334, "2": 1.494852470430044, "3": 2.064263663967103, "4": -0.8202273611019306, "5": -0.06484433207580764, "6": 2.1173751512082752, "7": -2.33796045085358}, "datetime": {"datetime": "2021-06-29 21:12:53", "elapsed": 3532.28128, "delta": 13.266095}}
{"target": 0.005750962671323912, "params": {"0": -2.4648621692022967, "1": 2.649497725746044, "2": -0.11397392548844731, "3": -0.32409081559318187, "4": 2.427084125765953, "5": 1.17878182788764, "6": 0.470340590585705, "7": 1.1278815921392908}, "datetime": {"datetime": "2021-06-29 21:13:04", "elapsed": 3543.165975, "delta": 10.884695}}
{"target": 0.0038892818795443086, "params": {"0": 2.1949451990251516, "1": 2.401688159260064, "2": 0.4061108668905513, "3": -0.05263480829884015, "4": 0.7750012468833187, "5": 2.404773854788191, "6": -2.91064259428427, "7": 0.3151278862652642}, "datetime": {"datetime": "2021-06-29 21:13:16", "elapsed": 3555.081686, "delta": 11.915711}}
{"target": 0.005741404338927006, "params": {"0": 0.9537136470514209, "1": -2.734183700605831, "2": 2.824926510524014, "3": 1.1520730794986855, "4": -0.5978576396041677, "5": -0.49618221713763067, "6": 0.19080435046265842, "7": -0.29802763648931085}, "datetime": {"datetime": "2021-06-29 21:13:36", "elapsed": 3575.687236, "delta": 20.60555}}
{"target": 0.004105460422048884, "params": {"0": 2.8011758060603755, "1": -1.765398882275274, "2": -2.424911546586096, "3": -2.5824202671428456, "4": 0.85671556351202, "5": 2.154237580750012, "6": -0.8206116798781933, "7": -2.4674222881298133}, "datetime": {"datetime": "2021-06-29 21:13:46", "elapsed": 3585.360084, "delta": 9.672848}}
{"target": 0.004722894014612215, "params": {"0": -0.6001918659244039, "1": -2.115729256787223, "2": -0.15029047724920108, "3": -1.8142680302659646, "4": 1.128878693069181, "5": -0.9978813003942122, "6": -2.4745557946690995, "7": 2.5843683612872486}, "datetime": {"datetime": "2021-06-29 21:14:06", "elapsed": 3604.969012, "delta": 19.608928}}
{"target": 0.0047210089467427194, "params": {"0": 0.9963265626453017, "1": -1.2525663849070428, "2": 0.35835363167659695, "3": -1.5227765830694502, "4": 0.8182575150852127, "5": -0.9245507293732524, "6": 2.55532163502534, "7": -1.9072515871755844}, "datetime": {"datetime": "2021-06-29 21:14:16", "elapsed": 3615.152273, "delta": 10.183261}}
