{"target": 0.0031982944193322408, "params": {"0": -1.0997388810723865, "1": -0.2454708981835072, "2": -0.7826490540818467, "3": -0.7165939252819742, "4": 2.08015709638478, "5": -1.9089132302163774, "6": 2.800116838710295, "7": -1.3827883250927833}, "datetime": {"datetime": "2021-06-29 23:29:20", "elapsed": 11719.769191, "delta": 16.275417}}
{"target": 0.003423295625641187, "params": {"0": -2.817101971369887, "1": 2.5197225893998514, "2": 2.8200404975449107, "3": 1.6606601297799761, "4": 1.3020396412997624, "5": 0.5095611376630194, "6": -2.0575960889243765, "7": 0.2002083038277611}, "datetime": {"datetime": "2021-06-29 23:29:39", "elapsed": 11738.667537, "delta": 18.898346}}
{"target": 0.0031225033256607995, "params": {"0": 2.5261994617065637, "1": 0.2736986785964586, "2": 2.309712627451682, "3": 0.7937112019151034, "4": 1.2535466499730443, "5": -1.9649704989067884, "6": -2.5656840613606757, "7": 1.1339097441808317}, "datetime": {"datetime": "2021-06-29 23:29:56", "elapsed": 11755.271511, "delta": 16.603974}}
{"target": 0.004846479423922333, "params": {"0": 0.05612865110221188, "1": 1.535636611227022, "2": -1.7116270558937228, "3": -0.9294466094383105, "4": -1.8012731346491235, "5": 1.4225951761733375, "6": -0.5373469374312112, "7": 2.3906973797904723}, "datetime": {"datetime": "2021-06-29 23:30:17", "elapsed": 11776.73021, "delta": 21.458699}}
{"target": 0.0038035960162427105, "params": {"0": 0.7975616913435783, "1": -1.5807756636655947, "2": -2.210521546075169, "3": 0.283050573075438, "4": -2.041782943537946, "5": -0.771905165098691, "6": 2.982741908503151, "7": 2.9733857956540657}, "datetime": {"datetime": "2021-06-29 23:30:43", "elapsed": 11802.226909, "delta": 25.496699}}
{"target": 0.0045051909796363825, "params": {"0": 1.7154438508367615, "1": 0.5845070117686606, "2": -1.5445793514733206, "3": 1.966923798081809, "4": -0.3244506345834517, "5": -2.527235134655995, "6": 0.12221677217506954, "7": 1.1826745656703856}, "datetime": {"datetime": "2021-06-29 23:31:00", "elapsed": 11819.237923, "delta": 17.011014}}
{"target": 0.0031588843964568654, "params": {"0": 1.0459059959322836, "1": -2.299892608308275, "2": -1.0363387345154615, "3": 2.8626099196053145, "4": -0.1784994229676431, "5": 0.6785173147449193, "6": 0.47784823786464514, "7": -0.42171886033765205}, "datetime": {"datetime": "2021-06-29 23:31:14", "elapsed": 11833.859822, "delta": 14.621899}}
{"target": 0.005745769182002985, "params": {"0": 2.8335623266953016, "1": 0.030912387689014054, "2": -2.41490773091898, "3": -0.2246068177506153, "4": -2.4680392044634556, "5": -0.42271120436773746, "6": -0.1026825299732872, "7": -0.012622938416362306}, "datetime": {"datetime": "2021-06-29 23:31:27", "elapsed": 11846.234797, "delta": 12.374975}}
{"target": 0.003151227947535295, "params": {"0": -2.1054328874114088, "1": -0.6513517812474134, "2": 0.4978624767992992, "3": -2.8292004187101973, "4": 2.312806823124628, "5": -1.7937135353113807, "6": 2.354072702064788, "7": -0.6933176041559386}, "datetime": {"datetime": "2021-06-29 23:31:40", "elapsed": 11859.104349, "delta": 12.869552}}
{"target": 0.0032334326321065672, "params": {"0": 0.48481320031427266, "1": -2.9368451792412458, "2": -0.5200174523787551, "3": 1.9111438583416724, "4": -2.3322378282062184, "5": 0.08655761406969731, "6": 1.858249329763427, "7": 1.6240011998059227}, "datetime": {"datetime": "2021-06-29 23:31:54", "elapsed": 11873.457205, "delta": 14.352856}}
