{"target": 0.003166607967798501, "params": {"0": -1.0997388810723865, "1": -0.2454708981835072, "2": -0.7826490540818467, "3": -0.7165939252819742, "4": 2.08015709638478, "5": -1.9089132302163774, "6": 2.800116838710295, "7": -1.3827883250927833}, "datetime": {"datetime": "2021-06-29 17:59:33", "elapsed": 9694.302167, "delta": 15.104181}}
{"target": 0.0033711618974674546, "params": {"0": -2.817101971369887, "1": 2.5197225893998514, "2": 2.8200404975449107, "3": 1.6606601297799761, "4": 1.3020396412997624, "5": 0.5095611376630194, "6": -2.0575960889243765, "7": 0.2002083038277611}, "datetime": {"datetime": "2021-06-29 17:59:44", "elapsed": 9705.315986, "delta": 11.013819}}
{"target": 0.0031189762456393178, "params": {"0": 2.5261994617065637, "1": 0.2736986785964586, "2": 2.309712627451682, "3": 0.7937112019151034, "4": 1.2535466499730443, "5": -1.9649704989067884, "6": -2.5656840613606757, "7": 1.1339097441808317}, "datetime": {"datetime": "2021-06-29 17:59:56", "elapsed": 9716.981717, "delta": 11.665731}}
{"target": 0.0045507122920654015, "params": {"0": 0.05612865110221188, "1": 1.535636611227022, "2": -1.7116270558937228, "3": -0.9294466094383105, "4": -1.8012731346491235, "5": 1.4225951761733375, "6": -0.5373469374312112, "7": 2.3906973797904723}, "datetime": {"datetime": "2021-06-29 18:00:08", "elapsed": 9729.5477, "delta": 12.565983}}
{"target": 0.14423522148318238, "params": {"0": 0.8964890073851715, "1": -2.0410104299336194, "2": 0.10236391206111062, "3": -1.7149177972129337, "4": 1.901981085078872, "5": -1.9819851589272641, "6": 2.886458855472931, "7": -0.7066120977742392}, "datetime": {"datetime": "2021-06-29 18:00:26", "elapsed": 9747.315157, "delta": 17.767457}}
{"target": 0.011538848569254212, "params": {"0": 1.13631705921419, "1": -1.8440537552620644, "2": 0.6930628220264348, "3": -1.7405632466422316, "4": 0.38796406401650785, "5": -0.2576262953129982, "6": 1.727745832392034, "7": -1.677817842372737}, "datetime": {"datetime": "2021-06-29 18:00:43", "elapsed": 9764.742825, "delta": 17.427668}}
{"target": 0.0031265005214005928, "params": {"0": 1.0459059959322836, "1": -2.299892608308275, "2": -1.0363387345154615, "3": 2.8626099196053145, "4": -0.1784994229676431, "5": 0.6785173147449193, "6": 0.47784823786464514, "7": -0.42171886033765205}, "datetime": {"datetime": "2021-06-29 18:00:52", "elapsed": 9773.249058, "delta": 8.506233}}
{"target": 0.005382727264939246, "params": {"0": 2.8335623266953016, "1": 0.030912387689014054, "2": -2.41490773091898, "3": -0.2246068177506153, "4": -2.4680392044634556, "5": -0.42271120436773746, "6": -0.1026825299732872, "7": -0.012622938416362306}, "datetime": {"datetime": "2021-06-29 18:00:59", "elapsed": 9780.073022, "delta": 6.823964}}
{"target": 0.003073414198812169, "params": {"0": -2.1054328874114088, "1": -0.6513517812474134, "2": 0.4978624767992992, "3": -2.8292004187101973, "4": 2.312806823124628, "5": -1.7937135353113807, "6": 2.354072702064788, "7": -0.6933176041559386}, "datetime": {"datetime": "2021-06-29 18:01:10", "elapsed": 9791.660878, "delta": 11.587856}}
{"target": 0.003252329712185992, "params": {"0": 0.48481320031427266, "1": -2.9368451792412458, "2": -0.5200174523787551, "3": 1.9111438583416724, "4": -2.3322378282062184, "5": 0.08655761406969731, "6": 1.858249329763427, "7": 1.6240011998059227}, "datetime": {"datetime": "2021-06-29 18:01:22", "elapsed": 9803.366712, "delta": 11.705834}}
