{"target": 0.0034703863084223617, "params": {"0": 1.3049914699839746, "1": 2.9200931626344255, "2": 0.01147942153189252, "3": -0.8154475643525774, "4": -0.8113414753424077, "5": -2.114332713033985, "6": -2.6305999344321993, "7": 2.2604419165436624}, "datetime": {"datetime": "2021-06-29 16:37:56", "elapsed": 4796.561886, "delta": 11.407413}}
{"target": 0.00408555045184194, "params": {"0": 2.633925335043358, "1": 1.993877312245652, "2": -0.36707752125010185, "3": 1.3367003186772353, "4": -2.6727679887224562, "5": 0.42262911646513635, "6": 2.641523066567064, "7": -0.626010943463617}, "datetime": {"datetime": "2021-06-29 16:38:06", "elapsed": 4806.653195, "delta": 10.091309}}
{"target": 0.006238609529962162, "params": {"0": -2.13188392807636, "1": -1.6551488888871562, "2": 2.558113248778845, "3": -0.1919293791557024, "4": -0.01948606963129773, "5": -0.00776308062735076, "6": -2.8922895643535105, "7": -0.9684045845773657}, "datetime": {"datetime": "2021-06-29 16:38:22", "elapsed": 4822.136256, "delta": 15.483061}}
{"target": 0.002974684320616908, "params": {"0": -1.7932163955230276, "1": 0.24772843326930438, "2": 0.7697593686610578, "3": 2.778710547213371, "4": 1.7376690737831453, "5": -2.0894789532240283, "6": -0.9483994403521341, "7": 1.7587564057075822}, "datetime": {"datetime": "2021-06-29 16:38:41", "elapsed": 4841.580847, "delta": 19.444591}}
{"target": 0.0034093132072836423, "params": {"0": 0.7745650596263127, "1": -0.1240100701410567, "2": -0.15015002101957275, "3": 1.0607535915816957, "4": 2.872676865583438, "5": -2.7318382416198306, "6": -1.5841921807122294, "7": 2.2361415965477027}, "datetime": {"datetime": "2021-06-29 16:38:49", "elapsed": 4849.998756, "delta": 8.417909}}
{"target": 0.003748477708793822, "params": {"0": -1.849173472877371, "1": -2.441578029322523, "2": -1.7987155834865476, "3": 1.9264804843905, "4": -2.461673464574595, "5": 2.081714879615131, "6": 1.2483841724056202, "7": 0.09454898840916215}, "datetime": {"datetime": "2021-06-29 16:39:05", "elapsed": 4865.889267, "delta": 15.890511}}
{"target": 0.00337515571182281, "params": {"0": -1.2259813942516222, "1": 2.02147518640428, "2": 1.6264781895797062, "3": -0.02070106095740698, "4": 2.383923339108515, "5": 2.0614206962140313, "6": 1.4920503991946656, "7": 0.3419646615701524}, "datetime": {"datetime": "2021-06-29 16:39:16", "elapsed": 4877.053151, "delta": 11.163884}}
{"target": 0.0035391672038642004, "params": {"0": 1.1535923051299726, "1": -1.3904081009983855, "2": 2.0364871774970714, "3": -0.6502467970495047, "4": 2.1931251564685024, "5": -0.2601543552054366, "6": 2.9950558942642393, "7": 0.5955464340411396}, "datetime": {"datetime": "2021-06-29 16:39:28", "elapsed": 4888.347846, "delta": 11.294695}}
{"target": 0.0030827519173789036, "params": {"0": 0.9198233984909789, "1": 0.19638059407107988, "2": -1.5239267069783689, "3": -0.5949171578317713, "4": 2.828475200983915, "5": 0.8308711783057436, "6": -0.7129373816043856, "7": -2.045033778261698}, "datetime": {"datetime": "2021-06-29 16:39:43", "elapsed": 4903.637514, "delta": 15.289668}}
{"target": 0.0044662117542926885, "params": {"0": 2.4691455304339494, "1": 0.30688130045741513, "2": -2.6457381477270876, "3": 0.7320082726998431, "4": 1.641852391144302, "5": -1.1838256323219318, "6": 1.2928471181680052, "7": -1.2422332058224774}, "datetime": {"datetime": "2021-06-29 16:39:57", "elapsed": 4917.241568, "delta": 13.604054}}
{"target": 0.003315981792315305, "params": {"0": -1.502433473714035, "1": -2.2442812368234897, "2": 1.8083267647146677, "3": 1.0021563684756343, "4": -0.875669127143186, "5": -1.9436470670734411, "6": 0.08827027236184026, "7": -0.7829970656476499}, "datetime": {"datetime": "2021-06-29 16:40:09", "elapsed": 4929.365325, "delta": 12.123757}}
{"target": 0.0033278068578601336, "params": {"0": -2.476899935470775, "1": -2.2647252637825237, "2": -1.0232754841293417, "3": -2.8762167058238033, "4": -2.2154842299847326, "5": 2.642356345923087, "6": 1.3962810553451295, "7": -1.7005829540111408}, "datetime": {"datetime": "2021-06-29 16:40:22", "elapsed": 4943.126724, "delta": 13.761399}}
{"target": 0.0044275527970673275, "params": {"0": 0.08553958230940939, "1": -1.9786021810061103, "2": -2.7048020957197068, "3": -0.240162882779833, "4": -0.5712905222816191, "5": 0.3774229026316043, "6": -1.3749500373605221, "7": -1.8888065972774815}, "datetime": {"datetime": "2021-06-29 16:40:49", "elapsed": 4969.20144, "delta": 26.074716}}
{"target": 0.005485817516326153, "params": {"0": -0.11189068023481497, "1": 1.0670220561265245, "2": -2.12665165482578, "3": 1.5554866526517763, "4": -0.7981888882217767, "5": 2.5689339245630887, "6": -1.8546415259602227, "7": -1.6086625808730823}, "datetime": {"datetime": "2021-06-29 16:40:57", "elapsed": 4977.937122, "delta": 8.735682}}
{"target": 0.0034007619375614278, "params": {"0": -2.3763241306122174, "1": 1.7713785720099366, "2": 2.1520786586030116, "3": 0.6493447256015239, "4": 1.2366882804025492, "5": -1.4768714220466848, "6": -0.3740323998391446, "7": 2.8404435993473944}, "datetime": {"datetime": "2021-06-29 16:41:13", "elapsed": 4993.653943, "delta": 15.716821}}
{"target": 0.003969101161794158, "params": {"0": 2.0640259008292716, "1": 0.5721207611414307, "2": 0.49164264000069036, "3": -0.06973659696153511, "4": -0.36445011702217833, "5": 1.8600886097948868, "6": 1.2755526574764584, "7": -1.1001675959336525}, "datetime": {"datetime": "2021-06-29 16:41:25", "elapsed": 5005.955716, "delta": 12.301773}}
{"target": 0.003130203792554787, "params": {"0": 0.6750306514112467, "1": 0.4966744501498912, "2": 1.6195027130086457, "3": -2.5189911646614407, "4": -1.2851033483037426, "5": 1.4145048878047124, "6": 2.574962466697971, "7": 0.05730482816617588}, "datetime": {"datetime": "2021-06-29 16:41:54", "elapsed": 5034.916125, "delta": 28.960409}}
{"target": 0.009443533511926411, "params": {"0": -2.0387673730798186, "1": 0.04889582029309736, "2": -0.2534225497816669, "3": -1.518005999225094, "4": 1.039455789492287, "5": 2.4375125609692, "6": -2.459434967757466, "7": -1.0074243130393241}, "datetime": {"datetime": "2021-06-29 16:42:08", "elapsed": 5048.723029, "delta": 13.806904}}
{"target": 0.0033604256893836637, "params": {"0": 2.8540546140301846, "1": 1.8973097274604216, "2": -2.681879488657976, "3": -0.5566370215069973, "4": 0.05080392741287865, "5": 0.27858458833117794, "6": 1.381344966620686, "7": 0.2604370089172541}, "datetime": {"datetime": "2021-06-29 16:42:19", "elapsed": 5059.825039, "delta": 11.10201}}
{"target": 0.005822186354984225, "params": {"0": 1.6384618547932437, "1": 1.1544431942275457, "2": -0.3707229126798013, "3": -0.20500764389394988, "4": -1.2898549546453342, "5": -1.8084452803987918, "6": 2.9087255271857977, "7": 1.9485198866444229}, "datetime": {"datetime": "2021-06-29 16:42:38", "elapsed": 5078.387247, "delta": 18.562208}}
{"target": 0.008434549935721519, "params": {"0": 0.9369109711203203, "1": 1.3356921659802499, "2": -0.8594357482300286, "3": -2.5605661719238233, "4": -0.603264865768371, "5": -1.6215588221857729, "6": -1.2081180195863186, "7": -0.25061271935195517}, "datetime": {"datetime": "2021-06-29 16:42:53", "elapsed": 5093.233159, "delta": 14.845912}}
{"target": 0.008055282192517662, "params": {"0": -0.6599311420165552, "1": 1.411529517587784, "2": -1.2710066313077049, "3": 1.9674304498524018, "4": -2.0482421093545957, "5": -0.45944658375270553, "6": 1.6338570625302609, "7": 2.0621951848864004}, "datetime": {"datetime": "2021-06-29 16:43:04", "elapsed": 5104.171558, "delta": 10.938399}}
{"target": 0.018834849878954174, "params": {"0": 2.0552296005461788, "1": -2.997660241212947, "2": 0.6266896086526801, "3": -1.8475083107860297, "4": -2.4842886114687905, "5": 2.033935673324991, "6": -1.8959562161800434, "7": -2.69957056193451}, "datetime": {"datetime": "2021-06-29 16:43:14", "elapsed": 5114.173789, "delta": 10.002231}}
{"target": 0.0043851547589905575, "params": {"0": -2.298938186395822, "1": 0.24606091814415, "2": 2.222413828450563, "3": -2.1758742875133743, "4": -1.9999853636497171, "5": 0.5016117978316554, "6": -2.6678863479947856, "7": 0.12346852386100693}, "datetime": {"datetime": "2021-06-29 16:43:32", "elapsed": 5132.388837, "delta": 18.215048}}
{"target": 0.006451131304423485, "params": {"0": 1.2394542835276052, "1": -2.7310574429059096, "2": -0.508803617443101, "3": -0.9038559683857623, "4": -0.575145472227744, "5": 0.9034061552074606, "6": -0.19501397378569907, "7": -1.6163220892622379}, "datetime": {"datetime": "2021-06-29 16:43:47", "elapsed": 5147.705512, "delta": 15.316675}}
{"target": 0.003043507695983339, "params": {"0": 0.12418117627621328, "1": 2.536045954977638, "2": 0.838807277807109, "3": -2.3738472160456388, "4": 1.005823628866371, "5": 1.3569821644116162, "6": -1.2301972027134287, "7": 0.33090257675052737}, "datetime": {"datetime": "2021-06-29 16:44:06", "elapsed": 5166.797677, "delta": 19.092165}}
{"target": 0.00425388469256006, "params": {"0": -0.7723897777007331, "1": -2.950426972611017, "2": -0.2887279853497904, "3": -2.322742595367807, "4": -2.365938977897799, "5": 0.7741369488166656, "6": -2.171434243846895, "7": -1.177131778732888}, "datetime": {"datetime": "2021-06-29 16:44:30", "elapsed": 5190.17967, "delta": 23.381993}}
{"target": 0.0032993240690876876, "params": {"0": 0.9467843240389442, "1": 0.9648889394109865, "2": -2.957004608160773, "3": -2.7129443903486834, "4": -2.5531889400671823, "5": 1.1621123389603483, "6": 2.7801099481682545, "7": 1.9055974422849102}, "datetime": {"datetime": "2021-06-29 16:44:36", "elapsed": 5196.724429, "delta": 6.544759}}
{"target": 0.003390597754810037, "params": {"0": -1.7235203619195292, "1": 1.6591016741657088, "2": 1.0945751664524508, "3": -2.861864378093137, "4": 1.532618075146936, "5": -0.30818762906423736, "6": 0.9048535709119969, "7": 1.2829679569624464}, "datetime": {"datetime": "2021-06-29 16:44:47", "elapsed": 5207.633338, "delta": 10.908909}}
{"target": 0.0034728023363258297, "params": {"0": 0.36519747627107124, "1": 0.7159680541486955, "2": 1.0839659125371996, "3": 1.070897862371253, "4": -1.9672284398758002, "5": -1.3300124629611152, "6": 0.9226720054419237, "7": -1.6134468272277476}, "datetime": {"datetime": "2021-06-29 16:45:00", "elapsed": 5220.533408, "delta": 12.90007}}
{"target": 0.0033577199908230307, "params": {"0": -1.1316038853118362, "1": 2.404170823727755, "2": -0.6409269826933599, "3": -2.623162800578413, "4": -1.5106228876482681, "5": -1.3111699276546476, "6": -2.3699696004507773, "7": -2.6099042063139377}, "datetime": {"datetime": "2021-06-29 16:45:18", "elapsed": 5239.054638, "delta": 18.52123}}
{"target": 0.003063073252426418, "params": {"0": -2.9179364862712687, "1": 2.913065953110051, "2": -1.5448412681631278, "3": -0.08306538389946194, "4": 1.6216241965913323, "5": 0.13209194332443674, "6": -1.8131715593810682, "7": 0.8506418458502685}, "datetime": {"datetime": "2021-06-29 16:45:33", "elapsed": 5253.751544, "delta": 14.696906}}
{"target": 0.006808613341734335, "params": {"0": 1.2591219537536134, "1": 1.2665260658547872, "2": 0.529189744640111, "3": -1.397571024259, "4": 1.971554524295243, "5": -2.9097972174378564, "6": 1.6876262577469952, "7": -2.94423376517652}, "datetime": {"datetime": "2021-06-29 16:46:04", "elapsed": 5284.612986, "delta": 30.861442}}
{"target": 0.00741378760194335, "params": {"0": 0.909045949375721, "1": 1.1942047373742293, "2": 1.226652062737866, "3": 2.159611531166246, "4": -2.5514437528820695, "5": -0.3809589820286772, "6": -2.57164903368919, "7": -1.5485800157720655}, "datetime": {"datetime": "2021-06-29 16:46:14", "elapsed": 5294.495727, "delta": 9.882741}}
{"target": 0.003245984675420385, "params": {"0": -2.221499045477028, "1": 1.7448471632668614, "2": -2.017452234092384, "3": 0.880818210325665, "4": -0.8009294099740334, "5": 2.2299856600501258, "6": 2.1978078688706644, "7": 1.1948320984232295}, "datetime": {"datetime": "2021-06-29 16:46:47", "elapsed": 5327.408272, "delta": 32.912545}}
{"target": 0.01279658307778345, "params": {"0": -1.4962960589249668, "1": -2.3554689624902068, "2": -0.09923401323011882, "3": 0.4384239753152004, "4": -2.822791231809053, "5": -1.060417188974415, "6": -2.715881364304019, "7": -2.794291924158609}, "datetime": {"datetime": "2021-06-29 16:47:00", "elapsed": 5340.377184, "delta": 12.968912}}
{"target": 0.002947970752547705, "params": {"0": -0.64463642101195, "1": 1.1098992289723704, "2": -0.46687087689869955, "3": 2.7795210394929146, "4": 1.2632021130558293, "5": 2.8524497864283953, "6": 0.16243715806069714, "7": -1.878972598686801}, "datetime": {"datetime": "2021-06-29 16:47:11", "elapsed": 5351.339151, "delta": 10.961967}}
{"target": 0.0031673634458434493, "params": {"0": 0.2754974208548062, "1": -2.3751102085570874, "2": -2.6506649145543664, "3": -1.3391779519865081, "4": -0.46363936728443056, "5": 2.4973378586108854, "6": 0.6887849871904788, "7": -2.1286899461421775}, "datetime": {"datetime": "2021-06-29 16:47:31", "elapsed": 5371.841681, "delta": 20.50253}}
{"target": 0.003061598584116509, "params": {"0": -0.20173352835061653, "1": 0.21835663603099764, "2": 2.071518955413506, "3": 2.9415849363590354, "4": 1.8433748006319028, "5": 1.4512439189421382, "6": 1.734828210997799, "7": -1.0425761517033976}, "datetime": {"datetime": "2021-06-29 16:48:01", "elapsed": 5402.044573, "delta": 30.202892}}
{"target": 0.008388002832701184, "params": {"0": -1.063590605232163, "1": -1.2693631618764338, "2": -1.8024643890507692, "3": -0.20140256289589065, "4": -2.048261603403451, "5": -2.119813179298121, "6": 0.15796196709621402, "7": -1.6540669036569702}, "datetime": {"datetime": "2021-06-29 16:48:12", "elapsed": 5412.904443, "delta": 10.85987}}
{"target": 0.003720854908612121, "params": {"0": 2.0805604945621123, "1": -2.3150184855529266, "2": -2.301953083319221, "3": -1.3817883341998778, "4": 1.2595300728097385, "5": -1.3528144229110857, "6": 2.818399622366111, "7": -1.1857319352578088}, "datetime": {"datetime": "2021-06-29 16:48:26", "elapsed": 5426.362321, "delta": 13.457878}}
{"target": 0.012156392011101958, "params": {"0": 0.44568218958418093, "1": -2.4302387803779215, "2": 2.204295222867538, "3": 0.9622701567310301, "4": -2.4516512774483177, "5": 0.7682435696928143, "6": -2.7439887922635178, "7": -0.2235249442054572}, "datetime": {"datetime": "2021-06-29 16:48:40", "elapsed": 5440.791917, "delta": 14.429596}}
{"target": 0.011247259478099928, "params": {"0": 0.3223198190770935, "1": -0.7367075041460907, "2": 1.690927980867599, "3": -0.8491265879452641, "4": 1.1932078703044784, "5": -2.314529582869876, "6": -2.859299844806926, "7": 2.4193004882851774}, "datetime": {"datetime": "2021-06-29 16:48:49", "elapsed": 5449.521242, "delta": 8.729325}}
{"target": 0.004590449058536486, "params": {"0": -2.4542734251949523, "1": 1.360913408974282, "2": -2.7617703040089494, "3": -1.8403929736936604, "4": -0.8084185119827643, "5": -2.300256077598841, "6": -2.042213216695232, "7": -2.317350598170247}, "datetime": {"datetime": "2021-06-29 16:49:14", "elapsed": 5474.560145, "delta": 25.038903}}
{"target": 0.003011820930562518, "params": {"0": -2.753522627938004, "1": 0.7772918658049242, "2": -2.8250599747325436, "3": 1.2140133594423554, "4": -1.415482524931924, "5": 2.62377412279991, "6": 0.7492924079117529, "7": -1.367634020167928}, "datetime": {"datetime": "2021-06-29 16:49:23", "elapsed": 5483.737845, "delta": 9.1777}}
{"target": 0.005113027359853003, "params": {"0": 0.4687534449916324, "1": 1.9588502184796965, "2": 2.646504166361109, "3": 0.9839091232059793, "4": -2.5617544012834426, "5": 0.7907800814135539, "6": -0.24891585829659757, "7": 2.3053960905452744}, "datetime": {"datetime": "2021-06-29 16:49:40", "elapsed": 5500.907996, "delta": 17.170151}}
{"target": 0.0030291085932161025, "params": {"0": 2.2129500155438597, "1": 0.9375317902844862, "2": 1.9831849828674555, "3": 1.1544289888178012, "4": 0.004375749626938763, "5": 2.5122229880621596, "6": 1.9992856393385345, "7": 0.15867135197425952}, "datetime": {"datetime": "2021-06-29 16:49:49", "elapsed": 5509.638888, "delta": 8.730892}}
{"target": 0.006714605827397806, "params": {"0": -0.7450827679790524, "1": -1.6472125129128683, "2": -0.4399041610910719, "3": -2.654168920045434, "4": 2.272413366337915, "5": -0.9037606222584276, "6": 2.604029074568049, "7": 1.2910700330627058}, "datetime": {"datetime": "2021-06-29 16:50:01", "elapsed": 5521.643593, "delta": 12.004705}}
{"target": 0.0406067931564827, "params": {"0": -1.073099739568213, "1": -0.8612657935784842, "2": -0.5711675642567218, "3": -2.9402748598560366, "4": 1.4787509079489034, "5": -0.6547309906479315, "6": -2.043711459592773, "7": -2.161446863703917}, "datetime": {"datetime": "2021-06-29 16:50:18", "elapsed": 5538.558749, "delta": 16.915156}}
{"target": 0.003228876648624755, "params": {"0": 0.2675582252649944, "1": -0.11713386355714128, "2": -2.5848894880842375, "3": -1.769553347395069, "4": 2.987009676352689, "5": 2.2765645076558068, "6": -0.8496168167864395, "7": -1.7037811839441834}, "datetime": {"datetime": "2021-06-29 16:50:33", "elapsed": 5553.548274, "delta": 14.989525}}
{"target": 0.0033614217861372446, "params": {"0": -0.9051053488938416, "1": 1.0582892809885287, "2": 2.236051328073458, "3": 0.11616684770221886, "4": 0.8594883934266742, "5": -1.8773550821930778, "6": -2.1826338231835027, "7": 0.21911799382694364}, "datetime": {"datetime": "2021-06-29 16:50:46", "elapsed": 5566.250855, "delta": 12.702581}}
{"target": 0.003427834340657241, "params": {"0": -2.6923112861739154, "1": -0.3605793356007072, "2": -2.025095240382118, "3": 2.011679940518234, "4": -2.8004662026499245, "5": 0.3852636590281424, "6": 1.2044759142703514, "7": 2.8310724527875823}, "datetime": {"datetime": "2021-06-29 16:50:57", "elapsed": 5577.952908, "delta": 11.702053}}
{"target": 0.003186972094015679, "params": {"0": 0.02051615033397436, "1": -2.869571128473587, "2": 0.9524537461794536, "3": -2.0471277029319053, "4": 1.0935315833971586, "5": 0.168511303122175, "6": 2.5763771543952965, "7": -2.4258131457248746}, "datetime": {"datetime": "2021-06-29 16:51:08", "elapsed": 5588.169782, "delta": 10.216874}}
{"target": 0.0035639341451426574, "params": {"0": -2.449386151766871, "1": 2.7061827221401984, "2": -0.7259137329477934, "3": -1.9715897609904804, "4": -2.6325944308544003, "5": 0.6771703638859305, "6": -1.004118928021804, "7": -0.27057196008417606}, "datetime": {"datetime": "2021-06-29 16:51:21", "elapsed": 5601.785298, "delta": 13.615516}}
{"target": 0.005005685565515882, "params": {"0": 0.9449649653199232, "1": 0.32513622082928473, "2": 1.5786244288750355, "3": -0.2233935739777433, "4": -2.5760076708116504, "5": -0.6114494667544284, "6": -2.471138062773857, "7": 2.8899839366827482}, "datetime": {"datetime": "2021-06-29 16:51:32", "elapsed": 5613.099206, "delta": 11.313908}}
{"target": 0.0033973838443448223, "params": {"0": 0.7654356559651578, "1": -1.589728817867988, "2": -2.5035733426790436, "3": 2.202324512229273, "4": 1.4547373444530969, "5": -2.377684296066832, "6": 1.4521030995367754, "7": 0.3666470206823318}, "datetime": {"datetime": "2021-06-29 16:51:41", "elapsed": 5622.076591, "delta": 8.977385}}
{"target": 0.0031799620950640753, "params": {"0": -1.358475014744848, "1": 0.9837200623002671, "2": -1.5157483128389977, "3": 2.212266400097607, "4": -1.828377552758742, "5": -1.4368097112191125, "6": 2.735696134397058, "7": 2.281665366899478}, "datetime": {"datetime": "2021-06-29 16:51:54", "elapsed": 5634.525679, "delta": 12.449088}}
{"target": 0.00440626639957892, "params": {"0": 1.060469024409299, "1": 0.6319423057612781, "2": -0.0966899959416585, "3": 1.0530306238873894, "4": -2.1984738385711093, "5": 1.68731306146017, "6": -0.14040296996021295, "7": 2.4986574282515877}, "datetime": {"datetime": "2021-06-29 16:52:05", "elapsed": 5645.940972, "delta": 11.415293}}
{"target": 0.04352269265957471, "params": {"0": 2.290082869709779, "1": 0.18469280166519564, "2": 2.5132402692421287, "3": 0.2382264635317224, "4": -1.3806940688549687, "5": 2.582528429627093, "6": -0.1332182913072888, "7": 0.6215883362765542}, "datetime": {"datetime": "2021-06-29 16:52:18", "elapsed": 5658.987939, "delta": 13.046967}}
{"target": 0.03161371393750714, "params": {"0": 1.3024905097957582, "1": 1.5146220071437124, "2": 2.019263795462363, "3": -0.7972258715796805, "4": -0.8787907848118337, "5": -0.9590421272909708, "6": -0.399949439109363, "7": 1.1741160336185086}, "datetime": {"datetime": "2021-06-29 16:52:37", "elapsed": 5677.439571, "delta": 18.451632}}
{"target": 0.004202541080791945, "params": {"0": 0.7906169563152083, "1": 1.7319683890639634, "2": -2.892231861891998, "3": 2.0931117790252074, "4": -2.3095735110576863, "5": -1.140950182696589, "6": -1.3459737353132508, "7": 0.5264904412420117}, "datetime": {"datetime": "2021-06-29 16:52:53", "elapsed": 5693.299707, "delta": 15.860136}}
{"target": 0.00454151951760947, "params": {"0": 2.6382211683114356, "1": 2.552192477607587, "2": 1.5990439097963458, "3": -2.5220699398576447, "4": 0.8689249317926802, "5": -1.0575663351303268, "6": 0.7547823860091123, "7": 1.7775454978815652}, "datetime": {"datetime": "2021-06-29 16:53:11", "elapsed": 5711.266567, "delta": 17.96686}}
{"target": 0.004686661155977601, "params": {"0": -0.2248450205826824, "1": -0.3669818039943298, "2": -0.21407730498331512, "3": -1.3175629926801695, "4": -2.387548452522313, "5": -0.9701331035126248, "6": 2.405363079142048, "7": 2.8987897870290142}, "datetime": {"datetime": "2021-06-29 16:53:31", "elapsed": 5731.239387, "delta": 19.97282}}
{"target": 0.007134205373501964, "params": {"0": 1.4844298971764882, "1": -2.647116433895496, "2": 2.7448833102950516, "3": 1.1957061778014069, "4": 0.5562274942867433, "5": -1.2383829913724618, "6": -1.868284705587924, "7": -1.016307988533646}, "datetime": {"datetime": "2021-06-29 16:53:44", "elapsed": 5744.876189, "delta": 13.636802}}
