{"target": 0.0039913814835913445, "params": {"0": -0.7492119392492853, "1": 0.21004437410596388, "2": -1.9535818723284755, "3": -0.5701457891945587, "4": 1.2001635427174788, "5": -0.7637338882459805, "6": 0.8842627177865063, "7": -1.0539283307002056}, "datetime": {"datetime": "2021-06-29 20:40:36", "elapsed": 1595.575204, "delta": 7.175483}}
{"target": 0.004368972149233181, "params": {"0": 2.3526378193574082, "1": 2.1246003604120762, "2": 0.7279465378857033, "3": -1.8131987711353035, "4": 0.18126657992230033, "5": -2.2397448829635858, "6": -0.6146841088170567, "7": -1.448033028356818}, "datetime": {"datetime": "2021-06-29 20:40:41", "elapsed": 1600.433731, "delta": 4.858527}}
{"target": 0.01232721764374029, "params": {"0": 2.691768397727812, "1": 2.6703237832319893, "2": 1.580220917431184, "3": -1.3851962928082364, "4": -1.6089286387476807, "5": -0.34747101677035275, "6": 0.7657150684484906, "7": 0.6848705579785217}, "datetime": {"datetime": "2021-06-29 20:40:49", "elapsed": 1608.458234, "delta": 8.024503}}
{"target": 0.004305957606639183, "params": {"0": 1.1520577360346937, "1": 1.3467177759115074, "2": -0.011746537007169877, "3": -1.4899341975451215, "4": 0.21501064642250256, "5": -0.4265414009452595, "6": 2.462794000033412, "7": -0.5581669550946469}, "datetime": {"datetime": "2021-06-29 20:40:58", "elapsed": 1617.279489, "delta": 8.821255}}
{"target": 0.0056410091199374434, "params": {"0": -1.9161182547214546, "1": -2.846194715832323, "2": 2.573266126843551, "3": 1.9148069509826247, "4": 0.06411318888033257, "5": 1.3734672048027425, "6": 0.5029389635215997, "7": -2.9920143022888004}, "datetime": {"datetime": "2021-06-29 20:41:04", "elapsed": 1623.299092, "delta": 6.019603}}
{"target": 0.0038991620400009846, "params": {"0": -2.0549353881116392, "1": -0.8546423151730558, "2": 0.5228132019352518, "3": 1.7787205718163692, "4": -0.6538711066444725, "5": -1.3909505599388816, "6": -2.8121779722207707, "7": 2.590593046375087}, "datetime": {"datetime": "2021-06-29 20:41:13", "elapsed": 1632.257581, "delta": 8.958489}}
{"target": 0.0034062641273693633, "params": {"0": 2.698518572170177, "1": 0.1575618630245108, "2": -1.6313837404244436, "3": 1.362589697378974, "4": -2.190709774992321, "5": 2.3394687479810132, "6": -2.0817309431207955, "7": -1.0051837860492518}, "datetime": {"datetime": "2021-06-29 20:41:19", "elapsed": 1638.409918, "delta": 6.152337}}
{"target": 0.0032976834447551086, "params": {"0": 2.6171109352207393, "1": -1.2103433242255157, "2": 1.3507287007464779, "3": 1.519965109694124, "4": -2.041665603356946, "5": 0.36229469600899433, "6": 0.9432550014387542, "7": 2.2174421397595667}, "datetime": {"datetime": "2021-06-29 20:41:25", "elapsed": 1644.712572, "delta": 6.302654}}
{"target": 0.006144310646672695, "params": {"0": -1.4543011430075776, "1": -1.8424119035647035, "2": 1.0266390783564532, "3": -2.746698321814713, "4": 2.398494232727897, "5": -2.9587357474344493, "6": -0.4702310890792498, "7": -0.6254858703212545}, "datetime": {"datetime": "2021-06-29 20:41:32", "elapsed": 1650.946046, "delta": 6.233474}}
{"target": 0.0035245420969615368, "params": {"0": -0.6678280180946272, "1": 0.5109020523299748, "2": 2.482448193801713, "3": 0.9766554919257198, "4": 0.7986723390284709, "5": 0.8372123367935078, "6": 2.524854158868343, "7": -1.8516920371447767}, "datetime": {"datetime": "2021-06-29 20:41:39", "elapsed": 1658.602345, "delta": 7.656299}}
{"target": 0.003123942546090341, "params": {"0": -1.9148359673537523, "1": 2.556913213219932, "2": 1.3559922862067237, "3": -2.248941207034632, "4": -0.11202575793965686, "5": 2.581178806019384, "6": 1.8841855895064956, "7": 1.7596573021397717}, "datetime": {"datetime": "2021-06-29 20:41:47", "elapsed": 1666.214175, "delta": 7.61183}}
{"target": 0.021433832183615407, "params": {"0": -2.820596914042034, "1": 0.5344443290146614, "2": -2.572733841567793, "3": 1.0129244904767667, "4": 2.8621846738942276, "5": -1.6372148679475287, "6": 2.193627155502587, "7": -2.844108629700736}, "datetime": {"datetime": "2021-06-29 20:41:50", "elapsed": 1669.393804, "delta": 3.179629}}
{"target": 0.004227773537493226, "params": {"0": 1.6934046612332763, "1": -1.7268533794840606, "2": 2.401586424677447, "3": 1.9175871386745014, "4": -0.7222186007547453, "5": -1.7148471675179817, "6": 0.5563953216234889, "7": 2.1371207019254967}, "datetime": {"datetime": "2021-06-29 20:42:00", "elapsed": 1679.1736, "delta": 9.779796}}
{"target": 0.00954219857743995, "params": {"0": -2.482025627943078, "1": 2.217612493876482, "2": -0.5089574691880983, "3": 0.9016367447767832, "4": -0.22829962367045376, "5": -2.617220122047966, "6": -0.7374210903500833, "7": -2.2010122892098423}, "datetime": {"datetime": "2021-06-29 20:42:06", "elapsed": 1685.284911, "delta": 6.111311}}
{"target": 0.003720683631064186, "params": {"0": 0.9925500059084458, "1": -0.15897887381871012, "2": -0.554029869800789, "3": 1.6258164236819699, "4": 0.10139166299617886, "5": 1.0024809508773762, "6": -0.3724753535461538, "7": 1.7536034009248782}, "datetime": {"datetime": "2021-06-29 20:42:12", "elapsed": 1691.556367, "delta": 6.271456}}
{"target": 0.004476630630936125, "params": {"0": -2.484906262402615, "1": 2.677890561273794, "2": -2.6338285294619483, "3": -1.4453310496060123, "4": 0.28120480275171333, "5": -0.7520347609176676, "6": -1.8649534788828026, "7": 2.6222647973825737}, "datetime": {"datetime": "2021-06-29 20:42:19", "elapsed": 1697.83141, "delta": 6.275043}}
{"target": 0.004343198203673625, "params": {"0": 0.4619481351565229, "1": 0.6390663230813036, "2": 0.4973647280194511, "3": 0.6730139208903223, "4": -2.9875987679608413, "5": -1.7266807528791925, "6": 0.10001826439534334, "7": -2.6778500610939133}, "datetime": {"datetime": "2021-06-29 20:42:25", "elapsed": 1704.068905, "delta": 6.237495}}
{"target": 0.004533156859664525, "params": {"0": 0.5194142281391594, "1": 1.2781963428643799, "2": -1.8295722410910196, "3": -1.835017676580477, "4": 0.419190851589057, "5": -1.1441814333992644, "6": -0.577150217898887, "7": -0.8108946189077564}, "datetime": {"datetime": "2021-06-29 20:42:33", "elapsed": 1712.070438, "delta": 8.001533}}
{"target": 0.0033298274194430186, "params": {"0": 2.4421944186814386, "1": -0.17339438650981442, "2": 0.17221283970531465, "3": -0.5338109558674473, "4": 0.5263721071670364, "5": 0.4752082110633076, "6": -1.864971229664555, "7": -2.916332004319954}, "datetime": {"datetime": "2021-06-29 20:42:40", "elapsed": 1719.240197, "delta": 7.169759}}
{"target": 0.003156761473071922, "params": {"0": 1.5659678983870364, "1": 1.3084644087589803, "2": -2.3960899786094068, "3": -1.3590767582317382, "4": 1.0427532264380943, "5": 1.530471808630903, "6": 2.529764231354564, "7": -0.9444841388593663}, "datetime": {"datetime": "2021-06-29 20:42:47", "elapsed": 1726.481547, "delta": 7.24135}}
{"target": 0.004129121601202371, "params": {"0": 0.15328220034964612, "1": 2.2465460416883634, "2": -2.578921227378727, "3": 0.6578468065629663, "4": -1.9502025518148751, "5": -2.9131677180872977, "6": 0.33068423088203547, "7": 0.055204237720045235}, "datetime": {"datetime": "2021-06-29 20:42:53", "elapsed": 1732.15692, "delta": 5.675373}}
{"target": 0.0034346451444715806, "params": {"0": 2.346649260276825, "1": -0.41861286429882005, "2": -1.4150735865753679, "3": -2.0482520226537346, "4": 0.11830076051635086, "5": 0.053045630328320215, "6": 1.5822116342170265, "7": 0.09310976363094703}, "datetime": {"datetime": "2021-06-29 20:42:59", "elapsed": 1738.066417, "delta": 5.909497}}
{"target": 0.004734916762029843, "params": {"0": -1.033085662144879, "1": -2.2148850462978467, "2": -1.0997788880929709, "3": 2.1363020270449242, "4": 1.1483449068924907, "5": -1.4397473487606849, "6": -1.5546199342076585, "7": 2.7195155219081535}, "datetime": {"datetime": "2021-06-29 20:43:05", "elapsed": 1744.454873, "delta": 6.388456}}
{"target": 0.0031543118494819214, "params": {"0": 2.158322450790254, "1": 0.514099700892924, "2": -0.29453923721961095, "3": 2.6170517904104837, "4": 0.08665080257709423, "5": 2.1650010440153347, "6": 2.453112376949245, "7": -1.9451008548327409}, "datetime": {"datetime": "2021-06-29 20:43:15", "elapsed": 1754.158347, "delta": 9.703474}}
{"target": 0.0049374926891393245, "params": {"0": 1.0294910221950708, "1": -0.964676034784349, "2": -0.6118123126239383, "3": 1.9750583987774917, "4": -0.6656234369198417, "5": -1.901004744125321, "6": -1.212675199509892, "7": 2.7897900616935916}, "datetime": {"datetime": "2021-06-29 20:43:24", "elapsed": 1763.448651, "delta": 9.290304}}
{"target": 0.005700964144945847, "params": {"0": 1.511464078882386, "1": -0.40411504946599663, "2": 1.8551918829070049, "3": -2.1937389022921217, "4": -0.2286237456262361, "5": 0.963845870304989, "6": -1.48034919890109, "7": 0.4562662472137178}, "datetime": {"datetime": "2021-06-29 20:43:42", "elapsed": 1781.439944, "delta": 17.991293}}
{"target": 0.0034264957352610355, "params": {"0": 0.9287803491141986, "1": -0.9391246401370337, "2": 1.871585879897701, "3": 0.7638842482306298, "4": 0.8882074482198896, "5": -0.7243080581107049, "6": -0.36554740169843836, "7": -2.5649825796822325}, "datetime": {"datetime": "2021-06-29 20:43:51", "elapsed": 1790.164266, "delta": 8.724322}}
{"target": 0.003174654767034642, "params": {"0": 0.5955918548347481, "1": -2.83039725316324, "2": 1.540275033653046, "3": -1.4941732979877373, "4": 0.16591328003276296, "5": 2.273991186831805, "6": -2.0895886448743743, "7": 0.6804969074143381}, "datetime": {"datetime": "2021-06-29 20:43:58", "elapsed": 1797.694606, "delta": 7.53034}}
{"target": 0.0032648814678838613, "params": {"0": -2.575818619991558, "1": 0.6197908454883292, "2": -2.573188128728183, "3": 2.798439050351991, "4": -2.0520371717085197, "5": 0.7681865835605559, "6": -2.3801863631296856, "7": -1.185926623956221}, "datetime": {"datetime": "2021-06-29 20:44:06", "elapsed": 1805.034041, "delta": 7.339435}}
{"target": 0.0031239192012381053, "params": {"0": 2.3584267933719136, "1": 1.6327824508710336, "2": -0.1547759693646622, "3": 0.4813195259348797, "4": -1.1494636914967826, "5": -1.967079209500274, "6": -1.6340326019469933, "7": 2.0251285657997595}, "datetime": {"datetime": "2021-06-29 20:44:27", "elapsed": 1826.692505, "delta": 21.658464}}
{"target": 0.006643749718943709, "params": {"0": 1.614147120565434, "1": -2.249794537131093, "2": -2.5542939800453444, "3": 0.3425034791099164, "4": -2.571805630638131, "5": 1.9831577003092047, "6": 1.3739301369226906, "7": -2.910462119907945}, "datetime": {"datetime": "2021-06-29 20:44:37", "elapsed": 1835.96787, "delta": 9.275365}}
{"target": 0.00359010077282075, "params": {"0": 0.5376221035315867, "1": -1.0764557705337305, "2": 1.896935291803377, "3": 1.419321054640112, "4": -0.6402481271994169, "5": -2.3482827640334905, "6": -2.0680287792203433, "7": -0.0628313091733288}, "datetime": {"datetime": "2021-06-29 20:44:45", "elapsed": 1843.980824, "delta": 8.012954}}
{"target": 0.0028810502792584306, "params": {"0": -0.6465583996516693, "1": -1.8153440728508168, "2": -0.8437075406267134, "3": 1.633317418250602, "4": 1.615600389578451, "5": 0.009487226879638655, "6": -0.4205064259162299, "7": -0.8009731520363941}, "datetime": {"datetime": "2021-06-29 20:45:06", "elapsed": 1865.630697, "delta": 21.649873}}
{"target": 0.018968746589943946, "params": {"0": 2.412820777063172, "1": -0.4731941282400056, "2": -0.5375902803695718, "3": -2.131702878463444, "4": 1.0390757664844728, "5": -2.6157078726475484, "6": 1.00094234208966, "7": -0.07563575341971962}, "datetime": {"datetime": "2021-06-29 20:45:13", "elapsed": 1872.35732, "delta": 6.726623}}
{"target": 0.0033411485553702424, "params": {"0": -2.104971345625952, "1": -0.24467815060087705, "2": -1.1412389952536577, "3": -2.9163907880711193, "4": 0.8741585309752464, "5": 2.9749810948153383, "6": -1.7864479022644508, "7": 1.7793775794051179}, "datetime": {"datetime": "2021-06-29 20:45:21", "elapsed": 1880.33288, "delta": 7.97556}}
{"target": 0.003383460567846346, "params": {"0": -1.9245988128632083, "1": 2.290948658598424, "2": -2.778163595183466, "3": -0.5864261104709252, "4": 2.665419319022307, "5": -2.532017977655655, "6": 1.8767562865101999, "7": -0.3905532010690216}, "datetime": {"datetime": "2021-06-29 20:45:27", "elapsed": 1886.251071, "delta": 5.918191}}
{"target": 0.004649003632826048, "params": {"0": 0.9290024610390715, "1": 2.2046366329273877, "2": -2.422220410804588, "3": -1.6846172162405109, "4": -2.6835053547798444, "5": 1.974978300352296, "6": -0.28618028907424886, "7": 2.037973923762558}, "datetime": {"datetime": "2021-06-29 20:45:33", "elapsed": 1892.12584, "delta": 5.874769}}
{"target": 0.003978905413082384, "params": {"0": -0.18791781004664276, "1": 0.16997580298901438, "2": -0.47230321120885943, "3": 0.3893439488993593, "4": -1.6036730908636414, "5": 2.177225404810752, "6": -2.8632301450042883, "7": 0.45743384594764747}, "datetime": {"datetime": "2021-06-29 20:45:45", "elapsed": 1903.785479, "delta": 11.659639}}
{"target": 0.003163712437296395, "params": {"0": -2.62328887498085, "1": 2.9867355823597554, "2": 0.3110082059389585, "3": 0.5248198344880941, "4": 1.3703940808003292, "5": -0.8267455214314339, "6": -2.0464934893161004, "7": -0.6973975910522467}, "datetime": {"datetime": "2021-06-29 20:45:52", "elapsed": 1911.633991, "delta": 7.848512}}
{"target": 0.005419478876774614, "params": {"0": 1.488117301858578, "1": -0.8336733808436465, "2": 1.6600291829135099, "3": 1.1608590519497204, "4": -2.262593612798427, "5": 2.4243564468589742, "6": -2.784596208165909, "7": 2.402423086211148}, "datetime": {"datetime": "2021-06-29 20:46:00", "elapsed": 1919.066069, "delta": 7.432078}}
{"target": 0.0030841914265425773, "params": {"0": 0.6112078927366404, "1": -2.8332172909750843, "2": 1.4048870509337155, "3": -1.5844048194208697, "4": -0.07368761868287255, "5": 1.5813971412927366, "6": -2.9527363918673553, "7": -0.09329543142614583}, "datetime": {"datetime": "2021-06-29 20:46:09", "elapsed": 1928.422165, "delta": 9.356096}}
{"target": 0.0032735739909391035, "params": {"0": -0.08222652707226263, "1": -0.30025199615144427, "2": 1.046549621401784, "3": 0.6687238261559538, "4": 1.8783447586745954, "5": -1.030583126058016, "6": 0.9524857130906894, "7": 0.5079007502061748}, "datetime": {"datetime": "2021-06-29 20:46:19", "elapsed": 1938.603835, "delta": 10.18167}}
{"target": 0.005018682187644318, "params": {"0": 1.522298974456847, "1": -0.09495804712179101, "2": 1.0860472266175867, "3": -0.0935416141748373, "4": -0.9343751483244636, "5": -0.9394001228542637, "6": -0.6757809875719589, "7": 1.6944044292366662}, "datetime": {"datetime": "2021-06-29 20:46:28", "elapsed": 1946.876224, "delta": 8.272389}}
{"target": 0.005649725071742468, "params": {"0": -1.4562208361805504, "1": -0.3568964800101142, "2": -2.808076206027388, "3": -1.662652206751729, "4": -1.5078324664766316, "5": 2.8725363369679595, "6": -1.1150986416518511, "7": 0.3364817257815744}, "datetime": {"datetime": "2021-06-29 20:46:34", "elapsed": 1952.793993, "delta": 5.917769}}
{"target": 0.0047703925769726615, "params": {"0": 0.868118132122377, "1": 1.831716185986104, "2": -0.6819893106173791, "3": -0.28848750342890295, "4": -0.665124585296029, "5": -1.9512615169232324, "6": 1.1468389244808188, "7": 0.939043823720688}, "datetime": {"datetime": "2021-06-29 20:46:41", "elapsed": 1960.449736, "delta": 7.655743}}
{"target": 0.004545324026772234, "params": {"0": -1.5421819430143993, "1": -2.118039513730822, "2": -2.185482936531664, "3": 1.4076707263877566, "4": -1.2119752992796993, "5": -1.5925782292449817, "6": -0.22539172293443244, "7": -0.35470314467781794}, "datetime": {"datetime": "2021-06-29 20:46:47", "elapsed": 1966.087534, "delta": 5.637798}}
{"target": 0.00323282206738734, "params": {"0": -0.18041537491716042, "1": -1.3625928436548034, "2": 2.4978257314433376, "3": -2.5820510899472726, "4": -2.624055166918658, "5": 2.2427883126073933, "6": 1.2645134102585658, "7": -1.0061335203142028}, "datetime": {"datetime": "2021-06-29 20:46:52", "elapsed": 1970.863517, "delta": 4.775983}}
{"target": 0.0036305531018258324, "params": {"0": 1.163603594166986, "1": 0.22086699452911596, "2": 1.3795055696911458, "3": 1.1394288643296626, "4": 0.12537683617723605, "5": 0.4204015972297164, "6": -2.5778503229828917, "7": 2.0874892536019196}, "datetime": {"datetime": "2021-06-29 20:46:57", "elapsed": 1976.432187, "delta": 5.56867}}
{"target": 0.003110012611035872, "params": {"0": 1.605541146205515, "1": -1.5596518959941474, "2": 1.709261445230747, "3": 1.243644501436373, "4": 2.971924719251117, "5": -1.2066881998191772, "6": 1.6174241730745056, "7": -1.2514670343794287}, "datetime": {"datetime": "2021-06-29 20:47:13", "elapsed": 1992.027303, "delta": 15.595116}}
{"target": 0.005087783468951895, "params": {"0": 2.8953195618613865, "1": 0.8253539681934763, "2": -1.961752291369684, "3": -0.7361946926225578, "4": 0.034973132694464226, "5": 0.23982601243022827, "6": -2.6879616528247725, "7": -1.1626212788647647}, "datetime": {"datetime": "2021-06-29 20:47:21", "elapsed": 2000.397119, "delta": 8.369816}}
{"target": 0.008113478934099829, "params": {"0": 0.41435993044355257, "1": 2.7232483471841658, "2": -2.3611767166584237, "3": 1.4681969895635456, "4": -1.1465165954995635, "5": 1.5985379475462373, "6": 0.10863620829258114, "7": 0.3208583050981231}, "datetime": {"datetime": "2021-06-29 20:47:30", "elapsed": 2009.110638, "delta": 8.713519}}
{"target": 0.0038285057323163897, "params": {"0": 1.3642850121279526, "1": -1.4666334992144767, "2": 0.7375207395272394, "3": -1.5191582815698375, "4": -2.0530796232887756, "5": 0.16952463625370706, "6": -2.5017750781010912, "7": 1.598979039308901}, "datetime": {"datetime": "2021-06-29 20:47:39", "elapsed": 2018.379443, "delta": 9.268805}}
{"target": 0.0031004706994011717, "params": {"0": -2.6876906823301443, "1": 1.7799659299288706, "2": -2.2211119032549798, "3": -2.6993052443200667, "4": -1.5142881175834844, "5": -2.2246488089616943, "6": 2.1352514723857077, "7": -1.4524617764189902}, "datetime": {"datetime": "2021-06-29 20:47:46", "elapsed": 2025.245169, "delta": 6.865726}}
{"target": 0.003617437965200972, "params": {"0": -1.4368508029437868, "1": 1.033253972469451, "2": -1.8067515540087082, "3": -2.1321040314370485, "4": -1.9105501695009364, "5": 1.8047054566170608, "6": 1.6748727739050118, "7": 2.0360006084392257}, "datetime": {"datetime": "2021-06-29 20:47:53", "elapsed": 2031.892706, "delta": 6.647537}}
{"target": 0.003511912526902537, "params": {"0": -0.9307313101345089, "1": -2.1203784412487217, "2": -2.7996127908579878, "3": -1.5680448182323818, "4": -2.4136754903033264, "5": 2.5587299672608896, "6": -2.050437953742695, "7": -0.9861638049999821}, "datetime": {"datetime": "2021-06-29 20:47:57", "elapsed": 2036.380261, "delta": 4.487555}}
{"target": 0.0037489793668732934, "params": {"0": 2.473709614853135, "1": 2.0390085277395507, "2": -1.983596045351961, "3": -0.7915336884056314, "4": -0.38584437507458347, "5": -2.7363253008456083, "6": 2.7474743202714684, "7": -2.418882916774529}, "datetime": {"datetime": "2021-06-29 20:48:03", "elapsed": 2042.586171, "delta": 6.20591}}
{"target": 0.0033447748113758966, "params": {"0": -0.5065183897909851, "1": -2.1853811259536533, "2": -1.868251505833421, "3": -0.09318538751037275, "4": 1.6038387102424618, "5": -1.5019998125207883, "6": 1.4088672531225015, "7": -1.2494166043917971}, "datetime": {"datetime": "2021-06-29 20:48:10", "elapsed": 2049.129389, "delta": 6.543218}}
{"target": 0.005363873931378932, "params": {"0": -0.06553415115994454, "1": -2.678650628992458, "2": -1.5655370631692371, "3": 1.4021046986078307, "4": -0.6499175468334579, "5": 1.8257096681008722, "6": 2.6395765980036066, "7": -1.202953507159336}, "datetime": {"datetime": "2021-06-29 20:48:15", "elapsed": 2054.734943, "delta": 5.605554}}
{"target": 0.003754494786152263, "params": {"0": -1.9020454366824955, "1": -0.7693740924756245, "2": 2.613612362482634, "3": 1.8315433658074687, "4": 1.3731340143700201, "5": 1.2348089371076423, "6": 1.8464567444849829, "7": -0.6298904095860332}, "datetime": {"datetime": "2021-06-29 20:48:32", "elapsed": 2071.006152, "delta": 16.271209}}
{"target": 0.0039047475251266332, "params": {"0": -2.227236412675664, "1": 0.6009296775572568, "2": -2.5172426140062583, "3": 1.6119526031671354, "4": 0.857043720938865, "5": -2.0037708216146872, "6": 0.7769842397177218, "7": 0.9893276806649505}, "datetime": {"datetime": "2021-06-29 20:48:40", "elapsed": 2078.845682, "delta": 7.83953}}
{"target": 0.00417647304992291, "params": {"0": -2.5982725470425114, "1": -2.118203801674872, "2": 0.10044009558407785, "3": 2.9956177763726215, "4": -0.3543835742866448, "5": 0.6209383361718666, "6": -1.2622724331794193, "7": -1.2513095067872968}, "datetime": {"datetime": "2021-06-29 20:48:44", "elapsed": 2082.952061, "delta": 4.106379}}
{"target": 0.004617888636700826, "params": {"0": -1.182707184168493, "1": 0.39861957342702725, "2": 1.6851968814788547, "3": -1.7003279145911951, "4": -0.9390411380610115, "5": -1.5260762605635398, "6": 1.0384128934469796, "7": -1.9930331663759706}, "datetime": {"datetime": "2021-06-29 20:48:50", "elapsed": 2089.633523, "delta": 6.681462}}
{"target": 0.003036996015271614, "params": {"0": -0.22561935258352062, "1": -2.517530437194903, "2": -0.5536035821867271, "3": 1.1604087955859406, "4": -1.9276104682790305, "5": 1.6160760189068002, "6": -0.5029530365226114, "7": -0.6393462628966118}, "datetime": {"datetime": "2021-06-29 20:49:01", "elapsed": 2099.906308, "delta": 10.272785}}
{"target": 0.003947087233160221, "params": {"0": -0.7763885603220082, "1": -2.39143720496794, "2": -1.782316360618648, "3": -2.345289947676547, "4": 1.9213744377173239, "5": -0.8779614103997515, "6": 1.0264180413765596, "7": -0.6672196468188965}, "datetime": {"datetime": "2021-06-29 20:49:09", "elapsed": 2108.345814, "delta": 8.439506}}
