{"target": 0.003053133434644355, "params": {"0": -1.6419859192322113, "1": 0.19973262337239728, "2": 2.2419326387750047, "3": -1.7261566937922699, "4": 0.6888959112171644, "5": -0.8498934700849032, "6": 2.186597788722203, "7": -2.380482525606224}, "datetime": {"datetime": "2021-06-29 22:37:04", "elapsed": 8582.960611, "delta": 17.932504}}
{"target": 0.0030733877139596452, "params": {"0": -1.0886181544618692, "1": 2.9185010161250977, "2": -2.3115496304626557, "3": 0.6461216427135099, "4": 1.2294173993434185, "5": 0.9341626984705229, "6": 0.30023697878608013, "7": 2.1585739395649046}, "datetime": {"datetime": "2021-06-29 22:37:29", "elapsed": 8607.897401, "delta": 24.93679}}
{"target": 0.002988621390180104, "params": {"0": -1.1656032386396227, "1": 2.4143551906864804, "2": 2.627424006579135, "3": 0.5508781327493253, "4": -2.1457316975832676, "5": -2.0404498799968174, "6": 0.9416359260001608, "7": 0.9763997255414645}, "datetime": {"datetime": "2021-06-29 22:38:01", "elapsed": 8640.375104, "delta": 32.477703}}
{"target": 0.006923462722924776, "params": {"0": -2.0310106296609476, "1": -2.7335430920819714, "2": -1.411872739964243, "3": 2.0423190706890777, "4": 1.2567764588202293, "5": 0.31921348676316175, "6": 1.4190438535842027, "7": -0.48403549885321295}, "datetime": {"datetime": "2021-06-29 22:38:42", "elapsed": 8680.829236, "delta": 40.454132}}
{"target": 0.004221484793921146, "params": {"0": 1.4241996434031732, "1": -0.6657087205256649, "2": 2.1285361334468664, "3": 0.6229999128243051, "4": 0.1019435197373939, "5": -0.3338649876022224, "6": 0.33468050788044046, "7": 1.224345577490098}, "datetime": {"datetime": "2021-06-29 22:39:12", "elapsed": 8711.336188, "delta": 30.506952}}
{"target": 0.0029593968357045633, "params": {"0": 1.5169815567265301, "1": 1.9141701868965102, "2": -2.0301538214675143, "3": -0.9309323797367086, "4": 1.683573677294091, "5": 0.11548600856985303, "6": 2.509671846373383, "7": -1.4314044934584182}, "datetime": {"datetime": "2021-06-29 22:39:35", "elapsed": 8734.496424, "delta": 23.160236}}
{"target": 0.0035742018906358723, "params": {"0": -0.24040263661882344, "1": -0.012522632694965452, "2": 0.4993130004653965, "3": 1.731839197297175, "4": -2.4005245591627418, "5": 0.1086135074877399, "6": -1.3896000703998335, "7": 0.6939694266851495}, "datetime": {"datetime": "2021-06-29 22:39:55", "elapsed": 8753.855951, "delta": 19.359527}}
{"target": 0.0031285234039372203, "params": {"0": 1.8465819560338659, "1": -2.568941337506982, "2": 2.230576780977561, "3": 0.5903905774367, "4": 0.7106988690611313, "5": -0.9887614688846207, "6": 1.5563760148322654, "7": -1.8564435865110445}, "datetime": {"datetime": "2021-06-29 22:40:20", "elapsed": 8779.184196, "delta": 25.328245}}
{"target": 0.004954045258297153, "params": {"0": 0.9904865220951882, "1": -1.2095953175916163, "2": -1.9670391252399078, "3": -0.7549183631074063, "4": -1.3922690665177655, "5": -0.3853581789398479, "6": 2.07495538003959, "7": -2.024043174937127}, "datetime": {"datetime": "2021-06-29 22:40:39", "elapsed": 8798.049285, "delta": 18.865089}}
{"target": 0.00481449935066549, "params": {"0": 2.4686240007512046, "1": 2.2440943933412, "2": 1.513953573195212, "3": -1.7913490850230327, "4": -1.938705244710415, "5": -1.2594875494294633, "6": 1.0245800156430462, "7": 0.20285438392130528}, "datetime": {"datetime": "2021-06-29 22:40:56", "elapsed": 8814.834167, "delta": 16.784882}}
{"target": 0.0070712523445505505, "params": {"0": -0.4331961310951211, "1": 1.6125760102726145, "2": 2.3379874268400087, "3": 0.09509623668631884, "4": -1.6554222310166171, "5": -1.4394040250872595, "6": 0.46885700789378193, "7": 1.5819232845764244}, "datetime": {"datetime": "2021-06-29 22:41:13", "elapsed": 8832.231308, "delta": 17.397141}}
{"target": 0.003481933417235171, "params": {"0": -1.1028018822876855, "1": 0.2230531868663581, "2": 2.1013333191240484, "3": 2.8264832212357005, "4": -0.491846314847999, "5": 1.0003082104527632, "6": -1.051033391295732, "7": -0.8359660162630798}, "datetime": {"datetime": "2021-06-29 22:41:30", "elapsed": 8849.392883, "delta": 17.161575}}
{"target": 0.003414510296159361, "params": {"0": 0.33932353103237833, "1": -0.8221595883918313, "2": -1.4547108422845412, "3": -2.8321458957570185, "4": 0.38607866246502365, "5": 0.22732743461606786, "6": -1.8855282856331945, "7": 1.525043559779716}, "datetime": {"datetime": "2021-06-29 22:41:50", "elapsed": 8868.781329, "delta": 19.388446}}
{"target": 0.007857249770413365, "params": {"0": -1.787300319809322, "1": -0.5960030368063212, "2": -1.4036781858394507, "3": 2.86947440016713, "4": 2.654753021243182, "5": -2.883045240146677, "6": 2.999163846885864, "7": 2.8315428213077274}, "datetime": {"datetime": "2021-06-29 22:42:19", "elapsed": 8898.018316, "delta": 29.236987}}
{"target": 0.0031395725786037758, "params": {"0": -1.3452614321858294, "1": -0.13504927161638935, "2": -1.5219503505367802, "3": -0.7377578804594354, "4": 1.9116990210044182, "5": -2.065579093391685, "6": 0.08165167007185081, "7": 2.692459696109383}, "datetime": {"datetime": "2021-06-29 22:42:41", "elapsed": 8919.786234, "delta": 21.767918}}
{"target": 0.003973700264410159, "params": {"0": 0.7391835592189846, "1": 0.013808874695361517, "2": -0.26463431673628346, "3": -1.4366248246028437, "4": -2.052983902239886, "5": 2.729512873238341, "6": -1.9850145819939562, "7": -0.8668908864794056}, "datetime": {"datetime": "2021-06-29 22:43:21", "elapsed": 8960.737644, "delta": 40.95141}}
{"target": 0.005305571242096797, "params": {"0": 2.844395587694474, "1": -1.2422867340040813, "2": -2.1955947797076014, "3": -0.3395904921776225, "4": -2.5239177745619714, "5": -1.4700412249455832, "6": -0.13285459283808976, "7": 2.2493260887352955}, "datetime": {"datetime": "2021-06-29 22:43:44", "elapsed": 8983.515329, "delta": 22.777685}}
{"target": 0.003123221653835605, "params": {"0": 2.30561388556191, "1": 1.999817676532727, "2": -2.2044344169034087, "3": -2.4469127308900216, "4": 2.0828519359644044, "5": -1.7964554857086936, "6": -2.4376108209622904, "7": -1.5753607317945637}, "datetime": {"datetime": "2021-06-29 22:44:26", "elapsed": 9025.258007, "delta": 41.742678}}
{"target": 0.0055754266038948825, "params": {"0": -1.8069290598591279, "1": -1.9849204814869363, "2": -0.1758589108158306, "3": -0.4022121694066114, "4": 2.2534410739482675, "5": -2.055363420050512, "6": 0.9471602455541834, "7": 1.51393967911204}, "datetime": {"datetime": "2021-06-29 22:44:44", "elapsed": 9042.861924, "delta": 17.603917}}
{"target": 0.0030344606802961706, "params": {"0": -1.2867784483935094, "1": 1.0382983895668687, "2": -0.4116706586305252, "3": -1.4288887769765226, "4": 1.447452942739023, "5": -1.441775860260196, "6": 2.4644207069824446, "7": 2.4489525963694883}, "datetime": {"datetime": "2021-06-29 22:45:01", "elapsed": 9059.965047, "delta": 17.103123}}
{"target": 0.0058650678188749234, "params": {"0": -0.7461789830674119, "1": 0.14794828643900493, "2": 2.06638606315998, "3": 0.9422631947245419, "4": -0.3893618991850887, "5": 0.600849283122054, "6": 1.7692521578401363, "7": -0.6887677965607542}, "datetime": {"datetime": "2021-06-29 22:45:30", "elapsed": 9089.203707, "delta": 29.23866}}
{"target": 0.003065826790875333, "params": {"0": -0.646132089450953, "1": 2.976459956231194, "2": 1.1405897112644068, "3": -0.9819973403777231, "4": -1.7096662426417841, "5": -0.17392184240585173, "6": 2.3956115859949367, "7": 2.0611339970198372}, "datetime": {"datetime": "2021-06-29 22:45:51", "elapsed": 9110.50421, "delta": 21.300503}}
{"target": 0.0029705254688626513, "params": {"0": -1.9467209014513638, "1": 2.72067195710369, "2": -2.81091398485628, "3": 2.0961972346867954, "4": 0.26826983970688545, "5": 1.9752821903327442, "6": -1.5149921918066298, "7": 1.5658464361976634}, "datetime": {"datetime": "2021-06-29 22:46:49", "elapsed": 9167.947362, "delta": 57.443152}}
{"target": 0.007156694622475495, "params": {"0": -0.6514900968049915, "1": 1.39115434838536, "2": -2.264635510580492, "3": -0.3498483603406668, "4": -1.7977978944808481, "5": 0.7784064451978163, "6": -1.3054582861870323, "7": 2.650048325475259}, "datetime": {"datetime": "2021-06-29 22:47:36", "elapsed": 9215.65027, "delta": 47.702908}}
{"target": 0.0033318056836194585, "params": {"0": 0.42178580458086046, "1": 2.2318792814161217, "2": -2.001326500013497, "3": -2.9397886401410944, "4": 1.185708088616833, "5": -0.3903320812922404, "6": 1.0487111512073142, "7": -2.216148717710136}, "datetime": {"datetime": "2021-06-29 22:48:04", "elapsed": 9243.124688, "delta": 27.474418}}
{"target": 0.005256701184659218, "params": {"0": 1.194643270207255, "1": 0.1748317180107195, "2": -0.370453695035061, "3": 1.915455516781516, "4": -0.2801035231794273, "5": -1.720560409698322, "6": -0.01415044401570098, "7": 1.7821501340231922}, "datetime": {"datetime": "2021-06-29 22:48:43", "elapsed": 9282.278327, "delta": 39.153639}}
{"target": 0.002942499646664094, "params": {"0": -0.5252316816168765, "1": -2.5017957190796034, "2": 1.3990191708468842, "3": 1.8659166418793731, "4": 0.9371313511494508, "5": 2.0213460475272687, "6": 0.5518543861633871, "7": 0.6331654928770858}, "datetime": {"datetime": "2021-06-29 22:49:27", "elapsed": 9326.398028, "delta": 44.119701}}
{"target": 0.004439170646652856, "params": {"0": 0.7124679727032475, "1": 0.7372613795031473, "2": -0.9213584827167951, "3": -1.5450976075609855, "4": -0.08261328705721471, "5": -2.9078181826668836, "6": 2.8490309874639763, "7": 2.02003962668841}, "datetime": {"datetime": "2021-06-29 22:49:48", "elapsed": 9347.742937, "delta": 21.344909}}
{"target": 0.0031472026652461065, "params": {"0": -2.6667872996128454, "1": -1.9486056608305342, "2": 1.0544561717467298, "3": 0.09816267774614662, "4": 1.3784569420373831, "5": -2.914068308383854, "6": 1.6802616923480276, "7": 2.950971612043084}, "datetime": {"datetime": "2021-06-29 22:50:02", "elapsed": 9361.517239, "delta": 13.774302}}
{"target": 0.0148536531907404, "params": {"0": -0.2796372566667751, "1": 1.6423759019865347, "2": -1.6311744557676608, "3": -0.46495949777836953, "4": -1.9893202666999596, "5": -1.4797311367479082, "6": -1.5640452231232191, "7": -1.9913319598654486}, "datetime": {"datetime": "2021-06-29 22:50:18", "elapsed": 9376.99709, "delta": 15.479851}}
{"target": 0.003970023346620479, "params": {"0": 2.8342370876152643, "1": 1.7760969694322686, "2": 2.2342996051567745, "3": -0.14146304626517114, "4": -1.630233868323504, "5": -0.5834863725823167, "6": 1.3275082344944078, "7": 1.0355319207434768}, "datetime": {"datetime": "2021-06-29 22:50:49", "elapsed": 9408.362621, "delta": 31.365531}}
{"target": 0.0035600698497352565, "params": {"0": -1.248493121178338, "1": -0.610795782241822, "2": 2.668895087936078, "3": -2.441307467433604, "4": 2.6711070824844976, "5": 2.124222140287084, "6": -1.9434582121793413, "7": -1.588836570142106}, "datetime": {"datetime": "2021-06-29 22:51:12", "elapsed": 9431.241075, "delta": 22.878454}}
{"target": 0.0035051430491766095, "params": {"0": 0.4169559243797609, "1": 2.4102494522669584, "2": -2.601478473200179, "3": -2.0430574672841155, "4": -2.7629425017826073, "5": -0.28449020066671515, "6": -2.2169725759471484, "7": 2.681996385812175}, "datetime": {"datetime": "2021-06-29 22:51:28", "elapsed": 9447.707741, "delta": 16.466666}}
{"target": 0.006882263111706494, "params": {"0": 0.5958274196204472, "1": -1.383555967428372, "2": 1.599234142528199, "3": 1.9003862731329457, "4": 0.8614594873488559, "5": -1.7558907133066355, "6": 2.297224228126953, "7": 1.0853351283337815}, "datetime": {"datetime": "2021-06-29 22:52:09", "elapsed": 9488.217049, "delta": 40.509308}}
{"target": 0.0047562681200789755, "params": {"0": -0.41760825628443765, "1": 2.9068420966710953, "2": 0.17225677033439712, "3": 1.6938916429259985, "4": -2.690567127685649, "5": -1.8670944003394323, "6": 1.8416407143783307, "7": -2.759245254833208}, "datetime": {"datetime": "2021-06-29 22:52:28", "elapsed": 9506.889683, "delta": 18.672634}}
{"target": 0.0058868818032996, "params": {"0": -1.7954975663763009, "1": 1.4003970385351403, "2": -2.1654154342013063, "3": -1.9401988116323579, "4": -2.5553765722885062, "5": -0.8354452211838712, "6": -2.5641537728146777, "7": 0.7304086618723336}, "datetime": {"datetime": "2021-06-29 22:53:00", "elapsed": 9539.251189, "delta": 32.361506}}
{"target": 0.00422497441733602, "params": {"0": -0.6768145425923344, "1": 2.606872302179281, "2": 0.4558100479857803, "3": 2.4275973783697946, "4": 0.6370563966679912, "5": -0.6278614494128343, "6": -2.1801755551464557, "7": 1.5320763333908083}, "datetime": {"datetime": "2021-06-29 22:53:20", "elapsed": 9558.862784, "delta": 19.611595}}
{"target": 0.0034004532332960664, "params": {"0": -1.1191963846200372, "1": -2.3798063848568822, "2": -2.2163570918272786, "3": -0.4949349831982168, "4": 1.5772976114000201, "5": 0.5470883780221198, "6": 1.9353521672148002, "7": -2.1965366152388914}, "datetime": {"datetime": "2021-06-29 22:53:36", "elapsed": 9575.197053, "delta": 16.334269}}
{"target": 0.006102029972568774, "params": {"0": -1.282963267709877, "1": 0.6277888785022272, "2": -1.6718424768827602, "3": 2.33239840477641, "4": -0.4688684870806492, "5": 1.367298562420297, "6": 1.4761270285225043, "7": -2.5023752255364635}, "datetime": {"datetime": "2021-06-29 22:53:57", "elapsed": 9595.910849, "delta": 20.713796}}
{"target": 0.0053807833282367, "params": {"0": -0.4491810924391415, "1": -0.5345353885301201, "2": -1.5395818198854379, "3": 1.2102269829105987, "4": -1.454097884267665, "5": 2.234050279382159, "6": -0.1376526740803019, "7": -2.801783724408901}, "datetime": {"datetime": "2021-06-29 22:54:17", "elapsed": 9615.889175, "delta": 19.978326}}
{"target": 0.0034896315247730514, "params": {"0": -0.6250010274389011, "1": 2.7637112779944744, "2": -1.1162645575019605, "3": -2.372697350299167, "4": -0.5739621958910681, "5": -2.2354861411794156, "6": -0.6733336055955728, "7": 0.765386722675176}, "datetime": {"datetime": "2021-06-29 22:54:54", "elapsed": 9653.377962, "delta": 37.488787}}
{"target": 0.002867721149520216, "params": {"0": -2.7223896592238273, "1": -2.168671298839702, "2": -1.8272815661592454, "3": 0.5209403019030869, "4": 2.9891174468685238, "5": 2.4195401497543756, "6": 2.4828675831435625, "7": -1.49567054282161}, "datetime": {"datetime": "2021-06-29 22:55:16", "elapsed": 9674.786492, "delta": 21.40853}}
{"target": 0.004045565556966699, "params": {"0": 0.409629572107455, "1": -1.1101873079072462, "2": 0.03653023244896625, "3": 0.21536796156770333, "4": 2.3246297654008536, "5": -1.753746919593254, "6": -0.6213292619948643, "7": -2.2271912226503194}, "datetime": {"datetime": "2021-06-29 22:55:35", "elapsed": 9693.870405, "delta": 19.083913}}
{"target": 0.003080315341593494, "params": {"0": -0.1446334541924701, "1": 2.9145071333055075, "2": -1.5824286793351403, "3": -1.5925587757709574, "4": -1.3027924905619923, "5": 2.4179284028779504, "6": 0.10337103049034635, "7": -2.613221108229941}, "datetime": {"datetime": "2021-06-29 22:55:57", "elapsed": 9715.771103, "delta": 21.900698}}
{"target": 0.0051026628139034655, "params": {"0": 1.2593997967152708, "1": 1.1856834944819106, "2": -0.5799134912829489, "3": -0.5644320763462325, "4": -1.0749038455443805, "5": -1.4828679310441417, "6": 2.90946639410509, "7": 1.5894162291828007}, "datetime": {"datetime": "2021-06-29 22:56:23", "elapsed": 9741.798893, "delta": 26.02779}}
{"target": 0.0029306600356771013, "params": {"0": 1.7973391711653877, "1": 0.4631790252195578, "2": 2.081914259878518, "3": 1.0617164497339058, "4": 0.6993209646989644, "5": 0.7078916614095512, "6": 2.9958473154132106, "7": 0.662475422638583}, "datetime": {"datetime": "2021-06-29 22:56:39", "elapsed": 9758.159842, "delta": 16.360949}}
{"target": 0.004020527637389377, "params": {"0": -2.398770333503118, "1": 1.7548692194601738, "2": 2.580232322515524, "3": -2.11563628528045, "4": -2.009402811397131, "5": -0.9346655879357195, "6": 2.967845704863432, "7": -0.6624349568189798}, "datetime": {"datetime": "2021-06-29 22:57:01", "elapsed": 9780.402314, "delta": 22.242472}}
{"target": 0.0031912964674732395, "params": {"0": 1.0562948320581445, "1": -1.527646709559364, "2": 0.7415259722148759, "3": -2.771388023358358, "4": -0.31817194451466335, "5": 1.5275398549163022, "6": 0.5294972999603385, "7": -2.1053592840421893}, "datetime": {"datetime": "2021-06-29 22:57:24", "elapsed": 9803.190586, "delta": 22.788272}}
{"target": 0.012409756847537343, "params": {"0": 0.45196940607125224, "1": 1.4675306828409802, "2": 1.267545956920939, "3": 0.6969691557248545, "4": 1.854234740471699, "5": -0.731022892350107, "6": -2.571602786031435, "7": 1.8479944431905038}, "datetime": {"datetime": "2021-06-29 22:57:44", "elapsed": 9822.843168, "delta": 19.652582}}
{"target": 0.007165871160424191, "params": {"0": 2.0164559407439047, "1": -0.05104671061519639, "2": -0.6709907870115943, "3": 0.6321085161168805, "4": -0.19147566451257347, "5": -2.8621700688197875, "6": 1.824755478824411, "7": 1.7873031108712087}, "datetime": {"datetime": "2021-06-29 22:58:08", "elapsed": 9847.47836, "delta": 24.635192}}
{"target": 0.0037962007122115836, "params": {"0": -0.7196573986359525, "1": -0.7307596565726948, "2": 2.167386904897537, "3": 1.4759387901289882, "4": -2.7144359533607343, "5": 0.7796042557018872, "6": 2.682076699589439, "7": -1.3428134734981225}, "datetime": {"datetime": "2021-06-29 22:58:35", "elapsed": 9874.449122, "delta": 26.970762}}
{"target": 0.005726805099128785, "params": {"0": -1.7858832096885067, "1": -1.8007705348513119, "2": 2.05619066275142, "3": 0.9204759946846339, "4": -2.4363433269556767, "5": 1.547327736317583, "6": 2.0157816617145734, "7": 0.5669723349384883}, "datetime": {"datetime": "2021-06-29 22:59:04", "elapsed": 9902.882, "delta": 28.432878}}
{"target": 0.0038326524940572072, "params": {"0": -2.331334811181397, "1": 0.5287857189973892, "2": 0.20125074543623755, "3": -0.7746365307781811, "4": -0.32298339156901923, "5": -0.6324611662178836, "6": -1.9373193415237744, "7": -1.36227720783738}, "datetime": {"datetime": "2021-06-29 23:00:08", "elapsed": 9966.841296, "delta": 63.959296}}
{"target": 0.0031488243469259534, "params": {"0": 1.9875008288185505, "1": 1.7387772386772973, "2": 1.0955043420150465, "3": -0.4193589574796954, "4": -2.0019554231295853, "5": 2.435216208414097, "6": -2.433316384307322, "7": 2.7579960191320243}, "datetime": {"datetime": "2021-06-29 23:00:34", "elapsed": 9992.898577, "delta": 26.057281}}
{"target": 0.005159061250560985, "params": {"0": -2.0680213638680263, "1": -1.9249450464289362, "2": -0.12404037949083957, "3": 0.9472615272582132, "4": -2.237038656003082, "5": 2.896059423225439, "6": -1.7098116954420797, "7": 1.680240656487591}, "datetime": {"datetime": "2021-06-29 23:00:50", "elapsed": 10009.548504, "delta": 16.649927}}
{"target": 0.004958068919933534, "params": {"0": -0.08388543723469599, "1": -1.0971767419248366, "2": 2.775361687662482, "3": 0.30208322699577916, "4": -0.15298491300726402, "5": 2.6169642311048857, "6": -0.41691707814364776, "7": 1.3222221064137827}, "datetime": {"datetime": "2021-06-29 23:01:36", "elapsed": 10055.294483, "delta": 45.745979}}
{"target": 0.006853847814566811, "params": {"0": -1.495691001056704, "1": 2.7213814689729396, "2": 2.0000661097490706, "3": 0.28523294292894885, "4": -1.9293325599003772, "5": -2.3821451992648783, "6": 1.3854511900106488, "7": 0.7507657445980915}, "datetime": {"datetime": "2021-06-29 23:02:18", "elapsed": 10096.943002, "delta": 41.648519}}
{"target": 0.004123992733793579, "params": {"0": 2.351219976303417, "1": -1.2307169159333498, "2": -2.5012940036702376, "3": 1.2217828765012024, "4": 0.022252487830642487, "5": -2.886526721468471, "6": -2.150602315472356, "7": 1.4512042668634901}, "datetime": {"datetime": "2021-06-29 23:02:42", "elapsed": 10121.759247, "delta": 24.816245}}
{"target": 0.00399866792139668, "params": {"0": 2.834282250559424, "1": 0.9757171301367986, "2": -0.17111891083287079, "3": -1.3883272578996444, "4": 0.6136090449850018, "5": -2.470481567379913, "6": 0.5143534161297509, "7": 2.8715306664419575}, "datetime": {"datetime": "2021-06-29 23:03:06", "elapsed": 10145.502788, "delta": 23.743541}}
{"target": 0.02354443734010631, "params": {"0": 1.1521829075328238, "1": -1.4506257418501602, "2": 0.6167741601970222, "3": 0.0026281975505764166, "4": -0.7695008743650509, "5": -1.5983127557632715, "6": 0.26448832869189554, "7": -2.6928356438451733}, "datetime": {"datetime": "2021-06-29 23:03:28", "elapsed": 10167.073887, "delta": 21.571099}}
{"target": 0.0036732829421518435, "params": {"0": -2.2365333505965665, "1": -2.3748929763065174, "2": 0.7375713284135905, "3": -0.6913635515352219, "4": -2.515811608444552, "5": -1.8200339400165026, "6": 0.005862057869943982, "7": 1.42485316199953}, "datetime": {"datetime": "2021-06-29 23:03:59", "elapsed": 10198.454693, "delta": 31.380806}}
{"target": 0.003902777005909769, "params": {"0": 2.690755585688951, "1": -1.5813378390779067, "2": -2.0185054340513986, "3": -1.302773836784838, "4": -2.1777641058199797, "5": -1.0241649786450324, "6": 2.3205230966529466, "7": 0.04980064896055714}, "datetime": {"datetime": "2021-06-29 23:04:22", "elapsed": 10221.715891, "delta": 23.261198}}
{"target": 0.003745897916591967, "params": {"0": -1.7221515188085834, "1": -1.7180285357737293, "2": -2.413891643525777, "3": -1.1592942974075846, "4": -1.2446730023054435, "5": 1.0740615864473781, "6": 1.0886201690762354, "7": -0.8936747307928461}, "datetime": {"datetime": "2021-06-29 23:04:49", "elapsed": 10248.031127, "delta": 26.315236}}
{"target": 0.0036172413439608054, "params": {"0": -0.15181034502621404, "1": -2.8024327184546918, "2": -2.5519816125886026, "3": -1.381444766349671, "4": 0.25621115858953614, "5": -1.8264823358006415, "6": -1.8358067537355411, "7": 0.954645241235009}, "datetime": {"datetime": "2021-06-29 23:05:07", "elapsed": 10266.072018, "delta": 18.040891}}
