{"target": 0.010156601641318676, "params": {"0": 0.2704987047483307, "1": -2.7326076165193687, "2": 1.5831197264723667, "3": -2.8063169504676733, "4": -0.902018317563368, "5": 0.26241279368978354, "6": -2.4432552800594873, "7": 0.5749702660936995}, "datetime": {"datetime": "2021-06-29 20:22:14", "elapsed": 428.128768, "delta": 3.262616}}
{"target": 0.005177677558788572, "params": {"0": -2.6258052505001586, "1": 0.2089910810060438, "2": -0.07673434275207747, "3": 2.4685830832083857, "4": 1.7431415552526763, "5": -1.689670939490888, "6": -1.4801396082200973, "7": 2.881409047087284}, "datetime": {"datetime": "2021-06-29 20:22:18", "elapsed": 431.511872, "delta": 3.383104}}
{"target": 0.0038273531606353812, "params": {"0": -0.614871559788492, "1": -0.38235630659857955, "2": 1.5707559559937918, "3": 2.049094716862041, "4": 2.858672680519298, "5": -2.8946601205875706, "6": -2.010107947948312, "7": 1.7529127631417047}, "datetime": {"datetime": "2021-06-29 20:22:19", "elapsed": 433.495333, "delta": 1.983461}}
{"target": 0.003291496561588977, "params": {"0": -2.0979963404253428, "1": -0.7228111052772168, "2": -1.3176992874340525, "3": -0.3396858192727814, "4": -1.1490895272802293, "5": 2.9388412445897867, "6": 2.8191199107955844, "7": 2.298694496609281}, "datetime": {"datetime": "2021-06-29 20:22:22", "elapsed": 435.681489, "delta": 2.186156}}
{"target": 0.005122339131068681, "params": {"0": 2.652193225214628, "1": -2.9299317524338613, "2": -0.23468096155646023, "3": 0.7944844908710476, "4": 2.398514325972034, "5": 2.241674385570498, "6": -1.3575405157249987, "7": 0.2654176613496668}, "datetime": {"datetime": "2021-06-29 20:22:24", "elapsed": 437.86106, "delta": 2.179571}}
{"target": 0.0029394754897495773, "params": {"0": 0.33319317046303354, "1": 2.682986193139132, "2": 0.21785405385184653, "3": 2.770892904971806, "4": 2.6595710916747413, "5": 0.7916709744093655, "6": -2.4047560449159944, "7": -0.7764373527854698}, "datetime": {"datetime": "2021-06-29 20:22:26", "elapsed": 439.677941, "delta": 1.816881}}
{"target": 0.003083838319373286, "params": {"0": -0.28541230310227217, "1": 2.8493279400335387, "2": -2.8668559668393305, "3": 2.895242337279801, "4": -1.7435528566390268, "5": -0.2909705364488735, "6": -2.599665351742413, "7": -1.87459514622091}, "datetime": {"datetime": "2021-06-29 20:22:30", "elapsed": 443.659628, "delta": 3.981687}}
{"target": 0.0029588474216631403, "params": {"0": 0.17857454576405463, "1": 2.7706113813228264, "2": 2.7093032730557614, "3": 0.4800159268694788, "4": 0.05850980692192298, "5": 2.751441489808495, "6": 2.7698596217453613, "7": -1.1560040938996765}, "datetime": {"datetime": "2021-06-29 20:22:33", "elapsed": 446.62727, "delta": 2.967642}}
{"target": 0.00314764179914016, "params": {"0": -2.208620182067637, "1": 0.4829548265165391, "2": -2.848284613345281, "3": 0.9268511557084405, "4": -0.1875890694012292, "5": -0.10019125097514081, "6": 2.0211387526077225, "7": -2.7589692571495372}, "datetime": {"datetime": "2021-06-29 20:22:36", "elapsed": 449.616731, "delta": 2.989461}}
{"target": 0.0034227903518301603, "params": {"0": -0.7702426032419254, "1": -2.6259449873996017, "2": 2.018072372414938, "3": -1.7761746424954834, "4": 0.2920947026197682, "5": 1.4751756713607644, "6": -1.872327256061265, "7": 1.0814524190275465}, "datetime": {"datetime": "2021-06-29 20:22:38", "elapsed": 452.263553, "delta": 2.646822}}
{"target": 0.003415660788016771, "params": {"0": -2.614971602845042, "1": -2.792366391168729, "2": -2.3725412063174667, "3": 2.7810359274305094, "4": 1.6420889233208866, "5": -2.934615548353979, "6": 2.469909657102697, "7": -2.948353687646293}, "datetime": {"datetime": "2021-06-29 20:22:40", "elapsed": 453.824236, "delta": 1.560683}}
{"target": 0.003254372902932514, "params": {"0": 0.34259787545419673, "1": -2.955127156959718, "2": 1.3056760248928612, "3": -0.9787523810993264, "4": -0.07850830047635782, "5": 1.8674357121136511, "6": -2.0355409387825487, "7": 0.03594798311657499}, "datetime": {"datetime": "2021-06-29 20:22:45", "elapsed": 458.562728, "delta": 4.738492}}
{"target": 0.0032991897806720484, "params": {"0": 1.6316273305640792, "1": 0.6541264696358926, "2": -2.004478091600819, "3": 0.6376877870483035, "4": -2.2343438284636794, "5": -0.328800637667396, "6": 0.4018935481904773, "7": -2.5638521698480785}, "datetime": {"datetime": "2021-06-29 20:22:47", "elapsed": 460.702326, "delta": 2.139598}}
{"target": 0.006112902335222464, "params": {"0": 0.6649537039872313, "1": -2.773142880579145, "2": -2.985003052018157, "3": 1.7279611964900532, "4": -2.6619990052233122, "5": -2.8282718642342783, "6": 1.6628669848674988, "7": 2.1259836775411802}, "datetime": {"datetime": "2021-06-29 20:22:49", "elapsed": 463.389154, "delta": 2.686828}}
{"target": 0.003936274173080006, "params": {"0": -1.8674283118053843, "1": 0.5713359380955723, "2": -1.3397188395153188, "3": 1.1509437126674271, "4": -0.9293352643846999, "5": 1.9414295446727081, "6": -1.6588647311156715, "7": 0.1266735650096873}, "datetime": {"datetime": "2021-06-29 20:22:53", "elapsed": 467.432959, "delta": 4.043805}}
{"target": 0.0036278673557592032, "params": {"0": -2.691065255051055, "1": -0.20348874538014483, "2": -1.6517761159592907, "3": -0.6711239692800195, "4": 2.706453618491553, "5": 1.275180456677905, "6": -2.2751401035978485, "7": -0.783517899131212}, "datetime": {"datetime": "2021-06-29 20:22:57", "elapsed": 470.903675, "delta": 3.470716}}
{"target": 0.0031436581121725054, "params": {"0": 0.4384258494654665, "1": 2.1896873915943047, "2": -1.8981968114626606, "3": -1.1412048964522425, "4": 0.28019512556992554, "5": -1.2464089438078483, "6": 0.3784373471523783, "7": -0.17595134785530497}, "datetime": {"datetime": "2021-06-29 20:22:59", "elapsed": 473.496751, "delta": 2.593076}}
{"target": 0.0030647320596824896, "params": {"0": -0.4576049492439642, "1": 0.0885627647128624, "2": 2.202055624522626, "3": -1.5143585087541, "4": 2.59094117930277, "5": -2.7428153027129296, "6": 1.4418841237438142, "7": -1.8815929577107309}, "datetime": {"datetime": "2021-06-29 20:23:04", "elapsed": 478.102606, "delta": 4.605855}}
{"target": 0.0031013083700702905, "params": {"0": 2.9008966707986277, "1": -1.9494175751806433, "2": 0.7996336434697806, "3": 1.351695188338165, "4": 0.9750728174849632, "5": -2.1470828632676655, "6": -0.9768784608313696, "7": 1.9477122741392447}, "datetime": {"datetime": "2021-06-29 20:23:07", "elapsed": 481.314046, "delta": 3.21144}}
{"target": 0.0031271638715727012, "params": {"0": 0.8852300948511975, "1": 1.3531105382456374, "2": 1.6433693089024768, "3": -1.5078101762152023, "4": -0.06126738847379043, "5": -1.4768241422837713, "6": 0.5282508443200724, "7": -0.020733647302318747}, "datetime": {"datetime": "2021-06-29 20:23:10", "elapsed": 483.820765, "delta": 2.506719}}
{"target": 0.0030443241447506678, "params": {"0": 0.4651100036241971, "1": -2.067805698849419, "2": 1.1245012637346576, "3": -0.7190597555327098, "4": -0.1877954032185416, "5": 1.4377303519887334, "6": -2.1772475276898025, "7": -0.8811236888662792}, "datetime": {"datetime": "2021-06-29 20:23:13", "elapsed": 486.975465, "delta": 3.1547}}
{"target": 0.003256688265271658, "params": {"0": 1.582927410602216, "1": 1.7557888765762648, "2": -0.43000375335675534, "3": 1.2259429208093255, "4": 0.4329049986586275, "5": 2.1588610261939793, "6": 2.765592324595466, "7": 0.9977850904581662}, "datetime": {"datetime": "2021-06-29 20:23:16", "elapsed": 489.927484, "delta": 2.952019}}
{"target": 0.003529653713929273, "params": {"0": 0.8375709356059255, "1": -2.3210086691951792, "2": 1.7213275294799057, "3": -2.233046795686225, "4": -0.16987366926064507, "5": 1.811965472258997, "6": -2.068550761789325, "7": 0.48579429179583045}, "datetime": {"datetime": "2021-06-29 20:23:19", "elapsed": 493.313722, "delta": 3.386238}}
{"target": 0.0035201354719113856, "params": {"0": -0.4360040989820293, "1": -2.0109693822116137, "2": 1.6810462428976445, "3": 1.0585935427887598, "4": -2.622911440172562, "5": -0.3939626141579522, "6": -0.5783098258712016, "7": 2.933003134146473}, "datetime": {"datetime": "2021-06-29 20:23:22", "elapsed": 496.158512, "delta": 2.84479}}
{"target": 0.003122934935630539, "params": {"0": -1.6183154489713172, "1": 1.9733022294840952, "2": 0.8956840214209496, "3": 2.2304845170044256, "4": 1.1437308172606766, "5": -2.151783124619042, "6": -2.621977479119885, "7": 2.468056900163985}, "datetime": {"datetime": "2021-06-29 20:23:25", "elapsed": 499.255313, "delta": 3.096801}}
{"target": 0.003348512958055279, "params": {"0": 0.42099492078228007, "1": -0.24636066391581668, "2": -0.2900738346856375, "3": 2.5610136393116907, "4": 1.3405821250813021, "5": -0.9943101407853963, "6": -1.6977430527965707, "7": 0.12730427749325823}, "datetime": {"datetime": "2021-06-29 20:23:29", "elapsed": 502.622504, "delta": 3.367191}}
{"target": 0.00415791896862705, "params": {"0": 2.5382886762817494, "1": -2.149452483812856, "2": 2.409112076867956, "3": -1.0123621488086412, "4": -2.6679102068333913, "5": 2.660319610033018, "6": -1.0246993328625997, "7": -0.9695978577316966}, "datetime": {"datetime": "2021-06-29 20:23:33", "elapsed": 507.448314, "delta": 4.82581}}
{"target": 0.0032377624134055675, "params": {"0": 2.200935686557785, "1": 1.6253586568610103, "2": -1.802862661210433, "3": 2.4238472366092036, "4": -1.473602895365487, "5": -2.2148106080476007, "6": 1.7984817820939236, "7": -1.4825653865135575}, "datetime": {"datetime": "2021-06-29 20:23:36", "elapsed": 510.240266, "delta": 2.791952}}
{"target": 0.01479747108245256, "params": {"0": 0.24742920875600394, "1": -2.2140944063818484, "2": 0.8623760214175773, "3": -1.4323817353104586, "4": 0.09528099452670258, "5": 1.4599876573252883, "6": -2.4217170678684816, "7": -0.3202020586128036}, "datetime": {"datetime": "2021-06-29 20:23:39", "elapsed": 513.221165, "delta": 2.980899}}
{"target": 0.0032890885688490333, "params": {"0": 0.16649563869298856, "1": -2.709052617123136, "2": 2.4008736991877093, "3": -1.3792536492082692, "4": -0.6360719728079856, "5": 1.4930615218925123, "6": -1.941495266560509, "7": -0.3473729558604153}, "datetime": {"datetime": "2021-06-29 20:23:43", "elapsed": 517.340875, "delta": 4.11971}}
{"target": 0.0031540587109088578, "params": {"0": -0.3289359341857887, "1": -2.263878043289136, "2": 1.6169664097194163, "3": -1.2908279151675592, "4": -0.40832189039039735, "5": 0.7297097939373716, "6": -2.443396859783779, "7": 1.3314892201188506}, "datetime": {"datetime": "2021-06-29 20:23:46", "elapsed": 520.480449, "delta": 3.139574}}
{"target": 0.00300427549587262, "params": {"0": 1.7680487423259974, "1": 0.020475973515900137, "2": -1.7537209748617808, "3": 2.3594269765887352, "4": -1.803883045662085, "5": 1.1505037754701366, "6": -0.6385617144047608, "7": 2.2568361357931304}, "datetime": {"datetime": "2021-06-29 20:23:50", "elapsed": 524.379131, "delta": 3.898682}}
{"target": 0.0031853083959967866, "params": {"0": 1.3073893362134665, "1": -0.27014396998739176, "2": 2.823517520570306, "3": -1.984897094911315, "4": -0.506043203802899, "5": 2.057867076600287, "6": -1.424519695105259, "7": 2.791847358095618}, "datetime": {"datetime": "2021-06-29 20:23:54", "elapsed": 527.558842, "delta": 3.179711}}
{"target": 0.0030268483408229362, "params": {"0": 1.106614766017989, "1": -0.966566446476782, "2": -1.491933323742082, "3": -0.9204533215197426, "4": 1.6119609877912922, "5": 2.97690819533313, "6": -1.0802907478883395, "7": 0.5414144301538126}, "datetime": {"datetime": "2021-06-29 20:23:57", "elapsed": 531.318767, "delta": 3.759925}}
{"target": 0.003016810647072824, "params": {"0": -0.8861641102647848, "1": 1.358083249976528, "2": -2.7867869350250567, "3": -2.409225566769739, "4": 1.9539678237475133, "5": 0.18059644501375605, "6": -2.5671728263896245, "7": -2.680661200015101}, "datetime": {"datetime": "2021-06-29 20:24:00", "elapsed": 534.225067, "delta": 2.9063}}
{"target": 0.0035644219790800583, "params": {"0": -1.6485982968130175, "1": 0.5885051791626585, "2": -1.0119539704757843, "3": -2.309668198977428, "4": 0.8591182644771296, "5": 1.9571803821835498, "6": -1.6947308606003317, "7": 1.9355519890552264}, "datetime": {"datetime": "2021-06-29 20:24:08", "elapsed": 541.591522, "delta": 7.366455}}
{"target": 0.0031681523207181734, "params": {"0": -0.9430646653411299, "1": -1.1755499522009913, "2": 1.9987582118431177, "3": -2.516679090106729, "4": -2.6702395132710928, "5": -2.4955303552328663, "6": -0.6918634751561088, "7": 0.9137416587496956}, "datetime": {"datetime": "2021-06-29 20:24:10", "elapsed": 544.037448, "delta": 2.445926}}
{"target": 0.002964911087806904, "params": {"0": -2.0936403948793267, "1": 0.4150499992156096, "2": 0.008194372835115704, "3": 0.5757797507178299, "4": 2.3730124733045947, "5": 0.6550442630936519, "6": 2.088187958889458, "7": 0.6948412900102072}, "datetime": {"datetime": "2021-06-29 20:24:14", "elapsed": 547.637614, "delta": 3.600166}}
{"target": 0.005133346598296505, "params": {"0": 1.7765468478795654, "1": 0.7631925211128374, "2": -0.28311893929753706, "3": 2.0782224943864147, "4": -2.4138468376705786, "5": 1.7314705122435425, "6": -2.4267455402127314, "7": 1.8115871689842589}, "datetime": {"datetime": "2021-06-29 20:24:16", "elapsed": 550.363182, "delta": 2.725568}}
{"target": 0.00327367048906228, "params": {"0": -0.11778797564165266, "1": 1.5720176821020688, "2": -2.5078225622596557, "3": 0.9701103265450399, "4": -1.4275914581060658, "5": -2.099730390183061, "6": 0.6654444712826288, "7": -1.3801724403849664}, "datetime": {"datetime": "2021-06-29 20:24:19", "elapsed": 552.654073, "delta": 2.290891}}
{"target": 0.0033958001538174297, "params": {"0": -0.5888586390300414, "1": -2.3145507370762592, "2": -2.961680920566131, "3": -1.122035772090997, "4": -1.854601461542017, "5": -2.1567874862467455, "6": -0.11424203444127823, "7": 2.4956460389574726}, "datetime": {"datetime": "2021-06-29 20:24:22", "elapsed": 555.73521, "delta": 3.081137}}
{"target": 0.0034000920737540536, "params": {"0": -0.9745253539932044, "1": -1.9721902115713683, "2": -0.6941671144996882, "3": -2.6174395360118785, "4": -0.3547610329688071, "5": -2.58595609785686, "6": -0.29434535515329463, "7": 2.082364528825668}, "datetime": {"datetime": "2021-06-29 20:24:25", "elapsed": 558.696846, "delta": 2.961636}}
{"target": 0.0030931071300098535, "params": {"0": 2.657742321105875, "1": 0.020966400941253127, "2": 2.2341585090897613, "3": -2.46809404705835, "4": -0.037547134363911105, "5": -1.190635954091622, "6": -0.37767686450173965, "7": -1.1638093989687557}, "datetime": {"datetime": "2021-06-29 20:24:28", "elapsed": 561.614278, "delta": 2.917432}}
{"target": 0.0032931377307032334, "params": {"0": -1.0627759274654611, "1": 2.1988162461963707, "2": -1.875398430991327, "3": -1.0713100528353268, "4": -0.8764868913792752, "5": 1.5798822921464808, "6": 2.4866019616666044, "7": -2.811694939562196}, "datetime": {"datetime": "2021-06-29 20:24:34", "elapsed": 568.40846, "delta": 6.794182}}
{"target": 0.007553632729331395, "params": {"0": -0.7046686580476047, "1": -2.8420526597158995, "2": 0.3528686626533375, "3": -1.3362606997826196, "4": 0.11087447148445895, "5": 1.1622783987820657, "6": -2.4328427318446844, "7": 0.006172003612332055}, "datetime": {"datetime": "2021-06-29 20:24:40", "elapsed": 573.590119, "delta": 5.181659}}
{"target": 0.0032519767307496133, "params": {"0": -1.7945959556711597, "1": 0.014249802431737013, "2": -0.6060416920449909, "3": -2.8261526469941574, "4": 1.3208286346244797, "5": 2.0304028525545395, "6": -2.0370676581357525, "7": 1.508484049735051}, "datetime": {"datetime": "2021-06-29 20:24:42", "elapsed": 576.391609, "delta": 2.80149}}
{"target": 0.0033131592599745983, "params": {"0": 0.23590936180642164, "1": 0.831715172672749, "2": 0.019626811187848148, "3": -1.1219892997985708, "4": -2.1625821428266967, "5": 1.6194422327922213, "6": -1.0844729423471569, "7": -2.148650615901084}, "datetime": {"datetime": "2021-06-29 20:24:45", "elapsed": 578.908126, "delta": 2.516517}}
{"target": 0.00592737030013129, "params": {"0": -0.19398604846924883, "1": -2.497074919297636, "2": 1.4268041312718003, "3": -2.045768940598577, "4": -0.2162766882223952, "5": 0.8928199828353822, "6": -1.3692889380560809, "7": 1.0414394932721196}, "datetime": {"datetime": "2021-06-29 20:24:47", "elapsed": 581.331664, "delta": 2.423538}}
{"target": 0.003314049791124821, "params": {"0": 0.17402355256673285, "1": -2.549882191062637, "2": 0.35247351167379737, "3": -1.5213596072760573, "4": 0.5694812895064367, "5": 1.5592145800534318, "6": -2.600355943123221, "7": -0.39902218786502885}, "datetime": {"datetime": "2021-06-29 20:24:50", "elapsed": 584.267911, "delta": 2.936247}}
{"target": 0.009257228446355828, "params": {"0": -0.2943389093911071, "1": -2.5708383966872823, "2": 2.551673390551473, "3": -1.972316885113857, "4": -0.0274052055682934, "5": 1.1456993388980754, "6": -2.1944623464640713, "7": 0.29054275031056287}, "datetime": {"datetime": "2021-06-29 20:24:54", "elapsed": 587.778886, "delta": 3.510975}}
{"target": 0.003823540796039842, "params": {"0": 1.8471182705834241, "1": 0.8592414324904869, "2": 0.3987935755544245, "3": 1.229032434211918, "4": -1.7655365477620182, "5": -2.11062939952665, "6": 2.995888581631256, "7": -2.2625936624340333}, "datetime": {"datetime": "2021-06-29 20:24:57", "elapsed": 590.756067, "delta": 2.977181}}
{"target": 0.0030609915031858627, "params": {"0": -1.3194667729722773, "1": -2.651275384764673, "2": -1.184593719317927, "3": -1.7386932250460665, "4": 0.03120069698527006, "5": -0.1920712971146381, "6": 0.9981043861407084, "7": -0.35743267102873677}, "datetime": {"datetime": "2021-06-29 20:24:59", "elapsed": 593.365707, "delta": 2.60964}}
{"target": 0.0030703832139876487, "params": {"0": 0.3240351719656447, "1": -2.4138651548428682, "2": 0.980667892321915, "3": -2.318624380864007, "4": -2.0729746971415866, "5": 1.3196445454607373, "6": -2.1052319189385895, "7": 0.5521784945902359}, "datetime": {"datetime": "2021-06-29 20:25:04", "elapsed": 597.914902, "delta": 4.549195}}
{"target": 0.003257619897312965, "params": {"0": 2.1410952536316845, "1": -1.8617990236820616, "2": 1.5744293793404056, "3": -0.36900415775919715, "4": 1.2046957271417318, "5": 0.27880483904244624, "6": 1.8063999358910223, "7": 1.7832250684694042}, "datetime": {"datetime": "2021-06-29 20:25:08", "elapsed": 601.856038, "delta": 3.941136}}
{"target": 0.0028819649715105503, "params": {"0": -2.099983268194614, "1": 0.6710317165514872, "2": 0.411806897241239, "3": 0.794639656225482, "4": 2.372753779009251, "5": -0.7220270592767655, "6": 2.9451479736386164, "7": 0.40555233750634745}, "datetime": {"datetime": "2021-06-29 20:25:11", "elapsed": 604.848757, "delta": 2.992719}}
{"target": 0.004584082312893401, "params": {"0": -1.467195214836197, "1": -1.3481797967014526, "2": 0.03290255680085341, "3": -0.5909321212576435, "4": 1.9142888443117219, "5": -0.5788268538728385, "6": 2.453612365635583, "7": 0.6587572903712449}, "datetime": {"datetime": "2021-06-29 20:25:13", "elapsed": 606.867013, "delta": 2.018256}}
{"target": 0.0034255673198302027, "params": {"0": -2.204316067768336, "1": 0.2426771852935019, "2": -0.009201588274550865, "3": 2.742908569019467, "4": -2.2672499072222916, "5": 0.9479600987899355, "6": -0.03845068287938602, "7": -1.0625032465153261}, "datetime": {"datetime": "2021-06-29 20:25:16", "elapsed": 609.705812, "delta": 2.838799}}
{"target": 0.020651260149785522, "params": {"0": -1.6012998110448013, "1": 2.39899719837066, "2": -1.1510523638815693, "3": -2.8061704174471798, "4": -2.031511916763513, "5": -1.5178295782859672, "6": -1.4346725555139062, "7": 1.2801899454368275}, "datetime": {"datetime": "2021-06-29 20:25:19", "elapsed": 612.79925, "delta": 3.093438}}
{"target": 0.004694381394633444, "params": {"0": 0.19803318477756893, "1": 0.3051829850936034, "2": 0.18959226211789293, "3": -1.124895988314465, "4": -1.9292179563214484, "5": 2.49017935722285, "6": -1.5301081422327247, "7": -0.40078457648797894}, "datetime": {"datetime": "2021-06-29 20:25:22", "elapsed": 615.568861, "delta": 2.769611}}
{"target": 0.005113556109295168, "params": {"0": -1.2047820494644972, "1": 2.2475732851995263, "2": -1.4494103745334859, "3": -2.887637997920874, "4": -2.249804035704344, "5": -0.8777301561655859, "6": -0.7001467696988701, "7": 1.4911928391990728}, "datetime": {"datetime": "2021-06-29 20:25:25", "elapsed": 619.325209, "delta": 3.756348}}
{"target": 0.003030167620898159, "params": {"0": 1.9291549531524215, "1": -2.5607238178810867, "2": 0.228616663952371, "3": 2.450216593322927, "4": -2.58288586811736, "5": 1.156215928455337, "6": -0.25265651528683275, "7": 1.6573198572679564}, "datetime": {"datetime": "2021-06-29 20:25:29", "elapsed": 623.095475, "delta": 3.770266}}
{"target": 0.005128123334196128, "params": {"0": 2.803671987382552, "1": -2.846279689084392, "2": -1.6793182102465283, "3": -0.004402949761319164, "4": -0.1081701867882412, "5": 1.5828712609964244, "6": -1.0836420434004244, "7": 1.070873847273079}, "datetime": {"datetime": "2021-06-29 20:25:32", "elapsed": 625.859713, "delta": 2.764238}}
{"target": 0.003390504980569781, "params": {"0": -1.845812923905888, "1": 1.312066285920391, "2": 1.6858929747686577, "3": 0.08136866116573227, "4": -0.5323480332315915, "5": 0.07273062171170164, "6": 1.4915121541651217, "7": 2.516029981960668}, "datetime": {"datetime": "2021-06-29 20:25:36", "elapsed": 629.877764, "delta": 4.018051}}
{"target": 0.003118292769758083, "params": {"0": -2.3981823834359455, "1": 1.9946436721292908, "2": -0.3594230282950699, "3": -0.8015957837948586, "4": -1.4980349126080288, "5": 0.4090301786781385, "6": -1.8002061134518057, "7": 2.0649995635323624}, "datetime": {"datetime": "2021-06-29 20:25:39", "elapsed": 633.322207, "delta": 3.444443}}
