{"target": 0.005031781489940413, "params": {"0": 2.2409791341992227, "1": -1.6331225880088454, "2": 2.761629150980374, "3": 1.299898035154297, "4": -2.7875783012318402, "5": -2.9314708721587417, "6": -1.1665968824143698, "7": 1.7106953561112972}, "datetime": {"datetime": "2021-06-29 20:50:23", "elapsed": 2204.573226, "delta": 6.840038}}
{"target": 0.00319524997733611, "params": {"0": -1.417152291037707, "1": -2.1300912154065017, "2": 2.1389304616298492, "3": 1.5372528700174053, "4": 1.528604456299238, "5": 0.520426484573222, "6": -1.5094486285780653, "7": -1.9125716657258356}, "datetime": {"datetime": "2021-06-29 20:50:30", "elapsed": 2210.896877, "delta": 6.323651}}
{"target": 0.004103953005048961, "params": {"0": -0.3807333188770725, "1": 1.5881133605388493, "2": 1.6011432770683207, "3": -1.830085924607538, "4": -0.5637338227300126, "5": 2.048161330524178, "6": 1.139713886213448, "7": -0.7191731867567204}, "datetime": {"datetime": "2021-06-29 20:50:35", "elapsed": 2216.627039, "delta": 5.730162}}
{"target": 0.0033485390914524105, "params": {"0": 0.9843835060952992, "1": -1.6503664980386377, "2": 1.2280002467901667, "3": 0.9806737844140407, "4": -1.9108203238181471, "5": 1.384765050138136, "6": -1.5762058314055634, "7": -0.236104124311471}, "datetime": {"datetime": "2021-06-29 20:50:41", "elapsed": 2222.396302, "delta": 5.769263}}
{"target": 0.11717307060450911, "params": {"0": 0.8984484073420536, "1": -2.375403904011767, "2": 2.050607487965607, "3": -1.2404456543005946, "4": -1.3408607008945956, "5": -2.3035203506421076, "6": 1.3247862298908837, "7": 0.27205985690216483}, "datetime": {"datetime": "2021-06-29 20:50:51", "elapsed": 2232.544566, "delta": 10.148264}}
{"target": 0.003194828735411618, "params": {"0": -0.19215780783591452, "1": -2.1167862457575977, "2": -2.0323938805562527, "3": -0.7838694086962175, "4": 0.12399595312904577, "5": -0.40880899769465495, "6": -2.8386234155949666, "7": -1.3074907437782128}, "datetime": {"datetime": "2021-06-29 20:50:59", "elapsed": 2240.636922, "delta": 8.092356}}
{"target": 0.005596105942630285, "params": {"0": 0.7671079801817564, "1": 1.8150410586968269, "2": 2.0382597782778333, "3": 0.3441475918284196, "4": -0.46088865931374645, "5": 2.562328711388446, "6": 0.7077180757596366, "7": 2.0984942168839797}, "datetime": {"datetime": "2021-06-29 20:51:06", "elapsed": 2247.565497, "delta": 6.928575}}
{"target": 0.005002987839002892, "params": {"0": 2.218100367393891, "1": 2.358862334378582, "2": -2.1297375718592413, "3": 1.5496130551216378, "4": -0.6342475076487117, "5": 0.9375957683358438, "6": -2.6446102907837723, "7": 2.814967670665548}, "datetime": {"datetime": "2021-06-29 20:51:22", "elapsed": 2262.866932, "delta": 15.301435}}
{"target": 0.018671401441371416, "params": {"0": -2.521538921683349, "1": -0.7937659086641942, "2": 0.33281315818593216, "3": -2.0973268099589433, "4": -0.5448394662335505, "5": 1.6405881641762532, "6": -2.7730706958083395, "7": -2.6514118139805496}, "datetime": {"datetime": "2021-06-29 20:51:31", "elapsed": 2272.223253, "delta": 9.356321}}
{"target": 0.0041868958908347804, "params": {"0": -1.876165099320694, "1": 1.3203818725510192, "2": -2.6425666030125425, "3": 1.4251758102100602, "4": -2.2011437499387894, "5": 2.2636576842013483, "6": 0.08186497109359481, "7": 0.9338655919003149}, "datetime": {"datetime": "2021-06-29 20:51:42", "elapsed": 2282.80223, "delta": 10.578977}}
{"target": 0.0029013266363807915, "params": {"0": 2.110651734864798, "1": 2.6099912167753256, "2": 2.954468023620305, "3": 1.810461129634203, "4": 1.6367952292743189, "5": 0.5279157242327543, "6": -2.054151811559244, "7": 1.6313984990131774}, "datetime": {"datetime": "2021-06-29 20:51:46", "elapsed": 2287.374914, "delta": 4.572684}}
{"target": 0.003045470581359959, "params": {"0": 0.9090017030967976, "1": -0.815440736535876, "2": 1.8906177244528397, "3": 2.098369616556054, "4": 0.09033131287377216, "5": 0.3037039011437992, "6": -1.6117630802799432, "7": -0.8920203585879998}, "datetime": {"datetime": "2021-06-29 20:52:01", "elapsed": 2302.64162, "delta": 15.266706}}
{"target": 0.003969137563163374, "params": {"0": -2.3487133084969956, "1": -2.7006091650547184, "2": -2.043996107443592, "3": 2.2950137022403503, "4": -0.034526181617885676, "5": 2.9557894655833987, "6": 2.565348224155512, "7": 2.6723463582777987}, "datetime": {"datetime": "2021-06-29 20:52:14", "elapsed": 2315.542531, "delta": 12.900911}}
{"target": 0.0029264987240314073, "params": {"0": 1.453232312188641, "1": 0.6207088560089757, "2": 0.8277646742238618, "3": 0.10507026964985, "4": -0.41456193661016494, "5": -0.613073003170979, "6": 0.6872868561560832, "7": 1.852589050487131}, "datetime": {"datetime": "2021-06-29 20:52:21", "elapsed": 2321.988151, "delta": 6.44562}}
{"target": 0.0032883768517716384, "params": {"0": -1.1849362244155692, "1": 1.9372298216661559, "2": 2.6127486648322016, "3": 2.251375308075242, "4": 0.43819564649542686, "5": -2.9535183621730585, "6": -0.9670952905429764, "7": 0.028733646406726265}, "datetime": {"datetime": "2021-06-29 20:52:30", "elapsed": 2330.673407, "delta": 8.685256}}
{"target": 0.0035020968447042394, "params": {"0": -2.093997102486167, "1": -0.014807075644180934, "2": -0.08247719380555818, "3": 1.9224535269709593, "4": -2.613042691870703, "5": -1.0783249780766488, "6": 1.1262037956518611, "7": 0.10643508914567423}, "datetime": {"datetime": "2021-06-29 20:52:39", "elapsed": 2340.237292, "delta": 9.563885}}
{"target": 0.003879192764339685, "params": {"0": -1.429757663030886, "1": -0.1695779949175753, "2": -2.500714982847212, "3": 0.48143564703176134, "4": 0.8542668829603857, "5": -1.9003840724436167, "6": -2.545204167418568, "7": -1.3038953968763767}, "datetime": {"datetime": "2021-06-29 20:52:49", "elapsed": 2349.713271, "delta": 9.475979}}
{"target": 0.0036633077202720818, "params": {"0": 0.12832919713473512, "1": -2.9600460424520003, "2": -2.1637329717269704, "3": 2.32746125567294, "4": -2.5295979494000553, "5": -2.3018518241871653, "6": -2.5483776576403994, "7": -0.7282411319538564}, "datetime": {"datetime": "2021-06-29 20:52:57", "elapsed": 2358.112807, "delta": 8.399536}}
{"target": 0.004990303624292305, "params": {"0": 1.1337020626070853, "1": -0.5643874067433403, "2": 1.7787609300566576, "3": 2.4295703617673645, "4": 2.2453168160735704, "5": 2.4457728180006058, "6": -0.3873426823984163, "7": -1.8259924159616074}, "datetime": {"datetime": "2021-06-29 20:53:03", "elapsed": 2364.386769, "delta": 6.273962}}
{"target": 0.003208052858819578, "params": {"0": 2.1349857083056722, "1": -2.6613132681555576, "2": 1.1237404269048339, "3": -2.5788895743579454, "4": -1.9591126308530422, "5": -1.4357363156789318, "6": 1.4186274188477963, "7": 0.07087695787597958}, "datetime": {"datetime": "2021-06-29 20:53:16", "elapsed": 2377.234428, "delta": 12.847659}}
{"target": 0.029826049658386353, "params": {"0": -1.009600420222445, "1": -0.5812637376755916, "2": -1.2023596992350036, "3": -0.09955094875962178, "4": -1.0020810467340195, "5": -1.6079528851482814, "6": -2.0262954517828913, "7": 2.2206406526942235}, "datetime": {"datetime": "2021-06-29 20:53:31", "elapsed": 2391.693346, "delta": 14.458918}}
{"target": 0.006539203166467479, "params": {"0": 1.2349557674034637, "1": 0.40956386159938596, "2": 2.268311880874098, "3": 1.9833777684592677, "4": -1.6196591866197934, "5": 0.9109389471050786, "6": 1.3783198885959305, "7": -2.04421194179789}, "datetime": {"datetime": "2021-06-29 20:53:40", "elapsed": 2401.216929, "delta": 9.523583}}
{"target": 0.0032048997805391418, "params": {"0": 1.830990230068009, "1": -0.5166667014449171, "2": -0.44376606676304586, "3": 0.054151396229007, "4": 0.20895606297643976, "5": 2.2864021304417728, "6": -0.5856364781913648, "7": 1.6320523443043253}, "datetime": {"datetime": "2021-06-29 20:53:49", "elapsed": 2409.998578, "delta": 8.781649}}
{"target": 0.004613366987752708, "params": {"0": -1.9527813155167988, "1": -1.9896146572502829, "2": 2.3996217136859412, "3": -2.504130025955877, "4": 1.3053247619717627, "5": 2.02411362623009, "6": 2.3845066200614466, "7": 0.45703067755445703}, "datetime": {"datetime": "2021-06-29 20:54:03", "elapsed": 2424.125769, "delta": 14.127191}}
{"target": 0.0047344734958568785, "params": {"0": -1.093026945658855, "1": -0.6605751610112636, "2": 0.017915730065574564, "3": 2.3337020151015615, "4": -0.3357251391970859, "5": -2.7174703784528083, "6": 2.743348172914194, "7": -2.2242695783251314}, "datetime": {"datetime": "2021-06-29 20:54:10", "elapsed": 2431.137214, "delta": 7.011445}}
{"target": 0.003268115785786107, "params": {"0": -2.910057030834472, "1": 0.3061733271846263, "2": -2.336840540408729, "3": 2.38753290970135, "4": -0.5355606576656, "5": -1.7788265123449754, "6": 2.4184124480004723, "7": 0.9266376355343118}, "datetime": {"datetime": "2021-06-29 20:54:20", "elapsed": 2441.208989, "delta": 10.071775}}
{"target": 0.0029774687323024782, "params": {"0": 2.878097888705314, "1": -2.2878191801782304, "2": 0.5050230164908429, "3": 2.3952023587539273, "4": -0.16367787117464783, "5": -0.4756118217949723, "6": 2.140597198277411, "7": 1.1130936902858153}, "datetime": {"datetime": "2021-06-29 20:54:27", "elapsed": 2448.485687, "delta": 7.276698}}
{"target": 0.004055647767586259, "params": {"0": 2.3282414428403024, "1": -0.3517096076416295, "2": -0.5402612418258625, "3": -2.5226174802958274, "4": -1.4064554242143663, "5": 0.9101912135123378, "6": 1.1912184574795486, "7": -1.7418528059194784}, "datetime": {"datetime": "2021-06-29 20:54:33", "elapsed": 2454.617745, "delta": 6.132058}}
{"target": 0.0034253795915980094, "params": {"0": 1.381402658275527, "1": 0.5617320081868975, "2": 1.0679136277430672, "3": 0.6464630308511001, "4": -2.555872282351143, "5": -1.8392915030779846, "6": -1.1635529792166381, "7": 1.123758803169193}, "datetime": {"datetime": "2021-06-29 20:54:43", "elapsed": 2464.187172, "delta": 9.569427}}
{"target": 0.005372417828514483, "params": {"0": 1.3193040610516658, "1": 0.6590019868573487, "2": 0.9631407071041753, "3": -2.2246490658971294, "4": 1.9096896152490705, "5": -2.017335847792101, "6": 0.07029177767260375, "7": 0.12550027629620253}, "datetime": {"datetime": "2021-06-29 20:54:52", "elapsed": 2472.929547, "delta": 8.742375}}
{"target": 0.003119436213809145, "params": {"0": -0.41287698910910287, "1": -2.13443803876432, "2": 2.186611731010987, "3": 2.7904336357598236, "4": -2.8408991954723435, "5": -1.1350355189647483, "6": -0.5476740885794324, "7": -1.457835842209046}, "datetime": {"datetime": "2021-06-29 20:55:07", "elapsed": 2487.971189, "delta": 15.041642}}
{"target": 0.003768120963992652, "params": {"0": -2.758162500507866, "1": 1.6050481579869569, "2": 0.7351962343681899, "3": 2.614958179445366, "4": -0.09508534616791042, "5": -2.881916218061465, "6": -2.5806973482077704, "7": -1.3528734784528345}, "datetime": {"datetime": "2021-06-29 20:55:13", "elapsed": 2494.103027, "delta": 6.131838}}
{"target": 0.00305674688705975, "params": {"0": -1.411973061030095, "1": 0.9178609269776139, "2": 2.7857539003497633, "3": -1.9333848543294798, "4": 1.9013192771900531, "5": -2.6500271239456255, "6": 0.2489527848959554, "7": -2.4567682297628375}, "datetime": {"datetime": "2021-06-29 20:55:22", "elapsed": 2503.231204, "delta": 9.128177}}
{"target": 0.0036497427315231976, "params": {"0": -1.830831618031442, "1": -2.6050742481609666, "2": 2.8354530059799163, "3": 1.8243783151962312, "4": 0.17372894968937258, "5": 2.6311360660697822, "6": -0.8361677323909502, "7": -0.9862581067627194}, "datetime": {"datetime": "2021-06-29 20:55:31", "elapsed": 2511.748643, "delta": 8.517439}}
{"target": 0.00519221702660613, "params": {"0": 1.2664038235952404, "1": -2.2328476730293434, "2": -0.0737852073498999, "3": 0.8272322640866645, "4": 2.8965054295785038, "5": 0.23786358500962024, "6": -2.697933145391599, "7": 0.7401328124670878}, "datetime": {"datetime": "2021-06-29 20:55:41", "elapsed": 2521.734131, "delta": 9.985488}}
{"target": 0.048555424956280326, "params": {"0": -2.106898092898637, "1": 1.0931936968650797, "2": 1.4899982091841588, "3": 0.3037523292130544, "4": -1.0967640717069478, "5": -2.9042377605937393, "6": 0.4877174732816618, "7": 1.2466376027368433}, "datetime": {"datetime": "2021-06-29 20:55:49", "elapsed": 2530.042361, "delta": 8.30823}}
{"target": 0.0032258824598697853, "params": {"0": 1.173723321097179, "1": -2.2482753026937, "2": -1.017933301904984, "3": -2.023177852554026, "4": -2.1381885513122065, "5": -0.7737618037439091, "6": -2.902671759996104, "7": -0.15302883073171447}, "datetime": {"datetime": "2021-06-29 20:56:00", "elapsed": 2541.004594, "delta": 10.962233}}
{"target": 0.006867130855392615, "params": {"0": -1.3115769870672027, "1": -2.681457841811449, "2": -2.3308339584983804, "3": -1.8677936092999576, "4": -1.4765046474106822, "5": -0.9854800661271748, "6": -1.6113964913397307, "7": -0.4524253701950709}, "datetime": {"datetime": "2021-06-29 20:56:08", "elapsed": 2549.112345, "delta": 8.107751}}
{"target": 0.0033053137187981133, "params": {"0": 1.6910815183715995, "1": -0.1632765529601432, "2": -0.3471147072422611, "3": 2.1269397501654845, "4": -2.4413815203310003, "5": -1.937319598543731, "6": 0.9184904938382443, "7": 1.51261866449068}, "datetime": {"datetime": "2021-06-29 20:56:17", "elapsed": 2558.328369, "delta": 9.216024}}
{"target": 0.003649463016501299, "params": {"0": 2.50380516262702, "1": -0.9208515761407008, "2": -2.7271685460920896, "3": -2.3691775980311, "4": -1.153512185229036, "5": 1.9721023344080573, "6": -1.3072688991796688, "7": -1.6572581537157889}, "datetime": {"datetime": "2021-06-29 20:56:26", "elapsed": 2567.205462, "delta": 8.877093}}
{"target": 0.004010446779410822, "params": {"0": 2.870320876759717, "1": 1.5654325029340779, "2": 0.9265528109973706, "3": -2.011039326738614, "4": -1.7971175725379334, "5": -0.8771566115796006, "6": -0.805475026170738, "7": -2.4874804342225016}, "datetime": {"datetime": "2021-06-29 20:56:40", "elapsed": 2581.147944, "delta": 13.942482}}
{"target": 0.0031731064628112357, "params": {"0": -1.6289086014536138, "1": 1.7411308732541038, "2": 2.8749663157415863, "3": 1.6690620929792779, "4": 1.8233644785008778, "5": -1.1957324487785643, "6": 2.1136386221819086, "7": 1.5917839493270627}, "datetime": {"datetime": "2021-06-29 20:56:49", "elapsed": 2590.263092, "delta": 9.115148}}
{"target": 0.0033761162170043053, "params": {"0": 0.14939102208603927, "1": 0.9639305035077843, "2": -1.8630766465480044, "3": 2.2430199983183448, "4": 2.078661115669867, "5": 1.7790735404315967, "6": 1.6098911466060093, "7": 1.3275173530518067}, "datetime": {"datetime": "2021-06-29 20:56:58", "elapsed": 2599.465773, "delta": 9.202681}}
{"target": 0.003220664840230499, "params": {"0": -0.9929821370332368, "1": -2.609913332320942, "2": 2.836085362521011, "3": -1.653117814933746, "4": 1.0869085488598564, "5": 2.3323423374362857, "6": 1.372861544299381, "7": -2.6799308553398444}, "datetime": {"datetime": "2021-06-29 20:57:07", "elapsed": 2607.950295, "delta": 8.484522}}
{"target": 0.004593742732975211, "params": {"0": 1.6511012433694976, "1": -2.6662865681401593, "2": 0.004345463887800882, "3": -2.5226560161285096, "4": 2.5046634044410823, "5": -1.248027881312667, "6": -1.3745560868583602, "7": 1.2528507023465005}, "datetime": {"datetime": "2021-06-29 20:57:16", "elapsed": 2616.98564, "delta": 9.035345}}
{"target": 0.0032314772860187863, "params": {"0": 1.184647118337688, "1": 1.9107710619351783, "2": -2.9646742000852058, "3": -0.845197159109564, "4": -0.06472838836714612, "5": 0.35257363530399877, "6": 0.39313272719341086, "7": 1.2148457964155952}, "datetime": {"datetime": "2021-06-29 20:57:25", "elapsed": 2625.799009, "delta": 8.813369}}
{"target": 0.00431237160111159, "params": {"0": 2.7717532973627215, "1": -1.4773454142968057, "2": 2.940536260583256, "3": -2.6255518699544034, "4": -1.4300242657590092, "5": -0.5949123891155352, "6": 1.1674381452641098, "7": -2.32247608190349}, "datetime": {"datetime": "2021-06-29 20:57:37", "elapsed": 2637.691472, "delta": 11.892463}}
{"target": 0.003056532179962785, "params": {"0": -0.8156798044428024, "1": 0.6763114117844617, "2": -0.055143542028410764, "3": 0.7540114681626173, "4": -0.5413063298775294, "5": 0.2544739300256209, "6": 2.3673990042290303, "7": -2.9333178020191424}, "datetime": {"datetime": "2021-06-29 20:57:49", "elapsed": 2649.823524, "delta": 12.132052}}
{"target": 0.006572333073550758, "params": {"0": -0.45456777423060224, "1": -2.378373399420002, "2": -2.133155999457096, "3": -1.3025624460194791, "4": 1.2340915166044937, "5": -1.5124731354984926, "6": 1.4347892647288027, "7": -0.6860624846958157}, "datetime": {"datetime": "2021-06-29 20:57:58", "elapsed": 2659.014335, "delta": 9.190811}}
{"target": 0.0028878475149178443, "params": {"0": 1.3089196098390659, "1": -1.4144176238033535, "2": -2.4247364167613457, "3": -0.4976974263456708, "4": 0.4650512689631716, "5": 2.8152440521691293, "6": -0.6774587717333227, "7": -2.0915239423792578}, "datetime": {"datetime": "2021-06-29 20:58:03", "elapsed": 2664.153885, "delta": 5.13955}}
{"target": 0.0028694343975835496, "params": {"0": 0.9132287031727726, "1": -0.4265842010244967, "2": -2.1743280251433004, "3": -0.7511729404007266, "4": 2.3891045613924193, "5": 2.622243733267565, "6": 2.50775249840882, "7": -1.4553228474839537}, "datetime": {"datetime": "2021-06-29 20:58:12", "elapsed": 2672.929183, "delta": 8.775298}}
{"target": 0.010115712737842526, "params": {"0": -0.2730055318624549, "1": 2.8745820840441425, "2": -0.5322876000145973, "3": 0.39964974213739834, "4": 1.1675540018857067, "5": -2.298845661603824, "6": -0.8096794533723672, "7": -2.7815981483272294}, "datetime": {"datetime": "2021-06-29 20:58:23", "elapsed": 2684.08428, "delta": 11.155097}}
{"target": 0.004332094200892084, "params": {"0": -2.192683922650441, "1": 0.8547875398392306, "2": -0.5442349242488351, "3": 2.611943757313333, "4": -0.10967385819104347, "5": 0.8943262893347939, "6": -0.9969217876713725, "7": 0.20392865627009904}, "datetime": {"datetime": "2021-06-29 20:58:34", "elapsed": 2695.218508, "delta": 11.134228}}
{"target": 0.030173699264538927, "params": {"0": 2.7223793405076924, "1": -0.7864612982079309, "2": 0.46804835371701214, "3": 2.0973191775105997, "4": -1.4866113407478276, "5": 1.7610745932640732, "6": -1.4702124199329694, "7": -1.7948087894388802}, "datetime": {"datetime": "2021-06-29 20:58:48", "elapsed": 2709.014978, "delta": 13.79647}}
{"target": 0.003135623871781172, "params": {"0": -2.0402574612491646, "1": 1.432826016644369, "2": -0.10643584024542996, "3": -1.4818526219639756, "4": 0.14043829586499168, "5": -0.7871170820536135, "6": -2.4049599601295704, "7": 2.380844189188136}, "datetime": {"datetime": "2021-06-29 20:58:58", "elapsed": 2719.065978, "delta": 10.051}}
{"target": 0.0029503164836022348, "params": {"0": 2.0870091214721977, "1": 0.48607808830605936, "2": 0.8634807362748891, "3": 2.8845950446517623, "4": -0.03629129010016463, "5": -0.7428247770638561, "6": -1.4679028737208228, "7": 2.3691524296483717}, "datetime": {"datetime": "2021-06-29 20:59:08", "elapsed": 2729.445726, "delta": 10.379748}}
{"target": 0.0029776984581996887, "params": {"0": -0.9320747472132163, "1": -2.2705430933581505, "2": 0.9201538893235943, "3": -1.1067346743459539, "4": -2.881999116539789, "5": 1.4202568615262088, "6": -0.25727886378384035, "7": -1.2643698460024244}, "datetime": {"datetime": "2021-06-29 20:59:17", "elapsed": 2738.239658, "delta": 8.793932}}
{"target": 0.006035811048391812, "params": {"0": 0.7567170921336457, "1": 0.9424009309536334, "2": 1.494852470430044, "3": 2.064263663967103, "4": -0.8202273611019306, "5": -0.06484433207580764, "6": 2.1173751512082752, "7": -2.33796045085358}, "datetime": {"datetime": "2021-06-29 20:59:25", "elapsed": 2746.511831, "delta": 8.272173}}
{"target": 0.0055173115262244655, "params": {"0": -2.4648621692022967, "1": 2.649497725746044, "2": -0.11397392548844731, "3": -0.32409081559318187, "4": 2.427084125765953, "5": 1.17878182788764, "6": 0.470340590585705, "7": 1.1278815921392908}, "datetime": {"datetime": "2021-06-29 20:59:36", "elapsed": 2757.347249, "delta": 10.835418}}
{"target": 0.003279083996402884, "params": {"0": 2.1949451990251516, "1": 2.401688159260064, "2": 0.4061108668905513, "3": -0.05263480829884015, "4": 0.7750012468833187, "5": 2.404773854788191, "6": -2.91064259428427, "7": 0.3151278862652642}, "datetime": {"datetime": "2021-06-29 20:59:51", "elapsed": 2772.540639, "delta": 15.19339}}
{"target": 0.005225961962661717, "params": {"0": 0.9537136470514209, "1": -2.734183700605831, "2": 2.824926510524014, "3": 1.1520730794986855, "4": -0.5978576396041677, "5": -0.49618221713763067, "6": 0.19080435046265842, "7": -0.29802763648931085}, "datetime": {"datetime": "2021-06-29 21:00:01", "elapsed": 2782.050275, "delta": 9.509636}}
{"target": 0.00316563020712424, "params": {"0": 2.8011758060603755, "1": -1.765398882275274, "2": -2.424911546586096, "3": -2.5824202671428456, "4": 0.85671556351202, "5": 2.154237580750012, "6": -0.8206116798781933, "7": -2.4674222881298133}, "datetime": {"datetime": "2021-06-29 21:00:10", "elapsed": 2791.506792, "delta": 9.456517}}
{"target": 0.003306021347343617, "params": {"0": -0.6001918659244039, "1": -2.115729256787223, "2": -0.15029047724920108, "3": -1.8142680302659646, "4": 1.128878693069181, "5": -0.9978813003942122, "6": -2.4745557946690995, "7": 2.5843683612872486}, "datetime": {"datetime": "2021-06-29 21:00:23", "elapsed": 2804.003348, "delta": 12.496556}}
{"target": 0.004105490370920383, "params": {"0": 0.9963265626453017, "1": -1.2525663849070428, "2": 0.35835363167659695, "3": -1.5227765830694502, "4": 0.8182575150852127, "5": -0.9245507293732524, "6": 2.55532163502534, "7": -1.9072515871755844}, "datetime": {"datetime": "2021-06-29 21:00:33", "elapsed": 2814.140232, "delta": 10.136884}}
