{"target": 0.0031497377846331073, "params": {"0": 1.901010652749731, "1": 0.5662357429858664, "2": 2.85593440998543, "3": 2.409375508015928, "4": 0.5736476016158729, "5": -2.8054420481132576, "6": -2.4385374250951157, "7": -2.6077697097466417}, "datetime": {"datetime": "2021-06-29 20:13:46", "elapsed": 7.40396, "delta": 0.102072}}
{"target": 0.004397490432161903, "params": {"0": -0.28960110785114823, "1": -0.7473910009928533, "2": 2.852100205621719, "3": -1.9921002408023105, "4": 2.836725551595931, "5": 1.6048492131780785, "6": 1.9454270377469864, "7": 0.7956949006679839}, "datetime": {"datetime": "2021-06-29 20:13:46", "elapsed": 7.502391, "delta": 0.098431}}
{"target": 0.013576051482779891, "params": {"0": 1.0123966212403923, "1": -0.13870599887283985, "2": -2.9211818584615665, "3": -0.8819634867490516, "4": -0.047569191038649095, "5": 1.380547266540626, "6": -0.18822994352334455, "7": -0.25557050346341015}, "datetime": {"datetime": "2021-06-29 20:13:47", "elapsed": 7.600422, "delta": 0.098031}}
{"target": 0.0037761814685552592, "params": {"0": -2.1740235543263813, "1": -2.934667597179126, "2": 1.5496695628619772, "3": -1.0802829715339297, "4": 2.906300701161064, "5": -1.678594643045064, "6": -0.967751847109922, "7": 0.14337681399678992}, "datetime": {"datetime": "2021-06-29 20:13:47", "elapsed": 7.698262, "delta": 0.09784}}
{"target": 0.0073987480601446194, "params": {"0": 1.5293487423631964, "1": -0.21685329659822639, "2": -2.2510647413299423, "3": -1.124991729047703, "4": 0.027115018205967623, "5": 1.0430940481012057, "6": 1.620899737872553, "7": -2.217985314273874}, "datetime": {"datetime": "2021-06-29 20:13:47", "elapsed": 7.7912, "delta": 0.092938}}
{"target": 0.004541348966335057, "params": {"0": -2.862509212065709, "1": 0.11449393327193658, "2": 1.859932263974498, "3": -2.9243773978207424, "4": 1.0348190679224034, "5": 1.1208493599419507, "6": -0.3045194784801746, "7": 2.4887321204516057}, "datetime": {"datetime": "2021-06-29 20:13:47", "elapsed": 8.068043, "delta": 0.276843}}
{"target": 0.003103347738771985, "params": {"0": 0.8661665085419576, "1": -2.968560974091205, "2": -0.09342932691374628, "3": 2.1559068365856, "4": 1.9823974202240366, "5": 0.8949251826748674, "6": 1.04219054339179, "7": 0.47099747873520315}, "datetime": {"datetime": "2021-06-29 20:13:47", "elapsed": 8.169348, "delta": 0.101305}}
{"target": 0.005647166386758003, "params": {"0": -1.355281348998887, "1": 0.3631799432163527, "2": 1.0303787089045215, "3": -0.8854222187015468, "4": 2.134970203523567, "5": -1.8297750839477562, "6": 1.4839248619915395, "7": -1.2623835228787355}, "datetime": {"datetime": "2021-06-29 20:13:47", "elapsed": 8.265845, "delta": 0.096497}}
{"target": 0.003139926921798258, "params": {"0": 1.6427957234650918, "1": -0.43357602398354267, "2": 1.8461904546732573, "3": -0.8787908239920577, "4": -1.7178405742225131, "5": 1.6037070505305993, "6": -1.1481483142160933, "7": 1.3994704063585655}, "datetime": {"datetime": "2021-06-29 20:13:47", "elapsed": 8.370148, "delta": 0.104303}}
{"target": 0.0033452250678388733, "params": {"0": 1.4668389184663928, "1": -1.6716197945507936, "2": -1.7153271790761093, "3": -1.8063124594375999, "4": -2.144889973404932, "5": -0.7375044047559953, "6": -2.840232691850271, "7": -2.3344777857945562}, "datetime": {"datetime": "2021-06-29 20:13:47", "elapsed": 8.46156, "delta": 0.091412}}
{"target": 0.004213538282846328, "params": {"0": 1.047384142580463, "1": 1.7986592213843178, "2": -2.5168228372296846, "3": -1.6097861370852478, "4": -1.7542460291771138, "5": 2.504001378489784, "6": 1.26788710881892, "7": 0.3233076663084855}, "datetime": {"datetime": "2021-06-29 20:13:48", "elapsed": 8.553991, "delta": 0.092431}}
{"target": 0.00306300228578283, "params": {"0": -1.1728920724762786, "1": 2.009124285790791, "2": -0.38816425422288026, "3": 2.5407372907126513, "4": 1.2363108260155986, "5": -0.13181215220829978, "6": -2.242739377503848, "7": 2.8562613028064856}, "datetime": {"datetime": "2021-06-29 20:13:48", "elapsed": 8.650858, "delta": 0.096867}}
{"target": 0.0035101762030617573, "params": {"0": -2.04099809793544, "1": -1.7843872486820245, "2": -0.41290946903777437, "3": -0.5747885653491167, "4": -2.1194911154142355, "5": 1.3759135161667402, "6": -1.8675295987368843, "7": 0.8633738658699768}, "datetime": {"datetime": "2021-06-29 20:13:48", "elapsed": 8.757523, "delta": 0.106665}}
{"target": 0.0030440308192366348, "params": {"0": 1.5258357034577923, "1": -1.7356056475000756, "2": 0.6057254886458399, "3": 1.4935702514750187, "4": 0.8293122637220005, "5": 0.5827638176798944, "6": -1.2271062860670177, "7": 1.389638827449053}, "datetime": {"datetime": "2021-06-29 20:13:48", "elapsed": 8.847808, "delta": 0.090285}}
{"target": 0.026933180118129386, "params": {"0": 2.6718506399996986, "1": -0.4466316584307184, "2": 1.693090900988432, "3": -2.663153762028508, "4": 2.011629614939795, "5": -1.8464998990671138, "6": -0.6294187866601608, "7": -1.1995137244478613}, "datetime": {"datetime": "2021-06-29 20:13:48", "elapsed": 9.103603, "delta": 0.255795}}
{"target": 0.0032703783138181026, "params": {"0": -2.519378137163704, "1": 2.427786017617457, "2": -0.7790749346775705, "3": 0.18418463085683712, "4": -0.035302404622049366, "5": -2.2070331483423713, "6": -1.7612756466634019, "7": -2.542867145806073}, "datetime": {"datetime": "2021-06-29 20:13:48", "elapsed": 9.205329, "delta": 0.101726}}
{"target": 0.0033876381819605136, "params": {"0": 0.04753019967172456, "1": -1.4307026890020773, "2": -0.8576303467032487, "3": -2.351608027816579, "4": 1.7253110379150431, "5": -2.3604967392671936, "6": 2.914252942279127, "7": -1.937033013369496}, "datetime": {"datetime": "2021-06-29 20:13:48", "elapsed": 9.309444, "delta": 0.104115}}
{"target": 0.04676406216607062, "params": {"0": 0.43443067460789564, "1": -2.730927992465471, "2": 1.7226977379350048, "3": -1.8623643130902208, "4": 0.16742387044875962, "5": 1.4404652589544291, "6": -2.1004110904964644, "7": 0.30652304512183015}, "datetime": {"datetime": "2021-06-29 20:13:48", "elapsed": 9.397512, "delta": 0.088068}}
{"target": 0.0032889461542920124, "params": {"0": -1.7002967500273236, "1": 1.5551762959028679, "2": 1.3374911613372822, "3": -1.940705794337502, "4": 2.171799346002441, "5": -2.881349402901934, "6": 2.1614219845386913, "7": 0.3534228669656301}, "datetime": {"datetime": "2021-06-29 20:13:49", "elapsed": 9.51195, "delta": 0.114438}}
{"target": 0.0034233828265082876, "params": {"0": -0.5806771673649047, "1": 1.5524815861340198, "2": 1.3015740101548197, "3": 2.923957048850559, "4": -1.3314897083221033, "5": -2.9772379655439445, "6": 2.6034156498893264, "7": 2.147382627227363}, "datetime": {"datetime": "2021-06-29 20:13:49", "elapsed": 9.610796, "delta": 0.098846}}
{"target": 0.0030443656026799505, "params": {"0": 1.3731052651155355, "1": 0.10013269752923026, "2": 1.2417374714925664, "3": 1.683177341260457, "4": -0.7507443387788437, "5": 1.6219351519797458, "6": 1.5037459150510522, "7": 0.6792672692655586}, "datetime": {"datetime": "2021-06-29 20:13:49", "elapsed": 9.696584, "delta": 0.085788}}
{"target": 0.004889471911944245, "params": {"0": -0.5888044561929755, "1": 1.1838481155860459, "2": -2.981322853048847, "3": 1.6493798803475865, "4": 2.3784996147410817, "5": -1.5641057553749722, "6": -2.2753968941446217, "7": -1.6782960732376344}, "datetime": {"datetime": "2021-06-29 20:13:49", "elapsed": 9.805365, "delta": 0.108781}}
{"target": 0.0032923644964500845, "params": {"0": -1.1874196122594103, "1": 2.2981710513830054, "2": 0.25899858142856713, "3": -1.2797301023614165, "4": -2.1698718612423207, "5": -1.25913322137275, "6": 0.6832265384475154, "7": -1.0551688206153202}, "datetime": {"datetime": "2021-06-29 20:13:49", "elapsed": 9.906081, "delta": 0.100716}}
{"target": 0.003338343226631291, "params": {"0": -0.25583890985400926, "1": -0.33529735790031356, "2": 1.9688121643890728, "3": -0.44191107458261625, "4": -0.925807072946986, "5": 1.0498296288546314, "6": -1.6711076655988275, "7": -0.1965250564406773}, "datetime": {"datetime": "2021-06-29 20:13:49", "elapsed": 10.238239, "delta": 0.332158}}
{"target": 0.0029263661923581777, "params": {"0": -1.1114058760559014, "1": 0.7611336129770079, "2": 2.2641628481688754, "3": -0.3138659991262287, "4": 1.7067445127515386, "5": -0.25820579663069765, "6": 0.9373759903027885, "7": -2.2089541498349874}, "datetime": {"datetime": "2021-06-29 20:13:49", "elapsed": 10.396402, "delta": 0.158163}}
{"target": 0.003101770359622383, "params": {"0": -0.40211095819411113, "1": 2.45587193192962, "2": 0.6328740061856077, "3": 1.6006475234226123, "4": 0.02820364857536628, "5": -0.011666251031955177, "6": 2.0573990411570993, "7": -2.5931583939542775}, "datetime": {"datetime": "2021-06-29 20:13:50", "elapsed": 10.544218, "delta": 0.147816}}
{"target": 0.008244787036761653, "params": {"0": 0.43963362929810756, "1": 2.6565754525976955, "2": 0.10716028903393138, "3": -1.833205142832693, "4": 2.087636354660857, "5": -1.490165145864883, "6": 1.204356218895228, "7": 0.24156564238139921}, "datetime": {"datetime": "2021-06-29 20:13:50", "elapsed": 10.709499, "delta": 0.165281}}
{"target": 0.0029392235818368542, "params": {"0": 2.6930177296813174, "1": 0.7460202144160553, "2": 2.027867772286376, "3": -2.952402742832861, "4": 2.9360403369998282, "5": -2.533712578005681, "6": -1.0672229183113824, "7": 2.676914372740592}, "datetime": {"datetime": "2021-06-29 20:13:50", "elapsed": 10.989363, "delta": 0.279864}}
{"target": 0.0030096519357488013, "params": {"0": -2.9463653857725296, "1": 1.9363800325316127, "2": 2.167269830200766, "3": -0.36101511474856496, "4": -1.4655288371644128, "5": 1.8161371177997916, "6": -0.1328279734066733, "7": -2.193968348065823}, "datetime": {"datetime": "2021-06-29 20:13:50", "elapsed": 11.230617, "delta": 0.241254}}
{"target": 0.0030179029150056436, "params": {"0": 2.567093956950065, "1": 2.3758198020398904, "2": -0.05072909989838781, "3": 2.1402149791067533, "4": -0.48853184541540795, "5": 1.1007894009978063, "6": -0.6120561635524653, "7": 0.034452104704862485}, "datetime": {"datetime": "2021-06-29 20:13:50", "elapsed": 11.478621, "delta": 0.248004}}
{"target": 0.008985065173049974, "params": {"0": -1.8626897829964362, "1": 2.789933544665483, "2": -1.2347058705344718, "3": -2.379242663301592, "4": -2.1341075986257114, "5": -2.9154462348453425, "6": 1.2956741967743675, "7": 0.38698992144524436}, "datetime": {"datetime": "2021-06-29 20:13:51", "elapsed": 11.653932, "delta": 0.175311}}
{"target": 0.0030803389464420846, "params": {"0": 1.7674701071085135, "1": 0.04247953970481877, "2": 1.750926237024923, "3": 1.1745852856310366, "4": 1.6670908611550521, "5": -0.5611027861374822, "6": 0.8866237991248873, "7": -1.9212342138421536}, "datetime": {"datetime": "2021-06-29 20:13:51", "elapsed": 11.910891, "delta": 0.256959}}
{"target": 0.004155342322815396, "params": {"0": -1.0690802196725762, "1": -1.964372279281245, "2": -0.5481766499204257, "3": -1.5514875122064071, "4": -0.5584680352238527, "5": 2.851334054623873, "6": -1.0780840450678124, "7": 2.8949456698493723}, "datetime": {"datetime": "2021-06-29 20:13:51", "elapsed": 12.082951, "delta": 0.17206}}
{"target": 0.003122094151386665, "params": {"0": 0.8178367551359012, "1": -0.7494538896365341, "2": 2.1449069945015795, "3": 0.7175204362114425, "4": -1.4878015192149638, "5": 1.757134067861326, "6": -0.4023689475950216, "7": -0.8549329960173515}, "datetime": {"datetime": "2021-06-29 20:13:51", "elapsed": 12.308674, "delta": 0.225723}}
{"target": 0.003830876175353065, "params": {"0": -1.0183383808495143, "1": 1.1842132536788368, "2": -1.3880992565626407, "3": 1.8496680822322809, "4": -1.2282672336009133, "5": 0.2647283015121431, "6": -0.07247104916878566, "7": 2.1321384755722184}, "datetime": {"datetime": "2021-06-29 20:13:52", "elapsed": 12.707402, "delta": 0.398728}}
{"target": 0.0030849336367105244, "params": {"0": -1.6235672265225718, "1": -1.0364598052383647, "2": -0.8285795979014834, "3": -2.5850105392075005, "4": 0.333697771267353, "5": -0.9791627310788349, "6": 2.92131035040234, "7": 2.4829865958949675}, "datetime": {"datetime": "2021-06-29 20:13:53", "elapsed": 13.533826, "delta": 0.826424}}
{"target": 0.0031135612848491555, "params": {"0": 1.8326645457440058, "1": -2.089277674299768, "2": -1.057571424689134, "3": -0.4068204502859709, "4": 2.755325363280974, "5": 0.8844117228983053, "6": 0.26390694206398324, "7": 2.6855109494419116}, "datetime": {"datetime": "2021-06-29 20:13:53", "elapsed": 14.478729, "delta": 0.944903}}
{"target": 0.0032582907962125235, "params": {"0": -1.302789435598578, "1": 2.0206196474102356, "2": -2.8854890725770197, "3": -1.7961721955591563, "4": -0.9178609366357495, "5": -2.6713541026777787, "6": 0.1841476099709718, "7": -0.5428891058877339}, "datetime": {"datetime": "2021-06-29 20:13:54", "elapsed": 15.262134, "delta": 0.783405}}
{"target": 0.006926008798894827, "params": {"0": -0.8044892413962761, "1": -0.18487116076279975, "2": 0.22371461225960898, "3": -1.4082527457308678, "4": 2.96911361522929, "5": -1.6570171744788817, "6": -1.489107126693877, "7": 2.36348657931336}, "datetime": {"datetime": "2021-06-29 20:13:55", "elapsed": 16.069648, "delta": 0.807514}}
{"target": 0.00308310764861122, "params": {"0": -2.2282256584581663, "1": -2.875023798704493, "2": 2.3234362069900873, "3": 1.7965440820791834, "4": 1.8158441399526568, "5": -0.17202871719711954, "6": 1.9569456698963688, "7": 0.6031557112100909}, "datetime": {"datetime": "2021-06-29 20:13:56", "elapsed": 16.866553, "delta": 0.796905}}
{"target": 0.003540385493911628, "params": {"0": 2.7267583060559453, "1": 0.04786535489864718, "2": -1.0235860559317638, "3": 0.22583249851157738, "4": 0.547610885367682, "5": 0.31597166906364826, "6": 0.814415716547928, "7": 2.28237862058141}, "datetime": {"datetime": "2021-06-29 20:13:57", "elapsed": 17.763028, "delta": 0.896475}}
{"target": 0.004449284790528282, "params": {"0": -2.452936526180104, "1": -0.203148573079313, "2": -2.398207407360783, "3": 1.2362869954387081, "4": 0.08545408468859028, "5": -0.07662364875884098, "6": 2.8915780865465184, "7": -1.8116486392369877}, "datetime": {"datetime": "2021-06-29 20:13:58", "elapsed": 18.895217, "delta": 1.132189}}
{"target": 0.0031572477655646804, "params": {"0": -2.5052500565274514, "1": -1.5026885130870629, "2": -1.668640257151976, "3": 2.2192051403080173, "4": -1.6291660072501821, "5": -0.505840176755525, "6": -0.7204735370388575, "7": 2.6983252880084496}, "datetime": {"datetime": "2021-06-29 20:13:59", "elapsed": 20.357766, "delta": 1.462549}}
{"target": 0.04291573632795808, "params": {"0": -1.5499133534725908, "1": 2.0410402718560006, "2": 2.1108204588650086, "3": 0.5243769006973924, "4": -1.8100327661307551, "5": -2.3342090420860844, "6": 1.321613316590355, "7": 0.7299278233367978}, "datetime": {"datetime": "2021-06-29 20:14:00", "elapsed": 21.43153, "delta": 1.073764}}
{"target": 0.003139824598114462, "params": {"0": -1.1739330998451094, "1": 0.02491149865883102, "2": -2.9850212192235572, "3": 2.053552341898052, "4": 1.3357824783465455, "5": -1.6107040936224388, "6": -2.7532679829091573, "7": 1.581980627926268}, "datetime": {"datetime": "2021-06-29 20:14:02", "elapsed": 23.193116, "delta": 1.761586}}
{"target": 0.005442680268751028, "params": {"0": -2.093014411119242, "1": -0.6621132364384303, "2": 1.3725095334297537, "3": 0.6723838243261984, "4": 2.885060419304814, "5": -1.7952594256904333, "6": 0.26764438205238417, "7": -2.3054640310286354}, "datetime": {"datetime": "2021-06-29 20:14:03", "elapsed": 24.080323, "delta": 0.887207}}
{"target": 0.049787800627045894, "params": {"0": 0.8772887688640294, "1": 2.1371481431785124, "2": -0.8776109102371064, "3": -1.648811152361843, "4": -0.11275058028829221, "5": -0.2554917720080283, "6": 2.482866373442871, "7": -0.5281058357169588}, "datetime": {"datetime": "2021-06-29 20:14:05", "elapsed": 25.651962, "delta": 1.571639}}
{"target": 0.0036401888310149087, "params": {"0": -1.066593335300281, "1": -2.0886785387061058, "2": -0.5605604554616619, "3": 1.3338993698484707, "4": -2.735695585194458, "5": -1.1312108357752377, "6": -2.1150646048595245, "7": -2.833075438632956}, "datetime": {"datetime": "2021-06-29 20:14:05", "elapsed": 26.4818, "delta": 0.829838}}
{"target": 0.004314225327928503, "params": {"0": -2.0441232414352024, "1": 0.6161974164020898, "2": -2.1115157063701897, "3": 0.008678907535003777, "4": 1.7838306180813142, "5": 1.533499432156547, "6": 0.30401320261464715, "7": -1.4691387738207242}, "datetime": {"datetime": "2021-06-29 20:14:08", "elapsed": 28.538825, "delta": 2.057025}}
{"target": 0.00625110905925985, "params": {"0": -0.5017778351162914, "1": -2.417503755977607, "2": -2.477180284796564, "3": -0.4924909157938888, "4": -1.1714389120048365, "5": 1.2552037557418814, "6": -2.643945693881516, "7": -2.1130653018731946}, "datetime": {"datetime": "2021-06-29 20:14:09", "elapsed": 30.078418, "delta": 1.539593}}
{"target": 0.005486476418630039, "params": {"0": -1.1680964955734117, "1": -0.3179636875666394, "2": -2.246650969912296, "3": -1.5004726054128052, "4": 2.383763254388091, "5": -2.4543154439582855, "6": 1.396860337844224, "7": 1.0219733987078055}, "datetime": {"datetime": "2021-06-29 20:14:10", "elapsed": 31.348655, "delta": 1.270237}}
{"target": 0.0029605574245930685, "params": {"0": 1.0705953919838596, "1": 1.4479130571388037, "2": 2.235654022540656, "3": 0.7743617053894498, "4": -2.4329630039344217, "5": -0.8223142735899218, "6": 0.8250409135081918, "7": -2.69353888681081}, "datetime": {"datetime": "2021-06-29 20:14:12", "elapsed": 33.298925, "delta": 1.95027}}
{"target": 0.002936428954540747, "params": {"0": 2.674463624604698, "1": 2.923635232519336, "2": 0.7535788639666547, "3": -1.5762547819993844, "4": 2.1858377689809148, "5": 0.6930769254110007, "6": 1.0301931395946227, "7": -2.634132819032457}, "datetime": {"datetime": "2021-06-29 20:14:14", "elapsed": 34.776016, "delta": 1.477091}}
{"target": 0.0036301829481053586, "params": {"0": 0.38870339806007603, "1": 1.8519048977060368, "2": 2.8425813500862063, "3": -2.4602357210095036, "4": -0.17028527422075124, "5": -1.1573937178013771, "6": -2.333005606528056, "7": 1.4879575382250145}, "datetime": {"datetime": "2021-06-29 20:14:16", "elapsed": 36.788126, "delta": 2.01211}}
{"target": 0.003104530925660722, "params": {"0": 1.8827401159152943, "1": 2.4723734082059616, "2": 1.0148990680406724, "3": 0.738309045148088, "4": -0.1665957568538019, "5": 1.8671432801333356, "6": 0.2696364995327185, "7": 2.425906591823521}, "datetime": {"datetime": "2021-06-29 20:14:18", "elapsed": 38.718452, "delta": 1.930326}}
{"target": 0.003685838454337086, "params": {"0": 2.008701918746304, "1": 2.0649254124048815, "2": 0.95701345807917, "3": 1.4092885417155703, "4": -0.6993108879927732, "5": 1.0090616855290184, "6": -0.9700226510697973, "7": -2.583463040321673}, "datetime": {"datetime": "2021-06-29 20:14:19", "elapsed": 40.467218, "delta": 1.748766}}
{"target": 0.003076462120888612, "params": {"0": 1.6101387062108588, "1": -1.813307634017106, "2": 1.5709555376166424, "3": 2.8238740598502057, "4": 0.16174491520886303, "5": -0.6582748904167315, "6": -1.7282223799730623, "7": 1.067753765896751}, "datetime": {"datetime": "2021-06-29 20:14:21", "elapsed": 42.155154, "delta": 1.687936}}
{"target": 0.003810798949805075, "params": {"0": 2.4957611418075647, "1": -1.2172617654695248, "2": 1.7554675560334063, "3": 1.0329869514599483, "4": -1.2424891954654034, "5": -2.7493718028240943, "6": 0.83202474914353, "7": -1.563764617654181}, "datetime": {"datetime": "2021-06-29 20:14:23", "elapsed": 44.14324, "delta": 1.988086}}
{"target": 0.00507105288741166, "params": {"0": -1.1377278392983592, "1": 2.5330600410208, "2": 1.5103699046618138, "3": -0.25979635335052764, "4": 1.8443665967918808, "5": 0.355347483993774, "6": -0.5730322711918028, "7": 1.2273224710937374}, "datetime": {"datetime": "2021-06-29 20:14:24", "elapsed": 45.378254, "delta": 1.235014}}
{"target": 0.004787697448448606, "params": {"0": 0.960495573440876, "1": -2.7609451686045756, "2": -1.6369030220272334, "3": -1.1105353417687804, "4": 1.1293882262959407, "5": -0.16053792161824454, "6": -2.9179868762623355, "7": -1.5040096415259698}, "datetime": {"datetime": "2021-06-29 20:14:25", "elapsed": 46.450337, "delta": 1.072083}}
{"target": 0.0028972413387147993, "params": {"0": 2.3448432261957812, "1": 1.8688258815042857, "2": 1.6153146911040537, "3": 2.249597503556652, "4": 1.885895371625625, "5": 1.2078931951448473, "6": -0.5150677596368771, "7": -1.6063826115606472}, "datetime": {"datetime": "2021-06-29 20:14:27", "elapsed": 47.734575, "delta": 1.284238}}
{"target": 0.003934851047572052, "params": {"0": -2.1671070184694585, "1": -1.0941217454395984, "2": 1.7590583358559542, "3": 2.440708737998947, "4": 2.689027631006282, "5": -1.4593867938243095, "6": 0.6413387677560847, "7": 2.3327852586820494}, "datetime": {"datetime": "2021-06-29 20:14:28", "elapsed": 49.112974, "delta": 1.378399}}
{"target": 0.0043681912104444305, "params": {"0": -0.21210785606126503, "1": 2.83197419377837, "2": -1.394495782496689, "3": 2.001072393038565, "4": 0.5279045083290606, "5": -0.08788822056439383, "6": -1.8986056676680156, "7": -0.6085449194610169}, "datetime": {"datetime": "2021-06-29 20:14:30", "elapsed": 50.858186, "delta": 1.745212}}
{"target": 0.00968751624070142, "params": {"0": 1.9635205515905705, "1": -2.2594812731235527, "2": -0.5677206133583965, "3": -0.8734396335101557, "4": 0.10722082550216827, "5": 2.956755418779826, "6": -1.8968775862738005, "7": -0.23163866720711335}, "datetime": {"datetime": "2021-06-29 20:14:32", "elapsed": 52.826961, "delta": 1.968775}}
{"target": 0.0033537550327536487, "params": {"0": 0.22205705102370832, "1": 2.8145332357879695, "2": 1.6605678593940993, "3": -0.00918266717117966, "4": -2.4896686879624497, "5": 2.9178350696510993, "6": -2.211333976407976, "7": -1.2648236309710652}, "datetime": {"datetime": "2021-06-29 20:14:33", "elapsed": 54.491429, "delta": 1.664468}}
