{"target": 0.0035865042897994764, "params": {"0": 0.2876199325190587, "1": 0.6493666585804339, "2": -0.872406837688017, "3": 0.844953590289788, "4": -1.7986110398352237, "5": 1.0953014478159178, "6": 0.8372726232401329, "7": 2.059775313724206}, "datetime": {"datetime": "2021-06-29 22:36:30", "elapsed": 8570.863502, "delta": 16.710404}}
{"target": 0.00369212511204369, "params": {"0": -2.740670761652771, "1": 1.3300893041080837, "2": -2.800478670771013, "3": -1.0894019030549889, "4": 0.15781942262729398, "5": -2.022070554000716, "6": 0.10525679534357923, "7": 1.129112140101542}, "datetime": {"datetime": "2021-06-29 22:36:46", "elapsed": 8587.527847, "delta": 16.664345}}
{"target": 0.0029173029266473115, "params": {"0": -1.8157974059212134, "1": 2.8466160185573663, "2": -0.1614993438087211, "3": 1.1506621664270344, "4": 1.9650639354992512, "5": -1.9789184970395033, "6": -2.2817143186693434, "7": -0.00870230543746775}, "datetime": {"datetime": "2021-06-29 22:37:11", "elapsed": 8611.920403, "delta": 24.392556}}
{"target": 0.0069617141275021485, "params": {"0": 0.6756876958004652, "1": -2.7141876803526905, "2": -0.5450557722540541, "3": -1.7682054956150854, "4": -1.1003705669724755, "5": -2.659603610095024, "6": -1.8513809445058127, "7": 1.347625168926859}, "datetime": {"datetime": "2021-06-29 22:37:31", "elapsed": 8632.57213, "delta": 20.651727}}
{"target": 0.0040166315800527356, "params": {"0": 1.9671960053600266, "1": 2.834316975593696, "2": -1.0847889701429827, "3": 1.1013614810827734, "4": -1.5075570374045706, "5": -1.7333540673859333, "6": 1.7991317405608207, "7": 2.5716683635951325}, "datetime": {"datetime": "2021-06-29 22:37:47", "elapsed": 8648.149276, "delta": 15.577146}}
{"target": 0.003083737410493908, "params": {"0": 0.07579528223615606, "1": 0.4851074594455502, "2": 2.8712726710255563, "3": -2.7830251739202017, "4": 0.2358962879969404, "5": -0.39003883941439366, "6": 1.990541465125749, "7": -2.479645085063728}, "datetime": {"datetime": "2021-06-29 22:38:06", "elapsed": 8666.889362, "delta": 18.740086}}
{"target": 0.0029892782699027106, "params": {"0": -2.110787350194789, "1": 0.9259334633022842, "2": 0.7636677765962956, "3": -2.3127443597561514, "4": -0.08206354531660054, "5": -0.18295144188695334, "6": 2.293613087485583, "7": 2.846948457768547}, "datetime": {"datetime": "2021-06-29 22:38:18", "elapsed": 8678.836882, "delta": 11.94752}}
{"target": 0.0034283898278901657, "params": {"0": 1.4005027586035528, "1": 0.01263819710898062, "2": 1.4495853578907427, "3": -1.772082193117189, "4": 1.8358253310293868, "5": 1.9547011359160145, "6": -0.3411858625257911, "7": -0.9480770787019424}, "datetime": {"datetime": "2021-06-29 22:38:33", "elapsed": 8694.19536, "delta": 15.358478}}
{"target": 0.003449937319342952, "params": {"0": -1.6820880255906219, "1": -0.047336907592368416, "2": -1.7185789063860504, "3": -1.2320923589153505, "4": 1.6805342976775552, "5": -1.1143889509357836, "6": 0.680884422628746, "7": -1.3787720957427552}, "datetime": {"datetime": "2021-06-29 22:38:56", "elapsed": 8716.765603, "delta": 22.570243}}
{"target": 0.010762524802981588, "params": {"0": -1.9281112196903463, "1": 0.5776615602943727, "2": -1.2987390069052913, "3": -0.18003666378090255, "4": 1.7772054256274492, "5": 1.1479709226738084, "6": 1.4112610810007489, "7": -2.8296358680673155}, "datetime": {"datetime": "2021-06-29 22:39:14", "elapsed": 8735.128614, "delta": 18.363011}}
{"target": 0.0033745010935281256, "params": {"0": 0.07825634444167306, "1": -1.9293998224432987, "2": 2.191610329780551, "3": 1.1265581919642935, "4": -2.915854802194924, "5": 0.5664692778034555, "6": -2.473491778832395, "7": -0.3464951183876308}, "datetime": {"datetime": "2021-06-29 22:39:41", "elapsed": 8761.775547, "delta": 26.646933}}
{"target": 0.0032839172735634266, "params": {"0": 2.494233176504606, "1": -1.012455067589554, "2": -0.7524632831648015, "3": -0.8954652439491184, "4": -0.33767013319386674, "5": 2.5874045254436915, "6": 1.975556931494669, "7": -1.1527688708083472}, "datetime": {"datetime": "2021-06-29 22:40:04", "elapsed": 8784.897238, "delta": 23.121691}}
{"target": 0.007544298600273524, "params": {"0": 2.7484689545487218, "1": 2.474395181377366, "2": 1.5170200560503044, "3": -0.6885797955393635, "4": -1.7797961028973652, "5": -1.3348105208222276, "6": 0.49470005462503597, "7": 0.6507728041734708}, "datetime": {"datetime": "2021-06-29 22:40:28", "elapsed": 8808.892136, "delta": 23.994898}}
{"target": 0.004514700912575281, "params": {"0": -1.4796436592078805, "1": -1.413084250157263, "2": -1.3936807605426385, "3": -2.337984106707896, "4": 1.8176342590359464, "5": 2.532219259207725, "6": -1.8473166122129083, "7": 2.825603632222011}, "datetime": {"datetime": "2021-06-29 22:40:57", "elapsed": 8838.625504, "delta": 29.733368}}
{"target": 0.012549016423153661, "params": {"0": -2.2819926351902864, "1": 1.0501891826976149, "2": -0.9366122660019429, "3": -1.290900410075861, "4": 1.064895185129286, "5": -1.4424398855368263, "6": 1.7900189385092276, "7": 1.6349377716925542}, "datetime": {"datetime": "2021-06-29 22:41:17", "elapsed": 8857.982531, "delta": 19.357027}}
{"target": 0.003249504627538526, "params": {"0": 2.8089889900527343, "1": -2.784274789998186, "2": -0.6667109999210821, "3": -2.387402548590217, "4": 2.6483981874308578, "5": -0.03664569750765079, "6": -0.2527358950201384, "7": -2.6750186735829584}, "datetime": {"datetime": "2021-06-29 22:41:30", "elapsed": 8871.42465, "delta": 13.442119}}
{"target": 0.0029862429104385987, "params": {"0": 1.9854689265642325, "1": 2.738609941340356, "2": -1.6646281902358528, "3": -2.1954499049768987, "4": 0.14026808085476716, "5": 0.5760587934885422, "6": -0.8381526644026924, "7": -2.4521273933905334}, "datetime": {"datetime": "2021-06-29 22:41:53", "elapsed": 8894.675982, "delta": 23.251332}}
{"target": 0.004093221011790137, "params": {"0": -0.35125926444721856, "1": 1.2743802430815263, "2": 2.4253907037371407, "3": 2.8261006043193477, "4": -0.7763176547669524, "5": -2.445001316427417, "6": -2.5796237139734712, "7": 0.2082488973531409}, "datetime": {"datetime": "2021-06-29 22:42:18", "elapsed": 8919.148263, "delta": 24.472281}}
{"target": 0.003046286796646338, "params": {"0": -2.736741634565955, "1": -0.5547973862439131, "2": 1.0159379224560343, "3": -1.808487486911538, "4": -1.0549507373523952, "5": 0.9598150295650894, "6": 0.3865299092681598, "7": -2.5559069724375947}, "datetime": {"datetime": "2021-06-29 22:42:38", "elapsed": 8938.939541, "delta": 19.791278}}
{"target": 0.002835137803246365, "params": {"0": -1.00079025805133, "1": 2.34523299285783, "2": -1.272586528577395, "3": 2.2004498127231376, "4": 2.7982296724050117, "5": -2.0652247140768782, "6": 2.3754422406101448, "7": -0.8084402088501745}, "datetime": {"datetime": "2021-06-29 22:42:54", "elapsed": 8955.632794, "delta": 16.693253}}
{"target": 0.004000923682536273, "params": {"0": -0.8159532051912759, "1": 0.9446820912614684, "2": -1.133366153983794, "3": -2.433700103361775, "4": -1.7861579509066985, "5": -2.452242990151606, "6": -2.5584334045373387, "7": -1.7578228062573862}, "datetime": {"datetime": "2021-06-29 22:43:14", "elapsed": 8974.975632, "delta": 19.342838}}
{"target": 0.0030030580405823832, "params": {"0": -2.490709262154639, "1": 2.32889919515536, "2": 1.7746248808153915, "3": -0.32738419854274525, "4": 1.9967512495083, "5": -1.7134699579191375, "6": -2.707845213901683, "7": -2.610116470631323}, "datetime": {"datetime": "2021-06-29 22:43:32", "elapsed": 8993.496341, "delta": 18.520709}}
{"target": 0.0029981098079432957, "params": {"0": 0.8546953785686586, "1": -0.041115244157828634, "2": -1.985089791946869, "3": 2.422659992158673, "4": 1.680254230046284, "5": 2.36050923331546, "6": 2.36168654509438, "7": -1.5799695681230055}, "datetime": {"datetime": "2021-06-29 22:43:44", "elapsed": 9004.888305, "delta": 11.391964}}
{"target": 0.0033443078947509447, "params": {"0": -0.7204578999642361, "1": 1.4148524746844142, "2": -1.2223171375439832, "3": -2.2410203107738798, "4": 2.7866090693836156, "5": 1.2674452895502277, "6": -1.215377505903851, "7": -2.778026515590187}, "datetime": {"datetime": "2021-06-29 22:44:02", "elapsed": 9023.524114, "delta": 18.635809}}
{"target": 0.0030187912308554735, "params": {"0": 2.059530229876553, "1": 2.0402296269605857, "2": 2.831408833095894, "3": 2.3654776520387406, "4": 1.2556053740418012, "5": 2.20841538882203, "6": -2.960595395660963, "7": -1.5875746528715236}, "datetime": {"datetime": "2021-06-29 22:44:26", "elapsed": 9046.830867, "delta": 23.306753}}
{"target": 0.0042463141896521015, "params": {"0": -2.1641566074530063, "1": -1.3125245280822926, "2": -1.5609195655889117, "3": -1.7518277207604054, "4": -0.059655094472507386, "5": 2.582462276193251, "6": -1.3099857320311792, "7": -1.3329873569426114}, "datetime": {"datetime": "2021-06-29 22:44:46", "elapsed": 9067.228474, "delta": 20.397607}}
{"target": 0.003294870848913649, "params": {"0": -2.9422402158644982, "1": 1.925185258873488, "2": 1.3144442683294386, "3": -2.092227142259733, "4": -2.314609176782138, "5": -0.5758954219330037, "6": -0.9917422848558353, "7": -2.9113138858836196}, "datetime": {"datetime": "2021-06-29 22:44:56", "elapsed": 9077.152753, "delta": 9.924279}}
{"target": 0.00367542646689047, "params": {"0": 0.9463374650021943, "1": -0.10105496872963471, "2": -0.855885352395628, "3": -1.30823368836523, "4": 0.8258038225083961, "5": -1.984941667627934, "6": -1.7560067301608258, "7": -1.9879743055870496}, "datetime": {"datetime": "2021-06-29 22:45:10", "elapsed": 9091.410837, "delta": 14.258084}}
{"target": 0.0032379323994072384, "params": {"0": 2.2567934506385123, "1": 2.8488417181053016, "2": -1.2994195721293107, "3": -1.1056030402042039, "4": 1.1811669464965036, "5": -1.37074150087267, "6": 1.4744174663229117, "7": 0.22311396286325502}, "datetime": {"datetime": "2021-06-29 22:45:30", "elapsed": 9111.217184, "delta": 19.806347}}
{"target": 0.0036704597822535597, "params": {"0": 0.31329070063895337, "1": -1.4133711757296976, "2": 2.5269818043789787, "3": -1.5725430308188568, "4": -0.6483606609845802, "5": 0.2018408871309436, "6": -0.7097464241437015, "7": 0.34273634789175134}, "datetime": {"datetime": "2021-06-29 22:45:54", "elapsed": 9135.036785, "delta": 23.819601}}
{"target": 0.012107132491850886, "params": {"0": -1.570857665192316, "1": -1.0394232317236323, "2": -2.202324033513127, "3": -1.1797626107244676, "4": 1.8594588719287177, "5": -1.868625136648141, "6": -2.926402216803938, "7": 0.036469046545997585}, "datetime": {"datetime": "2021-06-29 22:46:18", "elapsed": 9159.62056, "delta": 24.583775}}
{"target": 0.0033136935191173706, "params": {"0": 0.7949459298283585, "1": -2.571085707860716, "2": -0.727402875140168, "3": -0.7801048828843329, "4": -0.9266528792770616, "5": 0.24463630223726796, "6": -0.0497901893104693, "7": -1.5876202566145414}, "datetime": {"datetime": "2021-06-29 22:46:44", "elapsed": 9185.3719, "delta": 25.75134}}
{"target": 0.007055540027634032, "params": {"0": -0.24984355616209974, "1": -2.407179002763936, "2": 0.8126945216388957, "3": -2.6031545102215414, "4": -2.155841355239609, "5": -2.227393210132451, "6": 0.6930493776065036, "7": 1.887900116184154}, "datetime": {"datetime": "2021-06-29 22:47:47", "elapsed": 9248.349075, "delta": 62.977175}}
{"target": 0.005269705216033698, "params": {"0": -2.834609412164241, "1": -0.858476454886683, "2": 0.3859171646954227, "3": -1.0232063479315436, "4": -2.2820759558583266, "5": 1.7692482519717343, "6": 1.0166483714985874, "7": 0.16130036205428144}, "datetime": {"datetime": "2021-06-29 22:48:08", "elapsed": 9269.388272, "delta": 21.039197}}
{"target": 0.005423914136667783, "params": {"0": -2.1817189546627236, "1": 1.1863991821414634, "2": 0.6065589204269992, "3": 1.676776831513438, "4": -1.3305163897991419, "5": 1.9935691818155616, "6": -2.4710880327790274, "7": 0.15973813275983773}, "datetime": {"datetime": "2021-06-29 22:48:27", "elapsed": 9288.245083, "delta": 18.856811}}
{"target": 0.0030756735640936374, "params": {"0": 1.319871903082034, "1": 1.145283600606323, "2": -0.0932846503071918, "3": -0.8808047181032737, "4": 2.335367402120614, "5": 2.0059334772045307, "6": 0.4425223816553503, "7": -2.775465249281819}, "datetime": {"datetime": "2021-06-29 22:48:48", "elapsed": 9308.844287, "delta": 20.599204}}
{"target": 0.0029123966063708466, "params": {"0": 2.645392841542801, "1": 1.9230583878513814, "2": -2.184514112924579, "3": 2.6197130967294324, "4": 1.5667233156111644, "5": -0.0006777888368705298, "6": 1.0815704935356685, "7": 2.6359645322373764}, "datetime": {"datetime": "2021-06-29 22:49:15", "elapsed": 9335.797612, "delta": 26.953325}}
{"target": 0.004653116836586362, "params": {"0": 1.7150215282414312, "1": -1.3184557663781853, "2": -2.8452912388802893, "3": 2.2359017470452756, "4": 2.1073075132530112, "5": 0.30384176320413214, "6": -2.743528955503641, "7": 0.5087765769244532}, "datetime": {"datetime": "2021-06-29 22:49:45", "elapsed": 9366.323559, "delta": 30.525947}}
{"target": 0.015184038202767805, "params": {"0": 0.5365694336828968, "1": -2.4305978316013146, "2": -0.32060200425700547, "3": -2.3398855752059777, "4": -0.09922469126282873, "5": -2.6089006655319333, "6": -0.6319437911163055, "7": 1.9814189289083997}, "datetime": {"datetime": "2021-06-29 22:50:12", "elapsed": 9393.041443, "delta": 26.717884}}
{"target": 0.00292023349957835, "params": {"0": -1.7311680300453696, "1": -2.489635870096764, "2": 1.5434330734457138, "3": 2.648722049913898, "4": 2.3787888543465465, "5": -0.5637379026156815, "6": 0.3524711253212711, "7": -0.2670138209525188}, "datetime": {"datetime": "2021-06-29 22:50:27", "elapsed": 9408.572703, "delta": 15.53126}}
{"target": 0.008624879065644919, "params": {"0": 0.020162371985320338, "1": 0.20114272753901652, "2": 1.596562249209013, "3": 2.339701490208821, "4": -2.878267166301638, "5": -1.2873096075195773, "6": 2.8050346440805836, "7": -2.4465275828736135}, "datetime": {"datetime": "2021-06-29 22:50:45", "elapsed": 9425.965822, "delta": 17.393119}}
{"target": 0.007779693420939312, "params": {"0": 1.751775023751688, "1": 2.142281653119248, "2": 1.406305994476961, "3": -2.4049964548515073, "4": 0.13390402545092606, "5": 0.08830856107809737, "6": -0.8009615271794619, "7": -0.48476259990603543}, "datetime": {"datetime": "2021-06-29 22:51:00", "elapsed": 9441.180725, "delta": 15.214903}}
{"target": 0.0035710523138107256, "params": {"0": -2.0188916875075886, "1": 1.8148514175874286, "2": 2.5427850056614734, "3": 0.5206700457296005, "4": -1.4549000340269809, "5": -2.315981366950524, "6": 1.25122799309643, "7": 0.3097581197085679}, "datetime": {"datetime": "2021-06-29 22:51:18", "elapsed": 9459.601088, "delta": 18.420363}}
{"target": 0.003228325924587676, "params": {"0": 1.3775397855063964, "1": 2.1944006128113696, "2": -1.8807831711648513, "3": -1.8406711080943086, "4": -1.3927891972633746, "5": 2.6187702346532262, "6": 0.4940409416756282, "7": -2.2523852417578993}, "datetime": {"datetime": "2021-06-29 22:51:38", "elapsed": 9478.820199, "delta": 19.219111}}
{"target": 0.0030074745290945043, "params": {"0": -1.3880881552702653, "1": -0.6710617441191253, "2": 1.7232347501752328, "3": 2.3363950239087954, "4": 2.362206928805964, "5": -2.315316766684015, "6": 0.47714817203440596, "7": -2.0719848217153944}, "datetime": {"datetime": "2021-06-29 22:51:51", "elapsed": 9492.375341, "delta": 13.555142}}
{"target": 0.0034288177883772027, "params": {"0": 0.9170219919340443, "1": 1.7531209035481332, "2": 1.2038556565034142, "3": -1.415434318644828, "4": -0.5349843876766185, "5": 2.8199497358033225, "6": 0.7849883190445777, "7": -2.635788342408751}, "datetime": {"datetime": "2021-06-29 22:52:14", "elapsed": 9515.262547, "delta": 22.887206}}
{"target": 0.002972056129586249, "params": {"0": -2.4071480998357604, "1": 1.5090221832327568, "2": 0.8457210001647772, "3": -2.376805022798487, "4": 1.9671134260269696, "5": -2.0385298407675956, "6": 0.7467716399121103, "7": 0.8781016284266263}, "datetime": {"datetime": "2021-06-29 22:52:34", "elapsed": 9535.094244, "delta": 19.831697}}
{"target": 0.006137274389149425, "params": {"0": -2.257404304591933, "1": 0.4948064277084283, "2": 0.9767935445573332, "3": 1.1986458833674343, "4": -1.6052534780010639, "5": 1.7428528280162716, "6": 0.07631239821790992, "7": -1.07438366649036}, "datetime": {"datetime": "2021-06-29 22:52:47", "elapsed": 9547.757745, "delta": 12.663501}}
{"target": 0.008712052583920389, "params": {"0": 1.0982117006537884, "1": 1.4235003643582242, "2": 1.8669832802084878, "3": -1.0207114375130395, "4": -1.3609244335765114, "5": -0.8798811159057092, "6": -0.27988837092703367, "7": 1.8502851130663842}, "datetime": {"datetime": "2021-06-29 22:53:05", "elapsed": 9566.325689, "delta": 18.567944}}
{"target": 0.005199208668333918, "params": {"0": 1.1092676529161238, "1": -2.0806612607379997, "2": 1.9783819341768618, "3": 2.830069724178883, "4": -2.2187439298042673, "5": 1.8058656432217548, "6": 1.1454116840073185, "7": -1.7916489701178406}, "datetime": {"datetime": "2021-06-29 22:53:22", "elapsed": 9583.067192, "delta": 16.741503}}
{"target": 0.003527837495885285, "params": {"0": -0.45948750010485506, "1": 0.52125638513039, "2": -2.580902822122797, "3": -1.1578628256328405, "4": 1.410274786964739, "5": -1.0680566409805294, "6": 0.5112163182706642, "7": -1.3606688352622183}, "datetime": {"datetime": "2021-06-29 22:53:59", "elapsed": 9619.848231, "delta": 36.781039}}
{"target": 0.004068864779087644, "params": {"0": -0.6052571661455692, "1": -1.235670587652824, "2": -0.22896339197425775, "3": -0.2918007846964974, "4": -2.540101986952098, "5": 0.3124097788057294, "6": 0.09070234059484061, "7": 2.3849724067648914}, "datetime": {"datetime": "2021-06-29 22:54:11", "elapsed": 9632.502605, "delta": 12.654374}}
{"target": 0.003034665978584705, "params": {"0": -1.9606102952819062, "1": -2.157543052022292, "2": -0.20906794907281068, "3": -2.7026852665211605, "4": -1.176766184326417, "5": 0.20835291854821225, "6": 1.1617268497044035, "7": 2.508696722388672}, "datetime": {"datetime": "2021-06-29 22:54:24", "elapsed": 9644.822724, "delta": 12.320119}}
{"target": 0.004091486649268362, "params": {"0": 1.4581252287013315, "1": -1.7964712727533672, "2": 1.9323723643400363, "3": -0.8973428826532377, "4": 0.4502219463700978, "5": -2.6270047075381884, "6": 0.7344496525412598, "7": -0.272776485208305}, "datetime": {"datetime": "2021-06-29 22:54:36", "elapsed": 9657.56887, "delta": 12.746146}}
{"target": 0.005230574167988996, "params": {"0": -1.2759536209345685, "1": -1.6899406762580949, "2": 2.1354222951707955, "3": 1.1597246135341681, "4": 2.2074087688377144, "5": 0.23767696885107803, "6": 1.8297253321729414, "7": 2.06624483617534}, "datetime": {"datetime": "2021-06-29 22:54:54", "elapsed": 9674.902373, "delta": 17.333503}}
{"target": 0.0034912332083937665, "params": {"0": 0.12452641660436958, "1": -1.6109667277708546, "2": -2.3298248482954924, "3": -0.7172037331114538, "4": -1.5523013365298097, "5": -0.21936832629865055, "6": -2.8035092373414408, "7": -1.0432443788554275}, "datetime": {"datetime": "2021-06-29 22:55:11", "elapsed": 9692.462078, "delta": 17.559705}}
{"target": 0.022516666673811275, "params": {"0": 2.854258817625688, "1": -1.1626468241644123, "2": 1.0316274193168695, "3": -2.9351671232961927, "4": -2.52226465554593, "5": -2.1765767357992205, "6": 1.1130754954852744, "7": -2.265827208517318}, "datetime": {"datetime": "2021-06-29 22:55:28", "elapsed": 9709.110809, "delta": 16.648731}}
{"target": 0.0038071676634935927, "params": {"0": 1.5369157606934039, "1": -1.9674255927769329, "2": -0.4836196459471367, "3": -1.2097095157106115, "4": -1.2505479963576858, "5": -2.639866333923238, "6": -0.36399243721881636, "7": -2.5521952047061625}, "datetime": {"datetime": "2021-06-29 22:55:48", "elapsed": 9728.756653, "delta": 19.645844}}
{"target": 0.003449662763835273, "params": {"0": -1.1197077618190288, "1": 1.9800472015225594, "2": -2.7236113976240555, "3": 2.258837482738631, "4": -0.554602958710916, "5": -2.1390989011545622, "6": -1.0001939638988941, "7": -1.8136482718752571}, "datetime": {"datetime": "2021-06-29 22:56:18", "elapsed": 9758.906165, "delta": 30.149512}}
{"target": 0.003608907392225839, "params": {"0": 2.9565413620141117, "1": 0.10341284284145891, "2": -2.137385844922635, "3": 2.9636247450318285, "4": 2.9395869425326273, "5": 0.9918835095460992, "6": 2.5402997201389894, "7": -2.4838718494360337}, "datetime": {"datetime": "2021-06-29 22:56:40", "elapsed": 9781.076357, "delta": 22.170192}}
{"target": 0.0030851353323406495, "params": {"0": 2.81313837982798, "1": 2.7923431455027616, "2": 1.4107779704141423, "3": 1.4097202726008025, "4": -2.4864202057521414, "5": 2.4420849743875994, "6": 1.4504061294606494, "7": -0.7441228637925974}, "datetime": {"datetime": "2021-06-29 22:56:58", "elapsed": 9799.010709, "delta": 17.934352}}
{"target": 0.0029249341198746516, "params": {"0": -0.24905775237948857, "1": -2.115869839703883, "2": 2.6571953278709124, "3": 0.95914086661847, "4": 1.7215976248501805, "5": 1.732141454889244, "6": 2.2117805477988792, "7": -1.1671302948695796}, "datetime": {"datetime": "2021-06-29 22:58:09", "elapsed": 9869.853777, "delta": 70.843068}}
{"target": 0.01489411165090589, "params": {"0": 0.4940084787695507, "1": -0.39691052236761504, "2": -1.8905530348538462, "3": -0.3769606262568286, "4": -0.8230062226706827, "5": 2.7409985657353824, "6": -0.15096531794740553, "7": 1.1157006176474322}, "datetime": {"datetime": "2021-06-29 22:58:36", "elapsed": 9897.097637, "delta": 27.24386}}
{"target": 0.0031374619871498794, "params": {"0": 1.5584462901491838, "1": 2.4706672673122663, "2": 0.3645211275954754, "3": 2.5146511718837594, "4": -2.7342299502945373, "5": 2.4021484114427416, "6": -1.7660459724954152, "7": 2.8076613023497927}, "datetime": {"datetime": "2021-06-29 22:58:52", "elapsed": 9912.853786, "delta": 15.756149}}
