{"target": 0.0037549545077898315, "params": {"0": 0.2876199325190587, "1": 0.6493666585804339, "2": -0.872406837688017, "3": 0.844953590289788, "4": -1.7986110398352237, "5": 1.0953014478159178, "6": 0.8372726232401329, "7": 2.059775313724206}, "datetime": {"datetime": "2021-06-29 22:27:59", "elapsed": 8060.526895, "delta": 23.33194}}
{"target": 0.00413258265859875, "params": {"0": -2.740670761652771, "1": 1.3300893041080837, "2": -2.800478670771013, "3": -1.0894019030549889, "4": 0.15781942262729398, "5": -2.022070554000716, "6": 0.10525679534357923, "7": 1.129112140101542}, "datetime": {"datetime": "2021-06-29 22:28:25", "elapsed": 8086.830323, "delta": 26.303428}}
{"target": 0.0029582133799175626, "params": {"0": -1.8157974059212134, "1": 2.8466160185573663, "2": -0.1614993438087211, "3": 1.1506621664270344, "4": 1.9650639354992512, "5": -1.9789184970395033, "6": -2.2817143186693434, "7": -0.00870230543746775}, "datetime": {"datetime": "2021-06-29 22:28:48", "elapsed": 8109.29164, "delta": 22.461317}}
{"target": 0.010397991699275558, "params": {"0": -1.4454291058766795, "1": -2.6906257643052447, "2": 1.9053058249578916, "3": 0.41628437965916376, "4": -1.5078051730061952, "5": 2.006951918776565, "6": -0.6199623306738049, "7": -0.7249751008708176}, "datetime": {"datetime": "2021-06-29 22:29:22", "elapsed": 8143.960434, "delta": 34.668794}}
{"target": 0.005178141379672226, "params": {"0": 1.9671960053600266, "1": 2.834316975593696, "2": -1.0847889701429827, "3": 1.1013614810827734, "4": -1.5075570374045706, "5": -1.7333540673859333, "6": 1.7991317405608207, "7": 2.5716683635951325}, "datetime": {"datetime": "2021-06-29 22:29:39", "elapsed": 8160.201592, "delta": 16.241158}}
{"target": 0.003427588478471946, "params": {"0": 0.07579528223615606, "1": 0.4851074594455502, "2": 2.8712726710255563, "3": -2.7830251739202017, "4": 0.2358962879969404, "5": -0.39003883941439366, "6": 1.990541465125749, "7": -2.479645085063728}, "datetime": {"datetime": "2021-06-29 22:29:54", "elapsed": 8175.624505, "delta": 15.422913}}
{"target": 0.003081811329674464, "params": {"0": -2.110787350194789, "1": 0.9259334633022842, "2": 0.7636677765962956, "3": -2.3127443597561514, "4": -0.08206354531660054, "5": -0.18295144188695334, "6": 2.293613087485583, "7": 2.846948457768547}, "datetime": {"datetime": "2021-06-29 22:30:07", "elapsed": 8188.380232, "delta": 12.755727}}
{"target": 0.003911020877242086, "params": {"0": 1.4005027586035528, "1": 0.01263819710898062, "2": 1.4495853578907427, "3": -1.772082193117189, "4": 1.8358253310293868, "5": 1.9547011359160145, "6": -0.3411858625257911, "7": -0.9480770787019424}, "datetime": {"datetime": "2021-06-29 22:30:28", "elapsed": 8209.226858, "delta": 20.846626}}
{"target": 0.003781302730870637, "params": {"0": -2.5303725042946272, "1": -0.09673609118642368, "2": 1.346777646432777, "3": 0.4903355521075725, "4": -0.7398140066195102, "5": 2.8323649519039336, "6": 2.41987899173, "7": -2.4412717984883807}, "datetime": {"datetime": "2021-06-29 22:31:09", "elapsed": 8250.133174, "delta": 40.906316}}
{"target": 0.01258142785693866, "params": {"0": -1.9281112196903463, "1": 0.5776615602943727, "2": -1.2987390069052913, "3": -0.18003666378090255, "4": 1.7772054256274492, "5": 1.1479709226738084, "6": 1.4112610810007489, "7": -2.8296358680673155}, "datetime": {"datetime": "2021-06-29 22:31:31", "elapsed": 8272.984857, "delta": 22.851683}}
{"target": 0.003467282093302348, "params": {"0": 0.2599517188878959, "1": 1.4213928033949967, "2": -1.622184354160496, "3": -2.4699203604191258, "4": -0.5354535453868383, "5": 1.2240325770176232, "6": 1.3107931293070907, "7": 1.4931918338134942}, "datetime": {"datetime": "2021-06-29 22:32:31", "elapsed": 8332.429018, "delta": 59.444161}}
{"target": 0.0036994664141211846, "params": {"0": 2.494233176504606, "1": -1.012455067589554, "2": -0.7524632831648015, "3": -0.8954652439491184, "4": -0.33767013319386674, "5": 2.5874045254436915, "6": 1.975556931494669, "7": -1.1527688708083472}, "datetime": {"datetime": "2021-06-29 22:32:56", "elapsed": 8357.672828, "delta": 25.24381}}
{"target": 0.006140612253867662, "params": {"0": -0.49449696677294996, "1": -1.239409329211466, "2": 1.6628110360798027, "3": -1.8364963276661885, "4": -1.0471518308571142, "5": -0.4551517640129372, "6": 1.6496864490820977, "7": -1.4935746993389352}, "datetime": {"datetime": "2021-06-29 22:33:27", "elapsed": 8388.943921, "delta": 31.271093}}
{"target": 0.003527282728317132, "params": {"0": 0.7791764901903657, "1": -0.6717440978225109, "2": 0.5436158805808837, "3": 0.17610871193713695, "4": 1.035491465686082, "5": -2.657449438918385, "6": 0.20403908148100847, "7": 1.1721480659275905}, "datetime": {"datetime": "2021-06-29 22:34:05", "elapsed": 8426.616624, "delta": 37.672703}}
{"target": 0.012662639639829769, "params": {"0": -2.2819926351902864, "1": 1.0501891826976149, "2": -0.9366122660019429, "3": -1.290900410075861, "4": 1.064895185129286, "5": -1.4424398855368263, "6": 1.7900189385092276, "7": 1.6349377716925542}, "datetime": {"datetime": "2021-06-29 22:34:23", "elapsed": 8445.006495, "delta": 18.389871}}
{"target": 0.004308040355021184, "params": {"0": 2.8089889900527343, "1": -2.784274789998186, "2": -0.6667109999210821, "3": -2.387402548590217, "4": 2.6483981874308578, "5": -0.03664569750765079, "6": -0.2527358950201384, "7": -2.6750186735829584}, "datetime": {"datetime": "2021-06-29 22:34:39", "elapsed": 8460.635003, "delta": 15.628508}}
{"target": 0.003217590301094634, "params": {"0": 1.9854689265642325, "1": 2.738609941340356, "2": -1.6646281902358528, "3": -2.1954499049768987, "4": 0.14026808085476716, "5": 0.5760587934885422, "6": -0.8381526644026924, "7": -2.4521273933905334}, "datetime": {"datetime": "2021-06-29 22:35:03", "elapsed": 8484.242645, "delta": 23.607642}}
{"target": 0.02486024075781292, "params": {"0": -0.35125926444721856, "1": 1.2743802430815263, "2": 2.4253907037371407, "3": 2.8261006043193477, "4": -0.7763176547669524, "5": -2.445001316427417, "6": -2.5796237139734712, "7": 0.2082488973531409}, "datetime": {"datetime": "2021-06-29 22:35:22", "elapsed": 8503.568241, "delta": 19.325596}}
{"target": 0.0032218974744856006, "params": {"0": -2.736741634565955, "1": -0.5547973862439131, "2": 1.0159379224560343, "3": -1.808487486911538, "4": -1.0549507373523952, "5": 0.9598150295650894, "6": 0.3865299092681598, "7": -2.5559069724375947}, "datetime": {"datetime": "2021-06-29 22:35:37", "elapsed": 8518.21237, "delta": 14.644129}}
{"target": 0.0029158592154619003, "params": {"0": -1.00079025805133, "1": 2.34523299285783, "2": -1.272586528577395, "3": 2.2004498127231376, "4": 2.7982296724050117, "5": -2.0652247140768782, "6": 2.3754422406101448, "7": -0.8084402088501745}, "datetime": {"datetime": "2021-06-29 22:36:01", "elapsed": 8542.863829, "delta": 24.651459}}
{"target": 0.004728989404812488, "params": {"0": -0.8159532051912759, "1": 0.9446820912614684, "2": -1.133366153983794, "3": -2.433700103361775, "4": -1.7861579509066985, "5": -2.452242990151606, "6": -2.5584334045373387, "7": -1.7578228062573862}, "datetime": {"datetime": "2021-06-29 22:36:21", "elapsed": 8562.840526, "delta": 19.976697}}
{"target": 0.0030542825110171667, "params": {"0": -2.490709262154639, "1": 2.32889919515536, "2": 1.7746248808153915, "3": -0.32738419854274525, "4": 1.9967512495083, "5": -1.7134699579191375, "6": -2.707845213901683, "7": -2.610116470631323}, "datetime": {"datetime": "2021-06-29 22:36:50", "elapsed": 8591.440405, "delta": 28.599879}}
{"target": 0.003110145008510226, "params": {"0": 0.8546953785686586, "1": -0.041115244157828634, "2": -1.985089791946869, "3": 2.422659992158673, "4": 1.680254230046284, "5": 2.36050923331546, "6": 2.36168654509438, "7": -1.5799695681230055}, "datetime": {"datetime": "2021-06-29 22:37:09", "elapsed": 8611.026632, "delta": 19.586227}}
{"target": 0.0037028777417245796, "params": {"0": -0.7204578999642361, "1": 1.4148524746844142, "2": -1.2223171375439832, "3": -2.2410203107738798, "4": 2.7866090693836156, "5": 1.2674452895502277, "6": -1.215377505903851, "7": -2.778026515590187}, "datetime": {"datetime": "2021-06-29 22:37:28", "elapsed": 8629.765908, "delta": 18.739276}}
{"target": 0.0031322536041764, "params": {"0": 2.059530229876553, "1": 2.0402296269605857, "2": 2.831408833095894, "3": 2.3654776520387406, "4": 1.2556053740418012, "5": 2.20841538882203, "6": -2.960595395660963, "7": -1.5875746528715236}, "datetime": {"datetime": "2021-06-29 22:37:46", "elapsed": 8647.228117, "delta": 17.462209}}
{"target": 0.004657866997976555, "params": {"0": -2.1641566074530063, "1": -1.3125245280822926, "2": -1.5609195655889117, "3": -1.7518277207604054, "4": -0.059655094472507386, "5": 2.582462276193251, "6": -1.3099857320311792, "7": -1.3329873569426114}, "datetime": {"datetime": "2021-06-29 22:38:08", "elapsed": 8669.5987, "delta": 22.370583}}
{"target": 0.004256454362417651, "params": {"0": -2.9422402158644982, "1": 1.925185258873488, "2": 1.3144442683294386, "3": -2.092227142259733, "4": -2.314609176782138, "5": -0.5758954219330037, "6": -0.9917422848558353, "7": -2.9113138858836196}, "datetime": {"datetime": "2021-06-29 22:38:31", "elapsed": 8692.617253, "delta": 23.018553}}
{"target": 0.020723375747349563, "params": {"0": 0.9463374650021943, "1": -0.10105496872963471, "2": -0.855885352395628, "3": -1.30823368836523, "4": 0.8258038225083961, "5": -1.984941667627934, "6": -1.7560067301608258, "7": -1.9879743055870496}, "datetime": {"datetime": "2021-06-29 22:38:52", "elapsed": 8713.460621, "delta": 20.843368}}
{"target": 0.004149350824203313, "params": {"0": 2.2567934506385123, "1": 2.8488417181053016, "2": -1.2994195721293107, "3": -1.1056030402042039, "4": 1.1811669464965036, "5": -1.37074150087267, "6": 1.4744174663229117, "7": 0.22311396286325502}, "datetime": {"datetime": "2021-06-29 22:39:06", "elapsed": 8727.987028, "delta": 14.526407}}
{"target": 0.004509770332935063, "params": {"0": 0.31329070063895337, "1": -1.4133711757296976, "2": 2.5269818043789787, "3": -1.5725430308188568, "4": -0.6483606609845802, "5": 0.2018408871309436, "6": -0.7097464241437015, "7": 0.34273634789175134}, "datetime": {"datetime": "2021-06-29 22:39:29", "elapsed": 8750.409285, "delta": 22.422257}}
{"target": 0.0030654092690280393, "params": {"0": 1.0117579469347593, "1": -1.8583833971214025, "2": 0.9915540673569923, "3": -2.17690505642686, "4": 2.130093480671057, "5": 1.0568982318598064, "6": -1.4311482329121132, "7": 1.4513825378203862}, "datetime": {"datetime": "2021-06-29 22:40:08", "elapsed": 8789.585886, "delta": 39.176601}}
{"target": 0.0038683027958048453, "params": {"0": -1.666738395911021, "1": -2.7421087981707855, "2": -0.6968545008513871, "3": -2.3321811800048664, "4": 2.152414135398227, "5": -1.2571614536512872, "6": 0.699232156814527, "7": 2.787760641099158}, "datetime": {"datetime": "2021-06-29 22:40:58", "elapsed": 8839.907269, "delta": 50.321383}}
{"target": 0.005049709925235727, "params": {"0": -0.24984355616209974, "1": -2.407179002763936, "2": 0.8126945216388957, "3": -2.6031545102215414, "4": -2.155841355239609, "5": -2.227393210132451, "6": 0.6930493776065036, "7": 1.887900116184154}, "datetime": {"datetime": "2021-06-29 22:41:16", "elapsed": 8857.234484, "delta": 17.327215}}
{"target": 0.0059369004856324155, "params": {"0": -2.834609412164241, "1": -0.858476454886683, "2": 0.3859171646954227, "3": -1.0232063479315436, "4": -2.2820759558583266, "5": 1.7692482519717343, "6": 1.0166483714985874, "7": 0.16130036205428144}, "datetime": {"datetime": "2021-06-29 22:41:41", "elapsed": 8882.841825, "delta": 25.607341}}
{"target": 0.0032444131401906822, "params": {"0": -1.7947285884190922, "1": -1.7815167039474469, "2": 0.9051822771494171, "3": -1.5010862342282094, "4": -0.6906582786487396, "5": 2.816488008268827, "6": 0.17499684107661828, "7": 0.7407545377898517}, "datetime": {"datetime": "2021-06-29 22:42:31", "elapsed": 8932.778951, "delta": 49.937126}}
{"target": 0.0031893055430534077, "params": {"0": 1.319871903082034, "1": 1.145283600606323, "2": -0.0932846503071918, "3": -0.8808047181032737, "4": 2.335367402120614, "5": 2.0059334772045307, "6": 0.4425223816553503, "7": -2.775465249281819}, "datetime": {"datetime": "2021-06-29 22:42:47", "elapsed": 8949.002039, "delta": 16.223088}}
{"target": 0.003069166443322043, "params": {"0": 2.645392841542801, "1": 1.9230583878513814, "2": -2.184514112924579, "3": 2.6197130967294324, "4": 1.5667233156111644, "5": -0.0006777888368705298, "6": 1.0815704935356685, "7": 2.6359645322373764}, "datetime": {"datetime": "2021-06-29 22:43:08", "elapsed": 8969.273613, "delta": 20.271574}}
{"target": 0.00504929117070291, "params": {"0": 1.7150215282414312, "1": -1.3184557663781853, "2": -2.8452912388802893, "3": 2.2359017470452756, "4": 2.1073075132530112, "5": 0.30384176320413214, "6": -2.743528955503641, "7": 0.5087765769244532}, "datetime": {"datetime": "2021-06-29 22:43:33", "elapsed": 8994.073767, "delta": 24.800154}}
{"target": 0.0031253297952348697, "params": {"0": 1.1325145663680685, "1": 1.911827103617589, "2": 0.36380566124174996, "3": 2.078410039519044, "4": 0.8557439319390427, "5": -0.030303907295870403, "6": -1.6525164237421968, "7": -0.0814001011396579}, "datetime": {"datetime": "2021-06-29 22:44:12", "elapsed": 9033.894688, "delta": 39.820921}}
{"target": 0.002994580690564057, "params": {"0": -1.7311680300453696, "1": -2.489635870096764, "2": 1.5434330734457138, "3": 2.648722049913898, "4": 2.3787888543465465, "5": -0.5637379026156815, "6": 0.3524711253212711, "7": -0.2670138209525188}, "datetime": {"datetime": "2021-06-29 22:44:42", "elapsed": 9063.668472, "delta": 29.773784}}
{"target": 0.0497470780964644, "params": {"0": 0.020162371985320338, "1": 0.20114272753901652, "2": 1.596562249209013, "3": 2.339701490208821, "4": -2.878267166301638, "5": -1.2873096075195773, "6": 2.8050346440805836, "7": -2.4465275828736135}, "datetime": {"datetime": "2021-06-29 22:45:09", "elapsed": 9090.412432, "delta": 26.74396}}
{"target": 0.419247413860299, "params": {"0": 1.751775023751688, "1": 2.142281653119248, "2": 1.406305994476961, "3": -2.4049964548515073, "4": 0.13390402545092606, "5": 0.08830856107809737, "6": -0.8009615271794619, "7": -0.48476259990603543}, "datetime": {"datetime": "2021-06-29 22:45:37", "elapsed": 9118.655856, "delta": 28.243424}}
{"target": 0.003304500122118919, "params": {"0": -1.3488335177921218, "1": -2.4292384847311057, "2": -2.723356761049353, "3": -1.7094589020795767, "4": 0.9469068515366628, "5": 0.4467712079366928, "6": -2.8826349050876745, "7": -1.8757973002199997}, "datetime": {"datetime": "2021-06-29 22:45:55", "elapsed": 9136.760575, "delta": 18.104719}}
{"target": 0.0037865691749564955, "params": {"0": 1.3775397855063964, "1": 2.1944006128113696, "2": -1.8807831711648513, "3": -1.8406711080943086, "4": -1.3927891972633746, "5": 2.6187702346532262, "6": 0.4940409416756282, "7": -2.2523852417578993}, "datetime": {"datetime": "2021-06-29 22:46:22", "elapsed": 9163.494233, "delta": 26.733658}}
{"target": 0.0031973080389091405, "params": {"0": -1.3880881552702653, "1": -0.6710617441191253, "2": 1.7232347501752328, "3": 2.3363950239087954, "4": 2.362206928805964, "5": -2.315316766684015, "6": 0.47714817203440596, "7": -2.0719848217153944}, "datetime": {"datetime": "2021-06-29 22:46:46", "elapsed": 9187.314437, "delta": 23.820204}}
{"target": 0.0034785876765743074, "params": {"0": 0.9170219919340443, "1": 1.7531209035481332, "2": 1.2038556565034142, "3": -1.415434318644828, "4": -0.5349843876766185, "5": 2.8199497358033225, "6": 0.7849883190445777, "7": -2.635788342408751}, "datetime": {"datetime": "2021-06-29 22:47:04", "elapsed": 9205.351394, "delta": 18.036957}}
{"target": 0.004095956684914539, "params": {"0": 2.09096271657555, "1": -1.4969642650294963, "2": -1.4394726902609891, "3": -2.2366054557960533, "4": -2.546460850712732, "5": -1.4384927380140609, "6": 2.3748044547242415, "7": 0.25248430113334575}, "datetime": {"datetime": "2021-06-29 22:47:27", "elapsed": 9228.605005, "delta": 23.253611}}
{"target": 0.006634978707667271, "params": {"0": -2.257404304591933, "1": 0.4948064277084283, "2": 0.9767935445573332, "3": 1.1986458833674343, "4": -1.6052534780010639, "5": 1.7428528280162716, "6": 0.07631239821790992, "7": -1.07438366649036}, "datetime": {"datetime": "2021-06-29 22:47:45", "elapsed": 9246.695289, "delta": 18.090284}}
{"target": 0.003088176765368413, "params": {"0": -2.6082782337686905, "1": -1.8586868489948023, "2": -1.7530212154348797, "3": 1.7535686964525201, "4": 2.454772029633899, "5": -1.8692282532158242, "6": 0.8299076326156101, "7": 0.41860560547056735}, "datetime": {"datetime": "2021-06-29 22:48:24", "elapsed": 9285.605903, "delta": 38.910614}}
{"target": 0.0058246103318356345, "params": {"0": 1.1092676529161238, "1": -2.0806612607379997, "2": 1.9783819341768618, "3": 2.830069724178883, "4": -2.2187439298042673, "5": 1.8058656432217548, "6": 1.1454116840073185, "7": -1.7916489701178406}, "datetime": {"datetime": "2021-06-29 22:48:45", "elapsed": 9306.530208, "delta": 20.924305}}
{"target": 0.17053571802595813, "params": {"0": 2.1103967068594276, "1": -0.6511498648925951, "2": 0.1330026792920629, "3": -1.2221616275719696, "4": -1.173276516527075, "5": -0.8612623894177087, "6": 2.288891988578314, "7": -0.3933548322312985}, "datetime": {"datetime": "2021-06-29 22:49:03", "elapsed": 9324.235144, "delta": 17.704936}}
{"target": 0.007853300087653815, "params": {"0": -0.6052571661455692, "1": -1.235670587652824, "2": -0.22896339197425775, "3": -0.2918007846964974, "4": -2.540101986952098, "5": 0.3124097788057294, "6": 0.09070234059484061, "7": 2.3849724067648914}, "datetime": {"datetime": "2021-06-29 22:49:19", "elapsed": 9340.399569, "delta": 16.164425}}
{"target": 0.0031760885202506304, "params": {"0": -1.9606102952819062, "1": -2.157543052022292, "2": -0.20906794907281068, "3": -2.7026852665211605, "4": -1.176766184326417, "5": 0.20835291854821225, "6": 1.1617268497044035, "7": 2.508696722388672}, "datetime": {"datetime": "2021-06-29 22:49:42", "elapsed": 9363.572949, "delta": 23.17338}}
{"target": 0.01117257190892957, "params": {"0": 1.4581252287013315, "1": -1.7964712727533672, "2": 1.9323723643400363, "3": -0.8973428826532377, "4": 0.4502219463700978, "5": -2.6270047075381884, "6": 0.7344496525412598, "7": -0.272776485208305}, "datetime": {"datetime": "2021-06-29 22:49:56", "elapsed": 9377.49493, "delta": 13.921981}}
{"target": 0.005503473528921476, "params": {"0": -1.2759536209345685, "1": -1.6899406762580949, "2": 2.1354222951707955, "3": 1.1597246135341681, "4": 2.2074087688377144, "5": 0.23767696885107803, "6": 1.8297253321729414, "7": 2.06624483617534}, "datetime": {"datetime": "2021-06-29 22:50:13", "elapsed": 9394.87547, "delta": 17.38054}}
{"target": 0.004247147391216636, "params": {"0": 0.12452641660436958, "1": -1.6109667277708546, "2": -2.3298248482954924, "3": -0.7172037331114538, "4": -1.5523013365298097, "5": -0.21936832629865055, "6": -2.8035092373414408, "7": -1.0432443788554275}, "datetime": {"datetime": "2021-06-29 22:50:32", "elapsed": 9413.19854, "delta": 18.32307}}
{"target": 0.004959851768851984, "params": {"0": 2.854258817625688, "1": -1.1626468241644123, "2": 1.0316274193168695, "3": -2.9351671232961927, "4": -2.52226465554593, "5": -2.1765767357992205, "6": 1.1130754954852744, "7": -2.265827208517318}, "datetime": {"datetime": "2021-06-29 22:50:50", "elapsed": 9431.313654, "delta": 18.115114}}
{"target": 0.017568433923462877, "params": {"0": 1.5369157606934039, "1": -1.9674255927769329, "2": -0.4836196459471367, "3": -1.2097095157106115, "4": -1.2505479963576858, "5": -2.639866333923238, "6": -0.36399243721881636, "7": -2.5521952047061625}, "datetime": {"datetime": "2021-06-29 22:51:16", "elapsed": 9457.627905, "delta": 26.314251}}
{"target": 0.003668199656005016, "params": {"0": -1.1197077618190288, "1": 1.9800472015225594, "2": -2.7236113976240555, "3": 2.258837482738631, "4": -0.554602958710916, "5": -2.1390989011545622, "6": -1.0001939638988941, "7": -1.8136482718752571}, "datetime": {"datetime": "2021-06-29 22:51:35", "elapsed": 9476.693665, "delta": 19.06576}}
{"target": 0.0037431928111584106, "params": {"0": 2.9565413620141117, "1": 0.10341284284145891, "2": -2.137385844922635, "3": 2.9636247450318285, "4": 2.9395869425326273, "5": 0.9918835095460992, "6": 2.5402997201389894, "7": -2.4838718494360337}, "datetime": {"datetime": "2021-06-29 22:51:50", "elapsed": 9491.675528, "delta": 14.981863}}
{"target": 0.0036577693693421423, "params": {"0": 2.81313837982798, "1": 2.7923431455027616, "2": 1.4107779704141423, "3": 1.4097202726008025, "4": -2.4864202057521414, "5": 2.4420849743875994, "6": 1.4504061294606494, "7": -0.7441228637925974}, "datetime": {"datetime": "2021-06-29 22:52:06", "elapsed": 9507.289216, "delta": 15.613688}}
{"target": 0.002961395617597961, "params": {"0": -0.24905775237948857, "1": -2.115869839703883, "2": 2.6571953278709124, "3": 0.95914086661847, "4": 1.7215976248501805, "5": 1.732141454889244, "6": 2.2117805477988792, "7": -1.1671302948695796}, "datetime": {"datetime": "2021-06-29 22:52:33", "elapsed": 9534.735685, "delta": 27.446469}}
{"target": 0.0033311203871679023, "params": {"0": -2.21764782125556, "1": -1.8608370155267986, "2": 1.9848089786132395, "3": -1.884549140184687, "4": 1.162497313134164, "5": 2.7877977504940654, "6": 2.6928323595043144, "7": -0.5589144613232069}, "datetime": {"datetime": "2021-06-29 22:52:52", "elapsed": 9553.900654, "delta": 19.164969}}
{"target": 0.0034653387576211734, "params": {"0": 1.5584462901491838, "1": 2.4706672673122663, "2": 0.3645211275954754, "3": 2.5146511718837594, "4": -2.7342299502945373, "5": 2.4021484114427416, "6": -1.7660459724954152, "7": 2.8076613023497927}, "datetime": {"datetime": "2021-06-29 22:53:12", "elapsed": 9573.18095, "delta": 19.280296}}
