{"target": 0.0030711489801458296, "params": {"0": -1.9936373451227685, "1": 0.4887957279700377, "2": 0.3660317705075484, "3": -0.1390374477959755, "4": 1.553455020225842, "5": -0.11252765815726118, "6": 1.693016611165536, "7": 1.509330098013744}, "datetime": {"datetime": "2021-06-29 20:18:52", "elapsed": 226.247053, "delta": 4.112458}}
{"target": 0.0030812025325428274, "params": {"0": 0.7258826118061297, "1": -2.682498351921053, "2": 1.3964186529438827, "3": -2.396176681133875, "4": -0.4992294009796048, "5": 1.8927008961777112, "6": -2.519667040739888, "7": 0.10131238153509603}, "datetime": {"datetime": "2021-06-29 20:18:56", "elapsed": 229.527248, "delta": 3.280195}}
{"target": 0.003314447161740857, "params": {"0": -1.5107960875064697, "1": -0.20270422313003467, "2": 0.6857335396884432, "3": 0.7758497443564769, "4": 1.911067174653077, "5": -1.099737310809161, "6": 2.4098908437572213, "7": 1.145369120761984}, "datetime": {"datetime": "2021-06-29 20:18:58", "elapsed": 232.372108, "delta": 2.84486}}
{"target": 0.0031879224063331097, "params": {"0": -0.44042295419592126, "1": 0.3469589165998732, "2": -2.9079874908875043, "3": -0.10767875073864497, "4": -2.2144809467990716, "5": 2.1990135702818883, "6": -1.1915494655874674, "7": -1.678750377030363}, "datetime": {"datetime": "2021-06-29 20:19:00", "elapsed": 234.168071, "delta": 1.795963}}
{"target": 0.0032821966878989616, "params": {"0": -1.4228825739532303, "1": 1.9697796392971592, "2": 1.6200008539214945, "3": 0.6533686762045252, "4": -1.7950612958654928, "5": -2.6024210267878947, "6": 2.233706261864227, "7": 0.9469085842697522}, "datetime": {"datetime": "2021-06-29 20:19:02", "elapsed": 235.953688, "delta": 1.785617}}
{"target": 0.004123722925664933, "params": {"0": -0.04377150633235516, "1": -2.973593949298442, "2": 1.1814726655898689, "3": -2.2521590790568498, "4": 0.8368910749017453, "5": 1.451043623305429, "6": -1.9500400114496392, "7": 0.057304558665177474}, "datetime": {"datetime": "2021-06-29 20:19:05", "elapsed": 238.580221, "delta": 2.626533}}
{"target": 0.0036712804872696793, "params": {"0": -1.6597325408949903, "1": -0.9588764963180276, "2": -2.126083839161465, "3": -2.573139434559351, "4": 0.0025600096187554655, "5": 0.15835320848293888, "6": 1.5846279128419694, "7": -2.40767958446011}, "datetime": {"datetime": "2021-06-29 20:19:07", "elapsed": 241.406376, "delta": 2.826155}}
{"target": 0.0036365016300858965, "params": {"0": -2.2788991351607746, "1": 2.5032865748626643, "2": 1.6718928391002832, "3": -2.6788841322458894, "4": 0.3997940234442634, "5": -2.2604330549462524, "6": -1.7207564947108231, "7": -2.677864273846758}, "datetime": {"datetime": "2021-06-29 20:19:10", "elapsed": 243.76116, "delta": 2.354784}}
{"target": 0.0030443204811405017, "params": {"0": 0.7141621825668771, "1": -2.917301181563112, "2": 2.7932620009942823, "3": -2.157118644208002, "4": -1.0239630092316614, "5": 0.7058209301348546, "6": -2.2383376811972715, "7": 1.860448002570883}, "datetime": {"datetime": "2021-06-29 20:19:13", "elapsed": 246.855833, "delta": 3.094673}}
{"target": 0.0029567602717922407, "params": {"0": -1.3003918317051275, "1": 0.34982032985021494, "2": 1.7663350610401576, "3": -0.9145904996906751, "4": 2.114368566809504, "5": -2.0236950308567514, "6": 1.7151796508384276, "7": -1.1548332020279024}, "datetime": {"datetime": "2021-06-29 20:19:19", "elapsed": 252.631948, "delta": 5.776115}}
{"target": 0.003571604722012325, "params": {"0": 1.1382364539862824, "1": -2.8058628108945225, "2": 0.5680890367278222, "3": -2.9316422124713606, "4": 1.3074650326716402, "5": -1.5214763200717734, "6": 2.1007814661859685, "7": -0.606859949398399}, "datetime": {"datetime": "2021-06-29 20:19:22", "elapsed": 255.652348, "delta": 3.0204}}
{"target": 0.0032438608960992095, "params": {"0": 1.5626474542423097, "1": -0.24605510696043442, "2": 1.0788813420394856, "3": 1.6954677002130065, "4": -2.014642973468428, "5": 2.540220899491482, "6": 2.708984228562703, "7": 0.03757829807973856}, "datetime": {"datetime": "2021-06-29 20:19:24", "elapsed": 258.041395, "delta": 2.389047}}
{"target": 0.004242098307896973, "params": {"0": -1.5615784185637704, "1": -0.22180276046274905, "2": 0.8843046391810674, "3": -1.7846893794943577, "4": -0.5425422677760681, "5": 2.50248687748668, "6": 1.13848434730538, "7": -1.4809855279669788}, "datetime": {"datetime": "2021-06-29 20:19:26", "elapsed": 260.293008, "delta": 2.251613}}
{"target": 0.0048848212026164455, "params": {"0": -0.11236096834987208, "1": -2.954534623004397, "2": 0.9000107744443016, "3": -1.4350357026517855, "4": 0.008938280438609336, "5": 0.6821486526851412, "6": -2.4235909007667296, "7": 1.290860028964956}, "datetime": {"datetime": "2021-06-29 20:19:29", "elapsed": 263.35863, "delta": 3.065622}}
{"target": 0.004060982070136113, "params": {"0": -0.3141377652004369, "1": -2.991630725279147, "2": 0.5242366064952573, "3": -2.043524932408925, "4": -1.00194956261802, "5": 0.1652822813233965, "6": -2.132619992746533, "7": 0.8872464380118306}, "datetime": {"datetime": "2021-06-29 20:19:33", "elapsed": 266.593597, "delta": 3.234967}}
{"target": 0.003846585446199238, "params": {"0": -0.6085225421136737, "1": 1.533291357080663, "2": -0.9654638596042879, "3": 1.0218065033971406, "4": -2.3907220414650476, "5": 2.5550550453425256, "6": -2.6316833545109644, "7": 0.9438300388134069}, "datetime": {"datetime": "2021-06-29 20:19:36", "elapsed": 269.833248, "delta": 3.239651}}
{"target": 0.004374215933106754, "params": {"0": -0.06379756798566971, "1": -0.027201723221585095, "2": -0.20754141516628266, "3": -2.8170173292694987, "4": -1.3427773371271516, "5": -1.7105427594895826, "6": -0.24252919459363564, "7": 1.8761491471601914}, "datetime": {"datetime": "2021-06-29 20:19:38", "elapsed": 272.369153, "delta": 2.535905}}
{"target": 0.002985461020515966, "params": {"0": 2.1907765471786345, "1": -0.3440182913092893, "2": -0.07064069710337817, "3": 1.6479840933097432, "4": 2.03915884899138, "5": 1.1965661742933573, "6": 1.8864004301839907, "7": -1.4293207286194993}, "datetime": {"datetime": "2021-06-29 20:19:42", "elapsed": 275.595605, "delta": 3.226452}}
{"target": 0.002977111296784084, "params": {"0": -0.3812061764795507, "1": -0.8727595015193517, "2": 0.48679822361081637, "3": 0.896618513269722, "4": 0.26191883444447184, "5": -1.0483441883494133, "6": 0.009448450671698083, "7": -0.7690011340879446}, "datetime": {"datetime": "2021-06-29 20:19:45", "elapsed": 278.593943, "delta": 2.998338}}
{"target": 0.0030979238126090237, "params": {"0": 1.7546783913698052, "1": 0.7627284369817389, "2": 2.230083885138953, "3": -1.2129276053992768, "4": 0.7253264802335329, "5": 0.8025307127756136, "6": -1.173590467657835, "7": 1.9849292148528166}, "datetime": {"datetime": "2021-06-29 20:19:47", "elapsed": 280.745964, "delta": 2.152021}}
{"target": 0.008549965684456996, "params": {"0": -2.131538470379432, "1": 0.934563876841052, "2": -2.8567517705806735, "3": 0.938684199592509, "4": -0.3549073173399879, "5": 0.4912617489975557, "6": 2.3905313595844007, "7": -2.7490199938601494}, "datetime": {"datetime": "2021-06-29 20:19:49", "elapsed": 282.956028, "delta": 2.210064}}
{"target": 0.010488771741373122, "params": {"0": 2.4302380292963184, "1": -0.44723496218860426, "2": -2.755481951027564, "3": 1.9597624325041085, "4": 1.206403256003668, "5": -0.653752993888908, "6": 0.4743358728346445, "7": -0.4726487366150489}, "datetime": {"datetime": "2021-06-29 20:19:51", "elapsed": 285.027339, "delta": 2.071311}}
{"target": 0.003215485490122242, "params": {"0": -1.8404673929201836, "1": -0.5776213661803924, "2": 2.3396448281184483, "3": 1.3737848533309478, "4": 0.4926116981035382, "5": -1.2907348207801357, "6": 2.617094641157699, "7": -2.923886244511855}, "datetime": {"datetime": "2021-06-29 20:19:54", "elapsed": 287.58229, "delta": 2.554951}}
{"target": 0.0031121211071241427, "params": {"0": 0.7254101582980308, "1": -2.084622645195826, "2": 2.265435670200757, "3": -2.1396012594655858, "4": 0.091411278429403, "5": 0.85249980409474, "6": -2.4731281101750664, "7": 0.07472714502656519}, "datetime": {"datetime": "2021-06-29 20:19:56", "elapsed": 290.39068, "delta": 2.80839}}
{"target": 0.0035241302783528524, "params": {"0": -0.03078067908308091, "1": -1.7806193611586834, "2": 2.9217763011220317, "3": 1.4843762973417602, "4": 2.442167645113659, "5": -1.944128360861932, "6": 0.19203857957344894, "7": 0.9753236424723863}, "datetime": {"datetime": "2021-06-29 20:19:59", "elapsed": 292.713893, "delta": 2.323213}}
{"target": 0.002952086181837391, "params": {"0": -2.874303331705332, "1": -2.5814662472888994, "2": -2.5833324663241397, "3": 1.7351602782479976, "4": 2.801859429986073, "5": -1.07196675829402, "6": 1.338411650422099, "7": 2.2706707860596547}, "datetime": {"datetime": "2021-06-29 20:20:01", "elapsed": 294.99482, "delta": 2.280927}}
{"target": 0.002978884022958217, "params": {"0": 0.38873271746353666, "1": -2.4241744716618627, "2": 1.4959744948582294, "3": -2.270342629468442, "4": -0.16663009995518774, "5": 1.751711413314979, "6": -1.3014424713305544, "7": 0.5074989612173164}, "datetime": {"datetime": "2021-06-29 20:20:02", "elapsed": 295.937088, "delta": 0.942268}}
{"target": 0.004726544015902667, "params": {"0": -2.2478191709029103, "1": 0.7349813319270782, "2": -0.4349135182395112, "3": 0.5717560109779631, "4": 2.303954607240322, "5": -1.4060595040624944, "6": 2.907050911197116, "7": 0.47466487169298244}, "datetime": {"datetime": "2021-06-29 20:20:05", "elapsed": 299.151654, "delta": 3.214566}}
{"target": 0.014516481334408016, "params": {"0": 0.44129474951345493, "1": -2.54863226903864, "2": 0.7304686028607161, "3": -0.8215592514324439, "4": 0.1343552020247012, "5": 1.4627568973998368, "6": -2.204725414729439, "7": -0.15942832610039748}, "datetime": {"datetime": "2021-06-29 20:20:09", "elapsed": 303.492743, "delta": 4.341089}}
{"target": 0.003612467153518834, "params": {"0": 2.236088661499924, "1": -0.21493864632546877, "2": 0.5839375384754835, "3": 1.421059205001093, "4": -2.132182641991694, "5": -0.7095190736787949, "6": 0.8566873529645198, "7": -2.6195121565492014}, "datetime": {"datetime": "2021-06-29 20:20:14", "elapsed": 308.135184, "delta": 4.642441}}
{"target": 0.0037227136228087324, "params": {"0": 0.9976578472345046, "1": -2.1100944386149765, "2": 0.3404318866981848, "3": -1.1389175119447308, "4": 0.05864618019668999, "5": 1.5768271737572128, "6": -2.386947736558805, "7": -0.2750380613525758}, "datetime": {"datetime": "2021-06-29 20:20:17", "elapsed": 311.49428, "delta": 3.359096}}
{"target": 0.007247131685548164, "params": {"0": 0.7956098476855833, "1": -2.684438916866707, "2": 1.9688519816473207, "3": -1.1607700419388935, "4": -0.6646655870769624, "5": 1.0021031370397004, "6": -1.7700145130160039, "7": 0.21885120610541842}, "datetime": {"datetime": "2021-06-29 20:20:21", "elapsed": 314.753695, "delta": 3.259415}}
{"target": 0.0030839853263826735, "params": {"0": -2.738566554579249, "1": 0.4077131929243887, "2": -1.6782906935114412, "3": -0.171301625197259, "4": -1.1560662494975897, "5": 1.3826498936078426, "6": 1.2407157453774458, "7": 1.8418776272272037}, "datetime": {"datetime": "2021-06-29 20:20:23", "elapsed": 317.112711, "delta": 2.359016}}
{"target": 0.06786633441965842, "params": {"0": 0.8025946042376528, "1": -2.940924888156391, "2": 1.546611459947047, "3": -2.726903428603605, "4": 0.003893305834874461, "5": 0.8516243416363896, "6": -2.1840360991532126, "7": 0.3416492430854534}, "datetime": {"datetime": "2021-06-29 20:20:26", "elapsed": 320.187517, "delta": 3.074806}}
{"target": 0.037531034594654344, "params": {"0": -2.8398288498664837, "1": -1.243940963691691, "2": 0.237326486119402, "3": 2.871057383932065, "4": 0.08774969370281838, "5": -2.8595159101502334, "6": 1.6617367277017001, "7": -1.4598150380681185}, "datetime": {"datetime": "2021-06-29 20:20:30", "elapsed": 324.455648, "delta": 4.268131}}
{"target": 0.0033999889288882836, "params": {"0": 0.8046787278284295, "1": 2.428480281548894, "2": -0.12886520965212345, "3": -1.3947364240194962, "4": 2.152702461287614, "5": -1.513256681711042, "6": 1.4503002732513348, "7": 0.6193774575125142}, "datetime": {"datetime": "2021-06-29 20:20:33", "elapsed": 327.424419, "delta": 2.968771}}
{"target": 0.0031989800605141125, "params": {"0": -2.1367128845472783, "1": 1.666071957664883, "2": -2.590618011086121, "3": 1.9458848785734748, "4": -1.3094788925383645, "5": -1.7631312078026984, "6": 1.0952251636234234, "7": 0.01055872229385546}, "datetime": {"datetime": "2021-06-29 20:20:39", "elapsed": 333.283558, "delta": 5.859139}}
{"target": 0.006652213847124577, "params": {"0": -2.743617734157267, "1": -2.28190988882369, "2": -0.9092156486794023, "3": 0.5796745908290584, "4": -0.1089762829817853, "5": -1.5503654568636625, "6": -0.1458839145571762, "7": 0.6796651831945981}, "datetime": {"datetime": "2021-06-29 20:20:43", "elapsed": 336.569149, "delta": 3.285591}}
{"target": 0.0035796058938682537, "params": {"0": 0.6819927248931359, "1": -1.2100677661429458, "2": 0.3807650501795896, "3": 2.4081294696559716, "4": -0.5530497904517828, "5": 0.8418491923356184, "6": 0.2325582311212271, "7": 1.4904748833497106}, "datetime": {"datetime": "2021-06-29 20:20:45", "elapsed": 338.929206, "delta": 2.360057}}
{"target": 0.002972553461011425, "params": {"0": -2.661480897310873, "1": 0.6006262311547053, "2": 2.2736096277715028, "3": 0.7608408281929013, "4": 2.613878757265099, "5": 2.5938144301636203, "6": -2.8403194804500913, "7": -0.9061269251681865}, "datetime": {"datetime": "2021-06-29 20:20:47", "elapsed": 341.382629, "delta": 2.453423}}
{"target": 0.004602552119164039, "params": {"0": -0.6660261013083693, "1": 2.196096585957595, "2": 0.3113979404028582, "3": 2.027942829722832, "4": 0.7944257890220374, "5": -2.6475921849241475, "6": 0.26544592813305146, "7": -2.651979919903794}, "datetime": {"datetime": "2021-06-29 20:20:51", "elapsed": 344.870315, "delta": 3.487686}}
{"target": 0.0037794664747067656, "params": {"0": 0.3879122763217939, "1": 0.21450197229748902, "2": 1.4449042067299782, "3": -0.5250427884587263, "4": -2.443430898103513, "5": 2.244119376984239, "6": 2.125256846868151, "7": -2.385847262681767}, "datetime": {"datetime": "2021-06-29 20:20:54", "elapsed": 347.884481, "delta": 3.014166}}
{"target": 0.00331841709274856, "params": {"0": -2.7386391092235467, "1": -1.555352690792932, "2": 2.5771719304606826, "3": -2.1097686627823986, "4": 0.8073477023390909, "5": 2.5032462965950186, "6": 0.0843742488593957, "7": 0.37887933383290573}, "datetime": {"datetime": "2021-06-29 20:20:57", "elapsed": 350.731165, "delta": 2.846684}}
{"target": 0.0034932966680159437, "params": {"0": 0.44936298523605434, "1": -2.568144601785315, "2": 1.670086459700883, "3": -1.3624362419606837, "4": -0.9737602277346049, "5": 1.974577149513447, "6": -1.7470366598611462, "7": 1.397600470384897}, "datetime": {"datetime": "2021-06-29 20:21:00", "elapsed": 354.438626, "delta": 3.707461}}
{"target": 0.003075279615517408, "params": {"0": 0.1573506564936089, "1": -2.3854150364198397, "2": 1.1472948742697255, "3": -2.517742655184236, "4": 0.42024775535595005, "5": 0.8947168622076163, "6": -2.559755334241541, "7": -0.3942005250757501}, "datetime": {"datetime": "2021-06-29 20:21:03", "elapsed": 356.547765, "delta": 2.109139}}
{"target": 0.0031649082122806624, "params": {"0": -2.040973603155895, "1": 1.0030825740941953, "2": 0.13340080220812212, "3": 1.1816147599903832, "4": 2.300553967940897, "5": -1.816530610932308, "6": 2.1415888047825327, "7": 1.0971672103885144}, "datetime": {"datetime": "2021-06-29 20:21:08", "elapsed": 361.76213, "delta": 5.214365}}
{"target": 0.009195663123675351, "params": {"0": 1.7038504855773153, "1": -2.9325852977588225, "2": -2.7198501725580027, "3": -1.2064553500107231, "4": 1.599395461264148, "5": -2.8557373970299436, "6": 1.030617868354259, "7": -2.8370942705456867}, "datetime": {"datetime": "2021-06-29 20:21:12", "elapsed": 366.115997, "delta": 4.353867}}
{"target": 0.0030915138386961266, "params": {"0": 0.8370311297590893, "1": -2.0024463133493686, "2": 1.3892357798289385, "3": -2.3571120647784447, "4": -1.8314032760400314, "5": 1.263352368661331, "6": -2.4566787881636563, "7": 1.0690112183134088}, "datetime": {"datetime": "2021-06-29 20:21:16", "elapsed": 369.532, "delta": 3.416003}}
{"target": 0.0029633806679535504, "params": {"0": -2.5574935420659832, "1": 1.0807957922703508, "2": 1.4352997050780285, "3": 1.1037238493676789, "4": 2.001315521285459, "5": -1.5081741106010258, "6": 1.920557996940012, "7": 0.6283089129178796}, "datetime": {"datetime": "2021-06-29 20:21:19", "elapsed": 372.737699, "delta": 3.205699}}
{"target": 0.01949980406536125, "params": {"0": 0.06664919381320278, "1": -2.1454300125446304, "2": 1.5653604982412928, "3": -1.8917131562672984, "4": -0.9980246774272556, "5": 0.981714626484373, "6": -1.4316160554159982, "7": 1.278547657632867}, "datetime": {"datetime": "2021-06-29 20:21:22", "elapsed": 375.958075, "delta": 3.220376}}
{"target": 0.0030594070373048776, "params": {"0": 2.9165753755708463, "1": 2.980346784755035, "2": -1.3412039259143764, "3": 1.48201924797422, "4": 2.809036768792639, "5": -2.695744004359484, "6": 0.6358067942057088, "7": -1.0590027104056192}, "datetime": {"datetime": "2021-06-29 20:21:24", "elapsed": 378.343477, "delta": 2.385402}}
{"target": 0.0032734444168628376, "params": {"0": -2.344866452602501, "1": 0.8434066596879348, "2": -2.7785658842392316, "3": 0.7886816580677589, "4": -0.35866978388006965, "5": 0.9495912767944295, "6": 2.5339539457533924, "7": -2.4895362944764203}, "datetime": {"datetime": "2021-06-29 20:21:26", "elapsed": 380.120342, "delta": 1.776865}}
{"target": 0.003097637580648063, "params": {"0": -0.17614426442122078, "1": 0.3249322380140818, "2": -0.21819765420128734, "3": 1.1274944433547276, "4": -1.7882459350759692, "5": 2.0824619817856753, "6": -2.6500859724158508, "7": 1.1442878782901875}, "datetime": {"datetime": "2021-06-29 20:21:30", "elapsed": 383.504113, "delta": 3.383771}}
{"target": 0.004452475179251509, "params": {"0": -0.08809019431414278, "1": -0.3449283048717726, "2": -0.7877284049378934, "3": 0.9374894704245764, "4": -2.3973052631789504, "5": 2.2862247185101863, "6": -2.4641083382018234, "7": 0.7854871923447302}, "datetime": {"datetime": "2021-06-29 20:21:32", "elapsed": 386.45109, "delta": 2.946977}}
{"target": 0.002868438756955684, "params": {"0": -1.4176958652937743, "1": 2.6722976257290565, "2": 2.0678929407999327, "3": 0.1469633412967375, "4": 2.3618734164259703, "5": 0.4486571235457486, "6": 1.5357586881786904, "7": 1.874893071676813}, "datetime": {"datetime": "2021-06-29 20:21:37", "elapsed": 390.834172, "delta": 4.383082}}
{"target": 0.023454991538281122, "params": {"0": -1.6716668427424928, "1": -0.13309204352772497, "2": -1.1859965006003639, "3": -2.7945153180161286, "4": 1.200383381628244, "5": 2.2723989235663637, "6": -2.0632938507152465, "7": 1.7019158698206782}, "datetime": {"datetime": "2021-06-29 20:21:40", "elapsed": 393.761317, "delta": 2.927145}}
{"target": 0.0032591790829371798, "params": {"0": 0.4073751868993325, "1": -2.4855553815418236, "2": 1.0408983921780672, "3": -2.5901410282209216, "4": -1.9646491086779763, "5": 0.7942359375562109, "6": -2.7836660217922073, "7": 1.0956455990113616}, "datetime": {"datetime": "2021-06-29 20:21:44", "elapsed": 398.226961, "delta": 4.465644}}
{"target": 0.0034510417690725662, "params": {"0": 2.162030565400622, "1": 2.273286874677085, "2": 1.2377234111875914, "3": 2.179670673942006, "4": 1.9340731732979588, "5": 2.2104359076291455, "6": -2.3501452324913217, "7": -2.9489906935742423}, "datetime": {"datetime": "2021-06-29 20:21:48", "elapsed": 401.787607, "delta": 3.560646}}
{"target": 0.002875735200243659, "params": {"0": -2.6726486216367955, "1": -0.9271250216337217, "2": -0.08280953500852473, "3": 1.8723156431394825, "4": 1.6891831229818255, "5": -0.0003887846996510902, "6": -0.7613629822978396, "7": 2.9529087229827375}, "datetime": {"datetime": "2021-06-29 20:21:51", "elapsed": 405.137462, "delta": 3.349855}}
{"target": 0.003438640767287478, "params": {"0": 0.019882461463492263, "1": -2.128029608506062, "2": 0.4431857257967913, "3": -1.0334784121580727, "4": 0.3788387668921813, "5": 1.2267292715975264, "6": -1.7232690590034252, "7": 0.14159445746817667}, "datetime": {"datetime": "2021-06-29 20:21:53", "elapsed": 407.39425, "delta": 2.256788}}
{"target": 0.007577933801945924, "params": {"0": -1.7302657439592892, "1": 2.7144083171197337, "2": 2.1635087709620926, "3": 0.8213414326168591, "4": -2.1423450811995703, "5": -2.005931713748894, "6": 1.6436801213454775, "7": 0.817843532713094}, "datetime": {"datetime": "2021-06-29 20:21:58", "elapsed": 411.591966, "delta": 4.197716}}
{"target": 0.003312941008095696, "params": {"0": -0.9800483138375471, "1": 2.5074410211751967, "2": 1.9171163020440103, "3": 0.9000737292787688, "4": -1.8774071125604537, "5": -2.136411428639601, "6": 1.6114977132188608, "7": 0.5952008394587502}, "datetime": {"datetime": "2021-06-29 20:22:02", "elapsed": 415.655798, "delta": 4.063832}}
{"target": 0.0029635918097686534, "params": {"0": 0.9837088978590831, "1": 2.830608123393766, "2": -0.4539768042257033, "3": -1.2006910477100883, "4": 2.749164924051387, "5": 1.1670273830534414, "6": 0.3661465010568974, "7": -1.218506671054302}, "datetime": {"datetime": "2021-06-29 20:22:07", "elapsed": 420.656043, "delta": 5.000245}}
{"target": 0.00351660898360565, "params": {"0": -0.3003066810497157, "1": 0.45632400204583057, "2": 0.6891300598368684, "3": -0.3743569966266578, "4": 1.869283914031742, "5": 1.4779635965076166, "6": 1.900294440785287, "7": 1.1991593509065623}, "datetime": {"datetime": "2021-06-29 20:22:11", "elapsed": 424.866152, "delta": 4.210109}}
