{"target": 0.003151972519397184, "params": {"0": 1.3049914699839746, "1": 2.9200931626344255, "2": 0.01147942153189252, "3": -0.8154475643525774, "4": -0.8113414753424077, "5": -2.114332713033985, "6": -2.6305999344321993, "7": 2.2604419165436624}, "datetime": {"datetime": "2021-06-29 21:34:59", "elapsed": 4880.207124, "delta": 14.160245}}
{"target": 0.003474507488251502, "params": {"0": 2.633925335043358, "1": 1.993877312245652, "2": -0.36707752125010185, "3": 1.3367003186772353, "4": -2.6727679887224562, "5": 0.42262911646513635, "6": 2.641523066567064, "7": -0.626010943463617}, "datetime": {"datetime": "2021-06-29 21:35:08", "elapsed": 4889.379885, "delta": 9.172761}}
{"target": 0.005155997733648726, "params": {"0": -2.13188392807636, "1": -1.6551488888871562, "2": 2.558113248778845, "3": -0.1919293791557024, "4": -0.01948606963129773, "5": -0.00776308062735076, "6": -2.8922895643535105, "7": -0.9684045845773657}, "datetime": {"datetime": "2021-06-29 21:35:22", "elapsed": 4903.155973, "delta": 13.776088}}
{"target": 0.006016027430511543, "params": {"0": 2.6730030949366412, "1": 2.6117435197141514, "2": 0.010689529997665037, "3": -1.5601792057219426, "4": -0.8178957146706622, "5": -0.46837998961426486, "6": 2.3757078368695677, "7": -0.4030951557229612}, "datetime": {"datetime": "2021-06-29 21:35:52", "elapsed": 4933.118895, "delta": 29.962922}}
{"target": 0.0032298901319861855, "params": {"0": 0.7745650596263127, "1": -0.1240100701410567, "2": -0.15015002101957275, "3": 1.0607535915816957, "4": 2.872676865583438, "5": -2.7318382416198306, "6": -1.5841921807122294, "7": 2.2361415965477027}, "datetime": {"datetime": "2021-06-29 21:36:04", "elapsed": 4944.552456, "delta": 11.433561}}
{"target": 0.00412885981236166, "params": {"0": 1.9597419949547215, "1": 0.281471483372044, "2": 0.6555593570603819, "3": 1.1383907582412949, "4": -2.1413113625839277, "5": -2.004198527818949, "6": 2.7811031640945947, "7": -1.8426800216826091}, "datetime": {"datetime": "2021-06-29 21:36:17", "elapsed": 4957.516713, "delta": 12.964257}}
{"target": 0.00473026611107741, "params": {"0": 1.7382176129259514, "1": -0.8642527035011414, "2": -1.3533484189546172, "3": -1.903153399864591, "4": 0.8850027724904503, "5": -2.2592239790013213, "6": 1.41559580086422, "7": 0.31468417862358855}, "datetime": {"datetime": "2021-06-29 21:36:38", "elapsed": 4978.985634, "delta": 21.468921}}
{"target": 0.003780302464662557, "params": {"0": 1.1535923051299726, "1": -1.3904081009983855, "2": 2.0364871774970714, "3": -0.6502467970495047, "4": 2.1931251564685024, "5": -0.2601543552054366, "6": 2.9950558942642393, "7": 0.5955464340411396}, "datetime": {"datetime": "2021-06-29 21:36:50", "elapsed": 4991.327719, "delta": 12.342085}}
{"target": 0.0029994044182059206, "params": {"0": 0.9198233984909789, "1": 0.19638059407107988, "2": -1.5239267069783689, "3": -0.5949171578317713, "4": 2.828475200983915, "5": 0.8308711783057436, "6": -0.7129373816043856, "7": -2.045033778261698}, "datetime": {"datetime": "2021-06-29 21:37:02", "elapsed": 5002.806069, "delta": 11.47835}}
{"target": 0.0035452161745416224, "params": {"0": 0.7974883126974701, "1": -0.7172155651084893, "2": -0.016286810062974943, "3": -2.079184188733244, "4": 0.934580706147913, "5": -2.2142961403250943, "6": 1.5678432696226192, "7": -0.006957606019291962}, "datetime": {"datetime": "2021-06-29 21:37:26", "elapsed": 5027.267251, "delta": 24.461182}}
{"target": 0.0032443584857580906, "params": {"0": 2.608585166807619, "1": -0.6568408942457902, "2": 0.6421735410750946, "3": 1.9735973540677634, "4": -1.2203185440096367, "5": 1.2546662077764994, "6": -1.1395753445667127, "7": -1.4439277141064846}, "datetime": {"datetime": "2021-06-29 21:37:47", "elapsed": 5048.107445, "delta": 20.840194}}
{"target": 0.003544330894596092, "params": {"0": -2.476899935470775, "1": -2.2647252637825237, "2": -1.0232754841293417, "3": -2.8762167058238033, "4": -2.2154842299847326, "5": 2.642356345923087, "6": 1.3962810553451295, "7": -1.7005829540111408}, "datetime": {"datetime": "2021-06-29 21:38:02", "elapsed": 5063.019262, "delta": 14.911817}}
{"target": 0.005083177389615592, "params": {"0": 1.322072990434533, "1": -0.7366500416747601, "2": -0.30301971685735607, "3": -0.9784510734902829, "4": 0.6964243440364717, "5": -2.5363479490786953, "6": 1.6868945013825591, "7": 1.1631453258040017}, "datetime": {"datetime": "2021-06-29 21:38:20", "elapsed": 5081.092805, "delta": 18.073543}}
{"target": 0.003552320281385612, "params": {"0": 1.9791474836382834, "1": 1.7458112838487772, "2": -1.5887161014244013, "3": -2.0006919578077573, "4": 0.552739426062999, "5": -0.2945105958739793, "6": 2.0346390174681686, "7": -0.7843891824673248}, "datetime": {"datetime": "2021-06-29 21:38:44", "elapsed": 5104.838134, "delta": 23.745329}}
{"target": 0.6453114676898272, "params": {"0": 1.019389624172656, "1": -0.9083929450959207, "2": 0.05299526184953951, "3": -2.475113594447948, "4": 1.727017391256016, "5": -2.8318489783130563, "6": 1.6382325941259062, "7": 0.6455737337410437}, "datetime": {"datetime": "2021-06-29 21:39:08", "elapsed": 5128.934277, "delta": 24.096143}}
{"target": 0.0035686442443979742, "params": {"0": 1.3926728568970512, "1": -2.4020831874326136, "2": 0.3811622468487168, "3": -1.5774576284341522, "4": 1.1856060006146931, "5": -2.8163851981620818, "6": 2.0741331739458175, "7": 0.9138400216416}, "datetime": {"datetime": "2021-06-29 21:39:26", "elapsed": 5146.892508, "delta": 17.958231}}
{"target": 0.0654041446667923, "params": {"0": -0.8516023825931249, "1": 0.14983454697563658, "2": -0.37129957269611324, "3": 1.5741638733709085, "4": -0.934767690000764, "5": 2.2612910717362986, "6": -2.997162816259297, "7": 1.06672099157813}, "datetime": {"datetime": "2021-06-29 21:39:46", "elapsed": 5167.205721, "delta": 20.313213}}
{"target": 0.009477074348499157, "params": {"0": -2.0387673730798186, "1": 0.04889582029309736, "2": -0.2534225497816669, "3": -1.518005999225094, "4": 1.039455789492287, "5": 2.4375125609692, "6": -2.459434967757466, "7": -1.0074243130393241}, "datetime": {"datetime": "2021-06-29 21:40:00", "elapsed": 5180.617155, "delta": 13.411434}}
{"target": 0.07137169298687053, "params": {"0": 1.016481684013062, "1": -2.985111685822538, "2": 0.6089258174686218, "3": -2.165376944116738, "4": 2.1894458095197393, "5": -2.3052621288326476, "6": 2.1469381657013544, "7": -0.37229692711276474}, "datetime": {"datetime": "2021-06-29 21:40:15", "elapsed": 5196.226182, "delta": 15.609027}}
{"target": 0.00529877793171485, "params": {"0": 1.6384618547932437, "1": 1.1544431942275457, "2": -0.3707229126798013, "3": -0.20500764389394988, "4": -1.2898549546453342, "5": -1.8084452803987918, "6": 2.9087255271857977, "7": 1.9485198866444229}, "datetime": {"datetime": "2021-06-29 21:40:26", "elapsed": 5206.759334, "delta": 10.533152}}
{"target": 0.0032204300823044283, "params": {"0": 1.660748876812307, "1": 2.0182400570344745, "2": 0.0524271830886347, "3": -1.8983078892022123, "4": -0.5280399351193572, "5": -0.2643871320527067, "6": 2.2454542163590663, "7": -1.3354996098020049}, "datetime": {"datetime": "2021-06-29 21:40:41", "elapsed": 5221.830892, "delta": 15.071558}}
{"target": 0.005285534689300853, "params": {"0": -0.6599311420165552, "1": 1.411529517587784, "2": -1.2710066313077049, "3": 1.9674304498524018, "4": -2.0482421093545957, "5": -0.45944658375270553, "6": 1.6338570625302609, "7": 2.0621951848864004}, "datetime": {"datetime": "2021-06-29 21:40:54", "elapsed": 5235.0889, "delta": 13.258008}}
{"target": 0.01728233230589035, "params": {"0": -1.1146992319991882, "1": 0.3817007622295101, "2": -0.25206863740426844, "3": 0.8170200624407054, "4": -1.5413164772944696, "5": 2.5732842344621325, "6": -2.754078331310264, "7": 0.6804059118456856}, "datetime": {"datetime": "2021-06-29 21:41:10", "elapsed": 5251.098947, "delta": 16.010047}}
{"target": 0.0030380577637041674, "params": {"0": 1.483280225855438, "1": -0.853115182137091, "2": 0.9120790154791925, "3": -1.5050322631269948, "4": 0.8695133378121982, "5": -1.9637130290934397, "6": 1.43784145471263, "7": 0.22726728044421307}, "datetime": {"datetime": "2021-06-29 21:41:33", "elapsed": 5274.019871, "delta": 22.920924}}
{"target": 0.004888787213217606, "params": {"0": 1.2394542835276052, "1": -2.7310574429059096, "2": -0.508803617443101, "3": -0.9038559683857623, "4": -0.575145472227744, "5": 0.9034061552074606, "6": -0.19501397378569907, "7": -1.6163220892622379}, "datetime": {"datetime": "2021-06-29 21:41:58", "elapsed": 5299.490266, "delta": 25.470395}}
{"target": 0.003687261642849817, "params": {"0": 1.9688524633191928, "1": -0.43719002134530704, "2": -0.6205406621235792, "3": -1.8264589763884989, "4": 1.577507121607053, "5": -2.254219096951738, "6": 0.5457355991030051, "7": 0.8783405318179991}, "datetime": {"datetime": "2021-06-29 21:42:19", "elapsed": 5319.905536, "delta": 20.41527}}
{"target": 0.010197308098289004, "params": {"0": -0.10857169471753281, "1": 1.9719089341223128, "2": 1.725638746455683, "3": -0.07822666301703363, "4": -1.533635707199997, "5": -1.647744998710403, "6": 0.8004016713837014, "7": 1.697085400716519}, "datetime": {"datetime": "2021-06-29 21:42:41", "elapsed": 5341.985897, "delta": 22.080361}}
{"target": 0.0032692603022739138, "params": {"0": 0.9467843240389442, "1": 0.9648889394109865, "2": -2.957004608160773, "3": -2.7129443903486834, "4": -2.5531889400671823, "5": 1.1621123389603483, "6": 2.7801099481682545, "7": 1.9055974422849102}, "datetime": {"datetime": "2021-06-29 21:43:02", "elapsed": 5362.775086, "delta": 20.789189}}
{"target": 0.0034616076364745603, "params": {"0": 1.6641504122402786, "1": 1.168571668026754, "2": 0.8570432065673899, "3": 1.2588788964322184, "4": -1.3150600641276666, "5": -1.7296160401961427, "6": 2.7099414938474355, "7": -1.7781375492993012}, "datetime": {"datetime": "2021-06-29 21:43:23", "elapsed": 5384.006212, "delta": 21.231126}}
{"target": 0.003406145172193368, "params": {"0": 0.36519747627107124, "1": 0.7159680541486955, "2": 1.0839659125371996, "3": 1.070897862371253, "4": -1.9672284398758002, "5": -1.3300124629611152, "6": 0.9226720054419237, "7": -1.6134468272277476}, "datetime": {"datetime": "2021-06-29 21:43:36", "elapsed": 5396.855919, "delta": 12.849707}}
{"target": 0.15939270302584446, "params": {"0": 1.3754052244864594, "1": 1.3745413365545343, "2": -0.4210035107968553, "3": -2.387341859299254, "4": -0.8084419760852928, "5": -0.043616974153021015, "6": 2.2341290396188302, "7": -0.7510995280829809}, "datetime": {"datetime": "2021-06-29 21:43:48", "elapsed": 5408.830028, "delta": 11.974109}}
{"target": 0.0030649966550327754, "params": {"0": -2.9179364862712687, "1": 2.913065953110051, "2": -1.5448412681631278, "3": -0.08306538389946194, "4": 1.6216241965913323, "5": 0.13209194332443674, "6": -1.8131715593810682, "7": 0.8506418458502685}, "datetime": {"datetime": "2021-06-29 21:43:59", "elapsed": 5419.655744, "delta": 10.825716}}
{"target": 0.003266193967927721, "params": {"0": 2.478877162497743, "1": 0.3756213763240348, "2": -1.471247454265976, "3": -1.1996044412378646, "4": 1.5557800705616902, "5": -2.5118135628895986, "6": 0.7608434605565457, "7": -1.6838008366381492}, "datetime": {"datetime": "2021-06-29 21:44:16", "elapsed": 5437.248109, "delta": 17.592365}}
{"target": 0.006467985827952563, "params": {"0": 0.909045949375721, "1": 1.1942047373742293, "2": 1.226652062737866, "3": 2.159611531166246, "4": -2.5514437528820695, "5": -0.3809589820286772, "6": -2.57164903368919, "7": -1.5485800157720655}, "datetime": {"datetime": "2021-06-29 21:44:33", "elapsed": 5454.121715, "delta": 16.873606}}
{"target": 0.004695004255813348, "params": {"0": 0.0952799646127751, "1": -2.8929482801192057, "2": 1.5702755814394838, "3": -1.9309051363091805, "4": 0.3392588583531637, "5": 0.8123293820893207, "6": -2.009406977335212, "7": 0.47145751671836056}, "datetime": {"datetime": "2021-06-29 21:44:56", "elapsed": 5476.82186, "delta": 22.700145}}
{"target": 0.022040991865773112, "params": {"0": -1.4962960589249668, "1": -2.3554689624902068, "2": -0.09923401323011882, "3": 0.4384239753152004, "4": -2.822791231809053, "5": -1.060417188974415, "6": -2.715881364304019, "7": -2.794291924158609}, "datetime": {"datetime": "2021-06-29 21:45:17", "elapsed": 5497.510096, "delta": 20.688236}}
{"target": 0.002934614646018665, "params": {"0": -0.64463642101195, "1": 1.1098992289723704, "2": -0.46687087689869955, "3": 2.7795210394929146, "4": 1.2632021130558293, "5": 2.8524497864283953, "6": 0.16243715806069714, "7": -1.878972598686801}, "datetime": {"datetime": "2021-06-29 21:45:33", "elapsed": 5514.106899, "delta": 16.596803}}
{"target": 0.0030968090327270132, "params": {"0": 0.2754974208548062, "1": -2.3751102085570874, "2": -2.6506649145543664, "3": -1.3391779519865081, "4": -0.46363936728443056, "5": 2.4973378586108854, "6": 0.6887849871904788, "7": -2.1286899461421775}, "datetime": {"datetime": "2021-06-29 21:45:45", "elapsed": 5526.481518, "delta": 12.374619}}
{"target": 0.03166613647516994, "params": {"0": 1.8134689901993282, "1": -2.16501544757081, "2": 1.6701817415704054, "3": -2.506744320978172, "4": 1.7336205674331948, "5": -0.06951868104085168, "6": -0.670184965138283, "7": -2.009280739957292}, "datetime": {"datetime": "2021-06-29 21:45:59", "elapsed": 5540.208677, "delta": 13.727159}}
{"target": 0.0038356944615552464, "params": {"0": -1.063590605232163, "1": -1.2693631618764338, "2": -1.8024643890507692, "3": -0.20140256289589065, "4": -2.048261603403451, "5": -2.119813179298121, "6": 0.15796196709621402, "7": -1.6540669036569702}, "datetime": {"datetime": "2021-06-29 21:46:08", "elapsed": 5549.143238, "delta": 8.934561}}
{"target": 0.0034061177404906278, "params": {"0": 0.8656356359862434, "1": 1.9791865948697502, "2": 1.5281062882934542, "3": -1.6610906585354597, "4": 0.568837189086195, "5": 1.7141941919308525, "6": -0.7139978012426504, "7": -1.7743940255455626}, "datetime": {"datetime": "2021-06-29 21:46:24", "elapsed": 5564.607434, "delta": 15.464196}}
{"target": 0.00562842304603817, "params": {"0": 0.44568218958418093, "1": -2.4302387803779215, "2": 2.204295222867538, "3": 0.9622701567310301, "4": -2.4516512774483177, "5": 0.7682435696928143, "6": -2.7439887922635178, "7": -0.2235249442054572}, "datetime": {"datetime": "2021-06-29 21:46:34", "elapsed": 5574.813612, "delta": 10.206178}}
{"target": 0.0043824576488764, "params": {"0": 0.3223198190770935, "1": -0.7367075041460907, "2": 1.690927980867599, "3": -0.8491265879452641, "4": 1.1932078703044784, "5": -2.314529582869876, "6": -2.859299844806926, "7": 2.4193004882851774}, "datetime": {"datetime": "2021-06-29 21:46:48", "elapsed": 5589.392658, "delta": 14.579046}}
{"target": 0.02333906120426701, "params": {"0": 1.3054917926154461, "1": -0.9600901959356785, "2": -0.0058143309231248885, "3": -1.9532691451094408, "4": 0.09656528872970682, "5": -1.7989921375555982, "6": 1.5400227315037105, "7": 1.4120634607678015}, "datetime": {"datetime": "2021-06-29 21:47:02", "elapsed": 5603.287107, "delta": 13.894449}}
{"target": 0.002935326903003389, "params": {"0": -2.753522627938004, "1": 0.7772918658049242, "2": -2.8250599747325436, "3": 1.2140133594423554, "4": -1.415482524931924, "5": 2.62377412279991, "6": 0.7492924079117529, "7": -1.367634020167928}, "datetime": {"datetime": "2021-06-29 21:47:16", "elapsed": 5617.223266, "delta": 13.936159}}
{"target": 0.004103101922743337, "params": {"0": 0.4687534449916324, "1": 1.9588502184796965, "2": 2.646504166361109, "3": 0.9839091232059793, "4": -2.5617544012834426, "5": 0.7907800814135539, "6": -0.24891585829659757, "7": 2.3053960905452744}, "datetime": {"datetime": "2021-06-29 21:47:27", "elapsed": 5627.509587, "delta": 10.286321}}
{"target": 0.0029492434165890686, "params": {"0": 2.2129500155438597, "1": 0.9375317902844862, "2": 1.9831849828674555, "3": 1.1544289888178012, "4": 0.004375749626938763, "5": 2.5122229880621596, "6": 1.9992856393385345, "7": 0.15867135197425952}, "datetime": {"datetime": "2021-06-29 21:47:36", "elapsed": 5636.508515, "delta": 8.998928}}
{"target": 0.0066372653571779286, "params": {"0": -0.7450827679790524, "1": -1.6472125129128683, "2": -0.4399041610910719, "3": -2.654168920045434, "4": 2.272413366337915, "5": -0.9037606222584276, "6": 2.604029074568049, "7": 1.2910700330627058}, "datetime": {"datetime": "2021-06-29 21:47:48", "elapsed": 5648.672416, "delta": 12.163901}}
{"target": 0.5105963169659518, "params": {"0": -1.073099739568213, "1": -0.8612657935784842, "2": -0.5711675642567218, "3": -2.9402748598560366, "4": 1.4787509079489034, "5": -0.6547309906479315, "6": -2.043711459592773, "7": -2.161446863703917}, "datetime": {"datetime": "2021-06-29 21:47:58", "elapsed": 5658.871899, "delta": 10.199483}}
{"target": 0.8554023452798409, "params": {"0": 1.033212395138678, "1": -1.2869711469742036, "2": -1.3823060941430398, "3": -0.899246668407673, "4": 1.1796491312953759, "5": -2.1765068106587804, "6": 1.573000752243873, "7": 0.08461589810923886}, "datetime": {"datetime": "2021-06-29 21:48:16", "elapsed": 5677.201992, "delta": 18.330093}}
{"target": 0.003418298160953286, "params": {"0": 1.4354358451605558, "1": -1.4282583873546817, "2": 0.45025333919680444, "3": -1.6767639599470459, "4": 1.4279482052701056, "5": -2.482220352778702, "6": 2.5471440683416864, "7": -0.7664455444768565}, "datetime": {"datetime": "2021-06-29 21:48:38", "elapsed": 5698.692632, "delta": 21.49064}}
{"target": 0.0033061059367340355, "params": {"0": -2.6923112861739154, "1": -0.3605793356007072, "2": -2.025095240382118, "3": 2.011679940518234, "4": -2.8004662026499245, "5": 0.3852636590281424, "6": 1.2044759142703514, "7": 2.8310724527875823}, "datetime": {"datetime": "2021-06-29 21:48:51", "elapsed": 5712.114493, "delta": 13.421861}}
{"target": 0.003873419192085821, "params": {"0": 0.02051615033397436, "1": -2.869571128473587, "2": 0.9524537461794536, "3": -2.0471277029319053, "4": 1.0935315833971586, "5": 0.168511303122175, "6": 2.5763771543952965, "7": -2.4258131457248746}, "datetime": {"datetime": "2021-06-29 21:49:10", "elapsed": 5730.719475, "delta": 18.604982}}
{"target": 0.017026079398469396, "params": {"0": 2.0103911214055774, "1": -0.8511348624692077, "2": -0.45278763492669816, "3": -1.847610411156945, "4": 2.1844441325935087, "5": -2.8885190916532757, "6": 2.02293838461168, "7": 0.4364616880594703}, "datetime": {"datetime": "2021-06-29 21:49:34", "elapsed": 5754.649607, "delta": 23.930132}}
{"target": 0.0036482687270539115, "params": {"0": 0.9449649653199232, "1": 0.32513622082928473, "2": 1.5786244288750355, "3": -0.2233935739777433, "4": -2.5760076708116504, "5": -0.6114494667544284, "6": -2.471138062773857, "7": 2.8899839366827482}, "datetime": {"datetime": "2021-06-29 21:49:46", "elapsed": 5766.619886, "delta": 11.970279}}
{"target": 0.003197838433747644, "params": {"0": 0.7654356559651578, "1": -1.589728817867988, "2": -2.5035733426790436, "3": 2.202324512229273, "4": 1.4547373444530969, "5": -2.377684296066832, "6": 1.4521030995367754, "7": 0.3666470206823318}, "datetime": {"datetime": "2021-06-29 21:50:07", "elapsed": 5787.778655, "delta": 21.158769}}
{"target": 0.0030467444569052793, "params": {"0": -1.358475014744848, "1": 0.9837200623002671, "2": -1.5157483128389977, "3": 2.212266400097607, "4": -1.828377552758742, "5": -1.4368097112191125, "6": 2.735696134397058, "7": 2.281665366899478}, "datetime": {"datetime": "2021-06-29 21:50:18", "elapsed": 5798.818152, "delta": 11.039497}}
{"target": 0.0041653427400041455, "params": {"0": 1.060469024409299, "1": 0.6319423057612781, "2": -0.0966899959416585, "3": 1.0530306238873894, "4": -2.1984738385711093, "5": 1.68731306146017, "6": -0.14040296996021295, "7": 2.4986574282515877}, "datetime": {"datetime": "2021-06-29 21:50:33", "elapsed": 5814.353815, "delta": 15.535663}}
{"target": 0.37802291629821705, "params": {"0": 2.290082869709779, "1": 0.18469280166519564, "2": 2.5132402692421287, "3": 0.2382264635317224, "4": -1.3806940688549687, "5": 2.582528429627093, "6": -0.1332182913072888, "7": 0.6215883362765542}, "datetime": {"datetime": "2021-06-29 21:50:46", "elapsed": 5826.974134, "delta": 12.620319}}
{"target": 0.027273247087376766, "params": {"0": 1.3024905097957582, "1": 1.5146220071437124, "2": 2.019263795462363, "3": -0.7972258715796805, "4": -0.8787907848118337, "5": -0.9590421272909708, "6": -0.399949439109363, "7": 1.1741160336185086}, "datetime": {"datetime": "2021-06-29 21:50:57", "elapsed": 5837.77257, "delta": 10.798436}}
{"target": 0.004126635309568316, "params": {"0": 1.0566531703969793, "1": -1.2804509539259437, "2": -1.37148327937507, "3": -1.0097707172685313, "4": 1.133946191550708, "5": -2.226799348675064, "6": 1.5515510065527363, "7": 0.07697527840754279}, "datetime": {"datetime": "2021-06-29 21:52:44", "elapsed": 5945.199092, "delta": 107.426522}}
{"target": 0.0033311553458357404, "params": {"0": 2.6382211683114356, "1": 2.552192477607587, "2": 1.5990439097963458, "3": -2.5220699398576447, "4": 0.8689249317926802, "5": -1.0575663351303268, "6": 0.7547823860091123, "7": 1.7775454978815652}, "datetime": {"datetime": "2021-06-29 21:52:56", "elapsed": 5956.960211, "delta": 11.761119}}
{"target": 0.020227789698840683, "params": {"0": -0.2248450205826824, "1": -0.3669818039943298, "2": -0.21407730498331512, "3": -1.3175629926801695, "4": -2.387548452522313, "5": -0.9701331035126248, "6": 2.405363079142048, "7": 2.8987897870290142}, "datetime": {"datetime": "2021-06-29 21:53:06", "elapsed": 5967.439406, "delta": 10.479195}}
{"target": 0.006735603954950689, "params": {"0": 1.4844298971764882, "1": -2.647116433895496, "2": 2.7448833102950516, "3": 1.1957061778014069, "4": 0.5562274942867433, "5": -1.2383829913724618, "6": -1.868284705587924, "7": -1.016307988533646}, "datetime": {"datetime": "2021-06-29 21:53:17", "elapsed": 5978.495976, "delta": 11.05657}}
