{"target": 0.01950446787758616, "params": {"0": -0.750783182698874, "1": 0.526782864009216, "2": -0.6642898326296285, "3": 1.0391238627900181, "4": -1.429176688622592, "5": 2.682366821018716, "6": -2.5307460098048846, "7": 0.9582161897306447}, "datetime": {"datetime": "2021-06-30 00:37:22", "elapsed": 15736.300906, "delta": 35.021046}}
{"target": 0.003494940941889717, "params": {"0": -2.139700282438087, "1": -1.0917550049157045, "2": -1.661975428637736, "3": 2.0144305510450495, "4": -0.2892379875428235, "5": -0.7083961925545772, "6": -2.8589410029448032, "7": 2.8553746629134213}, "datetime": {"datetime": "2021-06-30 00:38:16", "elapsed": 15789.465991, "delta": 53.165085}}
{"target": 0.003726747153075286, "params": {"0": -2.3306928329749717, "1": -2.2116718562105504, "2": -1.9151914483424548, "3": -0.4196127957949365, "4": -2.7501564548034665, "5": -1.129970430573748, "6": -2.700811624623487, "7": -2.516826685185899}, "datetime": {"datetime": "2021-06-30 00:38:43", "elapsed": 15817.220462, "delta": 27.754471}}
{"target": 0.003413226509348119, "params": {"0": -1.8858871808711424, "1": 1.386574115617635, "2": -0.47989983022061633, "3": 1.1968233543706113, "4": -2.40909361114029, "5": 0.4028390983250869, "6": -1.297514728889527, "7": -0.046385521668778296}, "datetime": {"datetime": "2021-06-30 00:39:13", "elapsed": 15846.790674, "delta": 29.570212}}
{"target": 0.029363482194007244, "params": {"0": -0.6065687058637783, "1": 0.4592052320164317, "2": 0.9208271019553171, "3": -0.6081147089911125, "4": 1.887093903293291, "5": -2.305651583830224, "6": 0.3888590522707016, "7": -1.7979736449849861}, "datetime": {"datetime": "2021-06-30 00:39:44", "elapsed": 15878.097999, "delta": 31.307325}}
{"target": 0.00319835376870446, "params": {"0": -1.7697048789465704, "1": 2.655600538037368, "2": 1.8088833984311865, "3": 0.05686851542763982, "4": -0.25076081085120183, "5": 1.5591127583258197, "6": -2.16515678281346, "7": 1.1247068240925646}, "datetime": {"datetime": "2021-06-30 00:40:12", "elapsed": 15905.612145, "delta": 27.514146}}
{"target": 0.004671389710586069, "params": {"0": 0.28353342831871986, "1": -1.4804280059267638, "2": 2.2340480007582073, "3": -2.541558696190298, "4": 1.5734781465748897, "5": -0.9307996978263673, "6": -2.5019373048718556, "7": 2.503079033396846}, "datetime": {"datetime": "2021-06-30 00:41:04", "elapsed": 15958.069422, "delta": 52.457277}}
{"target": 0.003278158007583009, "params": {"0": 0.03678884265107207, "1": 0.14172835381286575, "2": -1.3004534893424953, "3": 0.89465465273036, "4": -1.5300667434009008, "5": 2.0161267614791765, "6": -2.7484554784334363, "7": 1.0088517094256853}, "datetime": {"datetime": "2021-06-30 00:41:45", "elapsed": 15999.230262, "delta": 41.16084}}
{"target": 0.0035852147409182137, "params": {"0": 1.4699148794766685, "1": 1.4321178981107927, "2": -2.7975601230676386, "3": -0.7341834967470939, "4": -2.131670248447488, "5": 1.3753152933568558, "6": -2.6719631944954116, "7": -2.074676046048014}, "datetime": {"datetime": "2021-06-30 00:42:05", "elapsed": 16018.739877, "delta": 19.509615}}
{"target": 0.0038039917746701614, "params": {"0": 1.7208222549446113, "1": -2.937009477508268, "2": -1.674612604747182, "3": -2.171547020662312, "4": -1.986340479151673, "5": 0.11960940500418271, "6": 2.4002304849570724, "7": -0.3572608212406845}, "datetime": {"datetime": "2021-06-30 00:42:52", "elapsed": 16065.834738, "delta": 47.094861}}
{"target": 0.0034196081772651238, "params": {"0": -1.6700349801981593, "1": 0.9025416757521518, "2": -0.3983382510579476, "3": 2.3171071127714153, "4": 1.8761547778085905, "5": 0.9620210989949642, "6": -0.7761842160421688, "7": 2.393356282834633}, "datetime": {"datetime": "2021-06-30 00:43:13", "elapsed": 16087.014191, "delta": 21.179453}}
{"target": 0.003373534676381071, "params": {"0": 2.678244711311075, "1": 0.35475484819991143, "2": -1.387732331718782, "3": 1.8278321878891024, "4": 0.500133079057238, "5": -0.8729083326002147, "6": -2.237341051145262, "7": 0.21929135738829508}, "datetime": {"datetime": "2021-06-30 00:43:48", "elapsed": 16121.999861, "delta": 34.98567}}
{"target": 0.0034334322553896558, "params": {"0": -0.382800819619562, "1": 2.8080720462773243, "2": -2.4714590412011574, "3": -2.219264144564904, "4": -0.9764580263622609, "5": -2.4356740572364224, "6": 1.4846873393286852, "7": -2.2714832357976187}, "datetime": {"datetime": "2021-06-30 00:44:19", "elapsed": 16152.468721, "delta": 30.46886}}
{"target": 0.0035456443006733943, "params": {"0": -1.0750367448042362, "1": -1.4648461461232285, "2": -2.507469712823089, "3": 2.1433748161843944, "4": -2.582169269597215, "5": -1.4917834384222477, "6": 1.674730118939955, "7": 2.727285885739052}, "datetime": {"datetime": "2021-06-30 00:44:37", "elapsed": 16170.897503, "delta": 18.428782}}
{"target": 0.00946700019740353, "params": {"0": -0.45680810865304533, "1": 0.21759983881149036, "2": 0.6946830323866955, "3": -0.6519465600586187, "4": 2.3026530557460356, "5": -2.5665233074014884, "6": 0.12421637781251249, "7": -1.5382797787734013}, "datetime": {"datetime": "2021-06-30 00:45:10", "elapsed": 16203.797651, "delta": 32.900148}}
{"target": 0.00338120064245249, "params": {"0": 1.719037258306999, "1": 1.442965229007111, "2": 0.4342672814742854, "3": 2.8240651468158653, "4": -0.6622999821751208, "5": 2.957561236272417, "6": -2.343987152349301, "7": 1.2985992443514842}, "datetime": {"datetime": "2021-06-30 00:45:39", "elapsed": 16232.71928, "delta": 28.921629}}
{"target": 0.009468872827999174, "params": {"0": -1.4319039314836908, "1": -1.637382091897452, "2": -2.8319693159253063, "3": 0.4934784809260542, "4": -2.890657625095782, "5": -1.6390558481072002, "6": -2.01666289955146, "7": -2.2068595121573145}, "datetime": {"datetime": "2021-06-30 00:46:06", "elapsed": 16259.557339, "delta": 26.838059}}
{"target": 0.003186230007152786, "params": {"0": -1.6824486824342837, "1": -2.9204597834889774, "2": 0.2624138741311164, "3": -0.12192416724353627, "4": 0.6092186933314463, "5": 1.6868303873270865, "6": 0.08784581361704369, "7": -0.21513139358780498}, "datetime": {"datetime": "2021-06-30 00:46:30", "elapsed": 16284.258896, "delta": 24.701557}}
{"target": 0.0030405740960699765, "params": {"0": -2.4125597644648495, "1": -1.737448808605663, "2": 0.9731310932321939, "3": 2.2750832369311356, "4": -0.4002359939262061, "5": 1.791012365964681, "6": 0.08188193867279381, "7": 0.04724472053175388}, "datetime": {"datetime": "2021-06-30 00:46:48", "elapsed": 16302.10151, "delta": 17.842614}}
{"target": 0.003449224759452272, "params": {"0": -0.3438987586336304, "1": 2.9723051686668622, "2": -1.112123792545745, "3": 0.08304415743770832, "4": -2.6986852023017995, "5": 0.24175134078562222, "6": -2.5596692036125677, "7": -2.5591651118765935}, "datetime": {"datetime": "2021-06-30 00:47:30", "elapsed": 16343.729734, "delta": 41.628224}}
{"target": 0.05961135169376399, "params": {"0": 1.628379603528039, "1": 2.8790340408516766, "2": 1.8242152651367656, "3": -2.0755205933125658, "4": -0.11722341504561085, "5": -2.775005215965871, "6": -0.23645738321838827, "7": 2.4064714402600496}, "datetime": {"datetime": "2021-06-30 00:47:49", "elapsed": 16362.724877, "delta": 18.995143}}
{"target": 0.015160050617816657, "params": {"0": -1.5902116699013713, "1": -1.7917790229444246, "2": -0.8137363376495856, "3": 1.3552369557021606, "4": 2.4696721861737707, "5": -1.940785473384112, "6": 1.1110983346431418, "7": 0.489876972193112}, "datetime": {"datetime": "2021-06-30 00:49:00", "elapsed": 16434.315046, "delta": 71.590169}}
{"target": 0.010755965837704563, "params": {"0": 0.7732803684979954, "1": -2.305517466566974, "2": 1.8115165998409983, "3": -2.787533447501798, "4": 0.21936408848068112, "5": 1.3506027075596156, "6": -2.2586870992255124, "7": 0.12780361641680038}, "datetime": {"datetime": "2021-06-30 00:49:35", "elapsed": 16469.365812, "delta": 35.050766}}
{"target": 0.0029405483645473397, "params": {"0": 2.210299718551191, "1": -0.08723992171015382, "2": -2.478070806887537, "3": 1.0343032983152192, "4": 1.460691115914588, "5": 0.11452699778607878, "6": -1.1947001293783377, "7": 1.6987773672014717}, "datetime": {"datetime": "2021-06-30 00:50:03", "elapsed": 16496.849602, "delta": 27.48379}}
{"target": 0.00437550245690435, "params": {"0": 2.78732122459693, "1": 0.6216004984069778, "2": -1.765454406252901, "3": -2.795057331100616, "4": 1.9318013471307491, "5": 0.12047540967586778, "6": 1.8570189432801376, "7": -0.5006267401956399}, "datetime": {"datetime": "2021-06-30 00:50:36", "elapsed": 16529.787402, "delta": 32.9378}}
{"target": 0.00288484612040027, "params": {"0": -1.0860325356252942, "1": 0.359758351683269, "2": 1.8390650363599947, "3": -0.8391380022800101, "4": -0.36773680056353664, "5": 2.3600667844003054, "6": 2.7417706163899904, "7": 2.6710682944161652}, "datetime": {"datetime": "2021-06-30 00:51:06", "elapsed": 16560.051052, "delta": 30.26365}}
{"target": 0.006195763771648188, "params": {"0": -0.581366877501102, "1": 2.8175095620578254, "2": -0.7915404491689939, "3": -2.3558336486977898, "4": -0.13469642142386773, "5": -1.9885353782810629, "6": -0.45972189703379884, "7": -0.45425818206776736}, "datetime": {"datetime": "2021-06-30 00:51:46", "elapsed": 16600.363872, "delta": 40.31282}}
{"target": 0.004571034820304165, "params": {"0": 2.5061675723942054, "1": 0.375334947721246, "2": -0.9341991511491741, "3": 1.8596273693415544, "4": -1.4018993430401903, "5": 0.5638846389098457, "6": 1.4154893972226734, "7": 2.7841222612696743}, "datetime": {"datetime": "2021-06-30 00:53:24", "elapsed": 16698.164313, "delta": 97.800441}}
{"target": 0.003908943386712568, "params": {"0": -0.5939807717332624, "1": 0.39695058003424855, "2": -0.6171445779772187, "3": 1.129706085634763, "4": -1.467914207976828, "5": 2.889098361004952, "6": -1.8879734732481794, "7": 1.4509300964153375}, "datetime": {"datetime": "2021-06-30 00:53:59", "elapsed": 16733.236446, "delta": 35.072133}}
{"target": 0.003981384615564534, "params": {"0": -2.3838846498651014, "1": 1.1694223376353197, "2": -2.07393483259942, "3": -0.505991673228519, "4": -0.7029109573986174, "5": -2.45065719607005, "6": -1.2813556513303588, "7": -1.740414256224643}, "datetime": {"datetime": "2021-06-30 00:55:07", "elapsed": 16800.854479, "delta": 67.618033}}
{"target": 0.0036633657761441355, "params": {"0": 0.5118986959770293, "1": -2.94921440053166, "2": 2.3518846231449464, "3": -1.6223813202841824, "4": -1.0021876728662704, "5": 0.9342786533240162, "6": -2.278228365271616, "7": 1.145486968268684}, "datetime": {"datetime": "2021-06-30 00:55:33", "elapsed": 16826.502804, "delta": 25.648325}}
{"target": 0.0037764199602103522, "params": {"0": -2.6073843529686602, "1": 2.921250340632616, "2": -1.4500847088623914, "3": 0.7345113231118838, "4": 2.802047130017435, "5": -2.020091393000097, "6": 0.517309907101029, "7": 1.572003021629084}, "datetime": {"datetime": "2021-06-30 00:56:08", "elapsed": 16862.022643, "delta": 35.519839}}
{"target": 0.0034639460037971686, "params": {"0": 2.641651406997224, "1": -1.1915624802713327, "2": -0.04749920195189983, "3": 2.276057746204189, "4": 0.2067127828361781, "5": -2.5849283108868373, "6": -2.220804387270757, "7": 1.3874587736621367}, "datetime": {"datetime": "2021-06-30 00:57:41", "elapsed": 16955.342776, "delta": 93.320133}}
{"target": 0.002957331920114433, "params": {"0": 2.9293624544522974, "1": -1.657301184380571, "2": -1.2934198062904925, "3": 2.5550993713979935, "4": 1.8156845616056918, "5": 0.8323377760435768, "6": 1.6705016423091408, "7": 2.287728188856917}, "datetime": {"datetime": "2021-06-30 00:58:03", "elapsed": 16976.50374, "delta": 21.160964}}
{"target": 0.0052991235369101945, "params": {"0": 0.7754908044692925, "1": 2.5558958926379516, "2": -2.711520855448825, "3": -2.1834900761152114, "4": -0.6086751190186424, "5": 1.390886973118401, "6": 0.9222278948515212, "7": 1.2624041114116569}, "datetime": {"datetime": "2021-06-30 00:58:29", "elapsed": 17002.656756, "delta": 26.153016}}
{"target": 0.004685161162412254, "params": {"0": -2.934661092458664, "1": 0.48222639347603646, "2": 1.4087131540598614, "3": -2.4970110816008715, "4": 0.08843922719771857, "5": -0.4791648511157427, "6": -0.043888985103632816, "7": -2.4755999650733544}, "datetime": {"datetime": "2021-06-30 00:58:52", "elapsed": 17025.898305, "delta": 23.241549}}
{"target": 0.0038465806126184, "params": {"0": 1.4536281974079666, "1": 1.7217270365900088, "2": 0.7808102431037951, "3": -2.917406233871497, "4": 2.400240170463972, "5": -0.11835106548945706, "6": -2.1019725224882446, "7": -2.6329016735008697}, "datetime": {"datetime": "2021-06-30 00:59:22", "elapsed": 17055.584792, "delta": 29.686487}}
{"target": 0.0033635938902197788, "params": {"0": -0.30767442098393527, "1": 2.6301489322758096, "2": -2.6015269165117862, "3": -2.3369704203020722, "4": -1.5277366819437828, "5": 1.923476919646502, "6": 2.6770197934339777, "7": -1.2827629748400327}, "datetime": {"datetime": "2021-06-30 00:59:39", "elapsed": 17072.777697, "delta": 17.192905}}
{"target": 0.0041125117480230525, "params": {"0": -0.9681405875481097, "1": 1.2543867014348429, "2": 1.4689856073491718, "3": 1.827618769305305, "4": 2.0650276117394073, "5": -2.1665755130347275, "6": 2.6079886795672325, "7": -1.7293222910059538}, "datetime": {"datetime": "2021-06-30 01:00:01", "elapsed": 17095.393627, "delta": 22.61593}}
{"target": 0.01548291326151109, "params": {"0": -2.3094775665346274, "1": 0.7130811164184823, "2": -2.7229322556983915, "3": 0.8607239180919439, "4": 2.9900562320649913, "5": -1.830395579548073, "6": 1.5563627872874974, "7": -2.685602458855656}, "datetime": {"datetime": "2021-06-30 01:00:48", "elapsed": 17141.51635, "delta": 46.122723}}
{"target": 0.004180791218137422, "params": {"0": -2.6522009840456753, "1": 2.9288941374135113, "2": -0.38448553665490426, "3": 0.5675725982456385, "4": 1.7736364337664554, "5": 2.8778576088702605, "6": -0.10943247020378433, "7": -1.5481374950354632}, "datetime": {"datetime": "2021-06-30 01:01:11", "elapsed": 17164.899283, "delta": 23.382933}}
{"target": 0.0029722010368324484, "params": {"0": -2.897054866426139, "1": -2.90720835117728, "2": -2.124645975293131, "3": 0.696930239225428, "4": -2.0858544358519957, "5": 2.613200295383791, "6": 1.6488874291344926, "7": -1.0159027852864808}, "datetime": {"datetime": "2021-06-30 01:01:42", "elapsed": 17195.806812, "delta": 30.907529}}
{"target": 0.0030029658125987073, "params": {"0": -0.7158546561080033, "1": -0.400540855776514, "2": -2.1718832487235584, "3": 2.0284300796210823, "4": 2.166333881772923, "5": 0.9564584490057815, "6": 2.138710625695242, "7": -2.101675734934978}, "datetime": {"datetime": "2021-06-30 01:02:11", "elapsed": 17225.144148, "delta": 29.337336}}
{"target": 0.003503067425093038, "params": {"0": 1.4435628887299181, "1": 0.366638454933625, "2": 2.0788668553667886, "3": 2.991883592870435, "4": 0.04433942253958367, "5": 0.4612544768974156, "6": -2.993906872396208, "7": 1.0165876303495276}, "datetime": {"datetime": "2021-06-30 01:02:45", "elapsed": 17259.002244, "delta": 33.858096}}
{"target": 0.004405674873231657, "params": {"0": -1.9293225211611766, "1": -0.14349084700437054, "2": 0.808075815440068, "3": 0.8057303631554591, "4": -1.4328882681168658, "5": 0.4707115086120046, "6": 1.3759473152065, "7": 0.3056702691719311}, "datetime": {"datetime": "2021-06-30 01:03:16", "elapsed": 17289.490694, "delta": 30.48845}}
{"target": 0.00389122847873382, "params": {"0": 2.171307482403938, "1": -0.9282736807243341, "2": -1.5256037123298887, "3": -0.234250906432937, "4": -0.3441918168462186, "5": -1.7074284988866064, "6": -1.1958126153714137, "7": 0.7705375018175653}, "datetime": {"datetime": "2021-06-30 01:03:40", "elapsed": 17313.906004, "delta": 24.41531}}
{"target": 0.09401489939524625, "params": {"0": 0.9607235113314587, "1": -0.8656099874715579, "2": 2.2749870461266557, "3": -0.8000856536255743, "4": -0.7789173762582418, "5": -1.0159148235406623, "6": -0.8886303389731358, "7": 1.8260126513562627}, "datetime": {"datetime": "2021-06-30 01:04:05", "elapsed": 17338.681371, "delta": 24.775367}}
{"target": 0.003059213734625775, "params": {"0": -0.5845803325135841, "1": -1.4439734616100879, "2": 0.4477462117494504, "3": -0.20882004781355779, "4": 1.387610071480852, "5": 2.912900058591525, "6": -2.4193402368849553, "7": -1.0989058395221114}, "datetime": {"datetime": "2021-06-30 01:04:39", "elapsed": 17373.220113, "delta": 34.538742}}
{"target": 0.004850975093279898, "params": {"0": 0.6752067376771631, "1": -1.6640386284602677, "2": -1.482814354900189, "3": -0.07308888635380484, "4": 0.9122483136327642, "5": -1.9252557881239036, "6": -0.936871310108236, "7": 0.32986791436567353}, "datetime": {"datetime": "2021-06-30 01:05:16", "elapsed": 17409.548545, "delta": 36.328432}}
{"target": 0.01564659732214904, "params": {"0": -2.1165756839323513, "1": -1.3458765106757613, "2": -2.71253702737381, "3": -2.0111079208074365, "4": 1.1519354290482022, "5": -0.5773799992818178, "6": -2.9989724532940167, "7": 1.3448469771277054}, "datetime": {"datetime": "2021-06-30 01:05:50", "elapsed": 17443.545835, "delta": 33.99729}}
{"target": 0.0029125248781623407, "params": {"0": 2.8057238545855645, "1": 0.8326660475015943, "2": -0.1886333321659679, "3": 0.7519957645899726, "4": 2.408476236458476, "5": -0.05393887611259007, "6": 1.9196147864309774, "7": 2.3820412731932032}, "datetime": {"datetime": "2021-06-30 01:06:22", "elapsed": 17475.894347, "delta": 32.348512}}
{"target": 0.006950422752193357, "params": {"0": 0.9284484415947718, "1": -1.3760700377298587, "2": -2.330277833657859, "3": 2.3174302561332443, "4": -2.851783092461889, "5": 0.5119675848289393, "6": 1.5621038712503559, "7": 0.9060036253972679}, "datetime": {"datetime": "2021-06-30 01:07:01", "elapsed": 17515.123302, "delta": 39.228955}}
{"target": 0.003485507999258012, "params": {"0": 2.480484537277432, "1": -1.6396776609504844, "2": -1.582152197869651, "3": -0.6526579162862145, "4": 1.6681027222145843, "5": -0.852266575113307, "6": 2.0674202199811527, "7": -1.5376816941402385}, "datetime": {"datetime": "2021-06-30 01:07:37", "elapsed": 17550.836094, "delta": 35.712792}}
{"target": 0.0028659557611024258, "params": {"0": -2.02962235828426, "1": 2.0515532782260584, "2": 1.1181404949015956, "3": -0.3844610373222328, "4": 2.597213072214088, "5": -2.438380963358315, "6": -2.414964048580842, "7": -0.2134012931012368}, "datetime": {"datetime": "2021-06-30 01:08:02", "elapsed": 17575.660686, "delta": 24.824592}}
{"target": 0.00582142254654891, "params": {"0": -2.0214529317481507, "1": -0.8124186830357214, "2": 0.3181629178618528, "3": -1.8370973153955028, "4": 0.2006842085073055, "5": 1.7706264557285776, "6": -2.982870335318057, "7": -2.739552328447046}, "datetime": {"datetime": "2021-06-30 01:08:40", "elapsed": 17614.379402, "delta": 38.718716}}
{"target": 0.003872651523340735, "params": {"0": 1.9229460480889298, "1": -1.9074451031799113, "2": -0.03287214006211947, "3": -1.4775824293866056, "4": 0.12588910520730856, "5": 2.5075587747787367, "6": -0.5463681217111431, "7": -2.1725289051443957}, "datetime": {"datetime": "2021-06-30 01:09:17", "elapsed": 17651.392721, "delta": 37.013319}}
{"target": 0.0035419471201117016, "params": {"0": -1.9971787385187663, "1": -0.6209946761852034, "2": 1.6815894901141721, "3": 0.01633700262271942, "4": -2.3585218038270113, "5": -0.9374596715421695, "6": -1.1149368105583286, "7": -2.697293442321291}, "datetime": {"datetime": "2021-06-30 01:09:52", "elapsed": 17685.635758, "delta": 34.243037}}
{"target": 0.0034772466841570125, "params": {"0": -0.9308403400216232, "1": 2.3526515053722177, "2": -0.5537653951665988, "3": -1.6715750675131886, "4": -0.11084431142471374, "5": 1.2649049765901097, "6": -0.33405727796488627, "7": 0.44264088092589926}, "datetime": {"datetime": "2021-06-30 01:10:23", "elapsed": 17716.529887, "delta": 30.894129}}
{"target": 0.0028742955505228745, "params": {"0": -2.3973824493011824, "1": -0.14255372379715414, "2": 0.7049307515343326, "3": 1.0917263992202084, "4": 2.244415700537025, "5": -1.8871751151469205, "6": 0.18675947985617247, "7": 1.0253457684409018}, "datetime": {"datetime": "2021-06-30 01:10:48", "elapsed": 17741.932966, "delta": 25.403079}}
{"target": 0.006301249876485096, "params": {"0": 1.4432959534298666, "1": 1.5677347016169216, "2": -2.6939679387076643, "3": 1.9213002239449208, "4": -2.8526520960220427, "5": -2.4025279600907234, "6": -1.8130047435597785, "7": -0.798237601606373}, "datetime": {"datetime": "2021-06-30 01:11:09", "elapsed": 17762.69993, "delta": 20.766964}}
{"target": 0.08792495709389592, "params": {"0": 0.4204155857535281, "1": -0.10232361827750047, "2": 1.639854603563716, "3": -0.9973254108882132, "4": 1.223732530738853, "5": -2.7107877880141764, "6": -2.4020370846169934, "7": 2.9380644254397614}, "datetime": {"datetime": "2021-06-30 01:11:34", "elapsed": 17787.682413, "delta": 24.982483}}
{"target": 0.003831423888575393, "params": {"0": 0.9812059171144702, "1": -0.6919881281662921, "2": -1.0849802429065405, "3": -2.540284147324476, "4": -0.209541197523186, "5": -2.3082149655205457, "6": -2.8354595510958998, "7": -1.368640496521827}, "datetime": {"datetime": "2021-06-30 01:11:57", "elapsed": 17810.684148, "delta": 23.001735}}
{"target": 0.0031124275936248087, "params": {"0": -1.909796593740629, "1": 0.377003976387547, "2": 0.9154197983749288, "3": -1.718714634666777, "4": 2.2386708746699657, "5": 2.249183683093646, "6": -1.6255932280641747, "7": 0.8025933587908165}, "datetime": {"datetime": "2021-06-30 01:12:37", "elapsed": 17851.150287, "delta": 40.466139}}
{"target": 0.003121361253665769, "params": {"0": -0.20196495406925052, "1": -0.6959776240942257, "2": -2.250685475436329, "3": -1.6972045316487205, "4": -2.7522809894418456, "5": 2.9477807934927034, "6": 2.9023137551413285, "7": -2.623034240251876}, "datetime": {"datetime": "2021-06-30 01:13:29", "elapsed": 17903.408519, "delta": 52.258232}}
