{"target": 0.00301487911083273, "params": {"0": 2.832067595496925, "1": 2.6486605763052777, "2": 0.9751858248277938, "3": 0.6412265707350864, "4": 2.544551391858013, "5": 2.422172085163931, "6": 1.8997505985920746, "7": 0.7318397816598003}, "datetime": {"datetime": "2021-06-29 20:26:10", "elapsed": 751.41095, "delta": 1.691794}}
{"target": 0.00536968500414935, "params": {"0": 2.0855656921917927, "1": -2.9894940361440154, "2": -2.2997957720288547, "3": -0.7960123430620674, "4": -0.44177365364150933, "5": -2.64819109525361, "6": 0.6880545530917548, "7": -1.759971157159203}, "datetime": {"datetime": "2021-06-29 20:26:14", "elapsed": 754.93209, "delta": 3.52114}}
{"target": 0.003428898455434836, "params": {"0": 2.084389812391053, "1": -1.0533982291030295, "2": 0.7495901199164239, "3": -0.6056996325266315, "4": -2.910591224442273, "5": -1.9967733846390274, "6": 2.5241438515043964, "7": 1.7939809222435112}, "datetime": {"datetime": "2021-06-29 20:26:16", "elapsed": 756.803455, "delta": 1.871365}}
{"target": 0.0030899848295505104, "params": {"0": 0.34878693924030646, "1": -2.0139323023356983, "2": 1.662853783353448, "3": -0.8882403815405926, "4": 0.33818966492801517, "5": -0.8892630784807634, "6": 2.8003711995156113, "7": 2.8229788603642225}, "datetime": {"datetime": "2021-06-29 20:26:18", "elapsed": 758.869082, "delta": 2.065627}}
{"target": 0.0028865148984002806, "params": {"0": -2.3808531318729527, "1": 2.9270403889025767, "2": 2.250905888918859, "3": -0.5956471793674285, "4": -1.9705762952046402, "5": 0.8787788817202653, "6": 2.892321620742079, "7": 1.7467376366279215}, "datetime": {"datetime": "2021-06-29 20:26:21", "elapsed": 762.091917, "delta": 3.222835}}
{"target": 0.004548806872675607, "params": {"0": 1.597238269729381, "1": -0.5436515593207449, "2": 1.5646478671740711, "3": -1.007004947984968, "4": -1.0978212494402537, "5": -0.8276348546305066, "6": -0.3859704888859472, "7": 1.3655072598853675}, "datetime": {"datetime": "2021-06-29 20:26:25", "elapsed": 766.19152, "delta": 4.099603}}
{"target": 0.0038854854952775062, "params": {"0": -1.7901631989834519, "1": -2.1372679645468415, "2": 0.9819367283960245, "3": -2.666056519369758, "4": -0.5960900017602868, "5": 1.3118094074819187, "6": 1.0149389401193076, "7": -1.3915955062897034}, "datetime": {"datetime": "2021-06-29 20:26:30", "elapsed": 771.230763, "delta": 5.039243}}
{"target": 0.0028922642379827753, "params": {"0": -2.183283744340395, "1": 1.7802126402002365, "2": 1.55870785311774, "3": -0.2397442219954331, "4": 0.2851965309313722, "5": 2.7376310109318016, "6": 0.5589841112930092, "7": -2.1349879911872955}, "datetime": {"datetime": "2021-06-29 20:26:34", "elapsed": 775.055914, "delta": 3.825151}}
{"target": 0.003668197314659067, "params": {"0": -1.258020904033686, "1": 0.30672481000229634, "2": -2.7179450617828786, "3": 1.2137340134684367, "4": -2.6474763301838538, "5": 2.430567674541602, "6": -1.1519095460964057, "7": 0.14130784467530333}, "datetime": {"datetime": "2021-06-29 20:26:39", "elapsed": 779.968186, "delta": 4.912272}}
{"target": 0.0029966606559916277, "params": {"0": -0.9492478590471398, "1": -2.1443784138136417, "2": -2.2811559495515885, "3": 1.1207185517567524, "4": -1.751049186678428, "5": 1.959498782469801, "6": 2.1599089222319936, "7": -2.7808203482389624}, "datetime": {"datetime": "2021-06-29 20:26:43", "elapsed": 783.748448, "delta": 3.780262}}
{"target": 0.012954584681265821, "params": {"0": -1.0369817447134226, "1": 0.14908518116238678, "2": -2.230555413186889, "3": -1.1046645454934776, "4": 1.9654034939120066, "5": -0.9499422644190365, "6": 0.8437443174554824, "7": -1.3034826499475562}, "datetime": {"datetime": "2021-06-29 20:26:45", "elapsed": 786.720314, "delta": 2.971866}}
{"target": 0.0031176257043583405, "params": {"0": 0.5498415916075801, "1": -0.15300260975411373, "2": -2.080433999653457, "3": -2.387987683630511, "4": -1.7071399047877553, "5": 1.1461283864691403, "6": 2.813950988703815, "7": 1.7840574067745587}, "datetime": {"datetime": "2021-06-29 20:26:49", "elapsed": 789.774764, "delta": 3.05445}}
{"target": 0.014841160271276648, "params": {"0": 2.7040614323474674, "1": 1.257181454198423, "2": -2.3575572728298804, "3": -2.0554584202597366, "4": -1.5063061221835754, "5": 1.3698044024517744, "6": 2.3486009881088137, "7": -1.2156614572757645}, "datetime": {"datetime": "2021-06-29 20:26:57", "elapsed": 798.525151, "delta": 8.750387}}
{"target": 0.0031999240028910154, "params": {"0": -0.524630287931835, "1": 2.37084257120987, "2": 0.923353167448349, "3": 2.085274863173731, "4": -0.24237035147581665, "5": -2.9735042083907994, "6": 0.10013609279112279, "7": -0.4742466362616433}, "datetime": {"datetime": "2021-06-29 20:27:01", "elapsed": 802.464607, "delta": 3.939456}}
{"target": 0.003961057797442307, "params": {"0": 2.6223742007011, "1": -1.5673608784820214, "2": -0.8201056703085339, "3": -1.8447019851450057, "4": 0.49847689966492315, "5": -0.8086129808402989, "6": 1.015880385624345, "7": 1.8321122908838063}, "datetime": {"datetime": "2021-06-29 20:27:10", "elapsed": 811.276736, "delta": 8.812129}}
{"target": 0.0029906477672485875, "params": {"0": 1.0021086805550485, "1": -2.78427223977607, "2": -0.9446590808223974, "3": 2.9117777589079115, "4": 2.572836148664104, "5": 2.315934085415197, "6": 0.19252922353646795, "7": -0.16453877173211673}, "datetime": {"datetime": "2021-06-29 20:27:13", "elapsed": 814.657126, "delta": 3.38039}}
{"target": 0.00283097835861764, "params": {"0": -2.616940886454392, "1": 1.642335386441748, "2": -0.14469367677387623, "3": 1.2442321638238942, "4": 2.45426323459891, "5": -2.9873978952315454, "6": -1.7390751662334032, "7": 1.6450418973533303}, "datetime": {"datetime": "2021-06-29 20:27:18", "elapsed": 819.194058, "delta": 4.536932}}
{"target": 0.003288153268962643, "params": {"0": 1.2444459350105515, "1": 2.0296281526250226, "2": 1.5934276354956483, "3": -1.8281946085766427, "4": -1.2514981420386233, "5": 1.9456634132074404, "6": -1.4186833364520042, "7": -1.7197459496938536}, "datetime": {"datetime": "2021-06-29 20:27:20", "elapsed": 821.294021, "delta": 2.099963}}
{"target": 0.004752758714764797, "params": {"0": 0.5501598347101986, "1": 1.6758673299188178, "2": 0.018873570957792296, "3": -0.5362299610839334, "4": -0.28271298878978435, "5": -1.1951679505614405, "6": -1.9593110865830103, "7": -1.6770332383998436}, "datetime": {"datetime": "2021-06-29 20:27:22", "elapsed": 823.135783, "delta": 1.841762}}
{"target": 0.003317625560019011, "params": {"0": -1.268800906946921, "1": 1.2007713098867914, "2": -1.8130716981924733, "3": -0.1905097484267495, "4": -2.2523419582948496, "5": 2.0728450620827026, "6": 1.7689413174357078, "7": 0.8725282308864131}, "datetime": {"datetime": "2021-06-29 20:27:26", "elapsed": 826.793681, "delta": 3.657898}}
{"target": 0.0038563328011509386, "params": {"0": 0.14307548572128992, "1": -2.6419884171567536, "2": -0.7839348345180204, "3": 0.4792503373108654, "4": -1.9668067302738055, "5": 2.834272867460215, "6": 0.15988853484295396, "7": 1.9426060606120652}, "datetime": {"datetime": "2021-06-29 20:27:28", "elapsed": 829.377013, "delta": 2.583332}}
{"target": 0.0028881007770953956, "params": {"0": 0.5228676457506598, "1": 1.7825319903782564, "2": 1.538223058630801, "3": 1.217954309198368, "4": 2.1924852610669543, "5": -0.1743708163358324, "6": -1.9647139092242052, "7": 1.4431177834877227}, "datetime": {"datetime": "2021-06-29 20:27:31", "elapsed": 832.261046, "delta": 2.884033}}
{"target": 0.8889410691918118, "params": {"0": 0.8991787597948142, "1": -2.8379605418095384, "2": -0.24847701557736546, "3": -2.2525508503090252, "4": -1.2008512557309399, "5": -2.201013455578771, "6": -1.0216135226916392, "7": 1.5095554861010587}, "datetime": {"datetime": "2021-06-29 20:27:34", "elapsed": 834.969276, "delta": 2.70823}}
{"target": 0.0032938096036602333, "params": {"0": 1.6360151962524467, "1": 2.6873584920840283, "2": -0.7877021463682459, "3": 0.02644600588863355, "4": 1.2002300818206457, "5": -1.6103534874550915, "6": -0.7677716495814311, "7": 2.6918244611666005}, "datetime": {"datetime": "2021-06-29 20:27:36", "elapsed": 837.15584, "delta": 2.186564}}
{"target": 0.005820369325612583, "params": {"0": -2.675282018222954, "1": 0.7578837920832591, "2": -2.467098305647446, "3": -1.0534866465147417, "4": 1.7656591684268799, "5": 0.34718016851530464, "6": -0.20539679259427768, "7": -1.3546692404490923}, "datetime": {"datetime": "2021-06-29 20:27:39", "elapsed": 839.762481, "delta": 2.606641}}
{"target": 0.032016677777913095, "params": {"0": 1.000897405233557, "1": 1.1235272604039466, "2": -0.5289981302367144, "3": -0.15012988360548807, "4": -0.4762931237981989, "5": -0.9948685204775463, "6": -2.3226516031523405, "7": -1.2854963566497382}, "datetime": {"datetime": "2021-06-29 20:27:42", "elapsed": 843.432954, "delta": 3.670473}}
{"target": 0.004162591892887709, "params": {"0": 0.911427874004616, "1": 1.4852617046292007, "2": 0.013872104285848508, "3": -0.4213527179347478, "4": -0.47714435001414657, "5": -1.0884608006486631, "6": -0.8668451348455108, "7": -2.3198398380962235}, "datetime": {"datetime": "2021-06-29 20:27:48", "elapsed": 848.961126, "delta": 5.528172}}
{"target": 0.004828780777922541, "params": {"0": -0.5657361790532502, "1": 0.5423156873384185, "2": -0.9737688256865962, "3": 0.9715872803190253, "4": -2.0290244079474524, "5": 2.7938716914825, "6": -2.7743433113852722, "7": 0.7681256990284053}, "datetime": {"datetime": "2021-06-29 20:27:53", "elapsed": 854.477678, "delta": 5.516552}}
{"target": 0.005496033085244414, "params": {"0": 1.8756969547326499, "1": -1.3580799619846526, "2": 2.296615377995481, "3": 0.26696642459384456, "4": 2.0373243738106046, "5": -2.001985386121838, "6": 1.2360124331864473, "7": 0.2526467120273863}, "datetime": {"datetime": "2021-06-29 20:27:58", "elapsed": 859.118361, "delta": 4.640683}}
{"target": 0.0031413383058545483, "params": {"0": 1.7188414551404225, "1": 0.1393755006528723, "2": 0.9737470463035871, "3": 1.7993899416224073, "4": -2.920661937766691, "5": 1.384382278155706, "6": -2.187153330955414, "7": 1.499021626990853}, "datetime": {"datetime": "2021-06-29 20:28:01", "elapsed": 861.910641, "delta": 2.79228}}
{"target": 0.003310015827673709, "params": {"0": 1.762736818277613, "1": -1.5758259021791126, "2": 2.099919364390651, "3": -0.8499673908574494, "4": -2.1806433667573475, "5": -0.3631958814729992, "6": -2.247094921151418, "7": -2.5194852032161568}, "datetime": {"datetime": "2021-06-29 20:28:04", "elapsed": 865.431221, "delta": 3.52058}}
{"target": 0.004295643932335065, "params": {"0": 0.7879864149928446, "1": -2.9175274707119296, "2": 0.11901483917632039, "3": -1.9839404573302286, "4": -1.8268733081556399, "5": -2.031930120124314, "6": -1.6370051269383874, "7": 1.47811952573805}, "datetime": {"datetime": "2021-06-29 20:28:10", "elapsed": 870.967861, "delta": 5.53664}}
{"target": 0.003681245065874856, "params": {"0": 2.2652953446514053, "1": -0.3428998150200089, "2": 0.8937556914287481, "3": -1.5428270057818514, "4": 0.8468880404186052, "5": -1.2560533385476342, "6": -0.19575072719815845, "7": 2.75046609629182}, "datetime": {"datetime": "2021-06-29 20:28:14", "elapsed": 875.024423, "delta": 4.056562}}
{"target": 0.003157841829417886, "params": {"0": 2.5693319074758705, "1": 1.9957576927105585, "2": -2.342910836664873, "3": 2.8279969819652138, "4": -0.15059119910874852, "5": -0.13306166111960938, "6": -2.1484301873819422, "7": -2.057652333006554}, "datetime": {"datetime": "2021-06-29 20:28:24", "elapsed": 884.860647, "delta": 9.836224}}
{"target": 0.003251593456750559, "params": {"0": 2.8553114893355893, "1": -0.0026136959425855366, "2": 1.8698998821745851, "3": -1.967224212575184, "4": 0.8939675560906437, "5": 2.4909462077435203, "6": -0.06866047373791107, "7": 0.2275893430007705}, "datetime": {"datetime": "2021-06-29 20:28:31", "elapsed": 892.486111, "delta": 7.625464}}
{"target": 0.0030605457115599104, "params": {"0": -0.8922959297497348, "1": 0.19209196786486782, "2": 0.5489843345182841, "3": 1.9803543961889591, "4": 1.9263352702419247, "5": 2.372938682318984, "6": -2.271904496558529, "7": -0.41322181756529686}, "datetime": {"datetime": "2021-06-29 20:28:37", "elapsed": 898.09723, "delta": 5.611119}}
{"target": 0.0034996676457972947, "params": {"0": -2.836912249640182, "1": -1.3633182282676044, "2": -1.77322491736231, "3": -1.7857667790469294, "4": 1.2113770720093129, "5": 0.7776515477934636, "6": -2.611357765373614, "7": 2.6251293542491165}, "datetime": {"datetime": "2021-06-29 20:28:44", "elapsed": 905.104426, "delta": 7.007196}}
{"target": 0.003107288550012779, "params": {"0": 0.11962175720543122, "1": 2.7335052424658377, "2": 2.2395655141801107, "3": 0.46857025042884626, "4": -1.9204291433261313, "5": -0.4172474901244394, "6": 1.9502590006875602, "7": -2.0678630757461622}, "datetime": {"datetime": "2021-06-29 20:28:49", "elapsed": 909.91315, "delta": 4.808724}}
{"target": 0.0031940990488988925, "params": {"0": 2.752674065843907, "1": -1.7890778763006356, "2": 0.5775967947128038, "3": 2.188069616224565, "4": 1.1882382002809972, "5": -1.6347012425410612, "6": -1.0715397730145597, "7": 2.382285187704703}, "datetime": {"datetime": "2021-06-29 20:28:52", "elapsed": 913.596357, "delta": 3.683207}}
{"target": 0.0030027802944478173, "params": {"0": 1.9265407277995301, "1": 0.9509577950924406, "2": 0.29094965318615085, "3": -1.647665095713865, "4": 2.678063150537527, "5": 2.4445642961450895, "6": 1.540694533337943, "7": -1.9051943885185478}, "datetime": {"datetime": "2021-06-29 20:28:57", "elapsed": 918.14341, "delta": 4.547053}}
{"target": 0.0034065953173544887, "params": {"0": -2.085241524070042, "1": -0.6095592557568192, "2": 2.5754104639626227, "3": -2.1964934854547424, "4": -2.947985169090055, "5": 2.4485190730260227, "6": -2.204208916289224, "7": -1.9924794565381974}, "datetime": {"datetime": "2021-06-29 20:29:01", "elapsed": 922.568294, "delta": 4.424884}}
{"target": 0.00567653088069953, "params": {"0": 1.0081059866859068, "1": -0.9374436387664273, "2": 1.2523154819594176, "3": -1.250949998011669, "4": 2.9318864315079143, "5": -2.7065429302245345, "6": -0.283427759838629, "7": -0.3719903455371103}, "datetime": {"datetime": "2021-06-29 20:29:05", "elapsed": 926.021726, "delta": 3.453432}}
{"target": 0.0039002304341514806, "params": {"0": 1.363622717539152, "1": -2.0919982779969075, "2": -0.44090964878703787, "3": 1.6007514782543462, "4": -1.0643446205718987, "5": 2.8857218781369474, "6": 2.995321855414476, "7": -2.9226654162681394}, "datetime": {"datetime": "2021-06-29 20:29:07", "elapsed": 928.185983, "delta": 2.164257}}
{"target": 0.005071890475099072, "params": {"0": -1.9864607059722068, "1": -1.5576963762617428, "2": 2.0992736499931786, "3": 2.5570721541498314, "4": 1.8663510045421239, "5": -0.7906574859877322, "6": 0.7499470505786654, "7": -1.811332213327362}, "datetime": {"datetime": "2021-06-29 20:29:10", "elapsed": 930.973961, "delta": 2.787978}}
{"target": 0.0034932526811301923, "params": {"0": -2.6365131273309625, "1": 1.4680745482338633, "2": -1.1972201626542636, "3": -1.6147716941649228, "4": -2.3506384985020263, "5": 0.3178025602177392, "6": 0.7643762914808478, "7": -1.9726660983534}, "datetime": {"datetime": "2021-06-29 20:29:13", "elapsed": 933.741147, "delta": 2.767186}}
{"target": 0.0037570472322025553, "params": {"0": -0.10510148020863275, "1": -0.21442360545555772, "2": 0.5367866344829855, "3": -0.921930955429588, "4": 2.8417598272407787, "5": 2.0487136562318753, "6": -2.1848326704863457, "7": -2.3649339535894303}, "datetime": {"datetime": "2021-06-29 20:29:17", "elapsed": 937.907671, "delta": 4.166524}}
{"target": 0.0038179214870929664, "params": {"0": 0.8089973729523239, "1": 2.817658485317196, "2": 1.4529621880093613, "3": 0.4581581037460114, "4": -2.36017275221913, "5": -1.2390602809105127, "6": 0.36454776839476555, "7": -0.3794676198810212}, "datetime": {"datetime": "2021-06-29 20:29:20", "elapsed": 941.565998, "delta": 3.658327}}
{"target": 0.003174383299083893, "params": {"0": 1.1570396689166618, "1": 0.20327076932205612, "2": -0.30066781362884054, "3": -2.939566853506626, "4": 1.7066986972971474, "5": -1.8310677081605684, "6": 2.9597113992703274, "7": 1.0395970708038806}, "datetime": {"datetime": "2021-06-29 20:29:25", "elapsed": 946.428567, "delta": 4.862569}}
{"target": 0.003206289614455651, "params": {"0": 1.8219657242622604, "1": 1.0054003593041134, "2": -1.675959743490999, "3": -0.1692409638797967, "4": -0.6260431460352827, "5": 1.3421712218160913, "6": -2.0009978884304784, "7": 0.6951070958392913}, "datetime": {"datetime": "2021-06-29 20:29:28", "elapsed": 949.160521, "delta": 2.731954}}
{"target": 0.0041087906390122305, "params": {"0": -0.10425791628490089, "1": 0.09536225478723104, "2": -0.003251247633266008, "3": -0.24061823213355016, "4": -0.3042737233195165, "5": -1.522618853601381, "6": -2.9759185240485304, "7": -0.28995789017219487}, "datetime": {"datetime": "2021-06-29 20:29:32", "elapsed": 952.804129, "delta": 3.643608}}
{"target": 0.004197905900849431, "params": {"0": -0.3547674962060139, "1": 0.7581901324873175, "2": 2.6876127768420606, "3": 0.3399414576415687, "4": -1.41881192032407, "5": 0.16043649956534178, "6": -1.6631899674334119, "7": -2.9714245533448485}, "datetime": {"datetime": "2021-06-29 20:29:35", "elapsed": 956.68832, "delta": 3.884191}}
{"target": 0.003134658424496648, "params": {"0": -2.3994217273839116, "1": -0.7790205515758046, "2": -1.3138038629934536, "3": -1.7547763950340207, "4": 0.5968583261343725, "5": 0.44462230124381863, "6": 2.086511299916884, "7": 2.2614442927216363}, "datetime": {"datetime": "2021-06-29 20:29:40", "elapsed": 961.005139, "delta": 4.316819}}
{"target": 0.009434694938823106, "params": {"0": 0.28070638528431413, "1": 2.539383275685857, "2": 0.6702360660649287, "3": 1.9697111951647495, "4": -1.1711350218897711, "5": 2.5336578443782685, "6": -2.3427300861588236, "7": 2.891003100749125}, "datetime": {"datetime": "2021-06-29 20:29:42", "elapsed": 962.958625, "delta": 1.953486}}
{"target": 0.003170243568239288, "params": {"0": -1.6694722461355367, "1": 1.4590731114219473, "2": -1.8060829672259737, "3": -2.031127347410325, "4": 2.3944828680786934, "5": -1.429062007851817, "6": 1.074947630747726, "7": 1.1284022970076926}, "datetime": {"datetime": "2021-06-29 20:29:52", "elapsed": 973.311258, "delta": 10.352633}}
{"target": 0.003027786318460223, "params": {"0": 0.8920321090858492, "1": 1.7561832372175026, "2": -1.5525938183918855, "3": 2.8212123349179903, "4": 0.7498637543151689, "5": -1.9662193873606595, "6": 2.8372319209293195, "7": 1.1216238157546439}, "datetime": {"datetime": "2021-06-29 20:29:56", "elapsed": 977.157577, "delta": 3.846319}}
{"target": 0.003270989237621273, "params": {"0": 0.8633345687330021, "1": -0.20556350189601158, "2": 0.6532211539818249, "3": -0.9048837256952043, "4": -1.1571082879169712, "5": 1.5617203156671096, "6": -2.6239568016745833, "7": -0.3277911214006277}, "datetime": {"datetime": "2021-06-29 20:30:00", "elapsed": 981.573312, "delta": 4.415735}}
{"target": 0.002914188720626697, "params": {"0": 2.4847016713407815, "1": -2.4831253968143177, "2": 1.9221891206995991, "3": -2.1187057635892446, "4": 1.6130983537593142, "5": 2.6635467800908366, "6": 2.9867205044457554, "7": 2.0515422483473023}, "datetime": {"datetime": "2021-06-29 20:30:06", "elapsed": 986.938823, "delta": 5.365511}}
{"target": 0.0036594452424183665, "params": {"0": 0.8291790619592669, "1": -1.6930832959958642, "2": -0.20584285441632355, "3": -2.949675982668346, "4": -2.6383930610804827, "5": 1.4159725143409432, "6": -0.26114517380774593, "7": 1.4147837952153974}, "datetime": {"datetime": "2021-06-29 20:30:15", "elapsed": 995.757361, "delta": 8.818538}}
{"target": 0.010321126295924998, "params": {"0": 1.8377639389164067, "1": -1.025620686709032, "2": -0.6648088025302084, "3": -1.4049624342866944, "4": 0.8115956525338315, "5": -2.710133134443029, "6": 1.0763255430152698, "7": -0.6886113467170336}, "datetime": {"datetime": "2021-06-29 20:30:19", "elapsed": 1000.528035, "delta": 4.770674}}
{"target": 0.0036594094987324457, "params": {"0": -0.04989923737733015, "1": -2.5568695772145413, "2": 1.2650633656564105, "3": -1.3478691898525041, "4": -1.3501035424764913, "5": 0.9697457797125266, "6": -1.8634483197639387, "7": 0.044087325983313}, "datetime": {"datetime": "2021-06-29 20:30:25", "elapsed": 1005.779146, "delta": 5.251111}}
{"target": 0.004090588167740211, "params": {"0": 2.702965069763197, "1": -0.1626421615596314, "2": -2.7526551451437244, "3": -0.33713321296105203, "4": 1.216156208025101, "5": -1.7987391185538646, "6": 1.8375918923737053, "7": -1.7067725404899161}, "datetime": {"datetime": "2021-06-29 20:30:29", "elapsed": 1010.427355, "delta": 4.648209}}
{"target": 0.003537567661219618, "params": {"0": -1.787068060840667, "1": 1.7495277453073044, "2": -0.7853338308459747, "3": 2.368008957797164, "4": -2.934019491742482, "5": 2.7729521251476132, "6": 1.7232296814054546, "7": 2.6794008138807257}, "datetime": {"datetime": "2021-06-29 20:30:35", "elapsed": 1016.038665, "delta": 5.61131}}
{"target": 0.0038525876196235493, "params": {"0": 1.2251092848367353, "1": -2.7829109596629844, "2": 1.5564923625800464, "3": 0.8786202241544703, "4": 0.17872653767710878, "5": -1.672370032043446, "6": -1.777230969047705, "7": -0.6415857471583815}, "datetime": {"datetime": "2021-06-29 20:30:37", "elapsed": 1018.709185, "delta": 2.67052}}
{"target": 0.00387273439823199, "params": {"0": -2.149412136826057, "1": 0.6508760320227474, "2": 0.3694026755681117, "3": 2.1103025052051603, "4": -0.6082127862261286, "5": 0.9424580982115209, "6": 0.22203277964619028, "7": 0.06208061044211455}, "datetime": {"datetime": "2021-06-29 20:30:41", "elapsed": 1022.234113, "delta": 3.524928}}
