{"target": 0.0030431601230546538, "params": {"0": 2.832067595496925, "1": 2.6486605763052777, "2": 0.9751858248277938, "3": 0.6412265707350864, "4": 2.544551391858013, "5": 2.422172085163931, "6": 1.8997505985920746, "7": 0.7318397816598003}, "datetime": {"datetime": "2021-06-29 20:30:10", "elapsed": 902.963851, "delta": 4.657417}}
{"target": 0.004470884477520194, "params": {"0": 2.0855656921917927, "1": -2.9894940361440154, "2": -2.2997957720288547, "3": -0.7960123430620674, "4": -0.44177365364150933, "5": -2.64819109525361, "6": 0.6880545530917548, "7": -1.759971157159203}, "datetime": {"datetime": "2021-06-29 20:30:15", "elapsed": 907.96697, "delta": 5.003119}}
{"target": 0.0032148285249987384, "params": {"0": 2.084389812391053, "1": -1.0533982291030295, "2": 0.7495901199164239, "3": -0.6056996325266315, "4": -2.910591224442273, "5": -1.9967733846390274, "6": 2.5241438515043964, "7": 1.7939809222435112}, "datetime": {"datetime": "2021-06-29 20:30:20", "elapsed": 912.711499, "delta": 4.744529}}
{"target": 0.004385984452465611, "params": {"0": 0.5966354263409652, "1": -2.391361974146279, "2": 0.5389242889821388, "3": -0.42602630188217283, "4": -0.13408291053341603, "5": 0.9343241861060081, "6": -1.839254222252839, "7": 0.3140543406998426}, "datetime": {"datetime": "2021-06-29 20:30:25", "elapsed": 917.828948, "delta": 5.117449}}
{"target": 0.0031518356310700764, "params": {"0": 1.0029124151354267, "1": -2.8345306565851924, "2": 1.7783639734860657, "3": -1.9275092427885727, "4": -1.0030161811320597, "5": 0.7526055964499938, "6": -2.0071398346913463, "7": 1.7044866324394032}, "datetime": {"datetime": "2021-06-29 20:30:30", "elapsed": 923.099363, "delta": 5.270415}}
{"target": 0.017140328782324014, "params": {"0": -0.04209121731792642, "1": -2.5476891737503564, "2": 1.5898527923077213, "3": -2.2456630044931125, "4": 0.7541102720355388, "5": -0.5170653042573847, "6": -2.102417241080194, "7": 0.209115793421339}, "datetime": {"datetime": "2021-06-29 20:30:36", "elapsed": 928.704957, "delta": 5.605594}}
{"target": 0.005066395849099552, "params": {"0": -2.416163865529086, "1": -1.4117236262128339, "2": 0.20223153954158146, "3": 2.4250222452017454, "4": 0.30629990763056103, "5": -2.327393083053123, "6": 2.3869460633397583, "7": -2.078002308471005}, "datetime": {"datetime": "2021-06-29 20:30:40", "elapsed": 932.268109, "delta": 3.563152}}
{"target": 0.0029111367115616433, "params": {"0": -2.183283744340395, "1": 1.7802126402002365, "2": 1.55870785311774, "3": -0.2397442219954331, "4": 0.2851965309313722, "5": 2.7376310109318016, "6": 0.5589841112930092, "7": -2.1349879911872955}, "datetime": {"datetime": "2021-06-29 20:30:43", "elapsed": 935.773311, "delta": 3.505202}}
{"target": 0.004482385784620638, "params": {"0": 0.08123362073165641, "1": -2.29958103017026, "2": 2.5379668329117173, "3": -2.7819137164848424, "4": 0.14876161951261935, "5": -0.11412587923101958, "6": -2.626092745186982, "7": 1.177341316996114}, "datetime": {"datetime": "2021-06-29 20:30:49", "elapsed": 941.590141, "delta": 5.81683}}
{"target": 0.003012906502106692, "params": {"0": -0.9492478590471398, "1": -2.1443784138136417, "2": -2.2811559495515885, "3": 1.1207185517567524, "4": -1.751049186678428, "5": 1.959498782469801, "6": 2.1599089222319936, "7": -2.7808203482389624}, "datetime": {"datetime": "2021-06-29 20:30:52", "elapsed": 945.217283, "delta": 3.627142}}
{"target": 0.012876871806771335, "params": {"0": -1.0369817447134226, "1": 0.14908518116238678, "2": -2.230555413186889, "3": -1.1046645454934776, "4": 1.9654034939120066, "5": -0.9499422644190365, "6": 0.8437443174554824, "7": -1.3034826499475562}, "datetime": {"datetime": "2021-06-29 20:30:57", "elapsed": 949.807024, "delta": 4.589741}}
{"target": 0.003152839297089419, "params": {"0": 0.5498415916075801, "1": -0.15300260975411373, "2": -2.080433999653457, "3": -2.387987683630511, "4": -1.7071399047877553, "5": 1.1461283864691403, "6": 2.813950988703815, "7": 1.7840574067745587}, "datetime": {"datetime": "2021-06-29 20:31:01", "elapsed": 953.569458, "delta": 3.762434}}
{"target": 0.003101891113307256, "params": {"0": 1.4234170915286324, "1": -2.5216517042547464, "2": 1.0274868142352664, "3": -2.542099299196549, "4": -1.6335018686570844, "5": 1.7010881604185553, "6": -1.9350036412175662, "7": 1.3470363443512028}, "datetime": {"datetime": "2021-06-29 20:31:08", "elapsed": 960.804587, "delta": 7.235129}}
{"target": 0.0031003350150189814, "params": {"0": -0.524630287931835, "1": 2.37084257120987, "2": 0.923353167448349, "3": 2.085274863173731, "4": -0.24237035147581665, "5": -2.9735042083907994, "6": 0.10013609279112279, "7": -0.4742466362616433}, "datetime": {"datetime": "2021-06-29 20:31:13", "elapsed": 965.586511, "delta": 4.781924}}
{"target": 0.003893218199189395, "params": {"0": 2.6223742007011, "1": -1.5673608784820214, "2": -0.8201056703085339, "3": -1.8447019851450057, "4": 0.49847689966492315, "5": -0.8086129808402989, "6": 1.015880385624345, "7": 1.8321122908838063}, "datetime": {"datetime": "2021-06-29 20:31:23", "elapsed": 975.830095, "delta": 10.243584}}
{"target": 0.0030077793950499874, "params": {"0": 1.0021086805550485, "1": -2.78427223977607, "2": -0.9446590808223974, "3": 2.9117777589079115, "4": 2.572836148664104, "5": 2.315934085415197, "6": 0.19252922353646795, "7": -0.16453877173211673}, "datetime": {"datetime": "2021-06-29 20:31:27", "elapsed": 979.556966, "delta": 3.726871}}
{"target": 0.0028602170258618317, "params": {"0": -2.616940886454392, "1": 1.642335386441748, "2": -0.14469367677387623, "3": 1.2442321638238942, "4": 2.45426323459891, "5": -2.9873978952315454, "6": -1.7390751662334032, "7": 1.6450418973533303}, "datetime": {"datetime": "2021-06-29 20:31:31", "elapsed": 983.616845, "delta": 4.059879}}
{"target": 0.0030662965968246136, "params": {"0": 1.2444459350105515, "1": 2.0296281526250226, "2": 1.5934276354956483, "3": -1.8281946085766427, "4": -1.2514981420386233, "5": 1.9456634132074404, "6": -1.4186833364520042, "7": -1.7197459496938536}, "datetime": {"datetime": "2021-06-29 20:31:34", "elapsed": 986.951303, "delta": 3.334458}}
{"target": 0.0034217078325669524, "params": {"0": 0.11165170322279305, "1": -1.9994829829563074, "2": 1.4524789442390658, "3": -2.1445880905413723, "4": 1.1963503705966403, "5": -0.7007366834553395, "6": -2.2239250021689014, "7": 0.09338387822220184}, "datetime": {"datetime": "2021-06-29 20:31:40", "elapsed": 992.877152, "delta": 5.925849}}
{"target": 0.0032703269184693497, "params": {"0": -1.268800906946921, "1": 1.2007713098867914, "2": -1.8130716981924733, "3": -0.1905097484267495, "4": -2.2523419582948496, "5": 2.0728450620827026, "6": 1.7689413174357078, "7": 0.8725282308864131}, "datetime": {"datetime": "2021-06-29 20:31:44", "elapsed": 996.46726, "delta": 3.590108}}
{"target": 0.0037944205361236908, "params": {"0": 0.14307548572128992, "1": -2.6419884171567536, "2": -0.7839348345180204, "3": 0.4792503373108654, "4": -1.9668067302738055, "5": 2.834272867460215, "6": 0.15988853484295396, "7": 1.9426060606120652}, "datetime": {"datetime": "2021-06-29 20:31:49", "elapsed": 1001.832136, "delta": 5.364876}}
{"target": 0.0028989393878321996, "params": {"0": 0.5228676457506598, "1": 1.7825319903782564, "2": 1.538223058630801, "3": 1.217954309198368, "4": 2.1924852610669543, "5": -0.1743708163358324, "6": -1.9647139092242052, "7": 1.4431177834877227}, "datetime": {"datetime": "2021-06-29 20:31:55", "elapsed": 1007.353442, "delta": 5.521306}}
{"target": 0.0034646894590495613, "params": {"0": -1.7878428000368456, "1": 2.9819936411498364, "2": -1.8605431499816554, "3": -2.4221233671428166, "4": -2.00692401128634, "5": -1.3423844788336206, "6": -1.44050706221748, "7": 1.4810413978243693}, "datetime": {"datetime": "2021-06-29 20:32:01", "elapsed": 1013.74673, "delta": 6.393288}}
{"target": 0.003217169817356167, "params": {"0": 1.6360151962524467, "1": 2.6873584920840283, "2": -0.7877021463682459, "3": 0.02644600588863355, "4": 1.2002300818206457, "5": -1.6103534874550915, "6": -0.7677716495814311, "7": 2.6918244611666005}, "datetime": {"datetime": "2021-06-29 20:32:07", "elapsed": 1019.335963, "delta": 5.589233}}
{"target": 0.006029698668035619, "params": {"0": -2.675282018222954, "1": 0.7578837920832591, "2": -2.467098305647446, "3": -1.0534866465147417, "4": 1.7656591684268799, "5": 0.34718016851530464, "6": -0.20539679259427768, "7": -1.3546692404490923}, "datetime": {"datetime": "2021-06-29 20:32:09", "elapsed": 1022.106054, "delta": 2.770091}}
{"target": 0.03426986015258541, "params": {"0": 1.000897405233557, "1": 1.1235272604039466, "2": -0.5289981302367144, "3": -0.15012988360548807, "4": -0.4762931237981989, "5": -0.9948685204775463, "6": -2.3226516031523405, "7": -1.2854963566497382}, "datetime": {"datetime": "2021-06-29 20:32:17", "elapsed": 1029.360327, "delta": 7.254273}}
{"target": 0.006049672788064246, "params": {"0": 2.3503848566157677, "1": -0.9393796113422201, "2": -2.369589296087621, "3": 2.1075910653619863, "4": 0.7296369740900119, "5": -0.6567485927020544, "6": 0.9000059618107858, "7": -0.6261334214072942}, "datetime": {"datetime": "2021-06-29 20:32:24", "elapsed": 1036.402482, "delta": 7.042155}}
{"target": 0.004819395954057339, "params": {"0": -0.5657361790532502, "1": 0.5423156873384185, "2": -0.9737688256865962, "3": 0.9715872803190253, "4": -2.0290244079474524, "5": 2.7938716914825, "6": -2.7743433113852722, "7": 0.7681256990284053}, "datetime": {"datetime": "2021-06-29 20:32:29", "elapsed": 1041.623773, "delta": 5.221291}}
{"target": 0.005347582011654228, "params": {"0": 0.3430133484976503, "1": -2.702444065158736, "2": 1.4524630082688015, "3": -2.8368620431922698, "4": 0.3783812136375939, "5": 1.4098342174889975, "6": -2.4452452313110156, "7": 1.139061106169022}, "datetime": {"datetime": "2021-06-29 20:32:34", "elapsed": 1046.995096, "delta": 5.371323}}
{"target": 0.0030652779608329375, "params": {"0": 1.7188414551404225, "1": 0.1393755006528723, "2": 0.9737470463035871, "3": 1.7993899416224073, "4": -2.920661937766691, "5": 1.384382278155706, "6": -2.187153330955414, "7": 1.499021626990853}, "datetime": {"datetime": "2021-06-29 20:32:38", "elapsed": 1050.76218, "delta": 3.767084}}
{"target": 0.0031362128589873303, "params": {"0": 1.762736818277613, "1": -1.5758259021791126, "2": 2.099919364390651, "3": -0.8499673908574494, "4": -2.1806433667573475, "5": -0.3631958814729992, "6": -2.247094921151418, "7": -2.5194852032161568}, "datetime": {"datetime": "2021-06-29 20:32:43", "elapsed": 1056.080711, "delta": 5.318531}}
{"target": 0.0071158028943919295, "params": {"0": -1.6035121761812199, "1": 0.509525297971984, "2": 0.9275255077554503, "3": 0.5752055674596352, "4": 2.4657851650875244, "5": -0.907887586584069, "6": 2.45202591545722, "7": 0.25231852140224387}, "datetime": {"datetime": "2021-06-29 20:32:52", "elapsed": 1064.383924, "delta": 8.303213}}
{"target": 0.0033720318947330695, "params": {"0": 2.2652953446514053, "1": -0.3428998150200089, "2": 0.8937556914287481, "3": -1.5428270057818514, "4": 0.8468880404186052, "5": -1.2560533385476342, "6": -0.19575072719815845, "7": 2.75046609629182}, "datetime": {"datetime": "2021-06-29 20:32:55", "elapsed": 1067.816473, "delta": 3.432549}}
{"target": 0.007610162650185605, "params": {"0": 0.32339016582369773, "1": -2.13522974751569, "2": 2.2895441957459832, "3": -2.6961355331437478, "4": 0.44278425949073696, "5": -0.7924717485535409, "6": -2.5796518356642593, "7": -0.43193573402717167}, "datetime": {"datetime": "2021-06-29 20:33:04", "elapsed": 1076.936096, "delta": 9.119623}}
{"target": 0.003196423359168612, "params": {"0": 0.24790185648912777, "1": -2.55499253590622, "2": 1.81819372176943, "3": -1.941078356189221, "4": -1.3205458064420712, "5": 2.029405434080874, "6": -1.521584366735157, "7": 0.9754023924477617}, "datetime": {"datetime": "2021-06-29 20:33:09", "elapsed": 1081.581828, "delta": 4.645732}}
{"target": 0.0029855595102070975, "params": {"0": -0.8922959297497348, "1": 0.19209196786486782, "2": 0.5489843345182841, "3": 1.9803543961889591, "4": 1.9263352702419247, "5": 2.372938682318984, "6": -2.271904496558529, "7": -0.41322181756529686}, "datetime": {"datetime": "2021-06-29 20:33:13", "elapsed": 1085.810937, "delta": 4.229109}}
{"target": 0.0034465792318122608, "params": {"0": -1.8391496853875295, "1": 1.732519598662834, "2": 1.9858893825446726, "3": 0.3331828346682526, "4": -1.0764782046208299, "5": -2.0602386465362246, "6": 1.5630333494228665, "7": 0.906119466682688}, "datetime": {"datetime": "2021-06-29 20:33:20", "elapsed": 1092.977021, "delta": 7.166084}}
{"target": 0.003289360221551363, "params": {"0": -0.2752955832459296, "1": -1.8508215870167302, "2": 1.412522344761543, "3": -2.245989535550321, "4": 0.1042043895498379, "5": 0.07389376908107259, "6": -2.7591761913316226, "7": -0.06498093326006327}, "datetime": {"datetime": "2021-06-29 20:33:24", "elapsed": 1096.726982, "delta": 3.749961}}
{"target": 0.0031492170115242774, "params": {"0": 2.752674065843907, "1": -1.7890778763006356, "2": 0.5775967947128038, "3": 2.188069616224565, "4": 1.1882382002809972, "5": -1.6347012425410612, "6": -1.0715397730145597, "7": 2.382285187704703}, "datetime": {"datetime": "2021-06-29 20:33:28", "elapsed": 1100.808403, "delta": 4.081421}}
{"target": 0.0031174906596878192, "params": {"0": 1.9265407277995301, "1": 0.9509577950924406, "2": 0.29094965318615085, "3": -1.647665095713865, "4": 2.678063150537527, "5": 2.4445642961450895, "6": 1.540694533337943, "7": -1.9051943885185478}, "datetime": {"datetime": "2021-06-29 20:33:32", "elapsed": 1104.250943, "delta": 3.44254}}
{"target": 0.003152832808156154, "params": {"0": -2.085241524070042, "1": -0.6095592557568192, "2": 2.5754104639626227, "3": -2.1964934854547424, "4": -2.947985169090055, "5": 2.4485190730260227, "6": -2.204208916289224, "7": -1.9924794565381974}, "datetime": {"datetime": "2021-06-29 20:33:36", "elapsed": 1108.937717, "delta": 4.686774}}
{"target": 0.006042874902926325, "params": {"0": 1.0081059866859068, "1": -0.9374436387664273, "2": 1.2523154819594176, "3": -1.250949998011669, "4": 2.9318864315079143, "5": -2.7065429302245345, "6": -0.283427759838629, "7": -0.3719903455371103}, "datetime": {"datetime": "2021-06-29 20:33:40", "elapsed": 1112.725388, "delta": 3.787671}}
{"target": 0.003921972731010107, "params": {"0": 1.363622717539152, "1": -2.0919982779969075, "2": -0.44090964878703787, "3": 1.6007514782543462, "4": -1.0643446205718987, "5": 2.8857218781369474, "6": 2.995321855414476, "7": -2.9226654162681394}, "datetime": {"datetime": "2021-06-29 20:33:45", "elapsed": 1117.304146, "delta": 4.578758}}
{"target": 0.005227549661877539, "params": {"0": -1.9864607059722068, "1": -1.5576963762617428, "2": 2.0992736499931786, "3": 2.5570721541498314, "4": 1.8663510045421239, "5": -0.7906574859877322, "6": 0.7499470505786654, "7": -1.811332213327362}, "datetime": {"datetime": "2021-06-29 20:33:49", "elapsed": 1121.774107, "delta": 4.469961}}
{"target": 0.0033680662601614365, "params": {"0": -2.6365131273309625, "1": 1.4680745482338633, "2": -1.1972201626542636, "3": -1.6147716941649228, "4": -2.3506384985020263, "5": 0.3178025602177392, "6": 0.7643762914808478, "7": -1.9726660983534}, "datetime": {"datetime": "2021-06-29 20:33:55", "elapsed": 1127.952882, "delta": 6.178775}}
{"target": 0.0037594456424028468, "params": {"0": -0.10510148020863275, "1": -0.21442360545555772, "2": 0.5367866344829855, "3": -0.921930955429588, "4": 2.8417598272407787, "5": 2.0487136562318753, "6": -2.1848326704863457, "7": -2.3649339535894303}, "datetime": {"datetime": "2021-06-29 20:34:01", "elapsed": 1133.401155, "delta": 5.448273}}
{"target": 0.0035225833594285973, "params": {"0": 0.8089973729523239, "1": 2.817658485317196, "2": 1.4529621880093613, "3": 0.4581581037460114, "4": -2.36017275221913, "5": -1.2390602809105127, "6": 0.36454776839476555, "7": -0.3794676198810212}, "datetime": {"datetime": "2021-06-29 20:34:06", "elapsed": 1138.643221, "delta": 5.242066}}
{"target": 0.003337501006310295, "params": {"0": 1.1570396689166618, "1": 0.20327076932205612, "2": -0.30066781362884054, "3": -2.939566853506626, "4": 1.7066986972971474, "5": -1.8310677081605684, "6": 2.9597113992703274, "7": 1.0395970708038806}, "datetime": {"datetime": "2021-06-29 20:34:11", "elapsed": 1144.146115, "delta": 5.502894}}
{"target": 0.004413325973291044, "params": {"0": 0.7502216451150439, "1": -2.082684947347527, "2": 2.7123962448697423, "3": -1.7650711302939563, "4": -0.07460889296841078, "5": 0.308204530939733, "6": -1.8825925659320586, "7": 0.9366500635488206}, "datetime": {"datetime": "2021-06-29 20:34:17", "elapsed": 1149.804013, "delta": 5.657898}}
{"target": 0.0039135034682062555, "params": {"0": -0.10425791628490089, "1": 0.09536225478723104, "2": -0.003251247633266008, "3": -0.24061823213355016, "4": -0.3042737233195165, "5": -1.522618853601381, "6": -2.9759185240485304, "7": -0.28995789017219487}, "datetime": {"datetime": "2021-06-29 20:34:21", "elapsed": 1153.78095, "delta": 3.976937}}
{"target": 0.004227501170682159, "params": {"0": -0.3547674962060139, "1": 0.7581901324873175, "2": 2.6876127768420606, "3": 0.3399414576415687, "4": -1.41881192032407, "5": 0.16043649956534178, "6": -1.6631899674334119, "7": -2.9714245533448485}, "datetime": {"datetime": "2021-06-29 20:34:26", "elapsed": 1158.370092, "delta": 4.589142}}
{"target": 0.003161806405558127, "params": {"0": -2.3994217273839116, "1": -0.7790205515758046, "2": -1.3138038629934536, "3": -1.7547763950340207, "4": 0.5968583261343725, "5": 0.44462230124381863, "6": 2.086511299916884, "7": 2.2614442927216363}, "datetime": {"datetime": "2021-06-29 20:34:33", "elapsed": 1165.45103, "delta": 7.080938}}
{"target": 0.01232890880192602, "params": {"0": -0.6834022867980014, "1": -0.809562815874588, "2": 1.6190424264676055, "3": 0.11968009877455055, "4": 2.310364028079471, "5": -2.620510117040851, "6": 2.4710444954506716, "7": -2.776060216268866}, "datetime": {"datetime": "2021-06-29 20:34:42", "elapsed": 1174.925932, "delta": 9.474902}}
{"target": 0.0031771882738156738, "params": {"0": -1.6694722461355367, "1": 1.4590731114219473, "2": -1.8060829672259737, "3": -2.031127347410325, "4": 2.3944828680786934, "5": -1.429062007851817, "6": 1.074947630747726, "7": 1.1284022970076926}, "datetime": {"datetime": "2021-06-29 20:34:57", "elapsed": 1189.644395, "delta": 14.718463}}
{"target": 0.003087503445194048, "params": {"0": 0.8920321090858492, "1": 1.7561832372175026, "2": -1.5525938183918855, "3": 2.8212123349179903, "4": 0.7498637543151689, "5": -1.9662193873606595, "6": 2.8372319209293195, "7": 1.1216238157546439}, "datetime": {"datetime": "2021-06-29 20:35:00", "elapsed": 1193.185998, "delta": 3.541603}}
{"target": 0.005974791700061941, "params": {"0": -1.6435783555582013, "1": -0.4312794087861658, "2": -0.906455655036293, "3": -0.8055389350338982, "4": 0.3021447700402051, "5": -0.9443859032932957, "6": 2.1890988411376586, "7": 2.555269914197913}, "datetime": {"datetime": "2021-06-29 20:35:07", "elapsed": 1199.567276, "delta": 6.381278}}
{"target": 0.01107211737270281, "params": {"0": -0.3318446220678979, "1": 1.72107799158103, "2": -0.44471643347953815, "3": 0.8099801175593289, "4": -1.3423095071362283, "5": 2.084809703994379, "6": -2.8258027267979227, "7": 0.8393514391350765}, "datetime": {"datetime": "2021-06-29 20:35:12", "elapsed": 1205.053557, "delta": 5.486281}}
{"target": 0.006633364592230528, "params": {"0": 1.4332434840458683, "1": -1.7760549128470198, "2": 1.3473064268269175, "3": -2.0509754663771274, "4": 0.7399901389423595, "5": 0.7763180017745475, "6": -2.3354738142701645, "7": 0.6116697833429932}, "datetime": {"datetime": "2021-06-29 20:35:20", "elapsed": 1212.773615, "delta": 7.720058}}
{"target": 0.005238151216136944, "params": {"0": 0.09274055414184357, "1": -2.2410909928141267, "2": 1.2284150626836343, "3": -1.9886597277175313, "4": -0.6074169229177393, "5": 1.2075392200489725, "6": -1.7323513195610738, "7": 1.7528008352917759}, "datetime": {"datetime": "2021-06-29 20:35:28", "elapsed": 1220.990216, "delta": 8.216601}}
{"target": 0.003258754160023403, "params": {"0": -0.04989923737733015, "1": -2.5568695772145413, "2": 1.2650633656564105, "3": -1.3478691898525041, "4": -1.3501035424764913, "5": 0.9697457797125266, "6": -1.8634483197639387, "7": 0.044087325983313}, "datetime": {"datetime": "2021-06-29 20:35:34", "elapsed": 1226.619249, "delta": 5.629033}}
{"target": 0.003920847357623936, "params": {"0": 2.702965069763197, "1": -0.1626421615596314, "2": -2.7526551451437244, "3": -0.33713321296105203, "4": 1.216156208025101, "5": -1.7987391185538646, "6": 1.8375918923737053, "7": -1.7067725404899161}, "datetime": {"datetime": "2021-06-29 20:35:41", "elapsed": 1233.57579, "delta": 6.956541}}
{"target": 0.003542696270092531, "params": {"0": -1.787068060840667, "1": 1.7495277453073044, "2": -0.7853338308459747, "3": 2.368008957797164, "4": -2.934019491742482, "5": 2.7729521251476132, "6": 1.7232296814054546, "7": 2.6794008138807257}, "datetime": {"datetime": "2021-06-29 20:35:44", "elapsed": 1236.927538, "delta": 3.351748}}
{"target": 0.0038124817958311184, "params": {"0": 1.2251092848367353, "1": -2.7829109596629844, "2": 1.5564923625800464, "3": 0.8786202241544703, "4": 0.17872653767710878, "5": -1.672370032043446, "6": -1.777230969047705, "7": -0.6415857471583815}, "datetime": {"datetime": "2021-06-29 20:35:48", "elapsed": 1240.457633, "delta": 3.530095}}
{"target": 0.004447993820335642, "params": {"0": -0.49713257568709945, "1": -2.5519451580567587, "2": 0.053851122162045684, "3": -1.6099318982712862, "4": -0.044964475538563864, "5": 0.7861965973322, "6": -1.8681994644147353, "7": 0.07329508803253582}, "datetime": {"datetime": "2021-06-29 20:35:54", "elapsed": 1246.621507, "delta": 6.163874}}
