{"target": 0.003085996982263398, "params": {"0": 1.3049914699839746, "1": 2.9200931626344255, "2": 0.01147942153189252, "3": -0.8154475643525774, "4": -0.8113414753424077, "5": -2.114332713033985, "6": -2.6305999344321993, "7": 2.2604419165436624}, "datetime": {"datetime": "2021-06-29 21:31:28", "elapsed": 4667.649225, "delta": 12.917844}}
{"target": 0.003449434483627369, "params": {"0": 2.633925335043358, "1": 1.993877312245652, "2": -0.36707752125010185, "3": 1.3367003186772353, "4": -2.6727679887224562, "5": 0.42262911646513635, "6": 2.641523066567064, "7": -0.626010943463617}, "datetime": {"datetime": "2021-06-29 21:31:38", "elapsed": 4677.70245, "delta": 10.053225}}
{"target": 0.004912828981758154, "params": {"0": -2.13188392807636, "1": -1.6551488888871562, "2": 2.558113248778845, "3": -0.1919293791557024, "4": -0.01948606963129773, "5": -0.00776308062735076, "6": -2.8922895643535105, "7": -0.9684045845773657}, "datetime": {"datetime": "2021-06-29 21:31:48", "elapsed": 4688.442272, "delta": 10.739822}}
{"target": 0.004327854627932964, "params": {"0": -0.7549954744285463, "1": 0.05691549661788642, "2": -0.5406276261743539, "3": -2.8997261529570943, "4": -1.0717591912576545, "5": -1.0878882305497384, "6": 0.5947366345108023, "7": 2.4295190035521}, "datetime": {"datetime": "2021-06-29 21:32:09", "elapsed": 4708.750911, "delta": 20.308639}}
{"target": 0.0030684040023170305, "params": {"0": 0.7745650596263127, "1": -0.1240100701410567, "2": -0.15015002101957275, "3": 1.0607535915816957, "4": 2.872676865583438, "5": -2.7318382416198306, "6": -1.5841921807122294, "7": 2.2361415965477027}, "datetime": {"datetime": "2021-06-29 21:32:19", "elapsed": 4719.326829, "delta": 10.575918}}
{"target": 0.0033209429754861835, "params": {"0": -1.849173472877371, "1": -2.441578029322523, "2": -1.7987155834865476, "3": 1.9264804843905, "4": -2.461673464574595, "5": 2.081714879615131, "6": 1.2483841724056202, "7": 0.09454898840916215}, "datetime": {"datetime": "2021-06-29 21:32:33", "elapsed": 4733.320785, "delta": 13.993956}}
{"target": 0.0033370881414081224, "params": {"0": 2.0633953807936534, "1": 0.46650972475538577, "2": 2.5344308472748676, "3": 0.8008907692523506, "4": -0.7306320144628189, "5": 0.5426214724080372, "6": 0.8284726130535507, "7": 0.157717349316278}, "datetime": {"datetime": "2021-06-29 21:32:53", "elapsed": 4752.682385, "delta": 19.3616}}
{"target": 0.00311509388979089, "params": {"0": 1.1535923051299726, "1": -1.3904081009983855, "2": 2.0364871774970714, "3": -0.6502467970495047, "4": 2.1931251564685024, "5": -0.2601543552054366, "6": 2.9950558942642393, "7": 0.5955464340411396}, "datetime": {"datetime": "2021-06-29 21:33:11", "elapsed": 4770.570854, "delta": 17.888469}}
{"target": 0.0030750164715905217, "params": {"0": 0.9198233984909789, "1": 0.19638059407107988, "2": -1.5239267069783689, "3": -0.5949171578317713, "4": 2.828475200983915, "5": 0.8308711783057436, "6": -0.7129373816043856, "7": -2.045033778261698}, "datetime": {"datetime": "2021-06-29 21:33:28", "elapsed": 4788.103453, "delta": 17.532599}}
{"target": 0.00416354393845151, "params": {"0": 2.6339133042027267, "1": -0.4111117379875706, "2": 0.5507754684743391, "3": 1.677699511594768, "4": -1.5056695393010375, "5": 1.7237116755935995, "6": -2.0811762541243395, "7": -2.0291134438691705}, "datetime": {"datetime": "2021-06-29 21:34:03", "elapsed": 4822.636254, "delta": 34.532801}}
{"target": 0.0031412487188609765, "params": {"0": 2.608585166807619, "1": -0.6568408942457902, "2": 0.6421735410750946, "3": 1.9735973540677634, "4": -1.2203185440096367, "5": 1.2546662077764994, "6": -1.1395753445667127, "7": -1.4439277141064846}, "datetime": {"datetime": "2021-06-29 21:34:19", "elapsed": 4838.808585, "delta": 16.172331}}
{"target": 0.0030243820792088595, "params": {"0": -2.476899935470775, "1": -2.2647252637825237, "2": -1.0232754841293417, "3": -2.8762167058238033, "4": -2.2154842299847326, "5": 2.642356345923087, "6": 1.3962810553451295, "7": -1.7005829540111408}, "datetime": {"datetime": "2021-06-29 21:34:37", "elapsed": 4857.314598, "delta": 18.506013}}
{"target": 0.006986430269904352, "params": {"0": -0.14728412191945228, "1": -0.28814241744667246, "2": -0.5916526383963912, "3": -2.7955168116893865, "4": -0.9927948745055977, "5": -1.12678967467006, "6": -0.16922839050117222, "7": 1.7507105946533148}, "datetime": {"datetime": "2021-06-29 21:34:57", "elapsed": 4876.517008, "delta": 19.20241}}
{"target": 0.003099328423773846, "params": {"0": 0.12628767851100342, "1": -0.377593659959639, "2": -2.3727313434319663, "3": -0.049468760912437126, "4": -1.1014168283220618, "5": 1.036124895018295, "6": -0.13514560719832902, "7": 0.39322997395901105}, "datetime": {"datetime": "2021-06-29 21:35:20", "elapsed": 4899.625162, "delta": 23.108154}}
{"target": 0.003377377345529397, "params": {"0": -2.3763241306122174, "1": 1.7713785720099366, "2": 2.1520786586030116, "3": 0.6493447256015239, "4": 1.2366882804025492, "5": -1.4768714220466848, "6": -0.3740323998391446, "7": 2.8404435993473944}, "datetime": {"datetime": "2021-06-29 21:35:31", "elapsed": 4910.636209, "delta": 11.011047}}
{"target": 0.0032430078228281815, "params": {"0": 2.0640259008292716, "1": 0.5721207611414307, "2": 0.49164264000069036, "3": -0.06973659696153511, "4": -0.36445011702217833, "5": 1.8600886097948868, "6": 1.2755526574764584, "7": -1.1001675959336525}, "datetime": {"datetime": "2021-06-29 21:35:42", "elapsed": 4921.956789, "delta": 11.32058}}
{"target": 0.012705633636583197, "params": {"0": -0.8516023825931249, "1": 0.14983454697563658, "2": -0.37129957269611324, "3": 1.5741638733709085, "4": -0.934767690000764, "5": 2.2612910717362986, "6": -2.997162816259297, "7": 1.06672099157813}, "datetime": {"datetime": "2021-06-29 21:36:02", "elapsed": 4941.814886, "delta": 19.858097}}
{"target": 0.009482609042496783, "params": {"0": -2.0387673730798186, "1": 0.04889582029309736, "2": -0.2534225497816669, "3": -1.518005999225094, "4": 1.039455789492287, "5": 2.4375125609692, "6": -2.459434967757466, "7": -1.0074243130393241}, "datetime": {"datetime": "2021-06-29 21:36:19", "elapsed": 4958.616144, "delta": 16.801258}}
{"target": 0.003128035569230525, "params": {"0": 2.8540546140301846, "1": 1.8973097274604216, "2": -2.681879488657976, "3": -0.5566370215069973, "4": 0.05080392741287865, "5": 0.27858458833117794, "6": 1.381344966620686, "7": 0.2604370089172541}, "datetime": {"datetime": "2021-06-29 21:36:28", "elapsed": 4968.252336, "delta": 9.636192}}
{"target": 0.004860876326800609, "params": {"0": 1.6384618547932437, "1": 1.1544431942275457, "2": -0.3707229126798013, "3": -0.20500764389394988, "4": -1.2898549546453342, "5": -1.8084452803987918, "6": 2.9087255271857977, "7": 1.9485198866444229}, "datetime": {"datetime": "2021-06-29 21:36:38", "elapsed": 4977.71722, "delta": 9.464884}}
{"target": 0.003187642783295425, "params": {"0": 0.9369109711203203, "1": 1.3356921659802499, "2": -0.8594357482300286, "3": -2.5605661719238233, "4": -0.603264865768371, "5": -1.6215588221857729, "6": -1.2081180195863186, "7": -0.25061271935195517}, "datetime": {"datetime": "2021-06-29 21:36:49", "elapsed": 4988.557209, "delta": 10.839989}}
{"target": 0.0070565677839421435, "params": {"0": -0.6599311420165552, "1": 1.411529517587784, "2": -1.2710066313077049, "3": 1.9674304498524018, "4": -2.0482421093545957, "5": -0.45944658375270553, "6": 1.6338570625302609, "7": 2.0621951848864004}, "datetime": {"datetime": "2021-06-29 21:37:11", "elapsed": 5010.642423, "delta": 22.085214}}
{"target": 0.003682306685843133, "params": {"0": 2.0552296005461788, "1": -2.997660241212947, "2": 0.6266896086526801, "3": -1.8475083107860297, "4": -2.4842886114687905, "5": 2.033935673324991, "6": -1.8959562161800434, "7": -2.69957056193451}, "datetime": {"datetime": "2021-06-29 21:37:24", "elapsed": 5023.780422, "delta": 13.137999}}
{"target": 0.003426817216776628, "params": {"0": -2.298938186395822, "1": 0.24606091814415, "2": 2.222413828450563, "3": -2.1758742875133743, "4": -1.9999853636497171, "5": 0.5016117978316554, "6": -2.6678863479947856, "7": 0.12346852386100693}, "datetime": {"datetime": "2021-06-29 21:37:42", "elapsed": 5041.557875, "delta": 17.777453}}
{"target": 0.011699374477554666, "params": {"0": 1.2394542835276052, "1": -2.7310574429059096, "2": -0.508803617443101, "3": -0.9038559683857623, "4": -0.575145472227744, "5": 0.9034061552074606, "6": -0.19501397378569907, "7": -1.6163220892622379}, "datetime": {"datetime": "2021-06-29 21:38:03", "elapsed": 5062.694612, "delta": 21.136737}}
{"target": 0.00358484861411791, "params": {"0": -0.3318303971583032, "1": -2.3355267777941813, "2": 2.1830362245123505, "3": -2.944815173778929, "4": -0.5654590305136526, "5": 2.3641099489058695, "6": -1.8673232320804216, "7": 0.2919177356184468}, "datetime": {"datetime": "2021-06-29 21:38:28", "elapsed": 5087.96737, "delta": 25.272758}}
{"target": 0.008340604135864654, "params": {"0": -0.8438467108996113, "1": 0.112915541577284, "2": -0.1902057157970054, "3": -2.6333531223098205, "4": -1.6668016202431526, "5": -1.2393863595629675, "6": 0.20513217998862388, "7": 2.2577457469710698}, "datetime": {"datetime": "2021-06-29 21:38:55", "elapsed": 5114.895475, "delta": 26.928105}}
{"target": 0.0044087560919824145, "params": {"0": 0.9467843240389442, "1": 0.9648889394109865, "2": -2.957004608160773, "3": -2.7129443903486834, "4": -2.5531889400671823, "5": 1.1621123389603483, "6": 2.7801099481682545, "7": 1.9055974422849102}, "datetime": {"datetime": "2021-06-29 21:39:06", "elapsed": 5126.256422, "delta": 11.360947}}
{"target": 0.0032169078566269666, "params": {"0": 0.3528548209388469, "1": -0.21659593247428255, "2": -1.753574778221419, "3": -0.08211189581590927, "4": -1.7256461405131027, "5": 1.4723106298226316, "6": 0.08176718183643317, "7": 1.2318121576905119}, "datetime": {"datetime": "2021-06-29 21:39:21", "elapsed": 5141.300641, "delta": 15.044219}}
{"target": 0.0032407468697167835, "params": {"0": 0.36519747627107124, "1": 0.7159680541486955, "2": 1.0839659125371996, "3": 1.070897862371253, "4": -1.9672284398758002, "5": -1.3300124629611152, "6": 0.9226720054419237, "7": -1.6134468272277476}, "datetime": {"datetime": "2021-06-29 21:39:37", "elapsed": 5157.054931, "delta": 15.75429}}
{"target": 0.0032342107904362225, "params": {"0": -1.1316038853118362, "1": 2.404170823727755, "2": -0.6409269826933599, "3": -2.623162800578413, "4": -1.5106228876482681, "5": -1.3111699276546476, "6": -2.3699696004507773, "7": -2.6099042063139377}, "datetime": {"datetime": "2021-06-29 21:39:51", "elapsed": 5170.890967, "delta": 13.836036}}
{"target": 0.0030274763187875735, "params": {"0": -2.9179364862712687, "1": 2.913065953110051, "2": -1.5448412681631278, "3": -0.08306538389946194, "4": 1.6216241965913323, "5": 0.13209194332443674, "6": -1.8131715593810682, "7": 0.8506418458502685}, "datetime": {"datetime": "2021-06-29 21:40:11", "elapsed": 5191.350506, "delta": 20.459539}}
{"target": 0.003242554981795378, "params": {"0": 1.8776573771397613, "1": -1.5943944814266193, "2": 1.2928446651956085, "3": 2.5502772445468436, "4": -0.2660329400969714, "5": -1.7539679585075214, "6": 1.2642473072922744, "7": 2.2892658408493256}, "datetime": {"datetime": "2021-06-29 21:40:31", "elapsed": 5210.875109, "delta": 19.524603}}
{"target": 0.0068761718010438705, "params": {"0": 0.909045949375721, "1": 1.1942047373742293, "2": 1.226652062737866, "3": 2.159611531166246, "4": -2.5514437528820695, "5": -0.3809589820286772, "6": -2.57164903368919, "7": -1.5485800157720655}, "datetime": {"datetime": "2021-06-29 21:40:47", "elapsed": 5226.699575, "delta": 15.824466}}
{"target": 0.004817116698205309, "params": {"0": 0.0952799646127751, "1": -2.8929482801192057, "2": 1.5702755814394838, "3": -1.9309051363091805, "4": 0.3392588583531637, "5": 0.8123293820893207, "6": -2.009406977335212, "7": 0.47145751671836056}, "datetime": {"datetime": "2021-06-29 21:41:09", "elapsed": 5248.756659, "delta": 22.057084}}
{"target": 0.003352257315530217, "params": {"0": -1.4962960589249668, "1": -2.3554689624902068, "2": -0.09923401323011882, "3": 0.4384239753152004, "4": -2.822791231809053, "5": -1.060417188974415, "6": -2.715881364304019, "7": -2.794291924158609}, "datetime": {"datetime": "2021-06-29 21:41:23", "elapsed": 5263.080044, "delta": 14.323385}}
{"target": 0.00292137848376357, "params": {"0": -0.64463642101195, "1": 1.1098992289723704, "2": -0.46687087689869955, "3": 2.7795210394929146, "4": 1.2632021130558293, "5": 2.8524497864283953, "6": 0.16243715806069714, "7": -1.878972598686801}, "datetime": {"datetime": "2021-06-29 21:41:36", "elapsed": 5275.748236, "delta": 12.668192}}
{"target": 0.0030866508551833883, "params": {"0": 0.2754974208548062, "1": -2.3751102085570874, "2": -2.6506649145543664, "3": -1.3391779519865081, "4": -0.46363936728443056, "5": 2.4973378586108854, "6": 0.6887849871904788, "7": -2.1286899461421775}, "datetime": {"datetime": "2021-06-29 21:41:51", "elapsed": 5291.380633, "delta": 15.632397}}
{"target": 0.0039293211178107815, "params": {"0": 2.211894495405372, "1": 1.7093327365762523, "2": 0.0026482536423695358, "3": -1.4093646833073776, "4": -2.2605604319881687, "5": -0.2133303390367871, "6": -2.150858947101053, "7": -2.8387390156655967}, "datetime": {"datetime": "2021-06-29 21:42:16", "elapsed": 5315.70321, "delta": 24.322577}}
{"target": 0.006428824796772824, "params": {"0": -1.063590605232163, "1": -1.2693631618764338, "2": -1.8024643890507692, "3": -0.20140256289589065, "4": -2.048261603403451, "5": -2.119813179298121, "6": 0.15796196709621402, "7": -1.6540669036569702}, "datetime": {"datetime": "2021-06-29 21:42:31", "elapsed": 5331.102197, "delta": 15.398987}}
{"target": 0.004976755138710784, "params": {"0": -1.0336825950276274, "1": -2.427637324616887, "2": 2.640890693007462, "3": -1.7648224090883744, "4": -0.25215697363936673, "5": 0.9730678758953011, "6": -2.412294159524018, "7": 0.16661483017843093}, "datetime": {"datetime": "2021-06-29 21:42:53", "elapsed": 5353.183331, "delta": 22.081134}}
{"target": 0.011614500430673323, "params": {"0": 0.44568218958418093, "1": -2.4302387803779215, "2": 2.204295222867538, "3": 0.9622701567310301, "4": -2.4516512774483177, "5": 0.7682435696928143, "6": -2.7439887922635178, "7": -0.2235249442054572}, "datetime": {"datetime": "2021-06-29 21:43:13", "elapsed": 5373.229908, "delta": 20.046577}}
{"target": 0.004574187661534598, "params": {"0": 0.3223198190770935, "1": -0.7367075041460907, "2": 1.690927980867599, "3": -0.8491265879452641, "4": 1.1932078703044784, "5": -2.314529582869876, "6": -2.859299844806926, "7": 2.4193004882851774}, "datetime": {"datetime": "2021-06-29 21:43:24", "elapsed": 5384.111787, "delta": 10.881879}}
{"target": 0.0035007703201937, "params": {"0": -2.3404838694275156, "1": 0.3771253156301553, "2": -0.8417845639746799, "3": -1.2336440611672348, "4": 1.0392868489534202, "5": 2.7145334469170317, "6": -2.335143614570897, "7": -0.9823557475756353}, "datetime": {"datetime": "2021-06-29 21:43:45", "elapsed": 5404.730904, "delta": 20.619117}}
{"target": 0.00296856456909954, "params": {"0": -2.753522627938004, "1": 0.7772918658049242, "2": -2.8250599747325436, "3": 1.2140133594423554, "4": -1.415482524931924, "5": 2.62377412279991, "6": 0.7492924079117529, "7": -1.367634020167928}, "datetime": {"datetime": "2021-06-29 21:43:59", "elapsed": 5419.240894, "delta": 14.50999}}
{"target": 0.004475908222999613, "params": {"0": 0.4687534449916324, "1": 1.9588502184796965, "2": 2.646504166361109, "3": 0.9839091232059793, "4": -2.5617544012834426, "5": 0.7907800814135539, "6": -0.24891585829659757, "7": 2.3053960905452744}, "datetime": {"datetime": "2021-06-29 21:44:12", "elapsed": 5432.072983, "delta": 12.832089}}
{"target": 0.002931046014913665, "params": {"0": 2.2129500155438597, "1": 0.9375317902844862, "2": 1.9831849828674555, "3": 1.1544289888178012, "4": 0.004375749626938763, "5": 2.5122229880621596, "6": 1.9992856393385345, "7": 0.15867135197425952}, "datetime": {"datetime": "2021-06-29 21:44:21", "elapsed": 5440.68614, "delta": 8.613157}}
{"target": 0.007148982395168661, "params": {"0": -0.7450827679790524, "1": -1.6472125129128683, "2": -0.4399041610910719, "3": -2.654168920045434, "4": 2.272413366337915, "5": -0.9037606222584276, "6": 2.604029074568049, "7": 1.2910700330627058}, "datetime": {"datetime": "2021-06-29 21:44:40", "elapsed": 5460.476591, "delta": 19.790451}}
{"target": 0.009757811302879579, "params": {"0": -1.073099739568213, "1": -0.8612657935784842, "2": -0.5711675642567218, "3": -2.9402748598560366, "4": 1.4787509079489034, "5": -0.6547309906479315, "6": -2.043711459592773, "7": -2.161446863703917}, "datetime": {"datetime": "2021-06-29 21:44:55", "elapsed": 5474.545774, "delta": 14.069183}}
{"target": 0.0032811453523320408, "params": {"0": -0.8342489513103186, "1": -0.11342886015741893, "2": -0.5671579139588228, "3": -2.482803067537192, "4": -1.7261368719067103, "5": -1.6894049523874246, "6": 0.33868584170933236, "7": 1.833845250742641}, "datetime": {"datetime": "2021-06-29 21:45:12", "elapsed": 5491.591211, "delta": 17.045437}}
{"target": 0.0031631865806321484, "params": {"0": -0.9051053488938416, "1": 1.0582892809885287, "2": 2.236051328073458, "3": 0.11616684770221886, "4": 0.8594883934266742, "5": -1.8773550821930778, "6": -2.1826338231835027, "7": 0.21911799382694364}, "datetime": {"datetime": "2021-06-29 21:45:26", "elapsed": 5505.83616, "delta": 14.244949}}
{"target": 0.003258618187387353, "params": {"0": -2.6923112861739154, "1": -0.3605793356007072, "2": -2.025095240382118, "3": 2.011679940518234, "4": -2.8004662026499245, "5": 0.3852636590281424, "6": 1.2044759142703514, "7": 2.8310724527875823}, "datetime": {"datetime": "2021-06-29 21:45:35", "elapsed": 5515.328507, "delta": 9.492347}}
{"target": 0.0030965842513045907, "params": {"0": 0.8875663549303487, "1": -2.543597605413813, "2": 1.8274845453441726, "3": 0.7149291804528493, "4": -2.380331280309125, "5": 0.5988518366083353, "6": -2.806929882678645, "7": -0.05566120930992646}, "datetime": {"datetime": "2021-06-29 21:46:00", "elapsed": 5540.05953, "delta": 24.731023}}
{"target": 0.0037635851384832677, "params": {"0": 1.4950218203677466, "1": -2.3938813995717343, "2": -0.6906967840983222, "3": -1.2960349502705335, "4": -1.1911120936966455, "5": 0.715812572644988, "6": -0.016930261467986263, "7": -1.3487511043169675}, "datetime": {"datetime": "2021-06-29 21:46:19", "elapsed": 5559.092229, "delta": 19.032699}}
{"target": 0.0033467136728624314, "params": {"0": 0.9449649653199232, "1": 0.32513622082928473, "2": 1.5786244288750355, "3": -0.2233935739777433, "4": -2.5760076708116504, "5": -0.6114494667544284, "6": -2.471138062773857, "7": 2.8899839366827482}, "datetime": {"datetime": "2021-06-29 21:46:39", "elapsed": 5579.472349, "delta": 20.38012}}
{"target": 0.003197802160283224, "params": {"0": 0.7654356559651578, "1": -1.589728817867988, "2": -2.5035733426790436, "3": 2.202324512229273, "4": 1.4547373444530969, "5": -2.377684296066832, "6": 1.4521030995367754, "7": 0.3666470206823318}, "datetime": {"datetime": "2021-06-29 21:46:55", "elapsed": 5594.537625, "delta": 15.065276}}
{"target": 0.0030362126025860457, "params": {"0": -1.358475014744848, "1": 0.9837200623002671, "2": -1.5157483128389977, "3": 2.212266400097607, "4": -1.828377552758742, "5": -1.4368097112191125, "6": 2.735696134397058, "7": 2.281665366899478}, "datetime": {"datetime": "2021-06-29 21:47:17", "elapsed": 5616.950613, "delta": 22.412988}}
{"target": 0.004162315039349867, "params": {"0": 1.060469024409299, "1": 0.6319423057612781, "2": -0.0966899959416585, "3": 1.0530306238873894, "4": -2.1984738385711093, "5": 1.68731306146017, "6": -0.14040296996021295, "7": 2.4986574282515877}, "datetime": {"datetime": "2021-06-29 21:47:28", "elapsed": 5628.01459, "delta": 11.063977}}
{"target": 0.003207274748708294, "params": {"0": 2.290082869709779, "1": 0.18469280166519564, "2": 2.5132402692421287, "3": 0.2382264635317224, "4": -1.3806940688549687, "5": 2.582528429627093, "6": -0.1332182913072888, "7": 0.6215883362765542}, "datetime": {"datetime": "2021-06-29 21:47:42", "elapsed": 5642.468019, "delta": 14.453429}}
{"target": 0.027498093016382476, "params": {"0": 1.3024905097957582, "1": 1.5146220071437124, "2": 2.019263795462363, "3": -0.7972258715796805, "4": -0.8787907848118337, "5": -0.9590421272909708, "6": -0.399949439109363, "7": 1.1741160336185086}, "datetime": {"datetime": "2021-06-29 21:48:00", "elapsed": 5660.250099, "delta": 17.78208}}
{"target": 0.004073070210896855, "params": {"0": -2.0379611926610037, "1": -1.4083956168959444, "2": 1.5095571490525224, "3": -0.8756717940863128, "4": -1.2434124494398553, "5": -2.3059460413167567, "6": -2.021812051221562, "7": -0.6023989359930351}, "datetime": {"datetime": "2021-06-29 21:48:17", "elapsed": 5676.577522, "delta": 16.327423}}
{"target": 0.003161033266419425, "params": {"0": 2.6382211683114356, "1": 2.552192477607587, "2": 1.5990439097963458, "3": -2.5220699398576447, "4": 0.8689249317926802, "5": -1.0575663351303268, "6": 0.7547823860091123, "7": 1.7775454978815652}, "datetime": {"datetime": "2021-06-29 21:48:34", "elapsed": 5693.67007, "delta": 17.092548}}
{"target": 0.0036477607026241215, "params": {"0": -0.2248450205826824, "1": -0.3669818039943298, "2": -0.21407730498331512, "3": -1.3175629926801695, "4": -2.387548452522313, "5": -0.9701331035126248, "6": 2.405363079142048, "7": 2.8987897870290142}, "datetime": {"datetime": "2021-06-29 21:48:48", "elapsed": 5707.839126, "delta": 14.169056}}
{"target": 0.008191532898142942, "params": {"0": 1.4844298971764882, "1": -2.647116433895496, "2": 2.7448833102950516, "3": 1.1957061778014069, "4": 0.5562274942867433, "5": -1.2383829913724618, "6": -1.868284705587924, "7": -1.016307988533646}, "datetime": {"datetime": "2021-06-29 21:49:06", "elapsed": 5725.971129, "delta": 18.132003}}
