{"target": 0.0030349426773039877, "params": {"0": -2.8220469972515927, "1": -2.8287492113315125, "2": -1.1447998331256142, "3": 0.06178909164993929, "4": -0.6690821270107721, "5": -0.2750191977237897, "6": 0.044570457416218456, "7": 2.433304959493152}, "datetime": {"datetime": "2021-06-30 00:32:18", "elapsed": 15519.458497, "delta": 24.476003}}
{"target": 0.0032086243413259373, "params": {"0": 1.1351854989262913, "1": -2.920656101296364, "2": 1.0468572196793495, "3": -1.913546074972659, "4": 2.50844568459749, "5": -0.31606199002901514, "6": 1.6879171452610198, "7": 0.11623116942151679}, "datetime": {"datetime": "2021-06-30 00:32:49", "elapsed": 15550.080061, "delta": 30.621564}}
{"target": 0.0031405173018141737, "params": {"0": -0.9282449677661022, "1": -0.8516542160101901, "2": 1.5520492591835247, "3": -1.2385159080636179, "4": 0.8963985768501992, "5": 2.5909245077324217, "6": -2.409039948133179, "7": 0.5463350705525745}, "datetime": {"datetime": "2021-06-30 00:33:23", "elapsed": 15584.113759, "delta": 34.033698}}
{"target": 0.003235792671596868, "params": {"0": 2.805781344732699, "1": 1.4259945877438938, "2": 1.86411377648062, "3": -2.276985523907488, "4": -0.4799232316457229, "5": 2.727691972276882, "6": -1.756027833370367, "7": -2.2696725036004786}, "datetime": {"datetime": "2021-06-30 00:33:46", "elapsed": 15607.584418, "delta": 23.470659}}
{"target": 0.0030359803214406083, "params": {"0": -2.831252954766306, "1": -0.655042316644983, "2": -1.228063965891074, "3": 0.8187145164397727, "4": -0.158039863465691, "5": 1.179021705608224, "6": -1.228394929054687, "7": -0.024777825477150905}, "datetime": {"datetime": "2021-06-30 00:34:11", "elapsed": 15632.471937, "delta": 24.887519}}
{"target": 0.0055938982804558494, "params": {"0": 0.7462398190207598, "1": 0.829985920804122, "2": -2.6671377037615276, "3": -2.328549761476229, "4": 0.6896941311583347, "5": 0.15465201701894138, "6": 1.0156100797995125, "7": -1.5154075753311513}, "datetime": {"datetime": "2021-06-30 00:35:32", "elapsed": 15713.102541, "delta": 80.630604}}
{"target": 0.004518235489414918, "params": {"0": 2.900786107244925, "1": 1.092089023442469, "2": 2.4747581316098124, "3": -2.56565690377381, "4": -0.9143057501321694, "5": -0.3232106659627112, "6": -0.006893135402370021, "7": 0.659864843537326}, "datetime": {"datetime": "2021-06-30 00:35:58", "elapsed": 15738.949133, "delta": 25.846592}}
{"target": 0.0035297235789039476, "params": {"0": 1.9762171800442392, "1": 0.2860633675693025, "2": -0.948316600247257, "3": -0.887802776736609, "4": -1.7591948215876845, "5": -0.04304590972062439, "6": -1.8728663230293487, "7": 1.4193593748211955}, "datetime": {"datetime": "2021-06-30 00:37:04", "elapsed": 15805.038464, "delta": 66.089331}}
{"target": 0.026707913255631193, "params": {"0": 0.7184999429540722, "1": -2.684224615250928, "2": -0.6000543488657781, "3": -0.5478568993573232, "4": -0.33248305592693317, "5": 0.5430857934494986, "6": -0.4622978724404292, "7": -1.2198913880934483}, "datetime": {"datetime": "2021-06-30 00:37:25", "elapsed": 15826.211464, "delta": 21.173}}
{"target": 0.0033661316055327095, "params": {"0": -2.768427266277079, "1": -2.034801323396807, "2": -2.5974250259620817, "3": -0.2736603934234014, "4": 2.1350998775049845, "5": -2.565525169525187, "6": -2.6639456251614435, "7": -0.08450607354032202}, "datetime": {"datetime": "2021-06-30 00:38:04", "elapsed": 15865.39779, "delta": 39.186326}}
{"target": 0.03746695124220679, "params": {"0": -0.7405291676053141, "1": 1.3722945622585243, "2": 0.36950884876506773, "3": 0.8638906062642748, "4": -1.1707532850897469, "5": -1.8336306005565612, "6": -1.5553145793366105, "7": 0.8300016104117964}, "datetime": {"datetime": "2021-06-30 00:38:31", "elapsed": 15892.168247, "delta": 26.770457}}
{"target": 0.0035853262252221753, "params": {"0": 1.6438223631364943, "1": -1.1004216660235167, "2": 2.2977001039282854, "3": -2.629576421543117, "4": -2.09215079874965, "5": -1.5129207063194803, "6": -0.17368734814673825, "7": -2.6875485130510226}, "datetime": {"datetime": "2021-06-30 00:39:07", "elapsed": 15927.881504, "delta": 35.713257}}
{"target": 0.0034306082931045115, "params": {"0": -2.802020347402602, "1": 0.5111990866609162, "2": 0.9166858836482974, "3": -2.868944277768395, "4": 0.712871845908758, "5": -0.8270111865135017, "6": -0.2862370638071523, "7": -2.3820050296285524}, "datetime": {"datetime": "2021-06-30 00:39:47", "elapsed": 15968.087432, "delta": 40.205928}}
{"target": 0.003086531580998131, "params": {"0": 0.8076522395627821, "1": -0.28678804742429076, "2": 2.754452931581909, "3": -2.0566260926127584, "4": -2.905525343325947, "5": -1.9048686942433424, "6": 0.5211592055428094, "7": -2.4385670796509267}, "datetime": {"datetime": "2021-06-30 00:40:41", "elapsed": 16022.141806, "delta": 54.054374}}
{"target": 0.004086500135806845, "params": {"0": 1.0707599773017922, "1": -1.8783211970155544, "2": -1.1765716131454393, "3": -0.4061870552518472, "4": -0.2880760748128801, "5": 2.6072314824339955, "6": -1.6288710525224441, "7": -0.13869491850265092}, "datetime": {"datetime": "2021-06-30 00:41:15", "elapsed": 16055.774631, "delta": 33.632825}}
{"target": 0.0056135343743935655, "params": {"0": 0.33620439604345975, "1": 1.5727224409072216, "2": -1.086139857412121, "3": 2.1344312965568744, "4": -2.790819059164683, "5": -2.7942351708770734, "6": 1.7830374935821567, "7": -2.26245782720732}, "datetime": {"datetime": "2021-06-30 00:41:44", "elapsed": 16085.461929, "delta": 29.687298}}
{"target": 0.0038779033468534984, "params": {"0": 0.9580055492602857, "1": -0.8497925843378513, "2": 1.2625265817896576, "3": -0.5569197525105913, "4": -0.8762273351335024, "5": -0.7578771903617083, "6": -1.3182805930268282, "7": 1.9733059981471444}, "datetime": {"datetime": "2021-06-30 00:42:19", "elapsed": 16119.92415, "delta": 34.462221}}
{"target": 0.013247494799358429, "params": {"0": 0.7515224271779499, "1": -0.39759618079784964, "2": 1.0710052028254022, "3": -1.097770588679352, "4": 2.24649605096696, "5": -0.8453012674309037, "6": 2.9313859903556843, "7": -1.254548189606387}, "datetime": {"datetime": "2021-06-30 00:42:57", "elapsed": 16157.968331, "delta": 38.044181}}
{"target": 0.0030391217799272145, "params": {"0": 2.7372291137722238, "1": 2.2416098372846394, "2": -1.3472972191580368, "3": -0.17904991557143468, "4": 0.4070406492401024, "5": -2.8482448232471445, "6": -2.1471999759920477, "7": 1.011965557737561}, "datetime": {"datetime": "2021-06-30 00:43:24", "elapsed": 16185.458162, "delta": 27.489831}}
{"target": 0.0035022051804507437, "params": {"0": 0.15518686871413578, "1": -2.454351182428124, "2": -1.9580367499901912, "3": -2.987760713389961, "4": -0.869208024002579, "5": -1.8584615288129331, "6": 1.0158463980173478, "7": -0.9571540945785513}, "datetime": {"datetime": "2021-06-30 00:43:59", "elapsed": 16220.108716, "delta": 34.650554}}
{"target": 0.006759592916298179, "params": {"0": -2.5358009483725734, "1": 1.4478691920474054, "2": 2.1748859248457304, "3": 2.350923476961918, "4": -1.271820748411875, "5": -1.2916643216477717, "6": -1.41402020424725, "7": -2.8345516842433667}, "datetime": {"datetime": "2021-06-30 00:44:25", "elapsed": 16246.534049, "delta": 26.425333}}
{"target": 0.026636122540833154, "params": {"0": -1.091012401283757, "1": 2.2585354875038783, "2": -2.1351635317042694, "3": 1.2024106284235963, "4": -2.190250822614734, "5": -2.7755451582058246, "6": -2.2558036257106506, "7": 0.19587601098185914}, "datetime": {"datetime": "2021-06-30 00:45:58", "elapsed": 16339.448654, "delta": 92.914605}}
{"target": 0.0029746807707673483, "params": {"0": -0.11595025845572682, "1": -0.4996379593234277, "2": 2.1742160552952594, "3": 2.7053649624066516, "4": 2.2338650657030303, "5": 0.05156766057827067, "6": -2.311245637338984, "7": -1.0432145729466777}, "datetime": {"datetime": "2021-06-30 00:46:28", "elapsed": 16369.188742, "delta": 29.740088}}
{"target": 0.006009408961535579, "params": {"0": 0.12051774001075799, "1": -2.718698157941196, "2": -2.467338589311387, "3": -1.3339052922373906, "4": -2.208324379140296, "5": 0.5463805632209517, "6": -1.951654769106902, "7": -1.703670707888238}, "datetime": {"datetime": "2021-06-30 00:47:06", "elapsed": 16406.864366, "delta": 37.675624}}
{"target": 0.005483746485183758, "params": {"0": 2.491829114029951, "1": -1.1955613764592279, "2": -0.505275557409103, "3": 1.5757321400184585, "4": -2.5463920456345983, "5": -0.40601684521711245, "6": -2.4452548215180014, "7": 1.1956814308773591}, "datetime": {"datetime": "2021-06-30 00:47:24", "elapsed": 16425.341546, "delta": 18.47718}}
{"target": 0.0031270790763687226, "params": {"0": 1.4245296590962084, "1": 1.7623509864887241, "2": 1.727136717689195, "3": -0.7108097870966636, "4": -1.396846248734339, "5": -0.682364979988332, "6": -0.47060932053841986, "7": 1.1981508802454277}, "datetime": {"datetime": "2021-06-30 00:48:14", "elapsed": 16475.633495, "delta": 50.291949}}
{"target": 0.003141933991623876, "params": {"0": -1.9363630116981165, "1": 2.1658341830585224, "2": 0.8156929901393246, "3": 2.12417839123517, "4": -0.8280609754084205, "5": 0.3372392998028695, "6": -2.5469586393223924, "7": -0.5250904325107157}, "datetime": {"datetime": "2021-06-30 00:48:47", "elapsed": 16508.223824, "delta": 32.590329}}
{"target": 0.009455294949240536, "params": {"0": -0.6617070992430092, "1": 1.1461109874550992, "2": -0.8075139112427019, "3": 0.5572501450539225, "4": -1.6737998071007696, "5": 2.762038023724232, "6": -2.3946550685163897, "7": 0.903056616536051}, "datetime": {"datetime": "2021-06-30 00:49:28", "elapsed": 16548.797583, "delta": 40.573759}}
{"target": 0.003271725207951651, "params": {"0": 1.2629923039735713, "1": 1.5195350628501867, "2": -2.270626186407359, "3": -0.7523028183731704, "4": -2.66954107362744, "5": -2.8090904708572055, "6": -1.3499013785780936, "7": 0.43045812527294025}, "datetime": {"datetime": "2021-06-30 00:49:45", "elapsed": 16566.567927, "delta": 17.770344}}
{"target": 0.003135689569764847, "params": {"0": -1.047233551985831, "1": 0.40700812987703916, "2": -1.9527486278573682, "3": -2.6848984519799135, "4": 2.5322638492723932, "5": -0.12748315212507677, "6": -0.31671664745166606, "7": -0.22274046420461646}, "datetime": {"datetime": "2021-06-30 00:50:23", "elapsed": 16604.273475, "delta": 37.705548}}
{"target": 0.0034005530191336844, "params": {"0": -1.481601081817419, "1": 0.26324068944887324, "2": 1.0016149262550211, "3": 0.0302608762448231, "4": 2.348548366702632, "5": 0.01980307687184979, "6": 2.5508863276978833, "7": 1.1217667517460042}, "datetime": {"datetime": "2021-06-30 00:51:15", "elapsed": 16655.974302, "delta": 51.700827}}
{"target": 0.005636927391461796, "params": {"0": 2.4271119655144613, "1": -1.8827416520375468, "2": -0.1068986131153431, "3": 2.8282677481389067, "4": -2.7400773899990263, "5": 0.9934409255248275, "6": -2.814086545991134, "7": -2.2410103841456057}, "datetime": {"datetime": "2021-06-30 00:51:36", "elapsed": 16677.497528, "delta": 21.523226}}
{"target": 0.01001109335263561, "params": {"0": 1.4962868348069236, "1": 2.7443310523291364, "2": -2.7900661081357976, "3": 1.1094237666305728, "4": 1.8766354920276438, "5": -2.578510577418643, "6": -0.17668852250806388, "7": -2.9846133561965136}, "datetime": {"datetime": "2021-06-30 00:51:58", "elapsed": 16699.308212, "delta": 21.810684}}
{"target": 0.0031540246679599166, "params": {"0": -0.6793296122575869, "1": -0.7604059679885493, "2": -0.12902061882592974, "3": 1.6481774421785627, "4": -1.9655827956695404, "5": 1.519950172374525, "6": -0.24248437058540162, "7": 0.9623775756649096}, "datetime": {"datetime": "2021-06-30 00:52:32", "elapsed": 16732.866885, "delta": 33.558673}}
{"target": 0.003301814484201857, "params": {"0": -2.191622502643354, "1": -1.3505309467613487, "2": 0.938708454347478, "3": -2.290700850584604, "4": -1.4766170315401408, "5": -1.3226535952492455, "6": -1.2649223511908194, "7": 1.4132674371992682}, "datetime": {"datetime": "2021-06-30 00:53:00", "elapsed": 16761.043683, "delta": 28.176798}}
{"target": 0.003858044012022185, "params": {"0": -2.387262845174111, "1": -0.09865029180531604, "2": 1.5455856354678374, "3": 1.5180842833261767, "4": 0.19006053717940574, "5": -2.96440408789449, "6": 0.8279375691163589, "7": -2.335131291030174}, "datetime": {"datetime": "2021-06-30 00:54:28", "elapsed": 16849.345465, "delta": 88.301782}}
{"target": 0.0031317269709784296, "params": {"0": -2.6256386238321827, "1": 0.41604458470079386, "2": -2.3841704079631887, "3": 1.4185000115366417, "4": 0.2041445833126989, "5": -0.40771137261075996, "6": 1.6911382498163157, "7": 0.9762422337091392}, "datetime": {"datetime": "2021-06-30 00:54:54", "elapsed": 16875.337985, "delta": 25.99252}}
{"target": 0.003011897724232355, "params": {"0": 1.3345782480904331, "1": 1.0637892087418948, "2": 1.5915569138635401, "3": 0.2899690993689443, "4": 1.827706114181745, "5": 0.8463407185413234, "6": -2.7199778434772837, "7": 2.1377495725430355}, "datetime": {"datetime": "2021-06-30 00:55:25", "elapsed": 16906.044161, "delta": 30.706176}}
{"target": 0.002997970484340147, "params": {"0": -0.6092642558275587, "1": -0.9350053608535438, "2": -1.724841668506126, "3": 0.7569926876453952, "4": -1.1288051791096207, "5": 2.6492237830500596, "6": 1.1752538109297603, "7": -1.8741783356740402}, "datetime": {"datetime": "2021-06-30 00:55:47", "elapsed": 16928.566793, "delta": 22.522632}}
{"target": 0.0032548558147587037, "params": {"0": 2.1330458473089635, "1": -0.25801470640517055, "2": -0.382870992580159, "3": -2.9395105973149978, "4": -1.300320348508389, "5": 0.9615073304066524, "6": 0.974968373946492, "7": -0.4044682095594361}, "datetime": {"datetime": "2021-06-30 00:56:21", "elapsed": 16962.418413, "delta": 33.85162}}
{"target": 0.003090231248656783, "params": {"0": -0.938280505799149, "1": -2.3854533423739213, "2": 1.485439448636205, "3": 0.35053449333295905, "4": 1.9825935155409669, "5": 1.5435707573484958, "6": -2.5990011167490703, "7": -2.0903992890551635}, "datetime": {"datetime": "2021-06-30 00:57:39", "elapsed": 17040.72581, "delta": 78.307397}}
{"target": 0.64564645775324, "params": {"0": 2.3440609071318654, "1": -0.8679262990067551, "2": 2.145828966741661, "3": -2.6932892537552506, "4": -1.3505604736501253, "5": -0.9796983133206645, "6": 2.6365939811953725, "7": -1.7759390006753248}, "datetime": {"datetime": "2021-06-30 00:58:07", "elapsed": 17068.241357, "delta": 27.515547}}
{"target": 0.0030242195160621616, "params": {"0": -2.766929951504598, "1": -0.9525228366650538, "2": -0.6212250895516478, "3": 0.9500798064424258, "4": 2.5439519832771715, "5": -0.981648432858691, "6": -1.0100863131863003, "7": -0.264635544241548}, "datetime": {"datetime": "2021-06-30 00:58:38", "elapsed": 17099.29534, "delta": 31.053983}}
{"target": 0.0028779714723804403, "params": {"0": -0.7548320801174029, "1": 2.8997843492234736, "2": -0.10410699179145766, "3": 2.9421881776362433, "4": 2.922821371632221, "5": -2.07288864813873, "6": 1.41917079651813, "7": -0.18858934337673006}, "datetime": {"datetime": "2021-06-30 00:59:13", "elapsed": 17134.503382, "delta": 35.208042}}
{"target": 0.0033342196003798693, "params": {"0": -0.31786724164313274, "1": -2.1987763029795646, "2": -0.6398834115252003, "3": 0.25498036417248837, "4": -2.5576937935009467, "5": -1.7849056517386983, "6": -0.2932493464667565, "7": -2.4323018199511806}, "datetime": {"datetime": "2021-06-30 00:59:39", "elapsed": 17160.173708, "delta": 25.670326}}
{"target": 0.0034911618722373453, "params": {"0": 0.6242002263488313, "1": -2.090931157843942, "2": 1.337968460019738, "3": 2.4939570872495054, "4": 0.09890343138894808, "5": 1.0359933628404914, "6": 2.498648653358117, "7": -0.15226553955799105}, "datetime": {"datetime": "2021-06-30 01:00:09", "elapsed": 17189.738558, "delta": 29.56485}}
{"target": 0.003331375669012346, "params": {"0": -1.9991826045678855, "1": -2.7177093598553075, "2": -1.68575140484198, "3": -2.7604774052638583, "4": -0.20197659848087834, "5": -2.6766512694306828, "6": -0.23613951225803342, "7": 1.9155004466720973}, "datetime": {"datetime": "2021-06-30 01:00:33", "elapsed": 17214.454871, "delta": 24.716313}}
{"target": 0.00312030725142637, "params": {"0": -1.1860706281869429, "1": -2.473559432268592, "2": -2.8871591945178503, "3": -2.083481745268639, "4": -1.0781860648746942, "5": 2.6567742388590556, "6": -2.310359929482645, "7": 1.5694382101162532}, "datetime": {"datetime": "2021-06-30 01:01:06", "elapsed": 17246.987507, "delta": 32.532636}}
{"target": 0.003177262568579747, "params": {"0": 2.143991507270343, "1": 2.1196388658146503, "2": -1.9807885511914258, "3": 0.8362676052176843, "4": -0.5345064720903716, "5": 0.8642119266441926, "6": 1.8796335642022708, "7": 2.0208378616321765}, "datetime": {"datetime": "2021-06-30 01:01:39", "elapsed": 17280.662417, "delta": 33.67491}}
{"target": 0.006731010676248408, "params": {"0": -2.0778632717516485, "1": 0.8790988823957511, "2": -0.6990026637902234, "3": -0.44899033154970613, "4": -2.934650429903626, "5": 1.0143669227856584, "6": -1.7405115831812936, "7": 2.187019246354722}, "datetime": {"datetime": "2021-06-30 01:02:12", "elapsed": 17313.224386, "delta": 32.561969}}
{"target": 0.002866273403793683, "params": {"0": 1.9269841017382658, "1": 0.5565783313022923, "2": 1.7819948839018096, "3": 0.4755029225182801, "4": 1.702426140130834, "5": 1.603789636662488, "6": -1.9296574850136512, "7": 2.468368329455516}, "datetime": {"datetime": "2021-06-30 01:03:11", "elapsed": 17372.016798, "delta": 58.792412}}
{"target": 0.003195462964702041, "params": {"0": -0.8703962777939269, "1": -1.4341327442456062, "2": 2.5822759344003874, "3": 0.37493492020930663, "4": 0.7696260354534372, "5": -2.878171762286425, "6": 2.9754585941710143, "7": -1.0403552306532655}, "datetime": {"datetime": "2021-06-30 01:04:50", "elapsed": 17471.350192, "delta": 99.333394}}
{"target": 0.004021103383964472, "params": {"0": -0.5847254946028357, "1": 1.884242466818609, "2": -1.718829290582454, "3": -1.513530496696139, "4": -2.8054395464467943, "5": -1.6406448448893405, "6": -0.3176571467268987, "7": 2.549976379196371}, "datetime": {"datetime": "2021-06-30 01:05:18", "elapsed": 17499.222821, "delta": 27.872629}}
{"target": 0.002906146534299536, "params": {"0": -1.4279522972517924, "1": -2.8219371934231425, "2": -1.6593990446379836, "3": 0.2931498666090384, "4": 0.31390253059376505, "5": 1.3736754899528076, "6": 0.7424623716427088, "7": -1.3222029807351676}, "datetime": {"datetime": "2021-06-30 01:05:45", "elapsed": 17526.411642, "delta": 27.188821}}
{"target": 0.002980169245508565, "params": {"0": -0.7882243543273106, "1": -0.8346050791992972, "2": -2.300764134875595, "3": -0.4239833737068013, "4": -0.3471706668153005, "5": 2.1000985885704075, "6": -2.340892661635095, "7": 2.607469756846922}, "datetime": {"datetime": "2021-06-30 01:06:22", "elapsed": 17562.881676, "delta": 36.470034}}
{"target": 0.0036501247880913025, "params": {"0": 0.8273656240323057, "1": 1.1058277102456433, "2": -2.667721618383756, "3": 1.5894206644799116, "4": 0.2925635192230138, "5": -1.3093365427694168, "6": -1.7611251542946924, "7": -1.8517379278728723}, "datetime": {"datetime": "2021-06-30 01:06:50", "elapsed": 17591.609775, "delta": 28.728099}}
{"target": 0.0030077247394838438, "params": {"0": 1.416911328081465, "1": -0.8309204185279628, "2": 1.3316403521687619, "3": -2.565053299778234, "4": 2.5488680771448227, "5": 2.674331370931573, "6": -2.059178159094522, "7": -2.354666842189689}, "datetime": {"datetime": "2021-06-30 01:07:17", "elapsed": 17617.836339, "delta": 26.226564}}
{"target": 0.004588352287170646, "params": {"0": -2.2931184544457013, "1": 2.031758257671715, "2": 0.10315189528182112, "3": -2.3325678816441306, "4": -1.4216325592313677, "5": -1.5742117180899569, "6": 1.87007871012574, "7": -1.2103705852896318}, "datetime": {"datetime": "2021-06-30 01:08:41", "elapsed": 17701.819894, "delta": 83.983555}}
{"target": 0.005287151573482022, "params": {"0": 1.1114864774884783, "1": -0.363408130965861, "2": 0.9020970580796566, "3": -0.33082086205006034, "4": 1.4484311110460313, "5": -0.7053781941214936, "6": -2.0354410966696035, "7": 2.494416743068916}, "datetime": {"datetime": "2021-06-30 01:09:15", "elapsed": 17735.730933, "delta": 33.911039}}
{"target": 0.005147978573881843, "params": {"0": -1.283452274993541, "1": 1.2391422029646302, "2": -0.07086359443376322, "3": 1.0405051526417308, "4": -0.48384768116465704, "5": -2.1365423336829945, "6": -2.7339333818650973, "7": -2.926008799303024}, "datetime": {"datetime": "2021-06-30 01:09:46", "elapsed": 17766.872681, "delta": 31.141748}}
{"target": 0.0029952231578905244, "params": {"0": 2.6940262869598097, "1": 2.4008477285471956, "2": -2.5417014661293944, "3": 1.1877654470821675, "4": 2.941554990374107, "5": -0.8907394416087051, "6": 0.01759428563730392, "7": -0.9424863402630841}, "datetime": {"datetime": "2021-06-30 01:10:17", "elapsed": 17798.644251, "delta": 31.77157}}
{"target": 0.002921691064840296, "params": {"0": 1.8564451273007512, "1": 1.181676370621437, "2": 2.8287890611766136, "3": -0.4327268019105279, "4": 0.5470600431624453, "5": 2.744123389357892, "6": 0.47102825881528787, "7": 1.232031701906032}, "datetime": {"datetime": "2021-06-30 01:11:30", "elapsed": 17871.620488, "delta": 72.976237}}
{"target": 0.0032323915805192753, "params": {"0": 0.732476198252844, "1": -1.439758234553861, "2": -1.450988970251331, "3": -0.4936189784952756, "4": 0.49494531326538205, "5": 2.882680106915985, "6": -2.3624612551610387, "7": -0.006714675877208087}, "datetime": {"datetime": "2021-06-30 01:12:11", "elapsed": 17911.843596, "delta": 40.223108}}
{"target": 0.003038671313835683, "params": {"0": -1.6106883827449932, "1": 2.670400922393413, "2": 1.344875014265556, "3": -0.2391954970458614, "4": -1.5269930314991214, "5": 0.6672800927691362, "6": -0.07339995435610325, "7": -1.6559576816644164}, "datetime": {"datetime": "2021-06-30 01:12:42", "elapsed": 17943.183214, "delta": 31.339618}}
