{"target": 0.011701847661698283, "params": {"0": -2.5012385724441595, "1": 0.8413228886540249, "2": 2.778425388096532, "3": -2.62805889476311, "4": 2.7533596628429287, "5": 0.04973210994865074, "6": -2.2073530239725407, "7": -0.1069697086550514}, "datetime": {"datetime": "2021-06-30 02:36:37", "elapsed": 22977.381251, "delta": 31.696647}}
{"target": 0.0031794023483686248, "params": {"0": 2.7372865726870765, "1": -0.9915262658612729, "2": -0.8367895885844234, "3": -2.698198000479829, "4": -2.8481291479345865, "5": -0.6029920147343275, "6": 1.1894214053304237, "7": -0.3896111332800771}, "datetime": {"datetime": "2021-06-30 02:37:07", "elapsed": 23007.250741, "delta": 29.86949}}
{"target": 0.008156487470724262, "params": {"0": -1.742355484561446, "1": 0.4734488107921213, "2": -0.9359972718900513, "3": -2.232806568170491, "4": 0.9688056764943367, "5": -0.7381313293847191, "6": 0.12588294562472857, "7": 0.9503860704342264}, "datetime": {"datetime": "2021-06-30 02:37:36", "elapsed": 23035.907476, "delta": 28.656735}}
{"target": 0.0029548190163096706, "params": {"0": 2.303237952989009, "1": 2.939918112577061, "2": 2.2262002131034357, "3": 0.9902096144278296, "4": 2.4558214631092614, "5": -0.7908603458126979, "6": -0.634256403655078, "7": -0.8616969674274575}, "datetime": {"datetime": "2021-06-30 02:38:16", "elapsed": 23076.092327, "delta": 40.184851}}
{"target": 0.003512350768715334, "params": {"0": -0.3422734032490409, "1": -0.6885472345096857, "2": -1.7071872650455922, "3": 2.9122856678156577, "4": -0.6189451662584426, "5": -2.549654211630324, "6": -1.3995473593040622, "7": 1.040367665559823}, "datetime": {"datetime": "2021-06-30 02:38:42", "elapsed": 23102.353619, "delta": 26.261292}}
{"target": 0.003101776544743903, "params": {"0": -0.0855499695859483, "1": 0.3614826946165519, "2": -1.5553497972307595, "3": -1.1816417849641392, "4": -1.677240150765189, "5": -0.8679356249880703, "6": 2.4157280578077165, "7": 0.7727608553425656}, "datetime": {"datetime": "2021-06-30 02:39:14", "elapsed": 23134.432078, "delta": 32.078459}}
{"target": 0.004055140893231477, "params": {"0": 2.8294421547675457, "1": 0.892248302624961, "2": -0.22618505908355768, "3": 1.5657521383830604, "4": 1.7918944400135857, "5": -1.1096249592214393, "6": -2.8369780985117945, "7": -0.37018110231952805}, "datetime": {"datetime": "2021-06-30 02:39:47", "elapsed": 23166.940805, "delta": 32.508727}}
{"target": 0.0031115278999988456, "params": {"0": 2.403113455972014, "1": -1.6034819259791706, "2": 0.9723582067789573, "3": 0.3962921725228199, "4": -1.1356494689036403, "5": 2.106877209185626, "6": -0.11131206389315906, "7": 0.48168715038084375}, "datetime": {"datetime": "2021-06-30 02:40:24", "elapsed": 23203.807054, "delta": 36.866249}}
{"target": 0.003254171694565843, "params": {"0": -2.6584414613445677, "1": 1.8223170331229817, "2": -0.3558911322279035, "3": 1.4905596506152214, "4": 2.740842057223017, "5": -0.627826853269835, "6": 2.564491801450898, "7": 1.3095288716835656}, "datetime": {"datetime": "2021-06-30 02:41:10", "elapsed": 23249.8725, "delta": 46.065446}}
{"target": 0.0033121698149196762, "params": {"0": 0.03351364912813537, "1": 0.7618792638515481, "2": 2.0459343498156173, "3": 0.3456661589332164, "4": -2.1876837033797356, "5": 2.334080069820523, "6": -1.7919030974768515, "7": -2.755700762976996}, "datetime": {"datetime": "2021-06-30 02:41:39", "elapsed": 23279.634762, "delta": 29.762262}}
{"target": 0.003078537321311368, "params": {"0": 2.9402403105143087, "1": -2.717363785319697, "2": 2.2714190789471163, "3": -0.715840876744231, "4": 1.4499511892157004, "5": -0.7897239205763773, "6": 2.2788800486702083, "7": -2.9712856204226075}, "datetime": {"datetime": "2021-06-30 02:42:24", "elapsed": 23323.789701, "delta": 44.154939}}
{"target": 0.0037366169705733755, "params": {"0": 1.633191207206366, "1": -1.1754379025483837, "2": 0.47673248986354544, "3": -2.0992898673845146, "4": -2.4347331146825244, "5": 0.08565925383116957, "6": 2.6623932519118165, "7": -2.8451801832336807}, "datetime": {"datetime": "2021-06-30 02:43:06", "elapsed": 23366.153717, "delta": 42.364016}}
{"target": 0.00297167283111869, "params": {"0": -1.446853814468434, "1": -2.058347636952777, "2": 0.6617785903972364, "3": -2.085695652871592, "4": 0.3053681999903173, "5": 0.9677662662367723, "6": 0.5268779017348555, "7": 0.6905416882930275}, "datetime": {"datetime": "2021-06-30 02:43:57", "elapsed": 23416.91238, "delta": 50.758663}}
{"target": 0.007233467945412303, "params": {"0": 0.3391856510531932, "1": 2.2517194794008786, "2": 2.9352379162812214, "3": -0.48795945422706666, "4": 1.2345124262605403, "5": -0.08046867769368404, "6": 0.9283796711039844, "7": 0.23200784724699552}, "datetime": {"datetime": "2021-06-30 02:44:42", "elapsed": 23462.452304, "delta": 45.539924}}
{"target": 0.004721523446852303, "params": {"0": -2.961113472571963, "1": -1.464940095428867, "2": -0.15165405602912596, "3": -2.158581537475814, "4": 1.4807966759241378, "5": -1.461291576677169, "6": -0.8579795725908097, "7": -1.1903168308717151}, "datetime": {"datetime": "2021-06-30 02:45:21", "elapsed": 23501.101979, "delta": 38.649675}}
{"target": 0.0031669379068192424, "params": {"0": 1.0284423552121096, "1": 2.0870761152652877, "2": -0.3132759528662339, "3": -1.3349546965369525, "4": -0.5067915582583895, "5": -0.29988030915296804, "6": 1.9004786164474572, "7": -1.996971610965632}, "datetime": {"datetime": "2021-06-30 02:46:00", "elapsed": 23539.980855, "delta": 38.878876}}
{"target": 0.003909431994852801, "params": {"0": -1.2193196793165406, "1": -2.411870453104382, "2": -2.028680890622141, "3": -0.603900536140181, "4": 0.19332188285795748, "5": 2.8225059564596915, "6": -2.7377007004499516, "7": 0.06583198679281477}, "datetime": {"datetime": "2021-06-30 02:46:30", "elapsed": 23569.80905, "delta": 29.828195}}
{"target": 0.002937640093618607, "params": {"0": 1.6369384456598963, "1": -0.30942275968770616, "2": 2.3891702768443217, "3": 1.366469054616739, "4": 0.2657256975961584, "5": 0.33716993452142496, "6": -1.0896592190213799, "7": -2.032853137033465}, "datetime": {"datetime": "2021-06-30 02:47:14", "elapsed": 23614.536082, "delta": 44.727032}}
{"target": 0.004007766402263585, "params": {"0": -0.29171185921488396, "1": -0.6400235690150602, "2": -0.5198088336810525, "3": -1.262277037903476, "4": 0.458342398208774, "5": 1.1714002732284854, "6": -0.08960672724669516, "7": -1.709756108191625}, "datetime": {"datetime": "2021-06-30 02:47:39", "elapsed": 23638.914291, "delta": 24.378209}}
{"target": 0.0030307219190431204, "params": {"0": -1.8418907646084928, "1": 2.4994702751153124, "2": 1.7914831671021885, "3": 0.18753730794837686, "4": 1.632865511645404, "5": 2.085744306675208, "6": 1.937019300278811, "7": 1.4245888923122694}, "datetime": {"datetime": "2021-06-30 02:48:41", "elapsed": 23700.841107, "delta": 61.926816}}
{"target": 0.003034105113327885, "params": {"0": -0.2799418908383311, "1": 0.15579790230523693, "2": 1.5414358633487648, "3": 1.8941399528729344, "4": 0.5447553750421723, "5": 2.1382250396146043, "6": -1.4241112604742907, "7": -1.6393960072278777}, "datetime": {"datetime": "2021-06-30 02:49:22", "elapsed": 23742.130568, "delta": 41.289461}}
{"target": 0.0030067072927615216, "params": {"0": 0.6616937810587808, "1": 1.7098211092511377, "2": -2.3472368808917685, "3": 2.270208179179657, "4": -2.84412281334619, "5": 0.23630157247464822, "6": -1.0815794143236432, "7": 1.771612252153071}, "datetime": {"datetime": "2021-06-30 02:49:48", "elapsed": 23768.236441, "delta": 26.105873}}
{"target": 0.0034441067522860617, "params": {"0": -1.9056683062116129, "1": -2.7594983259478347, "2": 0.8564160168671089, "3": 1.0417993565679584, "4": 2.2446321115574657, "5": 2.040266432056021, "6": -0.37732248517978473, "7": -0.9009098586750435}, "datetime": {"datetime": "2021-06-30 02:50:33", "elapsed": 23813.190668, "delta": 44.954227}}
{"target": 0.0033261222955439053, "params": {"0": -1.7091395446204878, "1": -2.7326608716149208, "2": 1.3151090181245921, "3": 1.8903356299572938, "4": 2.9611995153567445, "5": -2.2993712099178123, "6": 1.0015365435613433, "7": -1.9514579525101203}, "datetime": {"datetime": "2021-06-30 02:51:26", "elapsed": 23866.097284, "delta": 52.906616}}
{"target": 0.0031386446820527245, "params": {"0": 0.6202304402506789, "1": 0.6050977502185377, "2": -2.895375090186257, "3": -2.9026401793216676, "4": -0.42093432773811923, "5": 0.5516035564656327, "6": -1.2861610365041904, "7": -2.6972279059984805}, "datetime": {"datetime": "2021-06-30 02:52:00", "elapsed": 23900.360784, "delta": 34.2635}}
{"target": 0.0031496895472596944, "params": {"0": 0.25856130376889874, "1": 2.374490504325938, "2": -1.4564187817536052, "3": -1.8724134315104801, "4": -1.980293428425583, "5": 0.6922197450901786, "6": -0.5920759498492094, "7": -2.203109798552056}, "datetime": {"datetime": "2021-06-30 02:52:49", "elapsed": 23948.821048, "delta": 48.460264}}
{"target": 0.003010827694018755, "params": {"0": 1.098255952474723, "1": 1.8859607588702136, "2": 0.2820344513162789, "3": -1.3466410583535453, "4": 1.8645819701046058, "5": 1.824727642383973, "6": 0.6674797942789188, "7": -2.390343038263371}, "datetime": {"datetime": "2021-06-30 02:53:38", "elapsed": 23998.272158, "delta": 49.45111}}
{"target": 0.005474659531557677, "params": {"0": 0.6833049448977033, "1": -1.3119065076401755, "2": 1.7295872422503233, "3": 2.0098520881174577, "4": -0.2753859164851642, "5": 2.5197452558189237, "6": 1.0126206952243892, "7": 2.3556710375706853}, "datetime": {"datetime": "2021-06-30 02:54:27", "elapsed": 24046.912153, "delta": 48.639995}}
{"target": 0.002933622837879689, "params": {"0": 2.7861731728830694, "1": -0.603550707443306, "2": -0.5878608564637249, "3": -1.6491991260959917, "4": 0.1049170630620897, "5": 2.516960360714367, "6": 1.1865971387049434, "7": -2.2807548601070335}, "datetime": {"datetime": "2021-06-30 02:55:15", "elapsed": 24095.160321, "delta": 48.248168}}
{"target": 0.0035602448204248537, "params": {"0": 2.5174257588385984, "1": -1.853244108174041, "2": 0.3966963993138597, "3": 1.7552370546046978, "4": -0.8385603087333968, "5": 0.9343983352088676, "6": -0.7846662238771582, "7": -2.9582356542962134}, "datetime": {"datetime": "2021-06-30 02:55:46", "elapsed": 24126.021324, "delta": 30.861003}}
{"target": 0.003082114851749173, "params": {"0": -1.6711799853559004, "1": -0.6200806484081207, "2": 0.8436910284814649, "3": -1.1446979831181483, "4": -2.3384447319411055, "5": 0.7879383747354973, "6": 2.695378860662614, "7": 1.0507405310368512}, "datetime": {"datetime": "2021-06-30 02:56:24", "elapsed": 24164.375732, "delta": 38.354408}}
{"target": 0.0030412725733340706, "params": {"0": -2.798375738631611, "1": -0.937721148741077, "2": 2.5047939651140902, "3": 0.10625212506328197, "4": 1.9702274910695028, "5": 1.1210296120625802, "6": -1.9962695390042782, "7": 1.7601356253481306}, "datetime": {"datetime": "2021-06-30 02:57:01", "elapsed": 24201.671941, "delta": 37.296209}}
{"target": 0.004875532799718194, "params": {"0": 0.00482428201018692, "1": -1.0740559438251107, "2": -1.2433818174225866, "3": -1.6482764097751375, "4": -0.7764403845884598, "5": -2.6032640488767913, "6": -2.663533872857783, "7": -1.008131535607377}, "datetime": {"datetime": "2021-06-30 02:57:41", "elapsed": 24241.73021, "delta": 40.058269}}
{"target": 0.0029379412385340175, "params": {"0": -2.1396219877852856, "1": -1.5731616484653606, "2": 1.7556278321756107, "3": 0.1177594512375526, "4": 0.035863562317962394, "5": 2.919357958717221, "6": 0.5626272689156444, "7": -0.13488091024555526}, "datetime": {"datetime": "2021-06-30 02:58:33", "elapsed": 24293.200971, "delta": 51.470761}}
{"target": 0.003035783026779341, "params": {"0": 1.3185377898777215, "1": 0.20490804112114347, "2": -2.593893874390517, "3": -2.75380856387119, "4": 1.519155970239682, "5": 2.7551545018378008, "6": -2.705413680047486, "7": 0.21321438506662993}, "datetime": {"datetime": "2021-06-30 02:59:10", "elapsed": 24330.255986, "delta": 37.055015}}
{"target": 0.0035245368818490894, "params": {"0": -2.7343277649531585, "1": 2.1027268416809743, "2": -0.31463844717346223, "3": 1.750350493348316, "4": -0.17094426993588385, "5": -1.5224707947807559, "6": -0.322988223888907, "7": -1.2202378932065547}, "datetime": {"datetime": "2021-06-30 02:59:50", "elapsed": 24370.266569, "delta": 40.010583}}
{"target": 0.003220454980130005, "params": {"0": 2.364728883998845, "1": 1.6949883500467706, "2": -0.8939544107073871, "3": -2.6045387282244823, "4": -0.35171686375556366, "5": -1.5741049096110116, "6": -2.7069317575699205, "7": -2.6557368934209062}, "datetime": {"datetime": "2021-06-30 03:00:33", "elapsed": 24413.033645, "delta": 42.767076}}
{"target": 0.00290020146177339, "params": {"0": -1.0769988706090219, "1": -1.7615064021595357, "2": -1.1460652113437826, "3": 1.1069572925159274, "4": 2.2584088264450344, "5": 0.8929893723146538, "6": 1.727340555645629, "7": 0.5177148770397526}, "datetime": {"datetime": "2021-06-30 03:01:03", "elapsed": 24443.351125, "delta": 30.31748}}
{"target": 0.0030628298084512313, "params": {"0": -0.3850990581560487, "1": -0.8383562378697946, "2": -2.764701923099511, "3": 2.488830857056864, "4": 1.9771868072792307, "5": 1.1906962587660948, "6": -1.4236796010681254, "7": 1.541986803926462}, "datetime": {"datetime": "2021-06-30 03:01:29", "elapsed": 24469.688982, "delta": 26.337857}}
{"target": 0.0069309469217214955, "params": {"0": -1.1462551592901025, "1": -0.29200261284156515, "2": 0.0936244120288241, "3": -0.32314001399674375, "4": 1.7946912165082223, "5": -2.1391896918252904, "6": 0.294030481322074, "7": -1.9466544095556244}, "datetime": {"datetime": "2021-06-30 03:01:59", "elapsed": 24498.911328, "delta": 29.222346}}
{"target": 0.003380451657515322, "params": {"0": -2.1526911830316795, "1": 0.8288385592308729, "2": 2.374102796363995, "3": 2.9873775610788975, "4": 1.7767557601768535, "5": 1.234918428814412, "6": -2.2763542501138083, "7": 2.8038080500363396}, "datetime": {"datetime": "2021-06-30 03:02:41", "elapsed": 24540.935247, "delta": 42.023919}}
{"target": 0.0032129401143099886, "params": {"0": 1.3212731710952816, "1": -1.2445161304130208, "2": -0.09824849620737774, "3": 0.32090280822452355, "4": -1.3151259745583066, "5": 2.0184169639814753, "6": 2.336912783852461, "7": 1.2758590564317425}, "datetime": {"datetime": "2021-06-30 03:03:17", "elapsed": 24577.638084, "delta": 36.702837}}
{"target": 0.0030992652454923946, "params": {"0": 2.434454486435584, "1": -2.283920421915049, "2": 2.7509506172266347, "3": -1.891921747132044, "4": -2.949907265667604, "5": 0.728751740733645, "6": 0.9339286366583748, "7": 1.4955733257827193}, "datetime": {"datetime": "2021-06-30 03:04:03", "elapsed": 24623.015179, "delta": 45.377095}}
{"target": 0.0030406793476630348, "params": {"0": 0.7254611468447134, "1": -0.985522604169363, "2": -1.2468348077180964, "3": 0.25228170412702156, "4": 1.7796016630162947, "5": 1.469985413004074, "6": 1.1656562179736394, "7": 1.8111801457522736}, "datetime": {"datetime": "2021-06-30 03:04:48", "elapsed": 24667.964665, "delta": 44.949486}}
{"target": 0.0028284462757199496, "params": {"0": -1.8335759262807245, "1": 1.2216263191074859, "2": 1.5054345458895044, "3": 0.9402834885648588, "4": 1.5617765154670753, "5": 1.6343314945754521, "6": 0.6731677702237437, "7": -1.3639703704903752}, "datetime": {"datetime": "2021-06-30 03:05:31", "elapsed": 24711.017326, "delta": 43.052661}}
{"target": 0.00308429739093637, "params": {"0": 1.7972509204768308, "1": 2.8454609527228927, "2": -1.335535546776996, "3": 0.38534455975496273, "4": -0.5832710930210805, "5": -1.3722989029970343, "6": 0.6437160658048384, "7": 0.03967423147547544}, "datetime": {"datetime": "2021-06-30 03:06:05", "elapsed": 24745.407632, "delta": 34.390306}}
{"target": 0.0029343044245087263, "params": {"0": 0.9359477621697705, "1": 1.0752512061105506, "2": 1.3893509834898108, "3": -0.9897028972483444, "4": -1.419428793617851, "5": 2.627971704537231, "6": 2.402379519465791, "7": 1.2064458878983224}, "datetime": {"datetime": "2021-06-30 03:06:42", "elapsed": 24782.395175, "delta": 36.987543}}
{"target": 0.003150877741937593, "params": {"0": 2.224345323895327, "1": -2.051149710403629, "2": -1.249670891800706, "3": 0.25527183206431303, "4": 1.6970482565197713, "5": 0.3166104313335536, "6": -2.4235989647622445, "7": -1.3558018045415787}, "datetime": {"datetime": "2021-06-30 03:07:15", "elapsed": 24815.466602, "delta": 33.071427}}
{"target": 0.00396858214913823, "params": {"0": 0.8453528192554676, "1": -0.20569461859842164, "2": -0.3251325334651347, "3": -2.4089358532785248, "4": -0.6063888338053336, "5": 1.4407334308818989, "6": -1.9121220598530928, "7": -1.0889298886317256}, "datetime": {"datetime": "2021-06-30 03:07:49", "elapsed": 24848.948, "delta": 33.481398}}
{"target": 0.0032173129720174456, "params": {"0": -1.0297400387339268, "1": 0.6759785531586155, "2": -2.4718905028213802, "3": 0.9509872385920746, "4": -1.5672177740568696, "5": -1.229005377770153, "6": -0.35947672585819523, "7": -2.384393273364743}, "datetime": {"datetime": "2021-06-30 03:09:06", "elapsed": 24925.908272, "delta": 76.960272}}
{"target": 0.00649923178878869, "params": {"0": 0.06294252379795218, "1": -2.8782764332186, "2": -0.768980470698339, "3": 2.7763697978588535, "4": -0.35325740914339354, "5": 0.32346582055761974, "6": -2.5040995537546076, "7": -2.0925565421639547}, "datetime": {"datetime": "2021-06-30 03:09:31", "elapsed": 24951.434599, "delta": 25.526327}}
{"target": 0.003118208011971336, "params": {"0": 1.9804723735199126, "1": 0.2905094185096835, "2": -0.25947895750751737, "3": -2.435583215783058, "4": -2.153638600817783, "5": 2.764281783150425, "6": 0.4448062260264041, "7": 0.932601492637473}, "datetime": {"datetime": "2021-06-30 03:10:16", "elapsed": 24996.666156, "delta": 45.231557}}
{"target": 0.015269235047448476, "params": {"0": -1.0851923824812746, "1": 1.721366085320697, "2": 0.4813909892939643, "3": -1.675355931891814, "4": 1.2887171161302957, "5": 1.279170861567155, "6": -2.590263109629574, "7": 0.5590249420106623}, "datetime": {"datetime": "2021-06-30 03:10:59", "elapsed": 25039.765791, "delta": 43.099635}}
{"target": 0.011476792672424015, "params": {"0": -1.680032157220107, "1": 2.078809116531298, "2": 2.861665516624331, "3": -2.56494042275899, "4": -0.7361895698049952, "5": 0.48799617264082684, "6": 1.3297109432857264, "7": 0.6265148033222934}, "datetime": {"datetime": "2021-06-30 03:11:32", "elapsed": 25072.189251, "delta": 32.42346}}
{"target": 0.002840769588966821, "params": {"0": -2.512102402092432, "1": 0.5868632207349305, "2": 0.9072583706548829, "3": -1.128755671637858, "4": 2.6425769835277384, "5": 2.4069699568670986, "6": 0.24686099397240113, "7": 2.0110999178931888}, "datetime": {"datetime": "2021-06-30 03:12:17", "elapsed": 25117.374213, "delta": 45.184962}}
{"target": 0.003338942394548719, "params": {"0": -1.186415124368341, "1": 0.5358013053520767, "2": 0.19995217329024495, "3": -1.374914743766359, "4": 0.48594947342976136, "5": -0.6242622108833178, "6": 1.514746150616645, "7": -2.1208251997418373}, "datetime": {"datetime": "2021-06-30 03:13:02", "elapsed": 25162.087204, "delta": 44.712991}}
{"target": 0.003254124418427848, "params": {"0": 1.9881376318118225, "1": -2.3296626413319395, "2": -2.416418486652989, "3": 2.7468773440581096, "4": -1.1461902004199083, "5": -1.4650483079562744, "6": 1.92166793840898, "7": -2.441351383932666}, "datetime": {"datetime": "2021-06-30 03:14:15", "elapsed": 25235.107813, "delta": 73.020609}}
{"target": 0.005558050843595772, "params": {"0": -2.7527736462693935, "1": -1.4741237314415667, "2": -1.9098091687935153, "3": -0.3916907556469722, "4": 1.6465386188876865, "5": 1.9700531216411044, "6": 0.15462834905457346, "7": -1.032154726358972}, "datetime": {"datetime": "2021-06-30 03:15:23", "elapsed": 25303.496241, "delta": 68.388428}}
{"target": 0.06039720857251764, "params": {"0": -0.5551453342299082, "1": -2.685841041375248, "2": 1.1066381555791454, "3": -1.093543870787319, "4": -1.7066137065557683, "5": 2.127906616628218, "6": -2.4868726745239558, "7": 2.022324122959663}, "datetime": {"datetime": "2021-06-30 03:16:11", "elapsed": 25351.504629, "delta": 48.008388}}
{"target": 0.009226124560985129, "params": {"0": 1.744774655908179, "1": 1.543564194605901, "2": -2.7671137748526475, "3": -2.4499843684923945, "4": 2.4988050249061464, "5": -2.7788139516878836, "6": 2.927792739847738, "7": -2.596902860454112}, "datetime": {"datetime": "2021-06-30 03:16:52", "elapsed": 25391.918621, "delta": 40.413992}}
{"target": 0.003433556585925434, "params": {"0": 0.9827283443687205, "1": -0.14238783126699683, "2": 1.530322523204692, "3": 1.010263015442387, "4": -2.733729535055895, "5": -1.4840715297280938, "6": -0.455715839759645, "7": -2.0406547741746643}, "datetime": {"datetime": "2021-06-30 03:17:22", "elapsed": 25421.836667, "delta": 29.918046}}
{"target": 0.002886443980828421, "params": {"0": -0.44354491744418123, "1": -0.5134143571875951, "2": -2.548721174822843, "3": 2.0901243687317237, "4": 1.673599214454863, "5": -0.8425800011497193, "6": 2.6870257866537246, "7": -2.7584837310799615}, "datetime": {"datetime": "2021-06-30 03:18:09", "elapsed": 25469.115578, "delta": 47.278911}}
{"target": 0.0033564156062805012, "params": {"0": 2.7654982283699763, "1": 0.14609477616636202, "2": -2.2296771382755627, "3": 2.352162229193869, "4": -1.2664293050670967, "5": -2.4107435176343452, "6": 1.4080472757718656, "7": -0.12465870035642279}, "datetime": {"datetime": "2021-06-30 03:18:43", "elapsed": 25503.644338, "delta": 34.52876}}
{"target": 0.0045370059685996686, "params": {"0": -0.4483904503070182, "1": 2.3750208168758427, "2": 2.7005008070227836, "3": 0.6520445993892339, "4": -1.1604320228697, "5": -1.0190473052166882, "6": -2.7186359748284885, "7": -1.4912129917871124}, "datetime": {"datetime": "2021-06-30 03:19:55", "elapsed": 25575.600152, "delta": 71.955814}}
