{"target": 0.0033021108352182184, "params": {"0": -1.0997388810723865, "1": -0.2454708981835072, "2": -0.7826490540818467, "3": -0.7165939252819742, "4": 2.08015709638478, "5": -1.9089132302163774, "6": 2.800116838710295, "7": -1.3827883250927833}, "datetime": {"datetime": "2021-06-29 22:57:48", "elapsed": 9849.164729, "delta": 15.218822}}
{"target": 0.0034965657386185913, "params": {"0": -2.817101971369887, "1": 2.5197225893998514, "2": 2.8200404975449107, "3": 1.6606601297799761, "4": 1.3020396412997624, "5": 0.5095611376630194, "6": -2.0575960889243765, "7": 0.2002083038277611}, "datetime": {"datetime": "2021-06-29 22:58:08", "elapsed": 9868.370634, "delta": 19.205905}}
{"target": 0.0031445635466238295, "params": {"0": 2.5261994617065637, "1": 0.2736986785964586, "2": 2.309712627451682, "3": 0.7937112019151034, "4": 1.2535466499730443, "5": -1.9649704989067884, "6": -2.5656840613606757, "7": 1.1339097441808317}, "datetime": {"datetime": "2021-06-29 22:58:21", "elapsed": 9881.638251, "delta": 13.267617}}
{"target": 0.006057458332477348, "params": {"0": 0.05612865110221188, "1": 1.535636611227022, "2": -1.7116270558937228, "3": -0.9294466094383105, "4": -1.8012731346491235, "5": 1.4225951761733375, "6": -0.5373469374312112, "7": 2.3906973797904723}, "datetime": {"datetime": "2021-06-29 22:58:35", "elapsed": 9895.811367, "delta": 14.173116}}
{"target": 0.004719329623896063, "params": {"0": 0.7975616913435783, "1": -1.5807756636655947, "2": -2.210521546075169, "3": 0.283050573075438, "4": -2.041782943537946, "5": -0.771905165098691, "6": 2.982741908503151, "7": 2.9733857956540657}, "datetime": {"datetime": "2021-06-29 22:59:26", "elapsed": 9946.544875, "delta": 50.733508}}
{"target": 0.0036834737102271497, "params": {"0": -0.5354512764852855, "1": -2.3383027778012533, "2": -2.9298169071229543, "3": -0.3683093569359328, "4": -2.589503100991103, "5": -0.9143149834511477, "6": -0.8294898790076068, "7": -2.675229688328108}, "datetime": {"datetime": "2021-06-29 23:00:19", "elapsed": 9999.985854, "delta": 53.440979}}
{"target": 0.0032156072093225178, "params": {"0": 1.0459059959322836, "1": -2.299892608308275, "2": -1.0363387345154615, "3": 2.8626099196053145, "4": -0.1784994229676431, "5": 0.6785173147449193, "6": 0.47784823786464514, "7": -0.42171886033765205}, "datetime": {"datetime": "2021-06-29 23:00:44", "elapsed": 10024.943578, "delta": 24.957724}}
{"target": 0.006478050069509565, "params": {"0": 2.8335623266953016, "1": 0.030912387689014054, "2": -2.41490773091898, "3": -0.2246068177506153, "4": -2.4680392044634556, "5": -0.42271120436773746, "6": -0.1026825299732872, "7": -0.012622938416362306}, "datetime": {"datetime": "2021-06-29 23:01:12", "elapsed": 10053.135231, "delta": 28.191653}}
{"target": 0.0031343895549714837, "params": {"0": -2.1054328874114088, "1": -0.6513517812474134, "2": 0.4978624767992992, "3": -2.8292004187101973, "4": 2.312806823124628, "5": -1.7937135353113807, "6": 2.354072702064788, "7": -0.6933176041559386}, "datetime": {"datetime": "2021-06-29 23:01:38", "elapsed": 10078.959442, "delta": 25.824211}}
{"target": 0.003363751872399979, "params": {"0": 0.48481320031427266, "1": -2.9368451792412458, "2": -0.5200174523787551, "3": 1.9111438583416724, "4": -2.3322378282062184, "5": 0.08655761406969731, "6": 1.858249329763427, "7": 1.6240011998059227}, "datetime": {"datetime": "2021-06-29 23:01:57", "elapsed": 10097.500386, "delta": 18.540944}}
{"target": 0.004724306284497404, "params": {"0": 0.4093015018226147, "1": 0.05507953342709282, "2": -2.5021328755151058, "3": -2.42084295666612, "4": -0.023555176919967558, "5": 1.779569725198562, "6": 2.111031124129374, "7": 0.4493228985355655}, "datetime": {"datetime": "2021-06-29 23:02:17", "elapsed": 10117.526336, "delta": 20.02595}}
{"target": 0.004696825956468824, "params": {"0": -1.5746868321435386, "1": -0.16902113576088773, "2": 0.5657000084685202, "3": 1.479670073927399, "4": 0.09637165347799925, "5": -1.5866895321467482, "6": -2.362538463455855, "7": -2.9195226230161233}, "datetime": {"datetime": "2021-06-29 23:02:33", "elapsed": 10133.953832, "delta": 16.427496}}
{"target": 0.003446484624073376, "params": {"0": -1.8413085280082826, "1": 0.08094517185862049, "2": 1.3059197634010067, "3": -2.7394373384180257, "4": -2.6697887765263006, "5": 2.759333870248314, "6": 2.310675647989255, "7": -1.4377831863293191}, "datetime": {"datetime": "2021-06-29 23:02:53", "elapsed": 10154.188361, "delta": 20.234529}}
{"target": 0.006563937885062172, "params": {"0": 0.5875259190470659, "1": 2.3445754316875735, "2": -2.6718047704188885, "3": -2.1474643478777358, "4": -0.31852635071729374, "5": 1.6483849885556339, "6": 1.446916716535915, "7": 1.2006262789953084}, "datetime": {"datetime": "2021-06-29 23:03:10", "elapsed": 10170.885207, "delta": 16.696846}}
{"target": 0.0034973882138387177, "params": {"0": -2.2526036090296215, "1": 0.40825977547066294, "2": 2.580200457954083, "3": 0.7490390279236792, "4": -0.18950060854077622, "5": -0.7603735092353743, "6": 2.041234562947986, "7": 1.7840492335365434}, "datetime": {"datetime": "2021-06-29 23:03:26", "elapsed": 10186.803581, "delta": 15.918374}}
{"target": 0.009477661039575343, "params": {"0": -1.1983479661774066, "1": -2.983557915357944, "2": 1.405064718994761, "3": -2.7501487229819714, "4": 2.4197822980934847, "5": 0.9416663919420283, "6": 2.18640113688389, "7": -1.3091565762369977}, "datetime": {"datetime": "2021-06-29 23:03:52", "elapsed": 10212.662039, "delta": 25.858458}}
{"target": 0.007144121666205962, "params": {"0": -1.7948916319487036, "1": -0.4808436356566155, "2": 1.2079523618921986, "3": -2.966173258414865, "4": 0.5762127353223745, "5": -0.5789540032277638, "6": 0.3480757626246165, "7": 2.8697600990000707}, "datetime": {"datetime": "2021-06-29 23:04:17", "elapsed": 10237.787524, "delta": 25.125485}}
{"target": 0.0037106434022647337, "params": {"0": 0.6450822639800258, "1": -0.45013781185300905, "2": -1.0297346833175658, "3": 1.7413952024795663, "4": 2.8272266208918264, "5": -1.234460023389175, "6": -1.4937263678439923, "7": -0.9780586971929646}, "datetime": {"datetime": "2021-06-29 23:04:40", "elapsed": 10260.322106, "delta": 22.534582}}
{"target": 0.002860693376568906, "params": {"0": 2.5957724016579338, "1": 2.2265011541137305, "2": -0.6334533207125501, "3": 0.036940394689905176, "4": 2.2750661446476883, "5": 2.469441980164519, "6": 0.7905520484069761, "7": -2.6576438159809808}, "datetime": {"datetime": "2021-06-29 23:05:14", "elapsed": 10294.328394, "delta": 34.006288}}
{"target": 0.00435140335857315, "params": {"0": 2.831287133017577, "1": 0.3303492685974865, "2": -1.0036326055398535, "3": 1.891886102063335, "4": -1.473824636072688, "5": -2.009713929993446, "6": -2.810857632487978, "7": -2.4496965540630122}, "datetime": {"datetime": "2021-06-29 23:05:38", "elapsed": 10319.15052, "delta": 24.822126}}
{"target": 0.003905162318549945, "params": {"0": -1.2473395287187807, "1": -1.2602488292782985, "2": -1.5751233924741688, "3": -2.9731153639810537, "4": -2.3929802121627066, "5": 2.473710088348465, "6": -1.0108491822823287, "7": 2.6361453908996673}, "datetime": {"datetime": "2021-06-29 23:05:58", "elapsed": 10339.283305, "delta": 20.132785}}
{"target": 0.003300910852047404, "params": {"0": 1.0487534306018649, "1": 2.85805209304025, "2": 0.7633579552563465, "3": 0.6693786843660359, "4": -0.7437702532042536, "5": -1.5981138829859114, "6": -2.9802106530612935, "7": 0.546907168755574}, "datetime": {"datetime": "2021-06-29 23:06:22", "elapsed": 10362.862446, "delta": 23.579141}}
{"target": 0.0029503626838952857, "params": {"0": 2.836968154598356, "1": -2.9863926868617234, "2": 1.0407192434924113, "3": 2.468670679037823, "4": -0.28115512369663964, "5": 1.0402164951113306, "6": -2.3244297422718985, "7": 0.8740198219582922}, "datetime": {"datetime": "2021-06-29 23:06:34", "elapsed": 10374.373558, "delta": 11.511112}}
{"target": 0.004413248849110017, "params": {"0": -2.4722135027651824, "1": 2.1247443486852324, "2": -2.3121927960839974, "3": -2.5881238097482555, "4": -2.6342879490855413, "5": -2.2536185353519116, "6": -2.5484926395077716, "7": -0.48124747732075157}, "datetime": {"datetime": "2021-06-29 23:06:47", "elapsed": 10388.04884, "delta": 13.675282}}
{"target": 0.004685594841378207, "params": {"0": 1.052431674586284, "1": 2.9324281910840293, "2": -0.9881543669814912, "3": -1.0448964968818886, "4": 2.2953840886386914, "5": -2.2236942634256813, "6": -0.06751228801491393, "7": -1.9108089937194146}, "datetime": {"datetime": "2021-06-29 23:07:12", "elapsed": 10412.373942, "delta": 24.325102}}
{"target": 0.004284681323582289, "params": {"0": -1.5124024244160592, "1": -2.162564971510402, "2": 0.8955186396710886, "3": -0.3397960107922078, "4": 0.40660378886754955, "5": 1.0915679385744639, "6": -2.4732057788436324, "7": -0.44106658512126007}, "datetime": {"datetime": "2021-06-29 23:07:38", "elapsed": 10438.296618, "delta": 25.922676}}
{"target": 0.003457499972206121, "params": {"0": -0.681969506266995, "1": 1.2958468223880049, "2": -0.9461692280527201, "3": 2.745016805199226, "4": -0.5559016573958635, "5": 2.7564906170472385, "6": -2.567980287368892, "7": 1.3581106136863736}, "datetime": {"datetime": "2021-06-29 23:07:52", "elapsed": 10453.288078, "delta": 14.99146}}
{"target": 0.0032695682445210996, "params": {"0": 1.4559202411478216, "1": 2.3320413953558843, "2": 0.2817063326513418, "3": 2.050092782804528, "4": 2.1390494710085015, "5": 2.981597698385924, "6": -0.248251374270958, "7": 0.9344956966310844}, "datetime": {"datetime": "2021-06-29 23:08:09", "elapsed": 10469.313195, "delta": 16.025117}}
{"target": 0.0038421660084354374, "params": {"0": 1.8485613300302397, "1": -1.7727750791975483, "2": -2.7420362539761287, "3": 0.7289481918055318, "4": -1.3578117388777802, "5": -0.45618174136464607, "6": -2.446799063242687, "7": -2.3214062225554803}, "datetime": {"datetime": "2021-06-29 23:09:05", "elapsed": 10525.967926, "delta": 56.654731}}
{"target": 0.0036554938116159425, "params": {"0": -0.3000870533187028, "1": 2.1699956021889264, "2": -0.3595502697726074, "3": 1.129951708344736, "4": -1.7450651898859497, "5": -2.001401328276617, "6": -0.04600623411708549, "7": 0.0029614896931517976}, "datetime": {"datetime": "2021-06-29 23:09:31", "elapsed": 10551.829441, "delta": 25.861515}}
{"target": 0.003705042154093538, "params": {"0": 2.440989442985498, "1": 1.5556135208985484, "2": -1.8462973234970212, "3": 1.4454136857921078, "4": -0.7621347480726177, "5": -2.3978032306944383, "6": -1.9149605468636837, "7": -2.2690155090937725}, "datetime": {"datetime": "2021-06-29 23:09:53", "elapsed": 10574.068919, "delta": 22.239478}}
{"target": 0.004499303125471914, "params": {"0": 1.1674727687178699, "1": 1.5966792890675974, "2": -1.1450044503505539, "3": -0.7904715766068389, "4": -1.6046561957320216, "5": 1.308459519991235, "6": 2.701865449487615, "7": -2.4814806142955543}, "datetime": {"datetime": "2021-06-29 23:10:14", "elapsed": 10594.794743, "delta": 20.725824}}
{"target": 0.005940814102239681, "params": {"0": 0.9827276172210411, "1": -0.9585503301542992, "2": 0.012762716982542166, "3": -0.4786022241669965, "4": -2.680392590160599, "5": -2.8257491299750797, "6": -1.4122800310980523, "7": -2.6792895820501164}, "datetime": {"datetime": "2021-06-29 23:10:39", "elapsed": 10619.81692, "delta": 25.022177}}
{"target": 0.0033598782097471343, "params": {"0": 2.699175038460524, "1": 2.228996812891702, "2": -2.028961139110531, "3": 2.4503305904600348, "4": 2.629704461798835, "5": 2.640862902636087, "6": 2.661551310000557, "7": -1.634202886335356}, "datetime": {"datetime": "2021-06-29 23:10:56", "elapsed": 10636.855344, "delta": 17.038424}}
{"target": 0.007258434957657824, "params": {"0": -0.2233307539560312, "1": 1.1704681531406038, "2": -2.3470825103502317, "3": 1.0449267236981319, "4": 2.880594406001851, "5": -1.0228327587697654, "6": -2.849902518277834, "7": -2.456565912514911}, "datetime": {"datetime": "2021-06-29 23:11:16", "elapsed": 10656.846531, "delta": 19.991187}}
{"target": 0.00336596033978663, "params": {"0": -0.9894726461305421, "1": -0.8997043037985017, "2": -0.7817974162949888, "3": -2.9410058578088734, "4": 0.9450531373856847, "5": 2.2973333731043972, "6": -1.524025307616232, "7": -0.8228551080264741}, "datetime": {"datetime": "2021-06-29 23:11:33", "elapsed": 10674.025471, "delta": 17.17894}}
{"target": 0.004375867673675561, "params": {"0": 1.0365048768453722, "1": 0.5283199164874492, "2": -0.052157618001659856, "3": 1.2211642269566498, "4": -2.8832459930036487, "5": -2.2931888243034724, "6": 2.1359001256364394, "7": 2.596275589522546}, "datetime": {"datetime": "2021-06-29 23:11:54", "elapsed": 10694.411612, "delta": 20.386141}}
{"target": 0.010250508619534254, "params": {"0": -2.949784204365666, "1": 0.9472447991464508, "2": 1.335680745557875, "3": 1.2585198260782935, "4": -1.1459121548472144, "5": -2.1881649440544058, "6": -1.4241489418042803, "7": -0.18059240463216275}, "datetime": {"datetime": "2021-06-29 23:12:50", "elapsed": 10750.860097, "delta": 56.448485}}
{"target": 0.0037176066654607924, "params": {"0": 1.1916046412809278, "1": -1.5116192807312336, "2": 1.8736361180921213, "3": -1.1048947946560823, "4": 0.1567677545266446, "5": -0.16026249090822242, "6": 1.8539140306086273, "7": 2.991907537772641}, "datetime": {"datetime": "2021-06-29 23:13:11", "elapsed": 10771.299884, "delta": 20.439787}}
{"target": 0.003057551165962108, "params": {"0": -1.3473286058854932, "1": -1.552324297086884, "2": 2.7256533905395415, "3": 1.0024575595525747, "4": 0.3115201656731674, "5": -1.233224714656945, "6": -1.727340360452206, "7": 2.448734847308751}, "datetime": {"datetime": "2021-06-29 23:14:20", "elapsed": 10840.727016, "delta": 69.427132}}
{"target": 0.0031368214582548717, "params": {"0": -0.5566401795805347, "1": 1.2696111982724467, "2": -1.1599677554943952, "3": 2.3920141374157318, "4": 2.3130231175872042, "5": -2.037348255620034, "6": 2.7311523869837044, "7": 2.4651739367183954}, "datetime": {"datetime": "2021-06-29 23:14:47", "elapsed": 10867.758379, "delta": 27.031363}}
{"target": 0.0030015722427825325, "params": {"0": -0.33895722411490725, "1": 2.1890583619950217, "2": 2.7149183694545638, "3": 1.0166191265420261, "4": 0.7310837416170903, "5": 0.5370054206228141, "6": 1.717091665937029, "7": 1.368600008163111}, "datetime": {"datetime": "2021-06-29 23:15:16", "elapsed": 10896.634501, "delta": 28.876122}}
{"target": 0.0029810297981202483, "params": {"0": 1.8091545736294172, "1": 2.1496090833969586, "2": 2.7712453895700744, "3": 2.8614115281755392, "4": 2.8215584589081324, "5": 1.2079422918108955, "6": -1.8214804633136918, "7": -0.6881803735100429}, "datetime": {"datetime": "2021-06-29 23:15:32", "elapsed": 10913.114235, "delta": 16.479734}}
{"target": 0.003922186580933587, "params": {"0": 1.5025954451102672, "1": -1.7658166943199771, "2": -1.4926283188866785, "3": -1.5769299362242237, "4": 0.9217700637742006, "5": 1.584802990430222, "6": -0.841173125049878, "7": -2.7229400442757177}, "datetime": {"datetime": "2021-06-29 23:15:55", "elapsed": 10936.078718, "delta": 22.964483}}
{"target": 0.003170982584172804, "params": {"0": -2.3473966111740925, "1": -0.1641134324094864, "2": 0.45853259192802387, "3": 1.153978319072631, "4": 2.5895203453933817, "5": -2.141460081925379, "6": -1.9029660756680367, "7": 1.464320004035816}, "datetime": {"datetime": "2021-06-29 23:16:18", "elapsed": 10958.432686, "delta": 22.353968}}
{"target": 0.002947798088653813, "params": {"0": -2.1463630418096997, "1": 2.544952098716143, "2": 0.6193544551524619, "3": -0.4698881324136748, "4": 2.9060726932428773, "5": -0.7339753610130968, "6": 1.684560413314471, "7": -1.5117654525331428}, "datetime": {"datetime": "2021-06-29 23:16:40", "elapsed": 10980.572961, "delta": 22.140275}}
{"target": 0.00742552489377134, "params": {"0": -0.03840930902983741, "1": -0.9844189164937518, "2": -0.19337704381894483, "3": -2.186964814972225, "4": -1.159814832163894, "5": -2.185300693918332, "6": 2.4086747356897495, "7": 0.7203012495567407}, "datetime": {"datetime": "2021-06-29 23:17:07", "elapsed": 11007.409091, "delta": 26.83613}}
{"target": 0.011022274794557944, "params": {"0": -1.7423907511797856, "1": 2.8649760568574516, "2": -1.6023914539815611, "3": -2.5613320731999476, "4": 0.6516836314971237, "5": -1.828855882565953, "6": -1.0572016052071214, "7": -0.37076483270685934}, "datetime": {"datetime": "2021-06-29 23:17:38", "elapsed": 11039.162644, "delta": 31.753553}}
{"target": 0.003891567787091615, "params": {"0": -2.025432304813962, "1": -0.789227336720904, "2": -2.6214699324364776, "3": 1.9509373403990775, "4": -2.1387253349129645, "5": -1.006751943838006, "6": 1.9913711975195199, "7": 1.9109226778653863}, "datetime": {"datetime": "2021-06-29 23:17:56", "elapsed": 11056.674252, "delta": 17.511608}}
{"target": 0.0043146392679961265, "params": {"0": -0.48834522274786263, "1": 2.253164278417078, "2": 1.2769863939348483, "3": 2.686304115490856, "4": 1.3336613058969942, "5": -0.7533542645231517, "6": 2.1816859953082925, "7": 1.7648091546268496}, "datetime": {"datetime": "2021-06-29 23:18:18", "elapsed": 11078.780737, "delta": 22.106485}}
{"target": 0.005546186224220554, "params": {"0": -2.829194116269397, "1": 1.5052460034025348, "2": 1.7869658674382443, "3": -2.7381141834714935, "4": 0.24715812444609053, "5": 2.037343463037832, "6": 2.9754979940458908, "7": -1.9284425308603244}, "datetime": {"datetime": "2021-06-29 23:18:43", "elapsed": 11104.181088, "delta": 25.400351}}
{"target": 0.004147500973540996, "params": {"0": 2.8686082501929473, "1": 1.921839827259598, "2": 1.1045548151064404, "3": 1.4407041746353562, "4": -0.28305942193698375, "5": -0.5188415762407574, "6": -2.797088831376117, "7": -1.2529398368798068}, "datetime": {"datetime": "2021-06-29 23:19:09", "elapsed": 11129.389297, "delta": 25.208209}}
{"target": 0.006023253763638057, "params": {"0": 1.7131741844513622, "1": -2.509872323836066, "2": 2.972505952515757, "3": -0.013227020698765024, "4": -0.16235901318692925, "5": -1.0681321791242289, "6": -2.5022379657253655, "7": 1.025832306513407}, "datetime": {"datetime": "2021-06-29 23:20:12", "elapsed": 11192.53586, "delta": 63.146563}}
{"target": 0.0038969290270635002, "params": {"0": -2.382836985454558, "1": 2.0072486512926746, "2": -1.6966016456074653, "3": -0.7697644932149847, "4": -1.0120117647921583, "5": 0.27948275791923205, "6": -1.6139594866709126, "7": -1.2412976104773934}, "datetime": {"datetime": "2021-06-29 23:20:26", "elapsed": 11206.87883, "delta": 14.34297}}
{"target": 0.003599375095903313, "params": {"0": -1.5142349526581562, "1": 0.23868752838907614, "2": -1.140734935461534, "3": 1.4733480760512432, "4": -2.6736745596970675, "5": 2.2502172659353867, "6": -1.020800699462506, "7": 1.0006766345785314}, "datetime": {"datetime": "2021-06-29 23:20:50", "elapsed": 11230.891796, "delta": 24.012966}}
{"target": 0.006675160106656413, "params": {"0": -1.0682702751028972, "1": 0.21063954156013143, "2": 2.3551635490930254, "3": -1.5872028198706207, "4": -0.25877388748638364, "5": -2.588409691105543, "6": -1.6771379814014524, "7": -2.423775387052666}, "datetime": {"datetime": "2021-06-29 23:21:07", "elapsed": 11247.701568, "delta": 16.809772}}
{"target": 0.00921904286606847, "params": {"0": 1.8743909597394284, "1": -1.8771482613295265, "2": 2.687753209602005, "3": -2.4123308738382443, "4": -1.3487294742152105, "5": -2.195719621022934, "6": -2.621381693741794, "7": 2.2344077434172736}, "datetime": {"datetime": "2021-06-29 23:21:31", "elapsed": 11272.081435, "delta": 24.379867}}
{"target": 0.019930153308412676, "params": {"0": 2.7093355120192886, "1": -2.673398487322766, "2": -0.16694883298506635, "3": -0.6644114368667333, "4": -2.139419069461412, "5": 0.6729085785908842, "6": -1.9371572093452516, "7": 1.7572799136394268}, "datetime": {"datetime": "2021-06-29 23:21:59", "elapsed": 11299.876127, "delta": 27.794692}}
{"target": 0.0033311323331226476, "params": {"0": -1.9286757699811214, "1": 0.9683667844742931, "2": -0.6957145953793509, "3": 1.1822559794741787, "4": 1.8340570377895276, "5": -2.033451022226062, "6": 2.8968968803024735, "7": 2.0392046283374894}, "datetime": {"datetime": "2021-06-29 23:22:22", "elapsed": 11322.893047, "delta": 23.01692}}
{"target": 0.006602313647701832, "params": {"0": 0.7012837243758283, "1": -1.432651226511558, "2": 0.6852958461885512, "3": -2.437444022393523, "4": -0.4999753615870284, "5": 2.0057771486898766, "6": -1.0966879575779396, "7": 2.1103609876188933}, "datetime": {"datetime": "2021-06-29 23:22:50", "elapsed": 11350.828446, "delta": 27.935399}}
{"target": 0.018169527580033762, "params": {"0": -0.0017653977335472248, "1": 0.39210835222282414, "2": -1.8075144699036294, "3": 1.5460253657458711, "4": -2.604165880212263, "5": -1.6377186835149207, "6": -1.491318057354887, "7": 2.448962002400851}, "datetime": {"datetime": "2021-06-29 23:23:10", "elapsed": 11370.886315, "delta": 20.057869}}
{"target": 0.003571383543672973, "params": {"0": -1.1573904965945079, "1": 2.476903404816805, "2": 0.7967533107804012, "3": -1.7225614299457597, "4": -1.5699809526525896, "5": 2.9484103002148956, "6": 2.8763422196610255, "7": -2.1934771263956856}, "datetime": {"datetime": "2021-06-29 23:23:22", "elapsed": 11382.624485, "delta": 11.73817}}
{"target": 0.0030162284253632213, "params": {"0": 0.9520812637747644, "1": 1.9276532374957869, "2": 0.7403310010775996, "3": 2.583026954031933, "4": -2.286634245354958, "5": 0.2322840648796589, "6": 1.878578149349285, "7": 0.7073209931472153}, "datetime": {"datetime": "2021-06-29 23:23:50", "elapsed": 11411.184176, "delta": 28.559691}}
{"target": 0.008492792805753128, "params": {"0": 2.0409090269707697, "1": -0.37247326859193475, "2": -1.4428402755657108, "3": -0.4250669697906879, "4": -0.0991418169795728, "5": -0.5454758534765105, "6": -1.0582687941043538, "7": 1.174513716659927}, "datetime": {"datetime": "2021-06-29 23:24:20", "elapsed": 11441.274573, "delta": 30.090397}}
