{"target": 0.00332358722933804, "params": {"0": 1.2056219105882535, "1": 2.677927224174386, "2": 0.49068446591074766, "3": -1.7945729550013756, "4": 2.480308495859008, "5": -1.7585636249356176, "6": 1.1882426894217684, "7": 0.05829853443930055}, "datetime": {"datetime": "2021-06-29 20:21:55", "elapsed": 407.454998, "delta": 3.787039}}
{"target": 0.005124993886508916, "params": {"0": -2.6258052505001586, "1": 0.2089910810060438, "2": -0.07673434275207747, "3": 2.4685830832083857, "4": 1.7431415552526763, "5": -1.689670939490888, "6": -1.4801396082200973, "7": 2.881409047087284}, "datetime": {"datetime": "2021-06-29 20:21:57", "elapsed": 409.773692, "delta": 2.318694}}
{"target": 0.0038458998721494003, "params": {"0": -0.614871559788492, "1": -0.38235630659857955, "2": 1.5707559559937918, "3": 2.049094716862041, "4": 2.858672680519298, "5": -2.8946601205875706, "6": -2.010107947948312, "7": 1.7529127631417047}, "datetime": {"datetime": "2021-06-29 20:21:58", "elapsed": 411.057813, "delta": 1.284121}}
{"target": 0.003302245333797316, "params": {"0": -2.0979963404253428, "1": -0.7228111052772168, "2": -1.3176992874340525, "3": -0.3396858192727814, "4": -1.1490895272802293, "5": 2.9388412445897867, "6": 2.8191199107955844, "7": 2.298694496609281}, "datetime": {"datetime": "2021-06-29 20:22:01", "elapsed": 413.49631, "delta": 2.438497}}
{"target": 0.0051400955300760515, "params": {"0": 2.652193225214628, "1": -2.9299317524338613, "2": -0.23468096155646023, "3": 0.7944844908710476, "4": 2.398514325972034, "5": 2.241674385570498, "6": -1.3575405157249987, "7": 0.2654176613496668}, "datetime": {"datetime": "2021-06-29 20:22:03", "elapsed": 415.441828, "delta": 1.945518}}
{"target": 0.0029507857201630998, "params": {"0": 0.33319317046303354, "1": 2.682986193139132, "2": 0.21785405385184653, "3": 2.770892904971806, "4": 2.6595710916747413, "5": 0.7916709744093655, "6": -2.4047560449159944, "7": -0.7764373527854698}, "datetime": {"datetime": "2021-06-29 20:22:05", "elapsed": 418.105331, "delta": 2.663503}}
{"target": 0.0030868219355621655, "params": {"0": -0.28541230310227217, "1": 2.8493279400335387, "2": -2.8668559668393305, "3": 2.895242337279801, "4": -1.7435528566390268, "5": -0.2909705364488735, "6": -2.599665351742413, "7": -1.87459514622091}, "datetime": {"datetime": "2021-06-29 20:22:08", "elapsed": 420.253854, "delta": 2.148523}}
{"target": 0.002969996282646575, "params": {"0": 0.17857454576405463, "1": 2.7706113813228264, "2": 2.7093032730557614, "3": 0.4800159268694788, "4": 0.05850980692192298, "5": 2.751441489808495, "6": 2.7698596217453613, "7": -1.1560040938996765}, "datetime": {"datetime": "2021-06-29 20:22:10", "elapsed": 422.595945, "delta": 2.342091}}
{"target": 0.0034158225783498153, "params": {"0": 0.35458323883777076, "1": -2.622149974516959, "2": 1.2567958461771482, "3": -2.0005119454270526, "4": -1.7850946159262464, "5": 2.327947492264726, "6": -2.7025713626680723, "7": 1.1939579164722858}, "datetime": {"datetime": "2021-06-29 20:22:14", "elapsed": 426.589537, "delta": 3.993592}}
{"target": 0.0034645644143008105, "params": {"0": -0.7702426032419254, "1": -2.6259449873996017, "2": 2.018072372414938, "3": -1.7761746424954834, "4": 0.2920947026197682, "5": 1.4751756713607644, "6": -1.872327256061265, "7": 1.0814524190275465}, "datetime": {"datetime": "2021-06-29 20:22:17", "elapsed": 429.672026, "delta": 3.082489}}
{"target": 0.003413258125940898, "params": {"0": -2.614971602845042, "1": -2.792366391168729, "2": -2.3725412063174667, "3": 2.7810359274305094, "4": 1.6420889233208866, "5": -2.934615548353979, "6": 2.469909657102697, "7": -2.948353687646293}, "datetime": {"datetime": "2021-06-29 20:22:19", "elapsed": 431.964272, "delta": 2.292246}}
{"target": 0.0032903433289717832, "params": {"0": 0.34259787545419673, "1": -2.955127156959718, "2": 1.3056760248928612, "3": -0.9787523810993264, "4": -0.07850830047635782, "5": 1.8674357121136511, "6": -2.0355409387825487, "7": 0.03594798311657499}, "datetime": {"datetime": "2021-06-29 20:22:22", "elapsed": 435.196712, "delta": 3.23244}}
{"target": 0.0033121218690247093, "params": {"0": 1.6316273305640792, "1": 0.6541264696358926, "2": -2.004478091600819, "3": 0.6376877870483035, "4": -2.2343438284636794, "5": -0.328800637667396, "6": 0.4018935481904773, "7": -2.5638521698480785}, "datetime": {"datetime": "2021-06-29 20:22:24", "elapsed": 436.813233, "delta": 1.616521}}
{"target": 0.005475505412485283, "params": {"0": 0.6649537039872313, "1": -2.773142880579145, "2": -2.985003052018157, "3": 1.7279611964900532, "4": -2.6619990052233122, "5": -2.8282718642342783, "6": 1.6628669848674988, "7": 2.1259836775411802}, "datetime": {"datetime": "2021-06-29 20:22:27", "elapsed": 439.396437, "delta": 2.583204}}
{"target": 0.003915681574557273, "params": {"0": -1.6338926767496178, "1": -0.3623428412953653, "2": -1.7376724075630179, "3": -2.7326676654887896, "4": 0.9952090033452494, "5": 2.8804296629110917, "6": -1.4553049799585844, "7": 1.2742088348615441}, "datetime": {"datetime": "2021-06-29 20:22:30", "elapsed": 442.279563, "delta": 2.883126}}
{"target": 0.0036286643548850334, "params": {"0": -2.691065255051055, "1": -0.20348874538014483, "2": -1.6517761159592907, "3": -0.6711239692800195, "4": 2.706453618491553, "5": 1.275180456677905, "6": -2.2751401035978485, "7": -0.783517899131212}, "datetime": {"datetime": "2021-06-29 20:22:33", "elapsed": 445.356914, "delta": 3.077351}}
{"target": 0.0032334225767404814, "params": {"0": -1.9191378572823568, "1": 1.1384149196849158, "2": -1.1980228898892673, "3": -2.595692833830591, "4": 1.2051816551956094, "5": 1.798429268286709, "6": -1.7196993444416022, "7": 2.046695709750196}, "datetime": {"datetime": "2021-06-29 20:22:36", "elapsed": 448.692515, "delta": 3.335601}}
{"target": 0.0030648532974890536, "params": {"0": 1.4338464651701344, "1": -2.467208633454635, "2": 1.6985552958573749, "3": -1.3246569767279963, "4": 0.15945686773086143, "5": 1.7847558906313141, "6": -1.6922354669816297, "7": 0.5423211864255126}, "datetime": {"datetime": "2021-06-29 20:22:38", "elapsed": 450.888574, "delta": 2.196059}}
{"target": 0.0031160315889745, "params": {"0": 2.9008966707986277, "1": -1.9494175751806433, "2": 0.7996336434697806, "3": 1.351695188338165, "4": 0.9750728174849632, "5": -2.1470828632676655, "6": -0.9768784608313696, "7": 1.9477122741392447}, "datetime": {"datetime": "2021-06-29 20:22:41", "elapsed": 454.238678, "delta": 3.350104}}
{"target": 0.003141229829168588, "params": {"0": 0.8852300948511975, "1": 1.3531105382456374, "2": 1.6433693089024768, "3": -1.5078101762152023, "4": -0.06126738847379043, "5": -1.4768241422837713, "6": 0.5282508443200724, "7": -0.020733647302318747}, "datetime": {"datetime": "2021-06-29 20:22:44", "elapsed": 456.540275, "delta": 2.301597}}
{"target": 0.003057754878396396, "params": {"0": 0.4651100036241971, "1": -2.067805698849419, "2": 1.1245012637346576, "3": -0.7190597555327098, "4": -0.1877954032185416, "5": 1.4377303519887334, "6": -2.1772475276898025, "7": -0.8811236888662792}, "datetime": {"datetime": "2021-06-29 20:22:46", "elapsed": 459.166959, "delta": 2.626684}}
{"target": 0.0032541650325626425, "params": {"0": 1.582927410602216, "1": 1.7557888765762648, "2": -0.43000375335675534, "3": 1.2259429208093255, "4": 0.4329049986586275, "5": 2.1588610261939793, "6": 2.765592324595466, "7": 0.9977850904581662}, "datetime": {"datetime": "2021-06-29 20:22:49", "elapsed": 461.861013, "delta": 2.694054}}
{"target": 0.003574327120564203, "params": {"0": 0.8375709356059255, "1": -2.3210086691951792, "2": 1.7213275294799057, "3": -2.233046795686225, "4": -0.16987366926064507, "5": 1.811965472258997, "6": -2.068550761789325, "7": 0.48579429179583045}, "datetime": {"datetime": "2021-06-29 20:22:53", "elapsed": 465.87295, "delta": 4.011937}}
{"target": 0.003511300824843984, "params": {"0": -0.4360040989820293, "1": -2.0109693822116137, "2": 1.6810462428976445, "3": 1.0585935427887598, "4": -2.622911440172562, "5": -0.3939626141579522, "6": -0.5783098258712016, "7": 2.933003134146473}, "datetime": {"datetime": "2021-06-29 20:22:55", "elapsed": 468.081969, "delta": 2.209019}}
{"target": 0.003139213702209084, "params": {"0": -1.6183154489713172, "1": 1.9733022294840952, "2": 0.8956840214209496, "3": 2.2304845170044256, "4": 1.1437308172606766, "5": -2.151783124619042, "6": -2.621977479119885, "7": 2.468056900163985}, "datetime": {"datetime": "2021-06-29 20:22:59", "elapsed": 471.613728, "delta": 3.531759}}
{"target": 0.003378989952829343, "params": {"0": 0.42099492078228007, "1": -0.24636066391581668, "2": -0.2900738346856375, "3": 2.5610136393116907, "4": 1.3405821250813021, "5": -0.9943101407853963, "6": -1.6977430527965707, "7": 0.12730427749325823}, "datetime": {"datetime": "2021-06-29 20:23:03", "elapsed": 475.35004, "delta": 3.736312}}
{"target": 0.0038923544710265036, "params": {"0": 2.5382886762817494, "1": -2.149452483812856, "2": 2.409112076867956, "3": -1.0123621488086412, "4": -2.6679102068333913, "5": 2.660319610033018, "6": -1.0246993328625997, "7": -0.9695978577316966}, "datetime": {"datetime": "2021-06-29 20:23:07", "elapsed": 479.546927, "delta": 4.196887}}
{"target": 0.00319743217196546, "params": {"0": 2.200935686557785, "1": 1.6253586568610103, "2": -1.802862661210433, "3": 2.4238472366092036, "4": -1.473602895365487, "5": -2.2148106080476007, "6": 1.7984817820939236, "7": -1.4825653865135575}, "datetime": {"datetime": "2021-06-29 20:23:11", "elapsed": 483.567137, "delta": 4.02021}}
{"target": 0.01487504803547049, "params": {"0": 0.24742920875600394, "1": -2.2140944063818484, "2": 0.8623760214175773, "3": -1.4323817353104586, "4": 0.09528099452670258, "5": 1.4599876573252883, "6": -2.4217170678684816, "7": -0.3202020586128036}, "datetime": {"datetime": "2021-06-29 20:23:14", "elapsed": 487.044256, "delta": 3.477119}}
{"target": 0.0032949614091463512, "params": {"0": 0.16649563869298856, "1": -2.709052617123136, "2": 2.4008736991877093, "3": -1.3792536492082692, "4": -0.6360719728079856, "5": 1.4930615218925123, "6": -1.941495266560509, "7": -0.3473729558604153}, "datetime": {"datetime": "2021-06-29 20:23:18", "elapsed": 491.210593, "delta": 4.166337}}
{"target": 0.0031652915284714972, "params": {"0": -0.3289359341857887, "1": -2.263878043289136, "2": 1.6169664097194163, "3": -1.2908279151675592, "4": -0.40832189039039735, "5": 0.7297097939373716, "6": -2.443396859783779, "7": 1.3314892201188506}, "datetime": {"datetime": "2021-06-29 20:23:21", "elapsed": 494.048538, "delta": 2.837945}}
{"target": 0.0030296534109729616, "params": {"0": 1.7680487423259974, "1": 0.020475973515900137, "2": -1.7537209748617808, "3": 2.3594269765887352, "4": -1.803883045662085, "5": 1.1505037754701366, "6": -0.6385617144047608, "7": 2.2568361357931304}, "datetime": {"datetime": "2021-06-29 20:23:24", "elapsed": 496.987371, "delta": 2.938833}}
{"target": 0.0032215108660026224, "params": {"0": 1.3073893362134665, "1": -0.27014396998739176, "2": 2.823517520570306, "3": -1.984897094911315, "4": -0.506043203802899, "5": 2.057867076600287, "6": -1.424519695105259, "7": 2.791847358095618}, "datetime": {"datetime": "2021-06-29 20:23:28", "elapsed": 500.871479, "delta": 3.884108}}
{"target": 0.003034505311418094, "params": {"0": 1.106614766017989, "1": -0.966566446476782, "2": -1.491933323742082, "3": -0.9204533215197426, "4": 1.6119609877912922, "5": 2.97690819533313, "6": -1.0802907478883395, "7": 0.5414144301538126}, "datetime": {"datetime": "2021-06-29 20:23:31", "elapsed": 504.165727, "delta": 3.294248}}
{"target": 0.0030344490465649254, "params": {"0": -0.8861641102647848, "1": 1.358083249976528, "2": -2.7867869350250567, "3": -2.409225566769739, "4": 1.9539678237475133, "5": 0.18059644501375605, "6": -2.5671728263896245, "7": -2.680661200015101}, "datetime": {"datetime": "2021-06-29 20:23:34", "elapsed": 507.11098, "delta": 2.945253}}
{"target": 0.003233420106163702, "params": {"0": -0.5487356291867158, "1": -1.7795898128883663, "2": 2.138544555351263, "3": -0.2061979723139955, "4": -1.4935764853877087, "5": 0.6059301764837604, "6": -2.506904897460379, "7": 1.5689857133471632}, "datetime": {"datetime": "2021-06-29 20:23:40", "elapsed": 512.493195, "delta": 5.382215}}
{"target": 0.0031676695034394955, "params": {"0": -0.9430646653411299, "1": -1.1755499522009913, "2": 1.9987582118431177, "3": -2.516679090106729, "4": -2.6702395132710928, "5": -2.4955303552328663, "6": -0.6918634751561088, "7": 0.9137416587496956}, "datetime": {"datetime": "2021-06-29 20:23:41", "elapsed": 514.011304, "delta": 1.518109}}
{"target": 0.0029641151392616975, "params": {"0": -2.0936403948793267, "1": 0.4150499992156096, "2": 0.008194372835115704, "3": 0.5757797507178299, "4": 2.3730124733045947, "5": 0.6550442630936519, "6": 2.088187958889458, "7": 0.6948412900102072}, "datetime": {"datetime": "2021-06-29 20:23:44", "elapsed": 516.569554, "delta": 2.55825}}
{"target": 0.005088304545826854, "params": {"0": 1.7765468478795654, "1": 0.7631925211128374, "2": -0.28311893929753706, "3": 2.0782224943864147, "4": -2.4138468376705786, "5": 1.7314705122435425, "6": -2.4267455402127314, "7": 1.8115871689842589}, "datetime": {"datetime": "2021-06-29 20:23:46", "elapsed": 518.776189, "delta": 2.206635}}
{"target": 0.0032351758035153865, "params": {"0": -0.11778797564165266, "1": 1.5720176821020688, "2": -2.5078225622596557, "3": 0.9701103265450399, "4": -1.4275914581060658, "5": -2.099730390183061, "6": 0.6654444712826288, "7": -1.3801724403849664}, "datetime": {"datetime": "2021-06-29 20:23:49", "elapsed": 521.870845, "delta": 3.094656}}
{"target": 0.00340410131300393, "params": {"0": -0.5888586390300414, "1": -2.3145507370762592, "2": -2.961680920566131, "3": -1.122035772090997, "4": -1.854601461542017, "5": -2.1567874862467455, "6": -0.11424203444127823, "7": 2.4956460389574726}, "datetime": {"datetime": "2021-06-29 20:23:52", "elapsed": 525.190048, "delta": 3.319203}}
{"target": 0.0034084822877023142, "params": {"0": -0.9745253539932044, "1": -1.9721902115713683, "2": -0.6941671144996882, "3": -2.6174395360118785, "4": -0.3547610329688071, "5": -2.58595609785686, "6": -0.29434535515329463, "7": 2.082364528825668}, "datetime": {"datetime": "2021-06-29 20:23:55", "elapsed": 527.838017, "delta": 2.647969}}
{"target": 0.003107295827618925, "params": {"0": 2.657742321105875, "1": 0.020966400941253127, "2": 2.2341585090897613, "3": -2.46809404705835, "4": -0.037547134363911105, "5": -1.190635954091622, "6": -0.37767686450173965, "7": -1.1638093989687557}, "datetime": {"datetime": "2021-06-29 20:23:59", "elapsed": 532.128538, "delta": 4.290521}}
{"target": 0.003301763644861817, "params": {"0": -1.0627759274654611, "1": 2.1988162461963707, "2": -1.875398430991327, "3": -1.0713100528353268, "4": -0.8764868913792752, "5": 1.5798822921464808, "6": 2.4866019616666044, "7": -2.811694939562196}, "datetime": {"datetime": "2021-06-29 20:24:07", "elapsed": 539.338225, "delta": 7.209687}}
{"target": 0.00758764519252001, "params": {"0": -0.7046686580476047, "1": -2.8420526597158995, "2": 0.3528686626533375, "3": -1.3362606997826196, "4": 0.11087447148445895, "5": 1.1622783987820657, "6": -2.4328427318446844, "7": 0.006172003612332055}, "datetime": {"datetime": "2021-06-29 20:24:10", "elapsed": 543.053251, "delta": 3.715026}}
{"target": 0.0032424906704713874, "params": {"0": -1.7945959556711597, "1": 0.014249802431737013, "2": -0.6060416920449909, "3": -2.8261526469941574, "4": 1.3208286346244797, "5": 2.0304028525545395, "6": -2.0370676581357525, "7": 1.508484049735051}, "datetime": {"datetime": "2021-06-29 20:24:15", "elapsed": 547.503152, "delta": 4.449901}}
{"target": 0.003311026867671929, "params": {"0": 0.23590936180642164, "1": 0.831715172672749, "2": 0.019626811187848148, "3": -1.1219892997985708, "4": -2.1625821428266967, "5": 1.6194422327922213, "6": -1.0844729423471569, "7": -2.148650615901084}, "datetime": {"datetime": "2021-06-29 20:24:16", "elapsed": 548.937976, "delta": 1.434824}}
{"target": 0.006146327520922583, "params": {"0": -0.19398604846924883, "1": -2.497074919297636, "2": 1.4268041312718003, "3": -2.045768940598577, "4": -0.2162766882223952, "5": 0.8928199828353822, "6": -1.3692889380560809, "7": 1.0414394932721196}, "datetime": {"datetime": "2021-06-29 20:24:20", "elapsed": 552.82441, "delta": 3.886434}}
{"target": 0.0033219276263853586, "params": {"0": 0.17402355256673285, "1": -2.549882191062637, "2": 0.35247351167379737, "3": -1.5213596072760573, "4": 0.5694812895064367, "5": 1.5592145800534318, "6": -2.600355943123221, "7": -0.39902218786502885}, "datetime": {"datetime": "2021-06-29 20:24:25", "elapsed": 557.506055, "delta": 4.681645}}
{"target": 0.009214151954969005, "params": {"0": -0.2943389093911071, "1": -2.5708383966872823, "2": 2.551673390551473, "3": -1.972316885113857, "4": -0.0274052055682934, "5": 1.1456993388980754, "6": -2.1944623464640713, "7": 0.29054275031056287}, "datetime": {"datetime": "2021-06-29 20:24:29", "elapsed": 561.592589, "delta": 4.086534}}
{"target": 0.003777646155547372, "params": {"0": 1.8471182705834241, "1": 0.8592414324904869, "2": 0.3987935755544245, "3": 1.229032434211918, "4": -1.7655365477620182, "5": -2.11062939952665, "6": 2.995888581631256, "7": -2.2625936624340333}, "datetime": {"datetime": "2021-06-29 20:24:32", "elapsed": 564.970032, "delta": 3.377443}}
{"target": 0.0030684191099412048, "params": {"0": -1.3194667729722773, "1": -2.651275384764673, "2": -1.184593719317927, "3": -1.7386932250460665, "4": 0.03120069698527006, "5": -0.1920712971146381, "6": 0.9981043861407084, "7": -0.35743267102873677}, "datetime": {"datetime": "2021-06-29 20:24:35", "elapsed": 567.721727, "delta": 2.751695}}
{"target": 0.0030882882475723604, "params": {"0": 0.3240351719656447, "1": -2.4138651548428682, "2": 0.980667892321915, "3": -2.318624380864007, "4": -2.0729746971415866, "5": 1.3196445454607373, "6": -2.1052319189385895, "7": 0.5521784945902359}, "datetime": {"datetime": "2021-06-29 20:24:39", "elapsed": 571.501459, "delta": 3.779732}}
{"target": 0.0032761458180973094, "params": {"0": 2.1410952536316845, "1": -1.8617990236820616, "2": 1.5744293793404056, "3": -0.36900415775919715, "4": 1.2046957271417318, "5": 0.27880483904244624, "6": 1.8063999358910223, "7": 1.7832250684694042}, "datetime": {"datetime": "2021-06-29 20:24:44", "elapsed": 576.653984, "delta": 5.152525}}
{"target": 0.003116196504750969, "params": {"0": -0.003486225108372487, "1": -2.4992646470723257, "2": 2.5836582521864955, "3": -0.934754041224692, "4": 0.7965997132449578, "5": 1.1713846327959274, "6": -2.0769880059237895, "7": 0.37598062663332676}, "datetime": {"datetime": "2021-06-29 20:24:48", "elapsed": 580.46823, "delta": 3.814246}}
{"target": 0.004592798645636824, "params": {"0": -1.467195214836197, "1": -1.3481797967014526, "2": 0.03290255680085341, "3": -0.5909321212576435, "4": 1.9142888443117219, "5": -0.5788268538728385, "6": 2.453612365635583, "7": 0.6587572903712449}, "datetime": {"datetime": "2021-06-29 20:24:51", "elapsed": 583.297612, "delta": 2.829382}}
{"target": 0.0034337344508954043, "params": {"0": -2.204316067768336, "1": 0.2426771852935019, "2": -0.009201588274550865, "3": 2.742908569019467, "4": -2.2672499072222916, "5": 0.9479600987899355, "6": -0.03845068287938602, "7": -1.0625032465153261}, "datetime": {"datetime": "2021-06-29 20:24:53", "elapsed": 586.033091, "delta": 2.735479}}
{"target": 0.02430714939433782, "params": {"0": -1.6012998110448013, "1": 2.39899719837066, "2": -1.1510523638815693, "3": -2.8061704174471798, "4": -2.031511916763513, "5": -1.5178295782859672, "6": -1.4346725555139062, "7": 1.2801899454368275}, "datetime": {"datetime": "2021-06-29 20:24:56", "elapsed": 588.511104, "delta": 2.478013}}
{"target": 0.004712789272710081, "params": {"0": 0.19803318477756893, "1": 0.3051829850936034, "2": 0.18959226211789293, "3": -1.124895988314465, "4": -1.9292179563214484, "5": 2.49017935722285, "6": -1.5301081422327247, "7": -0.40078457648797894}, "datetime": {"datetime": "2021-06-29 20:24:59", "elapsed": 591.70796, "delta": 3.196856}}
{"target": 0.0051885253625074115, "params": {"0": -1.2047820494644972, "1": 2.2475732851995263, "2": -1.4494103745334859, "3": -2.887637997920874, "4": -2.249804035704344, "5": -0.8777301561655859, "6": -0.7001467696988701, "7": 1.4911928391990728}, "datetime": {"datetime": "2021-06-29 20:25:03", "elapsed": 596.056391, "delta": 4.348431}}
{"target": 0.003037589955935737, "params": {"0": 1.9291549531524215, "1": -2.5607238178810867, "2": 0.228616663952371, "3": 2.450216593322927, "4": -2.58288586811736, "5": 1.156215928455337, "6": -0.25265651528683275, "7": 1.6573198572679564}, "datetime": {"datetime": "2021-06-29 20:25:06", "elapsed": 599.069295, "delta": 3.012904}}
{"target": 0.005082443039190305, "params": {"0": 2.803671987382552, "1": -2.846279689084392, "2": -1.6793182102465283, "3": -0.004402949761319164, "4": -0.1081701867882412, "5": 1.5828712609964244, "6": -1.0836420434004244, "7": 1.070873847273079}, "datetime": {"datetime": "2021-06-29 20:25:09", "elapsed": 602.240406, "delta": 3.171111}}
{"target": 0.0034015163397885097, "params": {"0": -1.845812923905888, "1": 1.312066285920391, "2": 1.6858929747686577, "3": 0.08136866116573227, "4": -0.5323480332315915, "5": 0.07273062171170164, "6": 1.4915121541651217, "7": 2.516029981960668}, "datetime": {"datetime": "2021-06-29 20:25:14", "elapsed": 607.172253, "delta": 4.931847}}
{"target": 0.0031370223699549575, "params": {"0": -2.3981823834359455, "1": 1.9946436721292908, "2": -0.3594230282950699, "3": -0.8015957837948586, "4": -1.4980349126080288, "5": 0.4090301786781385, "6": -1.8002061134518057, "7": 2.0649995635323624}, "datetime": {"datetime": "2021-06-29 20:25:18", "elapsed": 610.306912, "delta": 3.134659}}
