{"target": 0.0030281963401187725, "params": {"0": -2.8220469972515927, "1": -2.8287492113315125, "2": -1.1447998331256142, "3": 0.06178909164993929, "4": -0.6690821270107721, "5": -0.2750191977237897, "6": 0.044570457416218456, "7": 2.433304959493152}, "datetime": {"datetime": "2021-06-30 01:14:06", "elapsed": 17940.324833, "delta": 36.916314}}
{"target": 0.003227500621983449, "params": {"0": 1.1351854989262913, "1": -2.920656101296364, "2": 1.0468572196793495, "3": -1.913546074972659, "4": 2.50844568459749, "5": -0.31606199002901514, "6": 1.6879171452610198, "7": 0.11623116942151679}, "datetime": {"datetime": "2021-06-30 01:14:29", "elapsed": 17963.112317, "delta": 22.787484}}
{"target": 0.0031828797838064724, "params": {"0": -0.9282449677661022, "1": -0.8516542160101901, "2": 1.5520492591835247, "3": -1.2385159080636179, "4": 0.8963985768501992, "5": 2.5909245077324217, "6": -2.409039948133179, "7": 0.5463350705525745}, "datetime": {"datetime": "2021-06-30 01:15:02", "elapsed": 17996.263146, "delta": 33.150829}}
{"target": 0.0033296638445658036, "params": {"0": 2.805781344732699, "1": 1.4259945877438938, "2": 1.86411377648062, "3": -2.276985523907488, "4": -0.4799232316457229, "5": 2.727691972276882, "6": -1.756027833370367, "7": -2.2696725036004786}, "datetime": {"datetime": "2021-06-30 01:15:51", "elapsed": 18044.567483, "delta": 48.304337}}
{"target": 0.0030174657493646723, "params": {"0": -2.831252954766306, "1": -0.655042316644983, "2": -1.228063965891074, "3": 0.8187145164397727, "4": -0.158039863465691, "5": 1.179021705608224, "6": -1.228394929054687, "7": -0.024777825477150905}, "datetime": {"datetime": "2021-06-30 01:16:23", "elapsed": 18077.198823, "delta": 32.63134}}
{"target": 0.006039516689014624, "params": {"0": 0.7462398190207598, "1": 0.829985920804122, "2": -2.6671377037615276, "3": -2.328549761476229, "4": 0.6896941311583347, "5": 0.15465201701894138, "6": 1.0156100797995125, "7": -1.5154075753311513}, "datetime": {"datetime": "2021-06-30 01:18:15", "elapsed": 18188.682583, "delta": 111.48376}}
{"target": 0.004493938900359468, "params": {"0": 2.900786107244925, "1": 1.092089023442469, "2": 2.4747581316098124, "3": -2.56565690377381, "4": -0.9143057501321694, "5": -0.3232106659627112, "6": -0.006893135402370021, "7": 0.659864843537326}, "datetime": {"datetime": "2021-06-30 01:18:51", "elapsed": 18225.01159, "delta": 36.329007}}
{"target": 0.003413716205794266, "params": {"0": 1.9762171800442392, "1": 0.2860633675693025, "2": -0.948316600247257, "3": -0.887802776736609, "4": -1.7591948215876845, "5": -0.04304590972062439, "6": -1.8728663230293487, "7": 1.4193593748211955}, "datetime": {"datetime": "2021-06-30 01:20:32", "elapsed": 18326.192055, "delta": 101.180465}}
{"target": 0.020931193861193152, "params": {"0": -2.307521166966713, "1": -1.9225247079498868, "2": -2.836684674863089, "3": -2.1760823260755027, "4": 0.6045001594816952, "5": -0.8523654707063733, "6": -2.8021937861909545, "7": 1.5254755035675078}, "datetime": {"datetime": "2021-06-30 01:21:19", "elapsed": 18373.255921, "delta": 47.063866}}
{"target": 0.003775762916187969, "params": {"0": -2.768427266277079, "1": -2.034801323396807, "2": -2.5974250259620817, "3": -0.2736603934234014, "4": 2.1350998775049845, "5": -2.565525169525187, "6": -2.6639456251614435, "7": -0.08450607354032202}, "datetime": {"datetime": "2021-06-30 01:22:01", "elapsed": 18414.733634, "delta": 41.477713}}
{"target": 0.04459739522514885, "params": {"0": -0.7405291676053141, "1": 1.3722945622585243, "2": 0.36950884876506773, "3": 0.8638906062642748, "4": -1.1707532850897469, "5": -1.8336306005565612, "6": -1.5553145793366105, "7": 0.8300016104117964}, "datetime": {"datetime": "2021-06-30 01:22:27", "elapsed": 18441.225865, "delta": 26.492231}}
{"target": 0.01006943706902283, "params": {"0": 0.6719434069220442, "1": -0.7260698578045526, "2": 2.311723107677201, "3": -0.46374136991318204, "4": -0.8123853738467854, "5": -0.3309420055940193, "6": -1.4282438200621235, "7": 1.45142292163397}, "datetime": {"datetime": "2021-06-30 01:23:35", "elapsed": 18508.795582, "delta": 67.569717}}
{"target": 0.00705424930374532, "params": {"0": -0.7309723845874214, "1": 2.9374396036722574, "2": -2.7001228141407903, "3": -0.8729881160975137, "4": 2.1327887810387347, "5": 1.8196880553772603, "6": -0.6375335997815674, "7": 0.920201254715999}, "datetime": {"datetime": "2021-06-30 01:24:25", "elapsed": 18558.941293, "delta": 50.145711}}
{"target": 0.007752146024244264, "params": {"0": -2.14542700701211, "1": 2.920801187747582, "2": -0.4805871758511513, "3": -1.1970773526822656, "4": -1.546312871070174, "5": 0.590082399360293, "6": 2.328111933882396, "7": -1.6154232300087479}, "datetime": {"datetime": "2021-06-30 01:25:30", "elapsed": 18623.656595, "delta": 64.715302}}
{"target": 0.004641637209025243, "params": {"0": -0.4024974790924647, "1": -0.9264377036867444, "2": 0.22688126032098443, "3": 2.1289537032191763, "4": -2.4942440099216694, "5": -1.2569971241030742, "6": 1.5749244989619573, "7": 2.621670056986922}, "datetime": {"datetime": "2021-06-30 01:26:09", "elapsed": 18662.60002, "delta": 38.943425}}
{"target": 0.005922590641618203, "params": {"0": 0.33620439604345975, "1": 1.5727224409072216, "2": -1.086139857412121, "3": 2.1344312965568744, "4": -2.790819059164683, "5": -2.7942351708770734, "6": 1.7830374935821567, "7": -2.26245782720732}, "datetime": {"datetime": "2021-06-30 01:26:40", "elapsed": 18693.890458, "delta": 31.290438}}
{"target": 0.0039060691372833248, "params": {"0": -0.2358307281741494, "1": -2.3536777271204654, "2": 1.7281616252145051, "3": -0.8801569553956572, "4": -1.5391236587745645, "5": 2.573332558246393, "6": 0.3053713187910567, "7": 2.715500316858103}, "datetime": {"datetime": "2021-06-30 01:27:24", "elapsed": 18737.518179, "delta": 43.627721}}
{"target": 0.013270404027621275, "params": {"0": 0.7515224271779499, "1": -0.39759618079784964, "2": 1.0710052028254022, "3": -1.097770588679352, "4": 2.24649605096696, "5": -0.8453012674309037, "6": 2.9313859903556843, "7": -1.254548189606387}, "datetime": {"datetime": "2021-06-30 01:28:15", "elapsed": 18788.794688, "delta": 51.276509}}
{"target": 0.0031729953201276337, "params": {"0": 2.7372291137722238, "1": 2.2416098372846394, "2": -1.3472972191580368, "3": -0.17904991557143468, "4": 0.4070406492401024, "5": -2.8482448232471445, "6": -2.1471999759920477, "7": 1.011965557737561}, "datetime": {"datetime": "2021-06-30 01:28:58", "elapsed": 18831.670105, "delta": 42.875417}}
{"target": 0.0037772633383393625, "params": {"0": -2.0719511161163675, "1": -2.4400348230002584, "2": 1.6840180752537393, "3": 0.4988336152260131, "4": -2.637172401295518, "5": -0.8706276418196253, "6": -1.6068347577427722, "7": -2.3504856366962814}, "datetime": {"datetime": "2021-06-30 01:29:46", "elapsed": 18879.940676, "delta": 48.270571}}
{"target": 0.004108119179362889, "params": {"0": -2.5358009483725734, "1": 1.4478691920474054, "2": 2.1748859248457304, "3": 2.350923476961918, "4": -1.271820748411875, "5": -1.2916643216477717, "6": -1.41402020424725, "7": -2.8345516842433667}, "datetime": {"datetime": "2021-06-30 01:30:16", "elapsed": 18910.165096, "delta": 30.22442}}
{"target": 0.03427080549824612, "params": {"0": -1.091012401283757, "1": 2.2585354875038783, "2": -2.1351635317042694, "3": 1.2024106284235963, "4": -2.190250822614734, "5": -2.7755451582058246, "6": -2.2558036257106506, "7": 0.19587601098185914}, "datetime": {"datetime": "2021-06-30 01:31:59", "elapsed": 19013.150341, "delta": 102.985245}}
{"target": 0.0030186096497606743, "params": {"0": -0.11595025845572682, "1": -0.4996379593234277, "2": 2.1742160552952594, "3": 2.7053649624066516, "4": 2.2338650657030303, "5": 0.05156766057827067, "6": -2.311245637338984, "7": -1.0432145729466777}, "datetime": {"datetime": "2021-06-30 01:32:43", "elapsed": 19057.049306, "delta": 43.898965}}
{"target": 0.0031346981762279008, "params": {"0": 1.950286487971817, "1": 1.8996031013423815, "2": 1.6117547112701462, "3": -2.0614887195663822, "4": 0.17867022940260036, "5": 0.19640777957919786, "6": -0.9723941283862745, "7": -0.12861570182632054}, "datetime": {"datetime": "2021-06-30 01:33:31", "elapsed": 19104.823692, "delta": 47.774386}}
{"target": 0.004054172056410513, "params": {"0": 2.491829114029951, "1": -1.1955613764592279, "2": -0.505275557409103, "3": 1.5757321400184585, "4": -2.5463920456345983, "5": -0.40601684521711245, "6": -2.4452548215180014, "7": 1.1956814308773591}, "datetime": {"datetime": "2021-06-30 01:34:07", "elapsed": 19140.840116, "delta": 36.016424}}
{"target": 0.0032114314936470658, "params": {"0": 1.4245296590962084, "1": 1.7623509864887241, "2": 1.727136717689195, "3": -0.7108097870966636, "4": -1.396846248734339, "5": -0.682364979988332, "6": -0.47060932053841986, "7": 1.1981508802454277}, "datetime": {"datetime": "2021-06-30 01:34:56", "elapsed": 19189.842473, "delta": 49.002357}}
{"target": 0.0031926908039419896, "params": {"0": -1.9363630116981165, "1": 2.1658341830585224, "2": 0.8156929901393246, "3": 2.12417839123517, "4": -0.8280609754084205, "5": 0.3372392998028695, "6": -2.5469586393223924, "7": -0.5250904325107157}, "datetime": {"datetime": "2021-06-30 01:35:31", "elapsed": 19225.310863, "delta": 35.46839}}
{"target": 0.009124576764430887, "params": {"0": -0.6617070992430092, "1": 1.1461109874550992, "2": -0.8075139112427019, "3": 0.5572501450539225, "4": -1.6737998071007696, "5": 2.762038023724232, "6": -2.3946550685163897, "7": 0.903056616536051}, "datetime": {"datetime": "2021-06-30 01:36:27", "elapsed": 19281.096505, "delta": 55.785642}}
{"target": 0.0034604451318974005, "params": {"0": 1.2629923039735713, "1": 1.5195350628501867, "2": -2.270626186407359, "3": -0.7523028183731704, "4": -2.66954107362744, "5": -2.8090904708572055, "6": -1.3499013785780936, "7": 0.43045812527294025}, "datetime": {"datetime": "2021-06-30 01:36:53", "elapsed": 19307.060651, "delta": 25.964146}}
{"target": 0.0033365209820898013, "params": {"0": -1.047233551985831, "1": 0.40700812987703916, "2": -1.9527486278573682, "3": -2.6848984519799135, "4": 2.5322638492723932, "5": -0.12748315212507677, "6": -0.31671664745166606, "7": -0.22274046420461646}, "datetime": {"datetime": "2021-06-30 01:37:36", "elapsed": 19349.940925, "delta": 42.880274}}
{"target": 0.003238097977355979, "params": {"0": -1.481601081817419, "1": 0.26324068944887324, "2": 1.0016149262550211, "3": 0.0302608762448231, "4": 2.348548366702632, "5": 0.01980307687184979, "6": 2.5508863276978833, "7": 1.1217667517460042}, "datetime": {"datetime": "2021-06-30 01:38:30", "elapsed": 19404.072167, "delta": 54.131242}}
{"target": 0.004021110872990341, "params": {"0": 2.4271119655144613, "1": -1.8827416520375468, "2": -0.1068986131153431, "3": 2.8282677481389067, "4": -2.7400773899990263, "5": 0.9934409255248275, "6": -2.814086545991134, "7": -2.2410103841456057}, "datetime": {"datetime": "2021-06-30 01:39:13", "elapsed": 19446.769965, "delta": 42.697798}}
{"target": 0.008591484775789554, "params": {"0": 1.4962868348069236, "1": 2.7443310523291364, "2": -2.7900661081357976, "3": 1.1094237666305728, "4": 1.8766354920276438, "5": -2.578510577418643, "6": -0.17668852250806388, "7": -2.9846133561965136}, "datetime": {"datetime": "2021-06-30 01:39:49", "elapsed": 19483.423814, "delta": 36.653849}}
{"target": 0.003333532591281819, "params": {"0": -0.6793296122575869, "1": -0.7604059679885493, "2": -0.12902061882592974, "3": 1.6481774421785627, "4": -1.9655827956695404, "5": 1.519950172374525, "6": -0.24248437058540162, "7": 0.9623775756649096}, "datetime": {"datetime": "2021-06-30 01:40:34", "elapsed": 19527.992918, "delta": 44.569104}}
{"target": 0.0035627689784122557, "params": {"0": -2.191622502643354, "1": -1.3505309467613487, "2": 0.938708454347478, "3": -2.290700850584604, "4": -1.4766170315401408, "5": -1.3226535952492455, "6": -1.2649223511908194, "7": 1.4132674371992682}, "datetime": {"datetime": "2021-06-30 01:41:11", "elapsed": 19565.3228, "delta": 37.329882}}
{"target": 0.004171399418125375, "params": {"0": -2.387262845174111, "1": -0.09865029180531604, "2": 1.5455856354678374, "3": 1.5180842833261767, "4": 0.19006053717940574, "5": -2.96440408789449, "6": 0.8279375691163589, "7": -2.335131291030174}, "datetime": {"datetime": "2021-06-30 01:42:33", "elapsed": 19646.736872, "delta": 81.414072}}
{"target": 0.0031034886116537664, "params": {"0": -2.6256386238321827, "1": 0.41604458470079386, "2": -2.3841704079631887, "3": 1.4185000115366417, "4": 0.2041445833126989, "5": -0.40771137261075996, "6": 1.6911382498163157, "7": 0.9762422337091392}, "datetime": {"datetime": "2021-06-30 01:43:09", "elapsed": 19682.96241, "delta": 36.225538}}
{"target": 0.0030167511093892835, "params": {"0": 1.3345782480904331, "1": 1.0637892087418948, "2": 1.5915569138635401, "3": 0.2899690993689443, "4": 1.827706114181745, "5": 0.8463407185413234, "6": -2.7199778434772837, "7": 2.1377495725430355}, "datetime": {"datetime": "2021-06-30 01:43:48", "elapsed": 19722.202817, "delta": 39.240407}}
{"target": 0.0030254181525929034, "params": {"0": -0.6092642558275587, "1": -0.9350053608535438, "2": -1.724841668506126, "3": 0.7569926876453952, "4": -1.1288051791096207, "5": 2.6492237830500596, "6": 1.1752538109297603, "7": -1.8741783356740402}, "datetime": {"datetime": "2021-06-30 01:44:22", "elapsed": 19756.031361, "delta": 33.828544}}
{"target": 0.0037073546327422496, "params": {"0": 2.1330458473089635, "1": -0.25801470640517055, "2": -0.382870992580159, "3": -2.9395105973149978, "4": -1.300320348508389, "5": 0.9615073304066524, "6": 0.974968373946492, "7": -0.4044682095594361}, "datetime": {"datetime": "2021-06-30 01:45:02", "elapsed": 19795.552901, "delta": 39.52154}}
{"target": 0.0030732298805361677, "params": {"0": -0.938280505799149, "1": -2.3854533423739213, "2": 1.485439448636205, "3": 0.35053449333295905, "4": 1.9825935155409669, "5": 1.5435707573484958, "6": -2.5990011167490703, "7": -2.0903992890551635}, "datetime": {"datetime": "2021-06-30 01:46:59", "elapsed": 19913.169089, "delta": 117.616188}}
{"target": 0.007288938374663103, "params": {"0": 2.3440609071318654, "1": -0.8679262990067551, "2": 2.145828966741661, "3": -2.6932892537552506, "4": -1.3505604736501253, "5": -0.9796983133206645, "6": 2.6365939811953725, "7": -1.7759390006753248}, "datetime": {"datetime": "2021-06-30 01:47:43", "elapsed": 19957.222688, "delta": 44.053599}}
{"target": 0.0030343103029307162, "params": {"0": -2.766929951504598, "1": -0.9525228366650538, "2": -0.6212250895516478, "3": 0.9500798064424258, "4": 2.5439519832771715, "5": -0.981648432858691, "6": -1.0100863131863003, "7": -0.264635544241548}, "datetime": {"datetime": "2021-06-30 01:48:25", "elapsed": 19999.311614, "delta": 42.088926}}
{"target": 0.002877581948762829, "params": {"0": -0.7548320801174029, "1": 2.8997843492234736, "2": -0.10410699179145766, "3": 2.9421881776362433, "4": 2.922821371632221, "5": -2.07288864813873, "6": 1.41917079651813, "7": -0.18858934337673006}, "datetime": {"datetime": "2021-06-30 01:49:14", "elapsed": 20048.327935, "delta": 49.016321}}
{"target": 0.0032611058669091185, "params": {"0": -0.31786724164313274, "1": -2.1987763029795646, "2": -0.6398834115252003, "3": 0.25498036417248837, "4": -2.5576937935009467, "5": -1.7849056517386983, "6": -0.2932493464667565, "7": -2.4323018199511806}, "datetime": {"datetime": "2021-06-30 01:49:51", "elapsed": 20084.87858, "delta": 36.550645}}
{"target": 0.0034816465807262264, "params": {"0": 0.6242002263488313, "1": -2.090931157843942, "2": 1.337968460019738, "3": 2.4939570872495054, "4": 0.09890343138894808, "5": 1.0359933628404914, "6": 2.498648653358117, "7": -0.15226553955799105}, "datetime": {"datetime": "2021-06-30 01:50:33", "elapsed": 20127.288613, "delta": 42.410033}}
{"target": 0.003644442062776843, "params": {"0": -1.9991826045678855, "1": -2.7177093598553075, "2": -1.68575140484198, "3": -2.7604774052638583, "4": -0.20197659848087834, "5": -2.6766512694306828, "6": -0.23613951225803342, "7": 1.9155004466720973}, "datetime": {"datetime": "2021-06-30 01:51:08", "elapsed": 20162.304838, "delta": 35.016225}}
{"target": 0.00320088837079917, "params": {"0": -1.1860706281869429, "1": -2.473559432268592, "2": -2.8871591945178503, "3": -2.083481745268639, "4": -1.0781860648746942, "5": 2.6567742388590556, "6": -2.310359929482645, "7": 1.5694382101162532}, "datetime": {"datetime": "2021-06-30 01:51:55", "elapsed": 20208.870294, "delta": 46.565456}}
{"target": 0.003356161676981746, "params": {"0": 2.143991507270343, "1": 2.1196388658146503, "2": -1.9807885511914258, "3": 0.8362676052176843, "4": -0.5345064720903716, "5": 0.8642119266441926, "6": 1.8796335642022708, "7": 2.0208378616321765}, "datetime": {"datetime": "2021-06-30 01:52:39", "elapsed": 20252.771721, "delta": 43.901427}}
{"target": 0.009139598699433303, "params": {"0": -2.0778632717516485, "1": 0.8790988823957511, "2": -0.6990026637902234, "3": -0.44899033154970613, "4": -2.934650429903626, "5": 1.0143669227856584, "6": -1.7405115831812936, "7": 2.187019246354722}, "datetime": {"datetime": "2021-06-30 01:53:25", "elapsed": 20299.272941, "delta": 46.50122}}
{"target": 0.002835466929340234, "params": {"0": 1.9269841017382658, "1": 0.5565783313022923, "2": 1.7819948839018096, "3": 0.4755029225182801, "4": 1.702426140130834, "5": 1.603789636662488, "6": -1.9296574850136512, "7": 2.468368329455516}, "datetime": {"datetime": "2021-06-30 01:54:39", "elapsed": 20372.587502, "delta": 73.314561}}
{"target": 0.003226666474548803, "params": {"0": -0.8703962777939269, "1": -1.4341327442456062, "2": 2.5822759344003874, "3": 0.37493492020930663, "4": 0.7696260354534372, "5": -2.878171762286425, "6": 2.9754585941710143, "7": -1.0403552306532655}, "datetime": {"datetime": "2021-06-30 01:56:30", "elapsed": 20484.134314, "delta": 111.546812}}
{"target": 0.004217355228949981, "params": {"0": -0.5847254946028357, "1": 1.884242466818609, "2": -1.718829290582454, "3": -1.513530496696139, "4": -2.8054395464467943, "5": -1.6406448448893405, "6": -0.3176571467268987, "7": 2.549976379196371}, "datetime": {"datetime": "2021-06-30 01:57:15", "elapsed": 20529.312455, "delta": 45.178141}}
{"target": 0.00293024295792817, "params": {"0": -1.4279522972517924, "1": -2.8219371934231425, "2": -1.6593990446379836, "3": 0.2931498666090384, "4": 0.31390253059376505, "5": 1.3736754899528076, "6": 0.7424623716427088, "7": -1.3222029807351676}, "datetime": {"datetime": "2021-06-30 01:57:59", "elapsed": 20573.216519, "delta": 43.904064}}
{"target": 0.003010411286583525, "params": {"0": -0.7882243543273106, "1": -0.8346050791992972, "2": -2.300764134875595, "3": -0.4239833737068013, "4": -0.3471706668153005, "5": 2.1000985885704075, "6": -2.340892661635095, "7": 2.607469756846922}, "datetime": {"datetime": "2021-06-30 01:58:41", "elapsed": 20615.333784, "delta": 42.117265}}
{"target": 0.003542452084668916, "params": {"0": 0.8273656240323057, "1": 1.1058277102456433, "2": -2.667721618383756, "3": 1.5894206644799116, "4": 0.2925635192230138, "5": -1.3093365427694168, "6": -1.7611251542946924, "7": -1.8517379278728723}, "datetime": {"datetime": "2021-06-30 01:59:26", "elapsed": 20660.310017, "delta": 44.976233}}
{"target": 0.003239632654800014, "params": {"0": 1.416911328081465, "1": -0.8309204185279628, "2": 1.3316403521687619, "3": -2.565053299778234, "4": 2.5488680771448227, "5": 2.674331370931573, "6": -2.059178159094522, "7": -2.354666842189689}, "datetime": {"datetime": "2021-06-30 02:00:09", "elapsed": 20702.892833, "delta": 42.582816}}
{"target": 0.004397499954944396, "params": {"0": -2.2931184544457013, "1": 2.031758257671715, "2": 0.10315189528182112, "3": -2.3325678816441306, "4": -1.4216325592313677, "5": -1.5742117180899569, "6": 1.87007871012574, "7": -1.2103705852896318}, "datetime": {"datetime": "2021-06-30 02:02:07", "elapsed": 20820.905554, "delta": 118.012721}}
{"target": 0.007550841274014027, "params": {"0": 1.1114864774884783, "1": -0.363408130965861, "2": 0.9020970580796566, "3": -0.33082086205006034, "4": 1.4484311110460313, "5": -0.7053781941214936, "6": -2.0354410966696035, "7": 2.494416743068916}, "datetime": {"datetime": "2021-06-30 02:02:52", "elapsed": 20865.769118, "delta": 44.863564}}
{"target": 0.005591730652174502, "params": {"0": -1.283452274993541, "1": 1.2391422029646302, "2": -0.07086359443376322, "3": 1.0405051526417308, "4": -0.48384768116465704, "5": -2.1365423336829945, "6": -2.7339333818650973, "7": -2.926008799303024}, "datetime": {"datetime": "2021-06-30 02:03:42", "elapsed": 20915.853124, "delta": 50.084006}}
{"target": 0.0031538900534866907, "params": {"0": 2.6940262869598097, "1": 2.4008477285471956, "2": -2.5417014661293944, "3": 1.1877654470821675, "4": 2.941554990374107, "5": -0.8907394416087051, "6": 0.01759428563730392, "7": -0.9424863402630841}, "datetime": {"datetime": "2021-06-30 02:04:21", "elapsed": 20954.847482, "delta": 38.994358}}
{"target": 0.009695860546590244, "params": {"0": 1.7442763472123204, "1": -2.6819168392944244, "2": 2.5755564553251684, "3": -1.1324836769553672, "4": 2.7723234136323134, "5": -1.3958481289018274, "6": 2.014277930747258, "7": 2.914692526040824}, "datetime": {"datetime": "2021-06-30 02:05:48", "elapsed": 21042.093473, "delta": 87.245991}}
{"target": 0.013066380715932519, "params": {"0": 0.14064254613389915, "1": 1.1757871151245727, "2": -2.609509725391413, "3": 0.3409682832437064, "4": 1.39339966150016, "5": -1.076647976160844, "6": 2.228909822107, "7": 1.7911920495912987}, "datetime": {"datetime": "2021-06-30 02:07:04", "elapsed": 21117.684814, "delta": 75.591341}}
{"target": 0.00313624197432208, "params": {"0": -1.6106883827449932, "1": 2.670400922393413, "2": 1.344875014265556, "3": -0.2391954970458614, "4": -1.5269930314991214, "5": 0.6672800927691362, "6": -0.07339995435610325, "7": -1.6559576816644164}, "datetime": {"datetime": "2021-06-30 02:07:46", "elapsed": 21160.36623, "delta": 42.681416}}
