{"target": 0.004014190036759886, "params": {"0": 0.24089593777460072, "1": -0.4210859040669921, "2": 1.6907917796290626, "3": -0.9452435595442235, "4": 1.2033957713360284, "5": -0.9382564538888083, "6": -0.985056006003636, "7": 2.529189263522527}, "datetime": {"datetime": "2021-06-30 02:40:55", "elapsed": 23235.691139, "delta": 42.395551}}
{"target": 0.0031276873036407697, "params": {"0": 1.9953552470826823, "1": -0.48217067578498396, "2": 1.7052791788137345, "3": 0.05517687709021857, "4": -0.9654526181646954, "5": 1.6799257182373104, "6": 2.018801355535004, "7": 0.1158498306807374}, "datetime": {"datetime": "2021-06-30 02:41:37", "elapsed": 23277.699272, "delta": 42.008133}}
{"target": 0.003855756562524313, "params": {"0": -2.177033503635129, "1": -1.9918025331441243, "2": -1.6620335889683835, "3": -1.942631337469823, "4": -1.487459063635442, "5": -2.9935156582974947, "6": 0.21258193170338213, "7": 2.7473792789954663}, "datetime": {"datetime": "2021-06-30 02:42:30", "elapsed": 23330.732636, "delta": 53.033364}}
{"target": 0.0029653436331134875, "params": {"0": -0.28353807135430387, "1": -2.8266844680680796, "2": 0.34349518295686243, "3": 2.3064059144775193, "4": 0.9348901056586643, "5": 1.2420976469645346, "6": 1.8649417914045285, "7": 2.679396928517157}, "datetime": {"datetime": "2021-06-30 02:43:14", "elapsed": 23374.693943, "delta": 43.961307}}
{"target": 0.002913877652674015, "params": {"0": -1.3382980843712342, "1": -2.9394419843434445, "2": 2.9383800460475493, "3": 1.506824981184697, "4": 2.8755284060262394, "5": 2.3536942468284643, "6": -1.364248308574836, "7": -1.8059891805914352}, "datetime": {"datetime": "2021-06-30 02:43:56", "elapsed": 23417.196208, "delta": 42.502265}}
{"target": 0.003105102816159404, "params": {"0": 0.5812014330675765, "1": 2.4450044479616553, "2": 0.13330552895765724, "3": -1.7739493280554974, "4": 0.6875803674790468, "5": 0.3365747288128773, "6": 2.4625445516914084, "7": -0.30248915632818685}, "datetime": {"datetime": "2021-06-30 02:44:49", "elapsed": 23470.148177, "delta": 52.951969}}
{"target": 0.02867224391955111, "params": {"0": 0.8674763224645252, "1": -2.4079461694551965, "2": 2.6011559082032356, "3": -2.399930523071462, "4": 1.1977077061089467, "5": 2.0582118552798017, "6": -0.5133179090125184, "7": -2.290955307492334}, "datetime": {"datetime": "2021-06-30 02:45:38", "elapsed": 23518.706339, "delta": 48.558162}}
{"target": 0.006250757694587153, "params": {"0": 1.268675820865787, "1": -0.6241900705429311, "2": 0.9340627424931767, "3": -0.8485108828468189, "4": 2.2567038713469474, "5": -0.7303264689524207, "6": 2.341614930068392, "7": -1.5330341205715272}, "datetime": {"datetime": "2021-06-30 02:46:40", "elapsed": 23580.855857, "delta": 62.149518}}
{"target": 0.004189470171194702, "params": {"0": 2.9359879744493336, "1": -0.4560815902848927, "2": -0.9374100391338365, "3": -1.1614808310333553, "4": 2.16248153655434, "5": -1.6969769955993053, "6": 0.16341086376108205, "7": -1.5402906950057111}, "datetime": {"datetime": "2021-06-30 02:47:36", "elapsed": 23636.950449, "delta": 56.094592}}
{"target": 0.003047004321195792, "params": {"0": 0.32617717101464594, "1": 1.5181527993569848, "2": 0.36530641462834, "3": -2.416648514309683, "4": 2.573693143046289, "5": 2.793169151346903, "6": -2.3708415469591184, "7": 0.038002926872438}, "datetime": {"datetime": "2021-06-30 02:48:16", "elapsed": 23676.940615, "delta": 39.990166}}
{"target": 0.0034127346711167557, "params": {"0": 2.7766963481434495, "1": 1.0592052398901544, "2": -0.28694226339722384, "3": 0.19155204627743272, "4": 2.252742013316256, "5": -2.6255461674623617, "6": -1.8578787040277103, "7": 0.40368895461735743}, "datetime": {"datetime": "2021-06-30 02:48:57", "elapsed": 23717.589493, "delta": 40.648878}}
{"target": 0.005278660444855217, "params": {"0": 1.155690436253347, "1": -2.435325002141096, "2": 1.5739924334204733, "3": 0.9678885733662921, "4": 1.8118016399239378, "5": 1.1232824512296933, "6": -0.3547983535012582, "7": -0.777530598966341}, "datetime": {"datetime": "2021-06-30 02:49:31", "elapsed": 23751.542088, "delta": 33.952595}}
{"target": 0.00300000417670721, "params": {"0": 1.516912157020518, "1": 1.8329199567761094, "2": 1.0732743151504502, "3": 0.6629301035255128, "4": 0.22576488881051393, "5": 0.019487998825899133, "6": -1.1491504785141173, "7": 2.8816316332639715}, "datetime": {"datetime": "2021-06-30 02:50:14", "elapsed": 23794.633301, "delta": 43.091213}}
{"target": 0.05719145259577261, "params": {"0": 1.8767346978641077, "1": 1.8297193308522246, "2": -0.5178227743882182, "3": -2.016242364523718, "4": -1.2810317262167092, "5": -0.2842835645475943, "6": 2.492386247984884, "7": -0.9687604960732239}, "datetime": {"datetime": "2021-06-30 02:50:53", "elapsed": 23834.022539, "delta": 39.389238}}
{"target": 0.0030006315196908708, "params": {"0": -2.8427824986405996, "1": 0.25124371041520766, "2": -2.966771774622649, "3": -0.7612224199250486, "4": -1.7455874437788668, "5": 2.793282098780521, "6": 2.5993152267841193, "7": 0.7572402099254512}, "datetime": {"datetime": "2021-06-30 02:51:19", "elapsed": 23860.058108, "delta": 26.035569}}
{"target": 0.004047977556894858, "params": {"0": 2.4279304342609755, "1": -2.1891630783113794, "2": 1.316573395226139, "3": 2.7026079933863096, "4": 1.068002848066456, "5": 2.1226941684015594, "6": 2.6130409481925643, "7": 2.513370532954861}, "datetime": {"datetime": "2021-06-30 02:51:59", "elapsed": 23899.531722, "delta": 39.473614}}
{"target": 0.006042748852621746, "params": {"0": 2.9207351326246016, "1": 2.5138998685334517, "2": 2.60350930139536, "3": 2.974717888870134, "4": -0.43682373177824196, "5": -2.2211024742597036, "6": 2.773398242321699, "7": 0.6246350383060326}, "datetime": {"datetime": "2021-06-30 02:52:25", "elapsed": 23926.026033, "delta": 26.494311}}
{"target": 0.013599203487142853, "params": {"0": -1.5412684144455175, "1": -0.8715890581180155, "2": -2.619705141175297, "3": -1.2389454463415248, "4": -0.5198415718245544, "5": -0.31941274538536746, "6": 2.583849359792132, "7": 2.060314840608651}, "datetime": {"datetime": "2021-06-30 02:52:49", "elapsed": 23949.71633, "delta": 23.690297}}
{"target": 0.0037126004360240887, "params": {"0": 1.2904234352404238, "1": -2.2237334952026364, "2": 0.9811650717598015, "3": -2.543956641157386, "4": -0.0013570918780310137, "5": 0.09889661305121944, "6": 1.493385084992667, "7": -1.5645344788474354}, "datetime": {"datetime": "2021-06-30 02:53:55", "elapsed": 24016.497578, "delta": 66.781248}}
{"target": 0.005296657518151162, "params": {"0": -1.6443399433296253, "1": 0.5764555736938304, "2": -0.3881832393596456, "3": -0.3676490839039208, "4": 0.5991718013883753, "5": 2.65023769068023, "6": 1.5110472142200706, "7": -0.39254807340333997}, "datetime": {"datetime": "2021-06-30 02:54:38", "elapsed": 24059.191577, "delta": 42.693999}}
{"target": 0.007181496402935633, "params": {"0": -1.148476383089289, "1": -0.06653109273409274, "2": 0.1802257837100245, "3": 0.0081547699835669, "4": -0.1722239895800448, "5": 2.156678288555561, "6": 0.13017329839619096, "7": 2.528263441631853}, "datetime": {"datetime": "2021-06-30 02:55:24", "elapsed": 24105.453325, "delta": 46.261748}}
{"target": 0.0038115669183047623, "params": {"0": -0.2442251697363509, "1": -2.186041928766298, "2": 1.285678498967644, "3": -0.8041222516334425, "4": 2.602557871462441, "5": 1.5815556178055923, "6": -0.16452031541919077, "7": -2.0648812181351084}, "datetime": {"datetime": "2021-06-30 02:55:56", "elapsed": 24137.341306, "delta": 31.887981}}
{"target": 0.003802929398496196, "params": {"0": -2.5904535025999142, "1": 1.5589152061679794, "2": 2.948007556234093, "3": -1.7899870212887403, "4": -0.24723417645711843, "5": 2.8100461483113675, "6": -0.8481674690388799, "7": 2.796927149204371}, "datetime": {"datetime": "2021-06-30 02:56:34", "elapsed": 24174.824345, "delta": 37.483039}}
{"target": 0.014732337669682091, "params": {"0": 2.1542438475435013, "1": -0.010511617114066674, "2": -0.4298017185927807, "3": -1.2122319393910304, "4": 1.9762895745897548, "5": -2.6085683923125274, "6": 1.1232374346795773, "7": -1.3971159355129246}, "datetime": {"datetime": "2021-06-30 02:57:43", "elapsed": 24244.329725, "delta": 69.50538}}
{"target": 0.006918673290924282, "params": {"0": 1.489541303465069, "1": 1.3156629124210406, "2": -0.4534143989999784, "3": -1.6505667809214242, "4": 1.6032411545845102, "5": -1.6360992733853952, "6": 1.3513547569617836, "7": 0.08776193086816875}, "datetime": {"datetime": "2021-06-30 02:58:25", "elapsed": 24285.68683, "delta": 41.357105}}
{"target": 0.003118356268389757, "params": {"0": -0.22456696105858187, "1": 1.7282083931303296, "2": 0.155981769432322, "3": 2.14249999157564, "4": 2.7410291172560095, "5": -0.41750135328520654, "6": -0.11554265633248395, "7": 0.660279444847423}, "datetime": {"datetime": "2021-06-30 02:58:54", "elapsed": 24314.741394, "delta": 29.054564}}
{"target": 0.002857765080589816, "params": {"0": 0.15288823281295816, "1": 1.633358149329787, "2": -2.795163663796572, "3": 0.1450904456969253, "4": 2.7754348731107417, "5": 1.663902249148169, "6": -1.3774085423994606, "7": 1.1215869315680136}, "datetime": {"datetime": "2021-06-30 02:59:25", "elapsed": 24346.022878, "delta": 31.281484}}
{"target": 0.03819358718386871, "params": {"0": -0.4731321730226501, "1": 1.6550747550783944, "2": 0.32166616905472933, "3": 0.9277509522548177, "4": -2.6205093104413337, "5": -1.5883111030674604, "6": 2.4043593155819574, "7": -2.337467670105796}, "datetime": {"datetime": "2021-06-30 02:59:59", "elapsed": 24379.754721, "delta": 33.731843}}
{"target": 0.00329762232500586, "params": {"0": -2.3233184043035284, "1": -1.3208194448486636, "2": -1.6159604722819605, "3": -2.056160328879249, "4": -2.0547998010846493, "5": -2.9106745813024144, "6": 0.5153718813039898, "7": 2.4649736385003242}, "datetime": {"datetime": "2021-06-30 03:00:36", "elapsed": 24416.905407, "delta": 37.150686}}
{"target": 0.008434497806914711, "params": {"0": 1.545170561761541, "1": 2.0852900852879115, "2": -1.3550606015790596, "3": -2.7102293778794277, "4": 0.5523906966966896, "5": -0.831841890367004, "6": 2.4642165137433008, "7": -0.42752518235965287}, "datetime": {"datetime": "2021-06-30 03:01:27", "elapsed": 24467.945682, "delta": 51.040275}}
{"target": 0.005934636701906954, "params": {"0": -0.39079416696807145, "1": -0.5464831914476775, "2": -0.3077854075910871, "3": 0.20915556462822948, "4": 0.12229084260351719, "5": -2.662655512283077, "6": -0.5581539567526796, "7": -0.5491844517555524}, "datetime": {"datetime": "2021-06-30 03:02:09", "elapsed": 24509.705721, "delta": 41.760039}}
{"target": 0.0029206393007188973, "params": {"0": -2.1498484637690396, "1": 2.7774549320647086, "2": -1.5630979103815255, "3": 1.6761809640518486, "4": 0.43050825147169736, "5": 1.739000909293031, "6": 1.3862742377740478, "7": 2.7840758061247044}, "datetime": {"datetime": "2021-06-30 03:02:56", "elapsed": 24556.810242, "delta": 47.104521}}
{"target": 0.0031518328752255798, "params": {"0": -1.485746788674639, "1": 2.19870862061497, "2": 1.3766004413905257, "3": -1.3948417008644378, "4": -2.1347966521797024, "5": -1.4817139046138097, "6": 1.765057002885749, "7": -0.025898044907740392}, "datetime": {"datetime": "2021-06-30 03:03:41", "elapsed": 24602.447011, "delta": 45.636769}}
{"target": 0.003631533435920066, "params": {"0": 1.6852017044385743, "1": -0.9720906998641454, "2": 1.609200572218449, "3": -1.8433579307619503, "4": 1.0790394675711044, "5": 0.458300912260877, "6": -1.5625942306561877, "7": 1.3219148296863894}, "datetime": {"datetime": "2021-06-30 03:04:16", "elapsed": 24636.905918, "delta": 34.458907}}
{"target": 0.00328289103436535, "params": {"0": -1.037318159623729, "1": 0.3965358497219067, "2": 1.4783026467990217, "3": -2.085259177315799, "4": -0.37864877111285855, "5": 1.0053710670997944, "6": -0.07999375826948363, "7": -0.24466824972595447}, "datetime": {"datetime": "2021-06-30 03:05:01", "elapsed": 24681.847127, "delta": 44.941209}}
{"target": 0.0035172104253917875, "params": {"0": -0.01103658909029459, "1": -2.922613287083424, "2": -1.5451189013921418, "3": -0.7853945469925669, "4": -1.0408849059449774, "5": -0.9493671689730143, "6": 1.4772258068781348, "7": 0.8794738920002505}, "datetime": {"datetime": "2021-06-30 03:05:30", "elapsed": 24710.968659, "delta": 29.121532}}
{"target": 0.023270474812136274, "params": {"0": 0.8158625872308845, "1": -0.6526968590742062, "2": -0.6395842503813123, "3": -0.4397495298414702, "4": 1.812996570398453, "5": -2.1542842986796447, "6": 1.598681854011219, "7": -0.23775407573080898}, "datetime": {"datetime": "2021-06-30 03:06:57", "elapsed": 24798.06066, "delta": 87.092001}}
{"target": 0.003573126714138077, "params": {"0": 2.6890934047744306, "1": -0.4508055586504023, "2": -2.9708595490202097, "3": 1.0723043292813506, "4": 1.4365627546492385, "5": 1.0324289013855719, "6": 0.7261264071594424, "7": 0.01896657009973124}, "datetime": {"datetime": "2021-06-30 03:07:42", "elapsed": 24843.428713, "delta": 45.368053}}
{"target": 0.01026761322937759, "params": {"0": 0.5153552181262437, "1": 2.251338372261424, "2": 0.8210315148592162, "3": -0.6400108256298327, "4": -1.3297513240328531, "5": 0.22809018564956762, "6": -0.7384114489620668, "7": -0.7287488689889869}, "datetime": {"datetime": "2021-06-30 03:08:14", "elapsed": 24875.410161, "delta": 31.981448}}
{"target": 0.003378840485860044, "params": {"0": -2.299631074277307, "1": -2.0575122592818382, "2": -1.58208654463511, "3": 2.576495094566136, "4": -1.547542528664325, "5": -0.6797027387862951, "6": 1.052893853721086, "7": -2.3658707886673978}, "datetime": {"datetime": "2021-06-30 03:08:39", "elapsed": 24899.803042, "delta": 24.392881}}
{"target": 0.003000616752065707, "params": {"0": 1.590177718833103, "1": -0.1576265675058086, "2": -0.7027675043240755, "3": 1.4898644036299151, "4": 1.858931585689918, "5": 1.8357115556149974, "6": -1.9304350485312258, "7": 2.6310331439894146}, "datetime": {"datetime": "2021-06-30 03:09:18", "elapsed": 24939.135903, "delta": 39.332861}}
{"target": 0.014128545991504059, "params": {"0": -2.778116618679369, "1": -1.031874454665224, "2": 1.4015129153658954, "3": -1.5360583877078793, "4": -1.794106228210391, "5": 1.3606534110036836, "6": -1.1084092448875433, "7": -2.746118741320699}, "datetime": {"datetime": "2021-06-30 03:10:10", "elapsed": 24990.674459, "delta": 51.538556}}
{"target": 0.006187958953373556, "params": {"0": 0.315100411485818, "1": -0.5046014473850304, "2": -0.5177399501536675, "3": -0.78625282911907, "4": -2.007342356852777, "5": -2.7392974658369775, "6": -2.803436199679691, "7": 1.8957157237713824}, "datetime": {"datetime": "2021-06-30 03:10:42", "elapsed": 25023.083841, "delta": 32.409382}}
{"target": 0.002996714983571282, "params": {"0": -2.7168841767036533, "1": -0.572601512812287, "2": 0.33688649148981975, "3": -0.5677274720834804, "4": 1.194144348276307, "5": 2.4395393632932834, "6": -1.8773604314100745, "7": 0.9687509192776993}, "datetime": {"datetime": "2021-06-30 03:11:20", "elapsed": 25061.133314, "delta": 38.049473}}
{"target": 0.0030818759395255784, "params": {"0": -1.8131477017370585, "1": 1.2383578353072595, "2": -1.6742495382446951, "3": -0.7350823273652827, "4": -1.3995783055717346, "5": 2.4059476428510678, "6": 0.315661449488827, "7": 0.3458208852085809}, "datetime": {"datetime": "2021-06-30 03:11:59", "elapsed": 25099.766845, "delta": 38.633531}}
{"target": 0.004241648122844916, "params": {"0": -2.101370840849838, "1": -1.382602615240685, "2": 2.8177038248252444, "3": -2.4211185501838375, "4": -0.48303551252647026, "5": -0.036532791133558895, "6": -1.2336513811730037, "7": -2.374717152486083}, "datetime": {"datetime": "2021-06-30 03:12:42", "elapsed": 25143.190652, "delta": 43.423807}}
{"target": 0.010862705153868677, "params": {"0": 1.6088918028388326, "1": 2.2934715969079527, "2": 0.33993263221111647, "3": -2.163736945718539, "4": 1.9636992342961008, "5": 1.3181914852286516, "6": -1.165083042261279, "7": 0.38515990265419475}, "datetime": {"datetime": "2021-06-30 03:13:20", "elapsed": 25181.115912, "delta": 37.92526}}
{"target": 0.0038155733900801553, "params": {"0": 1.5196965095805162, "1": 2.5409601908836086, "2": -1.5342530763491666, "3": -2.8063283310066875, "4": 1.3506115126157479, "5": -0.054867446896154526, "6": 1.7528263246487539, "7": -0.5688118502437343}, "datetime": {"datetime": "2021-06-30 03:14:04", "elapsed": 25224.602281, "delta": 43.486369}}
{"target": 0.003611467390743782, "params": {"0": 1.3275478284924134, "1": -0.24999038378087945, "2": -2.824459322222475, "3": 0.40565773972560804, "4": 2.3951590542514953, "5": 0.5596691824748588, "6": -2.344161863983765, "7": -2.2104398239450247}, "datetime": {"datetime": "2021-06-30 03:14:38", "elapsed": 25258.880523, "delta": 34.278242}}
{"target": 0.012168470884405239, "params": {"0": -2.0302781691110416, "1": 0.020347417734230433, "2": -2.025074708564225, "3": -1.2876804159330786, "4": 0.5084077139064149, "5": -2.383328706551188, "6": -2.997180241464638, "7": -1.8108094349172492}, "datetime": {"datetime": "2021-06-30 03:15:19", "elapsed": 25300.344077, "delta": 41.463554}}
{"target": 0.00311825958657683, "params": {"0": 0.9356460605678176, "1": -2.0518686671607123, "2": -1.4926048093423305, "3": -0.7119021265776428, "4": 1.9389279325223256, "5": 1.3791721916979744, "6": 1.7622940042962991, "7": 1.9721721220056256}, "datetime": {"datetime": "2021-06-30 03:15:57", "elapsed": 25338.218298, "delta": 37.874221}}
{"target": 0.003070743646043686, "params": {"0": 0.34981335691859883, "1": -0.9156734027484275, "2": 0.5650466343491143, "3": 1.2324785954041122, "4": 2.3322648670049144, "5": 2.379525460404591, "6": 2.5740174202647808, "7": -2.9427012071938345}, "datetime": {"datetime": "2021-06-30 03:16:40", "elapsed": 25381.277714, "delta": 43.059416}}
{"target": 0.003983975652399333, "params": {"0": 0.7361951301767657, "1": 0.6409064952421502, "2": 0.938783187160265, "3": -1.8134386094546202, "4": 2.100783851003917, "5": -2.2392468124142457, "6": 0.33237207921259726, "7": 0.3527160075251077}, "datetime": {"datetime": "2021-06-30 03:17:28", "elapsed": 25428.945199, "delta": 47.667485}}
{"target": 0.003143096916002884, "params": {"0": 1.364372664481495, "1": 2.570013547633895, "2": 2.2551423443181857, "3": -0.9650124816301897, "4": -1.976066986513808, "5": 0.14074577932971266, "6": 2.2877000756667467, "7": 1.1464627905774645}, "datetime": {"datetime": "2021-06-30 03:18:13", "elapsed": 25473.877919, "delta": 44.93272}}
{"target": 0.003168475270120236, "params": {"0": 0.7517272604436638, "1": 1.3352844456681172, "2": -2.836025573186581, "3": -0.8654981228713616, "4": 2.2457095119860835, "5": 2.6915888530055216, "6": -1.1210776376879723, "7": 1.4325004645858597}, "datetime": {"datetime": "2021-06-30 03:19:57", "elapsed": 25578.464222, "delta": 104.586303}}
{"target": 0.0033174804954244773, "params": {"0": 0.0753395808877464, "1": 0.7945552373054894, "2": -0.6005741929840496, "3": 2.563272524786586, "4": 2.6332249366724962, "5": 1.7054625413134037, "6": 1.2711090967403997, "7": 0.28381313836566413}, "datetime": {"datetime": "2021-06-30 03:20:44", "elapsed": 25625.170636, "delta": 46.706414}}
{"target": 0.002868904871280961, "params": {"0": -2.966155626666662, "1": 2.8397249919462064, "2": 2.7715597408635535, "3": -1.2773003263895852, "4": 0.23781119865848854, "5": 0.33208505515412945, "6": 2.519207795686407, "7": 2.168181634557717}, "datetime": {"datetime": "2021-06-30 03:21:19", "elapsed": 25659.849358, "delta": 34.678722}}
{"target": 0.1047685375650387, "params": {"0": 1.1710067628945655, "1": -1.2146098849202918, "2": -0.3167385814319008, "3": -2.5379191692375604, "4": 0.37386988286443845, "5": -2.59247997727758, "6": 2.588767793556767, "7": 0.4905403463335234}, "datetime": {"datetime": "2021-06-30 03:22:03", "elapsed": 25704.015375, "delta": 44.166017}}
{"target": 0.004498348097992912, "params": {"0": 2.714174958143289, "1": -0.18486065198866175, "2": -0.42903628945102046, "3": -2.526004037170454, "4": 2.8871655635621556, "5": -0.5398502600938659, "6": 0.9598290271669399, "7": 0.8325152794262305}, "datetime": {"datetime": "2021-06-30 03:22:38", "elapsed": 25739.325684, "delta": 35.310309}}
{"target": 0.0032040402630283365, "params": {"0": -2.0252680617124446, "1": 2.3612629737888664, "2": 2.187980316003844, "3": 2.057511303007594, "4": 1.6754623191139135, "5": 1.8268157219422037, "6": 2.57138250267782, "7": 2.428775546688313}, "datetime": {"datetime": "2021-06-30 03:23:00", "elapsed": 25761.303412, "delta": 21.977728}}
{"target": 0.003487703555892887, "params": {"0": -0.8770517662159878, "1": -1.7547174625759432, "2": -2.0088414896911564, "3": -1.2842473121341909, "4": 0.5902391160064036, "5": 2.2829476382420726, "6": -0.6419196556112858, "7": -2.4171361691462256}, "datetime": {"datetime": "2021-06-30 03:23:34", "elapsed": 25794.963962, "delta": 33.66055}}
{"target": 0.452386962057565, "params": {"0": 2.382067057432053, "1": -2.4027802068959474, "2": 2.907604224598579, "3": 0.5077525316528404, "4": 0.09436706727644584, "5": -1.9121015745605152, "6": 2.761649613733331, "7": -0.42437727084521626}, "datetime": {"datetime": "2021-06-30 03:24:14", "elapsed": 25835.133364, "delta": 40.169402}}
{"target": 0.003284200849392512, "params": {"0": 1.884549523431951, "1": -2.446631191301118, "2": 1.2229349634845033, "3": -2.097298455141301, "4": 0.612012875520997, "5": -0.9786231161660339, "6": 2.185427082509488, "7": -2.149440009474601}, "datetime": {"datetime": "2021-06-30 03:25:12", "elapsed": 25893.469631, "delta": 58.336267}}
{"target": 0.004071319857235522, "params": {"0": -0.3352968792424793, "1": -0.5649892242370278, "2": -2.7443621138974486, "3": -2.682871088794693, "4": -0.8408539341040968, "5": -2.3966754639463517, "6": -2.422103721931241, "7": -1.5100617773433758}, "datetime": {"datetime": "2021-06-30 03:26:30", "elapsed": 25970.576738, "delta": 77.107107}}
