{"target": 0.003169246389118386, "params": {"0": -1.1665665791476845, "1": 2.2635393067220964, "2": -2.077686040809054, "3": -0.6937776549170884, "4": -2.468578915975652, "5": 2.633408102331874, "6": 2.9543574341492116, "7": 0.2039428638326628}, "datetime": {"datetime": "2021-06-29 23:25:15", "elapsed": 11496.580639, "delta": 21.60303}}
{"target": 0.007596199705307033, "params": {"0": 0.9595148012883992, "1": -0.9848084426536161, "2": 1.6109299163126263, "3": -2.1035554069902873, "4": -1.3436460996525799, "5": 2.2303840564978046, "6": -2.30914331143825, "7": 2.93143084187437}, "datetime": {"datetime": "2021-06-29 23:25:46", "elapsed": 11527.204013, "delta": 30.623374}}
{"target": 0.003068612281908767, "params": {"0": -0.12658300285583257, "1": 2.174781294643525, "2": 2.139267744903986, "3": -1.5443562934055188, "4": 1.4759917753017886, "5": 2.4615795235784628, "6": 1.8020939338787656, "7": 0.19792730781164636}, "datetime": {"datetime": "2021-06-29 23:26:11", "elapsed": 11552.544776, "delta": 25.340763}}
{"target": 0.011579050984737639, "params": {"0": -1.2768760760300542, "1": 2.7872421620722774, "2": 2.3276408794383894, "3": 1.5913158518070603, "4": 1.4229562278357486, "5": -2.48870816633465, "6": 0.7384206807587601, "7": 2.835356210316366}, "datetime": {"datetime": "2021-06-29 23:26:34", "elapsed": 11575.577528, "delta": 23.032752}}
{"target": 0.004461457263226694, "params": {"0": -0.6962954030441137, "1": -0.8481361868094384, "2": -1.875305508171004, "3": -0.15115309067898108, "4": -1.7377350027851468, "5": -2.825092136524088, "6": 0.6271136980962577, "7": -2.005079116404504}, "datetime": {"datetime": "2021-06-29 23:27:22", "elapsed": 11623.371953, "delta": 47.794425}}
{"target": 0.004715356320979518, "params": {"0": 1.8225293232429625, "1": 2.1113821961029338, "2": -2.9888042444035086, "3": -0.44812599352107485, "4": 0.7015638888514815, "5": 1.2930843898930515, "6": -1.4739187547492871, "7": -0.65495844273994}, "datetime": {"datetime": "2021-06-29 23:27:50", "elapsed": 11651.541975, "delta": 28.170022}}
{"target": 0.0037202966845511203, "params": {"0": 2.6834946559719413, "1": 0.8511295262945531, "2": 2.6084567898110294, "3": -2.820799014822538, "4": 0.7192583208372576, "5": -1.3472321724947764, "6": -1.0071331397193084, "7": -1.482430679672499}, "datetime": {"datetime": "2021-06-29 23:28:15", "elapsed": 11676.08299, "delta": 24.541015}}
{"target": 0.011077949646730168, "params": {"0": -1.252193722487295, "1": -0.4233545361146116, "2": 0.03931333655056868, "3": -2.8007818552859742, "4": -1.8872200406841761, "5": 2.869259453035422, "6": -0.16051629631472508, "7": 1.3991182234672603}, "datetime": {"datetime": "2021-06-29 23:29:05", "elapsed": 11726.630014, "delta": 50.547024}}
{"target": 0.0030733417212137756, "params": {"0": 2.2601244024884366, "1": -1.1290885989439616, "2": -2.2783313571776365, "3": 2.2464575754161764, "4": 0.6599841158020343, "5": -0.8663628689167484, "6": 2.0597370257755916, "7": 2.6547284083406204}, "datetime": {"datetime": "2021-06-29 23:29:28", "elapsed": 11748.744072, "delta": 22.114058}}
{"target": 0.0033407817028204877, "params": {"0": -1.16031535007647, "1": -2.9958496779003205, "2": 1.9207526689063243, "3": 0.45509994779832086, "4": -2.621821448284819, "5": 2.7163252717031128, "6": 0.33991776340160085, "7": 2.9558514815792387}, "datetime": {"datetime": "2021-06-29 23:29:44", "elapsed": 11765.444582, "delta": 16.70051}}
{"target": 0.0035784313234167066, "params": {"0": 0.7917732778521369, "1": -1.4855274535587286, "2": 0.509893980760098, "3": -1.705938130892361, "4": -0.008990189745640365, "5": 2.09472105510011, "6": 1.5101237679252284, "7": -1.7271179151005294}, "datetime": {"datetime": "2021-06-29 23:30:02", "elapsed": 11783.41903, "delta": 17.974448}}
{"target": 0.0031124129561670108, "params": {"0": -1.9400128430910935, "1": 2.3230792653993078, "2": 1.9305909391321148, "3": -2.899162392241433, "4": 1.2595312256295914, "5": -1.0056390869305, "6": -0.14160076117187792, "7": 0.0642845276122328}, "datetime": {"datetime": "2021-06-29 23:30:24", "elapsed": 11804.8, "delta": 21.38097}}
{"target": 0.0032781341548999195, "params": {"0": 0.6171743333296424, "1": 2.552083216792848, "2": -1.0041229001145067, "3": -2.299694996400494, "4": 0.8329184313672711, "5": -2.284570568473571, "6": 1.5538157031912316, "7": -2.1051731347289016}, "datetime": {"datetime": "2021-06-29 23:30:39", "elapsed": 11820.265377, "delta": 15.465377}}
{"target": 0.00454693779979689, "params": {"0": -0.6168657306193222, "1": 0.33994042933837676, "2": -0.12145391140726769, "3": -2.2167948231693746, "4": 1.4831168282640563, "5": 2.5204180594353005, "6": -2.753127328460515, "7": -1.4975448786435424}, "datetime": {"datetime": "2021-06-29 23:30:56", "elapsed": 11837.665865, "delta": 17.400488}}
{"target": 0.0032068341158233457, "params": {"0": -2.8584785614514274, "1": 1.8251839824592837, "2": 1.004843273255224, "3": -0.9611761538656793, "4": 0.25799129805165233, "5": 2.415901981353981, "6": 0.42108936363887217, "7": -2.325750746015119}, "datetime": {"datetime": "2021-06-29 23:31:16", "elapsed": 11857.080927, "delta": 19.415062}}
{"target": 0.0028885569418077434, "params": {"0": 0.5947659815694397, "1": 2.455372935891633, "2": -1.286326656086062, "3": -2.6162959640806625, "4": 2.9418717452684753, "5": 0.36287337988497814, "6": 2.2843047841039335, "7": -0.6037992930916682}, "datetime": {"datetime": "2021-06-29 23:32:23", "elapsed": 11924.4219, "delta": 67.340973}}
{"target": 0.0030717563075734846, "params": {"0": -1.998217529172947, "1": 0.7068998488788139, "2": 0.9639680247028104, "3": 1.6729752414936376, "4": 1.8918673083305357, "5": -0.7270303788550789, "6": -0.46459431039229404, "7": -1.7505720756955736}, "datetime": {"datetime": "2021-06-29 23:32:42", "elapsed": 11942.871657, "delta": 18.449757}}
{"target": 0.0034081552326932552, "params": {"0": 0.5757764808715597, "1": -2.5182484405982013, "2": 2.6041885895518444, "3": 1.458469955533122, "4": -2.130636486061281, "5": 0.8518559825812968, "6": -2.221650830347664, "7": 0.38597126132271153}, "datetime": {"datetime": "2021-06-29 23:33:18", "elapsed": 11979.497033, "delta": 36.625376}}
{"target": 0.003285369325654187, "params": {"0": -0.7173812912258946, "1": -1.3094843937227831, "2": 2.454866472345917, "3": -1.641379704125636, "4": -0.3599230491410488, "5": 2.145718715490209, "6": -2.536261355421529, "7": -2.9129162170541854}, "datetime": {"datetime": "2021-06-29 23:33:38", "elapsed": 11998.921032, "delta": 19.423999}}
{"target": 0.02561911766612475, "params": {"0": 1.7969827457635947, "1": -0.5844306345502899, "2": 2.5489337573781334, "3": -2.0564143847136087, "4": -1.581625560699175, "5": -2.8497641854115336, "6": -0.5369367741905817, "7": -2.3029895525123036}, "datetime": {"datetime": "2021-06-29 23:34:07", "elapsed": 12028.269806, "delta": 29.348774}}
{"target": 0.003363708558398124, "params": {"0": -0.4879120471137819, "1": -1.4996792027553683, "2": 0.5179103703114762, "3": 0.9794008869379098, "4": -2.779459218514836, "5": -1.6170315872874408, "6": 1.6891435359487685, "7": 1.9460030201835696}, "datetime": {"datetime": "2021-06-29 23:34:28", "elapsed": 12049.324814, "delta": 21.055008}}
{"target": 0.0034061742561071954, "params": {"0": 0.9813111542084427, "1": -0.0947810211975737, "2": -2.976517325259965, "3": -1.5370708211368762, "4": -0.31679440188871677, "5": -0.46560503921861107, "6": 1.2310662538236938, "7": 1.1583907258909818}, "datetime": {"datetime": "2021-06-29 23:35:01", "elapsed": 12082.390814, "delta": 33.066}}
{"target": 0.007359927926053536, "params": {"0": 0.770304475146701, "1": -1.0686919687091865, "2": 0.3308504390882874, "3": 1.6449660379440445, "4": 2.8431576142529362, "5": 0.09290611068052446, "6": 0.3496252496596357, "7": -0.9668865150667041}, "datetime": {"datetime": "2021-06-29 23:35:15", "elapsed": 12096.431678, "delta": 14.040864}}
{"target": 0.002870820378369178, "params": {"0": 2.4205872818934093, "1": -1.7542602450503397, "2": -0.19915042823702223, "3": 2.697337718227182, "4": 2.4183645206117266, "5": 0.9469591663387815, "6": -1.0382177569225366, "7": -2.065129662551503}, "datetime": {"datetime": "2021-06-29 23:35:34", "elapsed": 12115.49118, "delta": 19.059502}}
{"target": 0.023120581328036263, "params": {"0": 1.164217910098734, "1": -0.3363943995659784, "2": 1.1424354077867234, "3": -0.8876227544578481, "4": 2.135243327094657, "5": -0.48767507134293764, "6": 2.502821227803249, "7": -0.9132185535153345}, "datetime": {"datetime": "2021-06-29 23:36:05", "elapsed": 12145.93889, "delta": 30.44771}}
{"target": 0.0034510165586771075, "params": {"0": 2.1581452461099024, "1": 1.6163311799923177, "2": 2.641778897580423, "3": -2.368177501610377, "4": -0.8229794148298186, "5": -2.3580361095309015, "6": -0.6324826875594214, "7": 1.0199672094775956}, "datetime": {"datetime": "2021-06-29 23:36:21", "elapsed": 12162.678141, "delta": 16.739251}}
{"target": 0.0029527157936368132, "params": {"0": 1.501834524246406, "1": -2.357750142136231, "2": 2.2307276399726543, "3": 0.5381018182550505, "4": 2.980567168334078, "5": 0.8154336219193081, "6": -1.843504587659703, "7": 2.8858528719071606}, "datetime": {"datetime": "2021-06-29 23:36:41", "elapsed": 12182.1227, "delta": 19.444559}}
{"target": 0.003202665229401627, "params": {"0": -1.584390492041016, "1": 0.0701282634995053, "2": -2.8540833723291406, "3": -2.604418272178029, "4": 1.487293754420631, "5": 2.1311750376114835, "6": -0.024017740869737736, "7": 0.8769121191420188}, "datetime": {"datetime": "2021-06-29 23:37:17", "elapsed": 12218.25207, "delta": 36.12937}}
{"target": 0.0032359568305223704, "params": {"0": 1.7950159184397414, "1": -2.7120739436318533, "2": -2.0438564076626227, "3": 2.63360983882262, "4": 0.2024342398780954, "5": 1.0498042748194463, "6": -1.5206648671509357, "7": 1.5658957981425203}, "datetime": {"datetime": "2021-06-29 23:38:00", "elapsed": 12261.398194, "delta": 43.146124}}
{"target": 0.003113288557658381, "params": {"0": -0.28241636604501696, "1": -1.4453867390269877, "2": -1.4618996886764213, "3": -1.5611407326152573, "4": 1.4410259184995091, "5": 0.5361309680512876, "6": 2.6348122385808868, "7": -2.490222872800069}, "datetime": {"datetime": "2021-06-29 23:38:26", "elapsed": 12287.469509, "delta": 26.071315}}
{"target": 0.006022655074889095, "params": {"0": -0.5942365118696262, "1": -0.7319638207650874, "2": 2.948725775275989, "3": -1.459024870140046, "4": 0.1379498418053804, "5": -1.9953205532544411, "6": 1.2417466608776602, "7": -0.4059562610877663}, "datetime": {"datetime": "2021-06-29 23:39:09", "elapsed": 12330.206883, "delta": 42.737374}}
{"target": 0.0033173893525539244, "params": {"0": 0.4434862470021206, "1": -2.3594169885965117, "2": -0.8437499779556141, "3": -0.7450424042679611, "4": 0.38558652656394177, "5": 2.785238163216264, "6": -2.440172836477657, "7": 0.12332987584085853}, "datetime": {"datetime": "2021-06-29 23:39:49", "elapsed": 12370.609696, "delta": 40.402813}}
{"target": 0.0033446583168989606, "params": {"0": 1.9796838405669064, "1": 2.9283993480050334, "2": -0.6981354873031744, "3": 1.7569426619620465, "4": 1.5179768871842096, "5": -1.3438001741220953, "6": -2.2944861295556866, "7": 0.05500205967596239}, "datetime": {"datetime": "2021-06-29 23:40:15", "elapsed": 12396.462158, "delta": 25.852462}}
{"target": 0.003404086585833998, "params": {"0": -0.5105402226301035, "1": -1.4345646261260092, "2": 1.2361464463437208, "3": 1.363097285206976, "4": -1.334321149207858, "5": 0.8464077795329175, "6": 0.4227525139384296, "7": 2.2023398359761526}, "datetime": {"datetime": "2021-06-29 23:40:39", "elapsed": 12420.464238, "delta": 24.00208}}
{"target": 0.0030486059972009514, "params": {"0": 1.396900825847875, "1": 0.4385289338535321, "2": 0.535936252131409, "3": 1.3360073105921648, "4": 0.9944134866114931, "5": -0.11482410112110131, "6": -2.425270200316686, "7": -1.1634873676156905}, "datetime": {"datetime": "2021-06-29 23:40:59", "elapsed": 12439.989757, "delta": 19.525519}}
{"target": 0.003000011032338503, "params": {"0": 1.8618680825914424, "1": 2.3533466729857144, "2": 0.6366964465892608, "3": -2.8635833750567223, "4": 0.1766722843311621, "5": 0.13955585038006912, "6": -0.8827234342958477, "7": -0.31455161347893057}, "datetime": {"datetime": "2021-06-29 23:41:29", "elapsed": 12469.957089, "delta": 29.967332}}
{"target": 0.0037314498636524225, "params": {"0": 2.8098662691967, "1": -2.356267640992446, "2": 0.32264706935322485, "3": -0.23437462711581913, "4": -0.4450353587923548, "5": 0.4391195707695008, "6": -2.1423482977742987, "7": -0.14181313847232957}, "datetime": {"datetime": "2021-06-29 23:41:51", "elapsed": 12492.19309, "delta": 22.236001}}
{"target": 0.0045979890284364115, "params": {"0": 0.09327708098476428, "1": -1.8230307821916234, "2": -2.2127521830685417, "3": -0.3676999671988046, "4": -2.9593912672567866, "5": 1.108448682649783, "6": -2.1501690219611675, "7": -1.7610356921137178}, "datetime": {"datetime": "2021-06-29 23:42:37", "elapsed": 12538.568397, "delta": 46.375307}}
{"target": 0.003370186986073327, "params": {"0": 2.867827629899761, "1": -2.827330837750084, "2": -1.3930757282676525, "3": -2.2192586735201356, "4": -2.654937387297882, "5": 0.8869319655367631, "6": 0.6980917645843965, "7": 0.69930001302113}, "datetime": {"datetime": "2021-06-29 23:43:09", "elapsed": 12570.311839, "delta": 31.743442}}
{"target": 0.0031553665435092547, "params": {"0": -0.7336466851619177, "1": 0.9011794229343435, "2": 2.6617041859859336, "3": -2.510918941479388, "4": -1.348931690889288, "5": -1.2491140581329014, "6": -0.22156143005704187, "7": 2.9393640682097883}, "datetime": {"datetime": "2021-06-29 23:43:31", "elapsed": 12592.417625, "delta": 22.105786}}
{"target": 0.00363238772823133, "params": {"0": 1.217409871334688, "1": -2.920642187772269, "2": 2.0326805917914044, "3": 1.977102759974679, "4": 1.758903754561464, "5": 2.344375263152866, "6": -2.994901323013533, "7": -1.5515695668452587}, "datetime": {"datetime": "2021-06-29 23:44:03", "elapsed": 12624.577492, "delta": 32.159867}}
{"target": 0.0033111999673746907, "params": {"0": -0.3139419154628511, "1": -1.1135589783836755, "2": 1.595837365965533, "3": 2.249435738902055, "4": -2.2404948712581625, "5": 1.9825402544871205, "6": 1.9640459360135925, "7": -0.13306254166400633}, "datetime": {"datetime": "2021-06-29 23:44:26", "elapsed": 12647.40746, "delta": 22.829968}}
{"target": 0.005156496712474775, "params": {"0": -2.399358171621407, "1": 2.6076540922108, "2": 0.08327430582344242, "3": 1.9958462213072936, "4": -2.506290339644953, "5": -1.3379148744084515, "6": -0.7815670245852071, "7": 1.2370307076100877}, "datetime": {"datetime": "2021-06-29 23:44:59", "elapsed": 12680.17993, "delta": 32.77247}}
{"target": 0.003105049365953398, "params": {"0": 2.6782044666954015, "1": 1.0582811731859811, "2": -1.0658594072429595, "3": -0.7037956338608549, "4": -0.576226581448303, "5": 1.978054770201454, "6": 0.6380222265386637, "7": -1.9986016444295982}, "datetime": {"datetime": "2021-06-29 23:45:33", "elapsed": 12714.056997, "delta": 33.877067}}
{"target": 0.002981212702572733, "params": {"0": -0.12240245653704651, "1": 1.3888896261079413, "2": -2.611334461789235, "3": 1.9265531818381074, "4": 0.3193643192635647, "5": -1.09829149415577, "6": 2.2110107154753713, "7": -1.2468775857433638}, "datetime": {"datetime": "2021-06-29 23:45:48", "elapsed": 12729.435728, "delta": 15.378731}}
{"target": 0.0029404440085385396, "params": {"0": 0.39434988190721265, "1": 0.5518344023924762, "2": -2.7170056309220776, "3": -0.1925154314843711, "4": 2.170657648056996, "5": 2.717051886834337, "6": 1.0628577264376533, "7": -0.2820590813583532}, "datetime": {"datetime": "2021-06-29 23:46:23", "elapsed": 12764.155304, "delta": 34.719576}}
{"target": 0.0029071421099287533, "params": {"0": 2.3391284311380804, "1": -0.3421695038675163, "2": 2.1136268004925958, "3": -1.1091332884267022, "4": 2.257852881528186, "5": 1.06057641598116, "6": 1.5730021729436903, "7": 1.7624465328600865}, "datetime": {"datetime": "2021-06-29 23:46:44", "elapsed": 12785.484104, "delta": 21.3288}}
{"target": 0.005731885513479565, "params": {"0": 2.0577080468722535, "1": -0.8949634234276242, "2": 1.810748366033982, "3": 2.7406724193151293, "4": 0.881339550626846, "5": 1.9474442814541968, "6": 0.6297392918403562, "7": -1.2486551547755438}, "datetime": {"datetime": "2021-06-29 23:47:04", "elapsed": 12805.296888, "delta": 19.812784}}
{"target": 0.004548579391073358, "params": {"0": 0.8383329919858973, "1": -1.6576687304998914, "2": 1.9510629877496175, "3": -2.2933583665052213, "4": -2.579238326897277, "5": -1.4050360823407164, "6": -0.1531461052390597, "7": -2.571869466022829}, "datetime": {"datetime": "2021-06-29 23:47:31", "elapsed": 12832.126333, "delta": 26.829445}}
{"target": 0.004852416853863654, "params": {"0": 2.905934992784026, "1": -1.7436375125186279, "2": -2.8407249822822154, "3": -0.1598547842279725, "4": -2.7972282429790245, "5": 2.174711299381582, "6": 1.566106439684459, "7": -2.0873192419726285}, "datetime": {"datetime": "2021-06-29 23:47:55", "elapsed": 12855.977087, "delta": 23.850754}}
{"target": 0.0033432357744742906, "params": {"0": -0.4075224829616242, "1": 0.7856531270982785, "2": -1.3251047695705231, "3": -0.16880291838798334, "4": -0.7499639343578273, "5": -2.4053482737448224, "6": -0.9167825553304341, "7": 2.315273951995609}, "datetime": {"datetime": "2021-06-29 23:48:24", "elapsed": 12885.380381, "delta": 29.403294}}
{"target": 0.003659854966434176, "params": {"0": 2.044665584552928, "1": 1.2345951680856588, "2": -1.4404477445683062, "3": -1.572538105446656, "4": -2.1977541719788567, "5": -0.23379377601634932, "6": -1.951608820409112, "7": -2.167307945655038}, "datetime": {"datetime": "2021-06-29 23:48:53", "elapsed": 12914.200018, "delta": 28.819637}}
{"target": 0.003510749795358212, "params": {"0": -0.3339933751994968, "1": -2.757797808457328, "2": 1.1524527663836306, "3": -2.6202538992176905, "4": -1.528058082565261, "5": 1.2786846263268545, "6": -1.5516075509439877, "7": -0.15617246145016228}, "datetime": {"datetime": "2021-06-29 23:49:14", "elapsed": 12935.283373, "delta": 21.083355}}
{"target": 0.0029574390468788537, "params": {"0": -0.7538447531637624, "1": -1.4886176426484055, "2": 2.9084213551961238, "3": -2.0409395644368287, "4": -1.4475876525576319, "5": 2.3080556059208703, "6": -0.4242101878362319, "7": -2.8663571032326276}, "datetime": {"datetime": "2021-06-29 23:49:41", "elapsed": 12962.003858, "delta": 26.720485}}
{"target": 0.002926830325990882, "params": {"0": -1.4373333669027664, "1": -0.7555853661700636, "2": 1.4729175041719627, "3": -2.8486328159554146, "4": 2.0838371511464837, "5": 0.9539328022943154, "6": 0.6120542428756712, "7": 1.2712711039357725}, "datetime": {"datetime": "2021-06-29 23:50:07", "elapsed": 12987.982267, "delta": 25.978409}}
{"target": 0.024097859705194426, "params": {"0": -0.0057784913421858874, "1": -1.6516164612323672, "2": -2.906008984399249, "3": -0.06075109301041337, "4": -2.3570996207502146, "5": 1.3284858098847963, "6": -2.5734277323287365, "7": -1.1402678630161303}, "datetime": {"datetime": "2021-06-29 23:50:58", "elapsed": 13039.661074, "delta": 51.678807}}
{"target": 0.0031861705173943052, "params": {"0": 2.268598021412293, "1": -2.375901508684988, "2": 0.3260873673588849, "3": 0.6312920444034469, "4": 0.8805983366887089, "5": -1.1688169035491855, "6": 0.9324658370912262, "7": 2.5202151029731885}, "datetime": {"datetime": "2021-06-29 23:51:13", "elapsed": 13054.574259, "delta": 14.913185}}
{"target": 0.0071793151373866935, "params": {"0": -0.07174752151272212, "1": 1.97067198938164, "2": 2.5519985401767586, "3": 0.06757993915610383, "4": -0.2929861717060209, "5": 0.6861135085582557, "6": -2.742705852700518, "7": -1.0137905319237859}, "datetime": {"datetime": "2021-06-29 23:51:55", "elapsed": 13096.327535, "delta": 41.753276}}
{"target": 0.5356046260031306, "params": {"0": -0.7607487070605123, "1": 1.5263878523956986, "2": -2.270338468238103, "3": -2.9823388666489317, "4": -1.6569841528096474, "5": 0.6785263392597773, "6": -2.8636916051668204, "7": 1.1636712877533526}, "datetime": {"datetime": "2021-06-29 23:52:20", "elapsed": 13121.491907, "delta": 25.164372}}
{"target": 0.004215752634555103, "params": {"0": -1.5609707752248627, "1": -1.7234234358062057, "2": -0.34473138659909575, "3": -0.6600742023677517, "4": 1.0417633457405557, "5": 2.139874635396054, "6": 0.3323059948154681, "7": -1.3461435495645748}, "datetime": {"datetime": "2021-06-29 23:53:13", "elapsed": 13174.545428, "delta": 53.053521}}
{"target": 0.19442277767408322, "params": {"0": 1.2631479489004551, "1": -0.8570210676455581, "2": 1.3101130182826033, "3": -0.47738353513283993, "4": 2.005161732100306, "5": -0.9505106320991441, "6": 1.8443700141836405, "7": -0.9492969579169168}, "datetime": {"datetime": "2021-06-29 23:53:58", "elapsed": 13219.142612, "delta": 44.597184}}
{"target": 0.004814833688320867, "params": {"0": -0.17599261899216367, "1": -1.6905647793482532, "2": 2.02227418049569, "3": -2.267746207733751, "4": 1.3460512708551828, "5": -1.2635409451434958, "6": -2.553884523285524, "7": 1.954940512270496}, "datetime": {"datetime": "2021-06-29 23:54:25", "elapsed": 13246.668275, "delta": 27.525663}}
{"target": 0.003169156742063599, "params": {"0": -0.25714098399104746, "1": -2.921708083923943, "2": -2.132531672506627, "3": 1.8706826479922114, "4": -2.1136968313927946, "5": 2.2402955642862974, "6": -2.230389860560069, "7": 1.8935179930655544}, "datetime": {"datetime": "2021-06-29 23:54:56", "elapsed": 13277.105456, "delta": 30.437181}}
{"target": 0.005166568880456123, "params": {"0": -1.364053362604241, "1": 0.9115184053252534, "2": -1.5556603545854006, "3": 0.19324216703785346, "4": 1.5300651759691384, "5": 2.6043731485834405, "6": 1.0949909255228825, "7": -1.4200592934677485}, "datetime": {"datetime": "2021-06-29 23:55:41", "elapsed": 13322.515554, "delta": 45.410098}}
