{"target": 0.003485822994722559, "params": {"0": 1.7772074660972415, "1": 0.6827150262274886, "2": 2.5724772343220685, "3": -2.830914506146747, "4": -2.378209346376793, "5": 0.9662384705116152, "6": 0.09338006724760106, "7": 0.07653487631155809}, "datetime": {"datetime": "2021-06-30 01:03:14", "elapsed": 17375.315215, "delta": 27.306894}}
{"target": 0.003047083871478985, "params": {"0": 0.04235974353489613, "1": -0.9231703791011308, "2": 0.6573721112373243, "3": 1.227380401702379, "4": -1.7207374211017257, "5": 2.3502658318089553, "6": 0.5365078259314693, "7": 2.7604389907815916}, "datetime": {"datetime": "2021-06-30 01:04:08", "elapsed": 17429.073737, "delta": 53.758522}}
{"target": 0.004011905056617282, "params": {"0": 1.4896974290320877, "1": -0.5201573317169785, "2": 0.005326622067975961, "3": -0.8265981436017551, "4": 2.196784665245768, "5": 1.0439765630348266, "6": -2.587554474351175, "7": 1.482572579341892}, "datetime": {"datetime": "2021-06-30 01:04:37", "elapsed": 17458.396683, "delta": 29.322946}}
{"target": 0.005992023260929519, "params": {"0": -2.519069651528528, "1": 2.3038516631545995, "2": 2.5795547846456675, "3": 2.8563549797614582, "4": -1.6303463492598704, "5": -0.14541110270740187, "6": 1.0170618604241914, "7": 0.9358467267257269}, "datetime": {"datetime": "2021-06-30 01:05:07", "elapsed": 17488.296492, "delta": 29.899809}}
{"target": 0.0035002947462701903, "params": {"0": -0.11328638353449794, "1": 0.3378916155296574, "2": -1.5224467577867566, "3": 1.4021240615822892, "4": -1.9237523206569223, "5": 1.8954734277256184, "6": -1.6555918583682148, "7": -1.449302597123857}, "datetime": {"datetime": "2021-06-30 01:05:42", "elapsed": 17523.063596, "delta": 34.767104}}
{"target": 0.003010469561810532, "params": {"0": 1.6587304807336576, "1": 2.641409240453225, "2": 0.5041466314250052, "3": 1.3703232889337746, "4": 2.0848838825682794, "5": -2.991004666201456, "6": -2.2311944665277736, "7": 0.36833661762895975}, "datetime": {"datetime": "2021-06-30 01:06:14", "elapsed": 17555.419812, "delta": 32.356216}}
{"target": 0.021085329246579625, "params": {"0": 2.0818085326255815, "1": -2.7038865647508454, "2": 2.4839929073043994, "3": -1.2250766546096734, "4": 2.5908658390369705, "5": -2.064242820974333, "6": 1.1354723492370447, "7": 2.8816012458967846}, "datetime": {"datetime": "2021-06-30 01:06:48", "elapsed": 17589.124622, "delta": 33.70481}}
{"target": 0.0029960932680112217, "params": {"0": -1.0482719146445545, "1": -0.8992329401343064, "2": 1.809057632873615, "3": -1.217275457115557, "4": -1.4365722647260502, "5": 2.0094240668786316, "6": 1.245914418000396, "7": 0.02906452454383679}, "datetime": {"datetime": "2021-06-30 01:07:24", "elapsed": 17624.9356, "delta": 35.810978}}
{"target": 0.003231911543501265, "params": {"0": -1.6017144591677919, "1": 0.35868958067211265, "2": 1.53374240822178, "3": 0.4039078916946899, "4": -1.828634821675834, "5": 1.9425950258275408, "6": -2.03533658703949, "7": 0.9506747137545557}, "datetime": {"datetime": "2021-06-30 01:07:55", "elapsed": 17656.06459, "delta": 31.12899}}
{"target": 0.030052406035671504, "params": {"0": 1.9844844350255553, "1": 1.9900364325977202, "2": -1.4682141067340384, "3": -2.2156636267818524, "4": -0.3873578185765072, "5": -0.6320283378046079, "6": 2.100075066563136, "7": 0.27134814473714286}, "datetime": {"datetime": "2021-06-30 01:09:15", "elapsed": 17736.271353, "delta": 80.206763}}
{"target": 0.0034019959225448557, "params": {"0": 2.597512167437878, "1": -2.898066322612785, "2": -2.9697681130494535, "3": 1.2931915889421663, "4": -1.2392806611805356, "5": -1.5612098914324324, "6": 0.49809606713119914, "7": 0.1432423537388301}, "datetime": {"datetime": "2021-06-30 01:10:06", "elapsed": 17787.450235, "delta": 51.178882}}
{"target": 0.0028900052094960895, "params": {"0": 2.0169146090281274, "1": 2.4478596229331018, "2": -1.6222415428373587, "3": 0.009911274034958506, "4": 1.7638978781581365, "5": -0.17573092156776626, "6": 2.6801899241821694, "7": 2.876095843518942}, "datetime": {"datetime": "2021-06-30 01:10:27", "elapsed": 17807.732916, "delta": 20.282681}}
{"target": 0.004198672592129804, "params": {"0": 1.1783164173819323, "1": -1.8755592913202588, "2": 0.3160239929017008, "3": -2.723316283508958, "4": -0.1640483114203377, "5": -2.7040530140518277, "6": 2.5219730827528135, "7": 0.3430732009266313}, "datetime": {"datetime": "2021-06-30 01:11:49", "elapsed": 17890.146738, "delta": 82.413822}}
{"target": 0.003081067928616859, "params": {"0": 1.4583658978451552, "1": 0.3500743672867528, "2": 0.07254241867934574, "3": 2.906352907171722, "4": 0.8529342077129103, "5": 0.00365028215965868, "6": -1.8204003113652463, "7": -0.8949156315244533}, "datetime": {"datetime": "2021-06-30 01:12:56", "elapsed": 17956.823899, "delta": 66.677161}}
{"target": 0.011737231199538385, "params": {"0": 0.34399620713556445, "1": -2.8741779852666287, "2": 2.5101040336035823, "3": -1.1627067336623842, "4": -0.9904211585400668, "5": 0.6850244053760433, "6": -2.3705551225707744, "7": 1.7178821723398787}, "datetime": {"datetime": "2021-06-30 01:13:31", "elapsed": 17991.765425, "delta": 34.941526}}
{"target": 0.007147550795328419, "params": {"0": 1.304538665380476, "1": -2.1012523012726296, "2": 0.3924137032669619, "3": -1.2773890435970996, "4": 1.814768791486788, "5": -1.648062668703339, "6": 2.743141590602745, "7": -0.6396201123702534}, "datetime": {"datetime": "2021-06-30 01:14:08", "elapsed": 18028.640623, "delta": 36.875198}}
{"target": 0.003374165676232211, "params": {"0": 1.8007448207603751, "1": -0.9055866797864267, "2": 0.19344174691501248, "3": -1.859749318795352, "4": 0.7057402102745485, "5": -2.729443799120684, "6": 1.9194570037036724, "7": 0.8198547095571351}, "datetime": {"datetime": "2021-06-30 01:14:48", "elapsed": 18069.391388, "delta": 40.750765}}
{"target": 0.0032552689833077286, "params": {"0": 1.3729044289833467, "1": -2.6819204435227153, "2": 1.8687304851513282, "3": 1.1287830234397482, "4": -0.826684651633232, "5": 2.3498381019237344, "6": 1.7611028538423756, "7": -1.487079205676405}, "datetime": {"datetime": "2021-06-30 01:15:17", "elapsed": 18098.242463, "delta": 28.851075}}
{"target": 0.0036330032408760206, "params": {"0": 0.8126568341174076, "1": -1.6723760416610023, "2": -1.0509542497148732, "3": -1.360620690129186, "4": -1.2575312934851066, "5": -2.520015047478027, "6": -0.5052436744764579, "7": -0.5597552083059307}, "datetime": {"datetime": "2021-06-30 01:15:52", "elapsed": 18132.797766, "delta": 34.555303}}
{"target": 0.0036201053984805994, "params": {"0": -1.4049471143654115, "1": -0.7618753403976632, "2": -0.5026127160999243, "3": -2.487124199949864, "4": 0.8363265119532746, "5": -0.8100033472091317, "6": -1.9133801759141242, "7": -2.1554341222089315}, "datetime": {"datetime": "2021-06-30 01:16:30", "elapsed": 18170.77623, "delta": 37.978464}}
{"target": 0.0042736848428064625, "params": {"0": -1.3159570728201775, "1": -1.3240183981869493, "2": -0.9778933862403569, "3": -2.9085251333655764, "4": 1.74938328892926, "5": -0.45602367989097825, "6": -2.595640351784906, "7": -1.9205594598137503}, "datetime": {"datetime": "2021-06-30 01:17:21", "elapsed": 18222.329662, "delta": 51.553432}}
{"target": 0.008117514388214278, "params": {"0": 0.8238753003306512, "1": 2.4240980402945462, "2": -0.07912941517436423, "3": -2.1382813167210015, "4": -1.146655719076832, "5": -1.0821150463665468, "6": 1.9447356199243204, "7": -1.345520239880973}, "datetime": {"datetime": "2021-06-30 01:18:48", "elapsed": 18309.368557, "delta": 87.038895}}
{"target": 0.005315513777571274, "params": {"0": -1.8967993578658924, "1": 0.8503178942655096, "2": -0.054750211986606345, "3": -1.7016875739847324, "4": 0.8040433730776182, "5": 2.8004796435448576, "6": -1.659957760712063, "7": -1.0685974195671168}, "datetime": {"datetime": "2021-06-30 01:19:23", "elapsed": 18344.140698, "delta": 34.772141}}
{"target": 0.0035126128406427, "params": {"0": 1.0135542799670318, "1": -1.3965018839258168, "2": 0.745383817249544, "3": 0.032539225283781725, "4": -0.8590924030019842, "5": -1.7386168240177846, "6": -0.04399072342095023, "7": -2.1931908381112506}, "datetime": {"datetime": "2021-06-30 01:20:29", "elapsed": 18409.889177, "delta": 65.748479}}
{"target": 0.0031953675820647204, "params": {"0": -0.8561859020048379, "1": 1.4821738716334991, "2": -0.48848182881646274, "3": -2.8051367264046796, "4": 0.2180603678572126, "5": 0.1643820529470661, "6": -2.7807896703207398, "7": -2.3546604688537816}, "datetime": {"datetime": "2021-06-30 01:21:16", "elapsed": 18456.553762, "delta": 46.664585}}
{"target": 0.005223379195279894, "params": {"0": -0.21329382402140595, "1": 0.5248303288315972, "2": 0.5931231141091886, "3": 1.4437112143699409, "4": -2.9018280935604643, "5": 1.3118174204669142, "6": -0.1026283533147554, "7": 1.1838091393457937}, "datetime": {"datetime": "2021-06-30 01:21:54", "elapsed": 18494.643372, "delta": 38.08961}}
{"target": 0.00298182275204374, "params": {"0": -0.8740859253496298, "1": -0.2220488762916255, "2": -0.502196437209995, "3": 2.8931601557915716, "4": 2.9327568509016384, "5": -2.9751361979339475, "6": 2.298210890463097, "7": 2.427490212530075}, "datetime": {"datetime": "2021-06-30 01:23:01", "elapsed": 18561.996661, "delta": 67.353289}}
{"target": 0.1494648173378103, "params": {"0": 1.6517958220656732, "1": -0.7936960633182832, "2": 0.5451209516330557, "3": -2.380777738486513, "4": 1.7526640031264114, "5": -2.992999157470841, "6": 2.296046668467481, "7": -0.18624343485679473}, "datetime": {"datetime": "2021-06-30 01:23:48", "elapsed": 18609.163498, "delta": 47.166837}}
{"target": 0.003065152492587895, "params": {"0": 2.6847377573892848, "1": 0.7954957477477014, "2": -2.441734610342421, "3": 2.3532798413916556, "4": -0.6533581640131407, "5": -2.367250582524208, "6": -0.6521595652291605, "7": -0.4097313988474234}, "datetime": {"datetime": "2021-06-30 01:24:30", "elapsed": 18651.256562, "delta": 42.093064}}
{"target": 0.00418931121450031, "params": {"0": -1.2357889367196313, "1": -1.7635658496143896, "2": 2.344748960547162, "3": 0.5243998511516899, "4": 1.5314283540672502, "5": 1.4240215110247574, "6": -2.6083875263645924, "7": -1.0130468671948247}, "datetime": {"datetime": "2021-06-30 01:25:01", "elapsed": 18681.643482, "delta": 30.38692}}
{"target": 0.003079195014685597, "params": {"0": 1.8887857430257604, "1": 1.0937778796379085, "2": 2.3320592156041178, "3": 0.9007232687763933, "4": -1.3966392994171872, "5": -2.9497330390571994, "6": -0.4255490777786637, "7": -2.0592247688501626}, "datetime": {"datetime": "2021-06-30 01:25:38", "elapsed": 18719.101132, "delta": 37.45765}}
{"target": 0.0030261240952647677, "params": {"0": -1.2702845484037202, "1": 1.4909574347789727, "2": 2.4749999620720367, "3": 2.869789144690947, "4": 0.6348764645544795, "5": -1.7398047001786732, "6": 1.9773488043181358, "7": 2.1094900807875305}, "datetime": {"datetime": "2021-06-30 01:26:18", "elapsed": 18758.60653, "delta": 39.505398}}
{"target": 0.003373887279269268, "params": {"0": 2.411935845579894, "1": -2.178057574690766, "2": 1.7779255893677215, "3": 0.5754125286844101, "4": -2.4660355322422247, "5": 1.26765809702811, "6": -0.896385047963435, "7": -2.0147360164318178}, "datetime": {"datetime": "2021-06-30 01:26:56", "elapsed": 18796.783228, "delta": 38.176698}}
{"target": 0.0037618885800827454, "params": {"0": 1.3613749269996145, "1": 2.8734074945996078, "2": -0.19755650861832574, "3": -1.6338918871412897, "4": -1.6886200327336431, "5": -0.29037459914972796, "6": 1.8690479059387144, "7": -1.120607260345478}, "datetime": {"datetime": "2021-06-30 01:28:46", "elapsed": 18906.703094, "delta": 109.919866}}
{"target": 0.00411123093558766, "params": {"0": 0.4797242328272677, "1": 1.9339912927656844, "2": 0.3109441846891472, "3": -2.859189309764737, "4": -0.7622037221254336, "5": 0.6145894624773152, "6": 0.7343104400213831, "7": 1.1448328301346038}, "datetime": {"datetime": "2021-06-30 01:29:24", "elapsed": 18944.885125, "delta": 38.182031}}
{"target": 0.004109098302968585, "params": {"0": 0.46960992768124576, "1": 2.2179531623107325, "2": -0.27918583835540467, "3": -1.7850266317931067, "4": -0.8222010084637339, "5": -1.037543062799041, "6": 1.761815266770773, "7": -0.4484893055111776}, "datetime": {"datetime": "2021-06-30 01:31:17", "elapsed": 19057.858952, "delta": 112.973827}}
{"target": 0.01365972852802122, "params": {"0": -1.9375341191099638, "1": -2.890083265551965, "2": 2.8594360661200593, "3": -2.0721078304120657, "4": 1.4060854999267978, "5": -0.042029938484978935, "6": -2.283733839670047, "7": 0.6101049365947504}, "datetime": {"datetime": "2021-06-30 01:31:50", "elapsed": 19090.709813, "delta": 32.850861}}
{"target": 0.003126137654362584, "params": {"0": 2.9812901192090884, "1": -1.3229529643295104, "2": -2.5844296594195866, "3": 1.015959044600363, "4": -0.03944017458645899, "5": -0.045374120737254664, "6": 1.0764223851178754, "7": -2.1830812136214206}, "datetime": {"datetime": "2021-06-30 01:32:53", "elapsed": 19153.656032, "delta": 62.946219}}
{"target": 0.0030001111028215978, "params": {"0": -0.7943848812963688, "1": 1.0883569094158272, "2": -2.5536882686252875, "3": 2.047853968985672, "4": 0.6151027104186704, "5": 2.300439230330177, "6": 1.5253090617421856, "7": 2.7963177692376258}, "datetime": {"datetime": "2021-06-30 01:33:28", "elapsed": 19188.504466, "delta": 34.848434}}
{"target": 0.003177654758692108, "params": {"0": 0.8258690517041636, "1": 1.462762362665461, "2": -2.8194389163433122, "3": 2.2493988467794335, "4": 0.0989531000361219, "5": -0.5694093911574023, "6": 0.9676167632816908, "7": -1.4664665126787377}, "datetime": {"datetime": "2021-06-30 01:34:01", "elapsed": 19222.392907, "delta": 33.888441}}
{"target": 0.0031741371859188745, "params": {"0": -0.6812609549202575, "1": -1.1042499144961053, "2": -0.8477980749980709, "3": 0.6095339826073864, "4": -0.81569631535345, "5": 2.8893261265316124, "6": -0.8111350943678115, "7": -0.075005246145194}, "datetime": {"datetime": "2021-06-30 01:34:42", "elapsed": 19263.08361, "delta": 40.690703}}
{"target": 0.4421649290273611, "params": {"0": 1.127033205304392, "1": -1.111128220624941, "2": -0.06675206991290406, "3": -1.917935125197264, "4": -0.1443090554009574, "5": -2.8190957805658066, "6": 1.810859728075335, "7": -0.12922292414913805}, "datetime": {"datetime": "2021-06-30 01:35:30", "elapsed": 19311.47755, "delta": 48.39394}}
{"target": 0.010556675979685716, "params": {"0": -0.3134389656412653, "1": -2.2938878278244115, "2": 0.6290377416903143, "3": 0.6386696010682744, "4": 0.26277836608634075, "5": -1.0299735393523248, "6": 0.428684474996464, "7": 0.7848563325125051}, "datetime": {"datetime": "2021-06-30 01:36:05", "elapsed": 19345.720568, "delta": 34.243018}}
{"target": 0.003417122567658589, "params": {"0": 1.2692416149395473, "1": 2.3242561801359347, "2": 0.160970146782498, "3": -2.249115646915772, "4": -0.0032074499906653564, "5": 0.9569263476272667, "6": -1.8699861854360391, "7": -0.3630717197818809}, "datetime": {"datetime": "2021-06-30 01:36:54", "elapsed": 19394.818939, "delta": 49.098371}}
{"target": 0.0037637211042335673, "params": {"0": -0.39764383054911345, "1": -0.04966292662441152, "2": 2.642520744237764, "3": -2.652228522486483, "4": 2.691087159186453, "5": -0.9878428549750229, "6": 2.8145014221267166, "7": -0.6768064550855142}, "datetime": {"datetime": "2021-06-30 01:37:33", "elapsed": 19434.498798, "delta": 39.679859}}
{"target": 0.003058750424717695, "params": {"0": -0.5490333445074267, "1": 2.347370202121839, "2": 2.3986246466572165, "3": 2.227012606119019, "4": -1.2141027047462112, "5": 0.7381990108573588, "6": -1.7717558320230102, "7": -2.27606313749967}, "datetime": {"datetime": "2021-06-30 01:38:08", "elapsed": 19469.094699, "delta": 34.595901}}
{"target": 0.00597498503335329, "params": {"0": 1.8191457014233183, "1": -2.5156680553469064, "2": -0.9544930682515695, "3": -1.2088045767947206, "4": 0.572452374660315, "5": -0.8307163364696724, "6": -0.8991166208967858, "7": -0.07788477325218945}, "datetime": {"datetime": "2021-06-30 01:38:51", "elapsed": 19511.902966, "delta": 42.808267}}
{"target": 0.0038523125880645225, "params": {"0": 2.953677706608051, "1": -2.9148883493074607, "2": -2.4744010563589782, "3": 2.227961772235899, "4": -2.2447895262557918, "5": 2.762991649662169, "6": 0.5165070367049038, "7": -0.8893365871883296}, "datetime": {"datetime": "2021-06-30 01:39:44", "elapsed": 19564.504594, "delta": 52.601628}}
{"target": 0.011838433638497457, "params": {"0": -1.0749618318111713, "1": 2.205497892150712, "2": -2.980775707961439, "3": -2.3106554895735454, "4": -2.7680757491148476, "5": 1.2404163331126892, "6": 1.820178701667217, "7": 1.3400656817652266}, "datetime": {"datetime": "2021-06-30 01:40:26", "elapsed": 19607.309654, "delta": 42.80506}}
{"target": 0.0032393332201464, "params": {"0": 2.8681225154771397, "1": -1.9629135085451794, "2": 2.655319832769421, "3": -1.469813335685661, "4": -1.173540550634756, "5": 1.0995722697576156, "6": -0.9074689443795427, "7": 0.8447481481273327}, "datetime": {"datetime": "2021-06-30 01:41:12", "elapsed": 19652.585621, "delta": 45.275967}}
{"target": 0.003271374253570444, "params": {"0": 0.6692985453574631, "1": 0.6836140292491226, "2": 2.687720506105995, "3": 1.6941981262813295, "4": -0.42483942590782364, "5": 1.4501767536908616, "6": -2.5167810823117946, "7": -0.6546333697402913}, "datetime": {"datetime": "2021-06-30 01:42:48", "elapsed": 19749.320313, "delta": 96.734692}}
{"target": 0.010776399972407617, "params": {"0": 1.2312613423920684, "1": 2.581792749727624, "2": -2.5326693289078053, "3": 1.528659841416811, "4": -2.1248549237257857, "5": -2.8540738009249322, "6": -1.9377145811795569, "7": -2.7833378592378537}, "datetime": {"datetime": "2021-06-30 01:43:24", "elapsed": 19784.577915, "delta": 35.257602}}
{"target": 0.003205453886867908, "params": {"0": 2.3051186660959164, "1": 1.3263997874742826, "2": -1.6596828667368575, "3": 0.9403627268305383, "4": -2.8987061661760176, "5": -0.574960834600601, "6": -2.2419290343779483, "7": 1.4414713330188356}, "datetime": {"datetime": "2021-06-30 01:43:59", "elapsed": 19819.623477, "delta": 35.045562}}
{"target": 0.0033925185734915778, "params": {"0": -2.279928684658045, "1": 1.6205222568599993, "2": 1.5471403094144955, "3": 0.5177227414640702, "4": 2.21118352245475, "5": 0.0694000818417031, "6": -1.840373579635541, "7": 2.737013671485954}, "datetime": {"datetime": "2021-06-30 01:44:28", "elapsed": 19848.603587, "delta": 28.98011}}
{"target": 0.0032290126780188354, "params": {"0": 2.2098271396553546, "1": 0.24828417350587806, "2": -1.6005071682860097, "3": -1.3167909563724014, "4": 2.000001372312725, "5": -2.4979443673568564, "6": 0.11603976751537548, "7": -1.0822766108032933}, "datetime": {"datetime": "2021-06-30 01:45:01", "elapsed": 19882.146363, "delta": 33.542776}}
{"target": 0.004816142697986714, "params": {"0": -2.256988742844629, "1": -1.1348393306583857, "2": 1.9958611933449601, "3": -2.7947346816316223, "4": -0.2186482350743919, "5": -2.5047850836702894, "6": -2.861492828651043, "7": 1.1038420120330041}, "datetime": {"datetime": "2021-06-30 01:45:29", "elapsed": 19910.260335, "delta": 28.113972}}
{"target": 0.0032171098484692707, "params": {"0": 0.9172088197757589, "1": -1.3035682881855633, "2": 1.3969461970495374, "3": -0.5205415863603027, "4": -1.818521084443993, "5": 2.3053471579754374, "6": -0.9744109900619549, "7": 0.22886604570874747}, "datetime": {"datetime": "2021-06-30 01:45:57", "elapsed": 19937.678201, "delta": 27.417866}}
{"target": 0.0032553766794350563, "params": {"0": 0.6898214839950043, "1": -1.5906856505441085, "2": 2.7144046917799924, "3": 1.7472397863971034, "4": 1.8304077930308011, "5": -2.473205965397777, "6": 1.3154160301669187, "7": -1.1465729635229704}, "datetime": {"datetime": "2021-06-30 01:47:16", "elapsed": 20017.25596, "delta": 79.577759}}
{"target": 0.004641519634175333, "params": {"0": -2.3984454649864753, "1": -0.8297052162024245, "2": -2.5469632126260255, "3": -1.960046214495998, "4": 1.6716823120331208, "5": 0.4166570611732823, "6": -2.746238093998245, "7": 2.917145599665009}, "datetime": {"datetime": "2021-06-30 01:47:47", "elapsed": 20047.614894, "delta": 30.358934}}
{"target": 0.0034768709104429697, "params": {"0": 2.715386467515019, "1": -0.19993008397829248, "2": 0.9542255029500435, "3": 2.6419309140840452, "4": -1.3110618164623178, "5": -1.6277094814527981, "6": 2.5916334468923337, "7": 1.803135524431699}, "datetime": {"datetime": "2021-06-30 01:48:30", "elapsed": 20091.264263, "delta": 43.649369}}
{"target": 0.0031358890809848636, "params": {"0": 0.8402778023208421, "1": 1.0836111233251167, "2": 1.7283409431697798, "3": -1.5091083027488101, "4": 0.23607792830037733, "5": 0.7872506114784641, "6": -0.5785222578171618, "7": -2.103202328240474}, "datetime": {"datetime": "2021-06-30 01:49:11", "elapsed": 20132.261872, "delta": 40.997609}}
{"target": 0.00665827429805706, "params": {"0": 0.00386096280794046, "1": -0.3065413380031199, "2": -2.5008179659917102, "3": 2.768859920410242, "4": -2.498033470256714, "5": -1.514158378700764, "6": 1.345035055555173, "7": -0.5378181667768533}, "datetime": {"datetime": "2021-06-30 01:49:41", "elapsed": 20161.538701, "delta": 29.276829}}
{"target": 0.003390502467231944, "params": {"0": 0.8197528755663877, "1": -0.12208425793054323, "2": -1.9124132412804267, "3": -0.3821158178268895, "4": -0.21292338155984591, "5": 2.6375434619798304, "6": -0.41680160544956024, "7": -2.317606643326852}, "datetime": {"datetime": "2021-06-30 01:50:35", "elapsed": 20215.887136, "delta": 54.348435}}
{"target": 0.004123460537200217, "params": {"0": 1.6606694111083442, "1": 0.038478320359206286, "2": -0.8033168730055102, "3": -2.0233380902455513, "4": 2.0342451912660247, "5": -2.646308573981871, "6": 1.5040649749608335, "7": -0.7569714009417758}, "datetime": {"datetime": "2021-06-30 01:51:36", "elapsed": 20276.577219, "delta": 60.690083}}
