{"target": 0.003040962873099818, "params": {"0": 0.7911430247504918, "1": -1.826379985812472, "2": 0.16306713236553083, "3": -0.17447253213591374, "4": -0.5259634158660931, "5": -0.0719015655523334, "6": 0.46680600651117743, "7": -0.03961573931620688}, "datetime": {"datetime": "2021-06-29 20:16:52", "elapsed": 192.404603, "delta": 1.581439}}
{"target": 0.0034947687368041486, "params": {"0": 0.4918821502481707, "1": 1.3930222161223451, "2": 0.005628747455206362, "3": -1.3228483935040969, "4": 1.1149988982319154, "5": -0.8299000906608027, "6": 2.525865698705772, "7": 0.16017306484985605}, "datetime": {"datetime": "2021-06-29 20:16:54", "elapsed": 194.064108, "delta": 1.659505}}
{"target": 0.15913890809021605, "params": {"0": 1.5331708937395865, "1": 2.4241750216954436, "2": -2.238521993010112, "3": -2.0799123300889093, "4": -1.1043206761005673, "5": -0.031647323948775785, "6": -0.0840399881417393, "7": 2.0633666693646795}, "datetime": {"datetime": "2021-06-29 20:16:56", "elapsed": 195.657464, "delta": 1.593356}}
{"target": 0.0031349951829502763, "params": {"0": -0.44042295419592126, "1": 0.3469589165998732, "2": -2.9079874908875043, "3": -0.10767875073864497, "4": -2.2144809467990716, "5": 2.1990135702818883, "6": -1.1915494655874674, "7": -1.678750377030363}, "datetime": {"datetime": "2021-06-29 20:16:58", "elapsed": 197.857999, "delta": 2.200535}}
{"target": 0.0041099945471325975, "params": {"0": -2.3305284982805574, "1": -1.0657751496106675, "2": 2.374005960362908, "3": -1.3415200829276803, "4": -2.53225913631982, "5": -0.6775039867351875, "6": 2.6805474564305563, "7": 1.6373814389170471}, "datetime": {"datetime": "2021-06-29 20:16:59", "elapsed": 199.297698, "delta": 1.439699}}
{"target": 0.004084800919762628, "params": {"0": -0.04377150633235516, "1": -2.973593949298442, "2": 1.1814726655898689, "3": -2.2521590790568498, "4": 0.8368910749017453, "5": 1.451043623305429, "6": -1.9500400114496392, "7": 0.057304558665177474}, "datetime": {"datetime": "2021-06-29 20:17:02", "elapsed": 201.905128, "delta": 2.60743}}
{"target": 0.003618758442327997, "params": {"0": -1.6597325408949903, "1": -0.9588764963180276, "2": -2.126083839161465, "3": -2.573139434559351, "4": 0.0025600096187554655, "5": 0.15835320848293888, "6": 1.5846279128419694, "7": -2.40767958446011}, "datetime": {"datetime": "2021-06-29 20:17:04", "elapsed": 204.163138, "delta": 2.25801}}
{"target": 0.0037117732023675505, "params": {"0": -2.2788991351607746, "1": 2.5032865748626643, "2": 1.6718928391002832, "3": -2.6788841322458894, "4": 0.3997940234442634, "5": -2.2604330549462524, "6": -1.7207564947108231, "7": -2.677864273846758}, "datetime": {"datetime": "2021-06-29 20:17:06", "elapsed": 206.094749, "delta": 1.931611}}
{"target": 0.0031584334065577232, "params": {"0": -0.05363028966156502, "1": 2.921988946016513, "2": -0.9440565016345293, "3": 2.6662282287503096, "4": 2.6108968751480672, "5": 0.20255774776005175, "6": -1.8760470324647447, "7": -1.3991390323358852}, "datetime": {"datetime": "2021-06-29 20:17:08", "elapsed": 207.678885, "delta": 1.584136}}
{"target": 0.003294886694083981, "params": {"0": 1.6586235367514792, "1": 1.4319176610179811, "2": -0.5825082046674144, "3": -2.5889172242660905, "4": -0.7751033379946053, "5": -1.0683021653246212, "6": -0.2664960432694188, "7": 2.2631662592998145}, "datetime": {"datetime": "2021-06-29 20:17:09", "elapsed": 209.410477, "delta": 1.731592}}
{"target": 0.0035673719205263576, "params": {"0": 1.1382364539862824, "1": -2.8058628108945225, "2": 0.5680890367278222, "3": -2.9316422124713606, "4": 1.3074650326716402, "5": -1.5214763200717734, "6": 2.1007814661859685, "7": -0.606859949398399}, "datetime": {"datetime": "2021-06-29 20:17:11", "elapsed": 210.95318, "delta": 1.542703}}
{"target": 0.0032880399598705077, "params": {"0": 1.5626474542423097, "1": -0.24605510696043442, "2": 1.0788813420394856, "3": 1.6954677002130065, "4": -2.014642973468428, "5": 2.540220899491482, "6": 2.708984228562703, "7": 0.03757829807973856}, "datetime": {"datetime": "2021-06-29 20:17:13", "elapsed": 212.770241, "delta": 1.817061}}
{"target": 0.004281999556182116, "params": {"0": -1.5615784185637704, "1": -0.22180276046274905, "2": 0.8843046391810674, "3": -1.7846893794943577, "4": -0.5425422677760681, "5": 2.50248687748668, "6": 1.13848434730538, "7": -1.4809855279669788}, "datetime": {"datetime": "2021-06-29 20:17:15", "elapsed": 214.588987, "delta": 1.818746}}
{"target": 0.0050645750905292325, "params": {"0": -1.3797120563769754, "1": -1.739242485200576, "2": 2.4527542664903708, "3": -0.7450309063503857, "4": -0.5173438462308724, "5": 1.9417406099380674, "6": 1.0381576254492408, "7": -2.8788701259566056}, "datetime": {"datetime": "2021-06-29 20:17:16", "elapsed": 216.199826, "delta": 1.610839}}
{"target": 0.0032421044016069547, "params": {"0": 2.7810466654744186, "1": -0.8610926242308921, "2": -1.939945384409995, "3": 2.395034416755842, "4": -2.7881202630183632, "5": -0.7710739072213331, "6": -2.1878322887546933, "7": -0.19830555258254545}, "datetime": {"datetime": "2021-06-29 20:17:18", "elapsed": 218.2341, "delta": 2.034274}}
{"target": 0.0033856121796609242, "params": {"0": 1.3725836680275414, "1": 2.880996410645042, "2": -1.7408152996224784, "3": -2.587498270500068, "4": -0.8221876280132823, "5": -1.6168215939528503, "6": -0.5877607678894323, "7": 2.3957097126857274}, "datetime": {"datetime": "2021-06-29 20:17:20", "elapsed": 220.317665, "delta": 2.083565}}
{"target": 0.014221965959580425, "params": {"0": -0.06379756798566971, "1": -0.027201723221585095, "2": -0.20754141516628266, "3": -2.8170173292694987, "4": -1.3427773371271516, "5": -1.7105427594895826, "6": -0.24252919459363564, "7": 1.8761491471601914}, "datetime": {"datetime": "2021-06-29 20:17:22", "elapsed": 221.893545, "delta": 1.57588}}
{"target": 0.0030000459714993825, "params": {"0": 2.1907765471786345, "1": -0.3440182913092893, "2": -0.07064069710337817, "3": 1.6479840933097432, "4": 2.03915884899138, "5": 1.1965661742933573, "6": 1.8864004301839907, "7": -1.4293207286194993}, "datetime": {"datetime": "2021-06-29 20:17:24", "elapsed": 224.335393, "delta": 2.441848}}
{"target": 0.003054741650776809, "params": {"0": -0.3812061764795507, "1": -0.8727595015193517, "2": 0.48679822361081637, "3": 0.896618513269722, "4": 0.26191883444447184, "5": -1.0483441883494133, "6": 0.009448450671698083, "7": -0.7690011340879446}, "datetime": {"datetime": "2021-06-29 20:17:27", "elapsed": 226.913459, "delta": 2.578066}}
{"target": 0.00314208304421686, "params": {"0": 1.7546783913698052, "1": 0.7627284369817389, "2": 2.230083885138953, "3": -1.2129276053992768, "4": 0.7253264802335329, "5": 0.8025307127756136, "6": -1.173590467657835, "7": 1.9849292148528166}, "datetime": {"datetime": "2021-06-29 20:17:29", "elapsed": 228.654657, "delta": 1.741198}}
{"target": 0.007284966052059254, "params": {"0": -2.131538470379432, "1": 0.934563876841052, "2": -2.8567517705806735, "3": 0.938684199592509, "4": -0.3549073173399879, "5": 0.4912617489975557, "6": 2.3905313595844007, "7": -2.7490199938601494}, "datetime": {"datetime": "2021-06-29 20:17:31", "elapsed": 230.75261, "delta": 2.097953}}
{"target": 0.006742242927179874, "params": {"0": 2.4302380292963184, "1": -0.44723496218860426, "2": -2.755481951027564, "3": 1.9597624325041085, "4": 1.206403256003668, "5": -0.653752993888908, "6": 0.4743358728346445, "7": -0.4726487366150489}, "datetime": {"datetime": "2021-06-29 20:17:33", "elapsed": 232.99504, "delta": 2.24243}}
{"target": 0.003087903071949217, "params": {"0": -1.8404673929201836, "1": -0.5776213661803924, "2": 2.3396448281184483, "3": 1.3737848533309478, "4": 0.4926116981035382, "5": -1.2907348207801357, "6": 2.617094641157699, "7": -2.923886244511855}, "datetime": {"datetime": "2021-06-29 20:17:35", "elapsed": 234.99619, "delta": 2.00115}}
{"target": 0.003133549104358362, "params": {"0": 0.7254101582980308, "1": -2.084622645195826, "2": 2.265435670200757, "3": -2.1396012594655858, "4": 0.091411278429403, "5": 0.85249980409474, "6": -2.4731281101750664, "7": 0.07472714502656519}, "datetime": {"datetime": "2021-06-29 20:17:38", "elapsed": 238.070569, "delta": 3.074379}}
{"target": 0.0034876496307769296, "params": {"0": -0.03078067908308091, "1": -1.7806193611586834, "2": 2.9217763011220317, "3": 1.4843762973417602, "4": 2.442167645113659, "5": -1.944128360861932, "6": 0.19203857957344894, "7": 0.9753236424723863}, "datetime": {"datetime": "2021-06-29 20:17:41", "elapsed": 241.237847, "delta": 3.167278}}
{"target": 0.002967455942205115, "params": {"0": -2.874303331705332, "1": -2.5814662472888994, "2": -2.5833324663241397, "3": 1.7351602782479976, "4": 2.801859429986073, "5": -1.07196675829402, "6": 1.338411650422099, "7": 2.2706707860596547}, "datetime": {"datetime": "2021-06-29 20:17:43", "elapsed": 243.243618, "delta": 2.005771}}
{"target": 0.003187444237420008, "params": {"0": 0.859958461719871, "1": 0.030410904523476834, "2": 0.6902666337447738, "3": 0.9838792145533768, "4": 2.1315852756177733, "5": -0.6318767693612406, "6": -0.3431365562490174, "7": 2.8650478496997813}, "datetime": {"datetime": "2021-06-29 20:17:46", "elapsed": 246.027469, "delta": 2.783851}}
{"target": 0.00321278456133935, "params": {"0": 1.0997949745740287, "1": -2.330905583089332, "2": 2.3351986131180267, "3": -1.995577232544711, "4": -0.47274596501604904, "5": 1.8035483251559041, "6": -1.5387545254799175, "7": 0.4526342305932993}, "datetime": {"datetime": "2021-06-29 20:17:48", "elapsed": 248.337376, "delta": 2.309907}}
{"target": 0.00773992863320121, "params": {"0": 0.07690273011323168, "1": 0.0948874699709652, "2": -2.087646313741517, "3": -0.19203628681668317, "4": -1.2186713237751257, "5": 1.3156843386495183, "6": -0.0378555643076286, "7": 0.9428784032847646}, "datetime": {"datetime": "2021-06-29 20:17:51", "elapsed": 251.030513, "delta": 2.693137}}
{"target": 0.004573616512038069, "params": {"0": 2.236088661499924, "1": -0.21493864632546877, "2": 0.5839375384754835, "3": 1.421059205001093, "4": -2.132182641991694, "5": -0.7095190736787949, "6": 0.8566873529645198, "7": -2.6195121565492014}, "datetime": {"datetime": "2021-06-29 20:17:55", "elapsed": 254.967516, "delta": 3.937003}}
{"target": 0.0030321505881608824, "params": {"0": 0.39086264514231317, "1": 0.7802021650484798, "2": -0.5837384369648495, "3": -2.1468563943618095, "4": -0.8006718208973727, "5": -0.23065496445823808, "6": 2.2396762504754593, "7": -0.73364162813139}, "datetime": {"datetime": "2021-06-29 20:17:59", "elapsed": 259.314293, "delta": 4.346777}}
{"target": 0.023160528626548802, "params": {"0": -0.5088738049973736, "1": 0.031630437123129074, "2": -0.0317965321932574, "3": -2.602721221899218, "4": -1.5590045195811135, "5": -1.2597014903408466, "6": 0.37336634060441076, "7": 1.8447865533344672}, "datetime": {"datetime": "2021-06-29 20:18:00", "elapsed": 260.468646, "delta": 1.154353}}
{"target": 0.00313291865087483, "params": {"0": -2.738566554579249, "1": 0.4077131929243887, "2": -1.6782906935114412, "3": -0.171301625197259, "4": -1.1560662494975897, "5": 1.3826498936078426, "6": 1.2407157453774458, "7": 1.8418776272272037}, "datetime": {"datetime": "2021-06-29 20:18:03", "elapsed": 263.161689, "delta": 2.693043}}
{"target": 0.03027268294884068, "params": {"0": 0.8025946042376528, "1": -2.940924888156391, "2": 1.546611459947047, "3": -2.726903428603605, "4": 0.003893305834874461, "5": 0.8516243416363896, "6": -2.1840360991532126, "7": 0.3416492430854534}, "datetime": {"datetime": "2021-06-29 20:18:06", "elapsed": 265.678377, "delta": 2.516688}}
{"target": 0.0030429689957568746, "params": {"0": -1.7003616315289682, "1": 1.9310574016413824, "2": -1.9691185943807767, "3": -2.0941445692904295, "4": -0.43548951937628777, "5": 1.8676741471682758, "6": 0.10139951790662138, "7": 1.197516508275922}, "datetime": {"datetime": "2021-06-29 20:18:07", "elapsed": 267.134574, "delta": 1.456197}}
{"target": 0.003322858297439077, "params": {"0": 1.7825062599678247, "1": 2.3534194964912993, "2": -2.141664848506781, "3": -2.3065385740450126, "4": -0.15854474827472842, "5": 0.3913028033313046, "6": -0.25148169195438186, "7": 2.474229198062112}, "datetime": {"datetime": "2021-06-29 20:18:09", "elapsed": 268.810194, "delta": 1.67562}}
{"target": 0.00318165704744829, "params": {"0": -1.9214215768606644, "1": 1.379974062456804, "2": 1.6117787989389862, "3": -0.13436745033181285, "4": -2.101414996603322, "5": -2.315342790481157, "6": 1.0671584461853953, "7": 0.7428482875185507}, "datetime": {"datetime": "2021-06-29 20:18:12", "elapsed": 271.632126, "delta": 2.821932}}
{"target": 0.006372630438395002, "params": {"0": -2.743617734157267, "1": -2.28190988882369, "2": -0.9092156486794023, "3": 0.5796745908290584, "4": -0.1089762829817853, "5": -1.5503654568636625, "6": -0.1458839145571762, "7": 0.6796651831945981}, "datetime": {"datetime": "2021-06-29 20:18:13", "elapsed": 273.11482, "delta": 1.482694}}
{"target": 0.003511562303622176, "params": {"0": 0.6819927248931359, "1": -1.2100677661429458, "2": 0.3807650501795896, "3": 2.4081294696559716, "4": -0.5530497904517828, "5": 0.8418491923356184, "6": 0.2325582311212271, "7": 1.4904748833497106}, "datetime": {"datetime": "2021-06-29 20:18:15", "elapsed": 274.982158, "delta": 1.867338}}
{"target": 0.0029858145870113825, "params": {"0": -2.661480897310873, "1": 0.6006262311547053, "2": 2.2736096277715028, "3": 0.7608408281929013, "4": 2.613878757265099, "5": 2.5938144301636203, "6": -2.8403194804500913, "7": -0.9061269251681865}, "datetime": {"datetime": "2021-06-29 20:18:16", "elapsed": 276.430652, "delta": 1.448494}}
{"target": 0.005041623478771374, "params": {"0": 0.6423282315680874, "1": -2.6128802945652074, "2": 1.1069796708413957, "3": -1.3034355928301882, "4": -0.34387367329713436, "5": 1.3699259055025275, "6": -2.221469612436056, "7": 0.4524807404752549}, "datetime": {"datetime": "2021-06-29 20:18:19", "elapsed": 279.175883, "delta": 2.745231}}
{"target": 0.0038276369883205813, "params": {"0": 0.3879122763217939, "1": 0.21450197229748902, "2": 1.4449042067299782, "3": -0.5250427884587263, "4": -2.443430898103513, "5": 2.244119376984239, "6": 2.125256846868151, "7": -2.385847262681767}, "datetime": {"datetime": "2021-06-29 20:18:20", "elapsed": 280.063975, "delta": 0.888092}}
{"target": 0.0033442211316668494, "params": {"0": -2.7386391092235467, "1": -1.555352690792932, "2": 2.5771719304606826, "3": -2.1097686627823986, "4": 0.8073477023390909, "5": 2.5032462965950186, "6": 0.0843742488593957, "7": 0.37887933383290573}, "datetime": {"datetime": "2021-06-29 20:18:23", "elapsed": 283.075161, "delta": 3.011186}}
{"target": 0.037501346292975135, "params": {"0": 1.386191282946208, "1": 2.284524699600375, "2": -0.24851112684855803, "3": -1.3715826766439938, "4": 0.3816134867892069, "5": -0.22889999440981645, "6": 2.825554275396663, "7": -0.32040151709389697}, "datetime": {"datetime": "2021-06-29 20:18:27", "elapsed": 286.575399, "delta": 3.500238}}
{"target": 0.0032133459077213797, "params": {"0": 1.0463444127339656, "1": -2.089186954878791, "2": 0.13467648036243496, "3": 0.2650050343175123, "4": 0.6200571091012019, "5": 1.5851552887166847, "6": 2.2482689040342336, "7": -2.4792507217743376}, "datetime": {"datetime": "2021-06-29 20:18:28", "elapsed": 288.459508, "delta": 1.884109}}
{"target": 0.00290349866011947, "params": {"0": -2.149420899789086, "1": -0.61638290305789, "2": 2.123858847616633, "3": 0.9645075947179098, "4": 2.358003587446394, "5": 0.8568813957134038, "6": 0.8162044676388529, "7": 1.3100404099397238}, "datetime": {"datetime": "2021-06-29 20:18:33", "elapsed": 293.183592, "delta": 4.724084}}
{"target": 0.029085505556573032, "params": {"0": 1.173883484300255, "1": 2.37487072313748, "2": -0.7419961339571883, "3": -1.3584022463770167, "4": -0.34234691554092667, "5": -0.35341572430730395, "6": 1.9711068183315987, "7": -1.1303050053499832}, "datetime": {"datetime": "2021-06-29 20:18:36", "elapsed": 296.141925, "delta": 2.958333}}
{"target": 0.003229133057535743, "params": {"0": 1.3764605650639332, "1": 2.052842914560097, "2": -2.055527321421444, "3": 2.0225220464760083, "4": 2.296398644648516, "5": -2.254488896673802, "6": 0.23669176309865358, "7": 0.4683552557527273}, "datetime": {"datetime": "2021-06-29 20:18:38", "elapsed": 297.70708, "delta": 1.565155}}
{"target": 0.0031308387375670503, "params": {"0": -1.4170610435976452, "1": 1.7830120319731062, "2": 2.49156508592848, "3": -0.1256979791324584, "4": -2.2234225701351624, "5": -2.01703948469216, "6": 1.5087834074956792, "7": 0.33534326875411047}, "datetime": {"datetime": "2021-06-29 20:18:40", "elapsed": 299.882063, "delta": 2.174983}}
{"target": 0.0031239294891139196, "params": {"0": 1.2980052978273955, "1": 2.0034930477219444, "2": -2.109554056196779, "3": -2.635397781837147, "4": -1.8008019358870095, "5": 2.2952388104260466, "6": 1.162572918372696, "7": 0.17624424744144562}, "datetime": {"datetime": "2021-06-29 20:18:41", "elapsed": 301.421174, "delta": 1.539111}}
{"target": 0.0030780624024475986, "params": {"0": 2.9165753755708463, "1": 2.980346784755035, "2": -1.3412039259143764, "3": 1.48201924797422, "4": 2.809036768792639, "5": -2.695744004359484, "6": 0.6358067942057088, "7": -1.0590027104056192}, "datetime": {"datetime": "2021-06-29 20:18:44", "elapsed": 303.684214, "delta": 2.26304}}
{"target": 0.0029294078557399583, "params": {"0": 1.220541540674608, "1": 1.570994596045879, "2": 2.14761837803724, "3": -0.7408766409879197, "4": -0.6586981929475293, "5": 1.980133642970034, "6": -0.4159849647986338, "7": -1.1890441208759497}, "datetime": {"datetime": "2021-06-29 20:18:45", "elapsed": 304.837056, "delta": 1.152842}}
{"target": 0.0034196119333114935, "params": {"0": 0.3590302949687847, "1": 1.120288194701522, "2": 0.05377745694595415, "3": 0.8157065345469112, "4": 1.2013675906822803, "5": 2.4407490656108894, "6": 2.913944994534739, "7": 1.8178301281529663}, "datetime": {"datetime": "2021-06-29 20:18:46", "elapsed": 306.257982, "delta": 1.420926}}
{"target": 0.004087376868569158, "params": {"0": -0.6194117547053137, "1": 0.3532084378867566, "2": -2.362210406641977, "3": -1.3560633390190262, "4": 0.5072673874777243, "5": -2.6104433963241545, "6": -2.130505641390117, "7": -2.481653930634236}, "datetime": {"datetime": "2021-06-29 20:18:48", "elapsed": 308.080706, "delta": 1.822724}}
{"target": 0.0028945265829697867, "params": {"0": -1.4176958652937743, "1": 2.6722976257290565, "2": 2.0678929407999327, "3": 0.1469633412967375, "4": 2.3618734164259703, "5": 0.4486571235457486, "6": 1.5357586881786904, "7": 1.874893071676813}, "datetime": {"datetime": "2021-06-29 20:18:51", "elapsed": 310.91044, "delta": 2.829734}}
{"target": 0.025198245716152513, "params": {"0": -1.6716668427424928, "1": -0.13309204352772497, "2": -1.1859965006003639, "3": -2.7945153180161286, "4": 1.200383381628244, "5": 2.2723989235663637, "6": -2.0632938507152465, "7": 1.7019158698206782}, "datetime": {"datetime": "2021-06-29 20:18:54", "elapsed": 313.590511, "delta": 2.680071}}
{"target": 0.003498784248659407, "params": {"0": -1.4544352421278217, "1": -0.16607235464691872, "2": -1.5141899724716228, "3": -2.1366818680041497, "4": 1.3631336261510167, "5": 1.9817481836698736, "6": -2.05006080827238, "7": 0.8574747457647538}, "datetime": {"datetime": "2021-06-29 20:18:58", "elapsed": 317.770899, "delta": 4.180388}}
{"target": 0.003482073369117444, "params": {"0": 2.162030565400622, "1": 2.273286874677085, "2": 1.2377234111875914, "3": 2.179670673942006, "4": 1.9340731732979588, "5": 2.2104359076291455, "6": -2.3501452324913217, "7": -2.9489906935742423}, "datetime": {"datetime": "2021-06-29 20:19:00", "elapsed": 320.244648, "delta": 2.473749}}
{"target": 0.002859271465273424, "params": {"0": -2.6726486216367955, "1": -0.9271250216337217, "2": -0.08280953500852473, "3": 1.8723156431394825, "4": 1.6891831229818255, "5": -0.0003887846996510902, "6": -0.7613629822978396, "7": 2.9529087229827375}, "datetime": {"datetime": "2021-06-29 20:19:03", "elapsed": 322.767616, "delta": 2.522968}}
{"target": 0.0030603070005838858, "params": {"0": 0.6994776839417352, "1": 2.7757092809462502, "2": -2.4129085558060264, "3": -2.041712855779514, "4": -0.7834870469034483, "5": 0.015677891859569915, "6": -0.0938602887039206, "7": 2.390456883367614}, "datetime": {"datetime": "2021-06-29 20:19:06", "elapsed": 325.978213, "delta": 3.210597}}
{"target": 0.003180764508873602, "params": {"0": 1.0528983968546957, "1": 1.3430285087268352, "2": -0.29794064244155916, "3": -1.6701723581140457, "4": -0.3950070985665364, "5": -0.4913990264330801, "6": 2.8455152614287185, "7": -1.1300206421395245}, "datetime": {"datetime": "2021-06-29 20:19:07", "elapsed": 327.303642, "delta": 1.325429}}
{"target": 0.0029647239438872833, "params": {"0": 2.7799967784698554, "1": -0.21013954085498643, "2": -0.4403370416767691, "3": -0.24905504980044224, "4": 0.3172107623567486, "5": 0.9151172851062652, "6": -1.8060498122767317, "7": 2.1790333509379316}, "datetime": {"datetime": "2021-06-29 20:19:09", "elapsed": 329.067566, "delta": 1.763924}}
{"target": 0.004186095787460994, "params": {"0": -0.164583473571434, "1": 0.19858624425015492, "2": 0.02656006447577619, "3": 1.4549202716504128, "4": -2.5078757803914726, "5": 2.2046336495945544, "6": -2.5970356059889914, "7": 1.244073880018294}, "datetime": {"datetime": "2021-06-29 20:19:12", "elapsed": 332.027534, "delta": 2.959968}}
{"target": 0.0035394404240919786, "params": {"0": -0.3003066810497157, "1": 0.45632400204583057, "2": 0.6891300598368684, "3": -0.3743569966266578, "4": 1.869283914031742, "5": 1.4779635965076166, "6": 1.900294440785287, "7": 1.1991593509065623}, "datetime": {"datetime": "2021-06-29 20:19:15", "elapsed": 335.30914, "delta": 3.281606}}
