{"target": 0.0032886788661600453, "params": {"0": 0.08796210835138352, "1": -1.934801490993991, "2": 1.3954166016844045, "3": -2.278655185933152, "4": 0.20544170406200646, "5": 0.005407012910552567, "6": -1.8269900093177438, "7": 0.5904364834627698}, "datetime": {"datetime": "2021-06-29 20:42:55", "elapsed": 1667.707177, "delta": 6.139726}}
{"target": 0.0031456210076717273, "params": {"0": 2.3526378193574082, "1": 2.1246003604120762, "2": 0.7279465378857033, "3": -1.8131987711353035, "4": 0.18126657992230033, "5": -2.2397448829635858, "6": -0.6146841088170567, "7": -1.448033028356818}, "datetime": {"datetime": "2021-06-29 20:43:02", "elapsed": 1674.78331, "delta": 7.076133}}
{"target": 0.003744240762959777, "params": {"0": 0.8770222924996292, "1": -0.3450366934075344, "2": -1.3443206294516454, "3": 0.30343357237306456, "4": -0.8114541387572252, "5": -2.2876905839575454, "6": -2.970213996140501, "7": -1.0921991556528288}, "datetime": {"datetime": "2021-06-29 20:43:10", "elapsed": 1683.036972, "delta": 8.253662}}
{"target": 0.0033994742999687673, "params": {"0": 0.3095214944465168, "1": -2.3710401206331904, "2": 2.223995553463971, "3": -2.80508099068739, "4": 0.04001177926298727, "5": -0.2757941479503012, "6": -2.5963681365301783, "7": 0.8620191013415268}, "datetime": {"datetime": "2021-06-29 20:43:16", "elapsed": 1689.032574, "delta": 5.995602}}
{"target": 0.005824544973770055, "params": {"0": -1.9161182547214546, "1": -2.846194715832323, "2": 2.573266126843551, "3": 1.9148069509826247, "4": 0.06411318888033257, "5": 1.3734672048027425, "6": 0.5029389635215997, "7": -2.9920143022888004}, "datetime": {"datetime": "2021-06-29 20:43:24", "elapsed": 1696.291931, "delta": 7.259357}}
{"target": 0.003495812839309387, "params": {"0": -2.0549353881116392, "1": -0.8546423151730558, "2": 0.5228132019352518, "3": 1.7787205718163692, "4": -0.6538711066444725, "5": -1.3909505599388816, "6": -2.8121779722207707, "7": 2.590593046375087}, "datetime": {"datetime": "2021-06-29 20:43:34", "elapsed": 1706.810006, "delta": 10.518075}}
{"target": 0.0031661803349099277, "params": {"0": 2.698518572170177, "1": 0.1575618630245108, "2": -1.6313837404244436, "3": 1.362589697378974, "4": -2.190709774992321, "5": 2.3394687479810132, "6": -2.0817309431207955, "7": -1.0051837860492518}, "datetime": {"datetime": "2021-06-29 20:43:42", "elapsed": 1714.667116, "delta": 7.85711}}
{"target": 0.00329729839145291, "params": {"0": 2.6171109352207393, "1": -1.2103433242255157, "2": 1.3507287007464779, "3": 1.519965109694124, "4": -2.041665603356946, "5": 0.36229469600899433, "6": 0.9432550014387542, "7": 2.2174421397595667}, "datetime": {"datetime": "2021-06-29 20:43:51", "elapsed": 1723.482515, "delta": 8.815399}}
{"target": 0.004938126423270062, "params": {"0": -1.4543011430075776, "1": -1.8424119035647035, "2": 1.0266390783564532, "3": -2.746698321814713, "4": 2.398494232727897, "5": -2.9587357474344493, "6": -0.4702310890792498, "7": -0.6254858703212545}, "datetime": {"datetime": "2021-06-29 20:43:58", "elapsed": 1730.608503, "delta": 7.125988}}
{"target": 0.003587577050187438, "params": {"0": -0.6678280180946272, "1": 0.5109020523299748, "2": 2.482448193801713, "3": 0.9766554919257198, "4": 0.7986723390284709, "5": 0.8372123367935078, "6": 2.524854158868343, "7": -1.8516920371447767}, "datetime": {"datetime": "2021-06-29 20:44:04", "elapsed": 1737.005035, "delta": 6.396532}}
{"target": 0.002954157020816469, "params": {"0": -1.9148359673537523, "1": 2.556913213219932, "2": 1.3559922862067237, "3": -2.248941207034632, "4": -0.11202575793965686, "5": 2.581178806019384, "6": 1.8841855895064956, "7": 1.7596573021397717}, "datetime": {"datetime": "2021-06-29 20:44:12", "elapsed": 1744.618513, "delta": 7.613478}}
{"target": 0.02179923641570868, "params": {"0": -2.820596914042034, "1": 0.5344443290146614, "2": -2.572733841567793, "3": 1.0129244904767667, "4": 2.8621846738942276, "5": -1.6372148679475287, "6": 2.193627155502587, "7": -2.844108629700736}, "datetime": {"datetime": "2021-06-29 20:44:19", "elapsed": 1751.988006, "delta": 7.369493}}
{"target": 0.0041764850515232385, "params": {"0": 1.6934046612332763, "1": -1.7268533794840606, "2": 2.401586424677447, "3": 1.9175871386745014, "4": -0.7222186007547453, "5": -1.7148471675179817, "6": 0.5563953216234889, "7": 2.1371207019254967}, "datetime": {"datetime": "2021-06-29 20:44:30", "elapsed": 1762.380995, "delta": 10.392989}}
{"target": 0.009284231365559925, "params": {"0": -2.482025627943078, "1": 2.217612493876482, "2": -0.5089574691880983, "3": 0.9016367447767832, "4": -0.22829962367045376, "5": -2.617220122047966, "6": -0.7374210903500833, "7": -2.2010122892098423}, "datetime": {"datetime": "2021-06-29 20:44:37", "elapsed": 1769.388476, "delta": 7.007481}}
{"target": 0.003786296073406222, "params": {"0": 0.9925500059084458, "1": -0.15897887381871012, "2": -0.554029869800789, "3": 1.6258164236819699, "4": 0.10139166299617886, "5": 1.0024809508773762, "6": -0.3724753535461538, "7": 1.7536034009248782}, "datetime": {"datetime": "2021-06-29 20:44:44", "elapsed": 1777.105861, "delta": 7.717385}}
{"target": 0.00451789334335678, "params": {"0": -2.484906262402615, "1": 2.677890561273794, "2": -2.6338285294619483, "3": -1.4453310496060123, "4": 0.28120480275171333, "5": -0.7520347609176676, "6": -1.8649534788828026, "7": 2.6222647973825737}, "datetime": {"datetime": "2021-06-29 20:44:50", "elapsed": 1782.982507, "delta": 5.876646}}
{"target": 0.003931207899282048, "params": {"0": 0.4619481351565229, "1": 0.6390663230813036, "2": 0.4973647280194511, "3": 0.6730139208903223, "4": -2.9875987679608413, "5": -1.7266807528791925, "6": 0.10001826439534334, "7": -2.6778500610939133}, "datetime": {"datetime": "2021-06-29 20:44:57", "elapsed": 1790.09569, "delta": 7.113183}}
{"target": 0.0031193593061571846, "params": {"0": 0.369935400989998, "1": -2.942557878273715, "2": 2.297135042748862, "3": -2.3864367847371346, "4": 0.19315918334899607, "5": 0.5181404659958511, "6": -2.3629916030086826, "7": -0.17446565977557205}, "datetime": {"datetime": "2021-06-29 20:45:05", "elapsed": 1797.575872, "delta": 7.480182}}
{"target": 0.006293561686086747, "params": {"0": -0.12322639207188146, "1": -2.7397131385119673, "2": 2.0549637443264164, "3": -0.5728328705162258, "4": -0.714742107109549, "5": 0.29033975917379706, "6": -2.39685227431471, "7": 1.1975179342866111}, "datetime": {"datetime": "2021-06-29 20:45:15", "elapsed": 1807.898515, "delta": 10.322643}}
{"target": 0.003019964852703239, "params": {"0": 1.5659678983870364, "1": 1.3084644087589803, "2": -2.3960899786094068, "3": -1.3590767582317382, "4": 1.0427532264380943, "5": 1.530471808630903, "6": 2.529764231354564, "7": -0.9444841388593663}, "datetime": {"datetime": "2021-06-29 20:45:20", "elapsed": 1812.886083, "delta": 4.987568}}
{"target": 0.003615995779332325, "params": {"0": 0.15328220034964612, "1": 2.2465460416883634, "2": -2.578921227378727, "3": 0.6578468065629663, "4": -1.9502025518148751, "5": -2.9131677180872977, "6": 0.33068423088203547, "7": 0.055204237720045235}, "datetime": {"datetime": "2021-06-29 20:45:24", "elapsed": 1816.876404, "delta": 3.990321}}
{"target": 0.003391124762860246, "params": {"0": 2.346649260276825, "1": -0.41861286429882005, "2": -1.4150735865753679, "3": -2.0482520226537346, "4": 0.11830076051635086, "5": 0.053045630328320215, "6": 1.5822116342170265, "7": 0.09310976363094703}, "datetime": {"datetime": "2021-06-29 20:45:31", "elapsed": 1823.982457, "delta": 7.106053}}
{"target": 0.0034582829458041143, "params": {"0": -0.08953198185408162, "1": -1.3812671788041946, "2": 1.973924657809552, "3": 0.638643598656556, "4": -2.041212855877326, "5": -1.7777227290133928, "6": -0.03351711793406853, "7": -0.8754260782667136}, "datetime": {"datetime": "2021-06-29 20:45:44", "elapsed": 1836.475733, "delta": 12.493276}}
{"target": 0.0030746425773907375, "params": {"0": 2.158322450790254, "1": 0.514099700892924, "2": -0.29453923721961095, "3": 2.6170517904104837, "4": 0.08665080257709423, "5": 2.1650010440153347, "6": 2.453112376949245, "7": -1.9451008548327409}, "datetime": {"datetime": "2021-06-29 20:45:49", "elapsed": 1841.497637, "delta": 5.021904}}
{"target": 0.002976769700130229, "params": {"0": 1.153104729964288, "1": 1.1263276557949684, "2": -0.8275921036839984, "3": -0.009109109455568642, "4": -0.8107676642422392, "5": -1.2357290313047133, "6": -2.2822419755277723, "7": -1.6917590699737752}, "datetime": {"datetime": "2021-06-29 20:46:03", "elapsed": 1855.40814, "delta": 13.910503}}
{"target": 0.0030036067274238337, "params": {"0": 0.4721514034363401, "1": 0.1804135943946794, "2": -1.5013549838261053, "3": -0.5774501460975388, "4": 0.020464899005722792, "5": -0.7414239727388003, "6": -2.6638443149154583, "7": -0.6655757170844963}, "datetime": {"datetime": "2021-06-29 20:46:11", "elapsed": 1863.712757, "delta": 8.304617}}
{"target": 0.003180459489438911, "params": {"0": 0.9287803491141986, "1": -0.9391246401370337, "2": 1.871585879897701, "3": 0.7638842482306298, "4": 0.8882074482198896, "5": -0.7243080581107049, "6": -0.36554740169843836, "7": -2.5649825796822325}, "datetime": {"datetime": "2021-06-29 20:46:16", "elapsed": 1868.764243, "delta": 5.051486}}
{"target": 0.0031482213389765618, "params": {"0": 0.5955918548347481, "1": -2.83039725316324, "2": 1.540275033653046, "3": -1.4941732979877373, "4": 0.16591328003276296, "5": 2.273991186831805, "6": -2.0895886448743743, "7": 0.6804969074143381}, "datetime": {"datetime": "2021-06-29 20:46:26", "elapsed": 1878.439294, "delta": 9.675051}}
{"target": 0.0032365503768782933, "params": {"0": -2.575818619991558, "1": 0.6197908454883292, "2": -2.573188128728183, "3": 2.798439050351991, "4": -2.0520371717085197, "5": 0.7681865835605559, "6": -2.3801863631296856, "7": -1.185926623956221}, "datetime": {"datetime": "2021-06-29 20:46:32", "elapsed": 1884.294797, "delta": 5.855503}}
{"target": 0.00299045686227013, "params": {"0": 2.3584267933719136, "1": 1.6327824508710336, "2": -0.1547759693646622, "3": 0.4813195259348797, "4": -1.1494636914967826, "5": -1.967079209500274, "6": -1.6340326019469933, "7": 2.0251285657997595}, "datetime": {"datetime": "2021-06-29 20:46:47", "elapsed": 1900.087834, "delta": 15.793037}}
{"target": 0.016376984500547608, "params": {"0": -1.1250845981507267, "1": 1.4519741242225068, "2": -0.6677993797154507, "3": 0.8071978692926605, "4": -1.6849651893961728, "5": 2.32822303720734, "6": -2.7886712685458406, "7": 0.9337077885167355}, "datetime": {"datetime": "2021-06-29 20:46:54", "elapsed": 1906.335423, "delta": 6.247589}}
{"target": 0.0034715862961552965, "params": {"0": 0.5376221035315867, "1": -1.0764557705337305, "2": 1.896935291803377, "3": 1.419321054640112, "4": -0.6402481271994169, "5": -2.3482827640334905, "6": -2.0680287792203433, "7": -0.0628313091733288}, "datetime": {"datetime": "2021-06-29 20:46:59", "elapsed": 1912.193201, "delta": 5.857778}}
{"target": 0.0029055266703983404, "params": {"0": -0.6465583996516693, "1": -1.8153440728508168, "2": -0.8437075406267134, "3": 1.633317418250602, "4": 1.615600389578451, "5": 0.009487226879638655, "6": -0.4205064259162299, "7": -0.8009731520363941}, "datetime": {"datetime": "2021-06-29 20:47:21", "elapsed": 1934.026552, "delta": 21.833351}}
{"target": 0.0031196679597378903, "params": {"0": 0.054926896442756945, "1": -2.1897077036112034, "2": 0.8775174003722253, "3": -1.0273634695627363, "4": -0.4088680238725102, "5": 1.3718315632496019, "6": -2.9323055940819494, "7": -0.19039490376574575}, "datetime": {"datetime": "2021-06-29 20:47:31", "elapsed": 1943.378329, "delta": 9.351777}}
{"target": 0.0032527703060642563, "params": {"0": -2.104971345625952, "1": -0.24467815060087705, "2": -1.1412389952536577, "3": -2.9163907880711193, "4": 0.8741585309752464, "5": 2.9749810948153383, "6": -1.7864479022644508, "7": 1.7793775794051179}, "datetime": {"datetime": "2021-06-29 20:47:40", "elapsed": 1952.85158, "delta": 9.473251}}
{"target": 0.003920713803151718, "params": {"0": -1.9245988128632083, "1": 2.290948658598424, "2": -2.778163595183466, "3": -0.5864261104709252, "4": 2.665419319022307, "5": -2.532017977655655, "6": 1.8767562865101999, "7": -0.3905532010690216}, "datetime": {"datetime": "2021-06-29 20:47:47", "elapsed": 1959.460488, "delta": 6.608908}}
{"target": 0.0039017111169459204, "params": {"0": 1.151973933037957, "1": 0.5850726533872574, "2": -0.8223351018798128, "3": -0.45650731599580396, "4": -0.9216626790161038, "5": -1.3014743335491112, "6": -1.9659647558073816, "7": -0.6744541068005776}, "datetime": {"datetime": "2021-06-29 20:47:53", "elapsed": 1965.570696, "delta": 6.110208}}
{"target": 0.003057864167258978, "params": {"0": 0.4407335517364399, "1": -2.3590299441379994, "2": 1.8780658430487192, "3": -1.1625272946997516, "4": -0.9315837945859813, "5": 1.4327915027549993, "6": -1.8672842868143875, "7": 0.5660397568547446}, "datetime": {"datetime": "2021-06-29 20:48:01", "elapsed": 1973.79388, "delta": 8.223184}}
{"target": 0.0030155928635829223, "params": {"0": -2.62328887498085, "1": 2.9867355823597554, "2": 0.3110082059389585, "3": 0.5248198344880941, "4": 1.3703940808003292, "5": -0.8267455214314339, "6": -2.0464934893161004, "7": -0.6973975910522467}, "datetime": {"datetime": "2021-06-29 20:48:08", "elapsed": 1980.35057, "delta": 6.55669}}
{"target": 0.005298061153318041, "params": {"0": 1.488117301858578, "1": -0.8336733808436465, "2": 1.6600291829135099, "3": 1.1608590519497204, "4": -2.262593612798427, "5": 2.4243564468589742, "6": -2.784596208165909, "7": 2.402423086211148}, "datetime": {"datetime": "2021-06-29 20:48:16", "elapsed": 1988.858929, "delta": 8.508359}}
{"target": 0.003407871742026735, "params": {"0": 0.7647778765226185, "1": 0.8552018500169147, "2": -0.23022690970695203, "3": -0.26655966502033746, "4": -0.31981491374330595, "5": -0.7663913827961455, "6": -2.2872231289293343, "7": -2.3295098021702616}, "datetime": {"datetime": "2021-06-29 20:48:28", "elapsed": 2000.749559, "delta": 11.89063}}
{"target": 0.0033435865441391616, "params": {"0": -0.08222652707226263, "1": -0.30025199615144427, "2": 1.046549621401784, "3": 0.6687238261559538, "4": 1.8783447586745954, "5": -1.030583126058016, "6": 0.9524857130906894, "7": 0.5079007502061748}, "datetime": {"datetime": "2021-06-29 20:48:37", "elapsed": 2009.50719, "delta": 8.757631}}
{"target": 0.004197627576855774, "params": {"0": 0.7165775506092253, "1": 0.38387133472856494, "2": -0.9382041795320277, "3": -0.6241416976934673, "4": 0.1690034919514387, "5": -1.642430747855903, "6": -2.6440372249953263, "7": -0.5214419117516966}, "datetime": {"datetime": "2021-06-29 20:48:46", "elapsed": 2018.704224, "delta": 9.197034}}
{"target": 0.005314457332323736, "params": {"0": -1.4562208361805504, "1": -0.3568964800101142, "2": -2.808076206027388, "3": -1.662652206751729, "4": -1.5078324664766316, "5": 2.8725363369679595, "6": -1.1150986416518511, "7": 0.3364817257815744}, "datetime": {"datetime": "2021-06-29 20:48:51", "elapsed": 2023.593364, "delta": 4.88914}}
{"target": 0.004593594232913594, "params": {"0": 0.868118132122377, "1": 1.831716185986104, "2": -0.6819893106173791, "3": -0.28848750342890295, "4": -0.665124585296029, "5": -1.9512615169232324, "6": 1.1468389244808188, "7": 0.939043823720688}, "datetime": {"datetime": "2021-06-29 20:48:57", "elapsed": 2029.545903, "delta": 5.952539}}
{"target": 0.007809073605249682, "params": {"0": -0.9243584922220149, "1": 1.8032408923307086, "2": -1.192059807568387, "3": -2.822348703899869, "4": -1.4596416688123597, "5": -1.1010375022835759, "6": -1.0920980230797368, "7": 1.4052812048418541}, "datetime": {"datetime": "2021-06-29 20:49:04", "elapsed": 2037.082509, "delta": 7.536606}}
{"target": 0.003265481906969725, "params": {"0": 1.2363572250414538, "1": 1.1369931413479755, "2": -0.29921562388497414, "3": -0.40415415246860853, "4": -0.7447443814652832, "5": -1.9453227785703122, "6": -2.6183214224880142, "7": -0.14439652698192784}, "datetime": {"datetime": "2021-06-29 20:49:09", "elapsed": 2042.02876, "delta": 4.946251}}
{"target": 0.0035449915952033865, "params": {"0": 1.163603594166986, "1": 0.22086699452911596, "2": 1.3795055696911458, "3": 1.1394288643296626, "4": 0.12537683617723605, "5": 0.4204015972297164, "6": -2.5778503229828917, "7": 2.0874892536019196}, "datetime": {"datetime": "2021-06-29 20:49:15", "elapsed": 2047.428667, "delta": 5.399907}}
{"target": 0.005963587446729671, "params": {"0": 0.6087776790374368, "1": -0.11967006605485864, "2": -1.204202195398379, "3": 0.24257519171764574, "4": -0.6018549751673099, "5": -1.10798133915256, "6": -2.502317243257017, "7": -1.3485772500102047}, "datetime": {"datetime": "2021-06-29 20:49:31", "elapsed": 2064.028525, "delta": 16.599858}}
{"target": 0.0033548608413592564, "params": {"0": 2.8953195618613865, "1": 0.8253539681934763, "2": -1.961752291369684, "3": -0.7361946926225578, "4": 0.034973132694464226, "5": 0.23982601243022827, "6": -2.6879616528247725, "7": -1.1626212788647647}, "datetime": {"datetime": "2021-06-29 20:49:40", "elapsed": 2072.291244, "delta": 8.262719}}
{"target": 0.008305447889356206, "params": {"0": 0.41435993044355257, "1": 2.7232483471841658, "2": -2.3611767166584237, "3": 1.4681969895635456, "4": -1.1465165954995635, "5": 1.5985379475462373, "6": 0.10863620829258114, "7": 0.3208583050981231}, "datetime": {"datetime": "2021-06-29 20:49:47", "elapsed": 2080.052814, "delta": 7.76157}}
{"target": 0.003077079904108696, "params": {"0": 1.3642850121279526, "1": -1.4666334992144767, "2": 0.7375207395272394, "3": -1.5191582815698375, "4": -2.0530796232887756, "5": 0.16952463625370706, "6": -2.5017750781010912, "7": 1.598979039308901}, "datetime": {"datetime": "2021-06-29 20:49:56", "elapsed": 2088.934501, "delta": 8.881687}}
{"target": 0.0029388311953104907, "params": {"0": -2.01424838635422, "1": 0.3489945934238019, "2": 1.1702832290751726, "3": 0.15991437122639596, "4": 2.7140380149026164, "5": -0.06792798026824354, "6": 1.462603583615536, "7": 0.4001095416007381}, "datetime": {"datetime": "2021-06-29 20:50:02", "elapsed": 2094.431555, "delta": 5.497054}}
{"target": 0.0030537513248016608, "params": {"0": 2.1088009845837075, "1": 0.7949292075439001, "2": -0.8520654989481269, "3": -0.26796142618817376, "4": 0.3602078887046183, "5": -1.558230675684582, "6": -2.9266020571145055, "7": -0.5869193635521261}, "datetime": {"datetime": "2021-06-29 20:50:06", "elapsed": 2098.442879, "delta": 4.011324}}
{"target": 0.007177956303316127, "params": {"0": -0.9307313101345089, "1": -2.1203784412487217, "2": -2.7996127908579878, "3": -1.5680448182323818, "4": -2.4136754903033264, "5": 2.5587299672608896, "6": -2.050437953742695, "7": -0.9861638049999821}, "datetime": {"datetime": "2021-06-29 20:50:12", "elapsed": 2104.776017, "delta": 6.333138}}
{"target": 0.0035276615272800903, "params": {"0": 2.473709614853135, "1": 2.0390085277395507, "2": -1.983596045351961, "3": -0.7915336884056314, "4": -0.38584437507458347, "5": -2.7363253008456083, "6": 2.7474743202714684, "7": -2.418882916774529}, "datetime": {"datetime": "2021-06-29 20:50:21", "elapsed": 2113.519536, "delta": 8.743519}}
{"target": 0.003234973770708192, "params": {"0": -0.5065183897909851, "1": -2.1853811259536533, "2": -1.868251505833421, "3": -0.09318538751037275, "4": 1.6038387102424618, "5": -1.5019998125207883, "6": 1.4088672531225015, "7": -1.2494166043917971}, "datetime": {"datetime": "2021-06-29 20:50:27", "elapsed": 2120.160362, "delta": 6.640826}}
{"target": 0.0030681174972090235, "params": {"0": 0.015442116819400553, "1": -1.943681830936686, "2": 2.826880606312395, "3": -2.7609194851092713, "4": 0.655267604625406, "5": -0.6972117982129431, "6": -2.558543718599715, "7": 0.21128100871947453}, "datetime": {"datetime": "2021-06-29 20:50:36", "elapsed": 2129.208143, "delta": 9.047781}}
{"target": 0.03285346137776289, "params": {"0": -2.42433862946978, "1": 1.0659911079588813, "2": 0.39683762068167416, "3": 1.301029924251762, "4": -2.2030098247805894, "5": 2.231221663772377, "6": -2.5647540093701435, "7": 0.7472903019108679}, "datetime": {"datetime": "2021-06-29 20:50:45", "elapsed": 2138.128814, "delta": 8.920671}}
{"target": 0.003141826906265895, "params": {"0": -1.9153286842408648, "1": 1.3632450394826154, "2": 1.1548717928013055, "3": 1.5221555468642718, "4": -2.4491262174340824, "5": 2.184828307536973, "6": -2.632992443522774, "7": 0.7794167503699039}, "datetime": {"datetime": "2021-06-29 20:50:55", "elapsed": 2147.535112, "delta": 9.406298}}
{"target": 0.0041403106757253415, "params": {"0": -2.5982725470425114, "1": -2.118203801674872, "2": 0.10044009558407785, "3": 2.9956177763726215, "4": -0.3543835742866448, "5": 0.6209383361718666, "6": -1.2622724331794193, "7": -1.2513095067872968}, "datetime": {"datetime": "2021-06-29 20:51:02", "elapsed": 2154.430248, "delta": 6.895136}}
{"target": 0.003295541249395009, "params": {"0": -1.182707184168493, "1": 0.39861957342702725, "2": 1.6851968814788547, "3": -1.7003279145911951, "4": -0.9390411380610115, "5": -1.5260762605635398, "6": 1.0384128934469796, "7": -1.9930331663759706}, "datetime": {"datetime": "2021-06-29 20:51:09", "elapsed": 2161.913564, "delta": 7.483316}}
{"target": 0.0036237550320704663, "params": {"0": 2.224702069650701, "1": 0.6941481280324568, "2": -0.5394200603266421, "3": 0.5187614687074191, "4": -0.8887511617588508, "5": -0.6988792498682002, "6": -2.5963263094893603, "7": -0.9664060961346994}, "datetime": {"datetime": "2021-06-29 20:51:18", "elapsed": 2170.424928, "delta": 8.511364}}
{"target": 0.005637182099079173, "params": {"0": -0.7763885603220082, "1": -2.39143720496794, "2": -1.782316360618648, "3": -2.345289947676547, "4": 1.9213744377173239, "5": -0.8779614103997515, "6": 1.0264180413765596, "7": -0.6672196468188965}, "datetime": {"datetime": "2021-06-29 20:51:26", "elapsed": 2178.34532, "delta": 7.920392}}
