{"target": 0.0030561188084538087, "params": {"0": 2.832067595496925, "1": 2.6486605763052777, "2": 0.9751858248277938, "3": 0.6412265707350864, "4": 2.544551391858013, "5": 2.422172085163931, "6": 1.8997505985920746, "7": 0.7318397816598003}, "datetime": {"datetime": "2021-06-29 20:25:53", "elapsed": 734.493512, "delta": 4.038019}}
{"target": 0.0042516600584254554, "params": {"0": 2.0855656921917927, "1": -2.9894940361440154, "2": -2.2997957720288547, "3": -0.7960123430620674, "4": -0.44177365364150933, "5": -2.64819109525361, "6": 0.6880545530917548, "7": -1.759971157159203}, "datetime": {"datetime": "2021-06-29 20:25:57", "elapsed": 738.43888, "delta": 3.945368}}
{"target": 0.0035003331830007604, "params": {"0": 2.084389812391053, "1": -1.0533982291030295, "2": 0.7495901199164239, "3": -0.6056996325266315, "4": -2.910591224442273, "5": -1.9967733846390274, "6": 2.5241438515043964, "7": 1.7939809222435112}, "datetime": {"datetime": "2021-06-29 20:26:00", "elapsed": 740.957182, "delta": 2.518302}}
{"target": 0.005420827533644474, "params": {"0": 2.045127404042458, "1": 1.603283041911963, "2": 0.2958647136768491, "3": 1.6688311343444475, "4": -1.5683665040924162, "5": -1.9205211431744622, "6": 2.9852484885366524, "7": -2.4643764208989456}, "datetime": {"datetime": "2021-06-29 20:26:03", "elapsed": 744.304697, "delta": 3.347515}}
{"target": 0.002923873310187203, "params": {"0": -2.3808531318729527, "1": 2.9270403889025767, "2": 2.250905888918859, "3": -0.5956471793674285, "4": -1.9705762952046402, "5": 0.8787788817202653, "6": 2.892321620742079, "7": 1.7467376366279215}, "datetime": {"datetime": "2021-06-29 20:26:09", "elapsed": 749.638592, "delta": 5.333895}}
{"target": 0.0039002406859476903, "params": {"0": 1.1879816290392249, "1": -1.3730171430351474, "2": 2.1272519149781646, "3": -2.719759406221631, "4": -0.5008454291754503, "5": -0.6689820885675264, "6": 1.439103588028079, "7": -1.9652592150981663}, "datetime": {"datetime": "2021-06-29 20:26:14", "elapsed": 755.373613, "delta": 5.735021}}
{"target": 0.0038858168078307336, "params": {"0": 2.12810449001266, "1": 0.11761646939302484, "2": -1.1473649155195074, "3": -2.6649269431583447, "4": -0.043892226709322024, "5": -2.329115087747086, "6": 1.425127138083976, "7": -0.004082501429223839}, "datetime": {"datetime": "2021-06-29 20:26:21", "elapsed": 762.234027, "delta": 6.860414}}
{"target": 0.0028776798092538893, "params": {"0": -2.183283744340395, "1": 1.7802126402002365, "2": 1.55870785311774, "3": -0.2397442219954331, "4": 0.2851965309313722, "5": 2.7376310109318016, "6": 0.5589841112930092, "7": -2.1349879911872955}, "datetime": {"datetime": "2021-06-29 20:26:25", "elapsed": 766.170546, "delta": 3.936519}}
{"target": 0.0038552715995524064, "params": {"0": 2.4052805122476766, "1": -1.3756965179769345, "2": 0.5441106575396608, "3": -1.4859931258773678, "4": 1.9661782653341877, "5": -2.370122295156771, "6": 2.7491312450248504, "7": 0.8091530876815729}, "datetime": {"datetime": "2021-06-29 20:26:29", "elapsed": 769.935802, "delta": 3.765256}}
{"target": 0.0030467079951117084, "params": {"0": -0.9492478590471398, "1": -2.1443784138136417, "2": -2.2811559495515885, "3": 1.1207185517567524, "4": -1.751049186678428, "5": 1.959498782469801, "6": 2.1599089222319936, "7": -2.7808203482389624}, "datetime": {"datetime": "2021-06-29 20:26:34", "elapsed": 774.562388, "delta": 4.626586}}
{"target": 0.018619316559988438, "params": {"0": -1.0369817447134226, "1": 0.14908518116238678, "2": -2.230555413186889, "3": -1.1046645454934776, "4": 1.9654034939120066, "5": -0.9499422644190365, "6": 0.8437443174554824, "7": -1.3034826499475562}, "datetime": {"datetime": "2021-06-29 20:26:36", "elapsed": 777.468396, "delta": 2.906008}}
{"target": 0.004134873306523138, "params": {"0": 0.5498415916075801, "1": -0.15300260975411373, "2": -2.080433999653457, "3": -2.387987683630511, "4": -1.7071399047877553, "5": 1.1461283864691403, "6": 2.813950988703815, "7": 1.7840574067745587}, "datetime": {"datetime": "2021-06-29 20:26:39", "elapsed": 779.912089, "delta": 2.443693}}
{"target": 0.9768968927199617, "params": {"0": 1.294078754245465, "1": 2.2484476763390706, "2": -0.35813947720563366, "3": -1.7232648791163847, "4": -1.0292131748449536, "5": -0.26446413925029333, "6": 2.2546416568632974, "7": -1.0071324301686602}, "datetime": {"datetime": "2021-06-29 20:26:46", "elapsed": 786.554954, "delta": 6.642865}}
{"target": 0.003096658695651471, "params": {"0": -0.524630287931835, "1": 2.37084257120987, "2": 0.923353167448349, "3": 2.085274863173731, "4": -0.24237035147581665, "5": -2.9735042083907994, "6": 0.10013609279112279, "7": -0.4742466362616433}, "datetime": {"datetime": "2021-06-29 20:26:50", "elapsed": 790.818144, "delta": 4.26319}}
{"target": 0.0521545077331192, "params": {"0": 2.1148003970953724, "1": 1.8859560984603627, "2": -0.7055242131558339, "3": -1.9722731507745876, "4": -1.0674579576140084, "5": -0.4763039001173359, "6": 1.7964872938064875, "7": -0.39133597557568756}, "datetime": {"datetime": "2021-06-29 20:26:56", "elapsed": 797.234712, "delta": 6.416568}}
{"target": 0.0029944475415265965, "params": {"0": 1.0021086805550485, "1": -2.78427223977607, "2": -0.9446590808223974, "3": 2.9117777589079115, "4": 2.572836148664104, "5": 2.315934085415197, "6": 0.19252922353646795, "7": -0.16453877173211673}, "datetime": {"datetime": "2021-06-29 20:27:01", "elapsed": 802.002082, "delta": 4.76737}}
{"target": 0.0029538317319426246, "params": {"0": -2.616940886454392, "1": 1.642335386441748, "2": -0.14469367677387623, "3": 1.2442321638238942, "4": 2.45426323459891, "5": -2.9873978952315454, "6": -1.7390751662334032, "7": 1.6450418973533303}, "datetime": {"datetime": "2021-06-29 20:27:04", "elapsed": 805.147344, "delta": 3.145262}}
{"target": 0.003232258626930867, "params": {"0": 1.2444459350105515, "1": 2.0296281526250226, "2": 1.5934276354956483, "3": -1.8281946085766427, "4": -1.2514981420386233, "5": 1.9456634132074404, "6": -1.4186833364520042, "7": -1.7197459496938536}, "datetime": {"datetime": "2021-06-29 20:27:09", "elapsed": 809.625739, "delta": 4.478395}}
{"target": 0.005830680498310986, "params": {"0": 0.9792284747439544, "1": -0.5801686464411446, "2": -0.29710800270373694, "3": -2.1493621096547626, "4": 0.40635149722881625, "5": -2.0400450064322575, "6": 1.5339585942770535, "7": 0.001219736154668638}, "datetime": {"datetime": "2021-06-29 20:27:14", "elapsed": 814.777758, "delta": 5.152019}}
{"target": 0.0032397345037158405, "params": {"0": -1.268800906946921, "1": 1.2007713098867914, "2": -1.8130716981924733, "3": -0.1905097484267495, "4": -2.2523419582948496, "5": 2.0728450620827026, "6": 1.7689413174357078, "7": 0.8725282308864131}, "datetime": {"datetime": "2021-06-29 20:27:17", "elapsed": 818.25142, "delta": 3.473662}}
{"target": 0.0038378691502358644, "params": {"0": 0.14307548572128992, "1": -2.6419884171567536, "2": -0.7839348345180204, "3": 0.4792503373108654, "4": -1.9668067302738055, "5": 2.834272867460215, "6": 0.15988853484295396, "7": 1.9426060606120652}, "datetime": {"datetime": "2021-06-29 20:27:20", "elapsed": 821.178064, "delta": 2.926644}}
{"target": 0.0029800591243723112, "params": {"0": 0.5228676457506598, "1": 1.7825319903782564, "2": 1.538223058630801, "3": 1.217954309198368, "4": 2.1924852610669543, "5": -0.1743708163358324, "6": -1.9647139092242052, "7": 1.4431177834877227}, "datetime": {"datetime": "2021-06-29 20:27:25", "elapsed": 825.663948, "delta": 4.485884}}
{"target": 0.003348987549254202, "params": {"0": 0.6854485572660218, "1": 2.7832944229200276, "2": -0.9135144959239718, "3": -2.047831163016081, "4": -0.31920632101570146, "5": 0.03621491705877666, "6": 2.1046659300678288, "7": -1.1320639815544737}, "datetime": {"datetime": "2021-06-29 20:27:28", "elapsed": 828.667208, "delta": 3.00326}}
{"target": 0.0036444240272152924, "params": {"0": 1.6360151962524467, "1": 2.6873584920840283, "2": -0.7877021463682459, "3": 0.02644600588863355, "4": 1.2002300818206457, "5": -1.6103534874550915, "6": -0.7677716495814311, "7": 2.6918244611666005}, "datetime": {"datetime": "2021-06-29 20:27:31", "elapsed": 831.58333, "delta": 2.916122}}
{"target": 0.005864998642521611, "params": {"0": -2.675282018222954, "1": 0.7578837920832591, "2": -2.467098305647446, "3": -1.0534866465147417, "4": 1.7656591684268799, "5": 0.34718016851530464, "6": -0.20539679259427768, "7": -1.3546692404490923}, "datetime": {"datetime": "2021-06-29 20:27:33", "elapsed": 833.608834, "delta": 2.025504}}
{"target": 0.005093469328230571, "params": {"0": 0.7632275079892077, "1": -2.3401123628683025, "2": 0.8976688232574839, "3": -2.153268511149185, "4": 1.4796297358914359, "5": -1.12884777995916, "6": 1.754176817213951, "7": -0.06248622829683459}, "datetime": {"datetime": "2021-06-29 20:27:40", "elapsed": 841.307963, "delta": 7.699129}}
{"target": 0.0033317859089281227, "params": {"0": 1.5536667441984955, "1": -1.234699450513778, "2": 2.185596156950532, "3": -2.767314562583985, "4": -0.6207114061660315, "5": -0.6897073822445812, "6": 2.6392596019898598, "7": -1.8859896680596435}, "datetime": {"datetime": "2021-06-29 20:27:45", "elapsed": 846.263155, "delta": 4.955192}}
{"target": 0.005368031256159383, "params": {"0": -0.5657361790532502, "1": 0.5423156873384185, "2": -0.9737688256865962, "3": 0.9715872803190253, "4": -2.0290244079474524, "5": 2.7938716914825, "6": -2.7743433113852722, "7": 0.7681256990284053}, "datetime": {"datetime": "2021-06-29 20:27:51", "elapsed": 851.604637, "delta": 5.341482}}
{"target": 0.008633800195077097, "params": {"0": 2.1190099625392547, "1": 2.090608614945949, "2": -0.6070402668110426, "3": -2.3301100473513605, "4": 0.5823810066664006, "5": -0.49412254354839114, "6": 1.7583579184695441, "7": -0.17710056525923124}, "datetime": {"datetime": "2021-06-29 20:27:59", "elapsed": 860.130897, "delta": 8.52626}}
{"target": 0.0031451796095866005, "params": {"0": 1.7188414551404225, "1": 0.1393755006528723, "2": 0.9737470463035871, "3": 1.7993899416224073, "4": -2.920661937766691, "5": 1.384382278155706, "6": -2.187153330955414, "7": 1.499021626990853}, "datetime": {"datetime": "2021-06-29 20:28:02", "elapsed": 863.278874, "delta": 3.147977}}
{"target": 0.0038714302861598804, "params": {"0": 1.762736818277613, "1": -1.5758259021791126, "2": 2.099919364390651, "3": -0.8499673908574494, "4": -2.1806433667573475, "5": -0.3631958814729992, "6": -2.247094921151418, "7": -2.5194852032161568}, "datetime": {"datetime": "2021-06-29 20:28:07", "elapsed": 868.123544, "delta": 4.84467}}
{"target": 0.37420651783929154, "params": {"0": 2.633242023065736, "1": 2.511786964406438, "2": -0.4101663130400395, "3": -1.8257537780139481, "4": -1.223939560801196, "5": -0.6318617246458711, "6": 2.360340883056117, "7": -0.15142923998263935}, "datetime": {"datetime": "2021-06-29 20:28:13", "elapsed": 873.945887, "delta": 5.822343}}
{"target": 0.0035299211609419725, "params": {"0": 2.2652953446514053, "1": -0.3428998150200089, "2": 0.8937556914287481, "3": -1.5428270057818514, "4": 0.8468880404186052, "5": -1.2560533385476342, "6": -0.19575072719815845, "7": 2.75046609629182}, "datetime": {"datetime": "2021-06-29 20:28:16", "elapsed": 877.036984, "delta": 3.091097}}
{"target": 0.0029306308687683173, "params": {"0": -0.5654469915951155, "1": 1.9864701218537055, "2": -1.634987714072084, "3": 2.282254051731332, "4": -1.107308503687604, "5": -1.0109072379926312, "6": 0.27146572383779155, "7": -1.668470056489349}, "datetime": {"datetime": "2021-06-29 20:28:23", "elapsed": 883.875933, "delta": 6.838949}}
{"target": 0.059908410174138296, "params": {"0": -0.7339201003124742, "1": -2.770569129137945, "2": 1.6848707300481038, "3": -1.6150393090164146, "4": 1.1444451531064166, "5": 1.188771496741909, "6": -2.3142840112462886, "7": 2.2259920419031776}, "datetime": {"datetime": "2021-06-29 20:28:29", "elapsed": 890.386694, "delta": 6.510761}}
{"target": 0.0031605860190206825, "params": {"0": -0.8922959297497348, "1": 0.19209196786486782, "2": 0.5489843345182841, "3": 1.9803543961889591, "4": 1.9263352702419247, "5": 2.372938682318984, "6": -2.271904496558529, "7": -0.41322181756529686}, "datetime": {"datetime": "2021-06-29 20:28:33", "elapsed": 893.589125, "delta": 3.202431}}
{"target": 0.010163131397989827, "params": {"0": 0.9224697761305665, "1": 2.833729529153059, "2": -0.5467824784418527, "3": -1.2069342173392323, "4": -1.5495614696481854, "5": -0.5804186488991014, "6": 2.9472114184858773, "7": -1.306342772312833}, "datetime": {"datetime": "2021-06-29 20:28:39", "elapsed": 900.003352, "delta": 6.414227}}
{"target": 0.15369573041818435, "params": {"0": 1.3395775902271074, "1": 1.8442735863108624, "2": -1.4542540202185508, "3": -1.9841647918770429, "4": 0.612235239667438, "5": -0.38199547386076516, "6": 1.653921046236622, "7": -0.42523175784867373}, "datetime": {"datetime": "2021-06-29 20:28:43", "elapsed": 903.53559, "delta": 3.532238}}
{"target": 0.0033925784597856937, "params": {"0": 2.752674065843907, "1": -1.7890778763006356, "2": 0.5775967947128038, "3": 2.188069616224565, "4": 1.1882382002809972, "5": -1.6347012425410612, "6": -1.0715397730145597, "7": 2.382285187704703}, "datetime": {"datetime": "2021-06-29 20:28:46", "elapsed": 907.079626, "delta": 3.544036}}
{"target": 0.003629217965570003, "params": {"0": 1.9265407277995301, "1": 0.9509577950924406, "2": 0.29094965318615085, "3": -1.647665095713865, "4": 2.678063150537527, "5": 2.4445642961450895, "6": 1.540694533337943, "7": -1.9051943885185478}, "datetime": {"datetime": "2021-06-29 20:28:50", "elapsed": 911.320463, "delta": 4.240837}}
{"target": 0.0032543976256742217, "params": {"0": -2.085241524070042, "1": -0.6095592557568192, "2": 2.5754104639626227, "3": -2.1964934854547424, "4": -2.947985169090055, "5": 2.4485190730260227, "6": -2.204208916289224, "7": -1.9924794565381974}, "datetime": {"datetime": "2021-06-29 20:28:55", "elapsed": 916.226631, "delta": 4.906168}}
{"target": 0.007454254620810101, "params": {"0": 1.0081059866859068, "1": -0.9374436387664273, "2": 1.2523154819594176, "3": -1.250949998011669, "4": 2.9318864315079143, "5": -2.7065429302245345, "6": -0.283427759838629, "7": -0.3719903455371103}, "datetime": {"datetime": "2021-06-29 20:28:59", "elapsed": 919.799473, "delta": 3.572842}}
{"target": 0.003956209966692978, "params": {"0": 1.363622717539152, "1": -2.0919982779969075, "2": -0.44090964878703787, "3": 1.6007514782543462, "4": -1.0643446205718987, "5": 2.8857218781369474, "6": 2.995321855414476, "7": -2.9226654162681394}, "datetime": {"datetime": "2021-06-29 20:29:02", "elapsed": 922.805052, "delta": 3.005579}}
{"target": 0.005174376892717987, "params": {"0": -1.9864607059722068, "1": -1.5576963762617428, "2": 2.0992736499931786, "3": 2.5570721541498314, "4": 1.8663510045421239, "5": -0.7906574859877322, "6": 0.7499470505786654, "7": -1.811332213327362}, "datetime": {"datetime": "2021-06-29 20:29:06", "elapsed": 926.600321, "delta": 3.795269}}
{"target": 0.0034121345014639084, "params": {"0": -2.6365131273309625, "1": 1.4680745482338633, "2": -1.1972201626542636, "3": -1.6147716941649228, "4": -2.3506384985020263, "5": 0.3178025602177392, "6": 0.7643762914808478, "7": -1.9726660983534}, "datetime": {"datetime": "2021-06-29 20:29:11", "elapsed": 931.767254, "delta": 5.166933}}
{"target": 0.0037252072847200977, "params": {"0": -0.10510148020863275, "1": -0.21442360545555772, "2": 0.5367866344829855, "3": -0.921930955429588, "4": 2.8417598272407787, "5": 2.0487136562318753, "6": -2.1848326704863457, "7": -2.3649339535894303}, "datetime": {"datetime": "2021-06-29 20:29:15", "elapsed": 936.296437, "delta": 4.529183}}
{"target": 0.0034535202408900526, "params": {"0": 0.8089973729523239, "1": 2.817658485317196, "2": 1.4529621880093613, "3": 0.4581581037460114, "4": -2.36017275221913, "5": -1.2390602809105127, "6": 0.36454776839476555, "7": -0.3794676198810212}, "datetime": {"datetime": "2021-06-29 20:29:19", "elapsed": 939.861447, "delta": 3.56501}}
{"target": 0.015053672192809467, "params": {"0": 1.1570396689166618, "1": 0.20327076932205612, "2": -0.30066781362884054, "3": -2.939566853506626, "4": 1.7066986972971474, "5": -1.8310677081605684, "6": 2.9597113992703274, "7": 1.0395970708038806}, "datetime": {"datetime": "2021-06-29 20:29:22", "elapsed": 943.44576, "delta": 3.584313}}
{"target": 0.003518946003168133, "params": {"0": 2.5546838802761807, "1": -1.003377286378098, "2": -0.7719188432222901, "3": -1.4024315255753217, "4": 0.3234013431831446, "5": -2.1771306614897474, "6": 1.530410860504725, "7": -0.35170407083597865}, "datetime": {"datetime": "2021-06-29 20:29:28", "elapsed": 948.577865, "delta": 5.132105}}
{"target": 0.05208109872137945, "params": {"0": -0.10425791628490089, "1": 0.09536225478723104, "2": -0.003251247633266008, "3": -0.24061823213355016, "4": -0.3042737233195165, "5": -1.522618853601381, "6": -2.9759185240485304, "7": -0.28995789017219487}, "datetime": {"datetime": "2021-06-29 20:29:31", "elapsed": 952.065187, "delta": 3.487322}}
{"target": 0.004167796688108049, "params": {"0": -0.3547674962060139, "1": 0.7581901324873175, "2": 2.6876127768420606, "3": 0.3399414576415687, "4": -1.41881192032407, "5": 0.16043649956534178, "6": -1.6631899674334119, "7": -2.9714245533448485}, "datetime": {"datetime": "2021-06-29 20:29:35", "elapsed": 955.511363, "delta": 3.446176}}
{"target": 0.003070624455687683, "params": {"0": -2.3994217273839116, "1": -0.7790205515758046, "2": -1.3138038629934536, "3": -1.7547763950340207, "4": 0.5968583261343725, "5": 0.44462230124381863, "6": 2.086511299916884, "7": 2.2614442927216363}, "datetime": {"datetime": "2021-06-29 20:29:39", "elapsed": 959.845962, "delta": 4.334599}}
{"target": 0.0038596667981368334, "params": {"0": 1.8563998848073835, "1": -1.2630911822429942, "2": 2.1361218891473435, "3": -2.0645618714688547, "4": -0.45267611059737156, "5": -0.7993534619159695, "6": 2.497993674242082, "7": -2.245383561593085}, "datetime": {"datetime": "2021-06-29 20:29:45", "elapsed": 966.363009, "delta": 6.517047}}
{"target": 0.02939153797900882, "params": {"0": 0.07417342391617421, "1": 1.8376596001266607, "2": -1.6359536884228225, "3": 2.5308503602714385, "4": -1.7835610262732329, "5": -1.822894151116335, "6": 0.26779070973456864, "7": -2.0682914560202255}, "datetime": {"datetime": "2021-06-29 20:29:52", "elapsed": 972.759705, "delta": 6.396696}}
{"target": 0.00310209293922022, "params": {"0": 0.8920321090858492, "1": 1.7561832372175026, "2": -1.5525938183918855, "3": 2.8212123349179903, "4": 0.7498637543151689, "5": -1.9662193873606595, "6": 2.8372319209293195, "7": 1.1216238157546439}, "datetime": {"datetime": "2021-06-29 20:29:56", "elapsed": 976.639066, "delta": 3.879361}}
{"target": 0.0033457617556706546, "params": {"0": 0.8633345687330021, "1": -0.20556350189601158, "2": 0.6532211539818249, "3": -0.9048837256952043, "4": -1.1571082879169712, "5": 1.5617203156671096, "6": -2.6239568016745833, "7": -0.3277911214006277}, "datetime": {"datetime": "2021-06-29 20:29:58", "elapsed": 979.301932, "delta": 2.662866}}
{"target": 0.4053629884629062, "params": {"0": 0.518052305689066, "1": -2.5869564982031688, "2": 0.5600576814320988, "3": -2.9192237542230686, "4": 1.474525875509178, "5": -0.9863386644930578, "6": 2.22154393584937, "7": -0.577456247993859}, "datetime": {"datetime": "2021-06-29 20:30:00", "elapsed": 981.361782, "delta": 2.05985}}
{"target": 0.003706371639093454, "params": {"0": 1.1987458672937628, "1": 2.25438777493118, "2": -1.3084093076634151, "3": -1.8063731750137146, "4": -0.9947265091221871, "5": -0.6487499198562334, "6": 2.800223214938466, "7": -1.072760420955067}, "datetime": {"datetime": "2021-06-29 20:30:07", "elapsed": 987.629392, "delta": 6.26761}}
{"target": 0.18606010207063703, "params": {"0": 1.8377639389164067, "1": -1.025620686709032, "2": -0.6648088025302084, "3": -1.4049624342866944, "4": 0.8115956525338315, "5": -2.710133134443029, "6": 1.0763255430152698, "7": -0.6886113467170336}, "datetime": {"datetime": "2021-06-29 20:30:10", "elapsed": 991.427628, "delta": 3.798236}}
{"target": 0.003352837618271887, "params": {"0": -0.04989923737733015, "1": -2.5568695772145413, "2": 1.2650633656564105, "3": -1.3478691898525041, "4": -1.3501035424764913, "5": 0.9697457797125266, "6": -1.8634483197639387, "7": 0.044087325983313}, "datetime": {"datetime": "2021-06-29 20:30:13", "elapsed": 994.465229, "delta": 3.037601}}
{"target": 0.003796965853328478, "params": {"0": 2.702965069763197, "1": -0.1626421615596314, "2": -2.7526551451437244, "3": -0.33713321296105203, "4": 1.216156208025101, "5": -1.7987391185538646, "6": 1.8375918923737053, "7": -1.7067725404899161}, "datetime": {"datetime": "2021-06-29 20:30:17", "elapsed": 998.047801, "delta": 3.582572}}
{"target": 0.003492967531279745, "params": {"0": -1.787068060840667, "1": 1.7495277453073044, "2": -0.7853338308459747, "3": 2.368008957797164, "4": -2.934019491742482, "5": 2.7729521251476132, "6": 1.7232296814054546, "7": 2.6794008138807257}, "datetime": {"datetime": "2021-06-29 20:30:24", "elapsed": 1004.504645, "delta": 6.456844}}
{"target": 0.0038516584805561942, "params": {"0": 1.2251092848367353, "1": -2.7829109596629844, "2": 1.5564923625800464, "3": 0.8786202241544703, "4": 0.17872653767710878, "5": -1.672370032043446, "6": -1.777230969047705, "7": -0.6415857471583815}, "datetime": {"datetime": "2021-06-29 20:30:26", "elapsed": 1007.271722, "delta": 2.767077}}
{"target": 0.0032538363848395083, "params": {"0": 1.635458030159045, "1": 1.9911248065828033, "2": -0.20149683859158163, "3": -1.7013237715958955, "4": -1.692233138312634, "5": 0.2547595418431836, "6": 1.8833855944608455, "7": -1.5643941997443924}, "datetime": {"datetime": "2021-06-29 20:30:31", "elapsed": 1012.460237, "delta": 5.188515}}
