{"target": 0.012331681783521386, "params": {"0": -1.8262043022992849, "1": -2.150412586563194, "2": -1.7823277319671103, "3": -2.522380766134493, "4": 1.9470000296994847, "5": 2.649005351499615, "6": -1.7591573128456408, "7": 2.813155772987728}, "datetime": {"datetime": "2021-06-29 20:42:19", "elapsed": 1718.673296, "delta": 6.851633}}
{"target": 0.0041161096632699925, "params": {"0": 0.9153918729837187, "1": -0.42853719081601627, "2": 1.1956099839224743, "3": 0.22390535214328322, "4": -0.6122636900447569, "5": -0.9379666308855756, "6": -0.47595884172448955, "7": 1.8487535805541961}, "datetime": {"datetime": "2021-06-29 20:42:28", "elapsed": 1727.732439, "delta": 9.059143}}
{"target": 0.0030403848967126015, "params": {"0": 2.977456059586083, "1": 1.9913688832265208, "2": 2.3469657307193605, "3": -2.867706779582152, "4": -2.237615493310259, "5": 1.303790663299294, "6": 1.1677177446400888, "7": -2.4889215332552106}, "datetime": {"datetime": "2021-06-29 20:42:33", "elapsed": 1732.604969, "delta": 4.87253}}
{"target": 0.0030400947425929183, "params": {"0": -1.4430102936297728, "1": 2.9764055627435857, "2": 2.3812239272035924, "3": 0.4549632633367606, "4": -2.098200885792588, "5": -2.4614174380935383, "6": 1.8253723272756073, "7": 0.45139084306940447}, "datetime": {"datetime": "2021-06-29 20:42:40", "elapsed": 1740.311086, "delta": 7.706117}}
{"target": 0.014731915333005849, "params": {"0": -1.6238114206226673, "1": 1.0462066614515653, "2": 1.658028296424452, "3": -1.5077665930681476, "4": 0.028261087412038144, "5": 1.9238025110857198, "6": 1.0635203854941961, "7": -0.00766925362547477}, "datetime": {"datetime": "2021-06-29 20:42:50", "elapsed": 1749.620402, "delta": 9.309316}}
{"target": 0.003116296678705695, "params": {"0": 0.5271378496358317, "1": -2.289378883444317, "2": 2.2282509876216334, "3": 1.2031501089193126, "4": 1.9087704112702664, "5": 0.5277046109200962, "6": -1.7141156507176583, "7": -2.9855433043079183}, "datetime": {"datetime": "2021-06-29 20:42:56", "elapsed": 1755.833117, "delta": 6.212715}}
{"target": 0.004408221370526157, "params": {"0": -0.8893883059313819, "1": 1.881582273969988, "2": -0.3885942459311149, "3": -0.5870562596304785, "4": -0.9541708986602582, "5": -2.330810510259785, "6": 0.27708829753680675, "7": -2.8773526404604697}, "datetime": {"datetime": "2021-06-29 20:43:03", "elapsed": 1762.733455, "delta": 6.900338}}
{"target": 0.0032459440478322483, "params": {"0": 2.4945515654956276, "1": -2.196067232482085, "2": -0.47087451476883, "3": -1.3742855858055012, "4": 2.885953797770518, "5": 2.844970641334804, "6": -2.582124878660761, "7": -1.412665722179353}, "datetime": {"datetime": "2021-06-29 20:43:09", "elapsed": 1769.301391, "delta": 6.567936}}
{"target": 0.0030590066035778335, "params": {"0": 0.5275545428280415, "1": 1.1787114323345529, "2": 2.3335351464824816, "3": 0.76228104847661, "4": 2.9667336320043223, "5": -0.25044396815669057, "6": 0.430337030582026, "7": 1.7031423482509895}, "datetime": {"datetime": "2021-06-29 20:43:16", "elapsed": 1776.340928, "delta": 7.039537}}
{"target": 0.0031489195951355134, "params": {"0": 0.19849341440415946, "1": -2.9041735520420295, "2": 1.9769434411450568, "3": -1.490836825916873, "4": 0.06473393279496742, "5": 1.7155250014470225, "6": -1.7647890772077002, "7": 0.3025596617891324}, "datetime": {"datetime": "2021-06-29 20:43:31", "elapsed": 1790.832044, "delta": 14.491116}}
{"target": 0.004139031109888487, "params": {"0": 1.304812219267701, "1": -2.6711844193041436, "2": -0.2673306193377365, "3": -1.9382721682242863, "4": -1.8376940138804674, "5": -1.9786504402790481, "6": -0.3696890441636942, "7": 1.3712633627720212}, "datetime": {"datetime": "2021-06-29 20:43:44", "elapsed": 1803.755719, "delta": 12.923675}}
{"target": 0.004655748604062547, "params": {"0": 1.6959794816769227, "1": -1.1018886279746838, "2": 2.3433477064284096, "3": 2.875957108007924, "4": -2.885649121687689, "5": -1.9265538571118959, "6": -0.4452615502787838, "7": 1.3222888692356367}, "datetime": {"datetime": "2021-06-29 20:43:47", "elapsed": 1807.168558, "delta": 3.412839}}
{"target": 0.005795180943821307, "params": {"0": 1.186652872561389, "1": 2.9106521890329553, "2": 1.1616493118574969, "3": 2.6483892542685936, "4": 0.450477170871304, "5": -2.23146290027754, "6": -2.692170932363859, "7": -2.272126806354405}, "datetime": {"datetime": "2021-06-29 20:43:53", "elapsed": 1812.611038, "delta": 5.44248}}
{"target": 0.003023657567865514, "params": {"0": -0.0938325528241899, "1": 2.697410380118132, "2": 2.530769626115678, "3": -2.0357641410731064, "4": 0.528162489925581, "5": -2.3797350370069834, "6": 1.7899818344269551, "7": 0.8021472773057603}, "datetime": {"datetime": "2021-06-29 20:44:01", "elapsed": 1820.644228, "delta": 8.03319}}
{"target": 0.004113336747195864, "params": {"0": -0.7442415506790288, "1": -2.984445950988097, "2": 2.97212488970744, "3": -1.8392932044705854, "4": 1.5406574908613724, "5": 2.4312556884782657, "6": 1.3306372744378372, "7": 0.2577051219728217}, "datetime": {"datetime": "2021-06-29 20:44:15", "elapsed": 1834.826375, "delta": 14.182147}}
{"target": 0.003401649649929099, "params": {"0": -1.642641339873053, "1": -0.3392631491046423, "2": 1.6048449548050474, "3": 1.4777560664277765, "4": -2.207942952094852, "5": -2.507707274792182, "6": -2.6685576580265753, "7": 1.9698219623442856}, "datetime": {"datetime": "2021-06-29 20:44:22", "elapsed": 1842.068583, "delta": 7.242208}}
{"target": 0.03379224465601651, "params": {"0": -0.3561104893903835, "1": 1.8625785331263423, "2": 1.7386599573775383, "3": -0.5778641325366918, "4": -1.2706816224384108, "5": -1.5258475944789738, "6": 0.9792567415134288, "7": 1.6907082680624441}, "datetime": {"datetime": "2021-06-29 20:44:31", "elapsed": 1850.705012, "delta": 8.636429}}
{"target": 0.0031283897962753734, "params": {"0": 2.374103297203048, "1": -1.9576226429292138, "2": -0.38467531718231207, "3": -1.1100228826453429, "4": -1.2807914485439442, "5": 2.280715340867559, "6": -1.602616470529557, "7": 1.2256020963490997}, "datetime": {"datetime": "2021-06-29 20:44:37", "elapsed": 1856.525339, "delta": 5.820327}}
{"target": 0.0030809291372493833, "params": {"0": -0.13879108007641294, "1": -2.0807756965626583, "2": -0.7599085383127817, "3": 0.09626433723029004, "4": 0.08795814091324061, "5": -1.3562447207552488, "6": -0.05885175094644568, "7": 1.249871106696852}, "datetime": {"datetime": "2021-06-29 20:44:46", "elapsed": 1865.827948, "delta": 9.302609}}
{"target": 0.005417348753885893, "params": {"0": 1.9393260346529928, "1": -1.0906138086443704, "2": 2.9099238590449197, "3": -0.9029789574981062, "4": -0.5578898490877053, "5": 1.32879998402559, "6": 2.8536037633472686, "7": 0.5450400170224841}, "datetime": {"datetime": "2021-06-29 20:44:52", "elapsed": 1872.095119, "delta": 6.267171}}
{"target": 0.0030406807870018413, "params": {"0": -2.802889128645541, "1": 2.533789658054447, "2": 0.8224703081210865, "3": -1.415404553878467, "4": 2.5172226780770792, "5": -0.835798256873145, "6": 0.9756316685003155, "7": -2.880481487642026}, "datetime": {"datetime": "2021-06-29 20:44:57", "elapsed": 1877.110023, "delta": 5.014904}}
{"target": 0.003677070623868151, "params": {"0": 1.9745066464122711, "1": 2.841602239433815, "2": -1.7697024644806898, "3": -1.9823125589686599, "4": -1.0167331970398557, "5": 0.2332772353784316, "6": -0.11563973453144172, "7": 2.3625755228090854}, "datetime": {"datetime": "2021-06-29 20:45:05", "elapsed": 1885.003091, "delta": 7.893068}}
{"target": 0.003194580159927749, "params": {"0": 0.5590909187969269, "1": 0.6031441559648667, "2": -1.4997012056383086, "3": -0.16706454771467882, "4": -1.3812259892839873, "5": 1.8907806713393036, "6": -0.19110571506913931, "7": 0.6944276244650025}, "datetime": {"datetime": "2021-06-29 20:45:13", "elapsed": 1892.690636, "delta": 7.687545}}
{"target": 0.003104091202996754, "params": {"0": 0.9355817385609164, "1": 0.9915467080211364, "2": -2.0134878506614697, "3": -2.050983286265951, "4": -0.689652182052618, "5": -1.5176787239613985, "6": 0.04938156920463266, "7": 1.9984480130612745}, "datetime": {"datetime": "2021-06-29 20:45:23", "elapsed": 1902.55922, "delta": 9.868584}}
{"target": 0.0030984143302592642, "params": {"0": 0.021592730999703935, "1": 2.0132711027457777, "2": -1.7840033771714991, "3": -2.536811822128298, "4": -1.1717704123901014, "5": 1.4864567365249401, "6": 2.9800962540173934, "7": 2.0358816174485748}, "datetime": {"datetime": "2021-06-29 20:45:30", "elapsed": 1909.83804, "delta": 7.27882}}
{"target": 0.018533009783727416, "params": {"0": -1.9699172645876843, "1": -1.5357098556121578, "2": -2.3709141130089693, "3": -2.1969100996374973, "4": 1.3868075197738872, "5": -0.4374906660868838, "6": -2.3796283290413878, "7": 1.2625179165588918}, "datetime": {"datetime": "2021-06-29 20:45:37", "elapsed": 1917.053562, "delta": 7.215522}}
{"target": 0.0030931642682225833, "params": {"0": 0.9982652824411429, "1": 2.5927444962419237, "2": -1.4615471469411967, "3": 2.75418353965152, "4": -0.4365148953481368, "5": 1.6614572445708786, "6": -0.21469554681676017, "7": 0.7500046875742123}, "datetime": {"datetime": "2021-06-29 20:45:43", "elapsed": 1922.945046, "delta": 5.891484}}
{"target": 0.003493157062143981, "params": {"0": -2.9059985624998044, "1": -1.721454599782277, "2": 0.6341961374358722, "3": 2.036915890102887, "4": 0.5692325347508191, "5": -2.392533101111771, "6": 1.139420786294016, "7": -2.0430038677820397}, "datetime": {"datetime": "2021-06-29 20:45:48", "elapsed": 1928.087854, "delta": 5.142808}}
{"target": 0.0030388590229573974, "params": {"0": -0.14301584321573646, "1": -0.5863959177460032, "2": -2.68126894864173, "3": 2.498115227911713, "4": 2.0457173073606363, "5": -1.5361572837429252, "6": -1.1439018608085278, "7": -2.0749062203626574}, "datetime": {"datetime": "2021-06-29 20:45:52", "elapsed": 1931.937456, "delta": 3.849602}}
{"target": 0.0035628830916904926, "params": {"0": 0.8853589615356916, "1": -2.513713623830742, "2": 1.3703762780276065, "3": -2.202932252228768, "4": 0.061099267343612595, "5": 1.7475536891496901, "6": -1.519910656898297, "7": 0.7938698646832605}, "datetime": {"datetime": "2021-06-29 20:46:01", "elapsed": 1941.165327, "delta": 9.227871}}
{"target": 0.18873945373448164, "params": {"0": -0.43876034225824334, "1": 2.202764487152331, "2": 2.2167569232705358, "3": -1.0357816611880761, "4": -1.0338107237536591, "5": -1.8914217704789211, "6": 1.4870863921856845, "7": 1.780142266067303}, "datetime": {"datetime": "2021-06-29 20:46:11", "elapsed": 1951.453185, "delta": 10.287858}}
{"target": 0.012929768161158681, "params": {"0": -0.7739582201183541, "1": -0.4225765631248435, "2": -2.278209627115749, "3": -1.591252712311583, "4": 1.6024864263902003, "5": -1.025921259939673, "6": 0.7682802920997345, "7": -1.611281711379571}, "datetime": {"datetime": "2021-06-29 20:46:21", "elapsed": 1960.746562, "delta": 9.293377}}
{"target": 0.003076380577590025, "params": {"0": 1.0713010033716657, "1": -1.9732989686628908, "2": 2.120023282407489, "3": 2.097072114809597, "4": -1.0692588107428012, "5": -1.2663215241114976, "6": 0.9574224720339659, "7": 2.0176607537650257}, "datetime": {"datetime": "2021-06-29 20:46:29", "elapsed": 1968.701038, "delta": 7.954476}}
{"target": 0.0035321321567896237, "params": {"0": 0.9925897346271122, "1": -1.0617206377302377, "2": 1.081461752002805, "3": -0.2850157679792531, "4": -0.5900679288005932, "5": -0.6585542274599825, "6": -0.7794760094782793, "7": 1.5335579173890395}, "datetime": {"datetime": "2021-06-29 20:46:39", "elapsed": 1978.872558, "delta": 10.17152}}
{"target": 0.003092427235301563, "params": {"0": 1.4193996844180274, "1": 2.2598931955273365, "2": -1.146267251731153, "3": 1.194353651103075, "4": -0.8762030930762812, "5": 0.1543451410516985, "6": -1.803671199966581, "7": -0.5422777795610307}, "datetime": {"datetime": "2021-06-29 20:46:46", "elapsed": 1986.082257, "delta": 7.209699}}
{"target": 0.0030479362590017573, "params": {"0": 1.1230741933182564, "1": 2.0418580930430066, "2": -0.3573607544416504, "3": -1.849246370479118, "4": -0.2883756564895368, "5": 0.4125560541619162, "6": 2.092857933079962, "7": -0.744627157705418}, "datetime": {"datetime": "2021-06-29 20:46:58", "elapsed": 1997.581947, "delta": 11.49969}}
{"target": 0.0034526482277419885, "params": {"0": 1.0335285028924117, "1": 1.7776606089129015, "2": -1.0748629354402381, "3": -2.04367646470694, "4": 1.4769028042924752, "5": -0.980679888849421, "6": 2.547356240108467, "7": -0.26684483553139504}, "datetime": {"datetime": "2021-06-29 20:47:08", "elapsed": 2008.125598, "delta": 10.543651}}
{"target": 0.0037094589279989157, "params": {"0": 1.4987677192495212, "1": 2.2125515550925936, "2": -0.14422612289562542, "3": -0.6799875258051147, "4": -2.4035817611890216, "5": -2.0831000719075816, "6": -1.5017331260818567, "7": 1.4426470067874817}, "datetime": {"datetime": "2021-06-29 20:47:15", "elapsed": 2014.582043, "delta": 6.456445}}
{"target": 0.0030454202744978867, "params": {"0": -0.03545464499829043, "1": 1.6028347737276505, "2": -1.2820960717149275, "3": -2.8858599644091045, "4": -0.19692268724582895, "5": 0.817107577913827, "6": 2.6806378875305352, "7": 0.5840827000904936}, "datetime": {"datetime": "2021-06-29 20:47:20", "elapsed": 2020.45774, "delta": 5.875697}}
{"target": 0.0033588699560800797, "params": {"0": 1.9158765611492434, "1": 0.0122616023551676, "2": 1.5369197680093887, "3": -0.7135916528277537, "4": -0.6585175828919869, "5": -1.1420702468933637, "6": 0.050599721775793416, "7": 2.2865611388579588}, "datetime": {"datetime": "2021-06-29 20:47:40", "elapsed": 2039.644657, "delta": 19.186917}}
{"target": 0.003012298813532003, "params": {"0": 1.770566422999071, "1": -0.9510756705852108, "2": 1.9967410308934825, "3": -0.47965209196059444, "4": 2.95042987820223, "5": 1.785361344618364, "6": -0.2778516712680421, "7": -1.5173177263165754}, "datetime": {"datetime": "2021-06-29 20:47:48", "elapsed": 2047.997081, "delta": 8.352424}}
{"target": 0.0032735805859912272, "params": {"0": 0.0885952547724731, "1": 0.7315220987771789, "2": -0.75951018474926, "3": 1.5803062203081533, "4": -2.493783879233363, "5": 1.9121555944135515, "6": -2.4280667852510476, "7": 1.480710584834724}, "datetime": {"datetime": "2021-06-29 20:48:02", "elapsed": 2062.099251, "delta": 14.10217}}
{"target": 0.003990607990130901, "params": {"0": 1.6571086286299073, "1": -1.4067561934300847, "2": -2.0272636119859078, "3": 2.20341613568496, "4": 2.9423566704698434, "5": -2.3123026042952963, "6": 2.4502621932904987, "7": -0.5758761794326563}, "datetime": {"datetime": "2021-06-29 20:48:11", "elapsed": 2070.791853, "delta": 8.692602}}
{"target": 0.008948304135021835, "params": {"0": 1.614019340243713, "1": 2.7667353086557744, "2": -0.6441431444748273, "3": -0.41803264770330717, "4": -2.671576154311979, "5": 1.1371181069060992, "6": 2.795474164936593, "7": -0.0427880668133902}, "datetime": {"datetime": "2021-06-29 20:48:19", "elapsed": 2078.859225, "delta": 8.067372}}
{"target": 0.0030109220248799124, "params": {"0": 1.7708599574649835, "1": 0.665493797347557, "2": 2.654154339024636, "3": -2.881252965262849, "4": 1.4452674802458443, "5": 1.6864918544407672, "6": 1.3612010576863494, "7": -1.1590381919271564}, "datetime": {"datetime": "2021-06-29 20:48:24", "elapsed": 2083.740503, "delta": 4.881278}}
{"target": 0.0029960513506940285, "params": {"0": 0.12374480759597528, "1": -1.3140824990093765, "2": -0.9967929826943456, "3": 2.1788023810570074, "4": -2.527116006915054, "5": 1.81841681606309, "6": 1.6480500597869439, "7": 1.3348618987100913}, "datetime": {"datetime": "2021-06-29 20:48:29", "elapsed": 2089.129186, "delta": 5.388683}}
{"target": 0.005132412301073624, "params": {"0": 0.6535003984538692, "1": 0.7149474717278119, "2": -2.2440388622762177, "3": 2.7379946910316395, "4": 2.411696193059967, "5": 0.07229165920131919, "6": 2.0326812509862284, "7": 0.9435206321624383}, "datetime": {"datetime": "2021-06-29 20:48:36", "elapsed": 2096.448226, "delta": 7.31904}}
{"target": 0.00357908944382786, "params": {"0": -2.5641587883255053, "1": -0.9302936659793319, "2": 2.984337125046512, "3": 0.4107629487474327, "4": -1.9474893971287737, "5": -2.811641411104866, "6": -2.4888968766500383, "7": 2.2137732525289913}, "datetime": {"datetime": "2021-06-29 20:48:44", "elapsed": 2103.925362, "delta": 7.477136}}
{"target": 0.004094345827406407, "params": {"0": -1.118147450115229, "1": 0.24943987504274112, "2": -1.0154057393325713, "3": -2.577609176059979, "4": -0.3006326418621139, "5": 0.008606852891403172, "6": -2.1533018530115555, "7": 2.2507786971571084}, "datetime": {"datetime": "2021-06-29 20:48:50", "elapsed": 2110.180373, "delta": 6.255011}}
{"target": 0.004982695572255143, "params": {"0": 1.9412184256828873, "1": -2.7398489105050827, "2": 1.563728598182097, "3": 0.07671851921837769, "4": -0.3041637956541283, "5": -0.7311141207950094, "6": -0.5335557915140932, "7": -2.2900485544303786}, "datetime": {"datetime": "2021-06-29 20:49:02", "elapsed": 2122.052648, "delta": 11.872275}}
{"target": 0.0031759605986000313, "params": {"0": -1.7549652096348491, "1": -1.5373220856823635, "2": 2.4846822532843067, "3": -2.628545848098823, "4": 0.0249339586151347, "5": -2.222483830222611, "6": -0.2763478620549167, "7": 1.0159589840564527}, "datetime": {"datetime": "2021-06-29 20:49:11", "elapsed": 2130.883631, "delta": 8.830983}}
{"target": 0.003053492013055246, "params": {"0": -2.9038923789884983, "1": -1.302125743627335, "2": -0.7872487967592172, "3": -0.7836773031464261, "4": -1.3389817338542211, "5": -2.924664161352842, "6": -0.22663639829928295, "7": 2.3930052963664856}, "datetime": {"datetime": "2021-06-29 20:49:19", "elapsed": 2139.278453, "delta": 8.394822}}
{"target": 0.0032323807771276864, "params": {"0": -2.001760434974112, "1": 0.3511138201138131, "2": -0.8975557336538977, "3": -1.1393993318177036, "4": 0.33555193120135307, "5": -1.2504074927392466, "6": 2.626984701484817, "7": 2.084686948542261}, "datetime": {"datetime": "2021-06-29 20:49:27", "elapsed": 2146.968639, "delta": 7.690186}}
{"target": 0.0029401082859318996, "params": {"0": 0.021845477888527753, "1": 1.5310858318039093, "2": -0.5303410777308679, "3": -1.7456826124439067, "4": 0.7302828219833137, "5": -0.8663632444348615, "6": 2.1889520812705294, "7": 0.7299822542464329}, "datetime": {"datetime": "2021-06-29 20:49:38", "elapsed": 2158.172353, "delta": 11.203714}}
{"target": 0.0032350225733675346, "params": {"0": 1.0753191018148112, "1": -2.3350882224427094, "2": 0.3970795790050117, "3": -2.0213560721593087, "4": -1.3391144278569842, "5": -2.363134054216813, "6": -0.9252965336249694, "7": 1.8326400918253114}, "datetime": {"datetime": "2021-06-29 20:49:46", "elapsed": 2166.233404, "delta": 8.061051}}
{"target": 0.0033143275025232697, "params": {"0": 1.8356374175746488, "1": 2.4744647321748143, "2": -1.9011101949868205, "3": -0.9198578184024067, "4": -1.3694838677116112, "5": 2.6080478523887916, "6": 1.4520463829127355, "7": 1.7994811838788065}, "datetime": {"datetime": "2021-06-29 20:49:52", "elapsed": 2171.9396, "delta": 5.706196}}
{"target": 0.003740628994205956, "params": {"0": 0.4218277586797856, "1": -0.7959363604547587, "2": 0.14943484842812405, "3": 2.2154745927125488, "4": -1.8193633797093183, "5": 2.335465929192848, "6": -2.7946980325463087, "7": 0.9165624968046933}, "datetime": {"datetime": "2021-06-29 20:50:01", "elapsed": 2180.962439, "delta": 9.022839}}
{"target": 0.0035857711958739726, "params": {"0": 1.2940766799738697, "1": 2.8819199958977837, "2": -0.5772977187279218, "3": -0.993106465796568, "4": -0.7579030848331243, "5": -1.2396356952694356, "6": 2.0178944897134814, "7": -1.8276729867181765}, "datetime": {"datetime": "2021-06-29 20:50:10", "elapsed": 2189.94471, "delta": 8.982271}}
{"target": 0.003991577996275345, "params": {"0": -1.9686382274854595, "1": -1.0360949986776269, "2": 2.808086496366636, "3": 1.1608378932312737, "4": 0.2597263853064433, "5": -1.952535015656188, "6": -0.4083986652539773, "7": 1.280949214093261}, "datetime": {"datetime": "2021-06-29 20:50:22", "elapsed": 2201.576295, "delta": 11.631585}}
{"target": 0.024206830774901614, "params": {"0": -2.6503747451766237, "1": 1.8952016151910263, "2": 0.8550278109053879, "3": -1.9235462326231658, "4": 1.530132516333385, "5": -2.4435594048248626, "6": 0.14806181169742416, "7": 0.6529434503597922}, "datetime": {"datetime": "2021-06-29 20:50:28", "elapsed": 2208.034388, "delta": 6.458093}}
{"target": 0.0057043293242363124, "params": {"0": 0.29739944889503267, "1": -1.221735378971918, "2": -1.0267118594037945, "3": 0.23082943391155286, "4": 1.2620374611291192, "5": 2.2185365556731025, "6": 2.8672019512122393, "7": -0.0895981077550454}, "datetime": {"datetime": "2021-06-29 20:50:36", "elapsed": 2216.26586, "delta": 8.231472}}
{"target": 0.0030969305984042666, "params": {"0": -2.0759899996334834, "1": 0.0017631320645055126, "2": -0.06352234821416936, "3": 0.09615118760536712, "4": 1.3634543895756295, "5": 2.9406731768193746, "6": -1.4245444142121224, "7": 1.2314120962788913}, "datetime": {"datetime": "2021-06-29 20:50:45", "elapsed": 2225.291469, "delta": 9.025609}}
{"target": 0.00334053750891976, "params": {"0": 2.752666405135903, "1": 0.38896314988384795, "2": -1.5228494616964054, "3": 2.519030450243651, "4": -0.9587630668657816, "5": 1.9407882722855812, "6": -2.4626088836065683, "7": -0.8141978438683699}, "datetime": {"datetime": "2021-06-29 20:50:53", "elapsed": 2233.435109, "delta": 8.14364}}
{"target": 0.003103366068094051, "params": {"0": 2.118955849288149, "1": 0.685341649321149, "2": 1.4802054233666402, "3": -1.4028427984535359, "4": 0.5144745810694973, "5": 1.4847424950035855, "6": 1.0260978969220869, "7": -1.9377808543548312}, "datetime": {"datetime": "2021-06-29 20:51:01", "elapsed": 2240.517403, "delta": 7.082294}}
