{"target": 0.004240906076936543, "params": {"0": 1.7772074660972415, "1": 0.6827150262274886, "2": 2.5724772343220685, "3": -2.830914506146747, "4": -2.378209346376793, "5": 0.9662384705116152, "6": 0.09338006724760106, "7": 0.07653487631155809}, "datetime": {"datetime": "2021-06-30 02:10:10", "elapsed": 21303.761466, "delta": 39.476437}}
{"target": 0.003064478280030233, "params": {"0": 0.04235974353489613, "1": -0.9231703791011308, "2": 0.6573721112373243, "3": 1.227380401702379, "4": -1.7207374211017257, "5": 2.3502658318089553, "6": 0.5365078259314693, "7": 2.7604389907815916}, "datetime": {"datetime": "2021-06-30 02:11:06", "elapsed": 21359.075676, "delta": 55.31421}}
{"target": 0.004448304249861492, "params": {"0": 1.4896974290320877, "1": -0.5201573317169785, "2": 0.005326622067975961, "3": -0.8265981436017551, "4": 2.196784665245768, "5": 1.0439765630348266, "6": -2.587554474351175, "7": 1.482572579341892}, "datetime": {"datetime": "2021-06-30 02:11:42", "elapsed": 21395.729076, "delta": 36.6534}}
{"target": 0.00575724835594174, "params": {"0": -2.519069651528528, "1": 2.3038516631545995, "2": 2.5795547846456675, "3": 2.8563549797614582, "4": -1.6303463492598704, "5": -0.14541110270740187, "6": 1.0170618604241914, "7": 0.9358467267257269}, "datetime": {"datetime": "2021-06-30 02:12:24", "elapsed": 21437.243827, "delta": 41.514751}}
{"target": 0.00359552859680519, "params": {"0": -0.11328638353449794, "1": 0.3378916155296574, "2": -1.5224467577867566, "3": 1.4021240615822892, "4": -1.9237523206569223, "5": 1.8954734277256184, "6": -1.6555918583682148, "7": -1.449302597123857}, "datetime": {"datetime": "2021-06-30 02:12:58", "elapsed": 21471.112819, "delta": 33.868992}}
{"target": 0.0029425839141673177, "params": {"0": 1.6587304807336576, "1": 2.641409240453225, "2": 0.5041466314250052, "3": 1.3703232889337746, "4": 2.0848838825682794, "5": -2.991004666201456, "6": -2.2311944665277736, "7": 0.36833661762895975}, "datetime": {"datetime": "2021-06-30 02:13:28", "elapsed": 21501.661523, "delta": 30.548704}}
{"target": 0.07236559102860829, "params": {"0": -0.13413110976107712, "1": 1.7436613965743302, "2": -1.4955747191903601, "3": -0.30437717004460163, "4": -1.5711604110927444, "5": -1.9499128962197252, "6": -1.407780280788282, "7": -2.265927081556514}, "datetime": {"datetime": "2021-06-30 02:14:20", "elapsed": 21553.355509, "delta": 51.693986}}
{"target": 0.003002392061900549, "params": {"0": -1.0482719146445545, "1": -0.8992329401343064, "2": 1.809057632873615, "3": -1.217275457115557, "4": -1.4365722647260502, "5": 2.0094240668786316, "6": 1.245914418000396, "7": 0.02906452454383679}, "datetime": {"datetime": "2021-06-30 02:15:04", "elapsed": 21597.091916, "delta": 43.736407}}
{"target": 0.003203011701591568, "params": {"0": -1.6017144591677919, "1": 0.35868958067211265, "2": 1.53374240822178, "3": 0.4039078916946899, "4": -1.828634821675834, "5": 1.9425950258275408, "6": -2.03533658703949, "7": 0.9506747137545557}, "datetime": {"datetime": "2021-06-30 02:15:41", "elapsed": 21634.156481, "delta": 37.064565}}
{"target": 0.009304980169964306, "params": {"0": -0.5811612630002001, "1": -2.921137325064222, "2": -0.5067832301229327, "3": -2.1774247048054898, "4": -2.9694415190392442, "5": -0.6729176878087761, "6": -2.642906537125773, "7": 2.7752099043623586}, "datetime": {"datetime": "2021-06-30 02:17:19", "elapsed": 21731.983565, "delta": 97.827084}}
{"target": 0.00314514722522064, "params": {"0": 2.597512167437878, "1": -2.898066322612785, "2": -2.9697681130494535, "3": 1.2931915889421663, "4": -1.2392806611805356, "5": -1.5612098914324324, "6": 0.49809606713119914, "7": 0.1432423537388301}, "datetime": {"datetime": "2021-06-30 02:18:20", "elapsed": 21793.33726, "delta": 61.353695}}
{"target": 0.0028329632681242125, "params": {"0": 2.0169146090281274, "1": 2.4478596229331018, "2": -1.6222415428373587, "3": 0.009911274034958506, "4": 1.7638978781581365, "5": -0.17573092156776626, "6": 2.6801899241821694, "7": 2.876095843518942}, "datetime": {"datetime": "2021-06-30 02:18:58", "elapsed": 21831.161432, "delta": 37.824172}}
{"target": 0.02050807366758125, "params": {"0": -0.3170916340622254, "1": 1.8049319919193012, "2": 1.3218688223903108, "3": -0.48182961768864896, "4": 1.9493389723874035, "5": -1.378243260159207, "6": 1.5207844808247941, "7": -2.5406163774517454}, "datetime": {"datetime": "2021-06-30 02:20:43", "elapsed": 21936.542141, "delta": 105.380709}}
{"target": 0.0030450399147270895, "params": {"0": 1.4583658978451552, "1": 0.3500743672867528, "2": 0.07254241867934574, "3": 2.906352907171722, "4": 0.8529342077129103, "5": 0.00365028215965868, "6": -1.8204003113652463, "7": -0.8949156315244533}, "datetime": {"datetime": "2021-06-30 02:21:58", "elapsed": 22011.5226, "delta": 74.980459}}
{"target": 0.00310974714926252, "params": {"0": 1.0802583645300405, "1": 0.5596425675386767, "2": -1.3492621423778375, "3": 2.308946295821988, "4": 0.5976170625105031, "5": -2.607321885428741, "6": 0.1529838801481458, "7": 1.753330960148359}, "datetime": {"datetime": "2021-06-30 02:22:51", "elapsed": 22064.935375, "delta": 53.412775}}
{"target": 0.0030639940477495847, "params": {"0": -2.6625328529685417, "1": 2.587921615664407, "2": 2.468210100258454, "3": -2.040530420930458, "4": -1.782919034101759, "5": -0.9995417268304578, "6": -1.1539436753609706, "7": 2.26812956853294}, "datetime": {"datetime": "2021-06-30 02:24:15", "elapsed": 22148.741785, "delta": 83.80641}}
{"target": 0.0035335317382683236, "params": {"0": 1.836416742573884, "1": -0.4666789808492897, "2": -1.689501269053708, "3": 2.6429149194073824, "4": -1.8555482927628615, "5": -1.5394678985604298, "6": -1.006808216384126, "7": 2.382014082872658}, "datetime": {"datetime": "2021-06-30 02:25:23", "elapsed": 22216.624547, "delta": 67.882762}}
{"target": 0.0031477852649386996, "params": {"0": 1.3729044289833467, "1": -2.6819204435227153, "2": 1.8687304851513282, "3": 1.1287830234397482, "4": -0.826684651633232, "5": 2.3498381019237344, "6": 1.7611028538423756, "7": -1.487079205676405}, "datetime": {"datetime": "2021-06-30 02:26:05", "elapsed": 22258.427275, "delta": 41.802728}}
{"target": 0.0031549902342435814, "params": {"0": 0.8126568341174076, "1": -1.6723760416610023, "2": -1.0509542497148732, "3": -1.360620690129186, "4": -1.2575312934851066, "5": -2.520015047478027, "6": -0.5052436744764579, "7": -0.5597552083059307}, "datetime": {"datetime": "2021-06-30 02:26:51", "elapsed": 22304.559691, "delta": 46.132416}}
{"target": 0.012287999484522624, "params": {"0": 1.5982795165218429, "1": 0.9429103699397752, "2": -0.7381203390881472, "3": -0.6955967789476682, "4": -2.3074602887470768, "5": -2.9457695784133024, "6": -0.8610926022607139, "7": -1.3780487278363873}, "datetime": {"datetime": "2021-06-30 02:27:40", "elapsed": 22353.261493, "delta": 48.701802}}
{"target": 0.003487229144039426, "params": {"0": -1.3159570728201775, "1": -1.3240183981869493, "2": -0.9778933862403569, "3": -2.9085251333655764, "4": 1.74938328892926, "5": -0.45602367989097825, "6": -2.595640351784906, "7": -1.9205594598137503}, "datetime": {"datetime": "2021-06-30 02:28:35", "elapsed": 22407.972041, "delta": 54.710548}}
{"target": 0.0036379457349504742, "params": {"0": -1.0531734240581974, "1": -1.7461755393597476, "2": -2.671819645439895, "3": 0.691301952858185, "4": 1.215481405321662, "5": -2.2102674968656633, "6": 1.1793170925971435, "7": 1.7856057132543377}, "datetime": {"datetime": "2021-06-30 02:30:26", "elapsed": 22519.71168, "delta": 111.739639}}
{"target": 0.005063053923871733, "params": {"0": -1.8967993578658924, "1": 0.8503178942655096, "2": -0.054750211986606345, "3": -1.7016875739847324, "4": 0.8040433730776182, "5": 2.8004796435448576, "6": -1.659957760712063, "7": -1.0685974195671168}, "datetime": {"datetime": "2021-06-30 02:31:05", "elapsed": 22558.59112, "delta": 38.87944}}
{"target": 0.00324662295408112, "params": {"0": 1.0135542799670318, "1": -1.3965018839258168, "2": 0.745383817249544, "3": 0.032539225283781725, "4": -0.8590924030019842, "5": -1.7386168240177846, "6": -0.04399072342095023, "7": -2.1931908381112506}, "datetime": {"datetime": "2021-06-30 02:31:55", "elapsed": 22608.272374, "delta": 49.681254}}
{"target": 0.0031624474729779607, "params": {"0": -0.8561859020048379, "1": 1.4821738716334991, "2": -0.48848182881646274, "3": -2.8051367264046796, "4": 0.2180603678572126, "5": 0.1643820529470661, "6": -2.7807896703207398, "7": -2.3546604688537816}, "datetime": {"datetime": "2021-06-30 02:32:39", "elapsed": 22652.136987, "delta": 43.864613}}
{"target": 0.005026424169526135, "params": {"0": -0.21329382402140595, "1": 0.5248303288315972, "2": 0.5931231141091886, "3": 1.4437112143699409, "4": -2.9018280935604643, "5": 1.3118174204669142, "6": -0.1026283533147554, "7": 1.1838091393457937}, "datetime": {"datetime": "2021-06-30 02:33:20", "elapsed": 22693.818123, "delta": 41.681136}}
{"target": 0.0028555980990864673, "params": {"0": -0.15220024812956723, "1": -0.22101395045468575, "2": 2.2475091849102196, "3": 0.8403169463036821, "4": 2.468759176841753, "5": 1.2567631968503754, "6": 2.8652313678098373, "7": -0.4380777358244803}, "datetime": {"datetime": "2021-06-30 02:34:13", "elapsed": 22746.434823, "delta": 52.6167}}
{"target": 0.0035323841418936227, "params": {"0": 2.160591350674294, "1": 1.9940073686056339, "2": 2.7543792599030406, "3": -2.819234279988268, "4": -1.1357739447844797, "5": -2.4437310539180883, "6": -0.341296082993666, "7": 1.0040789745687073}, "datetime": {"datetime": "2021-06-30 02:35:08", "elapsed": 22801.021437, "delta": 54.586614}}
{"target": 0.0029846212543076954, "params": {"0": 2.6847377573892848, "1": 0.7954957477477014, "2": -2.441734610342421, "3": 2.3532798413916556, "4": -0.6533581640131407, "5": -2.367250582524208, "6": -0.6521595652291605, "7": -0.4097313988474234}, "datetime": {"datetime": "2021-06-30 02:35:40", "elapsed": 22833.04122, "delta": 32.019783}}
{"target": 0.005129215182819476, "params": {"0": -1.2357889367196313, "1": -1.7635658496143896, "2": 2.344748960547162, "3": 0.5243998511516899, "4": 1.5314283540672502, "5": 1.4240215110247574, "6": -2.6083875263645924, "7": -1.0130468671948247}, "datetime": {"datetime": "2021-06-30 02:36:15", "elapsed": 22868.053622, "delta": 35.012402}}
{"target": 0.003030611250955571, "params": {"0": 1.8887857430257604, "1": 1.0937778796379085, "2": 2.3320592156041178, "3": 0.9007232687763933, "4": -1.3966392994171872, "5": -2.9497330390571994, "6": -0.4255490777786637, "7": -2.0592247688501626}, "datetime": {"datetime": "2021-06-30 02:36:49", "elapsed": 22902.641811, "delta": 34.588189}}
{"target": 0.0029902202607603704, "params": {"0": -1.2702845484037202, "1": 1.4909574347789727, "2": 2.4749999620720367, "3": 2.869789144690947, "4": 0.6348764645544795, "5": -1.7398047001786732, "6": 1.9773488043181358, "7": 2.1094900807875305}, "datetime": {"datetime": "2021-06-30 02:37:26", "elapsed": 22939.289442, "delta": 36.647631}}
{"target": 0.0033272535005301565, "params": {"0": 2.411935845579894, "1": -2.178057574690766, "2": 1.7779255893677215, "3": 0.5754125286844101, "4": -2.4660355322422247, "5": 1.26765809702811, "6": -0.896385047963435, "7": -2.0147360164318178}, "datetime": {"datetime": "2021-06-30 02:37:58", "elapsed": 22971.57823, "delta": 32.288788}}
{"target": 0.005089669694926874, "params": {"0": -0.5931497700341417, "1": -0.38079456963089164, "2": 0.9106059266111202, "3": -1.7428412718758408, "4": -1.6533169043946812, "5": -1.2651520742926992, "6": 1.7520711787860694, "7": 0.16578015072033514}, "datetime": {"datetime": "2021-06-30 02:39:46", "elapsed": 23079.440296, "delta": 107.862066}}
{"target": 0.004670013540616343, "params": {"0": 0.4797242328272677, "1": 1.9339912927656844, "2": 0.3109441846891472, "3": -2.859189309764737, "4": -0.7622037221254336, "5": 0.6145894624773152, "6": 0.7343104400213831, "7": 1.1448328301346038}, "datetime": {"datetime": "2021-06-30 02:40:28", "elapsed": 23121.360683, "delta": 41.920387}}
{"target": 0.0030795691462454453, "params": {"0": -1.6430188774124708, "1": -0.8434537992953643, "2": 1.9581235769766918, "3": -0.013367899443422537, "4": -2.8298444489266927, "5": 0.011449269328461575, "6": 2.7045367235983973, "7": -0.36205445496814814}, "datetime": {"datetime": "2021-06-30 02:42:23", "elapsed": 23236.836549, "delta": 115.475866}}
{"target": 0.013770659715277899, "params": {"0": -1.9375341191099638, "1": -2.890083265551965, "2": 2.8594360661200593, "3": -2.0721078304120657, "4": 1.4060854999267978, "5": -0.042029938484978935, "6": -2.283733839670047, "7": 0.6101049365947504}, "datetime": {"datetime": "2021-06-30 02:43:10", "elapsed": 23283.510561, "delta": 46.674012}}
{"target": 0.003084059748892045, "params": {"0": 2.9812901192090884, "1": -1.3229529643295104, "2": -2.5844296594195866, "3": 1.015959044600363, "4": -0.03944017458645899, "5": -0.045374120737254664, "6": 1.0764223851178754, "7": -2.1830812136214206}, "datetime": {"datetime": "2021-06-30 02:43:56", "elapsed": 23328.959361, "delta": 45.4488}}
{"target": 0.0029586563129497404, "params": {"0": -0.7943848812963688, "1": 1.0883569094158272, "2": -2.5536882686252875, "3": 2.047853968985672, "4": 0.6151027104186704, "5": 2.300439230330177, "6": 1.5253090617421856, "7": 2.7963177692376258}, "datetime": {"datetime": "2021-06-30 02:44:26", "elapsed": 23359.453055, "delta": 30.493694}}
{"target": 0.003064589375952499, "params": {"0": 0.8258690517041636, "1": 1.462762362665461, "2": -2.8194389163433122, "3": 2.2493988467794335, "4": 0.0989531000361219, "5": -0.5694093911574023, "6": 0.9676167632816908, "7": -1.4664665126787377}, "datetime": {"datetime": "2021-06-30 02:45:09", "elapsed": 23402.229722, "delta": 42.776667}}
{"target": 0.0029625891635989983, "params": {"0": -0.6812609549202575, "1": -1.1042499144961053, "2": -0.8477980749980709, "3": 0.6095339826073864, "4": -0.81569631535345, "5": 2.8893261265316124, "6": -0.8111350943678115, "7": -0.075005246145194}, "datetime": {"datetime": "2021-06-30 02:45:39", "elapsed": 23432.318231, "delta": 30.088509}}
{"target": 0.0031590240540324515, "params": {"0": 1.6430797883258235, "1": 0.10102455755077155, "2": 1.6953369291527132, "3": -0.46850312083409884, "4": -0.7326529553517562, "5": -0.9918461285425808, "6": -0.7192516339065183, "7": 2.1496061811604594}, "datetime": {"datetime": "2021-06-30 02:46:50", "elapsed": 23503.333337, "delta": 71.015106}}
{"target": 0.010168735559410927, "params": {"0": -0.3134389656412653, "1": -2.2938878278244115, "2": 0.6290377416903143, "3": 0.6386696010682744, "4": 0.26277836608634075, "5": -1.0299735393523248, "6": 0.428684474996464, "7": 0.7848563325125051}, "datetime": {"datetime": "2021-06-30 02:47:26", "elapsed": 23539.420131, "delta": 36.086794}}
{"target": 0.003455052858231781, "params": {"0": 1.2692416149395473, "1": 2.3242561801359347, "2": 0.160970146782498, "3": -2.249115646915772, "4": -0.0032074499906653564, "5": 0.9569263476272667, "6": -1.8699861854360391, "7": -0.3630717197818809}, "datetime": {"datetime": "2021-06-30 02:48:09", "elapsed": 23582.720944, "delta": 43.300813}}
{"target": 0.003741542497766663, "params": {"0": -0.39764383054911345, "1": -0.04966292662441152, "2": 2.642520744237764, "3": -2.652228522486483, "4": 2.691087159186453, "5": -0.9878428549750229, "6": 2.8145014221267166, "7": -0.6768064550855142}, "datetime": {"datetime": "2021-06-30 02:48:43", "elapsed": 23616.883326, "delta": 34.162382}}
{"target": 0.0029965772635549043, "params": {"0": -0.5490333445074267, "1": 2.347370202121839, "2": 2.3986246466572165, "3": 2.227012606119019, "4": -1.2141027047462112, "5": 0.7381990108573588, "6": -1.7717558320230102, "7": -2.27606313749967}, "datetime": {"datetime": "2021-06-30 02:49:07", "elapsed": 23640.49163, "delta": 23.608304}}
{"target": 0.0036187443457798853, "params": {"0": 1.8191457014233183, "1": -2.5156680553469064, "2": -0.9544930682515695, "3": -1.2088045767947206, "4": 0.572452374660315, "5": -0.8307163364696724, "6": -0.8991166208967858, "7": -0.07788477325218945}, "datetime": {"datetime": "2021-06-30 02:49:39", "elapsed": 23672.770595, "delta": 32.278965}}
{"target": 0.0037912881029607774, "params": {"0": 2.953677706608051, "1": -2.9148883493074607, "2": -2.4744010563589782, "3": 2.227961772235899, "4": -2.2447895262557918, "5": 2.762991649662169, "6": 0.5165070367049038, "7": -0.8893365871883296}, "datetime": {"datetime": "2021-06-30 02:50:15", "elapsed": 23708.794117, "delta": 36.023522}}
{"target": 0.4619410993251213, "params": {"0": -1.0749618318111713, "1": 2.205497892150712, "2": -2.980775707961439, "3": -2.3106554895735454, "4": -2.7680757491148476, "5": 1.2404163331126892, "6": 1.820178701667217, "7": 1.3400656817652266}, "datetime": {"datetime": "2021-06-30 02:50:54", "elapsed": 23747.531272, "delta": 38.737155}}
{"target": 0.00345011697770552, "params": {"0": 2.8681225154771397, "1": -1.9629135085451794, "2": 2.655319832769421, "3": -1.469813335685661, "4": -1.173540550634756, "5": 1.0995722697576156, "6": -0.9074689443795427, "7": 0.8447481481273327}, "datetime": {"datetime": "2021-06-30 02:51:30", "elapsed": 23783.903265, "delta": 36.371993}}
{"target": 0.003207488592325261, "params": {"0": 0.6692985453574631, "1": 0.6836140292491226, "2": 2.687720506105995, "3": 1.6941981262813295, "4": -0.42483942590782364, "5": 1.4501767536908616, "6": -2.5167810823117946, "7": -0.6546333697402913}, "datetime": {"datetime": "2021-06-30 02:52:53", "elapsed": 23866.314569, "delta": 82.411304}}
{"target": 0.005131989655912513, "params": {"0": 1.2312613423920684, "1": 2.581792749727624, "2": -2.5326693289078053, "3": 1.528659841416811, "4": -2.1248549237257857, "5": -2.8540738009249322, "6": -1.9377145811795569, "7": -2.7833378592378537}, "datetime": {"datetime": "2021-06-30 02:53:45", "elapsed": 23918.312749, "delta": 51.99818}}
{"target": 0.0033720807553304396, "params": {"0": 2.3051186660959164, "1": 1.3263997874742826, "2": -1.6596828667368575, "3": 0.9403627268305383, "4": -2.8987061661760176, "5": -0.574960834600601, "6": -2.2419290343779483, "7": 1.4414713330188356}, "datetime": {"datetime": "2021-06-30 02:54:25", "elapsed": 23958.002567, "delta": 39.689818}}
{"target": 0.0038994445564692207, "params": {"0": -2.279928684658045, "1": 1.6205222568599993, "2": 1.5471403094144955, "3": 0.5177227414640702, "4": 2.21118352245475, "5": 0.0694000818417031, "6": -1.840373579635541, "7": 2.737013671485954}, "datetime": {"datetime": "2021-06-30 02:55:07", "elapsed": 24000.574778, "delta": 42.572211}}
{"target": 0.003558597497830596, "params": {"0": -1.3643940710152678, "1": 2.4629061542734334, "2": -0.8323892153162991, "3": -1.9871984840720998, "4": -0.04787579932369734, "5": -1.9688189249800967, "6": 0.0644967978623785, "7": -0.03527984768337866}, "datetime": {"datetime": "2021-06-30 02:55:49", "elapsed": 24042.055476, "delta": 41.480698}}
{"target": 0.003810934559882316, "params": {"0": -2.256988742844629, "1": -1.1348393306583857, "2": 1.9958611933449601, "3": -2.7947346816316223, "4": -0.2186482350743919, "5": -2.5047850836702894, "6": -2.861492828651043, "7": 1.1038420120330041}, "datetime": {"datetime": "2021-06-30 02:56:21", "elapsed": 24074.512986, "delta": 32.45751}}
{"target": 0.003192067566161293, "params": {"0": 0.9172088197757589, "1": -1.3035682881855633, "2": 1.3969461970495374, "3": -0.5205415863603027, "4": -1.818521084443993, "5": 2.3053471579754374, "6": -0.9744109900619549, "7": 0.22886604570874747}, "datetime": {"datetime": "2021-06-30 02:57:01", "elapsed": 24114.416969, "delta": 39.903983}}
{"target": 0.0031785656756197554, "params": {"0": 0.6898214839950043, "1": -1.5906856505441085, "2": 2.7144046917799924, "3": 1.7472397863971034, "4": 1.8304077930308011, "5": -2.473205965397777, "6": 1.3154160301669187, "7": -1.1465729635229704}, "datetime": {"datetime": "2021-06-30 02:58:05", "elapsed": 24178.628706, "delta": 64.211737}}
{"target": 0.004496583218723633, "params": {"0": -2.3984454649864753, "1": -0.8297052162024245, "2": -2.5469632126260255, "3": -1.960046214495998, "4": 1.6716823120331208, "5": 0.4166570611732823, "6": -2.746238093998245, "7": 2.917145599665009}, "datetime": {"datetime": "2021-06-30 02:58:42", "elapsed": 24215.71132, "delta": 37.082614}}
{"target": 0.004401149814498432, "params": {"0": 2.715386467515019, "1": -0.19993008397829248, "2": 0.9542255029500435, "3": 2.6419309140840452, "4": -1.3110618164623178, "5": -1.6277094814527981, "6": 2.5916334468923337, "7": 1.803135524431699}, "datetime": {"datetime": "2021-06-30 02:59:23", "elapsed": 24256.710512, "delta": 40.999192}}
{"target": 0.003829286592525107, "params": {"0": 0.9677481437154376, "1": -2.538082878152796, "2": -0.5582968552249197, "3": -2.162554040056468, "4": -1.2920735887911663, "5": -2.590455464558491, "6": -1.1459400650356968, "7": 1.192968877042147}, "datetime": {"datetime": "2021-06-30 03:00:21", "elapsed": 24314.601364, "delta": 57.890852}}
{"target": 0.003251835573898888, "params": {"0": 0.00386096280794046, "1": -0.3065413380031199, "2": -2.5008179659917102, "3": 2.768859920410242, "4": -2.498033470256714, "5": -1.514158378700764, "6": 1.345035055555173, "7": -0.5378181667768533}, "datetime": {"datetime": "2021-06-30 03:01:10", "elapsed": 24363.105205, "delta": 48.503841}}
{"target": 0.0032627935188543383, "params": {"0": 0.8197528755663877, "1": -0.12208425793054323, "2": -1.9124132412804267, "3": -0.3821158178268895, "4": -0.21292338155984591, "5": 2.6375434619798304, "6": -0.41680160544956024, "7": -2.317606643326852}, "datetime": {"datetime": "2021-06-30 03:01:59", "elapsed": 24412.586015, "delta": 49.48081}}
{"target": 0.00467375206246755, "params": {"0": 1.9633098920432293, "1": -0.08461031872685609, "2": 2.556739582591855, "3": 2.7131805992768268, "4": -0.5618707432287238, "5": -2.4799160018185367, "6": 2.1365964811839575, "7": -1.440948830633857}, "datetime": {"datetime": "2021-06-30 03:03:51", "elapsed": 24524.392721, "delta": 111.806706}}
