{"target": 0.0032891443016819554, "params": {"0": -2.170658067115263, "1": -1.9472397749724104, "2": -2.2234751064620575, "3": 1.5852580114705583, "4": -2.95313387958314, "5": -0.16569693249439688, "6": -0.49625392406100133, "7": -1.3476975245958571}, "datetime": {"datetime": "2021-06-29 20:16:23", "elapsed": 76.828544, "delta": 1.171836}}
{"target": 0.003458074080850828, "params": {"0": 2.3912179688645763, "1": -1.306150120182832, "2": -1.040693793542622, "3": 2.3938262806595114, "4": 1.35671762883986, "5": 1.9557251745326152, "6": -0.14633915225526195, "7": -2.3806133494561923}, "datetime": {"datetime": "2021-06-29 20:16:26", "elapsed": 79.667027, "delta": 2.838483}}
{"target": 0.0029836672776419036, "params": {"0": -0.3421744979994443, "1": 1.9286675067907426, "2": -0.9496944992253522, "3": 1.1251979871738342, "4": 2.5319827188384316, "5": 2.7245716779977602, "6": 2.6460878709157676, "7": -0.18504316035617796}, "datetime": {"datetime": "2021-06-29 20:16:28", "elapsed": 81.565198, "delta": 1.898171}}
{"target": 0.003375348896818364, "params": {"0": 1.1757039833576126, "1": 1.8476202486731275, "2": -2.948260320195848, "3": 2.8851280216062287, "4": -0.9863138865803744, "5": -2.2267642043153604, "6": -1.1340280581167297, "7": -1.34285310246152}, "datetime": {"datetime": "2021-06-29 20:16:30", "elapsed": 83.565494, "delta": 2.000296}}
{"target": 0.009768683890561708, "params": {"0": -0.1913147080853106, "1": -2.4311400047222462, "2": -1.5257442613972538, "3": -1.174636457073548, "4": -0.5265205651151144, "5": -1.4089917896609554, "6": -1.7825164175580153, "7": 1.0483702061698486}, "datetime": {"datetime": "2021-06-29 20:16:32", "elapsed": 85.559656, "delta": 1.994162}}
{"target": 0.005177690851558759, "params": {"0": 0.3759601868638227, "1": -0.3995044968418715, "2": 0.40633948620976224, "3": -2.36971058402054, "4": 1.2508634113333326, "5": -2.1377525696955644, "6": 1.4212327076855562, "7": 1.0105355772157907}, "datetime": {"datetime": "2021-06-29 20:16:35", "elapsed": 88.123608, "delta": 2.563952}}
{"target": 0.01495747157051346, "params": {"0": 2.389719287525221, "1": -1.1836193440744744, "2": -1.4850541980394867, "3": -1.674448573587457, "4": -2.910397158785054, "5": -0.4347237421892953, "6": -0.5338856368095817, "7": 0.8671925542835903}, "datetime": {"datetime": "2021-06-29 20:16:36", "elapsed": 89.72483, "delta": 1.601222}}
{"target": 0.003130087597562398, "params": {"0": -1.9225914706095089, "1": -2.2338255778901512, "2": -2.836348723924258, "3": 1.3095533217212054, "4": 2.0905449072616857, "5": 1.953804854509201, "6": -1.3606654424447766, "7": -2.165994124197257}, "datetime": {"datetime": "2021-06-29 20:16:39", "elapsed": 92.995391, "delta": 3.270561}}
{"target": 0.0048305357358994, "params": {"0": 0.5986969976457379, "1": -1.1665403721561303, "2": -2.308456568357431, "3": -2.873952982001787, "4": -2.8541997340577714, "5": 2.286107144550524, "6": -2.6786040977459056, "7": 2.2572266141043986}, "datetime": {"datetime": "2021-06-29 20:16:41", "elapsed": 94.480124, "delta": 1.484733}}
{"target": 0.0038033228797457927, "params": {"0": -0.053797263783519345, "1": -2.3521313136719337, "2": -2.387659706686805, "3": 0.279019414079543, "4": -0.1734059609521701, "5": -0.15944853895648858, "6": 1.7357552386368162, "7": -2.4392177275906786}, "datetime": {"datetime": "2021-06-29 20:16:43", "elapsed": 96.168283, "delta": 1.688159}}
{"target": 0.006302170099413845, "params": {"0": 1.7261215751717671, "1": -1.3624611843311853, "2": -0.6998790885010044, "3": -0.7341329381726442, "4": -0.7239610567356944, "5": -0.6201109786647696, "6": -1.7657734760032064, "7": -1.8805744545773688}, "datetime": {"datetime": "2021-06-29 20:16:45", "elapsed": 98.075143, "delta": 1.90686}}
{"target": 0.004295085769199089, "params": {"0": -0.9909240697138504, "1": 1.0522082893669964, "2": 0.2098610195185242, "3": -2.5211622648535617, "4": -0.7898616504752658, "5": 1.0803547729344114, "6": -0.6486769878767573, "7": 0.9904798865363853}, "datetime": {"datetime": "2021-06-29 20:16:47", "elapsed": 100.794201, "delta": 2.719058}}
{"target": 0.018948165248302777, "params": {"0": 1.5659522891502373, "1": -2.5638075960898874, "2": 1.3337890395906973, "3": -2.050599678774753, "4": 0.5231371762573858, "5": -0.8782232328689217, "6": 1.494776029568519, "7": -2.147995010056706}, "datetime": {"datetime": "2021-06-29 20:16:48", "elapsed": 101.94922, "delta": 1.155019}}
{"target": 0.02647206921333732, "params": {"0": -1.6579135314676117, "1": -2.884872641913905, "2": -2.7035904671802253, "3": -0.31186770735180325, "4": -1.9610100077250519, "5": -1.1598682785536198, "6": 2.399785527971904, "7": -1.7469952869856047}, "datetime": {"datetime": "2021-06-29 20:16:50", "elapsed": 103.686787, "delta": 1.737567}}
{"target": 0.031664124851589495, "params": {"0": 0.29283709714353146, "1": -2.6913035749170238, "2": 0.20465801635655279, "3": -2.0591889077092937, "4": -0.32340462760951993, "5": -1.4242629202623494, "6": 0.5200184308042397, "7": 0.2965444466296754}, "datetime": {"datetime": "2021-06-29 20:16:51", "elapsed": 104.514833, "delta": 0.828046}}
{"target": 0.005923561457384751, "params": {"0": 2.16677657870372, "1": 0.4668741925495379, "2": 0.5663818784504935, "3": -2.4733287706285396, "4": -2.7535502297559984, "5": -2.7079008452685733, "6": 2.49921763795556, "7": -2.4652001381814843}, "datetime": {"datetime": "2021-06-29 20:16:53", "elapsed": 106.516453, "delta": 2.00162}}
{"target": 0.009793928783963814, "params": {"0": -0.07900513283394073, "1": -2.0996195089982725, "2": -1.1668429205519846, "3": 2.5798326364653157, "4": -2.6595891097133872, "5": 2.315296157696224, "6": -2.47443951861601, "7": 2.858704574046315}, "datetime": {"datetime": "2021-06-29 20:16:55", "elapsed": 108.704302, "delta": 2.187849}}
{"target": 0.011615091215013534, "params": {"0": -2.422696515476548, "1": 1.3042424077434136, "2": -1.9518364402251729, "3": 1.2504731263319604, "4": -1.65024723117312, "5": -0.5346848175026055, "6": 0.10695301201844787, "7": 0.8669648336479661}, "datetime": {"datetime": "2021-06-29 20:16:57", "elapsed": 110.139352, "delta": 1.43505}}
{"target": 0.003703470313692686, "params": {"0": -0.820899783838748, "1": 1.3228516645571018, "2": 1.7479404233908706, "3": -0.2400148211786246, "4": -1.334951518935416, "5": 1.708470361105885, "6": -2.842102927850199, "7": 1.0291705324087443}, "datetime": {"datetime": "2021-06-29 20:16:57", "elapsed": 110.914287, "delta": 0.774935}}
{"target": 0.004651665962687388, "params": {"0": -1.4984788568784666, "1": -1.8632543009963727, "2": -1.5310831581394058, "3": -1.579554545322043, "4": -0.09296669799366786, "5": -1.8400598169937081, "6": -0.6703231946597037, "7": -0.8796812412714949}, "datetime": {"datetime": "2021-06-29 20:16:59", "elapsed": 112.908724, "delta": 1.994437}}
{"target": 0.008325046721804261, "params": {"0": -0.6898503504899467, "1": -1.7439236489862857, "2": -2.6296017619458887, "3": -2.1058563397616634, "4": 2.987232550922685, "5": 1.2980184383221092, "6": -2.4120931317243373, "7": -0.5304413486720145}, "datetime": {"datetime": "2021-06-29 20:17:01", "elapsed": 114.767753, "delta": 1.859029}}
{"target": 0.0053017315382009175, "params": {"0": -0.9302186559727654, "1": 0.28445611985555974, "2": 1.1007906528005345, "3": -2.8931544351928116, "4": -2.4432835426670234, "5": 0.4834756558614677, "6": -2.1396984954368627, "7": 2.6960106814648386}, "datetime": {"datetime": "2021-06-29 20:17:04", "elapsed": 117.217692, "delta": 2.449939}}
{"target": 0.004105150411203982, "params": {"0": -1.493000585958743, "1": -1.266199959417046, "2": -1.36911056975714, "3": 0.005801490109746954, "4": 0.05319415589111909, "5": -2.5857578883410883, "6": -1.044813819135568, "7": 0.3195941266441644}, "datetime": {"datetime": "2021-06-29 20:17:05", "elapsed": 118.881181, "delta": 1.663489}}
{"target": 0.015318785418390034, "params": {"0": -1.7937521509791927, "1": 0.339744307522702, "2": 0.7373210815604416, "3": 0.2334155666879001, "4": 2.1132171978848, "5": -0.07469554004263479, "6": 2.1708832887984046, "7": 0.7318333402289801}, "datetime": {"datetime": "2021-06-29 20:17:07", "elapsed": 120.943195, "delta": 2.062014}}
{"target": 0.0033737171982234646, "params": {"0": -1.521341597905671, "1": 0.6761543952976155, "2": -1.9631797041344947, "3": 0.6628553216887259, "4": 0.33762614636802546, "5": -1.3591995688814813, "6": -2.441157842557982, "7": 1.9545006927483541}, "datetime": {"datetime": "2021-06-29 20:17:11", "elapsed": 124.377922, "delta": 3.434727}}
{"target": 0.004421872041418535, "params": {"0": 1.195794770140651, "1": 1.0175898926722144, "2": 0.5119299087747669, "3": 1.553431172547537, "4": -0.6502631181699812, "5": 0.02489114429467154, "6": -0.03213612198499627, "7": -2.028960838589574}, "datetime": {"datetime": "2021-06-29 20:17:13", "elapsed": 126.878416, "delta": 2.500494}}
{"target": 0.004039087902879295, "params": {"0": 2.082648223744811, "1": -1.9073124735902778, "2": 2.9044456384271182, "3": -0.2674922862830953, "4": 1.5891228160499615, "5": 1.3388794987672892, "6": -1.2858589605903816, "7": -2.5124712907204803}, "datetime": {"datetime": "2021-06-29 20:17:15", "elapsed": 128.839457, "delta": 1.961041}}
{"target": 0.00431274822012681, "params": {"0": 2.101886200008641, "1": 2.4422093020158586, "2": 2.899576712374712, "3": 0.5683587259315557, "4": -0.712785999076587, "5": 0.9811072880856591, "6": -1.9632524553649806, "7": -0.12578094647956028}, "datetime": {"datetime": "2021-06-29 20:17:17", "elapsed": 130.195966, "delta": 1.356509}}
{"target": 0.005111362503521451, "params": {"0": 2.2976440671789558, "1": -0.22170370687314023, "2": -1.078204890056305, "3": 1.0582374874525025, "4": -1.1113119368836544, "5": 1.7718038781585959, "6": 1.3303393013538063, "7": 2.1842626526228495}, "datetime": {"datetime": "2021-06-29 20:17:19", "elapsed": 133.005099, "delta": 2.809133}}
{"target": 0.003445154022108048, "params": {"0": -2.2480611432873387, "1": 0.3467485389395337, "2": -1.3469093706348423, "3": 2.734643440930915, "4": 2.977029823164549, "5": -1.9137543084627107, "6": -0.7760751635026657, "7": -0.4573255163633716}, "datetime": {"datetime": "2021-06-29 20:17:21", "elapsed": 134.642334, "delta": 1.637235}}
{"target": 0.021861926358193323, "params": {"0": 1.5775501975991402, "1": 0.7554016724890982, "2": 2.6618451027121033, "3": -1.8388675012418734, "4": -1.3153610263886435, "5": -0.4424523005255243, "6": -0.2972713034599481, "7": 1.9479988780716377}, "datetime": {"datetime": "2021-06-29 20:17:24", "elapsed": 137.283174, "delta": 2.64084}}
{"target": 0.003685838705740828, "params": {"0": 0.4009747814837281, "1": 1.3786486091374552, "2": -1.3338560978971539, "3": -2.8134331155033125, "4": 1.1636907196324708, "5": 2.4877819085201454, "6": 2.4120908368243716, "7": -1.152772122690093}, "datetime": {"datetime": "2021-06-29 20:17:27", "elapsed": 140.109962, "delta": 2.826788}}
{"target": 0.009456325261332752, "params": {"0": 0.4567952089589866, "1": 1.8909766090831708, "2": -0.6393556783575196, "3": 0.6224477901068584, "4": -0.9526645410311438, "5": 1.3086530911845902, "6": -1.5173456012403366, "7": -1.9901293094601855}, "datetime": {"datetime": "2021-06-29 20:17:29", "elapsed": 142.099195, "delta": 1.989233}}
{"target": 0.0033974741496461368, "params": {"0": -0.9651000820340885, "1": 1.7042817840973834, "2": -1.7531648043214758, "3": -1.2374283522205702, "4": 2.67060858879805, "5": -0.4774650922435182, "6": 2.163950997330269, "7": 0.5389933373451048}, "datetime": {"datetime": "2021-06-29 20:17:30", "elapsed": 143.271579, "delta": 1.172384}}
{"target": 0.009981543930522384, "params": {"0": 0.32058977214605955, "1": 0.8638620071086471, "2": -1.7606039555877173, "3": -1.7812071213225746, "4": 0.07598789096988634, "5": -1.5829108042054105, "6": -0.24153342626486296, "7": -0.44222664122168975}, "datetime": {"datetime": "2021-06-29 20:17:31", "elapsed": 144.94517, "delta": 1.673591}}
{"target": 0.010544205801299913, "params": {"0": -0.20208038245528925, "1": -0.28968384568218397, "2": 2.158401110181752, "3": -1.1244050138455415, "4": -1.0943066988145032, "5": -0.35590813242214736, "6": 1.7712625187664246, "7": -2.4192719921316734}, "datetime": {"datetime": "2021-06-29 20:17:34", "elapsed": 147.559263, "delta": 2.614093}}
{"target": 0.004991632135599948, "params": {"0": -0.8385287840486084, "1": -1.999343489728498, "2": 2.3399552685513454, "3": -2.6132902305546613, "4": -0.22043225442987513, "5": 1.3982464940546286, "6": 1.6211079690344938, "7": 0.8216238502798854}, "datetime": {"datetime": "2021-06-29 20:17:37", "elapsed": 150.835741, "delta": 3.276478}}
{"target": 0.003188582452652541, "params": {"0": -1.559487370146605, "1": 0.3820810077951089, "2": 2.5870468486772964, "3": -0.10247659215175453, "4": -0.1847837318849792, "5": 2.9873622760445553, "6": -1.2260485732313766, "7": 0.8280532366266637}, "datetime": {"datetime": "2021-06-29 20:17:39", "elapsed": 152.813328, "delta": 1.977587}}
{"target": 0.019149661199582425, "params": {"0": -2.1041123090060525, "1": -0.3137208853890603, "2": -0.33998268198575676, "3": 2.7825608005620968, "4": -2.8761491731949, "5": -2.8692268226803326, "6": 0.6904022769464824, "7": -1.7019050778835334}, "datetime": {"datetime": "2021-06-29 20:17:41", "elapsed": 154.907659, "delta": 2.094331}}
{"target": 0.0046865089946862976, "params": {"0": 2.5310814081355923, "1": 2.005720117270206, "2": 0.6562315164549872, "3": 1.7547656148179964, "4": -2.17858095429761, "5": 1.448253528084039, "6": 1.061250417100073, "7": -0.580172378873371}, "datetime": {"datetime": "2021-06-29 20:17:43", "elapsed": 157.031795, "delta": 2.124136}}
{"target": 0.004617311615441672, "params": {"0": -0.4261554672375607, "1": -2.578248878706929, "2": -2.66672301767058, "3": -0.7676597697715661, "4": 2.9529012386901545, "5": -2.5441952847178575, "6": 1.9899102191487659, "7": 1.5458413806802707}, "datetime": {"datetime": "2021-06-29 20:17:45", "elapsed": 158.772488, "delta": 1.740693}}
{"target": 0.004050174893491206, "params": {"0": 1.4826217012917366, "1": -1.2501287161011625, "2": 2.9471276005328155, "3": -1.1581643265909103, "4": -1.0424474198217664, "5": 2.8350524545274203, "6": 1.6259328102549633, "7": 0.4840891617008771}, "datetime": {"datetime": "2021-06-29 20:17:48", "elapsed": 161.730456, "delta": 2.957968}}
{"target": 0.003137126326131097, "params": {"0": -2.4659653849374266, "1": 2.8567856957135707, "2": -0.9454429138547122, "3": 2.6776098415707317, "4": -0.24905569720931853, "5": -2.564184511631784, "6": 2.3592644497428914, "7": -0.5632728928029014}, "datetime": {"datetime": "2021-06-29 20:17:51", "elapsed": 164.694564, "delta": 2.964108}}
{"target": 0.00500125442005113, "params": {"0": -1.3090834566686869, "1": -1.6467418319548979, "2": -1.6714668089884033, "3": 0.7571503699607378, "4": -1.602392886056605, "5": -0.29173247065292296, "6": 2.453042167164198, "7": 0.20913909850107304}, "datetime": {"datetime": "2021-06-29 20:17:54", "elapsed": 167.281236, "delta": 2.586672}}
{"target": 0.0046302862048767665, "params": {"0": -0.8659089770000219, "1": -1.264420061332621, "2": -2.318578710209226, "3": -0.4408215844757182, "4": 2.0851893935989967, "5": -2.019099238788189, "6": 2.187218095333078, "7": -0.16535793454799563}, "datetime": {"datetime": "2021-06-29 20:17:56", "elapsed": 169.781086, "delta": 2.49985}}
{"target": 0.0031553168434903666, "params": {"0": -0.31307042287924425, "1": -0.16861285220139344, "2": -0.02628812758749266, "3": 2.8353166194876254, "4": 2.4231913272415646, "5": -0.05833898201505683, "6": 2.577553690930298, "7": -1.3312390292279481}, "datetime": {"datetime": "2021-06-29 20:17:58", "elapsed": 171.865888, "delta": 2.084802}}
{"target": 0.0037583211274249744, "params": {"0": 1.7184845156365824, "1": 0.09890619198739525, "2": -1.4060090508179661, "3": -1.8440517729374073, "4": 2.694679269601872, "5": 0.12036030737000303, "6": -0.43610179305652697, "7": -0.31111833570510594}, "datetime": {"datetime": "2021-06-29 20:18:03", "elapsed": 176.167467, "delta": 4.301579}}
{"target": 0.03814556958399164, "params": {"0": 1.1830487923920954, "1": 2.447718990785016, "2": -1.3939715993619184, "3": -2.905582072664756, "4": -0.6730087568250775, "5": -1.2321626040522058, "6": -0.4385361769195897, "7": 1.942723073893803}, "datetime": {"datetime": "2021-06-29 20:18:05", "elapsed": 178.164259, "delta": 1.996792}}
{"target": 0.003155303680952787, "params": {"0": -1.694168962164022, "1": 1.201973309499051, "2": 1.9379708598026735, "3": 0.6219229446557994, "4": 2.9422279243735305, "5": 0.6260367768626383, "6": -1.6271479658412116, "7": -0.6121848911874621}, "datetime": {"datetime": "2021-06-29 20:18:08", "elapsed": 181.680968, "delta": 3.516709}}
{"target": 0.0037127542475473146, "params": {"0": -2.5967830462201684, "1": -0.764068069220396, "2": 1.9925068760381697, "3": -0.8865269377828087, "4": 2.9975287815248244, "5": 0.18698392680245757, "6": 2.5869461124824973, "7": -0.23078440031211445}, "datetime": {"datetime": "2021-06-29 20:18:10", "elapsed": 183.756451, "delta": 2.075483}}
{"target": 0.004373759638037507, "params": {"0": -0.9944818529948183, "1": 1.3007149645905463, "2": 2.1492687009876743, "3": 1.8163764473506259, "4": -2.256708129125541, "5": 0.7823559033568954, "6": 1.0257974516914299, "7": -2.7882110767829404}, "datetime": {"datetime": "2021-06-29 20:18:12", "elapsed": 185.725854, "delta": 1.969403}}
{"target": 0.003711736081937485, "params": {"0": 2.10614120833538, "1": 2.3412499538377958, "2": 0.9222012526642853, "3": 0.7451912772476437, "4": 2.8171676251856947, "5": 0.03525359730109212, "6": 0.11508045206063855, "7": -2.3540923490128973}, "datetime": {"datetime": "2021-06-29 20:18:15", "elapsed": 188.429205, "delta": 2.703351}}
{"target": 0.006379332546193981, "params": {"0": -0.6466536729079149, "1": 0.9342182602644904, "2": -1.7102027051428146, "3": -1.1458326034765736, "4": 2.8364630815392697, "5": 1.9049320017614253, "6": -2.956956353160013, "7": -0.391467611865119}, "datetime": {"datetime": "2021-06-29 20:18:17", "elapsed": 190.154436, "delta": 1.725231}}
{"target": 0.02330328567345439, "params": {"0": 1.941670824229199, "1": -1.546219348328367, "2": 0.06837941756249144, "3": -1.482623803970518, "4": 2.188363655033311, "5": -2.734137120079487, "6": 2.322643350618268, "7": 0.366140691642201}, "datetime": {"datetime": "2021-06-29 20:18:20", "elapsed": 193.351969, "delta": 3.197533}}
{"target": 0.004382456385079777, "params": {"0": 0.4433128321052435, "1": 0.439566453753252, "2": 0.030038910253711748, "3": -2.6888082098270027, "4": 0.6366700291005198, "5": 2.390037694407127, "6": -2.152170601857045, "7": 2.8523023767623545}, "datetime": {"datetime": "2021-06-29 20:18:23", "elapsed": 196.488281, "delta": 3.136312}}
{"target": 0.020329955913009422, "params": {"0": 2.5230298234098827, "1": 0.011503898200023954, "2": 2.4196028961709617, "3": 1.4690217450319691, "4": 0.013507425151604302, "5": -2.9486802973105743, "6": -0.7552919560586506, "7": -0.8714957460280344}, "datetime": {"datetime": "2021-06-29 20:18:26", "elapsed": 199.897379, "delta": 3.409098}}
{"target": 0.015830152008501193, "params": {"0": -2.1721678781540943, "1": 2.845138858190113, "2": -1.7694538586376554, "3": 2.764418071059773, "4": -2.9004273096213042, "5": 1.9932445301443016, "6": 1.4630267935512862, "7": 2.2321854362919193}, "datetime": {"datetime": "2021-06-29 20:18:29", "elapsed": 202.678913, "delta": 2.781534}}
{"target": 0.00552104237740053, "params": {"0": -2.0726851403370796, "1": 2.492781143690733, "2": 1.5574384101738303, "3": -1.9711651480490002, "4": -0.3551834147835713, "5": 2.5323868484829664, "6": -1.7172998597672133, "7": 1.4673189590418323}, "datetime": {"datetime": "2021-06-29 20:18:33", "elapsed": 206.085916, "delta": 3.407003}}
{"target": 0.0035433888607769586, "params": {"0": 1.4358563089225553, "1": -2.018963909298963, "2": 1.1555899860303889, "3": 2.887545372998326, "4": -0.8460448410053907, "5": -0.29936720355579904, "6": 0.8470787101238937, "7": 2.4043963711392475}, "datetime": {"datetime": "2021-06-29 20:18:35", "elapsed": 208.545822, "delta": 2.459906}}
{"target": 0.003955404556745728, "params": {"0": 2.766815642138395, "1": 2.784546242443632, "2": -2.1965659346623294, "3": 2.485578217238227, "4": 1.8722835946628944, "5": 0.2266857859706617, "6": -2.5875305874086516, "7": -1.7293428192274525}, "datetime": {"datetime": "2021-06-29 20:18:38", "elapsed": 211.124542, "delta": 2.57872}}
{"target": 0.005489525376037862, "params": {"0": -0.929794862574993, "1": -0.9222314210255105, "2": 1.579446615158453, "3": -0.3936735241542513, "4": -1.8413271412737395, "5": 0.5737888286702022, "6": -2.479191888685053, "7": 1.3115916068776894}, "datetime": {"datetime": "2021-06-29 20:18:40", "elapsed": 213.5262, "delta": 2.401658}}
{"target": 0.0047377934302878354, "params": {"0": 0.3500819573944445, "1": 0.6055051706859871, "2": 0.8671659978136739, "3": -0.24760988482301416, "4": 1.44272776999735, "5": -1.2738258463048027, "6": -0.46477030043902534, "7": -1.6318871719885877}, "datetime": {"datetime": "2021-06-29 20:18:43", "elapsed": 216.374378, "delta": 2.848178}}
{"target": 0.004045501511832425, "params": {"0": 2.7024562631725155, "1": -2.345863079503186, "2": -1.7513321131073276, "3": 2.1551928328268373, "4": 0.6737185947280988, "5": 2.6188291762161517, "6": -2.9141532077735026, "7": 0.8918480405966092}, "datetime": {"datetime": "2021-06-29 20:18:45", "elapsed": 218.139514, "delta": 1.765136}}
{"target": 0.0044333686111825395, "params": {"0": -2.0808946831829394, "1": 1.4723682419776472, "2": -0.8473885529485887, "3": 1.682864121768616, "4": 2.6973957207233, "5": -0.9571158495300311, "6": 2.0681440693109456, "7": -0.9640344984049269}, "datetime": {"datetime": "2021-06-29 20:18:47", "elapsed": 220.146116, "delta": 2.006602}}
