{"target": 0.00337928522580685, "params": {"0": 1.7772074660972415, "1": 0.6827150262274886, "2": 2.5724772343220685, "3": -2.830914506146747, "4": -2.378209346376793, "5": 0.9662384705116152, "6": 0.09338006724760106, "7": 0.07653487631155809}, "datetime": {"datetime": "2021-06-30 01:46:49", "elapsed": 19903.041895, "delta": 43.708148}}
{"target": 0.0030911571812335154, "params": {"0": 0.04235974353489613, "1": -0.9231703791011308, "2": 0.6573721112373243, "3": 1.227380401702379, "4": -1.7207374211017257, "5": 2.3502658318089553, "6": 0.5365078259314693, "7": 2.7604389907815916}, "datetime": {"datetime": "2021-06-30 01:47:27", "elapsed": 19941.123257, "delta": 38.081362}}
{"target": 0.0031499425723986343, "params": {"0": 1.4896974290320877, "1": -0.5201573317169785, "2": 0.005326622067975961, "3": -0.8265981436017551, "4": 2.196784665245768, "5": 1.0439765630348266, "6": -2.587554474351175, "7": 1.482572579341892}, "datetime": {"datetime": "2021-06-30 01:48:11", "elapsed": 19985.235579, "delta": 44.112322}}
{"target": 0.005913239006529936, "params": {"0": -2.519069651528528, "1": 2.3038516631545995, "2": 2.5795547846456675, "3": 2.8563549797614582, "4": -1.6303463492598704, "5": -0.14541110270740187, "6": 1.0170618604241914, "7": 0.9358467267257269}, "datetime": {"datetime": "2021-06-30 01:48:50", "elapsed": 20024.20408, "delta": 38.968501}}
{"target": 0.0034912214978621513, "params": {"0": -0.11328638353449794, "1": 0.3378916155296574, "2": -1.5224467577867566, "3": 1.4021240615822892, "4": -1.9237523206569223, "5": 1.8954734277256184, "6": -1.6555918583682148, "7": -1.449302597123857}, "datetime": {"datetime": "2021-06-30 01:49:19", "elapsed": 20053.23433, "delta": 29.03025}}
{"target": 0.0030075174649186365, "params": {"0": 1.6587304807336576, "1": 2.641409240453225, "2": 0.5041466314250052, "3": 1.3703232889337746, "4": 2.0848838825682794, "5": -2.991004666201456, "6": -2.2311944665277736, "7": 0.36833661762895975}, "datetime": {"datetime": "2021-06-30 01:49:57", "elapsed": 20091.493316, "delta": 38.258986}}
{"target": 0.05576033646186742, "params": {"0": 1.1045762610663115, "1": -2.796176218607185, "2": -1.407258499797958, "3": 0.5611088749758553, "4": 0.6327988141401617, "5": -2.8124994472497797, "6": 2.556293177627719, "7": -2.140817627670219}, "datetime": {"datetime": "2021-06-30 01:50:30", "elapsed": 20123.608422, "delta": 32.115106}}
{"target": 0.0030272729371362992, "params": {"0": -1.0482719146445545, "1": -0.8992329401343064, "2": 1.809057632873615, "3": -1.217275457115557, "4": -1.4365722647260502, "5": 2.0094240668786316, "6": 1.245914418000396, "7": 0.02906452454383679}, "datetime": {"datetime": "2021-06-30 01:51:04", "elapsed": 20157.804801, "delta": 34.196379}}
{"target": 0.00322354392123006, "params": {"0": -1.6017144591677919, "1": 0.35868958067211265, "2": 1.53374240822178, "3": 0.4039078916946899, "4": -1.828634821675834, "5": 1.9425950258275408, "6": -2.03533658703949, "7": 0.9506747137545557}, "datetime": {"datetime": "2021-06-30 01:51:39", "elapsed": 20192.670662, "delta": 34.865861}}
{"target": 0.007820575378902152, "params": {"0": -0.5811612630002001, "1": -2.921137325064222, "2": -0.5067832301229327, "3": -2.1774247048054898, "4": -2.9694415190392442, "5": -0.6729176878087761, "6": -2.642906537125773, "7": 2.7752099043623586}, "datetime": {"datetime": "2021-06-30 01:52:58", "elapsed": 20271.955458, "delta": 79.284796}}
{"target": 0.0031594947615332758, "params": {"0": 2.597512167437878, "1": -2.898066322612785, "2": -2.9697681130494535, "3": 1.2931915889421663, "4": -1.2392806611805356, "5": -1.5612098914324324, "6": 0.49809606713119914, "7": 0.1432423537388301}, "datetime": {"datetime": "2021-06-30 01:53:56", "elapsed": 20329.758802, "delta": 57.803344}}
{"target": 0.0028537928421325655, "params": {"0": 2.0169146090281274, "1": 2.4478596229331018, "2": -1.6222415428373587, "3": 0.009911274034958506, "4": 1.7638978781581365, "5": -0.17573092156776626, "6": 2.6801899241821694, "7": 2.876095843518942}, "datetime": {"datetime": "2021-06-30 01:54:32", "elapsed": 20366.447989, "delta": 36.689187}}
{"target": 0.019169112454351055, "params": {"0": -0.3170916340622254, "1": 1.8049319919193012, "2": 1.3218688223903108, "3": -0.48182961768864896, "4": 1.9493389723874035, "5": -1.378243260159207, "6": 1.5207844808247941, "7": -2.5406163774517454}, "datetime": {"datetime": "2021-06-30 01:55:43", "elapsed": 20437.251431, "delta": 70.803442}}
{"target": 0.0030560499876075677, "params": {"0": 1.4583658978451552, "1": 0.3500743672867528, "2": 0.07254241867934574, "3": 2.906352907171722, "4": 0.8529342077129103, "5": 0.00365028215965868, "6": -1.8204003113652463, "7": -0.8949156315244533}, "datetime": {"datetime": "2021-06-30 01:56:45", "elapsed": 20499.031113, "delta": 61.779682}}
{"target": 0.0034851844228353484, "params": {"0": -2.4646021970507395, "1": 2.7124475072714187, "2": 1.441038977011699, "3": -2.0068194473033323, "4": -1.6428972626432716, "5": 2.2762619130223234, "6": 1.5057904633175268, "7": -0.16012317416336064}, "datetime": {"datetime": "2021-06-30 01:57:35", "elapsed": 20549.329348, "delta": 50.298235}}
{"target": 0.003026371689863925, "params": {"0": -2.6625328529685417, "1": 2.587921615664407, "2": 2.468210100258454, "3": -2.040530420930458, "4": -1.782919034101759, "5": -0.9995417268304578, "6": -1.1539436753609706, "7": 2.26812956853294}, "datetime": {"datetime": "2021-06-30 01:58:11", "elapsed": 20585.213286, "delta": 35.883938}}
{"target": 0.003552841660417958, "params": {"0": 1.836416742573884, "1": -0.4666789808492897, "2": -1.689501269053708, "3": 2.6429149194073824, "4": -1.8555482927628615, "5": -1.5394678985604298, "6": -1.006808216384126, "7": 2.382014082872658}, "datetime": {"datetime": "2021-06-30 01:58:55", "elapsed": 20628.710324, "delta": 43.497038}}
{"target": 0.0031014335183589337, "params": {"0": 1.3729044289833467, "1": -2.6819204435227153, "2": 1.8687304851513282, "3": 1.1287830234397482, "4": -0.826684651633232, "5": 2.3498381019237344, "6": 1.7611028538423756, "7": -1.487079205676405}, "datetime": {"datetime": "2021-06-30 01:59:38", "elapsed": 20671.583893, "delta": 42.873569}}
{"target": 0.003176082256608882, "params": {"0": 0.8126568341174076, "1": -1.6723760416610023, "2": -1.0509542497148732, "3": -1.360620690129186, "4": -1.2575312934851066, "5": -2.520015047478027, "6": -0.5052436744764579, "7": -0.5597552083059307}, "datetime": {"datetime": "2021-06-30 02:00:24", "elapsed": 20717.841423, "delta": 46.25753}}
{"target": 0.00415519827943634, "params": {"0": 1.5982795165218429, "1": 0.9429103699397752, "2": -0.7381203390881472, "3": -0.6955967789476682, "4": -2.3074602887470768, "5": -2.9457695784133024, "6": -0.8610926022607139, "7": -1.3780487278363873}, "datetime": {"datetime": "2021-06-30 02:01:02", "elapsed": 20755.840882, "delta": 37.999459}}
{"target": 0.0030276010976644264, "params": {"0": -2.868268633596596, "1": 0.5763676911944327, "2": 2.008331816628526, "3": -1.2811350396392662, "4": -1.061384518313279, "5": 1.3362275178329908, "6": 0.7457398793263663, "7": -2.548001404540593}, "datetime": {"datetime": "2021-06-30 02:01:42", "elapsed": 20795.910471, "delta": 40.069589}}
{"target": 0.004103373977018218, "params": {"0": -1.0531734240581974, "1": -1.7461755393597476, "2": -2.671819645439895, "3": 0.691301952858185, "4": 1.215481405321662, "5": -2.2102674968656633, "6": 1.1793170925971435, "7": 1.7856057132543377}, "datetime": {"datetime": "2021-06-30 02:03:23", "elapsed": 20896.51784, "delta": 100.607369}}
{"target": 0.00538625538501952, "params": {"0": -1.8967993578658924, "1": 0.8503178942655096, "2": -0.054750211986606345, "3": -1.7016875739847324, "4": 0.8040433730776182, "5": 2.8004796435448576, "6": -1.659957760712063, "7": -1.0685974195671168}, "datetime": {"datetime": "2021-06-30 02:04:06", "elapsed": 20940.269072, "delta": 43.751232}}
{"target": 0.003668713226073655, "params": {"0": -1.5833496052592584, "1": 0.36697252407439507, "2": 0.04983224134578634, "3": 1.485182476677961, "4": 0.09332218958513128, "5": -2.399601242135115, "6": -0.215171655772453, "7": -1.0133869733359555}, "datetime": {"datetime": "2021-06-30 02:05:08", "elapsed": 21002.138489, "delta": 61.869417}}
{"target": 0.003027731432872817, "params": {"0": -0.8561859020048379, "1": 1.4821738716334991, "2": -0.48848182881646274, "3": -2.8051367264046796, "4": 0.2180603678572126, "5": 0.1643820529470661, "6": -2.7807896703207398, "7": -2.3546604688537816}, "datetime": {"datetime": "2021-06-30 02:05:50", "elapsed": 21044.467656, "delta": 42.329167}}
{"target": 0.004942659729676151, "params": {"0": -0.21329382402140595, "1": 0.5248303288315972, "2": 0.5931231141091886, "3": 1.4437112143699409, "4": -2.9018280935604643, "5": 1.3118174204669142, "6": -0.1026283533147554, "7": 1.1838091393457937}, "datetime": {"datetime": "2021-06-30 02:06:32", "elapsed": 21086.006352, "delta": 41.538696}}
{"target": 0.002892385349831648, "params": {"0": -0.15220024812956723, "1": -0.22101395045468575, "2": 2.2475091849102196, "3": 0.8403169463036821, "4": 2.468759176841753, "5": 1.2567631968503754, "6": 2.8652313678098373, "7": -0.4380777358244803}, "datetime": {"datetime": "2021-06-30 02:07:28", "elapsed": 21141.516109, "delta": 55.509757}}
{"target": 0.003262088552116607, "params": {"0": -1.561170348519359, "1": 2.6323025575744605, "2": 0.7722117124491303, "3": 1.500869514463572, "4": 0.7678475870364849, "5": -1.8915129214152566, "6": -0.7583797825180554, "7": 0.3358068695578451}, "datetime": {"datetime": "2021-06-30 02:08:01", "elapsed": 21174.91207, "delta": 33.395961}}
{"target": 0.0030121232387252716, "params": {"0": 2.6847377573892848, "1": 0.7954957477477014, "2": -2.441734610342421, "3": 2.3532798413916556, "4": -0.6533581640131407, "5": -2.367250582524208, "6": -0.6521595652291605, "7": -0.4097313988474234}, "datetime": {"datetime": "2021-06-30 02:08:23", "elapsed": 21197.418673, "delta": 22.506603}}
{"target": 0.0031631912468144444, "params": {"0": -1.2357889367196313, "1": -1.7635658496143896, "2": 2.344748960547162, "3": 0.5243998511516899, "4": 1.5314283540672502, "5": 1.4240215110247574, "6": -2.6083875263645924, "7": -1.0130468671948247}, "datetime": {"datetime": "2021-06-30 02:09:05", "elapsed": 21238.742653, "delta": 41.32398}}
{"target": 0.0030126295828465563, "params": {"0": 1.8887857430257604, "1": 1.0937778796379085, "2": 2.3320592156041178, "3": 0.9007232687763933, "4": -1.3966392994171872, "5": -2.9497330390571994, "6": -0.4255490777786637, "7": -2.0592247688501626}, "datetime": {"datetime": "2021-06-30 02:09:36", "elapsed": 21270.027165, "delta": 31.284512}}
{"target": 0.0030444727502892434, "params": {"0": -1.2702845484037202, "1": 1.4909574347789727, "2": 2.4749999620720367, "3": 2.869789144690947, "4": 0.6348764645544795, "5": -1.7398047001786732, "6": 1.9773488043181358, "7": 2.1094900807875305}, "datetime": {"datetime": "2021-06-30 02:10:17", "elapsed": 21310.727119, "delta": 40.699954}}
{"target": 0.003321028936578084, "params": {"0": 2.411935845579894, "1": -2.178057574690766, "2": 1.7779255893677215, "3": 0.5754125286844101, "4": -2.4660355322422247, "5": 1.26765809702811, "6": -0.896385047963435, "7": -2.0147360164318178}, "datetime": {"datetime": "2021-06-30 02:11:00", "elapsed": 21354.215992, "delta": 43.488873}}
{"target": 0.003777669402371743, "params": {"0": -0.5931497700341417, "1": -0.38079456963089164, "2": 0.9106059266111202, "3": -1.7428412718758408, "4": -1.6533169043946812, "5": -1.2651520742926992, "6": 1.7520711787860694, "7": 0.16578015072033514}, "datetime": {"datetime": "2021-06-30 02:12:07", "elapsed": 21421.029449, "delta": 66.813457}}
{"target": 0.0030617851364976535, "params": {"0": 0.4797242328272677, "1": 1.9339912927656844, "2": 0.3109441846891472, "3": -2.859189309764737, "4": -0.7622037221254336, "5": 0.6145894624773152, "6": 0.7343104400213831, "7": 1.1448328301346038}, "datetime": {"datetime": "2021-06-30 02:12:48", "elapsed": 21462.123449, "delta": 41.094}}
{"target": 0.003097355298765835, "params": {"0": -1.6430188774124708, "1": -0.8434537992953643, "2": 1.9581235769766918, "3": -0.013367899443422537, "4": -2.8298444489266927, "5": 0.011449269328461575, "6": 2.7045367235983973, "7": -0.36205445496814814}, "datetime": {"datetime": "2021-06-30 02:14:14", "elapsed": 21548.159102, "delta": 86.035653}}
{"target": 0.014415147423458539, "params": {"0": -1.9375341191099638, "1": -2.890083265551965, "2": 2.8594360661200593, "3": -2.0721078304120657, "4": 1.4060854999267978, "5": -0.042029938484978935, "6": -2.283733839670047, "7": 0.6101049365947504}, "datetime": {"datetime": "2021-06-30 02:15:03", "elapsed": 21597.397774, "delta": 49.238672}}
{"target": 0.003097481749103621, "params": {"0": 2.9812901192090884, "1": -1.3229529643295104, "2": -2.5844296594195866, "3": 1.015959044600363, "4": -0.03944017458645899, "5": -0.045374120737254664, "6": 1.0764223851178754, "7": -2.1830812136214206}, "datetime": {"datetime": "2021-06-30 02:16:07", "elapsed": 21660.90942, "delta": 63.511646}}
{"target": 0.003008702883642299, "params": {"0": -0.7943848812963688, "1": 1.0883569094158272, "2": -2.5536882686252875, "3": 2.047853968985672, "4": 0.6151027104186704, "5": 2.300439230330177, "6": 1.5253090617421856, "7": 2.7963177692376258}, "datetime": {"datetime": "2021-06-30 02:16:57", "elapsed": 21711.414089, "delta": 50.504669}}
{"target": 0.0031830774814375217, "params": {"0": 0.8258690517041636, "1": 1.462762362665461, "2": -2.8194389163433122, "3": 2.2493988467794335, "4": 0.0989531000361219, "5": -0.5694093911574023, "6": 0.9676167632816908, "7": -1.4664665126787377}, "datetime": {"datetime": "2021-06-30 02:17:21", "elapsed": 21734.61025, "delta": 23.196161}}
{"target": 0.0029599239477416934, "params": {"0": -0.6812609549202575, "1": -1.1042499144961053, "2": -0.8477980749980709, "3": 0.6095339826073864, "4": -0.81569631535345, "5": 2.8893261265316124, "6": -0.8111350943678115, "7": -0.075005246145194}, "datetime": {"datetime": "2021-06-30 02:17:50", "elapsed": 21764.455535, "delta": 29.845285}}
{"target": 0.00943718149595384, "params": {"0": 1.2198259900459352, "1": -0.2561319502732049, "2": -2.8588687191943203, "3": 1.4846299360707231, "4": -0.028002792654901576, "5": -2.55976376565701, "6": 1.4406415776391501, "7": 1.5072208282956865}, "datetime": {"datetime": "2021-06-30 02:18:21", "elapsed": 21794.89373, "delta": 30.438195}}
{"target": 0.01234979658300007, "params": {"0": -0.3134389656412653, "1": -2.2938878278244115, "2": 0.6290377416903143, "3": 0.6386696010682744, "4": 0.26277836608634075, "5": -1.0299735393523248, "6": 0.428684474996464, "7": 0.7848563325125051}, "datetime": {"datetime": "2021-06-30 02:18:47", "elapsed": 21820.726993, "delta": 25.833263}}
{"target": 0.003236678853314118, "params": {"0": 1.2692416149395473, "1": 2.3242561801359347, "2": 0.160970146782498, "3": -2.249115646915772, "4": -0.0032074499906653564, "5": 0.9569263476272667, "6": -1.8699861854360391, "7": -0.3630717197818809}, "datetime": {"datetime": "2021-06-30 02:19:30", "elapsed": 21863.599882, "delta": 42.872889}}
{"target": 0.0038157604629841585, "params": {"0": -0.39764383054911345, "1": -0.04966292662441152, "2": 2.642520744237764, "3": -2.652228522486483, "4": 2.691087159186453, "5": -0.9878428549750229, "6": 2.8145014221267166, "7": -0.6768064550855142}, "datetime": {"datetime": "2021-06-30 02:20:06", "elapsed": 21900.386641, "delta": 36.786759}}
{"target": 0.0029777590627349613, "params": {"0": -0.5490333445074267, "1": 2.347370202121839, "2": 2.3986246466572165, "3": 2.227012606119019, "4": -1.2141027047462112, "5": 0.7381990108573588, "6": -1.7717558320230102, "7": -2.27606313749967}, "datetime": {"datetime": "2021-06-30 02:20:43", "elapsed": 21937.414065, "delta": 37.027424}}
{"target": 0.003352366679495825, "params": {"0": 1.8191457014233183, "1": -2.5156680553469064, "2": -0.9544930682515695, "3": -1.2088045767947206, "4": 0.572452374660315, "5": -0.8307163364696724, "6": -0.8991166208967858, "7": -0.07788477325218945}, "datetime": {"datetime": "2021-06-30 02:21:46", "elapsed": 21999.934345, "delta": 62.52028}}
{"target": 0.0037911313224286243, "params": {"0": 2.953677706608051, "1": -2.9148883493074607, "2": -2.4744010563589782, "3": 2.227961772235899, "4": -2.2447895262557918, "5": 2.762991649662169, "6": 0.5165070367049038, "7": -0.8893365871883296}, "datetime": {"datetime": "2021-06-30 02:22:31", "elapsed": 22044.530198, "delta": 44.595853}}
{"target": 0.008446391468199874, "params": {"0": -1.0749618318111713, "1": 2.205497892150712, "2": -2.980775707961439, "3": -2.3106554895735454, "4": -2.7680757491148476, "5": 1.2404163331126892, "6": 1.820178701667217, "7": 1.3400656817652266}, "datetime": {"datetime": "2021-06-30 02:23:22", "elapsed": 22096.048755, "delta": 51.518557}}
{"target": 0.003038718261376781, "params": {"0": 2.8681225154771397, "1": -1.9629135085451794, "2": 2.655319832769421, "3": -1.469813335685661, "4": -1.173540550634756, "5": 1.0995722697576156, "6": -0.9074689443795427, "7": 0.8447481481273327}, "datetime": {"datetime": "2021-06-30 02:24:05", "elapsed": 22138.772521, "delta": 42.723766}}
{"target": 0.003247629714889859, "params": {"0": 0.6692985453574631, "1": 0.6836140292491226, "2": 2.687720506105995, "3": 1.6941981262813295, "4": -0.42483942590782364, "5": 1.4501767536908616, "6": -2.5167810823117946, "7": -0.6546333697402913}, "datetime": {"datetime": "2021-06-30 02:25:12", "elapsed": 22205.915877, "delta": 67.143356}}
{"target": 0.005139581198737349, "params": {"0": 1.2312613423920684, "1": 2.581792749727624, "2": -2.5326693289078053, "3": 1.528659841416811, "4": -2.1248549237257857, "5": -2.8540738009249322, "6": -1.9377145811795569, "7": -2.7833378592378537}, "datetime": {"datetime": "2021-06-30 02:25:51", "elapsed": 22244.724668, "delta": 38.808791}}
{"target": 0.0034853582356001497, "params": {"0": 2.3051186660959164, "1": 1.3263997874742826, "2": -1.6596828667368575, "3": 0.9403627268305383, "4": -2.8987061661760176, "5": -0.574960834600601, "6": -2.2419290343779483, "7": 1.4414713330188356}, "datetime": {"datetime": "2021-06-30 02:26:35", "elapsed": 22289.211988, "delta": 44.48732}}
{"target": 0.0032479315135214163, "params": {"0": -2.279928684658045, "1": 1.6205222568599993, "2": 1.5471403094144955, "3": 0.5177227414640702, "4": 2.21118352245475, "5": 0.0694000818417031, "6": -1.840373579635541, "7": 2.737013671485954}, "datetime": {"datetime": "2021-06-30 02:27:20", "elapsed": 22334.04471, "delta": 44.832722}}
{"target": 0.003102445931955271, "params": {"0": -1.334145674102254, "1": -2.4325154379105856, "2": -0.9695102691390822, "3": -2.7423594257334205, "4": -1.7631562362980926, "5": -0.9060124355380514, "6": -0.202542339438343, "7": -2.7782147337123364}, "datetime": {"datetime": "2021-06-30 02:27:56", "elapsed": 22369.984955, "delta": 35.940245}}
{"target": 0.004105840268060986, "params": {"0": -2.256988742844629, "1": -1.1348393306583857, "2": 1.9958611933449601, "3": -2.7947346816316223, "4": -0.2186482350743919, "5": -2.5047850836702894, "6": -2.861492828651043, "7": 1.1038420120330041}, "datetime": {"datetime": "2021-06-30 02:28:37", "elapsed": 22411.413832, "delta": 41.428877}}
{"target": 0.0032295610109216717, "params": {"0": 0.9172088197757589, "1": -1.3035682881855633, "2": 1.3969461970495374, "3": -0.5205415863603027, "4": -1.818521084443993, "5": 2.3053471579754374, "6": -0.9744109900619549, "7": 0.22886604570874747}, "datetime": {"datetime": "2021-06-30 02:29:14", "elapsed": 22448.004562, "delta": 36.59073}}
{"target": 0.003270967789504946, "params": {"0": 0.6898214839950043, "1": -1.5906856505441085, "2": 2.7144046917799924, "3": 1.7472397863971034, "4": 1.8304077930308011, "5": -2.473205965397777, "6": 1.3154160301669187, "7": -1.1465729635229704}, "datetime": {"datetime": "2021-06-30 02:30:37", "elapsed": 22530.67606, "delta": 82.671498}}
{"target": 0.004736395201012183, "params": {"0": -2.3984454649864753, "1": -0.8297052162024245, "2": -2.5469632126260255, "3": -1.960046214495998, "4": 1.6716823120331208, "5": 0.4166570611732823, "6": -2.746238093998245, "7": 2.917145599665009}, "datetime": {"datetime": "2021-06-30 02:31:30", "elapsed": 22583.539522, "delta": 52.863462}}
{"target": 0.004751568672650793, "params": {"0": 2.715386467515019, "1": -0.19993008397829248, "2": 0.9542255029500435, "3": 2.6419309140840452, "4": -1.3110618164623178, "5": -1.6277094814527981, "6": 2.5916334468923337, "7": 1.803135524431699}, "datetime": {"datetime": "2021-06-30 02:32:13", "elapsed": 22626.742215, "delta": 43.202693}}
{"target": 0.0037996081798560124, "params": {"0": -2.4940872027367886, "1": -1.3689592843931264, "2": -2.1068770799377163, "3": 0.5398712863412376, "4": -2.1736312158078475, "5": -1.0331877468399489, "6": 0.2178794387812384, "7": -0.9068898254970055}, "datetime": {"datetime": "2021-06-30 02:32:47", "elapsed": 22660.900725, "delta": 34.15851}}
{"target": 0.0032990954980342316, "params": {"0": 0.00386096280794046, "1": -0.3065413380031199, "2": -2.5008179659917102, "3": 2.768859920410242, "4": -2.498033470256714, "5": -1.514158378700764, "6": 1.345035055555173, "7": -0.5378181667768533}, "datetime": {"datetime": "2021-06-30 02:33:23", "elapsed": 22697.014224, "delta": 36.113499}}
{"target": 0.0035814045489282317, "params": {"0": 0.8197528755663877, "1": -0.12208425793054323, "2": -1.9124132412804267, "3": -0.3821158178268895, "4": -0.21292338155984591, "5": 2.6375434619798304, "6": -0.41680160544956024, "7": -2.317606643326852}, "datetime": {"datetime": "2021-06-30 02:34:11", "elapsed": 22745.427234, "delta": 48.41301}}
{"target": 0.00391660474854487, "params": {"0": 1.9633098920432293, "1": -0.08461031872685609, "2": 2.556739582591855, "3": 2.7131805992768268, "4": -0.5618707432287238, "5": -2.4799160018185367, "6": 2.1365964811839575, "7": -1.440948830633857}, "datetime": {"datetime": "2021-06-30 02:35:00", "elapsed": 22794.094453, "delta": 48.667219}}
