{"target": 0.012176289531533473, "params": {"0": -1.8262043022992849, "1": -2.150412586563194, "2": -1.7823277319671103, "3": -2.522380766134493, "4": 1.9470000296994847, "5": 2.649005351499615, "6": -1.7591573128456408, "7": 2.813155772987728}, "datetime": {"datetime": "2021-06-29 20:51:09", "elapsed": 2162.773286, "delta": 8.842447}}
{"target": 0.004551701938933223, "params": {"0": 2.0279981286109594, "1": -1.545649058646207, "2": 0.9506009158361559, "3": 1.346775136791929, "4": 0.6790408690149268, "5": -1.2536850162104154, "6": -1.1299421415385635, "7": -2.778354435173}, "datetime": {"datetime": "2021-06-29 20:51:20", "elapsed": 2173.968258, "delta": 11.194972}}
{"target": 0.0034125903539670363, "params": {"0": 2.977456059586083, "1": 1.9913688832265208, "2": 2.3469657307193605, "3": -2.867706779582152, "4": -2.237615493310259, "5": 1.303790663299294, "6": 1.1677177446400888, "7": -2.4889215332552106}, "datetime": {"datetime": "2021-06-29 20:51:28", "elapsed": 2181.789943, "delta": 7.821685}}
{"target": 0.003238010830660158, "params": {"0": 0.3175702764725221, "1": 0.8159518724453916, "2": -2.4494947770245545, "3": -2.1120250500135365, "4": -0.6583397960041069, "5": -1.7135912424276012, "6": -0.9075282282200545, "7": -1.0105860453710829}, "datetime": {"datetime": "2021-06-29 20:51:39", "elapsed": 2192.53185, "delta": 10.741907}}
{"target": 0.0407852749877734, "params": {"0": -1.6238114206226673, "1": 1.0462066614515653, "2": 1.658028296424452, "3": -1.5077665930681476, "4": 0.028261087412038144, "5": 1.9238025110857198, "6": 1.0635203854941961, "7": -0.00766925362547477}, "datetime": {"datetime": "2021-06-29 20:51:44", "elapsed": 2197.206448, "delta": 4.674598}}
{"target": 0.0030753764509277954, "params": {"0": 0.5271378496358317, "1": -2.289378883444317, "2": 2.2282509876216334, "3": 1.2031501089193126, "4": 1.9087704112702664, "5": 0.5277046109200962, "6": -1.7141156507176583, "7": -2.9855433043079183}, "datetime": {"datetime": "2021-06-29 20:51:51", "elapsed": 2204.755544, "delta": 7.549096}}
{"target": 0.004763580275567666, "params": {"0": -0.8893883059313819, "1": 1.881582273969988, "2": -0.3885942459311149, "3": -0.5870562596304785, "4": -0.9541708986602582, "5": -2.330810510259785, "6": 0.27708829753680675, "7": -2.8773526404604697}, "datetime": {"datetime": "2021-06-29 20:51:57", "elapsed": 2210.288965, "delta": 5.533421}}
{"target": 0.0034090882236536128, "params": {"0": 2.4945515654956276, "1": -2.196067232482085, "2": -0.47087451476883, "3": -1.3742855858055012, "4": 2.885953797770518, "5": 2.844970641334804, "6": -2.582124878660761, "7": -1.412665722179353}, "datetime": {"datetime": "2021-06-29 20:52:04", "elapsed": 2217.209383, "delta": 6.920418}}
{"target": 0.0030317014196095215, "params": {"0": 0.5275545428280415, "1": 1.1787114323345529, "2": 2.3335351464824816, "3": 0.76228104847661, "4": 2.9667336320043223, "5": -0.25044396815669057, "6": 0.430337030582026, "7": 1.7031423482509895}, "datetime": {"datetime": "2021-06-29 20:52:12", "elapsed": 2225.216938, "delta": 8.007555}}
{"target": 0.0032771987067103992, "params": {"0": 0.19849341440415946, "1": -2.9041735520420295, "2": 1.9769434411450568, "3": -1.490836825916873, "4": 0.06473393279496742, "5": 1.7155250014470225, "6": -1.7647890772077002, "7": 0.3025596617891324}, "datetime": {"datetime": "2021-06-29 20:52:22", "elapsed": 2235.542811, "delta": 10.325873}}
{"target": 0.004120498377356386, "params": {"0": -1.880001273504789, "1": 2.673665235035193, "2": -1.682017343105513, "3": -0.11340904824413212, "4": 1.1494375975266076, "5": -2.87767042318384, "6": 0.9595636031464867, "7": -2.729498331016738}, "datetime": {"datetime": "2021-06-29 20:52:40", "elapsed": 2253.328946, "delta": 17.786135}}
{"target": 0.009658293983569453, "params": {"0": 1.6959794816769227, "1": -1.1018886279746838, "2": 2.3433477064284096, "3": 2.875957108007924, "4": -2.885649121687689, "5": -1.9265538571118959, "6": -0.4452615502787838, "7": 1.3222888692356367}, "datetime": {"datetime": "2021-06-29 20:52:52", "elapsed": 2265.436445, "delta": 12.107499}}
{"target": 0.004991549604347577, "params": {"0": 1.186652872561389, "1": 2.9106521890329553, "2": 1.1616493118574969, "3": 2.6483892542685936, "4": 0.450477170871304, "5": -2.23146290027754, "6": -2.692170932363859, "7": -2.272126806354405}, "datetime": {"datetime": "2021-06-29 20:53:00", "elapsed": 2273.796542, "delta": 8.360097}}
{"target": 0.0031503848875474396, "params": {"0": -0.0938325528241899, "1": 2.697410380118132, "2": 2.530769626115678, "3": -2.0357641410731064, "4": 0.528162489925581, "5": -2.3797350370069834, "6": 1.7899818344269551, "7": 0.8021472773057603}, "datetime": {"datetime": "2021-06-29 20:53:08", "elapsed": 2281.480035, "delta": 7.683493}}
{"target": 0.003034781448685125, "params": {"0": -0.897457265601413, "1": 0.8287015100240795, "2": -0.0013744064673639755, "3": -1.978714642513475, "4": -0.8303168618071348, "5": 1.6236677078629995, "6": 2.0493758163359903, "7": 0.534887435757808}, "datetime": {"datetime": "2021-06-29 20:53:30", "elapsed": 2303.90736, "delta": 22.427325}}
{"target": 0.004409250277619776, "params": {"0": -1.642641339873053, "1": -0.3392631491046423, "2": 1.6048449548050474, "3": 1.4777560664277765, "4": -2.207942952094852, "5": -2.507707274792182, "6": -2.6685576580265753, "7": 1.9698219623442856}, "datetime": {"datetime": "2021-06-29 20:53:38", "elapsed": 2311.551018, "delta": 7.643658}}
{"target": 0.04240493896635139, "params": {"0": -0.3561104893903835, "1": 1.8625785331263423, "2": 1.7386599573775383, "3": -0.5778641325366918, "4": -1.2706816224384108, "5": -1.5258475944789738, "6": 0.9792567415134288, "7": 1.6907082680624441}, "datetime": {"datetime": "2021-06-29 20:53:47", "elapsed": 2320.066974, "delta": 8.515956}}
{"target": 0.004529079205338503, "params": {"0": 2.374103297203048, "1": -1.9576226429292138, "2": -0.38467531718231207, "3": -1.1100228826453429, "4": -1.2807914485439442, "5": 2.280715340867559, "6": -1.602616470529557, "7": 1.2256020963490997}, "datetime": {"datetime": "2021-06-29 20:53:55", "elapsed": 2328.521072, "delta": 8.454098}}
{"target": 0.0030152109756548836, "params": {"0": -0.13879108007641294, "1": -2.0807756965626583, "2": -0.7599085383127817, "3": 0.09626433723029004, "4": 0.08795814091324061, "5": -1.3562447207552488, "6": -0.05885175094644568, "7": 1.249871106696852}, "datetime": {"datetime": "2021-06-29 20:54:05", "elapsed": 2338.401725, "delta": 9.880653}}
{"target": 0.006248356610428068, "params": {"0": 1.9393260346529928, "1": -1.0906138086443704, "2": 2.9099238590449197, "3": -0.9029789574981062, "4": -0.5578898490877053, "5": 1.32879998402559, "6": 2.8536037633472686, "7": 0.5450400170224841}, "datetime": {"datetime": "2021-06-29 20:54:11", "elapsed": 2344.330379, "delta": 5.928654}}
{"target": 0.0030215099092328456, "params": {"0": -2.802889128645541, "1": 2.533789658054447, "2": 0.8224703081210865, "3": -1.415404553878467, "4": 2.5172226780770792, "5": -0.835798256873145, "6": 0.9756316685003155, "7": -2.880481487642026}, "datetime": {"datetime": "2021-06-29 20:54:19", "elapsed": 2352.652174, "delta": 8.321795}}
{"target": 0.02047618739284615, "params": {"0": -2.3761518055860265, "1": -1.188337326982917, "2": 1.0792662030309197, "3": -2.469101035554413, "4": -2.2988703246708906, "5": -2.6718809645163555, "6": 0.9058671519064045, "7": 2.8743892759849823}, "datetime": {"datetime": "2021-06-29 20:54:41", "elapsed": 2374.076892, "delta": 21.424718}}
{"target": 0.003525517721492027, "params": {"0": 0.8065428066611711, "1": -2.14335448011328, "2": 2.5157019262021567, "3": 1.3383029738120795, "4": 0.01076913988335182, "5": -2.464486986245161, "6": 2.0805024104206247, "7": -1.5027219143264752}, "datetime": {"datetime": "2021-06-29 20:54:54", "elapsed": 2387.426916, "delta": 13.350024}}
{"target": 0.004908774163157853, "params": {"0": 0.8143005525707188, "1": -0.2757323666928415, "2": 2.4215983638815484, "3": -1.4572702500083685, "4": -0.3942687889949976, "5": 0.3298348268903273, "6": -1.076518837025289, "7": 0.3196610305658769}, "datetime": {"datetime": "2021-06-29 20:55:04", "elapsed": 2397.36128, "delta": 9.934364}}
{"target": 0.00313182240028065, "params": {"0": 0.021592730999703935, "1": 2.0132711027457777, "2": -1.7840033771714991, "3": -2.536811822128298, "4": -1.1717704123901014, "5": 1.4864567365249401, "6": 2.9800962540173934, "7": 2.0358816174485748}, "datetime": {"datetime": "2021-06-29 20:55:11", "elapsed": 2404.698976, "delta": 7.337696}}
{"target": 0.042053560561923234, "params": {"0": -1.9699172645876843, "1": -1.5357098556121578, "2": -2.3709141130089693, "3": -2.1969100996374973, "4": 1.3868075197738872, "5": -0.4374906660868838, "6": -2.3796283290413878, "7": 1.2625179165588918}, "datetime": {"datetime": "2021-06-29 20:55:19", "elapsed": 2412.954243, "delta": 8.255267}}
{"target": 0.0031125628398134724, "params": {"0": 0.9982652824411429, "1": 2.5927444962419237, "2": -1.4615471469411967, "3": 2.75418353965152, "4": -0.4365148953481368, "5": 1.6614572445708786, "6": -0.21469554681676017, "7": 0.7500046875742123}, "datetime": {"datetime": "2021-06-29 20:55:27", "elapsed": 2420.381075, "delta": 7.426832}}
{"target": 0.0034957968900438847, "params": {"0": -2.9059985624998044, "1": -1.721454599782277, "2": 0.6341961374358722, "3": 2.036915890102887, "4": 0.5692325347508191, "5": -2.392533101111771, "6": 1.139420786294016, "7": -2.0430038677820397}, "datetime": {"datetime": "2021-06-29 20:55:32", "elapsed": 2425.522097, "delta": 5.141022}}
{"target": 0.0030203518865145255, "params": {"0": -0.14301584321573646, "1": -0.5863959177460032, "2": -2.68126894864173, "3": 2.498115227911713, "4": 2.0457173073606363, "5": -1.5361572837429252, "6": -1.1439018608085278, "7": -2.0749062203626574}, "datetime": {"datetime": "2021-06-29 20:55:40", "elapsed": 2433.611378, "delta": 8.089281}}
{"target": 0.0036208317020211926, "params": {"0": 2.9605254176268536, "1": -0.20553116868637833, "2": 2.8579633962559194, "3": 1.3756268972091341, "4": -1.7021761911188937, "5": -2.498219522589115, "6": 1.7234278643683538, "7": 1.0463856302661059}, "datetime": {"datetime": "2021-06-29 20:55:49", "elapsed": 2442.966011, "delta": 9.354633}}
{"target": 0.003008547923922623, "params": {"0": -1.5693885374378915, "1": 0.9492853304177031, "2": -0.5641043573726137, "3": 1.485770867113681, "4": -1.7759306359203355, "5": 0.3865942989096913, "6": 1.1025603155137578, "7": -2.688666630811353}, "datetime": {"datetime": "2021-06-29 20:56:08", "elapsed": 2461.52298, "delta": 18.556969}}
{"target": 0.0036324232816332216, "params": {"0": 0.3853671697354826, "1": 0.8919008706116478, "2": -2.092883032320963, "3": -2.3606339673399743, "4": -0.34772042052427654, "5": -1.4374742116114696, "6": 0.12386493199450488, "7": -0.706156928328197}, "datetime": {"datetime": "2021-06-29 20:56:17", "elapsed": 2470.711888, "delta": 9.188908}}
{"target": 0.00606811947475283, "params": {"0": 2.632503758733396, "1": 2.5668645203992835, "2": 1.0107213579234662, "3": -1.5924353217792966, "4": -0.6297653042684646, "5": -1.1001619125099649, "6": 0.60533645710633, "7": 0.84535962007946}, "datetime": {"datetime": "2021-06-29 20:56:31", "elapsed": 2484.594241, "delta": 13.882353}}
{"target": 0.002971393845200303, "params": {"0": -2.743880327542824, "1": -1.0401052455727555, "2": 2.0546560448403977, "3": -0.8831623738763277, "4": 1.5899541864639009, "5": 0.4176649013269129, "6": -0.7997396104936998, "7": 2.3520890013239253}, "datetime": {"datetime": "2021-06-29 20:56:59", "elapsed": 2512.17076, "delta": 27.576519}}
{"target": 0.0032787360021157646, "params": {"0": 1.4193996844180274, "1": 2.2598931955273365, "2": -1.146267251731153, "3": 1.194353651103075, "4": -0.8762030930762812, "5": 0.1543451410516985, "6": -1.803671199966581, "7": -0.5422777795610307}, "datetime": {"datetime": "2021-06-29 20:57:09", "elapsed": 2522.782228, "delta": 10.611468}}
{"target": 0.005192567237453346, "params": {"0": -1.8806455898531786, "1": -0.5333777415126475, "2": -2.6409919905574686, "3": -1.3931011220898248, "4": 1.2968021652506216, "5": -1.6157931172914761, "6": -2.9935002486785267, "7": 0.14150379918393785}, "datetime": {"datetime": "2021-06-29 20:57:18", "elapsed": 2531.632186, "delta": 8.849958}}
{"target": 0.0034481846996322436, "params": {"0": 1.633702875931954, "1": -1.494732530392389, "2": -1.1054038697035797, "3": 2.302914448434933, "4": -1.4423323389078413, "5": -1.8667269864549922, "6": -0.9257021386017525, "7": -1.6763069155010604}, "datetime": {"datetime": "2021-06-29 20:57:27", "elapsed": 2540.721543, "delta": 9.089357}}
{"target": 0.010630353232602583, "params": {"0": 1.4987677192495212, "1": 2.2125515550925936, "2": -0.14422612289562542, "3": -0.6799875258051147, "4": -2.4035817611890216, "5": -2.0831000719075816, "6": -1.5017331260818567, "7": 1.4426470067874817}, "datetime": {"datetime": "2021-06-29 20:57:36", "elapsed": 2549.797295, "delta": 9.075752}}
{"target": 0.0031584503534814352, "params": {"0": -0.03545464499829043, "1": 1.6028347737276505, "2": -1.2820960717149275, "3": -2.8858599644091045, "4": -0.19692268724582895, "5": 0.817107577913827, "6": 2.6806378875305352, "7": 0.5840827000904936}, "datetime": {"datetime": "2021-06-29 20:57:47", "elapsed": 2560.536557, "delta": 10.739262}}
{"target": 0.0031397689945617375, "params": {"0": 0.6047887652797099, "1": -2.215453459705164, "2": 1.3149575630478818, "3": -1.3069327918726439, "4": -0.07091287159723692, "5": 0.8192292088881019, "6": -2.170541932770524, "7": 0.9410584524883143}, "datetime": {"datetime": "2021-06-29 20:58:08", "elapsed": 2581.958581, "delta": 21.422024}}
{"target": 0.002968743882360907, "params": {"0": 1.770566422999071, "1": -0.9510756705852108, "2": 1.9967410308934825, "3": -0.47965209196059444, "4": 2.95042987820223, "5": 1.785361344618364, "6": -0.2778516712680421, "7": -1.5173177263165754}, "datetime": {"datetime": "2021-06-29 20:58:21", "elapsed": 2594.979915, "delta": 13.021334}}
{"target": 0.0041978580131797295, "params": {"0": -0.39809758246002414, "1": 1.1267847038505794, "2": -1.912659808677499, "3": -1.845706887638189, "4": -0.30267175421701475, "5": -1.5808817676150573, "6": -0.20837005581058854, "7": -0.49677797191262574}, "datetime": {"datetime": "2021-06-29 20:58:36", "elapsed": 2609.847505, "delta": 14.86759}}
{"target": 0.004014286210543343, "params": {"0": 1.6571086286299073, "1": -1.4067561934300847, "2": -2.0272636119859078, "3": 2.20341613568496, "4": 2.9423566704698434, "5": -2.3123026042952963, "6": 2.4502621932904987, "7": -0.5758761794326563}, "datetime": {"datetime": "2021-06-29 20:58:48", "elapsed": 2621.877129, "delta": 12.029624}}
{"target": 0.007372642152202577, "params": {"0": 1.614019340243713, "1": 2.7667353086557744, "2": -0.6441431444748273, "3": -0.41803264770330717, "4": -2.671576154311979, "5": 1.1371181069060992, "6": 2.795474164936593, "7": -0.0427880668133902}, "datetime": {"datetime": "2021-06-29 20:58:58", "elapsed": 2631.911288, "delta": 10.034159}}
{"target": 0.003839703352751196, "params": {"0": 1.7708599574649835, "1": 0.665493797347557, "2": 2.654154339024636, "3": -2.881252965262849, "4": 1.4452674802458443, "5": 1.6864918544407672, "6": 1.3612010576863494, "7": -1.1590381919271564}, "datetime": {"datetime": "2021-06-29 20:59:06", "elapsed": 2639.192702, "delta": 7.281414}}
{"target": 0.0030087553084939054, "params": {"0": 0.12374480759597528, "1": -1.3140824990093765, "2": -0.9967929826943456, "3": 2.1788023810570074, "4": -2.527116006915054, "5": 1.81841681606309, "6": 1.6480500597869439, "7": 1.3348618987100913}, "datetime": {"datetime": "2021-06-29 20:59:14", "elapsed": 2647.828265, "delta": 8.635563}}
{"target": 0.005072631686370755, "params": {"0": 0.6535003984538692, "1": 0.7149474717278119, "2": -2.2440388622762177, "3": 2.7379946910316395, "4": 2.411696193059967, "5": 0.07229165920131919, "6": 2.0326812509862284, "7": 0.9435206321624383}, "datetime": {"datetime": "2021-06-29 20:59:24", "elapsed": 2657.151641, "delta": 9.323376}}
{"target": 0.005889917227640622, "params": {"0": -2.5641587883255053, "1": -0.9302936659793319, "2": 2.984337125046512, "3": 0.4107629487474327, "4": -1.9474893971287737, "5": -2.811641411104866, "6": -2.4888968766500383, "7": 2.2137732525289913}, "datetime": {"datetime": "2021-06-29 20:59:33", "elapsed": 2666.545704, "delta": 9.394063}}
{"target": 0.021341741946955504, "params": {"0": -1.118147450115229, "1": 0.24943987504274112, "2": -1.0154057393325713, "3": -2.577609176059979, "4": -0.3006326418621139, "5": 0.008606852891403172, "6": -2.1533018530115555, "7": 2.2507786971571084}, "datetime": {"datetime": "2021-06-29 20:59:44", "elapsed": 2677.853385, "delta": 11.307681}}
{"target": 0.005690927497069317, "params": {"0": 1.9412184256828873, "1": -2.7398489105050827, "2": 1.563728598182097, "3": 0.07671851921837769, "4": -0.3041637956541283, "5": -0.7311141207950094, "6": -0.5335557915140932, "7": -2.2900485544303786}, "datetime": {"datetime": "2021-06-29 20:59:57", "elapsed": 2690.293571, "delta": 12.440186}}
{"target": 0.003777673017128732, "params": {"0": -1.7549652096348491, "1": -1.5373220856823635, "2": 2.4846822532843067, "3": -2.628545848098823, "4": 0.0249339586151347, "5": -2.222483830222611, "6": -0.2763478620549167, "7": 1.0159589840564527}, "datetime": {"datetime": "2021-06-29 21:00:10", "elapsed": 2703.500848, "delta": 13.207277}}
{"target": 0.003132847607029895, "params": {"0": -2.9038923789884983, "1": -1.302125743627335, "2": -0.7872487967592172, "3": -0.7836773031464261, "4": -1.3389817338542211, "5": -2.924664161352842, "6": -0.22663639829928295, "7": 2.3930052963664856}, "datetime": {"datetime": "2021-06-29 21:00:19", "elapsed": 2712.433026, "delta": 8.932178}}
{"target": 0.0030949427164797534, "params": {"0": 0.7785038246199409, "1": 1.9790947266110575, "2": -0.18389280527090257, "3": -1.859914423972899, "4": 2.4756912969404565, "5": 2.403886105164303, "6": -0.8256567568629567, "7": -1.1944841157302202}, "datetime": {"datetime": "2021-06-29 21:00:27", "elapsed": 2720.336126, "delta": 7.9031}}
{"target": 0.0035921951554780955, "params": {"0": -1.767224281396889, "1": 0.24615833674523335, "2": -1.8209563608919408, "3": -1.1559894071717114, "4": 2.215920089230641, "5": -0.4215697521718411, "6": 0.1383259609979448, "7": -1.2955336212477564}, "datetime": {"datetime": "2021-06-29 21:00:42", "elapsed": 2735.039444, "delta": 14.703318}}
{"target": 0.00660792830543745, "params": {"0": -1.0214275701738187, "1": -2.1040567654574405, "2": -2.4923017378840346, "3": 1.8216871751275159, "4": -1.84601911727625, "5": -0.8058277154653872, "6": 1.2576054030809738, "7": 2.022932550710891}, "datetime": {"datetime": "2021-06-29 21:01:08", "elapsed": 2761.531044, "delta": 26.4916}}
{"target": 0.0032837566807786215, "params": {"0": 1.8356374175746488, "1": 2.4744647321748143, "2": -1.9011101949868205, "3": -0.9198578184024067, "4": -1.3694838677116112, "5": 2.6080478523887916, "6": 1.4520463829127355, "7": 1.7994811838788065}, "datetime": {"datetime": "2021-06-29 21:01:19", "elapsed": 2772.236514, "delta": 10.70547}}
{"target": 0.00384932299764695, "params": {"0": 0.4218277586797856, "1": -0.7959363604547587, "2": 0.14943484842812405, "3": 2.2154745927125488, "4": -1.8193633797093183, "5": 2.335465929192848, "6": -2.7946980325463087, "7": 0.9165624968046933}, "datetime": {"datetime": "2021-06-29 21:01:28", "elapsed": 2781.480455, "delta": 9.243941}}
{"target": 0.011046775856690286, "params": {"0": 2.099356264943279, "1": -0.538958111743232, "2": -0.3860730565800532, "3": -2.700123436103712, "4": 0.7846914073066613, "5": -2.9998877413684593, "6": 1.6089837346648963, "7": -0.37231922874431156}, "datetime": {"datetime": "2021-06-29 21:01:51", "elapsed": 2804.27564, "delta": 22.795185}}
{"target": 0.003982654278422424, "params": {"0": -1.9686382274854595, "1": -1.0360949986776269, "2": 2.808086496366636, "3": 1.1608378932312737, "4": 0.2597263853064433, "5": -1.952535015656188, "6": -0.4083986652539773, "7": 1.280949214093261}, "datetime": {"datetime": "2021-06-29 21:01:56", "elapsed": 2809.449928, "delta": 5.174288}}
{"target": 0.026985247318547397, "params": {"0": -2.6503747451766237, "1": 1.8952016151910263, "2": 0.8550278109053879, "3": -1.9235462326231658, "4": 1.530132516333385, "5": -2.4435594048248626, "6": 0.14806181169742416, "7": 0.6529434503597922}, "datetime": {"datetime": "2021-06-29 21:02:02", "elapsed": 2815.242215, "delta": 5.792287}}
{"target": 0.0056679082307889775, "params": {"0": 0.29739944889503267, "1": -1.221735378971918, "2": -1.0267118594037945, "3": 0.23082943391155286, "4": 1.2620374611291192, "5": 2.2185365556731025, "6": 2.8672019512122393, "7": -0.0895981077550454}, "datetime": {"datetime": "2021-06-29 21:02:11", "elapsed": 2824.627889, "delta": 9.385674}}
{"target": 0.003049630869687457, "params": {"0": -2.0759899996334834, "1": 0.0017631320645055126, "2": -0.06352234821416936, "3": 0.09615118760536712, "4": 1.3634543895756295, "5": 2.9406731768193746, "6": -1.4245444142121224, "7": 1.2314120962788913}, "datetime": {"datetime": "2021-06-29 21:02:20", "elapsed": 2833.168767, "delta": 8.540878}}
{"target": 0.0034069603708581347, "params": {"0": 2.752666405135903, "1": 0.38896314988384795, "2": -1.5228494616964054, "3": 2.519030450243651, "4": -0.9587630668657816, "5": 1.9407882722855812, "6": -2.4626088836065683, "7": -0.8141978438683699}, "datetime": {"datetime": "2021-06-29 21:02:32", "elapsed": 2845.210467, "delta": 12.0417}}
{"target": 0.0033852242469680108, "params": {"0": 2.118955849288149, "1": 0.685341649321149, "2": 1.4802054233666402, "3": -1.4028427984535359, "4": 0.5144745810694973, "5": 1.4847424950035855, "6": 1.0260978969220869, "7": -1.9377808543548312}, "datetime": {"datetime": "2021-06-29 21:02:43", "elapsed": 2856.047007, "delta": 10.83654}}
