{"target": 0.0031143468472545487, "params": {"0": -1.1665665791476845, "1": 2.2635393067220964, "2": -2.077686040809054, "3": -0.6937776549170884, "4": -2.468578915975652, "5": 2.633408102331874, "6": 2.9543574341492116, "7": 0.2039428638326628}, "datetime": {"datetime": "2021-06-29 23:22:37", "elapsed": 11336.850754, "delta": 24.297496}}
{"target": 0.0037953497730818823, "params": {"0": 0.9595148012883992, "1": -0.9848084426536161, "2": 1.6109299163126263, "3": -2.1035554069902873, "4": -1.3436460996525799, "5": 2.2303840564978046, "6": -2.30914331143825, "7": 2.93143084187437}, "datetime": {"datetime": "2021-06-29 23:22:53", "elapsed": 11353.425055, "delta": 16.574301}}
{"target": 0.0030560426489121013, "params": {"0": -0.12658300285583257, "1": 2.174781294643525, "2": 2.139267744903986, "3": -1.5443562934055188, "4": 1.4759917753017886, "5": 2.4615795235784628, "6": 1.8020939338787656, "7": 0.19792730781164636}, "datetime": {"datetime": "2021-06-29 23:23:12", "elapsed": 11371.665145, "delta": 18.24009}}
{"target": 0.012140503884997074, "params": {"0": -1.2768760760300542, "1": 2.7872421620722774, "2": 2.3276408794383894, "3": 1.5913158518070603, "4": 1.4229562278357486, "5": -2.48870816633465, "6": 0.7384206807587601, "7": 2.835356210316366}, "datetime": {"datetime": "2021-06-29 23:23:35", "elapsed": 11394.5242, "delta": 22.859055}}
{"target": 0.0032687851184272994, "params": {"0": 1.7562069094880055, "1": -1.342318621345994, "2": 2.173912085720337, "3": 2.8471475717765484, "4": -1.3716332236487117, "5": -1.4814200426355626, "6": 0.7505993151587314, "7": 2.4296866717303764}, "datetime": {"datetime": "2021-06-29 23:24:12", "elapsed": 11431.529099, "delta": 37.004899}}
{"target": 0.004746433016080097, "params": {"0": 1.8225293232429625, "1": 2.1113821961029338, "2": -2.9888042444035086, "3": -0.44812599352107485, "4": 0.7015638888514815, "5": 1.2930843898930515, "6": -1.4739187547492871, "7": -0.65495844273994}, "datetime": {"datetime": "2021-06-29 23:24:34", "elapsed": 11454.409568, "delta": 22.880469}}
{"target": 0.003723141963997161, "params": {"0": 2.6834946559719413, "1": 0.8511295262945531, "2": 2.6084567898110294, "3": -2.820799014822538, "4": 0.7192583208372576, "5": -1.3472321724947764, "6": -1.0071331397193084, "7": -1.482430679672499}, "datetime": {"datetime": "2021-06-29 23:25:06", "elapsed": 11486.170874, "delta": 31.761306}}
{"target": 0.0032076991435594396, "params": {"0": 0.3268797749677308, "1": 1.9751597321756549, "2": -1.4478438523410309, "3": -1.9957364810418008, "4": -1.378727386691514, "5": -0.646133762471965, "6": -1.2210060960422284, "7": 2.975950131857755}, "datetime": {"datetime": "2021-06-29 23:25:45", "elapsed": 11525.206477, "delta": 39.035603}}
{"target": 0.003091145985244329, "params": {"0": 2.2601244024884366, "1": -1.1290885989439616, "2": -2.2783313571776365, "3": 2.2464575754161764, "4": 0.6599841158020343, "5": -0.8663628689167484, "6": 2.0597370257755916, "7": 2.6547284083406204}, "datetime": {"datetime": "2021-06-29 23:26:03", "elapsed": 11542.804479, "delta": 17.598002}}
{"target": 0.003300563014814202, "params": {"0": -1.16031535007647, "1": -2.9958496779003205, "2": 1.9207526689063243, "3": 0.45509994779832086, "4": -2.621821448284819, "5": 2.7163252717031128, "6": 0.33991776340160085, "7": 2.9558514815792387}, "datetime": {"datetime": "2021-06-29 23:26:28", "elapsed": 11568.346039, "delta": 25.54156}}
{"target": 0.003597818396571919, "params": {"0": 0.7917732778521369, "1": -1.4855274535587286, "2": 0.509893980760098, "3": -1.705938130892361, "4": -0.008990189745640365, "5": 2.09472105510011, "6": 1.5101237679252284, "7": -1.7271179151005294}, "datetime": {"datetime": "2021-06-29 23:26:48", "elapsed": 11588.146662, "delta": 19.800623}}
{"target": 0.0030997334014481637, "params": {"0": -1.9400128430910935, "1": 2.3230792653993078, "2": 1.9305909391321148, "3": -2.899162392241433, "4": 1.2595312256295914, "5": -1.0056390869305, "6": -0.14160076117187792, "7": 0.0642845276122328}, "datetime": {"datetime": "2021-06-29 23:27:17", "elapsed": 11617.141511, "delta": 28.994849}}
{"target": 0.0031715964248486463, "params": {"0": 0.6171743333296424, "1": 2.552083216792848, "2": -1.0041229001145067, "3": -2.299694996400494, "4": 0.8329184313672711, "5": -2.284570568473571, "6": 1.5538157031912316, "7": -2.1051731347289016}, "datetime": {"datetime": "2021-06-29 23:27:34", "elapsed": 11634.391578, "delta": 17.250067}}
{"target": 0.0044692573453564526, "params": {"0": -0.6168657306193222, "1": 0.33994042933837676, "2": -0.12145391140726769, "3": -2.2167948231693746, "4": 1.4831168282640563, "5": 2.5204180594353005, "6": -2.753127328460515, "7": -1.4975448786435424}, "datetime": {"datetime": "2021-06-29 23:27:59", "elapsed": 11658.983112, "delta": 24.591534}}
{"target": 0.0033172511050354194, "params": {"0": -2.8584785614514274, "1": 1.8251839824592837, "2": 1.004843273255224, "3": -0.9611761538656793, "4": 0.25799129805165233, "5": 2.415901981353981, "6": 0.42108936363887217, "7": -2.325750746015119}, "datetime": {"datetime": "2021-06-29 23:28:28", "elapsed": 11688.21111, "delta": 29.227998}}
{"target": 0.00365220972627421, "params": {"0": -0.4942675047609768, "1": -2.2219543087947944, "2": -1.9273610830683783, "3": -1.279540493656521, "4": 0.8575071933916609, "5": -1.7236952270011292, "6": 1.5696737612872704, "7": -0.18560450791786565}, "datetime": {"datetime": "2021-06-29 23:29:06", "elapsed": 11726.287495, "delta": 38.076385}}
{"target": 0.003065508156795969, "params": {"0": -1.998217529172947, "1": 0.7068998488788139, "2": 0.9639680247028104, "3": 1.6729752414936376, "4": 1.8918673083305357, "5": -0.7270303788550789, "6": -0.46459431039229404, "7": -1.7505720756955736}, "datetime": {"datetime": "2021-06-29 23:29:29", "elapsed": 11749.201036, "delta": 22.913541}}
{"target": 0.009023813068523599, "params": {"0": -0.3417074472300796, "1": -2.7403021926186444, "2": 2.830154966739375, "3": -1.4975135857389748, "4": 0.14692910395043413, "5": 0.8502166298240112, "6": -1.576710011773675, "7": 1.1195636712473878}, "datetime": {"datetime": "2021-06-29 23:29:59", "elapsed": 11778.799907, "delta": 29.598871}}
{"target": 0.0032786795927328186, "params": {"0": -0.7173812912258946, "1": -1.3094843937227831, "2": 2.454866472345917, "3": -1.641379704125636, "4": -0.3599230491410488, "5": 2.145718715490209, "6": -2.536261355421529, "7": -2.9129162170541854}, "datetime": {"datetime": "2021-06-29 23:30:17", "elapsed": 11797.271705, "delta": 18.471798}}
{"target": 0.00784100684716222, "params": {"0": -1.1681066048641775, "1": -0.5836479758630433, "2": -1.7676988027519358, "3": -1.4804928013223169, "4": 1.9333803452307237, "5": -0.3973294815732693, "6": 1.0930088942249352, "7": -1.9441834986471536}, "datetime": {"datetime": "2021-06-29 23:30:46", "elapsed": 11826.010808, "delta": 28.739103}}
{"target": 0.0032665692521615607, "params": {"0": -0.4879120471137819, "1": -1.4996792027553683, "2": 0.5179103703114762, "3": 0.9794008869379098, "4": -2.779459218514836, "5": -1.6170315872874408, "6": 1.6891435359487685, "7": 1.9460030201835696}, "datetime": {"datetime": "2021-06-29 23:31:11", "elapsed": 11851.407528, "delta": 25.39672}}
{"target": 0.0034500065586367803, "params": {"0": 0.9813111542084427, "1": -0.0947810211975737, "2": -2.976517325259965, "3": -1.5370708211368762, "4": -0.31679440188871677, "5": -0.46560503921861107, "6": 1.2310662538236938, "7": 1.1583907258909818}, "datetime": {"datetime": "2021-06-29 23:31:45", "elapsed": 11885.200241, "delta": 33.792713}}
{"target": 0.007369304339001616, "params": {"0": 0.770304475146701, "1": -1.0686919687091865, "2": 0.3308504390882874, "3": 1.6449660379440445, "4": 2.8431576142529362, "5": 0.09290611068052446, "6": 0.3496252496596357, "7": -0.9668865150667041}, "datetime": {"datetime": "2021-06-29 23:32:07", "elapsed": 11907.365408, "delta": 22.165167}}
{"target": 0.002889478171701166, "params": {"0": 2.4205872818934093, "1": -1.7542602450503397, "2": -0.19915042823702223, "3": 2.697337718227182, "4": 2.4183645206117266, "5": 0.9469591663387815, "6": -1.0382177569225366, "7": -2.065129662551503}, "datetime": {"datetime": "2021-06-29 23:32:34", "elapsed": 11934.09716, "delta": 26.731752}}
{"target": 0.017662741468176174, "params": {"0": -0.9595219251928357, "1": 0.14158097029717265, "2": -1.2376720786973023, "3": -2.8414709890695256, "4": 1.1008147069614402, "5": 2.1394700907763067, "6": -1.9009735567960773, "7": 1.9553954352432266}, "datetime": {"datetime": "2021-06-29 23:33:22", "elapsed": 11981.978187, "delta": 47.881027}}
{"target": 0.0032835291037698004, "params": {"0": 2.1581452461099024, "1": 1.6163311799923177, "2": 2.641778897580423, "3": -2.368177501610377, "4": -0.8229794148298186, "5": -2.3580361095309015, "6": -0.6324826875594214, "7": 1.0199672094775956}, "datetime": {"datetime": "2021-06-29 23:33:43", "elapsed": 12003.270412, "delta": 21.292225}}
{"target": 0.002944895164880691, "params": {"0": 1.501834524246406, "1": -2.357750142136231, "2": 2.2307276399726543, "3": 0.5381018182550505, "4": 2.980567168334078, "5": 0.8154336219193081, "6": -1.843504587659703, "7": 2.8858528719071606}, "datetime": {"datetime": "2021-06-29 23:34:13", "elapsed": 12032.648836, "delta": 29.378424}}
{"target": 0.003210226237208417, "params": {"0": -1.584390492041016, "1": 0.0701282634995053, "2": -2.8540833723291406, "3": -2.604418272178029, "4": 1.487293754420631, "5": 2.1311750376114835, "6": -0.024017740869737736, "7": 0.8769121191420188}, "datetime": {"datetime": "2021-06-29 23:34:42", "elapsed": 12061.937549, "delta": 29.288713}}
{"target": 0.019046452747821588, "params": {"0": 1.2238111043794913, "1": -1.2629600130999297, "2": -1.729215228145536, "3": 0.930588201867792, "4": 0.18573126134706852, "5": -1.1756301432325458, "6": 2.657623748682001, "7": -0.37618064614565494}, "datetime": {"datetime": "2021-06-29 23:35:39", "elapsed": 12119.163359, "delta": 57.22581}}
{"target": 0.003083242371450197, "params": {"0": -0.28241636604501696, "1": -1.4453867390269877, "2": -1.4618996886764213, "3": -1.5611407326152573, "4": 1.4410259184995091, "5": 0.5361309680512876, "6": 2.6348122385808868, "7": -2.490222872800069}, "datetime": {"datetime": "2021-06-29 23:36:14", "elapsed": 12154.415569, "delta": 35.25221}}
{"target": 0.08633945258616207, "params": {"0": -2.0346595390671762, "1": -0.6654162155749486, "2": 0.11229207058578039, "3": -2.24646267869996, "4": -0.7496034186563891, "5": 1.9021154112917555, "6": -2.29595679822656, "7": -2.5287665212542567}, "datetime": {"datetime": "2021-06-29 23:36:48", "elapsed": 12187.88278, "delta": 33.467211}}
{"target": 0.029927586999438156, "params": {"0": 1.322905559558249, "1": -1.1891219041416028, "2": -1.3882664733211125, "3": 0.8279714432410112, "4": 0.9245858977317081, "5": -1.4433500502327905, "6": 2.7990033173768376, "7": -0.7937125099312698}, "datetime": {"datetime": "2021-06-29 23:37:31", "elapsed": 12231.481689, "delta": 43.598909}}
{"target": 0.0033254940851449944, "params": {"0": 1.9796838405669064, "1": 2.9283993480050334, "2": -0.6981354873031744, "3": 1.7569426619620465, "4": 1.5179768871842096, "5": -1.3438001741220953, "6": -2.2944861295556866, "7": 0.05500205967596239}, "datetime": {"datetime": "2021-06-29 23:37:55", "elapsed": 12255.399592, "delta": 23.917903}}
{"target": 0.003443890942581668, "params": {"0": -0.5105402226301035, "1": -1.4345646261260092, "2": 1.2361464463437208, "3": 1.363097285206976, "4": -1.334321149207858, "5": 0.8464077795329175, "6": 0.4227525139384296, "7": 2.2023398359761526}, "datetime": {"datetime": "2021-06-29 23:38:15", "elapsed": 12274.704278, "delta": 19.304686}}
{"target": 0.003044683150645635, "params": {"0": 1.396900825847875, "1": 0.4385289338535321, "2": 0.535936252131409, "3": 1.3360073105921648, "4": 0.9944134866114931, "5": -0.11482410112110131, "6": -2.425270200316686, "7": -1.1634873676156905}, "datetime": {"datetime": "2021-06-29 23:38:36", "elapsed": 12296.068737, "delta": 21.364459}}
{"target": 0.0029949075817998867, "params": {"0": 1.8618680825914424, "1": 2.3533466729857144, "2": 0.6366964465892608, "3": -2.8635833750567223, "4": 0.1766722843311621, "5": 0.13955585038006912, "6": -0.8827234342958477, "7": -0.31455161347893057}, "datetime": {"datetime": "2021-06-29 23:38:56", "elapsed": 12315.639219, "delta": 19.570482}}
{"target": 0.003673511799285534, "params": {"0": 2.8098662691967, "1": -2.356267640992446, "2": 0.32264706935322485, "3": -0.23437462711581913, "4": -0.4450353587923548, "5": 0.4391195707695008, "6": -2.1423482977742987, "7": -0.14181313847232957}, "datetime": {"datetime": "2021-06-29 23:39:12", "elapsed": 12331.828031, "delta": 16.188812}}
{"target": 0.0033360882564226015, "params": {"0": -0.7979365925237172, "1": 2.878986356190987, "2": -0.13766506042705595, "3": 1.1467072397153641, "4": 1.7071353754601688, "5": -2.4867534060323795, "6": -0.5438529243128638, "7": -2.869028577527006}, "datetime": {"datetime": "2021-06-29 23:39:43", "elapsed": 12363.326679, "delta": 31.498648}}
{"target": 0.003203745216833478, "params": {"0": 2.867827629899761, "1": -2.827330837750084, "2": -1.3930757282676525, "3": -2.2192586735201356, "4": -2.654937387297882, "5": 0.8869319655367631, "6": 0.6980917645843965, "7": 0.69930001302113}, "datetime": {"datetime": "2021-06-29 23:40:07", "elapsed": 12387.12804, "delta": 23.801361}}
{"target": 0.0031469849968777234, "params": {"0": -0.7336466851619177, "1": 0.9011794229343435, "2": 2.6617041859859336, "3": -2.510918941479388, "4": -1.348931690889288, "5": -1.2491140581329014, "6": -0.22156143005704187, "7": 2.9393640682097883}, "datetime": {"datetime": "2021-06-29 23:40:22", "elapsed": 12402.335352, "delta": 15.207312}}
{"target": 0.003647410536554483, "params": {"0": 1.217409871334688, "1": -2.920642187772269, "2": 2.0326805917914044, "3": 1.977102759974679, "4": 1.758903754561464, "5": 2.344375263152866, "6": -2.994901323013533, "7": -1.5515695668452587}, "datetime": {"datetime": "2021-06-29 23:40:47", "elapsed": 12426.728225, "delta": 24.392873}}
{"target": 0.003265167244313025, "params": {"0": -0.3139419154628511, "1": -1.1135589783836755, "2": 1.595837365965533, "3": 2.249435738902055, "4": -2.2404948712581625, "5": 1.9825402544871205, "6": 1.9640459360135925, "7": -0.13306254166400633}, "datetime": {"datetime": "2021-06-29 23:41:07", "elapsed": 12447.479426, "delta": 20.751201}}
{"target": 0.005129197037290114, "params": {"0": -2.399358171621407, "1": 2.6076540922108, "2": 0.08327430582344242, "3": 1.9958462213072936, "4": -2.506290339644953, "5": -1.3379148744084515, "6": -0.7815670245852071, "7": 1.2370307076100877}, "datetime": {"datetime": "2021-06-29 23:41:30", "elapsed": 12469.860138, "delta": 22.380712}}
{"target": 0.0033219305692541, "params": {"0": -1.7590769024095099, "1": 0.7294642011343955, "2": 2.4364658822970577, "3": 0.7394240983609426, "4": -1.5519110624106511, "5": -2.1835234172778155, "6": 0.5305566527955476, "7": 1.4548241985215897}, "datetime": {"datetime": "2021-06-29 23:42:19", "elapsed": 12519.25442, "delta": 49.394282}}
{"target": 0.0029724370053667726, "params": {"0": -0.12240245653704651, "1": 1.3888896261079413, "2": -2.611334461789235, "3": 1.9265531818381074, "4": 0.3193643192635647, "5": -1.09829149415577, "6": 2.2110107154753713, "7": -1.2468775857433638}, "datetime": {"datetime": "2021-06-29 23:42:41", "elapsed": 12540.852035, "delta": 21.597615}}
{"target": 0.0029259448616694, "params": {"0": 0.39434988190721265, "1": 0.5518344023924762, "2": -2.7170056309220776, "3": -0.1925154314843711, "4": 2.170657648056996, "5": 2.717051886834337, "6": 1.0628577264376533, "7": -0.2820590813583532}, "datetime": {"datetime": "2021-06-29 23:43:05", "elapsed": 12564.561714, "delta": 23.709679}}
{"target": 0.002941515663551938, "params": {"0": 2.3391284311380804, "1": -0.3421695038675163, "2": 2.1136268004925958, "3": -1.1091332884267022, "4": 2.257852881528186, "5": 1.06057641598116, "6": 1.5730021729436903, "7": 1.7624465328600865}, "datetime": {"datetime": "2021-06-29 23:43:23", "elapsed": 12582.519251, "delta": 17.957537}}
{"target": 0.005804023565524864, "params": {"0": 2.0577080468722535, "1": -0.8949634234276242, "2": 1.810748366033982, "3": 2.7406724193151293, "4": 0.881339550626846, "5": 1.9474442814541968, "6": 0.6297392918403562, "7": -1.2486551547755438}, "datetime": {"datetime": "2021-06-29 23:43:46", "elapsed": 12605.650196, "delta": 23.130945}}
{"target": 0.007237821383143923, "params": {"0": -0.3883443725629574, "1": -0.8913974582352577, "2": -2.1220267109845166, "3": -1.5356459863537604, "4": 1.1319011967022554, "5": -0.5364542292005661, "6": 0.6069320351545686, "7": -1.633395473832841}, "datetime": {"datetime": "2021-06-29 23:44:20", "elapsed": 12640.195951, "delta": 34.545755}}
{"target": 0.0041658679287538344, "params": {"0": 2.905934992784026, "1": -1.7436375125186279, "2": -2.8407249822822154, "3": -0.1598547842279725, "4": -2.7972282429790245, "5": 2.174711299381582, "6": 1.566106439684459, "7": -2.0873192419726285}, "datetime": {"datetime": "2021-06-29 23:44:43", "elapsed": 12663.450262, "delta": 23.254311}}
{"target": 0.0032180699201139547, "params": {"0": -0.4075224829616242, "1": 0.7856531270982785, "2": -1.3251047695705231, "3": -0.16880291838798334, "4": -0.7499639343578273, "5": -2.4053482737448224, "6": -0.9167825553304341, "7": 2.315273951995609}, "datetime": {"datetime": "2021-06-29 23:45:01", "elapsed": 12680.634306, "delta": 17.184044}}
{"target": 0.003773514170742132, "params": {"0": -1.315946810700143, "1": 0.5385946980524143, "2": -2.6647044159819178, "3": -1.2511778658207746, "4": 2.0511739809689313, "5": -0.6145157005977175, "6": 0.7717120159701651, "7": -0.9729889128367546}, "datetime": {"datetime": "2021-06-29 23:45:28", "elapsed": 12708.038507, "delta": 27.404201}}
{"target": 0.004457902982983495, "params": {"0": -0.3339933751994968, "1": -2.757797808457328, "2": 1.1524527663836306, "3": -2.6202538992176905, "4": -1.528058082565261, "5": 1.2786846263268545, "6": -1.5516075509439877, "7": -0.15617246145016228}, "datetime": {"datetime": "2021-06-29 23:45:43", "elapsed": 12723.229514, "delta": 15.191007}}
{"target": 0.0029674237042740534, "params": {"0": -0.7538447531637624, "1": -1.4886176426484055, "2": 2.9084213551961238, "3": -2.0409395644368287, "4": -1.4475876525576319, "5": 2.3080556059208703, "6": -0.4242101878362319, "7": -2.8663571032326276}, "datetime": {"datetime": "2021-06-29 23:46:05", "elapsed": 12744.787462, "delta": 21.557948}}
{"target": 0.0037140929427535753, "params": {"0": 1.3841903015354884, "1": 2.418667248345092, "2": -0.5741208386475383, "3": -1.6154154425848828, "4": -0.7018880182224994, "5": -1.0377951008605542, "6": 2.4883584691074745, "7": -1.9888273354169748}, "datetime": {"datetime": "2021-06-29 23:46:44", "elapsed": 12784.091224, "delta": 39.303762}}
{"target": 0.0031824551778419107, "params": {"0": 0.652835413186156, "1": 0.1454829965252591, "2": 2.3111348458903773, "3": 1.4975078356371796, "4": -1.5281423790546604, "5": 1.9724231242569603, "6": 0.7181739616391445, "7": -0.34850031684912075}, "datetime": {"datetime": "2021-06-29 23:47:57", "elapsed": 12857.049698, "delta": 72.958474}}
{"target": 0.003083850519016204, "params": {"0": 2.268598021412293, "1": -2.375901508684988, "2": 0.3260873673588849, "3": 0.6312920444034469, "4": 0.8805983366887089, "5": -1.1688169035491855, "6": 0.9324658370912262, "7": 2.5202151029731885}, "datetime": {"datetime": "2021-06-29 23:48:22", "elapsed": 12882.319747, "delta": 25.270049}}
{"target": 0.0032667329338488932, "params": {"0": 2.3572469830978875, "1": -1.5916783783826407, "2": 1.8048245282542386, "3": 1.997258882001585, "4": -1.1284869705369724, "5": -1.780506960469404, "6": 0.8181011685847781, "7": 2.5388170886521646}, "datetime": {"datetime": "2021-06-29 23:49:02", "elapsed": 12921.77608, "delta": 39.456333}}
{"target": 0.01002941851450325, "params": {"0": -0.7607487070605123, "1": 1.5263878523956986, "2": -2.270338468238103, "3": -2.9823388666489317, "4": -1.6569841528096474, "5": 0.6785263392597773, "6": -2.8636916051668204, "7": 1.1636712877533526}, "datetime": {"datetime": "2021-06-29 23:49:26", "elapsed": 12945.588644, "delta": 23.812564}}
{"target": 0.00365687713389129, "params": {"0": 0.07877059132603037, "1": -0.029406100639789656, "2": -0.714404197303578, "3": -2.1057961052251426, "4": -0.8435229292593469, "5": -1.7571117479701943, "6": -0.5819275066577392, "7": 1.699149002585382}, "datetime": {"datetime": "2021-06-29 23:50:05", "elapsed": 12984.677108, "delta": 39.088464}}
{"target": 0.004312591535657838, "params": {"0": -1.7854606234317145, "1": 1.16347967290391, "2": 2.0264780201750767, "3": -0.07077117179541226, "4": -1.1795354078216906, "5": -2.1377548272629068, "6": 0.13371024794226205, "7": 0.7878824632317327}, "datetime": {"datetime": "2021-06-29 23:50:44", "elapsed": 13024.352488, "delta": 39.67538}}
{"target": 0.004640534937753358, "params": {"0": -0.17599261899216367, "1": -1.6905647793482532, "2": 2.02227418049569, "3": -2.267746207733751, "4": 1.3460512708551828, "5": -1.2635409451434958, "6": -2.553884523285524, "7": 1.954940512270496}, "datetime": {"datetime": "2021-06-29 23:51:17", "elapsed": 13056.650686, "delta": 32.298198}}
{"target": 0.0031464382199569577, "params": {"0": -0.25714098399104746, "1": -2.921708083923943, "2": -2.132531672506627, "3": 1.8706826479922114, "4": -2.1136968313927946, "5": 2.2402955642862974, "6": -2.230389860560069, "7": 1.8935179930655544}, "datetime": {"datetime": "2021-06-29 23:51:43", "elapsed": 13082.587712, "delta": 25.937026}}
{"target": 0.005564339440852079, "params": {"0": 0.5795517916580355, "1": -2.9562077148919608, "2": -1.2537837578718374, "3": -2.6529323444475814, "4": -1.1188292721246396, "5": -1.253744050811044, "6": 1.1813854841565865, "7": -0.6407703753372935}, "datetime": {"datetime": "2021-06-29 23:52:40", "elapsed": 13140.133495, "delta": 57.545783}}
