{"target": 0.0029949806080530697, "params": {"0": -2.170658067115263, "1": -1.9472397749724104, "2": -2.2234751064620575, "3": 1.5852580114705583, "4": -2.95313387958314, "5": -0.16569693249439688, "6": -0.49625392406100133, "7": -1.3476975245958571}, "datetime": {"datetime": "2021-06-29 20:14:50", "elapsed": 70.479035, "delta": 1.446578}}
{"target": 0.0032234779395444533, "params": {"0": 2.3912179688645763, "1": -1.306150120182832, "2": -1.040693793542622, "3": 2.3938262806595114, "4": 1.35671762883986, "5": 1.9557251745326152, "6": -0.14633915225526195, "7": -2.3806133494561923}, "datetime": {"datetime": "2021-06-29 20:14:54", "elapsed": 73.535765, "delta": 3.05673}}
{"target": 0.002938491812474443, "params": {"0": -0.3421744979994443, "1": 1.9286675067907426, "2": -0.9496944992253522, "3": 1.1251979871738342, "4": 2.5319827188384316, "5": 2.7245716779977602, "6": 2.6460878709157676, "7": -0.18504316035617796}, "datetime": {"datetime": "2021-06-29 20:14:56", "elapsed": 75.55111, "delta": 2.015345}}
{"target": 0.0030992509545119764, "params": {"0": 1.1757039833576126, "1": 1.8476202486731275, "2": -2.948260320195848, "3": 2.8851280216062287, "4": -0.9863138865803744, "5": -2.2267642043153604, "6": -1.1340280581167297, "7": -1.34285310246152}, "datetime": {"datetime": "2021-06-29 20:14:58", "elapsed": 77.557647, "delta": 2.006537}}
{"target": 0.004754831694422121, "params": {"0": 1.0264451520040048, "1": 1.521160646783521, "2": -2.285819532751895, "3": -1.5657059732645238, "4": -1.5859889095551714, "5": 2.122269563353006, "6": 1.267614540405802, "7": 0.8683605737059521}, "datetime": {"datetime": "2021-06-29 20:14:59", "elapsed": 78.513015, "delta": 0.955368}}
{"target": 0.0040105481455792935, "params": {"0": 0.3759601868638227, "1": -0.3995044968418715, "2": 0.40633948620976224, "3": -2.36971058402054, "4": 1.2508634113333326, "5": -2.1377525696955644, "6": 1.4212327076855562, "7": 1.0105355772157907}, "datetime": {"datetime": "2021-06-29 20:15:00", "elapsed": 80.421515, "delta": 1.9085}}
{"target": 0.003675057818290418, "params": {"0": 2.389719287525221, "1": -1.1836193440744744, "2": -1.4850541980394867, "3": -1.674448573587457, "4": -2.910397158785054, "5": -0.4347237421892953, "6": -0.5338856368095817, "7": 0.8671925542835903}, "datetime": {"datetime": "2021-06-29 20:15:02", "elapsed": 81.634212, "delta": 1.212697}}
{"target": 0.027388012786236288, "params": {"0": 0.7643511848207769, "1": 1.6518092172336232, "2": -0.6777352258161375, "3": -1.6221947005234942, "4": 0.9410766360719656, "5": -0.6212304213425712, "6": 2.448569361652214, "7": 0.0006268979090489069}, "datetime": {"datetime": "2021-06-29 20:15:04", "elapsed": 83.611453, "delta": 1.977241}}
{"target": 0.004250184318456, "params": {"0": 0.5986969976457379, "1": -1.1665403721561303, "2": -2.308456568357431, "3": -2.873952982001787, "4": -2.8541997340577714, "5": 2.286107144550524, "6": -2.6786040977459056, "7": 2.2572266141043986}, "datetime": {"datetime": "2021-06-29 20:15:06", "elapsed": 86.263179, "delta": 2.651726}}
{"target": 0.003180534159874346, "params": {"0": -0.053797263783519345, "1": -2.3521313136719337, "2": -2.387659706686805, "3": 0.279019414079543, "4": -0.1734059609521701, "5": -0.15944853895648858, "6": 1.7357552386368162, "7": -2.4392177275906786}, "datetime": {"datetime": "2021-06-29 20:15:09", "elapsed": 88.626488, "delta": 2.363309}}
{"target": 0.003320054128557788, "params": {"0": 1.7261215751717671, "1": -1.3624611843311853, "2": -0.6998790885010044, "3": -0.7341329381726442, "4": -0.7239610567356944, "5": -0.6201109786647696, "6": -1.7657734760032064, "7": -1.8805744545773688}, "datetime": {"datetime": "2021-06-29 20:15:11", "elapsed": 90.742897, "delta": 2.116409}}
{"target": 0.0034483850251763918, "params": {"0": -0.9909240697138504, "1": 1.0522082893669964, "2": 0.2098610195185242, "3": -2.5211622648535617, "4": -0.7898616504752658, "5": 1.0803547729344114, "6": -0.6486769878767573, "7": 0.9904798865363853}, "datetime": {"datetime": "2021-06-29 20:15:13", "elapsed": 92.906485, "delta": 2.163588}}
{"target": 0.003527277541440165, "params": {"0": 1.5659522891502373, "1": -2.5638075960898874, "2": 1.3337890395906973, "3": -2.050599678774753, "4": 0.5231371762573858, "5": -0.8782232328689217, "6": 1.494776029568519, "7": -2.147995010056706}, "datetime": {"datetime": "2021-06-29 20:15:14", "elapsed": 94.2012, "delta": 1.294715}}
{"target": 0.004240728463627493, "params": {"0": -1.6579135314676117, "1": -2.884872641913905, "2": -2.7035904671802253, "3": -0.31186770735180325, "4": -1.9610100077250519, "5": -1.1598682785536198, "6": 2.399785527971904, "7": -1.7469952869856047}, "datetime": {"datetime": "2021-06-29 20:15:15", "elapsed": 95.304999, "delta": 1.103799}}
{"target": 0.006710086810695095, "params": {"0": 0.29283709714353146, "1": -2.6913035749170238, "2": 0.20465801635655279, "3": -2.0591889077092937, "4": -0.32340462760951993, "5": -1.4242629202623494, "6": 0.5200184308042397, "7": 0.2965444466296754}, "datetime": {"datetime": "2021-06-29 20:15:17", "elapsed": 97.142294, "delta": 1.837295}}
{"target": 0.003621981040453627, "params": {"0": 2.16677657870372, "1": 0.4668741925495379, "2": 0.5663818784504935, "3": -2.4733287706285396, "4": -2.7535502297559984, "5": -2.7079008452685733, "6": 2.49921763795556, "7": -2.4652001381814843}, "datetime": {"datetime": "2021-06-29 20:15:18", "elapsed": 98.055466, "delta": 0.913172}}
{"target": 0.0068932528090960375, "params": {"0": -0.07900513283394073, "1": -2.0996195089982725, "2": -1.1668429205519846, "3": 2.5798326364653157, "4": -2.6595891097133872, "5": 2.315296157696224, "6": -2.47443951861601, "7": 2.858704574046315}, "datetime": {"datetime": "2021-06-29 20:15:19", "elapsed": 99.042228, "delta": 0.986762}}
{"target": 0.009484785982834023, "params": {"0": -2.422696515476548, "1": 1.3042424077434136, "2": -1.9518364402251729, "3": 1.2504731263319604, "4": -1.65024723117312, "5": -0.5346848175026055, "6": 0.10695301201844787, "7": 0.8669648336479661}, "datetime": {"datetime": "2021-06-29 20:15:20", "elapsed": 100.03363, "delta": 0.991402}}
{"target": 0.0031492823278015704, "params": {"0": -0.820899783838748, "1": 1.3228516645571018, "2": 1.7479404233908706, "3": -0.2400148211786246, "4": -1.334951518935416, "5": 1.708470361105885, "6": -2.842102927850199, "7": 1.0291705324087443}, "datetime": {"datetime": "2021-06-29 20:15:22", "elapsed": 101.59353, "delta": 1.5599}}
{"target": 0.0032666109508325365, "params": {"0": 1.009398973213539, "1": 1.1612488137384904, "2": -0.11097136177573397, "3": -1.0815485004229866, "4": 1.0875768022616121, "5": -0.6188971625207218, "6": 1.7786333245735975, "7": 0.31047911511578086}, "datetime": {"datetime": "2021-06-29 20:15:24", "elapsed": 103.572573, "delta": 1.979043}}
{"target": 0.004322280878653979, "params": {"0": -0.6898503504899467, "1": -1.7439236489862857, "2": -2.6296017619458887, "3": -2.1058563397616634, "4": 2.987232550922685, "5": 1.2980184383221092, "6": -2.4120931317243373, "7": -0.5304413486720145}, "datetime": {"datetime": "2021-06-29 20:15:26", "elapsed": 105.694906, "delta": 2.122333}}
{"target": 0.003805893929694833, "params": {"0": 2.64719681103397, "1": 0.16020470367969875, "2": 2.3654635254673426, "3": 1.512650154606395, "4": -1.5149583771775157, "5": -0.3380669762452335, "6": 1.2802261792309109, "7": 0.20461351005001882}, "datetime": {"datetime": "2021-06-29 20:15:28", "elapsed": 108.042796, "delta": 2.34789}}
{"target": 0.003074373929415193, "params": {"0": 0.33065167928978845, "1": 1.606060106982178, "2": -0.5557642580845741, "3": -2.2944167003879112, "4": 0.8937653562961971, "5": -0.3898389497969261, "6": 2.5723268744455474, "7": -0.10965550708159233}, "datetime": {"datetime": "2021-06-29 20:15:31", "elapsed": 110.520413, "delta": 2.477617}}
{"target": 0.01455607884266486, "params": {"0": -1.7937521509791927, "1": 0.339744307522702, "2": 0.7373210815604416, "3": 0.2334155666879001, "4": 2.1132171978848, "5": -0.07469554004263479, "6": 2.1708832887984046, "7": 0.7318333402289801}, "datetime": {"datetime": "2021-06-29 20:15:32", "elapsed": 112.140491, "delta": 1.620078}}
{"target": 0.007942425067328635, "params": {"0": 1.145883428586835, "1": 1.6754903351912471, "2": -0.4424673604006282, "3": -1.7596375341824355, "4": 1.0372611110614987, "5": -1.1822840591689159, "6": 1.8901102595720225, "7": -0.34489834934844144}, "datetime": {"datetime": "2021-06-29 20:15:34", "elapsed": 114.084853, "delta": 1.944362}}
{"target": 0.0031354971178520785, "params": {"0": 1.195794770140651, "1": 1.0175898926722144, "2": 0.5119299087747669, "3": 1.553431172547537, "4": -0.6502631181699812, "5": 0.02489114429467154, "6": -0.03213612198499627, "7": -2.028960838589574}, "datetime": {"datetime": "2021-06-29 20:15:36", "elapsed": 115.515499, "delta": 1.430646}}
{"target": 0.003119976671097851, "params": {"0": 2.082648223744811, "1": -1.9073124735902778, "2": 2.9044456384271182, "3": -0.2674922862830953, "4": 1.5891228160499615, "5": 1.3388794987672892, "6": -1.2858589605903816, "7": -2.5124712907204803}, "datetime": {"datetime": "2021-06-29 20:15:37", "elapsed": 116.894134, "delta": 1.378635}}
{"target": 0.003274179956474277, "params": {"0": 2.101886200008641, "1": 2.4422093020158586, "2": 2.899576712374712, "3": 0.5683587259315557, "4": -0.712785999076587, "5": 0.9811072880856591, "6": -1.9632524553649806, "7": -0.12578094647956028}, "datetime": {"datetime": "2021-06-29 20:15:39", "elapsed": 119.092885, "delta": 2.198751}}
{"target": 0.00348751478281654, "params": {"0": 2.2976440671789558, "1": -0.22170370687314023, "2": -1.078204890056305, "3": 1.0582374874525025, "4": -1.1113119368836544, "5": 1.7718038781585959, "6": 1.3303393013538063, "7": 2.1842626526228495}, "datetime": {"datetime": "2021-06-29 20:15:42", "elapsed": 122.371836, "delta": 3.278951}}
{"target": 0.003231231181659153, "params": {"0": -2.2480611432873387, "1": 0.3467485389395337, "2": -1.3469093706348423, "3": 2.734643440930915, "4": 2.977029823164549, "5": -1.9137543084627107, "6": -0.7760751635026657, "7": -0.4573255163633716}, "datetime": {"datetime": "2021-06-29 20:15:45", "elapsed": 124.684353, "delta": 2.312517}}
{"target": 0.0033867205952704264, "params": {"0": 1.5775501975991402, "1": 0.7554016724890982, "2": 2.6618451027121033, "3": -1.8388675012418734, "4": -1.3153610263886435, "5": -0.4424523005255243, "6": -0.2972713034599481, "7": 1.9479988780716377}, "datetime": {"datetime": "2021-06-29 20:15:47", "elapsed": 127.01812, "delta": 2.333767}}
{"target": 0.003031844665103554, "params": {"0": 0.4009747814837281, "1": 1.3786486091374552, "2": -1.3338560978971539, "3": -2.8134331155033125, "4": 1.1636907196324708, "5": 2.4877819085201454, "6": 2.4120908368243716, "7": -1.152772122690093}, "datetime": {"datetime": "2021-06-29 20:15:48", "elapsed": 128.426208, "delta": 1.408088}}
{"target": 0.006968082601689215, "params": {"0": 0.4567952089589866, "1": 1.8909766090831708, "2": -0.6393556783575196, "3": 0.6224477901068584, "4": -0.9526645410311438, "5": 1.3086530911845902, "6": -1.5173456012403366, "7": -1.9901293094601855}, "datetime": {"datetime": "2021-06-29 20:15:50", "elapsed": 129.705676, "delta": 1.279468}}
{"target": 0.00384100656665155, "params": {"0": -1.3959753837660709, "1": 1.3812011535090871, "2": 2.3121595933762453, "3": 1.1203097260402881, "4": -1.9441070680018002, "5": -2.8214758259208725, "6": 1.2773829465783653, "7": 1.0723198288632148}, "datetime": {"datetime": "2021-06-29 20:15:51", "elapsed": 131.458902, "delta": 1.753226}}
{"target": 0.0042380807624773755, "params": {"0": 0.32058977214605955, "1": 0.8638620071086471, "2": -1.7606039555877173, "3": -1.7812071213225746, "4": 0.07598789096988634, "5": -1.5829108042054105, "6": -0.24153342626486296, "7": -0.44222664122168975}, "datetime": {"datetime": "2021-06-29 20:15:53", "elapsed": 132.652632, "delta": 1.19373}}
{"target": 0.0031687487293946396, "params": {"0": -0.20208038245528925, "1": -0.28968384568218397, "2": 2.158401110181752, "3": -1.1244050138455415, "4": -1.0943066988145032, "5": -0.35590813242214736, "6": 1.7712625187664246, "7": -2.4192719921316734}, "datetime": {"datetime": "2021-06-29 20:15:55", "elapsed": 134.645711, "delta": 1.993079}}
{"target": 0.003285630692832759, "params": {"0": 1.3385845207184355, "1": 1.6485790535959586, "2": -2.641458304007738, "3": -2.0121471253564653, "4": -2.424403811374316, "5": 2.840750578556011, "6": 1.4920247065740915, "7": 0.03342523869392444}, "datetime": {"datetime": "2021-06-29 20:15:57", "elapsed": 136.975066, "delta": 2.329355}}
{"target": 0.003069750383605852, "params": {"0": -1.559487370146605, "1": 0.3820810077951089, "2": 2.5870468486772964, "3": -0.10247659215175453, "4": -0.1847837318849792, "5": 2.9873622760445553, "6": -1.2260485732313766, "7": 0.8280532366266637}, "datetime": {"datetime": "2021-06-29 20:15:59", "elapsed": 138.710339, "delta": 1.735273}}
{"target": 0.0032976206031850542, "params": {"0": -2.1041123090060525, "1": -0.3137208853890603, "2": -0.33998268198575676, "3": 2.7825608005620968, "4": -2.8761491731949, "5": -2.8692268226803326, "6": 0.6904022769464824, "7": -1.7019050778835334}, "datetime": {"datetime": "2021-06-29 20:16:00", "elapsed": 139.811309, "delta": 1.10097}}
{"target": 0.004241524031115762, "params": {"0": 2.5310814081355923, "1": 2.005720117270206, "2": 0.6562315164549872, "3": 1.7547656148179964, "4": -2.17858095429761, "5": 1.448253528084039, "6": 1.061250417100073, "7": -0.580172378873371}, "datetime": {"datetime": "2021-06-29 20:16:02", "elapsed": 141.705536, "delta": 1.894227}}
{"target": 0.00428374215342916, "params": {"0": -0.4261554672375607, "1": -2.578248878706929, "2": -2.66672301767058, "3": -0.7676597697715661, "4": 2.9529012386901545, "5": -2.5441952847178575, "6": 1.9899102191487659, "7": 1.5458413806802707}, "datetime": {"datetime": "2021-06-29 20:16:04", "elapsed": 143.824473, "delta": 2.118937}}
{"target": 0.0034291002385618157, "params": {"0": -0.3898782485657888, "1": -0.4522093718718052, "2": -0.396133130424122, "3": 0.8334984833289081, "4": -2.409133389956618, "5": 1.8809627710470274, "6": -2.8689208370118155, "7": 1.546452495376414}, "datetime": {"datetime": "2021-06-29 20:16:07", "elapsed": 146.960327, "delta": 3.135854}}
{"target": 0.0030473969649507868, "params": {"0": -2.4659653849374266, "1": 2.8567856957135707, "2": -0.9454429138547122, "3": 2.6776098415707317, "4": -0.24905569720931853, "5": -2.564184511631784, "6": 2.3592644497428914, "7": -0.5632728928029014}, "datetime": {"datetime": "2021-06-29 20:16:09", "elapsed": 149.392329, "delta": 2.432002}}
{"target": 0.004687576832470982, "params": {"0": -1.3090834566686869, "1": -1.6467418319548979, "2": -1.6714668089884033, "3": 0.7571503699607378, "4": -1.602392886056605, "5": -0.29173247065292296, "6": 2.453042167164198, "7": 0.20913909850107304}, "datetime": {"datetime": "2021-06-29 20:16:11", "elapsed": 150.79911, "delta": 1.406781}}
{"target": 0.0044547089271542864, "params": {"0": -0.8659089770000219, "1": -1.264420061332621, "2": -2.318578710209226, "3": -0.4408215844757182, "4": 2.0851893935989967, "5": -2.019099238788189, "6": 2.187218095333078, "7": -0.16535793454799563}, "datetime": {"datetime": "2021-06-29 20:16:12", "elapsed": 152.225027, "delta": 1.425917}}
{"target": 0.00300846546561894, "params": {"0": -0.31307042287924425, "1": -0.16861285220139344, "2": -0.02628812758749266, "3": 2.8353166194876254, "4": 2.4231913272415646, "5": -0.05833898201505683, "6": 2.577553690930298, "7": -1.3312390292279481}, "datetime": {"datetime": "2021-06-29 20:16:14", "elapsed": 153.711563, "delta": 1.486536}}
{"target": 0.00724487167953927, "params": {"0": 0.3625167625010586, "1": -2.827230915766522, "2": 2.0317689462820834, "3": -1.2212452877177933, "4": 0.7364541621466518, "5": 2.2401618043933587, "6": -1.6368386877921002, "7": 0.48286504491893467}, "datetime": {"datetime": "2021-06-29 20:16:17", "elapsed": 156.966474, "delta": 3.254911}}
{"target": 0.016177480592396886, "params": {"0": 1.1830487923920954, "1": 2.447718990785016, "2": -1.3939715993619184, "3": -2.905582072664756, "4": -0.6730087568250775, "5": -1.2321626040522058, "6": -0.4385361769195897, "7": 1.942723073893803}, "datetime": {"datetime": "2021-06-29 20:16:18", "elapsed": 158.239941, "delta": 1.273467}}
{"target": 0.003058562523918059, "params": {"0": 1.1229253966483945, "1": 2.046982088276226, "2": -1.899343229728792, "3": -1.2880665389065007, "4": -1.6284813701568877, "5": 2.957797255107515, "6": 1.2222294243277165, "7": 0.7561354025038609}, "datetime": {"datetime": "2021-06-29 20:16:20", "elapsed": 159.898348, "delta": 1.658407}}
{"target": 0.0036327936090135753, "params": {"0": -2.5967830462201684, "1": -0.764068069220396, "2": 1.9925068760381697, "3": -0.8865269377828087, "4": 2.9975287815248244, "5": 0.18698392680245757, "6": 2.5869461124824973, "7": -0.23078440031211445}, "datetime": {"datetime": "2021-06-29 20:16:22", "elapsed": 161.634418, "delta": 1.73607}}
{"target": 0.0038009942292390074, "params": {"0": -0.9944818529948183, "1": 1.3007149645905463, "2": 2.1492687009876743, "3": 1.8163764473506259, "4": -2.256708129125541, "5": 0.7823559033568954, "6": 1.0257974516914299, "7": -2.7882110767829404}, "datetime": {"datetime": "2021-06-29 20:16:22", "elapsed": 162.494596, "delta": 0.860178}}
{"target": 0.0033557358509392786, "params": {"0": -1.6830264821675853, "1": 0.41659400864630314, "2": 0.727729156369763, "3": 0.14226537009350926, "4": 2.201833873276838, "5": 0.021086273467219918, "6": 2.8952124301524025, "7": 0.46460386002710496}, "datetime": {"datetime": "2021-06-29 20:16:25", "elapsed": 164.886115, "delta": 2.391519}}
{"target": 0.0036568823333205814, "params": {"0": -0.7948988839863476, "1": 0.4646367267493159, "2": -0.19857255850852784, "3": 0.9296874288114871, "4": -2.01546830306233, "5": 2.3703290066343223, "6": -2.5553938571282537, "7": 0.5846997892536621}, "datetime": {"datetime": "2021-06-29 20:16:28", "elapsed": 168.031912, "delta": 3.145797}}
{"target": 0.00447416189205545, "params": {"0": 1.941670824229199, "1": -1.546219348328367, "2": 0.06837941756249144, "3": -1.482623803970518, "4": 2.188363655033311, "5": -2.734137120079487, "6": 2.322643350618268, "7": 0.366140691642201}, "datetime": {"datetime": "2021-06-29 20:16:29", "elapsed": 169.135919, "delta": 1.104007}}
{"target": 0.011937408189687531, "params": {"0": 0.749840076188224, "1": 1.4460793444374502, "2": -0.4143152445743681, "3": -1.758397240528806, "4": 0.08972768738609815, "5": -0.31324971951469216, "6": 2.3439647452668293, "7": -0.72049545014143}, "datetime": {"datetime": "2021-06-29 20:16:31", "elapsed": 171.253225, "delta": 2.117306}}
{"target": 0.0033565199337510384, "params": {"0": 2.469524965557773, "1": 0.45498739751805317, "2": 2.2766845556361837, "3": 0.5300896155741524, "4": -0.25088852627890734, "5": -0.06284468680627153, "6": 0.3293078270985923, "7": 0.4087912215643672}, "datetime": {"datetime": "2021-06-29 20:16:34", "elapsed": 174.265402, "delta": 3.012177}}
{"target": 0.0033962223468691098, "params": {"0": 1.445865735041286, "1": 2.549700164978237, "2": -0.8633470601922522, "3": -1.800250738723036, "4": 0.25833395662327696, "5": -0.4395901465287366, "6": 1.6540080296439301, "7": -0.37871489170919403}, "datetime": {"datetime": "2021-06-29 20:16:36", "elapsed": 176.447296, "delta": 2.181894}}
{"target": 0.014815817713566319, "params": {"0": 1.408850816434768, "1": 2.0649343199007095, "2": -1.4922932182815614, "3": -2.602681805759153, "4": -0.9447930390689319, "5": -0.4113777049136682, "6": 0.1101560169552469, "7": 2.2224434756609863}, "datetime": {"datetime": "2021-06-29 20:16:39", "elapsed": 179.063991, "delta": 2.616695}}
{"target": 0.003267648120939833, "params": {"0": 1.4358563089225553, "1": -2.018963909298963, "2": 1.1555899860303889, "3": 2.887545372998326, "4": -0.8460448410053907, "5": -0.29936720355579904, "6": 0.8470787101238937, "7": 2.4043963711392475}, "datetime": {"datetime": "2021-06-29 20:16:41", "elapsed": 181.25304, "delta": 2.189049}}
{"target": 0.003076868977248311, "params": {"0": 2.766815642138395, "1": 2.784546242443632, "2": -2.1965659346623294, "3": 2.485578217238227, "4": 1.8722835946628944, "5": 0.2266857859706617, "6": -2.5875305874086516, "7": -1.7293428192274525}, "datetime": {"datetime": "2021-06-29 20:16:43", "elapsed": 182.958215, "delta": 1.705175}}
{"target": 0.0032156862507300267, "params": {"0": -0.929794862574993, "1": -0.9222314210255105, "2": 1.579446615158453, "3": -0.3936735241542513, "4": -1.8413271412737395, "5": 0.5737888286702022, "6": -2.479191888685053, "7": 1.3115916068776894}, "datetime": {"datetime": "2021-06-29 20:16:44", "elapsed": 184.409828, "delta": 1.451613}}
{"target": 0.004239806272244312, "params": {"0": 0.3500819573944445, "1": 0.6055051706859871, "2": 0.8671659978136739, "3": -0.24760988482301416, "4": 1.44272776999735, "5": -1.2738258463048027, "6": -0.46477030043902534, "7": -1.6318871719885877}, "datetime": {"datetime": "2021-06-29 20:16:47", "elapsed": 186.645549, "delta": 2.235721}}
{"target": 0.0033433907703507787, "params": {"0": 2.7024562631725155, "1": -2.345863079503186, "2": -1.7513321131073276, "3": 2.1551928328268373, "4": 0.6737185947280988, "5": 2.6188291762161517, "6": -2.9141532077735026, "7": 0.8918480405966092}, "datetime": {"datetime": "2021-06-29 20:16:49", "elapsed": 189.067787, "delta": 2.422238}}
{"target": 0.004214028314415014, "params": {"0": -2.0808946831829394, "1": 1.4723682419776472, "2": -0.8473885529485887, "3": 1.682864121768616, "4": 2.6973957207233, "5": -0.9571158495300311, "6": 2.0681440693109456, "7": -0.9640344984049269}, "datetime": {"datetime": "2021-06-29 20:16:51", "elapsed": 190.823164, "delta": 1.755377}}
