{"target": 0.005496297904856718, "params": {"0": 0.3065222325889909, "1": -0.8808878485227778, "2": -1.6138155561901641, "3": 2.925283686133538, "4": -0.13652047859953687, "5": -2.6228711613167595, "6": 2.9728465532723742, "7": 0.664985882702537}, "datetime": {"datetime": "2021-06-30 01:38:37", "elapsed": 19498.570987, "delta": 37.419247}}
{"target": 0.005080518229098835, "params": {"0": -1.3001773908867125, "1": 1.7758154450897763, "2": -2.2068633731717338, "3": -1.352605766552074, "4": 2.140561006682331, "5": 1.7439122874540045, "6": 2.4154197834107585, "7": 0.8254635446958489}, "datetime": {"datetime": "2021-06-30 01:39:19", "elapsed": 19540.224217, "delta": 41.65323}}
{"target": 0.003861394042608068, "params": {"0": 2.839707541954313, "1": -2.8896546842146407, "2": -1.485905161394508, "3": -2.981274614324274, "4": -1.9874911079836903, "5": -0.8961776899855378, "6": -2.0175745898496986, "7": 1.7867487374992521}, "datetime": {"datetime": "2021-06-30 01:40:00", "elapsed": 19581.455568, "delta": 41.231351}}
{"target": 0.005976484439513301, "params": {"0": 2.9476070371352856, "1": -1.1563604224004576, "2": -0.7675237087088309, "3": -2.790631678543302, "4": 2.0696742159137385, "5": -2.4052244567557146, "6": -2.32308752979308, "7": -0.03946176253159628}, "datetime": {"datetime": "2021-06-30 01:40:41", "elapsed": 19622.223444, "delta": 40.767876}}
{"target": 0.003406924624910741, "params": {"0": -1.748918309147963, "1": -0.01604150223789169, "2": -1.8997508128547471, "3": 2.731852570414448, "4": 0.8704106054624576, "5": 1.0833885973380308, "6": 1.741899851517334, "7": 0.30941444335645807}, "datetime": {"datetime": "2021-06-30 01:41:27", "elapsed": 19668.725941, "delta": 46.502497}}
{"target": 0.003037662070833764, "params": {"0": -2.3653862505030903, "1": -1.7613054389422271, "2": -2.0696288768820854, "3": -2.4773292693940716, "4": -0.07294338468027117, "5": 1.0886828902423247, "6": 2.251674243124965, "7": 2.0253639441380322}, "datetime": {"datetime": "2021-06-30 01:42:12", "elapsed": 19713.236014, "delta": 44.510073}}
{"target": 0.003917242145512104, "params": {"0": 0.58577252101909, "1": 1.014235926068018, "2": -2.0531641026023286, "3": 0.16392738918440974, "4": -2.3861179693674583, "5": -1.9423564395917947, "6": 2.7914381269094033, "7": 1.4328372557292628}, "datetime": {"datetime": "2021-06-30 01:43:20", "elapsed": 19782.008591, "delta": 68.772577}}
{"target": 0.0034615475509677113, "params": {"0": 1.60704431951444, "1": 1.7121951327254141, "2": -2.279044131373867, "3": -0.47142806708952545, "4": 0.7852976510605778, "5": 0.35881044470761125, "6": 0.10639070454104038, "7": -1.533637154520745}, "datetime": {"datetime": "2021-06-30 01:43:52", "elapsed": 19813.444674, "delta": 31.436083}}
{"target": 0.008474786603649248, "params": {"0": -2.6546334998775443, "1": -2.1960618168058454, "2": -2.512319636531302, "3": 2.7838648783132935, "4": -0.35859713072659183, "5": -2.3919926932404953, "6": -2.322834792447676, "7": -2.1514863531437127}, "datetime": {"datetime": "2021-06-30 01:44:30", "elapsed": 19851.105391, "delta": 37.660717}}
{"target": 0.004042896730707457, "params": {"0": 1.3109387505022383, "1": -0.5256844796871087, "2": 1.1911556700757888, "3": -0.39321247875496645, "4": -1.0944443365150534, "5": 2.721582015446671, "6": 0.958480591466687, "7": -1.8597513409915505}, "datetime": {"datetime": "2021-06-30 01:45:28", "elapsed": 19909.325567, "delta": 58.220176}}
{"target": 0.008782737238195264, "params": {"0": 2.1153362579953807, "1": 1.0938141429802126, "2": 1.8276119001433262, "3": -1.7370654163847716, "4": -1.8559470330901873, "5": -2.7578172131546728, "6": 1.761678783737942, "7": -2.4256263300238654}, "datetime": {"datetime": "2021-06-30 01:46:25", "elapsed": 19966.722595, "delta": 57.397028}}
{"target": 0.012103904882948996, "params": {"0": -0.6521838271091775, "1": 0.5632085345676399, "2": -2.1102997851556524, "3": -1.0372500835744893, "4": -0.19333552244545915, "5": 0.2203874667012986, "6": 2.0127005797134316, "7": -1.2535260757406939}, "datetime": {"datetime": "2021-06-30 01:47:19", "elapsed": 20020.378933, "delta": 53.656338}}
{"target": 0.003167667414359328, "params": {"0": 1.550127413992385, "1": -1.3746921172459257, "2": 1.0614360726359724, "3": 2.783994862766697, "4": -0.6579212969365571, "5": 1.5272220049725904, "6": -0.1439786410658943, "7": 2.854627609253664}, "datetime": {"datetime": "2021-06-30 01:47:52", "elapsed": 20053.495809, "delta": 33.116876}}
{"target": 0.016219403841685187, "params": {"0": -1.2223119041163453, "1": 2.9161628666829653, "2": -2.8582942052924167, "3": 2.272415140726711, "4": 0.6806824685416624, "5": -2.734688407588891, "6": -0.8540781425783477, "7": -2.1488020907097702}, "datetime": {"datetime": "2021-06-30 01:48:34", "elapsed": 20095.735534, "delta": 42.239725}}
{"target": 0.0031283642093356866, "params": {"0": 1.3314985619596884, "1": -0.9791101862406881, "2": -2.824235331622857, "3": 0.9994342143660409, "4": -1.6615456368954948, "5": 0.9223519336173274, "6": 1.6812986443966, "7": -1.5809828450515406}, "datetime": {"datetime": "2021-06-30 01:49:08", "elapsed": 20129.770154, "delta": 34.03462}}
{"target": 0.006781936201334322, "params": {"0": 0.0035490034418113048, "1": -2.14159935824057, "2": -2.537929332420147, "3": -1.5208237742407338, "4": -0.017688891583887756, "5": 2.707848528138154, "6": -2.9757756659534707, "7": 0.8043731325290353}, "datetime": {"datetime": "2021-06-30 01:49:58", "elapsed": 20179.936572, "delta": 50.166418}}
{"target": 0.005110296032277705, "params": {"0": -0.4467104213917623, "1": -0.16360596650352743, "2": 2.2114234493004385, "3": 0.6293683988362861, "4": 0.5812651826498549, "5": -0.15607868626666388, "6": 2.2410110503274385, "7": 0.7045425154529692}, "datetime": {"datetime": "2021-06-30 01:50:58", "elapsed": 20239.603964, "delta": 59.667392}}
{"target": 0.003023125814605284, "params": {"0": -1.1792805718101511, "1": 2.1819910608389774, "2": 2.703972273973534, "3": 0.8834936785767269, "4": 2.9666137586136943, "5": -1.8037833593238775, "6": -0.8351263748436306, "7": -0.8299775187243554}, "datetime": {"datetime": "2021-06-30 01:51:41", "elapsed": 20282.897651, "delta": 43.293687}}
{"target": 0.003486810201900374, "params": {"0": -0.6331967532819478, "1": -0.5222593978278334, "2": 0.8780199358180232, "3": -2.645130570954975, "4": 2.826156923644585, "5": -1.259107853356092, "6": 1.6296191279394474, "7": -1.5150468533735246}, "datetime": {"datetime": "2021-06-30 01:52:11", "elapsed": 20312.909517, "delta": 30.011866}}
{"target": 0.0060604026393981025, "params": {"0": -0.9650416460884288, "1": 0.5487379169025308, "2": -2.747405888471378, "3": -2.3705230238876465, "4": -2.529242852644502, "5": 0.043486526320493546, "6": 2.4943150374946352, "7": 2.803683770024234}, "datetime": {"datetime": "2021-06-30 01:52:59", "elapsed": 20360.335692, "delta": 47.426175}}
{"target": 0.003768350178776253, "params": {"0": -2.6383521018288985, "1": 1.212694537223335, "2": -0.7158167528938106, "3": -0.315971742621862, "4": 2.9781697065265966, "5": 2.9529120691742197, "6": -2.6704029259820965, "7": 2.1867772373078704}, "datetime": {"datetime": "2021-06-30 01:54:17", "elapsed": 20438.911428, "delta": 78.575736}}
{"target": 0.00402977976347618, "params": {"0": -0.3295070946977239, "1": 2.84435577799992, "2": 1.9588376636611038, "3": -0.6754533902245239, "4": -0.9029026846988826, "5": -2.960576273752258, "6": 2.4007943964764786, "7": -1.0513837127509227}, "datetime": {"datetime": "2021-06-30 01:55:14", "elapsed": 20495.279714, "delta": 56.368286}}
{"target": 0.0036831601793052794, "params": {"0": -0.8668335198939836, "1": 1.618550878925622, "2": 2.628378986718946, "3": -2.8601630345806925, "4": -1.7446449328827016, "5": -1.4887409278583803, "6": -1.9989954544180315, "7": 1.6697042668532935}, "datetime": {"datetime": "2021-06-30 01:55:48", "elapsed": 20529.653411, "delta": 34.373697}}
{"target": 0.005041953940525582, "params": {"0": 0.958095701556057, "1": -2.6023960426719412, "2": 0.9210222942567681, "3": -2.440961329630448, "4": 2.529751258299667, "5": -2.2422797454289753, "6": -0.6688826154005363, "7": 2.1054551414220306}, "datetime": {"datetime": "2021-06-30 01:56:29", "elapsed": 20570.305459, "delta": 40.652048}}
{"target": 0.004624394397900951, "params": {"0": -1.7889224812842364, "1": 2.2688146808964005, "2": -2.1000541541672746, "3": 0.9310353493490338, "4": 0.1942862036281099, "5": -1.21268865338585, "6": -1.8249660615015106, "7": 2.384501750769779}, "datetime": {"datetime": "2021-06-30 01:57:20", "elapsed": 20621.377911, "delta": 51.072452}}
{"target": 0.01515869666440524, "params": {"0": 1.2734797471164994, "1": -1.2557461268019396, "2": 1.149255716323034, "3": -0.792095981431248, "4": 2.5520526216634734, "5": -0.6904467842040125, "6": -1.9487078024288855, "7": 2.348760985466308}, "datetime": {"datetime": "2021-06-30 01:57:49", "elapsed": 20650.711424, "delta": 29.333513}}
{"target": 0.0033221611890163227, "params": {"0": 2.6937893826466093, "1": -1.6050839797297507, "2": 0.7701402561266413, "3": -1.9928153763267942, "4": 2.9079683407727908, "5": -2.1386674782346162, "6": 0.949763114784866, "7": 0.28798912568640045}, "datetime": {"datetime": "2021-06-30 01:58:24", "elapsed": 20685.812238, "delta": 35.100814}}
{"target": 0.32001212658528616, "params": {"0": -2.151633807671619, "1": -1.282326684554199, "2": -1.9201663780810168, "3": -2.0740473919730276, "4": -1.7950410194110986, "5": -2.6116439826453215, "6": -0.17213162639085056, "7": 2.8097917926037574}, "datetime": {"datetime": "2021-06-30 01:59:03", "elapsed": 20724.279833, "delta": 38.467595}}
{"target": 0.003846431529107552, "params": {"0": 2.96480309626401, "1": 0.017412649950451886, "2": -0.3621256142055218, "3": -0.6832547685386068, "4": 0.9547361358951321, "5": 2.7514155105206335, "6": 2.1369468411708823, "7": -0.471548827108494}, "datetime": {"datetime": "2021-06-30 02:00:50", "elapsed": 20831.869533, "delta": 107.5897}}
{"target": 0.011953728733198275, "params": {"0": 2.7873111769161376, "1": -1.2348616732494393, "2": 2.0565209067550168, "3": 1.340243577969824, "4": -1.7615315491067536, "5": -1.238780688545959, "6": -2.576787148728049, "7": 0.39877219276127285}, "datetime": {"datetime": "2021-06-30 02:01:34", "elapsed": 20875.337416, "delta": 43.467883}}
{"target": 0.0034837200156607323, "params": {"0": -2.6779479971226374, "1": 2.364055927811272, "2": 0.237200693296443, "3": 1.347049970711378, "4": -2.5902601719359293, "5": -2.0176930510453417, "6": 2.6080253287368595, "7": 2.515911229865864}, "datetime": {"datetime": "2021-06-30 02:02:22", "elapsed": 20923.355149, "delta": 48.017733}}
{"target": 0.0034678651364346406, "params": {"0": -1.5231748831808922, "1": 0.2530332616008817, "2": 1.010681076081032, "3": -0.1583440854102145, "4": -0.07240410149057519, "5": 0.0952364040322724, "6": -1.6847644225022824, "7": -2.902658394722793}, "datetime": {"datetime": "2021-06-30 02:03:46", "elapsed": 21007.84387, "delta": 84.488721}}
{"target": 0.003061049859512494, "params": {"0": 1.0202098478323416, "1": 1.9727137277527707, "2": -0.6097303675522738, "3": 0.7762581534632007, "4": -1.744844875617046, "5": 2.045127757860146, "6": 0.024354132194280176, "7": -2.337742292076766}, "datetime": {"datetime": "2021-06-30 02:04:31", "elapsed": 21052.790139, "delta": 44.946269}}
{"target": 0.017806415566529656, "params": {"0": -0.6725645959859681, "1": -2.392794603837876, "2": 2.983499982779364, "3": 2.22885500032708, "4": -2.170502477953156, "5": -2.8903546731418164, "6": 1.5866933582391995, "7": -0.42319700682427674}, "datetime": {"datetime": "2021-06-30 02:05:11", "elapsed": 21092.827047, "delta": 40.036908}}
{"target": 0.0037257200398075796, "params": {"0": -2.131815960880465, "1": -1.5553657996195522, "2": -1.5178405197645903, "3": -0.5981717246490095, "4": 2.7644269858206396, "5": -1.5340842225418543, "6": 2.8075604942489303, "7": 1.0107715234460706}, "datetime": {"datetime": "2021-06-30 02:06:02", "elapsed": 21143.124686, "delta": 50.297639}}
{"target": 0.009145727713532396, "params": {"0": -0.02064052354959589, "1": 1.2205931427412562, "2": -2.684391759366285, "3": 0.0012430879314027088, "4": 0.8828206426958407, "5": -2.0996113946836354, "6": 1.004794682643702, "7": -1.5964096085933897}, "datetime": {"datetime": "2021-06-30 02:06:55", "elapsed": 21196.943639, "delta": 53.818953}}
{"target": 0.007622378220467134, "params": {"0": 0.3257421398647331, "1": -0.14346348750235105, "2": 2.5398405807581135, "3": -2.4845327091648395, "4": 2.609703002970555, "5": -2.9603548511978346, "6": 0.6867443317494066, "7": -1.6871898538518537}, "datetime": {"datetime": "2021-06-30 02:07:33", "elapsed": 21234.10606, "delta": 37.162421}}
{"target": 0.003152162578784165, "params": {"0": 1.9913343082093933, "1": 2.310361799207673, "2": 1.7894239881761376, "3": -2.3375427128053157, "4": 1.5562961227217968, "5": -1.212490482083718, "6": -0.03334013137328551, "7": 0.9716722480583782}, "datetime": {"datetime": "2021-06-30 02:08:17", "elapsed": 21278.144158, "delta": 44.038098}}
{"target": 0.003806020368708638, "params": {"0": -1.9628522485529292, "1": -2.953786177642512, "2": -1.0150152501936014, "3": 2.5556501084918333, "4": 1.9925699963478616, "5": -2.6806113655737684, "6": -2.927489219902186, "7": 1.951524209617073}, "datetime": {"datetime": "2021-06-30 02:09:39", "elapsed": 21360.525532, "delta": 82.381374}}
{"target": 0.002946927896393071, "params": {"0": -1.4157701045548579, "1": -0.09399011896651466, "2": 0.8607083671712639, "3": 1.6444839842365244, "4": -1.2424414750374015, "5": 1.280605196434232, "6": -0.4713112569683906, "7": -1.5399966638564715}, "datetime": {"datetime": "2021-06-30 02:10:08", "elapsed": 21389.772976, "delta": 29.247444}}
{"target": 0.0036645347248192616, "params": {"0": 2.415814728829508, "1": -0.893546538352282, "2": -0.8237184863477292, "3": -0.9984555281580505, "4": 1.7143595017800708, "5": 0.5802961092495638, "6": 1.8756320404638505, "7": -0.8377795786071935}, "datetime": {"datetime": "2021-06-30 02:10:45", "elapsed": 21426.773598, "delta": 37.000622}}
{"target": 0.005653691676593498, "params": {"0": 1.6647615348099976, "1": 2.2598083736252157, "2": -1.433182447576965, "3": 0.6095231405472172, "4": -1.8284828016561148, "5": 1.3172474143467312, "6": -2.5274567203785647, "7": -1.5781192515260873}, "datetime": {"datetime": "2021-06-30 02:11:40", "elapsed": 21481.767345, "delta": 54.993747}}
{"target": 0.0029921038261794476, "params": {"0": 1.1995842254554336, "1": 1.3933383134316912, "2": 0.7038676349210364, "3": 2.119947739566814, "4": 1.2340665640971498, "5": 0.4438483356479157, "6": 1.5028209837467372, "7": -1.3525433379204046}, "datetime": {"datetime": "2021-06-30 02:13:08", "elapsed": 21569.639658, "delta": 87.872313}}
{"target": 0.005203511137186961, "params": {"0": 0.35185123137171104, "1": -2.0410614008454937, "2": 2.4142245994781995, "3": 1.3311410383293758, "4": -2.6800122611311927, "5": 2.5989374697239844, "6": 0.3341445119580255, "7": -1.413182445684635}, "datetime": {"datetime": "2021-06-30 02:13:54", "elapsed": 21615.5974, "delta": 45.957742}}
{"target": 0.0029979934104056145, "params": {"0": -0.012931722844007787, "1": 1.2087908669874636, "2": -2.3784439717796735, "3": 2.620004435993925, "4": 0.6528989210777976, "5": 2.830230435054501, "6": 2.371170072358817, "7": -1.4124728882944817}, "datetime": {"datetime": "2021-06-30 02:14:30", "elapsed": 21651.389904, "delta": 35.792504}}
{"target": 0.003878483652530243, "params": {"0": -2.844153494669139, "1": 2.1839649266754853, "2": -1.5621221918116914, "3": 1.5112733647060335, "4": -1.1006634490161584, "5": 2.4331055576901752, "6": 0.26859449963606075, "7": 1.351391796598496}, "datetime": {"datetime": "2021-06-30 02:16:12", "elapsed": 21753.89901, "delta": 102.509106}}
{"target": 0.003777535632286389, "params": {"0": -0.2641572313080456, "1": -2.1662411169788376, "2": 1.9557334957387953, "3": -2.084880746471243, "4": 0.7675368120981325, "5": -2.988695863895641, "6": -2.297035633694205, "7": 2.3296459811507084}, "datetime": {"datetime": "2021-06-30 02:17:37", "elapsed": 21838.552444, "delta": 84.653434}}
{"target": 0.0030119762832044763, "params": {"0": -2.6219600279729782, "1": -2.999751161461128, "2": -2.6535681862669653, "3": 2.239399883983104, "4": 1.900332941984761, "5": 2.831967644565661, "6": 0.6139230739666304, "7": -1.721485316783056}, "datetime": {"datetime": "2021-06-30 02:18:19", "elapsed": 21880.788678, "delta": 42.236234}}
{"target": 0.0069900665808211694, "params": {"0": -1.84244218142402, "1": 0.5056235101221684, "2": -0.9750441870678013, "3": 0.6532349192008322, "4": -1.1392234675877155, "5": 2.7396329006026336, "6": 1.345182779461072, "7": -1.3130034240344086}, "datetime": {"datetime": "2021-06-30 02:18:47", "elapsed": 21908.705835, "delta": 27.917157}}
{"target": 0.0033793923235018817, "params": {"0": 1.3222258901391175, "1": 2.8993207255733573, "2": -2.1448802282482777, "3": -2.392046618002055, "4": -0.48598746106916746, "5": 1.7957245232826118, "6": -2.8266885063279954, "7": -2.1257729253195086}, "datetime": {"datetime": "2021-06-30 02:19:47", "elapsed": 21968.467648, "delta": 59.761813}}
{"target": 0.005304176909563582, "params": {"0": -2.0148388527335115, "1": -1.9866151643295957, "2": -1.1564369436272686, "3": 0.4466498785613462, "4": -1.2838611548047167, "5": -1.114006520335181, "6": -1.4474576298563209, "7": 1.9815964351937811}, "datetime": {"datetime": "2021-06-30 02:20:28", "elapsed": 22009.548412, "delta": 41.080764}}
{"target": 0.0032059725913921324, "params": {"0": 1.9010402846405299, "1": 2.213476383092786, "2": 1.7377646254794792, "3": 0.059385049588915884, "4": -1.3381249132655078, "5": 2.7468637571129095, "6": 1.8056505663533162, "7": 1.5964445586892824}, "datetime": {"datetime": "2021-06-30 02:21:06", "elapsed": 22047.198621, "delta": 37.650209}}
{"target": 0.004181012393174825, "params": {"0": -1.039142397228538, "1": 0.32275338068603343, "2": 1.237514339826613, "3": -0.8286054075525993, "4": -2.8002364947214993, "5": -0.7734683812581427, "6": -1.6987452684367699, "7": 1.3338319145226993}, "datetime": {"datetime": "2021-06-30 02:21:46", "elapsed": 22088.011969, "delta": 40.813348}}
{"target": 0.003174035325888117, "params": {"0": -2.3478580224535617, "1": 0.7806266657631369, "2": 1.6404479327066053, "3": 2.716343470013311, "4": 2.2298184463735513, "5": 1.9656178096896175, "6": 2.3092162216356664, "7": -1.4434656802964638}, "datetime": {"datetime": "2021-06-30 02:22:33", "elapsed": 22134.508712, "delta": 46.496743}}
{"target": 0.003489997449035797, "params": {"0": -1.2861746990666885, "1": -1.0932943189864026, "2": -2.4252079467288157, "3": 0.7195076671263863, "4": 2.314806988206355, "5": -2.5070721055629557, "6": 0.7616835494076888, "7": 2.316493878967785}, "datetime": {"datetime": "2021-06-30 02:23:17", "elapsed": 22178.785312, "delta": 44.2766}}
{"target": 0.003174642987656512, "params": {"0": -0.02869646216219035, "1": -1.5843949463587272, "2": -1.2974844939975043, "3": 1.1618158943193526, "4": 1.8312306625458277, "5": 2.13950364016912, "6": -2.4565003265857532, "7": -0.9351564586289847}, "datetime": {"datetime": "2021-06-30 02:23:58", "elapsed": 22219.220235, "delta": 40.434923}}
{"target": 0.0029790502620321404, "params": {"0": 0.13164302585175758, "1": 2.200375611695403, "2": -2.6839366911433538, "3": -0.882658771373297, "4": 2.0418049370769964, "5": 1.9932608837537567, "6": 1.908764643633127, "7": -2.007615761366555}, "datetime": {"datetime": "2021-06-30 02:24:49", "elapsed": 22270.826146, "delta": 51.605911}}
{"target": 0.0053564286881257585, "params": {"0": -0.340923017351507, "1": 0.664626105283264, "2": 1.9692647394704057, "3": -0.26561583045543635, "4": 1.1302925871334732, "5": 0.4711680771680262, "6": 2.445342298083718, "7": 1.3439429944388843}, "datetime": {"datetime": "2021-06-30 02:25:30", "elapsed": 22311.477508, "delta": 40.651362}}
{"target": 0.008261395084423433, "params": {"0": 1.5782454582560677, "1": 1.0595051707205227, "2": 0.074139303999321, "3": 1.5689083840013591, "4": 0.10502720092016071, "5": 1.8150456686135676, "6": -1.2418754289756566, "7": 2.2760335284137003}, "datetime": {"datetime": "2021-06-30 02:26:37", "elapsed": 22378.20659, "delta": 66.729082}}
{"target": 0.0029805777816057635, "params": {"0": -2.9329291939755024, "1": -0.3180021299540581, "2": -1.4924202976022511, "3": -0.12417738850591498, "4": -1.984696737581394, "5": 1.798643448500684, "6": -1.3834364010089826, "7": -1.2029826129760222}, "datetime": {"datetime": "2021-06-30 02:27:10", "elapsed": 22411.530597, "delta": 33.324007}}
{"target": 0.005389259694272566, "params": {"0": 0.4660105885685555, "1": -1.6263856505386522, "2": 0.07241810065322785, "3": -2.3957707315670245, "4": -2.1784789744673843, "5": -2.885152824200696, "6": -1.7082929907785138, "7": -1.29175246409243}, "datetime": {"datetime": "2021-06-30 02:27:59", "elapsed": 22460.315476, "delta": 48.784879}}
{"target": 0.0031474986383361494, "params": {"0": -0.16204946179186397, "1": 2.096453171513927, "2": 1.4633400166711406, "3": 1.3680280989878044, "4": 0.21557774402266805, "5": -1.3524833655951227, "6": 1.7882999841344143, "7": 2.4399443945975285}, "datetime": {"datetime": "2021-06-30 02:28:42", "elapsed": 22503.602596, "delta": 43.28712}}
{"target": 0.00295813705261883, "params": {"0": 2.6631743269063133, "1": 2.885974793042884, "2": 2.398010326503446, "3": -2.454345737148655, "4": 2.4880722676494287, "5": -1.1808754845753402, "6": -1.0382165003297381, "7": -1.474717907539921}, "datetime": {"datetime": "2021-06-30 02:29:25", "elapsed": 22546.623068, "delta": 43.020472}}
{"target": 0.03600894323793826, "params": {"0": -0.29251811986979837, "1": -1.3867898359991795, "2": -0.5591027212028874, "3": -2.559230994189571, "4": -0.32565926952357716, "5": -2.176416115204491, "6": 0.8883189756855785, "7": 0.07168897247352879}, "datetime": {"datetime": "2021-06-30 02:30:05", "elapsed": 22586.03935, "delta": 39.416282}}
