{"target": 0.003038527168189426, "params": {"0": 1.3736552059376193, "1": -1.4035485715326845, "2": -0.05853938126007474, "3": 0.7313766464528495, "4": 2.769077941114505, "5": -1.8373437461508972, "6": -2.6265840384066745, "7": -0.069900928281724}, "datetime": {"datetime": "2021-06-29 20:21:57", "elapsed": 498.003399, "delta": 2.066931}}
{"target": 0.0032579244929154803, "params": {"0": 1.2021785246305399, "1": 1.6201918825448116, "2": 2.905744375341751, "3": -2.2092247092503925, "4": 0.003741256627946221, "5": -1.4620039871457657, "6": -1.2899936835510526, "7": -2.128963144852391}, "datetime": {"datetime": "2021-06-29 20:22:00", "elapsed": 500.647395, "delta": 2.643996}}
{"target": 0.0031600357838633556, "params": {"0": 0.9704305107836522, "1": 0.2804073602923305, "2": -0.37551928077732066, "3": 2.452315247098472, "4": 0.0439236053869978, "5": -1.6683858347449672, "6": -1.8960355092004657, "7": 2.308547366285489}, "datetime": {"datetime": "2021-06-29 20:22:03", "elapsed": 503.886571, "delta": 3.239176}}
{"target": 0.0033526592534271348, "params": {"0": 2.496072082903596, "1": -2.2262327824194683, "2": 1.0712465835866745, "3": -0.9462168500747272, "4": 1.1214432041428548, "5": 1.7290459592793521, "6": -2.0569520264157086, "7": 0.05357395387142683}, "datetime": {"datetime": "2021-06-29 20:22:06", "elapsed": 506.965916, "delta": 3.079345}}
{"target": 0.003511634942916692, "params": {"0": 1.0695303436755346, "1": 1.3505752954945054, "2": -0.2206977162784618, "3": -0.35820799277801463, "4": -0.2661749855202462, "5": -0.888143861161157, "6": -1.8527135304531077, "7": -2.1620613243350038}, "datetime": {"datetime": "2021-06-29 20:22:10", "elapsed": 511.295568, "delta": 4.329652}}
{"target": 0.0038445786920941667, "params": {"0": 0.7501274347742566, "1": 1.7580906178595814, "2": 1.4585738725842736, "3": 0.03833015556658026, "4": -1.8992717884104755, "5": -0.6467411824589355, "6": -1.6150296067436214, "7": -0.3706424485074331}, "datetime": {"datetime": "2021-06-29 20:22:13", "elapsed": 514.124917, "delta": 2.829349}}
{"target": 0.0039731296687658514, "params": {"0": -2.3879109808479226, "1": -2.253133768113002, "2": 2.904715242725459, "3": 0.5888334335519487, "4": 0.821122570453003, "5": -1.8249860038001025, "6": -2.66923136468942, "7": 1.673298322200015}, "datetime": {"datetime": "2021-06-29 20:22:16", "elapsed": 516.9865, "delta": 2.861583}}
{"target": 0.0037769550187602098, "params": {"0": 1.946486545786624, "1": 2.4954217014096622, "2": -1.1455168096754553, "3": -1.438907145111234, "4": -1.214261921689576, "5": -0.4538628649727734, "6": -2.52018490744311, "7": 0.7915375194452157}, "datetime": {"datetime": "2021-06-29 20:22:20", "elapsed": 520.857701, "delta": 3.871201}}
{"target": 0.0036559900092702985, "params": {"0": -2.309102855211428, "1": 1.1380426543189763, "2": -0.44954852509482546, "3": -0.6917962392777515, "4": -0.06776558459795234, "5": 0.38296769673475106, "6": 2.384611243848128, "7": -1.6830869929110805}, "datetime": {"datetime": "2021-06-29 20:22:21", "elapsed": 521.926948, "delta": 1.069247}}
{"target": 0.9373868918744661, "params": {"0": 1.8294293715422256, "1": -1.0608033069659162, "2": -0.7092926185734392, "3": -1.9173034434676137, "4": 0.8151752202267266, "5": -2.5279931764007095, "6": 1.4679684471130328, "7": 0.0491914828829656}, "datetime": {"datetime": "2021-06-29 20:22:23", "elapsed": 524.501031, "delta": 2.574083}}
{"target": 0.00311060870016689, "params": {"0": -2.823731205681655, "1": -1.896387430219833, "2": -2.4957825337929966, "3": 1.2517682387680384, "4": -1.3023665762966954, "5": -1.3959440323159282, "6": 1.5875762869596493, "7": 2.0160271298444377}, "datetime": {"datetime": "2021-06-29 20:22:27", "elapsed": 527.549397, "delta": 3.048366}}
{"target": 0.33476506898430375, "params": {"0": 1.540255474167623, "1": -2.5769208509496706, "2": 1.27773075709797, "3": -2.1072045039231444, "4": 0.5741994205099249, "5": -0.9244244128261647, "6": 1.5335135546468126, "7": -2.0446796986903077}, "datetime": {"datetime": "2021-06-29 20:22:36", "elapsed": 536.994533, "delta": 9.445136}}
{"target": 0.0030694650705330026, "params": {"0": -1.3502688205677151, "1": -0.013883493063757246, "2": -1.333344745111238, "3": -2.367705210919418, "4": 0.902439311882925, "5": -0.8811356860212523, "6": 1.878654789197185, "7": 2.349684040361753}, "datetime": {"datetime": "2021-06-29 20:22:39", "elapsed": 539.828996, "delta": 2.834463}}
{"target": 0.0030206268048711122, "params": {"0": -2.0133224434148405, "1": -0.6549766078045707, "2": -1.3542956896013674, "3": -1.3134504111810688, "4": 0.519521734626669, "5": -0.29857655690721474, "6": 2.6570296177301085, "7": 2.061021918178053}, "datetime": {"datetime": "2021-06-29 20:22:43", "elapsed": 543.7188, "delta": 3.889804}}
{"target": 0.006284213948252042, "params": {"0": 2.3191811160845806, "1": -0.4080862902629008, "2": -1.1956227263340808, "3": -1.4320594900551402, "4": 1.232724635911473, "5": -2.675231934157712, "6": 1.584880128237085, "7": 0.28053538244652243}, "datetime": {"datetime": "2021-06-29 20:22:48", "elapsed": 549.055354, "delta": 5.336554}}
{"target": 0.39717919585952915, "params": {"0": 1.4974241121078045, "1": 2.2391242369594835, "2": -0.8808864761661113, "3": -2.0396670521920974, "4": 0.18381540207523894, "5": -0.43930898886328196, "6": 2.270887755849248, "7": -0.36895854905822434}, "datetime": {"datetime": "2021-06-29 20:22:51", "elapsed": 551.849146, "delta": 2.793792}}
{"target": 0.09292055727831558, "params": {"0": 1.797736773762165, "1": -0.2988559430197322, "2": -1.1580746620942108, "3": -2.2139510450004307, "4": 0.7643695041532137, "5": -2.3714528782777773, "6": 1.2278883031590464, "7": 0.14458166983342124}, "datetime": {"datetime": "2021-06-29 20:22:55", "elapsed": 556.119927, "delta": 4.270781}}
{"target": 0.003498718255993467, "params": {"0": -1.0056877411719365, "1": 2.9419704328816882, "2": 2.583263724359875, "3": -2.3485864635273677, "4": -0.7821747412761235, "5": -2.669011455459801, "6": -1.957757747887323, "7": 2.764066186015633}, "datetime": {"datetime": "2021-06-29 20:22:57", "elapsed": 557.827848, "delta": 1.707921}}
{"target": 0.015545716301363682, "params": {"0": -1.0519941247098177, "1": 2.4235243680808676, "2": -0.6347727059011636, "3": 1.5902749784830972, "4": -1.7344815439160897, "5": -1.4539095242223918, "6": -0.7839954451649671, "7": -2.450863380886255}, "datetime": {"datetime": "2021-06-29 20:23:01", "elapsed": 562.402193, "delta": 4.574345}}
{"target": 0.003564626893145168, "params": {"0": -2.4262005835839213, "1": -0.11727555841961035, "2": -0.8818916711202296, "3": -1.6126286746357008, "4": -0.1602558428771128, "5": -0.6158480398762354, "6": 2.9012195116664916, "7": 1.6161190350543428}, "datetime": {"datetime": "2021-06-29 20:23:05", "elapsed": 566.46888, "delta": 4.066687}}
{"target": 0.003227450211579105, "params": {"0": 2.492351853471291, "1": 1.130615618404775, "2": 0.9370588418342196, "3": -2.6200704765878062, "4": -0.6109952167448927, "5": 1.1711682945163924, "6": 2.9924226397259996, "7": 2.6678665174763783}, "datetime": {"datetime": "2021-06-29 20:23:10", "elapsed": 570.733072, "delta": 4.264192}}
{"target": 0.010764974059529628, "params": {"0": -0.24692970114164625, "1": 2.9750456276571358, "2": -1.873241831457279, "3": 1.949666021181784, "4": -1.7611644463446487, "5": -1.4509656331729832, "6": -1.1113218259239144, "7": -2.336587472133452}, "datetime": {"datetime": "2021-06-29 20:23:12", "elapsed": 573.067017, "delta": 2.333945}}
{"target": 0.02911424518618331, "params": {"0": 2.4736162281801946, "1": 0.2067064672274963, "2": -1.9935920785211374, "3": -0.23966696355114436, "4": -1.8032248462652671, "5": 2.588325154043453, "6": -2.4368867300514148, "7": 2.881594717151623}, "datetime": {"datetime": "2021-06-29 20:23:14", "elapsed": 575.384708, "delta": 2.317691}}
{"target": 0.0031822139166444684, "params": {"0": -1.3220410485047795, "1": -0.23684201157147378, "2": -1.339128088942194, "3": -1.7345650530828627, "4": 1.096761670946437, "5": -1.6138521358797995, "6": 2.9818343445839712, "7": 1.9761911174823492}, "datetime": {"datetime": "2021-06-29 20:23:18", "elapsed": 579.209342, "delta": 3.824634}}
{"target": 0.0031877820842437328, "params": {"0": -1.4297653392469767, "1": 2.3035397022758097, "2": -1.555795951141133, "3": 0.904712971646922, "4": 0.9511364212264137, "5": 0.08210521178482644, "6": 1.2688568747865157, "7": 1.8049993838401415}, "datetime": {"datetime": "2021-06-29 20:23:20", "elapsed": 581.416473, "delta": 2.207131}}
{"target": 0.0032181846474863885, "params": {"0": 1.421520271793593, "1": -1.9833986962634587, "2": 1.3251596029357406, "3": -1.692092702043258, "4": 0.5145162015496041, "5": -0.6124503094689313, "6": 1.4785347403360305, "7": -2.488038339286827}, "datetime": {"datetime": "2021-06-29 20:23:24", "elapsed": 585.149904, "delta": 3.733431}}
{"target": 0.007672195558910325, "params": {"0": 2.3196101756917837, "1": -0.8314512890808716, "2": -0.5303315991855593, "3": -1.7363288472228564, "4": 1.29043182081631, "5": -2.1319230284948607, "6": 2.0609802005691655, "7": -0.06737619883608348}, "datetime": {"datetime": "2021-06-29 20:23:28", "elapsed": 589.054336, "delta": 3.904432}}
{"target": 0.045388643247435904, "params": {"0": -0.051463054233534145, "1": 2.085195804176683, "2": -1.2324747047475189, "3": 2.2823482994149593, "4": -1.5402260080717778, "5": -1.2001150431143432, "6": 0.1969654661585265, "7": -1.7565591501251203}, "datetime": {"datetime": "2021-06-29 20:23:31", "elapsed": 592.353264, "delta": 3.298928}}
{"target": 0.005204886322569149, "params": {"0": -0.1128370505562466, "1": -2.6712949208158854, "2": 1.6678654077148583, "3": -1.8496057719570411, "4": 0.16994242827166595, "5": 2.118500503932645, "6": -1.882919115766012, "7": 0.11111228805390994}, "datetime": {"datetime": "2021-06-29 20:23:35", "elapsed": 595.636343, "delta": 3.283079}}
{"target": 0.004912307637938555, "params": {"0": 1.9025574563351348, "1": -0.9825971576153281, "2": -1.4771591997760938, "3": 0.6345614091531799, "4": 0.7333676104096423, "5": -1.3113538439883434, "6": 1.92734510884656, "7": -0.8116918669665774}, "datetime": {"datetime": "2021-06-29 20:23:39", "elapsed": 599.603098, "delta": 3.966755}}
{"target": 0.01920838040361386, "params": {"0": -1.0620988281088055, "1": 2.87479104093633, "2": -0.6627228261490794, "3": -2.7647703187013883, "4": -0.0670513419991785, "5": -2.254760956185949, "6": -0.2040666282330319, "7": 0.2543167958414214}, "datetime": {"datetime": "2021-06-29 20:23:41", "elapsed": 601.967684, "delta": 2.364586}}
{"target": 0.00911942747937973, "params": {"0": 1.3631995187807462, "1": -2.7297546451232586, "2": -0.4872930658480996, "3": 1.0774960998031187, "4": -1.1038708290393127, "5": 0.7458603354705939, "6": 2.353893553543064, "7": -1.4871969325216041}, "datetime": {"datetime": "2021-06-29 20:23:43", "elapsed": 604.196715, "delta": 2.229031}}
{"target": 0.005668302648249568, "params": {"0": -0.9029398762320398, "1": -1.9198572103022207, "2": -0.136228972847229, "3": 2.0804943865902032, "4": -2.531470365037796, "5": -0.4007411033751058, "6": -0.8956484460099077, "7": -1.2212248439751172}, "datetime": {"datetime": "2021-06-29 20:23:46", "elapsed": 607.482433, "delta": 3.285718}}
{"target": 0.004172597166238539, "params": {"0": 2.3161662286089983, "1": -1.618723270504792, "2": -0.36838504812125805, "3": -2.2365752166046464, "4": 0.805993162872757, "5": -1.9590786338172164, "6": 2.0270765557600168, "7": -0.21678630528426135}, "datetime": {"datetime": "2021-06-29 20:23:50", "elapsed": 611.494809, "delta": 4.012376}}
{"target": 0.0038027399150757646, "params": {"0": -0.49856585107346696, "1": 0.148626564762246, "2": -0.2998361506800542, "3": 1.1782230763646915, "4": -2.667307882442529, "5": 1.6187874961171698, "6": -2.490249484548481, "7": 1.7366020413026106}, "datetime": {"datetime": "2021-06-29 20:23:56", "elapsed": 617.303943, "delta": 5.809134}}
{"target": 0.004442361728775059, "params": {"0": 2.7754833848419995, "1": -0.35405037963195873, "2": 1.6595399879908577, "3": 0.0671084283614074, "4": -0.7513050335430589, "5": 0.1597044585691596, "6": -2.5298838821635257, "7": -1.4814577600501382}, "datetime": {"datetime": "2021-06-29 20:24:00", "elapsed": 621.196294, "delta": 3.892351}}
{"target": 0.0038909183499741835, "params": {"0": 1.637741754071996, "1": 0.24931311805693745, "2": 2.9862287072637033, "3": -2.147826287748929, "4": -1.887788843142466, "5": -0.6594695373621291, "6": -0.23279730996363535, "7": 1.6561197876354692}, "datetime": {"datetime": "2021-06-29 20:24:03", "elapsed": 624.157061, "delta": 2.960767}}
{"target": 0.0038339939582452947, "params": {"0": 1.021347792675205, "1": -1.013011034113334, "2": -1.6264284019942612, "3": -1.787018864239602, "4": 0.7524903102873619, "5": 1.2527610950445833, "6": -0.8927745474413094, "7": -1.515110359997698}, "datetime": {"datetime": "2021-06-29 20:24:06", "elapsed": 627.119678, "delta": 2.962617}}
{"target": 0.003397392039246387, "params": {"0": -0.6258442253241645, "1": -0.0488179140592111, "2": 2.5148567907307235, "3": -1.6689379057777907, "4": 0.6572147272772426, "5": 1.1280775877999334, "6": 0.7378758347540435, "7": -2.2461726742968575}, "datetime": {"datetime": "2021-06-29 20:24:09", "elapsed": 630.419572, "delta": 3.299894}}
{"target": 0.0031579780249619883, "params": {"0": -0.4729048992684879, "1": -0.06647604065143353, "2": 0.9845275544848322, "3": 2.2696168214270145, "4": 1.666689918504634, "5": -2.3430040663684606, "6": -0.6683025049751623, "7": 2.583997823263166}, "datetime": {"datetime": "2021-06-29 20:24:13", "elapsed": 634.357552, "delta": 3.93798}}
{"target": 0.003095463762561454, "params": {"0": 0.9244322024677385, "1": -1.3398373481428694, "2": -1.592985523049173, "3": 1.7436201799893514, "4": 1.8903853313030794, "5": 0.699562484402418, "6": 2.2441765091229975, "7": 2.3339574889417083}, "datetime": {"datetime": "2021-06-29 20:24:17", "elapsed": 637.79517, "delta": 3.437618}}
{"target": 0.02336999035067726, "params": {"0": 1.7536419219106687, "1": 2.4983491562609483, "2": -0.5445147773139944, "3": -1.6276490514293716, "4": -0.5909629351151606, "5": -0.8423433101843703, "6": 1.7194494817036183, "7": -1.0594631025447228}, "datetime": {"datetime": "2021-06-29 20:24:22", "elapsed": 643.124067, "delta": 5.328897}}
{"target": 0.0032055264149980526, "params": {"0": -1.113980188573705, "1": -0.09637590074308022, "2": -1.3552010099905878, "3": 1.1794761114252266, "4": -1.190851702111991, "5": 2.266429230625861, "6": -2.707928756809319, "7": 0.7371834996874078}, "datetime": {"datetime": "2021-06-29 20:24:27", "elapsed": 647.840541, "delta": 4.716474}}
{"target": 0.014286990630951957, "params": {"0": -0.3121582525440574, "1": -1.2687774420253932, "2": 1.867689746824695, "3": 0.4625442371732942, "4": -2.0727121907326724, "5": -1.7372443897221213, "6": -0.17584388899255288, "7": -1.4502833136045454}, "datetime": {"datetime": "2021-06-29 20:24:33", "elapsed": 653.689239, "delta": 5.848698}}
{"target": 0.0030717078453221264, "params": {"0": -1.7632811150740453, "1": 1.6698243000712791, "2": -2.924053671585942, "3": -2.969140482470103, "4": -1.0165134535524707, "5": 0.5499057566266066, "6": 2.3116729306227892, "7": -1.5386381983383328}, "datetime": {"datetime": "2021-06-29 20:24:37", "elapsed": 658.057792, "delta": 4.368553}}
{"target": 0.004031798965848998, "params": {"0": -1.9611114208284288, "1": -0.4843285622081783, "2": -2.480879092495377, "3": -0.7401472533755395, "4": 0.6312037110700919, "5": -1.38973171414107, "6": -1.5669433691150418, "7": -0.5938666595147506}, "datetime": {"datetime": "2021-06-29 20:24:41", "elapsed": 661.893499, "delta": 3.835707}}
{"target": 0.004468653352500863, "params": {"0": 1.0420374397292695, "1": 2.1277957627895514, "2": -0.8053847411647661, "3": -1.6516530194556165, "4": 0.28133467983633054, "5": -0.47975369381747335, "6": 1.9089203766226088, "7": -0.14761990512793854}, "datetime": {"datetime": "2021-06-29 20:24:45", "elapsed": 666.467955, "delta": 4.574456}}
{"target": 0.0033563428419405563, "params": {"0": -1.5358932143458808, "1": 0.978811050779806, "2": 0.972113744430005, "3": -2.6388044576448495, "4": 0.8002565453456656, "5": -2.850281751541077, "6": 0.0454007944325463, "7": -1.2908802250102727}, "datetime": {"datetime": "2021-06-29 20:24:49", "elapsed": 669.643265, "delta": 3.17531}}
{"target": 0.0031205506630982414, "params": {"0": -0.8521641066349313, "1": 1.0593285317451366, "2": -1.3229857465427217, "3": 1.2523792179970128, "4": -2.2701165835747767, "5": -0.8350027945752898, "6": -0.29446086054470744, "7": 1.4696651954210624}, "datetime": {"datetime": "2021-06-29 20:24:52", "elapsed": 672.664433, "delta": 3.021168}}
{"target": 0.003141881575875468, "params": {"0": -2.9667660364301547, "1": -1.7712244549390206, "2": -2.38134135169876, "3": -0.23534391285275946, "4": 0.0732572770247053, "5": 1.8911318302133342, "6": -0.811630551209892, "7": -0.5654747765713473}, "datetime": {"datetime": "2021-06-29 20:24:55", "elapsed": 676.198423, "delta": 3.53399}}
{"target": 0.003781745229422732, "params": {"0": 1.2616475483509726, "1": 0.6490239565299927, "2": 0.33421618845345025, "3": 0.9166811877209975, "4": -2.1313182640303454, "5": -2.606939445175513, "6": 2.2097771954236123, "7": -2.3502128226716295}, "datetime": {"datetime": "2021-06-29 20:24:59", "elapsed": 680.323012, "delta": 4.124589}}
{"target": 0.006094906642623864, "params": {"0": 1.9111334631364496, "1": -0.6696819899724149, "2": -1.7389828043858717, "3": -2.2883831144451845, "4": -0.15991811759813146, "5": -2.65509418500909, "6": 1.1603924844025881, "7": -0.33353927899440805}, "datetime": {"datetime": "2021-06-29 20:25:03", "elapsed": 684.11579, "delta": 3.792778}}
{"target": 0.5412719236734449, "params": {"0": 1.3081221091951516, "1": -1.3855973877419727, "2": -0.005040160664703919, "3": -2.33458479544631, "4": 1.5231561897001251, "5": -2.737811970336125, "6": 2.0078697028866834, "7": -0.027650311868069988}, "datetime": {"datetime": "2021-06-29 20:25:08", "elapsed": 689.029823, "delta": 4.914033}}
{"target": 0.0033589910678745167, "params": {"0": -2.3024748961190777, "1": -2.9091754067273685, "2": -0.29343657375521737, "3": 2.632849359570611, "4": -1.4925762554155262, "5": 1.5759407389814548, "6": 2.3283289209092075, "7": 1.8848700553139253}, "datetime": {"datetime": "2021-06-29 20:25:11", "elapsed": 691.960447, "delta": 2.930624}}
{"target": 0.009186718206746507, "params": {"0": 1.4062494935973522, "1": -2.192703151755806, "2": 1.3517017710653212, "3": -1.7593021319964988, "4": -0.4087900734719354, "5": -1.2959311216266103, "6": 1.1313313825526201, "7": -2.3926025539661318}, "datetime": {"datetime": "2021-06-29 20:25:17", "elapsed": 697.980826, "delta": 6.020379}}
{"target": 0.0028025331498992803, "params": {"0": -0.9322261741148692, "1": -1.6074055885949203, "2": -0.13074221355366422, "3": 0.9525483865770461, "4": 2.2430566597306827, "5": 1.1814838637852967, "6": 1.3888298163266741, "7": -1.89044252324426}, "datetime": {"datetime": "2021-06-29 20:25:19", "elapsed": 700.064634, "delta": 2.083808}}
{"target": 0.0034623835384746736, "params": {"0": -2.8570261495764324, "1": 0.3128816481911949, "2": -0.5279823319917214, "3": 0.16092165013123072, "4": 0.6321139843322152, "5": 0.8586927888190337, "6": 1.5153965161157865, "7": -1.3253870126391671}, "datetime": {"datetime": "2021-06-29 20:25:21", "elapsed": 702.203604, "delta": 2.13897}}
{"target": 0.004086371854306633, "params": {"0": 2.3981360026231044, "1": -2.4437821199721843, "2": -1.2115971558226641, "3": 2.8212744836911563, "4": -0.6605119700514823, "5": -1.9835780334944255, "6": -0.6917801955941538, "7": -2.555967534848995}, "datetime": {"datetime": "2021-06-29 20:25:23", "elapsed": 704.251178, "delta": 2.047574}}
{"target": 0.28868485784713516, "params": {"0": 1.6697433152518109, "1": -1.365520275454275, "2": 2.1240506341579515, "3": -2.4673881190546405, "4": -0.4462058343311339, "5": -0.4415278619883054, "6": 2.055434128438068, "7": -2.1592596628097436}, "datetime": {"datetime": "2021-06-29 20:25:25", "elapsed": 705.720357, "delta": 1.469179}}
{"target": 0.0034405833734012475, "params": {"0": 2.5109039980162695, "1": -2.7297241743850256, "2": -2.301847001888096, "3": -0.04103759001400098, "4": -0.0014614255254379316, "5": 1.1066497643498359, "6": -0.9565593352198825, "7": 0.6668112845574656}, "datetime": {"datetime": "2021-06-29 20:25:31", "elapsed": 711.591589, "delta": 5.871232}}
{"target": 0.6905436893816069, "params": {"0": 0.9546690005491563, "1": 2.521713394955418, "2": -1.0547437519792446, "3": -1.5130718827006544, "4": -0.8721869434411174, "5": -0.06674438340770195, "6": 2.3289876046105373, "7": -1.0890770095254318}, "datetime": {"datetime": "2021-06-29 20:25:36", "elapsed": 716.694595, "delta": 5.103006}}
{"target": 0.0032841727552758125, "params": {"0": -2.3897092484047215, "1": 0.3477576575967536, "2": -0.7786562415928273, "3": -1.446159524166188, "4": 0.15717242486599137, "5": -1.4498039917165542, "6": 1.5107142734198922, "7": 2.5262391930028656}, "datetime": {"datetime": "2021-06-29 20:25:40", "elapsed": 721.384487, "delta": 4.689892}}
{"target": 0.0030495203351949573, "params": {"0": -1.4818060076183774, "1": 1.8919361271987922, "2": 1.8222470543570326, "3": 1.9012600887608926, "4": -0.48003500904213503, "5": -0.6213432784427235, "6": -0.6137126357764822, "7": 2.451033181396478}, "datetime": {"datetime": "2021-06-29 20:25:44", "elapsed": 724.850293, "delta": 3.465806}}
{"target": 0.004103222629674144, "params": {"0": 1.5188659959558581, "1": -1.4154080510061218, "2": 1.2577964958648549, "3": -2.0244891262971754, "4": -0.22498728990464167, "5": -0.330997940539814, "6": 2.1205070416172562, "7": -2.086670387922707}, "datetime": {"datetime": "2021-06-29 20:25:49", "elapsed": 730.455493, "delta": 5.6052}}
