{"target": 0.0034430684306231054, "params": {"0": 1.1525443754056734, "1": -1.5253580690131825, "2": -0.1180231445413904, "3": -2.0575628258422336, "4": 1.2633098305741326, "5": 1.4694100962147534, "6": 0.4790441565052994, "7": -1.7921302527309095}, "datetime": {"datetime": "2021-06-29 20:22:06", "elapsed": 419.59593, "delta": 2.428388}}
{"target": 0.00494668236568897, "params": {"0": -2.6258052505001586, "1": 0.2089910810060438, "2": -0.07673434275207747, "3": 2.4685830832083857, "4": 1.7431415552526763, "5": -1.689670939490888, "6": -1.4801396082200973, "7": 2.881409047087284}, "datetime": {"datetime": "2021-06-29 20:22:08", "elapsed": 421.299047, "delta": 1.703117}}
{"target": 0.003934828539869073, "params": {"0": -0.614871559788492, "1": -0.38235630659857955, "2": 1.5707559559937918, "3": 2.049094716862041, "4": 2.858672680519298, "5": -2.8946601205875706, "6": -2.010107947948312, "7": 1.7529127631417047}, "datetime": {"datetime": "2021-06-29 20:22:09", "elapsed": 422.883072, "delta": 1.584025}}
{"target": 0.003336346146216273, "params": {"0": -2.0979963404253428, "1": -0.7228111052772168, "2": -1.3176992874340525, "3": -0.3396858192727814, "4": -1.1490895272802293, "5": 2.9388412445897867, "6": 2.8191199107955844, "7": 2.298694496609281}, "datetime": {"datetime": "2021-06-29 20:22:12", "elapsed": 425.677768, "delta": 2.794696}}
{"target": 0.005223683285652505, "params": {"0": 2.652193225214628, "1": -2.9299317524338613, "2": -0.23468096155646023, "3": 0.7944844908710476, "4": 2.398514325972034, "5": 2.241674385570498, "6": -1.3575405157249987, "7": 0.2654176613496668}, "datetime": {"datetime": "2021-06-29 20:22:15", "elapsed": 428.802464, "delta": 3.124696}}
{"target": 0.0029952568363007803, "params": {"0": 0.33319317046303354, "1": 2.682986193139132, "2": 0.21785405385184653, "3": 2.770892904971806, "4": 2.6595710916747413, "5": 0.7916709744093655, "6": -2.4047560449159944, "7": -0.7764373527854698}, "datetime": {"datetime": "2021-06-29 20:22:18", "elapsed": 431.820087, "delta": 3.017623}}
{"target": 0.0032046343220552766, "params": {"0": -0.28541230310227217, "1": 2.8493279400335387, "2": -2.8668559668393305, "3": 2.895242337279801, "4": -1.7435528566390268, "5": -0.2909705364488735, "6": -2.599665351742413, "7": -1.87459514622091}, "datetime": {"datetime": "2021-06-29 20:22:20", "elapsed": 433.88113, "delta": 2.061043}}
{"target": 0.00302240637881491, "params": {"0": 0.17857454576405463, "1": 2.7706113813228264, "2": 2.7093032730557614, "3": 0.4800159268694788, "4": 0.05850980692192298, "5": 2.751441489808495, "6": 2.7698596217453613, "7": -1.1560040938996765}, "datetime": {"datetime": "2021-06-29 20:22:23", "elapsed": 436.663053, "delta": 2.781923}}
{"target": 0.003270573490736066, "params": {"0": -0.5774571493044682, "1": 1.2951152515304258, "2": 0.16868652717021515, "3": -2.2122797726153443, "4": -0.7113201946192023, "5": 2.0182431310137243, "6": 1.8389118979511894, "7": -2.055406870916018}, "datetime": {"datetime": "2021-06-29 20:22:24", "elapsed": 438.061898, "delta": 1.398845}}
{"target": 0.004437202110943507, "params": {"0": -0.4370253476242443, "1": 2.5708457308837387, "2": -1.1988186504176894, "3": 2.1232656274455364, "4": -1.491560454107082, "5": -1.5666438733109922, "6": -0.3279720495580847, "7": -2.3068902716814836}, "datetime": {"datetime": "2021-06-29 20:22:28", "elapsed": 441.170946, "delta": 3.109048}}
{"target": 0.0034644970922261716, "params": {"0": -2.614971602845042, "1": -2.792366391168729, "2": -2.3725412063174667, "3": 2.7810359274305094, "4": 1.6420889233208866, "5": -2.934615548353979, "6": 2.469909657102697, "7": -2.948353687646293}, "datetime": {"datetime": "2021-06-29 20:22:31", "elapsed": 444.326968, "delta": 3.156022}}
{"target": 0.0029726912714791043, "params": {"0": 0.9848809764151834, "1": -0.9410114140119381, "2": 1.5179759104587722, "3": -2.597649945101503, "4": 0.673953453107619, "5": 1.5600198549790685, "6": 2.9966032117814736, "7": 2.03753032142021}, "datetime": {"datetime": "2021-06-29 20:22:33", "elapsed": 446.993341, "delta": 2.666373}}
{"target": 0.003466530680243749, "params": {"0": 1.6316273305640792, "1": 0.6541264696358926, "2": -2.004478091600819, "3": 0.6376877870483035, "4": -2.2343438284636794, "5": -0.328800637667396, "6": 0.4018935481904773, "7": -2.5638521698480785}, "datetime": {"datetime": "2021-06-29 20:22:37", "elapsed": 450.245145, "delta": 3.251804}}
{"target": 0.005358637218150039, "params": {"0": 0.6649537039872313, "1": -2.773142880579145, "2": -2.985003052018157, "3": 1.7279611964900532, "4": -2.6619990052233122, "5": -2.8282718642342783, "6": 1.6628669848674988, "7": 2.1259836775411802}, "datetime": {"datetime": "2021-06-29 20:22:39", "elapsed": 453.009279, "delta": 2.764134}}
{"target": 0.0045031758371355075, "params": {"0": 2.4505972891363186, "1": -0.07080556462760423, "2": 2.7744639501237796, "3": -1.004961749544395, "4": 1.3757490345372432, "5": 0.1590169525837153, "6": 1.0154122029004995, "7": -1.6175578144802003}, "datetime": {"datetime": "2021-06-29 20:22:42", "elapsed": 455.981695, "delta": 2.972416}}
{"target": 0.0036941057436791613, "params": {"0": -2.691065255051055, "1": -0.20348874538014483, "2": -1.6517761159592907, "3": -0.6711239692800195, "4": 2.706453618491553, "5": 1.275180456677905, "6": -2.2751401035978485, "7": -0.783517899131212}, "datetime": {"datetime": "2021-06-29 20:22:45", "elapsed": 458.471517, "delta": 2.489822}}
{"target": 0.0034060446090910692, "params": {"0": 0.4384258494654665, "1": 2.1896873915943047, "2": -1.8981968114626606, "3": -1.1412048964522425, "4": 0.28019512556992554, "5": -1.2464089438078483, "6": 0.3784373471523783, "7": -0.17595134785530497}, "datetime": {"datetime": "2021-06-29 20:22:46", "elapsed": 460.050136, "delta": 1.578619}}
{"target": 0.003312230449460209, "params": {"0": 2.784499299655737, "1": 1.4799270636617177, "2": 0.24635610242342176, "3": -2.5822811306593643, "4": 0.2770449855907877, "5": -0.21128210332379238, "6": -1.526080662033814, "7": -1.8710469475377765}, "datetime": {"datetime": "2021-06-29 20:22:51", "elapsed": 464.739197, "delta": 4.689061}}
{"target": 0.0033178483049637053, "params": {"0": 2.9008966707986277, "1": -1.9494175751806433, "2": 0.7996336434697806, "3": 1.351695188338165, "4": 0.9750728174849632, "5": -2.1470828632676655, "6": -0.9768784608313696, "7": 1.9477122741392447}, "datetime": {"datetime": "2021-06-29 20:22:53", "elapsed": 467.099531, "delta": 2.360334}}
{"target": 0.0033639898519407106, "params": {"0": 0.8852300948511975, "1": 1.3531105382456374, "2": 1.6433693089024768, "3": -1.5078101762152023, "4": -0.06126738847379043, "5": -1.4768241422837713, "6": 0.5282508443200724, "7": -0.020733647302318747}, "datetime": {"datetime": "2021-06-29 20:22:56", "elapsed": 469.698268, "delta": 2.598737}}
{"target": 0.005360844433845498, "params": {"0": -0.03423575126018452, "1": -1.527176075739527, "2": 1.5664777001325518, "3": -0.33273729323672274, "4": 0.7217901575174865, "5": 2.019715165934578, "6": 2.1497968364472477, "7": -1.0143188060820032}, "datetime": {"datetime": "2021-06-29 20:23:01", "elapsed": 474.461512, "delta": 4.763244}}
{"target": 0.003377941341830597, "params": {"0": 1.582927410602216, "1": 1.7557888765762648, "2": -0.43000375335675534, "3": 1.2259429208093255, "4": 0.4329049986586275, "5": 2.1588610261939793, "6": 2.765592324595466, "7": 0.9977850904581662}, "datetime": {"datetime": "2021-06-29 20:23:03", "elapsed": 476.714593, "delta": 2.253081}}
{"target": 0.0041558924874502395, "params": {"0": -2.0681243093078363, "1": -2.9982367868719395, "2": 1.4678715643742946, "3": -1.7850179751787294, "4": 1.1197216874814568, "5": 1.0635233927294312, "6": 2.7256260924236244, "7": -2.727476898258997}, "datetime": {"datetime": "2021-06-29 20:23:06", "elapsed": 479.332471, "delta": 2.617878}}
{"target": 0.004261678660572137, "params": {"0": -0.4360040989820293, "1": -2.0109693822116137, "2": 1.6810462428976445, "3": 1.0585935427887598, "4": -2.622911440172562, "5": -0.3939626141579522, "6": -0.5783098258712016, "7": 2.933003134146473}, "datetime": {"datetime": "2021-06-29 20:23:09", "elapsed": 483.006089, "delta": 3.673618}}
{"target": 0.0032000883068542337, "params": {"0": -1.6183154489713172, "1": 1.9733022294840952, "2": 0.8956840214209496, "3": 2.2304845170044256, "4": 1.1437308172606766, "5": -2.151783124619042, "6": -2.621977479119885, "7": 2.468056900163985}, "datetime": {"datetime": "2021-06-29 20:23:13", "elapsed": 486.419965, "delta": 3.413876}}
{"target": 0.003616152322040185, "params": {"0": 0.42099492078228007, "1": -0.24636066391581668, "2": -0.2900738346856375, "3": 2.5610136393116907, "4": 1.3405821250813021, "5": -0.9943101407853963, "6": -1.6977430527965707, "7": 0.12730427749325823}, "datetime": {"datetime": "2021-06-29 20:23:15", "elapsed": 488.726921, "delta": 2.306956}}
{"target": 0.004336299445703062, "params": {"0": 2.5382886762817494, "1": -2.149452483812856, "2": 2.409112076867956, "3": -1.0123621488086412, "4": -2.6679102068333913, "5": 2.660319610033018, "6": -1.0246993328625997, "7": -0.9695978577316966}, "datetime": {"datetime": "2021-06-29 20:23:19", "elapsed": 492.452491, "delta": 3.72557}}
{"target": 0.0035038779899566005, "params": {"0": 2.200935686557785, "1": 1.6253586568610103, "2": -1.802862661210433, "3": 2.4238472366092036, "4": -1.473602895365487, "5": -2.2148106080476007, "6": 1.7984817820939236, "7": -1.4825653865135575}, "datetime": {"datetime": "2021-06-29 20:23:21", "elapsed": 495.142292, "delta": 2.689801}}
{"target": 0.0031480474637615775, "params": {"0": 2.791792494083751, "1": -1.853089338311012, "2": -2.589705696147224, "3": -0.38736247659267065, "4": -0.37961738533372547, "5": 2.2320086704950386, "6": -0.22689002899580046, "7": 2.9898578557612154}, "datetime": {"datetime": "2021-06-29 20:23:24", "elapsed": 497.204598, "delta": 2.062306}}
{"target": 0.004310532509033502, "params": {"0": -1.9562714371624599, "1": 0.6941712888328739, "2": -0.7834515920060667, "3": -2.780065142602096, "4": 2.400121885186265, "5": -0.04068930397430437, "6": -2.3287193977513994, "7": 2.2801237775382424}, "datetime": {"datetime": "2021-06-29 20:23:27", "elapsed": 500.407479, "delta": 3.202881}}
{"target": 0.0030325576089510788, "params": {"0": -0.4385616023693979, "1": -2.6385073509972816, "2": 1.288921416149745, "3": -1.9411782911553155, "4": 2.8609591027945838, "5": 0.13262499149529328, "6": 2.666990903621839, "7": -2.8620702898940324}, "datetime": {"datetime": "2021-06-29 20:23:31", "elapsed": 504.81546, "delta": 4.407981}}
{"target": 0.003138530045569969, "params": {"0": 1.7680487423259974, "1": 0.020475973515900137, "2": -1.7537209748617808, "3": 2.3594269765887352, "4": -1.803883045662085, "5": 1.1505037754701366, "6": -0.6385617144047608, "7": 2.2568361357931304}, "datetime": {"datetime": "2021-06-29 20:23:34", "elapsed": 507.259446, "delta": 2.443986}}
{"target": 0.0036738393768757697, "params": {"0": 1.3073893362134665, "1": -0.27014396998739176, "2": 2.823517520570306, "3": -1.984897094911315, "4": -0.506043203802899, "5": 2.057867076600287, "6": -1.424519695105259, "7": 2.791847358095618}, "datetime": {"datetime": "2021-06-29 20:23:36", "elapsed": 510.050476, "delta": 2.79103}}
{"target": 0.0031280379868547496, "params": {"0": 1.106614766017989, "1": -0.966566446476782, "2": -1.491933323742082, "3": -0.9204533215197426, "4": 1.6119609877912922, "5": 2.97690819533313, "6": -1.0802907478883395, "7": 0.5414144301538126}, "datetime": {"datetime": "2021-06-29 20:23:40", "elapsed": 513.44072, "delta": 3.390244}}
{"target": 0.003068108791961074, "params": {"0": -0.8861641102647848, "1": 1.358083249976528, "2": -2.7867869350250567, "3": -2.409225566769739, "4": 1.9539678237475133, "5": 0.18059644501375605, "6": -2.5671728263896245, "7": -2.680661200015101}, "datetime": {"datetime": "2021-06-29 20:23:42", "elapsed": 515.47732, "delta": 2.0366}}
{"target": 0.0038656352907704894, "params": {"0": -1.8544352015442638, "1": -2.982762076344396, "2": -0.9175237473255713, "3": -1.827266932702537, "4": -1.7030202970488486, "5": -0.8411739241327902, "6": 1.9582401077649543, "7": 0.3012746945686344}, "datetime": {"datetime": "2021-06-29 20:23:49", "elapsed": 523.112079, "delta": 7.634759}}
{"target": 0.0032988229073462167, "params": {"0": -0.9430646653411299, "1": -1.1755499522009913, "2": 1.9987582118431177, "3": -2.516679090106729, "4": -2.6702395132710928, "5": -2.4955303552328663, "6": -0.6918634751561088, "7": 0.9137416587496956}, "datetime": {"datetime": "2021-06-29 20:23:52", "elapsed": 525.998135, "delta": 2.886056}}
{"target": 0.0034940071517751315, "params": {"0": -1.7482385951509112, "1": -0.014553575667530794, "2": -2.8167979577563353, "3": -1.3163403325316947, "4": -2.461667188085152, "5": 1.4991190591527337, "6": -0.6345408331476725, "7": -0.09743234487387475}, "datetime": {"datetime": "2021-06-29 20:23:56", "elapsed": 529.848977, "delta": 3.850842}}
{"target": 0.006042402355369364, "params": {"0": 1.7765468478795654, "1": 0.7631925211128374, "2": -0.28311893929753706, "3": 2.0782224943864147, "4": -2.4138468376705786, "5": 1.7314705122435425, "6": -2.4267455402127314, "7": 1.8115871689842589}, "datetime": {"datetime": "2021-06-29 20:24:00", "elapsed": 533.823209, "delta": 3.974232}}
{"target": 0.003379302993651316, "params": {"0": -0.11778797564165266, "1": 1.5720176821020688, "2": -2.5078225622596557, "3": 0.9701103265450399, "4": -1.4275914581060658, "5": -2.099730390183061, "6": 0.6654444712826288, "7": -1.3801724403849664}, "datetime": {"datetime": "2021-06-29 20:24:05", "elapsed": 538.335768, "delta": 4.512559}}
{"target": 0.004224578910406807, "params": {"0": -0.5888586390300414, "1": -2.3145507370762592, "2": -2.961680920566131, "3": -1.122035772090997, "4": -1.854601461542017, "5": -2.1567874862467455, "6": -0.11424203444127823, "7": 2.4956460389574726}, "datetime": {"datetime": "2021-06-29 20:24:08", "elapsed": 541.570028, "delta": 3.23426}}
{"target": 0.00375912329695926, "params": {"0": -0.9745253539932044, "1": -1.9721902115713683, "2": -0.6941671144996882, "3": -2.6174395360118785, "4": -0.3547610329688071, "5": -2.58595609785686, "6": -0.29434535515329463, "7": 2.082364528825668}, "datetime": {"datetime": "2021-06-29 20:24:11", "elapsed": 545.13058, "delta": 3.560552}}
{"target": 0.003321408226828571, "params": {"0": 2.657742321105875, "1": 0.020966400941253127, "2": 2.2341585090897613, "3": -2.46809404705835, "4": -0.037547134363911105, "5": -1.190635954091622, "6": -0.37767686450173965, "7": -1.1638093989687557}, "datetime": {"datetime": "2021-06-29 20:24:15", "elapsed": 548.169111, "delta": 3.038531}}
{"target": 0.0033654115603998745, "params": {"0": -1.0627759274654611, "1": 2.1988162461963707, "2": -1.875398430991327, "3": -1.0713100528353268, "4": -0.8764868913792752, "5": 1.5798822921464808, "6": 2.4866019616666044, "7": -2.811694939562196}, "datetime": {"datetime": "2021-06-29 20:24:18", "elapsed": 551.344152, "delta": 3.175041}}
{"target": 0.003218767130902823, "params": {"0": -1.9118145568642586, "1": 0.2521528846134373, "2": -0.6010772947148686, "3": -1.8485215409514748, "4": 0.9527175127018888, "5": -1.0386359854736984, "6": 0.8699538915892213, "7": 2.3874634872078486}, "datetime": {"datetime": "2021-06-29 20:24:25", "elapsed": 558.706446, "delta": 7.362294}}
{"target": 0.0036782054096225394, "params": {"0": -0.7814184924221315, "1": 2.4580980053326993, "2": -1.460047412119744, "3": -0.5761763863644944, "4": 2.9026645204803536, "5": 1.0399482955332404, "6": 1.1962075882686314, "7": -2.880436707707191}, "datetime": {"datetime": "2021-06-29 20:24:28", "elapsed": 561.874527, "delta": 3.168081}}
{"target": 0.003411713388648852, "params": {"0": 0.23590936180642164, "1": 0.831715172672749, "2": 0.019626811187848148, "3": -1.1219892997985708, "4": -2.1625821428266967, "5": 1.6194422327922213, "6": -1.0844729423471569, "7": -2.148650615901084}, "datetime": {"datetime": "2021-06-29 20:24:32", "elapsed": 565.295421, "delta": 3.420894}}
{"target": 0.00315441715900974, "params": {"0": 1.2178831049826062, "1": 2.07678618093718, "2": -2.2714023352371724, "3": -2.4022932931287153, "4": -1.8177533808017485, "5": 1.1503051246571738, "6": 0.2475559691302065, "7": 2.2606285989760515}, "datetime": {"datetime": "2021-06-29 20:24:36", "elapsed": 569.208656, "delta": 3.913235}}
{"target": 0.0030436775651209447, "params": {"0": 0.5098311362833376, "1": 0.7051857020549219, "2": 1.0978497281517452, "3": 1.3863984635072804, "4": -0.9637754311222868, "5": 1.7197930042492242, "6": 2.416279332448388, "7": 0.4852506022769165}, "datetime": {"datetime": "2021-06-29 20:24:39", "elapsed": 572.616677, "delta": 3.408021}}
{"target": 0.0031484628101494105, "params": {"0": 1.270971937010665, "1": -1.0073300387000397, "2": 2.7039643516013907, "3": 2.597619502424183, "4": 0.06916556145879671, "5": 2.3034069251628875, "6": 1.5530544155144224, "7": 2.776599728788562}, "datetime": {"datetime": "2021-06-29 20:24:43", "elapsed": 576.837315, "delta": 4.220638}}
{"target": 0.005025605548442045, "params": {"0": 1.8471182705834241, "1": 0.8592414324904869, "2": 0.3987935755544245, "3": 1.229032434211918, "4": -1.7655365477620182, "5": -2.11062939952665, "6": 2.995888581631256, "7": -2.2625936624340333}, "datetime": {"datetime": "2021-06-29 20:24:47", "elapsed": 581.118044, "delta": 4.280729}}
{"target": 0.0031451258867876675, "params": {"0": -1.3194667729722773, "1": -2.651275384764673, "2": -1.184593719317927, "3": -1.7386932250460665, "4": 0.03120069698527006, "5": -0.1920712971146381, "6": 0.9981043861407084, "7": -0.35743267102873677}, "datetime": {"datetime": "2021-06-29 20:24:50", "elapsed": 583.958857, "delta": 2.840813}}
{"target": 0.003352945232739162, "params": {"0": 2.036162113734198, "1": 0.7725152690349639, "2": 0.6231332876235358, "3": 0.9617092910733831, "4": -1.0082485270856287, "5": 2.551570919964381, "6": 2.10986171561297, "7": 0.5109772278216855}, "datetime": {"datetime": "2021-06-29 20:24:54", "elapsed": 587.401384, "delta": 3.442527}}
{"target": 0.0033575425536749247, "params": {"0": 2.1410952536316845, "1": -1.8617990236820616, "2": 1.5744293793404056, "3": -0.36900415775919715, "4": 1.2046957271417318, "5": 0.27880483904244624, "6": 1.8063999358910223, "7": 1.7832250684694042}, "datetime": {"datetime": "2021-06-29 20:24:57", "elapsed": 590.556759, "delta": 3.155375}}
{"target": 0.004804639831262088, "params": {"0": -2.6627251447685953, "1": -2.0613351569315697, "2": -0.7199010341572123, "3": 2.96700179196357, "4": 1.9180922243287295, "5": 1.4555578618545093, "6": 0.8844031801129528, "7": -0.19888198597448437}, "datetime": {"datetime": "2021-06-29 20:25:03", "elapsed": 596.250561, "delta": 5.693802}}
{"target": 0.00466354734809991, "params": {"0": -1.467195214836197, "1": -1.3481797967014526, "2": 0.03290255680085341, "3": -0.5909321212576435, "4": 1.9142888443117219, "5": -0.5788268538728385, "6": 2.453612365635583, "7": 0.6587572903712449}, "datetime": {"datetime": "2021-06-29 20:25:07", "elapsed": 600.30791, "delta": 4.057349}}
{"target": 0.003518842858911623, "params": {"0": -2.204316067768336, "1": 0.2426771852935019, "2": -0.009201588274550865, "3": 2.742908569019467, "4": -2.2672499072222916, "5": 0.9479600987899355, "6": -0.03845068287938602, "7": -1.0625032465153261}, "datetime": {"datetime": "2021-06-29 20:25:09", "elapsed": 602.744092, "delta": 2.436182}}
{"target": 0.006080791688138168, "params": {"0": -1.6012998110448013, "1": 2.39899719837066, "2": -1.1510523638815693, "3": -2.8061704174471798, "4": -2.031511916763513, "5": -1.5178295782859672, "6": -1.4346725555139062, "7": 1.2801899454368275}, "datetime": {"datetime": "2021-06-29 20:25:12", "elapsed": 605.932065, "delta": 3.187973}}
{"target": 0.005104938620241624, "params": {"0": 0.19803318477756893, "1": 0.3051829850936034, "2": 0.18959226211789293, "3": -1.124895988314465, "4": -1.9292179563214484, "5": 2.49017935722285, "6": -1.5301081422327247, "7": -0.40078457648797894}, "datetime": {"datetime": "2021-06-29 20:25:16", "elapsed": 609.511634, "delta": 3.579569}}
{"target": 0.019461447179874965, "params": {"0": 2.7259827344177534, "1": 2.380100251009683, "2": 1.4747617421726336, "3": -1.2874173221176084, "4": -1.4466635178600096, "5": -1.1409418704554124, "6": 0.6585606296605286, "7": 0.6224127984455587}, "datetime": {"datetime": "2021-06-29 20:25:19", "elapsed": 612.92704, "delta": 3.415406}}
{"target": 0.003124193127554018, "params": {"0": 1.9291549531524215, "1": -2.5607238178810867, "2": 0.228616663952371, "3": 2.450216593322927, "4": -2.58288586811736, "5": 1.156215928455337, "6": -0.25265651528683275, "7": 1.6573198572679564}, "datetime": {"datetime": "2021-06-29 20:25:23", "elapsed": 616.984407, "delta": 4.057367}}
{"target": 0.005980227574909549, "params": {"0": 2.803671987382552, "1": -2.846279689084392, "2": -1.6793182102465283, "3": -0.004402949761319164, "4": -0.1081701867882412, "5": 1.5828712609964244, "6": -1.0836420434004244, "7": 1.070873847273079}, "datetime": {"datetime": "2021-06-29 20:25:26", "elapsed": 619.540073, "delta": 2.555666}}
{"target": 0.003471260748280523, "params": {"0": -1.845812923905888, "1": 1.312066285920391, "2": 1.6858929747686577, "3": 0.08136866116573227, "4": -0.5323480332315915, "5": 0.07273062171170164, "6": 1.4915121541651217, "7": 2.516029981960668}, "datetime": {"datetime": "2021-06-29 20:25:31", "elapsed": 624.450689, "delta": 4.910616}}
{"target": 0.0032153655252948462, "params": {"0": -2.3981823834359455, "1": 1.9946436721292908, "2": -0.3594230282950699, "3": -0.8015957837948586, "4": -1.4980349126080288, "5": 0.4090301786781385, "6": -1.8002061134518057, "7": 2.0649995635323624}, "datetime": {"datetime": "2021-06-29 20:25:34", "elapsed": 627.897892, "delta": 3.447203}}
