{"target": 0.018360520672566546, "params": {"0": -0.750783182698874, "1": 0.526782864009216, "2": -0.6642898326296285, "3": 1.0391238627900181, "4": -1.429176688622592, "5": 2.682366821018716, "6": -2.5307460098048846, "7": 0.9582161897306447}, "datetime": {"datetime": "2021-06-29 23:53:20", "elapsed": 13180.451116, "delta": 40.317621}}
{"target": 0.06553346755240352, "params": {"0": 2.6751513204717465, "1": 0.44322715060275586, "2": 2.675064914092763, "3": 0.799530692906476, "4": -0.6776604905931225, "5": -0.5245422770120376, "6": 0.7636749407545356, "7": -0.39777670817917476}, "datetime": {"datetime": "2021-06-29 23:54:05", "elapsed": 13225.258122, "delta": 44.807006}}
{"target": 0.0032807377385412864, "params": {"0": -2.3306928329749717, "1": -2.2116718562105504, "2": -1.9151914483424548, "3": -0.4196127957949365, "4": -2.7501564548034665, "5": -1.129970430573748, "6": -2.700811624623487, "7": -2.516826685185899}, "datetime": {"datetime": "2021-06-29 23:54:28", "elapsed": 13247.916446, "delta": 22.658324}}
{"target": 0.0033272520642836424, "params": {"0": -1.8858871808711424, "1": 1.386574115617635, "2": -0.47989983022061633, "3": 1.1968233543706113, "4": -2.40909361114029, "5": 0.4028390983250869, "6": -1.297514728889527, "7": -0.046385521668778296}, "datetime": {"datetime": "2021-06-29 23:54:51", "elapsed": 13271.153183, "delta": 23.236737}}
{"target": 0.009018971542765824, "params": {"0": -1.011105508933382, "1": 0.32746999923317954, "2": -0.09259095287318209, "3": 2.1535542970501496, "4": -0.7615531101859832, "5": 2.4395496899815265, "6": -2.9272581727628673, "7": 1.5798359530504857}, "datetime": {"datetime": "2021-06-29 23:55:30", "elapsed": 13310.299555, "delta": 39.146372}}
{"target": 0.003211356946036925, "params": {"0": -1.7697048789465704, "1": 2.655600538037368, "2": 1.8088833984311865, "3": 0.05686851542763982, "4": -0.25076081085120183, "5": 1.5591127583258197, "6": -2.16515678281346, "7": 1.1247068240925646}, "datetime": {"datetime": "2021-06-29 23:55:53", "elapsed": 13333.45713, "delta": 23.157575}}
{"target": 0.0031390507439211907, "params": {"0": 1.959370684042267, "1": -1.3671546906970897, "2": 1.5490794942350448, "3": 2.497411172727986, "4": -0.3539792664370731, "5": -1.1314612948076994, "6": 0.5658320323083355, "7": 2.1989246293632307}, "datetime": {"datetime": "2021-06-29 23:56:38", "elapsed": 13378.284389, "delta": 44.827259}}
{"target": 0.0035219324553998955, "params": {"0": 0.8773333898686211, "1": 2.004330783628814, "2": 0.13623028149485927, "3": -1.3088770752682888, "4": 0.7405383879940199, "5": -0.3121920025063356, "6": 2.426462749602389, "7": 0.11129715171391874}, "datetime": {"datetime": "2021-06-29 23:57:51", "elapsed": 13450.806922, "delta": 72.522533}}
{"target": 0.0035712895445596405, "params": {"0": 1.4699148794766685, "1": 1.4321178981107927, "2": -2.7975601230676386, "3": -0.7341834967470939, "4": -2.131670248447488, "5": 1.3753152933568558, "6": -2.6719631944954116, "7": -2.074676046048014}, "datetime": {"datetime": "2021-06-29 23:58:15", "elapsed": 13474.872377, "delta": 24.065455}}
{"target": 0.003112500209670162, "params": {"0": -0.3975246159091692, "1": -2.765732808623908, "2": 1.663931760834707, "3": -2.2269319341895475, "4": -0.6202136445287265, "5": 1.6084760674426652, "6": -1.7441960767868747, "7": -0.06727782694485018}, "datetime": {"datetime": "2021-06-29 23:58:47", "elapsed": 13506.659653, "delta": 31.787276}}
{"target": 0.003402471406873302, "params": {"0": -1.6700349801981593, "1": 0.9025416757521518, "2": -0.3983382510579476, "3": 2.3171071127714153, "4": 1.8761547778085905, "5": 0.9620210989949642, "6": -0.7761842160421688, "7": 2.393356282834633}, "datetime": {"datetime": "2021-06-29 23:59:07", "elapsed": 13526.65214, "delta": 19.992487}}
{"target": 0.0031321291000193747, "params": {"0": 2.678244711311075, "1": 0.35475484819991143, "2": -1.387732331718782, "3": 1.8278321878891024, "4": 0.500133079057238, "5": -0.8729083326002147, "6": -2.237341051145262, "7": 0.21929135738829508}, "datetime": {"datetime": "2021-06-29 23:59:30", "elapsed": 13549.972333, "delta": 23.320193}}
{"target": 0.0037421007353860497, "params": {"0": -0.382800819619562, "1": 2.8080720462773243, "2": -2.4714590412011574, "3": -2.219264144564904, "4": -0.9764580263622609, "5": -2.4356740572364224, "6": 1.4846873393286852, "7": -2.2714832357976187}, "datetime": {"datetime": "2021-06-29 23:59:51", "elapsed": 13570.713193, "delta": 20.74086}}
{"target": 0.00348299007255846, "params": {"0": -1.0750367448042362, "1": -1.4648461461232285, "2": -2.507469712823089, "3": 2.1433748161843944, "4": -2.582169269597215, "5": -1.4917834384222477, "6": 1.674730118939955, "7": 2.727285885739052}, "datetime": {"datetime": "2021-06-30 00:00:08", "elapsed": 13588.159788, "delta": 17.446595}}
{"target": 0.0032857849400338593, "params": {"0": 0.3486206149468387, "1": 2.575611610481653, "2": -0.6526708144131415, "3": -1.679039324033224, "4": 1.9300851640879593, "5": -1.605995126102239, "6": 1.562389357539244, "7": 0.17888341142481057}, "datetime": {"datetime": "2021-06-30 00:01:11", "elapsed": 13651.230496, "delta": 63.070708}}
{"target": 0.003314448516250387, "params": {"0": 1.2879010871791126, "1": 1.8733794105547403, "2": -2.2753228827395238, "3": -2.089255912176788, "4": -1.2903030044679815, "5": -0.7782145883171245, "6": -1.1937421902230037, "7": 2.853390534326965}, "datetime": {"datetime": "2021-06-30 00:01:46", "elapsed": 13685.827975, "delta": 34.597479}}
{"target": 0.011529034128761072, "params": {"0": -1.4319039314836908, "1": -1.637382091897452, "2": -2.8319693159253063, "3": 0.4934784809260542, "4": -2.890657625095782, "5": -1.6390558481072002, "6": -2.01666289955146, "7": -2.2068595121573145}, "datetime": {"datetime": "2021-06-30 00:02:03", "elapsed": 13702.672583, "delta": 16.844608}}
{"target": 0.003955830388154494, "params": {"0": -0.0003171348690340636, "1": 0.6692079902835122, "2": -1.6554719095666408, "3": 1.7569463897117643, "4": -2.849162063612355, "5": -1.9344085892734686, "6": -1.4643497453130394, "7": 2.6426933525067327}, "datetime": {"datetime": "2021-06-30 00:02:55", "elapsed": 13755.028434, "delta": 52.355851}}
{"target": 0.0030644823438901775, "params": {"0": -2.4125597644648495, "1": -1.737448808605663, "2": 0.9731310932321939, "3": 2.2750832369311356, "4": -0.4002359939262061, "5": 1.791012365964681, "6": 0.08188193867279381, "7": 0.04724472053175388}, "datetime": {"datetime": "2021-06-30 00:03:21", "elapsed": 13780.768183, "delta": 25.739749}}
{"target": 0.005555920218466756, "params": {"0": -1.682721514030954, "1": -1.5412050099806545, "2": -2.162384585366392, "3": -2.3319233410575504, "4": 1.325212284848046, "5": -0.9964484642432163, "6": -2.639642429021155, "7": 1.0531302751533254}, "datetime": {"datetime": "2021-06-30 00:03:50", "elapsed": 13809.635066, "delta": 28.866883}}
{"target": 0.004726339162333927, "params": {"0": 1.628379603528039, "1": 2.8790340408516766, "2": 1.8242152651367656, "3": -2.0755205933125658, "4": -0.11722341504561085, "5": -2.775005215965871, "6": -0.23645738321838827, "7": 2.4064714402600496}, "datetime": {"datetime": "2021-06-30 00:04:11", "elapsed": 13831.037498, "delta": 21.402432}}
{"target": 0.003455634775383699, "params": {"0": 0.7789456650636293, "1": -2.3953760846710077, "2": 2.004020522360694, "3": -2.037046136315616, "4": 0.3302537849370877, "5": 0.7795310195822815, "6": -2.0286802403955164, "7": 1.0590754853119488}, "datetime": {"datetime": "2021-06-30 00:05:11", "elapsed": 13890.612082, "delta": 59.574584}}
{"target": 0.019642969132775242, "params": {"0": 0.7732803684979954, "1": -2.305517466566974, "2": 1.8115165998409983, "3": -2.787533447501798, "4": 0.21936408848068112, "5": 1.3506027075596156, "6": -2.2586870992255124, "7": 0.12780361641680038}, "datetime": {"datetime": "2021-06-30 00:05:45", "elapsed": 13924.941389, "delta": 34.329307}}
{"target": 0.002966308756299889, "params": {"0": 2.210299718551191, "1": -0.08723992171015382, "2": -2.478070806887537, "3": 1.0343032983152192, "4": 1.460691115914588, "5": 0.11452699778607878, "6": -1.1947001293783377, "7": 1.6987773672014717}, "datetime": {"datetime": "2021-06-30 00:06:04", "elapsed": 13944.116384, "delta": 19.174995}}
{"target": 0.0037885057159420745, "params": {"0": 1.2710317514087386, "1": -1.6213055491946364, "2": 1.0605782815732026, "3": -2.803398527063734, "4": -2.16585265839581, "5": -1.5323154478085388, "6": -2.4546765330491342, "7": 1.5262867545209033}, "datetime": {"datetime": "2021-06-30 00:06:54", "elapsed": 13993.807762, "delta": 49.691378}}
{"target": 0.002911281643255285, "params": {"0": -1.0860325356252942, "1": 0.359758351683269, "2": 1.8390650363599947, "3": -0.8391380022800101, "4": -0.36773680056353664, "5": 2.3600667844003054, "6": 2.7417706163899904, "7": 2.6710682944161652}, "datetime": {"datetime": "2021-06-30 00:07:29", "elapsed": 14028.895248, "delta": 35.087486}}
{"target": 0.005140554014683425, "params": {"0": 1.4919484392909022, "1": 1.5487557774755079, "2": 1.8893587529096552, "3": -0.7239922517496322, "4": -1.2856722055487004, "5": -1.0581619542618734, "6": -0.4328524632544837, "7": 0.2359972722595547}, "datetime": {"datetime": "2021-06-30 00:08:31", "elapsed": 14090.827107, "delta": 61.931859}}
{"target": 0.003188908597954843, "params": {"0": 0.48482269768917874, "1": -0.3831347043540667, "2": 1.956056119617207, "3": 0.47208834679657974, "4": -0.3254619688754259, "5": -0.9044765413290059, "6": 0.39815625332788507, "7": 0.9388828409080316}, "datetime": {"datetime": "2021-06-30 00:09:20", "elapsed": 14140.022128, "delta": 49.195021}}
{"target": 0.0038910938987241983, "params": {"0": -0.5939807717332624, "1": 0.39695058003424855, "2": -0.6171445779772187, "3": 1.129706085634763, "4": -1.467914207976828, "5": 2.889098361004952, "6": -1.8879734732481794, "7": 1.4509300964153375}, "datetime": {"datetime": "2021-06-30 00:09:46", "elapsed": 14166.31957, "delta": 26.297442}}
{"target": 0.003415716217131642, "params": {"0": 2.9386135803484787, "1": -0.999408702816039, "2": 0.41971174238828635, "3": 1.971415789780668, "4": -1.1089667853278697, "5": 1.877917118653655, "6": -0.6761068906196019, "7": -1.4533912746886017}, "datetime": {"datetime": "2021-06-30 00:10:18", "elapsed": 14198.274938, "delta": 31.955368}}
{"target": 0.0031915705149694754, "params": {"0": 0.5118986959770293, "1": -2.94921440053166, "2": 2.3518846231449464, "3": -1.6223813202841824, "4": -1.0021876728662704, "5": 0.9342786533240162, "6": -2.278228365271616, "7": 1.145486968268684}, "datetime": {"datetime": "2021-06-30 00:10:42", "elapsed": 14221.865722, "delta": 23.590784}}
{"target": 0.0037303389190959024, "params": {"0": -2.6073843529686602, "1": 2.921250340632616, "2": -1.4500847088623914, "3": 0.7345113231118838, "4": 2.802047130017435, "5": -2.020091393000097, "6": 0.517309907101029, "7": 1.572003021629084}, "datetime": {"datetime": "2021-06-30 00:11:26", "elapsed": 14266.421809, "delta": 44.556087}}
{"target": 0.00415506540470085, "params": {"0": 0.4662785400510634, "1": 0.8469085926640463, "2": 0.9002700339037424, "3": 2.7516054001444417, "4": -2.439098205694052, "5": -1.3852502538217886, "6": 1.2666019309888519, "7": 0.41825905177505707}, "datetime": {"datetime": "2021-06-30 00:12:12", "elapsed": 14312.329659, "delta": 45.90785}}
{"target": 0.0033729803230683367, "params": {"0": -1.871422398820518, "1": -2.111361543350168, "2": -1.0749733069220975, "3": -2.220427418966283, "4": 2.5923332257240776, "5": 2.565049181173512, "6": -1.42766345364054, "7": 2.7222691333440405}, "datetime": {"datetime": "2021-06-30 00:12:59", "elapsed": 14358.661433, "delta": 46.331774}}
{"target": 0.003811976472869219, "params": {"0": 0.7754908044692925, "1": 2.5558958926379516, "2": -2.711520855448825, "3": -2.1834900761152114, "4": -0.6086751190186424, "5": 1.390886973118401, "6": 0.9222278948515212, "7": 1.2624041114116569}, "datetime": {"datetime": "2021-06-30 00:13:45", "elapsed": 14405.482441, "delta": 46.821008}}
{"target": 0.004432717007070546, "params": {"0": -2.934661092458664, "1": 0.48222639347603646, "2": 1.4087131540598614, "3": -2.4970110816008715, "4": 0.08843922719771857, "5": -0.4791648511157427, "6": -0.043888985103632816, "7": -2.4755999650733544}, "datetime": {"datetime": "2021-06-30 00:14:13", "elapsed": 14432.825764, "delta": 27.343323}}
{"target": 0.0030523550948447983, "params": {"0": 1.4536281974079666, "1": 1.7217270365900088, "2": 0.7808102431037951, "3": -2.917406233871497, "4": 2.400240170463972, "5": -0.11835106548945706, "6": -2.1019725224882446, "7": -2.6329016735008697}, "datetime": {"datetime": "2021-06-30 00:14:37", "elapsed": 14456.95306, "delta": 24.127296}}
{"target": 0.0034359986305691013, "params": {"0": -0.30767442098393527, "1": 2.6301489322758096, "2": -2.6015269165117862, "3": -2.3369704203020722, "4": -1.5277366819437828, "5": 1.923476919646502, "6": 2.6770197934339777, "7": -1.2827629748400327}, "datetime": {"datetime": "2021-06-30 00:15:01", "elapsed": 14480.599666, "delta": 23.646606}}
{"target": 0.004165514914463469, "params": {"0": -0.9681405875481097, "1": 1.2543867014348429, "2": 1.4689856073491718, "3": 1.827618769305305, "4": 2.0650276117394073, "5": -2.1665755130347275, "6": 2.6079886795672325, "7": -1.7293222910059538}, "datetime": {"datetime": "2021-06-30 00:15:23", "elapsed": 14503.331992, "delta": 22.732326}}
{"target": 0.01570701078772797, "params": {"0": -2.3094775665346274, "1": 0.7130811164184823, "2": -2.7229322556983915, "3": 0.8607239180919439, "4": 2.9900562320649913, "5": -1.830395579548073, "6": 1.5563627872874974, "7": -2.685602458855656}, "datetime": {"datetime": "2021-06-30 00:16:23", "elapsed": 14563.229299, "delta": 59.897307}}
{"target": 0.004268027581091996, "params": {"0": -2.6522009840456753, "1": 2.9288941374135113, "2": -0.38448553665490426, "3": 0.5675725982456385, "4": 1.7736364337664554, "5": 2.8778576088702605, "6": -0.10943247020378433, "7": -1.5481374950354632}, "datetime": {"datetime": "2021-06-30 00:16:51", "elapsed": 14591.471783, "delta": 28.242484}}
{"target": 0.00335592221208066, "params": {"0": -1.6147615376324091, "1": -2.082965117981388, "2": -2.848401400704507, "3": -2.3161944775556482, "4": 1.5585854727333217, "5": -0.8896428650187804, "6": -2.112927652124206, "7": 1.5394025863749894}, "datetime": {"datetime": "2021-06-30 00:17:31", "elapsed": 14630.616241, "delta": 39.144458}}
{"target": 0.0029730600731684136, "params": {"0": -0.7158546561080033, "1": -0.400540855776514, "2": -2.1718832487235584, "3": 2.0284300796210823, "4": 2.166333881772923, "5": 0.9564584490057815, "6": 2.138710625695242, "7": -2.101675734934978}, "datetime": {"datetime": "2021-06-30 00:17:57", "elapsed": 14657.452082, "delta": 26.835841}}
{"target": 0.0034178707892861928, "params": {"0": 1.4435628887299181, "1": 0.366638454933625, "2": 2.0788668553667886, "3": 2.991883592870435, "4": 0.04433942253958367, "5": 0.4612544768974156, "6": -2.993906872396208, "7": 1.0165876303495276}, "datetime": {"datetime": "2021-06-30 00:18:35", "elapsed": 14695.181252, "delta": 37.72917}}
{"target": 0.004626148192618013, "params": {"0": -1.9293225211611766, "1": -0.14349084700437054, "2": 0.808075815440068, "3": 0.8057303631554591, "4": -1.4328882681168658, "5": 0.4707115086120046, "6": 1.3759473152065, "7": 0.3056702691719311}, "datetime": {"datetime": "2021-06-30 00:18:52", "elapsed": 14712.395706, "delta": 17.214454}}
{"target": 0.003363224301310483, "params": {"0": 2.171307482403938, "1": -0.9282736807243341, "2": -1.5256037123298887, "3": -0.234250906432937, "4": -0.3441918168462186, "5": -1.7074284988866064, "6": -1.1958126153714137, "7": 0.7705375018175653}, "datetime": {"datetime": "2021-06-30 00:19:10", "elapsed": 14730.31122, "delta": 17.915514}}
{"target": 0.005917721508640078, "params": {"0": 0.9607235113314587, "1": -0.8656099874715579, "2": 2.2749870461266557, "3": -0.8000856536255743, "4": -0.7789173762582418, "5": -1.0159148235406623, "6": -0.8886303389731358, "7": 1.8260126513562627}, "datetime": {"datetime": "2021-06-30 00:20:18", "elapsed": 14798.123501, "delta": 67.812281}}
{"target": 0.003047421461974929, "params": {"0": -0.5845803325135841, "1": -1.4439734616100879, "2": 0.4477462117494504, "3": -0.20882004781355779, "4": 1.387610071480852, "5": 2.912900058591525, "6": -2.4193402368849553, "7": -1.0989058395221114}, "datetime": {"datetime": "2021-06-30 00:20:40", "elapsed": 14820.295777, "delta": 22.172276}}
{"target": 0.005659094135236181, "params": {"0": 0.6752067376771631, "1": -1.6640386284602677, "2": -1.482814354900189, "3": -0.07308888635380484, "4": 0.9122483136327642, "5": -1.9252557881239036, "6": -0.936871310108236, "7": 0.32986791436567353}, "datetime": {"datetime": "2021-06-30 00:21:08", "elapsed": 14847.898213, "delta": 27.602436}}
{"target": 0.003615728225749483, "params": {"0": 1.2423297623382457, "1": 2.569275735510031, "2": -1.8684905407262904, "3": -2.1396052287510257, "4": -0.5788663141417034, "5": -0.2192411150662359, "6": -0.37771224870235987, "7": 1.775239216222662}, "datetime": {"datetime": "2021-06-30 00:21:51", "elapsed": 14891.436208, "delta": 43.537995}}
{"target": 0.002924474661109465, "params": {"0": 2.8057238545855645, "1": 0.8326660475015943, "2": -0.1886333321659679, "3": 0.7519957645899726, "4": 2.408476236458476, "5": -0.05393887611259007, "6": 1.9196147864309774, "7": 2.3820412731932032}, "datetime": {"datetime": "2021-06-30 00:22:09", "elapsed": 14908.630984, "delta": 17.194776}}
{"target": 0.006965485964443219, "params": {"0": 0.9284484415947718, "1": -1.3760700377298587, "2": -2.330277833657859, "3": 2.3174302561332443, "4": -2.851783092461889, "5": 0.5119675848289393, "6": 1.5621038712503559, "7": 0.9060036253972679}, "datetime": {"datetime": "2021-06-30 00:22:37", "elapsed": 14936.599136, "delta": 27.968152}}
{"target": 0.003444213911371229, "params": {"0": 2.480484537277432, "1": -1.6396776609504844, "2": -1.582152197869651, "3": -0.6526579162862145, "4": 1.6681027222145843, "5": -0.852266575113307, "6": 2.0674202199811527, "7": -1.5376816941402385}, "datetime": {"datetime": "2021-06-30 00:23:02", "elapsed": 14962.38304, "delta": 25.783904}}
{"target": 0.0029045105437523005, "params": {"0": -2.02962235828426, "1": 2.0515532782260584, "2": 1.1181404949015956, "3": -0.3844610373222328, "4": 2.597213072214088, "5": -2.438380963358315, "6": -2.414964048580842, "7": -0.2134012931012368}, "datetime": {"datetime": "2021-06-30 00:23:38", "elapsed": 14997.514758, "delta": 35.131718}}
{"target": 0.0032126552398454044, "params": {"0": -0.683358326643071, "1": 1.482906281204679, "2": 2.599082285367997, "3": -0.0896835441509376, "4": -1.2489758807391245, "5": -1.902948778303354, "6": -0.059800093807234944, "7": 1.1887674807141684}, "datetime": {"datetime": "2021-06-30 00:24:20", "elapsed": 15040.09567, "delta": 42.580912}}
{"target": 0.0033544328594594347, "params": {"0": 1.9229460480889298, "1": -1.9074451031799113, "2": -0.03287214006211947, "3": -1.4775824293866056, "4": 0.12588910520730856, "5": 2.5075587747787367, "6": -0.5463681217111431, "7": -2.1725289051443957}, "datetime": {"datetime": "2021-06-30 00:24:41", "elapsed": 15061.248808, "delta": 21.153138}}
{"target": 0.003240426813228033, "params": {"0": -1.9971787385187663, "1": -0.6209946761852034, "2": 1.6815894901141721, "3": 0.01633700262271942, "4": -2.3585218038270113, "5": -0.9374596715421695, "6": -1.1149368105583286, "7": -2.697293442321291}, "datetime": {"datetime": "2021-06-30 00:25:04", "elapsed": 15084.255633, "delta": 23.006825}}
{"target": 0.0037233110405860206, "params": {"0": -0.9308403400216232, "1": 2.3526515053722177, "2": -0.5537653951665988, "3": -1.6715750675131886, "4": -0.11084431142471374, "5": 1.2649049765901097, "6": -0.33405727796488627, "7": 0.44264088092589926}, "datetime": {"datetime": "2021-06-30 00:25:37", "elapsed": 15116.836434, "delta": 32.580801}}
{"target": 0.0029127145309859395, "params": {"0": -2.3973824493011824, "1": -0.14255372379715414, "2": 0.7049307515343326, "3": 1.0917263992202084, "4": 2.244415700537025, "5": -1.8871751151469205, "6": 0.18675947985617247, "7": 1.0253457684409018}, "datetime": {"datetime": "2021-06-30 00:25:54", "elapsed": 15134.105856, "delta": 17.269422}}
{"target": 0.004698688548097668, "params": {"0": 1.4432959534298666, "1": 1.5677347016169216, "2": -2.6939679387076643, "3": 1.9213002239449208, "4": -2.8526520960220427, "5": -2.4025279600907234, "6": -1.8130047435597785, "7": -0.798237601606373}, "datetime": {"datetime": "2021-06-30 00:26:13", "elapsed": 15153.451709, "delta": 19.345853}}
{"target": 0.003207436118547191, "params": {"0": 1.7938305394753264, "1": -0.5802116880313708, "2": -1.022407913836325, "3": -2.337452321112206, "4": -1.3117943236973488, "5": 0.5044194746372099, "6": 1.1312653473831435, "7": -2.108644184848303}, "datetime": {"datetime": "2021-06-30 00:26:43", "elapsed": 15183.253504, "delta": 29.801795}}
{"target": 0.0034279530307706097, "params": {"0": 0.9812059171144702, "1": -0.6919881281662921, "2": -1.0849802429065405, "3": -2.540284147324476, "4": -0.209541197523186, "5": -2.3082149655205457, "6": -2.8354595510958998, "7": -1.368640496521827}, "datetime": {"datetime": "2021-06-30 00:27:06", "elapsed": 15205.739879, "delta": 22.486375}}
{"target": 0.003029548225947017, "params": {"0": -1.909796593740629, "1": 0.377003976387547, "2": 0.9154197983749288, "3": -1.718714634666777, "4": 2.2386708746699657, "5": 2.249183683093646, "6": -1.6255932280641747, "7": 0.8025933587908165}, "datetime": {"datetime": "2021-06-30 00:27:32", "elapsed": 15232.4965, "delta": 26.756621}}
{"target": 0.0031282874944482736, "params": {"0": -0.20196495406925052, "1": -0.6959776240942257, "2": -2.250685475436329, "3": -1.6972045316487205, "4": -2.7522809894418456, "5": 2.9477807934927034, "6": 2.9023137551413285, "7": -2.623034240251876}, "datetime": {"datetime": "2021-06-30 00:28:13", "elapsed": 15273.475917, "delta": 40.979417}}
