{"target": 0.01033304551671207, "params": {"0": -2.5012385724441595, "1": 0.8413228886540249, "2": 2.778425388096532, "3": -2.62805889476311, "4": 2.7533596628429287, "5": 0.04973210994865074, "6": -2.2073530239725407, "7": -0.1069697086550514}, "datetime": {"datetime": "2021-06-30 03:27:10", "elapsed": 26011.485693, "delta": 40.908955}}
{"target": 0.3767696691472526, "params": {"0": 1.5538972751352134, "1": -0.3780486892994688, "2": -1.1942037237397303, "3": -2.8485347232115927, "4": 1.76329743612769, "5": -2.6219173759657, "6": 0.9053506304119008, "7": -0.08646121217064406}, "datetime": {"datetime": "2021-06-30 03:27:55", "elapsed": 26056.180177, "delta": 44.694484}}
{"target": 0.01610049779540833, "params": {"0": -1.742355484561446, "1": 0.4734488107921213, "2": -0.9359972718900513, "3": -2.232806568170491, "4": 0.9688056764943367, "5": -0.7381313293847191, "6": 0.12588294562472857, "7": 0.9503860704342264}, "datetime": {"datetime": "2021-06-30 03:28:38", "elapsed": 26099.07986, "delta": 42.899683}}
{"target": 0.003030980492587257, "params": {"0": 2.303237952989009, "1": 2.939918112577061, "2": 2.2262002131034357, "3": 0.9902096144278296, "4": 2.4558214631092614, "5": -0.7908603458126979, "6": -0.634256403655078, "7": -0.8616969674274575}, "datetime": {"datetime": "2021-06-30 03:29:17", "elapsed": 26138.452775, "delta": 39.372915}}
{"target": 0.0030427124810562113, "params": {"0": -0.3422734032490409, "1": -0.6885472345096857, "2": -1.7071872650455922, "3": 2.9122856678156577, "4": -0.6189451662584426, "5": -2.549654211630324, "6": -1.3995473593040622, "7": 1.040367665559823}, "datetime": {"datetime": "2021-06-30 03:29:51", "elapsed": 26171.839114, "delta": 33.386339}}
{"target": 0.003238598124262458, "params": {"0": -0.0855499695859483, "1": 0.3614826946165519, "2": -1.5553497972307595, "3": -1.1816417849641392, "4": -1.677240150765189, "5": -0.8679356249880703, "6": 2.4157280578077165, "7": 0.7727608553425656}, "datetime": {"datetime": "2021-06-30 03:30:25", "elapsed": 26205.657714, "delta": 33.8186}}
{"target": 0.0036769081342877406, "params": {"0": 2.8294421547675457, "1": 0.892248302624961, "2": -0.22618505908355768, "3": 1.5657521383830604, "4": 1.7918944400135857, "5": -1.1096249592214393, "6": -2.8369780985117945, "7": -0.37018110231952805}, "datetime": {"datetime": "2021-06-30 03:31:01", "elapsed": 26241.842824, "delta": 36.18511}}
{"target": 0.0031192677959275966, "params": {"0": 2.403113455972014, "1": -1.6034819259791706, "2": 0.9723582067789573, "3": 0.3962921725228199, "4": -1.1356494689036403, "5": 2.106877209185626, "6": -0.11131206389315906, "7": 0.48168715038084375}, "datetime": {"datetime": "2021-06-30 03:31:30", "elapsed": 26271.022354, "delta": 29.17953}}
{"target": 0.0032444239504426857, "params": {"0": -2.6584414613445677, "1": 1.8223170331229817, "2": -0.3558911322279035, "3": 1.4905596506152214, "4": 2.740842057223017, "5": -0.627826853269835, "6": 2.564491801450898, "7": 1.3095288716835656}, "datetime": {"datetime": "2021-06-30 03:32:02", "elapsed": 26303.239514, "delta": 32.21716}}
{"target": 0.0033772375446216247, "params": {"0": 0.03351364912813537, "1": 0.7618792638515481, "2": 2.0459343498156173, "3": 0.3456661589332164, "4": -2.1876837033797356, "5": 2.334080069820523, "6": -1.7919030974768515, "7": -2.755700762976996}, "datetime": {"datetime": "2021-06-30 03:32:30", "elapsed": 26330.755653, "delta": 27.516139}}
{"target": 0.006052549256238434, "params": {"0": 2.361011794829202, "1": -1.638947371502668, "2": 0.10822227713625221, "3": -1.2278009969624006, "4": -1.5634681744012653, "5": 2.43635499347417, "6": -2.0266360922259574, "7": 1.1802265774937464}, "datetime": {"datetime": "2021-06-30 03:33:24", "elapsed": 26384.759527, "delta": 54.003874}}
{"target": 0.005706994871633361, "params": {"0": 1.633191207206366, "1": -1.1754379025483837, "2": 0.47673248986354544, "3": -2.0992898673845146, "4": -2.4347331146825244, "5": 0.08565925383116957, "6": 2.6623932519118165, "7": -2.8451801832336807}, "datetime": {"datetime": "2021-06-30 03:33:54", "elapsed": 26415.385133, "delta": 30.625606}}
{"target": 0.02588603054881973, "params": {"0": 1.4040859553464635, "1": -2.4394840920385894, "2": 1.2593920584363358, "3": -2.588783577692915, "4": 1.014677740384311, "5": -0.5519219002980709, "6": 1.7755811730016609, "7": -1.6686565942498106}, "datetime": {"datetime": "2021-06-30 03:34:53", "elapsed": 26473.617103, "delta": 58.23197}}
{"target": 0.003823089661125064, "params": {"0": 1.2122939369957848, "1": 1.8651299671591524, "2": -0.3833487015150272, "3": -1.5956187291969202, "4": -1.7877327609065792, "5": -0.5216075868515029, "6": 1.5950771802946484, "7": -0.8908025333417768}, "datetime": {"datetime": "2021-06-30 03:36:47", "elapsed": 26588.198517, "delta": 114.581414}}
{"target": 0.004760439434506427, "params": {"0": -2.961113472571963, "1": -1.464940095428867, "2": -0.15165405602912596, "3": -2.158581537475814, "4": 1.4807966759241378, "5": -1.461291576677169, "6": -0.8579795725908097, "7": -1.1903168308717151}, "datetime": {"datetime": "2021-06-30 03:37:25", "elapsed": 26626.14997, "delta": 37.951453}}
{"target": 0.003556694666480258, "params": {"0": 1.0284423552121096, "1": 2.0870761152652877, "2": -0.3132759528662339, "3": -1.3349546965369525, "4": -0.5067915582583895, "5": -0.29988030915296804, "6": 1.9004786164474572, "7": -1.996971610965632}, "datetime": {"datetime": "2021-06-30 03:38:07", "elapsed": 26668.169058, "delta": 42.019088}}
{"target": 0.003947864509491289, "params": {"0": -1.2193196793165406, "1": -2.411870453104382, "2": -2.028680890622141, "3": -0.603900536140181, "4": 0.19332188285795748, "5": 2.8225059564596915, "6": -2.7377007004499516, "7": 0.06583198679281477}, "datetime": {"datetime": "2021-06-30 03:38:48", "elapsed": 26709.045337, "delta": 40.876279}}
{"target": 0.003004595056170809, "params": {"0": 1.6369384456598963, "1": -0.30942275968770616, "2": 2.3891702768443217, "3": 1.366469054616739, "4": 0.2657256975961584, "5": 0.33716993452142496, "6": -1.0896592190213799, "7": -2.032853137033465}, "datetime": {"datetime": "2021-06-30 03:39:29", "elapsed": 26749.771548, "delta": 40.726211}}
{"target": 0.004062855589100983, "params": {"0": -0.29171185921488396, "1": -0.6400235690150602, "2": -0.5198088336810525, "3": -1.262277037903476, "4": 0.458342398208774, "5": 1.1714002732284854, "6": -0.08960672724669516, "7": -1.709756108191625}, "datetime": {"datetime": "2021-06-30 03:40:02", "elapsed": 26782.920813, "delta": 33.149265}}
{"target": 0.006081803076875737, "params": {"0": 0.32625634820113847, "1": -2.787096037282229, "2": 1.050432471436082, "3": -2.9413270629748647, "4": 2.026634227521126, "5": -0.7472412001938293, "6": 2.6677986868898573, "7": -0.5874982905197665}, "datetime": {"datetime": "2021-06-30 03:41:40", "elapsed": 26880.812648, "delta": 97.891835}}
{"target": 0.0030657375175060226, "params": {"0": -0.2799418908383311, "1": 0.15579790230523693, "2": 1.5414358633487648, "3": 1.8941399528729344, "4": 0.5447553750421723, "5": 2.1382250396146043, "6": -1.4241112604742907, "7": -1.6393960072278777}, "datetime": {"datetime": "2021-06-30 03:42:48", "elapsed": 26948.901741, "delta": 68.089093}}
{"target": 0.0030858075588945126, "params": {"0": 0.6616937810587808, "1": 1.7098211092511377, "2": -2.3472368808917685, "3": 2.270208179179657, "4": -2.84412281334619, "5": 0.23630157247464822, "6": -1.0815794143236432, "7": 1.771612252153071}, "datetime": {"datetime": "2021-06-30 03:43:34", "elapsed": 26994.862782, "delta": 45.961041}}
{"target": 0.0034647106234555157, "params": {"0": -1.9056683062116129, "1": -2.7594983259478347, "2": 0.8564160168671089, "3": 1.0417993565679584, "4": 2.2446321115574657, "5": 2.040266432056021, "6": -0.37732248517978473, "7": -0.9009098586750435}, "datetime": {"datetime": "2021-06-30 03:44:22", "elapsed": 27043.237825, "delta": 48.375043}}
{"target": 0.006302911973643358, "params": {"0": 1.614804244805761, "1": -0.7637390347071769, "2": -0.43997685953725263, "3": -1.4834757144670665, "4": 0.05227945055268579, "5": -2.633893282049299, "6": 1.7375872991572345, "7": -0.6276359458813223}, "datetime": {"datetime": "2021-06-30 03:44:59", "elapsed": 27079.796459, "delta": 36.558634}}
{"target": 0.003295395046125185, "params": {"0": 0.6202304402506789, "1": 0.6050977502185377, "2": -2.895375090186257, "3": -2.9026401793216676, "4": -0.42093432773811923, "5": 0.5516035564656327, "6": -1.2861610365041904, "7": -2.6972279059984805}, "datetime": {"datetime": "2021-06-30 03:45:32", "elapsed": 27112.982725, "delta": 33.186266}}
{"target": 0.0035793860205186366, "params": {"0": 0.25856130376889874, "1": 2.374490504325938, "2": -1.4564187817536052, "3": -1.8724134315104801, "4": -1.980293428425583, "5": 0.6922197450901786, "6": -0.5920759498492094, "7": -2.203109798552056}, "datetime": {"datetime": "2021-06-30 03:45:59", "elapsed": 27140.290182, "delta": 27.307457}}
{"target": 0.003136305793841595, "params": {"0": 1.098255952474723, "1": 1.8859607588702136, "2": 0.2820344513162789, "3": -1.3466410583535453, "4": 1.8645819701046058, "5": 1.824727642383973, "6": 0.6674797942789188, "7": -2.390343038263371}, "datetime": {"datetime": "2021-06-30 03:46:42", "elapsed": 27182.950554, "delta": 42.660372}}
{"target": 0.0036136203645921153, "params": {"0": 0.6833049448977033, "1": -1.3119065076401755, "2": 1.7295872422503233, "3": 2.0098520881174577, "4": -0.2753859164851642, "5": 2.5197452558189237, "6": 1.0126206952243892, "7": 2.3556710375706853}, "datetime": {"datetime": "2021-06-30 03:47:19", "elapsed": 27220.180925, "delta": 37.230371}}
{"target": 0.0032577807999486104, "params": {"0": 0.5514773049043211, "1": 1.7020363356971098, "2": -0.824370256847077, "3": -1.8640228900792466, "4": -1.7534740265484572, "5": -0.5594271398317385, "6": 2.6960106293406323, "7": -0.9173100403245633}, "datetime": {"datetime": "2021-06-30 03:48:15", "elapsed": 27275.74483, "delta": 55.563905}}
{"target": 0.0035835317368573837, "params": {"0": 2.5174257588385984, "1": -1.853244108174041, "2": 0.3966963993138597, "3": 1.7552370546046978, "4": -0.8385603087333968, "5": 0.9343983352088676, "6": -0.7846662238771582, "7": -2.9582356542962134}, "datetime": {"datetime": "2021-06-30 03:48:56", "elapsed": 27316.515217, "delta": 40.770387}}
{"target": 0.8499424724337405, "params": {"0": 1.8133391720389929, "1": -2.727989562630311, "2": 0.5135000185378606, "3": -1.5618863106554512, "4": 2.0175020367865146, "5": -2.5624255618067204, "6": 2.799623551991985, "7": 0.3478264936967781}, "datetime": {"datetime": "2021-06-30 03:49:55", "elapsed": 27375.856567, "delta": 59.34135}}
{"target": 0.0030492305623358467, "params": {"0": -2.798375738631611, "1": -0.937721148741077, "2": 2.5047939651140902, "3": 0.10625212506328197, "4": 1.9702274910695028, "5": 1.1210296120625802, "6": -1.9962695390042782, "7": 1.7601356253481306}, "datetime": {"datetime": "2021-06-30 03:50:42", "elapsed": 27422.750143, "delta": 46.893576}}
{"target": 0.0035524588271506636, "params": {"0": 0.9057437769315948, "1": 2.496825483395405, "2": 0.24277478429782917, "3": -2.3039312935038607, "4": -1.561448716695483, "5": -0.3809902903777367, "6": 2.499194926292488, "7": -1.187550911944029}, "datetime": {"datetime": "2021-06-30 03:51:31", "elapsed": 27472.118111, "delta": 49.367968}}
{"target": 0.002976193115496881, "params": {"0": -2.1396219877852856, "1": -1.5731616484653606, "2": 1.7556278321756107, "3": 0.1177594512375526, "4": 0.035863562317962394, "5": 2.919357958717221, "6": 0.5626272689156444, "7": -0.13488091024555526}, "datetime": {"datetime": "2021-06-30 03:52:00", "elapsed": 27500.780914, "delta": 28.662803}}
{"target": 0.0032024946921342056, "params": {"0": 1.3185377898777215, "1": 0.20490804112114347, "2": -2.593893874390517, "3": -2.75380856387119, "4": 1.519155970239682, "5": 2.7551545018378008, "6": -2.705413680047486, "7": 0.21321438506662993}, "datetime": {"datetime": "2021-06-30 03:52:38", "elapsed": 27539.209971, "delta": 38.429057}}
{"target": 0.0036097804356563733, "params": {"0": -2.7343277649531585, "1": 2.1027268416809743, "2": -0.31463844717346223, "3": 1.750350493348316, "4": -0.17094426993588385, "5": -1.5224707947807559, "6": -0.322988223888907, "7": -1.2202378932065547}, "datetime": {"datetime": "2021-06-30 03:53:17", "elapsed": 27577.918872, "delta": 38.708901}}
{"target": 0.0942277280920571, "params": {"0": 1.7415871036667268, "1": -2.632227080529179, "2": 1.5194410341177305, "3": -1.9594485428647452, "4": 0.3264063956390899, "5": -1.05398186466179, "6": 0.823532066662843, "7": -1.708986148294858}, "datetime": {"datetime": "2021-06-30 03:54:15", "elapsed": 27635.940228, "delta": 58.021356}}
{"target": 0.0029034099041223755, "params": {"0": -1.0769988706090219, "1": -1.7615064021595357, "2": -1.1460652113437826, "3": 1.1069572925159274, "4": 2.2584088264450344, "5": 0.8929893723146538, "6": 1.727340555645629, "7": 0.5177148770397526}, "datetime": {"datetime": "2021-06-30 03:55:02", "elapsed": 27682.732217, "delta": 46.791989}}
{"target": 0.003101642668971945, "params": {"0": -0.3850990581560487, "1": -0.8383562378697946, "2": -2.764701923099511, "3": 2.488830857056864, "4": 1.9771868072792307, "5": 1.1906962587660948, "6": -1.4236796010681254, "7": 1.541986803926462}, "datetime": {"datetime": "2021-06-30 03:55:35", "elapsed": 27716.006726, "delta": 33.274509}}
{"target": 0.004970827405181284, "params": {"0": 1.405648975329214, "1": -2.8053347819780305, "2": 0.7765208332859883, "3": -2.3227101162600263, "4": 2.683749265577122, "5": -1.851797474041864, "6": 2.8349917865783194, "7": -1.1121808708939316}, "datetime": {"datetime": "2021-06-30 03:56:24", "elapsed": 27764.762739, "delta": 48.756013}}
{"target": 0.0033899937602243067, "params": {"0": -2.1526911830316795, "1": 0.8288385592308729, "2": 2.374102796363995, "3": 2.9873775610788975, "4": 1.7767557601768535, "5": 1.234918428814412, "6": -2.2763542501138083, "7": 2.8038080500363396}, "datetime": {"datetime": "2021-06-30 03:56:57", "elapsed": 27798.265299, "delta": 33.50256}}
{"target": 0.003298825088849964, "params": {"0": 1.3212731710952816, "1": -1.2445161304130208, "2": -0.09824849620737774, "3": 0.32090280822452355, "4": -1.3151259745583066, "5": 2.0184169639814753, "6": 2.336912783852461, "7": 1.2758590564317425}, "datetime": {"datetime": "2021-06-30 03:57:33", "elapsed": 27834.197462, "delta": 35.932163}}
{"target": 0.003263081827685107, "params": {"0": 2.434454486435584, "1": -2.283920421915049, "2": 2.7509506172266347, "3": -1.891921747132044, "4": -2.949907265667604, "5": 0.728751740733645, "6": 0.9339286366583748, "7": 1.4955733257827193}, "datetime": {"datetime": "2021-06-30 03:58:05", "elapsed": 27865.561529, "delta": 31.364067}}
{"target": 0.0031135922533447524, "params": {"0": 0.7254611468447134, "1": -0.985522604169363, "2": -1.2468348077180964, "3": 0.25228170412702156, "4": 1.7796016630162947, "5": 1.469985413004074, "6": 1.1656562179736394, "7": 1.8111801457522736}, "datetime": {"datetime": "2021-06-30 03:58:53", "elapsed": 27914.285716, "delta": 48.724187}}
{"target": 0.0028850180420619985, "params": {"0": -1.8335759262807245, "1": 1.2216263191074859, "2": 1.5054345458895044, "3": 0.9402834885648588, "4": 1.5617765154670753, "5": 1.6343314945754521, "6": 0.6731677702237437, "7": -1.3639703704903752}, "datetime": {"datetime": "2021-06-30 03:59:32", "elapsed": 27952.6372, "delta": 38.351484}}
{"target": 0.0031824942095124956, "params": {"0": 1.7972509204768308, "1": 2.8454609527228927, "2": -1.335535546776996, "3": 0.38534455975496273, "4": -0.5832710930210805, "5": -1.3722989029970343, "6": 0.6437160658048384, "7": 0.03967423147547544}, "datetime": {"datetime": "2021-06-30 04:00:09", "elapsed": 27989.647417, "delta": 37.010217}}
{"target": 0.0029486374642060807, "params": {"0": 0.9359477621697705, "1": 1.0752512061105506, "2": 1.3893509834898108, "3": -0.9897028972483444, "4": -1.419428793617851, "5": 2.627971704537231, "6": 2.402379519465791, "7": 1.2064458878983224}, "datetime": {"datetime": "2021-06-30 04:00:43", "elapsed": 28024.378022, "delta": 34.730605}}
{"target": 0.0033359844362101897, "params": {"0": 2.224345323895327, "1": -2.051149710403629, "2": -1.249670891800706, "3": 0.25527183206431303, "4": 1.6970482565197713, "5": 0.3166104313335536, "6": -2.4235989647622445, "7": -1.3558018045415787}, "datetime": {"datetime": "2021-06-30 04:01:28", "elapsed": 28069.227126, "delta": 44.849104}}
{"target": 0.004471113760938227, "params": {"0": 0.8453528192554676, "1": -0.20569461859842164, "2": -0.3251325334651347, "3": -2.4089358532785248, "4": -0.6063888338053336, "5": 1.4407334308818989, "6": -1.9121220598530928, "7": -1.0889298886317256}, "datetime": {"datetime": "2021-06-30 04:02:20", "elapsed": 28121.039729, "delta": 51.812603}}
{"target": 0.0033347127454698257, "params": {"0": -1.0297400387339268, "1": 0.6759785531586155, "2": -2.4718905028213802, "3": 0.9509872385920746, "4": -1.5672177740568696, "5": -1.229005377770153, "6": -0.35947672585819523, "7": -2.384393273364743}, "datetime": {"datetime": "2021-06-30 04:03:02", "elapsed": 28162.948545, "delta": 41.908816}}
{"target": 0.006212210731209408, "params": {"0": 0.06294252379795218, "1": -2.8782764332186, "2": -0.768980470698339, "3": 2.7763697978588535, "4": -0.35325740914339354, "5": 0.32346582055761974, "6": -2.5040995537546076, "7": -2.0925565421639547}, "datetime": {"datetime": "2021-06-30 04:03:38", "elapsed": 28199.346907, "delta": 36.398362}}
