{"target": 0.009474041733796115, "params": {"0": -2.5012385724441595, "1": 0.8413228886540249, "2": 2.778425388096532, "3": -2.62805889476311, "4": 2.7533596628429287, "5": 0.04973210994865074, "6": -2.2073530239725407, "7": -0.1069697086550514}, "datetime": {"datetime": "2021-06-30 03:40:37", "elapsed": 26818.285094, "delta": 30.482613}}
{"target": 0.004238471683417944, "params": {"0": 1.6682154542247938, "1": -0.25247436586766714, "2": 1.3404251159422254, "3": -0.6487799928680165, "4": 1.7201645406039674, "5": -0.45185493549899824, "6": 1.6727613001906176, "7": -0.7372144318568923}, "datetime": {"datetime": "2021-06-30 03:41:27", "elapsed": 26868.627828, "delta": 50.342734}}
{"target": 0.008469030099314047, "params": {"0": -1.742355484561446, "1": 0.4734488107921213, "2": -0.9359972718900513, "3": -2.232806568170491, "4": 0.9688056764943367, "5": -0.7381313293847191, "6": 0.12588294562472857, "7": 0.9503860704342264}, "datetime": {"datetime": "2021-06-30 03:42:12", "elapsed": 26913.090125, "delta": 44.462297}}
{"target": 0.003747232988263856, "params": {"0": -0.8508126294706226, "1": -1.0705598561687695, "2": -1.3651496011566562, "3": -0.5095617919667754, "4": -2.290992482706109, "5": -2.5058905376712333, "6": 0.6906401583084927, "7": -1.4214863567037206}, "datetime": {"datetime": "2021-06-30 03:43:07", "elapsed": 26968.531999, "delta": 55.441874}}
{"target": 0.0030834261239537923, "params": {"0": -0.3422734032490409, "1": -0.6885472345096857, "2": -1.7071872650455922, "3": 2.9122856678156577, "4": -0.6189451662584426, "5": -2.549654211630324, "6": -1.3995473593040622, "7": 1.040367665559823}, "datetime": {"datetime": "2021-06-30 03:43:49", "elapsed": 27010.309449, "delta": 41.77745}}
{"target": 0.0031972927819008718, "params": {"0": -0.0855499695859483, "1": 0.3614826946165519, "2": -1.5553497972307595, "3": -1.1816417849641392, "4": -1.677240150765189, "5": -0.8679356249880703, "6": 2.4157280578077165, "7": 0.7727608553425656}, "datetime": {"datetime": "2021-06-30 03:44:13", "elapsed": 27034.036182, "delta": 23.726733}}
{"target": 0.0035407196728737596, "params": {"0": 2.8294421547675457, "1": 0.892248302624961, "2": -0.22618505908355768, "3": 1.5657521383830604, "4": 1.7918944400135857, "5": -1.1096249592214393, "6": -2.8369780985117945, "7": -0.37018110231952805}, "datetime": {"datetime": "2021-06-30 03:45:01", "elapsed": 27081.979124, "delta": 47.942942}}
{"target": 0.0031555518680404654, "params": {"0": 2.403113455972014, "1": -1.6034819259791706, "2": 0.9723582067789573, "3": 0.3962921725228199, "4": -1.1356494689036403, "5": 2.106877209185626, "6": -0.11131206389315906, "7": 0.48168715038084375}, "datetime": {"datetime": "2021-06-30 03:45:37", "elapsed": 27117.882398, "delta": 35.903274}}
{"target": 0.0036946152456834944, "params": {"0": -1.451078920111556, "1": -0.9186344478233459, "2": -1.7259186997360254, "3": -0.5564829844573604, "4": -1.9861554031253, "5": -1.9767182965443963, "6": 0.9491264148940344, "7": -1.4873770937532673}, "datetime": {"datetime": "2021-06-30 03:46:15", "elapsed": 27156.046276, "delta": 38.163878}}
{"target": 0.003372641083374232, "params": {"0": 0.03351364912813537, "1": 0.7618792638515481, "2": 2.0459343498156173, "3": 0.3456661589332164, "4": -2.1876837033797356, "5": 2.334080069820523, "6": -1.7919030974768515, "7": -2.755700762976996}, "datetime": {"datetime": "2021-06-30 03:46:50", "elapsed": 27191.500997, "delta": 35.454721}}
{"target": 0.003373340845157934, "params": {"0": 0.7473808048289863, "1": -2.573982421232745, "2": -1.291516766727053, "3": -2.868821295785652, "4": -1.1998906928881405, "5": -2.229480039078542, "6": -0.3784666014304263, "7": 1.9691343487602442}, "datetime": {"datetime": "2021-06-30 03:47:36", "elapsed": 27237.425366, "delta": 45.924369}}
{"target": 0.0068842460316658445, "params": {"0": 1.633191207206366, "1": -1.1754379025483837, "2": 0.47673248986354544, "3": -2.0992898673845146, "4": -2.4347331146825244, "5": 0.08565925383116957, "6": 2.6623932519118165, "7": -2.8451801832336807}, "datetime": {"datetime": "2021-06-30 03:48:11", "elapsed": 27272.247993, "delta": 34.822627}}
{"target": 0.003313868372275525, "params": {"0": -2.5853027059979294, "1": 1.2081944902194488, "2": 0.6909123122424994, "3": 1.4468948179942434, "4": -2.752990924249116, "5": 1.9345752626946568, "6": -2.6584915074169144, "7": 1.0713808182127718}, "datetime": {"datetime": "2021-06-30 03:48:53", "elapsed": 27314.07964, "delta": 41.831647}}
{"target": 0.003405533647736314, "params": {"0": -0.05898803676726061, "1": -2.386987258038385, "2": 2.399991822037955, "3": 0.9003968629436048, "4": -2.8481174205504716, "5": 1.2469598074304518, "6": -2.7710934763902184, "7": 0.3928774273903084}, "datetime": {"datetime": "2021-06-30 03:50:41", "elapsed": 27421.784485, "delta": 107.704845}}
{"target": 0.004961477394585636, "params": {"0": -2.961113472571963, "1": -1.464940095428867, "2": -0.15165405602912596, "3": -2.158581537475814, "4": 1.4807966759241378, "5": -1.461291576677169, "6": -0.8579795725908097, "7": -1.1903168308717151}, "datetime": {"datetime": "2021-06-30 03:51:10", "elapsed": 27450.952428, "delta": 29.167943}}
{"target": 0.0033717616181246518, "params": {"0": 1.0284423552121096, "1": 2.0870761152652877, "2": -0.3132759528662339, "3": -1.3349546965369525, "4": -0.5067915582583895, "5": -0.29988030915296804, "6": 1.9004786164474572, "7": -1.996971610965632}, "datetime": {"datetime": "2021-06-30 03:51:43", "elapsed": 27484.70381, "delta": 33.751382}}
{"target": 0.0039717130954542825, "params": {"0": -1.2193196793165406, "1": -2.411870453104382, "2": -2.028680890622141, "3": -0.603900536140181, "4": 0.19332188285795748, "5": 2.8225059564596915, "6": -2.7377007004499516, "7": 0.06583198679281477}, "datetime": {"datetime": "2021-06-30 03:52:20", "elapsed": 27521.265813, "delta": 36.562003}}
{"target": 0.0029231511432855307, "params": {"0": 1.6369384456598963, "1": -0.30942275968770616, "2": 2.3891702768443217, "3": 1.366469054616739, "4": 0.2657256975961584, "5": 0.33716993452142496, "6": -1.0896592190213799, "7": -2.032853137033465}, "datetime": {"datetime": "2021-06-30 03:53:16", "elapsed": 27577.543278, "delta": 56.277465}}
{"target": 0.004035458993184972, "params": {"0": -0.29171185921488396, "1": -0.6400235690150602, "2": -0.5198088336810525, "3": -1.262277037903476, "4": 0.458342398208774, "5": 1.1714002732284854, "6": -0.08960672724669516, "7": -1.709756108191625}, "datetime": {"datetime": "2021-06-30 03:54:06", "elapsed": 27626.731676, "delta": 49.188398}}
{"target": 0.008344590000262995, "params": {"0": 1.0758619033207406, "1": -1.1985686786782024, "2": 1.7687240831655444, "3": -0.01531697494614992, "4": 1.6344490085289571, "5": -1.30466859491216, "6": 2.1149229121103517, "7": -0.9985107814690428}, "datetime": {"datetime": "2021-06-30 03:55:35", "elapsed": 27716.355236, "delta": 89.62356}}
{"target": 0.0030235942457868437, "params": {"0": -0.2799418908383311, "1": 0.15579790230523693, "2": 1.5414358633487648, "3": 1.8941399528729344, "4": 0.5447553750421723, "5": 2.1382250396146043, "6": -1.4241112604742907, "7": -1.6393960072278777}, "datetime": {"datetime": "2021-06-30 03:56:36", "elapsed": 27777.509733, "delta": 61.154497}}
{"target": 0.003114286781872881, "params": {"0": 0.6616937810587808, "1": 1.7098211092511377, "2": -2.3472368808917685, "3": 2.270208179179657, "4": -2.84412281334619, "5": 0.23630157247464822, "6": -1.0815794143236432, "7": 1.771612252153071}, "datetime": {"datetime": "2021-06-30 03:57:19", "elapsed": 27820.087395, "delta": 42.577662}}
{"target": 0.0034531500942899737, "params": {"0": -1.9056683062116129, "1": -2.7594983259478347, "2": 0.8564160168671089, "3": 1.0417993565679584, "4": 2.2446321115574657, "5": 2.040266432056021, "6": -0.37732248517978473, "7": -0.9009098586750435}, "datetime": {"datetime": "2021-06-30 03:57:57", "elapsed": 27858.028411, "delta": 37.941016}}
{"target": 0.007386305855698831, "params": {"0": 1.0751589527926768, "1": 1.4939621454769583, "2": 1.8707110033273153, "3": -0.7936297050396961, "4": -0.7772941481726217, "5": -1.4924311565216681, "6": -0.9500102292228565, "7": 1.7906188759363753}, "datetime": {"datetime": "2021-06-30 03:58:59", "elapsed": 27920.069604, "delta": 62.041193}}
{"target": 0.008597422377545535, "params": {"0": 0.6202304402506789, "1": 0.6050977502185377, "2": -2.895375090186257, "3": -2.9026401793216676, "4": -0.42093432773811923, "5": 0.5516035564656327, "6": -1.2861610365041904, "7": -2.6972279059984805}, "datetime": {"datetime": "2021-06-30 03:59:37", "elapsed": 27958.404427, "delta": 38.334823}}
{"target": 0.00615076458182728, "params": {"0": 0.25856130376889874, "1": 2.374490504325938, "2": -1.4564187817536052, "3": -1.8724134315104801, "4": -1.980293428425583, "5": 0.6922197450901786, "6": -0.5920759498492094, "7": -2.203109798552056}, "datetime": {"datetime": "2021-06-30 04:00:11", "elapsed": 27992.678692, "delta": 34.274265}}
{"target": 0.0035960565620685118, "params": {"0": -1.717201092223838, "1": -0.09135293222621321, "2": -2.6645622960961366, "3": -1.6638619086835982, "4": 1.3058484896241325, "5": -2.152421282714518, "6": -2.926582883451064, "7": 0.4471395661239441}, "datetime": {"datetime": "2021-06-30 04:00:55", "elapsed": 28036.540522, "delta": 43.86183}}
{"target": 0.002916925936778395, "params": {"0": 0.6833049448977033, "1": -1.3119065076401755, "2": 1.7295872422503233, "3": 2.0098520881174577, "4": -0.2753859164851642, "5": 2.5197452558189237, "6": 1.0126206952243892, "7": 2.3556710375706853}, "datetime": {"datetime": "2021-06-30 04:01:30", "elapsed": 28070.851179, "delta": 34.310657}}
{"target": 0.003354575685225192, "params": {"0": -0.08289466145452096, "1": -0.006719182815106528, "2": -1.441237721787536, "3": 1.4002738981072556, "4": -2.1581367932777775, "5": -1.4462605706222964, "6": -2.126406205639701, "7": 2.4651134686146685}, "datetime": {"datetime": "2021-06-30 04:02:38", "elapsed": 28138.797814, "delta": 67.946635}}
{"target": 0.0035869534568880395, "params": {"0": 2.5174257588385984, "1": -1.853244108174041, "2": 0.3966963993138597, "3": 1.7552370546046978, "4": -0.8385603087333968, "5": 0.9343983352088676, "6": -0.7846662238771582, "7": -2.9582356542962134}, "datetime": {"datetime": "2021-06-30 04:03:15", "elapsed": 28176.615551, "delta": 37.817737}}
