{"target": 0.0031698010986778856, "params": {"0": -1.1665665791476845, "1": 2.2635393067220964, "2": -2.077686040809054, "3": -0.6937776549170884, "4": -2.468578915975652, "5": 2.633408102331874, "6": 2.9543574341492116, "7": 0.2039428638326628}, "datetime": {"datetime": "2021-06-30 00:11:07", "elapsed": 14160.177838, "delta": 24.632293}}
{"target": 0.004376495341570053, "params": {"0": 0.9595148012883992, "1": -0.9848084426536161, "2": 1.6109299163126263, "3": -2.1035554069902873, "4": -1.3436460996525799, "5": 2.2303840564978046, "6": -2.30914331143825, "7": 2.93143084187437}, "datetime": {"datetime": "2021-06-30 00:11:38", "elapsed": 14191.089772, "delta": 30.911934}}
{"target": 0.003154773499336844, "params": {"0": -0.12658300285583257, "1": 2.174781294643525, "2": 2.139267744903986, "3": -1.5443562934055188, "4": 1.4759917753017886, "5": 2.4615795235784628, "6": 1.8020939338787656, "7": 0.19792730781164636}, "datetime": {"datetime": "2021-06-30 00:12:14", "elapsed": 14227.471722, "delta": 36.38195}}
{"target": 0.011612983035042357, "params": {"0": -1.2768760760300542, "1": 2.7872421620722774, "2": 2.3276408794383894, "3": 1.5913158518070603, "4": 1.4229562278357486, "5": -2.48870816633465, "6": 0.7384206807587601, "7": 2.835356210316366}, "datetime": {"datetime": "2021-06-30 00:12:46", "elapsed": 14259.53962, "delta": 32.067898}}
{"target": 0.0032922565186533836, "params": {"0": 1.7562069094880055, "1": -1.342318621345994, "2": 2.173912085720337, "3": 2.8471475717765484, "4": -1.3716332236487117, "5": -1.4814200426355626, "6": 0.7505993151587314, "7": 2.4296866717303764}, "datetime": {"datetime": "2021-06-30 00:13:29", "elapsed": 14302.579398, "delta": 43.039778}}
{"target": 0.0047878908346765964, "params": {"0": 1.8225293232429625, "1": 2.1113821961029338, "2": -2.9888042444035086, "3": -0.44812599352107485, "4": 0.7015638888514815, "5": 1.2930843898930515, "6": -1.4739187547492871, "7": -0.65495844273994}, "datetime": {"datetime": "2021-06-30 00:14:02", "elapsed": 14335.408604, "delta": 32.829206}}
{"target": 0.006535864437295999, "params": {"0": 2.6834946559719413, "1": 0.8511295262945531, "2": 2.6084567898110294, "3": -2.820799014822538, "4": 0.7192583208372576, "5": -1.3472321724947764, "6": -1.0071331397193084, "7": -1.482430679672499}, "datetime": {"datetime": "2021-06-30 00:14:29", "elapsed": 14362.687208, "delta": 27.278604}}
{"target": 0.010073039888124646, "params": {"0": -1.252193722487295, "1": -0.4233545361146116, "2": 0.03931333655056868, "3": -2.8007818552859742, "4": -1.8872200406841761, "5": 2.869259453035422, "6": -0.16051629631472508, "7": 1.3991182234672603}, "datetime": {"datetime": "2021-06-30 00:15:34", "elapsed": 14427.437794, "delta": 64.750586}}
{"target": 0.00308890717493572, "params": {"0": 2.2601244024884366, "1": -1.1290885989439616, "2": -2.2783313571776365, "3": 2.2464575754161764, "4": 0.6599841158020343, "5": -0.8663628689167484, "6": 2.0597370257755916, "7": 2.6547284083406204}, "datetime": {"datetime": "2021-06-30 00:16:06", "elapsed": 14459.76371, "delta": 32.325916}}
{"target": 0.0034194403062463587, "params": {"0": -1.16031535007647, "1": -2.9958496779003205, "2": 1.9207526689063243, "3": 0.45509994779832086, "4": -2.621821448284819, "5": 2.7163252717031128, "6": 0.33991776340160085, "7": 2.9558514815792387}, "datetime": {"datetime": "2021-06-30 00:16:38", "elapsed": 14491.672635, "delta": 31.908925}}
{"target": 0.003581138729628461, "params": {"0": 0.7917732778521369, "1": -1.4855274535587286, "2": 0.509893980760098, "3": -1.705938130892361, "4": -0.008990189745640365, "5": 2.09472105510011, "6": 1.5101237679252284, "7": -1.7271179151005294}, "datetime": {"datetime": "2021-06-30 00:16:57", "elapsed": 14510.637784, "delta": 18.965149}}
{"target": 0.0031656983371765963, "params": {"0": -1.9400128430910935, "1": 2.3230792653993078, "2": 1.9305909391321148, "3": -2.899162392241433, "4": 1.2595312256295914, "5": -1.0056390869305, "6": -0.14160076117187792, "7": 0.0642845276122328}, "datetime": {"datetime": "2021-06-30 00:17:23", "elapsed": 14536.422227, "delta": 25.784443}}
{"target": 0.0037713316531890807, "params": {"0": 0.6171743333296424, "1": 2.552083216792848, "2": -1.0041229001145067, "3": -2.299694996400494, "4": 0.8329184313672711, "5": -2.284570568473571, "6": 1.5538157031912316, "7": -2.1051731347289016}, "datetime": {"datetime": "2021-06-30 00:17:55", "elapsed": 14568.837943, "delta": 32.415716}}
{"target": 0.0045061072204163055, "params": {"0": -0.6168657306193222, "1": 0.33994042933837676, "2": -0.12145391140726769, "3": -2.2167948231693746, "4": 1.4831168282640563, "5": 2.5204180594353005, "6": -2.753127328460515, "7": -1.4975448786435424}, "datetime": {"datetime": "2021-06-30 00:18:30", "elapsed": 14603.416587, "delta": 34.578644}}
{"target": 0.003138930015857689, "params": {"0": -2.8584785614514274, "1": 1.8251839824592837, "2": 1.004843273255224, "3": -0.9611761538656793, "4": 0.25799129805165233, "5": 2.415901981353981, "6": 0.42108936363887217, "7": -2.325750746015119}, "datetime": {"datetime": "2021-06-30 00:18:50", "elapsed": 14623.873254, "delta": 20.456667}}
{"target": 0.0028867273130135833, "params": {"0": 0.5947659815694397, "1": 2.455372935891633, "2": -1.286326656086062, "3": -2.6162959640806625, "4": 2.9418717452684753, "5": 0.36287337988497814, "6": 2.2843047841039335, "7": -0.6037992930916682}, "datetime": {"datetime": "2021-06-30 00:20:07", "elapsed": 14700.966944, "delta": 77.09369}}
{"target": 0.0030843063899866335, "params": {"0": -1.998217529172947, "1": 0.7068998488788139, "2": 0.9639680247028104, "3": 1.6729752414936376, "4": 1.8918673083305357, "5": -0.7270303788550789, "6": -0.46459431039229404, "7": -1.7505720756955736}, "datetime": {"datetime": "2021-06-30 00:20:33", "elapsed": 14726.290383, "delta": 25.323439}}
{"target": 0.0034942335573969925, "params": {"0": -1.8404715890058105, "1": -2.1802954620164887, "2": 1.5498897305797392, "3": -2.539957381766601, "4": -0.42632165197291894, "5": -1.6493921369513267, "6": 0.6353188022687486, "7": -2.8228232536589073}, "datetime": {"datetime": "2021-06-30 00:21:02", "elapsed": 14755.298058, "delta": 29.007675}}
{"target": 0.003350402931432224, "params": {"0": -0.7173812912258946, "1": -1.3094843937227831, "2": 2.454866472345917, "3": -1.641379704125636, "4": -0.3599230491410488, "5": 2.145718715490209, "6": -2.536261355421529, "7": -2.9129162170541854}, "datetime": {"datetime": "2021-06-30 00:21:25", "elapsed": 14778.308345, "delta": 23.010287}}
{"target": 0.0037297738696871656, "params": {"0": 0.8942823791369001, "1": -0.5301973673329083, "2": 2.0802193322593006, "3": -1.6702458621751388, "4": -0.10245934526029599, "5": -0.08887392577614772, "6": -1.2011316885349204, "7": 0.703168990509206}, "datetime": {"datetime": "2021-06-30 00:21:52", "elapsed": 14805.367324, "delta": 27.058979}}
{"target": 0.0035855601955356816, "params": {"0": -0.4879120471137819, "1": -1.4996792027553683, "2": 0.5179103703114762, "3": 0.9794008869379098, "4": -2.779459218514836, "5": -1.6170315872874408, "6": 1.6891435359487685, "7": 1.9460030201835696}, "datetime": {"datetime": "2021-06-30 00:22:17", "elapsed": 14830.684079, "delta": 25.316755}}
{"target": 0.0031903772211781404, "params": {"0": -0.5791421878000582, "1": -1.1855456698035556, "2": 0.9803733434683313, "3": -0.49525019843366724, "4": -2.821904988712836, "5": 0.9527778080777951, "6": 0.3442695272129779, "7": -0.23399922690756902}, "datetime": {"datetime": "2021-06-30 00:22:54", "elapsed": 14867.182978, "delta": 36.498899}}
{"target": 0.007229361686339321, "params": {"0": 0.770304475146701, "1": -1.0686919687091865, "2": 0.3308504390882874, "3": 1.6449660379440445, "4": 2.8431576142529362, "5": 0.09290611068052446, "6": 0.3496252496596357, "7": -0.9668865150667041}, "datetime": {"datetime": "2021-06-30 00:23:19", "elapsed": 14892.354818, "delta": 25.17184}}
{"target": 0.0028335797308733706, "params": {"0": 2.4205872818934093, "1": -1.7542602450503397, "2": -0.19915042823702223, "3": 2.697337718227182, "4": 2.4183645206117266, "5": 0.9469591663387815, "6": -1.0382177569225366, "7": -2.065129662551503}, "datetime": {"datetime": "2021-06-30 00:23:45", "elapsed": 14918.561906, "delta": 26.207088}}
{"target": 0.024447214715664252, "params": {"0": 1.164217910098734, "1": -0.3363943995659784, "2": 1.1424354077867234, "3": -0.8876227544578481, "4": 2.135243327094657, "5": -0.48767507134293764, "6": 2.502821227803249, "7": -0.9132185535153345}, "datetime": {"datetime": "2021-06-30 00:24:19", "elapsed": 14952.860535, "delta": 34.298629}}
{"target": 0.038289756965028045, "params": {"0": 2.1581452461099024, "1": 1.6163311799923177, "2": 2.641778897580423, "3": -2.368177501610377, "4": -0.8229794148298186, "5": -2.3580361095309015, "6": -0.6324826875594214, "7": 1.0199672094775956}, "datetime": {"datetime": "2021-06-30 00:24:50", "elapsed": 14983.415144, "delta": 30.554609}}
{"target": 0.0029475275405956305, "params": {"0": 1.501834524246406, "1": -2.357750142136231, "2": 2.2307276399726543, "3": 0.5381018182550505, "4": 2.980567168334078, "5": 0.8154336219193081, "6": -1.843504587659703, "7": 2.8858528719071606}, "datetime": {"datetime": "2021-06-30 00:25:22", "elapsed": 15015.131218, "delta": 31.716074}}
{"target": 0.00316091640463268, "params": {"0": -1.584390492041016, "1": 0.0701282634995053, "2": -2.8540833723291406, "3": -2.604418272178029, "4": 1.487293754420631, "5": 2.1311750376114835, "6": -0.024017740869737736, "7": 0.8769121191420188}, "datetime": {"datetime": "2021-06-30 00:25:54", "elapsed": 15047.932436, "delta": 32.801218}}
{"target": 0.0033116026391182044, "params": {"0": 1.7950159184397414, "1": -2.7120739436318533, "2": -2.0438564076626227, "3": 2.63360983882262, "4": 0.2024342398780954, "5": 1.0498042748194463, "6": -1.5206648671509357, "7": 1.5658957981425203}, "datetime": {"datetime": "2021-06-30 00:26:41", "elapsed": 15094.719966, "delta": 46.78753}}
{"target": 0.003190990208371896, "params": {"0": -0.28241636604501696, "1": -1.4453867390269877, "2": -1.4618996886764213, "3": -1.5611407326152573, "4": 1.4410259184995091, "5": 0.5361309680512876, "6": 2.6348122385808868, "7": -2.490222872800069}, "datetime": {"datetime": "2021-06-30 00:27:06", "elapsed": 15119.470444, "delta": 24.750478}}
{"target": 0.004304313284164646, "params": {"0": -2.0346595390671762, "1": -0.6654162155749486, "2": 0.11229207058578039, "3": -2.24646267869996, "4": -0.7496034186563891, "5": 1.9021154112917555, "6": -2.29595679822656, "7": -2.5287665212542567}, "datetime": {"datetime": "2021-06-30 00:27:53", "elapsed": 15167.006759, "delta": 47.536315}}
{"target": 0.003046532508333279, "params": {"0": 0.2921010148932437, "1": 0.008642074356152385, "2": -1.9451647596564863, "3": -1.834031738040718, "4": -0.20480298588059753, "5": -1.7136250696937514, "6": 0.022102945523320816, "7": -1.2923702486964608}, "datetime": {"datetime": "2021-06-30 00:28:20", "elapsed": 15193.657922, "delta": 26.651163}}
{"target": 0.0035531137658062675, "params": {"0": 1.9796838405669064, "1": 2.9283993480050334, "2": -0.6981354873031744, "3": 1.7569426619620465, "4": 1.5179768871842096, "5": -1.3438001741220953, "6": -2.2944861295556866, "7": 0.05500205967596239}, "datetime": {"datetime": "2021-06-30 00:28:44", "elapsed": 15217.473082, "delta": 23.81516}}
{"target": 0.003930314066231223, "params": {"0": -0.5105402226301035, "1": -1.4345646261260092, "2": 1.2361464463437208, "3": 1.363097285206976, "4": -1.334321149207858, "5": 0.8464077795329175, "6": 0.4227525139384296, "7": 2.2023398359761526}, "datetime": {"datetime": "2021-06-30 00:29:05", "elapsed": 15238.576396, "delta": 21.103314}}
{"target": 0.002993645194546892, "params": {"0": 1.396900825847875, "1": 0.4385289338535321, "2": 0.535936252131409, "3": 1.3360073105921648, "4": 0.9944134866114931, "5": -0.11482410112110131, "6": -2.425270200316686, "7": -1.1634873676156905}, "datetime": {"datetime": "2021-06-30 00:29:27", "elapsed": 15260.261727, "delta": 21.685331}}
{"target": 0.003048145368677102, "params": {"0": 1.8618680825914424, "1": 2.3533466729857144, "2": 0.6366964465892608, "3": -2.8635833750567223, "4": 0.1766722843311621, "5": 0.13955585038006912, "6": -0.8827234342958477, "7": -0.31455161347893057}, "datetime": {"datetime": "2021-06-30 00:29:53", "elapsed": 15286.264798, "delta": 26.003071}}
{"target": 0.004181982727411329, "params": {"0": 2.8098662691967, "1": -2.356267640992446, "2": 0.32264706935322485, "3": -0.23437462711581913, "4": -0.4450353587923548, "5": 0.4391195707695008, "6": -2.1423482977742987, "7": -0.14181313847232957}, "datetime": {"datetime": "2021-06-30 00:30:20", "elapsed": 15313.564807, "delta": 27.300009}}
{"target": 0.05713026249870077, "params": {"0": 2.380042607151319, "1": -2.834648800485102, "2": 2.6554438231595805, "3": -0.9586933276134069, "4": 2.5729547987969017, "5": -2.0603629139421376, "6": 1.2934610717757904, "7": 2.9062722266521916}, "datetime": {"datetime": "2021-06-30 00:31:10", "elapsed": 15363.96425, "delta": 50.399443}}
{"target": 0.003297345474251893, "params": {"0": 2.867827629899761, "1": -2.827330837750084, "2": -1.3930757282676525, "3": -2.2192586735201356, "4": -2.654937387297882, "5": 0.8869319655367631, "6": 0.6980917645843965, "7": 0.69930001302113}, "datetime": {"datetime": "2021-06-30 00:31:46", "elapsed": 15399.238929, "delta": 35.274679}}
{"target": 0.0036011074156440843, "params": {"0": -0.7336466851619177, "1": 0.9011794229343435, "2": 2.6617041859859336, "3": -2.510918941479388, "4": -1.348931690889288, "5": -1.2491140581329014, "6": -0.22156143005704187, "7": 2.9393640682097883}, "datetime": {"datetime": "2021-06-30 00:32:15", "elapsed": 15428.100313, "delta": 28.861384}}
{"target": 0.003706932154970601, "params": {"0": 1.217409871334688, "1": -2.920642187772269, "2": 2.0326805917914044, "3": 1.977102759974679, "4": 1.758903754561464, "5": 2.344375263152866, "6": -2.994901323013533, "7": -1.5515695668452587}, "datetime": {"datetime": "2021-06-30 00:32:41", "elapsed": 15455.004492, "delta": 26.904179}}
{"target": 0.0033735128661720546, "params": {"0": -0.3139419154628511, "1": -1.1135589783836755, "2": 1.595837365965533, "3": 2.249435738902055, "4": -2.2404948712581625, "5": 1.9825402544871205, "6": 1.9640459360135925, "7": -0.13306254166400633}, "datetime": {"datetime": "2021-06-30 00:33:13", "elapsed": 15486.133899, "delta": 31.129407}}
{"target": 0.005779707741262388, "params": {"0": -2.399358171621407, "1": 2.6076540922108, "2": 0.08327430582344242, "3": 1.9958462213072936, "4": -2.506290339644953, "5": -1.3379148744084515, "6": -0.7815670245852071, "7": 1.2370307076100877}, "datetime": {"datetime": "2021-06-30 00:33:31", "elapsed": 15505.016361, "delta": 18.882462}}
{"target": 0.003183593983658346, "params": {"0": 2.6782044666954015, "1": 1.0582811731859811, "2": -1.0658594072429595, "3": -0.7037956338608549, "4": -0.576226581448303, "5": 1.978054770201454, "6": 0.6380222265386637, "7": -1.9986016444295982}, "datetime": {"datetime": "2021-06-30 00:34:13", "elapsed": 15546.985585, "delta": 41.969224}}
{"target": 0.00301422160686572, "params": {"0": -0.12240245653704651, "1": 1.3888896261079413, "2": -2.611334461789235, "3": 1.9265531818381074, "4": 0.3193643192635647, "5": -1.09829149415577, "6": 2.2110107154753713, "7": -1.2468775857433638}, "datetime": {"datetime": "2021-06-30 00:34:32", "elapsed": 15565.796646, "delta": 18.811061}}
{"target": 0.0029687091358382637, "params": {"0": 0.39434988190721265, "1": 0.5518344023924762, "2": -2.7170056309220776, "3": -0.1925154314843711, "4": 2.170657648056996, "5": 2.717051886834337, "6": 1.0628577264376533, "7": -0.2820590813583532}, "datetime": {"datetime": "2021-06-30 00:35:00", "elapsed": 15593.126484, "delta": 27.329838}}
{"target": 0.0029214227937056805, "params": {"0": 2.3391284311380804, "1": -0.3421695038675163, "2": 2.1136268004925958, "3": -1.1091332884267022, "4": 2.257852881528186, "5": 1.06057641598116, "6": 1.5730021729436903, "7": 1.7624465328600865}, "datetime": {"datetime": "2021-06-30 00:35:19", "elapsed": 15612.513746, "delta": 19.387262}}
{"target": 0.005725442363133865, "params": {"0": 2.0577080468722535, "1": -0.8949634234276242, "2": 1.810748366033982, "3": 2.7406724193151293, "4": 0.881339550626846, "5": 1.9474442814541968, "6": 0.6297392918403562, "7": -1.2486551547755438}, "datetime": {"datetime": "2021-06-30 00:35:43", "elapsed": 15636.158374, "delta": 23.644628}}
{"target": 0.003336650765936866, "params": {"0": -1.8927722481482308, "1": 2.932754448859159, "2": -1.4564504814185109, "3": -2.016737655161248, "4": 0.7085488203145021, "5": -2.309805039735134, "6": -0.6852721938592499, "7": -0.4904310699436265}, "datetime": {"datetime": "2021-06-30 00:36:20", "elapsed": 15673.883665, "delta": 37.725291}}
{"target": 0.004589956663403618, "params": {"0": 2.905934992784026, "1": -1.7436375125186279, "2": -2.8407249822822154, "3": -0.1598547842279725, "4": -2.7972282429790245, "5": 2.174711299381582, "6": 1.566106439684459, "7": -2.0873192419726285}, "datetime": {"datetime": "2021-06-30 00:36:41", "elapsed": 15694.459652, "delta": 20.575987}}
{"target": 0.00389335493709353, "params": {"0": -0.4075224829616242, "1": 0.7856531270982785, "2": -1.3251047695705231, "3": -0.16880291838798334, "4": -0.7499639343578273, "5": -2.4053482737448224, "6": -0.9167825553304341, "7": 2.315273951995609}, "datetime": {"datetime": "2021-06-30 00:37:06", "elapsed": 15719.986927, "delta": 25.527275}}
{"target": 0.0038692896524840834, "params": {"0": 2.044665584552928, "1": 1.2345951680856588, "2": -1.4404477445683062, "3": -1.572538105446656, "4": -2.1977541719788567, "5": -0.23379377601634932, "6": -1.951608820409112, "7": -2.167307945655038}, "datetime": {"datetime": "2021-06-30 00:37:32", "elapsed": 15745.555964, "delta": 25.569037}}
{"target": 0.003277194768524285, "params": {"0": -0.3339933751994968, "1": -2.757797808457328, "2": 1.1524527663836306, "3": -2.6202538992176905, "4": -1.528058082565261, "5": 1.2786846263268545, "6": -1.5516075509439877, "7": -0.15617246145016228}, "datetime": {"datetime": "2021-06-30 00:37:51", "elapsed": 15764.4511, "delta": 18.895136}}
{"target": 0.0030064174068968946, "params": {"0": -0.7538447531637624, "1": -1.4886176426484055, "2": 2.9084213551961238, "3": -2.0409395644368287, "4": -1.4475876525576319, "5": 2.3080556059208703, "6": -0.4242101878362319, "7": -2.8663571032326276}, "datetime": {"datetime": "2021-06-30 00:38:21", "elapsed": 15794.886675, "delta": 30.435575}}
{"target": 0.00434593815700628, "params": {"0": -2.6027194417069768, "1": 1.8508787441157715, "2": 0.7278924487016885, "3": 2.4702935114065605, "4": -0.40044690368189606, "5": -2.8254442694557236, "6": -2.926150474186531, "7": -1.3432680298405009}, "datetime": {"datetime": "2021-06-30 00:38:51", "elapsed": 15824.316405, "delta": 29.42973}}
{"target": 0.008581245459625155, "params": {"0": -2.5093505466049706, "1": 0.659598606919352, "2": 0.9338378036862625, "3": -2.6909710987213624, "4": 1.0168177555854756, "5": -1.3537215319789446, "6": 0.004196127355848844, "7": -2.607664069836217}, "datetime": {"datetime": "2021-06-30 00:39:47", "elapsed": 15881.018195, "delta": 56.70179}}
{"target": 0.0032322417888815498, "params": {"0": 2.268598021412293, "1": -2.375901508684988, "2": 0.3260873673588849, "3": 0.6312920444034469, "4": 0.8805983366887089, "5": -1.1688169035491855, "6": 0.9324658370912262, "7": 2.5202151029731885}, "datetime": {"datetime": "2021-06-30 00:40:11", "elapsed": 15904.565624, "delta": 23.547429}}
{"target": 0.007552925112549165, "params": {"0": -0.07174752151272212, "1": 1.97067198938164, "2": 2.5519985401767586, "3": 0.06757993915610383, "4": -0.2929861717060209, "5": 0.6861135085582557, "6": -2.742705852700518, "7": -1.0137905319237859}, "datetime": {"datetime": "2021-06-30 00:40:49", "elapsed": 15942.62849, "delta": 38.062866}}
{"target": 0.009680007101643363, "params": {"0": -0.7607487070605123, "1": 1.5263878523956986, "2": -2.270338468238103, "3": -2.9823388666489317, "4": -1.6569841528096474, "5": 0.6785263392597773, "6": -2.8636916051668204, "7": 1.1636712877533526}, "datetime": {"datetime": "2021-06-30 00:41:20", "elapsed": 15973.050544, "delta": 30.422054}}
{"target": 0.0033159216340620996, "params": {"0": 1.7114359941346287, "1": -0.13971899543210942, "2": -1.4740969542053837, "3": -0.6700903433186642, "4": -0.3900276382536827, "5": -0.4424889176883937, "6": -0.5559100138723805, "7": 1.584302238709805}, "datetime": {"datetime": "2021-06-30 00:42:01", "elapsed": 16014.520512, "delta": 41.469968}}
{"target": 0.0038541361822818088, "params": {"0": -2.754022988326999, "1": -2.7925849538192162, "2": -1.493788683067768, "3": -1.0226846541860344, "4": 2.354535920263115, "5": -2.884794290851937, "6": -1.8735147765225384, "7": 1.5894431571492493}, "datetime": {"datetime": "2021-06-30 00:42:25", "elapsed": 16038.869978, "delta": 24.349466}}
{"target": 0.0571143181741116, "params": {"0": -0.17599261899216367, "1": -1.6905647793482532, "2": 2.02227418049569, "3": -2.267746207733751, "4": 1.3460512708551828, "5": -1.2635409451434958, "6": -2.553884523285524, "7": 1.954940512270496}, "datetime": {"datetime": "2021-06-30 00:42:48", "elapsed": 16061.715915, "delta": 22.845937}}
{"target": 0.0032506135632356485, "params": {"0": -0.25714098399104746, "1": -2.921708083923943, "2": -2.132531672506627, "3": 1.8706826479922114, "4": -2.1136968313927946, "5": 2.2402955642862974, "6": -2.230389860560069, "7": 1.8935179930655544}, "datetime": {"datetime": "2021-06-30 00:43:27", "elapsed": 16100.49388, "delta": 38.777965}}
{"target": 0.005186513896781096, "params": {"0": -1.364053362604241, "1": 0.9115184053252534, "2": -1.5556603545854006, "3": 0.19324216703785346, "4": 1.5300651759691384, "5": 2.6043731485834405, "6": 1.0949909255228825, "7": -1.4200592934677485}, "datetime": {"datetime": "2021-06-30 00:44:17", "elapsed": 16150.567204, "delta": 50.073324}}
