{"target": 0.0031848097313752753, "params": {"0": 2.9228408359173335, "1": -1.463486618348667, "2": 1.0024288273590312, "3": -1.6107703001158724, "4": 0.4115315081749005, "5": 0.1981459938469312, "6": -2.4942929029438625, "7": -2.2984695008114775}, "datetime": {"datetime": "2021-06-29 21:18:12", "elapsed": 3872.706616, "delta": 8.217448}}
{"target": 0.004109995621522084, "params": {"0": 1.9541228180115464, "1": -0.08699035948959555, "2": -0.9746414895238242, "3": -1.2260238990316106, "4": 0.8577541112482434, "5": -1.8714615942922297, "6": 0.7567542377319949, "7": -0.8606225211077341}, "datetime": {"datetime": "2021-06-29 21:18:19", "elapsed": 3880.143875, "delta": 7.437259}}
{"target": 0.0029373136519250244, "params": {"0": -2.7488137847455025, "1": 0.83652930399548, "2": 0.21909004126457754, "3": -0.007874881719812876, "4": -0.0988904536769919, "5": 2.807234886237004, "6": 0.04648990299289402, "7": 2.6876031969135754}, "datetime": {"datetime": "2021-06-29 21:18:30", "elapsed": 3891.235914, "delta": 11.092039}}
{"target": 0.003089836087330552, "params": {"0": 1.4553017569919309, "1": 1.5523404438560764, "2": -1.210804200074261, "3": -2.6676714796590817, "4": -0.6510342204675608, "5": 2.080495481273303, "6": -0.21535481097703535, "7": -1.9801516874748513}, "datetime": {"datetime": "2021-06-29 21:18:41", "elapsed": 3902.498576, "delta": 11.262662}}
{"target": 0.003355412895581062, "params": {"0": 0.05186532820970502, "1": 2.2320359787086215, "2": -2.7016572715460665, "3": 2.6624479314174447, "4": 0.02325264683055117, "5": -1.5591425806357708, "6": 0.7853514379480808, "7": 0.7313013853367529}, "datetime": {"datetime": "2021-06-29 21:18:58", "elapsed": 3919.314406, "delta": 16.81583}}
{"target": 0.0037204058874979852, "params": {"0": -1.5647451433843256, "1": -0.4128437492094319, "2": -0.7720216948395935, "3": -1.8692123330017165, "4": 1.0212291315690027, "5": -1.2586111660344836, "6": 2.466658665605575, "7": 2.232045663970264}, "datetime": {"datetime": "2021-06-29 21:19:22", "elapsed": 3942.575343, "delta": 23.260937}}
{"target": 0.006834318537138614, "params": {"0": 0.42627358421368555, "1": 0.087257753289252, "2": -0.177205536646599, "3": -1.2956376396851819, "4": -0.6801477996976946, "5": 0.43137114921455844, "6": 2.007131809005262, "7": -1.8856483457397637}, "datetime": {"datetime": "2021-06-29 21:19:33", "elapsed": 3954.484119, "delta": 11.908776}}
{"target": 0.004437068283711826, "params": {"0": 1.988396896519439, "1": -0.47168824471404536, "2": -1.2934718244725856, "3": -0.9620974574643082, "4": 1.545980308085313, "5": -2.6953155092591805, "6": 0.36952596149932626, "7": -0.6557694755212338}, "datetime": {"datetime": "2021-06-29 21:19:48", "elapsed": 3969.050409, "delta": 14.56629}}
{"target": 0.009766453162111454, "params": {"0": 1.4121259988137211, "1": 1.7119862801090013, "2": -0.34396386968037174, "3": -2.163725243039052, "4": 0.14289417784729563, "5": 0.42248170801149154, "6": 2.7207031030585096, "7": 0.5443151937600734}, "datetime": {"datetime": "2021-06-29 21:20:06", "elapsed": 3986.620717, "delta": 17.570308}}
{"target": 0.0038144603750552117, "params": {"0": 0.7822326896317078, "1": 1.8423749558507252, "2": -2.7781450104936374, "3": -0.8429148982558043, "4": 0.781047398519557, "5": -0.8776012639548534, "6": -2.1028608318528925, "7": 2.448140364012194}, "datetime": {"datetime": "2021-06-29 21:20:17", "elapsed": 3997.649672, "delta": 11.028955}}
{"target": 0.009150249048093327, "params": {"0": 1.4434300818003507, "1": -1.602891231581227, "2": 0.5402207334667155, "3": -1.199099440564458, "4": 0.930492095424404, "5": -2.532727473680179, "6": 1.5925782689185732, "7": -0.15127926584191487}, "datetime": {"datetime": "2021-06-29 21:20:41", "elapsed": 4022.304894, "delta": 24.655222}}
{"target": 0.003548911986032859, "params": {"0": 1.6083429818801012, "1": 0.7742583166141479, "2": 0.7120833524247199, "3": -2.293658664729792, "4": 2.4869833685621714, "5": -2.2905682972650325, "6": 0.2735257111401954, "7": 0.3722663407725868}, "datetime": {"datetime": "2021-06-29 21:20:58", "elapsed": 4039.439726, "delta": 17.134832}}
{"target": 0.0031745439353537235, "params": {"0": 1.8631568516024775, "1": 2.6811483156396276, "2": 2.8324986585095786, "3": -0.3853159993951243, "4": 0.16439226945668572, "5": 0.5247729894510069, "6": 0.8466936074144007, "7": -1.1448065691452636}, "datetime": {"datetime": "2021-06-29 21:21:13", "elapsed": 4054.437449, "delta": 14.997723}}
{"target": 0.0029323819044137192, "params": {"0": 0.5432683537889571, "1": 0.15756507624201532, "2": 2.0935328057248563, "3": -2.9784293496185796, "4": 2.1148533979086483, "5": 2.482928208931085, "6": 2.0129644850062505, "7": 1.9617220485534625}, "datetime": {"datetime": "2021-06-29 21:21:27", "elapsed": 4068.084621, "delta": 13.647172}}
{"target": 0.0033172374189653865, "params": {"0": -2.2096020558388596, "1": 0.8755879725348299, "2": 2.819912710731505, "3": -0.6140658821457841, "4": 1.2729781267926388, "5": -0.5698593110214047, "6": -2.9799854954130485, "7": 2.9264809290669263}, "datetime": {"datetime": "2021-06-29 21:21:37", "elapsed": 4078.14688, "delta": 10.062259}}
{"target": 0.0035949405368993505, "params": {"0": -2.5006799734788085, "1": 0.9480881154290364, "2": 1.835173709659463, "3": -0.34718749386532854, "4": -1.3512774094409716, "5": -2.9712671574171594, "6": 0.3816308304813987, "7": 1.6010988827974124}, "datetime": {"datetime": "2021-06-29 21:22:04", "elapsed": 4105.130847, "delta": 26.983967}}
{"target": 0.0039724018531118324, "params": {"0": -0.18562278823078238, "1": 0.7300077013217106, "2": -0.09083881284077266, "3": -0.04207031263689087, "4": -2.7214408960656873, "5": -0.2914290779377362, "6": -2.1375818477553956, "7": 2.259002394120299}, "datetime": {"datetime": "2021-06-29 21:22:16", "elapsed": 4116.75386, "delta": 11.623013}}
{"target": 0.004034755744249221, "params": {"0": -1.8226316846205977, "1": 0.4585555370327068, "2": 0.8219786821606814, "3": -1.9771662921258641, "4": -1.087742914229746, "5": -0.1977299820062024, "6": 2.267706659968294, "7": -0.09916977961018647}, "datetime": {"datetime": "2021-06-29 21:22:26", "elapsed": 4127.42378, "delta": 10.66992}}
{"target": 0.0034608794119400416, "params": {"0": 2.4135178752758186, "1": -2.903623607677126, "2": -0.5460733722450684, "3": 0.6804022533994387, "4": -0.9498223885732866, "5": 0.7416816563315707, "6": -2.352004941802991, "7": 0.9115985831520965}, "datetime": {"datetime": "2021-06-29 21:22:35", "elapsed": 4135.553958, "delta": 8.130178}}
{"target": 0.00388659421645178, "params": {"0": 1.6137425438256443, "1": -0.9414746737076563, "2": -0.5214705111998255, "3": -1.7587263538005886, "4": -0.11852096327490758, "5": 0.7269110884091026, "6": 2.410523009176827, "7": -1.9937665636985153}, "datetime": {"datetime": "2021-06-29 21:22:46", "elapsed": 4147.441424, "delta": 11.887466}}
{"target": 0.00435591326256161, "params": {"0": -1.4495135773497567, "1": -2.6656940800583393, "2": -0.10141213712524566, "3": -0.18603505362058703, "4": 2.3293082856598533, "5": -0.95815523213995, "6": 2.9192984051385853, "7": -0.3770423596792907}, "datetime": {"datetime": "2021-06-29 21:23:00", "elapsed": 4160.666888, "delta": 13.225464}}
{"target": 0.006003873355031162, "params": {"0": 1.6764898940653916, "1": 2.685480240947678, "2": -1.115736298417754, "3": -2.4671709984824326, "4": 0.6181842262030539, "5": -0.5025684437355968, "6": 2.2061374877616995, "7": -0.39194078232365825}, "datetime": {"datetime": "2021-06-29 21:23:20", "elapsed": 4181.40805, "delta": 20.741162}}
{"target": 0.40285300410474933, "params": {"0": 0.5651994080686058, "1": 1.57055433077924, "2": 1.468074254847063, "3": -1.9883959137133804, "4": 0.21019991368978808, "5": 1.090985772175224, "6": -0.5758430513966535, "7": -2.198980859063031}, "datetime": {"datetime": "2021-06-29 21:23:37", "elapsed": 4198.49969, "delta": 17.09164}}
{"target": 0.012338882448292284, "params": {"0": 1.1408344820892156, "1": 0.529321058225027, "2": -0.5636025680747307, "3": -0.28870750606821094, "4": 0.6285241125495302, "5": -0.2923151683102425, "6": -1.073419736280802, "7": -2.3499237675117963}, "datetime": {"datetime": "2021-06-29 21:23:51", "elapsed": 4212.14779, "delta": 13.6481}}
{"target": 0.007779092900249976, "params": {"0": -1.8904373272340693, "1": -0.45332717218307383, "2": -0.5564375655862728, "3": -1.8028873630336886, "4": 0.8963535081108835, "5": -0.5954376456132913, "6": 1.7686090456818313, "7": 2.132660271111078}, "datetime": {"datetime": "2021-06-29 21:24:27", "elapsed": 4248.376635, "delta": 36.228845}}
{"target": 0.04106214474896244, "params": {"0": 1.0614618833876737, "1": -1.1474067688302891, "2": 0.15575676957141837, "3": -2.728658109954904, "4": 0.4982418217445619, "5": -2.7418972082338344, "6": 1.8054493058487964, "7": 0.6137023810968252}, "datetime": {"datetime": "2021-06-29 21:24:48", "elapsed": 4268.888928, "delta": 20.512293}}
{"target": 0.006977967960534087, "params": {"0": 0.0013504882387995742, "1": 0.12730016017039336, "2": -1.0163479727936962, "3": 0.4974028973471558, "4": -2.870701772226286, "5": 2.338558798545659, "6": 1.0443204472327894, "7": 1.8160233960442733}, "datetime": {"datetime": "2021-06-29 21:25:00", "elapsed": 4281.255116, "delta": 12.366188}}
{"target": 0.00297563768061315, "params": {"0": 2.201086604775311, "1": 2.0574325530366613, "2": 1.2149946825232636, "3": 0.47962054952764976, "4": 2.133093420722995, "5": 0.15346338530896997, "6": -2.2561194285355577, "7": -0.7609419446781285}, "datetime": {"datetime": "2021-06-29 21:25:09", "elapsed": 4289.903479, "delta": 8.648363}}
{"target": 0.003253186582548642, "params": {"0": -0.3568204835469295, "1": -2.9328741577854114, "2": -0.45072670433430684, "3": 2.894654280120892, "4": -2.4017158484726835, "5": 1.0906407502719961, "6": -2.5942182290622426, "7": 2.227319768431272}, "datetime": {"datetime": "2021-06-29 21:25:19", "elapsed": 4299.843658, "delta": 9.940179}}
{"target": 0.003389504511641622, "params": {"0": 2.099356765307789, "1": -2.286891044264367, "2": -1.0703592718792414, "3": 1.6132363488667298, "4": -1.1485594137181894, "5": -0.7089247142016557, "6": -0.10021424783575039, "7": -1.0352022051547447}, "datetime": {"datetime": "2021-06-29 21:25:33", "elapsed": 4314.082506, "delta": 14.238848}}
{"target": 0.00378443343392444, "params": {"0": 2.5214785384160745, "1": -1.138224200076849, "2": 0.9214715816529861, "3": -1.5102392293632714, "4": -0.3611088094767938, "5": 2.396586900431733, "6": -0.24887893431517272, "7": -2.1194310969709997}, "datetime": {"datetime": "2021-06-29 21:25:42", "elapsed": 4322.684752, "delta": 8.602246}}
{"target": 0.0037076647517721197, "params": {"0": 1.4387732136912872, "1": -1.8355819462127485, "2": 1.0836292258875222, "3": -2.1987057043076863, "4": 0.7817926322918085, "5": -0.30460067089484966, "6": 2.1730765440976825, "7": -2.2884208395194383}, "datetime": {"datetime": "2021-06-29 21:25:57", "elapsed": 4338.041236, "delta": 15.356484}}
{"target": 0.004154072408013116, "params": {"0": 2.5831580647386048, "1": 2.168351649545011, "2": 0.1523884442165473, "3": -2.014706170967865, "4": -1.5639040848179808, "5": -1.1401956349667102, "6": 1.9815473132479617, "7": -0.19399467079137445}, "datetime": {"datetime": "2021-06-29 21:26:15", "elapsed": 4355.792462, "delta": 17.751226}}
{"target": 0.005831687042910005, "params": {"0": 1.5710314261364005, "1": -1.650624947816241, "2": -0.5973577230730762, "3": -1.4402439864405938, "4": 1.2875293978463755, "5": -2.5844698211222843, "6": 0.8482855188559459, "7": -0.7583741277868166}, "datetime": {"datetime": "2021-06-29 21:26:32", "elapsed": 4373.094803, "delta": 17.302341}}
{"target": 0.0031493232483111333, "params": {"0": -2.0571302888960528, "1": -2.957313216984572, "2": -0.6844574266260288, "3": -1.5159840238062277, "4": -1.877851063870501, "5": 2.689582042762102, "6": 0.39859502485927667, "7": 0.8776352263848537}, "datetime": {"datetime": "2021-06-29 21:26:41", "elapsed": 4381.555585, "delta": 8.460782}}
{"target": 0.003974495525218901, "params": {"0": 2.015797540631075, "1": -1.015005492771677, "2": -1.3015291558865996, "3": -2.626208891663241, "4": 1.157407825895005, "5": -2.8744298732411817, "6": 0.49295833427642144, "7": 0.43017924368817395}, "datetime": {"datetime": "2021-06-29 21:26:57", "elapsed": 4397.65853, "delta": 16.102945}}
{"target": 0.09113085724458908, "params": {"0": 2.0598965139906467, "1": -2.317882388716599, "2": 2.0647581449086063, "3": -2.840226814061056, "4": 1.2435567317826397, "5": -0.7163221349005218, "6": -0.9349267606168388, "7": -1.848479635691145}, "datetime": {"datetime": "2021-06-29 21:27:23", "elapsed": 4424.317194, "delta": 26.658664}}
{"target": 0.012987107536079977, "params": {"0": 0.9432997441940336, "1": -1.5937393709266365, "2": 0.402448359138845, "3": -1.6677702047872698, "4": 0.5145658778975704, "5": -2.626997553623732, "6": 0.9846828065127169, "7": 0.5494210992418385}, "datetime": {"datetime": "2021-06-29 21:27:43", "elapsed": 4444.141845, "delta": 19.824651}}
{"target": 0.0031013926433095047, "params": {"0": 0.9148004606928382, "1": 2.1608645930329518, "2": -1.4874427077454988, "3": -1.524698081769616, "4": -1.3527292048976371, "5": 0.2148056068807982, "6": 2.5642990110554917, "7": -0.8823598793208856}, "datetime": {"datetime": "2021-06-29 21:27:57", "elapsed": 4458.171166, "delta": 14.029321}}
{"target": 0.0046567251888201475, "params": {"0": 1.5249183618720101, "1": 1.6395399415823224, "2": 0.8910638428588378, "3": -1.9300868595392997, "4": 1.9883128803414074, "5": -2.232225066436815, "6": -0.25655390887788077, "7": -0.02712990773136692}, "datetime": {"datetime": "2021-06-29 21:28:21", "elapsed": 4482.12003, "delta": 23.948864}}
{"target": 0.02086164392783417, "params": {"0": 0.41210770372118155, "1": -0.38994049134756814, "2": -1.0756208918723296, "3": -2.9616629091648403, "4": 1.4923028204140136, "5": 0.021016130586154702, "6": 1.1316351009699002, "7": 0.45566580782881605}, "datetime": {"datetime": "2021-06-29 21:28:39", "elapsed": 4499.797212, "delta": 17.677182}}
{"target": 0.003093997623386162, "params": {"0": 2.1076992920516835, "1": 2.461034179062289, "2": 2.2717765544014714, "3": 2.632308195672339, "4": -0.995213480997637, "5": 0.24998856787739943, "6": -2.673742920892499, "7": 2.217780345559734}, "datetime": {"datetime": "2021-06-29 21:28:49", "elapsed": 4510.368035, "delta": 10.570823}}
{"target": 0.004029363385915269, "params": {"0": 2.3560537156152215, "1": -1.138239376961851, "2": -0.6462936163958108, "3": -2.533050632894219, "4": 0.8419689528164822, "5": -2.1580791014571696, "6": 1.4995664494463803, "7": -0.24863838464686294}, "datetime": {"datetime": "2021-06-29 21:29:02", "elapsed": 4523.11007, "delta": 12.742035}}
{"target": 0.0035925542242892412, "params": {"0": 0.8055116764680532, "1": -1.0225626283344251, "2": 0.16665256479840362, "3": -2.424298095532811, "4": 0.5755736339599098, "5": -1.714161437126282, "6": 1.6803913757493998, "7": 0.6093455448559117}, "datetime": {"datetime": "2021-06-29 21:29:19", "elapsed": 4539.524221, "delta": 16.414151}}
{"target": 0.0030054767890041584, "params": {"0": -2.471033156374303, "1": 2.1040930606272044, "2": 2.9560483178741555, "3": 1.656034219087398, "4": 2.6823287311039596, "5": -1.4181444531704337, "6": 2.697854100258753, "7": 0.41162055127723063}, "datetime": {"datetime": "2021-06-29 21:29:31", "elapsed": 4552.002536, "delta": 12.478315}}
{"target": 0.31427684199794637, "params": {"0": 1.538568211653935, "1": 2.476246472769276, "2": -1.079303483903656, "3": -2.3220958051862928, "4": -0.800329592159883, "5": 0.3807549336155027, "6": 2.245341318890892, "7": -1.3379476822925116}, "datetime": {"datetime": "2021-06-29 21:29:48", "elapsed": 4569.409698, "delta": 17.407162}}
{"target": 0.003331600016435065, "params": {"0": 1.6816216197766405, "1": 1.75491875887184, "2": -1.499946164610072, "3": -2.5647664374453694, "4": 0.9901981158531976, "5": -0.3401700035322479, "6": 1.2818718598936831, "7": -0.2826565081400263}, "datetime": {"datetime": "2021-06-29 21:30:07", "elapsed": 4588.501923, "delta": 19.092225}}
{"target": 0.003350706426098828, "params": {"0": 0.7368029965167748, "1": -2.9298687255503246, "2": 0.7188678251316452, "3": -1.4946894611626618, "4": 2.121498861585133, "5": -1.7459450049193794, "6": 2.550026054275132, "7": -0.9185015828446259}, "datetime": {"datetime": "2021-06-29 21:30:20", "elapsed": 4601.140653, "delta": 12.63873}}
{"target": 0.003464709207637513, "params": {"0": -2.2764828597556126, "1": -0.5855163230936888, "2": -1.275247603884988, "3": -1.666564685651183, "4": 0.708265282045105, "5": -1.2630273500369447, "6": 2.434226920104603, "7": 1.8118646915608796}, "datetime": {"datetime": "2021-06-29 21:30:34", "elapsed": 4614.707754, "delta": 13.567101}}
{"target": 0.0030921635099762372, "params": {"0": -1.0253837594356763, "1": -2.571308012836381, "2": -0.15980446781084634, "3": -2.155153607109914, "4": 2.284926910971776, "5": 1.0477092486849582, "6": -2.92350694431041, "7": -0.8966445678308843}, "datetime": {"datetime": "2021-06-29 21:30:49", "elapsed": 4629.745195, "delta": 15.037441}}
{"target": 0.06265511505367638, "params": {"0": 2.398103252082773, "1": -0.4963326421262, "2": -0.8401420368380572, "3": -1.073391124508947, "4": 2.772286162588532, "5": -2.9131471846388077, "6": 0.8805167528638171, "7": -0.7402933809131236}, "datetime": {"datetime": "2021-06-29 21:31:06", "elapsed": 4647.027503, "delta": 17.282308}}
{"target": 0.00298313838468176, "params": {"0": -0.5809372305368878, "1": 0.5709640504633002, "2": 1.740800094631478, "3": -0.919658107161685, "4": 2.663425677647412, "5": 2.759336152801321, "6": -2.360793266174448, "7": -2.7839574157642355}, "datetime": {"datetime": "2021-06-29 21:31:26", "elapsed": 4667.281439, "delta": 20.253936}}
{"target": 0.003108015291895278, "params": {"0": 1.5457514570810513, "1": 0.9190227940927267, "2": 2.4075847652418583, "3": 2.6188205453696476, "4": -1.467204703275981, "5": -2.3759234737436508, "6": -1.757657923063466, "7": 1.6029714944199416}, "datetime": {"datetime": "2021-06-29 21:31:43", "elapsed": 4683.764065, "delta": 16.482626}}
{"target": 0.8158195449831838, "params": {"0": 1.1733786473598968, "1": -1.2452450416568064, "2": -1.3212682765688197, "3": -1.5728698167016393, "4": 0.9005124603259871, "5": -2.480720674629589, "6": 1.447466616086218, "7": 0.04195786697502868}, "datetime": {"datetime": "2021-06-29 21:32:04", "elapsed": 4704.585764, "delta": 20.821699}}
{"target": 0.002875774426685336, "params": {"0": -2.3649026136238507, "1": 1.457924089619918, "2": 2.5557913363948943, "3": 2.3905934404475584, "4": 2.6608615080903615, "5": 1.005954641796265, "6": -2.9811511586928736, "7": -0.7032075506528974}, "datetime": {"datetime": "2021-06-29 21:32:15", "elapsed": 4716.259875, "delta": 11.674111}}
{"target": 0.0031028956309339015, "params": {"0": -2.708076985145729, "1": 1.4853558205082873, "2": 0.5455038620448569, "3": -0.4933947806206085, "4": 1.1421844466573416, "5": 1.7056452658880925, "6": -1.466302257196492, "7": 2.2636365354065164}, "datetime": {"datetime": "2021-06-29 21:32:24", "elapsed": 4725.411205, "delta": 9.15133}}
{"target": 0.00464703544109175, "params": {"0": 1.2100735741588275, "1": -0.40729165533231626, "2": -1.6803309789532894, "3": -2.863464458044172, "4": 1.1566460430402126, "5": -2.6200776629071276, "6": 1.081604066343747, "7": 1.3561374896248246}, "datetime": {"datetime": "2021-06-29 21:32:59", "elapsed": 4759.966471, "delta": 34.555266}}
{"target": 0.0037615919692423564, "params": {"0": 1.4321453151008594, "1": 2.7468011537870085, "2": -0.6643120763277857, "3": -2.262611997269352, "4": 0.32981436975802225, "5": 0.14066061054944257, "6": 2.6134064128034673, "7": -1.0472570364187372}, "datetime": {"datetime": "2021-06-29 21:33:17", "elapsed": 4777.96161, "delta": 17.995139}}
{"target": 0.008105899901616401, "params": {"0": 1.2166686892783138, "1": -1.7796271165903124, "2": 0.563292485790515, "3": -2.4846888729096133, "4": 0.5303300943472458, "5": -0.7995123018319417, "6": 1.410482385141587, "7": -1.27481855436235}, "datetime": {"datetime": "2021-06-29 21:33:32", "elapsed": 4793.100133, "delta": 15.138523}}
{"target": 0.006253748374936105, "params": {"0": 1.6909160416448241, "1": -1.3883071679710357, "2": -0.9669425230995516, "3": -1.2673396954569585, "4": 0.4976537005035371, "5": -2.2827232463609772, "6": 1.5520260628610716, "7": -0.5273164307549267}, "datetime": {"datetime": "2021-06-29 21:33:50", "elapsed": 4810.742399, "delta": 17.642266}}
{"target": 0.0029744235515228477, "params": {"0": 2.214257398732041, "1": 0.9806850044532274, "2": 2.5410345949095596, "3": 0.4825581836412325, "4": -1.3998477641894433, "5": -1.5427006521702424, "6": -0.3043294714040723, "7": -0.2401414167150211}, "datetime": {"datetime": "2021-06-29 21:33:57", "elapsed": 4818.144513, "delta": 7.402114}}
{"target": 0.00507555761175894, "params": {"0": 1.043885517995558, "1": 2.0087485281466346, "2": -1.3019078954646326, "3": -1.3842192338549641, "4": -0.4587243194646229, "5": -0.7205697226754437, "6": 1.7148498921480542, "7": -1.0786652273659036}, "datetime": {"datetime": "2021-06-29 21:34:16", "elapsed": 4836.936684, "delta": 18.792171}}
{"target": 0.0040758742738301575, "params": {"0": 1.3554313192332739, "1": 1.1700296859926187, "2": 0.976300404275666, "3": -2.8022636468585436, "4": 0.9873631794747801, "5": -2.1088843388784637, "6": -0.25729477954982816, "7": 0.3865208227848713}, "datetime": {"datetime": "2021-06-29 21:34:31", "elapsed": 4851.541854, "delta": 14.60517}}
{"target": 0.0052109116204073274, "params": {"0": 1.0460067656527592, "1": 0.2581147387127789, "2": 1.0606839609865428, "3": -2.44032682306367, "4": 1.3182312585867706, "5": -1.7726019834776334, "6": -0.19680059067875444, "7": -0.1076138144180181}, "datetime": {"datetime": "2021-06-29 21:34:45", "elapsed": 4866.046879, "delta": 14.505025}}
