{"target": 0.003076972445119773, "params": {"0": 0.44253010531504344, "1": -2.6641247991316783, "2": 1.1462459975400048, "3": -1.7975991866162622, "4": -0.9026390306793655, "5": 2.244406380924609, "6": -2.281438872603082, "7": 1.931305773227173}, "datetime": {"datetime": "2021-06-29 20:18:56", "elapsed": 229.177289, "delta": 2.44217}}
{"target": 0.0030893952031789706, "params": {"0": 0.7258826118061297, "1": -2.682498351921053, "2": 1.3964186529438827, "3": -2.396176681133875, "4": -0.4992294009796048, "5": 1.8927008961777112, "6": -2.519667040739888, "7": 0.10131238153509603}, "datetime": {"datetime": "2021-06-29 20:19:00", "elapsed": 232.506832, "delta": 3.329543}}
{"target": 0.003532936781103445, "params": {"0": -0.43293464016186434, "1": 0.8912541996592003, "2": -1.2510246266223082, "3": 1.0455100475057524, "4": -1.6494804059340944, "5": 1.6705991376787468, "6": -2.963091833809906, "7": 0.7665491400038529}, "datetime": {"datetime": "2021-06-29 20:19:02", "elapsed": 235.032766, "delta": 2.525934}}
{"target": 0.003148151730623507, "params": {"0": -0.44042295419592126, "1": 0.3469589165998732, "2": -2.9079874908875043, "3": -0.10767875073864497, "4": -2.2144809467990716, "5": 2.1990135702818883, "6": -1.1915494655874674, "7": -1.678750377030363}, "datetime": {"datetime": "2021-06-29 20:19:05", "elapsed": 237.533132, "delta": 2.500366}}
{"target": 0.0032885577211938795, "params": {"0": -1.4228825739532303, "1": 1.9697796392971592, "2": 1.6200008539214945, "3": 0.6533686762045252, "4": -1.7950612958654928, "5": -2.6024210267878947, "6": 2.233706261864227, "7": 0.9469085842697522}, "datetime": {"datetime": "2021-06-29 20:19:08", "elapsed": 240.332106, "delta": 2.798974}}
{"target": 0.00417037066834419, "params": {"0": -0.04377150633235516, "1": -2.973593949298442, "2": 1.1814726655898689, "3": -2.2521590790568498, "4": 0.8368910749017453, "5": 1.451043623305429, "6": -1.9500400114496392, "7": 0.057304558665177474}, "datetime": {"datetime": "2021-06-29 20:19:11", "elapsed": 243.860886, "delta": 3.52878}}
{"target": 0.0036608861389193837, "params": {"0": -1.6597325408949903, "1": -0.9588764963180276, "2": -2.126083839161465, "3": -2.573139434559351, "4": 0.0025600096187554655, "5": 0.15835320848293888, "6": 1.5846279128419694, "7": -2.40767958446011}, "datetime": {"datetime": "2021-06-29 20:19:13", "elapsed": 245.981005, "delta": 2.120119}}
{"target": 0.0036345348578738805, "params": {"0": -2.2788991351607746, "1": 2.5032865748626643, "2": 1.6718928391002832, "3": -2.6788841322458894, "4": 0.3997940234442634, "5": -2.2604330549462524, "6": -1.7207564947108231, "7": -2.677864273846758}, "datetime": {"datetime": "2021-06-29 20:19:15", "elapsed": 247.953214, "delta": 1.972209}}
{"target": 0.0030695643659172226, "params": {"0": 0.7141621825668771, "1": -2.917301181563112, "2": 2.7932620009942823, "3": -2.157118644208002, "4": -1.0239630092316614, "5": 0.7058209301348546, "6": -2.2383376811972715, "7": 1.860448002570883}, "datetime": {"datetime": "2021-06-29 20:19:19", "elapsed": 251.809065, "delta": 3.855851}}
{"target": 0.002959689724065211, "params": {"0": -1.3003918317051275, "1": 0.34982032985021494, "2": 1.7663350610401576, "3": -0.9145904996906751, "4": 2.114368566809504, "5": -2.0236950308567514, "6": 1.7151796508384276, "7": -1.1548332020279024}, "datetime": {"datetime": "2021-06-29 20:19:22", "elapsed": 254.677377, "delta": 2.868312}}
{"target": 0.0035487401339979237, "params": {"0": 1.1382364539862824, "1": -2.8058628108945225, "2": 0.5680890367278222, "3": -2.9316422124713606, "4": 1.3074650326716402, "5": -1.5214763200717734, "6": 2.1007814661859685, "7": -0.606859949398399}, "datetime": {"datetime": "2021-06-29 20:19:24", "elapsed": 257.030311, "delta": 2.352934}}
{"target": 0.0032500644622122012, "params": {"0": 1.5626474542423097, "1": -0.24605510696043442, "2": 1.0788813420394856, "3": 1.6954677002130065, "4": -2.014642973468428, "5": 2.540220899491482, "6": 2.708984228562703, "7": 0.03757829807973856}, "datetime": {"datetime": "2021-06-29 20:19:26", "elapsed": 258.99462, "delta": 1.964309}}
{"target": 0.004250738498207906, "params": {"0": -1.5615784185637704, "1": -0.22180276046274905, "2": 0.8843046391810674, "3": -1.7846893794943577, "4": -0.5425422677760681, "5": 2.50248687748668, "6": 1.13848434730538, "7": -1.4809855279669788}, "datetime": {"datetime": "2021-06-29 20:19:28", "elapsed": 260.662309, "delta": 1.667689}}
{"target": 0.004496293473050103, "params": {"0": -0.11236096834987208, "1": -2.954534623004397, "2": 0.9000107744443016, "3": -1.4350357026517855, "4": 0.008938280438609336, "5": 0.6821486526851412, "6": -2.4235909007667296, "7": 1.290860028964956}, "datetime": {"datetime": "2021-06-29 20:19:30", "elapsed": 263.0302, "delta": 2.367891}}
{"target": 0.004096338005045561, "params": {"0": -0.3141377652004369, "1": -2.991630725279147, "2": 0.5242366064952573, "3": -2.043524932408925, "4": -1.00194956261802, "5": 0.1652822813233965, "6": -2.132619992746533, "7": 0.8872464380118306}, "datetime": {"datetime": "2021-06-29 20:19:34", "elapsed": 266.833814, "delta": 3.803614}}
{"target": 0.0038781077371560107, "params": {"0": -0.6085225421136737, "1": 1.533291357080663, "2": -0.9654638596042879, "3": 1.0218065033971406, "4": -2.3907220414650476, "5": 2.5550550453425256, "6": -2.6316833545109644, "7": 0.9438300388134069}, "datetime": {"datetime": "2021-06-29 20:19:36", "elapsed": 268.563213, "delta": 1.729399}}
{"target": 0.004353577671256858, "params": {"0": -0.06379756798566971, "1": -0.027201723221585095, "2": -0.20754141516628266, "3": -2.8170173292694987, "4": -1.3427773371271516, "5": -1.7105427594895826, "6": -0.24252919459363564, "7": 1.8761491471601914}, "datetime": {"datetime": "2021-06-29 20:19:38", "elapsed": 270.68005, "delta": 2.116837}}
{"target": 0.0030124112178036046, "params": {"0": 2.1907765471786345, "1": -0.3440182913092893, "2": -0.07064069710337817, "3": 1.6479840933097432, "4": 2.03915884899138, "5": 1.1965661742933573, "6": 1.8864004301839907, "7": -1.4293207286194993}, "datetime": {"datetime": "2021-06-29 20:19:40", "elapsed": 273.035687, "delta": 2.355637}}
{"target": 0.002997939033033646, "params": {"0": -0.3812061764795507, "1": -0.8727595015193517, "2": 0.48679822361081637, "3": 0.896618513269722, "4": 0.26191883444447184, "5": -1.0483441883494133, "6": 0.009448450671698083, "7": -0.7690011340879446}, "datetime": {"datetime": "2021-06-29 20:19:44", "elapsed": 276.438621, "delta": 3.402934}}
{"target": 0.003133045309397467, "params": {"0": 1.7546783913698052, "1": 0.7627284369817389, "2": 2.230083885138953, "3": -1.2129276053992768, "4": 0.7253264802335329, "5": 0.8025307127756136, "6": -1.173590467657835, "7": 1.9849292148528166}, "datetime": {"datetime": "2021-06-29 20:19:45", "elapsed": 278.198684, "delta": 1.760063}}
{"target": 0.008470476716289501, "params": {"0": -2.131538470379432, "1": 0.934563876841052, "2": -2.8567517705806735, "3": 0.938684199592509, "4": -0.3549073173399879, "5": 0.4912617489975557, "6": 2.3905313595844007, "7": -2.7490199938601494}, "datetime": {"datetime": "2021-06-29 20:19:48", "elapsed": 280.403158, "delta": 2.204474}}
{"target": 0.010174054399752223, "params": {"0": 2.4302380292963184, "1": -0.44723496218860426, "2": -2.755481951027564, "3": 1.9597624325041085, "4": 1.206403256003668, "5": -0.653752993888908, "6": 0.4743358728346445, "7": -0.4726487366150489}, "datetime": {"datetime": "2021-06-29 20:19:50", "elapsed": 282.509084, "delta": 2.105926}}
{"target": 0.0032677614801738665, "params": {"0": -1.8404673929201836, "1": -0.5776213661803924, "2": 2.3396448281184483, "3": 1.3737848533309478, "4": 0.4926116981035382, "5": -1.2907348207801357, "6": 2.617094641157699, "7": -2.923886244511855}, "datetime": {"datetime": "2021-06-29 20:19:52", "elapsed": 284.557032, "delta": 2.047948}}
{"target": 0.00311008731828421, "params": {"0": 0.7254101582980308, "1": -2.084622645195826, "2": 2.265435670200757, "3": -2.1396012594655858, "4": 0.091411278429403, "5": 0.85249980409474, "6": -2.4731281101750664, "7": 0.07472714502656519}, "datetime": {"datetime": "2021-06-29 20:19:56", "elapsed": 288.66557, "delta": 4.108538}}
{"target": 0.0035761577107453154, "params": {"0": -0.03078067908308091, "1": -1.7806193611586834, "2": 2.9217763011220317, "3": 1.4843762973417602, "4": 2.442167645113659, "5": -1.944128360861932, "6": 0.19203857957344894, "7": 0.9753236424723863}, "datetime": {"datetime": "2021-06-29 20:19:58", "elapsed": 291.092444, "delta": 2.426874}}
{"target": 0.002967785593527458, "params": {"0": -2.874303331705332, "1": -2.5814662472888994, "2": -2.5833324663241397, "3": 1.7351602782479976, "4": 2.801859429986073, "5": -1.07196675829402, "6": 1.338411650422099, "7": 2.2706707860596547}, "datetime": {"datetime": "2021-06-29 20:20:02", "elapsed": 294.632136, "delta": 3.539692}}
{"target": 0.002989522626381107, "params": {"0": 0.38873271746353666, "1": -2.4241744716618627, "2": 1.4959744948582294, "3": -2.270342629468442, "4": -0.16663009995518774, "5": 1.751711413314979, "6": -1.3014424713305544, "7": 0.5074989612173164}, "datetime": {"datetime": "2021-06-29 20:20:05", "elapsed": 297.793453, "delta": 3.161317}}
{"target": 0.003283908970804737, "params": {"0": -0.553753347188497, "1": -2.4580982023372324, "2": 1.8366970026102694, "3": -1.5606490757412175, "4": -0.6065430404496377, "5": 1.475953660097927, "6": -2.783591928566669, "7": 1.6262263155043488}, "datetime": {"datetime": "2021-06-29 20:20:09", "elapsed": 301.801643, "delta": 4.00819}}
{"target": 0.014958150052164804, "params": {"0": 0.44129474951345493, "1": -2.54863226903864, "2": 0.7304686028607161, "3": -0.8215592514324439, "4": 0.1343552020247012, "5": 1.4627568973998368, "6": -2.204725414729439, "7": -0.15942832610039748}, "datetime": {"datetime": "2021-06-29 20:20:12", "elapsed": 304.401775, "delta": 2.600132}}
{"target": 0.0035813785293376727, "params": {"0": 2.236088661499924, "1": -0.21493864632546877, "2": 0.5839375384754835, "3": 1.421059205001093, "4": -2.132182641991694, "5": -0.7095190736787949, "6": 0.8566873529645198, "7": -2.6195121565492014}, "datetime": {"datetime": "2021-06-29 20:20:14", "elapsed": 306.590931, "delta": 2.189156}}
{"target": 0.003790229554760769, "params": {"0": 0.9976578472345046, "1": -2.1100944386149765, "2": 0.3404318866981848, "3": -1.1389175119447308, "4": 0.05864618019668999, "5": 1.5768271737572128, "6": -2.386947736558805, "7": -0.2750380613525758}, "datetime": {"datetime": "2021-06-29 20:20:16", "elapsed": 308.914253, "delta": 2.323322}}
{"target": 0.007277931012250597, "params": {"0": 0.7956098476855833, "1": -2.684438916866707, "2": 1.9688519816473207, "3": -1.1607700419388935, "4": -0.6646655870769624, "5": 1.0021031370397004, "6": -1.7700145130160039, "7": 0.21885120610541842}, "datetime": {"datetime": "2021-06-29 20:20:19", "elapsed": 312.118303, "delta": 3.20405}}
{"target": 0.003103905863778118, "params": {"0": -2.738566554579249, "1": 0.4077131929243887, "2": -1.6782906935114412, "3": -0.171301625197259, "4": -1.1560662494975897, "5": 1.3826498936078426, "6": 1.2407157453774458, "7": 1.8418776272272037}, "datetime": {"datetime": "2021-06-29 20:20:22", "elapsed": 314.373528, "delta": 2.255225}}
{"target": 0.06501479242521935, "params": {"0": 0.8025946042376528, "1": -2.940924888156391, "2": 1.546611459947047, "3": -2.726903428603605, "4": 0.003893305834874461, "5": 0.8516243416363896, "6": -2.1840360991532126, "7": 0.3416492430854534}, "datetime": {"datetime": "2021-06-29 20:20:23", "elapsed": 315.732524, "delta": 1.358996}}
{"target": 0.024307922686236796, "params": {"0": -2.8398288498664837, "1": -1.243940963691691, "2": 0.237326486119402, "3": 2.871057383932065, "4": 0.08774969370281838, "5": -2.8595159101502334, "6": 1.6617367277017001, "7": -1.4598150380681185}, "datetime": {"datetime": "2021-06-29 20:20:26", "elapsed": 318.420422, "delta": 2.687898}}
{"target": 0.0034294407683784596, "params": {"0": 0.8046787278284295, "1": 2.428480281548894, "2": -0.12886520965212345, "3": -1.3947364240194962, "4": 2.152702461287614, "5": -1.513256681711042, "6": 1.4503002732513348, "7": 0.6193774575125142}, "datetime": {"datetime": "2021-06-29 20:20:29", "elapsed": 322.110875, "delta": 3.690453}}
{"target": 0.0032031302231781, "params": {"0": -2.1367128845472783, "1": 1.666071957664883, "2": -2.590618011086121, "3": 1.9458848785734748, "4": -1.3094788925383645, "5": -1.7631312078026984, "6": 1.0952251636234234, "7": 0.01055872229385546}, "datetime": {"datetime": "2021-06-29 20:20:32", "elapsed": 324.99271, "delta": 2.881835}}
{"target": 0.006622296604865144, "params": {"0": -2.743617734157267, "1": -2.28190988882369, "2": -0.9092156486794023, "3": 0.5796745908290584, "4": -0.1089762829817853, "5": -1.5503654568636625, "6": -0.1458839145571762, "7": 0.6796651831945981}, "datetime": {"datetime": "2021-06-29 20:20:34", "elapsed": 326.994991, "delta": 2.002281}}
{"target": 0.003603394951852404, "params": {"0": 0.6819927248931359, "1": -1.2100677661429458, "2": 0.3807650501795896, "3": 2.4081294696559716, "4": -0.5530497904517828, "5": 0.8418491923356184, "6": 0.2325582311212271, "7": 1.4904748833497106}, "datetime": {"datetime": "2021-06-29 20:20:37", "elapsed": 330.046185, "delta": 3.051194}}
{"target": 0.002980648136140286, "params": {"0": -2.661480897310873, "1": 0.6006262311547053, "2": 2.2736096277715028, "3": 0.7608408281929013, "4": 2.613878757265099, "5": 2.5938144301636203, "6": -2.8403194804500913, "7": -0.9061269251681865}, "datetime": {"datetime": "2021-06-29 20:20:39", "elapsed": 331.688078, "delta": 1.641893}}
{"target": 0.004662062510221054, "params": {"0": -0.6660261013083693, "1": 2.196096585957595, "2": 0.3113979404028582, "3": 2.027942829722832, "4": 0.7944257890220374, "5": -2.6475921849241475, "6": 0.26544592813305146, "7": -2.651979919903794}, "datetime": {"datetime": "2021-06-29 20:20:40", "elapsed": 333.22253, "delta": 1.534452}}
{"target": 0.003788379437414546, "params": {"0": 0.3879122763217939, "1": 0.21450197229748902, "2": 1.4449042067299782, "3": -0.5250427884587263, "4": -2.443430898103513, "5": 2.244119376984239, "6": 2.125256846868151, "7": -2.385847262681767}, "datetime": {"datetime": "2021-06-29 20:20:43", "elapsed": 335.358492, "delta": 2.135962}}
{"target": 0.0033233480713498443, "params": {"0": -2.7386391092235467, "1": -1.555352690792932, "2": 2.5771719304606826, "3": -2.1097686627823986, "4": 0.8073477023390909, "5": 2.5032462965950186, "6": 0.0843742488593957, "7": 0.37887933383290573}, "datetime": {"datetime": "2021-06-29 20:20:44", "elapsed": 337.053708, "delta": 1.695216}}
{"target": 0.008409355827825902, "params": {"0": -0.1810284473636261, "1": -2.0695037143483215, "2": 1.811525682255552, "3": -0.6196681843725491, "4": -0.9816067112209761, "5": 0.7220116083990358, "6": -1.858799621562737, "7": 1.5474740104202205}, "datetime": {"datetime": "2021-06-29 20:20:48", "elapsed": 340.914294, "delta": 3.860586}}
{"target": 0.003087116943421707, "params": {"0": 0.1573506564936089, "1": -2.3854150364198397, "2": 1.1472948742697255, "3": -2.517742655184236, "4": 0.42024775535595005, "5": 0.8947168622076163, "6": -2.559755334241541, "7": -0.3942005250757501}, "datetime": {"datetime": "2021-06-29 20:20:51", "elapsed": 344.021259, "delta": 3.106965}}
{"target": 0.003080357934962927, "params": {"0": 0.2145158121635795, "1": -2.2862574753174396, "2": 1.2035277588336095, "3": -2.609951058918835, "4": -1.2856980162575826, "5": 0.34003038086829385, "6": -2.0155112617352695, "7": 0.6695342256015251}, "datetime": {"datetime": "2021-06-29 20:20:56", "elapsed": 348.69017, "delta": 4.668911}}
{"target": 0.008215058859173573, "params": {"0": 1.7038504855773153, "1": -2.9325852977588225, "2": -2.7198501725580027, "3": -1.2064553500107231, "4": 1.599395461264148, "5": -2.8557373970299436, "6": 1.030617868354259, "7": -2.8370942705456867}, "datetime": {"datetime": "2021-06-29 20:20:59", "elapsed": 351.891142, "delta": 3.200972}}
{"target": 0.00306984623190688, "params": {"0": 0.8370311297590893, "1": -2.0024463133493686, "2": 1.3892357798289385, "3": -2.3571120647784447, "4": -1.8314032760400314, "5": 1.263352368661331, "6": -2.4566787881636563, "7": 1.0690112183134088}, "datetime": {"datetime": "2021-06-29 20:21:01", "elapsed": 353.666414, "delta": 1.775272}}
{"target": 0.0033355550688716033, "params": {"0": -0.024355789102879388, "1": -1.854084935243466, "2": 2.1569742206349245, "3": -0.48064760275603025, "4": -0.763511600216221, "5": 0.20576042908965952, "6": -1.1259111153869847, "7": 1.628416947591253}, "datetime": {"datetime": "2021-06-29 20:21:04", "elapsed": 356.513301, "delta": 2.846887}}
{"target": 0.019616686045589405, "params": {"0": 0.06664919381320278, "1": -2.1454300125446304, "2": 1.5653604982412928, "3": -1.8917131562672984, "4": -0.9980246774272556, "5": 0.981714626484373, "6": -1.4316160554159982, "7": 1.278547657632867}, "datetime": {"datetime": "2021-06-29 20:21:07", "elapsed": 359.71064, "delta": 3.197339}}
{"target": 0.0030675881688250516, "params": {"0": 2.9165753755708463, "1": 2.980346784755035, "2": -1.3412039259143764, "3": 1.48201924797422, "4": 2.809036768792639, "5": -2.695744004359484, "6": 0.6358067942057088, "7": -1.0590027104056192}, "datetime": {"datetime": "2021-06-29 20:21:10", "elapsed": 362.419941, "delta": 2.709301}}
{"target": 0.003276441833234366, "params": {"0": -2.344866452602501, "1": 0.8434066596879348, "2": -2.7785658842392316, "3": 0.7886816580677589, "4": -0.35866978388006965, "5": 0.9495912767944295, "6": 2.5339539457533924, "7": -2.4895362944764203}, "datetime": {"datetime": "2021-06-29 20:21:13", "elapsed": 365.44175, "delta": 3.021809}}
{"target": 0.0031252068347406344, "params": {"0": -0.17614426442122078, "1": 0.3249322380140818, "2": -0.21819765420128734, "3": 1.1274944433547276, "4": -1.7882459350759692, "5": 2.0824619817856753, "6": -2.6500859724158508, "7": 1.1442878782901875}, "datetime": {"datetime": "2021-06-29 20:21:16", "elapsed": 368.616791, "delta": 3.175041}}
{"target": 0.0040714782057438646, "params": {"0": -0.08809019431414278, "1": -0.3449283048717726, "2": -0.7877284049378934, "3": 0.9374894704245764, "4": -2.3973052631789504, "5": 2.2862247185101863, "6": -2.4641083382018234, "7": 0.7854871923447302}, "datetime": {"datetime": "2021-06-29 20:21:18", "elapsed": 370.86709, "delta": 2.250299}}
{"target": 0.0028772383791373733, "params": {"0": -1.4176958652937743, "1": 2.6722976257290565, "2": 2.0678929407999327, "3": 0.1469633412967375, "4": 2.3618734164259703, "5": 0.4486571235457486, "6": 1.5357586881786904, "7": 1.874893071676813}, "datetime": {"datetime": "2021-06-29 20:21:22", "elapsed": 374.560827, "delta": 3.693737}}
{"target": 0.022632928567408065, "params": {"0": -1.6716668427424928, "1": -0.13309204352772497, "2": -1.1859965006003639, "3": -2.7945153180161286, "4": 1.200383381628244, "5": 2.2723989235663637, "6": -2.0632938507152465, "7": 1.7019158698206782}, "datetime": {"datetime": "2021-06-29 20:21:25", "elapsed": 377.983925, "delta": 3.423098}}
{"target": 0.0032489947400422786, "params": {"0": 0.4073751868993325, "1": -2.4855553815418236, "2": 1.0408983921780672, "3": -2.5901410282209216, "4": -1.9646491086779763, "5": 0.7942359375562109, "6": -2.7836660217922073, "7": 1.0956455990113616}, "datetime": {"datetime": "2021-06-29 20:21:29", "elapsed": 381.591386, "delta": 3.607461}}
{"target": 0.003461490346731592, "params": {"0": 2.162030565400622, "1": 2.273286874677085, "2": 1.2377234111875914, "3": 2.179670673942006, "4": 1.9340731732979588, "5": 2.2104359076291455, "6": -2.3501452324913217, "7": -2.9489906935742423}, "datetime": {"datetime": "2021-06-29 20:21:32", "elapsed": 384.93555, "delta": 3.344164}}
{"target": 0.002884456733530109, "params": {"0": -2.6726486216367955, "1": -0.9271250216337217, "2": -0.08280953500852473, "3": 1.8723156431394825, "4": 1.6891831229818255, "5": -0.0003887846996510902, "6": -0.7613629822978396, "7": 2.9529087229827375}, "datetime": {"datetime": "2021-06-29 20:21:35", "elapsed": 387.98506, "delta": 3.04951}}
{"target": 0.013793426456308894, "params": {"0": 1.2169710498397128, "1": -2.881730680045921, "2": 1.456375077882079, "3": -1.885339418518413, "4": -1.4996542332624716, "5": 1.7658754296268278, "6": -2.527068289465264, "7": 1.1180369473666252}, "datetime": {"datetime": "2021-06-29 20:21:38", "elapsed": 391.048915, "delta": 3.063855}}
{"target": 0.0033253752252744777, "params": {"0": 0.7872576116843497, "1": -2.0817674996665207, "2": 1.061929955690431, "3": -1.338957347513032, "4": -0.12427584274323156, "5": 1.4300146923190793, "6": -2.671818497248003, "7": 0.3059925915355004}, "datetime": {"datetime": "2021-06-29 20:21:41", "elapsed": 393.846944, "delta": 2.798029}}
{"target": 0.0033566404047451603, "params": {"0": -0.11594701252145878, "1": -2.571913071113822, "2": 0.7510406143950097, "3": -1.796084474306781, "4": -0.5653014433978742, "5": 1.8312756427657755, "6": -2.1566621710274725, "7": 0.5132427352531268}, "datetime": {"datetime": "2021-06-29 20:21:44", "elapsed": 396.779439, "delta": 2.932495}}
{"target": 0.0029766482188889522, "params": {"0": 0.9837088978590831, "1": 2.830608123393766, "2": -0.4539768042257033, "3": -1.2006910477100883, "4": 2.749164924051387, "5": 1.1670273830534414, "6": 0.3661465010568974, "7": -1.218506671054302}, "datetime": {"datetime": "2021-06-29 20:21:48", "elapsed": 400.358258, "delta": 3.578819}}
{"target": 0.003510948650684709, "params": {"0": -0.3003066810497157, "1": 0.45632400204583057, "2": 0.6891300598368684, "3": -0.3743569966266578, "4": 1.869283914031742, "5": 1.4779635965076166, "6": 1.900294440785287, "7": 1.1991593509065623}, "datetime": {"datetime": "2021-06-29 20:21:51", "elapsed": 403.667959, "delta": 3.309701}}
