{"target": 0.003669829815408194, "params": {"0": 0.2876199325190587, "1": 0.6493666585804339, "2": -0.872406837688017, "3": 0.844953590289788, "4": -1.7986110398352237, "5": 1.0953014478159178, "6": 0.8372726232401329, "7": 2.059775313724206}, "datetime": {"datetime": "2021-06-29 23:00:34", "elapsed": 9927.584693, "delta": 27.382439}}
{"target": 0.003723819122867546, "params": {"0": -2.740670761652771, "1": 1.3300893041080837, "2": -2.800478670771013, "3": -1.0894019030549889, "4": 0.15781942262729398, "5": -2.022070554000716, "6": 0.10525679534357923, "7": 1.129112140101542}, "datetime": {"datetime": "2021-06-29 23:01:00", "elapsed": 9953.622778, "delta": 26.038085}}
{"target": 0.0029536934450205624, "params": {"0": -1.8157974059212134, "1": 2.8466160185573663, "2": -0.1614993438087211, "3": 1.1506621664270344, "4": 1.9650639354992512, "5": -1.9789184970395033, "6": -2.2817143186693434, "7": -0.00870230543746775}, "datetime": {"datetime": "2021-06-29 23:01:22", "elapsed": 9975.416202, "delta": 21.793424}}
{"target": 0.010226318727811075, "params": {"0": -1.4454291058766795, "1": -2.6906257643052447, "2": 1.9053058249578916, "3": 0.41628437965916376, "4": -1.5078051730061952, "5": 2.006951918776565, "6": -0.6199623306738049, "7": -0.7249751008708176}, "datetime": {"datetime": "2021-06-29 23:01:45", "elapsed": 9999.128619, "delta": 23.712417}}
{"target": 0.003806888801488789, "params": {"0": 1.9671960053600266, "1": 2.834316975593696, "2": -1.0847889701429827, "3": 1.1013614810827734, "4": -1.5075570374045706, "5": -1.7333540673859333, "6": 1.7991317405608207, "7": 2.5716683635951325}, "datetime": {"datetime": "2021-06-29 23:02:07", "elapsed": 10020.970278, "delta": 21.841659}}
{"target": 0.0032053319160245774, "params": {"0": 0.07579528223615606, "1": 0.4851074594455502, "2": 2.8712726710255563, "3": -2.7830251739202017, "4": 0.2358962879969404, "5": -0.39003883941439366, "6": 1.990541465125749, "7": -2.479645085063728}, "datetime": {"datetime": "2021-06-29 23:02:35", "elapsed": 10048.859215, "delta": 27.888937}}
{"target": 0.003064819088043671, "params": {"0": -2.110787350194789, "1": 0.9259334633022842, "2": 0.7636677765962956, "3": -2.3127443597561514, "4": -0.08206354531660054, "5": -0.18295144188695334, "6": 2.293613087485583, "7": 2.846948457768547}, "datetime": {"datetime": "2021-06-29 23:02:54", "elapsed": 10068.072687, "delta": 19.213472}}
{"target": 0.003551665932753351, "params": {"0": 1.4005027586035528, "1": 0.01263819710898062, "2": 1.4495853578907427, "3": -1.772082193117189, "4": 1.8358253310293868, "5": 1.9547011359160145, "6": -0.3411858625257911, "7": -0.9480770787019424}, "datetime": {"datetime": "2021-06-29 23:03:14", "elapsed": 10087.420897, "delta": 19.34821}}
{"target": 0.003784325051144036, "params": {"0": -2.5303725042946272, "1": -0.09673609118642368, "2": 1.346777646432777, "3": 0.4903355521075725, "4": -0.7398140066195102, "5": 2.8323649519039336, "6": 2.41987899173, "7": -2.4412717984883807}, "datetime": {"datetime": "2021-06-29 23:04:06", "elapsed": 10139.798644, "delta": 52.377747}}
{"target": 0.010770929372800072, "params": {"0": -1.9281112196903463, "1": 0.5776615602943727, "2": -1.2987390069052913, "3": -0.18003666378090255, "4": 1.7772054256274492, "5": 1.1479709226738084, "6": 1.4112610810007489, "7": -2.8296358680673155}, "datetime": {"datetime": "2021-06-29 23:04:32", "elapsed": 10165.236993, "delta": 25.438349}}
{"target": 0.0032429309035497114, "params": {"0": 0.2599517188878959, "1": 1.4213928033949967, "2": -1.622184354160496, "3": -2.4699203604191258, "4": -0.5354535453868383, "5": 1.2240325770176232, "6": 1.3107931293070907, "7": 1.4931918338134942}, "datetime": {"datetime": "2021-06-29 23:05:48", "elapsed": 10241.634407, "delta": 76.397414}}
{"target": 0.003467484742650114, "params": {"0": 2.494233176504606, "1": -1.012455067589554, "2": -0.7524632831648015, "3": -0.8954652439491184, "4": -0.33767013319386674, "5": 2.5874045254436915, "6": 1.975556931494669, "7": -1.1527688708083472}, "datetime": {"datetime": "2021-06-29 23:06:09", "elapsed": 10262.359541, "delta": 20.725134}}
{"target": 0.0037240693753115605, "params": {"0": -0.49449696677294996, "1": -1.239409329211466, "2": 1.6628110360798027, "3": -1.8364963276661885, "4": -1.0471518308571142, "5": -0.4551517640129372, "6": 1.6496864490820977, "7": -1.4935746993389352}, "datetime": {"datetime": "2021-06-29 23:07:00", "elapsed": 10313.627267, "delta": 51.267726}}
{"target": 0.0031841258455405537, "params": {"0": 0.7791764901903657, "1": -0.6717440978225109, "2": 0.5436158805808837, "3": 0.17610871193713695, "4": 1.035491465686082, "5": -2.657449438918385, "6": 0.20403908148100847, "7": 1.1721480659275905}, "datetime": {"datetime": "2021-06-29 23:07:43", "elapsed": 10356.499829, "delta": 42.872562}}
{"target": 0.012440130593494704, "params": {"0": -2.2819926351902864, "1": 1.0501891826976149, "2": -0.9366122660019429, "3": -1.290900410075861, "4": 1.064895185129286, "5": -1.4424398855368263, "6": 1.7900189385092276, "7": 1.6349377716925542}, "datetime": {"datetime": "2021-06-29 23:08:02", "elapsed": 10376.068937, "delta": 19.569108}}
{"target": 0.003400337880969105, "params": {"0": 2.8089889900527343, "1": -2.784274789998186, "2": -0.6667109999210821, "3": -2.387402548590217, "4": 2.6483981874308578, "5": -0.03664569750765079, "6": -0.2527358950201384, "7": -2.6750186735829584}, "datetime": {"datetime": "2021-06-29 23:08:23", "elapsed": 10397.004624, "delta": 20.935687}}
{"target": 0.003119301755571126, "params": {"0": 1.9854689265642325, "1": 2.738609941340356, "2": -1.6646281902358528, "3": -2.1954499049768987, "4": 0.14026808085476716, "5": 0.5760587934885422, "6": -0.8381526644026924, "7": -2.4521273933905334}, "datetime": {"datetime": "2021-06-29 23:08:48", "elapsed": 10421.25865, "delta": 24.254026}}
{"target": 0.004813218225835351, "params": {"0": -0.35125926444721856, "1": 1.2743802430815263, "2": 2.4253907037371407, "3": 2.8261006043193477, "4": -0.7763176547669524, "5": -2.445001316427417, "6": -2.5796237139734712, "7": 0.2082488973531409}, "datetime": {"datetime": "2021-06-29 23:09:07", "elapsed": 10440.561866, "delta": 19.303216}}
{"target": 0.003026851404547002, "params": {"0": -2.736741634565955, "1": -0.5547973862439131, "2": 1.0159379224560343, "3": -1.808487486911538, "4": -1.0549507373523952, "5": 0.9598150295650894, "6": 0.3865299092681598, "7": -2.5559069724375947}, "datetime": {"datetime": "2021-06-29 23:09:26", "elapsed": 10459.834525, "delta": 19.272659}}
{"target": 0.0029012100702045305, "params": {"0": -1.00079025805133, "1": 2.34523299285783, "2": -1.272586528577395, "3": 2.2004498127231376, "4": 2.7982296724050117, "5": -2.0652247140768782, "6": 2.3754422406101448, "7": -0.8084402088501745}, "datetime": {"datetime": "2021-06-29 23:09:46", "elapsed": 10480.082101, "delta": 20.247576}}
{"target": 0.0039622498114751555, "params": {"0": -0.8159532051912759, "1": 0.9446820912614684, "2": -1.133366153983794, "3": -2.433700103361775, "4": -1.7861579509066985, "5": -2.452242990151606, "6": -2.5584334045373387, "7": -1.7578228062573862}, "datetime": {"datetime": "2021-06-29 23:10:09", "elapsed": 10502.582922, "delta": 22.500821}}
{"target": 0.0030434141902736236, "params": {"0": -2.490709262154639, "1": 2.32889919515536, "2": 1.7746248808153915, "3": -0.32738419854274525, "4": 1.9967512495083, "5": -1.7134699579191375, "6": -2.707845213901683, "7": -2.610116470631323}, "datetime": {"datetime": "2021-06-29 23:10:37", "elapsed": 10530.764277, "delta": 28.181355}}
{"target": 0.0030690880642715687, "params": {"0": 0.8546953785686586, "1": -0.041115244157828634, "2": -1.985089791946869, "3": 2.422659992158673, "4": 1.680254230046284, "5": 2.36050923331546, "6": 2.36168654509438, "7": -1.5799695681230055}, "datetime": {"datetime": "2021-06-29 23:10:58", "elapsed": 10551.655637, "delta": 20.89136}}
{"target": 0.0032771242956052588, "params": {"0": -0.7204578999642361, "1": 1.4148524746844142, "2": -1.2223171375439832, "3": -2.2410203107738798, "4": 2.7866090693836156, "5": 1.2674452895502277, "6": -1.215377505903851, "7": -2.778026515590187}, "datetime": {"datetime": "2021-06-29 23:11:21", "elapsed": 10574.697996, "delta": 23.042359}}
{"target": 0.003109255658081808, "params": {"0": 2.059530229876553, "1": 2.0402296269605857, "2": 2.831408833095894, "3": 2.3654776520387406, "4": 1.2556053740418012, "5": 2.20841538882203, "6": -2.960595395660963, "7": -1.5875746528715236}, "datetime": {"datetime": "2021-06-29 23:11:42", "elapsed": 10595.809782, "delta": 21.111786}}
{"target": 0.004363462189174388, "params": {"0": -2.1641566074530063, "1": -1.3125245280822926, "2": -1.5609195655889117, "3": -1.7518277207604054, "4": -0.059655094472507386, "5": 2.582462276193251, "6": -1.3099857320311792, "7": -1.3329873569426114}, "datetime": {"datetime": "2021-06-29 23:12:03", "elapsed": 10616.198611, "delta": 20.388829}}
{"target": 0.0034121455821155056, "params": {"0": -2.9422402158644982, "1": 1.925185258873488, "2": 1.3144442683294386, "3": -2.092227142259733, "4": -2.314609176782138, "5": -0.5758954219330037, "6": -0.9917422848558353, "7": -2.9113138858836196}, "datetime": {"datetime": "2021-06-29 23:12:21", "elapsed": 10634.960096, "delta": 18.761485}}
{"target": 0.0034574214337424335, "params": {"0": 0.9463374650021943, "1": -0.10105496872963471, "2": -0.855885352395628, "3": -1.30823368836523, "4": 0.8258038225083961, "5": -1.984941667627934, "6": -1.7560067301608258, "7": -1.9879743055870496}, "datetime": {"datetime": "2021-06-29 23:12:45", "elapsed": 10659.034081, "delta": 24.073985}}
{"target": 0.003949035184745285, "params": {"0": 2.2567934506385123, "1": 2.8488417181053016, "2": -1.2994195721293107, "3": -1.1056030402042039, "4": 1.1811669464965036, "5": -1.37074150087267, "6": 1.4744174663229117, "7": 0.22311396286325502}, "datetime": {"datetime": "2021-06-29 23:13:03", "elapsed": 10676.997644, "delta": 17.963563}}
{"target": 0.0035423585028613357, "params": {"0": 0.31329070063895337, "1": -1.4133711757296976, "2": 2.5269818043789787, "3": -1.5725430308188568, "4": -0.6483606609845802, "5": 0.2018408871309436, "6": -0.7097464241437015, "7": 0.34273634789175134}, "datetime": {"datetime": "2021-06-29 23:13:26", "elapsed": 10699.775045, "delta": 22.777401}}
{"target": 0.003080044147768958, "params": {"0": 1.0117579469347593, "1": -1.8583833971214025, "2": 0.9915540673569923, "3": -2.17690505642686, "4": 2.130093480671057, "5": 1.0568982318598064, "6": -1.4311482329121132, "7": 1.4513825378203862}, "datetime": {"datetime": "2021-06-29 23:14:21", "elapsed": 10754.417626, "delta": 54.642581}}
{"target": 0.0035960226635784703, "params": {"0": -1.666738395911021, "1": -2.7421087981707855, "2": -0.6968545008513871, "3": -2.3321811800048664, "4": 2.152414135398227, "5": -1.2571614536512872, "6": 0.699232156814527, "7": 2.787760641099158}, "datetime": {"datetime": "2021-06-29 23:14:42", "elapsed": 10775.447776, "delta": 21.03015}}
{"target": 0.0034952140447241315, "params": {"0": -0.24984355616209974, "1": -2.407179002763936, "2": 0.8126945216388957, "3": -2.6031545102215414, "4": -2.155841355239609, "5": -2.227393210132451, "6": 0.6930493776065036, "7": 1.887900116184154}, "datetime": {"datetime": "2021-06-29 23:15:22", "elapsed": 10815.686315, "delta": 40.238539}}
{"target": 0.005511607965468582, "params": {"0": -2.834609412164241, "1": -0.858476454886683, "2": 0.3859171646954227, "3": -1.0232063479315436, "4": -2.2820759558583266, "5": 1.7692482519717343, "6": 1.0166483714985874, "7": 0.16130036205428144}, "datetime": {"datetime": "2021-06-29 23:15:41", "elapsed": 10834.249986, "delta": 18.563671}}
{"target": 0.003125300343554902, "params": {"0": -1.7947285884190922, "1": -1.7815167039474469, "2": 0.9051822771494171, "3": -1.5010862342282094, "4": -0.6906582786487396, "5": 2.816488008268827, "6": 0.17499684107661828, "7": 0.7407545377898517}, "datetime": {"datetime": "2021-06-29 23:16:29", "elapsed": 10882.470657, "delta": 48.220671}}
{"target": 0.003131684015102439, "params": {"0": 1.319871903082034, "1": 1.145283600606323, "2": -0.0932846503071918, "3": -0.8808047181032737, "4": 2.335367402120614, "5": 2.0059334772045307, "6": 0.4425223816553503, "7": -2.775465249281819}, "datetime": {"datetime": "2021-06-29 23:16:58", "elapsed": 10911.645957, "delta": 29.1753}}
{"target": 0.0030287326014577795, "params": {"0": 2.645392841542801, "1": 1.9230583878513814, "2": -2.184514112924579, "3": 2.6197130967294324, "4": 1.5667233156111644, "5": -0.0006777888368705298, "6": 1.0815704935356685, "7": 2.6359645322373764}, "datetime": {"datetime": "2021-06-29 23:17:26", "elapsed": 10939.308832, "delta": 27.662875}}
{"target": 0.004388214729303829, "params": {"0": 1.7150215282414312, "1": -1.3184557663781853, "2": -2.8452912388802893, "3": 2.2359017470452756, "4": 2.1073075132530112, "5": 0.30384176320413214, "6": -2.743528955503641, "7": 0.5087765769244532}, "datetime": {"datetime": "2021-06-29 23:17:55", "elapsed": 10968.87316, "delta": 29.564328}}
{"target": 0.0030991608423876086, "params": {"0": 1.1325145663680685, "1": 1.911827103617589, "2": 0.36380566124174996, "3": 2.078410039519044, "4": 0.8557439319390427, "5": -0.030303907295870403, "6": -1.6525164237421968, "7": -0.0814001011396579}, "datetime": {"datetime": "2021-06-29 23:18:51", "elapsed": 11025.062541, "delta": 56.189381}}
{"target": 0.0029649544563680086, "params": {"0": -1.7311680300453696, "1": -2.489635870096764, "2": 1.5434330734457138, "3": 2.648722049913898, "4": 2.3787888543465465, "5": -0.5637379026156815, "6": 0.3524711253212711, "7": -0.2670138209525188}, "datetime": {"datetime": "2021-06-29 23:19:24", "elapsed": 11057.441622, "delta": 32.379081}}
{"target": 0.006391135136418096, "params": {"0": 0.020162371985320338, "1": 0.20114272753901652, "2": 1.596562249209013, "3": 2.339701490208821, "4": -2.878267166301638, "5": -1.2873096075195773, "6": 2.8050346440805836, "7": -2.4465275828736135}, "datetime": {"datetime": "2021-06-29 23:19:43", "elapsed": 11076.164961, "delta": 18.723339}}
{"target": 0.06401871804012423, "params": {"0": 1.751775023751688, "1": 2.142281653119248, "2": 1.406305994476961, "3": -2.4049964548515073, "4": 0.13390402545092606, "5": 0.08830856107809737, "6": -0.8009615271794619, "7": -0.48476259990603543}, "datetime": {"datetime": "2021-06-29 23:20:07", "elapsed": 11100.29987, "delta": 24.134909}}
{"target": 0.0031712208534882763, "params": {"0": -1.3488335177921218, "1": -2.4292384847311057, "2": -2.723356761049353, "3": -1.7094589020795767, "4": 0.9469068515366628, "5": 0.4467712079366928, "6": -2.8826349050876745, "7": -1.8757973002199997}, "datetime": {"datetime": "2021-06-29 23:20:29", "elapsed": 11122.686129, "delta": 22.386259}}
{"target": 0.0038725946993833555, "params": {"0": 1.3775397855063964, "1": 2.1944006128113696, "2": -1.8807831711648513, "3": -1.8406711080943086, "4": -1.3927891972633746, "5": 2.6187702346532262, "6": 0.4940409416756282, "7": -2.2523852417578993}, "datetime": {"datetime": "2021-06-29 23:20:50", "elapsed": 11143.631698, "delta": 20.945569}}
{"target": 0.0030656474214280165, "params": {"0": -1.3880881552702653, "1": -0.6710617441191253, "2": 1.7232347501752328, "3": 2.3363950239087954, "4": 2.362206928805964, "5": -2.315316766684015, "6": 0.47714817203440596, "7": -2.0719848217153944}, "datetime": {"datetime": "2021-06-29 23:21:14", "elapsed": 11167.800839, "delta": 24.169141}}
{"target": 0.0034716077216625915, "params": {"0": 0.9170219919340443, "1": 1.7531209035481332, "2": 1.2038556565034142, "3": -1.415434318644828, "4": -0.5349843876766185, "5": 2.8199497358033225, "6": 0.7849883190445777, "7": -2.635788342408751}, "datetime": {"datetime": "2021-06-29 23:21:37", "elapsed": 11191.021458, "delta": 23.220619}}
{"target": 0.003510809077061908, "params": {"0": 2.09096271657555, "1": -1.4969642650294963, "2": -1.4394726902609891, "3": -2.2366054557960533, "4": -2.546460850712732, "5": -1.4384927380140609, "6": 2.3748044547242415, "7": 0.25248430113334575}, "datetime": {"datetime": "2021-06-29 23:21:59", "elapsed": 11212.535533, "delta": 21.514075}}
{"target": 0.006335682528691298, "params": {"0": -2.257404304591933, "1": 0.4948064277084283, "2": 0.9767935445573332, "3": 1.1986458833674343, "4": -1.6052534780010639, "5": 1.7428528280162716, "6": 0.07631239821790992, "7": -1.07438366649036}, "datetime": {"datetime": "2021-06-29 23:22:26", "elapsed": 11240.085678, "delta": 27.550145}}
{"target": 0.0031022224500788986, "params": {"0": -2.6082782337686905, "1": -1.8586868489948023, "2": -1.7530212154348797, "3": 1.7535686964525201, "4": 2.454772029633899, "5": -1.8692282532158242, "6": 0.8299076326156101, "7": 0.41860560547056735}, "datetime": {"datetime": "2021-06-29 23:23:24", "elapsed": 11297.363613, "delta": 57.277935}}
{"target": 0.0053552640245093965, "params": {"0": 1.1092676529161238, "1": -2.0806612607379997, "2": 1.9783819341768618, "3": 2.830069724178883, "4": -2.2187439298042673, "5": 1.8058656432217548, "6": 1.1454116840073185, "7": -1.7916489701178406}, "datetime": {"datetime": "2021-06-29 23:23:48", "elapsed": 11321.158215, "delta": 23.794602}}
{"target": 0.011065807929304396, "params": {"0": 2.1103967068594276, "1": -0.6511498648925951, "2": 0.1330026792920629, "3": -1.2221616275719696, "4": -1.173276516527075, "5": -0.8612623894177087, "6": 2.288891988578314, "7": -0.3933548322312985}, "datetime": {"datetime": "2021-06-29 23:24:09", "elapsed": 11343.137703, "delta": 21.979488}}
{"target": 0.004230405178730852, "params": {"0": -0.6052571661455692, "1": -1.235670587652824, "2": -0.22896339197425775, "3": -0.2918007846964974, "4": -2.540101986952098, "5": 0.3124097788057294, "6": 0.09070234059484061, "7": 2.3849724067648914}, "datetime": {"datetime": "2021-06-29 23:24:27", "elapsed": 11360.60168, "delta": 17.463977}}
{"target": 0.003109255886663095, "params": {"0": -1.9606102952819062, "1": -2.157543052022292, "2": -0.20906794907281068, "3": -2.7026852665211605, "4": -1.176766184326417, "5": 0.20835291854821225, "6": 1.1617268497044035, "7": 2.508696722388672}, "datetime": {"datetime": "2021-06-29 23:24:43", "elapsed": 11376.571095, "delta": 15.969415}}
{"target": 0.004749216712532701, "params": {"0": 1.4581252287013315, "1": -1.7964712727533672, "2": 1.9323723643400363, "3": -0.8973428826532377, "4": 0.4502219463700978, "5": -2.6270047075381884, "6": 0.7344496525412598, "7": -0.272776485208305}, "datetime": {"datetime": "2021-06-29 23:25:04", "elapsed": 11397.705221, "delta": 21.134126}}
{"target": 0.005321452240193678, "params": {"0": -1.2759536209345685, "1": -1.6899406762580949, "2": 2.1354222951707955, "3": 1.1597246135341681, "4": 2.2074087688377144, "5": 0.23767696885107803, "6": 1.8297253321729414, "7": 2.06624483617534}, "datetime": {"datetime": "2021-06-29 23:25:30", "elapsed": 11423.879139, "delta": 26.173918}}
{"target": 0.0035254403735771036, "params": {"0": 0.12452641660436958, "1": -1.6109667277708546, "2": -2.3298248482954924, "3": -0.7172037331114538, "4": -1.5523013365298097, "5": -0.21936832629865055, "6": -2.8035092373414408, "7": -1.0432443788554275}, "datetime": {"datetime": "2021-06-29 23:25:53", "elapsed": 11446.330781, "delta": 22.451642}}
{"target": 0.003660806662129521, "params": {"0": 2.854258817625688, "1": -1.1626468241644123, "2": 1.0316274193168695, "3": -2.9351671232961927, "4": -2.52226465554593, "5": -2.1765767357992205, "6": 1.1130754954852744, "7": -2.265827208517318}, "datetime": {"datetime": "2021-06-29 23:26:18", "elapsed": 11472.075861, "delta": 25.74508}}
{"target": 0.004127190958625964, "params": {"0": 1.5369157606934039, "1": -1.9674255927769329, "2": -0.4836196459471367, "3": -1.2097095157106115, "4": -1.2505479963576858, "5": -2.639866333923238, "6": -0.36399243721881636, "7": -2.5521952047061625}, "datetime": {"datetime": "2021-06-29 23:26:37", "elapsed": 11490.753276, "delta": 18.677415}}
{"target": 0.0034991248348525995, "params": {"0": -1.1197077618190288, "1": 1.9800472015225594, "2": -2.7236113976240555, "3": 2.258837482738631, "4": -0.554602958710916, "5": -2.1390989011545622, "6": -1.0001939638988941, "7": -1.8136482718752571}, "datetime": {"datetime": "2021-06-29 23:26:56", "elapsed": 11509.595429, "delta": 18.842153}}
{"target": 0.0036279882864577724, "params": {"0": 2.9565413620141117, "1": 0.10341284284145891, "2": -2.137385844922635, "3": 2.9636247450318285, "4": 2.9395869425326273, "5": 0.9918835095460992, "6": 2.5402997201389894, "7": -2.4838718494360337}, "datetime": {"datetime": "2021-06-29 23:27:17", "elapsed": 11530.196713, "delta": 20.601284}}
{"target": 0.0034395875162607325, "params": {"0": 2.81313837982798, "1": 2.7923431455027616, "2": 1.4107779704141423, "3": 1.4097202726008025, "4": -2.4864202057521414, "5": 2.4420849743875994, "6": 1.4504061294606494, "7": -0.7441228637925974}, "datetime": {"datetime": "2021-06-29 23:27:39", "elapsed": 11552.175598, "delta": 21.978885}}
{"target": 0.0029650160242388917, "params": {"0": -0.24905775237948857, "1": -2.115869839703883, "2": 2.6571953278709124, "3": 0.95914086661847, "4": 1.7215976248501805, "5": 1.732141454889244, "6": 2.2117805477988792, "7": -1.1671302948695796}, "datetime": {"datetime": "2021-06-29 23:28:19", "elapsed": 11592.787317, "delta": 40.611719}}
{"target": 0.003178420378042965, "params": {"0": -2.21764782125556, "1": -1.8608370155267986, "2": 1.9848089786132395, "3": -1.884549140184687, "4": 1.162497313134164, "5": 2.7877977504940654, "6": 2.6928323595043144, "7": -0.5589144613232069}, "datetime": {"datetime": "2021-06-29 23:29:07", "elapsed": 11641.093893, "delta": 48.306576}}
{"target": 0.0033119742670355634, "params": {"0": 1.5584462901491838, "1": 2.4706672673122663, "2": 0.3645211275954754, "3": 2.5146511718837594, "4": -2.7342299502945373, "5": 2.4021484114427416, "6": -1.7660459724954152, "7": 2.8076613023497927}, "datetime": {"datetime": "2021-06-29 23:29:31", "elapsed": 11664.534922, "delta": 23.441029}}
