{"target": 0.0034304865523393725, "params": {"0": -2.266282004636261, "1": -0.9264577779430532, "2": -1.4686193399124743, "3": -2.9952557670385422, "4": 1.1826454905927175, "5": 2.2537964211991035, "6": -1.6286888995617506, "7": 1.53613602266757}, "datetime": {"datetime": "2021-06-29 20:51:33", "elapsed": 2185.446106, "delta": 7.100786}}
{"target": 0.0040984927701337845, "params": {"0": 2.0279981286109594, "1": -1.545649058646207, "2": 0.9506009158361559, "3": 1.346775136791929, "4": 0.6790408690149268, "5": -1.2536850162104154, "6": -1.1299421415385635, "7": -2.778354435173}, "datetime": {"datetime": "2021-06-29 20:51:44", "elapsed": 2197.196607, "delta": 11.750501}}
{"target": 0.003066563722786025, "params": {"0": 2.977456059586083, "1": 1.9913688832265208, "2": 2.3469657307193605, "3": -2.867706779582152, "4": -2.237615493310259, "5": 1.303790663299294, "6": 1.1677177446400888, "7": -2.4889215332552106}, "datetime": {"datetime": "2021-06-29 20:51:53", "elapsed": 2206.201981, "delta": 9.005374}}
{"target": 0.0035880724609514037, "params": {"0": 1.8915330486698192, "1": 0.10714546796360569, "2": -0.4523468015146106, "3": -0.5193822715636571, "4": -0.1755885767064571, "5": -1.946213218219204, "6": -2.108877246044167, "7": -0.09246682235260195}, "datetime": {"datetime": "2021-06-29 20:52:08", "elapsed": 2221.057771, "delta": 14.85579}}
{"target": 0.003971346801141689, "params": {"0": 0.8670523789239137, "1": -2.8433709403989904, "2": 1.2301219496520144, "3": -2.250685778114116, "4": -1.3681705726128215, "5": 0.5379452814365884, "6": -2.2716269756455327, "7": 1.4964756160886825}, "datetime": {"datetime": "2021-06-29 20:52:24", "elapsed": 2236.958227, "delta": 15.900456}}
{"target": 0.0030892653005518914, "params": {"0": 0.5271378496358317, "1": -2.289378883444317, "2": 2.2282509876216334, "3": 1.2031501089193126, "4": 1.9087704112702664, "5": 0.5277046109200962, "6": -1.7141156507176583, "7": -2.9855433043079183}, "datetime": {"datetime": "2021-06-29 20:52:33", "elapsed": 2245.530775, "delta": 8.572548}}
{"target": 0.00444460137070625, "params": {"0": -0.8893883059313819, "1": 1.881582273969988, "2": -0.3885942459311149, "3": -0.5870562596304785, "4": -0.9541708986602582, "5": -2.330810510259785, "6": 0.27708829753680675, "7": -2.8773526404604697}, "datetime": {"datetime": "2021-06-29 20:52:43", "elapsed": 2255.40258, "delta": 9.871805}}
{"target": 0.003232815609325484, "params": {"0": 2.4945515654956276, "1": -2.196067232482085, "2": -0.47087451476883, "3": -1.3742855858055012, "4": 2.885953797770518, "5": 2.844970641334804, "6": -2.582124878660761, "7": -1.412665722179353}, "datetime": {"datetime": "2021-06-29 20:52:53", "elapsed": 2265.480883, "delta": 10.078303}}
{"target": 0.003081013204870268, "params": {"0": 0.5275545428280415, "1": 1.1787114323345529, "2": 2.3335351464824816, "3": 0.76228104847661, "4": 2.9667336320043223, "5": -0.25044396815669057, "6": 0.430337030582026, "7": 1.7031423482509895}, "datetime": {"datetime": "2021-06-29 20:53:00", "elapsed": 2272.513492, "delta": 7.032609}}
{"target": 0.003137018664745459, "params": {"0": 0.19849341440415946, "1": -2.9041735520420295, "2": 1.9769434411450568, "3": -1.490836825916873, "4": 0.06473393279496742, "5": 1.7155250014470225, "6": -1.7647890772077002, "7": 0.3025596617891324}, "datetime": {"datetime": "2021-06-29 20:53:14", "elapsed": 2286.936074, "delta": 14.422582}}
{"target": 0.004552627245352554, "params": {"0": -1.880001273504789, "1": 2.673665235035193, "2": -1.682017343105513, "3": -0.11340904824413212, "4": 1.1494375975266076, "5": -2.87767042318384, "6": 0.9595636031464867, "7": -2.729498331016738}, "datetime": {"datetime": "2021-06-29 20:53:29", "elapsed": 2302.204833, "delta": 15.268759}}
{"target": 0.005513970019120031, "params": {"0": 1.6959794816769227, "1": -1.1018886279746838, "2": 2.3433477064284096, "3": 2.875957108007924, "4": -2.885649121687689, "5": -1.9265538571118959, "6": -0.4452615502787838, "7": 1.3222888692356367}, "datetime": {"datetime": "2021-06-29 20:53:40", "elapsed": 2312.579986, "delta": 10.375153}}
{"target": 0.005595631919720245, "params": {"0": 1.186652872561389, "1": 2.9106521890329553, "2": 1.1616493118574969, "3": 2.6483892542685936, "4": 0.450477170871304, "5": -2.23146290027754, "6": -2.692170932363859, "7": -2.272126806354405}, "datetime": {"datetime": "2021-06-29 20:53:47", "elapsed": 2319.372396, "delta": 6.79241}}
{"target": 0.015126726258710081, "params": {"0": 0.02001363437686532, "1": 1.8905360900962016, "2": -0.49710101394462836, "3": 1.0765703957032198, "4": -0.9160542534075216, "5": 2.0864929765904225, "6": -2.594412468954956, "7": 0.8777869805827851}, "datetime": {"datetime": "2021-06-29 20:53:56", "elapsed": 2328.944698, "delta": 9.572302}}
{"target": 0.0041502971138292705, "params": {"0": -0.7442415506790288, "1": -2.984445950988097, "2": 2.97212488970744, "3": -1.8392932044705854, "4": 1.5406574908613724, "5": 2.4312556884782657, "6": 1.3306372744378372, "7": 0.2577051219728217}, "datetime": {"datetime": "2021-06-29 20:54:07", "elapsed": 2340.13913, "delta": 11.194432}}
{"target": 0.0051797088385599245, "params": {"0": -0.8741850705386058, "1": -2.3943255913678763, "2": -2.83436922612211, "3": -2.2656628899942506, "4": -2.20039705828096, "5": 2.1861136386305144, "6": -2.345448965519882, "7": -0.7919591716236063}, "datetime": {"datetime": "2021-06-29 20:54:17", "elapsed": 2349.594637, "delta": 9.455507}}
{"target": 0.03424006342029531, "params": {"0": -0.3561104893903835, "1": 1.8625785331263423, "2": 1.7386599573775383, "3": -0.5778641325366918, "4": -1.2706816224384108, "5": -1.5258475944789738, "6": 0.9792567415134288, "7": 1.6907082680624441}, "datetime": {"datetime": "2021-06-29 20:54:23", "elapsed": 2355.599875, "delta": 6.005238}}
{"target": 0.0032548562941762745, "params": {"0": 2.374103297203048, "1": -1.9576226429292138, "2": -0.38467531718231207, "3": -1.1100228826453429, "4": -1.2807914485439442, "5": 2.280715340867559, "6": -1.602616470529557, "7": 1.2256020963490997}, "datetime": {"datetime": "2021-06-29 20:54:34", "elapsed": 2366.410817, "delta": 10.810942}}
{"target": 0.0035422678081586767, "params": {"0": 0.7656145718412768, "1": 0.6629030656935773, "2": -1.2771066282023236, "3": -0.40213271785582183, "4": -1.259214402786849, "5": -1.453253926823358, "6": -2.7567281451902783, "7": -0.3332763612756162}, "datetime": {"datetime": "2021-06-29 20:54:42", "elapsed": 2374.400895, "delta": 7.990078}}
{"target": 0.053401545219408826, "params": {"0": -0.29062603450788815, "1": 2.2569237716856634, "2": 2.2409888140276415, "3": -0.52684426894983, "4": -0.9613159916632519, "5": -1.6257320509482736, "6": 1.6458127278011778, "7": 1.280988184747656}, "datetime": {"datetime": "2021-06-29 20:54:52", "elapsed": 2384.250077, "delta": 9.849182}}
{"target": 0.0030167941594874265, "params": {"0": -2.802889128645541, "1": 2.533789658054447, "2": 0.8224703081210865, "3": -1.415404553878467, "4": 2.5172226780770792, "5": -0.835798256873145, "6": 0.9756316685003155, "7": -2.880481487642026}, "datetime": {"datetime": "2021-06-29 20:55:01", "elapsed": 2393.425647, "delta": 9.17557}}
{"target": 0.023133968977951606, "params": {"0": -2.3761518055860265, "1": -1.188337326982917, "2": 1.0792662030309197, "3": -2.469101035554413, "4": -2.2988703246708906, "5": -2.6718809645163555, "6": 0.9058671519064045, "7": 2.8743892759849823}, "datetime": {"datetime": "2021-06-29 20:55:18", "elapsed": 2410.467367, "delta": 17.04172}}
{"target": 0.0031882488626275947, "params": {"0": 1.3309910224094317, "1": -0.11924297903682213, "2": -0.23618906747317947, "3": 1.4417204133142292, "4": 0.011095937416856216, "5": -1.5627265800866534, "6": -2.7034331779930962, "7": -0.7282121000842965}, "datetime": {"datetime": "2021-06-29 20:55:29", "elapsed": 2422.007536, "delta": 11.540169}}
{"target": 0.005223664316034404, "params": {"0": -0.7929101923489741, "1": 1.7093354147766568, "2": 1.8419733845053914, "3": -0.3148213208653763, "4": -1.5302691020445298, "5": -2.05461039738729, "6": 1.8086692964939868, "7": 2.2406618567178924}, "datetime": {"datetime": "2021-06-29 20:55:42", "elapsed": 2434.763312, "delta": 12.755776}}
{"target": 0.003507620650804768, "params": {"0": 1.3332147978528095, "1": 0.3200974983844467, "2": -0.0688061889698286, "3": -0.05288892679652335, "4": -1.5533544811552114, "5": -1.6073269168312234, "6": -2.7609614041240165, "7": -0.4042494114295394}, "datetime": {"datetime": "2021-06-29 20:55:55", "elapsed": 2448.046078, "delta": 13.282766}}
{"target": 0.0034628167984654882, "params": {"0": 1.6368288172568617, "1": -0.339414931555889, "2": -1.1300808664545188, "3": 0.11068754901775524, "4": -0.6232941057779398, "5": -2.068010168454225, "6": -2.4663654911002837, "7": -0.6862502469732945}, "datetime": {"datetime": "2021-06-29 20:56:05", "elapsed": 2457.286798, "delta": 9.24072}}
{"target": 0.0030749900858872176, "params": {"0": 0.9982652824411429, "1": 2.5927444962419237, "2": -1.4615471469411967, "3": 2.75418353965152, "4": -0.4365148953481368, "5": 1.6614572445708786, "6": -0.21469554681676017, "7": 0.7500046875742123}, "datetime": {"datetime": "2021-06-29 20:56:18", "elapsed": 2470.276194, "delta": 12.989396}}
{"target": 0.0035169128768045535, "params": {"0": -2.9059985624998044, "1": -1.721454599782277, "2": 0.6341961374358722, "3": 2.036915890102887, "4": 0.5692325347508191, "5": -2.392533101111771, "6": 1.139420786294016, "7": -2.0430038677820397}, "datetime": {"datetime": "2021-06-29 20:56:27", "elapsed": 2480.052131, "delta": 9.775937}}
{"target": 0.003057116200145253, "params": {"0": -0.14301584321573646, "1": -0.5863959177460032, "2": -2.68126894864173, "3": 2.498115227911713, "4": 2.0457173073606363, "5": -1.5361572837429252, "6": -1.1439018608085278, "7": -2.0749062203626574}, "datetime": {"datetime": "2021-06-29 20:56:36", "elapsed": 2488.365825, "delta": 8.313694}}
{"target": 0.009620871901567477, "params": {"0": 1.2876949035381964, "1": 0.6251126368116249, "2": -1.479783152146755, "3": -1.2439316915558505, "4": -0.39954686780304804, "5": -0.9852121949763051, "6": -2.7538702063817952, "7": -0.8469101870289579}, "datetime": {"datetime": "2021-06-29 20:56:44", "elapsed": 2497.010194, "delta": 8.644369}}
{"target": 0.002941915464977567, "params": {"0": -1.5693885374378915, "1": 0.9492853304177031, "2": -0.5641043573726137, "3": 1.485770867113681, "4": -1.7759306359203355, "5": 0.3865942989096913, "6": 1.1025603155137578, "7": -2.688666630811353}, "datetime": {"datetime": "2021-06-29 20:57:00", "elapsed": 2512.563546, "delta": 15.553352}}
{"target": 0.013038653842613452, "params": {"0": -0.7739582201183541, "1": -0.4225765631248435, "2": -2.278209627115749, "3": -1.591252712311583, "4": 1.6024864263902003, "5": -1.025921259939673, "6": 0.7682802920997345, "7": -1.611281711379571}, "datetime": {"datetime": "2021-06-29 20:57:14", "elapsed": 2526.404879, "delta": 13.841333}}
{"target": 0.007393467607095035, "params": {"0": -0.013606521799257365, "1": -2.42713238230583, "2": 1.3248539641334762, "3": -2.3938669285010548, "4": -1.2731134889292366, "5": 1.8855072912889135, "6": -2.488343824018181, "7": 0.9771258688935043}, "datetime": {"datetime": "2021-06-29 20:57:30", "elapsed": 2542.280726, "delta": 15.875847}}
{"target": 0.0030185483826710453, "params": {"0": -2.743880327542824, "1": -1.0401052455727555, "2": 2.0546560448403977, "3": -0.8831623738763277, "4": 1.5899541864639009, "5": 0.4176649013269129, "6": -0.7997396104936998, "7": 2.3520890013239253}, "datetime": {"datetime": "2021-06-29 20:57:55", "elapsed": 2567.296562, "delta": 25.015836}}
{"target": 0.0032365821777726057, "params": {"0": 1.4193996844180274, "1": 2.2598931955273365, "2": -1.146267251731153, "3": 1.194353651103075, "4": -0.8762030930762812, "5": 0.1543451410516985, "6": -1.803671199966581, "7": -0.5422777795610307}, "datetime": {"datetime": "2021-06-29 20:58:04", "elapsed": 2576.977304, "delta": 9.680742}}
{"target": 0.0030151444003831502, "params": {"0": -0.3609883665786322, "1": 1.7964750978590418, "2": 1.4562015197310823, "3": 0.0687194495243304, "4": -0.9866809535985146, "5": -0.8632343062051904, "6": 1.0574098035434423, "7": 2.0763763486691555}, "datetime": {"datetime": "2021-06-29 20:58:15", "elapsed": 2587.840017, "delta": 10.862713}}
{"target": 0.0030980136949656165, "params": {"0": -0.3804905060866366, "1": 1.5797315511522614, "2": 1.5539924863673402, "3": -1.480977095932694, "4": -1.3287547151350303, "5": -0.7146625220426159, "6": 0.5987841494362742, "7": 1.6795009651858663}, "datetime": {"datetime": "2021-06-29 20:58:23", "elapsed": 2595.979425, "delta": 8.139408}}
{"target": 0.0030843208495888144, "params": {"0": 0.1476363878881184, "1": -2.6937783842786347, "2": 2.694755094095237, "3": -0.39473937956292193, "4": -0.42915500786291405, "5": 0.9031384052724079, "6": -2.5612400161083673, "7": 1.59042546450398}, "datetime": {"datetime": "2021-06-29 20:58:35", "elapsed": 2607.789992, "delta": 11.810567}}
{"target": 0.0030863086748429305, "params": {"0": -0.03545464499829043, "1": 1.6028347737276505, "2": -1.2820960717149275, "3": -2.8858599644091045, "4": -0.19692268724582895, "5": 0.817107577913827, "6": 2.6806378875305352, "7": 0.5840827000904936}, "datetime": {"datetime": "2021-06-29 20:58:40", "elapsed": 2612.250327, "delta": 4.460335}}
{"target": 0.003613525376529413, "params": {"0": -0.3382079290950206, "1": -2.07929718004144, "2": 1.7732113634481568, "3": -2.0645690912712054, "4": -0.5414657842721247, "5": 1.2902129448665027, "6": -2.0464418697280493, "7": 1.4643384992947492}, "datetime": {"datetime": "2021-06-29 20:58:56", "elapsed": 2629.125693, "delta": 16.875366}}
{"target": 0.003015463845230808, "params": {"0": 1.770566422999071, "1": -0.9510756705852108, "2": 1.9967410308934825, "3": -0.47965209196059444, "4": 2.95042987820223, "5": 1.785361344618364, "6": -0.2778516712680421, "7": -1.5173177263165754}, "datetime": {"datetime": "2021-06-29 20:59:04", "elapsed": 2636.882214, "delta": 7.756521}}
{"target": 0.005581732839306044, "params": {"0": 0.8912866615411863, "1": 0.6536037593019408, "2": -0.3233687944730512, "3": -0.6995758379655772, "4": -1.0066686728409229, "5": -1.7720648279659041, "6": -2.8542764171215773, "7": -0.1904377851390322}, "datetime": {"datetime": "2021-06-29 20:59:22", "elapsed": 2655.011753, "delta": 18.129539}}
{"target": 0.004180141417922991, "params": {"0": 1.6571086286299073, "1": -1.4067561934300847, "2": -2.0272636119859078, "3": 2.20341613568496, "4": 2.9423566704698434, "5": -2.3123026042952963, "6": 2.4502621932904987, "7": -0.5758761794326563}, "datetime": {"datetime": "2021-06-29 20:59:31", "elapsed": 2663.525086, "delta": 8.513333}}
{"target": 0.004821155284301859, "params": {"0": -2.5203295201059053, "1": -1.6664775826241054, "2": -0.38319091044383935, "3": -2.616380967098605, "4": 1.2397537066485418, "5": 2.463742537346759, "6": -2.1912985690910034, "7": 1.623110342258757}, "datetime": {"datetime": "2021-06-29 20:59:42", "elapsed": 2674.569699, "delta": 11.044613}}
{"target": 0.003207375949559999, "params": {"0": 1.7708599574649835, "1": 0.665493797347557, "2": 2.654154339024636, "3": -2.881252965262849, "4": 1.4452674802458443, "5": 1.6864918544407672, "6": 1.3612010576863494, "7": -1.1590381919271564}, "datetime": {"datetime": "2021-06-29 20:59:49", "elapsed": 2681.668298, "delta": 7.098599}}
{"target": 0.0030055024318324805, "params": {"0": 0.12374480759597528, "1": -1.3140824990093765, "2": -0.9967929826943456, "3": 2.1788023810570074, "4": -2.527116006915054, "5": 1.81841681606309, "6": 1.6480500597869439, "7": 1.3348618987100913}, "datetime": {"datetime": "2021-06-29 20:59:55", "elapsed": 2687.449655, "delta": 5.781357}}
{"target": 0.007164777679876585, "params": {"0": -0.20584161999748307, "1": 1.148339040676376, "2": 1.5648578469825196, "3": -0.669486025983872, "4": -1.3259162409089469, "5": -1.6285908125157658, "6": 0.9396598358076118, "7": 1.0831821755196982}, "datetime": {"datetime": "2021-06-29 21:00:04", "elapsed": 2697.115842, "delta": 9.666187}}
{"target": 0.0035378015322553463, "params": {"0": -2.5641587883255053, "1": -0.9302936659793319, "2": 2.984337125046512, "3": 0.4107629487474327, "4": -1.9474893971287737, "5": -2.811641411104866, "6": -2.4888968766500383, "7": 2.2137732525289913}, "datetime": {"datetime": "2021-06-29 21:00:13", "elapsed": 2705.71922, "delta": 8.603378}}
{"target": 0.0035871530503853864, "params": {"0": -1.118147450115229, "1": 0.24943987504274112, "2": -1.0154057393325713, "3": -2.577609176059979, "4": -0.3006326418621139, "5": 0.008606852891403172, "6": -2.1533018530115555, "7": 2.2507786971571084}, "datetime": {"datetime": "2021-06-29 21:00:19", "elapsed": 2712.107665, "delta": 6.388445}}
{"target": 0.0048866749929666175, "params": {"0": 1.9412184256828873, "1": -2.7398489105050827, "2": 1.563728598182097, "3": 0.07671851921837769, "4": -0.3041637956541283, "5": -0.7311141207950094, "6": -0.5335557915140932, "7": -2.2900485544303786}, "datetime": {"datetime": "2021-06-29 21:00:30", "elapsed": 2722.583861, "delta": 10.476196}}
{"target": 0.003217398848426966, "params": {"0": 0.2140785043625444, "1": -2.419237567449675, "2": 1.2245671479274343, "3": -2.887204280170866, "4": 0.8360647910677672, "5": -0.7091158370163382, "6": -1.5680651379946726, "7": -0.16683070308814507}, "datetime": {"datetime": "2021-06-29 21:00:43", "elapsed": 2735.596141, "delta": 13.01228}}
{"target": 0.003816022993053749, "params": {"0": -0.6893128574636131, "1": 1.9060151149173272, "2": -0.5479869231402312, "3": 0.9845310232087767, "4": -1.3894194101236392, "5": 2.554317635885945, "6": -2.891444340832562, "7": 0.9668512663645545}, "datetime": {"datetime": "2021-06-29 21:00:55", "elapsed": 2747.363418, "delta": 11.767277}}
{"target": 0.0032733180931467896, "params": {"0": -0.16031077324683096, "1": -2.5548148888377247, "2": 1.182662716478105, "3": -1.5920037562284908, "4": -1.5885927557680246, "5": 1.0737539907778633, "6": -1.6224607637942554, "7": 1.9058742972896177}, "datetime": {"datetime": "2021-06-29 21:01:04", "elapsed": 2756.350821, "delta": 8.987403}}
{"target": 0.003275197920842799, "params": {"0": -0.42746170034210307, "1": -0.14671392441267805, "2": 2.4887109679051242, "3": -0.04146604269776866, "4": 2.0448164415647945, "5": -2.680885092229195, "6": 1.6532767099546914, "7": -2.7903355467664954}, "datetime": {"datetime": "2021-06-29 21:01:25", "elapsed": 2777.313649, "delta": 20.962828}}
{"target": 0.006509169376419799, "params": {"0": -1.0214275701738187, "1": -2.1040567654574405, "2": -2.4923017378840346, "3": 1.8216871751275159, "4": -1.84601911727625, "5": -0.8058277154653872, "6": 1.2576054030809738, "7": 2.022932550710891}, "datetime": {"datetime": "2021-06-29 21:01:48", "elapsed": 2800.325714, "delta": 23.012065}}
{"target": 0.010279369597900705, "params": {"0": -1.0407575333986525, "1": -0.10353288320635379, "2": -0.1489761179515101, "3": 1.0720388162601502, "4": -1.5687944868187396, "5": 2.050981677846135, "6": -2.6132605161871885, "7": 0.8167736633588305}, "datetime": {"datetime": "2021-06-29 21:02:02", "elapsed": 2815.156351, "delta": 14.830637}}
{"target": 0.0030068469737979135, "params": {"0": -2.775795154052048, "1": -0.8478008059790705, "2": 0.9928447711442558, "3": -1.881270097584726, "4": -1.503681246407165, "5": -2.3960740825185054, "6": 1.1277786705748696, "7": 2.6607033034878187}, "datetime": {"datetime": "2021-06-29 21:02:13", "elapsed": 2825.418774, "delta": 10.262423}}
{"target": 0.00622533522027479, "params": {"0": 0.9464056878921916, "1": -2.502571728523117, "2": 1.6545333983126023, "3": -2.3323497862561338, "4": -0.11712830792068862, "5": 0.8175665732688913, "6": -2.056655674129978, "7": -0.1823908648114303}, "datetime": {"datetime": "2021-06-29 21:02:24", "elapsed": 2836.833676, "delta": 11.414902}}
{"target": 0.003970683868855247, "params": {"0": -1.9686382274854595, "1": -1.0360949986776269, "2": 2.808086496366636, "3": 1.1608378932312737, "4": 0.2597263853064433, "5": -1.952535015656188, "6": -0.4083986652539773, "7": 1.280949214093261}, "datetime": {"datetime": "2021-06-29 21:02:33", "elapsed": 2846.192195, "delta": 9.358519}}
{"target": 0.024982265311094536, "params": {"0": -2.6503747451766237, "1": 1.8952016151910263, "2": 0.8550278109053879, "3": -1.9235462326231658, "4": 1.530132516333385, "5": -2.4435594048248626, "6": 0.14806181169742416, "7": 0.6529434503597922}, "datetime": {"datetime": "2021-06-29 21:02:43", "elapsed": 2855.31284, "delta": 9.120645}}
{"target": 0.07462427883582795, "params": {"0": 9.564192890998413e-07, "1": 1.9122672011502786, "2": 2.4259743829555918, "3": -0.545598121920662, "4": -0.7754237561344892, "5": -1.1853639384632693, "6": 0.7059922083874213, "7": 1.6839389468133428}, "datetime": {"datetime": "2021-06-29 21:02:56", "elapsed": 2869.16786, "delta": 13.85502}}
{"target": 0.00642238094785095, "params": {"0": -0.33879575996793987, "1": 1.747174868692646, "2": 2.848936645534401, "3": -1.5326597571607827, "4": -0.8231902880093518, "5": -1.8239391753347365, "6": 0.5654707708983269, "7": 1.5594452375909373}, "datetime": {"datetime": "2021-06-29 21:03:10", "elapsed": 2882.286829, "delta": 13.118969}}
{"target": 0.003340355698411057, "params": {"0": 2.752666405135903, "1": 0.38896314988384795, "2": -1.5228494616964054, "3": 2.519030450243651, "4": -0.9587630668657816, "5": 1.9407882722855812, "6": -2.4626088836065683, "7": -0.8141978438683699}, "datetime": {"datetime": "2021-06-29 21:03:20", "elapsed": 2892.594381, "delta": 10.307552}}
{"target": 0.0030568137603279454, "params": {"0": 2.118955849288149, "1": 0.685341649321149, "2": 1.4802054233666402, "3": -1.4028427984535359, "4": 0.5144745810694973, "5": 1.4847424950035855, "6": 1.0260978969220869, "7": -1.9377808543548312}, "datetime": {"datetime": "2021-06-29 21:03:30", "elapsed": 2902.976846, "delta": 10.382465}}
