{"target": 0.0034201622814964572, "params": {"0": -2.085427151458404, "1": -1.6456661043951597, "2": 2.756220637107125, "3": 1.9820054016789967, "4": 2.467512603615522, "5": -2.7848640673842016, "6": -1.2819851918188567, "7": 2.2353950570046397}, "datetime": {"datetime": "2021-06-29 20:42:58", "elapsed": 1671.523595, "delta": 5.189493}}
{"target": 0.00313133368440832, "params": {"0": 2.3526378193574082, "1": 2.1246003604120762, "2": 0.7279465378857033, "3": -1.8131987711353035, "4": 0.18126657992230033, "5": -2.2397448829635858, "6": -0.6146841088170567, "7": -1.448033028356818}, "datetime": {"datetime": "2021-06-29 20:43:01", "elapsed": 1675.455993, "delta": 3.932398}}
{"target": 0.002923493574763348, "params": {"0": -0.6199841411552871, "1": 2.2190930840461816, "2": 2.5630930585580893, "3": 1.9005165037513176, "4": 2.939075388116276, "5": 1.3804392976671922, "6": 0.751203053649593, "7": -2.4639830684825528}, "datetime": {"datetime": "2021-06-29 20:43:08", "elapsed": 1681.680858, "delta": 6.224865}}
{"target": 0.0030704560776519648, "params": {"0": -2.968049600638923, "1": -0.7496334202321835, "2": 2.809297557253993, "3": -0.8168869052852874, "4": -0.9293952561945185, "5": 2.7074787896555987, "6": -2.253782200612749, "7": 1.6451741271216163}, "datetime": {"datetime": "2021-06-29 20:43:20", "elapsed": 1694.397397, "delta": 12.716539}}
{"target": 0.005845916514585514, "params": {"0": -1.9161182547214546, "1": -2.846194715832323, "2": 2.573266126843551, "3": 1.9148069509826247, "4": 0.06411318888033257, "5": 1.3734672048027425, "6": 0.5029389635215997, "7": -2.9920143022888004}, "datetime": {"datetime": "2021-06-29 20:43:27", "elapsed": 1700.540466, "delta": 6.143069}}
{"target": 0.003473045985126248, "params": {"0": -2.0549353881116392, "1": -0.8546423151730558, "2": 0.5228132019352518, "3": 1.7787205718163692, "4": -0.6538711066444725, "5": -1.3909505599388816, "6": -2.8121779722207707, "7": 2.590593046375087}, "datetime": {"datetime": "2021-06-29 20:43:37", "elapsed": 1710.780949, "delta": 10.240483}}
{"target": 0.003157741186621612, "params": {"0": 2.698518572170177, "1": 0.1575618630245108, "2": -1.6313837404244436, "3": 1.362589697378974, "4": -2.190709774992321, "5": 2.3394687479810132, "6": -2.0817309431207955, "7": -1.0051837860492518}, "datetime": {"datetime": "2021-06-29 20:43:42", "elapsed": 1716.358386, "delta": 5.577437}}
{"target": 0.0032905355184369924, "params": {"0": 2.6171109352207393, "1": -1.2103433242255157, "2": 1.3507287007464779, "3": 1.519965109694124, "4": -2.041665603356946, "5": 0.36229469600899433, "6": 0.9432550014387542, "7": 2.2174421397595667}, "datetime": {"datetime": "2021-06-29 20:43:51", "elapsed": 1724.828212, "delta": 8.469826}}
{"target": 0.004895824340855913, "params": {"0": -1.4543011430075776, "1": -1.8424119035647035, "2": 1.0266390783564532, "3": -2.746698321814713, "4": 2.398494232727897, "5": -2.9587357474344493, "6": -0.4702310890792498, "7": -0.6254858703212545}, "datetime": {"datetime": "2021-06-29 20:43:58", "elapsed": 1731.787125, "delta": 6.958913}}
{"target": 0.0035811798821894, "params": {"0": -0.6678280180946272, "1": 0.5109020523299748, "2": 2.482448193801713, "3": 0.9766554919257198, "4": 0.7986723390284709, "5": 0.8372123367935078, "6": 2.524854158868343, "7": -1.8516920371447767}, "datetime": {"datetime": "2021-06-29 20:44:04", "elapsed": 1737.623945, "delta": 5.83682}}
{"target": 0.002949889079809689, "params": {"0": -1.9148359673537523, "1": 2.556913213219932, "2": 1.3559922862067237, "3": -2.248941207034632, "4": -0.11202575793965686, "5": 2.581178806019384, "6": 1.8841855895064956, "7": 1.7596573021397717}, "datetime": {"datetime": "2021-06-29 20:44:10", "elapsed": 1744.493781, "delta": 6.869836}}
{"target": 0.021823115957933004, "params": {"0": -2.820596914042034, "1": 0.5344443290146614, "2": -2.572733841567793, "3": 1.0129244904767667, "4": 2.8621846738942276, "5": -1.6372148679475287, "6": 2.193627155502587, "7": -2.844108629700736}, "datetime": {"datetime": "2021-06-29 20:44:18", "elapsed": 1751.89198, "delta": 7.398199}}
{"target": 0.003559700009874093, "params": {"0": -1.8305943547654024, "1": -1.9829782495527575, "2": -2.434933766079812, "3": -1.6103151890941856, "4": 1.5061883288639901, "5": -1.2660847053759625, "6": 1.4403096871962724, "7": -0.5801488759021596}, "datetime": {"datetime": "2021-06-29 20:44:24", "elapsed": 1758.07846, "delta": 6.18648}}
{"target": 0.009283075532449309, "params": {"0": -2.482025627943078, "1": 2.217612493876482, "2": -0.5089574691880983, "3": 0.9016367447767832, "4": -0.22829962367045376, "5": -2.617220122047966, "6": -0.7374210903500833, "7": -2.2010122892098423}, "datetime": {"datetime": "2021-06-29 20:44:32", "elapsed": 1766.273559, "delta": 8.195099}}
{"target": 0.0037783071244253466, "params": {"0": 0.9925500059084458, "1": -0.15897887381871012, "2": -0.554029869800789, "3": 1.6258164236819699, "4": 0.10139166299617886, "5": 1.0024809508773762, "6": -0.3724753535461538, "7": 1.7536034009248782}, "datetime": {"datetime": "2021-06-29 20:44:39", "elapsed": 1773.41689, "delta": 7.143331}}
{"target": 0.004513946136049745, "params": {"0": -2.484906262402615, "1": 2.677890561273794, "2": -2.6338285294619483, "3": -1.4453310496060123, "4": 0.28120480275171333, "5": -0.7520347609176676, "6": -1.8649534788828026, "7": 2.6222647973825737}, "datetime": {"datetime": "2021-06-29 20:44:48", "elapsed": 1781.51461, "delta": 8.09772}}
{"target": 0.004120791642131309, "params": {"0": 0.4619481351565229, "1": 0.6390663230813036, "2": 0.4973647280194511, "3": 0.6730139208903223, "4": -2.9875987679608413, "5": -1.7266807528791925, "6": 0.10001826439534334, "7": -2.6778500610939133}, "datetime": {"datetime": "2021-06-29 20:44:53", "elapsed": 1786.785117, "delta": 5.270507}}
{"target": 0.0034678429166857044, "params": {"0": 0.00267805384014963, "1": -0.673224006927744, "2": 0.9316468228440709, "3": 2.860107917283763, "4": 0.4239552661387407, "5": -1.1776392619541913, "6": 2.331881523167146, "7": -0.36622691025892884}, "datetime": {"datetime": "2021-06-29 20:45:00", "elapsed": 1793.889403, "delta": 7.104286}}
{"target": 0.003081521289636858, "params": {"0": 2.4421944186814386, "1": -0.17339438650981442, "2": 0.17221283970531465, "3": -0.5338109558674473, "4": 0.5263721071670364, "5": 0.4752082110633076, "6": -1.864971229664555, "7": -2.916332004319954}, "datetime": {"datetime": "2021-06-29 20:45:04", "elapsed": 1797.991989, "delta": 4.102586}}
{"target": 0.0030144670775850385, "params": {"0": 1.5659678983870364, "1": 1.3084644087589803, "2": -2.3960899786094068, "3": -1.3590767582317382, "4": 1.0427532264380943, "5": 1.530471808630903, "6": 2.529764231354564, "7": -0.9444841388593663}, "datetime": {"datetime": "2021-06-29 20:45:08", "elapsed": 1802.266125, "delta": 4.274136}}
{"target": 0.003593081202309905, "params": {"0": 0.15328220034964612, "1": 2.2465460416883634, "2": -2.578921227378727, "3": 0.6578468065629663, "4": -1.9502025518148751, "5": -2.9131677180872977, "6": 0.33068423088203547, "7": 0.055204237720045235}, "datetime": {"datetime": "2021-06-29 20:45:13", "elapsed": 1806.871891, "delta": 4.605766}}
{"target": 0.0033682574376461658, "params": {"0": 2.346649260276825, "1": -0.41861286429882005, "2": -1.4150735865753679, "3": -2.0482520226537346, "4": 0.11830076051635086, "5": 0.053045630328320215, "6": 1.5822116342170265, "7": 0.09310976363094703}, "datetime": {"datetime": "2021-06-29 20:45:18", "elapsed": 1811.909329, "delta": 5.037438}}
{"target": 0.0041636522202629315, "params": {"0": -1.033085662144879, "1": -2.2148850462978467, "2": -1.0997788880929709, "3": 2.1363020270449242, "4": 1.1483449068924907, "5": -1.4397473487606849, "6": -1.5546199342076585, "7": 2.7195155219081535}, "datetime": {"datetime": "2021-06-29 20:45:22", "elapsed": 1816.425851, "delta": 4.516522}}
{"target": 0.0030643625165540788, "params": {"0": 2.158322450790254, "1": 0.514099700892924, "2": -0.29453923721961095, "3": 2.6170517904104837, "4": 0.08665080257709423, "5": 2.1650010440153347, "6": 2.453112376949245, "7": -1.9451008548327409}, "datetime": {"datetime": "2021-06-29 20:45:26", "elapsed": 1820.066951, "delta": 3.6411}}
{"target": 0.0034246461421421895, "params": {"0": 1.0294910221950708, "1": -0.964676034784349, "2": -0.6118123126239383, "3": 1.9750583987774917, "4": -0.6656234369198417, "5": -1.901004744125321, "6": -1.212675199509892, "7": 2.7897900616935916}, "datetime": {"datetime": "2021-06-29 20:45:33", "elapsed": 1826.706019, "delta": 6.639068}}
{"target": 0.0035438223302384714, "params": {"0": -0.861230680592481, "1": -0.8501645076739743, "2": -2.6361818119004736, "3": -1.9188898679229431, "4": -1.292540570349722, "5": 0.6255689250032725, "6": 2.6368737452436264, "7": 1.8380617656783302}, "datetime": {"datetime": "2021-06-29 20:45:37", "elapsed": 1831.122776, "delta": 4.416757}}
{"target": 0.003169368694173873, "params": {"0": 0.9287803491141986, "1": -0.9391246401370337, "2": 1.871585879897701, "3": 0.7638842482306298, "4": 0.8882074482198896, "5": -0.7243080581107049, "6": -0.36554740169843836, "7": -2.5649825796822325}, "datetime": {"datetime": "2021-06-29 20:45:40", "elapsed": 1834.179734, "delta": 3.056958}}
{"target": 0.0030625787427047482, "params": {"0": 0.7114337955857417, "1": 2.7286160956142487, "2": -0.37390762575568726, "3": 2.5583651912742624, "4": -1.3071603164650605, "5": 0.6668104210430017, "6": 2.1555773089037142, "7": 1.7608235606357265}, "datetime": {"datetime": "2021-06-29 20:45:47", "elapsed": 1840.512792, "delta": 6.333058}}
{"target": 0.003236569929383717, "params": {"0": -2.575818619991558, "1": 0.6197908454883292, "2": -2.573188128728183, "3": 2.798439050351991, "4": -2.0520371717085197, "5": 0.7681865835605559, "6": -2.3801863631296856, "7": -1.185926623956221}, "datetime": {"datetime": "2021-06-29 20:45:52", "elapsed": 1845.529809, "delta": 5.017017}}
{"target": 0.00298148668206042, "params": {"0": 2.3584267933719136, "1": 1.6327824508710336, "2": -0.1547759693646622, "3": 0.4813195259348797, "4": -1.1494636914967826, "5": -1.967079209500274, "6": -1.6340326019469933, "7": 2.0251285657997595}, "datetime": {"datetime": "2021-06-29 20:46:04", "elapsed": 1858.104343, "delta": 12.574534}}
{"target": 0.006594741986871601, "params": {"0": 1.614147120565434, "1": -2.249794537131093, "2": -2.5542939800453444, "3": 0.3425034791099164, "4": -2.571805630638131, "5": 1.9831577003092047, "6": 1.3739301369226906, "7": -2.910462119907945}, "datetime": {"datetime": "2021-06-29 20:46:06", "elapsed": 1860.108873, "delta": 2.00453}}
{"target": 0.003465798341108827, "params": {"0": 0.5376221035315867, "1": -1.0764557705337305, "2": 1.896935291803377, "3": 1.419321054640112, "4": -0.6402481271994169, "5": -2.3482827640334905, "6": -2.0680287792203433, "7": -0.0628313091733288}, "datetime": {"datetime": "2021-06-29 20:46:10", "elapsed": 1863.627691, "delta": 3.518818}}
{"target": 0.0028997361757026607, "params": {"0": -0.6465583996516693, "1": -1.8153440728508168, "2": -0.8437075406267134, "3": 1.633317418250602, "4": 1.615600389578451, "5": 0.009487226879638655, "6": -0.4205064259162299, "7": -0.8009731520363941}, "datetime": {"datetime": "2021-06-29 20:46:21", "elapsed": 1875.177782, "delta": 11.550091}}
{"target": 0.0029432887929404365, "params": {"0": 0.4662700308710708, "1": 2.7420873733663855, "2": -0.8645255887554582, "3": -0.21147018143387042, "4": 1.728774043826653, "5": 2.9988469292493285, "6": -2.0871948284179105, "7": 0.7709179121308289}, "datetime": {"datetime": "2021-06-29 20:46:24", "elapsed": 1878.483239, "delta": 3.305457}}
{"target": 0.0030520735235169236, "params": {"0": 0.665267316377502, "1": 1.4413676462965093, "2": -2.8281184017902783, "3": 2.957400584147618, "4": 1.848598209564038, "5": 0.01892965723145501, "6": 2.2833276077137796, "7": -2.652888386963565}, "datetime": {"datetime": "2021-06-29 20:46:32", "elapsed": 1886.286715, "delta": 7.803476}}
{"target": 0.003888764326655148, "params": {"0": -1.9245988128632083, "1": 2.290948658598424, "2": -2.778163595183466, "3": -0.5864261104709252, "4": 2.665419319022307, "5": -2.532017977655655, "6": 1.8767562865101999, "7": -0.3905532010690216}, "datetime": {"datetime": "2021-06-29 20:46:39", "elapsed": 1893.061239, "delta": 6.774524}}
{"target": 0.003122087926596528, "params": {"0": 0.9290024610390715, "1": 2.2046366329273877, "2": -2.422220410804588, "3": -1.6846172162405109, "4": -2.6835053547798444, "5": 1.974978300352296, "6": -0.28618028907424886, "7": 2.037973923762558}, "datetime": {"datetime": "2021-06-29 20:46:46", "elapsed": 1900.090548, "delta": 7.029309}}
{"target": 0.036363663920445904, "params": {"0": -0.243199182696773, "1": 2.8555753628541023, "2": 2.1753794863577767, "3": -1.2407084304855835, "4": -1.4276991410247537, "5": -1.6344111773121264, "6": -1.379682376182885, "7": -2.0086111244614724}, "datetime": {"datetime": "2021-06-29 20:46:53", "elapsed": 1906.931197, "delta": 6.840649}}
{"target": 0.003010415882114668, "params": {"0": -2.62328887498085, "1": 2.9867355823597554, "2": 0.3110082059389585, "3": 0.5248198344880941, "4": 1.3703940808003292, "5": -0.8267455214314339, "6": -2.0464934893161004, "7": -0.6973975910522467}, "datetime": {"datetime": "2021-06-29 20:46:59", "elapsed": 1913.09593, "delta": 6.164733}}
{"target": 0.005292816066349932, "params": {"0": 1.488117301858578, "1": -0.8336733808436465, "2": 1.6600291829135099, "3": 1.1608590519497204, "4": -2.262593612798427, "5": 2.4243564468589742, "6": -2.784596208165909, "7": 2.402423086211148}, "datetime": {"datetime": "2021-06-29 20:47:12", "elapsed": 1926.027014, "delta": 12.931084}}
{"target": 0.0032133613189916704, "params": {"0": 0.8599775164307113, "1": 0.9891164527626248, "2": 1.2507271522422032, "3": -0.23320487921650557, "4": 2.5279058759971313, "5": 2.973547668937109, "6": -0.7831027533179533, "7": -2.313886705801968}, "datetime": {"datetime": "2021-06-29 20:47:19", "elapsed": 1933.273796, "delta": 7.246782}}
{"target": 0.0033192502919729963, "params": {"0": -0.08222652707226263, "1": -0.30025199615144427, "2": 1.046549621401784, "3": 0.6687238261559538, "4": 1.8783447586745954, "5": -1.030583126058016, "6": 0.9524857130906894, "7": 0.5079007502061748}, "datetime": {"datetime": "2021-06-29 20:47:27", "elapsed": 1941.05083, "delta": 7.777034}}
{"target": 0.0029862312558527437, "params": {"0": 0.34231650155981486, "1": 1.7912892556170563, "2": 1.850924133299186, "3": -1.8559726573316346, "4": 2.3454912263055236, "5": -0.38070837110710487, "6": 2.257917068400465, "7": 2.392121540091173}, "datetime": {"datetime": "2021-06-29 20:47:34", "elapsed": 1948.023307, "delta": 6.972477}}
{"target": 0.00536835684529203, "params": {"0": -1.4562208361805504, "1": -0.3568964800101142, "2": -2.808076206027388, "3": -1.662652206751729, "4": -1.5078324664766316, "5": 2.8725363369679595, "6": -1.1150986416518511, "7": 0.3364817257815744}, "datetime": {"datetime": "2021-06-29 20:47:43", "elapsed": 1956.544079, "delta": 8.520772}}
{"target": 0.00458441202786002, "params": {"0": 0.868118132122377, "1": 1.831716185986104, "2": -0.6819893106173791, "3": -0.28848750342890295, "4": -0.665124585296029, "5": -1.9512615169232324, "6": 1.1468389244808188, "7": 0.939043823720688}, "datetime": {"datetime": "2021-06-29 20:47:50", "elapsed": 1963.552067, "delta": 7.007988}}
{"target": 0.004531213757556773, "params": {"0": -1.5421819430143993, "1": -2.118039513730822, "2": -2.185482936531664, "3": 1.4076707263877566, "4": -1.2119752992796993, "5": -1.5925782292449817, "6": -0.22539172293443244, "7": -0.35470314467781794}, "datetime": {"datetime": "2021-06-29 20:47:57", "elapsed": 1971.348764, "delta": 7.796697}}
{"target": 0.0029924992210978553, "params": {"0": -0.18041537491716042, "1": -1.3625928436548034, "2": 2.4978257314433376, "3": -2.5820510899472726, "4": -2.624055166918658, "5": 2.2427883126073933, "6": 1.2645134102585658, "7": -1.0061335203142028}, "datetime": {"datetime": "2021-06-29 20:48:04", "elapsed": 1977.605867, "delta": 6.257103}}
{"target": 0.003497224777735759, "params": {"0": 1.163603594166986, "1": 0.22086699452911596, "2": 1.3795055696911458, "3": 1.1394288643296626, "4": 0.12537683617723605, "5": 0.4204015972297164, "6": -2.5778503229828917, "7": 2.0874892536019196}, "datetime": {"datetime": "2021-06-29 20:48:09", "elapsed": 1982.781803, "delta": 5.175936}}
{"target": 0.003100536236248113, "params": {"0": 1.605541146205515, "1": -1.5596518959941474, "2": 1.709261445230747, "3": 1.243644501436373, "4": 2.971924719251117, "5": -1.2066881998191772, "6": 1.6174241730745056, "7": -1.2514670343794287}, "datetime": {"datetime": "2021-06-29 20:48:21", "elapsed": 1994.772094, "delta": 11.990291}}
{"target": 0.0033542905960782863, "params": {"0": 2.8953195618613865, "1": 0.8253539681934763, "2": -1.961752291369684, "3": -0.7361946926225578, "4": 0.034973132694464226, "5": 0.23982601243022827, "6": -2.6879616528247725, "7": -1.1626212788647647}, "datetime": {"datetime": "2021-06-29 20:48:28", "elapsed": 2001.631765, "delta": 6.859671}}
{"target": 0.008242646320470308, "params": {"0": 0.41435993044355257, "1": 2.7232483471841658, "2": -2.3611767166584237, "3": 1.4681969895635456, "4": -1.1465165954995635, "5": 1.5985379475462373, "6": 0.10863620829258114, "7": 0.3208583050981231}, "datetime": {"datetime": "2021-06-29 20:48:35", "elapsed": 2008.620062, "delta": 6.988297}}
{"target": 0.003073063912541771, "params": {"0": 1.3642850121279526, "1": -1.4666334992144767, "2": 0.7375207395272394, "3": -1.5191582815698375, "4": -2.0530796232887756, "5": 0.16952463625370706, "6": -2.5017750781010912, "7": 1.598979039308901}, "datetime": {"datetime": "2021-06-29 20:48:44", "elapsed": 2018.382792, "delta": 9.76273}}
{"target": 0.0031655934809284502, "params": {"0": -2.6876906823301443, "1": 1.7799659299288706, "2": -2.2211119032549798, "3": -2.6993052443200667, "4": -1.5142881175834844, "5": -2.2246488089616943, "6": 2.1352514723857077, "7": -1.4524617764189902}, "datetime": {"datetime": "2021-06-29 20:48:53", "elapsed": 2026.908108, "delta": 8.525316}}
{"target": 0.003399912329392301, "params": {"0": -1.4368508029437868, "1": 1.033253972469451, "2": -1.8067515540087082, "3": -2.1321040314370485, "4": -1.9105501695009364, "5": 1.8047054566170608, "6": 1.6748727739050118, "7": 2.0360006084392257}, "datetime": {"datetime": "2021-06-29 20:49:00", "elapsed": 2033.847202, "delta": 6.939094}}
{"target": 0.008488982370566967, "params": {"0": -0.9307313101345089, "1": -2.1203784412487217, "2": -2.7996127908579878, "3": -1.5680448182323818, "4": -2.4136754903033264, "5": 2.5587299672608896, "6": -2.050437953742695, "7": -0.9861638049999821}, "datetime": {"datetime": "2021-06-29 20:49:06", "elapsed": 2039.665052, "delta": 5.81785}}
{"target": 0.0035190347904541118, "params": {"0": 2.473709614853135, "1": 2.0390085277395507, "2": -1.983596045351961, "3": -0.7915336884056314, "4": -0.38584437507458347, "5": -2.7363253008456083, "6": 2.7474743202714684, "7": -2.418882916774529}, "datetime": {"datetime": "2021-06-29 20:49:12", "elapsed": 2045.673116, "delta": 6.008064}}
{"target": 0.0032471032140261244, "params": {"0": -0.5065183897909851, "1": -2.1853811259536533, "2": -1.868251505833421, "3": -0.09318538751037275, "4": 1.6038387102424618, "5": -1.5019998125207883, "6": 1.4088672531225015, "7": -1.2494166043917971}, "datetime": {"datetime": "2021-06-29 20:49:18", "elapsed": 2051.805797, "delta": 6.132681}}
{"target": 0.005309613399330993, "params": {"0": -0.06553415115994454, "1": -2.678650628992458, "2": -1.5655370631692371, "3": 1.4021046986078307, "4": -0.6499175468334579, "5": 1.8257096681008722, "6": 2.6395765980036066, "7": -1.202953507159336}, "datetime": {"datetime": "2021-06-29 20:49:24", "elapsed": 2057.546601, "delta": 5.740804}}
{"target": 0.003759757006220625, "params": {"0": -1.9020454366824955, "1": -0.7693740924756245, "2": 2.613612362482634, "3": 1.8315433658074687, "4": 1.3731340143700201, "5": 1.2348089371076423, "6": 1.8464567444849829, "7": -0.6298904095860332}, "datetime": {"datetime": "2021-06-29 20:49:36", "elapsed": 2070.200103, "delta": 12.653502}}
{"target": 0.004061868351182441, "params": {"0": -2.227236412675664, "1": 0.6009296775572568, "2": -2.5172426140062583, "3": 1.6119526031671354, "4": 0.857043720938865, "5": -2.0037708216146872, "6": 0.7769842397177218, "7": 0.9893276806649505}, "datetime": {"datetime": "2021-06-29 20:49:46", "elapsed": 2079.565577, "delta": 9.365474}}
{"target": 0.004143884015134301, "params": {"0": -2.5982725470425114, "1": -2.118203801674872, "2": 0.10044009558407785, "3": 2.9956177763726215, "4": -0.3543835742866448, "5": 0.6209383361718666, "6": -1.2622724331794193, "7": -1.2513095067872968}, "datetime": {"datetime": "2021-06-29 20:49:53", "elapsed": 2086.845355, "delta": 7.279778}}
{"target": 0.0032920975689605006, "params": {"0": -1.182707184168493, "1": 0.39861957342702725, "2": 1.6851968814788547, "3": -1.7003279145911951, "4": -0.9390411380610115, "5": -1.5260762605635398, "6": 1.0384128934469796, "7": -1.9930331663759706}, "datetime": {"datetime": "2021-06-29 20:50:00", "elapsed": 2093.710503, "delta": 6.865148}}
{"target": 0.0029964903856194804, "params": {"0": -0.22561935258352062, "1": -2.517530437194903, "2": -0.5536035821867271, "3": 1.1604087955859406, "4": -1.9276104682790305, "5": 1.6160760189068002, "6": -0.5029530365226114, "7": -0.6393462628966118}, "datetime": {"datetime": "2021-06-29 20:50:08", "elapsed": 2102.217216, "delta": 8.506713}}
{"target": 0.006930021054729504, "params": {"0": -0.7763885603220082, "1": -2.39143720496794, "2": -1.782316360618648, "3": -2.345289947676547, "4": 1.9213744377173239, "5": -0.8779614103997515, "6": 1.0264180413765596, "7": -0.6672196468188965}, "datetime": {"datetime": "2021-06-29 20:50:16", "elapsed": 2110.340465, "delta": 8.123249}}
