{"target": 0.012774802988018218, "params": {"0": -1.8262043022992849, "1": -2.150412586563194, "2": -1.7823277319671103, "3": -2.522380766134493, "4": 1.9470000296994847, "5": 2.649005351499615, "6": -1.7591573128456408, "7": 2.813155772987728}, "datetime": {"datetime": "2021-06-29 20:43:08", "elapsed": 1769.214868, "delta": 7.922342}}
{"target": 0.004352921735111875, "params": {"0": 2.0279981286109594, "1": -1.545649058646207, "2": 0.9506009158361559, "3": 1.346775136791929, "4": 0.6790408690149268, "5": -1.2536850162104154, "6": -1.1299421415385635, "7": -2.778354435173}, "datetime": {"datetime": "2021-06-29 20:43:18", "elapsed": 1779.240758, "delta": 10.02589}}
{"target": 0.003063033412845741, "params": {"0": 2.977456059586083, "1": 1.9913688832265208, "2": 2.3469657307193605, "3": -2.867706779582152, "4": -2.237615493310259, "5": 1.303790663299294, "6": 1.1677177446400888, "7": -2.4889215332552106}, "datetime": {"datetime": "2021-06-29 20:43:27", "elapsed": 1787.897032, "delta": 8.656274}}
{"target": 0.003220479947699785, "params": {"0": 0.0021163357818148043, "1": -0.25520375364842796, "2": -1.6020572868823506, "3": -1.0226579283459, "4": -1.6443621558864052, "5": 2.1954003893465828, "6": -0.30170286908200517, "7": 1.0699542820460541}, "datetime": {"datetime": "2021-06-29 20:43:35", "elapsed": 1796.302132, "delta": 8.4051}}
{"target": 0.010786957615041351, "params": {"0": -1.6238114206226673, "1": 1.0462066614515653, "2": 1.658028296424452, "3": -1.5077665930681476, "4": 0.028261087412038144, "5": 1.9238025110857198, "6": 1.0635203854941961, "7": -0.00766925362547477}, "datetime": {"datetime": "2021-06-29 20:43:43", "elapsed": 1804.100991, "delta": 7.798859}}
{"target": 0.003123492619952272, "params": {"0": 0.5271378496358317, "1": -2.289378883444317, "2": 2.2282509876216334, "3": 1.2031501089193126, "4": 1.9087704112702664, "5": 0.5277046109200962, "6": -1.7141156507176583, "7": -2.9855433043079183}, "datetime": {"datetime": "2021-06-29 20:43:51", "elapsed": 1811.771523, "delta": 7.670532}}
{"target": 0.0045851036625689035, "params": {"0": -0.8893883059313819, "1": 1.881582273969988, "2": -0.3885942459311149, "3": -0.5870562596304785, "4": -0.9541708986602582, "5": -2.330810510259785, "6": 0.27708829753680675, "7": -2.8773526404604697}, "datetime": {"datetime": "2021-06-29 20:43:57", "elapsed": 1818.094357, "delta": 6.322834}}
{"target": 0.0032641535865622893, "params": {"0": 2.4945515654956276, "1": -2.196067232482085, "2": -0.47087451476883, "3": -1.3742855858055012, "4": 2.885953797770518, "5": 2.844970641334804, "6": -2.582124878660761, "7": -1.412665722179353}, "datetime": {"datetime": "2021-06-29 20:44:08", "elapsed": 1829.252727, "delta": 11.15837}}
{"target": 0.0030585602340169496, "params": {"0": 0.5275545428280415, "1": 1.1787114323345529, "2": 2.3335351464824816, "3": 0.76228104847661, "4": 2.9667336320043223, "5": -0.25044396815669057, "6": 0.430337030582026, "7": 1.7031423482509895}, "datetime": {"datetime": "2021-06-29 20:44:16", "elapsed": 1836.882525, "delta": 7.629798}}
{"target": 0.003159821430697721, "params": {"0": 0.19849341440415946, "1": -2.9041735520420295, "2": 1.9769434411450568, "3": -1.490836825916873, "4": 0.06473393279496742, "5": 1.7155250014470225, "6": -1.7647890772077002, "7": 0.3025596617891324}, "datetime": {"datetime": "2021-06-29 20:44:27", "elapsed": 1848.416748, "delta": 11.534223}}
{"target": 0.003957688210166038, "params": {"0": -1.880001273504789, "1": 2.673665235035193, "2": -1.682017343105513, "3": -0.11340904824413212, "4": 1.1494375975266076, "5": -2.87767042318384, "6": 0.9595636031464867, "7": -2.729498331016738}, "datetime": {"datetime": "2021-06-29 20:44:43", "elapsed": 1863.816362, "delta": 15.399614}}
{"target": 0.0038427432044906276, "params": {"0": 1.6959794816769227, "1": -1.1018886279746838, "2": 2.3433477064284096, "3": 2.875957108007924, "4": -2.885649121687689, "5": -1.9265538571118959, "6": -0.4452615502787838, "7": 1.3222888692356367}, "datetime": {"datetime": "2021-06-29 20:44:51", "elapsed": 1872.271263, "delta": 8.454901}}
{"target": 0.005000752784047178, "params": {"0": 1.186652872561389, "1": 2.9106521890329553, "2": 1.1616493118574969, "3": 2.6483892542685936, "4": 0.450477170871304, "5": -2.23146290027754, "6": -2.692170932363859, "7": -2.272126806354405}, "datetime": {"datetime": "2021-06-29 20:45:01", "elapsed": 1882.125837, "delta": 9.854574}}
{"target": 0.0030013516769783677, "params": {"0": -0.0938325528241899, "1": 2.697410380118132, "2": 2.530769626115678, "3": -2.0357641410731064, "4": 0.528162489925581, "5": -2.3797350370069834, "6": 1.7899818344269551, "7": 0.8021472773057603}, "datetime": {"datetime": "2021-06-29 20:45:07", "elapsed": 1887.807113, "delta": 5.681276}}
{"target": 0.0029788252645953374, "params": {"0": -0.897457265601413, "1": 0.8287015100240795, "2": -0.0013744064673639755, "3": -1.978714642513475, "4": -0.8303168618071348, "5": 1.6236677078629995, "6": 2.0493758163359903, "7": 0.534887435757808}, "datetime": {"datetime": "2021-06-29 20:45:25", "elapsed": 1906.234666, "delta": 18.427553}}
{"target": 0.003463382762399633, "params": {"0": -1.642641339873053, "1": -0.3392631491046423, "2": 1.6048449548050474, "3": 1.4777560664277765, "4": -2.207942952094852, "5": -2.507707274792182, "6": -2.6685576580265753, "7": 1.9698219623442856}, "datetime": {"datetime": "2021-06-29 20:45:33", "elapsed": 1914.208445, "delta": 7.973779}}
{"target": 0.03395239384196315, "params": {"0": -0.3561104893903835, "1": 1.8625785331263423, "2": 1.7386599573775383, "3": -0.5778641325366918, "4": -1.2706816224384108, "5": -1.5258475944789738, "6": 0.9792567415134288, "7": 1.6907082680624441}, "datetime": {"datetime": "2021-06-29 20:45:41", "elapsed": 1922.094297, "delta": 7.885852}}
{"target": 0.003489529249835928, "params": {"0": 2.374103297203048, "1": -1.9576226429292138, "2": -0.38467531718231207, "3": -1.1100228826453429, "4": -1.2807914485439442, "5": 2.280715340867559, "6": -1.602616470529557, "7": 1.2256020963490997}, "datetime": {"datetime": "2021-06-29 20:45:49", "elapsed": 1930.493351, "delta": 8.399054}}
{"target": 0.0030601017205741875, "params": {"0": -0.13879108007641294, "1": -2.0807756965626583, "2": -0.7599085383127817, "3": 0.09626433723029004, "4": 0.08795814091324061, "5": -1.3562447207552488, "6": -0.05885175094644568, "7": 1.249871106696852}, "datetime": {"datetime": "2021-06-29 20:45:56", "elapsed": 1937.564359, "delta": 7.071008}}
{"target": 0.0055912195525242145, "params": {"0": 1.9393260346529928, "1": -1.0906138086443704, "2": 2.9099238590449197, "3": -0.9029789574981062, "4": -0.5578898490877053, "5": 1.32879998402559, "6": 2.8536037633472686, "7": 0.5450400170224841}, "datetime": {"datetime": "2021-06-29 20:46:03", "elapsed": 1944.552682, "delta": 6.988323}}
{"target": 0.003027095431179313, "params": {"0": -2.802889128645541, "1": 2.533789658054447, "2": 0.8224703081210865, "3": -1.415404553878467, "4": 2.5172226780770792, "5": -0.835798256873145, "6": 0.9756316685003155, "7": -2.880481487642026}, "datetime": {"datetime": "2021-06-29 20:46:09", "elapsed": 1950.203404, "delta": 5.650722}}
{"target": 0.011845116085675522, "params": {"0": -2.3761518055860265, "1": -1.188337326982917, "2": 1.0792662030309197, "3": -2.469101035554413, "4": -2.2988703246708906, "5": -2.6718809645163555, "6": 0.9058671519064045, "7": 2.8743892759849823}, "datetime": {"datetime": "2021-06-29 20:46:27", "elapsed": 1968.306951, "delta": 18.103547}}
{"target": 0.044049284795003064, "params": {"0": -0.1572057411372083, "1": -2.2309826827776633, "2": -2.5025453967375055, "3": -0.5308786168586699, "4": -2.4506600809668244, "5": 0.47651666679113713, "6": -2.2100967029562577, "7": -1.811735291506706}, "datetime": {"datetime": "2021-06-29 20:46:38", "elapsed": 1978.850792, "delta": 10.543841}}
{"target": 0.0034224051819213602, "params": {"0": 0.6815601614330644, "1": 1.6935364555122874, "2": -0.7688829320844732, "3": 0.20099851540544833, "4": -0.5722365620763727, "5": -0.6428105071522969, "6": -2.0195379805369202, "7": -2.304394429437578}, "datetime": {"datetime": "2021-06-29 20:46:49", "elapsed": 1990.163298, "delta": 11.312506}}
{"target": 0.003099703279394861, "params": {"0": 0.021592730999703935, "1": 2.0132711027457777, "2": -1.7840033771714991, "3": -2.536811822128298, "4": -1.1717704123901014, "5": 1.4864567365249401, "6": 2.9800962540173934, "7": 2.0358816174485748}, "datetime": {"datetime": "2021-06-29 20:46:54", "elapsed": 1995.360815, "delta": 5.197517}}
{"target": 0.019648143358441554, "params": {"0": -1.9699172645876843, "1": -1.5357098556121578, "2": -2.3709141130089693, "3": -2.1969100996374973, "4": 1.3868075197738872, "5": -0.4374906660868838, "6": -2.3796283290413878, "7": 1.2625179165588918}, "datetime": {"datetime": "2021-06-29 20:46:57", "elapsed": 1998.095026, "delta": 2.734211}}
{"target": 0.0030578379737296406, "params": {"0": 0.9982652824411429, "1": 2.5927444962419237, "2": -1.4615471469411967, "3": 2.75418353965152, "4": -0.4365148953481368, "5": 1.6614572445708786, "6": -0.21469554681676017, "7": 0.7500046875742123}, "datetime": {"datetime": "2021-06-29 20:47:03", "elapsed": 2003.848369, "delta": 5.753343}}
{"target": 0.0034832903791668715, "params": {"0": -2.9059985624998044, "1": -1.721454599782277, "2": 0.6341961374358722, "3": 2.036915890102887, "4": 0.5692325347508191, "5": -2.392533101111771, "6": 1.139420786294016, "7": -2.0430038677820397}, "datetime": {"datetime": "2021-06-29 20:47:12", "elapsed": 2013.608021, "delta": 9.759652}}
{"target": 0.0030214714167640967, "params": {"0": -0.14301584321573646, "1": -0.5863959177460032, "2": -2.68126894864173, "3": 2.498115227911713, "4": 2.0457173073606363, "5": -1.5361572837429252, "6": -1.1439018608085278, "7": -2.0749062203626574}, "datetime": {"datetime": "2021-06-29 20:47:19", "elapsed": 2020.366542, "delta": 6.758521}}
{"target": 0.003604433298725399, "params": {"0": 0.8853589615356916, "1": -2.513713623830742, "2": 1.3703762780276065, "3": -2.202932252228768, "4": 0.061099267343612595, "5": 1.7475536891496901, "6": -1.519910656898297, "7": 0.7938698646832605}, "datetime": {"datetime": "2021-06-29 20:47:38", "elapsed": 2038.756573, "delta": 18.390031}}
{"target": 0.0029706267858760588, "params": {"0": -1.5693885374378915, "1": 0.9492853304177031, "2": -0.5641043573726137, "3": 1.485770867113681, "4": -1.7759306359203355, "5": 0.3865942989096913, "6": 1.1025603155137578, "7": -2.688666630811353}, "datetime": {"datetime": "2021-06-29 20:47:57", "elapsed": 2058.093708, "delta": 19.337135}}
{"target": 0.012954057097235749, "params": {"0": -0.7739582201183541, "1": -0.4225765631248435, "2": -2.278209627115749, "3": -1.591252712311583, "4": 1.6024864263902003, "5": -1.025921259939673, "6": 0.7682802920997345, "7": -1.611281711379571}, "datetime": {"datetime": "2021-06-29 20:48:09", "elapsed": 2069.777688, "delta": 11.68398}}
{"target": 0.005887980649045791, "params": {"0": -1.3731316481163123, "1": 0.642157617803905, "2": -0.5969532898313465, "3": 1.0718799747874446, "4": -1.4335917740924182, "5": -0.49831504619503253, "6": -0.1278404064817904, "7": 0.7137414018780577}, "datetime": {"datetime": "2021-06-29 20:48:19", "elapsed": 2080.43349, "delta": 10.655802}}
{"target": 0.0029958638197083803, "params": {"0": -2.743880327542824, "1": -1.0401052455727555, "2": 2.0546560448403977, "3": -0.8831623738763277, "4": 1.5899541864639009, "5": 0.4176649013269129, "6": -0.7997396104936998, "7": 2.3520890013239253}, "datetime": {"datetime": "2021-06-29 20:48:39", "elapsed": 2100.016175, "delta": 19.582685}}
{"target": 0.0030911760861839625, "params": {"0": 1.4193996844180274, "1": 2.2598931955273365, "2": -1.146267251731153, "3": 1.194353651103075, "4": -0.8762030930762812, "5": 0.1543451410516985, "6": -1.803671199966581, "7": -0.5422777795610307}, "datetime": {"datetime": "2021-06-29 20:48:45", "elapsed": 2106.652827, "delta": 6.636652}}
{"target": 0.05863295822955662, "params": {"0": -1.8806455898531786, "1": -0.5333777415126475, "2": -2.6409919905574686, "3": -1.3931011220898248, "4": 1.2968021652506216, "5": -1.6157931172914761, "6": -2.9935002486785267, "7": 0.14150379918393785}, "datetime": {"datetime": "2021-06-29 20:49:00", "elapsed": 2121.133648, "delta": 14.480821}}
{"target": 0.0031953556824749207, "params": {"0": 1.633702875931954, "1": -1.494732530392389, "2": -1.1054038697035797, "3": 2.302914448434933, "4": -1.4423323389078413, "5": -1.8667269864549922, "6": -0.9257021386017525, "7": -1.6763069155010604}, "datetime": {"datetime": "2021-06-29 20:49:11", "elapsed": 2132.134722, "delta": 11.001074}}
{"target": 0.004623431325758145, "params": {"0": 1.4987677192495212, "1": 2.2125515550925936, "2": -0.14422612289562542, "3": -0.6799875258051147, "4": -2.4035817611890216, "5": -2.0831000719075816, "6": -1.5017331260818567, "7": 1.4426470067874817}, "datetime": {"datetime": "2021-06-29 20:49:19", "elapsed": 2140.378763, "delta": 8.244041}}
{"target": 0.0030752340962209345, "params": {"0": -0.03545464499829043, "1": 1.6028347737276505, "2": -1.2820960717149275, "3": -2.8858599644091045, "4": -0.19692268724582895, "5": 0.817107577913827, "6": 2.6806378875305352, "7": 0.5840827000904936}, "datetime": {"datetime": "2021-06-29 20:49:24", "elapsed": 2145.387107, "delta": 5.008344}}
{"target": 0.005262933521448538, "params": {"0": -0.8623258129262998, "1": -2.0340748599663563, "2": -2.08597834579476, "3": -0.13506782395009154, "4": -0.9938393218656909, "5": 1.1745718932658624, "6": -2.924626412245324, "7": -1.4510798896283281}, "datetime": {"datetime": "2021-06-29 20:49:36", "elapsed": 2156.997806, "delta": 11.610699}}
{"target": 0.003007585298395493, "params": {"0": 1.770566422999071, "1": -0.9510756705852108, "2": 1.9967410308934825, "3": -0.47965209196059444, "4": 2.95042987820223, "5": 1.785361344618364, "6": -0.2778516712680421, "7": -1.5173177263165754}, "datetime": {"datetime": "2021-06-29 20:49:44", "elapsed": 2165.343411, "delta": 8.345605}}
{"target": 0.021715190092058852, "params": {"0": 1.107477511927832, "1": -1.4794808210745078, "2": 2.550650649732047, "3": -2.1244320768370892, "4": -2.381544887895841, "5": -1.7691558338892903, "6": 0.10756940330855347, "7": -2.645197067807797}, "datetime": {"datetime": "2021-06-29 20:49:50", "elapsed": 2171.727841, "delta": 6.38443}}
{"target": 0.003953263460043214, "params": {"0": 1.6571086286299073, "1": -1.4067561934300847, "2": -2.0272636119859078, "3": 2.20341613568496, "4": 2.9423566704698434, "5": -2.3123026042952963, "6": 2.4502621932904987, "7": -0.5758761794326563}, "datetime": {"datetime": "2021-06-29 20:49:56", "elapsed": 2176.953147, "delta": 5.225306}}
{"target": 0.00771622126061199, "params": {"0": 1.614019340243713, "1": 2.7667353086557744, "2": -0.6441431444748273, "3": -0.41803264770330717, "4": -2.671576154311979, "5": 1.1371181069060992, "6": 2.795474164936593, "7": -0.0427880668133902}, "datetime": {"datetime": "2021-06-29 20:50:01", "elapsed": 2181.86279, "delta": 4.909643}}
{"target": 0.0030070025875315607, "params": {"0": 1.7708599574649835, "1": 0.665493797347557, "2": 2.654154339024636, "3": -2.881252965262849, "4": 1.4452674802458443, "5": 1.6864918544407672, "6": 1.3612010576863494, "7": -1.1590381919271564}, "datetime": {"datetime": "2021-06-29 20:50:06", "elapsed": 2186.93936, "delta": 5.07657}}
{"target": 0.0029990068890283004, "params": {"0": 0.12374480759597528, "1": -1.3140824990093765, "2": -0.9967929826943456, "3": 2.1788023810570074, "4": -2.527116006915054, "5": 1.81841681606309, "6": 1.6480500597869439, "7": 1.3348618987100913}, "datetime": {"datetime": "2021-06-29 20:50:13", "elapsed": 2194.057238, "delta": 7.117878}}
{"target": 0.005138760924272725, "params": {"0": 0.6535003984538692, "1": 0.7149474717278119, "2": -2.2440388622762177, "3": 2.7379946910316395, "4": 2.411696193059967, "5": 0.07229165920131919, "6": 2.0326812509862284, "7": 0.9435206321624383}, "datetime": {"datetime": "2021-06-29 20:50:18", "elapsed": 2199.366865, "delta": 5.309627}}
{"target": 0.0037224276255121017, "params": {"0": -2.5641587883255053, "1": -0.9302936659793319, "2": 2.984337125046512, "3": 0.4107629487474327, "4": -1.9474893971287737, "5": -2.811641411104866, "6": -2.4888968766500383, "7": 2.2137732525289913}, "datetime": {"datetime": "2021-06-29 20:50:27", "elapsed": 2208.061445, "delta": 8.69458}}
{"target": 0.004173832244591826, "params": {"0": -1.118147450115229, "1": 0.24943987504274112, "2": -1.0154057393325713, "3": -2.577609176059979, "4": -0.3006326418621139, "5": 0.008606852891403172, "6": -2.1533018530115555, "7": 2.2507786971571084}, "datetime": {"datetime": "2021-06-29 20:50:37", "elapsed": 2218.105145, "delta": 10.0437}}
{"target": 0.00507227114569835, "params": {"0": 1.9412184256828873, "1": -2.7398489105050827, "2": 1.563728598182097, "3": 0.07671851921837769, "4": -0.3041637956541283, "5": -0.7311141207950094, "6": -0.5335557915140932, "7": -2.2900485544303786}, "datetime": {"datetime": "2021-06-29 20:50:44", "elapsed": 2225.544048, "delta": 7.438903}}
{"target": 0.003199643653967196, "params": {"0": -1.7549652096348491, "1": -1.5373220856823635, "2": 2.4846822532843067, "3": -2.628545848098823, "4": 0.0249339586151347, "5": -2.222483830222611, "6": -0.2763478620549167, "7": 1.0159589840564527}, "datetime": {"datetime": "2021-06-29 20:50:51", "elapsed": 2232.416867, "delta": 6.872819}}
{"target": 0.0030772064010660357, "params": {"0": -2.9038923789884983, "1": -1.302125743627335, "2": -0.7872487967592172, "3": -0.7836773031464261, "4": -1.3389817338542211, "5": -2.924664161352842, "6": -0.22663639829928295, "7": 2.3930052963664856}, "datetime": {"datetime": "2021-06-29 20:50:58", "elapsed": 2238.76941, "delta": 6.352543}}
{"target": 0.00334371305009454, "params": {"0": 1.517726025025648, "1": 0.17374264270544604, "2": 2.4394001968877284, "3": -2.4485259083282216, "4": -1.2481487079544595, "5": -2.3947952970126023, "6": 0.42845778422173986, "7": -1.8966041308371153}, "datetime": {"datetime": "2021-06-29 20:51:08", "elapsed": 2249.632487, "delta": 10.863077}}
{"target": 0.006908425756986237, "params": {"0": -0.45268107910358335, "1": -2.1681036076730305, "2": -1.8524701848559295, "3": -0.1933625889679531, "4": -2.6407697485389665, "5": 0.41728831498065055, "6": -2.8175979889065808, "7": -2.263472848178685}, "datetime": {"datetime": "2021-06-29 20:51:19", "elapsed": 2260.341256, "delta": 10.708769}}
{"target": 0.006583294002308376, "params": {"0": -1.0214275701738187, "1": -2.1040567654574405, "2": -2.4923017378840346, "3": 1.8216871751275159, "4": -1.84601911727625, "5": -0.8058277154653872, "6": 1.2576054030809738, "7": 2.022932550710891}, "datetime": {"datetime": "2021-06-29 20:51:42", "elapsed": 2283.695514, "delta": 23.354258}}
{"target": 0.003306274069798081, "params": {"0": 1.8356374175746488, "1": 2.4744647321748143, "2": -1.9011101949868205, "3": -0.9198578184024067, "4": -1.3694838677116112, "5": 2.6080478523887916, "6": 1.4520463829127355, "7": 1.7994811838788065}, "datetime": {"datetime": "2021-06-29 20:51:51", "elapsed": 2292.544798, "delta": 8.849284}}
{"target": 0.003790997525245327, "params": {"0": 0.4218277586797856, "1": -0.7959363604547587, "2": 0.14943484842812405, "3": 2.2154745927125488, "4": -1.8193633797093183, "5": 2.335465929192848, "6": -2.7946980325463087, "7": 0.9165624968046933}, "datetime": {"datetime": "2021-06-29 20:51:59", "elapsed": 2300.365268, "delta": 7.82047}}
{"target": 0.0063702176215654676, "params": {"0": 0.9464056878921916, "1": -2.502571728523117, "2": 1.6545333983126023, "3": -2.3323497862561338, "4": -0.11712830792068862, "5": 0.8175665732688913, "6": -2.056655674129978, "7": -0.1823908648114303}, "datetime": {"datetime": "2021-06-29 20:52:08", "elapsed": 2309.473754, "delta": 9.108486}}
{"target": 0.004001737048220105, "params": {"0": -1.9686382274854595, "1": -1.0360949986776269, "2": 2.808086496366636, "3": 1.1608378932312737, "4": 0.2597263853064433, "5": -1.952535015656188, "6": -0.4083986652539773, "7": 1.280949214093261}, "datetime": {"datetime": "2021-06-29 20:52:16", "elapsed": 2317.706056, "delta": 8.232302}}
{"target": 0.024228581461453763, "params": {"0": -2.6503747451766237, "1": 1.8952016151910263, "2": 0.8550278109053879, "3": -1.9235462326231658, "4": 1.530132516333385, "5": -2.4435594048248626, "6": 0.14806181169742416, "7": 0.6529434503597922}, "datetime": {"datetime": "2021-06-29 20:52:26", "elapsed": 2327.177616, "delta": 9.47156}}
{"target": 0.005693237752257453, "params": {"0": 0.29739944889503267, "1": -1.221735378971918, "2": -1.0267118594037945, "3": 0.23082943391155286, "4": 1.2620374611291192, "5": 2.2185365556731025, "6": 2.8672019512122393, "7": -0.0895981077550454}, "datetime": {"datetime": "2021-06-29 20:52:36", "elapsed": 2337.098407, "delta": 9.920791}}
{"target": 0.0030792239400978783, "params": {"0": -2.0759899996334834, "1": 0.0017631320645055126, "2": -0.06352234821416936, "3": 0.09615118760536712, "4": 1.3634543895756295, "5": 2.9406731768193746, "6": -1.4245444142121224, "7": 1.2314120962788913}, "datetime": {"datetime": "2021-06-29 20:52:45", "elapsed": 2346.078539, "delta": 8.980132}}
{"target": 0.00332763100123362, "params": {"0": 2.752666405135903, "1": 0.38896314988384795, "2": -1.5228494616964054, "3": 2.519030450243651, "4": -0.9587630668657816, "5": 1.9407882722855812, "6": -2.4626088836065683, "7": -0.8141978438683699}, "datetime": {"datetime": "2021-06-29 20:52:53", "elapsed": 2354.336351, "delta": 8.257812}}
{"target": 0.0031627813927277166, "params": {"0": 2.118955849288149, "1": 0.685341649321149, "2": 1.4802054233666402, "3": -1.4028427984535359, "4": 0.5144745810694973, "5": 1.4847424950035855, "6": 1.0260978969220869, "7": -1.9377808543548312}, "datetime": {"datetime": "2021-06-29 20:53:02", "elapsed": 2363.445101, "delta": 9.10875}}
