{"target": 0.0030389558932257133, "params": {"0": -1.0997388810723865, "1": -0.2454708981835072, "2": -0.7826490540818467, "3": -0.7165939252819742, "4": 2.08015709638478, "5": -1.9089132302163774, "6": 2.800116838710295, "7": -1.3827883250927833}, "datetime": {"datetime": "2021-06-29 22:59:17", "elapsed": 9937.966806, "delta": 25.11302}}
{"target": 0.0033785890486406995, "params": {"0": -2.817101971369887, "1": 2.5197225893998514, "2": 2.8200404975449107, "3": 1.6606601297799761, "4": 1.3020396412997624, "5": 0.5095611376630194, "6": -2.0575960889243765, "7": 0.2002083038277611}, "datetime": {"datetime": "2021-06-29 22:59:36", "elapsed": 9957.250179, "delta": 19.283373}}
{"target": 0.0037700922315805816, "params": {"0": 1.700382299465942, "1": -1.9963840343822874, "2": -2.3911262220170415, "3": 1.3707248642257026, "4": -0.4914323060086794, "5": -1.689559614166415, "6": 1.650947125539389, "7": 0.08839193550465474}, "datetime": {"datetime": "2021-06-29 23:00:13", "elapsed": 9993.86971, "delta": 36.619531}}
{"target": 0.004958877940015203, "params": {"0": 0.05612865110221188, "1": 1.535636611227022, "2": -1.7116270558937228, "3": -0.9294466094383105, "4": -1.8012731346491235, "5": 1.4225951761733375, "6": -0.5373469374312112, "7": 2.3906973797904723}, "datetime": {"datetime": "2021-06-29 23:00:33", "elapsed": 10014.49568, "delta": 20.62597}}
{"target": 0.0032996110604685673, "params": {"0": -1.7369066692375041, "1": 1.3725234121318781, "2": 1.6589389293264007, "3": 1.1103478604093189, "4": -1.7546837390748988, "5": -1.514985333375588, "6": 1.4537731458496799, "7": 1.0049439373563676}, "datetime": {"datetime": "2021-06-29 23:01:03", "elapsed": 10044.422108, "delta": 29.926428}}
{"target": 0.020432206828142705, "params": {"0": 0.08474758874827604, "1": -2.3647961467139247, "2": -2.539960420811661, "3": -2.8975877508480385, "4": -1.427173369497628, "5": -1.4276880784325967, "6": 1.339813170096468, "7": -0.5136646759327652}, "datetime": {"datetime": "2021-06-29 23:01:22", "elapsed": 10063.389273, "delta": 18.967165}}
{"target": 0.003032682669372049, "params": {"0": 1.0459059959322836, "1": -2.299892608308275, "2": -1.0363387345154615, "3": 2.8626099196053145, "4": -0.1784994229676431, "5": 0.6785173147449193, "6": 0.47784823786464514, "7": -0.42171886033765205}, "datetime": {"datetime": "2021-06-29 23:01:39", "elapsed": 10079.848095, "delta": 16.458822}}
{"target": 0.00564142918421961, "params": {"0": 2.8335623266953016, "1": 0.030912387689014054, "2": -2.41490773091898, "3": -0.2246068177506153, "4": -2.4680392044634556, "5": -0.42271120436773746, "6": -0.1026825299732872, "7": -0.012622938416362306}, "datetime": {"datetime": "2021-06-29 23:02:03", "elapsed": 10104.466779, "delta": 24.618684}}
{"target": 0.0031171569769623915, "params": {"0": -2.1054328874114088, "1": -0.6513517812474134, "2": 0.4978624767992992, "3": -2.8292004187101973, "4": 2.312806823124628, "5": -1.7937135353113807, "6": 2.354072702064788, "7": -0.6933176041559386}, "datetime": {"datetime": "2021-06-29 23:02:21", "elapsed": 10122.010411, "delta": 17.543632}}
{"target": 0.0032333652428968226, "params": {"0": 0.48481320031427266, "1": -2.9368451792412458, "2": -0.5200174523787551, "3": 1.9111438583416724, "4": -2.3322378282062184, "5": 0.08655761406969731, "6": 1.858249329763427, "7": 1.6240011998059227}, "datetime": {"datetime": "2021-06-29 23:02:42", "elapsed": 10143.490583, "delta": 21.480172}}
{"target": 0.0033690743243163963, "params": {"0": 0.4093015018226147, "1": 0.05507953342709282, "2": -2.5021328755151058, "3": -2.42084295666612, "4": -0.023555176919967558, "5": 1.779569725198562, "6": 2.111031124129374, "7": 0.4493228985355655}, "datetime": {"datetime": "2021-06-29 23:02:58", "elapsed": 10158.925793, "delta": 15.43521}}
{"target": 0.004812537209179136, "params": {"0": -1.5746868321435386, "1": -0.16902113576088773, "2": 0.5657000084685202, "3": 1.479670073927399, "4": 0.09637165347799925, "5": -1.5866895321467482, "6": -2.362538463455855, "7": -2.9195226230161233}, "datetime": {"datetime": "2021-06-29 23:03:20", "elapsed": 10181.555916, "delta": 22.630123}}
{"target": 0.0031348574034959706, "params": {"0": -1.8413085280082826, "1": 0.08094517185862049, "2": 1.3059197634010067, "3": -2.7394373384180257, "4": -2.6697887765263006, "5": 2.759333870248314, "6": 2.310675647989255, "7": -1.4377831863293191}, "datetime": {"datetime": "2021-06-29 23:03:37", "elapsed": 10198.519817, "delta": 16.963901}}
{"target": 0.0038987267108378395, "params": {"0": 0.5875259190470659, "1": 2.3445754316875735, "2": -2.6718047704188885, "3": -2.1474643478777358, "4": -0.31852635071729374, "5": 1.6483849885556339, "6": 1.446916716535915, "7": 1.2006262789953084}, "datetime": {"datetime": "2021-06-29 23:04:03", "elapsed": 10224.294902, "delta": 25.775085}}
{"target": 0.0034544177928700634, "params": {"0": -2.2526036090296215, "1": 0.40825977547066294, "2": 2.580200457954083, "3": 0.7490390279236792, "4": -0.18950060854077622, "5": -0.7603735092353743, "6": 2.041234562947986, "7": 1.7840492335365434}, "datetime": {"datetime": "2021-06-29 23:04:21", "elapsed": 10242.488993, "delta": 18.194091}}
{"target": 0.008221908105288844, "params": {"0": -1.1983479661774066, "1": -2.983557915357944, "2": 1.405064718994761, "3": -2.7501487229819714, "4": 2.4197822980934847, "5": 0.9416663919420283, "6": 2.18640113688389, "7": -1.3091565762369977}, "datetime": {"datetime": "2021-06-29 23:04:41", "elapsed": 10262.147403, "delta": 19.65841}}
{"target": 0.0034453691227923854, "params": {"0": -1.7948916319487036, "1": -0.4808436356566155, "2": 1.2079523618921986, "3": -2.966173258414865, "4": 0.5762127353223745, "5": -0.5789540032277638, "6": 0.3480757626246165, "7": 2.8697600990000707}, "datetime": {"datetime": "2021-06-29 23:05:09", "elapsed": 10290.425778, "delta": 28.278375}}
{"target": 0.0035947712455910684, "params": {"0": 0.6450822639800258, "1": -0.45013781185300905, "2": -1.0297346833175658, "3": 1.7413952024795663, "4": 2.8272266208918264, "5": -1.234460023389175, "6": -1.4937263678439923, "7": -0.9780586971929646}, "datetime": {"datetime": "2021-06-29 23:05:31", "elapsed": 10311.788812, "delta": 21.363034}}
{"target": 0.0038231547895542367, "params": {"0": 0.8940131011887704, "1": -0.9438376525609593, "2": 2.919024786038018, "3": -2.811285556743715, "4": -1.966910950964214, "5": -2.109063348206888, "6": -0.10330786101614864, "7": -2.2353547190618537}, "datetime": {"datetime": "2021-06-29 23:06:03", "elapsed": 10343.856989, "delta": 32.068177}}
{"target": 0.003351615151236381, "params": {"0": 2.831287133017577, "1": 0.3303492685974865, "2": -1.0036326055398535, "3": 1.891886102063335, "4": -1.473824636072688, "5": -2.009713929993446, "6": -2.810857632487978, "7": -2.4496965540630122}, "datetime": {"datetime": "2021-06-29 23:06:27", "elapsed": 10368.139982, "delta": 24.282993}}
{"target": 0.0034716314161900314, "params": {"0": -1.2473395287187807, "1": -1.2602488292782985, "2": -1.5751233924741688, "3": -2.9731153639810537, "4": -2.3929802121627066, "5": 2.473710088348465, "6": -1.0108491822823287, "7": 2.6361453908996673}, "datetime": {"datetime": "2021-06-29 23:06:48", "elapsed": 10389.578567, "delta": 21.438585}}
{"target": 0.0031932771527963507, "params": {"0": 1.0487534306018649, "1": 2.85805209304025, "2": 0.7633579552563465, "3": 0.6693786843660359, "4": -0.7437702532042536, "5": -1.5981138829859114, "6": -2.9802106530612935, "7": 0.546907168755574}, "datetime": {"datetime": "2021-06-29 23:07:09", "elapsed": 10410.171327, "delta": 20.59276}}
{"target": 0.0029084366555500295, "params": {"0": 2.836968154598356, "1": -2.9863926868617234, "2": 1.0407192434924113, "3": 2.468670679037823, "4": -0.28115512369663964, "5": 1.0402164951113306, "6": -2.3244297422718985, "7": 0.8740198219582922}, "datetime": {"datetime": "2021-06-29 23:07:26", "elapsed": 10426.74489, "delta": 16.573563}}
{"target": 0.0035653882466622, "params": {"0": -2.4722135027651824, "1": 2.1247443486852324, "2": -2.3121927960839974, "3": -2.5881238097482555, "4": -2.6342879490855413, "5": -2.2536185353519116, "6": -2.5484926395077716, "7": -0.48124747732075157}, "datetime": {"datetime": "2021-06-29 23:07:42", "elapsed": 10443.606481, "delta": 16.861591}}
{"target": 0.003935802556043005, "params": {"0": 1.052431674586284, "1": 2.9324281910840293, "2": -0.9881543669814912, "3": -1.0448964968818886, "4": 2.2953840886386914, "5": -2.2236942634256813, "6": -0.06751228801491393, "7": -1.9108089937194146}, "datetime": {"datetime": "2021-06-29 23:08:05", "elapsed": 10466.702626, "delta": 23.096145}}
{"target": 0.0033192237662588004, "params": {"0": -1.5124024244160592, "1": -2.162564971510402, "2": 0.8955186396710886, "3": -0.3397960107922078, "4": 0.40660378886754955, "5": 1.0915679385744639, "6": -2.4732057788436324, "7": -0.44106658512126007}, "datetime": {"datetime": "2021-06-29 23:08:25", "elapsed": 10485.907559, "delta": 19.204933}}
{"target": 0.003437847507895551, "params": {"0": -0.681969506266995, "1": 1.2958468223880049, "2": -0.9461692280527201, "3": 2.745016805199226, "4": -0.5559016573958635, "5": 2.7564906170472385, "6": -2.567980287368892, "7": 1.3581106136863736}, "datetime": {"datetime": "2021-06-29 23:08:46", "elapsed": 10507.631618, "delta": 21.724059}}
{"target": 0.0032067258264235855, "params": {"0": 1.4559202411478216, "1": 2.3320413953558843, "2": 0.2817063326513418, "3": 2.050092782804528, "4": 2.1390494710085015, "5": 2.981597698385924, "6": -0.248251374270958, "7": 0.9344956966310844}, "datetime": {"datetime": "2021-06-29 23:09:11", "elapsed": 10532.126011, "delta": 24.494393}}
{"target": 0.002929102588266806, "params": {"0": -1.5566659060431753, "1": 0.22250419074687589, "2": -1.4528253472343613, "3": -0.7874662607038156, "4": 1.7261597676422387, "5": 1.075657172891062, "6": 1.0869348780369252, "7": -2.7103882816665728}, "datetime": {"datetime": "2021-06-29 23:09:52", "elapsed": 10572.964587, "delta": 40.838576}}
{"target": 0.0031614362786140226, "params": {"0": -0.3000870533187028, "1": 2.1699956021889264, "2": -0.3595502697726074, "3": 1.129951708344736, "4": -1.7450651898859497, "5": -2.001401328276617, "6": -0.04600623411708549, "7": 0.0029614896931517976}, "datetime": {"datetime": "2021-06-29 23:10:07", "elapsed": 10588.49495, "delta": 15.530363}}
{"target": 0.0031477857523954955, "params": {"0": 2.440989442985498, "1": 1.5556135208985484, "2": -1.8462973234970212, "3": 1.4454136857921078, "4": -0.7621347480726177, "5": -2.3978032306944383, "6": -1.9149605468636837, "7": -2.2690155090937725}, "datetime": {"datetime": "2021-06-29 23:10:22", "elapsed": 10602.947621, "delta": 14.452671}}
{"target": 0.003976330299937425, "params": {"0": 1.1674727687178699, "1": 1.5966792890675974, "2": -1.1450044503505539, "3": -0.7904715766068389, "4": -1.6046561957320216, "5": 1.308459519991235, "6": 2.701865449487615, "7": -2.4814806142955543}, "datetime": {"datetime": "2021-06-29 23:10:52", "elapsed": 10633.439581, "delta": 30.49196}}
{"target": 0.0034164460315964625, "params": {"0": 0.9827276172210411, "1": -0.9585503301542992, "2": 0.012762716982542166, "3": -0.4786022241669965, "4": -2.680392590160599, "5": -2.8257491299750797, "6": -1.4122800310980523, "7": -2.6792895820501164}, "datetime": {"datetime": "2021-06-29 23:11:18", "elapsed": 10659.299605, "delta": 25.860024}}
{"target": 0.003313510668559111, "params": {"0": 2.699175038460524, "1": 2.228996812891702, "2": -2.028961139110531, "3": 2.4503305904600348, "4": 2.629704461798835, "5": 2.640862902636087, "6": 2.661551310000557, "7": -1.634202886335356}, "datetime": {"datetime": "2021-06-29 23:11:45", "elapsed": 10685.772415, "delta": 26.47281}}
{"target": 0.006489721813346676, "params": {"0": -0.2233307539560312, "1": 1.1704681531406038, "2": -2.3470825103502317, "3": 1.0449267236981319, "4": 2.880594406001851, "5": -1.0228327587697654, "6": -2.849902518277834, "7": -2.456565912514911}, "datetime": {"datetime": "2021-06-29 23:12:12", "elapsed": 10713.299742, "delta": 27.527327}}
{"target": 0.003333826766760496, "params": {"0": -0.9894726461305421, "1": -0.8997043037985017, "2": -0.7817974162949888, "3": -2.9410058578088734, "4": 0.9450531373856847, "5": 2.2973333731043972, "6": -1.524025307616232, "7": -0.8228551080264741}, "datetime": {"datetime": "2021-06-29 23:12:36", "elapsed": 10737.416974, "delta": 24.117232}}
{"target": 0.0037181663723004927, "params": {"0": 1.0365048768453722, "1": 0.5283199164874492, "2": -0.052157618001659856, "3": 1.2211642269566498, "4": -2.8832459930036487, "5": -2.2931888243034724, "6": 2.1359001256364394, "7": 2.596275589522546}, "datetime": {"datetime": "2021-06-29 23:12:52", "elapsed": 10752.826428, "delta": 15.409454}}
{"target": 0.0035592307481059704, "params": {"0": -1.9307940453264143, "1": -0.9588071123964177, "2": 1.913856787815937, "3": -2.6563348735583414, "4": -2.8802706945019056, "5": -2.6159027904139727, "6": 0.869684498488593, "7": 2.6380063351231122}, "datetime": {"datetime": "2021-06-29 23:13:12", "elapsed": 10772.778706, "delta": 19.952278}}
{"target": 0.003100421461892132, "params": {"0": 1.1916046412809278, "1": -1.5116192807312336, "2": 1.8736361180921213, "3": -1.1048947946560823, "4": 0.1567677545266446, "5": -0.16026249090822242, "6": 1.8539140306086273, "7": 2.991907537772641}, "datetime": {"datetime": "2021-06-29 23:13:31", "elapsed": 10792.673794, "delta": 19.895088}}
{"target": 0.003025731362367569, "params": {"0": -1.87573053781332, "1": -2.043288559558289, "2": -1.1796929818241622, "3": 1.0106112357900159, "4": 2.222070212496001, "5": -0.8676190763520077, "6": -0.45649245986123876, "7": 1.5885779318966335}, "datetime": {"datetime": "2021-06-29 23:14:06", "elapsed": 10827.115132, "delta": 34.441338}}
{"target": 0.003011380687142142, "params": {"0": -0.5566401795805347, "1": 1.2696111982724467, "2": -1.1599677554943952, "3": 2.3920141374157318, "4": 2.3130231175872042, "5": -2.037348255620034, "6": 2.7311523869837044, "7": 2.4651739367183954}, "datetime": {"datetime": "2021-06-29 23:14:52", "elapsed": 10873.503435, "delta": 46.388303}}
{"target": 0.0029526562675629953, "params": {"0": -0.33895722411490725, "1": 2.1890583619950217, "2": 2.7149183694545638, "3": 1.0166191265420261, "4": 0.7310837416170903, "5": 0.5370054206228141, "6": 1.717091665937029, "7": 1.368600008163111}, "datetime": {"datetime": "2021-06-29 23:15:46", "elapsed": 10927.342798, "delta": 53.839363}}
{"target": 0.0028877346288667077, "params": {"0": 1.8091545736294172, "1": 2.1496090833969586, "2": 2.7712453895700744, "3": 2.8614115281755392, "4": 2.8215584589081324, "5": 1.2079422918108955, "6": -1.8214804633136918, "7": -0.6881803735100429}, "datetime": {"datetime": "2021-06-29 23:16:00", "elapsed": 10940.95808, "delta": 13.615282}}
{"target": 0.0034371872769327614, "params": {"0": 1.5025954451102672, "1": -1.7658166943199771, "2": -1.4926283188866785, "3": -1.5769299362242237, "4": 0.9217700637742006, "5": 1.584802990430222, "6": -0.841173125049878, "7": -2.7229400442757177}, "datetime": {"datetime": "2021-06-29 23:17:02", "elapsed": 11003.172718, "delta": 62.214638}}
{"target": 0.003004673745690714, "params": {"0": -2.3473966111740925, "1": -0.1641134324094864, "2": 0.45853259192802387, "3": 1.153978319072631, "4": 2.5895203453933817, "5": -2.141460081925379, "6": -1.9029660756680367, "7": 1.464320004035816}, "datetime": {"datetime": "2021-06-29 23:17:20", "elapsed": 11020.943981, "delta": 17.771263}}
{"target": 0.0029552351511136048, "params": {"0": -2.1463630418096997, "1": 2.544952098716143, "2": 0.6193544551524619, "3": -0.4698881324136748, "4": 2.9060726932428773, "5": -0.7339753610130968, "6": 1.684560413314471, "7": -1.5117654525331428}, "datetime": {"datetime": "2021-06-29 23:17:42", "elapsed": 11042.771725, "delta": 21.827744}}
{"target": 0.003405477881424506, "params": {"0": -0.03840930902983741, "1": -0.9844189164937518, "2": -0.19337704381894483, "3": -2.186964814972225, "4": -1.159814832163894, "5": -2.185300693918332, "6": 2.4086747356897495, "7": 0.7203012495567407}, "datetime": {"datetime": "2021-06-29 23:18:11", "elapsed": 11072.343623, "delta": 29.571898}}
{"target": 0.003929000926394195, "params": {"0": -1.7423907511797856, "1": 2.8649760568574516, "2": -1.6023914539815611, "3": -2.5613320731999476, "4": 0.6516836314971237, "5": -1.828855882565953, "6": -1.0572016052071214, "7": -0.37076483270685934}, "datetime": {"datetime": "2021-06-29 23:18:36", "elapsed": 11096.939337, "delta": 24.595714}}
{"target": 0.003312942294108307, "params": {"0": -2.025432304813962, "1": -0.789227336720904, "2": -2.6214699324364776, "3": 1.9509373403990775, "4": -2.1387253349129645, "5": -1.006751943838006, "6": 1.9913711975195199, "7": 1.9109226778653863}, "datetime": {"datetime": "2021-06-29 23:19:01", "elapsed": 11121.822161, "delta": 24.882824}}
{"target": 0.004134788048245202, "params": {"0": -0.48834522274786263, "1": 2.253164278417078, "2": 1.2769863939348483, "3": 2.686304115490856, "4": 1.3336613058969942, "5": -0.7533542645231517, "6": 2.1816859953082925, "7": 1.7648091546268496}, "datetime": {"datetime": "2021-06-29 23:19:27", "elapsed": 11148.405416, "delta": 26.583255}}
{"target": 0.004989707684883047, "params": {"0": -2.829194116269397, "1": 1.5052460034025348, "2": 1.7869658674382443, "3": -2.7381141834714935, "4": 0.24715812444609053, "5": 2.037343463037832, "6": 2.9754979940458908, "7": -1.9284425308603244}, "datetime": {"datetime": "2021-06-29 23:19:50", "elapsed": 11171.003025, "delta": 22.597609}}
{"target": 0.003178560377562197, "params": {"0": 2.8686082501929473, "1": 1.921839827259598, "2": 1.1045548151064404, "3": 1.4407041746353562, "4": -0.28305942193698375, "5": -0.5188415762407574, "6": -2.797088831376117, "7": -1.2529398368798068}, "datetime": {"datetime": "2021-06-29 23:20:09", "elapsed": 11190.407868, "delta": 19.404843}}
{"target": 0.0033599229531605045, "params": {"0": 1.4884729041056097, "1": -0.335213569323197, "2": 2.555293726652687, "3": -2.8270122258051154, "4": -1.8293521526518355, "5": -2.6350634024588384, "6": 0.5555072017009266, "7": -2.2130359338874364}, "datetime": {"datetime": "2021-06-29 23:20:33", "elapsed": 11214.106515, "delta": 23.698647}}
{"target": 0.003897022700197404, "params": {"0": -2.382836985454558, "1": 2.0072486512926746, "2": -1.6966016456074653, "3": -0.7697644932149847, "4": -1.0120117647921583, "5": 0.27948275791923205, "6": -1.6139594866709126, "7": -1.2412976104773934}, "datetime": {"datetime": "2021-06-29 23:20:53", "elapsed": 11233.934655, "delta": 19.82814}}
{"target": 0.0032078729980824536, "params": {"0": 2.0005588671462284, "1": -0.05125948330280661, "2": 2.559860931381306, "3": -1.5110839994304708, "4": -1.8553571675360292, "5": -1.7148414907642153, "6": -0.3226474971729245, "7": -2.4296268260682323}, "datetime": {"datetime": "2021-06-29 23:21:19", "elapsed": 11260.12969, "delta": 26.195035}}
{"target": 0.0036009324791075425, "params": {"0": -1.0682702751028972, "1": 0.21063954156013143, "2": 2.3551635490930254, "3": -1.5872028198706207, "4": -0.25877388748638364, "5": -2.588409691105543, "6": -1.6771379814014524, "7": -2.423775387052666}, "datetime": {"datetime": "2021-06-29 23:21:41", "elapsed": 11282.10338, "delta": 21.97369}}
{"target": 0.0034457669101275643, "params": {"0": 1.8743909597394284, "1": -1.8771482613295265, "2": 2.687753209602005, "3": -2.4123308738382443, "4": -1.3487294742152105, "5": -2.195719621022934, "6": -2.621381693741794, "7": 2.2344077434172736}, "datetime": {"datetime": "2021-06-29 23:21:59", "elapsed": 11300.566219, "delta": 18.462839}}
{"target": 0.004153610223739029, "params": {"0": 2.7093355120192886, "1": -2.673398487322766, "2": -0.16694883298506635, "3": -0.6644114368667333, "4": -2.139419069461412, "5": 0.6729085785908842, "6": -1.9371572093452516, "7": 1.7572799136394268}, "datetime": {"datetime": "2021-06-29 23:22:27", "elapsed": 11328.64663, "delta": 28.080411}}
{"target": 0.0032834794013968573, "params": {"0": -1.9286757699811214, "1": 0.9683667844742931, "2": -0.6957145953793509, "3": 1.1822559794741787, "4": 1.8340570377895276, "5": -2.033451022226062, "6": 2.8968968803024735, "7": 2.0392046283374894}, "datetime": {"datetime": "2021-06-29 23:22:43", "elapsed": 11344.218923, "delta": 15.572293}}
{"target": 0.0038850872220212063, "params": {"0": 0.7012837243758283, "1": -1.432651226511558, "2": 0.6852958461885512, "3": -2.437444022393523, "4": -0.4999753615870284, "5": 2.0057771486898766, "6": -1.0966879575779396, "7": 2.1103609876188933}, "datetime": {"datetime": "2021-06-29 23:23:13", "elapsed": 11374.187332, "delta": 29.968409}}
{"target": 0.29024393570722473, "params": {"0": -0.0017653977335472248, "1": 0.39210835222282414, "2": -1.8075144699036294, "3": 1.5460253657458711, "4": -2.604165880212263, "5": -1.6377186835149207, "6": -1.491318057354887, "7": 2.448962002400851}, "datetime": {"datetime": "2021-06-29 23:23:42", "elapsed": 11402.837901, "delta": 28.650569}}
{"target": 0.0035429506100612997, "params": {"0": -1.1573904965945079, "1": 2.476903404816805, "2": 0.7967533107804012, "3": -1.7225614299457597, "4": -1.5699809526525896, "5": 2.9484103002148956, "6": 2.8763422196610255, "7": -2.1934771263956856}, "datetime": {"datetime": "2021-06-29 23:24:03", "elapsed": 11423.942767, "delta": 21.104866}}
{"target": 0.002914143988660022, "params": {"0": 0.9520812637747644, "1": 1.9276532374957869, "2": 0.7403310010775996, "3": 2.583026954031933, "4": -2.286634245354958, "5": 0.2322840648796589, "6": 1.878578149349285, "7": 0.7073209931472153}, "datetime": {"datetime": "2021-06-29 23:24:23", "elapsed": 11443.840434, "delta": 19.897667}}
{"target": 0.0062275966532782225, "params": {"0": 2.0409090269707697, "1": -0.37247326859193475, "2": -1.4428402755657108, "3": -0.4250669697906879, "4": -0.0991418169795728, "5": -0.5454758534765105, "6": -1.0582687941043538, "7": 1.174513716659927}, "datetime": {"datetime": "2021-06-29 23:24:54", "elapsed": 11474.977609, "delta": 31.137175}}
