{"target": 0.019362445556985634, "params": {"0": -0.750783182698874, "1": 0.526782864009216, "2": -0.6642898326296285, "3": 1.0391238627900181, "4": -1.429176688622592, "5": 2.682366821018716, "6": -2.5307460098048846, "7": 0.9582161897306447}, "datetime": {"datetime": "2021-06-29 23:56:16", "elapsed": 13356.775235, "delta": 34.259681}}
{"target": 0.003614316054878599, "params": {"0": 0.03902730884054195, "1": 1.604228735758661, "2": -1.921255951887329, "3": -0.28086817669853836, "4": -2.1770974086377803, "5": -0.8631251885655375, "6": -1.54470500611952, "7": -2.558282092393881}, "datetime": {"datetime": "2021-06-29 23:57:20", "elapsed": 13421.235443, "delta": 64.460208}}
{"target": 0.003548447905862314, "params": {"0": -2.3306928329749717, "1": -2.2116718562105504, "2": -1.9151914483424548, "3": -0.4196127957949365, "4": -2.7501564548034665, "5": -1.129970430573748, "6": -2.700811624623487, "7": -2.516826685185899}, "datetime": {"datetime": "2021-06-29 23:57:49", "elapsed": 13450.016151, "delta": 28.780708}}
{"target": 0.0033673875032940526, "params": {"0": -1.8858871808711424, "1": 1.386574115617635, "2": -0.47989983022061633, "3": 1.1968233543706113, "4": -2.40909361114029, "5": 0.4028390983250869, "6": -1.297514728889527, "7": -0.046385521668778296}, "datetime": {"datetime": "2021-06-29 23:58:17", "elapsed": 13478.443374, "delta": 28.427223}}
{"target": 0.0033113815697126945, "params": {"0": -1.6259391062962913, "1": 1.5244070728479446, "2": 1.5348764104039896, "3": 0.13323109655453447, "4": -1.4084344950797467, "5": -2.641510103870064, "6": 2.1450388357448134, "7": 1.2649310269681662}, "datetime": {"datetime": "2021-06-29 23:58:50", "elapsed": 13511.00588, "delta": 32.562506}}
{"target": 0.003207234284410374, "params": {"0": -1.7697048789465704, "1": 2.655600538037368, "2": 1.8088833984311865, "3": 0.05686851542763982, "4": -0.25076081085120183, "5": 1.5591127583258197, "6": -2.16515678281346, "7": 1.1247068240925646}, "datetime": {"datetime": "2021-06-29 23:59:08", "elapsed": 13529.353123, "delta": 18.347243}}
{"target": 0.002995489133936137, "params": {"0": 0.7743241491915804, "1": -2.1757709290468195, "2": -1.3850194435781202, "3": -0.17921073206933436, "4": 0.8437705456976445, "5": 2.8315085443496084, "6": -1.8511170819240865, "7": 0.8368059607443645}, "datetime": {"datetime": "2021-06-29 23:59:44", "elapsed": 13565.480596, "delta": 36.127473}}
{"target": 0.0035477835770010365, "params": {"0": -0.13557719471853913, "1": -2.1788459962208253, "2": -0.5725872768909119, "3": -2.810142859905425, "4": -1.4340620006442066, "5": 1.6894883219746912, "6": -2.957628419514396, "7": -0.32232459158397164}, "datetime": {"datetime": "2021-06-30 00:00:39", "elapsed": 13620.059984, "delta": 54.579388}}
{"target": 0.0037433129254495602, "params": {"0": 1.4699148794766685, "1": 1.4321178981107927, "2": -2.7975601230676386, "3": -0.7341834967470939, "4": -2.131670248447488, "5": 1.3753152933568558, "6": -2.6719631944954116, "7": -2.074676046048014}, "datetime": {"datetime": "2021-06-30 00:01:09", "elapsed": 13650.523087, "delta": 30.463103}}
{"target": 0.003398060896672414, "params": {"0": -0.6745456451144323, "1": 1.9893384535659369, "2": -1.2655470487003129, "3": -0.33045647952606316, "4": -1.952050732187158, "5": -1.3521274473522413, "6": -1.7557490923564092, "7": -2.4626115427159885}, "datetime": {"datetime": "2021-06-30 00:01:55", "elapsed": 13695.951768, "delta": 45.428681}}
{"target": 0.003430552145576774, "params": {"0": -1.6700349801981593, "1": 0.9025416757521518, "2": -0.3983382510579476, "3": 2.3171071127714153, "4": 1.8761547778085905, "5": 0.9620210989949642, "6": -0.7761842160421688, "7": 2.393356282834633}, "datetime": {"datetime": "2021-06-30 00:02:20", "elapsed": 13721.142408, "delta": 25.19064}}
{"target": 0.003204352938921177, "params": {"0": 2.678244711311075, "1": 0.35475484819991143, "2": -1.387732331718782, "3": 1.8278321878891024, "4": 0.500133079057238, "5": -0.8729083326002147, "6": -2.237341051145262, "7": 0.21929135738829508}, "datetime": {"datetime": "2021-06-30 00:02:50", "elapsed": 13751.54377, "delta": 30.401362}}
{"target": 0.00372632643016968, "params": {"0": -0.382800819619562, "1": 2.8080720462773243, "2": -2.4714590412011574, "3": -2.219264144564904, "4": -0.9764580263622609, "5": -2.4356740572364224, "6": 1.4846873393286852, "7": -2.2714832357976187}, "datetime": {"datetime": "2021-06-30 00:03:05", "elapsed": 13766.341289, "delta": 14.797519}}
{"target": 0.0035290017206062742, "params": {"0": -1.0750367448042362, "1": -1.4648461461232285, "2": -2.507469712823089, "3": 2.1433748161843944, "4": -2.582169269597215, "5": -1.4917834384222477, "6": 1.674730118939955, "7": 2.727285885739052}, "datetime": {"datetime": "2021-06-30 00:03:24", "elapsed": 13785.029601, "delta": 18.688312}}
{"target": 0.004763041509386245, "params": {"0": 0.901105374486141, "1": -2.5483669781591267, "2": -0.6262670828082202, "3": 0.32058807495853303, "4": -0.03493222346636049, "5": 2.353966195932453, "6": -2.2238243703935328, "7": -0.01601552875179646}, "datetime": {"datetime": "2021-06-30 00:04:01", "elapsed": 13821.936416, "delta": 36.906815}}
{"target": 0.006532994040240897, "params": {"0": -2.1148274493255435, "1": -0.015338120736629435, "2": -0.5840655011430798, "3": -1.3127513156588555, "4": 1.0708367778316248, "5": 2.75353734675857, "6": -2.339052340742188, "7": -0.40753007514643436}, "datetime": {"datetime": "2021-06-30 00:05:11", "elapsed": 13891.808324, "delta": 69.871908}}
{"target": 0.659189728233392, "params": {"0": -1.4319039314836908, "1": -1.637382091897452, "2": -2.8319693159253063, "3": 0.4934784809260542, "4": -2.890657625095782, "5": -1.6390558481072002, "6": -2.01666289955146, "7": -2.2068595121573145}, "datetime": {"datetime": "2021-06-30 00:05:46", "elapsed": 13927.657864, "delta": 35.84954}}
{"target": 0.003949366037066145, "params": {"0": -0.0003171348690340636, "1": 0.6692079902835122, "2": -1.6554719095666408, "3": 1.7569463897117643, "4": -2.849162063612355, "5": -1.9344085892734686, "6": -1.4643497453130394, "7": 2.6426933525067327}, "datetime": {"datetime": "2021-06-30 00:06:41", "elapsed": 13981.933436, "delta": 54.275572}}
{"target": 0.0030584132379394557, "params": {"0": -2.4125597644648495, "1": -1.737448808605663, "2": 0.9731310932321939, "3": 2.2750832369311356, "4": -0.4002359939262061, "5": 1.791012365964681, "6": 0.08188193867279381, "7": 0.04724472053175388}, "datetime": {"datetime": "2021-06-30 00:07:05", "elapsed": 14006.718641, "delta": 24.785205}}
{"target": 0.005417729774812171, "params": {"0": -1.682721514030954, "1": -1.5412050099806545, "2": -2.162384585366392, "3": -2.3319233410575504, "4": 1.325212284848046, "5": -0.9964484642432163, "6": -2.639642429021155, "7": 1.0531302751533254}, "datetime": {"datetime": "2021-06-30 00:07:59", "elapsed": 14060.209791, "delta": 53.49115}}
{"target": 0.004747186991420601, "params": {"0": 1.628379603528039, "1": 2.8790340408516766, "2": 1.8242152651367656, "3": -2.0755205933125658, "4": -0.11722341504561085, "5": -2.775005215965871, "6": -0.23645738321838827, "7": 2.4064714402600496}, "datetime": {"datetime": "2021-06-30 00:08:20", "elapsed": 14081.259841, "delta": 21.05005}}
{"target": 0.015308149707739069, "params": {"0": -1.5902116699013713, "1": -1.7917790229444246, "2": -0.8137363376495856, "3": 1.3552369557021606, "4": 2.4696721861737707, "5": -1.940785473384112, "6": 1.1110983346431418, "7": 0.489876972193112}, "datetime": {"datetime": "2021-06-30 00:09:29", "elapsed": 14149.892106, "delta": 68.632265}}
{"target": 0.0030097970758024145, "params": {"0": -1.2481221420163202, "1": -2.085170432594948, "2": -2.2936617015793033, "3": -2.3199447317068196, "4": 1.6346678563935857, "5": 0.34837430129620905, "6": -2.5822768970648333, "7": 1.102960172020917}, "datetime": {"datetime": "2021-06-30 00:10:03", "elapsed": 14183.812818, "delta": 33.920712}}
{"target": 0.002939305878242263, "params": {"0": 2.210299718551191, "1": -0.08723992171015382, "2": -2.478070806887537, "3": 1.0343032983152192, "4": 1.460691115914588, "5": 0.11452699778607878, "6": -1.1947001293783377, "7": 1.6987773672014717}, "datetime": {"datetime": "2021-06-30 00:10:24", "elapsed": 14205.694168, "delta": 21.88135}}
{"target": 0.007565353566586044, "params": {"0": 1.2976110038935005, "1": 0.08575083324886368, "2": 2.8613284433568866, "3": -1.367945162532445, "4": -1.6202973360426054, "5": -2.900089764637798, "6": 0.44425446652092226, "7": -2.0438004169963593}, "datetime": {"datetime": "2021-06-30 00:11:03", "elapsed": 14243.83775, "delta": 38.143582}}
{"target": 0.0028985787948430535, "params": {"0": -1.0860325356252942, "1": 0.359758351683269, "2": 1.8390650363599947, "3": -0.8391380022800101, "4": -0.36773680056353664, "5": 2.3600667844003054, "6": 2.7417706163899904, "7": 2.6710682944161652}, "datetime": {"datetime": "2021-06-30 00:11:25", "elapsed": 14266.496993, "delta": 22.659243}}
{"target": 0.013937323205797224, "params": {"0": -2.0542918516659587, "1": 0.43698842541211125, "2": -0.7850786493383648, "3": -2.4419946854539427, "4": 1.2712284393879854, "5": 2.8428580217564177, "6": -1.5483307506915198, "7": 1.2792174785142274}, "datetime": {"datetime": "2021-06-30 00:12:03", "elapsed": 14303.942602, "delta": 37.445609}}
{"target": 0.0046425583813131934, "params": {"0": 2.5061675723942054, "1": 0.375334947721246, "2": -0.9341991511491741, "3": 1.8596273693415544, "4": -1.4018993430401903, "5": 0.5638846389098457, "6": 1.4154893972226734, "7": 2.7841222612696743}, "datetime": {"datetime": "2021-06-30 00:13:19", "elapsed": 14380.327119, "delta": 76.384517}}
{"target": 0.005545571908748854, "params": {"0": 0.8278874372407117, "1": -1.7581450332901365, "2": -2.9300117393493124, "3": -0.4676168300093506, "4": -2.3224244975686954, "5": 2.0776763634121505, "6": -2.5444482756026403, "7": -2.082914040209652}, "datetime": {"datetime": "2021-06-30 00:13:45", "elapsed": 14406.037122, "delta": 25.710003}}
{"target": 0.003388105142241416, "params": {"0": -2.3838846498651014, "1": 1.1694223376353197, "2": -2.07393483259942, "3": -0.505991673228519, "4": -0.7029109573986174, "5": -2.45065719607005, "6": -1.2813556513303588, "7": -1.740414256224643}, "datetime": {"datetime": "2021-06-30 00:14:45", "elapsed": 14465.973909, "delta": 59.936787}}
{"target": 0.0033288753921728717, "params": {"0": 0.5118986959770293, "1": -2.94921440053166, "2": 2.3518846231449464, "3": -1.6223813202841824, "4": -1.0021876728662704, "5": 0.9342786533240162, "6": -2.278228365271616, "7": 1.145486968268684}, "datetime": {"datetime": "2021-06-30 00:15:21", "elapsed": 14502.595065, "delta": 36.621156}}
{"target": 0.0037114574196789626, "params": {"0": -2.6073843529686602, "1": 2.921250340632616, "2": -1.4500847088623914, "3": 0.7345113231118838, "4": 2.802047130017435, "5": -2.020091393000097, "6": 0.517309907101029, "7": 1.572003021629084}, "datetime": {"datetime": "2021-06-30 00:16:02", "elapsed": 14543.083356, "delta": 40.488291}}
{"target": 0.0031044872085980303, "params": {"0": 2.641651406997224, "1": -1.1915624802713327, "2": -0.04749920195189983, "3": 2.276057746204189, "4": 0.2067127828361781, "5": -2.5849283108868373, "6": -2.220804387270757, "7": 1.3874587736621367}, "datetime": {"datetime": "2021-06-30 00:17:22", "elapsed": 14623.031166, "delta": 79.94781}}
{"target": 0.005310412537446585, "params": {"0": 1.266456335767808, "1": -1.2630846618910732, "2": 1.2369193435067425, "3": -0.7093913270035257, "4": 2.0539814719901592, "5": -1.0160061431898975, "6": 1.7438535798588202, "7": -1.113218466369389}, "datetime": {"datetime": "2021-06-30 00:18:12", "elapsed": 14673.718388, "delta": 50.687222}}
{"target": 0.003968391886023518, "params": {"0": 1.2421697991958123, "1": -2.8454344213794434, "2": -0.5686429450419292, "3": -2.3554306495424298, "4": -0.8126265441663669, "5": -2.8809682568982335, "6": -0.7833458601101451, "7": 1.6741778971316368}, "datetime": {"datetime": "2021-06-30 00:18:51", "elapsed": 14711.826694, "delta": 38.108306}}
{"target": 0.03149631773207434, "params": {"0": -2.934661092458664, "1": 0.48222639347603646, "2": 1.4087131540598614, "3": -2.4970110816008715, "4": 0.08843922719771857, "5": -0.4791648511157427, "6": -0.043888985103632816, "7": -2.4755999650733544}, "datetime": {"datetime": "2021-06-30 00:19:22", "elapsed": 14742.880454, "delta": 31.05376}}
{"target": 0.003083360424528389, "params": {"0": 1.4536281974079666, "1": 1.7217270365900088, "2": 0.7808102431037951, "3": -2.917406233871497, "4": 2.400240170463972, "5": -0.11835106548945706, "6": -2.1019725224882446, "7": -2.6329016735008697}, "datetime": {"datetime": "2021-06-30 00:19:49", "elapsed": 14770.277634, "delta": 27.39718}}
{"target": 0.003468326049419316, "params": {"0": -0.30767442098393527, "1": 2.6301489322758096, "2": -2.6015269165117862, "3": -2.3369704203020722, "4": -1.5277366819437828, "5": 1.923476919646502, "6": 2.6770197934339777, "7": -1.2827629748400327}, "datetime": {"datetime": "2021-06-30 00:20:12", "elapsed": 14792.913588, "delta": 22.635954}}
{"target": 0.004137257702652756, "params": {"0": -0.9681405875481097, "1": 1.2543867014348429, "2": 1.4689856073491718, "3": 1.827618769305305, "4": 2.0650276117394073, "5": -2.1665755130347275, "6": 2.6079886795672325, "7": -1.7293222910059538}, "datetime": {"datetime": "2021-06-30 00:20:31", "elapsed": 14812.409263, "delta": 19.495675}}
{"target": 0.01617073901847511, "params": {"0": -2.3094775665346274, "1": 0.7130811164184823, "2": -2.7229322556983915, "3": 0.8607239180919439, "4": 2.9900562320649913, "5": -1.830395579548073, "6": 1.5563627872874974, "7": -2.685602458855656}, "datetime": {"datetime": "2021-06-30 00:20:59", "elapsed": 14839.934096, "delta": 27.524833}}
{"target": 0.004263470448154018, "params": {"0": -2.6522009840456753, "1": 2.9288941374135113, "2": -0.38448553665490426, "3": 0.5675725982456385, "4": 1.7736364337664554, "5": 2.8778576088702605, "6": -0.10943247020378433, "7": -1.5481374950354632}, "datetime": {"datetime": "2021-06-30 00:21:24", "elapsed": 14864.961626, "delta": 25.02753}}
{"target": 0.0029538726355097006, "params": {"0": -2.897054866426139, "1": -2.90720835117728, "2": -2.124645975293131, "3": 0.696930239225428, "4": -2.0858544358519957, "5": 2.613200295383791, "6": 1.6488874291344926, "7": -1.0159027852864808}, "datetime": {"datetime": "2021-06-30 00:21:56", "elapsed": 14897.605546, "delta": 32.64392}}
{"target": 0.002986070234196974, "params": {"0": -0.7158546561080033, "1": -0.400540855776514, "2": -2.1718832487235584, "3": 2.0284300796210823, "4": 2.166333881772923, "5": 0.9564584490057815, "6": 2.138710625695242, "7": -2.101675734934978}, "datetime": {"datetime": "2021-06-30 00:22:23", "elapsed": 14924.061679, "delta": 26.456133}}
{"target": 0.003438829610984452, "params": {"0": 1.4435628887299181, "1": 0.366638454933625, "2": 2.0788668553667886, "3": 2.991883592870435, "4": 0.04433942253958367, "5": 0.4612544768974156, "6": -2.993906872396208, "7": 1.0165876303495276}, "datetime": {"datetime": "2021-06-30 00:22:46", "elapsed": 14947.106642, "delta": 23.044963}}
{"target": 0.005162526794597824, "params": {"0": -1.9293225211611766, "1": -0.14349084700437054, "2": 0.808075815440068, "3": 0.8057303631554591, "4": -1.4328882681168658, "5": 0.4707115086120046, "6": 1.3759473152065, "7": 0.3056702691719311}, "datetime": {"datetime": "2021-06-30 00:23:04", "elapsed": 14964.747031, "delta": 17.640389}}
{"target": 0.0033237738471432582, "params": {"0": 2.171307482403938, "1": -0.9282736807243341, "2": -1.5256037123298887, "3": -0.234250906432937, "4": -0.3441918168462186, "5": -1.7074284988866064, "6": -1.1958126153714137, "7": 0.7705375018175653}, "datetime": {"datetime": "2021-06-30 00:23:28", "elapsed": 14989.171318, "delta": 24.424287}}
{"target": 0.003102178191477069, "params": {"0": -1.861762733448045, "1": -0.2284549037836312, "2": -2.031903031774051, "3": -2.511499618434578, "4": 1.3201831926151861, "5": 2.5024809590703505, "6": -1.9345031797869279, "7": 2.4160433636067618}, "datetime": {"datetime": "2021-06-30 00:24:14", "elapsed": 15035.539258, "delta": 46.36794}}
{"target": 0.0030581765495189886, "params": {"0": -0.5845803325135841, "1": -1.4439734616100879, "2": 0.4477462117494504, "3": -0.20882004781355779, "4": 1.387610071480852, "5": 2.912900058591525, "6": -2.4193402368849553, "7": -1.0989058395221114}, "datetime": {"datetime": "2021-06-30 00:24:37", "elapsed": 15058.572761, "delta": 23.033503}}
{"target": 0.004811344415458717, "params": {"0": 0.6752067376771631, "1": -1.6640386284602677, "2": -1.482814354900189, "3": -0.07308888635380484, "4": 0.9122483136327642, "5": -1.9252557881239036, "6": -0.936871310108236, "7": 0.32986791436567353}, "datetime": {"datetime": "2021-06-30 00:25:01", "elapsed": 15082.19709, "delta": 23.624329}}
{"target": 0.0225442885347923, "params": {"0": -2.1165756839323513, "1": -1.3458765106757613, "2": -2.71253702737381, "3": -2.0111079208074365, "4": 1.1519354290482022, "5": -0.5773799992818178, "6": -2.9989724532940167, "7": 1.3448469771277054}, "datetime": {"datetime": "2021-06-30 00:25:28", "elapsed": 15108.817814, "delta": 26.620724}}
{"target": 0.0029074107449284783, "params": {"0": 2.8057238545855645, "1": 0.8326660475015943, "2": -0.1886333321659679, "3": 0.7519957645899726, "4": 2.408476236458476, "5": -0.05393887611259007, "6": 1.9196147864309774, "7": 2.3820412731932032}, "datetime": {"datetime": "2021-06-30 00:25:53", "elapsed": 15134.283106, "delta": 25.465292}}
{"target": 0.006909087293465181, "params": {"0": 0.9284484415947718, "1": -1.3760700377298587, "2": -2.330277833657859, "3": 2.3174302561332443, "4": -2.851783092461889, "5": 0.5119675848289393, "6": 1.5621038712503559, "7": 0.9060036253972679}, "datetime": {"datetime": "2021-06-30 00:26:22", "elapsed": 15162.755496, "delta": 28.47239}}
{"target": 0.0034526782528584033, "params": {"0": 2.480484537277432, "1": -1.6396776609504844, "2": -1.582152197869651, "3": -0.6526579162862145, "4": 1.6681027222145843, "5": -0.852266575113307, "6": 2.0674202199811527, "7": -1.5376816941402385}, "datetime": {"datetime": "2021-06-30 00:26:51", "elapsed": 15192.550211, "delta": 29.794715}}
{"target": 0.0028761604379471564, "params": {"0": -2.02962235828426, "1": 2.0515532782260584, "2": 1.1181404949015956, "3": -0.3844610373222328, "4": 2.597213072214088, "5": -2.438380963358315, "6": -2.414964048580842, "7": -0.2134012931012368}, "datetime": {"datetime": "2021-06-30 00:27:12", "elapsed": 15212.912189, "delta": 20.361978}}
{"target": 0.0031881719732937183, "params": {"0": 0.3384461638147176, "1": -0.8397543598819555, "2": -2.1429308723891793, "3": -0.401643764083329, "4": -1.1390900825321395, "5": 1.969571361774424, "6": -0.0064242042884945505, "7": 1.8271883028630107}, "datetime": {"datetime": "2021-06-30 00:27:43", "elapsed": 15244.183748, "delta": 31.271559}}
{"target": 0.0033971070500766714, "params": {"0": 1.9229460480889298, "1": -1.9074451031799113, "2": -0.03287214006211947, "3": -1.4775824293866056, "4": 0.12588910520730856, "5": 2.5075587747787367, "6": -0.5463681217111431, "7": -2.1725289051443957}, "datetime": {"datetime": "2021-06-30 00:28:03", "elapsed": 15263.844774, "delta": 19.661026}}
{"target": 0.003309420889586322, "params": {"0": -1.9971787385187663, "1": -0.6209946761852034, "2": 1.6815894901141721, "3": 0.01633700262271942, "4": -2.3585218038270113, "5": -0.9374596715421695, "6": -1.1149368105583286, "7": -2.697293442321291}, "datetime": {"datetime": "2021-06-30 00:28:27", "elapsed": 15288.410074, "delta": 24.5653}}
{"target": 0.003552093353025059, "params": {"0": -0.9308403400216232, "1": 2.3526515053722177, "2": -0.5537653951665988, "3": -1.6715750675131886, "4": -0.11084431142471374, "5": 1.2649049765901097, "6": -0.33405727796488627, "7": 0.44264088092589926}, "datetime": {"datetime": "2021-06-30 00:29:07", "elapsed": 15328.650292, "delta": 40.240218}}
{"target": 0.0028898176646166974, "params": {"0": -2.3973824493011824, "1": -0.14255372379715414, "2": 0.7049307515343326, "3": 1.0917263992202084, "4": 2.244415700537025, "5": -1.8871751151469205, "6": 0.18675947985617247, "7": 1.0253457684409018}, "datetime": {"datetime": "2021-06-30 00:29:41", "elapsed": 15362.061846, "delta": 33.411554}}
{"target": 0.007011515929879957, "params": {"0": 1.4432959534298666, "1": 1.5677347016169216, "2": -2.6939679387076643, "3": 1.9213002239449208, "4": -2.8526520960220427, "5": -2.4025279600907234, "6": -1.8130047435597785, "7": -0.798237601606373}, "datetime": {"datetime": "2021-06-30 00:30:13", "elapsed": 15394.31567, "delta": 32.253824}}
{"target": 0.0032279433218472867, "params": {"0": -2.6360498881008114, "1": -1.4875341288425767, "2": 1.4799644272043837, "3": -1.8280469717434233, "4": -2.3486424555549137, "5": -2.600336431518744, "6": 1.2900782762710694, "7": 2.5969610505097194}, "datetime": {"datetime": "2021-06-30 00:30:36", "elapsed": 15417.332383, "delta": 23.016713}}
{"target": 0.004220234735499371, "params": {"0": 0.9812059171144702, "1": -0.6919881281662921, "2": -1.0849802429065405, "3": -2.540284147324476, "4": -0.209541197523186, "5": -2.3082149655205457, "6": -2.8354595510958998, "7": -1.368640496521827}, "datetime": {"datetime": "2021-06-30 00:30:55", "elapsed": 15436.036566, "delta": 18.704183}}
{"target": 0.003043202807894278, "params": {"0": -1.909796593740629, "1": 0.377003976387547, "2": 0.9154197983749288, "3": -1.718714634666777, "4": 2.2386708746699657, "5": 2.249183683093646, "6": -1.6255932280641747, "7": 0.8025933587908165}, "datetime": {"datetime": "2021-06-30 00:31:26", "elapsed": 15466.814655, "delta": 30.778089}}
{"target": 0.0032046264269213337, "params": {"0": -0.20196495406925052, "1": -0.6959776240942257, "2": -2.250685475436329, "3": -1.6972045316487205, "4": -2.7522809894418456, "5": 2.9477807934927034, "6": 2.9023137551413285, "7": -2.623034240251876}, "datetime": {"datetime": "2021-06-30 00:31:54", "elapsed": 15494.982494, "delta": 28.167839}}
