{"target": 0.003131877454886768, "params": {"0": 1.9396930265458723, "1": -1.028432390440467, "2": -2.135773757972042, "3": -0.6269223335178502, "4": 2.326250754841902, "5": 1.3835068766290846, "6": 0.21934242014488436, "7": 1.7145331822708876}, "datetime": {"datetime": "2021-06-30 03:20:34", "elapsed": 25614.33196, "delta": 38.731808}}
{"target": 0.0030709922182775356, "params": {"0": 0.9972081780097981, "1": 2.527894322745796, "2": -0.8033966899407599, "3": -0.003573232345145616, "4": 2.74232526675051, "5": 0.5715832699515095, "6": 1.747870046277562, "7": 1.6935797676869964}, "datetime": {"datetime": "2021-06-30 03:21:09", "elapsed": 25649.433946, "delta": 35.101986}}
{"target": 0.003120512197608129, "params": {"0": 1.241047872486896, "1": 2.329867028881159, "2": 2.011370472443442, "3": 2.4113169454624277, "4": -1.1210241040187707, "5": -2.094702925892406, "6": 0.2298885748194297, "7": -0.23788395711623878}, "datetime": {"datetime": "2021-06-30 03:21:49", "elapsed": 25689.561065, "delta": 40.127119}}
{"target": 0.0032385018797995713, "params": {"0": -2.4329155109409575, "1": -0.15912605831572524, "2": 1.3756886366184649, "3": -0.5405778730003155, "4": -2.157462109666244, "5": 1.212748849512419, "6": -0.07057787357362244, "7": -2.663274218054937}, "datetime": {"datetime": "2021-06-30 03:22:28", "elapsed": 25728.651081, "delta": 39.090016}}
{"target": 0.028647873596876726, "params": {"0": -1.6158014777771472, "1": -1.699319490557861, "2": 1.1504934337971715, "3": 0.2982742933816884, "4": 2.522096835272402, "5": -2.1869039213680233, "6": -0.5552909878246601, "7": -0.3942115274057656}, "datetime": {"datetime": "2021-06-30 03:23:13", "elapsed": 25773.625269, "delta": 44.974188}}
{"target": 0.003399577954951653, "params": {"0": -0.04717619991167066, "1": -2.0329432075445224, "2": -0.6513702445906744, "3": 0.8861080728704502, "4": -1.613584491862097, "5": -1.0980486284577502, "6": -0.4214628429479186, "7": -1.0616136300959202}, "datetime": {"datetime": "2021-06-30 03:24:02", "elapsed": 25822.211408, "delta": 48.586139}}
{"target": 0.00784099708444963, "params": {"0": 0.7199244841042738, "1": -0.7773394423809643, "2": 2.376596838391646, "3": -1.0908462333309135, "4": -1.466430684814545, "5": -0.005687541508722305, "6": 0.6731072988853679, "7": -0.02303020644683995}, "datetime": {"datetime": "2021-06-30 03:24:45", "elapsed": 25865.066152, "delta": 42.854744}}
{"target": 0.003303150742145084, "params": {"0": -2.4427830738940672, "1": -0.2300992138859046, "2": -0.38207879361954156, "3": 2.966167703194249, "4": -2.68066120441814, "5": 1.1425280166957759, "6": -1.9203231297308276, "7": -1.5626435755307315}, "datetime": {"datetime": "2021-06-30 03:25:30", "elapsed": 25910.535988, "delta": 45.469836}}
{"target": 0.0031097308840543686, "params": {"0": -0.8662507617301696, "1": -0.2503306762616484, "2": 0.3923936289557659, "3": -1.8528501831397202, "4": 1.1263386658408256, "5": -0.6803688229817673, "6": -2.0874182716074783, "7": 2.5972464928956045}, "datetime": {"datetime": "2021-06-30 03:26:02", "elapsed": 25942.718658, "delta": 32.18267}}
{"target": 0.003222876253905906, "params": {"0": -2.0105629383102217, "1": 2.5300630679210236, "2": -0.02580382340341103, "3": 0.5569352167580739, "4": 0.722557119499668, "5": 2.663668049033342, "6": 0.7440611712381191, "7": 0.5982926415097678}, "datetime": {"datetime": "2021-06-30 03:26:33", "elapsed": 25973.540276, "delta": 30.821618}}
{"target": 0.0029226845428433467, "params": {"0": -0.33249851614928616, "1": 0.2540695160396953, "2": 2.547731661726681, "3": 2.0056225299702053, "4": 2.602835827941001, "5": 1.4724232195580296, "6": -1.881346346880899, "7": -0.29388698369423594}, "datetime": {"datetime": "2021-06-30 03:27:17", "elapsed": 26017.735928, "delta": 44.195652}}
{"target": 0.008034248056277792, "params": {"0": -2.6534539451526964, "1": 2.9020671063680528, "2": 2.924814438860075, "3": -0.9107959381496968, "4": -0.2324082214853087, "5": -0.6555702618534771, "6": 1.0993792595877894, "7": 0.813808027681699}, "datetime": {"datetime": "2021-06-30 03:28:03", "elapsed": 26063.488737, "delta": 45.752809}}
{"target": 0.0037298157879821206, "params": {"0": 2.253402592487353, "1": -1.0852967383496466, "2": 0.8045839585452095, "3": 1.8559453329176279, "4": -2.452696482159812, "5": 1.9130833661393272, "6": 2.0701997741401232, "7": 1.4130564502400045}, "datetime": {"datetime": "2021-06-30 03:28:39", "elapsed": 26098.944512, "delta": 35.455775}}
{"target": 0.004670390603785136, "params": {"0": -0.6423398553676547, "1": -1.5058681935331004, "2": -0.9027407135273089, "3": 0.5864009701055712, "4": -0.15061591071019365, "5": 2.145453059232234, "6": -2.7726349384508815, "7": 0.06366284808357925}, "datetime": {"datetime": "2021-06-30 03:29:26", "elapsed": 26146.589127, "delta": 47.644615}}
{"target": 0.00770612543297545, "params": {"0": 1.1091220006775062, "1": -2.7810707275640296, "2": -2.8088852266016966, "3": 1.4638967427612188, "4": 1.1137535950072168, "5": 0.3475895714212074, "6": -0.7498686613866985, "7": 1.9262572950544188}, "datetime": {"datetime": "2021-06-30 03:30:21", "elapsed": 26200.899102, "delta": 54.309975}}
{"target": 0.002960842741130401, "params": {"0": 0.9846591466646775, "1": 1.3928138756621102, "2": 1.4407565108346114, "3": 1.800649437695709, "4": 2.199512053614825, "5": 2.991401485564496, "6": -0.47851521192297586, "7": -1.1615805427517947}, "datetime": {"datetime": "2021-06-30 03:31:01", "elapsed": 26240.856766, "delta": 39.957664}}
{"target": 0.004798274797209898, "params": {"0": -0.9344627063880657, "1": -1.7496835273817903, "2": 0.6510016487748613, "3": -0.5806219610416044, "4": 1.4254204828347108, "5": 0.21053187066862566, "6": -1.422688071581341, "7": -0.36450148557518736}, "datetime": {"datetime": "2021-06-30 03:31:37", "elapsed": 26277.253079, "delta": 36.396313}}
{"target": 0.005128203730064478, "params": {"0": 1.4246889269105711, "1": -0.1737621825349258, "2": -0.8719671840445522, "3": 1.653271299863614, "4": 1.658688184201881, "5": 0.6791439742691212, "6": -2.8667282094736795, "7": -0.08447935177244892}, "datetime": {"datetime": "2021-06-30 03:32:18", "elapsed": 26318.379979, "delta": 41.1269}}
{"target": 0.0029924187328363894, "params": {"0": 0.4971908414690258, "1": 0.6565512809825957, "2": -1.0859741597011376, "3": -1.454163900055861, "4": -2.417719053808469, "5": 1.338460238636264, "6": -0.04147092834515531, "7": -0.22241041324940225}, "datetime": {"datetime": "2021-06-30 03:33:08", "elapsed": 26368.131475, "delta": 49.751496}}
{"target": 0.04846667373390244, "params": {"0": 0.4174750356441175, "1": -1.9072533178536033, "2": -2.445618516296741, "3": -1.716374464911238, "4": -0.4408509059443757, "5": -1.947414067673275, "6": -0.32144551451259007, "7": 2.905948895056259}, "datetime": {"datetime": "2021-06-30 03:33:51", "elapsed": 26411.409208, "delta": 43.277733}}
{"target": 0.0033317783671436814, "params": {"0": 1.2076124199420297, "1": 0.6674069038767998, "2": -0.8433579685964556, "3": 1.0528891230535677, "4": 0.06793084559643159, "5": -0.09423843125110132, "6": 2.198876861419789, "7": -2.056472717922638}, "datetime": {"datetime": "2021-06-30 03:34:32", "elapsed": 26451.935562, "delta": 40.526354}}
{"target": 0.003039966541317458, "params": {"0": 0.2259375577064593, "1": 0.4433366218727115, "2": -1.9194002083310189, "3": -2.7507668810140737, "4": 2.984274943601534, "5": 2.5541944334329862, "6": -2.3595376430193227, "7": -1.5409514060430352}, "datetime": {"datetime": "2021-06-30 03:35:18", "elapsed": 26498.506664, "delta": 46.571102}}
{"target": 0.005288127020250209, "params": {"0": 1.2794049938822774, "1": -2.776310971727784, "2": -2.812065346653609, "3": -1.466807723840239, "4": -1.5813469843871306, "5": -1.8147081461884138, "6": 0.6371911892717175, "7": 1.786843765357502}, "datetime": {"datetime": "2021-06-30 03:36:05", "elapsed": 26545.537641, "delta": 47.030977}}
{"target": 0.0029342747552419013, "params": {"0": -0.2750330195380908, "1": -0.10070073249103739, "2": 2.431568582995296, "3": -0.06740346316529333, "4": -0.7759636671666112, "5": 1.9520119907967803, "6": 0.512059237675321, "7": -2.4219869342773332}, "datetime": {"datetime": "2021-06-30 03:36:40", "elapsed": 26580.52764, "delta": 34.989999}}
{"target": 0.003007377751014412, "params": {"0": 0.5673226125268678, "1": -0.41345271829013974, "2": 0.7247978957408661, "3": 1.299169195980923, "4": 1.144110547322927, "5": 2.666287045799396, "6": 0.2846656463101658, "7": -1.425947915237675}, "datetime": {"datetime": "2021-06-30 03:37:23", "elapsed": 26623.533626, "delta": 43.005986}}
{"target": 0.004814417067768386, "params": {"0": 0.4597463498594445, "1": -1.4406716184516783, "2": 0.5990443360967346, "3": -2.7281198896378385, "4": 2.2058221281481396, "5": 0.7545395919642068, "6": -2.569478849297898, "7": 0.5083434841472645}, "datetime": {"datetime": "2021-06-30 03:37:54", "elapsed": 26653.867391, "delta": 30.333765}}
{"target": 0.0030536339009389624, "params": {"0": -0.6575260518918933, "1": 0.8696514499681536, "2": 1.7429174381160468, "3": -0.8897654288228876, "4": -0.6439095597337046, "5": 2.833172475930187, "6": -2.4983276208119145, "7": -1.5201890667495108}, "datetime": {"datetime": "2021-06-30 03:38:32", "elapsed": 26692.354131, "delta": 38.48674}}
{"target": 0.004581536241365699, "params": {"0": -1.6260344786426677, "1": 1.4651221740441382, "2": 1.3459282460769462, "3": 0.6089475142690812, "4": -1.6694292974988763, "5": 2.1922320030043068, "6": -1.0015537532471497, "7": -0.5282960871837057}, "datetime": {"datetime": "2021-06-30 03:39:12", "elapsed": 26731.82363, "delta": 39.469499}}
{"target": 0.002997256660221994, "params": {"0": 1.153222518111602, "1": 0.22237691817127292, "2": 1.8776260849102666, "3": -0.029127591611353587, "4": 2.773291900302679, "5": -1.4493301503479, "6": 2.360478631665134, "7": 2.1514922227044657}, "datetime": {"datetime": "2021-06-30 03:40:00", "elapsed": 26779.946188, "delta": 48.122558}}
{"target": 0.0030303395357309916, "params": {"0": -0.892433085749607, "1": -1.6503625801203938, "2": -0.40607896929440734, "3": 2.2161641090633637, "4": 1.5809869922349797, "5": -0.873515309602718, "6": 0.9605675752611589, "7": -1.1759169564476544}, "datetime": {"datetime": "2021-06-30 03:40:44", "elapsed": 26823.926189, "delta": 43.980001}}
{"target": 0.003246604405016572, "params": {"0": 0.8825005630372296, "1": -1.387817242352694, "2": 0.2140207815879922, "3": -2.6849188281574543, "4": 1.165294883308115, "5": 1.7993407805461015, "6": 0.8310578072027264, "7": 0.3831947554713997}, "datetime": {"datetime": "2021-06-30 03:41:33", "elapsed": 26873.297351, "delta": 49.371162}}
{"target": 0.003486401252271492, "params": {"0": 1.4710110715800795, "1": 0.3136247115020172, "2": 1.3058344344635229, "3": 1.7087615685702922, "4": -1.8927206623813873, "5": -1.0208788954791639, "6": -1.1930775260652726, "7": -1.3356935344453618}, "datetime": {"datetime": "2021-06-30 03:42:15", "elapsed": 26915.027434, "delta": 41.730083}}
{"target": 0.006596289513152265, "params": {"0": 1.6437580707903816, "1": -1.969554162053266, "2": -0.6256125156363979, "3": -2.8263765071773044, "4": 1.105548568559863, "5": -1.4484846107283447, "6": -0.9728557084320579, "7": -1.2999745594116274}, "datetime": {"datetime": "2021-06-30 03:43:00", "elapsed": 26960.430452, "delta": 45.403018}}
{"target": 0.003240260665429212, "params": {"0": 1.7888312506079824, "1": -0.8092290448228114, "2": -0.27063230097354296, "3": 2.9793418095008164, "4": 2.3521433061799417, "5": -0.5011897902479241, "6": -1.942980599939747, "7": 1.7378913663102162}, "datetime": {"datetime": "2021-06-30 03:43:53", "elapsed": 27012.937997, "delta": 52.507545}}
{"target": 0.003160554898204836, "params": {"0": -2.482435364624879, "1": -0.20793654556190777, "2": -0.3308420261002234, "3": 2.1566792255170757, "4": -1.9996534238846317, "5": -0.8720156609293932, "6": 0.171168567535819, "7": -0.08649924565614375}, "datetime": {"datetime": "2021-06-30 03:44:44", "elapsed": 27064.749373, "delta": 51.811376}}
{"target": 0.0030942554802600637, "params": {"0": -2.64549217604129, "1": 0.2840494006075156, "2": -1.3427017556963643, "3": -1.005887972607749, "4": 0.831938261268883, "5": 0.4036724965245204, "6": -2.452471756217104, "7": -2.14137591020727}, "datetime": {"datetime": "2021-06-30 03:45:22", "elapsed": 27102.743881, "delta": 37.994508}}
{"target": 0.0029645007021910875, "params": {"0": 2.037439569287929, "1": -2.63357848079547, "2": 2.132213577079895, "3": 1.5031249907846647, "4": 2.832427621978016, "5": -0.6839280606759202, "6": 0.1007707670474236, "7": -0.6248189036148646}, "datetime": {"datetime": "2021-06-30 03:46:12", "elapsed": 27152.633684, "delta": 49.889803}}
{"target": 0.005597057838117916, "params": {"0": 0.20931235903485712, "1": 0.46870772696308904, "2": -2.5331598706737655, "3": -1.670728255379418, "4": -1.0435107732629134, "5": -1.9480855354574276, "6": 2.8903577231784023, "7": -2.415004770200178}, "datetime": {"datetime": "2021-06-30 03:46:50", "elapsed": 27190.290636, "delta": 37.656952}}
{"target": 0.0029410986367313036, "params": {"0": -0.9000767065839121, "1": 2.2008869029875893, "2": -2.318007975125573, "3": -1.5915358167559137, "4": 1.3111671376833272, "5": -0.3598826988957846, "6": 0.04000362950829883, "7": -1.144802553473711}, "datetime": {"datetime": "2021-06-30 03:47:35", "elapsed": 27235.577961, "delta": 45.287325}}
{"target": 0.0030877234342487517, "params": {"0": 1.2980145117249835, "1": 0.876730320500684, "2": -1.85684463483761, "3": -2.67220674630194, "4": 0.8797693392196444, "5": -0.02201134668911786, "6": -0.710648762692581, "7": -0.1390780440942705}, "datetime": {"datetime": "2021-06-30 03:48:42", "elapsed": 27302.106501, "delta": 66.52854}}
{"target": 0.004859049248035053, "params": {"0": 0.16347559649055032, "1": 2.397816042499082, "2": -0.1967149464205864, "3": 2.946678603706567, "4": 0.9986591865484025, "5": -1.5587271779582055, "6": -1.0298505003249157, "7": 2.397579552133811}, "datetime": {"datetime": "2021-06-30 03:49:30", "elapsed": 27350.711257, "delta": 48.604756}}
{"target": 0.0032956390066081614, "params": {"0": 1.7200022712567549, "1": 0.014920086584557346, "2": 0.3003778231256522, "3": -1.6774317444219256, "4": -0.42892986135550437, "5": -0.4541729103064611, "6": -2.7307159408101933, "7": -1.8160808683587826}, "datetime": {"datetime": "2021-06-30 03:50:25", "elapsed": 27405.402408, "delta": 54.691151}}
{"target": 0.003368507277805306, "params": {"0": -1.2715918451835324, "1": -1.8989949026989494, "2": 0.8601861600588432, "3": -1.0511631270610013, "4": -2.936730130009246, "5": -2.5327322599934785, "6": -0.4748612086574866, "7": -1.682093093587017}, "datetime": {"datetime": "2021-06-30 03:51:12", "elapsed": 27452.321841, "delta": 46.919433}}
{"target": 0.0056254581939046465, "params": {"0": 0.5351821106951498, "1": -1.1381829456793868, "2": -0.6073139940884311, "3": 0.11877118857498026, "4": -1.95432421555055, "5": -0.8139410702523966, "6": -2.6772975165805253, "7": -1.0767620786884584}, "datetime": {"datetime": "2021-06-30 03:51:53", "elapsed": 27493.708424, "delta": 41.386583}}
{"target": 0.0036518373021771273, "params": {"0": 0.9031306125734027, "1": -0.5402369850514175, "2": -1.6195296016846716, "3": -1.6889146744297332, "4": -0.8596385317396962, "5": 0.4865288723761223, "6": -2.5613224433826174, "7": -2.3630457876186948}, "datetime": {"datetime": "2021-06-30 03:52:49", "elapsed": 27549.628728, "delta": 55.920304}}
{"target": 0.0031440223551863944, "params": {"0": -0.13539300634572404, "1": -2.292355429237031, "2": 0.08309227344355286, "3": -0.10904361618327574, "4": -0.31232524574035914, "5": -0.5966151677751332, "6": -1.9989860088288534, "7": -0.8813045026981516}, "datetime": {"datetime": "2021-06-30 03:53:40", "elapsed": 27600.486126, "delta": 50.857398}}
{"target": 0.068627289916566, "params": {"0": -1.1089405679423898, "1": 1.139176358282434, "2": -1.2663221449229631, "3": -1.2732195903879315, "4": 0.7007265808247047, "5": -0.7439326117061098, "6": 1.122637794013425, "7": -2.511513458401109}, "datetime": {"datetime": "2021-06-30 03:54:33", "elapsed": 27653.237377, "delta": 52.751251}}
{"target": 0.003181494549203015, "params": {"0": 2.386873776326704, "1": -2.668310454980988, "2": -0.9994627673529513, "3": -2.291453396998053, "4": -0.14911638263753968, "5": 0.6633994537583257, "6": 0.20030646761099646, "7": -2.717177410982983}, "datetime": {"datetime": "2021-06-30 03:55:35", "elapsed": 27715.678574, "delta": 62.441197}}
{"target": 0.003256188167783124, "params": {"0": -0.8335451990522182, "1": 0.8334931678006052, "2": -0.7228601990550638, "3": 2.620405482896494, "4": 0.43652239014019223, "5": -0.7917415914245662, "6": -2.6686532483585497, "7": -1.8281448862053857}, "datetime": {"datetime": "2021-06-30 03:56:58", "elapsed": 27798.025715, "delta": 82.347141}}
{"target": 0.004963562979673165, "params": {"0": -0.3951400027957024, "1": 0.6580634475998597, "2": -2.4233576434179804, "3": 0.38097230103702184, "4": 1.2981306429920814, "5": 0.9967469036194396, "6": 2.281692720626152, "7": -2.8803968347273625}, "datetime": {"datetime": "2021-06-30 03:57:47", "elapsed": 27847.543552, "delta": 49.517837}}
{"target": 0.0036111940714713756, "params": {"0": -1.7376260625890214, "1": -1.0313122629848712, "2": -0.2405087252077891, "3": 1.372793056138173, "4": -2.7745452750896877, "5": -1.6383294190040563, "6": -2.6601718922475746, "7": -2.37991906944936}, "datetime": {"datetime": "2021-06-30 03:58:25", "elapsed": 27885.514495, "delta": 37.970943}}
{"target": 0.0037424688800115112, "params": {"0": -0.2796931990573661, "1": 1.1563276272836571, "2": 0.754109200960646, "3": 2.2575817164693053, "4": 0.6680230365213893, "5": -0.2201864555452362, "6": 2.0740955844290445, "7": 1.6480052702164638}, "datetime": {"datetime": "2021-06-30 03:59:17", "elapsed": 27937.116747, "delta": 51.602252}}
{"target": 0.0028757740356450713, "params": {"0": -2.772537184410354, "1": 2.4300334582540684, "2": 2.390686250377019, "3": -2.7869300878316117, "4": 2.5072584077988767, "5": 0.39640995135430357, "6": 2.6956438907477143, "7": 1.7194993127290736}, "datetime": {"datetime": "2021-06-30 03:59:58", "elapsed": 27978.581719, "delta": 41.464972}}
{"target": 0.0033371685320477567, "params": {"0": 2.6688623639150606, "1": 1.2262832875182248, "2": -2.997631464805414, "3": 0.7753825855324994, "4": -1.3934968301545243, "5": -0.28522416282462437, "6": 0.35584436967810085, "7": 0.4338332921270447}, "datetime": {"datetime": "2021-06-30 04:00:32", "elapsed": 28012.470253, "delta": 33.888534}}
{"target": 0.009297654634349138, "params": {"0": 2.449422005111697, "1": -1.0996602813785377, "2": 2.81292195415448, "3": 1.094857566265964, "4": -0.6514834538951253, "5": 0.9884384457300595, "6": -0.8607603431964685, "7": 0.8540638752482779}, "datetime": {"datetime": "2021-06-30 04:01:07", "elapsed": 28047.150827, "delta": 34.680574}}
{"target": 0.009536526050667328, "params": {"0": -0.4980329367173293, "1": -1.8838080402000275, "2": -2.044767566530032, "3": 1.8365172360593478, "4": 2.3809714639812505, "5": -2.8393321208370335, "6": 2.325189970488265, "7": -0.7702466558651317}, "datetime": {"datetime": "2021-06-30 04:01:57", "elapsed": 28097.259136, "delta": 50.108309}}
{"target": 0.009822263479874178, "params": {"0": -1.1637956488649162, "1": 2.234494855115142, "2": 2.5821138130955745, "3": -2.453699217374802, "4": 0.6881941250378603, "5": 0.8900820161684093, "6": 2.505592977493916, "7": -1.276475132751012}, "datetime": {"datetime": "2021-06-30 04:02:55", "elapsed": 28155.621668, "delta": 58.362532}}
