{"target": 0.0031861620385851765, "params": {"0": 1.3049914699839746, "1": 2.9200931626344255, "2": 0.01147942153189252, "3": -0.8154475643525774, "4": -0.8113414753424077, "5": -2.114332713033985, "6": -2.6305999344321993, "7": 2.2604419165436624}, "datetime": {"datetime": "2021-06-29 21:48:37", "elapsed": 5610.963542, "delta": 12.555628}}
{"target": 0.0035090945272556683, "params": {"0": 2.633925335043358, "1": 1.993877312245652, "2": -0.36707752125010185, "3": 1.3367003186772353, "4": -2.6727679887224562, "5": 0.42262911646513635, "6": 2.641523066567064, "7": -0.626010943463617}, "datetime": {"datetime": "2021-06-29 21:48:51", "elapsed": 5625.054502, "delta": 14.09096}}
{"target": 0.0052489941884573815, "params": {"0": -2.13188392807636, "1": -1.6551488888871562, "2": 2.558113248778845, "3": -0.1919293791557024, "4": -0.01948606963129773, "5": -0.00776308062735076, "6": -2.8922895643535105, "7": -0.9684045845773657}, "datetime": {"datetime": "2021-06-29 21:49:12", "elapsed": 5645.790559, "delta": 20.736057}}
{"target": 0.002956500993422597, "params": {"0": -1.7932163955230276, "1": 0.24772843326930438, "2": 0.7697593686610578, "3": 2.778710547213371, "4": 1.7376690737831453, "5": -2.0894789532240283, "6": -0.9483994403521341, "7": 1.7587564057075822}, "datetime": {"datetime": "2021-06-29 21:49:53", "elapsed": 5687.453056, "delta": 41.662497}}
{"target": 0.0031533644829140617, "params": {"0": 0.7745650596263127, "1": -0.1240100701410567, "2": -0.15015002101957275, "3": 1.0607535915816957, "4": 2.872676865583438, "5": -2.7318382416198306, "6": -1.5841921807122294, "7": 2.2361415965477027}, "datetime": {"datetime": "2021-06-29 21:50:09", "elapsed": 5702.466146, "delta": 15.01309}}
{"target": 0.003339128249013431, "params": {"0": -1.849173472877371, "1": -2.441578029322523, "2": -1.7987155834865476, "3": 1.9264804843905, "4": -2.461673464574595, "5": 2.081714879615131, "6": 1.2483841724056202, "7": 0.09454898840916215}, "datetime": {"datetime": "2021-06-29 21:50:26", "elapsed": 5720.1283, "delta": 17.662154}}
{"target": 0.0033080330034580686, "params": {"0": -1.2259813942516222, "1": 2.02147518640428, "2": 1.6264781895797062, "3": -0.02070106095740698, "4": 2.383923339108515, "5": 2.0614206962140313, "6": 1.4920503991946656, "7": 0.3419646615701524}, "datetime": {"datetime": "2021-06-29 21:50:44", "elapsed": 5738.441869, "delta": 18.313569}}
{"target": 0.0032052949021032394, "params": {"0": 1.1535923051299726, "1": -1.3904081009983855, "2": 2.0364871774970714, "3": -0.6502467970495047, "4": 2.1931251564685024, "5": -0.2601543552054366, "6": 2.9950558942642393, "7": 0.5955464340411396}, "datetime": {"datetime": "2021-06-29 21:51:03", "elapsed": 5756.967411, "delta": 18.525542}}
{"target": 0.0030504460511257335, "params": {"0": 0.9198233984909789, "1": 0.19638059407107988, "2": -1.5239267069783689, "3": -0.5949171578317713, "4": 2.828475200983915, "5": 0.8308711783057436, "6": -0.7129373816043856, "7": -2.045033778261698}, "datetime": {"datetime": "2021-06-29 21:51:15", "elapsed": 5769.068329, "delta": 12.100918}}
{"target": 0.003532588972733117, "params": {"0": 2.4691455304339494, "1": 0.30688130045741513, "2": -2.6457381477270876, "3": 0.7320082726998431, "4": 1.641852391144302, "5": -1.1838256323219318, "6": 1.2928471181680052, "7": -1.2422332058224774}, "datetime": {"datetime": "2021-06-29 21:51:44", "elapsed": 5797.518671, "delta": 28.450342}}
{"target": 0.0032198046096736425, "params": {"0": 2.608585166807619, "1": -0.6568408942457902, "2": 0.6421735410750946, "3": 1.9735973540677634, "4": -1.2203185440096367, "5": 1.2546662077764994, "6": -1.1395753445667127, "7": -1.4439277141064846}, "datetime": {"datetime": "2021-06-29 21:52:11", "elapsed": 5825.197145, "delta": 27.678474}}
{"target": 0.0030499646180663547, "params": {"0": -2.476899935470775, "1": -2.2647252637825237, "2": -1.0232754841293417, "3": -2.8762167058238033, "4": -2.2154842299847326, "5": 2.642356345923087, "6": 1.3962810553451295, "7": -1.7005829540111408}, "datetime": {"datetime": "2021-06-29 21:52:26", "elapsed": 5840.139284, "delta": 14.942139}}
{"target": 0.003555979830037668, "params": {"0": -1.0830568029830585, "1": 0.4808213898038822, "2": -2.4654849884199423, "3": -1.564362391258717, "4": 2.083992957848954, "5": -0.7850620342692083, "6": 0.7010911718475357, "7": -0.5452944040131147}, "datetime": {"datetime": "2021-06-29 21:52:47", "elapsed": 5860.864738, "delta": 20.725454}}
{"target": 0.005272825543343041, "params": {"0": -0.11189068023481497, "1": 1.0670220561265245, "2": -2.12665165482578, "3": 1.5554866526517763, "4": -0.7981888882217767, "5": 2.5689339245630887, "6": -1.8546415259602227, "7": -1.6086625808730823}, "datetime": {"datetime": "2021-06-29 21:53:23", "elapsed": 5896.808852, "delta": 35.944114}}
{"target": 0.0033421963678922986, "params": {"0": -2.3763241306122174, "1": 1.7713785720099366, "2": 2.1520786586030116, "3": 0.6493447256015239, "4": 1.2366882804025492, "5": -1.4768714220466848, "6": -0.3740323998391446, "7": 2.8404435993473944}, "datetime": {"datetime": "2021-06-29 21:53:36", "elapsed": 5910.097607, "delta": 13.288755}}
{"target": 0.01918102160834798, "params": {"0": 2.0640259008292716, "1": 0.5721207611414307, "2": 0.49164264000069036, "3": -0.06973659696153511, "4": -0.36445011702217833, "5": 1.8600886097948868, "6": 1.2755526574764584, "7": -1.1001675959336525}, "datetime": {"datetime": "2021-06-29 21:53:49", "elapsed": 5923.449483, "delta": 13.351876}}
{"target": 0.002994972654676686, "params": {"0": 0.6750306514112467, "1": 0.4966744501498912, "2": 1.6195027130086457, "3": -2.5189911646614407, "4": -1.2851033483037426, "5": 1.4145048878047124, "6": 2.574962466697971, "7": 0.05730482816617588}, "datetime": {"datetime": "2021-06-29 21:54:12", "elapsed": 5945.614549, "delta": 22.165066}}
{"target": 0.009422990229029144, "params": {"0": -2.0387673730798186, "1": 0.04889582029309736, "2": -0.2534225497816669, "3": -1.518005999225094, "4": 1.039455789492287, "5": 2.4375125609692, "6": -2.459434967757466, "7": -1.0074243130393241}, "datetime": {"datetime": "2021-06-29 21:54:28", "elapsed": 5962.016047, "delta": 16.401498}}
{"target": 0.0031651700259603516, "params": {"0": 2.8540546140301846, "1": 1.8973097274604216, "2": -2.681879488657976, "3": -0.5566370215069973, "4": 0.05080392741287865, "5": 0.27858458833117794, "6": 1.381344966620686, "7": 0.2604370089172541}, "datetime": {"datetime": "2021-06-29 21:54:42", "elapsed": 5976.365683, "delta": 14.349636}}
{"target": 0.016268815266633867, "params": {"0": 1.6384618547932437, "1": 1.1544431942275457, "2": -0.3707229126798013, "3": -0.20500764389394988, "4": -1.2898549546453342, "5": -1.8084452803987918, "6": 2.9087255271857977, "7": 1.9485198866444229}, "datetime": {"datetime": "2021-06-29 21:54:55", "elapsed": 5989.19384, "delta": 12.828157}}
{"target": 0.0042773765749758615, "params": {"0": 0.9369109711203203, "1": 1.3356921659802499, "2": -0.8594357482300286, "3": -2.5605661719238233, "4": -0.603264865768371, "5": -1.6215588221857729, "6": -1.2081180195863186, "7": -0.25061271935195517}, "datetime": {"datetime": "2021-06-29 21:55:11", "elapsed": 6004.737781, "delta": 15.543941}}
{"target": 0.0048860539400729305, "params": {"0": -0.6599311420165552, "1": 1.411529517587784, "2": -1.2710066313077049, "3": 1.9674304498524018, "4": -2.0482421093545957, "5": -0.45944658375270553, "6": 1.6338570625302609, "7": 2.0621951848864004}, "datetime": {"datetime": "2021-06-29 21:55:31", "elapsed": 6025.451509, "delta": 20.713728}}
{"target": 0.004971865626951646, "params": {"0": 2.0552296005461788, "1": -2.997660241212947, "2": 0.6266896086526801, "3": -1.8475083107860297, "4": -2.4842886114687905, "5": 2.033935673324991, "6": -1.8959562161800434, "7": -2.69957056193451}, "datetime": {"datetime": "2021-06-29 21:55:49", "elapsed": 6043.202339, "delta": 17.75083}}
{"target": 0.004186164627613753, "params": {"0": -2.298938186395822, "1": 0.24606091814415, "2": 2.222413828450563, "3": -2.1758742875133743, "4": -1.9999853636497171, "5": 0.5016117978316554, "6": -2.6678863479947856, "7": 0.12346852386100693}, "datetime": {"datetime": "2021-06-29 21:56:10", "elapsed": 6064.074604, "delta": 20.872265}}
{"target": 0.006057089839721265, "params": {"0": 1.2394542835276052, "1": -2.7310574429059096, "2": -0.508803617443101, "3": -0.9038559683857623, "4": -0.575145472227744, "5": 0.9034061552074606, "6": -0.19501397378569907, "7": -1.6163220892622379}, "datetime": {"datetime": "2021-06-29 21:56:27", "elapsed": 6081.30779, "delta": 17.233186}}
{"target": 0.0037913421977434315, "params": {"0": -2.924264117400669, "1": -1.3327322896941842, "2": 0.16699021311389073, "3": -1.554878794317438, "4": -0.43246908251477034, "5": 1.8351141678997758, "6": -2.990988937537259, "7": -2.664475833475877}, "datetime": {"datetime": "2021-06-29 21:56:56", "elapsed": 6110.416545, "delta": 29.108755}}
{"target": 0.01036173991552642, "params": {"0": -0.10857169471753281, "1": 1.9719089341223128, "2": 1.725638746455683, "3": -0.07822666301703363, "4": -1.533635707199997, "5": -1.647744998710403, "6": 0.8004016713837014, "7": 1.697085400716519}, "datetime": {"datetime": "2021-06-29 21:57:18", "elapsed": 6132.313077, "delta": 21.896532}}
{"target": 0.0037126401000179, "params": {"0": 0.9467843240389442, "1": 0.9648889394109865, "2": -2.957004608160773, "3": -2.7129443903486834, "4": -2.5531889400671823, "5": 1.1621123389603483, "6": 2.7801099481682545, "7": 1.9055974422849102}, "datetime": {"datetime": "2021-06-29 21:57:32", "elapsed": 6145.854803, "delta": 13.541726}}
{"target": 0.0064527879640893905, "params": {"0": -1.2051897393035973, "1": 2.675803255871017, "2": 1.3832711904535788, "3": -2.3194788901315313, "4": -2.49367735359492, "5": -0.5685222887146404, "6": -1.8400708473386902, "7": -2.594576427952294}, "datetime": {"datetime": "2021-06-29 21:58:28", "elapsed": 6201.888615, "delta": 56.033812}}
{"target": 0.0032686780944557433, "params": {"0": 0.36519747627107124, "1": 0.7159680541486955, "2": 1.0839659125371996, "3": 1.070897862371253, "4": -1.9672284398758002, "5": -1.3300124629611152, "6": 0.9226720054419237, "7": -1.6134468272277476}, "datetime": {"datetime": "2021-06-29 21:58:49", "elapsed": 6223.028272, "delta": 21.139657}}
{"target": 0.0032986388279311715, "params": {"0": -1.1316038853118362, "1": 2.404170823727755, "2": -0.6409269826933599, "3": -2.623162800578413, "4": -1.5106228876482681, "5": -1.3111699276546476, "6": -2.3699696004507773, "7": -2.6099042063139377}, "datetime": {"datetime": "2021-06-29 21:59:07", "elapsed": 6241.233376, "delta": 18.205104}}
{"target": 0.0030336836482947934, "params": {"0": -2.9179364862712687, "1": 2.913065953110051, "2": -1.5448412681631278, "3": -0.08306538389946194, "4": 1.6216241965913323, "5": 0.13209194332443674, "6": -1.8131715593810682, "7": 0.8506418458502685}, "datetime": {"datetime": "2021-06-29 21:59:26", "elapsed": 6260.176999, "delta": 18.943623}}
{"target": 0.003966651262791747, "params": {"0": 1.2591219537536134, "1": 1.2665260658547872, "2": 0.529189744640111, "3": -1.397571024259, "4": 1.971554524295243, "5": -2.9097972174378564, "6": 1.6876262577469952, "7": -2.94423376517652}, "datetime": {"datetime": "2021-06-29 21:59:47", "elapsed": 6281.079107, "delta": 20.902108}}
{"target": 0.006649006178639985, "params": {"0": 0.909045949375721, "1": 1.1942047373742293, "2": 1.226652062737866, "3": 2.159611531166246, "4": -2.5514437528820695, "5": -0.3809589820286772, "6": -2.57164903368919, "7": -1.5485800157720655}, "datetime": {"datetime": "2021-06-29 22:00:05", "elapsed": 6298.647729, "delta": 17.568622}}
{"target": 0.006095334201650664, "params": {"0": 0.0952799646127751, "1": -2.8929482801192057, "2": 1.5702755814394838, "3": -1.9309051363091805, "4": 0.3392588583531637, "5": 0.8123293820893207, "6": -2.009406977335212, "7": 0.47145751671836056}, "datetime": {"datetime": "2021-06-29 22:00:33", "elapsed": 6326.722922, "delta": 28.075193}}
{"target": 0.003694305368838665, "params": {"0": -1.4962960589249668, "1": -2.3554689624902068, "2": -0.09923401323011882, "3": 0.4384239753152004, "4": -2.822791231809053, "5": -1.060417188974415, "6": -2.715881364304019, "7": -2.794291924158609}, "datetime": {"datetime": "2021-06-29 22:00:55", "elapsed": 6349.191598, "delta": 22.468676}}
{"target": 0.0028861803422563386, "params": {"0": -0.64463642101195, "1": 1.1098992289723704, "2": -0.46687087689869955, "3": 2.7795210394929146, "4": 1.2632021130558293, "5": 2.8524497864283953, "6": 0.16243715806069714, "7": -1.878972598686801}, "datetime": {"datetime": "2021-06-29 22:01:15", "elapsed": 6369.273936, "delta": 20.082338}}
{"target": 0.003113122823582845, "params": {"0": 0.2754974208548062, "1": -2.3751102085570874, "2": -2.6506649145543664, "3": -1.3391779519865081, "4": -0.46363936728443056, "5": 2.4973378586108854, "6": 0.6887849871904788, "7": -2.1286899461421775}, "datetime": {"datetime": "2021-06-29 22:01:35", "elapsed": 6389.454652, "delta": 20.180716}}
{"target": 0.003205864594348604, "params": {"0": -0.9503181406026924, "1": -2.549242231482596, "2": -1.6621573785954618, "3": -1.1450513633552781, "4": 1.8733631910478312, "5": -0.1768940313099363, "6": -1.3269539064301428, "7": 1.0086532714848264}, "datetime": {"datetime": "2021-06-29 22:01:59", "elapsed": 6412.656047, "delta": 23.201395}}
{"target": 0.0048088508406191575, "params": {"0": -1.063590605232163, "1": -1.2693631618764338, "2": -1.8024643890507692, "3": -0.20140256289589065, "4": -2.048261603403451, "5": -2.119813179298121, "6": 0.15796196709621402, "7": -1.6540669036569702}, "datetime": {"datetime": "2021-06-29 22:02:13", "elapsed": 6426.74977, "delta": 14.093723}}
{"target": 0.0034029997224127567, "params": {"0": 2.0805604945621123, "1": -2.3150184855529266, "2": -2.301953083319221, "3": -1.3817883341998778, "4": 1.2595300728097385, "5": -1.3528144229110857, "6": 2.818399622366111, "7": -1.1857319352578088}, "datetime": {"datetime": "2021-06-29 22:02:31", "elapsed": 6444.89436, "delta": 18.14459}}
{"target": 0.00801155691361154, "params": {"0": 0.44568218958418093, "1": -2.4302387803779215, "2": 2.204295222867538, "3": 0.9622701567310301, "4": -2.4516512774483177, "5": 0.7682435696928143, "6": -2.7439887922635178, "7": -0.2235249442054572}, "datetime": {"datetime": "2021-06-29 22:02:46", "elapsed": 6459.760293, "delta": 14.865933}}
{"target": 0.08173529356177758, "params": {"0": 0.3223198190770935, "1": -0.7367075041460907, "2": 1.690927980867599, "3": -0.8491265879452641, "4": 1.1932078703044784, "5": -2.314529582869876, "6": -2.859299844806926, "7": 2.4193004882851774}, "datetime": {"datetime": "2021-06-29 22:03:03", "elapsed": 6476.771258, "delta": 17.010965}}
{"target": 0.01056630873267191, "params": {"0": -1.216273167592009, "1": 0.7775408195575428, "2": -0.8122472386252992, "3": 1.4200042621464553, "4": -1.3311912145450524, "5": -1.2007891486639573, "6": 0.18297565084011858, "7": 0.6168452061082705}, "datetime": {"datetime": "2021-06-29 22:03:21", "elapsed": 6495.340176, "delta": 18.568918}}
{"target": 0.002943171927499371, "params": {"0": -2.753522627938004, "1": 0.7772918658049242, "2": -2.8250599747325436, "3": 1.2140133594423554, "4": -1.415482524931924, "5": 2.62377412279991, "6": 0.7492924079117529, "7": -1.367634020167928}, "datetime": {"datetime": "2021-06-29 22:03:38", "elapsed": 6512.278757, "delta": 16.938581}}
{"target": 0.004247639561297712, "params": {"0": 0.4687534449916324, "1": 1.9588502184796965, "2": 2.646504166361109, "3": 0.9839091232059793, "4": -2.5617544012834426, "5": 0.7907800814135539, "6": -0.24891585829659757, "7": 2.3053960905452744}, "datetime": {"datetime": "2021-06-29 22:03:54", "elapsed": 6527.994806, "delta": 15.716049}}
{"target": 0.0029234736131455233, "params": {"0": 2.2129500155438597, "1": 0.9375317902844862, "2": 1.9831849828674555, "3": 1.1544289888178012, "4": 0.004375749626938763, "5": 2.5122229880621596, "6": 1.9992856393385345, "7": 0.15867135197425952}, "datetime": {"datetime": "2021-06-29 22:04:07", "elapsed": 6541.024086, "delta": 13.02928}}
{"target": 0.006652084819835788, "params": {"0": -0.7450827679790524, "1": -1.6472125129128683, "2": -0.4399041610910719, "3": -2.654168920045434, "4": 2.272413366337915, "5": -0.9037606222584276, "6": 2.604029074568049, "7": 1.2910700330627058}, "datetime": {"datetime": "2021-06-29 22:04:18", "elapsed": 6551.773678, "delta": 10.749592}}
{"target": 0.01440738370289875, "params": {"0": -1.073099739568213, "1": -0.8612657935784842, "2": -0.5711675642567218, "3": -2.9402748598560366, "4": 1.4787509079489034, "5": -0.6547309906479315, "6": -2.043711459592773, "7": -2.161446863703917}, "datetime": {"datetime": "2021-06-29 22:04:35", "elapsed": 6568.943987, "delta": 17.170309}}
{"target": 0.0030363587009231427, "params": {"0": 0.2675582252649944, "1": -0.11713386355714128, "2": -2.5848894880842375, "3": -1.769553347395069, "4": 2.987009676352689, "5": 2.2765645076558068, "6": -0.8496168167864395, "7": -1.7037811839441834}, "datetime": {"datetime": "2021-06-29 22:04:50", "elapsed": 6584.233221, "delta": 15.289234}}
{"target": 0.003172951197348744, "params": {"0": -0.9051053488938416, "1": 1.0582892809885287, "2": 2.236051328073458, "3": 0.11616684770221886, "4": 0.8594883934266742, "5": -1.8773550821930778, "6": -2.1826338231835027, "7": 0.21911799382694364}, "datetime": {"datetime": "2021-06-29 22:05:09", "elapsed": 6603.399991, "delta": 19.16677}}
{"target": 0.0032369639473531497, "params": {"0": -2.6923112861739154, "1": -0.3605793356007072, "2": -2.025095240382118, "3": 2.011679940518234, "4": -2.8004662026499245, "5": 0.3852636590281424, "6": 1.2044759142703514, "7": 2.8310724527875823}, "datetime": {"datetime": "2021-06-29 22:05:23", "elapsed": 6617.032421, "delta": 13.63243}}
{"target": 0.0031429035663372664, "params": {"0": 0.02051615033397436, "1": -2.869571128473587, "2": 0.9524537461794536, "3": -2.0471277029319053, "4": 1.0935315833971586, "5": 0.168511303122175, "6": 2.5763771543952965, "7": -2.4258131457248746}, "datetime": {"datetime": "2021-06-29 22:05:45", "elapsed": 6639.372951, "delta": 22.34053}}
{"target": 0.003311709250423676, "params": {"0": -2.449386151766871, "1": 2.7061827221401984, "2": -0.7259137329477934, "3": -1.9715897609904804, "4": -2.6325944308544003, "5": 0.6771703638859305, "6": -1.004118928021804, "7": -0.27057196008417606}, "datetime": {"datetime": "2021-06-29 22:06:01", "elapsed": 6654.890272, "delta": 15.517321}}
{"target": 0.0038006722208266583, "params": {"0": 0.9449649653199232, "1": 0.32513622082928473, "2": 1.5786244288750355, "3": -0.2233935739777433, "4": -2.5760076708116504, "5": -0.6114494667544284, "6": -2.471138062773857, "7": 2.8899839366827482}, "datetime": {"datetime": "2021-06-29 22:06:15", "elapsed": 6669.216167, "delta": 14.325895}}
{"target": 0.003235647965613943, "params": {"0": 0.7654356559651578, "1": -1.589728817867988, "2": -2.5035733426790436, "3": 2.202324512229273, "4": 1.4547373444530969, "5": -2.377684296066832, "6": 1.4521030995367754, "7": 0.3666470206823318}, "datetime": {"datetime": "2021-06-29 22:06:31", "elapsed": 6684.60805, "delta": 15.391883}}
{"target": 0.00301895029025439, "params": {"0": -1.358475014744848, "1": 0.9837200623002671, "2": -1.5157483128389977, "3": 2.212266400097607, "4": -1.828377552758742, "5": -1.4368097112191125, "6": 2.735696134397058, "7": 2.281665366899478}, "datetime": {"datetime": "2021-06-29 22:06:46", "elapsed": 6700.330708, "delta": 15.722658}}
{"target": 0.0042883912904898465, "params": {"0": 1.060469024409299, "1": 0.6319423057612781, "2": -0.0966899959416585, "3": 1.0530306238873894, "4": -2.1984738385711093, "5": 1.68731306146017, "6": -0.14040296996021295, "7": 2.4986574282515877}, "datetime": {"datetime": "2021-06-29 22:07:07", "elapsed": 6720.998996, "delta": 20.668288}}
{"target": 0.005335139694005216, "params": {"0": 2.290082869709779, "1": 0.18469280166519564, "2": 2.5132402692421287, "3": 0.2382264635317224, "4": -1.3806940688549687, "5": 2.582528429627093, "6": -0.1332182913072888, "7": 0.6215883362765542}, "datetime": {"datetime": "2021-06-29 22:07:27", "elapsed": 6741.341059, "delta": 20.342063}}
{"target": 0.026114234159297346, "params": {"0": 1.3024905097957582, "1": 1.5146220071437124, "2": 2.019263795462363, "3": -0.7972258715796805, "4": -0.8787907848118337, "5": -0.9590421272909708, "6": -0.399949439109363, "7": 1.1741160336185086}, "datetime": {"datetime": "2021-06-29 22:07:49", "elapsed": 6763.447763, "delta": 22.106704}}
{"target": 0.003405280956997911, "params": {"0": 0.7906169563152083, "1": 1.7319683890639634, "2": -2.892231861891998, "3": 2.0931117790252074, "4": -2.3095735110576863, "5": -1.140950182696589, "6": -1.3459737353132508, "7": 0.5264904412420117}, "datetime": {"datetime": "2021-06-29 22:08:47", "elapsed": 6821.428193, "delta": 57.98043}}
{"target": 0.0039548975138902, "params": {"0": 2.6382211683114356, "1": 2.552192477607587, "2": 1.5990439097963458, "3": -2.5220699398576447, "4": 0.8689249317926802, "5": -1.0575663351303268, "6": 0.7547823860091123, "7": 1.7775454978815652}, "datetime": {"datetime": "2021-06-29 22:09:07", "elapsed": 6841.28547, "delta": 19.857277}}
{"target": 0.003844615550352772, "params": {"0": -0.2248450205826824, "1": -0.3669818039943298, "2": -0.21407730498331512, "3": -1.3175629926801695, "4": -2.387548452522313, "5": -0.9701331035126248, "6": 2.405363079142048, "7": 2.8987897870290142}, "datetime": {"datetime": "2021-06-29 22:09:26", "elapsed": 6859.842442, "delta": 18.556972}}
{"target": 0.006869310035496624, "params": {"0": 1.4844298971764882, "1": -2.647116433895496, "2": 2.7448833102950516, "3": 1.1957061778014069, "4": 0.5562274942867433, "5": -1.2383829913724618, "6": -1.868284705587924, "7": -1.016307988533646}, "datetime": {"datetime": "2021-06-29 22:09:50", "elapsed": 6883.720939, "delta": 23.878497}}
