{"target": 0.00360645077027004, "params": {"0": 0.2876199325190587, "1": 0.6493666585804339, "2": -0.872406837688017, "3": 0.844953590289788, "4": -1.7986110398352237, "5": 1.0953014478159178, "6": 0.8372726232401329, "7": 2.059775313724206}, "datetime": {"datetime": "2021-06-29 22:33:51", "elapsed": 8411.363232, "delta": 17.858913}}
{"target": 0.0036489799161213456, "params": {"0": -2.740670761652771, "1": 1.3300893041080837, "2": -2.800478670771013, "3": -1.0894019030549889, "4": 0.15781942262729398, "5": -2.022070554000716, "6": 0.10525679534357923, "7": 1.129112140101542}, "datetime": {"datetime": "2021-06-29 22:34:08", "elapsed": 8428.116291, "delta": 16.753059}}
{"target": 0.002922570521756183, "params": {"0": -1.8157974059212134, "1": 2.8466160185573663, "2": -0.1614993438087211, "3": 1.1506621664270344, "4": 1.9650639354992512, "5": -1.9789184970395033, "6": -2.2817143186693434, "7": -0.00870230543746775}, "datetime": {"datetime": "2021-06-29 22:34:21", "elapsed": 8441.195539, "delta": 13.079248}}
{"target": 0.0039718759589755515, "params": {"0": 2.5535543936611598, "1": 2.8997778580137457, "2": 1.5148583792035266, "3": -0.9726471077865915, "4": -1.7935548522864746, "5": -0.9699671045565945, "6": 0.5226533086584997, "7": 1.1741664481396707}, "datetime": {"datetime": "2021-06-29 22:34:43", "elapsed": 8463.189591, "delta": 21.994052}}
{"target": 0.00417642206938461, "params": {"0": 1.9671960053600266, "1": 2.834316975593696, "2": -1.0847889701429827, "3": 1.1013614810827734, "4": -1.5075570374045706, "5": -1.7333540673859333, "6": 1.7991317405608207, "7": 2.5716683635951325}, "datetime": {"datetime": "2021-06-29 22:34:57", "elapsed": 8476.626923, "delta": 13.437332}}
{"target": 0.005683216790462992, "params": {"0": -0.5046638704302566, "1": 2.259336878505435, "2": 2.2141187025808984, "3": -1.5442323685262291, "4": -1.3789072895339718, "5": -1.9008331282630373, "6": 1.3181425613846889, "7": 1.138219617966528}, "datetime": {"datetime": "2021-06-29 22:35:25", "elapsed": 8505.294035, "delta": 28.667112}}
{"target": 0.00299374089749932, "params": {"0": -2.110787350194789, "1": 0.9259334633022842, "2": 0.7636677765962956, "3": -2.3127443597561514, "4": -0.08206354531660054, "5": -0.18295144188695334, "6": 2.293613087485583, "7": 2.846948457768547}, "datetime": {"datetime": "2021-06-29 22:35:37", "elapsed": 8516.68786, "delta": 11.393825}}
{"target": 0.0034187945309203556, "params": {"0": 1.4005027586035528, "1": 0.01263819710898062, "2": 1.4495853578907427, "3": -1.772082193117189, "4": 1.8358253310293868, "5": 1.9547011359160145, "6": -0.3411858625257911, "7": -0.9480770787019424}, "datetime": {"datetime": "2021-06-29 22:35:50", "elapsed": 8529.822681, "delta": 13.134821}}
{"target": 0.003305935565368111, "params": {"0": -1.0739836375068719, "1": 2.3920649012948187, "2": -1.1644387187514613, "3": -2.496593458582613, "4": -1.4180406160276895, "5": -2.0865845570498887, "6": -1.0171377912680735, "7": 1.7834418164407522}, "datetime": {"datetime": "2021-06-29 22:36:24", "elapsed": 8563.556909, "delta": 33.734228}}
{"target": 0.01127264085407301, "params": {"0": -1.9281112196903463, "1": 0.5776615602943727, "2": -1.2987390069052913, "3": -0.18003666378090255, "4": 1.7772054256274492, "5": 1.1479709226738084, "6": 1.4112610810007489, "7": -2.8296358680673155}, "datetime": {"datetime": "2021-06-29 22:36:43", "elapsed": 8582.953512, "delta": 19.396603}}
{"target": 0.0032486652060678286, "params": {"0": -0.5471434914031779, "1": 2.121414209775905, "2": 1.1476043796297501, "3": -0.058363992916870444, "4": -1.2521355398634455, "5": -1.6297557698576883, "6": 1.0548895073142042, "7": 1.0810256711808321}, "datetime": {"datetime": "2021-06-29 22:37:20", "elapsed": 8620.408249, "delta": 37.454737}}
{"target": 0.003399071053365658, "params": {"0": -2.263041482812946, "1": 0.7268603997574123, "2": 1.813577395003449, "3": -1.34065574509526, "4": -0.0029842131302144637, "5": 1.5016820366843966, "6": 1.0757283359016068, "7": -0.3591693414572572}, "datetime": {"datetime": "2021-06-29 22:37:44", "elapsed": 8644.463701, "delta": 24.055452}}
{"target": 0.007483218342748044, "params": {"0": 2.7484689545487218, "1": 2.474395181377366, "2": 1.5170200560503044, "3": -0.6885797955393635, "4": -1.7797961028973652, "5": -1.3348105208222276, "6": 0.49470005462503597, "7": 0.6507728041734708}, "datetime": {"datetime": "2021-06-29 22:38:13", "elapsed": 8672.926386, "delta": 28.462685}}
{"target": 0.004859887438905104, "params": {"0": 0.729749287533787, "1": -2.534595475950389, "2": 1.9543017090643344, "3": -1.0674357023447303, "4": -0.3137308199603299, "5": 1.1081338661028601, "6": -1.7524654570677403, "7": 0.15789518641296096}, "datetime": {"datetime": "2021-06-29 22:38:34", "elapsed": 8693.931923, "delta": 21.005537}}
{"target": 0.012469780309971328, "params": {"0": -2.2819926351902864, "1": 1.0501891826976149, "2": -0.9366122660019429, "3": -1.290900410075861, "4": 1.064895185129286, "5": -1.4424398855368263, "6": 1.7900189385092276, "7": 1.6349377716925542}, "datetime": {"datetime": "2021-06-29 22:38:53", "elapsed": 8713.397082, "delta": 19.465159}}
{"target": 0.0033201120826535893, "params": {"0": 2.8089889900527343, "1": -2.784274789998186, "2": -0.6667109999210821, "3": -2.387402548590217, "4": 2.6483981874308578, "5": -0.03664569750765079, "6": -0.2527358950201384, "7": -2.6750186735829584}, "datetime": {"datetime": "2021-06-29 22:39:08", "elapsed": 8728.496873, "delta": 15.099791}}
{"target": 0.0029963017777856565, "params": {"0": 1.9854689265642325, "1": 2.738609941340356, "2": -1.6646281902358528, "3": -2.1954499049768987, "4": 0.14026808085476716, "5": 0.5760587934885422, "6": -0.8381526644026924, "7": -2.4521273933905334}, "datetime": {"datetime": "2021-06-29 22:39:28", "elapsed": 8748.322017, "delta": 19.825144}}
{"target": 0.003862462306375909, "params": {"0": -0.35125926444721856, "1": 1.2743802430815263, "2": 2.4253907037371407, "3": 2.8261006043193477, "4": -0.7763176547669524, "5": -2.445001316427417, "6": -2.5796237139734712, "7": 0.2082488973531409}, "datetime": {"datetime": "2021-06-29 22:39:51", "elapsed": 8771.486865, "delta": 23.164848}}
{"target": 0.0030563643536743452, "params": {"0": -2.736741634565955, "1": -0.5547973862439131, "2": 1.0159379224560343, "3": -1.808487486911538, "4": -1.0549507373523952, "5": 0.9598150295650894, "6": 0.3865299092681598, "7": -2.5559069724375947}, "datetime": {"datetime": "2021-06-29 22:40:06", "elapsed": 8786.01528, "delta": 14.528415}}
{"target": 0.0028726173183769473, "params": {"0": -1.00079025805133, "1": 2.34523299285783, "2": -1.272586528577395, "3": 2.2004498127231376, "4": 2.7982296724050117, "5": -2.0652247140768782, "6": 2.3754422406101448, "7": -0.8084402088501745}, "datetime": {"datetime": "2021-06-29 22:40:28", "elapsed": 8807.781033, "delta": 21.765753}}
{"target": 0.0037063153631868555, "params": {"0": -0.8159532051912759, "1": 0.9446820912614684, "2": -1.133366153983794, "3": -2.433700103361775, "4": -1.7861579509066985, "5": -2.452242990151606, "6": -2.5584334045373387, "7": -1.7578228062573862}, "datetime": {"datetime": "2021-06-29 22:40:43", "elapsed": 8823.081821, "delta": 15.300788}}
{"target": 0.0030012259905169134, "params": {"0": -2.490709262154639, "1": 2.32889919515536, "2": 1.7746248808153915, "3": -0.32738419854274525, "4": 1.9967512495083, "5": -1.7134699579191375, "6": -2.707845213901683, "7": -2.610116470631323}, "datetime": {"datetime": "2021-06-29 22:41:06", "elapsed": 8845.838788, "delta": 22.756967}}
{"target": 0.003015414341629228, "params": {"0": 0.8546953785686586, "1": -0.041115244157828634, "2": -1.985089791946869, "3": 2.422659992158673, "4": 1.680254230046284, "5": 2.36050923331546, "6": 2.36168654509438, "7": -1.5799695681230055}, "datetime": {"datetime": "2021-06-29 22:41:22", "elapsed": 8862.430017, "delta": 16.591229}}
{"target": 0.0032960533599628705, "params": {"0": -0.7204578999642361, "1": 1.4148524746844142, "2": -1.2223171375439832, "3": -2.2410203107738798, "4": 2.7866090693836156, "5": 1.2674452895502277, "6": -1.215377505903851, "7": -2.778026515590187}, "datetime": {"datetime": "2021-06-29 22:41:36", "elapsed": 8876.237066, "delta": 13.807049}}
{"target": 0.003009594974896298, "params": {"0": 2.059530229876553, "1": 2.0402296269605857, "2": 2.831408833095894, "3": 2.3654776520387406, "4": 1.2556053740418012, "5": 2.20841538882203, "6": -2.960595395660963, "7": -1.5875746528715236}, "datetime": {"datetime": "2021-06-29 22:41:49", "elapsed": 8888.71057, "delta": 12.473504}}
{"target": 0.00425783919895815, "params": {"0": -2.1641566074530063, "1": -1.3125245280822926, "2": -1.5609195655889117, "3": -1.7518277207604054, "4": -0.059655094472507386, "5": 2.582462276193251, "6": -1.3099857320311792, "7": -1.3329873569426114}, "datetime": {"datetime": "2021-06-29 22:42:11", "elapsed": 8911.350273, "delta": 22.639703}}
{"target": 0.00324996970742409, "params": {"0": -2.9422402158644982, "1": 1.925185258873488, "2": 1.3144442683294386, "3": -2.092227142259733, "4": -2.314609176782138, "5": -0.5758954219330037, "6": -0.9917422848558353, "7": -2.9113138858836196}, "datetime": {"datetime": "2021-06-29 22:42:33", "elapsed": 8932.560537, "delta": 21.210264}}
{"target": 0.005710484673358568, "params": {"0": 0.9463374650021943, "1": -0.10105496872963471, "2": -0.855885352395628, "3": -1.30823368836523, "4": 0.8258038225083961, "5": -1.984941667627934, "6": -1.7560067301608258, "7": -1.9879743055870496}, "datetime": {"datetime": "2021-06-29 22:42:47", "elapsed": 8946.963361, "delta": 14.402824}}
{"target": 0.00730365694217048, "params": {"0": -0.8773942476874215, "1": 1.6245022910657436, "2": 2.390899414421109, "3": 0.02344935041357843, "4": -1.6448609394099183, "5": -0.8713732406740924, "6": 0.35164964031423196, "7": 1.4108007663313877}, "datetime": {"datetime": "2021-06-29 22:43:22", "elapsed": 8981.704498, "delta": 34.741137}}
{"target": 0.003389816443237155, "params": {"0": 0.31329070063895337, "1": -1.4133711757296976, "2": 2.5269818043789787, "3": -1.5725430308188568, "4": -0.6483606609845802, "5": 0.2018408871309436, "6": -0.7097464241437015, "7": 0.34273634789175134}, "datetime": {"datetime": "2021-06-29 22:43:42", "elapsed": 9002.407253, "delta": 20.702755}}
{"target": 0.0037581077105705817, "params": {"0": 0.0028191144762033105, "1": -0.5241987020874692, "2": 0.24521451789683502, "3": -2.1754433357085627, "4": -0.7839776047474092, "5": -0.8563827358626144, "6": 0.6882893713280032, "7": 1.8846956328880884}, "datetime": {"datetime": "2021-06-29 22:44:11", "elapsed": 9031.27735, "delta": 28.870097}}
{"target": 0.0034066389849997103, "params": {"0": 2.693571508372793, "1": -0.4675651661570486, "2": 1.0758440268574576, "3": 1.585880210561477, "4": -1.2221265588957386, "5": 1.98636618675173, "6": -1.567546895560163, "7": -1.4658522919813655}, "datetime": {"datetime": "2021-06-29 22:45:02", "elapsed": 9081.729646, "delta": 50.452296}}
{"target": 0.005981419219767588, "params": {"0": 1.6243980607110933, "1": -0.6593888705366684, "2": -2.0545765540356062, "3": 0.13155124331653045, "4": 0.4209031389093356, "5": -1.5399762635739143, "6": 1.347570627073809, "7": -0.8098533550076774}, "datetime": {"datetime": "2021-06-29 22:45:35", "elapsed": 9114.541442, "delta": 32.811796}}
{"target": 0.00518423990820498, "params": {"0": -2.834609412164241, "1": -0.858476454886683, "2": 0.3859171646954227, "3": -1.0232063479315436, "4": -2.2820759558583266, "5": 1.7692482519717343, "6": 1.0166483714985874, "7": 0.16130036205428144}, "datetime": {"datetime": "2021-06-29 22:46:01", "elapsed": 9141.119022, "delta": 26.57758}}
{"target": 0.00544530634440877, "params": {"0": -2.1817189546627236, "1": 1.1863991821414634, "2": 0.6065589204269992, "3": 1.676776831513438, "4": -1.3305163897991419, "5": 1.9935691818155616, "6": -2.4710880327790274, "7": 0.15973813275983773}, "datetime": {"datetime": "2021-06-29 22:46:23", "elapsed": 9162.94538, "delta": 21.826358}}
{"target": 0.0030918308340323786, "params": {"0": 1.319871903082034, "1": 1.145283600606323, "2": -0.0932846503071918, "3": -0.8808047181032737, "4": 2.335367402120614, "5": 2.0059334772045307, "6": 0.4425223816553503, "7": -2.775465249281819}, "datetime": {"datetime": "2021-06-29 22:46:35", "elapsed": 9175.47243, "delta": 12.52705}}
{"target": 0.0029189710005239787, "params": {"0": 2.645392841542801, "1": 1.9230583878513814, "2": -2.184514112924579, "3": 2.6197130967294324, "4": 1.5667233156111644, "5": -0.0006777888368705298, "6": 1.0815704935356685, "7": 2.6359645322373764}, "datetime": {"datetime": "2021-06-29 22:46:58", "elapsed": 9197.783629, "delta": 22.311199}}
{"target": 0.004212930980909083, "params": {"0": 1.7150215282414312, "1": -1.3184557663781853, "2": -2.8452912388802893, "3": 2.2359017470452756, "4": 2.1073075132530112, "5": 0.30384176320413214, "6": -2.743528955503641, "7": 0.5087765769244532}, "datetime": {"datetime": "2021-06-29 22:47:16", "elapsed": 9215.959445, "delta": 18.175816}}
{"target": 0.0034961548977098956, "params": {"0": -1.2009183870545839, "1": 2.6372787630378456, "2": 2.470247469929129, "3": -0.7833691230746651, "4": -1.1571123744393257, "5": -1.987294322116032, "6": 1.9194898383686017, "7": 1.445206282950716}, "datetime": {"datetime": "2021-06-29 22:47:37", "elapsed": 9237.277112, "delta": 21.317667}}
{"target": 0.002934659989245009, "params": {"0": -1.7311680300453696, "1": -2.489635870096764, "2": 1.5434330734457138, "3": 2.648722049913898, "4": 2.3787888543465465, "5": -0.5637379026156815, "6": 0.3524711253212711, "7": -0.2670138209525188}, "datetime": {"datetime": "2021-06-29 22:48:00", "elapsed": 9259.856634, "delta": 22.579522}}
{"target": 0.007532730408338189, "params": {"0": 0.020162371985320338, "1": 0.20114272753901652, "2": 1.596562249209013, "3": 2.339701490208821, "4": -2.878267166301638, "5": -1.2873096075195773, "6": 2.8050346440805836, "7": -2.4465275828736135}, "datetime": {"datetime": "2021-06-29 22:48:11", "elapsed": 9270.632918, "delta": 10.776284}}
{"target": 0.009252387596865577, "params": {"0": 1.751775023751688, "1": 2.142281653119248, "2": 1.406305994476961, "3": -2.4049964548515073, "4": 0.13390402545092606, "5": 0.08830856107809737, "6": -0.8009615271794619, "7": -0.48476259990603543}, "datetime": {"datetime": "2021-06-29 22:48:34", "elapsed": 9294.382888, "delta": 23.74997}}
{"target": 0.03804149080680516, "params": {"0": 1.8855318340960405, "1": 1.186223002689366, "2": -0.4763216934637895, "3": -1.4933427085736524, "4": -0.5967013864915445, "5": -0.6111084430439888, "6": -0.07628972732974137, "7": 1.7661864239894083}, "datetime": {"datetime": "2021-06-29 22:48:51", "elapsed": 9310.853586, "delta": 16.470698}}
{"target": 0.0031971782575829213, "params": {"0": 1.3775397855063964, "1": 2.1944006128113696, "2": -1.8807831711648513, "3": -1.8406711080943086, "4": -1.3927891972633746, "5": 2.6187702346532262, "6": 0.4940409416756282, "7": -2.2523852417578993}, "datetime": {"datetime": "2021-06-29 22:49:13", "elapsed": 9333.160221, "delta": 22.306635}}
{"target": 0.0030228476305900346, "params": {"0": -1.3880881552702653, "1": -0.6710617441191253, "2": 1.7232347501752328, "3": 2.3363950239087954, "4": 2.362206928805964, "5": -2.315316766684015, "6": 0.47714817203440596, "7": -2.0719848217153944}, "datetime": {"datetime": "2021-06-29 22:49:30", "elapsed": 9350.043472, "delta": 16.883251}}
{"target": 0.0034390157862397453, "params": {"0": 0.9170219919340443, "1": 1.7531209035481332, "2": 1.2038556565034142, "3": -1.415434318644828, "4": -0.5349843876766185, "5": 2.8199497358033225, "6": 0.7849883190445777, "7": -2.635788342408751}, "datetime": {"datetime": "2021-06-29 22:49:54", "elapsed": 9374.347706, "delta": 24.304234}}
{"target": 0.0029854824880733814, "params": {"0": -2.4071480998357604, "1": 1.5090221832327568, "2": 0.8457210001647772, "3": -2.376805022798487, "4": 1.9671134260269696, "5": -2.0385298407675956, "6": 0.7467716399121103, "7": 0.8781016284266263}, "datetime": {"datetime": "2021-06-29 22:50:12", "elapsed": 9392.364993, "delta": 18.017287}}
{"target": 0.0060694399149409245, "params": {"0": -2.257404304591933, "1": 0.4948064277084283, "2": 0.9767935445573332, "3": 1.1986458833674343, "4": -1.6052534780010639, "5": 1.7428528280162716, "6": 0.07631239821790992, "7": -1.07438366649036}, "datetime": {"datetime": "2021-06-29 22:50:26", "elapsed": 9406.209318, "delta": 13.844325}}
{"target": 0.0032324265870358826, "params": {"0": -2.7444361058422655, "1": 2.5143866897092453, "2": -1.15037216737551, "3": 0.9460501390792873, "4": 0.35071001438276284, "5": -2.0064775709300893, "6": -0.1602071261421547, "7": -1.5499677941106638}, "datetime": {"datetime": "2021-06-29 22:51:13", "elapsed": 9452.803899, "delta": 46.594581}}
{"target": 0.005117582151418522, "params": {"0": 1.1092676529161238, "1": -2.0806612607379997, "2": 1.9783819341768618, "3": 2.830069724178883, "4": -2.2187439298042673, "5": 1.8058656432217548, "6": 1.1454116840073185, "7": -1.7916489701178406}, "datetime": {"datetime": "2021-06-29 22:51:33", "elapsed": 9472.811167, "delta": 20.007268}}
{"target": 0.0038037021368648887, "params": {"0": -1.112291858123246, "1": 0.7474289369987739, "2": 0.08516591394485884, "3": -2.5216842218990525, "4": -1.7136644542099064, "5": -1.3229803444647774, "6": 0.1466146097813752, "7": 2.4383046955740877}, "datetime": {"datetime": "2021-06-29 22:51:57", "elapsed": 9496.858931, "delta": 24.047764}}
{"target": 0.003893718583552944, "params": {"0": -0.6052571661455692, "1": -1.235670587652824, "2": -0.22896339197425775, "3": -0.2918007846964974, "4": -2.540101986952098, "5": 0.3124097788057294, "6": 0.09070234059484061, "7": 2.3849724067648914}, "datetime": {"datetime": "2021-06-29 22:52:14", "elapsed": 9514.009918, "delta": 17.150987}}
{"target": 0.0030264457529472232, "params": {"0": -1.9606102952819062, "1": -2.157543052022292, "2": -0.20906794907281068, "3": -2.7026852665211605, "4": -1.176766184326417, "5": 0.20835291854821225, "6": 1.1617268497044035, "7": 2.508696722388672}, "datetime": {"datetime": "2021-06-29 22:52:29", "elapsed": 9528.788323, "delta": 14.778405}}
{"target": 0.0037661473525396815, "params": {"0": 1.4581252287013315, "1": -1.7964712727533672, "2": 1.9323723643400363, "3": -0.8973428826532377, "4": 0.4502219463700978, "5": -2.6270047075381884, "6": 0.7344496525412598, "7": -0.272776485208305}, "datetime": {"datetime": "2021-06-29 22:52:50", "elapsed": 9549.738408, "delta": 20.950085}}
{"target": 0.005236960040650574, "params": {"0": -1.2759536209345685, "1": -1.6899406762580949, "2": 2.1354222951707955, "3": 1.1597246135341681, "4": 2.2074087688377144, "5": 0.23767696885107803, "6": 1.8297253321729414, "7": 2.06624483617534}, "datetime": {"datetime": "2021-06-29 22:53:12", "elapsed": 9571.530196, "delta": 21.791788}}
{"target": 0.003223391646902927, "params": {"0": 0.12452641660436958, "1": -1.6109667277708546, "2": -2.3298248482954924, "3": -0.7172037331114538, "4": -1.5523013365298097, "5": -0.21936832629865055, "6": -2.8035092373414408, "7": -1.0432443788554275}, "datetime": {"datetime": "2021-06-29 22:53:28", "elapsed": 9588.038385, "delta": 16.508189}}
{"target": 0.004164156990822922, "params": {"0": 2.854258817625688, "1": -1.1626468241644123, "2": 1.0316274193168695, "3": -2.9351671232961927, "4": -2.52226465554593, "5": -2.1765767357992205, "6": 1.1130754954852744, "7": -2.265827208517318}, "datetime": {"datetime": "2021-06-29 22:53:52", "elapsed": 9611.858575, "delta": 23.82019}}
{"target": 0.0035348090095276125, "params": {"0": 1.5369157606934039, "1": -1.9674255927769329, "2": -0.4836196459471367, "3": -1.2097095157106115, "4": -1.2505479963576858, "5": -2.639866333923238, "6": -0.36399243721881636, "7": -2.5521952047061625}, "datetime": {"datetime": "2021-06-29 22:54:06", "elapsed": 9625.993189, "delta": 14.134614}}
{"target": 0.0034311289338179543, "params": {"0": -1.1197077618190288, "1": 1.9800472015225594, "2": -2.7236113976240555, "3": 2.258837482738631, "4": -0.554602958710916, "5": -2.1390989011545622, "6": -1.0001939638988941, "7": -1.8136482718752571}, "datetime": {"datetime": "2021-06-29 22:54:31", "elapsed": 9651.448523, "delta": 25.455334}}
{"target": 0.003548657787277706, "params": {"0": 2.9565413620141117, "1": 0.10341284284145891, "2": -2.137385844922635, "3": 2.9636247450318285, "4": 2.9395869425326273, "5": 0.9918835095460992, "6": 2.5402997201389894, "7": -2.4838718494360337}, "datetime": {"datetime": "2021-06-29 22:54:46", "elapsed": 9665.819828, "delta": 14.371305}}
{"target": 0.0030544148624764046, "params": {"0": 2.81313837982798, "1": 2.7923431455027616, "2": 1.4107779704141423, "3": 1.4097202726008025, "4": -2.4864202057521414, "5": 2.4420849743875994, "6": 1.4504061294606494, "7": -0.7441228637925974}, "datetime": {"datetime": "2021-06-29 22:55:04", "elapsed": 9683.516953, "delta": 17.697125}}
{"target": 0.0030008401673398697, "params": {"0": 1.2033023860941086, "1": 2.270311249669356, "2": -1.5552051637138051, "3": -1.8581116834946216, "4": -0.4305645937486924, "5": -0.04550048898076575, "6": 2.451486317338169, "7": -0.41375913175413714}, "datetime": {"datetime": "2021-06-29 22:55:30", "elapsed": 9710.341647, "delta": 26.824694}}
{"target": 0.003252354499934413, "params": {"0": 1.286720456095102, "1": 1.9196849273478946, "2": -1.1595199644958907, "3": -2.260722644139814, "4": -1.067695730882311, "5": 0.023216281020622453, "6": 0.838255297452899, "7": 2.0227274805437583}, "datetime": {"datetime": "2021-06-29 22:56:00", "elapsed": 9740.364651, "delta": 30.023004}}
{"target": 0.003067849722283491, "params": {"0": 1.5584462901491838, "1": 2.4706672673122663, "2": 0.3645211275954754, "3": 2.5146511718837594, "4": -2.7342299502945373, "5": 2.4021484114427416, "6": -1.7660459724954152, "7": 2.8076613023497927}, "datetime": {"datetime": "2021-06-29 22:56:26", "elapsed": 9765.942191, "delta": 25.57754}}
