{"target": 0.003380780115197755, "params": {"0": 2.9228408359173335, "1": -1.463486618348667, "2": 1.0024288273590312, "3": -1.6107703001158724, "4": 0.4115315081749005, "5": 0.1981459938469312, "6": -2.4942929029438625, "7": -2.2984695008114775}, "datetime": {"datetime": "2021-06-29 21:32:23", "elapsed": 4635.551731, "delta": 14.255235}}
{"target": 0.004887742649149141, "params": {"0": 1.8055957167072556, "1": 0.9210161821461282, "2": 2.2373555965292375, "3": 1.7391987129007376, "4": -0.8768610889872455, "5": -0.11898748617382804, "6": 1.2693408774101398, "7": 2.3596333256729896}, "datetime": {"datetime": "2021-06-29 21:32:37", "elapsed": 4649.487306, "delta": 13.935575}}
{"target": 0.002951864267183028, "params": {"0": -2.7488137847455025, "1": 0.83652930399548, "2": 0.21909004126457754, "3": -0.007874881719812876, "4": -0.0988904536769919, "5": 2.807234886237004, "6": 0.04648990299289402, "7": 2.6876031969135754}, "datetime": {"datetime": "2021-06-29 21:32:50", "elapsed": 4661.913452, "delta": 12.426146}}
{"target": 0.003088837065694412, "params": {"0": 1.4553017569919309, "1": 1.5523404438560764, "2": -1.210804200074261, "3": -2.6676714796590817, "4": -0.6510342204675608, "5": 2.080495481273303, "6": -0.21535481097703535, "7": -1.9801516874748513}, "datetime": {"datetime": "2021-06-29 21:33:04", "elapsed": 4676.12886, "delta": 14.215408}}
{"target": 0.003620994615042163, "params": {"0": 0.05186532820970502, "1": 2.2320359787086215, "2": -2.7016572715460665, "3": 2.6624479314174447, "4": 0.02325264683055117, "5": -1.5591425806357708, "6": 0.7853514379480808, "7": 0.7313013853367529}, "datetime": {"datetime": "2021-06-29 21:33:16", "elapsed": 4687.910986, "delta": 11.782126}}
{"target": 0.0033131560619058874, "params": {"0": 2.291080519094912, "1": 2.0060915099508083, "2": 1.2442023888026439, "3": -1.8683045898857316, "4": -1.5955639247737385, "5": 1.6971228153877123, "6": 1.8928023064462947, "7": 0.11135985198986287}, "datetime": {"datetime": "2021-06-29 21:33:33", "elapsed": 4704.948558, "delta": 17.037572}}
{"target": 0.006729539804318768, "params": {"0": 0.42627358421368555, "1": 0.087257753289252, "2": -0.177205536646599, "3": -1.2956376396851819, "4": -0.6801477996976946, "5": 0.43137114921455844, "6": 2.007131809005262, "7": -1.8856483457397637}, "datetime": {"datetime": "2021-06-29 21:33:45", "elapsed": 4717.16677, "delta": 12.218212}}
{"target": 0.0035943144440663123, "params": {"0": 2.689960515905934, "1": 1.2218609556719482, "2": -2.634315454085252, "3": -1.1518154049109066, "4": 2.125339067678185, "5": 0.8613081599553833, "6": -0.23450392681901722, "7": -1.4216362846184232}, "datetime": {"datetime": "2021-06-29 21:34:13", "elapsed": 4745.219908, "delta": 28.053138}}
{"target": 0.0030736660024694427, "params": {"0": -2.4459862517139035, "1": -2.6243201974897605, "2": 1.065761694234193, "3": 2.8950813816991907, "4": 2.5448473239158957, "5": 0.4441658662213328, "6": -0.3318755008839753, "7": -2.176128130227837}, "datetime": {"datetime": "2021-06-29 21:34:26", "elapsed": 4758.200207, "delta": 12.980299}}
{"target": 0.005514627320426959, "params": {"0": 0.7822326896317078, "1": 1.8423749558507252, "2": -2.7781450104936374, "3": -0.8429148982558043, "4": 0.781047398519557, "5": -0.8776012639548534, "6": -2.1028608318528925, "7": 2.448140364012194}, "datetime": {"datetime": "2021-06-29 21:34:47", "elapsed": 4778.973229, "delta": 20.773022}}
{"target": 0.005462546527856379, "params": {"0": -0.08986017681255642, "1": 0.1573973810512337, "2": -2.023125274127766, "3": 1.0048939312577714, "4": 1.1559696872875342, "5": 2.8768795776646083, "6": -1.6566334461776668, "7": -0.6217369505938914}, "datetime": {"datetime": "2021-06-29 21:35:07", "elapsed": 4799.046226, "delta": 20.072997}}
{"target": 0.003259203301383104, "params": {"0": 2.809451033267007, "1": 2.2849653128978957, "2": -2.4792651804579724, "3": -0.20676715476684038, "4": 0.9328773548125628, "5": 1.897928983196775, "6": -0.5194814133221088, "7": -1.408622035637748}, "datetime": {"datetime": "2021-06-29 21:35:36", "elapsed": 4828.549394, "delta": 29.503168}}
{"target": 0.003190657386817523, "params": {"0": 1.8631568516024775, "1": 2.6811483156396276, "2": 2.8324986585095786, "3": -0.3853159993951243, "4": 0.16439226945668572, "5": 0.5247729894510069, "6": 0.8466936074144007, "7": -1.1448065691452636}, "datetime": {"datetime": "2021-06-29 21:35:48", "elapsed": 4840.080757, "delta": 11.531363}}
{"target": 0.003012950916760154, "params": {"0": 0.5432683537889571, "1": 0.15756507624201532, "2": 2.0935328057248563, "3": -2.9784293496185796, "4": 2.1148533979086483, "5": 2.482928208931085, "6": 2.0129644850062505, "7": 1.9617220485534625}, "datetime": {"datetime": "2021-06-29 21:36:06", "elapsed": 4857.837491, "delta": 17.756734}}
{"target": 0.0033716501211806605, "params": {"0": -2.2096020558388596, "1": 0.8755879725348299, "2": 2.819912710731505, "3": -0.6140658821457841, "4": 1.2729781267926388, "5": -0.5698593110214047, "6": -2.9799854954130485, "7": 2.9264809290669263}, "datetime": {"datetime": "2021-06-29 21:36:18", "elapsed": 4870.630035, "delta": 12.792544}}
{"target": 0.0033633717850284927, "params": {"0": -2.307499405070585, "1": 2.763145217776672, "2": -1.7027896493441326, "3": 0.4092044730384998, "4": -2.9488203534964015, "5": 0.9390397628731839, "6": 2.2260279488463093, "7": 2.392192406529144}, "datetime": {"datetime": "2021-06-29 21:36:35", "elapsed": 4887.134879, "delta": 16.504844}}
{"target": 0.005916699803842525, "params": {"0": -0.18562278823078238, "1": 0.7300077013217106, "2": -0.09083881284077266, "3": -0.04207031263689087, "4": -2.7214408960656873, "5": -0.2914290779377362, "6": -2.1375818477553956, "7": 2.259002394120299}, "datetime": {"datetime": "2021-06-29 21:36:50", "elapsed": 4901.872058, "delta": 14.737179}}
{"target": 0.004125647943555323, "params": {"0": -1.8226316846205977, "1": 0.4585555370327068, "2": 0.8219786821606814, "3": -1.9771662921258641, "4": -1.087742914229746, "5": -0.1977299820062024, "6": 2.267706659968294, "7": -0.09916977961018647}, "datetime": {"datetime": "2021-06-29 21:37:03", "elapsed": 4915.072695, "delta": 13.200637}}
{"target": 0.004099279136382311, "params": {"0": 2.4135178752758186, "1": -2.903623607677126, "2": -0.5460733722450684, "3": 0.6804022533994387, "4": -0.9498223885732866, "5": 0.7416816563315707, "6": -2.352004941802991, "7": 0.9115985831520965}, "datetime": {"datetime": "2021-06-29 21:37:15", "elapsed": 4927.397472, "delta": 12.324777}}
{"target": 0.003262305306419538, "params": {"0": 1.6137425438256443, "1": -0.9414746737076563, "2": -0.5214705111998255, "3": -1.7587263538005886, "4": -0.11852096327490758, "5": 0.7269110884091026, "6": 2.410523009176827, "7": -1.9937665636985153}, "datetime": {"datetime": "2021-06-29 21:37:25", "elapsed": 4937.704381, "delta": 10.306909}}
{"target": 0.0034133714003049716, "params": {"0": -1.4495135773497567, "1": -2.6656940800583393, "2": -0.10141213712524566, "3": -0.18603505362058703, "4": 2.3293082856598533, "5": -0.95815523213995, "6": 2.9192984051385853, "7": -0.3770423596792907}, "datetime": {"datetime": "2021-06-29 21:37:43", "elapsed": 4955.002801, "delta": 17.29842}}
{"target": 0.0031367011646818675, "params": {"0": 0.1531877510342765, "1": 2.119769603448753, "2": -0.12226254791942281, "3": -0.5432549577568588, "4": 2.686857285243504, "5": 1.6126151761427296, "6": -1.470984598044215, "7": -2.7516796262826304}, "datetime": {"datetime": "2021-06-29 21:38:00", "elapsed": 4972.64507, "delta": 17.642269}}
{"target": 0.007279155917094108, "params": {"0": 0.5651994080686058, "1": 1.57055433077924, "2": 1.468074254847063, "3": -1.9883959137133804, "4": 0.21019991368978808, "5": 1.090985772175224, "6": -0.5758430513966535, "7": -2.198980859063031}, "datetime": {"datetime": "2021-06-29 21:38:12", "elapsed": 4983.828695, "delta": 11.183625}}
{"target": 0.005638783076492168, "params": {"0": 1.1408344820892156, "1": 0.529321058225027, "2": -0.5636025680747307, "3": -0.28870750606821094, "4": 0.6285241125495302, "5": -0.2923151683102425, "6": -1.073419736280802, "7": -2.3499237675117963}, "datetime": {"datetime": "2021-06-29 21:38:27", "elapsed": 4999.097064, "delta": 15.268369}}
{"target": 0.005352635498029443, "params": {"0": -0.784355277100393, "1": -0.892176757050577, "2": 0.7508334533245993, "3": -1.8885027411328925, "4": 0.7917337284640276, "5": -1.8270141758206826, "6": -2.0156462946502183, "7": -2.5299961951495478}, "datetime": {"datetime": "2021-06-29 21:38:45", "elapsed": 5016.793605, "delta": 17.696541}}
{"target": 0.006890368889815323, "params": {"0": -2.2439962958423445, "1": 2.575007814520096, "2": 2.6884028338762684, "3": -0.7673725878337674, "4": -1.2931844798332817, "5": -2.069593596849249, "6": -0.3004249155252845, "7": -2.6796290001621896}, "datetime": {"datetime": "2021-06-29 21:38:57", "elapsed": 5029.524, "delta": 12.730395}}
{"target": 0.004072233941161529, "params": {"0": 0.0013504882387995742, "1": 0.12730016017039336, "2": -1.0163479727936962, "3": 0.4974028973471558, "4": -2.870701772226286, "5": 2.338558798545659, "6": 1.0443204472327894, "7": 1.8160233960442733}, "datetime": {"datetime": "2021-06-29 21:39:11", "elapsed": 5043.531975, "delta": 14.007975}}
{"target": 0.0030338856696106847, "params": {"0": 2.201086604775311, "1": 2.0574325530366613, "2": 1.2149946825232636, "3": 0.47962054952764976, "4": 2.133093420722995, "5": 0.15346338530896997, "6": -2.2561194285355577, "7": -0.7609419446781285}, "datetime": {"datetime": "2021-06-29 21:39:28", "elapsed": 5060.090938, "delta": 16.558963}}
{"target": 0.0034379016447455774, "params": {"0": -0.3568204835469295, "1": -2.9328741577854114, "2": -0.45072670433430684, "3": 2.894654280120892, "4": -2.4017158484726835, "5": 1.0906407502719961, "6": -2.5942182290622426, "7": 2.227319768431272}, "datetime": {"datetime": "2021-06-29 21:39:43", "elapsed": 5075.212556, "delta": 15.121618}}
{"target": 0.0036625642727323446, "params": {"0": 2.099356765307789, "1": -2.286891044264367, "2": -1.0703592718792414, "3": 1.6132363488667298, "4": -1.1485594137181894, "5": -0.7089247142016557, "6": -0.10021424783575039, "7": -1.0352022051547447}, "datetime": {"datetime": "2021-06-29 21:40:00", "elapsed": 5092.683382, "delta": 17.470826}}
{"target": 0.003475318501550004, "params": {"0": 2.5214785384160745, "1": -1.138224200076849, "2": 0.9214715816529861, "3": -1.5102392293632714, "4": -0.3611088094767938, "5": 2.396586900431733, "6": -0.24887893431517272, "7": -2.1194310969709997}, "datetime": {"datetime": "2021-06-29 21:40:13", "elapsed": 5105.155063, "delta": 12.471681}}
{"target": 0.0037583299734390155, "params": {"0": 2.0132528937161815, "1": 1.4815206832464352, "2": -1.4251095535761071, "3": 1.3706738280247484, "4": -1.1844665440624245, "5": 2.730306558309479, "6": 0.6175818219073621, "7": -0.49709269650371946}, "datetime": {"datetime": "2021-06-29 21:40:28", "elapsed": 5119.867529, "delta": 14.712466}}
{"target": 0.004758166874406674, "params": {"0": -2.3388376390329437, "1": -1.6481839312459197, "2": 1.145819428020511, "3": 2.0894784228739223, "4": 2.9892521236169163, "5": -2.1730805982848493, "6": -1.8155398816156092, "7": 0.7538941215274195}, "datetime": {"datetime": "2021-06-29 21:41:05", "elapsed": 5157.68097, "delta": 37.813441}}
{"target": 0.00361186802493002, "params": {"0": -0.05785762695094876, "1": 0.3994286596746588, "2": -1.1872282874119666, "3": 1.109784467822978, "4": -1.176819765299931, "5": 1.098162841387813, "6": -2.151416843411122, "7": -1.3732439075849932}, "datetime": {"datetime": "2021-06-29 21:41:42", "elapsed": 5194.050779, "delta": 36.369809}}
{"target": 0.0033249411363480467, "params": {"0": -2.0571302888960528, "1": -2.957313216984572, "2": -0.6844574266260288, "3": -1.5159840238062277, "4": -1.877851063870501, "5": 2.689582042762102, "6": 0.39859502485927667, "7": 0.8776352263848537}, "datetime": {"datetime": "2021-06-29 21:42:00", "elapsed": 5212.485213, "delta": 18.434434}}
{"target": 0.012794953050426347, "params": {"0": -1.5244700422390174, "1": -1.3831496078073608, "2": 2.506447858530925, "3": 2.444864895728929, "4": 1.1821504630590267, "5": -0.2624153892828609, "6": 1.58744152617414, "7": -2.4316525504285766}, "datetime": {"datetime": "2021-06-29 21:42:15", "elapsed": 5227.510298, "delta": 15.025085}}
{"target": 0.003250331280576258, "params": {"0": -2.390893182002853, "1": 1.0647893137950382, "2": 0.7010128614803257, "3": 2.6505458895472325, "4": -0.3852806456615028, "5": -0.7174460558518465, "6": 1.2049717011391525, "7": 0.4179696714963801}, "datetime": {"datetime": "2021-06-29 21:42:35", "elapsed": 5247.485142, "delta": 19.974844}}
{"target": 0.005053866927474924, "params": {"0": 1.6685005436306168, "1": 1.182381651915069, "2": 2.663864244768078, "3": 1.1787059458355404, "4": -1.8303505971363856, "5": 2.4957830286617746, "6": 2.853945364413562, "7": -1.9981722513134899}, "datetime": {"datetime": "2021-06-29 21:43:13", "elapsed": 5285.040544, "delta": 37.555402}}
{"target": 0.009562591734121424, "params": {"0": 1.8460389393652425, "1": -2.0930853362625563, "2": -1.8493857141328363, "3": 1.2078516538133393, "4": -0.33486736247353033, "5": -1.080000696549483, "6": 1.6331427660271212, "7": 0.19762882464158604}, "datetime": {"datetime": "2021-06-29 21:43:27", "elapsed": 5299.343258, "delta": 14.302714}}
{"target": 0.0032704354968857803, "params": {"0": -0.7614558946760681, "1": 0.7891493929387341, "2": -0.26980232508245905, "3": -2.830446632801041, "4": 0.7988289312348087, "5": 2.903253701483533, "6": -0.9625350293920052, "7": -1.3569343485462078}, "datetime": {"datetime": "2021-06-29 21:43:40", "elapsed": 5312.312529, "delta": 12.969271}}
{"target": 0.0044143796339122755, "params": {"0": 0.41210770372118155, "1": -0.38994049134756814, "2": -1.0756208918723296, "3": -2.9616629091648403, "4": 1.4923028204140136, "5": 0.021016130586154702, "6": 1.1316351009699002, "7": 0.45566580782881605}, "datetime": {"datetime": "2021-06-29 21:43:49", "elapsed": 5321.080984, "delta": 8.768455}}
{"target": 0.003211060404068975, "params": {"0": 2.1076992920516835, "1": 2.461034179062289, "2": 2.2717765544014714, "3": 2.632308195672339, "4": -0.995213480997637, "5": 0.24998856787739943, "6": -2.673742920892499, "7": 2.217780345559734}, "datetime": {"datetime": "2021-06-29 21:43:59", "elapsed": 5331.633637, "delta": 10.552653}}
{"target": 0.0031274257043048537, "params": {"0": 1.1512063161999482, "1": 2.1787961573576125, "2": 1.5984988438356726, "3": 0.16216391640071137, "4": -0.11297056928389093, "5": 1.299279531600627, "6": -0.5679135606948371, "7": -0.9215395086237432}, "datetime": {"datetime": "2021-06-29 21:44:32", "elapsed": 5363.923464, "delta": 32.289827}}
{"target": 0.003559007855307012, "params": {"0": 0.34405083972610395, "1": 2.2342712547980206, "2": -2.4451137090513466, "3": 2.241018251832087, "4": -2.9749651084254025, "5": 1.6647653869227899, "6": 1.8480500845477792, "7": 0.11860583915230283}, "datetime": {"datetime": "2021-06-29 21:45:08", "elapsed": 5400.617559, "delta": 36.694095}}
{"target": 0.0030451635689243673, "params": {"0": -2.471033156374303, "1": 2.1040930606272044, "2": 2.9560483178741555, "3": 1.656034219087398, "4": 2.6823287311039596, "5": -1.4181444531704337, "6": 2.697854100258753, "7": 0.41162055127723063}, "datetime": {"datetime": "2021-06-29 21:45:24", "elapsed": 5416.399686, "delta": 15.782127}}
{"target": 0.0030129440656648646, "params": {"0": -1.3812155399517319, "1": -0.005898863149080391, "2": -2.6031996346138877, "3": 1.0951194884898054, "4": 1.5444408073083604, "5": -1.0473846548519463, "6": -0.9169389172705795, "7": 0.40453752361691553}, "datetime": {"datetime": "2021-06-29 21:45:38", "elapsed": 5430.178856, "delta": 13.77917}}
{"target": 0.003850512270972413, "params": {"0": 1.8043388972878462, "1": 0.5308214109411336, "2": 2.3343793014736782, "3": -0.29246186350827186, "4": -1.0318049381182985, "5": 2.6157509580304152, "6": -0.6965304000773114, "7": -0.42255932411474006}, "datetime": {"datetime": "2021-06-29 21:45:58", "elapsed": 5449.814082, "delta": 19.635226}}
{"target": 0.003267951428670634, "params": {"0": 1.6869325624737659, "1": -0.8866243106459879, "2": 0.3700588076028506, "3": -1.1044569729097136, "4": 2.414298553648429, "5": 2.7722590810723187, "6": 1.1858658889780838, "7": -0.37545887655630894}, "datetime": {"datetime": "2021-06-29 21:46:15", "elapsed": 5466.763571, "delta": 16.949489}}
{"target": 0.0032203019608206293, "params": {"0": 2.046079640003976, "1": -2.1470848023035547, "2": -0.12982097668556491, "3": 2.9767859450090493, "4": -2.177235962963068, "5": 1.1216299461383485, "6": 1.0830306805734704, "7": -0.875899817627773}, "datetime": {"datetime": "2021-06-29 21:46:57", "elapsed": 5509.384399, "delta": 42.620828}}
{"target": 0.0032112682740365415, "params": {"0": -1.0253837594356763, "1": -2.571308012836381, "2": -0.15980446781084634, "3": -2.155153607109914, "4": 2.284926910971776, "5": 1.0477092486849582, "6": -2.92350694431041, "7": -0.8966445678308843}, "datetime": {"datetime": "2021-06-29 21:47:18", "elapsed": 5529.959164, "delta": 20.574765}}
{"target": 0.00460777011673695, "params": {"0": 1.9542233059985215, "1": 1.4045767702228185, "2": 0.2561700976635155, "3": -0.970074409832411, "4": -1.9901238086348856, "5": -0.6522678504817678, "6": -2.1215801656743616, "7": -2.8885806791675543}, "datetime": {"datetime": "2021-06-29 21:47:35", "elapsed": 5547.171476, "delta": 17.212312}}
{"target": 0.0030236294260080425, "params": {"0": -0.5809372305368878, "1": 0.5709640504633002, "2": 1.740800094631478, "3": -0.919658107161685, "4": 2.663425677647412, "5": 2.759336152801321, "6": -2.360793266174448, "7": -2.7839574157642355}, "datetime": {"datetime": "2021-06-29 21:47:50", "elapsed": 5562.511405, "delta": 15.339929}}
{"target": 0.0034769506636590677, "params": {"0": 1.5457514570810513, "1": 0.9190227940927267, "2": 2.4075847652418583, "3": 2.6188205453696476, "4": -1.467204703275981, "5": -2.3759234737436508, "6": -1.757657923063466, "7": 1.6029714944199416}, "datetime": {"datetime": "2021-06-29 21:48:07", "elapsed": 5578.86163, "delta": 16.350225}}
{"target": 0.004718415105372155, "params": {"0": 0.5789528044818719, "1": 2.616867832985001, "2": 2.418089817580114, "3": 0.2464177910267633, "4": 1.0232531445581978, "5": -0.9677092958206304, "6": 2.755282733712421, "7": -2.1751679145232057}, "datetime": {"datetime": "2021-06-29 21:48:44", "elapsed": 5616.697565, "delta": 37.835935}}
{"target": 0.0028857758191271, "params": {"0": -2.3649026136238507, "1": 1.457924089619918, "2": 2.5557913363948943, "3": 2.3905934404475584, "4": 2.6608615080903615, "5": 1.005954641796265, "6": -2.9811511586928736, "7": -0.7032075506528974}, "datetime": {"datetime": "2021-06-29 21:49:00", "elapsed": 5632.39022, "delta": 15.692655}}
{"target": 0.003071414532571315, "params": {"0": -2.708076985145729, "1": 1.4853558205082873, "2": 0.5455038620448569, "3": -0.4933947806206085, "4": 1.1421844466573416, "5": 1.7056452658880925, "6": -1.466302257196492, "7": 2.2636365354065164}, "datetime": {"datetime": "2021-06-29 21:49:15", "elapsed": 5647.6926, "delta": 15.30238}}
{"target": 0.0033115088583857977, "params": {"0": 1.897337447030691, "1": -0.9876156494989603, "2": 0.728272392337026, "3": 1.5240838431302626, "4": 2.8597294108015188, "5": 0.006299167509997705, "6": -1.4349282448242446, "7": 0.5026429829504448}, "datetime": {"datetime": "2021-06-29 21:49:32", "elapsed": 5663.917862, "delta": 16.225262}}
{"target": 0.003934496219857985, "params": {"0": -0.7591130132453743, "1": -1.8495470666134288, "2": -2.6423326203580624, "3": -0.09405640213891964, "4": 1.876704139284791, "5": 0.04410719242398642, "6": 2.2434295199302214, "7": 2.8476289846056817}, "datetime": {"datetime": "2021-06-29 21:49:52", "elapsed": 5684.450929, "delta": 20.533067}}
{"target": 0.005702605161100888, "params": {"0": -0.3237495834319679, "1": 1.1876915090192863, "2": -2.6558885720019756, "3": 0.6021755846866439, "4": 1.3031688586015617, "5": -1.5755057450317833, "6": 2.4730905184893315, "7": 2.0923969366185196}, "datetime": {"datetime": "2021-06-29 21:50:08", "elapsed": 5700.120353, "delta": 15.669424}}
{"target": 0.003347371164036597, "params": {"0": 2.6369539426042694, "1": 1.8633182625106581, "2": -2.327328897871465, "3": -2.8470362650666976, "4": 1.7086735533823836, "5": -1.4024296264305882, "6": -2.5051258567942067, "7": -0.018581907575997647}, "datetime": {"datetime": "2021-06-29 21:50:23", "elapsed": 5715.534374, "delta": 15.414021}}
{"target": 0.002976667725684357, "params": {"0": 2.214257398732041, "1": 0.9806850044532274, "2": 2.5410345949095596, "3": 0.4825581836412325, "4": -1.3998477641894433, "5": -1.5427006521702424, "6": -0.3043294714040723, "7": -0.2401414167150211}, "datetime": {"datetime": "2021-06-29 21:50:43", "elapsed": 5735.298603, "delta": 19.764229}}
{"target": 0.0037150750174107256, "params": {"0": -0.8108877211976391, "1": 0.4123378113112528, "2": 0.3624702790180141, "3": -1.8658421269307095, "4": 0.8864415863590613, "5": -0.6786266833854473, "6": -2.4100028847623087, "7": -1.344489306156212}, "datetime": {"datetime": "2021-06-29 21:51:03", "elapsed": 5755.218996, "delta": 19.920393}}
{"target": 0.004015534439153083, "params": {"0": 1.4088988467751564, "1": 0.42650841433722597, "2": 0.8167263826362134, "3": -0.31681744714705573, "4": -1.6805126729858302, "5": 1.5973906174673784, "6": 1.6249470404836703, "7": -2.70857753229875}, "datetime": {"datetime": "2021-06-29 21:51:19", "elapsed": 5771.589248, "delta": 16.370252}}
{"target": 0.007663898833010924, "params": {"0": 1.040291633329467, "1": -2.7604115608765376, "2": 0.9548169614732798, "3": -0.33504899250729725, "4": -0.6445984422218229, "5": -0.5718819980944652, "6": -0.3126527705586084, "7": -2.844157831914692}, "datetime": {"datetime": "2021-06-29 21:51:34", "elapsed": 5786.045775, "delta": 14.456527}}
