{"target": 0.005171106769560335, "params": {"0": 0.3065222325889909, "1": -0.8808878485227778, "2": -1.6138155561901641, "3": 2.925283686133538, "4": -0.13652047859953687, "5": -2.6228711613167595, "6": 2.9728465532723742, "7": 0.664985882702537}, "datetime": {"datetime": "2021-06-30 02:05:07", "elapsed": 21087.889685, "delta": 33.985694}}
{"target": 0.0049617983843998825, "params": {"0": -1.3001773908867125, "1": 1.7758154450897763, "2": -2.2068633731717338, "3": -1.352605766552074, "4": 2.140561006682331, "5": 1.7439122874540045, "6": 2.4154197834107585, "7": 0.8254635446958489}, "datetime": {"datetime": "2021-06-30 02:05:46", "elapsed": 21127.665704, "delta": 39.776019}}
{"target": 0.0031551288540351183, "params": {"0": -1.0937110078413352, "1": 2.512577834275234, "2": -2.6682345304670987, "3": -2.4940932433424434, "4": -2.6143454144141316, "5": 0.9832997056554369, "6": 1.9212342879271027, "7": 1.3746225459752042}, "datetime": {"datetime": "2021-06-30 02:06:51", "elapsed": 21191.916004, "delta": 64.2503}}
{"target": 0.003566859080305046, "params": {"0": 2.9476070371352856, "1": -1.1563604224004576, "2": -0.7675237087088309, "3": -2.790631678543302, "4": 2.0696742159137385, "5": -2.4052244567557146, "6": -2.32308752979308, "7": -0.03946176253159628}, "datetime": {"datetime": "2021-06-30 02:07:31", "elapsed": 21232.530503, "delta": 40.614499}}
{"target": 0.003254828622168395, "params": {"0": -1.748918309147963, "1": -0.01604150223789169, "2": -1.8997508128547471, "3": 2.731852570414448, "4": 0.8704106054624576, "5": 1.0833885973380308, "6": 1.741899851517334, "7": 0.30941444335645807}, "datetime": {"datetime": "2021-06-30 02:09:32", "elapsed": 21353.057502, "delta": 120.526999}}
{"target": 0.0030278443875863537, "params": {"0": -2.3653862505030903, "1": -1.7613054389422271, "2": -2.0696288768820854, "3": -2.4773292693940716, "4": -0.07294338468027117, "5": 1.0886828902423247, "6": 2.251674243124965, "7": 2.0253639441380322}, "datetime": {"datetime": "2021-06-30 02:10:16", "elapsed": 21397.610532, "delta": 44.55303}}
{"target": 0.9334300750650163, "params": {"0": 0.9676324891796577, "1": -2.997606865412467, "2": -0.07543069241087919, "3": -2.0213285005916193, "4": -1.1284912636495645, "5": -2.3123182028745353, "6": -1.140141740568428, "7": 1.52562820129313}, "datetime": {"datetime": "2021-06-30 02:11:03", "elapsed": 21444.084366, "delta": 46.473834}}
{"target": 0.003276875955284367, "params": {"0": 1.60704431951444, "1": 1.7121951327254141, "2": -2.279044131373867, "3": -0.47142806708952545, "4": 0.7852976510605778, "5": 0.35881044470761125, "6": 0.10639070454104038, "7": -1.533637154520745}, "datetime": {"datetime": "2021-06-30 02:11:37", "elapsed": 21477.969579, "delta": 33.885213}}
{"target": 0.007658179741042636, "params": {"0": -1.4154075258391166, "1": 0.07020393276896897, "2": -1.118060039126029, "3": -2.915871509553199, "4": 1.1557369333346879, "5": 2.453892677707528, "6": -2.1973511132410746, "7": 0.8786280150346992}, "datetime": {"datetime": "2021-06-30 02:12:43", "elapsed": 21544.640173, "delta": 66.670594}}
{"target": 0.003539259399770779, "params": {"0": 1.3109387505022383, "1": -0.5256844796871087, "2": 1.1911556700757888, "3": -0.39321247875496645, "4": -1.0944443365150534, "5": 2.721582015446671, "6": 0.958480591466687, "7": -1.8597513409915505}, "datetime": {"datetime": "2021-06-30 02:14:24", "elapsed": 21645.219208, "delta": 100.579035}}
{"target": 0.0036707404354210417, "params": {"0": -0.7539746118901491, "1": -2.429094661480845, "2": 2.517314518809492, "3": 0.7905096461523491, "4": -2.76694798020076, "5": 1.0635395007381776, "6": -2.595056272165615, "7": 0.020028741183880427}, "datetime": {"datetime": "2021-06-30 02:15:38", "elapsed": 21719.228483, "delta": 74.009275}}
{"target": 0.012121138321921342, "params": {"0": -0.6521838271091775, "1": 0.5632085345676399, "2": -2.1102997851556524, "3": -1.0372500835744893, "4": -0.19333552244545915, "5": 0.2203874667012986, "6": 2.0127005797134316, "7": -1.2535260757406939}, "datetime": {"datetime": "2021-06-30 02:16:14", "elapsed": 21755.520658, "delta": 36.292175}}
{"target": 0.0030830555544740837, "params": {"0": 1.550127413992385, "1": -1.3746921172459257, "2": 1.0614360726359724, "3": 2.783994862766697, "4": -0.6579212969365571, "5": 1.5272220049725904, "6": -0.1439786410658943, "7": 2.854627609253664}, "datetime": {"datetime": "2021-06-30 02:16:58", "elapsed": 21799.112362, "delta": 43.591704}}
{"target": 0.19663281779365438, "params": {"0": 0.937474169316216, "1": -2.927226535642423, "2": -0.15171735199582526, "3": -2.1233857814656494, "4": -1.1602510085135995, "5": -2.2631311626977975, "6": -1.087689119132224, "7": 1.5184593636643773}, "datetime": {"datetime": "2021-06-30 02:18:52", "elapsed": 21912.846708, "delta": 113.734346}}
{"target": 0.002993472169811167, "params": {"0": 1.3314985619596884, "1": -0.9791101862406881, "2": -2.824235331622857, "3": 0.9994342143660409, "4": -1.6615456368954948, "5": 0.9223519336173274, "6": 1.6812986443966, "7": -1.5809828450515406}, "datetime": {"datetime": "2021-06-30 02:19:22", "elapsed": 21943.431632, "delta": 30.584924}}
{"target": 0.005169998620502841, "params": {"0": 0.0035490034418113048, "1": -2.14159935824057, "2": -2.537929332420147, "3": -1.5208237742407338, "4": -0.017688891583887756, "5": 2.707848528138154, "6": -2.9757756659534707, "7": 0.8043731325290353}, "datetime": {"datetime": "2021-06-30 02:19:58", "elapsed": 21978.980573, "delta": 35.548941}}
{"target": 0.008022428466539755, "params": {"0": -1.401926258954074, "1": -1.7752703603018818, "2": -1.9895864095281934, "3": -0.24167010019773105, "4": -1.561604941555893, "5": -2.4099477108428538, "6": 0.666615923491753, "7": -1.8014199785948113}, "datetime": {"datetime": "2021-06-30 02:21:12", "elapsed": 22052.810545, "delta": 73.829972}}
{"target": 0.002911516836316627, "params": {"0": -1.1792805718101511, "1": 2.1819910608389774, "2": 2.703972273973534, "3": 0.8834936785767269, "4": 2.9666137586136943, "5": -1.8037833593238775, "6": -0.8351263748436306, "7": -0.8299775187243554}, "datetime": {"datetime": "2021-06-30 02:21:49", "elapsed": 22090.147554, "delta": 37.337009}}
{"target": 0.0031083212829804228, "params": {"0": -0.6331967532819478, "1": -0.5222593978278334, "2": 0.8780199358180232, "3": -2.645130570954975, "4": 2.826156923644585, "5": -1.259107853356092, "6": 1.6296191279394474, "7": -1.5150468533735246}, "datetime": {"datetime": "2021-06-30 02:22:26", "elapsed": 22127.426822, "delta": 37.279268}}
{"target": 0.005855179110881324, "params": {"0": 0.1473951460666827, "1": -2.453097720427074, "2": 2.071784040286971, "3": -1.7750083177143516, "4": -0.12365312148955354, "5": 1.3205499199710324, "6": -1.565674882897674, "7": 0.48807314963826265}, "datetime": {"datetime": "2021-06-30 02:23:23", "elapsed": 22183.900455, "delta": 56.473633}}
{"target": 0.0032728634664324968, "params": {"0": 1.0242117275658194, "1": -2.104090041505773, "2": 1.877402319748132, "3": 0.6844727492103599, "4": -2.2914687892332095, "5": 0.98245268262021, "6": -2.3705573355387237, "7": -0.49598611957255523}, "datetime": {"datetime": "2021-06-30 02:24:31", "elapsed": 22252.406358, "delta": 68.505903}}
{"target": 0.009893729557841444, "params": {"0": 1.4250996487184135, "1": -0.1936274724575524, "2": 0.5537820836853138, "3": -0.9189210973890045, "4": 2.166256314034115, "5": 0.23454301789080967, "6": 2.6091460150491583, "7": -0.861246860888607}, "datetime": {"datetime": "2021-06-30 02:25:45", "elapsed": 22326.437742, "delta": 74.031384}}
{"target": 0.0032399861248456536, "params": {"0": -0.8668335198939836, "1": 1.618550878925622, "2": 2.628378986718946, "3": -2.8601630345806925, "4": -1.7446449328827016, "5": -1.4887409278583803, "6": -1.9989954544180315, "7": 1.6697042668532935}, "datetime": {"datetime": "2021-06-30 02:26:15", "elapsed": 22356.485679, "delta": 30.047937}}
{"target": 0.004166987269580495, "params": {"0": 0.958095701556057, "1": -2.6023960426719412, "2": 0.9210222942567681, "3": -2.440961329630448, "4": 2.529751258299667, "5": -2.2422797454289753, "6": -0.6688826154005363, "7": 2.1054551414220306}, "datetime": {"datetime": "2021-06-30 02:26:52", "elapsed": 22393.14059, "delta": 36.654911}}
{"target": 0.004993687635131075, "params": {"0": -1.7889224812842364, "1": 2.2688146808964005, "2": -2.1000541541672746, "3": 0.9310353493490338, "4": 0.1942862036281099, "5": -1.21268865338585, "6": -1.8249660615015106, "7": 2.384501750769779}, "datetime": {"datetime": "2021-06-30 02:27:20", "elapsed": 22421.256113, "delta": 28.115523}}
{"target": 0.0142661047992064, "params": {"0": 1.2734797471164994, "1": -1.2557461268019396, "2": 1.149255716323034, "3": -0.792095981431248, "4": 2.5520526216634734, "5": -0.6904467842040125, "6": -1.9487078024288855, "7": 2.348760985466308}, "datetime": {"datetime": "2021-06-30 02:28:14", "elapsed": 22475.068832, "delta": 53.812719}}
{"target": 0.0030261461831388803, "params": {"0": 2.6937893826466093, "1": -1.6050839797297507, "2": 0.7701402561266413, "3": -1.9928153763267942, "4": 2.9079683407727908, "5": -2.1386674782346162, "6": 0.949763114784866, "7": 0.28798912568640045}, "datetime": {"datetime": "2021-06-30 02:28:49", "elapsed": 22510.279753, "delta": 35.210921}}
{"target": 0.0819984299552026, "params": {"0": -2.151633807671619, "1": -1.282326684554199, "2": -1.9201663780810168, "3": -2.0740473919730276, "4": -1.7950410194110986, "5": -2.6116439826453215, "6": -0.17213162639085056, "7": 2.8097917926037574}, "datetime": {"datetime": "2021-06-30 02:29:29", "elapsed": 22550.234867, "delta": 39.955114}}
{"target": 0.019963075727996098, "params": {"0": -1.4331462767483734, "1": -0.628996333036425, "2": -2.400905260242136, "3": -1.494511101986905, "4": 2.310616793063275, "5": -1.6687490234670659, "6": -2.843513649960828, "7": -0.030903220036005763}, "datetime": {"datetime": "2021-06-30 02:30:12", "elapsed": 22593.148746, "delta": 42.913879}}
{"target": 0.006346050846175089, "params": {"0": 2.7873111769161376, "1": -1.2348616732494393, "2": 2.0565209067550168, "3": 1.340243577969824, "4": -1.7615315491067536, "5": -1.238780688545959, "6": -2.576787148728049, "7": 0.39877219276127285}, "datetime": {"datetime": "2021-06-30 02:30:52", "elapsed": 22633.701117, "delta": 40.552371}}
{"target": 0.0033389397996803284, "params": {"0": -2.6779479971226374, "1": 2.364055927811272, "2": 0.237200693296443, "3": 1.347049970711378, "4": -2.5902601719359293, "5": -2.0176930510453417, "6": 2.6080253287368595, "7": 2.515911229865864}, "datetime": {"datetime": "2021-06-30 02:31:34", "elapsed": 22675.286425, "delta": 41.585308}}
{"target": 0.0037439303311751723, "params": {"0": -1.8161247704371826, "1": -1.3127444428202732, "2": -2.1312208049764223, "3": -2.104178098938926, "4": 0.9934702062654548, "5": -0.5565893379537075, "6": -1.9241820222094503, "7": 0.6510910508638164}, "datetime": {"datetime": "2021-06-30 02:32:18", "elapsed": 22719.217236, "delta": 43.930811}}
{"target": 0.002989038880619464, "params": {"0": 1.0202098478323416, "1": 1.9727137277527707, "2": -0.6097303675522738, "3": 0.7762581534632007, "4": -1.744844875617046, "5": 2.045127757860146, "6": 0.024354132194280176, "7": -2.337742292076766}, "datetime": {"datetime": "2021-06-30 02:32:48", "elapsed": 22749.582803, "delta": 30.365567}}
{"target": 0.0046204986305015084, "params": {"0": -0.6725645959859681, "1": -2.392794603837876, "2": 2.983499982779364, "3": 2.22885500032708, "4": -2.170502477953156, "5": -2.8903546731418164, "6": 1.5866933582391995, "7": -0.42319700682427674}, "datetime": {"datetime": "2021-06-30 02:33:21", "elapsed": 22782.451429, "delta": 32.868626}}
{"target": 0.00541870545131812, "params": {"0": -0.21687986914662316, "1": -2.800753734465922, "2": -2.7558042571361785, "3": -0.27673744696642455, "4": -1.0528896244113617, "5": 1.8962308006738864, "6": -2.2465669410220848, "7": -1.8004194677937746}, "datetime": {"datetime": "2021-06-30 02:34:08", "elapsed": 22829.576291, "delta": 47.124862}}
{"target": 0.008256386323892554, "params": {"0": -0.02064052354959589, "1": 1.2205931427412562, "2": -2.684391759366285, "3": 0.0012430879314027088, "4": 0.8828206426958407, "5": -2.0996113946836354, "6": 1.004794682643702, "7": -1.5964096085933897}, "datetime": {"datetime": "2021-06-30 02:34:47", "elapsed": 22868.398666, "delta": 38.822375}}
{"target": 0.003051473082925174, "params": {"0": -2.98229250314062, "1": 0.4640270292865991, "2": 1.5181391668562814, "3": -2.8800242568987455, "4": 0.09170789179029448, "5": -1.0167232881808617, "6": 0.3596332126375721, "7": -2.2250950464590566}, "datetime": {"datetime": "2021-06-30 02:35:25", "elapsed": 22906.053176, "delta": 37.65451}}
{"target": 0.0029640593668698563, "params": {"0": 1.9913343082093933, "1": 2.310361799207673, "2": 1.7894239881761376, "3": -2.3375427128053157, "4": 1.5562961227217968, "5": -1.212490482083718, "6": -0.03334013137328551, "7": 0.9716722480583782}, "datetime": {"datetime": "2021-06-30 02:35:59", "elapsed": 22940.321412, "delta": 34.268236}}
{"target": 0.0031586289578427493, "params": {"0": -0.027491756625423136, "1": -2.5005753791002294, "2": 2.2504200828523793, "3": 1.230538658774467, "4": -2.241264561660649, "5": 0.3123115414992954, "6": -2.658068818883716, "7": 0.1488896048504076}, "datetime": {"datetime": "2021-06-30 02:36:57", "elapsed": 22997.970688, "delta": 57.649276}}
{"target": 0.0028647451709520716, "params": {"0": -1.4157701045548579, "1": -0.09399011896651466, "2": 0.8607083671712639, "3": 1.6444839842365244, "4": -1.2424414750374015, "5": 1.280605196434232, "6": -0.4713112569683906, "7": -1.5399966638564715}, "datetime": {"datetime": "2021-06-30 02:37:24", "elapsed": 23025.066432, "delta": 27.095744}}
{"target": 0.003143006929033047, "params": {"0": 2.415814728829508, "1": -0.893546538352282, "2": -0.8237184863477292, "3": -0.9984555281580505, "4": 1.7143595017800708, "5": 0.5802961092495638, "6": 1.8756320404638505, "7": -0.8377795786071935}, "datetime": {"datetime": "2021-06-30 02:38:01", "elapsed": 23062.419059, "delta": 37.352627}}
{"target": 0.00358820935751409, "params": {"0": 1.6647615348099976, "1": 2.2598083736252157, "2": -1.433182447576965, "3": 0.6095231405472172, "4": -1.8284828016561148, "5": 1.3172474143467312, "6": -2.5274567203785647, "7": -1.5781192515260873}, "datetime": {"datetime": "2021-06-30 02:38:29", "elapsed": 23090.414045, "delta": 27.994986}}
{"target": 0.009036983358096376, "params": {"0": 0.7571504394105428, "1": -2.6165171098762428, "2": 2.4201197993641195, "3": -2.0606038275194902, "4": -0.10456628807305446, "5": 1.7450729290405063, "6": -1.834575793211947, "7": 0.006809421333896282}, "datetime": {"datetime": "2021-06-30 02:39:09", "elapsed": 23130.157621, "delta": 39.743576}}
{"target": 0.005053094901890553, "params": {"0": 0.35185123137171104, "1": -2.0410614008454937, "2": 2.4142245994781995, "3": 1.3311410383293758, "4": -2.6800122611311927, "5": 2.5989374697239844, "6": 0.3341445119580255, "7": -1.413182445684635}, "datetime": {"datetime": "2021-06-30 02:39:50", "elapsed": 23170.858365, "delta": 40.700744}}
{"target": 0.0029068243832899997, "params": {"0": -0.012931722844007787, "1": 1.2087908669874636, "2": -2.3784439717796735, "3": 2.620004435993925, "4": 0.6528989210777976, "5": 2.830230435054501, "6": 2.371170072358817, "7": -1.4124728882944817}, "datetime": {"datetime": "2021-06-30 02:40:13", "elapsed": 23193.783138, "delta": 22.924773}}
{"target": 0.006125291054320395, "params": {"0": 1.5464485838597533, "1": -0.7554821237651268, "2": 0.47172057000385825, "3": -0.11755747306009079, "4": -0.38103332491285924, "5": -2.1578473372037563, "6": 0.028351072648824527, "7": -2.5172425411810644}, "datetime": {"datetime": "2021-06-30 02:41:10", "elapsed": 23251.621719, "delta": 57.838581}}
{"target": 0.027395531661647616, "params": {"0": -0.5414155280748303, "1": 2.2829066168543406, "2": 2.1679046441082006, "3": -0.8577664095839594, "4": -1.3993324544918484, "5": -1.8332131254793174, "6": 0.4573392695340246, "7": 1.4196797127071834}, "datetime": {"datetime": "2021-06-30 02:42:01", "elapsed": 23302.706679, "delta": 51.08496}}
{"target": 0.002909200702209444, "params": {"0": -2.6219600279729782, "1": -2.999751161461128, "2": -2.6535681862669653, "3": 2.239399883983104, "4": 1.900332941984761, "5": 2.831967644565661, "6": 0.6139230739666304, "7": -1.721485316783056}, "datetime": {"datetime": "2021-06-30 02:42:32", "elapsed": 23333.726951, "delta": 31.020272}}
{"target": 0.006929288401187536, "params": {"0": -1.84244218142402, "1": 0.5056235101221684, "2": -0.9750441870678013, "3": 0.6532349192008322, "4": -1.1392234675877155, "5": 2.7396329006026336, "6": 1.345182779461072, "7": -1.3130034240344086}, "datetime": {"datetime": "2021-06-30 02:42:59", "elapsed": 23360.517203, "delta": 26.790252}}
{"target": 0.005279373954493295, "params": {"0": -0.2071982881052965, "1": 0.5658207763662073, "2": -1.7038550019016767, "3": 1.503421446511747, "4": -2.6171263126390656, "5": -1.6040818753866197, "6": -1.0808351791357014, "7": 1.9690053921716277}, "datetime": {"datetime": "2021-06-30 02:43:51", "elapsed": 23412.088443, "delta": 51.57124}}
{"target": 0.00346234086029236, "params": {"0": -2.0148388527335115, "1": -1.9866151643295957, "2": -1.1564369436272686, "3": 0.4466498785613462, "4": -1.2838611548047167, "5": -1.114006520335181, "6": -1.4474576298563209, "7": 1.9815964351937811}, "datetime": {"datetime": "2021-06-30 02:44:27", "elapsed": 23448.299845, "delta": 36.211402}}
{"target": 0.0030739743735436384, "params": {"0": 1.9010402846405299, "1": 2.213476383092786, "2": 1.7377646254794792, "3": 0.059385049588915884, "4": -1.3381249132655078, "5": 2.7468637571129095, "6": 1.8056505663533162, "7": 1.5964445586892824}, "datetime": {"datetime": "2021-06-30 02:45:13", "elapsed": 23493.970464, "delta": 45.670619}}
{"target": 0.0034139824117757596, "params": {"0": -1.039142397228538, "1": 0.32275338068603343, "2": 1.237514339826613, "3": -0.8286054075525993, "4": -2.8002364947214993, "5": -0.7734683812581427, "6": -1.6987452684367699, "7": 1.3338319145226993}, "datetime": {"datetime": "2021-06-30 02:45:48", "elapsed": 23529.326782, "delta": 35.356318}}
{"target": 0.00303682851438694, "params": {"0": -2.3478580224535617, "1": 0.7806266657631369, "2": 1.6404479327066053, "3": 2.716343470013311, "4": 2.2298184463735513, "5": 1.9656178096896175, "6": 2.3092162216356664, "7": -1.4434656802964638}, "datetime": {"datetime": "2021-06-30 02:46:16", "elapsed": 23557.654723, "delta": 28.327941}}
{"target": 0.0031123837789223145, "params": {"0": -1.2861746990666885, "1": -1.0932943189864026, "2": -2.4252079467288157, "3": 0.7195076671263863, "4": 2.314806988206355, "5": -2.5070721055629557, "6": 0.7616835494076888, "7": 2.316493878967785}, "datetime": {"datetime": "2021-06-30 02:47:05", "elapsed": 23606.173414, "delta": 48.518691}}
{"target": 0.003006428193225989, "params": {"0": -0.02869646216219035, "1": -1.5843949463587272, "2": -1.2974844939975043, "3": 1.1618158943193526, "4": 1.8312306625458277, "5": 2.13950364016912, "6": -2.4565003265857532, "7": -0.9351564586289847}, "datetime": {"datetime": "2021-06-30 02:47:32", "elapsed": 23633.094315, "delta": 26.920901}}
{"target": 0.00435898437011837, "params": {"0": -0.10667853299059438, "1": -2.866784227042528, "2": -2.497442433783397, "3": 0.18593686122312203, "4": -1.2836753162428303, "5": 1.331917226167569, "6": -2.7960150365760974, "7": -2.493824120890805}, "datetime": {"datetime": "2021-06-30 02:48:22", "elapsed": 23682.75802, "delta": 49.663705}}
{"target": 0.0035743732950566194, "params": {"0": 0.5814468913425341, "1": -1.6527237456201753, "2": -2.2373994346019144, "3": -0.20034155925435027, "4": -1.854816289940173, "5": 0.6788441396925373, "6": -2.6350579812505455, "7": -0.9623735328110499}, "datetime": {"datetime": "2021-06-30 02:49:06", "elapsed": 23726.876739, "delta": 44.118719}}
{"target": 0.0033681037916916145, "params": {"0": -1.5340899922558275, "1": -1.1566626761294763, "2": -1.937194588791043, "3": -0.5338371127914368, "4": -2.3012075649074903, "5": -2.2512182189139787, "6": -0.27552596877849833, "7": -1.0321691365067578}, "datetime": {"datetime": "2021-06-30 02:50:01", "elapsed": 23781.772322, "delta": 54.895583}}
{"target": 0.002940643975166162, "params": {"0": -2.9329291939755024, "1": -0.3180021299540581, "2": -1.4924202976022511, "3": -0.12417738850591498, "4": -1.984696737581394, "5": 1.798643448500684, "6": -1.3834364010089826, "7": -1.2029826129760222}, "datetime": {"datetime": "2021-06-30 02:50:47", "elapsed": 23828.551997, "delta": 46.779675}}
{"target": 0.0035094529375460522, "params": {"0": 0.4660105885685555, "1": -1.6263856505386522, "2": 0.07241810065322785, "3": -2.3957707315670245, "4": -2.1784789744673843, "5": -2.885152824200696, "6": -1.7082929907785138, "7": -1.29175246409243}, "datetime": {"datetime": "2021-06-30 02:51:30", "elapsed": 23870.889079, "delta": 42.337082}}
{"target": 0.0051671211274680155, "params": {"0": 2.8826533235011276, "1": 1.810639599013606, "2": -2.3019011774464886, "3": -2.4468416276135816, "4": -1.442531496103744, "5": 1.5758892684760113, "6": 2.128096999931265, "7": -1.550579445167629}, "datetime": {"datetime": "2021-06-30 02:52:18", "elapsed": 23919.167025, "delta": 48.277946}}
{"target": 0.0032878621284434142, "params": {"0": -0.8100110714704192, "1": -2.6947703623241157, "2": 1.9976207129494892, "3": -1.5430340062117271, "4": 0.11793386721667609, "5": 2.106723304920486, "6": -2.6636858647466424, "7": 0.8244154469504075}, "datetime": {"datetime": "2021-06-30 02:53:05", "elapsed": 23966.004493, "delta": 46.837468}}
{"target": 0.007096617070870163, "params": {"0": -0.29251811986979837, "1": -1.3867898359991795, "2": -0.5591027212028874, "3": -2.559230994189571, "4": -0.32565926952357716, "5": -2.176416115204491, "6": 0.8883189756855785, "7": 0.07168897247352879}, "datetime": {"datetime": "2021-06-30 02:53:36", "elapsed": 23997.048891, "delta": 31.044398}}
