{"target": 0.00296257050636863, "params": {"0": 0.8745311075179245, "1": 2.219618383377761, "2": 0.12170190321852337, "3": -1.2764251765723962, "4": 2.332594340283344, "5": 1.0816312129615824, "6": -2.8676860968649382, "7": -1.466286365977959}, "datetime": {"datetime": "2021-06-29 21:02:04", "elapsed": 2903.646649, "delta": 7.46144}}
{"target": 0.0028906981554939442, "params": {"0": 1.218800254245914, "1": 2.7512303567567624, "2": -2.80935977684236, "3": -1.3285022696285567, "4": 2.633742917469654, "5": 1.4990586031476063, "6": 1.6812134206473264, "7": -1.134429684716354}, "datetime": {"datetime": "2021-06-29 21:02:11", "elapsed": 2911.119873, "delta": 7.473224}}
{"target": 0.0031078397452029677, "params": {"0": 0.4927328673311475, "1": 1.8186897856609372, "2": -1.780764202481838, "3": -1.9646711304136586, "4": -0.2223601353078699, "5": -1.3381962095404263, "6": -0.5697584598408971, "7": 2.4335099599436747}, "datetime": {"datetime": "2021-06-29 21:02:22", "elapsed": 2922.311889, "delta": 11.192016}}
{"target": 0.004107124187376459, "params": {"0": -1.4303560653588845, "1": 2.5469227238089207, "2": -2.011327009909327, "3": 0.5283745238482962, "4": 0.8640681773660113, "5": -0.7408195211119262, "6": -0.6231741983395089, "7": 0.6166461148844276}, "datetime": {"datetime": "2021-06-29 21:02:33", "elapsed": 2932.556832, "delta": 10.244943}}
{"target": 0.0029808003339483616, "params": {"0": -1.5777697678158673, "1": -2.003046191547428, "2": 1.3769253379759512, "3": -2.5180884940412662, "4": 0.18630963320234528, "5": 0.5142015359381045, "6": 2.9692546492259897, "7": 2.4905544802530653}, "datetime": {"datetime": "2021-06-29 21:02:41", "elapsed": 2941.318008, "delta": 8.761176}}
{"target": 0.010667166078734292, "params": {"0": 0.9687261077599523, "1": -0.20592950023074774, "2": -2.809725802760819, "3": -1.4061210631621082, "4": -0.11201593811383903, "5": -0.5533604809821981, "6": 1.5493088528588261, "7": 0.8699711712871254}, "datetime": {"datetime": "2021-06-29 21:02:52", "elapsed": 2952.065427, "delta": 10.747419}}
{"target": 0.0032750440696796266, "params": {"0": -0.49818795943990324, "1": 1.364867917953065, "2": 1.7025127422131492, "3": 2.724456648513134, "4": 0.6427221066801483, "5": -2.378950794981183, "6": -2.4193731791291047, "7": -2.2286445043748198}, "datetime": {"datetime": "2021-06-29 21:03:01", "elapsed": 2960.950883, "delta": 8.885456}}
{"target": 0.0031513596611585865, "params": {"0": 0.6894037911236373, "1": -0.29433005980536464, "2": 1.1954981634229114, "3": 0.33591882504713677, "4": -0.28989580950087923, "5": -1.5438847809282037, "6": -0.2732661187393961, "7": 0.6652981383486183}, "datetime": {"datetime": "2021-06-29 21:03:10", "elapsed": 2970.384956, "delta": 9.434073}}
{"target": 0.003035955270964855, "params": {"0": 0.13741079785053723, "1": 1.9552657278951955, "2": -1.3329134680310228, "3": 0.5633835361691992, "4": -0.48309706935637653, "5": -0.5749395470388863, "6": -1.0889887349863, "7": 1.684439446144073}, "datetime": {"datetime": "2021-06-29 21:03:16", "elapsed": 2976.368785, "delta": 5.983829}}
{"target": 0.00345147471975614, "params": {"0": -2.074499642405426, "1": -2.2503123767933215, "2": 1.0752788676940837, "3": -2.020644445675189, "4": 0.5317313011864448, "5": -2.162207362326899, "6": -1.4750996440764594, "7": -2.7957522942718676}, "datetime": {"datetime": "2021-06-29 21:03:26", "elapsed": 2985.725128, "delta": 9.356343}}
{"target": 0.0032161897469298963, "params": {"0": 2.810683762825531, "1": -1.4534837282796913, "2": -1.5321015825340203, "3": 2.2123553285193474, "4": 1.5681112445903098, "5": 0.6154099456516984, "6": 1.8576906441449035, "7": -2.165035165612153}, "datetime": {"datetime": "2021-06-29 21:03:35", "elapsed": 2995.221384, "delta": 9.496256}}
{"target": 0.003180424861699465, "params": {"0": -2.213798901057451, "1": 0.5859871831420085, "2": 2.1911807151144718, "3": -1.5407079765950733, "4": -1.7156080319002052, "5": 0.6733623629289012, "6": 2.696862326162263, "7": -2.6609768594129406}, "datetime": {"datetime": "2021-06-29 21:03:49", "elapsed": 3009.333699, "delta": 14.112315}}
{"target": 0.041338065766939026, "params": {"0": 1.6449005724083001, "1": -2.597885508032852, "2": 2.5298691203719725, "3": -0.9721520332006142, "4": 2.8573011862426725, "5": -1.8176460687628229, "6": 1.769357596554027, "7": 2.7853911710686337}, "datetime": {"datetime": "2021-06-29 21:04:02", "elapsed": 3022.480725, "delta": 13.147026}}
{"target": 0.005087884881480495, "params": {"0": -1.5548135281936573, "1": 2.170116071808927, "2": -1.5900597407647845, "3": 1.7294897582156183, "4": -1.7660279369380476, "5": -1.0030528766263762, "6": -1.1869456262916966, "7": -0.2909755541816139}, "datetime": {"datetime": "2021-06-29 21:04:14", "elapsed": 3033.889561, "delta": 11.408836}}
{"target": 0.003921974897946265, "params": {"0": -1.1484778963629287, "1": 0.3244418844447603, "2": 0.9314520578406285, "3": -1.280343429264718, "4": -2.6583518513278674, "5": -1.1473587462311405, "6": 2.088579500507741, "7": 0.5538988021684101}, "datetime": {"datetime": "2021-06-29 21:04:29", "elapsed": 3048.916662, "delta": 15.027101}}
{"target": 0.004707851125023797, "params": {"0": -1.2545502480128856, "1": 0.03157293160541075, "2": -0.5232058983841541, "3": -2.629676597082775, "4": -1.0117733439433971, "5": 1.9953685982677314, "6": -0.6862388200022305, "7": -1.057743481812091}, "datetime": {"datetime": "2021-06-29 21:04:45", "elapsed": 3064.711589, "delta": 15.794927}}
{"target": 0.003227462986946459, "params": {"0": 2.0393618972798437, "1": -1.8686887112536863, "2": 1.6614142074913412, "3": -2.9656350989147318, "4": 0.4302746050229094, "5": -0.8534334920953812, "6": -0.3883776639448282, "7": -1.847591954838578}, "datetime": {"datetime": "2021-06-29 21:05:04", "elapsed": 3083.967066, "delta": 19.255477}}
{"target": 0.005036753320345951, "params": {"0": -0.04606876308898711, "1": -2.158578141951764, "2": 1.857535187713264, "3": 0.16120103039470646, "4": -1.5265440641843844, "5": 2.992743560219255, "6": 0.45495658382031756, "7": -2.697925044029219}, "datetime": {"datetime": "2021-06-29 21:05:17", "elapsed": 3097.284751, "delta": 13.317685}}
{"target": 0.010347652994048948, "params": {"0": -0.9969339679848073, "1": -1.804434336627296, "2": -0.7025145394726251, "3": -0.0398021573168732, "4": 1.0143329801825027, "5": 2.439634661922348, "6": 0.6511823024698535, "7": -1.4894187783645059}, "datetime": {"datetime": "2021-06-29 21:05:33", "elapsed": 3113.357345, "delta": 16.072594}}
{"target": 0.0034855374993201975, "params": {"0": -1.6249119608826579, "1": -0.04346131025576039, "2": -1.7364212241407382, "3": -2.008968131876383, "4": -2.7004963686627503, "5": -1.6701245615150744, "6": -0.21017142783727705, "7": -0.9232847990788211}, "datetime": {"datetime": "2021-06-29 21:05:49", "elapsed": 3129.04405, "delta": 15.686705}}
{"target": 0.0034400214848222385, "params": {"0": -1.43793712123686, "1": 0.12834854330094014, "2": -2.7687315249181954, "3": -1.2424350998944194, "4": 1.7202585787578037, "5": -0.8769597434969789, "6": 0.8746006855840571, "7": -1.4708283983871298}, "datetime": {"datetime": "2021-06-29 21:06:07", "elapsed": 3146.687652, "delta": 17.643602}}
{"target": 0.006770858380880682, "params": {"0": -2.433722482036748, "1": 1.5563395651497425, "2": -2.432729776885767, "3": 1.4920834656914739, "4": -1.2804889571011402, "5": -0.28251613129008835, "6": 0.018529933829207756, "7": 0.49194596163216175}, "datetime": {"datetime": "2021-06-29 21:06:19", "elapsed": 3158.528986, "delta": 11.841334}}
{"target": 0.010245659994999212, "params": {"0": 1.1698750832276446, "1": -1.5437385187140742, "2": 0.7094287383420705, "3": -2.7263774785715027, "4": -2.5221958392563177, "5": -1.4299611088643458, "6": -2.880910287946542, "7": 1.1452205583411104}, "datetime": {"datetime": "2021-06-29 21:06:28", "elapsed": 3167.706774, "delta": 9.177788}}
{"target": 0.0031112780599265306, "params": {"0": -2.0665539907065194, "1": 0.5719422949584305, "2": 0.30749675533773724, "3": -2.4366850443580867, "4": -0.7325407004872222, "5": 1.0299490670911, "6": 1.1377494043579777, "7": -1.9623688854722754}, "datetime": {"datetime": "2021-06-29 21:06:38", "elapsed": 3178.056359, "delta": 10.349585}}
{"target": 0.003613488086152516, "params": {"0": -0.2358555378958589, "1": 0.17541467604008387, "2": 0.24863184699551466, "3": 0.5889014531163488, "4": -1.2526414963597843, "5": 2.2889891996355605, "6": -2.714201805807207, "7": 0.8918174699474699}, "datetime": {"datetime": "2021-06-29 21:06:51", "elapsed": 3190.966867, "delta": 12.910508}}
{"target": 0.0030842199620341806, "params": {"0": 2.3071516487147683, "1": 1.4498936389981631, "2": -0.579466933242724, "3": 2.345142930266726, "4": -1.2012629138919957, "5": -2.240625078420762, "6": 2.467245044022331, "7": -2.084981683896351}, "datetime": {"datetime": "2021-06-29 21:07:00", "elapsed": 3199.709426, "delta": 8.742559}}
{"target": 0.003964425363872229, "params": {"0": -2.4188386166337956, "1": -2.994205517579708, "2": -0.267345873531426, "3": 0.03821563371320247, "4": 0.8183826560146725, "5": 0.9359748081626478, "6": -1.6497745402493937, "7": -2.149152408760102}, "datetime": {"datetime": "2021-06-29 21:07:08", "elapsed": 3208.012291, "delta": 8.302865}}
{"target": 0.0032763341612414227, "params": {"0": -0.4438408658528523, "1": 2.5686279163415175, "2": 2.4969112878046404, "3": -1.0657839882928477, "4": -1.0872227970063175, "5": -2.89446220477893, "6": 1.4248127322578874, "7": 1.7110862994210159}, "datetime": {"datetime": "2021-06-29 21:07:32", "elapsed": 3231.706492, "delta": 23.694201}}
{"target": 0.007206831099084535, "params": {"0": 0.44374937079746735, "1": -2.8658891028738434, "2": -2.12866139148053, "3": -2.739379870242464, "4": -1.2470434386303093, "5": -1.6213535548884053, "6": 1.5267262983163095, "7": -0.5054523159545266}, "datetime": {"datetime": "2021-06-29 21:07:42", "elapsed": 3242.41343, "delta": 10.706938}}
{"target": 0.0033542423541189615, "params": {"0": -1.9362026072836143, "1": 2.8466693773066716, "2": -1.7002545639669846, "3": 2.382264336943736, "4": 0.7849826546938794, "5": -0.3152494512117956, "6": -2.6555561889704777, "7": -1.0395985156089853}, "datetime": {"datetime": "2021-06-29 21:07:57", "elapsed": 3257.413627, "delta": 15.000197}}
{"target": 0.003067432133881498, "params": {"0": 1.6885331071269256, "1": -1.278747165648669, "2": -1.4326613953429324, "3": 1.1775549304766448, "4": 1.044377329918313, "5": -0.7710977942163462, "6": 2.1671385627031796, "7": -1.0689015391601162}, "datetime": {"datetime": "2021-06-29 21:08:11", "elapsed": 3271.284935, "delta": 13.871308}}
{"target": 0.00319282253668993, "params": {"0": -0.3598353571102, "1": 2.450141124209133, "2": -2.2384903079794465, "3": 2.4833903008780087, "4": -0.657075689884036, "5": -2.108205732404796, "6": -1.432176235044931, "7": 1.728785356074285}, "datetime": {"datetime": "2021-06-29 21:08:21", "elapsed": 3281.283176, "delta": 9.998241}}
{"target": 0.003923582620322989, "params": {"0": 2.1178084467211518, "1": 2.537268166231766, "2": -0.5043185047333174, "3": -2.0522025719976726, "4": 0.46568516788419334, "5": -1.632640542652037, "6": -0.20943238899257466, "7": -0.7480151427741184}, "datetime": {"datetime": "2021-06-29 21:08:30", "elapsed": 3290.053777, "delta": 8.770601}}
{"target": 0.0030123777828745283, "params": {"0": -2.3040908823540747, "1": 1.8157549580522145, "2": -1.4818758480550887, "3": 2.1267941746645187, "4": -1.866822503026164, "5": 2.0558903917678935, "6": -0.07429868692594344, "7": -2.4842927344534242}, "datetime": {"datetime": "2021-06-29 21:08:38", "elapsed": 3297.726289, "delta": 7.672512}}
{"target": 0.0029812094483416597, "params": {"0": 2.4408174947481456, "1": 0.6803499220488867, "2": -2.1756309943460033, "3": 1.4029273455873161, "4": 0.48105851561151525, "5": 0.4519809872452898, "6": -2.0857406448188094, "7": 2.103383717003828}, "datetime": {"datetime": "2021-06-29 21:08:48", "elapsed": 3308.0846, "delta": 10.358311}}
{"target": 0.003044265962197475, "params": {"0": -0.25019994351988517, "1": 2.8757591311731776, "2": -0.36897243493733267, "3": 0.4489859850587212, "4": 2.1889871896648945, "5": 1.2218490344761346, "6": 1.5740218275807072, "7": -1.5815165813778405}, "datetime": {"datetime": "2021-06-29 21:08:58", "elapsed": 3317.713138, "delta": 9.628538}}
{"target": 0.0031179385277790984, "params": {"0": 2.508494479978828, "1": 0.2209665130889631, "2": 1.660357937425716, "3": -1.5595468211086823, "4": -1.1210920869096102, "5": 2.7742586731562717, "6": 0.36226782100759936, "7": -1.514058785013229}, "datetime": {"datetime": "2021-06-29 21:09:07", "elapsed": 3327.203415, "delta": 9.490277}}
{"target": 0.0028780541202879134, "params": {"0": 1.7561696601616568, "1": 0.4760199417901574, "2": -0.39548871566373034, "3": 0.273230151237156, "4": 0.754075110693647, "5": 1.18292326274595, "6": 0.21483781592671658, "7": -2.0805004315623425}, "datetime": {"datetime": "2021-06-29 21:09:16", "elapsed": 3336.442567, "delta": 9.239152}}
{"target": 0.0033868405829392567, "params": {"0": 0.638881899250797, "1": 0.1607071426390485, "2": 1.7396010393548371, "3": 2.4812957625041783, "4": 1.6454428903287086, "5": -2.529629336868066, "6": -0.9986831405977323, "7": 0.7601630506748847}, "datetime": {"datetime": "2021-06-29 21:09:25", "elapsed": 3345.216422, "delta": 8.773855}}
{"target": 0.0033640947710811275, "params": {"0": -1.7865199010150403, "1": 2.086664584772672, "2": 0.6902364010326014, "3": -0.3205943624231562, "4": -0.5529473182288736, "5": 2.4388883417082488, "6": -1.7511406716235733, "7": 1.2973171066683706}, "datetime": {"datetime": "2021-06-29 21:09:37", "elapsed": 3357.455897, "delta": 12.239475}}
{"target": 0.003280740376289712, "params": {"0": 2.9554095291680786, "1": -0.4318230833250132, "2": 0.9344735651738829, "3": 1.9851777077233512, "4": -1.8478005623408116, "5": 1.6459597122113454, "6": -1.2876376288660678, "7": -2.0876731975423413}, "datetime": {"datetime": "2021-06-29 21:09:55", "elapsed": 3375.366403, "delta": 17.910506}}
{"target": 0.0030070057029475306, "params": {"0": 1.4697055466266837, "1": -2.875396583580632, "2": -2.3415909575283225, "3": 0.14657988151974521, "4": 0.7050236020842906, "5": -0.9991660812588035, "6": -2.7083587272455123, "7": 1.8194219175816322}, "datetime": {"datetime": "2021-06-29 21:10:02", "elapsed": 3381.809942, "delta": 6.443539}}
{"target": 0.002935479784512537, "params": {"0": -2.4109808360415697, "1": -0.07081893446478116, "2": -1.2585412274881786, "3": 0.5654176662046502, "4": 1.8422377207185896, "5": -2.3497782786366175, "6": -2.3931478010600635, "7": 2.87559806888211}, "datetime": {"datetime": "2021-06-29 21:10:11", "elapsed": 3390.590934, "delta": 8.780992}}
{"target": 0.0030621945887799756, "params": {"0": -2.3261849878280056, "1": 0.9709919588070268, "2": -0.6191203720761589, "3": 0.7152216584679101, "4": -0.29817486121875314, "5": 2.9422778303243984, "6": -0.9714816070687129, "7": 0.6653399479165047}, "datetime": {"datetime": "2021-06-29 21:10:21", "elapsed": 3400.566154, "delta": 9.97522}}
{"target": 0.00302561110408566, "params": {"0": -0.3577707303760045, "1": -2.298359073843301, "2": 1.4007729131207256, "3": -2.3512852618408093, "4": 0.07741074673847592, "5": 0.8422642623755738, "6": -2.1275613190623046, "7": -0.10677276478352393}, "datetime": {"datetime": "2021-06-29 21:10:33", "elapsed": 3413.465896, "delta": 12.899742}}
{"target": 0.0069808301117674975, "params": {"0": 0.4421141665298265, "1": 0.8039187193548063, "2": 1.244226997518033, "3": 2.961982212419472, "4": -2.5382464364973565, "5": -1.8074125770252134, "6": 1.6624350287951044, "7": 0.39624460472741596}, "datetime": {"datetime": "2021-06-29 21:10:45", "elapsed": 3424.872765, "delta": 11.406869}}
{"target": 0.003093431909061359, "params": {"0": -2.5800650149761504, "1": 2.658821303150283, "2": 1.1346670458508745, "3": -2.6652777133643313, "4": 1.8092287821657553, "5": -1.4204061850801468, "6": -1.128517247054676, "7": -0.8492082922231279}, "datetime": {"datetime": "2021-06-29 21:10:57", "elapsed": 3437.273451, "delta": 12.400686}}
{"target": 0.003267710505961836, "params": {"0": -0.9157657514448685, "1": -1.90761872564714, "2": -0.48609522600933897, "3": 0.2164850250377217, "4": 1.2558918194903335, "5": 2.986092569246707, "6": 0.28824309576385865, "7": -1.7073883746933125}, "datetime": {"datetime": "2021-06-29 21:11:13", "elapsed": 3453.116284, "delta": 15.842833}}
{"target": 0.004572089258071888, "params": {"0": -2.1713704622389036, "1": 2.6985590860318895, "2": 0.16721877101251348, "3": 0.21276053181270438, "4": 0.4320342626108129, "5": 1.961521976413942, "6": 1.1554397093906408, "7": -2.448312446886187}, "datetime": {"datetime": "2021-06-29 21:11:23", "elapsed": 3463.312092, "delta": 10.195808}}
{"target": 0.003131413104870442, "params": {"0": -2.039029159976283, "1": 0.5367302946794639, "2": -0.6241545386217409, "3": 2.066491563425494, "4": 2.315425042481839, "5": 0.827772364130662, "6": -2.764513476127025, "7": -0.9071916641143964}, "datetime": {"datetime": "2021-06-29 21:11:40", "elapsed": 3479.900023, "delta": 16.587931}}
{"target": 0.003841021228462848, "params": {"0": 1.154285849218109, "1": -1.9840375699544222, "2": 1.0585362376672887, "3": -2.808723538413881, "4": -2.645473134988018, "5": -1.8195982203737024, "6": -2.9664083121388223, "7": 1.4219157988424769}, "datetime": {"datetime": "2021-06-29 21:11:57", "elapsed": 3496.828787, "delta": 16.928764}}
{"target": 0.0029337148964105027, "params": {"0": -1.01695981822564, "1": 0.330691624756315, "2": 0.03116260367518553, "3": 1.2494696506047918, "4": 2.889419032350423, "5": 0.6445934527354611, "6": 1.5972891649147662, "7": -2.727135787211256}, "datetime": {"datetime": "2021-06-29 21:12:07", "elapsed": 3506.694593, "delta": 9.865806}}
{"target": 0.0038770665196128486, "params": {"0": -2.414515537454175, "1": 1.3481558137199503, "2": 0.1010862506641037, "3": 1.60662411978711, "4": -1.8047186323124966, "5": 2.475484607546493, "6": -2.6891218725783412, "7": 0.14665248210422988}, "datetime": {"datetime": "2021-06-29 21:12:24", "elapsed": 3523.564013, "delta": 16.86942}}
{"target": 0.0035382509462608303, "params": {"0": 2.742288567431065, "1": -1.8620019846475677, "2": 2.193773960672522, "3": 2.3418915188201517, "4": -1.1408332145772861, "5": -1.33534061135957, "6": 1.1481879518416394, "7": 2.2649374120441887}, "datetime": {"datetime": "2021-06-29 21:12:48", "elapsed": 3548.116335, "delta": 24.552322}}
{"target": 0.003024636456532756, "params": {"0": 1.4363551420376108, "1": -0.882193425120299, "2": -1.1387777485202224, "3": 0.786151855763463, "4": 1.0736161197015015, "5": -1.3498033471091797, "6": 1.774487623321221, "7": -0.7731156051382335}, "datetime": {"datetime": "2021-06-29 21:13:00", "elapsed": 3560.181544, "delta": 12.065209}}
{"target": 0.005709747516928126, "params": {"0": -1.811129953413364, "1": 0.7757877600976655, "2": 1.1100245390345451, "3": -1.2098912714887928, "4": -1.3091453207215866, "5": 0.28790371721439545, "6": -2.3748631293571982, "7": 1.1119753186859178}, "datetime": {"datetime": "2021-06-29 21:13:19", "elapsed": 3578.559356, "delta": 18.377812}}
{"target": 0.003013501761715486, "params": {"0": 0.886719871473423, "1": 2.1219693131017063, "2": -1.535245320787419, "3": -2.9831052373352374, "4": -0.8672163811899396, "5": -1.0305104805731438, "6": -0.2796349321345941, "7": 1.7962573480264519}, "datetime": {"datetime": "2021-06-29 21:13:39", "elapsed": 3598.762613, "delta": 20.203257}}
{"target": 0.0030863465331930585, "params": {"0": -1.0729949766439792, "1": -1.148083211785447, "2": 0.10981405909554631, "3": -1.7266310381541372, "4": -2.621974909938745, "5": 2.897932303186428, "6": 1.4808452545882966, "7": -2.2968182142814713}, "datetime": {"datetime": "2021-06-29 21:13:48", "elapsed": 3608.1005, "delta": 9.337887}}
{"target": 0.003189403493657932, "params": {"0": 0.6607228928602016, "1": 2.5138929825422576, "2": 1.1520202598465241, "3": 1.4178432442580213, "4": -0.4451800533014616, "5": -1.1483697741919896, "6": 2.500516301643163, "7": -2.3751526696635263}, "datetime": {"datetime": "2021-06-29 21:14:03", "elapsed": 3622.932602, "delta": 14.832102}}
{"target": 0.004985000177027986, "params": {"0": -0.4806466321088676, "1": 0.29019088983685615, "2": 0.7568593323810884, "3": -0.6654681634461372, "4": -2.955435352032648, "5": -1.834606007522757, "6": -2.352118224720827, "7": -1.077996633873417}, "datetime": {"datetime": "2021-06-29 21:14:10", "elapsed": 3630.101693, "delta": 7.169091}}
{"target": 0.0030327922061537324, "params": {"0": -0.41202483724072136, "1": -2.0212834593876368, "2": 2.975829768804906, "3": -0.10341112016947562, "4": -0.2713361665355838, "5": -2.5207973598267266, "6": -0.35786100143081523, "7": 1.705671944373786}, "datetime": {"datetime": "2021-06-29 21:14:19", "elapsed": 3638.77316, "delta": 8.671467}}
{"target": 0.005223607103610663, "params": {"0": 0.8209136879954739, "1": 0.8545798125885025, "2": -1.8458332960710688, "3": 0.47685235687607186, "4": -1.847946900376712, "5": 1.6281774647779699, "6": 1.3625275598357351, "7": 0.5718019006881248}, "datetime": {"datetime": "2021-06-29 21:14:28", "elapsed": 3648.208666, "delta": 9.435506}}
{"target": 0.002942788319107561, "params": {"0": 0.44008603576691696, "1": -2.6933269827710955, "2": 1.8311873562326246, "3": 2.4975993594217307, "4": 1.6404880269412656, "5": 2.412416949019578, "6": 1.7980407807261303, "7": -0.9565926290826154}, "datetime": {"datetime": "2021-06-29 21:14:39", "elapsed": 3659.309292, "delta": 11.100626}}
{"target": 0.025368413635100326, "params": {"0": -0.4596405921476152, "1": -2.139356877898866, "2": 2.6864254143905146, "3": -1.5186134497919728, "4": -0.03917362128381807, "5": 0.5678859044317508, "6": -1.9134971344026097, "7": 0.8062918443101168}, "datetime": {"datetime": "2021-06-29 21:15:01", "elapsed": 3680.760626, "delta": 21.451334}}
