{"target": 0.002943768347295674, "params": {"0": 1.3736552059376193, "1": -1.4035485715326845, "2": -0.05853938126007474, "3": 0.7313766464528495, "4": 2.769077941114505, "5": -1.8373437461508972, "6": -2.6265840384066745, "7": -0.069900928281724}, "datetime": {"datetime": "2021-06-29 20:22:06", "elapsed": 507.655286, "delta": 2.157872}}
{"target": 0.003127548728639655, "params": {"0": 1.2021785246305399, "1": 1.6201918825448116, "2": 2.905744375341751, "3": -2.2092247092503925, "4": 0.003741256627946221, "5": -1.4620039871457657, "6": -1.2899936835510526, "7": -2.128963144852391}, "datetime": {"datetime": "2021-06-29 20:22:09", "elapsed": 510.420012, "delta": 2.764726}}
{"target": 0.0031321598637834825, "params": {"0": 0.9704305107836522, "1": 0.2804073602923305, "2": -0.37551928077732066, "3": 2.452315247098472, "4": 0.0439236053869978, "5": -1.6683858347449672, "6": -1.8960355092004657, "7": 2.308547366285489}, "datetime": {"datetime": "2021-06-29 20:22:11", "elapsed": 512.279518, "delta": 1.859506}}
{"target": 0.003279192131665279, "params": {"0": 2.496072082903596, "1": -2.2262327824194683, "2": 1.0712465835866745, "3": -0.9462168500747272, "4": 1.1214432041428548, "5": 1.7290459592793521, "6": -2.0569520264157086, "7": 0.05357395387142683}, "datetime": {"datetime": "2021-06-29 20:22:14", "elapsed": 515.291429, "delta": 3.011911}}
{"target": 0.043351609103834454, "params": {"0": 1.0695303436755346, "1": 1.3505752954945054, "2": -0.2206977162784618, "3": -0.35820799277801463, "4": -0.2661749855202462, "5": -0.888143861161157, "6": -1.8527135304531077, "7": -2.1620613243350038}, "datetime": {"datetime": "2021-06-29 20:22:17", "elapsed": 518.298878, "delta": 3.007449}}
{"target": 0.0032191828850153047, "params": {"0": 0.7501274347742566, "1": 1.7580906178595814, "2": 1.4585738725842736, "3": 0.03833015556658026, "4": -1.8992717884104755, "5": -0.6467411824589355, "6": -1.6150296067436214, "7": -0.3706424485074331}, "datetime": {"datetime": "2021-06-29 20:22:21", "elapsed": 521.89574, "delta": 3.596862}}
{"target": 0.003982027378965548, "params": {"0": -2.3879109808479226, "1": -2.253133768113002, "2": 2.904715242725459, "3": 0.5888334335519487, "4": 0.821122570453003, "5": -1.8249860038001025, "6": -2.66923136468942, "7": 1.673298322200015}, "datetime": {"datetime": "2021-06-29 20:22:24", "elapsed": 525.286439, "delta": 3.390699}}
{"target": 0.005899232702763171, "params": {"0": -1.4180374084694352, "1": 1.52886907391275, "2": 2.623363591882777, "3": 0.5211575109244162, "4": -1.9752615826381639, "5": -2.3256289472181617, "6": 1.2688892675243704, "7": 1.0217138939811248}, "datetime": {"datetime": "2021-06-29 20:22:29", "elapsed": 530.283873, "delta": 4.997434}}
{"target": 0.0037097355175026063, "params": {"0": -2.309102855211428, "1": 1.1380426543189763, "2": -0.44954852509482546, "3": -0.6917962392777515, "4": -0.06776558459795234, "5": 0.38296769673475106, "6": 2.384611243848128, "7": -1.6830869929110805}, "datetime": {"datetime": "2021-06-29 20:22:30", "elapsed": 531.434056, "delta": 1.150183}}
{"target": 0.019424308094967823, "params": {"0": 1.8294293715422256, "1": -1.0608033069659162, "2": -0.7092926185734392, "3": -1.9173034434676137, "4": 0.8151752202267266, "5": -2.5279931764007095, "6": 1.4679684471130328, "7": 0.0491914828829656}, "datetime": {"datetime": "2021-06-29 20:22:33", "elapsed": 534.70381, "delta": 3.269754}}
{"target": 0.003001983731048211, "params": {"0": -2.823731205681655, "1": -1.896387430219833, "2": -2.4957825337929966, "3": 1.2517682387680384, "4": -1.3023665762966954, "5": -1.3959440323159282, "6": 1.5875762869596493, "7": 2.0160271298444377}, "datetime": {"datetime": "2021-06-29 20:22:37", "elapsed": 537.741374, "delta": 3.037564}}
{"target": 0.0042460069155847635, "params": {"0": -2.3571040982245828, "1": 2.262815360933679, "2": -2.180727930428591, "3": -1.9207551756800239, "4": -0.9583002462643151, "5": 0.6980255504453399, "6": -1.2062471947407665, "7": 0.03190208758707591}, "datetime": {"datetime": "2021-06-29 20:22:39", "elapsed": 540.542484, "delta": 2.80111}}
{"target": 0.0032896166405496138, "params": {"0": 1.141489361359195, "1": -2.4669004573572018, "2": -0.03854044973808346, "3": -0.8221076925173056, "4": -0.1426597241320966, "5": 0.11411704528871436, "6": 2.321567258305407, "7": -0.6183013114303475}, "datetime": {"datetime": "2021-06-29 20:22:44", "elapsed": 545.189042, "delta": 4.646558}}
{"target": 0.0066113769502231245, "params": {"0": 0.4251589837992835, "1": 1.036638485251184, "2": -0.23221967363726304, "3": -0.46951486445392465, "4": -0.03602484367903136, "5": -0.3844221528987326, "6": -1.622796808807048, "7": -1.7901763064505103}, "datetime": {"datetime": "2021-06-29 20:22:49", "elapsed": 549.909965, "delta": 4.720923}}
{"target": 0.0036803712533664363, "params": {"0": 1.1107740975023503, "1": 1.2321314568628132, "2": -1.638995085990985, "3": -0.5002764596655203, "4": -0.6805964431181506, "5": 0.11873349282114098, "6": 1.8457850744888429, "7": -1.0438243423110491}, "datetime": {"datetime": "2021-06-29 20:22:54", "elapsed": 555.408294, "delta": 5.498329}}
{"target": 0.003072463524016044, "params": {"0": -1.9288737089867536, "1": 1.4886075622141002, "2": 2.71685245052522, "3": -1.6932709260625418, "4": 2.3250944280874766, "5": 0.19719516256997505, "6": 1.447708187443416, "7": -0.8317466814630405}, "datetime": {"datetime": "2021-06-29 20:22:57", "elapsed": 558.457924, "delta": 3.04963}}
{"target": 0.006269443119428297, "params": {"0": 1.797736773762165, "1": -0.2988559430197322, "2": -1.1580746620942108, "3": -2.2139510450004307, "4": 0.7643695041532137, "5": -2.3714528782777773, "6": 1.2278883031590464, "7": 0.14458166983342124}, "datetime": {"datetime": "2021-06-29 20:23:04", "elapsed": 565.30757, "delta": 6.849646}}
{"target": 0.0035175291593949687, "params": {"0": -1.0056877411719365, "1": 2.9419704328816882, "2": 2.583263724359875, "3": -2.3485864635273677, "4": -0.7821747412761235, "5": -2.669011455459801, "6": -1.957757747887323, "7": 2.764066186015633}, "datetime": {"datetime": "2021-06-29 20:23:07", "elapsed": 567.755085, "delta": 2.447515}}
{"target": 0.005246773442262373, "params": {"0": 2.610414993160381, "1": -0.9176284921900892, "2": -2.3242743334206066, "3": 2.110812824689301, "4": -2.0198524698971063, "5": -2.5951982745110467, "6": -1.8505579819749354, "7": -1.8145826150519921}, "datetime": {"datetime": "2021-06-29 20:23:11", "elapsed": 572.273548, "delta": 4.518463}}
{"target": 0.0029602683413645094, "params": {"0": -1.5421571507566572, "1": 2.6326722804763047, "2": -0.990468763888444, "3": -2.8505256239333403, "4": 1.0028572636276376, "5": 1.5740053640992713, "6": -1.1241745449528653, "7": 1.317600308545444}, "datetime": {"datetime": "2021-06-29 20:23:15", "elapsed": 576.473995, "delta": 4.200447}}
{"target": 0.003218667093639736, "params": {"0": 2.492351853471291, "1": 1.130615618404775, "2": 0.9370588418342196, "3": -2.6200704765878062, "4": -0.6109952167448927, "5": 1.1711682945163924, "6": 2.9924226397259996, "7": 2.6678665174763783}, "datetime": {"datetime": "2021-06-29 20:23:17", "elapsed": 578.205133, "delta": 1.731138}}
{"target": 0.003492450583211359, "params": {"0": 0.18961017959589732, "1": 0.12002333132576748, "2": -1.9999563660790245, "3": -0.1028596645655373, "4": -1.0167536061545732, "5": 2.6401083338383327, "6": 0.045214423613122, "7": 1.8371776685583292}, "datetime": {"datetime": "2021-06-29 20:23:19", "elapsed": 580.634321, "delta": 2.429188}}
{"target": 0.0034380091337686495, "params": {"0": 2.4736162281801946, "1": 0.2067064672274963, "2": -1.9935920785211374, "3": -0.23966696355114436, "4": -1.8032248462652671, "5": 2.588325154043453, "6": -2.4368867300514148, "7": 2.881594717151623}, "datetime": {"datetime": "2021-06-29 20:23:23", "elapsed": 584.566113, "delta": 3.931792}}
{"target": 0.0039095566639359165, "params": {"0": -0.289261014982527, "1": -2.9485786414219044, "2": -1.929659790266992, "3": -0.9562664220928738, "4": 1.6011625420579314, "5": 0.1758118164776512, "6": -1.3800975678127463, "7": 0.8960631115099371}, "datetime": {"datetime": "2021-06-29 20:23:29", "elapsed": 590.381963, "delta": 5.81585}}
{"target": 0.0030105470263209156, "params": {"0": -1.4297653392469767, "1": 2.3035397022758097, "2": -1.555795951141133, "3": 0.904712971646922, "4": 0.9511364212264137, "5": 0.08210521178482644, "6": 1.2688568747865157, "7": 1.8049993838401415}, "datetime": {"datetime": "2021-06-29 20:23:31", "elapsed": 592.265581, "delta": 1.883618}}
{"target": 0.002908272980862164, "params": {"0": -0.5414445693200944, "1": -2.023544884054239, "2": 2.715798342385428, "3": -0.687640095348625, "4": 2.832498465377885, "5": 2.140292465243782, "6": -0.36343759763054795, "7": -2.132649201668648}, "datetime": {"datetime": "2021-06-29 20:23:35", "elapsed": 596.102796, "delta": 3.837215}}
{"target": 0.004817224541068705, "params": {"0": 2.3196101756917837, "1": -0.8314512890808716, "2": -0.5303315991855593, "3": -1.7363288472228564, "4": 1.29043182081631, "5": -2.1319230284948607, "6": 2.0609802005691655, "7": -0.06737619883608348}, "datetime": {"datetime": "2021-06-29 20:23:38", "elapsed": 598.847659, "delta": 2.744863}}
{"target": 0.0033596873586233234, "params": {"0": 2.083288875626554, "1": -2.0740197117966064, "2": -0.4638117134761188, "3": 0.9533843850444965, "4": -2.8073498406641244, "5": 2.8276547930785823, "6": -2.3876307211119396, "7": 2.95530942599156}, "datetime": {"datetime": "2021-06-29 20:23:40", "elapsed": 601.433538, "delta": 2.585879}}
{"target": 0.005109905365048424, "params": {"0": -0.1128370505562466, "1": -2.6712949208158854, "2": 1.6678654077148583, "3": -1.8496057719570411, "4": 0.16994242827166595, "5": 2.118500503932645, "6": -1.882919115766012, "7": 0.11111228805390994}, "datetime": {"datetime": "2021-06-29 20:23:44", "elapsed": 605.202657, "delta": 3.769119}}
{"target": 0.005012762130672256, "params": {"0": 1.9025574563351348, "1": -0.9825971576153281, "2": -1.4771591997760938, "3": 0.6345614091531799, "4": 0.7333676104096423, "5": -1.3113538439883434, "6": 1.92734510884656, "7": -0.8116918669665774}, "datetime": {"datetime": "2021-06-29 20:23:46", "elapsed": 607.630844, "delta": 2.428187}}
{"target": 0.004379852152428502, "params": {"0": -1.0620988281088055, "1": 2.87479104093633, "2": -0.6627228261490794, "3": -2.7647703187013883, "4": -0.0670513419991785, "5": -2.254760956185949, "6": -0.2040666282330319, "7": 0.2543167958414214}, "datetime": {"datetime": "2021-06-29 20:23:50", "elapsed": 611.550996, "delta": 3.920152}}
{"target": 0.008632638694097531, "params": {"0": 1.3631995187807462, "1": -2.7297546451232586, "2": -0.4872930658480996, "3": 1.0774960998031187, "4": -1.1038708290393127, "5": 0.7458603354705939, "6": 2.353893553543064, "7": -1.4871969325216041}, "datetime": {"datetime": "2021-06-29 20:23:53", "elapsed": 614.626867, "delta": 3.075871}}
{"target": 0.004150529369615631, "params": {"0": -0.9029398762320398, "1": -1.9198572103022207, "2": -0.136228972847229, "3": 2.0804943865902032, "4": -2.531470365037796, "5": -0.4007411033751058, "6": -0.8956484460099077, "7": -1.2212248439751172}, "datetime": {"datetime": "2021-06-29 20:23:56", "elapsed": 617.627881, "delta": 3.001014}}
{"target": 0.0037581621094379923, "params": {"0": -1.4580849757792844, "1": -0.03994765754867391, "2": -1.6877823709805924, "3": -2.9488004666014818, "4": 1.6602466690810616, "5": 2.241761217366352, "6": -1.2086734297676072, "7": 1.2014000792472235}, "datetime": {"datetime": "2021-06-29 20:24:00", "elapsed": 621.482643, "delta": 3.854762}}
{"target": 0.0031549752675447676, "params": {"0": 1.335066263733788, "1": 2.3920411049423507, "2": 0.5346525974958887, "3": -2.001537097249523, "4": -1.0688939418370982, "5": 0.9891797679388894, "6": -2.3749614165149766, "7": 0.7915682860077196}, "datetime": {"datetime": "2021-06-29 20:24:08", "elapsed": 629.429382, "delta": 7.946739}}
{"target": 0.0044722376149012085, "params": {"0": 2.7754833848419995, "1": -0.35405037963195873, "2": 1.6595399879908577, "3": 0.0671084283614074, "4": -0.7513050335430589, "5": 0.1597044585691596, "6": -2.5298838821635257, "7": -1.4814577600501382}, "datetime": {"datetime": "2021-06-29 20:24:11", "elapsed": 632.332934, "delta": 2.903552}}
{"target": 0.0034215363195533757, "params": {"0": 1.0744230706048992, "1": 2.3888734322451137, "2": 1.3570205399933561, "3": 2.0929857941288637, "4": -0.8400066575396394, "5": -2.370775537496794, "6": 0.8269122552738879, "7": -1.5965558614317843}, "datetime": {"datetime": "2021-06-29 20:24:15", "elapsed": 636.190208, "delta": 3.857274}}
{"target": 0.0038016692407912994, "params": {"0": 1.021347792675205, "1": -1.013011034113334, "2": -1.6264284019942612, "3": -1.787018864239602, "4": 0.7524903102873619, "5": 1.2527610950445833, "6": -0.8927745474413094, "7": -1.515110359997698}, "datetime": {"datetime": "2021-06-29 20:24:18", "elapsed": 638.76176, "delta": 2.571552}}
{"target": 0.0031155889963345278, "params": {"0": -0.6258442253241645, "1": -0.0488179140592111, "2": 2.5148567907307235, "3": -1.6689379057777907, "4": 0.6572147272772426, "5": 1.1280775877999334, "6": 0.7378758347540435, "7": -2.2461726742968575}, "datetime": {"datetime": "2021-06-29 20:24:20", "elapsed": 640.993545, "delta": 2.231785}}
{"target": 0.002942901559939257, "params": {"0": -0.4729048992684879, "1": -0.06647604065143353, "2": 0.9845275544848322, "3": 2.2696168214270145, "4": 1.666689918504634, "5": -2.3430040663684606, "6": -0.6683025049751623, "7": 2.583997823263166}, "datetime": {"datetime": "2021-06-29 20:24:23", "elapsed": 644.176996, "delta": 3.183451}}
{"target": 0.0030722660116576316, "params": {"0": 0.9244322024677385, "1": -1.3398373481428694, "2": -1.592985523049173, "3": 1.7436201799893514, "4": 1.8903853313030794, "5": 0.699562484402418, "6": 2.2441765091229975, "7": 2.3339574889417083}, "datetime": {"datetime": "2021-06-29 20:24:27", "elapsed": 647.759671, "delta": 3.582675}}
{"target": 0.003123543415751798, "params": {"0": 2.6125240770969853, "1": -0.9495041875705699, "2": 1.7193778577586976, "3": 1.417171740419966, "4": -1.3340221679299833, "5": -0.17951150473240762, "6": -2.8934728439856583, "7": -1.345085983346857}, "datetime": {"datetime": "2021-06-29 20:24:31", "elapsed": 651.851718, "delta": 4.092047}}
{"target": 0.00540383833470715, "params": {"0": -1.5719135903928418, "1": 1.3652519512076715, "2": 2.6170610385132704, "3": 2.501791399014629, "4": 1.9941084422735234, "5": 2.41533747906455, "6": 2.3682320554847927, "7": -1.1620283690540552}, "datetime": {"datetime": "2021-06-29 20:24:37", "elapsed": 657.795281, "delta": 5.943563}}
{"target": 0.006836056602212496, "params": {"0": -0.3121582525440574, "1": -1.2687774420253932, "2": 1.867689746824695, "3": 0.4625442371732942, "4": -2.0727121907326724, "5": -1.7372443897221213, "6": -0.17584388899255288, "7": -1.4502833136045454}, "datetime": {"datetime": "2021-06-29 20:24:43", "elapsed": 664.019068, "delta": 6.223787}}
{"target": 0.0030997839994013955, "params": {"0": -1.7632811150740453, "1": 1.6698243000712791, "2": -2.924053671585942, "3": -2.969140482470103, "4": -1.0165134535524707, "5": 0.5499057566266066, "6": 2.3116729306227892, "7": -1.5386381983383328}, "datetime": {"datetime": "2021-06-29 20:24:46", "elapsed": 667.3467, "delta": 3.327632}}
{"target": 0.003943557361693118, "params": {"0": -1.9611114208284288, "1": -0.4843285622081783, "2": -2.480879092495377, "3": -0.7401472533755395, "4": 0.6312037110700919, "5": -1.38973171414107, "6": -1.5669433691150418, "7": -0.5938666595147506}, "datetime": {"datetime": "2021-06-29 20:24:49", "elapsed": 670.312561, "delta": 2.965861}}
{"target": 0.0028871424960922997, "params": {"0": 0.9670522243067952, "1": -1.8139475001179683, "2": -0.37959152058879964, "3": 0.7492588699917735, "4": 2.466080509210104, "5": 1.2919427094303098, "6": -1.150693199488376, "7": 2.351448794279472}, "datetime": {"datetime": "2021-06-29 20:24:52", "elapsed": 673.694038, "delta": 3.381477}}
{"target": 0.00358386140267156, "params": {"0": -1.5358932143458808, "1": 0.978811050779806, "2": 0.972113744430005, "3": -2.6388044576448495, "4": 0.8002565453456656, "5": -2.850281751541077, "6": 0.0454007944325463, "7": -1.2908802250102727}, "datetime": {"datetime": "2021-06-29 20:24:57", "elapsed": 678.299674, "delta": 4.605636}}
{"target": 0.0030619833790845423, "params": {"0": -0.8521641066349313, "1": 1.0593285317451366, "2": -1.3229857465427217, "3": 1.2523792179970128, "4": -2.2701165835747767, "5": -0.8350027945752898, "6": -0.29446086054470744, "7": 1.4696651954210624}, "datetime": {"datetime": "2021-06-29 20:25:00", "elapsed": 681.430177, "delta": 3.130503}}
{"target": 0.0030738766760806707, "params": {"0": -2.9667660364301547, "1": -1.7712244549390206, "2": -2.38134135169876, "3": -0.23534391285275946, "4": 0.0732572770247053, "5": 1.8911318302133342, "6": -0.811630551209892, "7": -0.5654747765713473}, "datetime": {"datetime": "2021-06-29 20:25:04", "elapsed": 685.572043, "delta": 4.141866}}
{"target": 0.003485467373242153, "params": {"0": 1.322651757111874, "1": -2.2207988315006304, "2": -0.7869640000978384, "3": -0.82682388938882, "4": 0.5039234116980778, "5": 2.3431222865087262, "6": -1.9508084924983722, "7": -0.36063690647766666}, "datetime": {"datetime": "2021-06-29 20:25:09", "elapsed": 690.39446, "delta": 4.822417}}
{"target": 0.0032082852086896224, "params": {"0": 1.52404175477934, "1": 2.5902639743544587, "2": 2.2121777816628683, "3": 2.134983755613086, "4": -2.0653893951794764, "5": 2.9296971940908882, "6": 1.4767818242838349, "7": 2.5714752384981985}, "datetime": {"datetime": "2021-06-29 20:25:15", "elapsed": 695.93539, "delta": 5.54093}}
{"target": 0.013841964161290894, "params": {"0": 1.2451175781307606, "1": -0.4714274388052635, "2": 1.5525544413498622, "3": -0.4556673062805241, "4": -0.560206457592427, "5": -0.8650538525910259, "6": -0.4516912087233882, "7": 1.8595012611731354}, "datetime": {"datetime": "2021-06-29 20:25:20", "elapsed": 701.00861, "delta": 5.07322}}
{"target": 0.003412529429822447, "params": {"0": -2.3024748961190777, "1": -2.9091754067273685, "2": -0.29343657375521737, "3": 2.632849359570611, "4": -1.4925762554155262, "5": 1.5759407389814548, "6": 2.3283289209092075, "7": 1.8848700553139253}, "datetime": {"datetime": "2021-06-29 20:25:23", "elapsed": 704.720845, "delta": 3.712235}}
{"target": 0.0037545294360474112, "params": {"0": -0.8055794351119214, "1": -2.0301139147823952, "2": -1.869992524320254, "3": 1.7091988176099795, "4": -2.4499584875770983, "5": -2.6678024261700397, "6": 2.853057397395042, "7": 2.5538177807414923}, "datetime": {"datetime": "2021-06-29 20:25:32", "elapsed": 713.541457, "delta": 8.820612}}
{"target": 0.0028860741484560653, "params": {"0": -0.9322261741148692, "1": -1.6074055885949203, "2": -0.13074221355366422, "3": 0.9525483865770461, "4": 2.2430566597306827, "5": 1.1814838637852967, "6": 1.3888298163266741, "7": -1.89044252324426}, "datetime": {"datetime": "2021-06-29 20:25:35", "elapsed": 716.714693, "delta": 3.173236}}
{"target": 0.003408306301603916, "params": {"0": -2.8570261495764324, "1": 0.3128816481911949, "2": -0.5279823319917214, "3": 0.16092165013123072, "4": 0.6321139843322152, "5": 0.8586927888190337, "6": 1.5153965161157865, "7": -1.3253870126391671}, "datetime": {"datetime": "2021-06-29 20:25:39", "elapsed": 720.621589, "delta": 3.906896}}
{"target": 0.004052674151831616, "params": {"0": 2.3981360026231044, "1": -2.4437821199721843, "2": -1.2115971558226641, "3": 2.8212744836911563, "4": -0.6605119700514823, "5": -1.9835780334944255, "6": -0.6917801955941538, "7": -2.555967534848995}, "datetime": {"datetime": "2021-06-29 20:25:43", "elapsed": 723.90465, "delta": 3.283061}}
{"target": 0.0035235298669401977, "params": {"0": 1.6697433152518109, "1": -1.365520275454275, "2": 2.1240506341579515, "3": -2.4673881190546405, "4": -0.4462058343311339, "5": -0.4415278619883054, "6": 2.055434128438068, "7": -2.1592596628097436}, "datetime": {"datetime": "2021-06-29 20:25:46", "elapsed": 727.234182, "delta": 3.329532}}
{"target": 0.004272830609545332, "params": {"0": -0.5219891091030742, "1": 2.891891002574928, "2": 0.3422111309841398, "3": 0.40618323308427007, "4": -2.3631021470445424, "5": 0.8079412295065493, "6": -2.4892327711811943, "7": -0.18114040251796792}, "datetime": {"datetime": "2021-06-29 20:25:52", "elapsed": 733.560208, "delta": 6.326026}}
{"target": 0.004854773079123435, "params": {"0": 1.0768222370543459, "1": 2.0621135727923505, "2": -0.24223393215178168, "3": -0.45790093823986844, "4": 0.11407364563603206, "5": -0.7365845339415369, "6": -1.3645030871424506, "7": -2.4093814227530936}, "datetime": {"datetime": "2021-06-29 20:25:58", "elapsed": 738.992551, "delta": 5.432343}}
{"target": 0.004275111874115372, "params": {"0": 0.7175401224033875, "1": 1.4029227174827668, "2": -1.3380279858240973, "3": -2.2802700224361274, "4": -0.294301209136985, "5": -0.013154215130973146, "6": 2.6071123930859237, "7": -0.8177034726460137}, "datetime": {"datetime": "2021-06-29 20:26:03", "elapsed": 744.007188, "delta": 5.014637}}
{"target": 0.0030083584123313015, "params": {"0": -1.4818060076183774, "1": 1.8919361271987922, "2": 1.8222470543570326, "3": 1.9012600887608926, "4": -0.48003500904213503, "5": -0.6213432784427235, "6": -0.6137126357764822, "7": 2.451033181396478}, "datetime": {"datetime": "2021-06-29 20:26:05", "elapsed": 746.625687, "delta": 2.618499}}
{"target": 0.004341487714150022, "params": {"0": -2.6739219961915914, "1": -2.512033983709527, "2": -1.3191638081026875, "3": 1.9837195186180736, "4": -1.676524051524003, "5": -1.619258315537503, "6": 2.0974156069909746, "7": 0.8782953152634683}, "datetime": {"datetime": "2021-06-29 20:26:08", "elapsed": 749.719156, "delta": 3.093469}}
