{"target": 0.0031970002380872797, "params": {"0": -1.1665665791476845, "1": 2.2635393067220964, "2": -2.077686040809054, "3": -0.6937776549170884, "4": -2.468578915975652, "5": 2.633408102331874, "6": 2.9543574341492116, "7": 0.2039428638326628}, "datetime": {"datetime": "2021-06-29 23:23:48", "elapsed": 11408.907955, "delta": 18.699909}}
{"target": 0.003741022668748586, "params": {"0": 0.9595148012883992, "1": -0.9848084426536161, "2": 1.6109299163126263, "3": -2.1035554069902873, "4": -1.3436460996525799, "5": 2.2303840564978046, "6": -2.30914331143825, "7": 2.93143084187437}, "datetime": {"datetime": "2021-06-29 23:24:05", "elapsed": 11425.929737, "delta": 17.021782}}
{"target": 0.0031570805487231147, "params": {"0": -0.12658300285583257, "1": 2.174781294643525, "2": 2.139267744903986, "3": -1.5443562934055188, "4": 1.4759917753017886, "5": 2.4615795235784628, "6": 1.8020939338787656, "7": 0.19792730781164636}, "datetime": {"datetime": "2021-06-29 23:24:26", "elapsed": 11447.250288, "delta": 21.320551}}
{"target": 0.01137257227154857, "params": {"0": -1.2768760760300542, "1": 2.7872421620722774, "2": 2.3276408794383894, "3": 1.5913158518070603, "4": 1.4229562278357486, "5": -2.48870816633465, "6": 0.7384206807587601, "7": 2.835356210316366}, "datetime": {"datetime": "2021-06-29 23:24:41", "elapsed": 11462.130345, "delta": 14.880057}}
{"target": 0.003819107103216025, "params": {"0": -2.6897203875042965, "1": 1.2392660517292633, "2": -2.8494133197519025, "3": -1.574107909234743, "4": 0.4543612380236306, "5": -1.7581880503513836, "6": 0.02478552512337373, "7": 0.9664482987483387}, "datetime": {"datetime": "2021-06-29 23:25:15", "elapsed": 11495.561339, "delta": 33.430994}}
{"target": 0.0048824611462934655, "params": {"0": 1.8225293232429625, "1": 2.1113821961029338, "2": -2.9888042444035086, "3": -0.44812599352107485, "4": 0.7015638888514815, "5": 1.2930843898930515, "6": -1.4739187547492871, "7": -0.65495844273994}, "datetime": {"datetime": "2021-06-29 23:25:33", "elapsed": 11514.014402, "delta": 18.453063}}
{"target": 0.004416490162342397, "params": {"0": 2.6834946559719413, "1": 0.8511295262945531, "2": 2.6084567898110294, "3": -2.820799014822538, "4": 0.7192583208372576, "5": -1.3472321724947764, "6": -1.0071331397193084, "7": -1.482430679672499}, "datetime": {"datetime": "2021-06-29 23:25:58", "elapsed": 11539.270534, "delta": 25.256132}}
{"target": 0.017464203002217484, "params": {"0": 2.4041363830786864, "1": -0.988581091059797, "2": -0.8965051785643858, "3": -1.9133770003621389, "4": 0.8489053184442685, "5": -2.6168248625194632, "6": 1.3210689803460811, "7": 0.7097000458695222}, "datetime": {"datetime": "2021-06-29 23:26:40", "elapsed": 11581.087368, "delta": 41.816834}}
{"target": 0.003207161071969869, "params": {"0": 2.2601244024884366, "1": -1.1290885989439616, "2": -2.2783313571776365, "3": 2.2464575754161764, "4": 0.6599841158020343, "5": -0.8663628689167484, "6": 2.0597370257755916, "7": 2.6547284083406204}, "datetime": {"datetime": "2021-06-29 23:27:04", "elapsed": 11605.200226, "delta": 24.112858}}
{"target": 0.003349219715678667, "params": {"0": -1.16031535007647, "1": -2.9958496779003205, "2": 1.9207526689063243, "3": 0.45509994779832086, "4": -2.621821448284819, "5": 2.7163252717031128, "6": 0.33991776340160085, "7": 2.9558514815792387}, "datetime": {"datetime": "2021-06-29 23:27:30", "elapsed": 11631.026656, "delta": 25.82643}}
{"target": 0.003550547447700246, "params": {"0": 0.7917732778521369, "1": -1.4855274535587286, "2": 0.509893980760098, "3": -1.705938130892361, "4": -0.008990189745640365, "5": 2.09472105510011, "6": 1.5101237679252284, "7": -1.7271179151005294}, "datetime": {"datetime": "2021-06-29 23:27:55", "elapsed": 11656.451757, "delta": 25.425101}}
{"target": 0.0032481314435852194, "params": {"0": -1.9400128430910935, "1": 2.3230792653993078, "2": 1.9305909391321148, "3": -2.899162392241433, "4": 1.2595312256295914, "5": -1.0056390869305, "6": -0.14160076117187792, "7": 0.0642845276122328}, "datetime": {"datetime": "2021-06-29 23:28:17", "elapsed": 11677.644685, "delta": 21.192928}}
{"target": 0.007583480814855279, "params": {"0": 0.6171743333296424, "1": 2.552083216792848, "2": -1.0041229001145067, "3": -2.299694996400494, "4": 0.8329184313672711, "5": -2.284570568473571, "6": 1.5538157031912316, "7": -2.1051731347289016}, "datetime": {"datetime": "2021-06-29 23:28:41", "elapsed": 11701.95296, "delta": 24.308275}}
{"target": 0.004385898759666759, "params": {"0": -0.6168657306193222, "1": 0.33994042933837676, "2": -0.12145391140726769, "3": -2.2167948231693746, "4": 1.4831168282640563, "5": 2.5204180594353005, "6": -2.753127328460515, "7": -1.4975448786435424}, "datetime": {"datetime": "2021-06-29 23:29:10", "elapsed": 11731.084947, "delta": 29.131987}}
{"target": 0.003072813699521076, "params": {"0": -2.8584785614514274, "1": 1.8251839824592837, "2": 1.004843273255224, "3": -0.9611761538656793, "4": 0.25799129805165233, "5": 2.415901981353981, "6": 0.42108936363887217, "7": -2.325750746015119}, "datetime": {"datetime": "2021-06-29 23:29:42", "elapsed": 11763.337072, "delta": 32.252125}}
{"target": 0.24737257378696886, "params": {"0": 1.0599823583866161, "1": -2.782053662171998, "2": 0.70642331802103, "3": -2.441218164756535, "4": 2.4819303898795058, "5": -2.0685104882992498, "6": 2.730678377656699, "7": -0.2951834823226216}, "datetime": {"datetime": "2021-06-29 23:30:39", "elapsed": 11819.820693, "delta": 56.483621}}
{"target": 0.00310820816296387, "params": {"0": -1.998217529172947, "1": 0.7068998488788139, "2": 0.9639680247028104, "3": 1.6729752414936376, "4": 1.8918673083305357, "5": -0.7270303788550789, "6": -0.46459431039229404, "7": -1.7505720756955736}, "datetime": {"datetime": "2021-06-29 23:30:53", "elapsed": 11833.898863, "delta": 14.07817}}
{"target": 0.012274436126606756, "params": {"0": 1.4146040049726532, "1": -1.2572234219460687, "2": -0.11537149180167994, "3": -1.137697626618382, "4": 0.4776239144765797, "5": -2.72700813971957, "6": 1.2927242714464278, "7": -0.21374615954858323}, "datetime": {"datetime": "2021-06-29 23:31:23", "elapsed": 11864.091812, "delta": 30.192949}}
{"target": 0.0033482833495339427, "params": {"0": -0.7173812912258946, "1": -1.3094843937227831, "2": 2.454866472345917, "3": -1.641379704125636, "4": -0.3599230491410488, "5": 2.145718715490209, "6": -2.536261355421529, "7": -2.9129162170541854}, "datetime": {"datetime": "2021-06-29 23:31:40", "elapsed": 11880.6499, "delta": 16.558088}}
{"target": 0.007179538369878972, "params": {"0": 1.350996032263696, "1": 2.1013067971167514, "2": -1.0968636967020367, "3": -2.3292713150421656, "4": 0.19929334451009684, "5": -0.22411680395911482, "6": 2.3337097629384385, "7": 0.5720980468641184}, "datetime": {"datetime": "2021-06-29 23:32:04", "elapsed": 11905.386435, "delta": 24.736535}}
{"target": 0.006355705961198834, "params": {"0": -0.4879120471137819, "1": -1.4996792027553683, "2": 0.5179103703114762, "3": 0.9794008869379098, "4": -2.779459218514836, "5": -1.6170315872874408, "6": 1.6891435359487685, "7": 1.9460030201835696}, "datetime": {"datetime": "2021-06-29 23:32:30", "elapsed": 11931.245129, "delta": 25.858694}}
{"target": 0.006034112481691112, "params": {"0": 1.4263575816528, "1": -0.4168994336908085, "2": -0.8355454073132393, "3": -2.833699285340982, "4": 1.7035137174985628, "5": -2.43157622973701, "6": -0.04104966880245442, "7": 0.546605260266726}, "datetime": {"datetime": "2021-06-29 23:33:09", "elapsed": 11969.77455, "delta": 38.529421}}
{"target": 0.007229335918789738, "params": {"0": 0.770304475146701, "1": -1.0686919687091865, "2": 0.3308504390882874, "3": 1.6449660379440445, "4": 2.8431576142529362, "5": 0.09290611068052446, "6": 0.3496252496596357, "7": -0.9668865150667041}, "datetime": {"datetime": "2021-06-29 23:33:38", "elapsed": 11999.063414, "delta": 29.288864}}
{"target": 0.0028726109700419524, "params": {"0": 2.4205872818934093, "1": -1.7542602450503397, "2": -0.19915042823702223, "3": 2.697337718227182, "4": 2.4183645206117266, "5": 0.9469591663387815, "6": -1.0382177569225366, "7": -2.065129662551503}, "datetime": {"datetime": "2021-06-29 23:33:57", "elapsed": 12017.887, "delta": 18.823586}}
{"target": 0.108971219369709, "params": {"0": 1.164217910098734, "1": -0.3363943995659784, "2": 1.1424354077867234, "3": -0.8876227544578481, "4": 2.135243327094657, "5": -0.48767507134293764, "6": 2.502821227803249, "7": -0.9132185535153345}, "datetime": {"datetime": "2021-06-29 23:34:34", "elapsed": 12054.597619, "delta": 36.710619}}
{"target": 0.0042372112881867655, "params": {"0": 2.1581452461099024, "1": 1.6163311799923177, "2": 2.641778897580423, "3": -2.368177501610377, "4": -0.8229794148298186, "5": -2.3580361095309015, "6": -0.6324826875594214, "7": 1.0199672094775956}, "datetime": {"datetime": "2021-06-29 23:34:50", "elapsed": 12070.579703, "delta": 15.982084}}
{"target": 0.0029115541522323563, "params": {"0": 1.501834524246406, "1": -2.357750142136231, "2": 2.2307276399726543, "3": 0.5381018182550505, "4": 2.980567168334078, "5": 0.8154336219193081, "6": -1.843504587659703, "7": 2.8858528719071606}, "datetime": {"datetime": "2021-06-29 23:35:13", "elapsed": 12094.389914, "delta": 23.810211}}
{"target": 0.003189511848676923, "params": {"0": -1.584390492041016, "1": 0.0701282634995053, "2": -2.8540833723291406, "3": -2.604418272178029, "4": 1.487293754420631, "5": 2.1311750376114835, "6": -0.024017740869737736, "7": 0.8769121191420188}, "datetime": {"datetime": "2021-06-29 23:35:42", "elapsed": 12123.291713, "delta": 28.901799}}
{"target": 0.003378450336121146, "params": {"0": 1.7950159184397414, "1": -2.7120739436318533, "2": -2.0438564076626227, "3": 2.63360983882262, "4": 0.2024342398780954, "5": 1.0498042748194463, "6": -1.5206648671509357, "7": 1.5658957981425203}, "datetime": {"datetime": "2021-06-29 23:36:20", "elapsed": 12160.680749, "delta": 37.389036}}
{"target": 0.003098473151992234, "params": {"0": -0.28241636604501696, "1": -1.4453867390269877, "2": -1.4618996886764213, "3": -1.5611407326152573, "4": 1.4410259184995091, "5": 0.5361309680512876, "6": 2.6348122385808868, "7": -2.490222872800069}, "datetime": {"datetime": "2021-06-29 23:36:49", "elapsed": 12189.508265, "delta": 28.827516}}
{"target": 0.006703499490763938, "params": {"0": 1.1591389024472951, "1": 0.9185064673110954, "2": 0.9824381190830174, "3": -2.083340106888916, "4": 1.1416254020087235, "5": -1.7719265265829656, "6": 0.5853401423723064, "7": -0.24812651825750542}, "datetime": {"datetime": "2021-06-29 23:37:28", "elapsed": 12228.707526, "delta": 39.199261}}
{"target": 0.00319933195476706, "params": {"0": 1.4383446042447208, "1": -1.2692573708234354, "2": 1.831143837731851, "3": -2.8298438614929324, "4": -0.2860978409234507, "5": -0.28334924567063524, "6": 2.174862630610515, "7": -2.5523121684705767}, "datetime": {"datetime": "2021-06-29 23:38:02", "elapsed": 12263.409311, "delta": 34.701785}}
{"target": 0.004758582085587651, "params": {"0": 1.9796838405669064, "1": 2.9283993480050334, "2": -0.6981354873031744, "3": 1.7569426619620465, "4": 1.5179768871842096, "5": -1.3438001741220953, "6": -2.2944861295556866, "7": 0.05500205967596239}, "datetime": {"datetime": "2021-06-29 23:38:23", "elapsed": 12284.168755, "delta": 20.759444}}
{"target": 0.0037602550490620098, "params": {"0": -0.5105402226301035, "1": -1.4345646261260092, "2": 1.2361464463437208, "3": 1.363097285206976, "4": -1.334321149207858, "5": 0.8464077795329175, "6": 0.4227525139384296, "7": 2.2023398359761526}, "datetime": {"datetime": "2021-06-29 23:38:48", "elapsed": 12309.145092, "delta": 24.976337}}
{"target": 0.0030263464293924245, "params": {"0": 1.396900825847875, "1": 0.4385289338535321, "2": 0.535936252131409, "3": 1.3360073105921648, "4": 0.9944134866114931, "5": -0.11482410112110131, "6": -2.425270200316686, "7": -1.1634873676156905}, "datetime": {"datetime": "2021-06-29 23:39:09", "elapsed": 12330.1151, "delta": 20.970008}}
{"target": 0.0031881449725705757, "params": {"0": 1.8618680825914424, "1": 2.3533466729857144, "2": 0.6366964465892608, "3": -2.8635833750567223, "4": 0.1766722843311621, "5": 0.13955585038006912, "6": -0.8827234342958477, "7": -0.31455161347893057}, "datetime": {"datetime": "2021-06-29 23:39:36", "elapsed": 12356.807608, "delta": 26.692508}}
{"target": 0.005025600652098795, "params": {"0": 2.8098662691967, "1": -2.356267640992446, "2": 0.32264706935322485, "3": -0.23437462711581913, "4": -0.4450353587923548, "5": 0.4391195707695008, "6": -2.1423482977742987, "7": -0.14181313847232957}, "datetime": {"datetime": "2021-06-29 23:40:01", "elapsed": 12382.347196, "delta": 25.539588}}
{"target": 0.005076297817451208, "params": {"0": 1.0696069354440008, "1": -0.9289458557588364, "2": -0.5475050256836367, "3": -2.41362547519163, "4": 1.5325050757033924, "5": -2.7359037407700484, "6": 0.7256336545879072, "7": 0.576133974779661}, "datetime": {"datetime": "2021-06-29 23:40:36", "elapsed": 12416.676445, "delta": 34.329249}}
{"target": 0.0044751078348179135, "params": {"0": 2.867827629899761, "1": -2.827330837750084, "2": -1.3930757282676525, "3": -2.2192586735201356, "4": -2.654937387297882, "5": 0.8869319655367631, "6": 0.6980917645843965, "7": 0.69930001302113}, "datetime": {"datetime": "2021-06-29 23:41:05", "elapsed": 12446.200239, "delta": 29.523794}}
{"target": 0.0032938389474612495, "params": {"0": -0.7336466851619177, "1": 0.9011794229343435, "2": 2.6617041859859336, "3": -2.510918941479388, "4": -1.348931690889288, "5": -1.2491140581329014, "6": -0.22156143005704187, "7": 2.9393640682097883}, "datetime": {"datetime": "2021-06-29 23:41:42", "elapsed": 12483.232435, "delta": 37.032196}}
{"target": 0.003677994816330059, "params": {"0": 1.217409871334688, "1": -2.920642187772269, "2": 2.0326805917914044, "3": 1.977102759974679, "4": 1.758903754561464, "5": 2.344375263152866, "6": -2.994901323013533, "7": -1.5515695668452587}, "datetime": {"datetime": "2021-06-29 23:42:06", "elapsed": 12507.143471, "delta": 23.911036}}
{"target": 0.003522941638924037, "params": {"0": -0.3139419154628511, "1": -1.1135589783836755, "2": 1.595837365965533, "3": 2.249435738902055, "4": -2.2404948712581625, "5": 1.9825402544871205, "6": 1.9640459360135925, "7": -0.13306254166400633}, "datetime": {"datetime": "2021-06-29 23:42:31", "elapsed": 12532.204514, "delta": 25.061043}}
{"target": 0.0050228803408989, "params": {"0": -2.399358171621407, "1": 2.6076540922108, "2": 0.08327430582344242, "3": 1.9958462213072936, "4": -2.506290339644953, "5": -1.3379148744084515, "6": -0.7815670245852071, "7": 1.2370307076100877}, "datetime": {"datetime": "2021-06-29 23:42:58", "elapsed": 12559.057469, "delta": 26.852955}}
{"target": 0.003127565864748463, "params": {"0": 2.6782044666954015, "1": 1.0582811731859811, "2": -1.0658594072429595, "3": -0.7037956338608549, "4": -0.576226581448303, "5": 1.978054770201454, "6": 0.6380222265386637, "7": -1.9986016444295982}, "datetime": {"datetime": "2021-06-29 23:43:48", "elapsed": 12609.481033, "delta": 50.423564}}
{"target": 0.0029946778178645836, "params": {"0": -0.12240245653704651, "1": 1.3888896261079413, "2": -2.611334461789235, "3": 1.9265531818381074, "4": 0.3193643192635647, "5": -1.09829149415577, "6": 2.2110107154753713, "7": -1.2468775857433638}, "datetime": {"datetime": "2021-06-29 23:44:19", "elapsed": 12640.443343, "delta": 30.96231}}
{"target": 0.003022242564079807, "params": {"0": 0.39434988190721265, "1": 0.5518344023924762, "2": -2.7170056309220776, "3": -0.1925154314843711, "4": 2.170657648056996, "5": 2.717051886834337, "6": 1.0628577264376533, "7": -0.2820590813583532}, "datetime": {"datetime": "2021-06-29 23:44:50", "elapsed": 12671.43566, "delta": 30.992317}}
{"target": 0.0029395741722301047, "params": {"0": 2.3391284311380804, "1": -0.3421695038675163, "2": 2.1136268004925958, "3": -1.1091332884267022, "4": 2.257852881528186, "5": 1.06057641598116, "6": 1.5730021729436903, "7": 1.7624465328600865}, "datetime": {"datetime": "2021-06-29 23:45:07", "elapsed": 12687.798345, "delta": 16.362685}}
{"target": 0.005829033120639764, "params": {"0": 2.0577080468722535, "1": -0.8949634234276242, "2": 1.810748366033982, "3": 2.7406724193151293, "4": 0.881339550626846, "5": 1.9474442814541968, "6": 0.6297392918403562, "7": -1.2486551547755438}, "datetime": {"datetime": "2021-06-29 23:45:28", "elapsed": 12708.983089, "delta": 21.184744}}
{"target": 0.0036121540022240775, "params": {"0": -1.1025796312656666, "1": 1.9746080126811707, "2": 1.6567086657413705, "3": 0.053486539921344445, "4": -1.203705051084015, "5": -1.1138723224059153, "6": 1.2438655300930321, "7": 1.8500384364974973}, "datetime": {"datetime": "2021-06-29 23:46:05", "elapsed": 12746.454691, "delta": 37.471602}}
{"target": 0.003542933090185445, "params": {"0": 2.905934992784026, "1": -1.7436375125186279, "2": -2.8407249822822154, "3": -0.1598547842279725, "4": -2.7972282429790245, "5": 2.174711299381582, "6": 1.566106439684459, "7": -2.0873192419726285}, "datetime": {"datetime": "2021-06-29 23:46:30", "elapsed": 12770.608383, "delta": 24.153692}}
{"target": 0.004313069764709557, "params": {"0": -0.4075224829616242, "1": 0.7856531270982785, "2": -1.3251047695705231, "3": -0.16880291838798334, "4": -0.7499639343578273, "5": -2.4053482737448224, "6": -0.9167825553304341, "7": 2.315273951995609}, "datetime": {"datetime": "2021-06-29 23:46:55", "elapsed": 12796.437113, "delta": 25.82873}}
{"target": 0.003354478260437144, "params": {"0": 2.044665584552928, "1": 1.2345951680856588, "2": -1.4404477445683062, "3": -1.572538105446656, "4": -2.1977541719788567, "5": -0.23379377601634932, "6": -1.951608820409112, "7": -2.167307945655038}, "datetime": {"datetime": "2021-06-29 23:47:20", "elapsed": 12820.582104, "delta": 24.144991}}
{"target": 0.003136186922462787, "params": {"0": -0.3339933751994968, "1": -2.757797808457328, "2": 1.1524527663836306, "3": -2.6202538992176905, "4": -1.528058082565261, "5": 1.2786846263268545, "6": -1.5516075509439877, "7": -0.15617246145016228}, "datetime": {"datetime": "2021-06-29 23:47:41", "elapsed": 12842.387919, "delta": 21.805815}}
{"target": 0.0030597099550591826, "params": {"0": -0.7538447531637624, "1": -1.4886176426484055, "2": 2.9084213551961238, "3": -2.0409395644368287, "4": -1.4475876525576319, "5": 2.3080556059208703, "6": -0.4242101878362319, "7": -2.8663571032326276}, "datetime": {"datetime": "2021-06-29 23:48:03", "elapsed": 12863.523629, "delta": 21.13571}}
{"target": 0.004259590067150406, "params": {"0": 2.5140429060852867, "1": -0.5097169878688654, "2": -0.10517098027301586, "3": -1.2932540810761495, "4": 2.8349578451245847, "5": -1.7519981681113268, "6": 0.39535709487473536, "7": -1.5807720169350359}, "datetime": {"datetime": "2021-06-29 23:48:23", "elapsed": 12884.058781, "delta": 20.535152}}
{"target": 0.009704563476257942, "params": {"0": -2.5093505466049706, "1": 0.659598606919352, "2": 0.9338378036862625, "3": -2.6909710987213624, "4": 1.0168177555854756, "5": -1.3537215319789446, "6": 0.004196127355848844, "7": -2.607664069836217}, "datetime": {"datetime": "2021-06-29 23:49:04", "elapsed": 12924.876957, "delta": 40.818176}}
{"target": 0.004454062137097202, "params": {"0": 2.268598021412293, "1": -2.375901508684988, "2": 0.3260873673588849, "3": 0.6312920444034469, "4": 0.8805983366887089, "5": -1.1688169035491855, "6": 0.9324658370912262, "7": 2.5202151029731885}, "datetime": {"datetime": "2021-06-29 23:49:23", "elapsed": 12943.573964, "delta": 18.697007}}
{"target": 0.007559672002877052, "params": {"0": -0.07174752151272212, "1": 1.97067198938164, "2": 2.5519985401767586, "3": 0.06757993915610383, "4": -0.2929861717060209, "5": 0.6861135085582557, "6": -2.742705852700518, "7": -1.0137905319237859}, "datetime": {"datetime": "2021-06-29 23:50:01", "elapsed": 12981.967266, "delta": 38.393302}}
{"target": 0.008446099026839312, "params": {"0": -0.7607487070605123, "1": 1.5263878523956986, "2": -2.270338468238103, "3": -2.9823388666489317, "4": -1.6569841528096474, "5": 0.6785263392597773, "6": -2.8636916051668204, "7": 1.1636712877533526}, "datetime": {"datetime": "2021-06-29 23:50:27", "elapsed": 13007.827431, "delta": 25.860165}}
{"target": 0.0032087473715911937, "params": {"0": 1.5598347380315607, "1": -2.1894942215707762, "2": 2.0825300404436327, "3": -2.46385678234338, "4": 1.546965265740691, "5": 0.5735050292799433, "6": -0.946298068410059, "7": -2.3310281302879807}, "datetime": {"datetime": "2021-06-29 23:50:48", "elapsed": 13029.204458, "delta": 21.377027}}
{"target": 0.0033015658857262643, "params": {"0": -2.754022988326999, "1": -2.7925849538192162, "2": -1.493788683067768, "3": -1.0226846541860344, "4": 2.354535920263115, "5": -2.884794290851937, "6": -1.8735147765225384, "7": 1.5894431571492493}, "datetime": {"datetime": "2021-06-29 23:51:11", "elapsed": 13052.026942, "delta": 22.822484}}
{"target": 0.009621472300942804, "params": {"0": -0.17599261899216367, "1": -1.6905647793482532, "2": 2.02227418049569, "3": -2.267746207733751, "4": 1.3460512708551828, "5": -1.2635409451434958, "6": -2.553884523285524, "7": 1.954940512270496}, "datetime": {"datetime": "2021-06-29 23:51:36", "elapsed": 13077.120684, "delta": 25.093742}}
{"target": 0.003218262236862572, "params": {"0": -0.25714098399104746, "1": -2.921708083923943, "2": -2.132531672506627, "3": 1.8706826479922114, "4": -2.1136968313927946, "5": 2.2402955642862974, "6": -2.230389860560069, "7": 1.8935179930655544}, "datetime": {"datetime": "2021-06-29 23:52:01", "elapsed": 13101.837234, "delta": 24.71655}}
{"target": 0.005271587951722395, "params": {"0": -1.364053362604241, "1": 0.9115184053252534, "2": -1.5556603545854006, "3": 0.19324216703785346, "4": 1.5300651759691384, "5": 2.6043731485834405, "6": 1.0949909255228825, "7": -1.4200592934677485}, "datetime": {"datetime": "2021-06-29 23:52:52", "elapsed": 13153.492486, "delta": 51.655252}}
