{"target": 0.0040607324378093895, "params": {"0": 1.7772074660972415, "1": 0.6827150262274886, "2": 2.5724772343220685, "3": -2.830914506146747, "4": -2.378209346376793, "5": 0.9662384705116152, "6": 0.09338006724760106, "7": 0.07653487631155809}, "datetime": {"datetime": "2021-06-30 01:13:10", "elapsed": 17971.701371, "delta": 28.518157}}
{"target": 0.003083151734487202, "params": {"0": 0.04235974353489613, "1": -0.9231703791011308, "2": 0.6573721112373243, "3": 1.227380401702379, "4": -1.7207374211017257, "5": 2.3502658318089553, "6": 0.5365078259314693, "7": 2.7604389907815916}, "datetime": {"datetime": "2021-06-30 01:13:39", "elapsed": 18000.311854, "delta": 28.610483}}
{"target": 0.0032710882957621376, "params": {"0": 1.4896974290320877, "1": -0.5201573317169785, "2": 0.005326622067975961, "3": -0.8265981436017551, "4": 2.196784665245768, "5": 1.0439765630348266, "6": -2.587554474351175, "7": 1.482572579341892}, "datetime": {"datetime": "2021-06-30 01:14:03", "elapsed": 18024.677335, "delta": 24.365481}}
{"target": 0.0058447848774978335, "params": {"0": -2.519069651528528, "1": 2.3038516631545995, "2": 2.5795547846456675, "3": 2.8563549797614582, "4": -1.6303463492598704, "5": -0.14541110270740187, "6": 1.0170618604241914, "7": 0.9358467267257269}, "datetime": {"datetime": "2021-06-30 01:14:27", "elapsed": 18048.217039, "delta": 23.539704}}
{"target": 0.003559532535269875, "params": {"0": -0.11328638353449794, "1": 0.3378916155296574, "2": -1.5224467577867566, "3": 1.4021240615822892, "4": -1.9237523206569223, "5": 1.8954734277256184, "6": -1.6555918583682148, "7": -1.449302597123857}, "datetime": {"datetime": "2021-06-30 01:14:51", "elapsed": 18071.90364, "delta": 23.686601}}
{"target": 0.002989772774901516, "params": {"0": 1.6587304807336576, "1": 2.641409240453225, "2": 0.5041466314250052, "3": 1.3703232889337746, "4": 2.0848838825682794, "5": -2.991004666201456, "6": -2.2311944665277736, "7": 0.36833661762895975}, "datetime": {"datetime": "2021-06-30 01:15:21", "elapsed": 18101.837787, "delta": 29.934147}}
{"target": 0.012586808696257416, "params": {"0": -0.8427663421505422, "1": -1.0414708858005985, "2": -1.5941957282629329, "3": -0.3947829653687429, "4": -2.2823056779357933, "5": -2.268382450749934, "6": 0.569168421924358, "7": -1.8922390923469377}, "datetime": {"datetime": "2021-06-30 01:15:56", "elapsed": 18137.524543, "delta": 35.686756}}
{"target": 0.0030368865319803894, "params": {"0": -1.0482719146445545, "1": -0.8992329401343064, "2": 1.809057632873615, "3": -1.217275457115557, "4": -1.4365722647260502, "5": 2.0094240668786316, "6": 1.245914418000396, "7": 0.02906452454383679}, "datetime": {"datetime": "2021-06-30 01:16:24", "elapsed": 18165.571872, "delta": 28.047329}}
{"target": 0.0033775909419574276, "params": {"0": -1.6017144591677919, "1": 0.35868958067211265, "2": 1.53374240822178, "3": 0.4039078916946899, "4": -1.828634821675834, "5": 1.9425950258275408, "6": -2.03533658703949, "7": 0.9506747137545557}, "datetime": {"datetime": "2021-06-30 01:16:58", "elapsed": 18199.465703, "delta": 33.893831}}
{"target": 0.023544454523385543, "params": {"0": -0.5811612630002001, "1": -2.921137325064222, "2": -0.5067832301229327, "3": -2.1774247048054898, "4": -2.9694415190392442, "5": -0.6729176878087761, "6": -2.642906537125773, "7": 2.7752099043623586}, "datetime": {"datetime": "2021-06-30 01:18:21", "elapsed": 18282.502591, "delta": 83.036888}}
{"target": 0.003200183954098293, "params": {"0": 2.597512167437878, "1": -2.898066322612785, "2": -2.9697681130494535, "3": 1.2931915889421663, "4": -1.2392806611805356, "5": -1.5612098914324324, "6": 0.49809606713119914, "7": 0.1432423537388301}, "datetime": {"datetime": "2021-06-30 01:19:00", "elapsed": 18320.780652, "delta": 38.278061}}
{"target": 0.00285341043602717, "params": {"0": 2.0169146090281274, "1": 2.4478596229331018, "2": -1.6222415428373587, "3": 0.009911274034958506, "4": 1.7638978781581365, "5": -0.17573092156776626, "6": 2.6801899241821694, "7": 2.876095843518942}, "datetime": {"datetime": "2021-06-30 01:19:28", "elapsed": 18349.21667, "delta": 28.436018}}
{"target": 0.019578481790610534, "params": {"0": -0.3170916340622254, "1": 1.8049319919193012, "2": 1.3218688223903108, "3": -0.48182961768864896, "4": 1.9493389723874035, "5": -1.378243260159207, "6": 1.5207844808247941, "7": -2.5406163774517454}, "datetime": {"datetime": "2021-06-30 01:21:00", "elapsed": 18440.768345, "delta": 91.551675}}
{"target": 0.0030642308349351052, "params": {"0": 1.4583658978451552, "1": 0.3500743672867528, "2": 0.07254241867934574, "3": 2.906352907171722, "4": 0.8529342077129103, "5": 0.00365028215965868, "6": -1.8204003113652463, "7": -0.8949156315244533}, "datetime": {"datetime": "2021-06-30 01:22:22", "elapsed": 18523.384186, "delta": 82.615841}}
{"target": 0.004772066023583351, "params": {"0": 0.32912921865020905, "1": -2.7374662829234557, "2": 2.5320705920419115, "3": 1.1827020270804045, "4": -2.2413711073350044, "5": 0.8366807906516738, "6": -2.8392905121552, "7": -0.6816885634961549}, "datetime": {"datetime": "2021-06-30 01:23:10", "elapsed": 18570.869518, "delta": 47.485332}}
{"target": 0.0030781570304362488, "params": {"0": -2.6625328529685417, "1": 2.587921615664407, "2": 2.468210100258454, "3": -2.040530420930458, "4": -1.782919034101759, "5": -0.9995417268304578, "6": -1.1539436753609706, "7": 2.26812956853294}, "datetime": {"datetime": "2021-06-30 01:24:10", "elapsed": 18630.745787, "delta": 59.876269}}
{"target": 0.004284192621547719, "params": {"0": 1.300203953236502, "1": -2.38665034556896, "2": -0.4069515182804362, "3": -0.9446069392511438, "4": -0.10970037705371283, "5": 0.060558305070489205, "6": -0.2511529892919375, "7": -1.862571283917788}, "datetime": {"datetime": "2021-06-30 01:24:54", "elapsed": 18675.3031, "delta": 44.557313}}
{"target": 0.0032178406853377484, "params": {"0": 1.3729044289833467, "1": -2.6819204435227153, "2": 1.8687304851513282, "3": 1.1287830234397482, "4": -0.826684651633232, "5": 2.3498381019237344, "6": 1.7611028538423756, "7": -1.487079205676405}, "datetime": {"datetime": "2021-06-30 01:25:24", "elapsed": 18705.247755, "delta": 29.944655}}
{"target": 0.003220478721719333, "params": {"0": 0.8126568341174076, "1": -1.6723760416610023, "2": -1.0509542497148732, "3": -1.360620690129186, "4": -1.2575312934851066, "5": -2.520015047478027, "6": -0.5052436744764579, "7": -0.5597552083059307}, "datetime": {"datetime": "2021-06-30 01:26:05", "elapsed": 18746.005734, "delta": 40.757979}}
{"target": 0.009523634478742896, "params": {"0": 0.47876783504466225, "1": -0.4199701205801958, "2": -1.7202498088918647, "3": -0.012814535870731003, "4": -0.45823504270400317, "5": 2.3367140774588613, "6": 0.01414037662062917, "7": 0.7312808631550527}, "datetime": {"datetime": "2021-06-30 01:27:19", "elapsed": 18820.241501, "delta": 74.235767}}
{"target": 0.0035874012244643556, "params": {"0": 1.7262560728290808, "1": -2.9583607978535698, "2": -0.5408742449235646, "3": -1.4458879991666662, "4": -0.84461113787818, "5": 0.9000425258860201, "6": -0.10801271061110462, "7": -1.3613830752886102}, "datetime": {"datetime": "2021-06-30 01:28:15", "elapsed": 18875.770698, "delta": 55.529197}}
{"target": 0.0040975511912628255, "params": {"0": -1.0531734240581974, "1": -1.7461755393597476, "2": -2.671819645439895, "3": 0.691301952858185, "4": 1.215481405321662, "5": -2.2102674968656633, "6": 1.1793170925971435, "7": 1.7856057132543377}, "datetime": {"datetime": "2021-06-30 01:30:40", "elapsed": 19021.077409, "delta": 145.306711}}
{"target": 0.005046105415216292, "params": {"0": -1.8967993578658924, "1": 0.8503178942655096, "2": -0.054750211986606345, "3": -1.7016875739847324, "4": 0.8040433730776182, "5": 2.8004796435448576, "6": -1.659957760712063, "7": -1.0685974195671168}, "datetime": {"datetime": "2021-06-30 01:31:32", "elapsed": 19073.446088, "delta": 52.368679}}
{"target": 0.003395880253671979, "params": {"0": 1.0135542799670318, "1": -1.3965018839258168, "2": 0.745383817249544, "3": 0.032539225283781725, "4": -0.8590924030019842, "5": -1.7386168240177846, "6": -0.04399072342095023, "7": -2.1931908381112506}, "datetime": {"datetime": "2021-06-30 01:32:28", "elapsed": 19128.762204, "delta": 55.316116}}
{"target": 0.0031640446126704374, "params": {"0": -0.8561859020048379, "1": 1.4821738716334991, "2": -0.48848182881646274, "3": -2.8051367264046796, "4": 0.2180603678572126, "5": 0.1643820529470661, "6": -2.7807896703207398, "7": -2.3546604688537816}, "datetime": {"datetime": "2021-06-30 01:33:08", "elapsed": 19169.190532, "delta": 40.428328}}
{"target": 0.005249276883117153, "params": {"0": -0.21329382402140595, "1": 0.5248303288315972, "2": 0.5931231141091886, "3": 1.4437112143699409, "4": -2.9018280935604643, "5": 1.3118174204669142, "6": -0.1026283533147554, "7": 1.1838091393457937}, "datetime": {"datetime": "2021-06-30 01:33:48", "elapsed": 19209.422995, "delta": 40.232463}}
{"target": 0.0029507378307488392, "params": {"0": -0.8740859253496298, "1": -0.2220488762916255, "2": -0.502196437209995, "3": 2.8931601557915716, "4": 2.9327568509016384, "5": -2.9751361979339475, "6": 2.298210890463097, "7": 2.427490212530075}, "datetime": {"datetime": "2021-06-30 01:35:03", "elapsed": 19284.294147, "delta": 74.871152}}
{"target": 0.002986208616097714, "params": {"0": -0.08813746538577538, "1": 2.464411359581158, "2": 1.2605706065250235, "3": 0.03627815735855977, "4": 1.7950702197863873, "5": -1.3243175557657818, "6": 1.2273463641053493, "7": -2.3701605268781565}, "datetime": {"datetime": "2021-06-30 01:35:41", "elapsed": 19321.744219, "delta": 37.450072}}
{"target": 0.003029721265511321, "params": {"0": 2.6847377573892848, "1": 0.7954957477477014, "2": -2.441734610342421, "3": 2.3532798413916556, "4": -0.6533581640131407, "5": -2.367250582524208, "6": -0.6521595652291605, "7": -0.4097313988474234}, "datetime": {"datetime": "2021-06-30 01:36:07", "elapsed": 19348.635372, "delta": 26.891153}}
{"target": 0.0033234884042551947, "params": {"0": -1.2357889367196313, "1": -1.7635658496143896, "2": 2.344748960547162, "3": 0.5243998511516899, "4": 1.5314283540672502, "5": 1.4240215110247574, "6": -2.6083875263645924, "7": -1.0130468671948247}, "datetime": {"datetime": "2021-06-30 01:36:42", "elapsed": 19383.670819, "delta": 35.035447}}
{"target": 0.003085162051889822, "params": {"0": 1.8887857430257604, "1": 1.0937778796379085, "2": 2.3320592156041178, "3": 0.9007232687763933, "4": -1.3966392994171872, "5": -2.9497330390571994, "6": -0.4255490777786637, "7": -2.0592247688501626}, "datetime": {"datetime": "2021-06-30 01:37:05", "elapsed": 19405.745946, "delta": 22.075127}}
{"target": 0.0030263712848060927, "params": {"0": -1.2702845484037202, "1": 1.4909574347789727, "2": 2.4749999620720367, "3": 2.869789144690947, "4": 0.6348764645544795, "5": -1.7398047001786732, "6": 1.9773488043181358, "7": 2.1094900807875305}, "datetime": {"datetime": "2021-06-30 01:37:42", "elapsed": 19443.404523, "delta": 37.658577}}
{"target": 0.003414756986833177, "params": {"0": 2.411935845579894, "1": -2.178057574690766, "2": 1.7779255893677215, "3": 0.5754125286844101, "4": -2.4660355322422247, "5": 1.26765809702811, "6": -0.896385047963435, "7": -2.0147360164318178}, "datetime": {"datetime": "2021-06-30 01:38:18", "elapsed": 19479.193884, "delta": 35.789361}}
{"target": 0.003921441817524758, "params": {"0": -0.5931497700341417, "1": -0.38079456963089164, "2": 0.9106059266111202, "3": -1.7428412718758408, "4": -1.6533169043946812, "5": -1.2651520742926992, "6": 1.7520711787860694, "7": 0.16578015072033514}, "datetime": {"datetime": "2021-06-30 01:40:03", "elapsed": 19584.657824, "delta": 105.46394}}
{"target": 0.0032977995856298377, "params": {"0": 0.4797242328272677, "1": 1.9339912927656844, "2": 0.3109441846891472, "3": -2.859189309764737, "4": -0.7622037221254336, "5": 0.6145894624773152, "6": 0.7343104400213831, "7": 1.1448328301346038}, "datetime": {"datetime": "2021-06-30 01:40:41", "elapsed": 19621.924733, "delta": 37.266909}}
{"target": 0.003128406343311358, "params": {"0": -1.6430188774124708, "1": -0.8434537992953643, "2": 1.9581235769766918, "3": -0.013367899443422537, "4": -2.8298444489266927, "5": 0.011449269328461575, "6": 2.7045367235983973, "7": -0.36205445496814814}, "datetime": {"datetime": "2021-06-30 01:43:06", "elapsed": 19767.324584, "delta": 145.399851}}
{"target": 0.014070662655863111, "params": {"0": -1.9375341191099638, "1": -2.890083265551965, "2": 2.8594360661200593, "3": -2.0721078304120657, "4": 1.4060854999267978, "5": -0.042029938484978935, "6": -2.283733839670047, "7": 0.6101049365947504}, "datetime": {"datetime": "2021-06-30 01:43:57", "elapsed": 19818.261507, "delta": 50.936923}}
{"target": 0.0030850301913366517, "params": {"0": 2.9812901192090884, "1": -1.3229529643295104, "2": -2.5844296594195866, "3": 1.015959044600363, "4": -0.03944017458645899, "5": -0.045374120737254664, "6": 1.0764223851178754, "7": -2.1830812136214206}, "datetime": {"datetime": "2021-06-30 01:44:42", "elapsed": 19862.778404, "delta": 44.516897}}
{"target": 0.0030116844838922827, "params": {"0": -0.7943848812963688, "1": 1.0883569094158272, "2": -2.5536882686252875, "3": 2.047853968985672, "4": 0.6151027104186704, "5": 2.300439230330177, "6": 1.5253090617421856, "7": 2.7963177692376258}, "datetime": {"datetime": "2021-06-30 01:45:26", "elapsed": 19907.334393, "delta": 44.555989}}
{"target": 0.0030472950950458794, "params": {"0": 0.8258690517041636, "1": 1.462762362665461, "2": -2.8194389163433122, "3": 2.2493988467794335, "4": 0.0989531000361219, "5": -0.5694093911574023, "6": 0.9676167632816908, "7": -1.4664665126787377}, "datetime": {"datetime": "2021-06-30 01:45:57", "elapsed": 19938.354359, "delta": 31.019966}}
{"target": 0.00296055992592696, "params": {"0": -0.6812609549202575, "1": -1.1042499144961053, "2": -0.8477980749980709, "3": 0.6095339826073864, "4": -0.81569631535345, "5": 2.8893261265316124, "6": -0.8111350943678115, "7": -0.075005246145194}, "datetime": {"datetime": "2021-06-30 01:46:36", "elapsed": 19977.454282, "delta": 39.099923}}
{"target": 0.0033516496856310215, "params": {"0": 1.6430797883258235, "1": 0.10102455755077155, "2": 1.6953369291527132, "3": -0.46850312083409884, "4": -0.7326529553517562, "5": -0.9918461285425808, "6": -0.7192516339065183, "7": 2.1496061811604594}, "datetime": {"datetime": "2021-06-30 01:47:23", "elapsed": 20024.637149, "delta": 47.182867}}
{"target": 0.010260429050353367, "params": {"0": -0.3134389656412653, "1": -2.2938878278244115, "2": 0.6290377416903143, "3": 0.6386696010682744, "4": 0.26277836608634075, "5": -1.0299735393523248, "6": 0.428684474996464, "7": 0.7848563325125051}, "datetime": {"datetime": "2021-06-30 01:48:03", "elapsed": 20064.053446, "delta": 39.416297}}
{"target": 0.003369247014384744, "params": {"0": 1.2692416149395473, "1": 2.3242561801359347, "2": 0.160970146782498, "3": -2.249115646915772, "4": -0.0032074499906653564, "5": 0.9569263476272667, "6": -1.8699861854360391, "7": -0.3630717197818809}, "datetime": {"datetime": "2021-06-30 01:48:49", "elapsed": 20110.561072, "delta": 46.507626}}
{"target": 0.003771652098515117, "params": {"0": -0.39764383054911345, "1": -0.04966292662441152, "2": 2.642520744237764, "3": -2.652228522486483, "4": 2.691087159186453, "5": -0.9878428549750229, "6": 2.8145014221267166, "7": -0.6768064550855142}, "datetime": {"datetime": "2021-06-30 01:49:36", "elapsed": 20156.826668, "delta": 46.265596}}
{"target": 0.003016752785849368, "params": {"0": -0.5490333445074267, "1": 2.347370202121839, "2": 2.3986246466572165, "3": 2.227012606119019, "4": -1.2141027047462112, "5": 0.7381990108573588, "6": -1.7717558320230102, "7": -2.27606313749967}, "datetime": {"datetime": "2021-06-30 01:50:22", "elapsed": 20203.103245, "delta": 46.276577}}
{"target": 0.0035160144999796506, "params": {"0": 1.8191457014233183, "1": -2.5156680553469064, "2": -0.9544930682515695, "3": -1.2088045767947206, "4": 0.572452374660315, "5": -0.8307163364696724, "6": -0.8991166208967858, "7": -0.07788477325218945}, "datetime": {"datetime": "2021-06-30 01:51:05", "elapsed": 20246.683384, "delta": 43.580139}}
{"target": 0.0037916117470929004, "params": {"0": 2.953677706608051, "1": -2.9148883493074607, "2": -2.4744010563589782, "3": 2.227961772235899, "4": -2.2447895262557918, "5": 2.762991649662169, "6": 0.5165070367049038, "7": -0.8893365871883296}, "datetime": {"datetime": "2021-06-30 01:51:36", "elapsed": 20277.184604, "delta": 30.50122}}
{"target": 0.011995506220537324, "params": {"0": -1.0749618318111713, "1": 2.205497892150712, "2": -2.980775707961439, "3": -2.3106554895735454, "4": -2.7680757491148476, "5": 1.2404163331126892, "6": 1.820178701667217, "7": 1.3400656817652266}, "datetime": {"datetime": "2021-06-30 01:52:19", "elapsed": 20319.862835, "delta": 42.678231}}
{"target": 0.0032502736870978523, "params": {"0": 2.8681225154771397, "1": -1.9629135085451794, "2": 2.655319832769421, "3": -1.469813335685661, "4": -1.173540550634756, "5": 1.0995722697576156, "6": -0.9074689443795427, "7": 0.8447481481273327}, "datetime": {"datetime": "2021-06-30 01:53:00", "elapsed": 20360.905159, "delta": 41.042324}}
{"target": 0.0032587782645052397, "params": {"0": 0.6692985453574631, "1": 0.6836140292491226, "2": 2.687720506105995, "3": 1.6941981262813295, "4": -0.42483942590782364, "5": 1.4501767536908616, "6": -2.5167810823117946, "7": -0.6546333697402913}, "datetime": {"datetime": "2021-06-30 01:54:32", "elapsed": 20452.928455, "delta": 92.023296}}
{"target": 0.006214432055518634, "params": {"0": 1.2312613423920684, "1": 2.581792749727624, "2": -2.5326693289078053, "3": 1.528659841416811, "4": -2.1248549237257857, "5": -2.8540738009249322, "6": -1.9377145811795569, "7": -2.7833378592378537}, "datetime": {"datetime": "2021-06-30 01:55:21", "elapsed": 20502.275114, "delta": 49.346659}}
{"target": 0.003831632695762902, "params": {"0": 2.3051186660959164, "1": 1.3263997874742826, "2": -1.6596828667368575, "3": 0.9403627268305383, "4": -2.8987061661760176, "5": -0.574960834600601, "6": -2.2419290343779483, "7": 1.4414713330188356}, "datetime": {"datetime": "2021-06-30 01:56:05", "elapsed": 20545.80046, "delta": 43.525346}}
{"target": 0.003307279929595651, "params": {"0": -2.279928684658045, "1": 1.6205222568599993, "2": 1.5471403094144955, "3": 0.5177227414640702, "4": 2.21118352245475, "5": 0.0694000818417031, "6": -1.840373579635541, "7": 2.737013671485954}, "datetime": {"datetime": "2021-06-30 01:56:30", "elapsed": 20570.744438, "delta": 24.943978}}
{"target": 0.003917928293494854, "params": {"0": -0.5914047323556995, "1": -1.2537032892492548, "2": -0.5726541164908454, "3": -2.937719445551033, "4": 2.0010394158204, "5": -0.4198202940115827, "6": -1.6756540014386854, "7": -1.8151816027735357}, "datetime": {"datetime": "2021-06-30 01:57:19", "elapsed": 20620.260794, "delta": 49.516356}}
{"target": 0.004399159769309224, "params": {"0": -2.256988742844629, "1": -1.1348393306583857, "2": 1.9958611933449601, "3": -2.7947346816316223, "4": -0.2186482350743919, "5": -2.5047850836702894, "6": -2.861492828651043, "7": 1.1038420120330041}, "datetime": {"datetime": "2021-06-30 01:58:06", "elapsed": 20667.075425, "delta": 46.814631}}
{"target": 0.003237277735552246, "params": {"0": 0.9172088197757589, "1": -1.3035682881855633, "2": 1.3969461970495374, "3": -0.5205415863603027, "4": -1.818521084443993, "5": 2.3053471579754374, "6": -0.9744109900619549, "7": 0.22886604570874747}, "datetime": {"datetime": "2021-06-30 01:58:33", "elapsed": 20694.368644, "delta": 27.293219}}
{"target": 0.0032022065016232824, "params": {"0": 0.6898214839950043, "1": -1.5906856505441085, "2": 2.7144046917799924, "3": 1.7472397863971034, "4": 1.8304077930308011, "5": -2.473205965397777, "6": 1.3154160301669187, "7": -1.1465729635229704}, "datetime": {"datetime": "2021-06-30 01:59:41", "elapsed": 20761.910763, "delta": 67.542119}}
{"target": 0.004485926155824957, "params": {"0": -2.3984454649864753, "1": -0.8297052162024245, "2": -2.5469632126260255, "3": -1.960046214495998, "4": 1.6716823120331208, "5": 0.4166570611732823, "6": -2.746238093998245, "7": 2.917145599665009}, "datetime": {"datetime": "2021-06-30 02:00:23", "elapsed": 20804.114944, "delta": 42.204181}}
{"target": 0.005026544661114607, "params": {"0": 2.715386467515019, "1": -0.19993008397829248, "2": 0.9542255029500435, "3": 2.6419309140840452, "4": -1.3110618164623178, "5": -1.6277094814527981, "6": 2.5916334468923337, "7": 1.803135524431699}, "datetime": {"datetime": "2021-06-30 02:00:57", "elapsed": 20838.301007, "delta": 34.186063}}
{"target": 0.009482697038117804, "params": {"0": -1.1692415199733446, "1": -1.2134099730295405, "2": -2.789205018764026, "3": 0.621505961059893, "4": -2.8553110054357966, "5": -1.6692116882453616, "6": -1.8066175298942437, "7": -2.0323036009014093}, "datetime": {"datetime": "2021-06-30 02:01:40", "elapsed": 20881.415784, "delta": 43.114777}}
{"target": 0.003264812231861618, "params": {"0": 0.00386096280794046, "1": -0.3065413380031199, "2": -2.5008179659917102, "3": 2.768859920410242, "4": -2.498033470256714, "5": -1.514158378700764, "6": 1.345035055555173, "7": -0.5378181667768533}, "datetime": {"datetime": "2021-06-30 02:02:24", "elapsed": 20925.133261, "delta": 43.717477}}
{"target": 0.003732216402756373, "params": {"0": 0.8197528755663877, "1": -0.12208425793054323, "2": -1.9124132412804267, "3": -0.3821158178268895, "4": -0.21292338155984591, "5": 2.6375434619798304, "6": -0.41680160544956024, "7": -2.317606643326852}, "datetime": {"datetime": "2021-06-30 02:03:06", "elapsed": 20967.399966, "delta": 42.266705}}
{"target": 0.004026838450020845, "params": {"0": 1.9633098920432293, "1": -0.08461031872685609, "2": 2.556739582591855, "3": 2.7131805992768268, "4": -0.5618707432287238, "5": -2.4799160018185367, "6": 2.1365964811839575, "7": -1.440948830633857}, "datetime": {"datetime": "2021-06-30 02:04:33", "elapsed": 21053.903991, "delta": 86.504025}}
