{"target": 0.003027552905738295, "params": {"0": 1.2304081684094754, "1": 1.9919611472607395, "2": 1.393835229803357, "3": -1.758052303756684, "4": 0.20561049573382206, "5": 2.300481313630092, "6": -0.82897159702443, "7": -1.2497182186266869}, "datetime": {"datetime": "2021-06-29 22:14:05", "elapsed": 7138.330348, "delta": 20.64215}}
{"target": 0.0036989123863854314, "params": {"0": -2.138431675964894, "1": -1.3263754043550717, "2": 0.646751414396209, "3": 2.121753419611524, "4": -1.0665466542387574, "5": 0.9257509857036963, "6": -2.812852416869129, "7": 0.22824612172230951}, "datetime": {"datetime": "2021-06-29 22:14:26", "elapsed": 7159.399719, "delta": 21.069371}}
{"target": 0.004878772493907791, "params": {"0": 0.23659530477452329, "1": 0.8470269475736689, "2": -2.098190785144344, "3": -2.405887863793522, "4": 0.22374231903868314, "5": -0.5977563195254953, "6": -0.31817725994016666, "7": -1.7136902087217802}, "datetime": {"datetime": "2021-06-29 22:14:54", "elapsed": 7187.211358, "delta": 27.811639}}
{"target": 0.003242680729966973, "params": {"0": 2.322105250511034, "1": 0.40315111798402326, "2": -1.7134633704704556, "3": 2.2971961145276865, "4": 0.7710422508417389, "5": -2.3541380452204823, "6": 1.3229124796556775, "7": -0.42914471154670375}, "datetime": {"datetime": "2021-06-29 22:15:39", "elapsed": 7232.495597, "delta": 45.284239}}
{"target": 0.006486194901832013, "params": {"0": -2.723442556949337, "1": 0.5989552942690635, "2": -1.8657595267134168, "3": 0.39335673781176705, "4": -1.5681752800691968, "5": -2.346428150017082, "6": -1.3222020814568665, "7": -0.4027402763290784}, "datetime": {"datetime": "2021-06-29 22:16:03", "elapsed": 7256.309056, "delta": 23.813459}}
{"target": 0.007868285748121377, "params": {"0": 0.3323308077533671, "1": 0.9545012112572575, "2": 0.6198871799605801, "3": -2.0186622560940712, "4": 1.511384718798551, "5": -2.424023500170202, "6": -0.5028900964897955, "7": -1.6730323281382393}, "datetime": {"datetime": "2021-06-29 22:16:21", "elapsed": 7274.538915, "delta": 18.229859}}
{"target": 0.003608884338987614, "params": {"0": 0.3470798156507868, "1": 0.007278455595743694, "2": 2.749167776010382, "3": -0.19129609382973234, "4": -0.799851940472009, "5": 0.840188675768573, "6": 0.49473093361203135, "7": -1.6387739935986236}, "datetime": {"datetime": "2021-06-29 22:16:33", "elapsed": 7286.611846, "delta": 12.072931}}
{"target": 0.004374726113706779, "params": {"0": 0.786928063023649, "1": 2.711193354166099, "2": 1.1801409435398966, "3": 2.23824221084251, "4": 0.49358611530750096, "5": -2.39496588494126, "6": -2.5654399302358644, "7": 0.767881677987241}, "datetime": {"datetime": "2021-06-29 22:16:51", "elapsed": 7304.542105, "delta": 17.930259}}
{"target": 0.007189466876490756, "params": {"0": 0.6454198777330227, "1": 1.5479671669224988, "2": 2.995195574213798, "3": -1.5464690643456893, "4": -2.3779210378638407, "5": -2.3058841623858957, "6": 1.7292800313091865, "7": 2.4134492617221053}, "datetime": {"datetime": "2021-06-29 22:17:15", "elapsed": 7328.637495, "delta": 24.09539}}
{"target": 0.0036798829080994843, "params": {"0": 1.870734550634448, "1": -2.8246332932112166, "2": 0.7084761428334336, "3": -2.7363721662640703, "4": -2.401215150010772, "5": -0.8998230340908764, "6": -0.2563027062534893, "7": -1.5878438917743674}, "datetime": {"datetime": "2021-06-29 22:17:38", "elapsed": 7351.740011, "delta": 23.102516}}
{"target": 0.0029750713746517976, "params": {"0": -1.46135868231455, "1": -2.3428113394364027, "2": -2.7553190337358244, "3": 2.3587763218451308, "4": 0.9758409243060804, "5": -2.985527420752359, "6": -0.09885592970414958, "7": -0.8413608992899206}, "datetime": {"datetime": "2021-06-29 22:17:56", "elapsed": 7369.563903, "delta": 17.823892}}
{"target": 0.003271386298347988, "params": {"0": -2.406583232720434, "1": 1.1550979527513912, "2": 0.21068484083988803, "3": -0.640354108749797, "4": -2.4999294860352617, "5": 1.765018664191742, "6": -0.45288080629154814, "7": 1.6963437263860595}, "datetime": {"datetime": "2021-06-29 22:18:17", "elapsed": 7390.706205, "delta": 21.142302}}
{"target": 0.0124806777876349, "params": {"0": -1.080032325330033, "1": 0.5072942186112157, "2": 1.4571716819723708, "3": 2.339418542747908, "4": -1.1011062166166488, "5": 1.2852436617465681, "6": 2.499075367001704, "7": -2.306799993182275}, "datetime": {"datetime": "2021-06-29 22:18:37", "elapsed": 7410.866918, "delta": 20.160713}}
{"target": 0.003472240334259086, "params": {"0": 1.219506616838565, "1": 0.055316908606420245, "2": 0.6959671900291498, "3": -2.840965488750719, "4": 2.0987275722902705, "5": -1.51215801522084, "6": -2.965798029180255, "7": 1.7131002318494257}, "datetime": {"datetime": "2021-06-29 22:18:54", "elapsed": 7427.566358, "delta": 16.69944}}
{"target": 0.005053176324199043, "params": {"0": -0.919879201473337, "1": -1.907506751363967, "2": 2.3779512319636336, "3": 0.1425247030155603, "4": -0.39018893751956973, "5": -2.6086823028582944, "6": 1.0194667816119063, "7": -0.6023012734138522}, "datetime": {"datetime": "2021-06-29 22:19:12", "elapsed": 7445.9612, "delta": 18.394842}}
{"target": 0.004117642115573956, "params": {"0": -0.6081150660836796, "1": -2.882880792997044, "2": -0.35400175054979055, "3": 2.502569023397978, "4": -0.8329182518209115, "5": -2.9752279001743496, "6": 1.1755679821570153, "7": 1.4096828306847478}, "datetime": {"datetime": "2021-06-29 22:19:44", "elapsed": 7477.801678, "delta": 31.840478}}
{"target": 0.0029967808536131846, "params": {"0": -1.9005557025028814, "1": -2.304779732817514, "2": -2.297703393229348, "3": 2.143769349818122, "4": -1.436497087214764, "5": 2.7350385752418145, "6": 2.5738370595754017, "7": -2.5930382199812327}, "datetime": {"datetime": "2021-06-29 22:20:00", "elapsed": 7493.843659, "delta": 16.041981}}
{"target": 0.02346037746742364, "params": {"0": -1.1546032783198044, "1": -0.4520314261119873, "2": 1.7140265888935904, "3": -2.878900612098456, "4": 1.8214316865203761, "5": 0.27067782327053, "6": 0.6261993739475598, "7": 1.7591739196666243}, "datetime": {"datetime": "2021-06-29 22:20:37", "elapsed": 7530.102876, "delta": 36.259217}}
{"target": 0.012711009559207944, "params": {"0": -0.9733478224734018, "1": 0.9436271908757154, "2": -1.6261523351897187, "3": -0.6770000001332699, "4": 2.56843121917135, "5": -1.4710751438767182, "6": 0.9325321987952302, "7": -1.2667660489544914}, "datetime": {"datetime": "2021-06-29 22:21:08", "elapsed": 7561.688423, "delta": 31.585547}}
{"target": 0.004061620444182286, "params": {"0": 0.22735064938374938, "1": -1.0504486492430343, "2": 0.005775471761915618, "3": 2.527198365791879, "4": -0.6711063992714941, "5": -1.0101082905611736, "6": -0.8578557012033556, "7": 2.55129730993996}, "datetime": {"datetime": "2021-06-29 22:21:34", "elapsed": 7587.491558, "delta": 25.803135}}
{"target": 0.0029184128497383105, "params": {"0": 0.9661459177254956, "1": -1.2147989846769665, "2": 1.9955345967750295, "3": -2.0804643012301742, "4": 2.877806836619926, "5": 0.8547053543763985, "6": 1.209308830013529, "7": -0.4343486543823505}, "datetime": {"datetime": "2021-06-29 22:21:52", "elapsed": 7605.301802, "delta": 17.810244}}
{"target": 0.0037410778574439073, "params": {"0": 2.8914195024736884, "1": 2.0473145134655057, "2": 1.4882618750348868, "3": -0.9853031325534594, "4": -0.8110646928751457, "5": -2.522301546018702, "6": 1.747648692713411, "7": -0.6690505655922099}, "datetime": {"datetime": "2021-06-29 22:22:43", "elapsed": 7656.256161, "delta": 50.954359}}
{"target": 0.4329477111799066, "params": {"0": 1.507791366529725, "1": 0.5929678168587387, "2": -0.7955169566605647, "3": 2.279130391066915, "4": 0.17524952312370168, "5": -2.537216758937882, "6": 0.0866033297683515, "7": 1.5353383188341096}, "datetime": {"datetime": "2021-06-29 22:23:41", "elapsed": 7714.555594, "delta": 58.299433}}
{"target": 0.003159452856308337, "params": {"0": -2.517950182449767, "1": 2.8790431591363186, "2": -0.5416470947510543, "3": 1.0932424671206906, "4": 1.0704054597912815, "5": -1.4468461636520862, "6": 2.9028487726290706, "7": 2.9901789431675203}, "datetime": {"datetime": "2021-06-29 22:24:03", "elapsed": 7736.303688, "delta": 21.748094}}
{"target": 0.007064017157502615, "params": {"0": -2.018073427910818, "1": -1.9821695142076576, "2": 0.15340346639216484, "3": 0.38969948957375244, "4": 1.923256179431501, "5": -2.359079183978783, "6": 2.0985447172249767, "7": 1.9939557037757991}, "datetime": {"datetime": "2021-06-29 22:24:21", "elapsed": 7754.232104, "delta": 17.928416}}
{"target": 0.0031517940227005644, "params": {"0": 2.2196545847238394, "1": -2.9859707785371854, "2": -2.4027020645595396, "3": -0.7018762038871325, "4": 2.5241544926387682, "5": 2.953560795529631, "6": -2.5643932252704094, "7": 2.372557289207114}, "datetime": {"datetime": "2021-06-29 22:24:39", "elapsed": 7772.446984, "delta": 18.21488}}
{"target": 0.0036146581148069497, "params": {"0": -1.0365895380085566, "1": -2.350947646482521, "2": -0.8876611798505305, "3": 0.7551797527233299, "4": -2.270630396196078, "5": -2.0379713120272434, "6": 2.0453328394310972, "7": 0.3541729508647542}, "datetime": {"datetime": "2021-06-29 22:24:53", "elapsed": 7786.699807, "delta": 14.252823}}
{"target": 0.0034575675017723363, "params": {"0": -0.7159963332730319, "1": 1.126956092648725, "2": 1.0161114735716303, "3": -1.726512159298521, "4": 0.635946119685336, "5": -1.4781585337881962, "6": 2.4978721046662873, "7": -2.683455400413103}, "datetime": {"datetime": "2021-06-29 22:25:18", "elapsed": 7811.691649, "delta": 24.991842}}
{"target": 0.0029584048164883344, "params": {"0": 1.3589453708782617, "1": 2.0305486156328936, "2": -1.5392275755904121, "3": -0.6939372925514613, "4": 2.984046632829277, "5": 0.682368370074304, "6": 1.1590503104467427, "7": -0.7719484582587852}, "datetime": {"datetime": "2021-06-29 22:25:36", "elapsed": 7829.084908, "delta": 17.393259}}
{"target": 0.0031643509219319993, "params": {"0": 1.742498628718577, "1": -0.7070971894817761, "2": 2.9002949190791067, "3": -1.1718145330679746, "4": 1.2932628268111905, "5": 1.2868287164234875, "6": -0.6690856566351435, "7": 0.16640995680071402}, "datetime": {"datetime": "2021-06-29 22:25:53", "elapsed": 7846.210746, "delta": 17.125838}}
{"target": 0.018175914481823142, "params": {"0": 0.7077875370866611, "1": 1.8218748002632408, "2": -2.257318326359815, "3": 0.7194529779735204, "4": -1.7308678996765798, "5": 0.6442381391930923, "6": -0.23403961538677187, "7": -0.4756973358117591}, "datetime": {"datetime": "2021-06-29 22:26:10", "elapsed": 7863.948511, "delta": 17.737765}}
{"target": 0.004542920860309994, "params": {"0": -0.26682115572957077, "1": -1.498351786394708, "2": 1.3076534332123515, "3": -2.9405211876164525, "4": 1.053003546205069, "5": -2.8534597366218133, "6": -2.452298476886038, "7": -1.0090200709111146}, "datetime": {"datetime": "2021-06-29 22:26:35", "elapsed": 7888.362266, "delta": 24.413755}}
{"target": 0.0031451269114319263, "params": {"0": 0.5283607796833034, "1": -1.0984036576349825, "2": -2.25842078449595, "3": -2.342142862924047, "4": 2.1211045507189157, "5": 0.7174468891746812, "6": 1.2462818573642682, "7": 2.616166970830749}, "datetime": {"datetime": "2021-06-29 22:26:58", "elapsed": 7912.015268, "delta": 23.653002}}
{"target": 0.0029810980137694836, "params": {"0": 1.9607476143311668, "1": -2.0788038591191484, "2": -0.22186013473505017, "3": -0.4561761085272149, "4": -0.18546580925309186, "5": 0.4158107256805752, "6": 1.3621844597195043, "7": 1.809766801219995}, "datetime": {"datetime": "2021-06-29 22:27:19", "elapsed": 7932.504231, "delta": 20.488963}}
{"target": 0.003322487612361613, "params": {"0": -0.36471659565328896, "1": 0.3861986722475521, "2": -2.531211902337886, "3": -1.9112965755762488, "4": 0.28495863833254553, "5": -0.08942624063807436, "6": 0.7647585172870413, "7": -1.6793800545260198}, "datetime": {"datetime": "2021-06-29 22:27:39", "elapsed": 7952.538386, "delta": 20.034155}}
{"target": 0.006313240829008763, "params": {"0": -1.5640252292941208, "1": 1.2758733112575271, "2": -1.041337126209063, "3": -1.8102152978220776, "4": -1.1897128266696833, "5": 0.06548738520641528, "6": -2.4231377203117432, "7": -0.8362713430224487}, "datetime": {"datetime": "2021-06-29 22:28:01", "elapsed": 7974.10831, "delta": 21.569924}}
{"target": 0.004348446416435498, "params": {"0": 1.1717572578310191, "1": 0.8299413939967568, "2": 2.2406390756651984, "3": 1.3164815402696801, "4": 0.15874431564785185, "5": 0.7439217493366339, "6": -0.33842881482926934, "7": 0.38417307840466997}, "datetime": {"datetime": "2021-06-29 22:28:21", "elapsed": 7994.380589, "delta": 20.272279}}
{"target": 0.0042420744811008946, "params": {"0": -0.5543293203109618, "1": 1.275815011688973, "2": 1.5172124138651863, "3": -0.7331759229826149, "4": -0.7894630566584766, "5": -1.676798364367521, "6": 0.5821172673853061, "7": 1.7051566801168576}, "datetime": {"datetime": "2021-06-29 22:28:40", "elapsed": 8013.642689, "delta": 19.2621}}
{"target": 0.003398369784920356, "params": {"0": -2.1685368357447947, "1": 1.955156447944013, "2": 2.146908500515231, "3": 2.6655864896902663, "4": -2.6583428808741445, "5": 2.9887285711055807, "6": 2.4046701562069117, "7": 0.39674870025220077}, "datetime": {"datetime": "2021-06-29 22:28:55", "elapsed": 8028.477535, "delta": 14.834846}}
{"target": 0.0035574829093830648, "params": {"0": -1.0695401692380186, "1": -0.813958005664559, "2": -2.331913200177251, "3": 2.5712028111504903, "4": -0.727375101769189, "5": -2.499547262308475, "6": 1.9527164103221661, "7": 2.930536944437063}, "datetime": {"datetime": "2021-06-29 22:29:11", "elapsed": 8044.678786, "delta": 16.201251}}
{"target": 0.003625933966385551, "params": {"0": 2.053476357306602, "1": 1.2938126336664357, "2": 0.7279906248202002, "3": -2.1050771394232624, "4": -1.6218795776720238, "5": -1.1585629497197565, "6": 2.3633271074934266, "7": 1.0324470826434213}, "datetime": {"datetime": "2021-06-29 22:29:28", "elapsed": 8061.914556, "delta": 17.23577}}
{"target": 0.003043820229976142, "params": {"0": 1.6539865236660791, "1": 2.3887571919737614, "2": -1.5360766508804435, "3": 0.9181655731872, "4": 1.9400354765114276, "5": 1.4658535743346741, "6": 2.4715878327100764, "7": -2.2269127454290394}, "datetime": {"datetime": "2021-06-29 22:29:49", "elapsed": 8082.726017, "delta": 20.811461}}
{"target": 0.003366313178763159, "params": {"0": 1.4913454563925468, "1": 1.0660996067610409, "2": -1.263992261550634, "3": -2.512279440213858, "4": -2.9738485592687303, "5": 0.45985000898381534, "6": -0.731562634589193, "7": -1.1819509867864486}, "datetime": {"datetime": "2021-06-29 22:30:08", "elapsed": 8101.467149, "delta": 18.741132}}
{"target": 0.0040613502208297165, "params": {"0": 2.377272660179173, "1": -1.4774680404340481, "2": 1.5395778283238482, "3": -1.2986720414743056, "4": -0.7213717416827117, "5": 1.5465229359527548, "6": -1.9525149721413195, "7": -1.5446048335941673}, "datetime": {"datetime": "2021-06-29 22:30:29", "elapsed": 8122.103013, "delta": 20.635864}}
{"target": 0.0034986557227699414, "params": {"0": 2.7159585370040586, "1": -0.001534457110611065, "2": -0.3273777769249815, "3": 2.4556983122742535, "4": 0.6858109303285316, "5": -1.4631629782247386, "6": -1.6409954920708332, "7": 2.303026009686606}, "datetime": {"datetime": "2021-06-29 22:30:45", "elapsed": 8138.387591, "delta": 16.284578}}
{"target": 0.003742305038493822, "params": {"0": 0.30462667856226755, "1": 0.6007296538180062, "2": -2.385570374062268, "3": -1.8204783911711304, "4": -0.8813856289910786, "5": -0.9317577750400754, "6": 0.6054939516490991, "7": -1.0930003623016475}, "datetime": {"datetime": "2021-06-29 22:31:04", "elapsed": 8157.658111, "delta": 19.27052}}
{"target": 0.0031228479250399867, "params": {"0": 0.1567104354470339, "1": 1.295972455152124, "2": -2.4913663477529218, "3": 0.3616315133506216, "4": 2.676238798062176, "5": -0.2545714677843365, "6": -2.897610007326881, "7": -0.3061080839168415}, "datetime": {"datetime": "2021-06-29 22:31:39", "elapsed": 8192.375753, "delta": 34.717642}}
{"target": 0.004514352366075991, "params": {"0": 1.2969485146580357, "1": -0.9982956235518827, "2": -0.5617596495366448, "3": -1.574005273753224, "4": 0.7045932528356849, "5": -1.7792792700834372, "6": 1.4999007149791845, "7": 0.5234014174648158}, "datetime": {"datetime": "2021-06-29 22:32:03", "elapsed": 8216.247034, "delta": 23.871281}}
{"target": 0.003816994896620142, "params": {"0": -1.954951359819799, "1": 2.9953023111220842, "2": 2.167824785492555, "3": 1.9582350389118277, "4": -1.0453332417249948, "5": 2.0844234053760298, "6": 2.2317815885843135, "7": -0.5983685686268743}, "datetime": {"datetime": "2021-06-29 22:32:32", "elapsed": 8245.178779, "delta": 28.931745}}
{"target": 0.0032987505977813115, "params": {"0": -1.685630170817338, "1": -0.8827171820734501, "2": -1.5932038664569537, "3": -1.7300164144295216, "4": -1.856835643259697, "5": -0.2733361655112536, "6": -1.1589823464717997, "7": -1.389711401067678}, "datetime": {"datetime": "2021-06-29 22:32:52", "elapsed": 8265.821859, "delta": 20.64308}}
{"target": 0.0032486771951174697, "params": {"0": -1.1071967097137685, "1": -1.2428185895554587, "2": 0.8094555306747759, "3": -2.9131615458002638, "4": 2.0694541923752565, "5": -0.6743278094492648, "6": -1.8457683668112275, "7": -1.137593175628057}, "datetime": {"datetime": "2021-06-29 22:33:13", "elapsed": 8286.755798, "delta": 20.933939}}
{"target": 0.005848443816769059, "params": {"0": 2.851158203363557, "1": -0.31759485399880516, "2": -1.4547484839978722, "3": 2.7027260309882486, "4": -0.7630969422515932, "5": -0.22161282503101942, "6": 1.0690101330368886, "7": -0.6114928555322252}, "datetime": {"datetime": "2021-06-29 22:33:30", "elapsed": 8303.230585, "delta": 16.474787}}
{"target": 0.00502154764683539, "params": {"0": 0.44864044400012393, "1": -2.3237404180427093, "2": -0.8543961466575527, "3": 0.7161130183480822, "4": -1.909268739682553, "5": 1.114614804090218, "6": -2.8652538681610054, "7": 2.6421769383464717}, "datetime": {"datetime": "2021-06-29 22:33:53", "elapsed": 8326.223177, "delta": 22.992592}}
{"target": 0.003067801359484493, "params": {"0": -1.6826942742915245, "1": -1.7651593851896825, "2": 2.7847523289120035, "3": 1.583956781223165, "4": -2.7627705674883467, "5": 2.8529355157658536, "6": 0.17584074206096156, "7": -0.7180046607051569}, "datetime": {"datetime": "2021-06-29 22:34:13", "elapsed": 8346.67474, "delta": 20.451563}}
{"target": 0.003036355595764346, "params": {"0": 0.9276394770002074, "1": 1.7988785638164977, "2": -1.8411142333259563, "3": 1.255339839923229, "4": 0.6788539040522257, "5": -0.509068055863021, "6": 1.6917222923183708, "7": 1.7849418514683695}, "datetime": {"datetime": "2021-06-29 22:34:32", "elapsed": 8365.829175, "delta": 19.154435}}
{"target": 0.004457937010495089, "params": {"0": 1.9565331217437762, "1": -2.7522610658509157, "2": 2.5320407882342026, "3": 0.43296600839367194, "4": -0.2157525984059978, "5": -1.7266496226046397, "6": 2.6763840293264893, "7": 0.08713995801555985}, "datetime": {"datetime": "2021-06-29 22:34:56", "elapsed": 8389.882779, "delta": 24.053604}}
{"target": 0.0030692180600110437, "params": {"0": 1.4497358932344717, "1": -2.4008560708808298, "2": 0.7456713034842446, "3": 0.17806862698376413, "4": 1.6079585402432528, "5": 2.4905167820071767, "6": 0.6544450085487368, "7": -2.8673308865021325}, "datetime": {"datetime": "2021-06-29 22:35:19", "elapsed": 8412.058389, "delta": 22.17561}}
{"target": 0.004988204002375961, "params": {"0": -0.30679171394911275, "1": 0.18641790941079917, "2": -1.950065129530998, "3": -1.9440157317425844, "4": 0.27849115651524947, "5": -0.868170832420831, "6": 0.3816733828041894, "7": -1.4825997383692562}, "datetime": {"datetime": "2021-06-29 22:36:02", "elapsed": 8455.633582, "delta": 43.575193}}
{"target": 0.003320401358462438, "params": {"0": -0.8197123566141746, "1": -2.571303700399071, "2": -2.8905269065082324, "3": -0.04601760698377255, "4": 2.052366451399471, "5": 0.9345339723996675, "6": 2.3320142243003996, "7": 2.8250055346653298}, "datetime": {"datetime": "2021-06-29 22:36:58", "elapsed": 8511.572114, "delta": 55.938532}}
{"target": 0.006380118747370425, "params": {"0": -2.1255382219166674, "1": -0.6896417611381747, "2": -0.8611483503381328, "3": 0.07766398464213964, "4": -0.9637197758047806, "5": -0.3407010042948837, "6": -2.6281774988989812, "7": 1.1141467758367654}, "datetime": {"datetime": "2021-06-29 22:37:35", "elapsed": 8548.529039, "delta": 36.956925}}
{"target": 0.03043765095301192, "params": {"0": -1.2339700399260196, "1": -0.3509362048060334, "2": -0.7667044664113289, "3": 2.8003391382239817, "4": 2.8526225593551526, "5": -2.626686434371747, "6": 2.702616992241225, "7": 2.720675878788903}, "datetime": {"datetime": "2021-06-29 22:37:54", "elapsed": 8567.103783, "delta": 18.574744}}
{"target": 0.00796054668188972, "params": {"0": 1.2966267518535508, "1": -2.6846634398115974, "2": -2.9523357801228123, "3": 2.081401960588204, "4": 2.5660347756806186, "5": -0.6291358103255771, "6": 0.39065315045313387, "7": -0.07262349862883255}, "datetime": {"datetime": "2021-06-29 22:38:54", "elapsed": 8627.153361, "delta": 60.049578}}
{"target": 0.003363311661547859, "params": {"0": 1.7109413047580846, "1": -1.551112103856602, "2": -2.2003705050163536, "3": -1.156769173298032, "4": 1.0832173196575399, "5": 0.32223716550896864, "6": 0.24316445454214897, "7": -1.1713172896149513}, "datetime": {"datetime": "2021-06-29 22:39:16", "elapsed": 8649.217333, "delta": 22.063972}}
{"target": 0.0029101243824117555, "params": {"0": -2.7988503487989016, "1": -2.12520598592741, "2": -2.2572982821704084, "3": 1.78260996665119, "4": 2.8729889396390114, "5": 1.5180659873284323, "6": -0.652061633511384, "7": 1.1231665342066126}, "datetime": {"datetime": "2021-06-29 22:39:41", "elapsed": 8674.090354, "delta": 24.873021}}
