{"target": 0.00308636216406458, "params": {"0": -1.6419859192322113, "1": 0.19973262337239728, "2": 2.2419326387750047, "3": -1.7261566937922699, "4": 0.6888959112171644, "5": -0.8498934700849032, "6": 2.186597788722203, "7": -2.380482525606224}, "datetime": {"datetime": "2021-06-29 22:09:56", "elapsed": 6976.4371, "delta": 15.665984}}
{"target": 0.0031527452120582644, "params": {"0": -1.0886181544618692, "1": 2.9185010161250977, "2": -2.3115496304626557, "3": 0.6461216427135099, "4": 1.2294173993434185, "5": 0.9341626984705229, "6": 0.30023697878608013, "7": 2.1585739395649046}, "datetime": {"datetime": "2021-06-29 22:10:11", "elapsed": 6991.50881, "delta": 15.07171}}
{"target": 0.00425216402264041, "params": {"0": 1.0288811773310016, "1": 2.278953060748824, "2": 1.6958784178962976, "3": -0.6185001489438635, "4": -0.5753997268935378, "5": -2.037632475318368, "6": -0.09779377303606918, "7": 0.07887092609033086}, "datetime": {"datetime": "2021-06-29 22:10:42", "elapsed": 7023.114487, "delta": 31.605677}}
{"target": 0.00699399682027487, "params": {"0": -2.0310106296609476, "1": -2.7335430920819714, "2": -1.411872739964243, "3": 2.0423190706890777, "4": 1.2567764588202293, "5": 0.31921348676316175, "6": 1.4190438535842027, "7": -0.48403549885321295}, "datetime": {"datetime": "2021-06-29 22:11:10", "elapsed": 7050.878074, "delta": 27.763587}}
{"target": 0.0030996577909306513, "params": {"0": -1.979876880855557, "1": 1.5599513538487937, "2": 2.6242988850190185, "3": -1.9369598967191557, "4": -1.9324546965210607, "5": -1.9562819748446707, "6": 0.23446920026826312, "7": 1.3667967570875463}, "datetime": {"datetime": "2021-06-29 22:11:55", "elapsed": 7095.720035, "delta": 44.841961}}
{"target": 0.0029938305866592475, "params": {"0": 1.5169815567265301, "1": 1.9141701868965102, "2": -2.0301538214675143, "3": -0.9309323797367086, "4": 1.683573677294091, "5": 0.11548600856985303, "6": 2.509671846373383, "7": -1.4314044934584182}, "datetime": {"datetime": "2021-06-29 22:12:11", "elapsed": 7111.514973, "delta": 15.794938}}
{"target": 0.003689510515775339, "params": {"0": -0.24040263661882344, "1": -0.012522632694965452, "2": 0.4993130004653965, "3": 1.731839197297175, "4": -2.4005245591627418, "5": 0.1086135074877399, "6": -1.3896000703998335, "7": 0.6939694266851495}, "datetime": {"datetime": "2021-06-29 22:12:30", "elapsed": 7130.879992, "delta": 19.365019}}
{"target": 0.0031970994891896264, "params": {"0": 1.8465819560338659, "1": -2.568941337506982, "2": 2.230576780977561, "3": 0.5903905774367, "4": 0.7106988690611313, "5": -0.9887614688846207, "6": 1.5563760148322654, "7": -1.8564435865110445}, "datetime": {"datetime": "2021-06-29 22:12:45", "elapsed": 7145.339689, "delta": 14.459697}}
{"target": 0.007306399228780212, "params": {"0": 0.9904865220951882, "1": -1.2095953175916163, "2": -1.9670391252399078, "3": -0.7549183631074063, "4": -1.3922690665177655, "5": -0.3853581789398479, "6": 2.07495538003959, "7": -2.024043174937127}, "datetime": {"datetime": "2021-06-29 22:13:06", "elapsed": 7166.303905, "delta": 20.964216}}
{"target": 0.00894048577768404, "params": {"0": -0.778514778042064, "1": 1.4460642194550317, "2": -0.28077109426323066, "3": -0.7995510470645519, "4": -0.3641784893359601, "5": 1.1983818739652046, "6": -0.08526230989948491, "7": 0.4035796890136245}, "datetime": {"datetime": "2021-06-29 22:13:42", "elapsed": 7203.280417, "delta": 36.976512}}
{"target": 0.0070356157965586075, "params": {"0": -0.4331961310951211, "1": 1.6125760102726145, "2": 2.3379874268400087, "3": 0.09509623668631884, "4": -1.6554222310166171, "5": -1.4394040250872595, "6": 0.46885700789378193, "7": 1.5819232845764244}, "datetime": {"datetime": "2021-06-29 22:14:04", "elapsed": 7224.909038, "delta": 21.628621}}
{"target": 0.0035083329325923803, "params": {"0": -1.1028018822876855, "1": 0.2230531868663581, "2": 2.1013333191240484, "3": 2.8264832212357005, "4": -0.491846314847999, "5": 1.0003082104527632, "6": -1.051033391295732, "7": -0.8359660162630798}, "datetime": {"datetime": "2021-06-29 22:14:25", "elapsed": 7246.254496, "delta": 21.345458}}
{"target": 0.0035744650985000065, "params": {"0": 0.33932353103237833, "1": -0.8221595883918313, "2": -1.4547108422845412, "3": -2.8321458957570185, "4": 0.38607866246502365, "5": 0.22732743461606786, "6": -1.8855282856331945, "7": 1.525043559779716}, "datetime": {"datetime": "2021-06-29 22:14:44", "elapsed": 7264.949156, "delta": 18.69466}}
{"target": 0.0052248848031991825, "params": {"0": -0.7225623278089888, "1": 1.8405223831468014, "2": -0.44509508427952893, "3": -1.818969961702353, "4": -0.29244539465374686, "5": -2.0400583711499616, "6": 2.2627333310933153, "7": 0.4358406167065363}, "datetime": {"datetime": "2021-06-29 22:15:30", "elapsed": 7310.517361, "delta": 45.568205}}
{"target": 0.0031490731371765766, "params": {"0": -1.3452614321858294, "1": -0.13504927161638935, "2": -1.5219503505367802, "3": -0.7377578804594354, "4": 1.9116990210044182, "5": -2.065579093391685, "6": 0.08165167007185081, "7": 2.692459696109383}, "datetime": {"datetime": "2021-06-29 22:15:44", "elapsed": 7324.682088, "delta": 14.164727}}
{"target": 0.004907972781727836, "params": {"0": 0.7391835592189846, "1": 0.013808874695361517, "2": -0.26463431673628346, "3": -1.4366248246028437, "4": -2.052983902239886, "5": 2.729512873238341, "6": -1.9850145819939562, "7": -0.8668908864794056}, "datetime": {"datetime": "2021-06-29 22:16:25", "elapsed": 7365.483929, "delta": 40.801841}}
{"target": 0.0058742556331662435, "params": {"0": 2.844395587694474, "1": -1.2422867340040813, "2": -2.1955947797076014, "3": -0.3395904921776225, "4": -2.5239177745619714, "5": -1.4700412249455832, "6": -0.13285459283808976, "7": 2.2493260887352955}, "datetime": {"datetime": "2021-06-29 22:16:46", "elapsed": 7387.135123, "delta": 21.651194}}
{"target": 0.0032638311499215175, "params": {"0": 2.30561388556191, "1": 1.999817676532727, "2": -2.2044344169034087, "3": -2.4469127308900216, "4": 2.0828519359644044, "5": -1.7964554857086936, "6": -2.4376108209622904, "7": -1.5753607317945637}, "datetime": {"datetime": "2021-06-29 22:17:06", "elapsed": 7406.782265, "delta": 19.647142}}
{"target": 0.005590057858622853, "params": {"0": -1.8069290598591279, "1": -1.9849204814869363, "2": -0.1758589108158306, "3": -0.4022121694066114, "4": 2.2534410739482675, "5": -2.055363420050512, "6": 0.9471602455541834, "7": 1.51393967911204}, "datetime": {"datetime": "2021-06-29 22:17:26", "elapsed": 7426.682525, "delta": 19.90026}}
{"target": 0.0032167200035993094, "params": {"0": -1.2867784483935094, "1": 1.0382983895668687, "2": -0.4116706586305252, "3": -1.4288887769765226, "4": 1.447452942739023, "5": -1.441775860260196, "6": 2.4644207069824446, "7": 2.4489525963694883}, "datetime": {"datetime": "2021-06-29 22:17:51", "elapsed": 7451.73581, "delta": 25.053285}}
{"target": 0.006160878980431519, "params": {"0": -0.7461789830674119, "1": 0.14794828643900493, "2": 2.06638606315998, "3": 0.9422631947245419, "4": -0.3893618991850887, "5": 0.600849283122054, "6": 1.7692521578401363, "7": -0.6887677965607542}, "datetime": {"datetime": "2021-06-29 22:18:12", "elapsed": 7473.290946, "delta": 21.555136}}
{"target": 0.0031121201044761447, "params": {"0": -0.646132089450953, "1": 2.976459956231194, "2": 1.1405897112644068, "3": -0.9819973403777231, "4": -1.7096662426417841, "5": -0.17392184240585173, "6": 2.3956115859949367, "7": 2.0611339970198372}, "datetime": {"datetime": "2021-06-29 22:18:31", "elapsed": 7491.7906, "delta": 18.499654}}
{"target": 0.003003026808575426, "params": {"0": -1.9467209014513638, "1": 2.72067195710369, "2": -2.81091398485628, "3": 2.0961972346867954, "4": 0.26826983970688545, "5": 1.9752821903327442, "6": -1.5149921918066298, "7": 1.5658464361976634}, "datetime": {"datetime": "2021-06-29 22:18:57", "elapsed": 7517.545992, "delta": 25.755392}}
{"target": 0.01561744207240561, "params": {"0": -0.6514900968049915, "1": 1.39115434838536, "2": -2.264635510580492, "3": -0.3498483603406668, "4": -1.7977978944808481, "5": 0.7784064451978163, "6": -1.3054582861870323, "7": 2.650048325475259}, "datetime": {"datetime": "2021-06-29 22:19:18", "elapsed": 7539.240489, "delta": 21.694497}}
{"target": 0.007066015416035801, "params": {"0": 0.42178580458086046, "1": 2.2318792814161217, "2": -2.001326500013497, "3": -2.9397886401410944, "4": 1.185708088616833, "5": -0.3903320812922404, "6": 1.0487111512073142, "7": -2.216148717710136}, "datetime": {"datetime": "2021-06-29 22:19:38", "elapsed": 7559.157029, "delta": 19.91654}}
{"target": 0.002925871221370129, "params": {"0": -2.0779318012595853, "1": -0.2837051567721449, "2": 0.33946795064646196, "3": 2.8134726407280866, "4": -0.11858493462619535, "5": 2.1277224229285387, "6": 1.7098414091848184, "7": -2.5127900772574874}, "datetime": {"datetime": "2021-06-29 22:20:30", "elapsed": 7610.359482, "delta": 51.202453}}
{"target": 0.0030180903488846466, "params": {"0": -0.5252316816168765, "1": -2.5017957190796034, "2": 1.3990191708468842, "3": 1.8659166418793731, "4": 0.9371313511494508, "5": 2.0213460475272687, "6": 0.5518543861633871, "7": 0.6331654928770858}, "datetime": {"datetime": "2021-06-29 22:20:49", "elapsed": 7629.73994, "delta": 19.380458}}
{"target": 0.006194625487105571, "params": {"0": 0.7124679727032475, "1": 0.7372613795031473, "2": -0.9213584827167951, "3": -1.5450976075609855, "4": -0.08261328705721471, "5": -2.9078181826668836, "6": 2.8490309874639763, "7": 2.02003962668841}, "datetime": {"datetime": "2021-06-29 22:21:09", "elapsed": 7649.826335, "delta": 20.086395}}
{"target": 0.003459849583731695, "params": {"0": -2.6667872996128454, "1": -1.9486056608305342, "2": 1.0544561717467298, "3": 0.09816267774614662, "4": 1.3784569420373831, "5": -2.914068308383854, "6": 1.6802616923480276, "7": 2.950971612043084}, "datetime": {"datetime": "2021-06-29 22:21:24", "elapsed": 7664.987556, "delta": 15.161221}}
{"target": 0.016343421687630987, "params": {"0": -0.2796372566667751, "1": 1.6423759019865347, "2": -1.6311744557676608, "3": -0.46495949777836953, "4": -1.9893202666999596, "5": -1.4797311367479082, "6": -1.5640452231232191, "7": -1.9913319598654486}, "datetime": {"datetime": "2021-06-29 22:21:42", "elapsed": 7683.267469, "delta": 18.279913}}
{"target": 0.003992193415983689, "params": {"0": -2.590130258243007, "1": -0.3463452586269842, "2": 2.1184546973708827, "3": -2.0704961572654756, "4": 0.6436140342113621, "5": -0.0013606592823189878, "6": -0.11501260921853396, "7": 1.2183303198322628}, "datetime": {"datetime": "2021-06-29 22:22:25", "elapsed": 7725.865215, "delta": 42.597746}}
{"target": 0.0037349160157382788, "params": {"0": -1.248493121178338, "1": -0.610795782241822, "2": 2.668895087936078, "3": -2.441307467433604, "4": 2.6711070824844976, "5": 2.124222140287084, "6": -1.9434582121793413, "7": -1.588836570142106}, "datetime": {"datetime": "2021-06-29 22:22:45", "elapsed": 7745.415439, "delta": 19.550224}}
{"target": 0.0037436615652643116, "params": {"0": 0.4169559243797609, "1": 2.4102494522669584, "2": -2.601478473200179, "3": -2.0430574672841155, "4": -2.7629425017826073, "5": -0.28449020066671515, "6": -2.2169725759471484, "7": 2.681996385812175}, "datetime": {"datetime": "2021-06-29 22:22:57", "elapsed": 7757.597751, "delta": 12.182312}}
{"target": 0.00717375988097168, "params": {"0": 0.5958274196204472, "1": -1.383555967428372, "2": 1.599234142528199, "3": 1.9003862731329457, "4": 0.8614594873488559, "5": -1.7558907133066355, "6": 2.297224228126953, "7": 1.0853351283337815}, "datetime": {"datetime": "2021-06-29 22:23:43", "elapsed": 7803.715221, "delta": 46.11747}}
{"target": 0.009949611623571475, "params": {"0": -0.41760825628443765, "1": 2.9068420966710953, "2": 0.17225677033439712, "3": 1.6938916429259985, "4": -2.690567127685649, "5": -1.8670944003394323, "6": 1.8416407143783307, "7": -2.759245254833208}, "datetime": {"datetime": "2021-06-29 22:23:55", "elapsed": 7815.984029, "delta": 12.268808}}
{"target": 0.004814189046405378, "params": {"0": -1.7954975663763009, "1": 1.4003970385351403, "2": -2.1654154342013063, "3": -1.9401988116323579, "4": -2.5553765722885062, "5": -0.8354452211838712, "6": -2.5641537728146777, "7": 0.7304086618723336}, "datetime": {"datetime": "2021-06-29 22:24:12", "elapsed": 7832.961095, "delta": 16.977066}}
{"target": 0.004290160392178065, "params": {"0": -0.6768145425923344, "1": 2.606872302179281, "2": 0.4558100479857803, "3": 2.4275973783697946, "4": 0.6370563966679912, "5": -0.6278614494128343, "6": -2.1801755551464557, "7": 1.5320763333908083}, "datetime": {"datetime": "2021-06-29 22:24:26", "elapsed": 7847.079511, "delta": 14.118416}}
{"target": 0.003880648982418811, "params": {"0": -1.1191963846200372, "1": -2.3798063848568822, "2": -2.2163570918272786, "3": -0.4949349831982168, "4": 1.5772976114000201, "5": 0.5470883780221198, "6": 1.9353521672148002, "7": -2.1965366152388914}, "datetime": {"datetime": "2021-06-29 22:24:46", "elapsed": 7866.468647, "delta": 19.389136}}
{"target": 0.006196194304214992, "params": {"0": -1.282963267709877, "1": 0.6277888785022272, "2": -1.6718424768827602, "3": 2.33239840477641, "4": -0.4688684870806492, "5": 1.367298562420297, "6": 1.4761270285225043, "7": -2.5023752255364635}, "datetime": {"datetime": "2021-06-29 22:25:08", "elapsed": 7888.959242, "delta": 22.490595}}
{"target": 0.005519534360379574, "params": {"0": -0.4491810924391415, "1": -0.5345353885301201, "2": -1.5395818198854379, "3": 1.2102269829105987, "4": -1.454097884267665, "5": 2.234050279382159, "6": -0.1376526740803019, "7": -2.801783724408901}, "datetime": {"datetime": "2021-06-29 22:25:31", "elapsed": 7911.373961, "delta": 22.414719}}
{"target": 0.003099838544734263, "params": {"0": 0.7465803979593018, "1": 2.534155575640945, "2": 1.8807997131066507, "3": -1.393790014858488, "4": 2.520746205274788, "5": -0.2800779019642414, "6": -0.8589131933975844, "7": 0.7188527428389238}, "datetime": {"datetime": "2021-06-29 22:26:10", "elapsed": 7950.656264, "delta": 39.282303}}
{"target": 0.0029167780541455913, "params": {"0": -2.7223896592238273, "1": -2.168671298839702, "2": -1.8272815661592454, "3": 0.5209403019030869, "4": 2.9891174468685238, "5": 2.4195401497543756, "6": 2.4828675831435625, "7": -1.49567054282161}, "datetime": {"datetime": "2021-06-29 22:26:31", "elapsed": 7972.029565, "delta": 21.373301}}
{"target": 0.00431471634004625, "params": {"0": 0.409629572107455, "1": -1.1101873079072462, "2": 0.03653023244896625, "3": 0.21536796156770333, "4": 2.3246297654008536, "5": -1.753746919593254, "6": -0.6213292619948643, "7": -2.2271912226503194}, "datetime": {"datetime": "2021-06-29 22:26:44", "elapsed": 7985.070665, "delta": 13.0411}}
{"target": 0.003198947464957179, "params": {"0": -0.1446334541924701, "1": 2.9145071333055075, "2": -1.5824286793351403, "3": -1.5925587757709574, "4": -1.3027924905619923, "5": 2.4179284028779504, "6": 0.10337103049034635, "7": -2.613221108229941}, "datetime": {"datetime": "2021-06-29 22:27:03", "elapsed": 8003.681135, "delta": 18.61047}}
{"target": 0.004451266727115317, "params": {"0": 1.7048636625011069, "1": 2.549070916384898, "2": -0.8706614685396783, "3": 1.3646602025188352, "4": -0.8796597087016842, "5": 2.1552753221124634, "6": 0.18993543647947186, "7": 1.6919091655172238}, "datetime": {"datetime": "2021-06-29 22:27:17", "elapsed": 8017.453172, "delta": 13.772037}}
{"target": 0.0029959453703067617, "params": {"0": 1.7973391711653877, "1": 0.4631790252195578, "2": 2.081914259878518, "3": 1.0617164497339058, "4": 0.6993209646989644, "5": 0.7078916614095512, "6": 2.9958473154132106, "7": 0.662475422638583}, "datetime": {"datetime": "2021-06-29 22:27:31", "elapsed": 8032.170543, "delta": 14.717371}}
{"target": 0.00425919151299966, "params": {"0": -2.398770333503118, "1": 1.7548692194601738, "2": 2.580232322515524, "3": -2.11563628528045, "4": -2.009402811397131, "5": -0.9346655879357195, "6": 2.967845704863432, "7": -0.6624349568189798}, "datetime": {"datetime": "2021-06-29 22:27:46", "elapsed": 8046.540231, "delta": 14.369688}}
{"target": 0.003290094433026836, "params": {"0": 1.0562948320581445, "1": -1.527646709559364, "2": 0.7415259722148759, "3": -2.771388023358358, "4": -0.31817194451466335, "5": 1.5275398549163022, "6": 0.5294972999603385, "7": -2.1053592840421893}, "datetime": {"datetime": "2021-06-29 22:28:06", "elapsed": 8066.587501, "delta": 20.04727}}
{"target": 0.012692584143776043, "params": {"0": 0.45196940607125224, "1": 1.4675306828409802, "2": 1.267545956920939, "3": 0.6969691557248545, "4": 1.854234740471699, "5": -0.731022892350107, "6": -2.571602786031435, "7": 1.8479944431905038}, "datetime": {"datetime": "2021-06-29 22:28:19", "elapsed": 8079.313131, "delta": 12.72563}}
{"target": 0.006248132351501696, "params": {"0": 2.0164559407439047, "1": -0.05104671061519639, "2": -0.6709907870115943, "3": 0.6321085161168805, "4": -0.19147566451257347, "5": -2.8621700688197875, "6": 1.824755478824411, "7": 1.7873031108712087}, "datetime": {"datetime": "2021-06-29 22:28:33", "elapsed": 8093.824531, "delta": 14.5114}}
{"target": 0.004641574397084906, "params": {"0": -0.7196573986359525, "1": -0.7307596565726948, "2": 2.167386904897537, "3": 1.4759387901289882, "4": -2.7144359533607343, "5": 0.7796042557018872, "6": 2.682076699589439, "7": -1.3428134734981225}, "datetime": {"datetime": "2021-06-29 22:28:50", "elapsed": 8110.631197, "delta": 16.806666}}
{"target": 0.005524892456767325, "params": {"0": -1.7858832096885067, "1": -1.8007705348513119, "2": 2.05619066275142, "3": 0.9204759946846339, "4": -2.4363433269556767, "5": 1.547327736317583, "6": 2.0157816617145734, "7": 0.5669723349384883}, "datetime": {"datetime": "2021-06-29 22:29:04", "elapsed": 8125.195383, "delta": 14.564186}}
{"target": 0.0038916056885452293, "params": {"0": -2.331334811181397, "1": 0.5287857189973892, "2": 0.20125074543623755, "3": -0.7746365307781811, "4": -0.32298339156901923, "5": -0.6324611662178836, "6": -1.9373193415237744, "7": -1.36227720783738}, "datetime": {"datetime": "2021-06-29 22:29:24", "elapsed": 8144.642523, "delta": 19.44714}}
{"target": 0.0031892958668028755, "params": {"0": 1.9875008288185505, "1": 1.7387772386772973, "2": 1.0955043420150465, "3": -0.4193589574796954, "4": -2.0019554231295853, "5": 2.435216208414097, "6": -2.433316384307322, "7": 2.7579960191320243}, "datetime": {"datetime": "2021-06-29 22:29:40", "elapsed": 8160.705385, "delta": 16.062862}}
{"target": 0.005502747371784009, "params": {"0": -2.0680213638680263, "1": -1.9249450464289362, "2": -0.12404037949083957, "3": 0.9472615272582132, "4": -2.237038656003082, "5": 2.896059423225439, "6": -1.7098116954420797, "7": 1.680240656487591}, "datetime": {"datetime": "2021-06-29 22:29:54", "elapsed": 8174.889476, "delta": 14.184091}}
{"target": 0.0049729210836281365, "params": {"0": -0.08388543723469599, "1": -1.0971767419248366, "2": 2.775361687662482, "3": 0.30208322699577916, "4": -0.15298491300726402, "5": 2.6169642311048857, "6": -0.41691707814364776, "7": 1.3222221064137827}, "datetime": {"datetime": "2021-06-29 22:30:15", "elapsed": 8195.327056, "delta": 20.43758}}
{"target": 0.0030034964923096167, "params": {"0": 1.0874978258182146, "1": 0.9464128616805292, "2": -0.27471668931806636, "3": 0.5986199242364139, "4": 2.341868672496598, "5": -2.9800708824605846, "6": -0.8556311925727629, "7": 2.9053856061202445}, "datetime": {"datetime": "2021-06-29 22:30:58", "elapsed": 8238.765501, "delta": 43.438445}}
{"target": 0.004135651129856125, "params": {"0": 2.351219976303417, "1": -1.2307169159333498, "2": -2.5012940036702376, "3": 1.2217828765012024, "4": 0.022252487830642487, "5": -2.886526721468471, "6": -2.150602315472356, "7": 1.4512042668634901}, "datetime": {"datetime": "2021-06-29 22:31:14", "elapsed": 8254.337326, "delta": 15.571825}}
{"target": 0.007546110834628768, "params": {"0": 2.834282250559424, "1": 0.9757171301367986, "2": -0.17111891083287079, "3": -1.3883272578996444, "4": 0.6136090449850018, "5": -2.470481567379913, "6": 0.5143534161297509, "7": 2.8715306664419575}, "datetime": {"datetime": "2021-06-29 22:31:30", "elapsed": 8270.565655, "delta": 16.228329}}
{"target": 0.0408362116510306, "params": {"0": 1.1521829075328238, "1": -1.4506257418501602, "2": 0.6167741601970222, "3": 0.0026281975505764166, "4": -0.7695008743650509, "5": -1.5983127557632715, "6": 0.26448832869189554, "7": -2.6928356438451733}, "datetime": {"datetime": "2021-06-29 22:31:47", "elapsed": 8287.739105, "delta": 17.17345}}
{"target": 0.008866235423599742, "params": {"0": -2.2365333505965665, "1": -2.3748929763065174, "2": 0.7375713284135905, "3": -0.6913635515352219, "4": -2.515811608444552, "5": -1.8200339400165026, "6": 0.005862057869943982, "7": 1.42485316199953}, "datetime": {"datetime": "2021-06-29 22:32:05", "elapsed": 8306.287331, "delta": 18.548226}}
{"target": 0.004393132001737043, "params": {"0": 2.690755585688951, "1": -1.5813378390779067, "2": -2.0185054340513986, "3": -1.302773836784838, "4": -2.1777641058199797, "5": -1.0241649786450324, "6": 2.3205230966529466, "7": 0.04980064896055714}, "datetime": {"datetime": "2021-06-29 22:32:20", "elapsed": 8321.113988, "delta": 14.826657}}
{"target": 0.0040386195955718265, "params": {"0": -1.7221515188085834, "1": -1.7180285357737293, "2": -2.413891643525777, "3": -1.1592942974075846, "4": -1.2446730023054435, "5": 1.0740615864473781, "6": 1.0886201690762354, "7": -0.8936747307928461}, "datetime": {"datetime": "2021-06-29 22:32:41", "elapsed": 8341.885504, "delta": 20.771516}}
{"target": 0.003652965880395895, "params": {"0": -0.15181034502621404, "1": -2.8024327184546918, "2": -2.5519816125886026, "3": -1.381444766349671, "4": 0.25621115858953614, "5": -1.8264823358006415, "6": -1.8358067537355411, "7": 0.954645241235009}, "datetime": {"datetime": "2021-06-29 22:32:54", "elapsed": 8354.673224, "delta": 12.78772}}
