{"target": 0.005461409497995859, "params": {"0": 0.3065222325889909, "1": -0.8808878485227778, "2": -1.6138155561901641, "3": 2.925283686133538, "4": -0.13652047859953687, "5": -2.6228711613167595, "6": 2.9728465532723742, "7": 0.664985882702537}, "datetime": {"datetime": "2021-06-30 01:52:20", "elapsed": 20320.882741, "delta": 44.305522}}
{"target": 0.005005613800900703, "params": {"0": -1.3001773908867125, "1": 1.7758154450897763, "2": -2.2068633731717338, "3": -1.352605766552074, "4": 2.140561006682331, "5": 1.7439122874540045, "6": 2.4154197834107585, "7": 0.8254635446958489}, "datetime": {"datetime": "2021-06-30 01:53:15", "elapsed": 20376.209874, "delta": 55.327133}}
{"target": 0.0034616105095306524, "params": {"0": 1.4346420382286595, "1": -0.211176173677031, "2": 1.6043908698693627, "3": -0.33555660831009426, "4": 1.541293754413041, "5": -0.7652462038529486, "6": -1.9024573996017433, "7": 2.753485501881804}, "datetime": {"datetime": "2021-06-30 01:53:59", "elapsed": 20420.079906, "delta": 43.870032}}
{"target": 0.0046697756344369, "params": {"0": 2.9476070371352856, "1": -1.1563604224004576, "2": -0.7675237087088309, "3": -2.790631678543302, "4": 2.0696742159137385, "5": -2.4052244567557146, "6": -2.32308752979308, "7": -0.03946176253159628}, "datetime": {"datetime": "2021-06-30 01:54:37", "elapsed": 20457.840324, "delta": 37.760418}}
{"target": 0.0039018981131674446, "params": {"0": 2.018941714727335, "1": 1.658940253960493, "2": -0.8172252383726253, "3": -2.148247752456487, "4": -0.9903305327097081, "5": -0.6594449502562316, "6": 1.063726372175096, "7": -0.3204908825189632}, "datetime": {"datetime": "2021-06-30 01:56:10", "elapsed": 20550.552735, "delta": 92.712411}}
{"target": 0.0029624794437807258, "params": {"0": -2.3653862505030903, "1": -1.7613054389422271, "2": -2.0696288768820854, "3": -2.4773292693940716, "4": -0.07294338468027117, "5": 1.0886828902423247, "6": 2.251674243124965, "7": 2.0253639441380322}, "datetime": {"datetime": "2021-06-30 01:56:39", "elapsed": 20579.957122, "delta": 29.404387}}
{"target": 0.00518720706782628, "params": {"0": -0.5426466376197228, "1": 0.7723208085030095, "2": 0.6199880954179102, "3": 0.43413514927158925, "4": -1.371625933559646, "5": -1.5618982482727726, "6": -1.3642021080013378, "7": 0.5961064230930733}, "datetime": {"datetime": "2021-06-30 01:57:24", "elapsed": 20624.525248, "delta": 44.568126}}
{"target": 0.0033317811695043557, "params": {"0": 1.60704431951444, "1": 1.7121951327254141, "2": -2.279044131373867, "3": -0.47142806708952545, "4": 0.7852976510605778, "5": 0.35881044470761125, "6": 0.10639070454104038, "7": -1.533637154520745}, "datetime": {"datetime": "2021-06-30 01:57:58", "elapsed": 20658.517187, "delta": 33.991939}}
{"target": 0.0035501338063693437, "params": {"0": -2.6546334998775443, "1": -2.1960618168058454, "2": -2.512319636531302, "3": 2.7838648783132935, "4": -0.35859713072659183, "5": -2.3919926932404953, "6": -2.322834792447676, "7": -2.1514863531437127}, "datetime": {"datetime": "2021-06-30 01:58:46", "elapsed": 20706.513352, "delta": 47.996165}}
{"target": 0.004899978792983267, "params": {"0": 2.5671987709823982, "1": 1.1307759168331026, "2": -0.27939455651921774, "3": -2.253330439430842, "4": 1.2371117277933008, "5": -2.7118634581727, "6": 1.5464479001058233, "7": -0.22206038489151725}, "datetime": {"datetime": "2021-06-30 01:59:47", "elapsed": 20767.935028, "delta": 61.421676}}
{"target": 0.003358210458595879, "params": {"0": 0.6746797471506119, "1": -1.8603147729399523, "2": -0.2313409260672583, "3": -2.055924133545307, "4": -0.014525474193744614, "5": -2.7646750363031223, "6": 1.7302286137395742, "7": 0.41492839345007004}, "datetime": {"datetime": "2021-06-30 02:00:55", "elapsed": 20836.30075, "delta": 68.365722}}
{"target": 0.010446231181584836, "params": {"0": -0.6521838271091775, "1": 0.5632085345676399, "2": -2.1102997851556524, "3": -1.0372500835744893, "4": -0.19333552244545915, "5": 0.2203874667012986, "6": 2.0127005797134316, "7": -1.2535260757406939}, "datetime": {"datetime": "2021-06-30 02:01:41", "elapsed": 20882.336343, "delta": 46.035593}}
{"target": 0.0031418326178270415, "params": {"0": 1.550127413992385, "1": -1.3746921172459257, "2": 1.0614360726359724, "3": 2.783994862766697, "4": -0.6579212969365571, "5": 1.5272220049725904, "6": -0.1439786410658943, "7": 2.854627609253664}, "datetime": {"datetime": "2021-06-30 02:02:24", "elapsed": 20924.680218, "delta": 42.343875}}
{"target": 0.016054497549930807, "params": {"0": -1.2223119041163453, "1": 2.9161628666829653, "2": -2.8582942052924167, "3": 2.272415140726711, "4": 0.6806824685416624, "5": -2.734688407588891, "6": -0.8540781425783477, "7": -2.1488020907097702}, "datetime": {"datetime": "2021-06-30 02:03:07", "elapsed": 20967.814763, "delta": 43.134545}}
{"target": 0.0030656020221393734, "params": {"0": 1.3314985619596884, "1": -0.9791101862406881, "2": -2.824235331622857, "3": 0.9994342143660409, "4": -1.6615456368954948, "5": 0.9223519336173274, "6": 1.6812986443966, "7": -1.5809828450515406}, "datetime": {"datetime": "2021-06-30 02:04:01", "elapsed": 21022.3839, "delta": 54.569137}}
{"target": 0.004924426006319308, "params": {"0": 0.0035490034418113048, "1": -2.14159935824057, "2": -2.537929332420147, "3": -1.5208237742407338, "4": -0.017688891583887756, "5": 2.707848528138154, "6": -2.9757756659534707, "7": 0.8043731325290353}, "datetime": {"datetime": "2021-06-30 02:04:49", "elapsed": 21070.314316, "delta": 47.930416}}
{"target": 0.006879715743952449, "params": {"0": 2.01177461815033, "1": 0.12752545021978, "2": -1.075010900506469, "3": -2.2739230602431224, "4": 0.6517022327167097, "5": -1.662591254252308, "6": 1.0231056222671677, "7": 0.09669276233617019}, "datetime": {"datetime": "2021-06-30 02:06:05", "elapsed": 21145.510503, "delta": 75.196187}}
{"target": 0.002993446150651171, "params": {"0": -1.1792805718101511, "1": 2.1819910608389774, "2": 2.703972273973534, "3": 0.8834936785767269, "4": 2.9666137586136943, "5": -1.8037833593238775, "6": -0.8351263748436306, "7": -0.8299775187243554}, "datetime": {"datetime": "2021-06-30 02:06:46", "elapsed": 21187.080333, "delta": 41.56983}}
{"target": 0.003136942333313411, "params": {"0": -0.6331967532819478, "1": -0.5222593978278334, "2": 0.8780199358180232, "3": -2.645130570954975, "4": 2.826156923644585, "5": -1.259107853356092, "6": 1.6296191279394474, "7": -1.5150468533735246}, "datetime": {"datetime": "2021-06-30 02:07:19", "elapsed": 21220.123726, "delta": 33.043393}}
{"target": 0.015233857304616058, "params": {"0": 1.3787671340069796, "1": -2.7024618482616436, "2": 0.5610670277339573, "3": -1.3465515869043658, "4": 2.4301768976991394, "5": -2.498734867408327, "6": 1.8304664511236801, "7": -0.16992669135012273}, "datetime": {"datetime": "2021-06-30 02:08:29", "elapsed": 21289.505199, "delta": 69.381473}}
{"target": 0.0031375822143141496, "params": {"0": 1.2843159562192907, "1": 0.7653468956562199, "2": -0.451420611404024, "3": -2.549227221399425, "4": 1.243570974869451, "5": -1.9992261118979189, "6": 2.4005276213314577, "7": 0.18313448445701708}, "datetime": {"datetime": "2021-06-30 02:09:58", "elapsed": 21379.449337, "delta": 89.944138}}
{"target": 0.010061712241090027, "params": {"0": 1.4250996487184135, "1": -0.1936274724575524, "2": 0.5537820836853138, "3": -0.9189210973890045, "4": 2.166256314034115, "5": 0.23454301789080967, "6": 2.6091460150491583, "7": -0.861246860888607}, "datetime": {"datetime": "2021-06-30 02:11:19", "elapsed": 21460.077434, "delta": 80.628097}}
{"target": 0.0031876626407303663, "params": {"0": -0.8668335198939836, "1": 1.618550878925622, "2": 2.628378986718946, "3": -2.8601630345806925, "4": -1.7446449328827016, "5": -1.4887409278583803, "6": -1.9989954544180315, "7": 1.6697042668532935}, "datetime": {"datetime": "2021-06-30 02:11:43", "elapsed": 21484.301823, "delta": 24.224389}}
{"target": 0.01578863061855596, "params": {"0": 0.958095701556057, "1": -2.6023960426719412, "2": 0.9210222942567681, "3": -2.440961329630448, "4": 2.529751258299667, "5": -2.2422797454289753, "6": -0.6688826154005363, "7": 2.1054551414220306}, "datetime": {"datetime": "2021-06-30 02:12:38", "elapsed": 21538.50412, "delta": 54.202297}}
{"target": 0.0035588767075465265, "params": {"0": -1.7889224812842364, "1": 2.2688146808964005, "2": -2.1000541541672746, "3": 0.9310353493490338, "4": 0.1942862036281099, "5": -1.21268865338585, "6": -1.8249660615015106, "7": 2.384501750769779}, "datetime": {"datetime": "2021-06-30 02:13:25", "elapsed": 21585.625112, "delta": 47.120992}}
{"target": 0.014511305764772582, "params": {"0": 1.2734797471164994, "1": -1.2557461268019396, "2": 1.149255716323034, "3": -0.792095981431248, "4": 2.5520526216634734, "5": -0.6904467842040125, "6": -1.9487078024288855, "7": 2.348760985466308}, "datetime": {"datetime": "2021-06-30 02:14:28", "elapsed": 21649.179438, "delta": 63.554326}}
{"target": 0.0032690927811557884, "params": {"0": 2.6937893826466093, "1": -1.6050839797297507, "2": 0.7701402561266413, "3": -1.9928153763267942, "4": 2.9079683407727908, "5": -2.1386674782346162, "6": 0.949763114784866, "7": 0.28798912568640045}, "datetime": {"datetime": "2021-06-30 02:15:06", "elapsed": 21686.942567, "delta": 37.763129}}
{"target": 0.1432097215024438, "params": {"0": -2.151633807671619, "1": -1.282326684554199, "2": -1.9201663780810168, "3": -2.0740473919730276, "4": -1.7950410194110986, "5": -2.6116439826453215, "6": -0.17213162639085056, "7": 2.8097917926037574}, "datetime": {"datetime": "2021-06-30 02:15:49", "elapsed": 21729.586781, "delta": 42.644214}}
{"target": 0.0054048154369924165, "params": {"0": 1.8536929934099966, "1": -0.1459518685062502, "2": -1.065638822050431, "3": -1.3962566345203355, "4": 1.0862071397993542, "5": -2.117759498313394, "6": 2.2615850856248727, "7": -1.1164792204306417}, "datetime": {"datetime": "2021-06-30 02:16:26", "elapsed": 21767.439103, "delta": 37.852322}}
{"target": 0.007144783124697, "params": {"0": 2.7873111769161376, "1": -1.2348616732494393, "2": 2.0565209067550168, "3": 1.340243577969824, "4": -1.7615315491067536, "5": -1.238780688545959, "6": -2.576787148728049, "7": 0.39877219276127285}, "datetime": {"datetime": "2021-06-30 02:17:12", "elapsed": 21812.658077, "delta": 45.218974}}
{"target": 0.0034459594331169704, "params": {"0": -2.6779479971226374, "1": 2.364055927811272, "2": 0.237200693296443, "3": 1.347049970711378, "4": -2.5902601719359293, "5": -2.0176930510453417, "6": 2.6080253287368595, "7": 2.515911229865864}, "datetime": {"datetime": "2021-06-30 02:17:59", "elapsed": 21859.954872, "delta": 47.296795}}
{"target": 0.010743280293072244, "params": {"0": 0.849771641202862, "1": 1.462108175650779, "2": 2.3393466526886773, "3": -2.018558640177142, "4": -2.3942838216627544, "5": -2.283070856433584, "6": 1.6346380719494382, "7": 2.614899280558877}, "datetime": {"datetime": "2021-06-30 02:18:47", "elapsed": 21908.228082, "delta": 48.27321}}
{"target": 0.0029549570291610887, "params": {"0": 1.0202098478323416, "1": 1.9727137277527707, "2": -0.6097303675522738, "3": 0.7762581534632007, "4": -1.744844875617046, "5": 2.045127757860146, "6": 0.024354132194280176, "7": -2.337742292076766}, "datetime": {"datetime": "2021-06-30 02:19:18", "elapsed": 21939.404445, "delta": 31.176363}}
{"target": 0.007022640645332773, "params": {"0": -0.6725645959859681, "1": -2.392794603837876, "2": 2.983499982779364, "3": 2.22885500032708, "4": -2.170502477953156, "5": -2.8903546731418164, "6": 1.5866933582391995, "7": -0.42319700682427674}, "datetime": {"datetime": "2021-06-30 02:19:57", "elapsed": 21978.21048, "delta": 38.806035}}
{"target": 0.014228015903398764, "params": {"0": 1.5773801828532008, "1": -0.09759842329513191, "2": -0.19803847673808228, "3": -1.8968715819949051, "4": 1.7118716777267515, "5": -2.916450045190088, "6": 0.4226489014981629, "7": 0.24987425259423013}, "datetime": {"datetime": "2021-06-30 02:20:37", "elapsed": 22017.643432, "delta": 39.432952}}
{"target": 0.004439824150755235, "params": {"0": -0.02064052354959589, "1": 1.2205931427412562, "2": -2.684391759366285, "3": 0.0012430879314027088, "4": 0.8828206426958407, "5": -2.0996113946836354, "6": 1.004794682643702, "7": -1.5964096085933897}, "datetime": {"datetime": "2021-06-30 02:21:20", "elapsed": 22061.387897, "delta": 43.744465}}
{"target": 0.015537095511803158, "params": {"0": 0.3257421398647331, "1": -0.14346348750235105, "2": 2.5398405807581135, "3": -2.4845327091648395, "4": 2.609703002970555, "5": -2.9603548511978346, "6": 0.6867443317494066, "7": -1.6871898538518537}, "datetime": {"datetime": "2021-06-30 02:22:03", "elapsed": 22104.005135, "delta": 42.617238}}
{"target": 0.0029928670723987816, "params": {"0": 1.9913343082093933, "1": 2.310361799207673, "2": 1.7894239881761376, "3": -2.3375427128053157, "4": 1.5562961227217968, "5": -1.212490482083718, "6": -0.03334013137328551, "7": 0.9716722480583782}, "datetime": {"datetime": "2021-06-30 02:22:36", "elapsed": 22136.693827, "delta": 32.688692}}
{"target": 0.0030714069201647747, "params": {"0": 0.47768222882259614, "1": 1.8419589831116197, "2": 1.6979570976449594, "3": -2.4519048067799156, "4": 0.08324149197765385, "5": 0.5413565514382426, "6": -0.38290255365814296, "7": -2.0884049928154322}, "datetime": {"datetime": "2021-06-30 02:23:38", "elapsed": 22198.631457, "delta": 61.93763}}
{"target": 0.002907449365554627, "params": {"0": -1.4157701045548579, "1": -0.09399011896651466, "2": 0.8607083671712639, "3": 1.6444839842365244, "4": -1.2424414750374015, "5": 1.280605196434232, "6": -0.4713112569683906, "7": -1.5399966638564715}, "datetime": {"datetime": "2021-06-30 02:24:19", "elapsed": 22239.951249, "delta": 41.319792}}
{"target": 0.0031668353959770287, "params": {"0": 2.415814728829508, "1": -0.893546538352282, "2": -0.8237184863477292, "3": -0.9984555281580505, "4": 1.7143595017800708, "5": 0.5802961092495638, "6": 1.8756320404638505, "7": -0.8377795786071935}, "datetime": {"datetime": "2021-06-30 02:24:56", "elapsed": 22276.87977, "delta": 36.928521}}
{"target": 0.0031426111224282316, "params": {"0": 1.6647615348099976, "1": 2.2598083736252157, "2": -1.433182447576965, "3": 0.6095231405472172, "4": -1.8284828016561148, "5": 1.3172474143467312, "6": -2.5274567203785647, "7": -1.5781192515260873}, "datetime": {"datetime": "2021-06-30 02:25:39", "elapsed": 22320.1062, "delta": 43.22643}}
{"target": 0.00392583696679781, "params": {"0": 2.2067268295616653, "1": -2.9058501033486857, "2": 1.3050061435847002, "3": -2.123355371917633, "4": 0.5412985148427185, "5": -1.3254369649327373, "6": 1.2984824585045285, "7": -2.3504350488761094}, "datetime": {"datetime": "2021-06-30 02:26:26", "elapsed": 22366.746508, "delta": 46.640308}}
{"target": 0.005060627530037872, "params": {"0": 0.35185123137171104, "1": -2.0410614008454937, "2": 2.4142245994781995, "3": 1.3311410383293758, "4": -2.6800122611311927, "5": 2.5989374697239844, "6": 0.3341445119580255, "7": -1.413182445684635}, "datetime": {"datetime": "2021-06-30 02:27:20", "elapsed": 22420.984109, "delta": 54.237601}}
{"target": 0.002957596443216161, "params": {"0": -0.012931722844007787, "1": 1.2087908669874636, "2": -2.3784439717796735, "3": 2.620004435993925, "4": 0.6528989210777976, "5": 2.830230435054501, "6": 2.371170072358817, "7": -1.4124728882944817}, "datetime": {"datetime": "2021-06-30 02:27:58", "elapsed": 22459.110229, "delta": 38.12612}}
{"target": 0.005581191678686005, "params": {"0": 2.0277955108143004, "1": -1.7602521977261987, "2": 0.7325029904977653, "3": -2.2766884203860185, "4": 0.9403434241355093, "5": -0.9501888394399396, "6": 1.8478611165326022, "7": -1.4032967726335366}, "datetime": {"datetime": "2021-06-30 02:28:46", "elapsed": 22506.58364, "delta": 47.473411}}
{"target": 0.0040831312949337045, "params": {"0": 0.4214841559617817, "1": 0.9767879015069347, "2": -0.4093055378049115, "3": -2.266037267309686, "4": -1.6133175513045426, "5": -0.4033086376951234, "6": 1.9956365935270126, "7": -0.9269911843941192}, "datetime": {"datetime": "2021-06-30 02:29:31", "elapsed": 22552.362095, "delta": 45.778455}}
{"target": 0.002949123035277854, "params": {"0": -2.6219600279729782, "1": -2.999751161461128, "2": -2.6535681862669653, "3": 2.239399883983104, "4": 1.900332941984761, "5": 2.831967644565661, "6": 0.6139230739666304, "7": -1.721485316783056}, "datetime": {"datetime": "2021-06-30 02:30:11", "elapsed": 22591.643278, "delta": 39.281183}}
{"target": 0.00692171787428359, "params": {"0": -1.84244218142402, "1": 0.5056235101221684, "2": -0.9750441870678013, "3": 0.6532349192008322, "4": -1.1392234675877155, "5": 2.7396329006026336, "6": 1.345182779461072, "7": -1.3130034240344086}, "datetime": {"datetime": "2021-06-30 02:30:50", "elapsed": 22631.109324, "delta": 39.466046}}
{"target": 0.00547643352626354, "params": {"0": -0.37393092192474775, "1": -2.4150182890514262, "2": 2.2559775764771928, "3": -1.7127134421345707, "4": 0.28478933822718755, "5": 1.2780983354327322, "6": -2.649596402537041, "7": 2.299422846680077}, "datetime": {"datetime": "2021-06-30 02:32:00", "elapsed": 22700.920993, "delta": 69.811669}}
{"target": 0.0033332306568668395, "params": {"0": -2.0148388527335115, "1": -1.9866151643295957, "2": -1.1564369436272686, "3": 0.4466498785613462, "4": -1.2838611548047167, "5": -1.114006520335181, "6": -1.4474576298563209, "7": 1.9815964351937811}, "datetime": {"datetime": "2021-06-30 02:32:31", "elapsed": 22731.913662, "delta": 30.992669}}
{"target": 0.0035497961696444105, "params": {"0": 1.9010402846405299, "1": 2.213476383092786, "2": 1.7377646254794792, "3": 0.059385049588915884, "4": -1.3381249132655078, "5": 2.7468637571129095, "6": 1.8056505663533162, "7": 1.5964445586892824}, "datetime": {"datetime": "2021-06-30 02:33:15", "elapsed": 22775.846799, "delta": 43.933137}}
{"target": 0.0035571225301784474, "params": {"0": -1.039142397228538, "1": 0.32275338068603343, "2": 1.237514339826613, "3": -0.8286054075525993, "4": -2.8002364947214993, "5": -0.7734683812581427, "6": -1.6987452684367699, "7": 1.3338319145226993}, "datetime": {"datetime": "2021-06-30 02:33:50", "elapsed": 22810.58281, "delta": 34.736011}}
{"target": 0.0030160951464284764, "params": {"0": -2.3478580224535617, "1": 0.7806266657631369, "2": 1.6404479327066053, "3": 2.716343470013311, "4": 2.2298184463735513, "5": 1.9656178096896175, "6": 2.3092162216356664, "7": -1.4434656802964638}, "datetime": {"datetime": "2021-06-30 02:34:17", "elapsed": 22837.952906, "delta": 27.370096}}
{"target": 0.0034683088654624346, "params": {"0": -1.2861746990666885, "1": -1.0932943189864026, "2": -2.4252079467288157, "3": 0.7195076671263863, "4": 2.314806988206355, "5": -2.5070721055629557, "6": 0.7616835494076888, "7": 2.316493878967785}, "datetime": {"datetime": "2021-06-30 02:34:40", "elapsed": 22861.08905, "delta": 23.136144}}
{"target": 0.003053492127535265, "params": {"0": -0.02869646216219035, "1": -1.5843949463587272, "2": -1.2974844939975043, "3": 1.1618158943193526, "4": 1.8312306625458277, "5": 2.13950364016912, "6": -2.4565003265857532, "7": -0.9351564586289847}, "datetime": {"datetime": "2021-06-30 02:35:11", "elapsed": 22892.312544, "delta": 31.223494}}
{"target": 0.003469764101436953, "params": {"0": 2.2073921241062457, "1": 2.1946952180369665, "2": 0.1790606274107791, "3": -1.062310508095482, "4": -1.3304072221164243, "5": -0.35650631223627505, "6": 2.2052657173963395, "7": 0.15920095331972384}, "datetime": {"datetime": "2021-06-30 02:36:03", "elapsed": 22943.557584, "delta": 51.24504}}
{"target": 0.005411637105895783, "params": {"0": -0.340923017351507, "1": 0.664626105283264, "2": 1.9692647394704057, "3": -0.26561583045543635, "4": 1.1302925871334732, "5": 0.4711680771680262, "6": 2.445342298083718, "7": 1.3439429944388843}, "datetime": {"datetime": "2021-06-30 02:36:31", "elapsed": 22971.812397, "delta": 28.254813}}
{"target": 0.03793843549592932, "params": {"0": 2.2783965555912973, "1": -1.320297331988049, "2": -0.7431531328061429, "3": -0.9852079788686865, "4": 0.8624337238904873, "5": -2.429573854425351, "6": 1.0172322101553402, "7": -0.25662174787257364}, "datetime": {"datetime": "2021-06-30 02:37:22", "elapsed": 23022.9499, "delta": 51.137503}}
{"target": 0.002927312235321546, "params": {"0": -2.9329291939755024, "1": -0.3180021299540581, "2": -1.4924202976022511, "3": -0.12417738850591498, "4": -1.984696737581394, "5": 1.798643448500684, "6": -1.3834364010089826, "7": -1.2029826129760222}, "datetime": {"datetime": "2021-06-30 02:38:00", "elapsed": 23061.368135, "delta": 38.418235}}
{"target": 0.003338689420389647, "params": {"0": 0.4660105885685555, "1": -1.6263856505386522, "2": 0.07241810065322785, "3": -2.3957707315670245, "4": -2.1784789744673843, "5": -2.885152824200696, "6": -1.7082929907785138, "7": -1.29175246409243}, "datetime": {"datetime": "2021-06-30 02:38:36", "elapsed": 23097.239756, "delta": 35.871621}}
{"target": 0.03633937889987747, "params": {"0": 1.293092407860133, "1": -0.4295020376654586, "2": -1.1073668519987414, "3": -2.1172673820730306, "4": 0.6016566686489351, "5": -2.5047711859374644, "6": 1.291935464646869, "7": -0.39952665664717024}, "datetime": {"datetime": "2021-06-30 02:39:10", "elapsed": 23130.704014, "delta": 33.464258}}
{"target": 0.002923134094345439, "params": {"0": 2.6631743269063133, "1": 2.885974793042884, "2": 2.398010326503446, "3": -2.454345737148655, "4": 2.4880722676494287, "5": -1.1808754845753402, "6": -1.0382165003297381, "7": -1.474717907539921}, "datetime": {"datetime": "2021-06-30 02:39:36", "elapsed": 23157.423008, "delta": 26.718994}}
{"target": 0.006494753054080277, "params": {"0": -0.29251811986979837, "1": -1.3867898359991795, "2": -0.5591027212028874, "3": -2.559230994189571, "4": -0.32565926952357716, "5": -2.176416115204491, "6": 0.8883189756855785, "7": 0.07168897247352879}, "datetime": {"datetime": "2021-06-30 02:40:12", "elapsed": 23193.295588, "delta": 35.87258}}
