{"target": 0.0029600553492481196, "params": {"0": -2.091547255782767, "1": 2.321493978802666, "2": 2.3320920414187434, "3": -2.8460363953241528, "4": 1.123937762160942, "5": 1.5907905271361598, "6": 1.8095658298468162, "7": 1.685357131887569}, "datetime": {"datetime": "2021-06-29 20:35:59", "elapsed": 1251.292854, "delta": 4.671347}}
{"target": 0.003098492892154084, "params": {"0": 2.6358084300709157, "1": 2.3382041428940648, "2": -0.2641479560152602, "3": 0.5097543952446815, "4": -0.8200058649406099, "5": -1.8036663816191, "6": 2.2390739204653958, "7": 1.71696110499916}, "datetime": {"datetime": "2021-06-29 20:36:05", "elapsed": 1257.471631, "delta": 6.178777}}
{"target": 0.004698480867006698, "params": {"0": -2.9827209270592387, "1": -0.6318356469166071, "2": 0.6701626232324234, "3": 2.943597022443428, "4": 0.7116551102602542, "5": -2.4136863765819156, "6": 2.0436750276937143, "7": -1.2032552601004969}, "datetime": {"datetime": "2021-06-29 20:36:12", "elapsed": 1264.290549, "delta": 6.818918}}
{"target": 0.004865494750833177, "params": {"0": 1.10223403992671, "1": 2.317365881717371, "2": 0.4443661845332043, "3": -1.2629685687319558, "4": -0.9806217225589742, "5": -1.2582882150517267, "6": 2.6922098974333677, "7": -2.4772152678236337}, "datetime": {"datetime": "2021-06-29 20:36:15", "elapsed": 1267.438093, "delta": 3.147544}}
{"target": 0.00981467020427155, "params": {"0": 0.35495937753799023, "1": -2.5392652263886735, "2": 0.9827875525878587, "3": -1.1613957477458592, "4": 0.4989282171030065, "5": 1.3221319133943705, "6": -1.60029425729255, "7": 0.14400403064929712}, "datetime": {"datetime": "2021-06-29 20:36:23", "elapsed": 1275.322838, "delta": 7.884745}}
{"target": 0.08568576981116828, "params": {"0": -1.5736117908242682, "1": -0.916162767095638, "2": -1.0804446315712664, "3": -2.885049804828604, "4": 1.355033561803971, "5": 2.4324151691488556, "6": -2.096979537373357, "7": 1.48904783346328}, "datetime": {"datetime": "2021-06-29 20:36:32", "elapsed": 1284.859121, "delta": 9.536283}}
{"target": 0.0031369477970689735, "params": {"0": 0.595220577740021, "1": -2.675002830313867, "2": 0.7485208160450965, "3": -2.8330107154495647, "4": -1.527373553570961, "5": 1.3704737010412975, "6": -2.7079861879243476, "7": 1.8024769868013113}, "datetime": {"datetime": "2021-06-29 20:36:39", "elapsed": 1291.601755, "delta": 6.742634}}
{"target": 0.00797089208082464, "params": {"0": 1.9998856633137123, "1": -1.724880801375086, "2": 1.8567143110942066, "3": 2.3671503825457787, "4": -0.8056425022774549, "5": -1.430420716845548, "6": 1.014500208643355, "7": 2.036972710968568}, "datetime": {"datetime": "2021-06-29 20:36:46", "elapsed": 1299.071391, "delta": 7.469636}}
{"target": 0.4195990358497575, "params": {"0": 1.2287197573962994, "1": 0.45780879714196754, "2": -0.5968188369334682, "3": -0.23237868500770453, "4": -0.47996197724423517, "5": -1.560765118545296, "6": -2.9423970220423197, "7": -0.8246399122713624}, "datetime": {"datetime": "2021-06-29 20:36:51", "elapsed": 1303.605089, "delta": 4.533698}}
{"target": 0.0030424946734435914, "params": {"0": 1.7700344082965707, "1": 2.5181365543160794, "2": 0.45052528181537754, "3": -2.5047581131870205, "4": 0.8937458340517033, "5": 2.558035764118622, "6": 0.7842825897497754, "7": -2.0927567109595593}, "datetime": {"datetime": "2021-06-29 20:36:54", "elapsed": 1306.919047, "delta": 3.313958}}
{"target": 0.003107402483198815, "params": {"0": 2.6760657986290006, "1": 1.7894558899772468, "2": 1.3627354795828026, "3": 1.8866431814751374, "4": -1.5619871043105669, "5": 1.1631791172179433, "6": 2.2555805507603335, "7": -2.2004431360164594}, "datetime": {"datetime": "2021-06-29 20:36:58", "elapsed": 1311.229472, "delta": 4.310425}}
{"target": 0.0033437371602091106, "params": {"0": 1.714181915987682, "1": 0.7669322498717106, "2": 0.15613194060447455, "3": -0.37657949008800706, "4": -0.942177153660055, "5": -1.7260814449991586, "6": -2.1060067162063842, "7": -0.4038644771676285}, "datetime": {"datetime": "2021-06-29 20:37:07", "elapsed": 1319.261605, "delta": 8.032133}}
{"target": 0.012014813891906406, "params": {"0": -2.4348093759738663, "1": 0.9709544427230812, "2": 0.656972522989069, "3": 1.5568712079820246, "4": -2.038647813980581, "5": 2.041315069969853, "6": -2.4210016178475247, "7": -0.012174978446350515}, "datetime": {"datetime": "2021-06-29 20:37:12", "elapsed": 1324.751828, "delta": 5.490223}}
{"target": 0.0036247896329409408, "params": {"0": -0.08305955732296155, "1": -2.685798750877475, "2": 0.9212699419922012, "3": -2.022725818576787, "4": -1.2190836323514551, "5": 1.393821674068322, "6": -2.1981626482965018, "7": 0.2983077474102833}, "datetime": {"datetime": "2021-06-29 20:37:20", "elapsed": 1332.95854, "delta": 8.206712}}
{"target": 0.008005660976750243, "params": {"0": 1.0659351053775028, "1": 0.14416178937229773, "2": 2.1489726943772194, "3": 1.760401847378036, "4": -1.7045127540341403, "5": 2.007814431297395, "6": 1.0111755177779358, "7": 0.38537964962348426}, "datetime": {"datetime": "2021-06-29 20:37:25", "elapsed": 1337.242572, "delta": 4.284032}}
{"target": 0.0031312382291661302, "params": {"0": 1.428938061139112, "1": -1.500635817765808, "2": 2.3818843729721593, "3": 0.7934753542097184, "4": 1.009059004674083, "5": -1.5618726741953475, "6": 1.3734786315602232, "7": -2.624099939760768}, "datetime": {"datetime": "2021-06-29 20:37:30", "elapsed": 1342.632604, "delta": 5.390032}}
{"target": 0.0028784632502011904, "params": {"0": -0.8585593422313029, "1": -1.1072309260973123, "2": -1.9704275106005065, "3": 0.544966192606394, "4": 2.736298070166029, "5": -1.7863931100759698, "6": 2.7693114146786932, "7": -2.094740731337092}, "datetime": {"datetime": "2021-06-29 20:37:35", "elapsed": 1347.472181, "delta": 4.839577}}
{"target": 0.003020678995347172, "params": {"0": -0.8204943193675085, "1": -1.1165783742673456, "2": 0.7001958976844547, "3": -2.2861955444324007, "4": 2.030885478582767, "5": -0.6093083846690672, "6": 2.609956520055028, "7": 0.6141995389663553}, "datetime": {"datetime": "2021-06-29 20:37:39", "elapsed": 1352.025251, "delta": 4.55307}}
{"target": 0.003641273447012311, "params": {"0": 1.2071233333918485, "1": 1.2671883451820651, "2": -0.8156726358480446, "3": -0.7062874682111993, "4": -0.5476572762336702, "5": -2.374572057372088, "6": -1.9998837418782727, "7": -0.729100426448893}, "datetime": {"datetime": "2021-06-29 20:37:47", "elapsed": 1359.885683, "delta": 7.860432}}
{"target": 0.005262573240038302, "params": {"0": -2.1912988970614675, "1": -1.0969017358270212, "2": -0.5685178502115069, "3": 0.06331094420134331, "4": 0.476247819442019, "5": -1.453996862569948, "6": -2.0504979733582616, "7": 2.1871915025761073}, "datetime": {"datetime": "2021-06-29 20:37:52", "elapsed": 1364.340335, "delta": 4.454652}}
{"target": 0.0045755013028226195, "params": {"0": 1.5761673832349867, "1": 0.08741286930694603, "2": 0.06550616636574969, "3": -0.6911048707082985, "4": -0.6916823722295478, "5": -1.9981183725304075, "6": -1.8731858174770288, "7": -0.8707758123785903}, "datetime": {"datetime": "2021-06-29 20:37:59", "elapsed": 1371.799099, "delta": 7.458764}}
{"target": 0.004429696653257926, "params": {"0": 0.3841244902830585, "1": -2.316698397041851, "2": 1.5662118533487694, "3": -2.099915764229126, "4": -0.1610972588120685, "5": 0.19383642620081076, "6": -1.6772698827553396, "7": 0.7389826379684266}, "datetime": {"datetime": "2021-06-29 20:38:06", "elapsed": 1378.73352, "delta": 6.934421}}
{"target": 0.0036823243258185877, "params": {"0": 1.635803121708232, "1": 1.4033118412852676, "2": 2.0376118007012787, "3": 2.842804416166672, "4": -2.7427210338077526, "5": 0.4914180425399861, "6": 0.37616357258229005, "7": -1.9969283548040213}, "datetime": {"datetime": "2021-06-29 20:38:11", "elapsed": 1383.722439, "delta": 4.988919}}
{"target": 0.0037380893198199505, "params": {"0": 0.7224410707765232, "1": 0.30952668945516715, "2": -0.4480716816098518, "3": 0.632475819869363, "4": -1.7853255615939114, "5": -1.6250785795348859, "6": -2.9737125372163034, "7": -0.7184587929834167}, "datetime": {"datetime": "2021-06-29 20:38:17", "elapsed": 1389.621943, "delta": 5.899504}}
{"target": 0.0029156388367580616, "params": {"0": 0.9759978473384208, "1": -1.047791896706066, "2": -1.267319785284705, "3": 1.3804444253657424, "4": 2.619023146139428, "5": 1.1947448268934027, "6": -0.35006823712860147, "7": 0.7529767895253316}, "datetime": {"datetime": "2021-06-29 20:38:20", "elapsed": 1392.987172, "delta": 3.365229}}
{"target": 0.0033048060948474727, "params": {"0": 0.883488435484181, "1": 1.1565981861648584, "2": -0.6116654546618618, "3": -0.02277609910219347, "4": -0.685296471731327, "5": -1.7978897384537085, "6": -2.993830555163299, "7": -1.1701873698842877}, "datetime": {"datetime": "2021-06-29 20:38:28", "elapsed": 1400.910219, "delta": 7.923047}}
{"target": 0.003618664335624973, "params": {"0": 0.7159303655893474, "1": 0.7242766118375892, "2": -0.29246883772234256, "3": -0.708987876645919, "4": -0.7447313551620844, "5": -1.824876370556026, "6": -2.4965660660688984, "7": -1.4974999266130624}, "datetime": {"datetime": "2021-06-29 20:38:35", "elapsed": 1408.212516, "delta": 7.302297}}
{"target": 0.003484241494998173, "params": {"0": 2.6187107687727273, "1": -1.2764840886192204, "2": -0.8875768243003868, "3": -2.3465843307663987, "4": 0.9408673116226582, "5": 0.24948135931588622, "6": 2.9229502914387524, "7": -0.4428355049673378}, "datetime": {"datetime": "2021-06-29 20:38:40", "elapsed": 1412.68802, "delta": 4.475504}}
{"target": 0.0038111977067120115, "params": {"0": -0.15661029613420485, "1": -2.4175122509103817, "2": 1.3860020176237065, "3": -2.597740179846475, "4": 0.5293730910827357, "5": -0.730204335990055, "6": -2.599088174232741, "7": -0.2663796800670015}, "datetime": {"datetime": "2021-06-29 20:38:43", "elapsed": 1415.848685, "delta": 3.160665}}
{"target": 0.003502018230652332, "params": {"0": 0.8428643224180634, "1": 1.0749374223372081, "2": -1.785562416754933, "3": 2.6238391110134094, "4": 2.9738527613887875, "5": -2.7109687119915638, "6": 1.204744685747782, "7": -1.9578325782589008}, "datetime": {"datetime": "2021-06-29 20:38:49", "elapsed": 1422.083095, "delta": 6.23441}}
{"target": 0.0029283076321977805, "params": {"0": -0.9614745635632866, "1": -0.8702560244495796, "2": 2.3479076149358598, "3": -1.4150571228167947, "4": 0.2802915285790126, "5": 1.7853627587555394, "6": -1.782874587214309, "7": -1.672764437795314}, "datetime": {"datetime": "2021-06-29 20:38:56", "elapsed": 1428.406049, "delta": 6.322954}}
{"target": 0.002986553138920734, "params": {"0": -0.5238207449355725, "1": 2.94153190574338, "2": 1.0675034302522413, "3": -0.4643918247997867, "4": -2.4058710112643062, "5": -1.6724881443786344, "6": -1.6247999274626321, "7": 0.444857261269501}, "datetime": {"datetime": "2021-06-29 20:39:01", "elapsed": 1433.754469, "delta": 5.34842}}
{"target": 0.0031935180684382774, "params": {"0": -1.5710155175270448, "1": 2.18776580897004, "2": -0.9160613000785167, "3": -2.6140266379254697, "4": -2.2386899994915512, "5": -1.562690310906345, "6": -1.9874434899766649, "7": 2.1947458943681335}, "datetime": {"datetime": "2021-06-29 20:39:08", "elapsed": 1441.031495, "delta": 7.277026}}
{"target": 0.014497392354983414, "params": {"0": 0.7070963158325183, "1": 0.43309817120734495, "2": -0.5829017687043208, "3": 1.033409948219414, "4": -0.08004644865225519, "5": -1.436347561142522, "6": -2.5274636440625766, "7": -1.298009476002914}, "datetime": {"datetime": "2021-06-29 20:39:12", "elapsed": 1444.451401, "delta": 3.419906}}
{"target": 0.006935135743114473, "params": {"0": -1.1016891400305242, "1": 2.038101712132087, "2": -0.9155248083007401, "3": -2.2315329354868387, "4": -1.5321056357944476, "5": -1.4700130610155018, "6": -1.1792479488251857, "7": 1.5311683552257254}, "datetime": {"datetime": "2021-06-29 20:39:19", "elapsed": 1451.941694, "delta": 7.490293}}
{"target": 0.0033496138539019027, "params": {"0": -0.5940655308149116, "1": -2.3929571087690746, "2": 1.9992528619393495, "3": -1.5580727365368952, "4": -0.030322068298854976, "5": 1.6784770881925386, "6": -1.9105680689157394, "7": 0.2883166330589817}, "datetime": {"datetime": "2021-06-29 20:39:24", "elapsed": 1456.934924, "delta": 4.99323}}
{"target": 0.003611839290118454, "params": {"0": 1.3018124719604138, "1": -0.5036902798510914, "2": 2.3745074065011877, "3": -1.9987778465361996, "4": -0.07344334832107124, "5": 0.3831658745509383, "6": -1.1634507980980564, "7": 0.6269074315740228}, "datetime": {"datetime": "2021-06-29 20:39:28", "elapsed": 1460.983814, "delta": 4.04889}}
{"target": 0.003272073837830757, "params": {"0": -0.28679425791360735, "1": -2.4290466612685497, "2": 1.0742998882973342, "3": -2.4115930469968854, "4": -1.0055477404969542, "5": 1.4427772549843016, "6": -1.443423463153904, "7": 1.3590180976986082}, "datetime": {"datetime": "2021-06-29 20:39:37", "elapsed": 1469.359389, "delta": 8.375575}}
{"target": 0.004941681056007164, "params": {"0": 1.1314371192858648, "1": 0.5782576200173661, "2": -0.2493499241566739, "3": 0.4110912911757789, "4": -0.9016145182039592, "5": -1.714913583056631, "6": -2.5535541217847157, "7": -1.7780596163944924}, "datetime": {"datetime": "2021-06-29 20:39:43", "elapsed": 1475.337804, "delta": 5.978415}}
{"target": 0.004189497967201727, "params": {"0": -2.5916750468746037, "1": -1.8507254554247328, "2": 2.045944235326309, "3": -0.29175517736713985, "4": 2.025260222963065, "5": 0.7433480357367217, "6": 2.023676382135065, "7": 1.907187872258426}, "datetime": {"datetime": "2021-06-29 20:39:49", "elapsed": 1482.185913, "delta": 6.848109}}
{"target": 0.003060608315123556, "params": {"0": 2.9230801471323185, "1": -1.4052397946928887, "2": -0.7208785854063224, "3": 1.5125807302617646, "4": -2.4180270957827523, "5": 0.11878545726498668, "6": -2.250230154111425, "7": -2.6111046204218296}, "datetime": {"datetime": "2021-06-29 20:40:03", "elapsed": 1495.766792, "delta": 13.580879}}
{"target": 0.008252992107640711, "params": {"0": -2.2797528312691204, "1": -1.6203088530678975, "2": 1.1576955942241627, "3": -0.4519034635403818, "4": -1.1989579674234938, "5": -1.8890909208218052, "6": -1.850996399479792, "7": -0.8096865605291286}, "datetime": {"datetime": "2021-06-29 20:40:09", "elapsed": 1501.880117, "delta": 6.113325}}
{"target": 0.0040911719801888565, "params": {"0": 1.715877253410052, "1": 0.24623799942546976, "2": -0.8768266212632261, "3": -0.39341540570599687, "4": -0.5194415385207387, "5": -1.7222314930605729, "6": -2.839934836390337, "7": -1.8213327593274187}, "datetime": {"datetime": "2021-06-29 20:40:19", "elapsed": 1511.777157, "delta": 9.89704}}
{"target": 0.0031058051912836544, "params": {"0": -0.9038220940931994, "1": -1.9068497572607448, "2": -1.8006842933415883, "3": 0.02763726801727051, "4": 1.8263038797792683, "5": 2.757781353450363, "6": -1.8836611419193985, "7": -2.2041183512587437}, "datetime": {"datetime": "2021-06-29 20:40:25", "elapsed": 1518.091434, "delta": 6.314277}}
{"target": 0.003508377534536275, "params": {"0": 1.6607603651950757, "1": 0.7745998603882223, "2": 0.006711996799175779, "3": -0.2951891823600308, "4": -0.011916691225683618, "5": -1.1640803409640932, "6": -2.8471038518275513, "7": -0.8110828284521601}, "datetime": {"datetime": "2021-06-29 20:40:31", "elapsed": 1523.651825, "delta": 5.560391}}
{"target": 0.003226846247148412, "params": {"0": 1.6839382570765462, "1": -2.3002828013260412, "2": -1.1414474741568525, "3": -1.3749230154705452, "4": -2.6629840121032426, "5": -2.1546989414477675, "6": 0.11786739953287562, "7": 0.03227107271498175}, "datetime": {"datetime": "2021-06-29 20:40:46", "elapsed": 1538.96912, "delta": 15.317295}}
{"target": 0.005088092637406534, "params": {"0": -0.47295089559484804, "1": 0.7617284667579463, "2": -0.04747494898602511, "3": 1.5444269839197666, "4": -1.8465814232537099, "5": 2.3041104470669715, "6": -2.896247168867488, "7": 1.3519745671724275}, "datetime": {"datetime": "2021-06-29 20:40:52", "elapsed": 1544.983646, "delta": 6.014526}}
{"target": 0.0033687587272584986, "params": {"0": 1.7722184257539482, "1": -2.8249875678468737, "2": 1.6956514939722416, "3": -2.535512424911766, "4": -1.644918284882798, "5": 1.7090378000447197, "6": -2.361447872040115, "7": 1.9828664550278008}, "datetime": {"datetime": "2021-06-29 20:41:02", "elapsed": 1554.971261, "delta": 9.987615}}
{"target": 0.003081616468735923, "params": {"0": 2.016897039331452, "1": 0.8989806820689248, "2": 0.2775301840762907, "3": 0.40359653146497765, "4": 2.884211138136205, "5": 1.1313672792778542, "6": -2.0002060937416, "7": -0.12458539848138139}, "datetime": {"datetime": "2021-06-29 20:41:07", "elapsed": 1559.316466, "delta": 4.345205}}
{"target": 0.014096215538515245, "params": {"0": 2.0209500782930316, "1": -0.09066648490939855, "2": -0.44470584750558206, "3": -0.15291381590903796, "4": -0.0018504229301488095, "5": -1.6737096451716955, "6": -2.722233552618089, "7": 0.16943636876505597}, "datetime": {"datetime": "2021-06-29 20:41:14", "elapsed": 1566.486129, "delta": 7.169663}}
{"target": 0.0029679468333462964, "params": {"0": 1.160971857015305, "1": 0.8666145240022614, "2": -0.008293499724364661, "3": 0.6171893299579128, "4": -0.317035870274994, "5": -0.9142883952634504, "6": -1.9760511840161363, "7": -1.6881296367631868}, "datetime": {"datetime": "2021-06-29 20:41:23", "elapsed": 1575.950354, "delta": 9.464225}}
{"target": 0.0037777010446812588, "params": {"0": 0.5984667021179382, "1": 2.7455736842706155, "2": -1.695432812881966, "3": -1.4769108708487217, "4": -0.5832689779632672, "5": -2.117505964392193, "6": 1.1249611780513167, "7": 0.15397513328419388}, "datetime": {"datetime": "2021-06-29 20:41:29", "elapsed": 1582.096065, "delta": 6.145711}}
{"target": 0.00296686146812011, "params": {"0": -0.44472055431545954, "1": -2.840175424717225, "2": 2.0280531370840524, "3": 1.1071453849298418, "4": -1.0973878107494535, "5": 2.296628571959248, "6": -1.6625997748515522, "7": 1.0338716672149744}, "datetime": {"datetime": "2021-06-29 20:41:36", "elapsed": 1588.854775, "delta": 6.75871}}
{"target": 0.004277801268716954, "params": {"0": 1.159462848467827, "1": 1.2167178575914663, "2": -0.7998318364286359, "3": 0.14586923143235975, "4": -1.4485745948593431, "5": -1.1774944993537184, "6": -2.4684335475587345, "7": -0.7738207135809412}, "datetime": {"datetime": "2021-06-29 20:41:42", "elapsed": 1595.019303, "delta": 6.164528}}
{"target": 0.00406792460155783, "params": {"0": -1.646625351983006, "1": 2.0192204625623997, "2": -2.2395541998728783, "3": -1.121417809875141, "4": -0.7064086323266654, "5": -1.2242998785744228, "6": -0.06264471633581525, "7": 1.0040363172504119}, "datetime": {"datetime": "2021-06-29 20:41:47", "elapsed": 1599.407484, "delta": 4.388181}}
{"target": 0.0038668031846610298, "params": {"0": 0.923990001439488, "1": -0.34254670692968503, "2": -0.5463676248278166, "3": -0.8911062491347472, "4": -0.0512915115999899, "5": -1.8080181649831097, "6": -2.682285669764517, "7": -1.8456161542868788}, "datetime": {"datetime": "2021-06-29 20:41:53", "elapsed": 1606.105023, "delta": 6.697539}}
{"target": 0.00501579006045851, "params": {"0": 1.8277069057610404, "1": 0.8033811510065503, "2": 1.2997466935886894, "3": -2.8252828620190655, "4": -1.8951966891856478, "5": -2.5249157475536386, "6": 1.2841779116013434, "7": -0.009546247450281875}, "datetime": {"datetime": "2021-06-29 20:42:00", "elapsed": 1612.357661, "delta": 6.252638}}
{"target": 0.003484249169235958, "params": {"0": -0.9015281947279634, "1": -2.9452907014822918, "2": 1.084601136025011, "3": -2.511653034255866, "4": -1.2312295572968637, "5": 1.4145360649035892, "6": -2.680191903169476, "7": 1.0307237327266048}, "datetime": {"datetime": "2021-06-29 20:42:11", "elapsed": 1624.128674, "delta": 11.771013}}
{"target": 0.003128073142097833, "params": {"0": -2.448822394050143, "1": 2.3253976745269096, "2": 2.896218197141402, "3": -0.13835064826389898, "4": 1.7923508257107645, "5": 1.9775624948964392, "6": -0.7385460230132734, "7": -2.7713859221426196}, "datetime": {"datetime": "2021-06-29 20:42:18", "elapsed": 1630.785335, "delta": 6.656661}}
{"target": 0.0031478082037465537, "params": {"0": -2.582901388981636, "1": -1.8739035953320216, "2": 1.5090880270047808, "3": -2.6593976078354618, "4": -0.4316312404802618, "5": -2.5323782811335036, "6": 1.1826205190511647, "7": -0.25152496606490704}, "datetime": {"datetime": "2021-06-29 20:42:24", "elapsed": 1637.149207, "delta": 6.363872}}
{"target": 0.003462225033637431, "params": {"0": 0.33221893508836997, "1": 0.6302386565634617, "2": -0.7696330697348164, "3": 0.548542340601974, "4": -0.019137345292822072, "5": -1.5110857209378428, "6": -2.1215530050011715, "7": -1.6197760247641615}, "datetime": {"datetime": "2021-06-29 20:42:32", "elapsed": 1645.084566, "delta": 7.935359}}
{"target": 0.003154243752472994, "params": {"0": -0.4125387990746212, "1": -1.6191326377000541, "2": 1.4929915854519509, "3": -1.6689410968254448, "4": -0.14660340763106783, "5": -1.616617415071666, "6": -0.3718693677798264, "7": -0.25059221139015}, "datetime": {"datetime": "2021-06-29 20:42:35", "elapsed": 1647.899424, "delta": 2.814858}}
{"target": 0.0030613260547581967, "params": {"0": 2.7161624800388697, "1": -0.9211258597930434, "2": 0.9384962776928791, "3": 0.7646906250769057, "4": 2.2333812214101316, "5": -1.9194136406766753, "6": -0.5559056746275264, "7": 1.0144368817274039}, "datetime": {"datetime": "2021-06-29 20:42:43", "elapsed": 1655.712278, "delta": 7.812854}}
{"target": 0.004190902922180585, "params": {"0": 1.4809194284215783, "1": 2.041139057660069, "2": -1.2414549983564755, "3": 2.8643675833879065, "4": 1.2087174140639405, "5": -2.768478214287427, "6": -0.7317723794307618, "7": -0.3254554867380737}, "datetime": {"datetime": "2021-06-29 20:42:49", "elapsed": 1661.567451, "delta": 5.855173}}
