{"target": 0.0030397775719415297, "params": {"0": 2.832067595496925, "1": 2.6486605763052777, "2": 0.9751858248277938, "3": 0.6412265707350864, "4": 2.544551391858013, "5": 2.422172085163931, "6": 1.8997505985920746, "7": 0.7318397816598003}, "datetime": {"datetime": "2021-06-29 20:25:33", "elapsed": 712.900958, "delta": 1.876908}}
{"target": 0.0041180187623533985, "params": {"0": 2.0855656921917927, "1": -2.9894940361440154, "2": -2.2997957720288547, "3": -0.7960123430620674, "4": -0.44177365364150933, "5": -2.64819109525361, "6": 0.6880545530917548, "7": -1.759971157159203}, "datetime": {"datetime": "2021-06-29 20:25:36", "elapsed": 715.616709, "delta": 2.715751}}
{"target": 0.003338778960793095, "params": {"0": 2.084389812391053, "1": -1.0533982291030295, "2": 0.7495901199164239, "3": -0.6056996325266315, "4": -2.910591224442273, "5": -1.9967733846390274, "6": 2.5241438515043964, "7": 1.7939809222435112}, "datetime": {"datetime": "2021-06-29 20:25:39", "elapsed": 719.120862, "delta": 3.504153}}
{"target": 0.0031155980380869652, "params": {"0": 0.34878693924030646, "1": -2.0139323023356983, "2": 1.662853783353448, "3": -0.8882403815405926, "4": 0.33818966492801517, "5": -0.8892630784807634, "6": 2.8003711995156113, "7": 2.8229788603642225}, "datetime": {"datetime": "2021-06-29 20:25:42", "elapsed": 722.160191, "delta": 3.039329}}
{"target": 0.002917025322850621, "params": {"0": -2.3808531318729527, "1": 2.9270403889025767, "2": 2.250905888918859, "3": -0.5956471793674285, "4": -1.9705762952046402, "5": 0.8787788817202653, "6": 2.892321620742079, "7": 1.7467376366279215}, "datetime": {"datetime": "2021-06-29 20:25:47", "elapsed": 726.690416, "delta": 4.530225}}
{"target": 0.004600900700992308, "params": {"0": 1.597238269729381, "1": -0.5436515593207449, "2": 1.5646478671740711, "3": -1.007004947984968, "4": -1.0978212494402537, "5": -0.8276348546305066, "6": -0.3859704888859472, "7": 1.3655072598853675}, "datetime": {"datetime": "2021-06-29 20:25:52", "elapsed": 731.658327, "delta": 4.967911}}
{"target": 0.0035598106776678715, "params": {"0": -1.7901631989834519, "1": -2.1372679645468415, "2": 0.9819367283960245, "3": -2.666056519369758, "4": -0.5960900017602868, "5": 1.3118094074819187, "6": 1.0149389401193076, "7": -1.3915955062897034}, "datetime": {"datetime": "2021-06-29 20:25:56", "elapsed": 735.622101, "delta": 3.963774}}
{"target": 0.002897152769372132, "params": {"0": -2.183283744340395, "1": 1.7802126402002365, "2": 1.55870785311774, "3": -0.2397442219954331, "4": 0.2851965309313722, "5": 2.7376310109318016, "6": 0.5589841112930092, "7": -2.1349879911872955}, "datetime": {"datetime": "2021-06-29 20:25:59", "elapsed": 738.776424, "delta": 3.154323}}
{"target": 0.003771029741287839, "params": {"0": 0.22673761761042233, "1": 2.5469798030231905, "2": -0.022117874434268714, "3": -2.2446901513884043, "4": 1.8823914463476346, "5": -1.881131797626645, "6": 1.100149687130382, "7": -0.27773444337966646}, "datetime": {"datetime": "2021-06-29 20:26:03", "elapsed": 743.014637, "delta": 4.238213}}
{"target": 0.003024484208042196, "params": {"0": -0.9492478590471398, "1": -2.1443784138136417, "2": -2.2811559495515885, "3": 1.1207185517567524, "4": -1.751049186678428, "5": 1.959498782469801, "6": 2.1599089222319936, "7": -2.7808203482389624}, "datetime": {"datetime": "2021-06-29 20:26:07", "elapsed": 746.926802, "delta": 3.912165}}
{"target": 0.01513964224390774, "params": {"0": -1.0369817447134226, "1": 0.14908518116238678, "2": -2.230555413186889, "3": -1.1046645454934776, "4": 1.9654034939120066, "5": -0.9499422644190365, "6": 0.8437443174554824, "7": -1.3034826499475562}, "datetime": {"datetime": "2021-06-29 20:26:11", "elapsed": 750.993389, "delta": 4.066587}}
{"target": 0.0030649391687661482, "params": {"0": 0.5498415916075801, "1": -0.15300260975411373, "2": -2.080433999653457, "3": -2.387987683630511, "4": -1.7071399047877553, "5": 1.1461283864691403, "6": 2.813950988703815, "7": 1.7840574067745587}, "datetime": {"datetime": "2021-06-29 20:26:14", "elapsed": 754.488425, "delta": 3.495036}}
{"target": 0.015607706513029762, "params": {"0": -0.2937236142511015, "1": 0.8310802633414456, "2": -0.21284135252919212, "3": 1.3170870160779202, "4": -1.9763553349921579, "5": 1.8971978694109968, "6": -2.947091209767196, "7": 1.3817502501089214}, "datetime": {"datetime": "2021-06-29 20:26:21", "elapsed": 761.160503, "delta": 6.672078}}
{"target": 0.0033207356499763345, "params": {"0": -0.524630287931835, "1": 2.37084257120987, "2": 0.923353167448349, "3": 2.085274863173731, "4": -0.24237035147581665, "5": -2.9735042083907994, "6": 0.10013609279112279, "7": -0.4742466362616433}, "datetime": {"datetime": "2021-06-29 20:26:24", "elapsed": 764.202571, "delta": 3.042068}}
{"target": 0.004189767807548911, "params": {"0": -2.4178602751043665, "1": 1.7758237461831783, "2": -1.4775608931221798, "3": 1.364936888673836, "4": -1.8016675923824665, "5": -0.8374599951876958, "6": 0.31995133070039694, "7": 0.9082153370496977}, "datetime": {"datetime": "2021-06-29 20:26:31", "elapsed": 770.675259, "delta": 6.472688}}
{"target": 0.0030181657013083774, "params": {"0": 1.0021086805550485, "1": -2.78427223977607, "2": -0.9446590808223974, "3": 2.9117777589079115, "4": 2.572836148664104, "5": 2.315934085415197, "6": 0.19252922353646795, "7": -0.16453877173211673}, "datetime": {"datetime": "2021-06-29 20:26:36", "elapsed": 776.474301, "delta": 5.799042}}
{"target": 0.0028486116256779288, "params": {"0": -2.616940886454392, "1": 1.642335386441748, "2": -0.14469367677387623, "3": 1.2442321638238942, "4": 2.45426323459891, "5": -2.9873978952315454, "6": -1.7390751662334032, "7": 1.6450418973533303}, "datetime": {"datetime": "2021-06-29 20:26:41", "elapsed": 780.757431, "delta": 4.28313}}
{"target": 0.003199218172520135, "params": {"0": 1.2444459350105515, "1": 2.0296281526250226, "2": 1.5934276354956483, "3": -1.8281946085766427, "4": -1.2514981420386233, "5": 1.9456634132074404, "6": -1.4186833364520042, "7": -1.7197459496938536}, "datetime": {"datetime": "2021-06-29 20:26:45", "elapsed": 785.156528, "delta": 4.399097}}
{"target": 0.006136547471575518, "params": {"0": 1.1446168776934265, "1": 2.787874445217705, "2": -0.8574785157426636, "3": -1.1678571575478314, "4": 0.41827844383052115, "5": -0.43872513373762745, "6": 2.891965311829628, "7": -0.08461659842025337}, "datetime": {"datetime": "2021-06-29 20:26:51", "elapsed": 790.86789, "delta": 5.711362}}
{"target": 0.0033022132379414244, "params": {"0": -1.268800906946921, "1": 1.2007713098867914, "2": -1.8130716981924733, "3": -0.1905097484267495, "4": -2.2523419582948496, "5": 2.0728450620827026, "6": 1.7689413174357078, "7": 0.8725282308864131}, "datetime": {"datetime": "2021-06-29 20:26:55", "elapsed": 794.892759, "delta": 4.024869}}
{"target": 0.0038475384895387036, "params": {"0": 0.14307548572128992, "1": -2.6419884171567536, "2": -0.7839348345180204, "3": 0.4792503373108654, "4": -1.9668067302738055, "5": 2.834272867460215, "6": 0.15988853484295396, "7": 1.9426060606120652}, "datetime": {"datetime": "2021-06-29 20:26:56", "elapsed": 796.470684, "delta": 1.577925}}
{"target": 0.002908020141841229, "params": {"0": 0.5228676457506598, "1": 1.7825319903782564, "2": 1.538223058630801, "3": 1.217954309198368, "4": 2.1924852610669543, "5": -0.1743708163358324, "6": -1.9647139092242052, "7": 1.4431177834877227}, "datetime": {"datetime": "2021-06-29 20:26:58", "elapsed": 798.192668, "delta": 1.721984}}
{"target": 0.04317481653161453, "params": {"0": 0.8991787597948142, "1": -2.8379605418095384, "2": -0.24847701557736546, "3": -2.2525508503090252, "4": -1.2008512557309399, "5": -2.201013455578771, "6": -1.0216135226916392, "7": 1.5095554861010587}, "datetime": {"datetime": "2021-06-29 20:27:01", "elapsed": 800.966565, "delta": 2.773897}}
{"target": 0.003211278649316, "params": {"0": 1.6360151962524467, "1": 2.6873584920840283, "2": -0.7877021463682459, "3": 0.02644600588863355, "4": 1.2002300818206457, "5": -1.6103534874550915, "6": -0.7677716495814311, "7": 2.6918244611666005}, "datetime": {"datetime": "2021-06-29 20:27:05", "elapsed": 805.019074, "delta": 4.052509}}
{"target": 0.005856946363368122, "params": {"0": -2.675282018222954, "1": 0.7578837920832591, "2": -2.467098305647446, "3": -1.0534866465147417, "4": 1.7656591684268799, "5": 0.34718016851530464, "6": -0.20539679259427768, "7": -1.3546692404490923}, "datetime": {"datetime": "2021-06-29 20:27:08", "elapsed": 808.422839, "delta": 3.403765}}
{"target": 0.0032994002430063387, "params": {"0": -0.16207262209371143, "1": 0.21083383278833612, "2": 0.2968346113605955, "3": -2.722903928244464, "4": -2.340153352219531, "5": -1.336775619734004, "6": -0.08192580274024763, "7": 2.221260363352168}, "datetime": {"datetime": "2021-06-29 20:27:14", "elapsed": 813.992914, "delta": 5.570075}}
{"target": 0.004971935332459871, "params": {"0": 1.432062913906499, "1": 2.167321031673451, "2": -0.629084617448135, "3": -1.9453569163767805, "4": 1.2302276039603708, "5": -1.2392984326242882, "6": 2.1039016795904626, "7": -0.7645858946520288}, "datetime": {"datetime": "2021-06-29 20:27:19", "elapsed": 819.460658, "delta": 5.467744}}
{"target": 0.005283465872457936, "params": {"0": -0.5657361790532502, "1": 0.5423156873384185, "2": -0.9737688256865962, "3": 0.9715872803190253, "4": -2.0290244079474524, "5": 2.7938716914825, "6": -2.7743433113852722, "7": 0.7681256990284053}, "datetime": {"datetime": "2021-06-29 20:27:26", "elapsed": 825.501258, "delta": 6.0406}}
{"target": 0.0031998160694418952, "params": {"0": 1.6494906339096644, "1": 2.6279208256895847, "2": -1.7233795382502062, "3": -2.222032400011405, "4": -1.2133611935537951, "5": -0.34711678001209023, "6": -0.46236051337031725, "7": 2.364142813077552}, "datetime": {"datetime": "2021-06-29 20:27:34", "elapsed": 834.380932, "delta": 8.879674}}
{"target": 0.003108587958483538, "params": {"0": 1.7188414551404225, "1": 0.1393755006528723, "2": 0.9737470463035871, "3": 1.7993899416224073, "4": -2.920661937766691, "5": 1.384382278155706, "6": -2.187153330955414, "7": 1.499021626990853}, "datetime": {"datetime": "2021-06-29 20:27:36", "elapsed": 835.890194, "delta": 1.509262}}
{"target": 0.0031516302819657544, "params": {"0": 1.762736818277613, "1": -1.5758259021791126, "2": 2.099919364390651, "3": -0.8499673908574494, "4": -2.1806433667573475, "5": -0.3631958814729992, "6": -2.247094921151418, "7": -2.5194852032161568}, "datetime": {"datetime": "2021-06-29 20:27:39", "elapsed": 838.715518, "delta": 2.825324}}
{"target": 0.0065136210789796456, "params": {"0": 0.5151575167970277, "1": 1.9263636172868033, "2": -2.818745023587836, "3": -2.317236544190962, "4": -1.6708124132023126, "5": 2.4714960667229384, "6": 1.8188146966996817, "7": 1.0543583148694573}, "datetime": {"datetime": "2021-06-29 20:27:44", "elapsed": 843.508589, "delta": 4.793071}}
{"target": 0.006140854372752642, "params": {"0": 2.2652953446514053, "1": -0.3428998150200089, "2": 0.8937556914287481, "3": -1.5428270057818514, "4": 0.8468880404186052, "5": -1.2560533385476342, "6": -0.19575072719815845, "7": 2.75046609629182}, "datetime": {"datetime": "2021-06-29 20:27:49", "elapsed": 848.57192, "delta": 5.063331}}
{"target": 0.2258314618068595, "params": {"0": 1.0266721596598325, "1": 1.6756431218106913, "2": -1.4485997575487706, "3": -2.0765278736489012, "4": -0.7865534018953788, "5": -1.0377961087193446, "6": -0.5312737716232983, "7": 2.3824944037699574}, "datetime": {"datetime": "2021-06-29 20:27:56", "elapsed": 855.527801, "delta": 6.955881}}
{"target": 0.00340763142137451, "params": {"0": 2.8553114893355893, "1": -0.0026136959425855366, "2": 1.8698998821745851, "3": -1.967224212575184, "4": 0.8939675560906437, "5": 2.4909462077435203, "6": -0.06866047373791107, "7": 0.2275893430007705}, "datetime": {"datetime": "2021-06-29 20:28:02", "elapsed": 861.570938, "delta": 6.043137}}
{"target": 0.003007958910125192, "params": {"0": -0.8922959297497348, "1": 0.19209196786486782, "2": 0.5489843345182841, "3": 1.9803543961889591, "4": 1.9263352702419247, "5": 2.372938682318984, "6": -2.271904496558529, "7": -0.41322181756529686}, "datetime": {"datetime": "2021-06-29 20:28:04", "elapsed": 863.771126, "delta": 2.200188}}
{"target": 0.003618605958704833, "params": {"0": -0.40226090403782067, "1": 0.26757764372118675, "2": -0.6683263556468262, "3": -2.539386979118515, "4": -1.1733610544053374, "5": -0.8768801624390474, "6": 0.5864457366535856, "7": 1.5652946232860518}, "datetime": {"datetime": "2021-06-29 20:28:09", "elapsed": 868.656658, "delta": 4.885532}}
{"target": 0.0030725232063314673, "params": {"0": 0.11962175720543122, "1": 2.7335052424658377, "2": 2.2395655141801107, "3": 0.46857025042884626, "4": -1.9204291433261313, "5": -0.4172474901244394, "6": 1.9502590006875602, "7": -2.0678630757461622}, "datetime": {"datetime": "2021-06-29 20:28:13", "elapsed": 873.169105, "delta": 4.512447}}
{"target": 0.0031325162405362746, "params": {"0": 2.752674065843907, "1": -1.7890778763006356, "2": 0.5775967947128038, "3": 2.188069616224565, "4": 1.1882382002809972, "5": -1.6347012425410612, "6": -1.0715397730145597, "7": 2.382285187704703}, "datetime": {"datetime": "2021-06-29 20:28:17", "elapsed": 877.040445, "delta": 3.87134}}
{"target": 0.0030105792546649556, "params": {"0": 1.9265407277995301, "1": 0.9509577950924406, "2": 0.29094965318615085, "3": -1.647665095713865, "4": 2.678063150537527, "5": 2.4445642961450895, "6": 1.540694533337943, "7": -1.9051943885185478}, "datetime": {"datetime": "2021-06-29 20:28:21", "elapsed": 880.732174, "delta": 3.691729}}
{"target": 0.003278012441665807, "params": {"0": -2.085241524070042, "1": -0.6095592557568192, "2": 2.5754104639626227, "3": -2.1964934854547424, "4": -2.947985169090055, "5": 2.4485190730260227, "6": -2.204208916289224, "7": -1.9924794565381974}, "datetime": {"datetime": "2021-06-29 20:28:23", "elapsed": 882.875402, "delta": 2.143228}}
{"target": 0.005803571202275948, "params": {"0": 1.0081059866859068, "1": -0.9374436387664273, "2": 1.2523154819594176, "3": -1.250949998011669, "4": 2.9318864315079143, "5": -2.7065429302245345, "6": -0.283427759838629, "7": -0.3719903455371103}, "datetime": {"datetime": "2021-06-29 20:28:27", "elapsed": 886.543048, "delta": 3.667646}}
{"target": 0.003937742402299501, "params": {"0": 1.363622717539152, "1": -2.0919982779969075, "2": -0.44090964878703787, "3": 1.6007514782543462, "4": -1.0643446205718987, "5": 2.8857218781369474, "6": 2.995321855414476, "7": -2.9226654162681394}, "datetime": {"datetime": "2021-06-29 20:28:30", "elapsed": 890.026214, "delta": 3.483166}}
{"target": 0.00507740962650584, "params": {"0": -1.9864607059722068, "1": -1.5576963762617428, "2": 2.0992736499931786, "3": 2.5570721541498314, "4": 1.8663510045421239, "5": -0.7906574859877322, "6": 0.7499470505786654, "7": -1.811332213327362}, "datetime": {"datetime": "2021-06-29 20:28:33", "elapsed": 893.399573, "delta": 3.373359}}
{"target": 0.0033883065395044374, "params": {"0": -2.6365131273309625, "1": 1.4680745482338633, "2": -1.1972201626542636, "3": -1.6147716941649228, "4": -2.3506384985020263, "5": 0.3178025602177392, "6": 0.7643762914808478, "7": -1.9726660983534}, "datetime": {"datetime": "2021-06-29 20:28:39", "elapsed": 898.759334, "delta": 5.359761}}
{"target": 0.01281592422805549, "params": {"0": 1.2679341522001915, "1": 2.7099415650935565, "2": -0.397553337729299, "3": -1.0986169801761347, "4": -0.35084699685098375, "5": -0.9583832475381593, "6": 2.4293359917550763, "7": -1.6440936901051568}, "datetime": {"datetime": "2021-06-29 20:28:46", "elapsed": 906.234755, "delta": 7.475421}}
{"target": 0.005097281111461789, "params": {"0": 0.8089973729523239, "1": 2.817658485317196, "2": 1.4529621880093613, "3": 0.4581581037460114, "4": -2.36017275221913, "5": -1.2390602809105127, "6": 0.36454776839476555, "7": -0.3794676198810212}, "datetime": {"datetime": "2021-06-29 20:28:50", "elapsed": 910.183139, "delta": 3.948384}}
{"target": 0.003241191052163581, "params": {"0": 1.1570396689166618, "1": 0.20327076932205612, "2": -0.30066781362884054, "3": -2.939566853506626, "4": 1.7066986972971474, "5": -1.8310677081605684, "6": 2.9597113992703274, "7": 1.0395970708038806}, "datetime": {"datetime": "2021-06-29 20:28:55", "elapsed": 915.195523, "delta": 5.012384}}
{"target": 0.0032091907748217586, "params": {"0": 1.8219657242622604, "1": 1.0054003593041134, "2": -1.675959743490999, "3": -0.1692409638797967, "4": -0.6260431460352827, "5": 1.3421712218160913, "6": -2.0009978884304784, "7": 0.6951070958392913}, "datetime": {"datetime": "2021-06-29 20:28:59", "elapsed": 919.20214, "delta": 4.006617}}
{"target": 0.0039662622597231864, "params": {"0": -0.10425791628490089, "1": 0.09536225478723104, "2": -0.003251247633266008, "3": -0.24061823213355016, "4": -0.3042737233195165, "5": -1.522618853601381, "6": -2.9759185240485304, "7": -0.28995789017219487}, "datetime": {"datetime": "2021-06-29 20:29:03", "elapsed": 923.126535, "delta": 3.924395}}
{"target": 0.004171562902677676, "params": {"0": -0.3547674962060139, "1": 0.7581901324873175, "2": 2.6876127768420606, "3": 0.3399414576415687, "4": -1.41881192032407, "5": 0.16043649956534178, "6": -1.6631899674334119, "7": -2.9714245533448485}, "datetime": {"datetime": "2021-06-29 20:29:05", "elapsed": 924.683934, "delta": 1.557399}}
{"target": 0.0031200119148837063, "params": {"0": -2.3994217273839116, "1": -0.7790205515758046, "2": -1.3138038629934536, "3": -1.7547763950340207, "4": 0.5968583261343725, "5": 0.44462230124381863, "6": 2.086511299916884, "7": 2.2614442927216363}, "datetime": {"datetime": "2021-06-29 20:29:08", "elapsed": 928.144193, "delta": 3.460259}}
{"target": 0.006187426066918075, "params": {"0": 2.9718660860959263, "1": 0.1048739210309364, "2": 2.544462178889704, "3": 1.048388174765881, "4": -0.21611082732569908, "5": -0.5557013825316246, "6": 0.5396560900762641, "7": 0.7478944007090313}, "datetime": {"datetime": "2021-06-29 20:29:13", "elapsed": 933.080401, "delta": 4.936208}}
{"target": 0.0039815580825701, "params": {"0": 1.0292582677380793, "1": 1.8243382085855302, "2": -2.312966259214228, "3": -1.7106987312232038, "4": -0.9387145689827094, "5": -0.9846903113262262, "6": -0.3806669646427796, "7": 2.264610245051511}, "datetime": {"datetime": "2021-06-29 20:29:19", "elapsed": 938.577025, "delta": 5.496624}}
{"target": 0.0030438320765048543, "params": {"0": 0.8920321090858492, "1": 1.7561832372175026, "2": -1.5525938183918855, "3": 2.8212123349179903, "4": 0.7498637543151689, "5": -1.9662193873606595, "6": 2.8372319209293195, "7": 1.1216238157546439}, "datetime": {"datetime": "2021-06-29 20:29:23", "elapsed": 942.949725, "delta": 4.3727}}
{"target": 0.0031586466122167124, "params": {"0": 0.8633345687330021, "1": -0.20556350189601158, "2": 0.6532211539818249, "3": -0.9048837256952043, "4": -1.1571082879169712, "5": 1.5617203156671096, "6": -2.6239568016745833, "7": -0.3277911214006277}, "datetime": {"datetime": "2021-06-29 20:29:27", "elapsed": 947.353849, "delta": 4.404124}}
{"target": 0.0029264833478234815, "params": {"0": 1.3085342557219999, "1": 2.301503997123546, "2": -0.97094442392202, "3": -0.5141406596467792, "4": 0.003795232103185775, "5": -1.3115506853310057, "6": 2.38807844376632, "7": -1.888102016055557}, "datetime": {"datetime": "2021-06-29 20:29:33", "elapsed": 952.95338, "delta": 5.599531}}
{"target": 0.0032102695314519887, "params": {"0": 1.1987458672937628, "1": 2.25438777493118, "2": -1.3084093076634151, "3": -1.8063731750137146, "4": -0.9947265091221871, "5": -0.6487499198562334, "6": 2.800223214938466, "7": -1.072760420955067}, "datetime": {"datetime": "2021-06-29 20:29:42", "elapsed": 961.729783, "delta": 8.776403}}
{"target": 0.004639325234404069, "params": {"0": 1.1124423452649657, "1": 2.386503466676146, "2": -1.8727719329372357, "3": -1.5448378558468756, "4": -1.5317607342598039, "5": 0.3580595100798818, "6": 0.042195185507358346, "7": 2.1801091655002676}, "datetime": {"datetime": "2021-06-29 20:29:47", "elapsed": 966.792424, "delta": 5.062641}}
{"target": 0.0036088721163646804, "params": {"0": -0.04989923737733015, "1": -2.5568695772145413, "2": 1.2650633656564105, "3": -1.3478691898525041, "4": -1.3501035424764913, "5": 0.9697457797125266, "6": -1.8634483197639387, "7": 0.044087325983313}, "datetime": {"datetime": "2021-06-29 20:29:50", "elapsed": 970.30137, "delta": 3.508946}}
{"target": 0.003979884110510211, "params": {"0": 2.702965069763197, "1": -0.1626421615596314, "2": -2.7526551451437244, "3": -0.33713321296105203, "4": 1.216156208025101, "5": -1.7987391185538646, "6": 1.8375918923737053, "7": -1.7067725404899161}, "datetime": {"datetime": "2021-06-29 20:29:54", "elapsed": 974.217802, "delta": 3.916432}}
{"target": 0.0035603684115206075, "params": {"0": -1.787068060840667, "1": 1.7495277453073044, "2": -0.7853338308459747, "3": 2.368008957797164, "4": -2.934019491742482, "5": 2.7729521251476132, "6": 1.7232296814054546, "7": 2.6794008138807257}, "datetime": {"datetime": "2021-06-29 20:29:59", "elapsed": 978.841018, "delta": 4.623216}}
{"target": 0.003874804321586985, "params": {"0": 1.2251092848367353, "1": -2.7829109596629844, "2": 1.5564923625800464, "3": 0.8786202241544703, "4": 0.17872653767710878, "5": -1.672370032043446, "6": -1.777230969047705, "7": -0.6415857471583815}, "datetime": {"datetime": "2021-06-29 20:30:02", "elapsed": 982.027291, "delta": 3.186273}}
{"target": 0.0038526214509416027, "params": {"0": -2.149412136826057, "1": 0.6508760320227474, "2": 0.3694026755681117, "3": 2.1103025052051603, "4": -0.6082127862261286, "5": 0.9424580982115209, "6": 0.22203277964619028, "7": 0.06208061044211455}, "datetime": {"datetime": "2021-06-29 20:30:07", "elapsed": 986.997548, "delta": 4.970257}}
