{"target": 0.0045969802174750315, "params": {"0": 1.948975106110348, "1": 1.2867714405818083, "2": -1.3420487172110334, "3": -1.9904268364212305, "4": -0.29553066505095993, "5": -0.7744067185941441, "6": 2.63747271141675, "7": 1.0959418038283921}, "datetime": {"datetime": "2021-06-29 20:43:40", "elapsed": 1801.348972, "delta": 6.359204}}
{"target": 0.004128857154893119, "params": {"0": 2.0279981286109594, "1": -1.545649058646207, "2": 0.9506009158361559, "3": 1.346775136791929, "4": 0.6790408690149268, "5": -1.2536850162104154, "6": -1.1299421415385635, "7": -2.778354435173}, "datetime": {"datetime": "2021-06-29 20:43:49", "elapsed": 1810.007585, "delta": 8.658613}}
{"target": 0.003920353712031949, "params": {"0": 2.977456059586083, "1": 1.9913688832265208, "2": 2.3469657307193605, "3": -2.867706779582152, "4": -2.237615493310259, "5": 1.303790663299294, "6": 1.1677177446400888, "7": -2.4889215332552106}, "datetime": {"datetime": "2021-06-29 20:43:54", "elapsed": 1814.876036, "delta": 4.868451}}
{"target": 0.00488601652066922, "params": {"0": 0.6376898417626347, "1": 1.9661896311963876, "2": -0.19252668022594, "3": -1.6992635156292675, "4": -0.5897634475299869, "5": 0.5422261415437442, "6": 2.1860912455175496, "7": -1.2037413083263389}, "datetime": {"datetime": "2021-06-29 20:44:01", "elapsed": 1822.308665, "delta": 7.432629}}
{"target": 0.0036788758702170662, "params": {"0": 1.6836665396341362, "1": 2.9161578659529725, "2": -0.6016107520663523, "3": -1.6907945879168447, "4": -0.38961227479002947, "5": -0.21538659441030905, "6": 2.8176790550456543, "7": -1.312949125821179}, "datetime": {"datetime": "2021-06-29 20:44:09", "elapsed": 1830.456433, "delta": 8.147768}}
{"target": 0.003088583851992985, "params": {"0": 0.5271378496358317, "1": -2.289378883444317, "2": 2.2282509876216334, "3": 1.2031501089193126, "4": 1.9087704112702664, "5": 0.5277046109200962, "6": -1.7141156507176583, "7": -2.9855433043079183}, "datetime": {"datetime": "2021-06-29 20:44:14", "elapsed": 1835.189003, "delta": 4.73257}}
{"target": 0.0042918238598915436, "params": {"0": -0.8893883059313819, "1": 1.881582273969988, "2": -0.3885942459311149, "3": -0.5870562596304785, "4": -0.9541708986602582, "5": -2.330810510259785, "6": 0.27708829753680675, "7": -2.8773526404604697}, "datetime": {"datetime": "2021-06-29 20:44:20", "elapsed": 1841.1561, "delta": 5.967097}}
{"target": 0.0032961773634133293, "params": {"0": 2.4945515654956276, "1": -2.196067232482085, "2": -0.47087451476883, "3": -1.3742855858055012, "4": 2.885953797770518, "5": 2.844970641334804, "6": -2.582124878660761, "7": -1.412665722179353}, "datetime": {"datetime": "2021-06-29 20:44:28", "elapsed": 1849.361629, "delta": 8.205529}}
{"target": 0.0030210461984568446, "params": {"0": 0.5275545428280415, "1": 1.1787114323345529, "2": 2.3335351464824816, "3": 0.76228104847661, "4": 2.9667336320043223, "5": -0.25044396815669057, "6": 0.430337030582026, "7": 1.7031423482509895}, "datetime": {"datetime": "2021-06-29 20:44:34", "elapsed": 1854.878824, "delta": 5.517195}}
{"target": 0.00317714652539887, "params": {"0": 0.19849341440415946, "1": -2.9041735520420295, "2": 1.9769434411450568, "3": -1.490836825916873, "4": 0.06473393279496742, "5": 1.7155250014470225, "6": -1.7647890772077002, "7": 0.3025596617891324}, "datetime": {"datetime": "2021-06-29 20:44:49", "elapsed": 1869.788597, "delta": 14.909773}}
{"target": 0.9836379238735442, "params": {"0": 1.3451369631796508, "1": -1.4486028773590534, "2": 0.041977866841555134, "3": -1.6577408223785115, "4": 0.8863941826030111, "5": -2.604206992704661, "6": 1.5723005527052285, "7": 0.7282723418517687}, "datetime": {"datetime": "2021-06-29 20:44:58", "elapsed": 1879.4151, "delta": 9.626503}}
{"target": 0.004620165001451782, "params": {"0": 1.6959794816769227, "1": -1.1018886279746838, "2": 2.3433477064284096, "3": 2.875957108007924, "4": -2.885649121687689, "5": -1.9265538571118959, "6": -0.4452615502787838, "7": 1.3222888692356367}, "datetime": {"datetime": "2021-06-29 20:45:03", "elapsed": 1883.996181, "delta": 4.581081}}
{"target": 0.005133057917070912, "params": {"0": 1.186652872561389, "1": 2.9106521890329553, "2": 1.1616493118574969, "3": 2.6483892542685936, "4": 0.450477170871304, "5": -2.23146290027754, "6": -2.692170932363859, "7": -2.272126806354405}, "datetime": {"datetime": "2021-06-29 20:45:10", "elapsed": 1891.413942, "delta": 7.417761}}
{"target": 0.06750109459896575, "params": {"0": 1.9620292054271715, "1": 2.1341503999442146, "2": 0.1574667990080716, "3": -1.5629712775347189, "4": -1.116680691866387, "5": -0.6200457389950813, "6": 2.088621750071594, "7": -0.31784275879684554}, "datetime": {"datetime": "2021-06-29 20:45:18", "elapsed": 1898.662037, "delta": 7.248095}}
{"target": 0.6624061686400934, "params": {"0": 2.226647055400928, "1": -0.44447780422443994, "2": -0.7089824784304994, "3": -1.60990794079608, "4": 1.3548111984902116, "5": -2.8983015866407547, "6": 1.0904125714228936, "7": -0.48142597452133984}, "datetime": {"datetime": "2021-06-29 20:45:30", "elapsed": 1911.37874, "delta": 12.716703}}
{"target": 0.003840063104310676, "params": {"0": 2.9687466544424463, "1": 2.9231479172650516, "2": -0.8596215534603839, "3": -2.377124798385092, "4": -1.603822807025616, "5": -0.7219446789148822, "6": 2.3137437646793764, "7": 0.12887354942599316}, "datetime": {"datetime": "2021-06-29 20:45:38", "elapsed": 1919.399728, "delta": 8.020988}}
{"target": 0.08189035713771038, "params": {"0": -0.3561104893903835, "1": 1.8625785331263423, "2": 1.7386599573775383, "3": -0.5778641325366918, "4": -1.2706816224384108, "5": -1.5258475944789738, "6": 0.9792567415134288, "7": 1.6907082680624441}, "datetime": {"datetime": "2021-06-29 20:45:44", "elapsed": 1924.558452, "delta": 5.158724}}
{"target": 0.10588305052090052, "params": {"0": 2.374103297203048, "1": -1.9576226429292138, "2": -0.38467531718231207, "3": -1.1100228826453429, "4": -1.2807914485439442, "5": 2.280715340867559, "6": -1.602616470529557, "7": 1.2256020963490997}, "datetime": {"datetime": "2021-06-29 20:45:53", "elapsed": 1934.00671, "delta": 9.448258}}
{"target": 0.004052830343554121, "params": {"0": 1.5538530910198922, "1": 2.3312118555423584, "2": -0.25123831809493513, "3": -1.9435418151431791, "4": -0.9074664185300927, "5": 0.37268270773324996, "6": 2.379764240179071, "7": -0.38093215864962726}, "datetime": {"datetime": "2021-06-29 20:46:00", "elapsed": 1941.28013, "delta": 7.27342}}
{"target": 0.30793905009027916, "params": {"0": 1.3658766191832665, "1": -1.9991266840855495, "2": 1.1135654296806052, "3": -2.0914147334544593, "4": 0.41100335164680946, "5": -0.6802691474506823, "6": 1.67683959071163, "7": -1.751085235931019}, "datetime": {"datetime": "2021-06-29 20:46:08", "elapsed": 1948.937912, "delta": 7.657782}}
{"target": 0.002981402093845543, "params": {"0": -2.802889128645541, "1": 2.533789658054447, "2": 0.8224703081210865, "3": -1.415404553878467, "4": 2.5172226780770792, "5": -0.835798256873145, "6": 0.9756316685003155, "7": -2.880481487642026}, "datetime": {"datetime": "2021-06-29 20:46:17", "elapsed": 1958.105723, "delta": 9.167811}}
{"target": 0.007621761166654923, "params": {"0": 1.7060863110805666, "1": -1.0233168092257998, "2": 0.13084124494861094, "3": -2.0753339488911298, "4": 1.2590881382324346, "5": -1.8050108522907171, "6": 2.4714847356544443, "7": -0.415857206576955}, "datetime": {"datetime": "2021-06-29 20:46:29", "elapsed": 1969.541889, "delta": 11.436166}}
{"target": 0.003515957261458619, "params": {"0": 1.812443750661756, "1": 0.8599075526678126, "2": 2.5013887492810145, "3": -1.8777979299996, "4": -1.3295681190064177, "5": -0.3511311982088712, "6": -0.15945435328258206, "7": 1.7522998536457282}, "datetime": {"datetime": "2021-06-29 20:46:38", "elapsed": 1978.974529, "delta": 9.43264}}
{"target": 0.0032845976160288414, "params": {"0": 0.8608097428762775, "1": -0.972181412000884, "2": 0.8288417141709905, "3": -2.132319616911983, "4": 1.4027907430942754, "5": -2.5124850678011117, "6": 1.9173628351668937, "7": -0.3569182084473672}, "datetime": {"datetime": "2021-06-29 20:46:48", "elapsed": 1989.074356, "delta": 10.099827}}
{"target": 0.003921443275210422, "params": {"0": 1.4056995280807083, "1": 1.3461968634914383, "2": -0.9224753549435074, "3": -1.8736915085606465, "4": -0.556809891675019, "5": -0.8866164278514268, "6": 1.767882819080322, "7": 0.42788371531050995}, "datetime": {"datetime": "2021-06-29 20:46:58", "elapsed": 1999.47833, "delta": 10.403974}}
{"target": 0.00343524172045017, "params": {"0": -2.0945358404870804, "1": 1.8366920678745657, "2": 1.9111345464025344, "3": 1.212599812419601, "4": -1.633450151675324, "5": -2.037016901499397, "6": 1.4988078825432343, "7": 0.72911675275699}, "datetime": {"datetime": "2021-06-29 20:47:08", "elapsed": 2009.182962, "delta": 9.704632}}
{"target": 0.0030482470225674536, "params": {"0": 0.9982652824411429, "1": 2.5927444962419237, "2": -1.4615471469411967, "3": 2.75418353965152, "4": -0.4365148953481368, "5": 1.6614572445708786, "6": -0.21469554681676017, "7": 0.7500046875742123}, "datetime": {"datetime": "2021-06-29 20:47:14", "elapsed": 2014.922025, "delta": 5.739063}}
{"target": 0.0034278656366613335, "params": {"0": -2.9059985624998044, "1": -1.721454599782277, "2": 0.6341961374358722, "3": 2.036915890102887, "4": 0.5692325347508191, "5": -2.392533101111771, "6": 1.139420786294016, "7": -2.0430038677820397}, "datetime": {"datetime": "2021-06-29 20:47:22", "elapsed": 2023.277366, "delta": 8.355341}}
{"target": 0.003079440442654145, "params": {"0": -0.14301584321573646, "1": -0.5863959177460032, "2": -2.68126894864173, "3": 2.498115227911713, "4": 2.0457173073606363, "5": -1.5361572837429252, "6": -1.1439018608085278, "7": -2.0749062203626574}, "datetime": {"datetime": "2021-06-29 20:47:30", "elapsed": 2030.801112, "delta": 7.523746}}
{"target": 0.0073464568312577826, "params": {"0": 1.5495288416492459, "1": -0.7263262340684271, "2": 0.14786720020972988, "3": -2.0543243965373, "4": 2.3390916044699797, "5": -2.8286590254948933, "6": 2.329452094065908, "7": -0.5951893146183389}, "datetime": {"datetime": "2021-06-29 20:47:38", "elapsed": 2039.240899, "delta": 8.439787}}
{"target": 0.10069462450028543, "params": {"0": 1.9067363855979487, "1": 0.07128614329887428, "2": -0.8844472182863328, "3": -1.2616879568467163, "4": 0.8874250572325351, "5": -2.7751190353897783, "6": 1.833503729146229, "7": -0.7927416239274043}, "datetime": {"datetime": "2021-06-29 20:47:46", "elapsed": 2046.986971, "delta": 7.746072}}
{"target": 0.0032248094600017046, "params": {"0": 1.8650645657069864, "1": 0.12381973135383806, "2": -1.4853675445634367, "3": -1.0431964383100047, "4": 0.6051621287721236, "5": -2.442122386802236, "6": 2.250251529717467, "7": -0.5154121996613377}, "datetime": {"datetime": "2021-06-29 20:47:57", "elapsed": 2057.796616, "delta": 10.809645}}
{"target": 0.014834258956446874, "params": {"0": 1.2179866300014943, "1": -2.540436284217642, "2": 0.07762183796326738, "3": -2.4946945813325527, "4": 1.6118720591436055, "5": -2.684551847001039, "6": 2.2117193440338303, "7": 0.07377818609637199}, "datetime": {"datetime": "2021-06-29 20:48:10", "elapsed": 2070.999936, "delta": 13.20332}}
{"target": 0.0031897068299894366, "params": {"0": -2.078886004656736, "1": 0.22038044488776354, "2": -1.278492455777914, "3": -2.1606405817597203, "4": 1.3046513739928915, "5": -1.1924483607919563, "6": 2.9318228574318024, "7": 2.2550924770597582}, "datetime": {"datetime": "2021-06-29 20:48:23", "elapsed": 2084.459586, "delta": 13.45965}}
{"target": 0.004073874746779775, "params": {"0": 1.4193996844180274, "1": 2.2598931955273365, "2": -1.146267251731153, "3": 1.194353651103075, "4": -0.8762030930762812, "5": 0.1543451410516985, "6": -1.803671199966581, "7": -0.5422777795610307}, "datetime": {"datetime": "2021-06-29 20:48:30", "elapsed": 2090.568195, "delta": 6.108609}}
{"target": 0.0030870188109434686, "params": {"0": 1.1230741933182564, "1": 2.0418580930430066, "2": -0.3573607544416504, "3": -1.849246370479118, "4": -0.2883756564895368, "5": 0.4125560541619162, "6": 2.092857933079962, "7": -0.744627157705418}, "datetime": {"datetime": "2021-06-29 20:48:39", "elapsed": 2099.63573, "delta": 9.067535}}
{"target": 0.2481837363910065, "params": {"0": 0.9758951704370764, "1": -1.356682968751321, "2": -0.008302567973249797, "3": -2.382743103042753, "4": 0.6300929221709355, "5": -2.874124884977803, "6": 2.04190737179315, "7": 1.1201792617537931}, "datetime": {"datetime": "2021-06-29 20:48:47", "elapsed": 2108.043955, "delta": 8.408225}}
{"target": 0.006181434693941781, "params": {"0": 1.7402985767877013, "1": -0.8063610418288079, "2": -0.23234769279943146, "3": -1.327646269843186, "4": 1.3640115818677057, "5": -1.9016407629575545, "6": 1.997540005392623, "7": 0.6566394741574664}, "datetime": {"datetime": "2021-06-29 20:48:57", "elapsed": 2117.594312, "delta": 9.550357}}
{"target": 0.0031581971555861557, "params": {"0": -0.03545464499829043, "1": 1.6028347737276505, "2": -1.2820960717149275, "3": -2.8858599644091045, "4": -0.19692268724582895, "5": 0.817107577913827, "6": 2.6806378875305352, "7": 0.5840827000904936}, "datetime": {"datetime": "2021-06-29 20:49:03", "elapsed": 2123.961632, "delta": 6.36732}}
{"target": 0.004005100003313154, "params": {"0": 1.4092107844309414, "1": 0.7339934688969363, "2": 0.44725023278831033, "3": 0.1926311836350183, "4": -1.5606510710276622, "5": -2.300785417576118, "6": 2.6769167734372186, "7": -2.4170848460167327}, "datetime": {"datetime": "2021-06-29 20:49:18", "elapsed": 2139.162416, "delta": 15.200784}}
{"target": 0.0030197940991920197, "params": {"0": 1.770566422999071, "1": -0.9510756705852108, "2": 1.9967410308934825, "3": -0.47965209196059444, "4": 2.95042987820223, "5": 1.785361344618364, "6": -0.2778516712680421, "7": -1.5173177263165754}, "datetime": {"datetime": "2021-06-29 20:49:28", "elapsed": 2148.950253, "delta": 9.787837}}
{"target": 0.0032702044860548067, "params": {"0": 1.8691984096969412, "1": -0.6116170771725207, "2": -0.2135227178316228, "3": -1.7000105682885602, "4": 1.4411933051687829, "5": -2.8963534196841447, "6": 0.7205546493582471, "7": -0.31200864129196937}, "datetime": {"datetime": "2021-06-29 20:49:42", "elapsed": 2162.657949, "delta": 13.707696}}
{"target": 0.004060988567621717, "params": {"0": 1.6571086286299073, "1": -1.4067561934300847, "2": -2.0272636119859078, "3": 2.20341613568496, "4": 2.9423566704698434, "5": -2.3123026042952963, "6": 2.4502621932904987, "7": -0.5758761794326563}, "datetime": {"datetime": "2021-06-29 20:49:49", "elapsed": 2169.949505, "delta": 7.291556}}
{"target": 0.0035761625028951356, "params": {"0": 0.9815149483530075, "1": -0.9939571929746833, "2": 0.22671573380190413, "3": -1.5881786099348325, "4": 1.1384439611809558, "5": -2.50916600800214, "6": 2.2720382936652115, "7": -0.16779009455198235}, "datetime": {"datetime": "2021-06-29 20:50:00", "elapsed": 2180.783499, "delta": 10.833994}}
{"target": 0.0037798241840630792, "params": {"0": 1.7708599574649835, "1": 0.665493797347557, "2": 2.654154339024636, "3": -2.881252965262849, "4": 1.4452674802458443, "5": 1.6864918544407672, "6": 1.3612010576863494, "7": -1.1590381919271564}, "datetime": {"datetime": "2021-06-29 20:50:05", "elapsed": 2185.594382, "delta": 4.810883}}
{"target": 0.0029808415085301214, "params": {"0": 0.12374480759597528, "1": -1.3140824990093765, "2": -0.9967929826943456, "3": 2.1788023810570074, "4": -2.527116006915054, "5": 1.81841681606309, "6": 1.6480500597869439, "7": 1.3348618987100913}, "datetime": {"datetime": "2021-06-29 20:50:12", "elapsed": 2193.271463, "delta": 7.677081}}
{"target": 0.007462190572293984, "params": {"0": -0.20584161999748307, "1": 1.148339040676376, "2": 1.5648578469825196, "3": -0.669486025983872, "4": -1.3259162409089469, "5": -1.6285908125157658, "6": 0.9396598358076118, "7": 1.0831821755196982}, "datetime": {"datetime": "2021-06-29 20:50:24", "elapsed": 2205.203313, "delta": 11.93185}}
{"target": 0.0036210020566438098, "params": {"0": -2.5641587883255053, "1": -0.9302936659793319, "2": 2.984337125046512, "3": 0.4107629487474327, "4": -1.9474893971287737, "5": -2.811641411104866, "6": -2.4888968766500383, "7": 2.2137732525289913}, "datetime": {"datetime": "2021-06-29 20:50:29", "elapsed": 2210.367125, "delta": 5.163812}}
{"target": 0.0043152036820213865, "params": {"0": -1.118147450115229, "1": 0.24943987504274112, "2": -1.0154057393325713, "3": -2.577609176059979, "4": -0.3006326418621139, "5": 0.008606852891403172, "6": -2.1533018530115555, "7": 2.2507786971571084}, "datetime": {"datetime": "2021-06-29 20:50:39", "elapsed": 2219.671194, "delta": 9.304069}}
{"target": 0.005121061505318845, "params": {"0": 1.9412184256828873, "1": -2.7398489105050827, "2": 1.563728598182097, "3": 0.07671851921837769, "4": -0.3041637956541283, "5": -0.7311141207950094, "6": -0.5335557915140932, "7": -2.2900485544303786}, "datetime": {"datetime": "2021-06-29 20:50:52", "elapsed": 2232.564924, "delta": 12.89373}}
{"target": 0.003677968898312925, "params": {"0": 1.7328907584123243, "1": -0.6085224234490125, "2": 2.4395316348754923, "3": -2.502066659182767, "4": -0.19334676600908463, "5": -0.2435959496738569, "6": 2.2137731572750035, "7": -2.386499200912766}, "datetime": {"datetime": "2021-06-29 20:51:02", "elapsed": 2243.46297, "delta": 10.898046}}
{"target": 0.00618588166161101, "params": {"0": 2.5130411946882205, "1": 2.626736672194971, "2": -1.165411632340964, "3": -1.9293575714669944, "4": -1.381749564670748, "5": -0.9475744554026981, "6": 2.0348662457519886, "7": -0.6025607134207789}, "datetime": {"datetime": "2021-06-29 20:51:18", "elapsed": 2259.174333, "delta": 15.711363}}
{"target": 0.003249457723863075, "params": {"0": -2.001760434974112, "1": 0.3511138201138131, "2": -0.8975557336538977, "3": -1.1393993318177036, "4": 0.33555193120135307, "5": -1.2504074927392466, "6": 2.626984701484817, "7": 2.084686948542261}, "datetime": {"datetime": "2021-06-29 20:51:26", "elapsed": 2266.606469, "delta": 7.432136}}
{"target": 0.0039171456217932735, "params": {"0": -0.20184615162375596, "1": -2.4895200654788106, "2": 0.7650129271813775, "3": -2.9176161220026446, "4": 1.6808406607870463, "5": -1.281669994582688, "6": 2.084213155963532, "7": 0.27409239126785767}, "datetime": {"datetime": "2021-06-29 20:51:39", "elapsed": 2280.502424, "delta": 13.895955}}
{"target": 0.014220195011972095, "params": {"0": 1.4133946872263357, "1": -2.45232607493861, "2": 0.4795268993399864, "3": -2.447559502682779, "4": 1.2542633661905214, "5": -2.107764499344917, "6": 1.8757546705926265, "7": -0.8359682586479833}, "datetime": {"datetime": "2021-06-29 20:51:54", "elapsed": 2294.688696, "delta": 14.186272}}
{"target": 0.01047599663360014, "params": {"0": -1.0407575333986525, "1": -0.10353288320635379, "2": -0.1489761179515101, "3": 1.0720388162601502, "4": -1.5687944868187396, "5": 2.050981677846135, "6": -2.6132605161871885, "7": 0.8167736633588305}, "datetime": {"datetime": "2021-06-29 20:52:09", "elapsed": 2310.017464, "delta": 15.328768}}
{"target": 0.008469393400296583, "params": {"0": 2.9241809839114072, "1": -0.20822612680972252, "2": -0.6362145232581953, "3": -1.8617277741056242, "4": 0.6228076512051635, "5": -2.969331238217967, "6": 1.4189595442720755, "7": -0.6267776076857201}, "datetime": {"datetime": "2021-06-29 20:52:17", "elapsed": 2318.494955, "delta": 8.477491}}
{"target": 0.005118562497055937, "params": {"0": 0.03879809654424182, "1": -2.4173991624253146, "2": 0.26755634228089953, "3": -2.593115529716048, "4": 1.5454611465713253, "5": -1.2873323395060685, "6": 1.5757361067273532, "7": -0.35353856100369585}, "datetime": {"datetime": "2021-06-29 20:52:24", "elapsed": 2324.841187, "delta": 6.346232}}
{"target": 0.00396508503042196, "params": {"0": -1.9686382274854595, "1": -1.0360949986776269, "2": 2.808086496366636, "3": 1.1608378932312737, "4": 0.2597263853064433, "5": -1.952535015656188, "6": -0.4083986652539773, "7": 1.280949214093261}, "datetime": {"datetime": "2021-06-29 20:52:29", "elapsed": 2330.444659, "delta": 5.603472}}
{"target": 0.02736795504595005, "params": {"0": -2.6503747451766237, "1": 1.8952016151910263, "2": 0.8550278109053879, "3": -1.9235462326231658, "4": 1.530132516333385, "5": -2.4435594048248626, "6": 0.14806181169742416, "7": 0.6529434503597922}, "datetime": {"datetime": "2021-06-29 20:52:38", "elapsed": 2338.980747, "delta": 8.536088}}
{"target": 0.012095158899187932, "params": {"0": 9.564192890998413e-07, "1": 1.9122672011502786, "2": 2.4259743829555918, "3": -0.545598121920662, "4": -0.7754237561344892, "5": -1.1853639384632693, "6": 0.7059922083874213, "7": 1.6839389468133428}, "datetime": {"datetime": "2021-06-29 20:52:48", "elapsed": 2348.619886, "delta": 9.639139}}
{"target": 0.0031664886966120717, "params": {"0": 1.3907875590944219, "1": -2.638111700579781, "2": 0.8222765218940102, "3": -2.5325614713968716, "4": 1.4516518007194517, "5": -1.1179784565699349, "6": 1.9743122855072182, "7": -1.7970712103775826}, "datetime": {"datetime": "2021-06-29 20:52:57", "elapsed": 2357.88446, "delta": 9.264574}}
{"target": 0.0033978365896561733, "params": {"0": 2.752666405135903, "1": 0.38896314988384795, "2": -1.5228494616964054, "3": 2.519030450243651, "4": -0.9587630668657816, "5": 1.9407882722855812, "6": -2.4626088836065683, "7": -0.8141978438683699}, "datetime": {"datetime": "2021-06-29 20:53:04", "elapsed": 2365.347366, "delta": 7.462906}}
{"target": 0.0031876257404626082, "params": {"0": 2.118955849288149, "1": 0.685341649321149, "2": 1.4802054233666402, "3": -1.4028427984535359, "4": 0.5144745810694973, "5": 1.4847424950035855, "6": 1.0260978969220869, "7": -1.9377808543548312}, "datetime": {"datetime": "2021-06-29 20:53:12", "elapsed": 2373.085868, "delta": 7.738502}}
