{"target": 0.009525866943355851, "params": {"0": -2.5012385724441595, "1": 0.8413228886540249, "2": 2.778425388096532, "3": -2.62805889476311, "4": 2.7533596628429287, "5": 0.04973210994865074, "6": -2.2073530239725407, "7": -0.1069697086550514}, "datetime": {"datetime": "2021-06-30 03:47:57", "elapsed": 27258.259487, "delta": 35.72077}}
{"target": 0.003563670533972153, "params": {"0": 2.7372865726870765, "1": -0.9915262658612729, "2": -0.8367895885844234, "3": -2.698198000479829, "4": -2.8481291479345865, "5": -0.6029920147343275, "6": 1.1894214053304237, "7": -0.3896111332800771}, "datetime": {"datetime": "2021-06-30 03:48:28", "elapsed": 27289.03592, "delta": 30.776433}}
{"target": 0.008847861889918453, "params": {"0": -1.742355484561446, "1": 0.4734488107921213, "2": -0.9359972718900513, "3": -2.232806568170491, "4": 0.9688056764943367, "5": -0.7381313293847191, "6": 0.12588294562472857, "7": 0.9503860704342264}, "datetime": {"datetime": "2021-06-30 03:48:59", "elapsed": 27320.043111, "delta": 31.007191}}
{"target": 0.0029642123820026243, "params": {"0": 2.303237952989009, "1": 2.939918112577061, "2": 2.2262002131034357, "3": 0.9902096144278296, "4": 2.4558214631092614, "5": -0.7908603458126979, "6": -0.634256403655078, "7": -0.8616969674274575}, "datetime": {"datetime": "2021-06-30 03:49:39", "elapsed": 27359.62981, "delta": 39.586699}}
{"target": 0.003494951841944993, "params": {"0": -0.3422734032490409, "1": -0.6885472345096857, "2": -1.7071872650455922, "3": 2.9122856678156577, "4": -0.6189451662584426, "5": -2.549654211630324, "6": -1.3995473593040622, "7": 1.040367665559823}, "datetime": {"datetime": "2021-06-30 03:50:10", "elapsed": 27391.039462, "delta": 31.409652}}
{"target": 0.0034543081923905368, "params": {"0": -0.0855499695859483, "1": 0.3614826946165519, "2": -1.5553497972307595, "3": -1.1816417849641392, "4": -1.677240150765189, "5": -0.8679356249880703, "6": 2.4157280578077165, "7": 0.7727608553425656}, "datetime": {"datetime": "2021-06-30 03:50:43", "elapsed": 27424.118832, "delta": 33.07937}}
{"target": 0.0037387871685148222, "params": {"0": 2.8294421547675457, "1": 0.892248302624961, "2": -0.22618505908355768, "3": 1.5657521383830604, "4": 1.7918944400135857, "5": -1.1096249592214393, "6": -2.8369780985117945, "7": -0.37018110231952805}, "datetime": {"datetime": "2021-06-30 03:51:11", "elapsed": 27451.60774, "delta": 27.488908}}
{"target": 0.0031460210814311085, "params": {"0": 2.403113455972014, "1": -1.6034819259791706, "2": 0.9723582067789573, "3": 0.3962921725228199, "4": -1.1356494689036403, "5": 2.106877209185626, "6": -0.11131206389315906, "7": 0.48168715038084375}, "datetime": {"datetime": "2021-06-30 03:51:56", "elapsed": 27497.041044, "delta": 45.433304}}
{"target": 0.0031932108671571522, "params": {"0": -2.6584414613445677, "1": 1.8223170331229817, "2": -0.3558911322279035, "3": 1.4905596506152214, "4": 2.740842057223017, "5": -0.627826853269835, "6": 2.564491801450898, "7": 1.3095288716835656}, "datetime": {"datetime": "2021-06-30 03:52:36", "elapsed": 27536.955962, "delta": 39.914918}}
{"target": 0.003469540392348362, "params": {"0": 0.03351364912813537, "1": 0.7618792638515481, "2": 2.0459343498156173, "3": 0.3456661589332164, "4": -2.1876837033797356, "5": 2.334080069820523, "6": -1.7919030974768515, "7": -2.755700762976996}, "datetime": {"datetime": "2021-06-30 03:53:04", "elapsed": 27565.392085, "delta": 28.436123}}
{"target": 0.0065218749398874305, "params": {"0": 2.9402403105143087, "1": -2.717363785319697, "2": 2.2714190789471163, "3": -0.715840876744231, "4": 1.4499511892157004, "5": -0.7897239205763773, "6": 2.2788800486702083, "7": -2.9712856204226075}, "datetime": {"datetime": "2021-06-30 03:53:47", "elapsed": 27608.461783, "delta": 43.069698}}
{"target": 0.014911903220053422, "params": {"0": 1.633191207206366, "1": -1.1754379025483837, "2": 0.47673248986354544, "3": -2.0992898673845146, "4": -2.4347331146825244, "5": 0.08565925383116957, "6": 2.6623932519118165, "7": -2.8451801832336807}, "datetime": {"datetime": "2021-06-30 03:54:43", "elapsed": 27664.020003, "delta": 55.55822}}
{"target": 0.0029977395621563763, "params": {"0": -1.446853814468434, "1": -2.058347636952777, "2": 0.6617785903972364, "3": -2.085695652871592, "4": 0.3053681999903173, "5": 0.9677662662367723, "6": 0.5268779017348555, "7": 0.6905416882930275}, "datetime": {"datetime": "2021-06-30 03:56:50", "elapsed": 27790.553648, "delta": 126.533645}}
{"target": 0.007050380655050296, "params": {"0": 0.3391856510531932, "1": 2.2517194794008786, "2": 2.9352379162812214, "3": -0.48795945422706666, "4": 1.2345124262605403, "5": -0.08046867769368404, "6": 0.9283796711039844, "7": 0.23200784724699552}, "datetime": {"datetime": "2021-06-30 03:57:52", "elapsed": 27853.095525, "delta": 62.541877}}
{"target": 0.005107298975894661, "params": {"0": -2.961113472571963, "1": -1.464940095428867, "2": -0.15165405602912596, "3": -2.158581537475814, "4": 1.4807966759241378, "5": -1.461291576677169, "6": -0.8579795725908097, "7": -1.1903168308717151}, "datetime": {"datetime": "2021-06-30 03:58:23", "elapsed": 27883.828447, "delta": 30.732922}}
{"target": 0.003565758577422078, "params": {"0": 1.0284423552121096, "1": 2.0870761152652877, "2": -0.3132759528662339, "3": -1.3349546965369525, "4": -0.5067915582583895, "5": -0.29988030915296804, "6": 1.9004786164474572, "7": -1.996971610965632}, "datetime": {"datetime": "2021-06-30 03:58:56", "elapsed": 27917.151488, "delta": 33.323041}}
{"target": 0.003967127232628778, "params": {"0": -1.2193196793165406, "1": -2.411870453104382, "2": -2.028680890622141, "3": -0.603900536140181, "4": 0.19332188285795748, "5": 2.8225059564596915, "6": -2.7377007004499516, "7": 0.06583198679281477}, "datetime": {"datetime": "2021-06-30 03:59:45", "elapsed": 27965.861891, "delta": 48.710403}}
{"target": 0.0029475588357106264, "params": {"0": 1.6369384456598963, "1": -0.30942275968770616, "2": 2.3891702768443217, "3": 1.366469054616739, "4": 0.2657256975961584, "5": 0.33716993452142496, "6": -1.0896592190213799, "7": -2.032853137033465}, "datetime": {"datetime": "2021-06-30 04:00:32", "elapsed": 28013.396524, "delta": 47.534633}}
{"target": 0.004039287015959272, "params": {"0": -0.29171185921488396, "1": -0.6400235690150602, "2": -0.5198088336810525, "3": -1.262277037903476, "4": 0.458342398208774, "5": 1.1714002732284854, "6": -0.08960672724669516, "7": -1.709756108191625}, "datetime": {"datetime": "2021-06-30 04:01:00", "elapsed": 28040.710424, "delta": 27.3139}}
{"target": 0.002993748969078868, "params": {"0": -1.8418907646084928, "1": 2.4994702751153124, "2": 1.7914831671021885, "3": 0.18753730794837686, "4": 1.632865511645404, "5": 2.085744306675208, "6": 1.937019300278811, "7": 1.4245888923122694}, "datetime": {"datetime": "2021-06-30 04:01:56", "elapsed": 28097.439534, "delta": 56.72911}}
{"target": 0.00298940068011098, "params": {"0": -0.2799418908383311, "1": 0.15579790230523693, "2": 1.5414358633487648, "3": 1.8941399528729344, "4": 0.5447553750421723, "5": 2.1382250396146043, "6": -1.4241112604742907, "7": -1.6393960072278777}, "datetime": {"datetime": "2021-06-30 04:02:39", "elapsed": 28140.421223, "delta": 42.981689}}
{"target": 0.0032324687977653764, "params": {"0": 0.6616937810587808, "1": 1.7098211092511377, "2": -2.3472368808917685, "3": 2.270208179179657, "4": -2.84412281334619, "5": 0.23630157247464822, "6": -1.0815794143236432, "7": 1.771612252153071}, "datetime": {"datetime": "2021-06-30 04:03:19", "elapsed": 28180.04852, "delta": 39.627297}}
