{"target": 0.0030497956155154282, "params": {"0": -2.8220469972515927, "1": -2.8287492113315125, "2": -1.1447998331256142, "3": 0.06178909164993929, "4": -0.6690821270107721, "5": -0.2750191977237897, "6": 0.044570457416218456, "7": 2.433304959493152}, "datetime": {"datetime": "2021-06-30 00:20:33", "elapsed": 14814.292758, "delta": 21.770605}}
{"target": 0.003363053110716043, "params": {"0": 1.1351854989262913, "1": -2.920656101296364, "2": 1.0468572196793495, "3": -1.913546074972659, "4": 2.50844568459749, "5": -0.31606199002901514, "6": 1.6879171452610198, "7": 0.11623116942151679}, "datetime": {"datetime": "2021-06-30 00:21:04", "elapsed": 14845.626268, "delta": 31.33351}}
{"target": 0.003149290214091986, "params": {"0": -0.9282449677661022, "1": -0.8516542160101901, "2": 1.5520492591835247, "3": -1.2385159080636179, "4": 0.8963985768501992, "5": 2.5909245077324217, "6": -2.409039948133179, "7": 0.5463350705525745}, "datetime": {"datetime": "2021-06-30 00:21:30", "elapsed": 14871.465561, "delta": 25.839293}}
{"target": 0.003498921509225697, "params": {"0": 2.805781344732699, "1": 1.4259945877438938, "2": 1.86411377648062, "3": -2.276985523907488, "4": -0.4799232316457229, "5": 2.727691972276882, "6": -1.756027833370367, "7": -2.2696725036004786}, "datetime": {"datetime": "2021-06-30 00:22:01", "elapsed": 14902.199698, "delta": 30.734137}}
{"target": 0.0030420956761080887, "params": {"0": -2.831252954766306, "1": -0.655042316644983, "2": -1.228063965891074, "3": 0.8187145164397727, "4": -0.158039863465691, "5": 1.179021705608224, "6": -1.228394929054687, "7": -0.024777825477150905}, "datetime": {"datetime": "2021-06-30 00:22:21", "elapsed": 14921.970276, "delta": 19.770578}}
{"target": 0.009987365513589478, "params": {"0": 0.7462398190207598, "1": 0.829985920804122, "2": -2.6671377037615276, "3": -2.328549761476229, "4": 0.6896941311583347, "5": 0.15465201701894138, "6": 1.0156100797995125, "7": -1.5154075753311513}, "datetime": {"datetime": "2021-06-30 00:23:00", "elapsed": 14961.614242, "delta": 39.643966}}
{"target": 0.005239246413622555, "params": {"0": 2.900786107244925, "1": 1.092089023442469, "2": 2.4747581316098124, "3": -2.56565690377381, "4": -0.9143057501321694, "5": -0.3232106659627112, "6": -0.006893135402370021, "7": 0.659864843537326}, "datetime": {"datetime": "2021-06-30 00:23:20", "elapsed": 14980.805005, "delta": 19.190763}}
{"target": 0.0036346014252211373, "params": {"0": 1.9762171800442392, "1": 0.2860633675693025, "2": -0.948316600247257, "3": -0.887802776736609, "4": -1.7591948215876845, "5": -0.04304590972062439, "6": -1.8728663230293487, "7": 1.4193593748211955}, "datetime": {"datetime": "2021-06-30 00:23:50", "elapsed": 15011.506772, "delta": 30.701767}}
{"target": 0.0035067980066843104, "params": {"0": -2.1134947374162616, "1": 0.618891266173005, "2": 0.028388672106901325, "3": -2.7377159031350797, "4": -2.3181705539738466, "5": 1.1817206511244365, "6": -1.6459249442753232, "7": -2.1046691529084116}, "datetime": {"datetime": "2021-06-30 00:25:05", "elapsed": 15085.821165, "delta": 74.314393}}
{"target": 0.0038014166806047975, "params": {"0": -2.768427266277079, "1": -2.034801323396807, "2": -2.5974250259620817, "3": -0.2736603934234014, "4": 2.1350998775049845, "5": -2.565525169525187, "6": -2.6639456251614435, "7": -0.08450607354032202}, "datetime": {"datetime": "2021-06-30 00:25:32", "elapsed": 15113.309323, "delta": 27.488158}}
{"target": 0.3458383257312906, "params": {"0": -0.7405291676053141, "1": 1.3722945622585243, "2": 0.36950884876506773, "3": 0.8638906062642748, "4": -1.1707532850897469, "5": -1.8336306005565612, "6": -1.5553145793366105, "7": 0.8300016104117964}, "datetime": {"datetime": "2021-06-30 00:25:57", "elapsed": 15138.568367, "delta": 25.259044}}
{"target": 0.003402760643130896, "params": {"0": 2.086380899567409, "1": -0.6946693551880907, "2": 2.9656639318038653, "3": 1.2869645711729838, "4": 1.5533846468481745, "5": -2.5126101466222392, "6": 0.49116659004382557, "7": -0.571602197099371}, "datetime": {"datetime": "2021-06-30 00:27:11", "elapsed": 15211.795536, "delta": 73.227169}}
{"target": 0.006277871928418629, "params": {"0": -0.7309723845874214, "1": 2.9374396036722574, "2": -2.7001228141407903, "3": -0.8729881160975137, "4": 2.1327887810387347, "5": 1.8196880553772603, "6": -0.6375335997815674, "7": 0.920201254715999}, "datetime": {"datetime": "2021-06-30 00:27:43", "elapsed": 15244.630644, "delta": 32.835108}}
{"target": 0.013937305718517567, "params": {"0": -2.14542700701211, "1": 2.920801187747582, "2": -0.4805871758511513, "3": -1.1970773526822656, "4": -1.546312871070174, "5": 0.590082399360293, "6": 2.328111933882396, "7": -1.6154232300087479}, "datetime": {"datetime": "2021-06-30 00:28:14", "elapsed": 15275.674066, "delta": 31.043422}}
{"target": 0.005208511673033203, "params": {"0": -0.4024974790924647, "1": -0.9264377036867444, "2": 0.22688126032098443, "3": 2.1289537032191763, "4": -2.4942440099216694, "5": -1.2569971241030742, "6": 1.5749244989619573, "7": 2.621670056986922}, "datetime": {"datetime": "2021-06-30 00:29:19", "elapsed": 15340.162195, "delta": 64.488129}}
{"target": 0.005994475419055632, "params": {"0": 0.33620439604345975, "1": 1.5727224409072216, "2": -1.086139857412121, "3": 2.1344312965568744, "4": -2.790819059164683, "5": -2.7942351708770734, "6": 1.7830374935821567, "7": -2.26245782720732}, "datetime": {"datetime": "2021-06-30 00:29:43", "elapsed": 15363.868918, "delta": 23.706723}}
{"target": 0.00391219324908011, "params": {"0": -0.2358307281741494, "1": -2.3536777271204654, "2": 1.7281616252145051, "3": -0.8801569553956572, "4": -1.5391236587745645, "5": 2.573332558246393, "6": 0.3053713187910567, "7": 2.715500316858103}, "datetime": {"datetime": "2021-06-30 00:30:49", "elapsed": 15430.75762, "delta": 66.888702}}
{"target": 0.0030876337069142617, "params": {"0": -1.5327359808479282, "1": -0.3963850097020556, "2": -0.10740103859632733, "3": 0.38170683837928276, "4": 2.7177597052215896, "5": 1.819083701430868, "6": 1.7068182881033298, "7": 1.2979836625474697}, "datetime": {"datetime": "2021-06-30 00:32:06", "elapsed": 15507.516626, "delta": 76.759006}}
{"target": 0.0030998111819764067, "params": {"0": 2.7372291137722238, "1": 2.2416098372846394, "2": -1.3472972191580368, "3": -0.17904991557143468, "4": 0.4070406492401024, "5": -2.8482448232471445, "6": -2.1471999759920477, "7": 1.011965557737561}, "datetime": {"datetime": "2021-06-30 00:32:33", "elapsed": 15534.705638, "delta": 27.189012}}
{"target": 0.004234697513212627, "params": {"0": -2.0719511161163675, "1": -2.4400348230002584, "2": 1.6840180752537393, "3": 0.4988336152260131, "4": -2.637172401295518, "5": -0.8706276418196253, "6": -1.6068347577427722, "7": -2.3504856366962814}, "datetime": {"datetime": "2021-06-30 00:32:56", "elapsed": 15557.212421, "delta": 22.506783}}
{"target": 0.005031726759861324, "params": {"0": -2.5358009483725734, "1": 1.4478691920474054, "2": 2.1748859248457304, "3": 2.350923476961918, "4": -1.271820748411875, "5": -1.2916643216477717, "6": -1.41402020424725, "7": -2.8345516842433667}, "datetime": {"datetime": "2021-06-30 00:33:35", "elapsed": 15596.363773, "delta": 39.151352}}
{"target": 0.44147148897114835, "params": {"0": -1.091012401283757, "1": 2.2585354875038783, "2": -2.1351635317042694, "3": 1.2024106284235963, "4": -2.190250822614734, "5": -2.7755451582058246, "6": -2.2558036257106506, "7": 0.19587601098185914}, "datetime": {"datetime": "2021-06-30 00:34:10", "elapsed": 15631.636362, "delta": 35.272589}}
{"target": 0.0030357589522137583, "params": {"0": -0.11595025845572682, "1": -0.4996379593234277, "2": 2.1742160552952594, "3": 2.7053649624066516, "4": 2.2338650657030303, "5": 0.05156766057827067, "6": -2.311245637338984, "7": -1.0432145729466777}, "datetime": {"datetime": "2021-06-30 00:34:32", "elapsed": 15653.753998, "delta": 22.117636}}
{"target": 0.0031409330305174174, "params": {"0": 1.4040845339922718, "1": 1.4129958439942776, "2": -2.1064265420089052, "3": -1.1321549643838056, "4": -0.18468716048169576, "5": 1.7113657433947767, "6": 0.21398121515888757, "7": -0.8992164911611895}, "datetime": {"datetime": "2021-06-30 00:35:44", "elapsed": 15724.7656, "delta": 71.011602}}
{"target": 0.005193433048588553, "params": {"0": 2.491829114029951, "1": -1.1955613764592279, "2": -0.505275557409103, "3": 1.5757321400184585, "4": -2.5463920456345983, "5": -0.40601684521711245, "6": -2.4452548215180014, "7": 1.1956814308773591}, "datetime": {"datetime": "2021-06-30 00:36:11", "elapsed": 15752.632583, "delta": 27.866983}}
{"target": 0.0031262553973377917, "params": {"0": 2.597533801714053, "1": 2.8888229879010394, "2": 2.3570771910141604, "3": -2.602451850397302, "4": 1.417887953283815, "5": -1.1042296437887966, "6": -0.9156780590340672, "7": 1.255909481326631}, "datetime": {"datetime": "2021-06-30 00:36:36", "elapsed": 15776.80419, "delta": 24.171607}}
{"target": 0.003168879182354687, "params": {"0": -1.9363630116981165, "1": 2.1658341830585224, "2": 0.8156929901393246, "3": 2.12417839123517, "4": -0.8280609754084205, "5": 0.3372392998028695, "6": -2.5469586393223924, "7": -0.5250904325107157}, "datetime": {"datetime": "2021-06-30 00:37:07", "elapsed": 15808.732946, "delta": 31.928756}}
{"target": 0.030752261552154547, "params": {"0": 0.7731107791872756, "1": -1.460766850083001, "2": 0.25026227423289216, "3": -2.036775725862263, "4": 0.3334951202972025, "5": -2.099728217798373, "6": -2.1749250422100785, "7": 0.018001671092792826}, "datetime": {"datetime": "2021-06-30 00:38:20", "elapsed": 15880.987265, "delta": 72.254319}}
{"target": 0.0034008012857347776, "params": {"0": 1.2629923039735713, "1": 1.5195350628501867, "2": -2.270626186407359, "3": -0.7523028183731704, "4": -2.66954107362744, "5": -2.8090904708572055, "6": -1.3499013785780936, "7": 0.43045812527294025}, "datetime": {"datetime": "2021-06-30 00:38:50", "elapsed": 15911.10944, "delta": 30.122175}}
{"target": 0.003334043863013675, "params": {"0": -1.047233551985831, "1": 0.40700812987703916, "2": -1.9527486278573682, "3": -2.6848984519799135, "4": 2.5322638492723932, "5": -0.12748315212507677, "6": -0.31671664745166606, "7": -0.22274046420461646}, "datetime": {"datetime": "2021-06-30 00:39:13", "elapsed": 15933.860182, "delta": 22.750742}}
{"target": 0.00549035688233243, "params": {"0": 0.8605881919224831, "1": 1.2627110874808238, "2": -2.842513832594028, "3": -0.3252115163353926, "4": -2.876128786907792, "5": -1.5509077975780676, "6": 0.5685809775329385, "7": -0.9529355143276712}, "datetime": {"datetime": "2021-06-30 00:40:05", "elapsed": 15986.72976, "delta": 52.869578}}
{"target": 0.005035121376381167, "params": {"0": 2.4271119655144613, "1": -1.8827416520375468, "2": -0.1068986131153431, "3": 2.8282677481389067, "4": -2.7400773899990263, "5": 0.9934409255248275, "6": -2.814086545991134, "7": -2.2410103841456057}, "datetime": {"datetime": "2021-06-30 00:40:34", "elapsed": 16015.223354, "delta": 28.493594}}
{"target": 0.011624527497389446, "params": {"0": 1.4962868348069236, "1": 2.7443310523291364, "2": -2.7900661081357976, "3": 1.1094237666305728, "4": 1.8766354920276438, "5": -2.578510577418643, "6": -0.17668852250806388, "7": -2.9846133561965136}, "datetime": {"datetime": "2021-06-30 00:40:57", "elapsed": 16038.446759, "delta": 23.223405}}
{"target": 0.0032854407182407635, "params": {"0": -0.6793296122575869, "1": -0.7604059679885493, "2": -0.12902061882592974, "3": 1.6481774421785627, "4": -1.9655827956695404, "5": 1.519950172374525, "6": -0.24248437058540162, "7": 0.9623775756649096}, "datetime": {"datetime": "2021-06-30 00:41:34", "elapsed": 16075.046177, "delta": 36.599418}}
{"target": 0.003663130358759525, "params": {"0": -2.191622502643354, "1": -1.3505309467613487, "2": 0.938708454347478, "3": -2.290700850584604, "4": -1.4766170315401408, "5": -1.3226535952492455, "6": -1.2649223511908194, "7": 1.4132674371992682}, "datetime": {"datetime": "2021-06-30 00:41:59", "elapsed": 16100.300712, "delta": 25.254535}}
{"target": 0.005655686835392194, "params": {"0": -2.387262845174111, "1": -0.09865029180531604, "2": 1.5455856354678374, "3": 1.5180842833261767, "4": 0.19006053717940574, "5": -2.96440408789449, "6": 0.8279375691163589, "7": -2.335131291030174}, "datetime": {"datetime": "2021-06-30 00:42:28", "elapsed": 16129.366634, "delta": 29.065922}}
{"target": 0.0031103079899000344, "params": {"0": -2.6256386238321827, "1": 0.41604458470079386, "2": -2.3841704079631887, "3": 1.4185000115366417, "4": 0.2041445833126989, "5": -0.40771137261075996, "6": 1.6911382498163157, "7": 0.9762422337091392}, "datetime": {"datetime": "2021-06-30 00:43:06", "elapsed": 16166.975285, "delta": 37.608651}}
{"target": 0.0030363211791601956, "params": {"0": 1.3345782480904331, "1": 1.0637892087418948, "2": 1.5915569138635401, "3": 0.2899690993689443, "4": 1.827706114181745, "5": 0.8463407185413234, "6": -2.7199778434772837, "7": 2.1377495725430355}, "datetime": {"datetime": "2021-06-30 00:43:26", "elapsed": 16186.811517, "delta": 19.836232}}
{"target": 0.0029911052026939883, "params": {"0": -0.6092642558275587, "1": -0.9350053608535438, "2": -1.724841668506126, "3": 0.7569926876453952, "4": -1.1288051791096207, "5": 2.6492237830500596, "6": 1.1752538109297603, "7": -1.8741783356740402}, "datetime": {"datetime": "2021-06-30 00:43:50", "elapsed": 16211.674987, "delta": 24.86347}}
{"target": 0.0034109636605450964, "params": {"0": 2.1330458473089635, "1": -0.25801470640517055, "2": -0.382870992580159, "3": -2.9395105973149978, "4": -1.300320348508389, "5": 0.9615073304066524, "6": 0.974968373946492, "7": -0.4044682095594361}, "datetime": {"datetime": "2021-06-30 00:44:24", "elapsed": 16245.72367, "delta": 34.048683}}
{"target": 0.0031090933154918066, "params": {"0": -0.938280505799149, "1": -2.3854533423739213, "2": 1.485439448636205, "3": 0.35053449333295905, "4": 1.9825935155409669, "5": 1.5435707573484958, "6": -2.5990011167490703, "7": -2.0903992890551635}, "datetime": {"datetime": "2021-06-30 00:45:03", "elapsed": 16283.874325, "delta": 38.150655}}
{"target": 0.008800552027438674, "params": {"0": 2.3440609071318654, "1": -0.8679262990067551, "2": 2.145828966741661, "3": -2.6932892537552506, "4": -1.3505604736501253, "5": -0.9796983133206645, "6": 2.6365939811953725, "7": -1.7759390006753248}, "datetime": {"datetime": "2021-06-30 00:45:35", "elapsed": 16316.435894, "delta": 32.561569}}
{"target": 0.0030552444008000714, "params": {"0": -2.766929951504598, "1": -0.9525228366650538, "2": -0.6212250895516478, "3": 0.9500798064424258, "4": 2.5439519832771715, "5": -0.981648432858691, "6": -1.0100863131863003, "7": -0.264635544241548}, "datetime": {"datetime": "2021-06-30 00:46:03", "elapsed": 16343.847528, "delta": 27.411634}}
{"target": 0.0029209174138954594, "params": {"0": -0.7548320801174029, "1": 2.8997843492234736, "2": -0.10410699179145766, "3": 2.9421881776362433, "4": 2.922821371632221, "5": -2.07288864813873, "6": 1.41917079651813, "7": -0.18858934337673006}, "datetime": {"datetime": "2021-06-30 00:46:25", "elapsed": 16366.328808, "delta": 22.48128}}
{"target": 0.0035146169057615347, "params": {"0": -0.31786724164313274, "1": -2.1987763029795646, "2": -0.6398834115252003, "3": 0.25498036417248837, "4": -2.5576937935009467, "5": -1.7849056517386983, "6": -0.2932493464667565, "7": -2.4323018199511806}, "datetime": {"datetime": "2021-06-30 00:46:46", "elapsed": 16387.040824, "delta": 20.712016}}
{"target": 0.0035280250819414456, "params": {"0": 0.6242002263488313, "1": -2.090931157843942, "2": 1.337968460019738, "3": 2.4939570872495054, "4": 0.09890343138894808, "5": 1.0359933628404914, "6": 2.498648653358117, "7": -0.15226553955799105}, "datetime": {"datetime": "2021-06-30 00:47:19", "elapsed": 16420.239002, "delta": 33.198178}}
{"target": 0.0038186368911773926, "params": {"0": -1.9991826045678855, "1": -2.7177093598553075, "2": -1.68575140484198, "3": -2.7604774052638583, "4": -0.20197659848087834, "5": -2.6766512694306828, "6": -0.23613951225803342, "7": 1.9155004466720973}, "datetime": {"datetime": "2021-06-30 00:47:39", "elapsed": 16439.941861, "delta": 19.702859}}
{"target": 0.003171338817284168, "params": {"0": -1.1860706281869429, "1": -2.473559432268592, "2": -2.8871591945178503, "3": -2.083481745268639, "4": -1.0781860648746942, "5": 2.6567742388590556, "6": -2.310359929482645, "7": 1.5694382101162532}, "datetime": {"datetime": "2021-06-30 00:48:06", "elapsed": 16467.523876, "delta": 27.582015}}
{"target": 0.0034260052297874167, "params": {"0": 2.143991507270343, "1": 2.1196388658146503, "2": -1.9807885511914258, "3": 0.8362676052176843, "4": -0.5345064720903716, "5": 0.8642119266441926, "6": 1.8796335642022708, "7": 2.0208378616321765}, "datetime": {"datetime": "2021-06-30 00:48:33", "elapsed": 16494.74849, "delta": 27.224614}}
{"target": 0.006856820433809465, "params": {"0": -2.0778632717516485, "1": 0.8790988823957511, "2": -0.6990026637902234, "3": -0.44899033154970613, "4": -2.934650429903626, "5": 1.0143669227856584, "6": -1.7405115831812936, "7": 2.187019246354722}, "datetime": {"datetime": "2021-06-30 00:49:05", "elapsed": 16526.722348, "delta": 31.973858}}
{"target": 0.002907316252749729, "params": {"0": 1.9269841017382658, "1": 0.5565783313022923, "2": 1.7819948839018096, "3": 0.4755029225182801, "4": 1.702426140130834, "5": 1.603789636662488, "6": -1.9296574850136512, "7": 2.468368329455516}, "datetime": {"datetime": "2021-06-30 00:49:49", "elapsed": 16569.782941, "delta": 43.060593}}
{"target": 0.00346579474949036, "params": {"0": -0.8703962777939269, "1": -1.4341327442456062, "2": 2.5822759344003874, "3": 0.37493492020930663, "4": 0.7696260354534372, "5": -2.878171762286425, "6": 2.9754585941710143, "7": -1.0403552306532655}, "datetime": {"datetime": "2021-06-30 00:50:25", "elapsed": 16606.594976, "delta": 36.812035}}
{"target": 0.004083202559930788, "params": {"0": -0.5847254946028357, "1": 1.884242466818609, "2": -1.718829290582454, "3": -1.513530496696139, "4": -2.8054395464467943, "5": -1.6406448448893405, "6": -0.3176571467268987, "7": 2.549976379196371}, "datetime": {"datetime": "2021-06-30 00:50:44", "elapsed": 16625.346509, "delta": 18.751533}}
{"target": 0.0029126577400280917, "params": {"0": -1.4279522972517924, "1": -2.8219371934231425, "2": -1.6593990446379836, "3": 0.2931498666090384, "4": 0.31390253059376505, "5": 1.3736754899528076, "6": 0.7424623716427088, "7": -1.3222029807351676}, "datetime": {"datetime": "2021-06-30 00:51:11", "elapsed": 16651.811453, "delta": 26.464944}}
{"target": 0.0030921793159586503, "params": {"0": -0.7882243543273106, "1": -0.8346050791992972, "2": -2.300764134875595, "3": -0.4239833737068013, "4": -0.3471706668153005, "5": 2.1000985885704075, "6": -2.340892661635095, "7": 2.607469756846922}, "datetime": {"datetime": "2021-06-30 00:51:35", "elapsed": 16676.253835, "delta": 24.442382}}
{"target": 0.004223029003243958, "params": {"0": 0.8273656240323057, "1": 1.1058277102456433, "2": -2.667721618383756, "3": 1.5894206644799116, "4": 0.2925635192230138, "5": -1.3093365427694168, "6": -1.7611251542946924, "7": -1.8517379278728723}, "datetime": {"datetime": "2021-06-30 00:52:05", "elapsed": 16705.877388, "delta": 29.623553}}
{"target": 0.0031772153022436365, "params": {"0": 1.416911328081465, "1": -0.8309204185279628, "2": 1.3316403521687619, "3": -2.565053299778234, "4": 2.5488680771448227, "5": 2.674331370931573, "6": -2.059178159094522, "7": -2.354666842189689}, "datetime": {"datetime": "2021-06-30 00:52:37", "elapsed": 16738.282919, "delta": 32.405531}}
{"target": 0.006384900205941167, "params": {"0": -2.2931184544457013, "1": 2.031758257671715, "2": 0.10315189528182112, "3": -2.3325678816441306, "4": -1.4216325592313677, "5": -1.5742117180899569, "6": 1.87007871012574, "7": -1.2103705852896318}, "datetime": {"datetime": "2021-06-30 00:53:17", "elapsed": 16778.179522, "delta": 39.896603}}
{"target": 0.005499946627112801, "params": {"0": 1.1114864774884783, "1": -0.363408130965861, "2": 0.9020970580796566, "3": -0.33082086205006034, "4": 1.4484311110460313, "5": -0.7053781941214936, "6": -2.0354410966696035, "7": 2.494416743068916}, "datetime": {"datetime": "2021-06-30 00:53:42", "elapsed": 16803.655293, "delta": 25.475771}}
{"target": 0.005497440316124582, "params": {"0": -1.283452274993541, "1": 1.2391422029646302, "2": -0.07086359443376322, "3": 1.0405051526417308, "4": -0.48384768116465704, "5": -2.1365423336829945, "6": -2.7339333818650973, "7": -2.926008799303024}, "datetime": {"datetime": "2021-06-30 00:54:08", "elapsed": 16829.128064, "delta": 25.472771}}
{"target": 0.00315475399517302, "params": {"0": 2.6940262869598097, "1": 2.4008477285471956, "2": -2.5417014661293944, "3": 1.1877654470821675, "4": 2.941554990374107, "5": -0.8907394416087051, "6": 0.01759428563730392, "7": -0.9424863402630841}, "datetime": {"datetime": "2021-06-30 00:54:48", "elapsed": 16868.903511, "delta": 39.775447}}
{"target": 0.002951786773031349, "params": {"0": 1.8564451273007512, "1": 1.181676370621437, "2": 2.8287890611766136, "3": -0.4327268019105279, "4": 0.5470600431624453, "5": 2.744123389357892, "6": 0.47102825881528787, "7": 1.232031701906032}, "datetime": {"datetime": "2021-06-30 00:55:17", "elapsed": 16898.074161, "delta": 29.17065}}
{"target": 0.0029828856117426745, "params": {"0": -1.5742366045718221, "1": 2.058647842134489, "2": 2.3895719328326397, "3": 0.891545139634145, "4": 0.7188586175892242, "5": 1.158491619491664, "6": -1.3264566268164997, "7": -0.936450656040511}, "datetime": {"datetime": "2021-06-30 00:55:43", "elapsed": 16924.363633, "delta": 26.289472}}
{"target": 0.0030458935983015234, "params": {"0": -1.6106883827449932, "1": 2.670400922393413, "2": 1.344875014265556, "3": -0.2391954970458614, "4": -1.5269930314991214, "5": 0.6672800927691362, "6": -0.07339995435610325, "7": -1.6559576816644164}, "datetime": {"datetime": "2021-06-30 00:56:13", "elapsed": 16954.121762, "delta": 29.758129}}
