{"target": 0.002879723979421543, "params": {"0": -2.091547255782767, "1": 2.321493978802666, "2": 2.3320920414187434, "3": -2.8460363953241528, "4": 1.123937762160942, "5": 1.5907905271361598, "6": 1.8095658298468162, "7": 1.685357131887569}, "datetime": {"datetime": "2021-06-29 20:30:45", "elapsed": 1026.428378, "delta": 4.194265}}
{"target": 0.0031156216026786312, "params": {"0": 2.6358084300709157, "1": 2.3382041428940648, "2": -0.2641479560152602, "3": 0.5097543952446815, "4": -0.8200058649406099, "5": -1.8036663816191, "6": 2.2390739204653958, "7": 1.71696110499916}, "datetime": {"datetime": "2021-06-29 20:30:50", "elapsed": 1031.355335, "delta": 4.926957}}
{"target": 0.003644296248415191, "params": {"0": -1.430944618868431, "1": -1.6033230310394029, "2": -1.5437100608543801, "3": -2.4526300890725947, "4": -0.9411716288779859, "5": 0.49383257849761364, "6": 1.0286242752422012, "7": -0.6661079671763965}, "datetime": {"datetime": "2021-06-29 20:30:55", "elapsed": 1035.823547, "delta": 4.468212}}
{"target": 0.006315908383093527, "params": {"0": 1.10223403992671, "1": 2.317365881717371, "2": 0.4443661845332043, "3": -1.2629685687319558, "4": -0.9806217225589742, "5": -1.2582882150517267, "6": 2.6922098974333677, "7": -2.4772152678236337}, "datetime": {"datetime": "2021-06-29 20:30:57", "elapsed": 1038.410497, "delta": 2.58695}}
{"target": 0.003662382224395877, "params": {"0": 1.358579668136553, "1": -1.4436734380427005, "2": 2.372026381020687, "3": -2.6455922596639496, "4": -2.0327721638457215, "5": -2.373398927033047, "6": 0.1697633567706358, "7": -1.888973590659859}, "datetime": {"datetime": "2021-06-29 20:31:00", "elapsed": 1041.401508, "delta": 2.991011}}
{"target": 0.00342438400235022, "params": {"0": -0.7917569244820055, "1": 1.1466384283772344, "2": -0.15343358560608777, "3": 0.9292161323265096, "4": 2.8483151563667723, "5": 1.8139051292676749, "6": 0.7674955136793558, "7": -0.9475046671609526}, "datetime": {"datetime": "2021-06-29 20:31:11", "elapsed": 1052.668638, "delta": 11.26713}}
{"target": 0.024410107745218942, "params": {"0": 0.46067763318900523, "1": -2.3781482943842316, "2": -0.6899827632562365, "3": -2.3678901007605413, "4": -0.9320913417279306, "5": -2.2401328184430653, "6": -0.6792059058142437, "7": 2.0352170977430264}, "datetime": {"datetime": "2021-06-29 20:31:14", "elapsed": 1055.059594, "delta": 2.390956}}
{"target": 0.007636472079817412, "params": {"0": 1.9998856633137123, "1": -1.724880801375086, "2": 1.8567143110942066, "3": 2.3671503825457787, "4": -0.8056425022774549, "5": -1.430420716845548, "6": 1.014500208643355, "7": 2.036972710968568}, "datetime": {"datetime": "2021-06-29 20:31:18", "elapsed": 1059.27005, "delta": 4.210456}}
{"target": 0.0034283119084584025, "params": {"0": -1.0619035364538407, "1": 0.7231180581213352, "2": 1.4931692715316967, "3": 1.2960879551284643, "4": 2.2102864887022475, "5": -1.7243685816843348, "6": 2.2366214395155604, "7": -0.21826285029934578}, "datetime": {"datetime": "2021-06-29 20:31:22", "elapsed": 1063.17356, "delta": 3.90351}}
{"target": 0.0030758893386854495, "params": {"0": 1.7700344082965707, "1": 2.5181365543160794, "2": 0.45052528181537754, "3": -2.5047581131870205, "4": 0.8937458340517033, "5": 2.558035764118622, "6": 0.7842825897497754, "7": -2.0927567109595593}, "datetime": {"datetime": "2021-06-29 20:31:27", "elapsed": 1068.440718, "delta": 5.267158}}
{"target": 0.00315136843265605, "params": {"0": 2.6760657986290006, "1": 1.7894558899772468, "2": 1.3627354795828026, "3": 1.8866431814751374, "4": -1.5619871043105669, "5": 1.1631791172179433, "6": 2.2555805507603335, "7": -2.2004431360164594}, "datetime": {"datetime": "2021-06-29 20:31:30", "elapsed": 1071.304842, "delta": 2.864124}}
{"target": 0.007570177622528473, "params": {"0": -1.9853103402203731, "1": 0.6709663034233664, "2": 1.4527752232729458, "3": 1.4454448363296208, "4": 1.1284305114143018, "5": -2.3023253078012282, "6": -1.7291494016745719, "7": 2.531458172080752}, "datetime": {"datetime": "2021-06-29 20:31:34", "elapsed": 1075.081921, "delta": 3.777079}}
{"target": 0.012369445617012267, "params": {"0": -2.4348093759738663, "1": 0.9709544427230812, "2": 0.656972522989069, "3": 1.5568712079820246, "4": -2.038647813980581, "5": 2.041315069969853, "6": -2.4210016178475247, "7": -0.012174978446350515}, "datetime": {"datetime": "2021-06-29 20:31:38", "elapsed": 1079.717854, "delta": 4.635933}}
{"target": 0.003489992054062027, "params": {"0": 2.748141556530676, "1": 1.1241421822856523, "2": -2.6731261406838147, "3": -2.784581858218754, "4": -1.3805559998861954, "5": 1.3434058115286387, "6": 2.389418302707586, "7": -1.3126988070469696}, "datetime": {"datetime": "2021-06-29 20:31:44", "elapsed": 1084.96807, "delta": 5.250216}}
{"target": 0.007986184767086268, "params": {"0": 1.0659351053775028, "1": 0.14416178937229773, "2": 2.1489726943772194, "3": 1.760401847378036, "4": -1.7045127540341403, "5": 2.007814431297395, "6": 1.0111755177779358, "7": 0.38537964962348426}, "datetime": {"datetime": "2021-06-29 20:31:48", "elapsed": 1088.938653, "delta": 3.970583}}
{"target": 0.0031724573511593647, "params": {"0": 1.428938061139112, "1": -1.500635817765808, "2": 2.3818843729721593, "3": 0.7934753542097184, "4": 1.009059004674083, "5": -1.5618726741953475, "6": 1.3734786315602232, "7": -2.624099939760768}, "datetime": {"datetime": "2021-06-29 20:31:53", "elapsed": 1094.432739, "delta": 5.494086}}
{"target": 0.002869014078721654, "params": {"0": -0.8585593422313029, "1": -1.1072309260973123, "2": -1.9704275106005065, "3": 0.544966192606394, "4": 2.736298070166029, "5": -1.7863931100759698, "6": 2.7693114146786932, "7": -2.094740731337092}, "datetime": {"datetime": "2021-06-29 20:31:58", "elapsed": 1099.290731, "delta": 4.857992}}
{"target": 0.003003889880799391, "params": {"0": -0.8204943193675085, "1": -1.1165783742673456, "2": 0.7001958976844547, "3": -2.2861955444324007, "4": 2.030885478582767, "5": -0.6093083846690672, "6": 2.609956520055028, "7": 0.6141995389663553}, "datetime": {"datetime": "2021-06-29 20:32:01", "elapsed": 1102.272811, "delta": 2.98208}}
{"target": 0.043303716811885676, "params": {"0": -1.9136577533226633, "1": 0.4219715111205953, "2": -1.446785001660624, "3": -2.488543324948048, "4": 1.6259969911141514, "5": 2.8360970762270394, "6": -1.8130881761931492, "7": 1.931816262135662}, "datetime": {"datetime": "2021-06-29 20:32:06", "elapsed": 1107.40276, "delta": 5.129949}}
{"target": 0.00422680155589936, "params": {"0": -2.1912988970614675, "1": -1.0969017358270212, "2": -0.5685178502115069, "3": 0.06331094420134331, "4": 0.476247819442019, "5": -1.453996862569948, "6": -2.0504979733582616, "7": 2.1871915025761073}, "datetime": {"datetime": "2021-06-29 20:32:10", "elapsed": 1111.246008, "delta": 3.843248}}
{"target": 0.0029746955591577005, "params": {"0": -2.815834142058992, "1": 2.8136767737886252, "2": 1.891152250247397, "3": 0.6493552008076007, "4": 2.7841976239472777, "5": 1.0014448676623458, "6": 1.8202209867127381, "7": -2.6192980521118114}, "datetime": {"datetime": "2021-06-29 20:32:14", "elapsed": 1114.786954, "delta": 3.540946}}
{"target": 0.0785671762153596, "params": {"0": 1.4658416914385244, "1": -0.26281380648095265, "2": 2.6523773056149222, "3": -2.6614733839940414, "4": -1.7052243201559172, "5": -2.311040953773924, "6": 0.1017711487441364, "7": -2.080199351941465}, "datetime": {"datetime": "2021-06-29 20:32:20", "elapsed": 1121.030242, "delta": 6.243288}}
{"target": 0.004130740686734795, "params": {"0": 1.635803121708232, "1": 1.4033118412852676, "2": 2.0376118007012787, "3": 2.842804416166672, "4": -2.7427210338077526, "5": 0.4914180425399861, "6": 0.37616357258229005, "7": -1.9969283548040213}, "datetime": {"datetime": "2021-06-29 20:32:23", "elapsed": 1124.144273, "delta": 3.114031}}
{"target": 0.002863353954366006, "params": {"0": -0.5692036619728906, "1": -1.283268740152506, "2": 0.817935295685924, "3": -1.2668048700671106, "4": 2.4600981582814567, "5": 1.5453585131436904, "6": 2.5558701635045704, "7": 2.1449553367503906}, "datetime": {"datetime": "2021-06-29 20:32:28", "elapsed": 1129.106573, "delta": 4.9623}}
{"target": 0.0028986390738780766, "params": {"0": 0.9759978473384208, "1": -1.047791896706066, "2": -1.267319785284705, "3": 1.3804444253657424, "4": 2.619023146139428, "5": 1.1947448268934027, "6": -0.35006823712860147, "7": 0.7529767895253316}, "datetime": {"datetime": "2021-06-29 20:32:34", "elapsed": 1135.304195, "delta": 6.197622}}
{"target": 0.002932152485986259, "params": {"0": 1.0618798488492693, "1": -1.4548357210361234, "2": 2.8812421450521084, "3": 1.978639832568831, "4": 1.088178268694108, "5": 0.25938090480356024, "6": -1.6388175540493282, "7": 1.5399386397309796}, "datetime": {"datetime": "2021-06-29 20:32:39", "elapsed": 1140.453698, "delta": 5.149503}}
{"target": 0.0032314724839290904, "params": {"0": -2.520776619256173, "1": 2.7758828419126793, "2": 1.3830239950822882, "3": 1.6774948917376946, "4": 0.8915566358769915, "5": -0.01867966976420643, "6": -2.8636555808979702, "7": 1.5354250360235149}, "datetime": {"datetime": "2021-06-29 20:32:44", "elapsed": 1144.930486, "delta": 4.476788}}
{"target": 0.004138210230505597, "params": {"0": 2.6187107687727273, "1": -1.2764840886192204, "2": -0.8875768243003868, "3": -2.3465843307663987, "4": 0.9408673116226582, "5": 0.24948135931588622, "6": 2.9229502914387524, "7": -0.4428355049673378}, "datetime": {"datetime": "2021-06-29 20:32:47", "elapsed": 1148.680382, "delta": 3.749896}}
{"target": 0.003419849697650049, "params": {"0": -2.955149637608814, "1": 1.3588618453642587, "2": 1.7301366729675163, "3": -0.6326671982129692, "4": -2.25465274342006, "5": -1.2116658202899109, "6": -2.5221684240825772, "7": 2.4150514505538974}, "datetime": {"datetime": "2021-06-29 20:32:50", "elapsed": 1151.080055, "delta": 2.399673}}
{"target": 0.0035235985798648213, "params": {"0": 0.8428643224180634, "1": 1.0749374223372081, "2": -1.785562416754933, "3": 2.6238391110134094, "4": 2.9738527613887875, "5": -2.7109687119915638, "6": 1.204744685747782, "7": -1.9578325782589008}, "datetime": {"datetime": "2021-06-29 20:32:54", "elapsed": 1155.608901, "delta": 4.528846}}
{"target": 0.002930994875663922, "params": {"0": -0.9614745635632866, "1": -0.8702560244495796, "2": 2.3479076149358598, "3": -1.4150571228167947, "4": 0.2802915285790126, "5": 1.7853627587555394, "6": -1.782874587214309, "7": -1.672764437795314}, "datetime": {"datetime": "2021-06-29 20:32:58", "elapsed": 1159.677647, "delta": 4.068746}}
{"target": 0.003042605530692155, "params": {"0": -0.5238207449355725, "1": 2.94153190574338, "2": 1.0675034302522413, "3": -0.4643918247997867, "4": -2.4058710112643062, "5": -1.6724881443786344, "6": -1.6247999274626321, "7": 0.444857261269501}, "datetime": {"datetime": "2021-06-29 20:33:03", "elapsed": 1164.153687, "delta": 4.47604}}
{"target": 0.015056635757679775, "params": {"0": 0.4785817910782866, "1": 2.5294726190099244, "2": -0.4897874022708901, "3": 2.0189625917205545, "4": 0.6954057847922366, "5": -2.8242380467421393, "6": 2.4262900848680884, "7": 0.1665248663871104}, "datetime": {"datetime": "2021-06-29 20:33:08", "elapsed": 1169.236365, "delta": 5.082678}}
{"target": 0.005926484162334737, "params": {"0": -2.5696637194479353, "1": 0.9976700504031815, "2": -2.8636070311482746, "3": 1.7521958182574284, "4": -1.4352754685420408, "5": 2.296726916503255, "6": 2.5725195873922697, "7": -1.314270198261207}, "datetime": {"datetime": "2021-06-29 20:33:14", "elapsed": 1175.567558, "delta": 6.331193}}
{"target": 0.009870649233975947, "params": {"0": 2.1539672768444786, "1": 2.6597581372903107, "2": -2.919885967506842, "3": 1.2095790224225338, "4": -2.1154799790282603, "5": 2.179905148798385, "6": 1.9449630539516445, "7": -2.5835332358159673}, "datetime": {"datetime": "2021-06-29 20:33:28", "elapsed": 1189.165944, "delta": 13.598386}}
{"target": 0.003037506568594577, "params": {"0": 1.0497294539631756, "1": 0.4412588449777872, "2": -0.07500105265261814, "3": 2.9727205418085783, "4": -0.0975155435300934, "5": 1.8903455590607763, "6": 0.7869767621878676, "7": -2.41414990293244}, "datetime": {"datetime": "2021-06-29 20:33:33", "elapsed": 1194.378691, "delta": 5.212747}}
{"target": 0.003615050045035842, "params": {"0": 1.3018124719604138, "1": -0.5036902798510914, "2": 2.3745074065011877, "3": -1.9987778465361996, "4": -0.07344334832107124, "5": 0.3831658745509383, "6": -1.1634507980980564, "7": 0.6269074315740228}, "datetime": {"datetime": "2021-06-29 20:33:39", "elapsed": 1200.532154, "delta": 6.153463}}
{"target": 0.004203840172764464, "params": {"0": -0.24505268939055158, "1": -2.5148539069105444, "2": -1.6106870994509181, "3": -1.3852028298147732, "4": -1.7302455535710026, "5": 2.7021585402911645, "6": -2.9606038732321576, "7": 1.279827585396542}, "datetime": {"datetime": "2021-06-29 20:33:44", "elapsed": 1205.486079, "delta": 4.953925}}
{"target": 0.0033479027868743585, "params": {"0": 0.4063193692551641, "1": 2.42027916421093, "2": 1.012636926138864, "3": -0.5257153347881625, "4": 0.20148568577203374, "5": -2.379075020935894, "6": -2.9734607353347053, "7": 1.8977647364109584}, "datetime": {"datetime": "2021-06-29 20:33:48", "elapsed": 1209.598008, "delta": 4.111929}}
{"target": 0.004132458253421347, "params": {"0": -2.5916750468746037, "1": -1.8507254554247328, "2": 2.045944235326309, "3": -0.29175517736713985, "4": 2.025260222963065, "5": 0.7433480357367217, "6": 2.023676382135065, "7": 1.907187872258426}, "datetime": {"datetime": "2021-06-29 20:33:49", "elapsed": 1210.694191, "delta": 1.096183}}
{"target": 0.0030964469457251077, "params": {"0": 2.9230801471323185, "1": -1.4052397946928887, "2": -0.7208785854063224, "3": 1.5125807302617646, "4": -2.4180270957827523, "5": 0.11878545726498668, "6": -2.250230154111425, "7": -2.6111046204218296}, "datetime": {"datetime": "2021-06-29 20:34:00", "elapsed": 1221.568724, "delta": 10.874533}}
{"target": 0.008414335235625051, "params": {"0": -2.2797528312691204, "1": -1.6203088530678975, "2": 1.1576955942241627, "3": -0.4519034635403818, "4": -1.1989579674234938, "5": -1.8890909208218052, "6": -1.850996399479792, "7": -0.8096865605291286}, "datetime": {"datetime": "2021-06-29 20:34:06", "elapsed": 1227.377318, "delta": 5.808594}}
{"target": 0.009726159228769068, "params": {"0": 0.7101449358503968, "1": 0.024669833339756142, "2": 1.5379367813554357, "3": -0.4788523694242315, "4": -0.014042155652979282, "5": -0.6883919376522458, "6": -0.666821163327139, "7": 1.933874075233466}, "datetime": {"datetime": "2021-06-29 20:34:12", "elapsed": 1233.063197, "delta": 5.685879}}
{"target": 0.0030918894030388887, "params": {"0": -0.9038220940931994, "1": -1.9068497572607448, "2": -1.8006842933415883, "3": 0.02763726801727051, "4": 1.8263038797792683, "5": 2.757781353450363, "6": -1.8836611419193985, "7": -2.2041183512587437}, "datetime": {"datetime": "2021-06-29 20:34:15", "elapsed": 1236.06119, "delta": 2.997993}}
{"target": 0.003178658110608288, "params": {"0": 0.7841035856806307, "1": 0.3159908074611666, "2": -1.517403231699309, "3": -1.4105923419724065, "4": 1.8553044459973247, "5": -2.7694153107363855, "6": -1.0683173415093221, "7": -1.8319827993972393}, "datetime": {"datetime": "2021-06-29 20:34:19", "elapsed": 1240.267535, "delta": 4.206345}}
{"target": 0.0033767590887005417, "params": {"0": 1.6839382570765462, "1": -2.3002828013260412, "2": -1.1414474741568525, "3": -1.3749230154705452, "4": -2.6629840121032426, "5": -2.1546989414477675, "6": 0.11786739953287562, "7": 0.03227107271498175}, "datetime": {"datetime": "2021-06-29 20:34:33", "elapsed": 1253.986599, "delta": 13.719064}}
{"target": 0.003461698737643486, "params": {"0": 0.8946131120408052, "1": 0.4187629610327206, "2": -1.7428047558363806, "3": -1.4833816714812418, "4": 2.123557854587883, "5": 2.6260634816678854, "6": -1.540048306658319, "7": 2.6263400155020395}, "datetime": {"datetime": "2021-06-29 20:34:38", "elapsed": 1259.606286, "delta": 5.619687}}
{"target": 0.003485464669296971, "params": {"0": 1.7681096978615711, "1": 0.023072836162357113, "2": 2.90694882168473, "3": -2.251465375338304, "4": -2.2528200613207856, "5": -2.0350738717316457, "6": -0.25664677423551785, "7": -1.8796122189162223}, "datetime": {"datetime": "2021-06-29 20:34:46", "elapsed": 1267.04516, "delta": 7.438874}}
{"target": 0.0030940687888270798, "params": {"0": 2.016897039331452, "1": 0.8989806820689248, "2": 0.2775301840762907, "3": 0.40359653146497765, "4": 2.884211138136205, "5": 1.1313672792778542, "6": -2.0002060937416, "7": -0.12458539848138139}, "datetime": {"datetime": "2021-06-29 20:34:51", "elapsed": 1272.577596, "delta": 5.532436}}
{"target": 0.0031701809141246214, "params": {"0": -1.3189414171921072, "1": -1.236019375250493, "2": -0.7945815114103896, "3": -1.4386540980604774, "4": -2.8794399277970726, "5": -0.3726125254417667, "6": 2.9326571909280137, "7": 2.018994758949285}, "datetime": {"datetime": "2021-06-29 20:34:55", "elapsed": 1275.911338, "delta": 3.333742}}
{"target": 0.0038481949104433645, "params": {"0": -2.312294802768486, "1": 0.5956190640358399, "2": -0.011777737717227232, "3": -1.3835091428079056, "4": -2.654950299208428, "5": 0.9902534781152692, "6": -0.812189421018827, "7": 2.9047354972482156}, "datetime": {"datetime": "2021-06-29 20:34:58", "elapsed": 1279.628348, "delta": 3.71701}}
{"target": 0.003954799945126169, "params": {"0": 0.5984667021179382, "1": 2.7455736842706155, "2": -1.695432812881966, "3": -1.4769108708487217, "4": -0.5832689779632672, "5": -2.117505964392193, "6": 1.1249611780513167, "7": 0.15397513328419388}, "datetime": {"datetime": "2021-06-29 20:35:07", "elapsed": 1288.130026, "delta": 8.501678}}
{"target": 0.002949814479141991, "params": {"0": -0.44472055431545954, "1": -2.840175424717225, "2": 2.0280531370840524, "3": 1.1071453849298418, "4": -1.0973878107494535, "5": 2.296628571959248, "6": -1.6625997748515522, "7": 1.0338716672149744}, "datetime": {"datetime": "2021-06-29 20:35:11", "elapsed": 1292.628382, "delta": 4.498356}}
{"target": 0.0034339918886696096, "params": {"0": 1.2710747980167465, "1": 2.127997353272585, "2": 1.4316826680184818, "3": 0.606944804935921, "4": 2.9834598047306216, "5": -2.1266597820215134, "6": 0.48885866638141184, "7": -1.2850127340403532}, "datetime": {"datetime": "2021-06-29 20:35:16", "elapsed": 1297.035854, "delta": 4.407472}}
{"target": 0.004299611888125318, "params": {"0": -1.646625351983006, "1": 2.0192204625623997, "2": -2.2395541998728783, "3": -1.121417809875141, "4": -0.7064086323266654, "5": -1.2242998785744228, "6": -0.06264471633581525, "7": 1.0040363172504119}, "datetime": {"datetime": "2021-06-29 20:35:21", "elapsed": 1302.31721, "delta": 5.281356}}
{"target": 0.03680992979547671, "params": {"0": -0.14966626162796404, "1": -2.5113225709657723, "2": -2.4516450691737663, "3": -0.32278843721625394, "4": -1.9246508385983536, "5": 0.9342796896596535, "6": -2.4963522042862962, "7": -1.9081315569611232}, "datetime": {"datetime": "2021-06-29 20:35:28", "elapsed": 1309.471671, "delta": 7.154461}}
{"target": 0.006354275041135905, "params": {"0": 1.8277069057610404, "1": 0.8033811510065503, "2": 1.2997466935886894, "3": -2.8252828620190655, "4": -1.8951966891856478, "5": -2.5249157475536386, "6": 1.2841779116013434, "7": -0.009546247450281875}, "datetime": {"datetime": "2021-06-29 20:35:32", "elapsed": 1312.97633, "delta": 3.504659}}
{"target": 0.008658730455404625, "params": {"0": 0.7194832696033489, "1": -2.1189262183832835, "2": -0.4343272269028713, "3": -0.8581921324753004, "4": -0.04142842399060864, "5": 2.272238440039237, "6": -2.501829134097612, "7": 0.41715839400137344}, "datetime": {"datetime": "2021-06-29 20:35:41", "elapsed": 1322.440446, "delta": 9.464116}}
{"target": 0.0031173800138021225, "params": {"0": -2.448822394050143, "1": 2.3253976745269096, "2": 2.896218197141402, "3": -0.13835064826389898, "4": 1.7923508257107645, "5": 1.9775624948964392, "6": -0.7385460230132734, "7": -2.7713859221426196}, "datetime": {"datetime": "2021-06-29 20:35:46", "elapsed": 1326.914745, "delta": 4.474299}}
{"target": 0.0031785947370784567, "params": {"0": -2.582901388981636, "1": -1.8739035953320216, "2": 1.5090880270047808, "3": -2.6593976078354618, "4": -0.4316312404802618, "5": -2.5323782811335036, "6": 1.1826205190511647, "7": -0.25152496606490704}, "datetime": {"datetime": "2021-06-29 20:35:50", "elapsed": 1330.962535, "delta": 4.04779}}
{"target": 0.0032004600300434933, "params": {"0": -0.5890794565468349, "1": 1.175190630710473, "2": 1.219632593053265, "3": 0.24827296282673927, "4": -2.722601674989675, "5": 2.016417169531948, "6": -2.7170130453040446, "7": 0.41741715700610804}, "datetime": {"datetime": "2021-06-29 20:35:55", "elapsed": 1336.616942, "delta": 5.654407}}
{"target": 0.003195141598240911, "params": {"0": -0.4125387990746212, "1": -1.6191326377000541, "2": 1.4929915854519509, "3": -1.6689410968254448, "4": -0.14660340763106783, "5": -1.616617415071666, "6": -0.3718693677798264, "7": -0.25059221139015}, "datetime": {"datetime": "2021-06-29 20:36:02", "elapsed": 1343.295447, "delta": 6.678505}}
{"target": 0.0029843550582506462, "params": {"0": 2.7161624800388697, "1": -0.9211258597930434, "2": 0.9384962776928791, "3": 0.7646906250769057, "4": 2.2333812214101316, "5": -1.9194136406766753, "6": -0.5559056746275264, "7": 1.0144368817274039}, "datetime": {"datetime": "2021-06-29 20:36:09", "elapsed": 1350.192266, "delta": 6.896819}}
{"target": 0.004215860522594295, "params": {"0": 1.4809194284215783, "1": 2.041139057660069, "2": -1.2414549983564755, "3": 2.8643675833879065, "4": 1.2087174140639405, "5": -2.768478214287427, "6": -0.7317723794307618, "7": -0.3254554867380737}, "datetime": {"datetime": "2021-06-29 20:36:15", "elapsed": 1355.933434, "delta": 5.741168}}
