{"target": 0.003566208940810161, "params": {"0": 0.2876199325190587, "1": 0.6493666585804339, "2": -0.872406837688017, "3": 0.844953590289788, "4": -1.7986110398352237, "5": 1.0953014478159178, "6": 0.8372726232401329, "7": 2.059775313724206}, "datetime": {"datetime": "2021-06-29 22:36:49", "elapsed": 8590.015596, "delta": 28.377912}}
{"target": 0.042375651176038316, "params": {"0": -2.740670761652771, "1": 1.3300893041080837, "2": -2.800478670771013, "3": -1.0894019030549889, "4": 0.15781942262729398, "5": -2.022070554000716, "6": 0.10525679534357923, "7": 1.129112140101542}, "datetime": {"datetime": "2021-06-29 22:37:04", "elapsed": 8604.57063, "delta": 14.555034}}
{"target": 0.002906912031916711, "params": {"0": -1.8157974059212134, "1": 2.8466160185573663, "2": -0.1614993438087211, "3": 1.1506621664270344, "4": 1.9650639354992512, "5": -1.9789184970395033, "6": -2.2817143186693434, "7": -0.00870230543746775}, "datetime": {"datetime": "2021-06-29 22:37:17", "elapsed": 8617.852948, "delta": 13.282318}}
{"target": 0.0034693187918854824, "params": {"0": 0.776133648266712, "1": -0.9776298840047764, "2": -1.425944936564116, "3": -1.4492552875479674, "4": 0.9664512726528436, "5": -1.6456029468426745, "6": 1.3664168206201666, "7": 0.21024269339831925}, "datetime": {"datetime": "2021-06-29 22:37:42", "elapsed": 8642.726398, "delta": 24.87345}}
{"target": 0.0035266849177529452, "params": {"0": 1.9671960053600266, "1": 2.834316975593696, "2": -1.0847889701429827, "3": 1.1013614810827734, "4": -1.5075570374045706, "5": -1.7333540673859333, "6": 1.7991317405608207, "7": 2.5716683635951325}, "datetime": {"datetime": "2021-06-29 22:38:01", "elapsed": 8661.845828, "delta": 19.11943}}
{"target": 0.003156095034020036, "params": {"0": 0.07579528223615606, "1": 0.4851074594455502, "2": 2.8712726710255563, "3": -2.7830251739202017, "4": 0.2358962879969404, "5": -0.39003883941439366, "6": 1.990541465125749, "7": -2.479645085063728}, "datetime": {"datetime": "2021-06-29 22:38:26", "elapsed": 8687.251746, "delta": 25.405918}}
{"target": 0.0029568009513072624, "params": {"0": -2.110787350194789, "1": 0.9259334633022842, "2": 0.7636677765962956, "3": -2.3127443597561514, "4": -0.08206354531660054, "5": -0.18295144188695334, "6": 2.293613087485583, "7": 2.846948457768547}, "datetime": {"datetime": "2021-06-29 22:38:40", "elapsed": 8701.324445, "delta": 14.072699}}
{"target": 0.003400408770495458, "params": {"0": 1.4005027586035528, "1": 0.01263819710898062, "2": 1.4495853578907427, "3": -1.772082193117189, "4": 1.8358253310293868, "5": 1.9547011359160145, "6": -0.3411858625257911, "7": -0.9480770787019424}, "datetime": {"datetime": "2021-06-29 22:39:07", "elapsed": 8727.855528, "delta": 26.531083}}
{"target": 0.0039944590875644875, "params": {"0": 2.626436854957478, "1": -1.7902168914544945, "2": -0.5843770009519869, "3": -0.8782690190198972, "4": -1.3376992188817272, "5": 2.053285944729704, "6": -1.2541977676027687, "7": 1.6389203851516818}, "datetime": {"datetime": "2021-06-29 22:39:30", "elapsed": 8751.476214, "delta": 23.620686}}
{"target": 0.010427138200165092, "params": {"0": -1.9281112196903463, "1": 0.5776615602943727, "2": -1.2987390069052913, "3": -0.18003666378090255, "4": 1.7772054256274492, "5": 1.1479709226738084, "6": 1.4112610810007489, "7": -2.8296358680673155}, "datetime": {"datetime": "2021-06-29 22:39:50", "elapsed": 8771.155713, "delta": 19.679499}}
{"target": 0.04043541496663425, "params": {"0": -0.364024376143651, "1": -2.7535192859549555, "2": 1.9741611206563014, "3": -1.0706374598736597, "4": 1.6627542915749123, "5": 1.187724946950671, "6": -2.2008742250882785, "7": 2.1300974903593373}, "datetime": {"datetime": "2021-06-29 22:40:15", "elapsed": 8795.681016, "delta": 24.525303}}
{"target": 0.0036316943524770913, "params": {"0": 2.494233176504606, "1": -1.012455067589554, "2": -0.7524632831648015, "3": -0.8954652439491184, "4": -0.33767013319386674, "5": 2.5874045254436915, "6": 1.975556931494669, "7": -1.1527688708083472}, "datetime": {"datetime": "2021-06-29 22:40:33", "elapsed": 8813.883744, "delta": 18.202728}}
{"target": 0.005180367735754344, "params": {"0": 0.8845107433017523, "1": -1.9254360431686428, "2": 0.4900191597842811, "3": -2.721100444854926, "4": -0.22345545832642344, "5": -2.9834437103726366, "6": 1.3466662658761983, "7": 0.9093593628516228}, "datetime": {"datetime": "2021-06-29 22:41:02", "elapsed": 8843.001931, "delta": 29.118187}}
{"target": 0.4613215393177762, "params": {"0": 1.4740157155418459, "1": -2.981676325012657, "2": 1.9823651191400753, "3": -1.3866387017241053, "4": 0.800929298274129, "5": -0.8529972554185505, "6": 0.9594485172157103, "7": -2.3486303948206655}, "datetime": {"datetime": "2021-06-29 22:41:21", "elapsed": 8862.392381, "delta": 19.39045}}
{"target": 0.01221131770260902, "params": {"0": -2.2819926351902864, "1": 1.0501891826976149, "2": -0.9366122660019429, "3": -1.290900410075861, "4": 1.064895185129286, "5": -1.4424398855368263, "6": 1.7900189385092276, "7": 1.6349377716925542}, "datetime": {"datetime": "2021-06-29 22:41:41", "elapsed": 8882.398736, "delta": 20.006355}}
{"target": 0.005148218696099384, "params": {"0": 2.8089889900527343, "1": -2.784274789998186, "2": -0.6667109999210821, "3": -2.387402548590217, "4": 2.6483981874308578, "5": -0.03664569750765079, "6": -0.2527358950201384, "7": -2.6750186735829584}, "datetime": {"datetime": "2021-06-29 22:41:55", "elapsed": 8896.10695, "delta": 13.708214}}
{"target": 0.0030547643902637924, "params": {"0": 1.9854689265642325, "1": 2.738609941340356, "2": -1.6646281902358528, "3": -2.1954499049768987, "4": 0.14026808085476716, "5": 0.5760587934885422, "6": -0.8381526644026924, "7": -2.4521273933905334}, "datetime": {"datetime": "2021-06-29 22:42:11", "elapsed": 8912.055355, "delta": 15.948405}}
{"target": 0.00510782720683197, "params": {"0": -0.35125926444721856, "1": 1.2743802430815263, "2": 2.4253907037371407, "3": 2.8261006043193477, "4": -0.7763176547669524, "5": -2.445001316427417, "6": -2.5796237139734712, "7": 0.2082488973531409}, "datetime": {"datetime": "2021-06-29 22:42:25", "elapsed": 8925.693494, "delta": 13.638139}}
{"target": 0.0029387744091856666, "params": {"0": -2.736741634565955, "1": -0.5547973862439131, "2": 1.0159379224560343, "3": -1.808487486911538, "4": -1.0549507373523952, "5": 0.9598150295650894, "6": 0.3865299092681598, "7": -2.5559069724375947}, "datetime": {"datetime": "2021-06-29 22:42:52", "elapsed": 8953.346352, "delta": 27.652858}}
{"target": 0.0029255515509502557, "params": {"0": -1.00079025805133, "1": 2.34523299285783, "2": -1.272586528577395, "3": 2.2004498127231376, "4": 2.7982296724050117, "5": -2.0652247140768782, "6": 2.3754422406101448, "7": -0.8084402088501745}, "datetime": {"datetime": "2021-06-29 22:43:07", "elapsed": 8968.016242, "delta": 14.66989}}
{"target": 0.010583472920627036, "params": {"0": -0.8159532051912759, "1": 0.9446820912614684, "2": -1.133366153983794, "3": -2.433700103361775, "4": -1.7861579509066985, "5": -2.452242990151606, "6": -2.5584334045373387, "7": -1.7578228062573862}, "datetime": {"datetime": "2021-06-29 22:43:32", "elapsed": 8992.941076, "delta": 24.924834}}
{"target": 0.0031499121789898884, "params": {"0": -2.490709262154639, "1": 2.32889919515536, "2": 1.7746248808153915, "3": -0.32738419854274525, "4": 1.9967512495083, "5": -1.7134699579191375, "6": -2.707845213901683, "7": -2.610116470631323}, "datetime": {"datetime": "2021-06-29 22:43:58", "elapsed": 9018.883639, "delta": 25.942563}}
{"target": 0.0030351776907286787, "params": {"0": 0.8546953785686586, "1": -0.041115244157828634, "2": -1.985089791946869, "3": 2.422659992158673, "4": 1.680254230046284, "5": 2.36050923331546, "6": 2.36168654509438, "7": -1.5799695681230055}, "datetime": {"datetime": "2021-06-29 22:44:16", "elapsed": 9037.136164, "delta": 18.252525}}
{"target": 0.003222788218387768, "params": {"0": -0.7204578999642361, "1": 1.4148524746844142, "2": -1.2223171375439832, "3": -2.2410203107738798, "4": 2.7866090693836156, "5": 1.2674452895502277, "6": -1.215377505903851, "7": -2.778026515590187}, "datetime": {"datetime": "2021-06-29 22:44:42", "elapsed": 9063.225362, "delta": 26.089198}}
{"target": 0.0030749266652608863, "params": {"0": 2.059530229876553, "1": 2.0402296269605857, "2": 2.831408833095894, "3": 2.3654776520387406, "4": 1.2556053740418012, "5": 2.20841538882203, "6": -2.960595395660963, "7": -1.5875746528715236}, "datetime": {"datetime": "2021-06-29 22:44:55", "elapsed": 9075.600092, "delta": 12.37473}}
{"target": 0.004252846897684697, "params": {"0": -2.1641566074530063, "1": -1.3125245280822926, "2": -1.5609195655889117, "3": -1.7518277207604054, "4": -0.059655094472507386, "5": 2.582462276193251, "6": -1.3099857320311792, "7": -1.3329873569426114}, "datetime": {"datetime": "2021-06-29 22:45:19", "elapsed": 9100.105891, "delta": 24.505799}}
{"target": 0.0032070954081685984, "params": {"0": -2.9422402158644982, "1": 1.925185258873488, "2": 1.3144442683294386, "3": -2.092227142259733, "4": -2.314609176782138, "5": -0.5758954219330037, "6": -0.9917422848558353, "7": -2.9113138858836196}, "datetime": {"datetime": "2021-06-29 22:45:34", "elapsed": 9114.814511, "delta": 14.70862}}
{"target": 0.003182146018611545, "params": {"0": 0.9463374650021943, "1": -0.10105496872963471, "2": -0.855885352395628, "3": -1.30823368836523, "4": 0.8258038225083961, "5": -1.984941667627934, "6": -1.7560067301608258, "7": -1.9879743055870496}, "datetime": {"datetime": "2021-06-29 22:45:54", "elapsed": 9134.607858, "delta": 19.793347}}
{"target": 0.0033563121809965673, "params": {"0": 2.2567934506385123, "1": 2.8488417181053016, "2": -1.2994195721293107, "3": -1.1056030402042039, "4": 1.1811669464965036, "5": -1.37074150087267, "6": 1.4744174663229117, "7": 0.22311396286325502}, "datetime": {"datetime": "2021-06-29 22:46:18", "elapsed": 9158.649458, "delta": 24.0416}}
{"target": 0.0034558264905471263, "params": {"0": 0.31329070063895337, "1": -1.4133711757296976, "2": 2.5269818043789787, "3": -1.5725430308188568, "4": -0.6483606609845802, "5": 0.2018408871309436, "6": -0.7097464241437015, "7": 0.34273634789175134}, "datetime": {"datetime": "2021-06-29 22:46:34", "elapsed": 9174.721202, "delta": 16.071744}}
{"target": 0.0033168645226351245, "params": {"0": -0.04270468356337043, "1": 2.9621531831766656, "2": -1.2114597003598482, "3": 2.5855998854691418, "4": -1.1691930143520564, "5": -1.6703779990439522, "6": -0.5601023750005893, "7": -2.658241447768324}, "datetime": {"datetime": "2021-06-29 22:46:56", "elapsed": 9196.601576, "delta": 21.880374}}
{"target": 0.0035756433408171908, "params": {"0": 1.5973532282245309, "1": 2.0851015562800477, "2": -0.5322479734598673, "3": -2.3147040543534523, "4": -0.9059435498207198, "5": -0.22665776515943348, "6": 2.1989525677002124, "7": -1.3839514209934667}, "datetime": {"datetime": "2021-06-29 22:47:33", "elapsed": 9233.863104, "delta": 37.261528}}
{"target": 0.003119495652473409, "params": {"0": 2.1878177228373303, "1": 0.278794102084702, "2": 2.859867539760706, "3": 0.5833176558025048, "4": -1.6732756489996607, "5": 2.578374509980871, "6": -0.8044920628454753, "7": 0.35177040221110945}, "datetime": {"datetime": "2021-06-29 22:48:24", "elapsed": 9285.372401, "delta": 51.509297}}
{"target": 0.005109483842986142, "params": {"0": -2.834609412164241, "1": -0.858476454886683, "2": 0.3859171646954227, "3": -1.0232063479315436, "4": -2.2820759558583266, "5": 1.7692482519717343, "6": 1.0166483714985874, "7": 0.16130036205428144}, "datetime": {"datetime": "2021-06-29 22:48:45", "elapsed": 9305.573039, "delta": 20.200638}}
{"target": 0.806776500060537, "params": {"0": 1.9593147960257404, "1": 0.26136758806547755, "2": -0.9542039429708353, "3": -1.984854172015897, "4": 0.995541980782749, "5": -2.3935981193531126, "6": 1.1767574314270366, "7": 0.02837922728776121}, "datetime": {"datetime": "2021-06-29 22:49:04", "elapsed": 9324.51883, "delta": 18.945791}}
{"target": 0.0030777253772069726, "params": {"0": 1.319871903082034, "1": 1.145283600606323, "2": -0.0932846503071918, "3": -0.8808047181032737, "4": 2.335367402120614, "5": 2.0059334772045307, "6": 0.4425223816553503, "7": -2.775465249281819}, "datetime": {"datetime": "2021-06-29 22:49:19", "elapsed": 9340.224104, "delta": 15.705274}}
{"target": 0.0029217383856324688, "params": {"0": 2.645392841542801, "1": 1.9230583878513814, "2": -2.184514112924579, "3": 2.6197130967294324, "4": 1.5667233156111644, "5": -0.0006777888368705298, "6": 1.0815704935356685, "7": 2.6359645322373764}, "datetime": {"datetime": "2021-06-29 22:49:39", "elapsed": 9359.984299, "delta": 19.760195}}
{"target": 0.0041365120026340095, "params": {"0": 1.7150215282414312, "1": -1.3184557663781853, "2": -2.8452912388802893, "3": 2.2359017470452756, "4": 2.1073075132530112, "5": 0.30384176320413214, "6": -2.743528955503641, "7": 0.5087765769244532}, "datetime": {"datetime": "2021-06-29 22:50:03", "elapsed": 9384.05622, "delta": 24.071921}}
{"target": 0.004438856501057134, "params": {"0": 1.743574109532294, "1": 1.4727394229788615, "2": -0.5617339103595125, "3": -1.899849655153323, "4": -0.6350620238209235, "5": -0.07980050964761709, "6": 1.9990666042907117, "7": -0.23829484508468024}, "datetime": {"datetime": "2021-06-29 22:50:29", "elapsed": 9409.852207, "delta": 25.795987}}
{"target": 0.0029351351467470977, "params": {"0": -1.7311680300453696, "1": -2.489635870096764, "2": 1.5434330734457138, "3": 2.648722049913898, "4": 2.3787888543465465, "5": -0.5637379026156815, "6": 0.3524711253212711, "7": -0.2670138209525188}, "datetime": {"datetime": "2021-06-29 22:50:45", "elapsed": 9425.81935, "delta": 15.967143}}
{"target": 0.01141637373786429, "params": {"0": 0.020162371985320338, "1": 0.20114272753901652, "2": 1.596562249209013, "3": 2.339701490208821, "4": -2.878267166301638, "5": -1.2873096075195773, "6": 2.8050346440805836, "7": -2.4465275828736135}, "datetime": {"datetime": "2021-06-29 22:51:00", "elapsed": 9440.64428, "delta": 14.82493}}
{"target": 0.018661792464588992, "params": {"0": 1.751775023751688, "1": 2.142281653119248, "2": 1.406305994476961, "3": -2.4049964548515073, "4": 0.13390402545092606, "5": 0.08830856107809737, "6": -0.8009615271794619, "7": -0.48476259990603543}, "datetime": {"datetime": "2021-06-29 22:51:17", "elapsed": 9458.488398, "delta": 17.844118}}
{"target": 0.006216963144593856, "params": {"0": -2.0188916875075886, "1": 1.8148514175874286, "2": 2.5427850056614734, "3": 0.5206700457296005, "4": -1.4549000340269809, "5": -2.315981366950524, "6": 1.25122799309643, "7": 0.3097581197085679}, "datetime": {"datetime": "2021-06-29 22:51:55", "elapsed": 9496.202734, "delta": 37.714336}}
{"target": 0.0032056944393596813, "params": {"0": 1.3775397855063964, "1": 2.1944006128113696, "2": -1.8807831711648513, "3": -1.8406711080943086, "4": -1.3927891972633746, "5": 2.6187702346532262, "6": 0.4940409416756282, "7": -2.2523852417578993}, "datetime": {"datetime": "2021-06-29 22:52:12", "elapsed": 9512.810363, "delta": 16.607629}}
{"target": 0.0030451580109735893, "params": {"0": -1.3880881552702653, "1": -0.6710617441191253, "2": 1.7232347501752328, "3": 2.3363950239087954, "4": 2.362206928805964, "5": -2.315316766684015, "6": 0.47714817203440596, "7": -2.0719848217153944}, "datetime": {"datetime": "2021-06-29 22:52:26", "elapsed": 9526.589213, "delta": 13.77885}}
{"target": 0.003482715317462311, "params": {"0": 0.9170219919340443, "1": 1.7531209035481332, "2": 1.2038556565034142, "3": -1.415434318644828, "4": -0.5349843876766185, "5": 2.8199497358033225, "6": 0.7849883190445777, "7": -2.635788342408751}, "datetime": {"datetime": "2021-06-29 22:52:57", "elapsed": 9557.512207, "delta": 30.922994}}
{"target": 0.8864784603700747, "params": {"0": 2.1018074916393186, "1": 0.8467291828002015, "2": -0.903306150988846, "3": -1.8988052888304097, "4": -0.22773894616074664, "5": -1.0109659675971467, "6": 2.2911318126415514, "7": 0.20100921940576866}, "datetime": {"datetime": "2021-06-29 22:53:16", "elapsed": 9577.107913, "delta": 19.595706}}
{"target": 0.005998222351271397, "params": {"0": -2.257404304591933, "1": 0.4948064277084283, "2": 0.9767935445573332, "3": 1.1986458833674343, "4": -1.6052534780010639, "5": 1.7428528280162716, "6": 0.07631239821790992, "7": -1.07438366649036}, "datetime": {"datetime": "2021-06-29 22:53:36", "elapsed": 9596.972721, "delta": 19.864808}}
{"target": 0.003177882853742988, "params": {"0": 0.3095799698216113, "1": 1.894084938069521, "2": 0.886771986945849, "3": -2.1135368201202134, "4": 0.7427131739611634, "5": 1.5100966420395956, "6": -0.3609665767904615, "7": -2.5711504046338773}, "datetime": {"datetime": "2021-06-29 22:53:57", "elapsed": 9618.454326, "delta": 21.481605}}
{"target": 0.005064496682642756, "params": {"0": 1.1092676529161238, "1": -2.0806612607379997, "2": 1.9783819341768618, "3": 2.830069724178883, "4": -2.2187439298042673, "5": 1.8058656432217548, "6": 1.1454116840073185, "7": -1.7916489701178406}, "datetime": {"datetime": "2021-06-29 22:54:16", "elapsed": 9637.095419, "delta": 18.641093}}
{"target": 0.006204326441086529, "params": {"0": 2.1103967068594276, "1": -0.6511498648925951, "2": 0.1330026792920629, "3": -1.2221616275719696, "4": -1.173276516527075, "5": -0.8612623894177087, "6": 2.288891988578314, "7": -0.3933548322312985}, "datetime": {"datetime": "2021-06-29 22:54:34", "elapsed": 9655.274253, "delta": 18.178834}}
{"target": 0.09764012658520042, "params": {"0": -0.6052571661455692, "1": -1.235670587652824, "2": -0.22896339197425775, "3": -0.2918007846964974, "4": -2.540101986952098, "5": 0.3124097788057294, "6": 0.09070234059484061, "7": 2.3849724067648914}, "datetime": {"datetime": "2021-06-29 22:54:49", "elapsed": 9669.586604, "delta": 14.312351}}
{"target": 0.0030300874087650894, "params": {"0": -1.9606102952819062, "1": -2.157543052022292, "2": -0.20906794907281068, "3": -2.7026852665211605, "4": -1.176766184326417, "5": 0.20835291854821225, "6": 1.1617268497044035, "7": 2.508696722388672}, "datetime": {"datetime": "2021-06-29 22:55:05", "elapsed": 9685.521053, "delta": 15.934449}}
{"target": 0.0138115506076487, "params": {"0": 1.4581252287013315, "1": -1.7964712727533672, "2": 1.9323723643400363, "3": -0.8973428826532377, "4": 0.4502219463700978, "5": -2.6270047075381884, "6": 0.7344496525412598, "7": -0.272776485208305}, "datetime": {"datetime": "2021-06-29 22:55:24", "elapsed": 9705.266615, "delta": 19.745562}}
{"target": 0.005271102112852614, "params": {"0": -1.2759536209345685, "1": -1.6899406762580949, "2": 2.1354222951707955, "3": 1.1597246135341681, "4": 2.2074087688377144, "5": 0.23767696885107803, "6": 1.8297253321729414, "7": 2.06624483617534}, "datetime": {"datetime": "2021-06-29 22:55:42", "elapsed": 9722.602449, "delta": 17.335834}}
{"target": 0.003590655421959812, "params": {"0": 0.12452641660436958, "1": -1.6109667277708546, "2": -2.3298248482954924, "3": -0.7172037331114538, "4": -1.5523013365298097, "5": -0.21936832629865055, "6": -2.8035092373414408, "7": -1.0432443788554275}, "datetime": {"datetime": "2021-06-29 22:56:04", "elapsed": 9745.335817, "delta": 22.733368}}
{"target": 0.0032302220310142155, "params": {"0": 2.854258817625688, "1": -1.1626468241644123, "2": 1.0316274193168695, "3": -2.9351671232961927, "4": -2.52226465554593, "5": -2.1765767357992205, "6": 1.1130754954852744, "7": -2.265827208517318}, "datetime": {"datetime": "2021-06-29 22:56:21", "elapsed": 9762.142122, "delta": 16.806305}}
{"target": 0.033335093291720755, "params": {"0": 1.5369157606934039, "1": -1.9674255927769329, "2": -0.4836196459471367, "3": -1.2097095157106115, "4": -1.2505479963576858, "5": -2.639866333923238, "6": -0.36399243721881636, "7": -2.5521952047061625}, "datetime": {"datetime": "2021-06-29 22:56:40", "elapsed": 9781.308412, "delta": 19.16629}}
{"target": 0.0034604424877684283, "params": {"0": -1.1197077618190288, "1": 1.9800472015225594, "2": -2.7236113976240555, "3": 2.258837482738631, "4": -0.554602958710916, "5": -2.1390989011545622, "6": -1.0001939638988941, "7": -1.8136482718752571}, "datetime": {"datetime": "2021-06-29 22:57:11", "elapsed": 9811.507233, "delta": 30.198821}}
{"target": 0.003530090885653888, "params": {"0": 2.9565413620141117, "1": 0.10341284284145891, "2": -2.137385844922635, "3": 2.9636247450318285, "4": 2.9395869425326273, "5": 0.9918835095460992, "6": 2.5402997201389894, "7": -2.4838718494360337}, "datetime": {"datetime": "2021-06-29 22:57:27", "elapsed": 9827.91532, "delta": 16.408087}}
{"target": 0.003093220313523762, "params": {"0": 2.81313837982798, "1": 2.7923431455027616, "2": 1.4107779704141423, "3": 1.4097202726008025, "4": -2.4864202057521414, "5": 2.4420849743875994, "6": 1.4504061294606494, "7": -0.7441228637925974}, "datetime": {"datetime": "2021-06-29 22:57:43", "elapsed": 9844.249836, "delta": 16.334516}}
{"target": 0.0030693921885894594, "params": {"0": 1.2033023860941086, "1": 2.270311249669356, "2": -1.5552051637138051, "3": -1.8581116834946216, "4": -0.4305645937486924, "5": -0.04550048898076575, "6": 2.451486317338169, "7": -0.41375913175413714}, "datetime": {"datetime": "2021-06-29 22:58:29", "elapsed": 9890.376015, "delta": 46.126179}}
{"target": 0.006924312527075204, "params": {"0": 1.176721540827975, "1": 1.7161243347886321, "2": 1.8122145747284293, "3": -1.6191692093309118, "4": -0.13873423868433177, "5": 1.0177147240981057, "6": -0.578950498700594, "7": -2.618129443351263}, "datetime": {"datetime": "2021-06-29 22:59:00", "elapsed": 9921.313998, "delta": 30.937983}}
{"target": 0.0031767123366601008, "params": {"0": 1.5584462901491838, "1": 2.4706672673122663, "2": 0.3645211275954754, "3": 2.5146511718837594, "4": -2.7342299502945373, "5": 2.4021484114427416, "6": -1.7660459724954152, "7": 2.8076613023497927}, "datetime": {"datetime": "2021-06-29 22:59:18", "elapsed": 9938.672709, "delta": 17.358711}}
