{"target": 0.005275820259585407, "params": {"0": 0.3065222325889909, "1": -0.8808878485227778, "2": -1.6138155561901641, "3": 2.925283686133538, "4": -0.13652047859953687, "5": -2.6228711613167595, "6": 2.9728465532723742, "7": 0.664985882702537}, "datetime": {"datetime": "2021-06-30 01:55:10", "elapsed": 20490.038207, "delta": 36.390606}}
{"target": 0.00499417681677075, "params": {"0": -1.3001773908867125, "1": 1.7758154450897763, "2": -2.2068633731717338, "3": -1.352605766552074, "4": 2.140561006682331, "5": 1.7439122874540045, "6": 2.4154197834107585, "7": 0.8254635446958489}, "datetime": {"datetime": "2021-06-30 01:55:49", "elapsed": 20529.427267, "delta": 39.38906}}
{"target": 0.003053897526138595, "params": {"0": -1.0937110078413352, "1": 2.512577834275234, "2": -2.6682345304670987, "3": -2.4940932433424434, "4": -2.6143454144141316, "5": 0.9832997056554369, "6": 1.9212342879271027, "7": 1.3746225459752042}, "datetime": {"datetime": "2021-06-30 01:56:37", "elapsed": 20577.38584, "delta": 47.958573}}
{"target": 0.004826706791146232, "params": {"0": -2.1863392382888636, "1": 0.2641571799010771, "2": -0.649560776106326, "3": -2.01568848389174, "4": 0.6451020419893512, "5": 2.6410699223098106, "6": -2.8085585107247413, "7": -0.3522773295752133}, "datetime": {"datetime": "2021-06-30 01:57:23", "elapsed": 20623.188407, "delta": 45.802567}}
{"target": 0.0030992880464777986, "params": {"0": 1.1089808922005524, "1": 0.6664523853088058, "2": 1.6687695714895066, "3": -1.0017931780654383, "4": -0.9899310703179411, "5": -0.791515375074777, "6": -0.04853057204865152, "7": 0.7317997254327224}, "datetime": {"datetime": "2021-06-30 01:58:24", "elapsed": 20684.331748, "delta": 61.143341}}
{"target": 0.003007869350422372, "params": {"0": -2.3653862505030903, "1": -1.7613054389422271, "2": -2.0696288768820854, "3": -2.4773292693940716, "4": -0.07294338468027117, "5": 1.0886828902423247, "6": 2.251674243124965, "7": 2.0253639441380322}, "datetime": {"datetime": "2021-06-30 01:59:12", "elapsed": 20732.3447, "delta": 48.012952}}
{"target": 0.08637058496155117, "params": {"0": 0.9676324891796577, "1": -2.997606865412467, "2": -0.07543069241087919, "3": -2.0213285005916193, "4": -1.1284912636495645, "5": -2.3123182028745353, "6": -1.140141740568428, "7": 1.52562820129313}, "datetime": {"datetime": "2021-06-30 01:59:48", "elapsed": 20767.718545, "delta": 35.373845}}
{"target": 0.003302015840736641, "params": {"0": 1.60704431951444, "1": 1.7121951327254141, "2": -2.279044131373867, "3": -0.47142806708952545, "4": 0.7852976510605778, "5": 0.35881044470761125, "6": 0.10639070454104038, "7": -1.533637154520745}, "datetime": {"datetime": "2021-06-30 02:00:21", "elapsed": 20801.423243, "delta": 33.704698}}
{"target": 0.005268575762861062, "params": {"0": -2.6546334998775443, "1": -2.1960618168058454, "2": -2.512319636531302, "3": 2.7838648783132935, "4": -0.35859713072659183, "5": -2.3919926932404953, "6": -2.322834792447676, "7": -2.1514863531437127}, "datetime": {"datetime": "2021-06-30 02:00:51", "elapsed": 20830.620715, "delta": 29.197472}}
{"target": 0.0030310845230463943, "params": {"0": 2.6533542136649366, "1": 0.19631174064175294, "2": 2.378030263250504, "3": 0.8446938762202563, "4": -0.3604692256977806, "5": 0.2437312378731873, "6": 0.6069109644046522, "7": -0.5415821535523921}, "datetime": {"datetime": "2021-06-30 02:01:41", "elapsed": 20881.329542, "delta": 50.708827}}
{"target": 0.00403508661153436, "params": {"0": 1.7139023513824903, "1": 1.9083431125742232, "2": -1.2765335502607615, "3": -2.73112835694247, "4": -0.4716133309671271, "5": -0.9921594316066837, "6": -0.3972105467116158, "7": 2.2602628584740243}, "datetime": {"datetime": "2021-06-30 02:02:54", "elapsed": 20953.661529, "delta": 72.331987}}
{"target": 0.009750996337356708, "params": {"0": -0.6521838271091775, "1": 0.5632085345676399, "2": -2.1102997851556524, "3": -1.0372500835744893, "4": -0.19333552244545915, "5": 0.2203874667012986, "6": 2.0127005797134316, "7": -1.2535260757406939}, "datetime": {"datetime": "2021-06-30 02:03:32", "elapsed": 20991.852828, "delta": 38.191299}}
{"target": 0.0031034924822211083, "params": {"0": 1.550127413992385, "1": -1.3746921172459257, "2": 1.0614360726359724, "3": 2.783994862766697, "4": -0.6579212969365571, "5": 1.5272220049725904, "6": -0.1439786410658943, "7": 2.854627609253664}, "datetime": {"datetime": "2021-06-30 02:04:19", "elapsed": 21039.279215, "delta": 47.426387}}
{"target": 0.015510734165484505, "params": {"0": -1.2223119041163453, "1": 2.9161628666829653, "2": -2.8582942052924167, "3": 2.272415140726711, "4": 0.6806824685416624, "5": -2.734688407588891, "6": -0.8540781425783477, "7": -2.1488020907097702}, "datetime": {"datetime": "2021-06-30 02:04:47", "elapsed": 21066.750409, "delta": 27.471194}}
{"target": 0.0029793037328055935, "params": {"0": 1.3314985619596884, "1": -0.9791101862406881, "2": -2.824235331622857, "3": 0.9994342143660409, "4": -1.6615456368954948, "5": 0.9223519336173274, "6": 1.6812986443966, "7": -1.5809828450515406}, "datetime": {"datetime": "2021-06-30 02:05:20", "elapsed": 21100.243555, "delta": 33.493146}}
{"target": 0.005476309086898899, "params": {"0": 0.0035490034418113048, "1": -2.14159935824057, "2": -2.537929332420147, "3": -1.5208237742407338, "4": -0.017688891583887756, "5": 2.707848528138154, "6": -2.9757756659534707, "7": 0.8043731325290353}, "datetime": {"datetime": "2021-06-30 02:05:48", "elapsed": 21128.16927, "delta": 27.925715}}
{"target": 0.0061384551418984514, "params": {"0": 1.4920290459433945, "1": 2.0604738462757677, "2": -1.524466012211002, "3": -2.734759495988736, "4": -1.245217503959037, "5": -0.6226461937729573, "6": 0.13999542183687197, "7": 2.531598166863855}, "datetime": {"datetime": "2021-06-30 02:06:43", "elapsed": 21183.056129, "delta": 54.886859}}
{"target": 0.0029293334897886546, "params": {"0": -1.1792805718101511, "1": 2.1819910608389774, "2": 2.703972273973534, "3": 0.8834936785767269, "4": 2.9666137586136943, "5": -1.8037833593238775, "6": -0.8351263748436306, "7": -0.8299775187243554}, "datetime": {"datetime": "2021-06-30 02:07:08", "elapsed": 21208.054705, "delta": 24.998576}}
{"target": 0.003099333710726195, "params": {"0": -0.6331967532819478, "1": -0.5222593978278334, "2": 0.8780199358180232, "3": -2.645130570954975, "4": 2.826156923644585, "5": -1.259107853356092, "6": 1.6296191279394474, "7": -1.5150468533735246}, "datetime": {"datetime": "2021-06-30 02:07:47", "elapsed": 21247.144747, "delta": 39.090042}}
{"target": 0.005676062625670899, "params": {"0": 0.1473951460666827, "1": -2.453097720427074, "2": 2.071784040286971, "3": -1.7750083177143516, "4": -0.12365312148955354, "5": 1.3205499199710324, "6": -1.565674882897674, "7": 0.48807314963826265}, "datetime": {"datetime": "2021-06-30 02:08:40", "elapsed": 21300.363739, "delta": 53.218992}}
{"target": 0.002945388804631325, "params": {"0": -1.610518781658433, "1": 0.16018442673518152, "2": 1.3620429555675022, "3": 0.18687717422264605, "4": 1.3997773639277638, "5": -0.29473014653053875, "6": 2.361137570546205, "7": 0.888331125115092}, "datetime": {"datetime": "2021-06-30 02:09:30", "elapsed": 21349.501105, "delta": 49.137366}}
{"target": 0.004034237886463941, "params": {"0": 1.248612694492106, "1": -2.5828273057051523, "2": 2.613148640792664, "3": 1.0410363718891649, "4": 0.8581852956377007, "5": -1.7654917961367713, "6": -1.5436955160544317, "7": -1.2951850252951531}, "datetime": {"datetime": "2021-06-30 02:10:40", "elapsed": 21419.737525, "delta": 70.23642}}
{"target": 0.003203101616805609, "params": {"0": -0.8668335198939836, "1": 1.618550878925622, "2": 2.628378986718946, "3": -2.8601630345806925, "4": -1.7446449328827016, "5": -1.4887409278583803, "6": -1.9989954544180315, "7": 1.6697042668532935}, "datetime": {"datetime": "2021-06-30 02:11:14", "elapsed": 21454.348135, "delta": 34.61061}}
{"target": 0.004048878602637107, "params": {"0": 0.958095701556057, "1": -2.6023960426719412, "2": 0.9210222942567681, "3": -2.440961329630448, "4": 2.529751258299667, "5": -2.2422797454289753, "6": -0.6688826154005363, "7": 2.1054551414220306}, "datetime": {"datetime": "2021-06-30 02:11:48", "elapsed": 21488.376614, "delta": 34.028479}}
{"target": 0.003667507451804971, "params": {"0": -1.7889224812842364, "1": 2.2688146808964005, "2": -2.1000541541672746, "3": 0.9310353493490338, "4": 0.1942862036281099, "5": -1.21268865338585, "6": -1.8249660615015106, "7": 2.384501750769779}, "datetime": {"datetime": "2021-06-30 02:12:16", "elapsed": 21516.016184, "delta": 27.63957}}
{"target": 0.0034231354103105233, "params": {"0": 2.415393950446215, "1": 0.798293546437093, "2": 0.6227749531764348, "3": -0.4989565055954186, "4": -1.995600674274056, "5": -1.1863512895819195, "6": -2.036139516263389, "7": -2.1661862210164258}, "datetime": {"datetime": "2021-06-30 02:13:48", "elapsed": 21607.989616, "delta": 91.973432}}
{"target": 0.0030131652163834983, "params": {"0": 2.6937893826466093, "1": -1.6050839797297507, "2": 0.7701402561266413, "3": -1.9928153763267942, "4": 2.9079683407727908, "5": -2.1386674782346162, "6": 0.949763114784866, "7": 0.28798912568640045}, "datetime": {"datetime": "2021-06-30 02:14:14", "elapsed": 21633.680515, "delta": 25.690899}}
{"target": 0.10338530237951692, "params": {"0": -2.151633807671619, "1": -1.282326684554199, "2": -1.9201663780810168, "3": -2.0740473919730276, "4": -1.7950410194110986, "5": -2.6116439826453215, "6": -0.17213162639085056, "7": 2.8097917926037574}, "datetime": {"datetime": "2021-06-30 02:15:04", "elapsed": 21683.781992, "delta": 50.101477}}
{"target": 0.0032700497537960227, "params": {"0": -0.11431577346629451, "1": -2.370291740306074, "2": 2.0069807289346615, "3": -2.4653754143468625, "4": -0.13779879164393805, "5": 1.69718417070455, "6": -2.539493544171087, "7": 0.3118611381746961}, "datetime": {"datetime": "2021-06-30 02:15:48", "elapsed": 21727.861985, "delta": 44.079993}}
{"target": 0.007049973422840829, "params": {"0": 2.7873111769161376, "1": -1.2348616732494393, "2": 2.0565209067550168, "3": 1.340243577969824, "4": -1.7615315491067536, "5": -1.238780688545959, "6": -2.576787148728049, "7": 0.39877219276127285}, "datetime": {"datetime": "2021-06-30 02:16:25", "elapsed": 21765.33218, "delta": 37.470195}}
{"target": 0.00328392482255792, "params": {"0": -2.6779479971226374, "1": 2.364055927811272, "2": 0.237200693296443, "3": 1.347049970711378, "4": -2.5902601719359293, "5": -2.0176930510453417, "6": 2.6080253287368595, "7": 2.515911229865864}, "datetime": {"datetime": "2021-06-30 02:17:05", "elapsed": 21805.325679, "delta": 39.993499}}
{"target": 0.0036283790411566932, "params": {"0": -0.9036515121269844, "1": 1.6072575342496371, "2": 2.797861262133871, "3": 0.41415715979092926, "4": -1.4752742002824077, "5": -0.9936113997406224, "6": 0.3470538773836713, "7": 0.7877093142562055}, "datetime": {"datetime": "2021-06-30 02:17:44", "elapsed": 21843.98191, "delta": 38.656231}}
{"target": 0.0029923781417171926, "params": {"0": 1.0202098478323416, "1": 1.9727137277527707, "2": -0.6097303675522738, "3": 0.7762581534632007, "4": -1.744844875617046, "5": 2.045127757860146, "6": 0.024354132194280176, "7": -2.337742292076766}, "datetime": {"datetime": "2021-06-30 02:18:24", "elapsed": 21883.906838, "delta": 39.924928}}
{"target": 0.005580329889773821, "params": {"0": -0.6725645959859681, "1": -2.392794603837876, "2": 2.983499982779364, "3": 2.22885500032708, "4": -2.170502477953156, "5": -2.8903546731418164, "6": 1.5866933582391995, "7": -0.42319700682427674}, "datetime": {"datetime": "2021-06-30 02:19:07", "elapsed": 21927.355343, "delta": 43.448505}}
{"target": 0.00394737588063464, "params": {"0": 1.2873141191010067, "1": -1.429590593091702, "2": -1.4185223750747826, "3": 0.7083836510282886, "4": 0.15133309742973688, "5": -0.9209463333790877, "6": 2.9258767275450586, "7": -1.174628957636819}, "datetime": {"datetime": "2021-06-30 02:19:55", "elapsed": 21975.367323, "delta": 48.01198}}
{"target": 0.007459730171551489, "params": {"0": -0.02064052354959589, "1": 1.2205931427412562, "2": -2.684391759366285, "3": 0.0012430879314027088, "4": 0.8828206426958407, "5": -2.0996113946836354, "6": 1.004794682643702, "7": -1.5964096085933897}, "datetime": {"datetime": "2021-06-30 02:20:30", "elapsed": 22010.136652, "delta": 34.769329}}
{"target": 0.004180999308100846, "params": {"0": 1.1063489337054406, "1": 1.1416637032998365, "2": -1.4619258506187018, "3": -1.5043899835547583, "4": -0.5973823941349101, "5": -0.5053323220380497, "6": -0.9749445514388375, "7": 1.9683787783355182}, "datetime": {"datetime": "2021-06-30 02:21:01", "elapsed": 22041.465082, "delta": 31.32843}}
{"target": 0.002977229582765888, "params": {"0": 1.9913343082093933, "1": 2.310361799207673, "2": 1.7894239881761376, "3": -2.3375427128053157, "4": 1.5562961227217968, "5": -1.212490482083718, "6": -0.03334013137328551, "7": 0.9716722480583782}, "datetime": {"datetime": "2021-06-30 02:21:29", "elapsed": 22069.408906, "delta": 27.943824}}
{"target": 0.004059992313675342, "params": {"0": 1.4250942913839024, "1": 2.186464042979198, "2": -1.7021967325591072, "3": -2.2325568286707913, "4": -1.1130685616825686, "5": 0.7579642223269074, "6": -0.1405039485481847, "7": 1.5249185795888645}, "datetime": {"datetime": "2021-06-30 02:22:33", "elapsed": 22132.882018, "delta": 63.473112}}
{"target": 0.002899172844287005, "params": {"0": -1.4157701045548579, "1": -0.09399011896651466, "2": 0.8607083671712639, "3": 1.6444839842365244, "4": -1.2424414750374015, "5": 1.280605196434232, "6": -0.4713112569683906, "7": -1.5399966638564715}, "datetime": {"datetime": "2021-06-30 02:23:13", "elapsed": 22172.518595, "delta": 39.636577}}
{"target": 0.0030950360383759307, "params": {"0": 2.415814728829508, "1": -0.893546538352282, "2": -0.8237184863477292, "3": -0.9984555281580505, "4": 1.7143595017800708, "5": 0.5802961092495638, "6": 1.8756320404638505, "7": -0.8377795786071935}, "datetime": {"datetime": "2021-06-30 02:23:51", "elapsed": 22210.822197, "delta": 38.303602}}
{"target": 0.003930920301969916, "params": {"0": 1.6647615348099976, "1": 2.2598083736252157, "2": -1.433182447576965, "3": 0.6095231405472172, "4": -1.8284828016561148, "5": 1.3172474143467312, "6": -2.5274567203785647, "7": -1.5781192515260873}, "datetime": {"datetime": "2021-06-30 02:24:26", "elapsed": 22245.597102, "delta": 34.774905}}
{"target": 0.00897405661595839, "params": {"0": 0.7571504394105428, "1": -2.6165171098762428, "2": 2.4201197993641195, "3": -2.0606038275194902, "4": -0.10456628807305446, "5": 1.7450729290405063, "6": -1.834575793211947, "7": 0.006809421333896282}, "datetime": {"datetime": "2021-06-30 02:25:11", "elapsed": 22290.592079, "delta": 44.994977}}
{"target": 0.0050699437963161635, "params": {"0": 0.35185123137171104, "1": -2.0410614008454937, "2": 2.4142245994781995, "3": 1.3311410383293758, "4": -2.6800122611311927, "5": 2.5989374697239844, "6": 0.3341445119580255, "7": -1.413182445684635}, "datetime": {"datetime": "2021-06-30 02:25:52", "elapsed": 22331.952441, "delta": 41.360362}}
{"target": 0.0029314011887220026, "params": {"0": -0.012931722844007787, "1": 1.2087908669874636, "2": -2.3784439717796735, "3": 2.620004435993925, "4": 0.6528989210777976, "5": 2.830230435054501, "6": 2.371170072358817, "7": -1.4124728882944817}, "datetime": {"datetime": "2021-06-30 02:26:41", "elapsed": 22381.020859, "delta": 49.068418}}
{"target": 0.0032581693448553157, "params": {"0": 1.9306869847437218, "1": 0.577885535810787, "2": -0.7238082504051349, "3": -2.082139647762488, "4": -1.0564822265309983, "5": -0.5174799180244989, "6": -0.2115484565766832, "7": 1.9889717665731865}, "datetime": {"datetime": "2021-06-30 02:27:51", "elapsed": 22451.04723, "delta": 70.026371}}
{"target": 0.0032165844870171443, "params": {"0": 1.5687078514444792, "1": 1.9336380307592496, "2": -2.666129932155685, "3": -1.9018048262761384, "4": -1.6786162125841009, "5": 2.346865592477875, "6": 2.40902958246264, "7": 0.03388212949401215}, "datetime": {"datetime": "2021-06-30 02:29:01", "elapsed": 22520.857045, "delta": 69.809815}}
{"target": 0.002898191385580963, "params": {"0": -2.6219600279729782, "1": -2.999751161461128, "2": -2.6535681862669653, "3": 2.239399883983104, "4": 1.900332941984761, "5": 2.831967644565661, "6": 0.6139230739666304, "7": -1.721485316783056}, "datetime": {"datetime": "2021-06-30 02:29:41", "elapsed": 22560.995809, "delta": 40.138764}}
{"target": 0.006941679288102356, "params": {"0": -1.84244218142402, "1": 0.5056235101221684, "2": -0.9750441870678013, "3": 0.6532349192008322, "4": -1.1392234675877155, "5": 2.7396329006026336, "6": 1.345182779461072, "7": -1.3130034240344086}, "datetime": {"datetime": "2021-06-30 02:30:26", "elapsed": 22606.111375, "delta": 45.115566}}
{"target": 0.0036223314741898843, "params": {"0": -0.2071982881052965, "1": 0.5658207763662073, "2": -1.7038550019016767, "3": 1.503421446511747, "4": -2.6171263126390656, "5": -1.6040818753866197, "6": -1.0808351791357014, "7": 1.9690053921716277}, "datetime": {"datetime": "2021-06-30 02:31:43", "elapsed": 22682.548143, "delta": 76.436768}}
{"target": 0.00476531339920114, "params": {"0": -2.0148388527335115, "1": -1.9866151643295957, "2": -1.1564369436272686, "3": 0.4466498785613462, "4": -1.2838611548047167, "5": -1.114006520335181, "6": -1.4474576298563209, "7": 1.9815964351937811}, "datetime": {"datetime": "2021-06-30 02:32:18", "elapsed": 22718.347717, "delta": 35.799574}}
{"target": 0.0030562361138311645, "params": {"0": 1.9010402846405299, "1": 2.213476383092786, "2": 1.7377646254794792, "3": 0.059385049588915884, "4": -1.3381249132655078, "5": 2.7468637571129095, "6": 1.8056505663533162, "7": 1.5964445586892824}, "datetime": {"datetime": "2021-06-30 02:33:00", "elapsed": 22759.501534, "delta": 41.153817}}
{"target": 0.0032265041446048665, "params": {"0": -1.039142397228538, "1": 0.32275338068603343, "2": 1.237514339826613, "3": -0.8286054075525993, "4": -2.8002364947214993, "5": -0.7734683812581427, "6": -1.6987452684367699, "7": 1.3338319145226993}, "datetime": {"datetime": "2021-06-30 02:33:33", "elapsed": 22793.397437, "delta": 33.895903}}
{"target": 0.0030106531998622802, "params": {"0": -2.3478580224535617, "1": 0.7806266657631369, "2": 1.6404479327066053, "3": 2.716343470013311, "4": 2.2298184463735513, "5": 1.9656178096896175, "6": 2.3092162216356664, "7": -1.4434656802964638}, "datetime": {"datetime": "2021-06-30 02:34:11", "elapsed": 22831.472743, "delta": 38.075306}}
{"target": 0.0031693621416523684, "params": {"0": -1.2861746990666885, "1": -1.0932943189864026, "2": -2.4252079467288157, "3": 0.7195076671263863, "4": 2.314806988206355, "5": -2.5070721055629557, "6": 0.7616835494076888, "7": 2.316493878967785}, "datetime": {"datetime": "2021-06-30 02:34:39", "elapsed": 22858.72156, "delta": 27.248817}}
{"target": 0.002995362184256706, "params": {"0": -0.02869646216219035, "1": -1.5843949463587272, "2": -1.2974844939975043, "3": 1.1618158943193526, "4": 1.8312306625458277, "5": 2.13950364016912, "6": -2.4565003265857532, "7": -0.9351564586289847}, "datetime": {"datetime": "2021-06-30 02:35:10", "elapsed": 22890.384147, "delta": 31.662587}}
{"target": 0.2978570998726369, "params": {"0": 1.9130899340659129, "1": 0.6230065428354368, "2": -0.3190039651201624, "3": -1.2936138122564307, "4": -0.889959321524803, "5": -0.1748929727584656, "6": -0.6571050393166282, "7": 1.5632842115852377}, "datetime": {"datetime": "2021-06-30 02:36:08", "elapsed": 22948.354799, "delta": 57.970652}}
{"target": 0.005579199706709104, "params": {"0": 0.30195877053347253, "1": 0.14167837062480793, "2": -2.4947725090272415, "3": 0.35228322818322955, "4": -1.1360112257655932, "5": 0.8853520513779873, "6": -0.19647575283088958, "7": 1.4003597976306983}, "datetime": {"datetime": "2021-06-30 02:36:46", "elapsed": 22985.689345, "delta": 37.334546}}
{"target": 0.004050687995511169, "params": {"0": -2.107599787462464, "1": 0.5427645691160268, "2": -2.303893684699351, "3": 0.015074825099677724, "4": -1.5847825378000773, "5": -1.9281419440052079, "6": -0.9200349785796256, "7": -0.3217641901351418}, "datetime": {"datetime": "2021-06-30 02:37:43", "elapsed": 23042.974561, "delta": 57.285216}}
{"target": 0.002950911047514786, "params": {"0": -2.9329291939755024, "1": -0.3180021299540581, "2": -1.4924202976022511, "3": -0.12417738850591498, "4": -1.984696737581394, "5": 1.798643448500684, "6": -1.3834364010089826, "7": -1.2029826129760222}, "datetime": {"datetime": "2021-06-30 02:38:16", "elapsed": 23075.907613, "delta": 32.933052}}
{"target": 0.003548080986609857, "params": {"0": 0.4660105885685555, "1": -1.6263856505386522, "2": 0.07241810065322785, "3": -2.3957707315670245, "4": -2.1784789744673843, "5": -2.885152824200696, "6": -1.7082929907785138, "7": -1.29175246409243}, "datetime": {"datetime": "2021-06-30 02:38:48", "elapsed": 23108.448969, "delta": 32.541356}}
{"target": 0.017064671917549498, "params": {"0": -0.20081643121763104, "1": -2.8514349313677645, "2": 2.500803225690886, "3": -2.16831533246539, "4": 0.13874844983289414, "5": 0.4620988950364464, "6": -2.208002616197422, "7": -0.20750674596237495}, "datetime": {"datetime": "2021-06-30 02:39:24", "elapsed": 23143.948104, "delta": 35.499135}}
{"target": 0.003475915933747924, "params": {"0": -0.8100110714704192, "1": -2.6947703623241157, "2": 1.9976207129494892, "3": -1.5430340062117271, "4": 0.11793386721667609, "5": 2.106723304920486, "6": -2.6636858647466424, "7": 0.8244154469504075}, "datetime": {"datetime": "2021-06-30 02:40:10", "elapsed": 23189.90415, "delta": 45.956046}}
{"target": 0.00513193708158067, "params": {"0": -0.29251811986979837, "1": -1.3867898359991795, "2": -0.5591027212028874, "3": -2.559230994189571, "4": -0.32565926952357716, "5": -2.176416115204491, "6": 0.8883189756855785, "7": 0.07168897247352879}, "datetime": {"datetime": "2021-06-30 02:40:50", "elapsed": 23229.574131, "delta": 39.669981}}
