{"target": 0.012198487691009355, "params": {"0": -1.8262043022992849, "1": -2.150412586563194, "2": -1.7823277319671103, "3": -2.522380766134493, "4": 1.9470000296994847, "5": 2.649005351499615, "6": -1.7591573128456408, "7": 2.813155772987728}, "datetime": {"datetime": "2021-06-29 20:41:48", "elapsed": 1688.028032, "delta": 5.734576}}
{"target": 0.003902538442151475, "params": {"0": 2.0279981286109594, "1": -1.545649058646207, "2": 0.9506009158361559, "3": 1.346775136791929, "4": 0.6790408690149268, "5": -1.2536850162104154, "6": -1.1299421415385635, "7": -2.778354435173}, "datetime": {"datetime": "2021-06-29 20:41:53", "elapsed": 1693.376017, "delta": 5.347985}}
{"target": 0.003215744572539863, "params": {"0": 2.977456059586083, "1": 1.9913688832265208, "2": 2.3469657307193605, "3": -2.867706779582152, "4": -2.237615493310259, "5": 1.303790663299294, "6": 1.1677177446400888, "7": -2.4889215332552106}, "datetime": {"datetime": "2021-06-29 20:41:57", "elapsed": 1697.476094, "delta": 4.100077}}
{"target": 0.0028667004217755366, "params": {"0": 1.703406826848834, "1": -2.7207526120376326, "2": -2.415609909900615, "3": 2.0437516722963043, "4": 1.4058615642425325, "5": 2.1901586382261655, "6": 2.9676326277775535, "7": 2.6784626251633066}, "datetime": {"datetime": "2021-06-29 20:42:02", "elapsed": 1702.776453, "delta": 5.300359}}
{"target": 0.011063834785282878, "params": {"0": -1.6238114206226673, "1": 1.0462066614515653, "2": 1.658028296424452, "3": -1.5077665930681476, "4": 0.028261087412038144, "5": 1.9238025110857198, "6": 1.0635203854941961, "7": -0.00766925362547477}, "datetime": {"datetime": "2021-06-29 20:42:09", "elapsed": 1709.261401, "delta": 6.484948}}
{"target": 0.003072617865075238, "params": {"0": 0.5271378496358317, "1": -2.289378883444317, "2": 2.2282509876216334, "3": 1.2031501089193126, "4": 1.9087704112702664, "5": 0.5277046109200962, "6": -1.7141156507176583, "7": -2.9855433043079183}, "datetime": {"datetime": "2021-06-29 20:42:15", "elapsed": 1715.651766, "delta": 6.390365}}
{"target": 0.004064249383984647, "params": {"0": -0.8893883059313819, "1": 1.881582273969988, "2": -0.3885942459311149, "3": -0.5870562596304785, "4": -0.9541708986602582, "5": -2.330810510259785, "6": 0.27708829753680675, "7": -2.8773526404604697}, "datetime": {"datetime": "2021-06-29 20:42:22", "elapsed": 1721.826068, "delta": 6.174302}}
{"target": 0.003219546823124716, "params": {"0": 2.4945515654956276, "1": -2.196067232482085, "2": -0.47087451476883, "3": -1.3742855858055012, "4": 2.885953797770518, "5": 2.844970641334804, "6": -2.582124878660761, "7": -1.412665722179353}, "datetime": {"datetime": "2021-06-29 20:42:29", "elapsed": 1728.978997, "delta": 7.152929}}
{"target": 0.003048362152152669, "params": {"0": 0.5275545428280415, "1": 1.1787114323345529, "2": 2.3335351464824816, "3": 0.76228104847661, "4": 2.9667336320043223, "5": -0.25044396815669057, "6": 0.430337030582026, "7": 1.7031423482509895}, "datetime": {"datetime": "2021-06-29 20:42:34", "elapsed": 1734.63259, "delta": 5.653593}}
{"target": 0.0033132391172729517, "params": {"0": -1.3415332831058042, "1": 1.3056224317843057, "2": -0.17811777175484433, "3": 2.62490456975154, "4": -2.6483429565689374, "5": -2.4467023515117763, "6": 0.040751967668906985, "7": 1.373891183628949}, "datetime": {"datetime": "2021-06-29 20:42:40", "elapsed": 1739.839846, "delta": 5.207256}}
{"target": 0.004482917565021182, "params": {"0": -1.880001273504789, "1": 2.673665235035193, "2": -1.682017343105513, "3": -0.11340904824413212, "4": 1.1494375975266076, "5": -2.87767042318384, "6": 0.9595636031464867, "7": -2.729498331016738}, "datetime": {"datetime": "2021-06-29 20:42:45", "elapsed": 1745.405882, "delta": 5.566036}}
{"target": 0.014081905343562306, "params": {"0": 1.6959794816769227, "1": -1.1018886279746838, "2": 2.3433477064284096, "3": 2.875957108007924, "4": -2.885649121687689, "5": -1.9265538571118959, "6": -0.4452615502787838, "7": 1.3222888692356367}, "datetime": {"datetime": "2021-06-29 20:42:53", "elapsed": 1753.164815, "delta": 7.758933}}
{"target": 0.007276138254786972, "params": {"0": 1.186652872561389, "1": 2.9106521890329553, "2": 1.1616493118574969, "3": 2.6483892542685936, "4": 0.450477170871304, "5": -2.23146290027754, "6": -2.692170932363859, "7": -2.272126806354405}, "datetime": {"datetime": "2021-06-29 20:42:58", "elapsed": 1758.124242, "delta": 4.959427}}
{"target": 0.0033004191563502125, "params": {"0": -0.0938325528241899, "1": 2.697410380118132, "2": 2.530769626115678, "3": -2.0357641410731064, "4": 0.528162489925581, "5": -2.3797350370069834, "6": 1.7899818344269551, "7": 0.8021472773057603}, "datetime": {"datetime": "2021-06-29 20:43:05", "elapsed": 1764.779854, "delta": 6.655612}}
{"target": 0.0029504383128963617, "params": {"0": -0.897457265601413, "1": 0.8287015100240795, "2": -0.0013744064673639755, "3": -1.978714642513475, "4": -0.8303168618071348, "5": 1.6236677078629995, "6": 2.0493758163359903, "7": 0.534887435757808}, "datetime": {"datetime": "2021-06-29 20:43:10", "elapsed": 1769.83621, "delta": 5.056356}}
{"target": 0.0044288523717275485, "params": {"0": -1.642641339873053, "1": -0.3392631491046423, "2": 1.6048449548050474, "3": 1.4777560664277765, "4": -2.207942952094852, "5": -2.507707274792182, "6": -2.6685576580265753, "7": 1.9698219623442856}, "datetime": {"datetime": "2021-06-29 20:43:15", "elapsed": 1774.941653, "delta": 5.105443}}
{"target": 0.04594208467955473, "params": {"0": -0.3561104893903835, "1": 1.8625785331263423, "2": 1.7386599573775383, "3": -0.5778641325366918, "4": -1.2706816224384108, "5": -1.5258475944789738, "6": 0.9792567415134288, "7": 1.6907082680624441}, "datetime": {"datetime": "2021-06-29 20:43:20", "elapsed": 1780.686459, "delta": 5.744806}}
{"target": 0.0036670152664066234, "params": {"0": 2.374103297203048, "1": -1.9576226429292138, "2": -0.38467531718231207, "3": -1.1100228826453429, "4": -1.2807914485439442, "5": 2.280715340867559, "6": -1.602616470529557, "7": 1.2256020963490997}, "datetime": {"datetime": "2021-06-29 20:43:27", "elapsed": 1786.996631, "delta": 6.310172}}
{"target": 0.003128770263218857, "params": {"0": -0.13879108007641294, "1": -2.0807756965626583, "2": -0.7599085383127817, "3": 0.09626433723029004, "4": 0.08795814091324061, "5": -1.3562447207552488, "6": -0.05885175094644568, "7": 1.249871106696852}, "datetime": {"datetime": "2021-06-29 20:43:34", "elapsed": 1793.96052, "delta": 6.963889}}
{"target": 0.006456441149065671, "params": {"0": 1.9393260346529928, "1": -1.0906138086443704, "2": 2.9099238590449197, "3": -0.9029789574981062, "4": -0.5578898490877053, "5": 1.32879998402559, "6": 2.8536037633472686, "7": 0.5450400170224841}, "datetime": {"datetime": "2021-06-29 20:43:41", "elapsed": 1801.505503, "delta": 7.544983}}
{"target": 0.002974338257708156, "params": {"0": -2.802889128645541, "1": 2.533789658054447, "2": 0.8224703081210865, "3": -1.415404553878467, "4": 2.5172226780770792, "5": -0.835798256873145, "6": 0.9756316685003155, "7": -2.880481487642026}, "datetime": {"datetime": "2021-06-29 20:43:50", "elapsed": 1809.870178, "delta": 8.364675}}
{"target": 0.01919068642065536, "params": {"0": -2.3761518055860265, "1": -1.188337326982917, "2": 1.0792662030309197, "3": -2.469101035554413, "4": -2.2988703246708906, "5": -2.6718809645163555, "6": 0.9058671519064045, "7": 2.8743892759849823}, "datetime": {"datetime": "2021-06-29 20:43:56", "elapsed": 1816.703778, "delta": 6.8336}}
{"target": 0.004276483437885845, "params": {"0": 0.8065428066611711, "1": -2.14335448011328, "2": 2.5157019262021567, "3": 1.3383029738120795, "4": 0.01076913988335182, "5": -2.464486986245161, "6": 2.0805024104206247, "7": -1.5027219143264752}, "datetime": {"datetime": "2021-06-29 20:44:05", "elapsed": 1825.2992, "delta": 8.595422}}
{"target": 0.003005573636571967, "params": {"0": 2.372497031964862, "1": -0.15442498363636492, "2": -1.699995194113041, "3": 1.9551261466952132, "4": 2.7488679760828134, "5": 2.7994121834823096, "6": 2.5079566657139907, "7": 2.894968071853717}, "datetime": {"datetime": "2021-06-29 20:44:13", "elapsed": 1833.567425, "delta": 8.268225}}
{"target": 0.003108985427711902, "params": {"0": 0.021592730999703935, "1": 2.0132711027457777, "2": -1.7840033771714991, "3": -2.536811822128298, "4": -1.1717704123901014, "5": 1.4864567365249401, "6": 2.9800962540173934, "7": 2.0358816174485748}, "datetime": {"datetime": "2021-06-29 20:44:25", "elapsed": 1845.302004, "delta": 11.734579}}
{"target": 0.03783250073695188, "params": {"0": -1.9699172645876843, "1": -1.5357098556121578, "2": -2.3709141130089693, "3": -2.1969100996374973, "4": 1.3868075197738872, "5": -0.4374906660868838, "6": -2.3796283290413878, "7": 1.2625179165588918}, "datetime": {"datetime": "2021-06-29 20:44:30", "elapsed": 1850.501244, "delta": 5.19924}}
{"target": 0.0030366264027062865, "params": {"0": 0.9982652824411429, "1": 2.5927444962419237, "2": -1.4615471469411967, "3": 2.75418353965152, "4": -0.4365148953481368, "5": 1.6614572445708786, "6": -0.21469554681676017, "7": 0.7500046875742123}, "datetime": {"datetime": "2021-06-29 20:44:41", "elapsed": 1861.192708, "delta": 10.691464}}
{"target": 0.0033135862552469224, "params": {"0": -2.9059985624998044, "1": -1.721454599782277, "2": 0.6341961374358722, "3": 2.036915890102887, "4": 0.5692325347508191, "5": -2.392533101111771, "6": 1.139420786294016, "7": -2.0430038677820397}, "datetime": {"datetime": "2021-06-29 20:44:49", "elapsed": 1869.067118, "delta": 7.87441}}
{"target": 0.00306571422228285, "params": {"0": -0.14301584321573646, "1": -0.5863959177460032, "2": -2.68126894864173, "3": 2.498115227911713, "4": 2.0457173073606363, "5": -1.5361572837429252, "6": -1.1439018608085278, "7": -2.0749062203626574}, "datetime": {"datetime": "2021-06-29 20:44:55", "elapsed": 1874.785443, "delta": 5.718325}}
{"target": 0.003407351647671728, "params": {"0": 2.9605254176268536, "1": -0.20553116868637833, "2": 2.8579633962559194, "3": 1.3756268972091341, "4": -1.7021761911188937, "5": -2.498219522589115, "6": 1.7234278643683538, "7": 1.0463856302661059}, "datetime": {"datetime": "2021-06-29 20:45:01", "elapsed": 1881.448638, "delta": 6.663195}}
{"target": 0.00297558334640762, "params": {"0": -1.5693885374378915, "1": 0.9492853304177031, "2": -0.5641043573726137, "3": 1.485770867113681, "4": -1.7759306359203355, "5": 0.3865942989096913, "6": 1.1025603155137578, "7": -2.688666630811353}, "datetime": {"datetime": "2021-06-29 20:45:10", "elapsed": 1889.898101, "delta": 8.449463}}
{"target": 0.004544377922493409, "params": {"0": 1.776183877576221, "1": 0.35240700341733255, "2": 2.0912609726753004, "3": 0.20854437711749974, "4": -1.0609496044263516, "5": 0.9731744299098661, "6": 2.143373059822096, "7": 2.9843594604598724}, "datetime": {"datetime": "2021-06-29 20:45:22", "elapsed": 1901.881195, "delta": 11.983094}}
{"target": 0.010303657338807126, "params": {"0": -1.3731316481163123, "1": 0.642157617803905, "2": -0.5969532898313465, "3": 1.0718799747874446, "4": -1.4335917740924182, "5": -0.49831504619503253, "6": -0.1278404064817904, "7": 0.7137414018780577}, "datetime": {"datetime": "2021-06-29 20:45:31", "elapsed": 1911.246735, "delta": 9.36554}}
{"target": 0.003020730406461955, "params": {"0": -2.743880327542824, "1": -1.0401052455727555, "2": 2.0546560448403977, "3": -0.8831623738763277, "4": 1.5899541864639009, "5": 0.4176649013269129, "6": -0.7997396104936998, "7": 2.3520890013239253}, "datetime": {"datetime": "2021-06-29 20:45:38", "elapsed": 1918.301205, "delta": 7.05447}}
{"target": 0.004627896142155052, "params": {"0": 1.4193996844180274, "1": 2.2598931955273365, "2": -1.146267251731153, "3": 1.194353651103075, "4": -0.8762030930762812, "5": 0.1543451410516985, "6": -1.803671199966581, "7": -0.5422777795610307}, "datetime": {"datetime": "2021-06-29 20:45:44", "elapsed": 1924.544268, "delta": 6.243063}}
{"target": 0.003943345099067168, "params": {"0": -1.8806455898531786, "1": -0.5333777415126475, "2": -2.6409919905574686, "3": -1.3931011220898248, "4": 1.2968021652506216, "5": -1.6157931172914761, "6": -2.9935002486785267, "7": 0.14150379918393785}, "datetime": {"datetime": "2021-06-29 20:45:51", "elapsed": 1931.750134, "delta": 7.205866}}
{"target": 0.003125799501087252, "params": {"0": 1.633702875931954, "1": -1.494732530392389, "2": -1.1054038697035797, "3": 2.302914448434933, "4": -1.4423323389078413, "5": -1.8667269864549922, "6": -0.9257021386017525, "7": -1.6763069155010604}, "datetime": {"datetime": "2021-06-29 20:45:57", "elapsed": 1937.724655, "delta": 5.974521}}
{"target": 0.0034850331245946916, "params": {"0": 1.4987677192495212, "1": 2.2125515550925936, "2": -0.14422612289562542, "3": -0.6799875258051147, "4": -2.4035817611890216, "5": -2.0831000719075816, "6": -1.5017331260818567, "7": 1.4426470067874817}, "datetime": {"datetime": "2021-06-29 20:46:09", "elapsed": 1949.627571, "delta": 11.902916}}
{"target": 0.00306683843236425, "params": {"0": -0.03545464499829043, "1": 1.6028347737276505, "2": -1.2820960717149275, "3": -2.8858599644091045, "4": -0.19692268724582895, "5": 0.817107577913827, "6": 2.6806378875305352, "7": 0.5840827000904936}, "datetime": {"datetime": "2021-06-29 20:46:17", "elapsed": 1957.594429, "delta": 7.966858}}
{"target": 0.0032178179358698265, "params": {"0": -1.5321965083902425, "1": -0.5873005273580514, "2": -1.5731910586498736, "3": -1.1867171025900067, "4": 2.847618570036179, "5": -2.9833290245435755, "6": 0.18933380395959798, "7": -1.7880398982209573}, "datetime": {"datetime": "2021-06-29 20:46:26", "elapsed": 1965.824167, "delta": 8.229738}}
{"target": 0.002981633433790119, "params": {"0": 1.770566422999071, "1": -0.9510756705852108, "2": 1.9967410308934825, "3": -0.47965209196059444, "4": 2.95042987820223, "5": 1.785361344618364, "6": -0.2778516712680421, "7": -1.5173177263165754}, "datetime": {"datetime": "2021-06-29 20:46:32", "elapsed": 1972.175879, "delta": 6.351712}}
{"target": 0.003448901337330288, "params": {"0": 2.641738231621428, "1": 0.22579377101920706, "2": 2.9821413681769284, "3": 2.109707892060923, "4": 0.5182945601837115, "5": 2.3517408436030953, "6": 1.0045567102817765, "7": -2.7312341930196204}, "datetime": {"datetime": "2021-06-29 20:46:38", "elapsed": 1977.867783, "delta": 5.691904}}
{"target": 0.0040810927342334186, "params": {"0": 1.6571086286299073, "1": -1.4067561934300847, "2": -2.0272636119859078, "3": 2.20341613568496, "4": 2.9423566704698434, "5": -2.3123026042952963, "6": 2.4502621932904987, "7": -0.5758761794326563}, "datetime": {"datetime": "2021-06-29 20:46:46", "elapsed": 1985.929031, "delta": 8.061248}}
{"target": 0.00671754443007826, "params": {"0": 1.614019340243713, "1": 2.7667353086557744, "2": -0.6441431444748273, "3": -0.41803264770330717, "4": -2.671576154311979, "5": 1.1371181069060992, "6": 2.795474164936593, "7": -0.0427880668133902}, "datetime": {"datetime": "2021-06-29 20:46:56", "elapsed": 1996.396043, "delta": 10.467012}}
{"target": 0.00588778556964806, "params": {"0": 1.7708599574649835, "1": 0.665493797347557, "2": 2.654154339024636, "3": -2.881252965262849, "4": 1.4452674802458443, "5": 1.6864918544407672, "6": 1.3612010576863494, "7": -1.1590381919271564}, "datetime": {"datetime": "2021-06-29 20:47:01", "elapsed": 2001.331733, "delta": 4.93569}}
{"target": 0.0029692091314267514, "params": {"0": 0.12374480759597528, "1": -1.3140824990093765, "2": -0.9967929826943456, "3": 2.1788023810570074, "4": -2.527116006915054, "5": 1.81841681606309, "6": 1.6480500597869439, "7": 1.3348618987100913}, "datetime": {"datetime": "2021-06-29 20:47:10", "elapsed": 2010.757371, "delta": 9.425638}}
{"target": 0.0051057414587036085, "params": {"0": 0.6535003984538692, "1": 0.7149474717278119, "2": -2.2440388622762177, "3": 2.7379946910316395, "4": 2.411696193059967, "5": 0.07229165920131919, "6": 2.0326812509862284, "7": 0.9435206321624383}, "datetime": {"datetime": "2021-06-29 20:47:16", "elapsed": 2016.282855, "delta": 5.525484}}
{"target": 0.0036903855132444504, "params": {"0": -2.5641587883255053, "1": -0.9302936659793319, "2": 2.984337125046512, "3": 0.4107629487474327, "4": -1.9474893971287737, "5": -2.811641411104866, "6": -2.4888968766500383, "7": 2.2137732525289913}, "datetime": {"datetime": "2021-06-29 20:47:23", "elapsed": 2023.72413, "delta": 7.441275}}
{"target": 0.0047214368511582306, "params": {"0": -1.118147450115229, "1": 0.24943987504274112, "2": -1.0154057393325713, "3": -2.577609176059979, "4": -0.3006326418621139, "5": 0.008606852891403172, "6": -2.1533018530115555, "7": 2.2507786971571084}, "datetime": {"datetime": "2021-06-29 20:47:29", "elapsed": 2028.940947, "delta": 5.216817}}
{"target": 0.006338740064969178, "params": {"0": 1.9412184256828873, "1": -2.7398489105050827, "2": 1.563728598182097, "3": 0.07671851921837769, "4": -0.3041637956541283, "5": -0.7311141207950094, "6": -0.5335557915140932, "7": -2.2900485544303786}, "datetime": {"datetime": "2021-06-29 20:47:38", "elapsed": 2037.921053, "delta": 8.980106}}
{"target": 0.003283373007421923, "params": {"0": -1.7549652096348491, "1": -1.5373220856823635, "2": 2.4846822532843067, "3": -2.628545848098823, "4": 0.0249339586151347, "5": -2.222483830222611, "6": -0.2763478620549167, "7": 1.0159589840564527}, "datetime": {"datetime": "2021-06-29 20:47:48", "elapsed": 2048.401211, "delta": 10.480158}}
{"target": 0.0031081102835739424, "params": {"0": -2.9038923789884983, "1": -1.302125743627335, "2": -0.7872487967592172, "3": -0.7836773031464261, "4": -1.3389817338542211, "5": -2.924664161352842, "6": -0.22663639829928295, "7": 2.3930052963664856}, "datetime": {"datetime": "2021-06-29 20:47:58", "elapsed": 2057.934137, "delta": 9.532926}}
{"target": 0.0029711044874100767, "params": {"0": 0.7785038246199409, "1": 1.9790947266110575, "2": -0.18389280527090257, "3": -1.859914423972899, "4": 2.4756912969404565, "5": 2.403886105164303, "6": -0.8256567568629567, "7": -1.1944841157302202}, "datetime": {"datetime": "2021-06-29 20:48:05", "elapsed": 2065.740081, "delta": 7.805944}}
{"target": 0.004221378753674409, "params": {"0": 1.7755619818492576, "1": 2.92153903770887, "2": -1.0525096439122807, "3": -1.9332737657178816, "4": -2.076883909556398, "5": 1.9802478995123618, "6": 1.6365600152911348, "7": -0.8075108246269442}, "datetime": {"datetime": "2021-06-29 20:48:11", "elapsed": 2070.980015, "delta": 5.239934}}
{"target": 0.006463734757019589, "params": {"0": -1.0214275701738187, "1": -2.1040567654574405, "2": -2.4923017378840346, "3": 1.8216871751275159, "4": -1.84601911727625, "5": -0.8058277154653872, "6": 1.2576054030809738, "7": 2.022932550710891}, "datetime": {"datetime": "2021-06-29 20:48:18", "elapsed": 2078.728246, "delta": 7.748231}}
{"target": 0.0030218821652443157, "params": {"0": 1.8356374175746488, "1": 2.4744647321748143, "2": -1.9011101949868205, "3": -0.9198578184024067, "4": -1.3694838677116112, "5": 2.6080478523887916, "6": 1.4520463829127355, "7": 1.7994811838788065}, "datetime": {"datetime": "2021-06-29 20:48:29", "elapsed": 2089.20277, "delta": 10.474524}}
{"target": 0.003665753853492418, "params": {"0": 0.4218277586797856, "1": -0.7959363604547587, "2": 0.14943484842812405, "3": 2.2154745927125488, "4": -1.8193633797093183, "5": 2.335465929192848, "6": -2.7946980325463087, "7": 0.9165624968046933}, "datetime": {"datetime": "2021-06-29 20:48:35", "elapsed": 2095.471984, "delta": 6.269214}}
{"target": 0.010055748625303841, "params": {"0": 0.6527051464864564, "1": -2.09416817116346, "2": 1.1661276005455417, "3": 1.4672097010009182, "4": 2.5896340633052715, "5": -0.946878861686308, "6": 2.812809516522176, "7": -2.1658396056435194}, "datetime": {"datetime": "2021-06-29 20:48:43", "elapsed": 2103.254802, "delta": 7.782818}}
{"target": 0.0039444701572034085, "params": {"0": -1.9686382274854595, "1": -1.0360949986776269, "2": 2.808086496366636, "3": 1.1608378932312737, "4": 0.2597263853064433, "5": -1.952535015656188, "6": -0.4083986652539773, "7": 1.280949214093261}, "datetime": {"datetime": "2021-06-29 20:48:49", "elapsed": 2109.459938, "delta": 6.205136}}
{"target": 0.03265614601014158, "params": {"0": -2.6503747451766237, "1": 1.8952016151910263, "2": 0.8550278109053879, "3": -1.9235462326231658, "4": 1.530132516333385, "5": -2.4435594048248626, "6": 0.14806181169742416, "7": 0.6529434503597922}, "datetime": {"datetime": "2021-06-29 20:48:57", "elapsed": 2117.480253, "delta": 8.020315}}
{"target": 0.005736458851458982, "params": {"0": 0.29739944889503267, "1": -1.221735378971918, "2": -1.0267118594037945, "3": 0.23082943391155286, "4": 1.2620374611291192, "5": 2.2185365556731025, "6": 2.8672019512122393, "7": -0.0895981077550454}, "datetime": {"datetime": "2021-06-29 20:49:02", "elapsed": 2122.443971, "delta": 4.963718}}
{"target": 0.0030405960883075705, "params": {"0": -2.0759899996334834, "1": 0.0017631320645055126, "2": -0.06352234821416936, "3": 0.09615118760536712, "4": 1.3634543895756295, "5": 2.9406731768193746, "6": -1.4245444142121224, "7": 1.2314120962788913}, "datetime": {"datetime": "2021-06-29 20:49:12", "elapsed": 2132.776587, "delta": 10.332616}}
{"target": 0.0033480976198735444, "params": {"0": 2.752666405135903, "1": 0.38896314988384795, "2": -1.5228494616964054, "3": 2.519030450243651, "4": -0.9587630668657816, "5": 1.9407882722855812, "6": -2.4626088836065683, "7": -0.8141978438683699}, "datetime": {"datetime": "2021-06-29 20:49:20", "elapsed": 2140.022759, "delta": 7.246172}}
{"target": 0.0030575146848389506, "params": {"0": 2.118955849288149, "1": 0.685341649321149, "2": 1.4802054233666402, "3": -1.4028427984535359, "4": 0.5144745810694973, "5": 1.4847424950035855, "6": 1.0260978969220869, "7": -1.9377808543548312}, "datetime": {"datetime": "2021-06-29 20:49:28", "elapsed": 2147.971847, "delta": 7.949088}}
