{"target": 0.0042786392378203215, "params": {"0": -0.6010056602729517, "1": -2.9955031541995774, "2": -2.4213189632431567, "3": -0.6570156235383213, "4": -1.6372956336580222, "5": 1.436157312139894, "6": -2.1842964968739014, "7": -2.029087994025753}, "datetime": {"datetime": "2021-06-29 20:19:12", "elapsed": 332.781348, "delta": 2.354229}}
{"target": 0.004845015314194893, "params": {"0": -2.6258052505001586, "1": 0.2089910810060438, "2": -0.07673434275207747, "3": 2.4685830832083857, "4": 1.7431415552526763, "5": -1.689670939490888, "6": -1.4801396082200973, "7": 2.881409047087284}, "datetime": {"datetime": "2021-06-29 20:19:13", "elapsed": 334.334895, "delta": 1.553547}}
{"target": 0.0038244583274891024, "params": {"0": -0.614871559788492, "1": -0.38235630659857955, "2": 1.5707559559937918, "3": 2.049094716862041, "4": 2.858672680519298, "5": -2.8946601205875706, "6": -2.010107947948312, "7": 1.7529127631417047}, "datetime": {"datetime": "2021-06-29 20:19:15", "elapsed": 336.652906, "delta": 2.318011}}
{"target": 0.0032296545005700743, "params": {"0": -2.0979963404253428, "1": -0.7228111052772168, "2": -1.3176992874340525, "3": -0.3396858192727814, "4": -1.1490895272802293, "5": 2.9388412445897867, "6": 2.8191199107955844, "7": 2.298694496609281}, "datetime": {"datetime": "2021-06-29 20:19:18", "elapsed": 339.297872, "delta": 2.644966}}
{"target": 0.0051370738025638, "params": {"0": 2.652193225214628, "1": -2.9299317524338613, "2": -0.23468096155646023, "3": 0.7944844908710476, "4": 2.398514325972034, "5": 2.241674385570498, "6": -1.3575405157249987, "7": 0.2654176613496668}, "datetime": {"datetime": "2021-06-29 20:19:21", "elapsed": 341.906412, "delta": 2.60854}}
{"target": 0.002933426574220982, "params": {"0": 0.33319317046303354, "1": 2.682986193139132, "2": 0.21785405385184653, "3": 2.770892904971806, "4": 2.6595710916747413, "5": 0.7916709744093655, "6": -2.4047560449159944, "7": -0.7764373527854698}, "datetime": {"datetime": "2021-06-29 20:19:23", "elapsed": 344.180019, "delta": 2.273607}}
{"target": 0.0031500323694746485, "params": {"0": -0.28541230310227217, "1": 2.8493279400335387, "2": -2.8668559668393305, "3": 2.895242337279801, "4": -1.7435528566390268, "5": -0.2909705364488735, "6": -2.599665351742413, "7": -1.87459514622091}, "datetime": {"datetime": "2021-06-29 20:19:25", "elapsed": 346.639393, "delta": 2.459374}}
{"target": 0.0029514182088425035, "params": {"0": 0.17857454576405463, "1": 2.7706113813228264, "2": 2.7093032730557614, "3": 0.4800159268694788, "4": 0.05850980692192298, "5": 2.751441489808495, "6": 2.7698596217453613, "7": -1.1560040938996765}, "datetime": {"datetime": "2021-06-29 20:19:27", "elapsed": 348.495947, "delta": 1.856554}}
{"target": 0.0032320256188869746, "params": {"0": -0.5774571493044682, "1": 1.2951152515304258, "2": 0.16868652717021515, "3": -2.2122797726153443, "4": -0.7113201946192023, "5": 2.0182431310137243, "6": 1.8389118979511894, "7": -2.055406870916018}, "datetime": {"datetime": "2021-06-29 20:19:31", "elapsed": 352.513512, "delta": 4.017565}}
{"target": 0.003997200370301045, "params": {"0": -0.4370253476242443, "1": 2.5708457308837387, "2": -1.1988186504176894, "3": 2.1232656274455364, "4": -1.491560454107082, "5": -1.5666438733109922, "6": -0.3279720495580847, "7": -2.3068902716814836}, "datetime": {"datetime": "2021-06-29 20:19:33", "elapsed": 354.014844, "delta": 1.501332}}
{"target": 0.0033866827938227135, "params": {"0": -2.614971602845042, "1": -2.792366391168729, "2": -2.3725412063174667, "3": 2.7810359274305094, "4": 1.6420889233208866, "5": -2.934615548353979, "6": 2.469909657102697, "7": -2.948353687646293}, "datetime": {"datetime": "2021-06-29 20:19:35", "elapsed": 355.915736, "delta": 1.900892}}
{"target": 0.00289391958075074, "params": {"0": 0.9848809764151834, "1": -0.9410114140119381, "2": 1.5179759104587722, "3": -2.597649945101503, "4": 0.673953453107619, "5": 1.5600198549790685, "6": 2.9966032117814736, "7": 2.03753032142021}, "datetime": {"datetime": "2021-06-29 20:19:37", "elapsed": 358.345364, "delta": 2.429628}}
{"target": 0.003275281027439981, "params": {"0": 1.6316273305640792, "1": 0.6541264696358926, "2": -2.004478091600819, "3": 0.6376877870483035, "4": -2.2343438284636794, "5": -0.328800637667396, "6": 0.4018935481904773, "7": -2.5638521698480785}, "datetime": {"datetime": "2021-06-29 20:19:40", "elapsed": 361.038586, "delta": 2.693222}}
{"target": 0.007074541801920317, "params": {"0": 0.6649537039872313, "1": -2.773142880579145, "2": -2.985003052018157, "3": 1.7279611964900532, "4": -2.6619990052233122, "5": -2.8282718642342783, "6": 1.6628669848674988, "7": 2.1259836775411802}, "datetime": {"datetime": "2021-06-29 20:19:41", "elapsed": 362.69143, "delta": 1.652844}}
{"target": 0.0033667036759415492, "params": {"0": 2.4505972891363186, "1": -0.07080556462760423, "2": 2.7744639501237796, "3": -1.004961749544395, "4": 1.3757490345372432, "5": 0.1590169525837153, "6": 1.0154122029004995, "7": -1.6175578144802003}, "datetime": {"datetime": "2021-06-29 20:19:43", "elapsed": 364.318318, "delta": 1.626888}}
{"target": 0.003609183868526415, "params": {"0": -2.691065255051055, "1": -0.20348874538014483, "2": -1.6517761159592907, "3": -0.6711239692800195, "4": 2.706453618491553, "5": 1.275180456677905, "6": -2.2751401035978485, "7": -0.783517899131212}, "datetime": {"datetime": "2021-06-29 20:19:45", "elapsed": 366.341521, "delta": 2.023203}}
{"target": 0.0031656908359297842, "params": {"0": 0.4384258494654665, "1": 2.1896873915943047, "2": -1.8981968114626606, "3": -1.1412048964522425, "4": 0.28019512556992554, "5": -1.2464089438078483, "6": 0.3784373471523783, "7": -0.17595134785530497}, "datetime": {"datetime": "2021-06-29 20:19:48", "elapsed": 369.215165, "delta": 2.873644}}
{"target": 0.003156437349537821, "params": {"0": 2.784499299655737, "1": 1.4799270636617177, "2": 0.24635610242342176, "3": -2.5822811306593643, "4": 0.2770449855907877, "5": -0.21128210332379238, "6": -1.526080662033814, "7": -1.8710469475377765}, "datetime": {"datetime": "2021-06-29 20:19:52", "elapsed": 373.637781, "delta": 4.422616}}
{"target": 0.0031009522600247363, "params": {"0": 2.9008966707986277, "1": -1.9494175751806433, "2": 0.7996336434697806, "3": 1.351695188338165, "4": 0.9750728174849632, "5": -2.1470828632676655, "6": -0.9768784608313696, "7": 1.9477122741392447}, "datetime": {"datetime": "2021-06-29 20:19:54", "elapsed": 375.376554, "delta": 1.738773}}
{"target": 0.0031896735016935613, "params": {"0": 0.8852300948511975, "1": 1.3531105382456374, "2": 1.6433693089024768, "3": -1.5078101762152023, "4": -0.06126738847379043, "5": -1.4768241422837713, "6": 0.5282508443200724, "7": -0.020733647302318747}, "datetime": {"datetime": "2021-06-29 20:19:57", "elapsed": 378.140377, "delta": 2.763823}}
{"target": 0.004953328494964851, "params": {"0": -0.06715324771875508, "1": 0.1587112902051233, "2": -2.6351775112195344, "3": -0.17044721805360963, "4": -1.8494405013838802, "5": 2.1268530384544313, "6": -0.5029656968825806, "7": 0.899476281921813}, "datetime": {"datetime": "2021-06-29 20:19:59", "elapsed": 380.424441, "delta": 2.284064}}
{"target": 0.0032429551460898534, "params": {"0": 1.582927410602216, "1": 1.7557888765762648, "2": -0.43000375335675534, "3": 1.2259429208093255, "4": 0.4329049986586275, "5": 2.1588610261939793, "6": 2.765592324595466, "7": 0.9977850904581662}, "datetime": {"datetime": "2021-06-29 20:20:02", "elapsed": 382.901795, "delta": 2.477354}}
{"target": 0.004071805877787072, "params": {"0": -2.0681243093078363, "1": -2.9982367868719395, "2": 1.4678715643742946, "3": -1.7850179751787294, "4": 1.1197216874814568, "5": 1.0635233927294312, "6": 2.7256260924236244, "7": -2.727476898258997}, "datetime": {"datetime": "2021-06-29 20:20:04", "elapsed": 385.368503, "delta": 2.466708}}
{"target": 0.003588603320159217, "params": {"0": -0.4360040989820293, "1": -2.0109693822116137, "2": 1.6810462428976445, "3": 1.0585935427887598, "4": -2.622911440172562, "5": -0.3939626141579522, "6": -0.5783098258712016, "7": 2.933003134146473}, "datetime": {"datetime": "2021-06-29 20:20:06", "elapsed": 387.604829, "delta": 2.236326}}
{"target": 0.003161240711135616, "params": {"0": -1.6183154489713172, "1": 1.9733022294840952, "2": 0.8956840214209496, "3": 2.2304845170044256, "4": 1.1437308172606766, "5": -2.151783124619042, "6": -2.621977479119885, "7": 2.468056900163985}, "datetime": {"datetime": "2021-06-29 20:20:08", "elapsed": 389.475418, "delta": 1.870589}}
{"target": 0.0033978572267218832, "params": {"0": 0.42099492078228007, "1": -0.24636066391581668, "2": -0.2900738346856375, "3": 2.5610136393116907, "4": 1.3405821250813021, "5": -0.9943101407853963, "6": -1.6977430527965707, "7": 0.12730427749325823}, "datetime": {"datetime": "2021-06-29 20:20:11", "elapsed": 392.24565, "delta": 2.770232}}
{"target": 0.00429999873097661, "params": {"0": 2.5382886762817494, "1": -2.149452483812856, "2": 2.409112076867956, "3": -1.0123621488086412, "4": -2.6679102068333913, "5": 2.660319610033018, "6": -1.0246993328625997, "7": -0.9695978577316966}, "datetime": {"datetime": "2021-06-29 20:20:15", "elapsed": 396.704532, "delta": 4.458882}}
{"target": 0.0032448319591381466, "params": {"0": 2.200935686557785, "1": 1.6253586568610103, "2": -1.802862661210433, "3": 2.4238472366092036, "4": -1.473602895365487, "5": -2.2148106080476007, "6": 1.7984817820939236, "7": -1.4825653865135575}, "datetime": {"datetime": "2021-06-29 20:20:18", "elapsed": 399.334455, "delta": 2.629923}}
{"target": 0.003062379847002023, "params": {"0": 2.791792494083751, "1": -1.853089338311012, "2": -2.589705696147224, "3": -0.38736247659267065, "4": -0.37961738533372547, "5": 2.2320086704950386, "6": -0.22689002899580046, "7": 2.9898578557612154}, "datetime": {"datetime": "2021-06-29 20:20:20", "elapsed": 401.421125, "delta": 2.08667}}
{"target": 0.004113687596452982, "params": {"0": -1.9562714371624599, "1": 0.6941712888328739, "2": -0.7834515920060667, "3": -2.780065142602096, "4": 2.400121885186265, "5": -0.04068930397430437, "6": -2.3287193977513994, "7": 2.2801237775382424}, "datetime": {"datetime": "2021-06-29 20:20:23", "elapsed": 403.803221, "delta": 2.382096}}
{"target": 0.004642547341985663, "params": {"0": 0.8458231288321558, "1": -1.5950122339973554, "2": -0.5760393622152065, "3": -1.0758654156316303, "4": 0.6985861802604396, "5": 2.5791695536062846, "6": -1.7110054714727903, "7": 0.23129987256278106}, "datetime": {"datetime": "2021-06-29 20:20:26", "elapsed": 406.739469, "delta": 2.936248}}
{"target": 0.0030266986798983667, "params": {"0": 1.7680487423259974, "1": 0.020475973515900137, "2": -1.7537209748617808, "3": 2.3594269765887352, "4": -1.803883045662085, "5": 1.1505037754701366, "6": -0.6385617144047608, "7": 2.2568361357931304}, "datetime": {"datetime": "2021-06-29 20:20:28", "elapsed": 409.363727, "delta": 2.624258}}
{"target": 0.0032084279213254953, "params": {"0": 1.3073893362134665, "1": -0.27014396998739176, "2": 2.823517520570306, "3": -1.984897094911315, "4": -0.506043203802899, "5": 2.057867076600287, "6": -1.424519695105259, "7": 2.791847358095618}, "datetime": {"datetime": "2021-06-29 20:20:30", "elapsed": 411.637445, "delta": 2.273718}}
{"target": 0.0030470738397474083, "params": {"0": 1.106614766017989, "1": -0.966566446476782, "2": -1.491933323742082, "3": -0.9204533215197426, "4": 1.6119609877912922, "5": 2.97690819533313, "6": -1.0802907478883395, "7": 0.5414144301538126}, "datetime": {"datetime": "2021-06-29 20:20:33", "elapsed": 414.592709, "delta": 2.955264}}
{"target": 0.003049920020792268, "params": {"0": -0.8861641102647848, "1": 1.358083249976528, "2": -2.7867869350250567, "3": -2.409225566769739, "4": 1.9539678237475133, "5": 0.18059644501375605, "6": -2.5671728263896245, "7": -2.680661200015101}, "datetime": {"datetime": "2021-06-29 20:20:35", "elapsed": 416.711806, "delta": 2.119097}}
{"target": 0.010791153653792487, "params": {"0": -0.3560317250166918, "1": -2.541590049934696, "2": 2.2163728312229845, "3": -1.7128610425355648, "4": 0.11178178443824338, "5": 1.6424744417177353, "6": -1.8547110827166826, "7": 0.8118090756419267}, "datetime": {"datetime": "2021-06-29 20:20:40", "elapsed": 421.220303, "delta": 4.508497}}
{"target": 0.0034109031360714747, "params": {"0": -0.9430646653411299, "1": -1.1755499522009913, "2": 1.9987582118431177, "3": -2.516679090106729, "4": -2.6702395132710928, "5": -2.4955303552328663, "6": -0.6918634751561088, "7": 0.9137416587496956}, "datetime": {"datetime": "2021-06-29 20:20:43", "elapsed": 424.234981, "delta": 3.014678}}
{"target": 0.0037547885880736547, "params": {"0": -1.7482385951509112, "1": -0.014553575667530794, "2": -2.8167979577563353, "3": -1.3163403325316947, "4": -2.461667188085152, "5": 1.4991190591527337, "6": -0.6345408331476725, "7": -0.09743234487387475}, "datetime": {"datetime": "2021-06-29 20:20:46", "elapsed": 426.814648, "delta": 2.579667}}
{"target": 0.0064689504032644585, "params": {"0": 1.7765468478795654, "1": 0.7631925211128374, "2": -0.28311893929753706, "3": 2.0782224943864147, "4": -2.4138468376705786, "5": 1.7314705122435425, "6": -2.4267455402127314, "7": 1.8115871689842589}, "datetime": {"datetime": "2021-06-29 20:20:48", "elapsed": 429.514599, "delta": 2.699951}}
{"target": 0.003509963757290693, "params": {"0": -0.11778797564165266, "1": 1.5720176821020688, "2": -2.5078225622596557, "3": 0.9701103265450399, "4": -1.4275914581060658, "5": -2.099730390183061, "6": 0.6654444712826288, "7": -1.3801724403849664}, "datetime": {"datetime": "2021-06-29 20:20:51", "elapsed": 432.601367, "delta": 3.086768}}
{"target": 0.0036372548640649966, "params": {"0": -0.5888586390300414, "1": -2.3145507370762592, "2": -2.961680920566131, "3": -1.122035772090997, "4": -1.854601461542017, "5": -2.1567874862467455, "6": -0.11424203444127823, "7": 2.4956460389574726}, "datetime": {"datetime": "2021-06-29 20:20:54", "elapsed": 435.613683, "delta": 3.012316}}
{"target": 0.003510065552077111, "params": {"0": -0.9745253539932044, "1": -1.9721902115713683, "2": -0.6941671144996882, "3": -2.6174395360118785, "4": -0.3547610329688071, "5": -2.58595609785686, "6": -0.29434535515329463, "7": 2.082364528825668}, "datetime": {"datetime": "2021-06-29 20:20:57", "elapsed": 438.336101, "delta": 2.722418}}
{"target": 0.003201481268978519, "params": {"0": 2.657742321105875, "1": 0.020966400941253127, "2": 2.2341585090897613, "3": -2.46809404705835, "4": -0.037547134363911105, "5": -1.190635954091622, "6": -0.37767686450173965, "7": -1.1638093989687557}, "datetime": {"datetime": "2021-06-29 20:21:01", "elapsed": 441.920865, "delta": 3.584764}}
{"target": 0.0033419619645172305, "params": {"0": -1.0627759274654611, "1": 2.1988162461963707, "2": -1.875398430991327, "3": -1.0713100528353268, "4": -0.8764868913792752, "5": 1.5798822921464808, "6": 2.4866019616666044, "7": -2.811694939562196}, "datetime": {"datetime": "2021-06-29 20:21:06", "elapsed": 446.858967, "delta": 4.938102}}
{"target": 0.15985686669828164, "params": {"0": 1.1803185125476165, "1": -1.2464347287414772, "2": 2.98222008762274, "3": -2.2733152994965105, "4": -1.7967071717522334, "5": -2.160258560851622, "6": 0.17655102748005191, "7": -2.0479993743520115}, "datetime": {"datetime": "2021-06-29 20:21:09", "elapsed": 450.659899, "delta": 3.800932}}
{"target": 0.0036939441946354725, "params": {"0": -0.7814184924221315, "1": 2.4580980053326993, "2": -1.460047412119744, "3": -0.5761763863644944, "4": 2.9026645204803536, "5": 1.0399482955332404, "6": 1.1962075882686314, "7": -2.880436707707191}, "datetime": {"datetime": "2021-06-29 20:21:13", "elapsed": 453.735338, "delta": 3.075439}}
{"target": 0.0037694101761151415, "params": {"0": 0.23590936180642164, "1": 0.831715172672749, "2": 0.019626811187848148, "3": -1.1219892997985708, "4": -2.1625821428266967, "5": 1.6194422327922213, "6": -1.0844729423471569, "7": -2.148650615901084}, "datetime": {"datetime": "2021-06-29 20:21:16", "elapsed": 457.591722, "delta": 3.856384}}
{"target": 0.0031122176524786727, "params": {"0": 1.2178831049826062, "1": 2.07678618093718, "2": -2.2714023352371724, "3": -2.4022932931287153, "4": -1.8177533808017485, "5": 1.1503051246571738, "6": 0.2475559691302065, "7": 2.2606285989760515}, "datetime": {"datetime": "2021-06-29 20:21:19", "elapsed": 460.580152, "delta": 2.98843}}
{"target": 0.0032393203456145604, "params": {"0": 1.5872639065179914, "1": -1.6603835368553548, "2": 2.4874407178656135, "3": -2.699005863771414, "4": -1.1651722028619302, "5": -2.345415057629003, "6": 0.38332787814608515, "7": -1.503536115188107}, "datetime": {"datetime": "2021-06-29 20:21:25", "elapsed": 465.908578, "delta": 5.328426}}
{"target": 0.003040993318641522, "params": {"0": 1.270971937010665, "1": -1.0073300387000397, "2": 2.7039643516013907, "3": 2.597619502424183, "4": 0.06916556145879671, "5": 2.3034069251628875, "6": 1.5530544155144224, "7": 2.776599728788562}, "datetime": {"datetime": "2021-06-29 20:21:28", "elapsed": 469.549715, "delta": 3.641137}}
{"target": 0.004251617015849667, "params": {"0": 1.8471182705834241, "1": 0.8592414324904869, "2": 0.3987935755544245, "3": 1.229032434211918, "4": -1.7655365477620182, "5": -2.11062939952665, "6": 2.995888581631256, "7": -2.2625936624340333}, "datetime": {"datetime": "2021-06-29 20:21:31", "elapsed": 472.020569, "delta": 2.470854}}
{"target": 0.003103568012238027, "params": {"0": -1.3194667729722773, "1": -2.651275384764673, "2": -1.184593719317927, "3": -1.7386932250460665, "4": 0.03120069698527006, "5": -0.1920712971146381, "6": 0.9981043861407084, "7": -0.35743267102873677}, "datetime": {"datetime": "2021-06-29 20:21:33", "elapsed": 474.527807, "delta": 2.507238}}
{"target": 0.0032861727755678525, "params": {"0": 2.036162113734198, "1": 0.7725152690349639, "2": 0.6231332876235358, "3": 0.9617092910733831, "4": -1.0082485270856287, "5": 2.551570919964381, "6": 2.10986171561297, "7": 0.5109772278216855}, "datetime": {"datetime": "2021-06-29 20:21:35", "elapsed": 476.412965, "delta": 1.885158}}
{"target": 0.0032742786563508017, "params": {"0": 2.1410952536316845, "1": -1.8617990236820616, "2": 1.5744293793404056, "3": -0.36900415775919715, "4": 1.2046957271417318, "5": 0.27880483904244624, "6": 1.8063999358910223, "7": 1.7832250684694042}, "datetime": {"datetime": "2021-06-29 20:21:37", "elapsed": 478.431699, "delta": 2.018734}}
{"target": 0.004748679261001397, "params": {"0": -2.6627251447685953, "1": -2.0613351569315697, "2": -0.7199010341572123, "3": 2.96700179196357, "4": 1.9180922243287295, "5": 1.4555578618545093, "6": 0.8844031801129528, "7": -0.19888198597448437}, "datetime": {"datetime": "2021-06-29 20:21:40", "elapsed": 481.43327, "delta": 3.001571}}
{"target": 0.004582773894220668, "params": {"0": -1.467195214836197, "1": -1.3481797967014526, "2": 0.03290255680085341, "3": -0.5909321212576435, "4": 1.9142888443117219, "5": -0.5788268538728385, "6": 2.453612365635583, "7": 0.6587572903712449}, "datetime": {"datetime": "2021-06-29 20:21:42", "elapsed": 483.314402, "delta": 1.881132}}
{"target": 0.0034620085453560536, "params": {"0": -2.204316067768336, "1": 0.2426771852935019, "2": -0.009201588274550865, "3": 2.742908569019467, "4": -2.2672499072222916, "5": 0.9479600987899355, "6": -0.03845068287938602, "7": -1.0625032465153261}, "datetime": {"datetime": "2021-06-29 20:21:44", "elapsed": 485.482842, "delta": 2.16844}}
{"target": 0.00566082878651434, "params": {"0": -1.6012998110448013, "1": 2.39899719837066, "2": -1.1510523638815693, "3": -2.8061704174471798, "4": -2.031511916763513, "5": -1.5178295782859672, "6": -1.4346725555139062, "7": 1.2801899454368275}, "datetime": {"datetime": "2021-06-29 20:21:46", "elapsed": 486.882001, "delta": 1.399159}}
{"target": 0.0048858473239105455, "params": {"0": 0.19803318477756893, "1": 0.3051829850936034, "2": 0.18959226211789293, "3": -1.124895988314465, "4": -1.9292179563214484, "5": 2.49017935722285, "6": -1.5301081422327247, "7": -0.40078457648797894}, "datetime": {"datetime": "2021-06-29 20:21:48", "elapsed": 489.698944, "delta": 2.816943}}
{"target": 0.009765934605809297, "params": {"0": 2.7259827344177534, "1": 2.380100251009683, "2": 1.4747617421726336, "3": -1.2874173221176084, "4": -1.4466635178600096, "5": -1.1409418704554124, "6": 0.6585606296605286, "7": 0.6224127984455587}, "datetime": {"datetime": "2021-06-29 20:21:52", "elapsed": 492.842458, "delta": 3.143514}}
{"target": 0.003035654757992013, "params": {"0": 1.9291549531524215, "1": -2.5607238178810867, "2": 0.228616663952371, "3": 2.450216593322927, "4": -2.58288586811736, "5": 1.156215928455337, "6": -0.25265651528683275, "7": 1.6573198572679564}, "datetime": {"datetime": "2021-06-29 20:21:54", "elapsed": 495.171177, "delta": 2.328719}}
{"target": 0.005088375781360582, "params": {"0": 2.803671987382552, "1": -2.846279689084392, "2": -1.6793182102465283, "3": -0.004402949761319164, "4": -0.1081701867882412, "5": 1.5828712609964244, "6": -1.0836420434004244, "7": 1.070873847273079}, "datetime": {"datetime": "2021-06-29 20:21:57", "elapsed": 497.916547, "delta": 2.74537}}
{"target": 0.003417547039699703, "params": {"0": -1.845812923905888, "1": 1.312066285920391, "2": 1.6858929747686577, "3": 0.08136866116573227, "4": -0.5323480332315915, "5": 0.07273062171170164, "6": 1.4915121541651217, "7": 2.516029981960668}, "datetime": {"datetime": "2021-06-29 20:22:02", "elapsed": 503.081729, "delta": 5.165182}}
{"target": 0.003139320761283511, "params": {"0": -2.3981823834359455, "1": 1.9946436721292908, "2": -0.3594230282950699, "3": -0.8015957837948586, "4": -1.4980349126080288, "5": 0.4090301786781385, "6": -1.8002061134518057, "7": 2.0649995635323624}, "datetime": {"datetime": "2021-06-29 20:22:04", "elapsed": 505.497414, "delta": 2.415685}}
