{"target": 0.0033059110919082756, "params": {"0": 2.9228408359173335, "1": -1.463486618348667, "2": 1.0024288273590312, "3": -1.6107703001158724, "4": 0.4115315081749005, "5": 0.1981459938469312, "6": -2.4942929029438625, "7": -2.2984695008114775}, "datetime": {"datetime": "2021-06-29 21:18:08", "elapsed": 3869.101411, "delta": 12.074802}}
{"target": 0.00475308477457818, "params": {"0": 0.7759446281444831, "1": -2.740336654276274, "2": -0.5996205203513165, "3": -2.4249446327423776, "4": -1.5843166610413786, "5": -1.6608833495577446, "6": -0.5854690346538174, "7": 1.7760265555359407}, "datetime": {"datetime": "2021-06-29 21:18:31", "elapsed": 3891.757857, "delta": 22.656446}}
{"target": 0.0029454923601354424, "params": {"0": -2.7488137847455025, "1": 0.83652930399548, "2": 0.21909004126457754, "3": -0.007874881719812876, "4": -0.0988904536769919, "5": 2.807234886237004, "6": 0.04648990299289402, "7": 2.6876031969135754}, "datetime": {"datetime": "2021-06-29 21:18:40", "elapsed": 3901.513273, "delta": 9.755416}}
{"target": 0.003001257478069203, "params": {"0": 1.4553017569919309, "1": 1.5523404438560764, "2": -1.210804200074261, "3": -2.6676714796590817, "4": -0.6510342204675608, "5": 2.080495481273303, "6": -0.21535481097703535, "7": -1.9801516874748513}, "datetime": {"datetime": "2021-06-29 21:18:49", "elapsed": 3910.461043, "delta": 8.94777}}
{"target": 0.003526126909840866, "params": {"0": 0.05186532820970502, "1": 2.2320359787086215, "2": -2.7016572715460665, "3": 2.6624479314174447, "4": 0.02325264683055117, "5": -1.5591425806357708, "6": 0.7853514379480808, "7": 0.7313013853367529}, "datetime": {"datetime": "2021-06-29 21:19:01", "elapsed": 3921.844565, "delta": 11.383522}}
{"target": 0.0032913319253021545, "params": {"0": 2.291080519094912, "1": 2.0060915099508083, "2": 1.2442023888026439, "3": -1.8683045898857316, "4": -1.5955639247737385, "5": 1.6971228153877123, "6": 1.8928023064462947, "7": 0.11135985198986287}, "datetime": {"datetime": "2021-06-29 21:19:30", "elapsed": 3950.802153, "delta": 28.957588}}
{"target": 0.004838418185742015, "params": {"0": 0.42627358421368555, "1": 0.087257753289252, "2": -0.177205536646599, "3": -1.2956376396851819, "4": -0.6801477996976946, "5": 0.43137114921455844, "6": 2.007131809005262, "7": -1.8856483457397637}, "datetime": {"datetime": "2021-06-29 21:19:39", "elapsed": 3959.806199, "delta": 9.004046}}
{"target": 0.0032859187112745793, "params": {"0": 2.689960515905934, "1": 1.2218609556719482, "2": -2.634315454085252, "3": -1.1518154049109066, "4": 2.125339067678185, "5": 0.8613081599553833, "6": -0.23450392681901722, "7": -1.4216362846184232}, "datetime": {"datetime": "2021-06-29 21:19:49", "elapsed": 3970.546577, "delta": 10.740378}}
{"target": 0.015555744523238924, "params": {"0": -0.7313915993721767, "1": -2.1098107235653045, "2": -2.4710718658232267, "3": -0.6478103612977693, "4": -2.4561455260445477, "5": 0.36525365777977026, "6": -2.243634728380222, "7": -2.2417206896872477}, "datetime": {"datetime": "2021-06-29 21:20:03", "elapsed": 3984.531791, "delta": 13.985214}}
{"target": 0.0034272727443998507, "params": {"0": 0.7822326896317078, "1": 1.8423749558507252, "2": -2.7781450104936374, "3": -0.8429148982558043, "4": 0.781047398519557, "5": -0.8776012639548534, "6": -2.1028608318528925, "7": 2.448140364012194}, "datetime": {"datetime": "2021-06-29 21:20:16", "elapsed": 3996.950166, "delta": 12.418375}}
{"target": 0.005330417905856949, "params": {"0": -0.08986017681255642, "1": 0.1573973810512337, "2": -2.023125274127766, "3": 1.0048939312577714, "4": 1.1559696872875342, "5": 2.8768795776646083, "6": -1.6566334461776668, "7": -0.6217369505938914}, "datetime": {"datetime": "2021-06-29 21:20:47", "elapsed": 4028.283583, "delta": 31.333417}}
{"target": 0.003054628846340902, "params": {"0": -0.25050337588983007, "1": -2.6012638001193342, "2": 2.514260454906527, "3": -1.0880378566594906, "4": 0.07151305488416249, "5": 1.7539361099808053, "6": -1.4445955418159655, "7": 1.06711023858308}, "datetime": {"datetime": "2021-06-29 21:21:03", "elapsed": 4044.645794, "delta": 16.362211}}
{"target": 0.0030599922167382464, "params": {"0": 1.8631568516024775, "1": 2.6811483156396276, "2": 2.8324986585095786, "3": -0.3853159993951243, "4": 0.16439226945668572, "5": 0.5247729894510069, "6": 0.8466936074144007, "7": -1.1448065691452636}, "datetime": {"datetime": "2021-06-29 21:21:09", "elapsed": 4050.083706, "delta": 5.437912}}
{"target": 0.002965754828689616, "params": {"0": 0.5432683537889571, "1": 0.15756507624201532, "2": 2.0935328057248563, "3": -2.9784293496185796, "4": 2.1148533979086483, "5": 2.482928208931085, "6": 2.0129644850062505, "7": 1.9617220485534625}, "datetime": {"datetime": "2021-06-29 21:21:17", "elapsed": 4058.4203, "delta": 8.336594}}
{"target": 0.003316698442319453, "params": {"0": -2.2096020558388596, "1": 0.8755879725348299, "2": 2.819912710731505, "3": -0.6140658821457841, "4": 1.2729781267926388, "5": -0.5698593110214047, "6": -2.9799854954130485, "7": 2.9264809290669263}, "datetime": {"datetime": "2021-06-29 21:21:30", "elapsed": 4071.544375, "delta": 13.124075}}
{"target": 0.0033270006396236176, "params": {"0": -2.307499405070585, "1": 2.763145217776672, "2": -1.7027896493441326, "3": 0.4092044730384998, "4": -2.9488203534964015, "5": 0.9390397628731839, "6": 2.2260279488463093, "7": 2.392192406529144}, "datetime": {"datetime": "2021-06-29 21:21:51", "elapsed": 4091.745227, "delta": 20.200852}}
{"target": 0.004635659340196302, "params": {"0": -0.18562278823078238, "1": 0.7300077013217106, "2": -0.09083881284077266, "3": -0.04207031263689087, "4": -2.7214408960656873, "5": -0.2914290779377362, "6": -2.1375818477553956, "7": 2.259002394120299}, "datetime": {"datetime": "2021-06-29 21:22:00", "elapsed": 4101.225009, "delta": 9.479782}}
{"target": 0.004113379744689138, "params": {"0": -1.8226316846205977, "1": 0.4585555370327068, "2": 0.8219786821606814, "3": -1.9771662921258641, "4": -1.087742914229746, "5": -0.1977299820062024, "6": 2.267706659968294, "7": -0.09916977961018647}, "datetime": {"datetime": "2021-06-29 21:22:08", "elapsed": 4109.594335, "delta": 8.369326}}
{"target": 0.004252361731984225, "params": {"0": 2.4135178752758186, "1": -2.903623607677126, "2": -0.5460733722450684, "3": 0.6804022533994387, "4": -0.9498223885732866, "5": 0.7416816563315707, "6": -2.352004941802991, "7": 0.9115985831520965}, "datetime": {"datetime": "2021-06-29 21:22:17", "elapsed": 4118.196314, "delta": 8.601979}}
{"target": 0.0032126806912123203, "params": {"0": 1.6137425438256443, "1": -0.9414746737076563, "2": -0.5214705111998255, "3": -1.7587263538005886, "4": -0.11852096327490758, "5": 0.7269110884091026, "6": 2.410523009176827, "7": -1.9937665636985153}, "datetime": {"datetime": "2021-06-29 21:22:29", "elapsed": 4129.930874, "delta": 11.73456}}
{"target": 0.0032930331881361034, "params": {"0": -1.4495135773497567, "1": -2.6656940800583393, "2": -0.10141213712524566, "3": -0.18603505362058703, "4": 2.3293082856598533, "5": -0.95815523213995, "6": 2.9192984051385853, "7": -0.3770423596792907}, "datetime": {"datetime": "2021-06-29 21:22:43", "elapsed": 4143.963226, "delta": 14.032352}}
{"target": 0.0030993231041501388, "params": {"0": 0.1531877510342765, "1": 2.119769603448753, "2": -0.12226254791942281, "3": -0.5432549577568588, "4": 2.686857285243504, "5": 1.6126151761427296, "6": -1.470984598044215, "7": -2.7516796262826304}, "datetime": {"datetime": "2021-06-29 21:22:55", "elapsed": 4156.00314, "delta": 12.039914}}
{"target": 0.004935455646902838, "params": {"0": 0.5651994080686058, "1": 1.57055433077924, "2": 1.468074254847063, "3": -1.9883959137133804, "4": 0.21019991368978808, "5": 1.090985772175224, "6": -0.5758430513966535, "7": -2.198980859063031}, "datetime": {"datetime": "2021-06-29 21:23:03", "elapsed": 4164.624262, "delta": 8.621122}}
{"target": 0.0054489618198366304, "params": {"0": 1.1408344820892156, "1": 0.529321058225027, "2": -0.5636025680747307, "3": -0.28870750606821094, "4": 0.6285241125495302, "5": -0.2923151683102425, "6": -1.073419736280802, "7": -2.3499237675117963}, "datetime": {"datetime": "2021-06-29 21:23:11", "elapsed": 4172.623007, "delta": 7.998745}}
{"target": 0.0036043949699384086, "params": {"0": -0.784355277100393, "1": -0.892176757050577, "2": 0.7508334533245993, "3": -1.8885027411328925, "4": 0.7917337284640276, "5": -1.8270141758206826, "6": -2.0156462946502183, "7": -2.5299961951495478}, "datetime": {"datetime": "2021-06-29 21:23:35", "elapsed": 4196.190355, "delta": 23.567348}}
{"target": 0.0038581774407248646, "params": {"0": -2.2439962958423445, "1": 2.575007814520096, "2": 2.6884028338762684, "3": -0.7673725878337674, "4": -1.2931844798332817, "5": -2.069593596849249, "6": -0.3004249155252845, "7": -2.6796290001621896}, "datetime": {"datetime": "2021-06-29 21:23:46", "elapsed": 4206.871938, "delta": 10.681583}}
{"target": 0.003860058964968856, "params": {"0": 0.0013504882387995742, "1": 0.12730016017039336, "2": -1.0163479727936962, "3": 0.4974028973471558, "4": -2.870701772226286, "5": 2.338558798545659, "6": 1.0443204472327894, "7": 1.8160233960442733}, "datetime": {"datetime": "2021-06-29 21:24:00", "elapsed": 4220.754655, "delta": 13.882717}}
{"target": 0.002967387494721429, "params": {"0": 2.201086604775311, "1": 2.0574325530366613, "2": 1.2149946825232636, "3": 0.47962054952764976, "4": 2.133093420722995, "5": 0.15346338530896997, "6": -2.2561194285355577, "7": -0.7609419446781285}, "datetime": {"datetime": "2021-06-29 21:24:12", "elapsed": 4233.376765, "delta": 12.62211}}
{"target": 0.0032407237495882574, "params": {"0": -0.3568204835469295, "1": -2.9328741577854114, "2": -0.45072670433430684, "3": 2.894654280120892, "4": -2.4017158484726835, "5": 1.0906407502719961, "6": -2.5942182290622426, "7": 2.227319768431272}, "datetime": {"datetime": "2021-06-29 21:24:27", "elapsed": 4248.465817, "delta": 15.089052}}
{"target": 0.003303474300935967, "params": {"0": 2.099356765307789, "1": -2.286891044264367, "2": -1.0703592718792414, "3": 1.6132363488667298, "4": -1.1485594137181894, "5": -0.7089247142016557, "6": -0.10021424783575039, "7": -1.0352022051547447}, "datetime": {"datetime": "2021-06-29 21:24:43", "elapsed": 4264.596604, "delta": 16.130787}}
{"target": 0.003300637043030496, "params": {"0": 2.5214785384160745, "1": -1.138224200076849, "2": 0.9214715816529861, "3": -1.5102392293632714, "4": -0.3611088094767938, "5": 2.396586900431733, "6": -0.24887893431517272, "7": -2.1194310969709997}, "datetime": {"datetime": "2021-06-29 21:24:50", "elapsed": 4270.994059, "delta": 6.397455}}
{"target": 0.0041705872695820025, "params": {"0": 2.0132528937161815, "1": 1.4815206832464352, "2": -1.4251095535761071, "3": 1.3706738280247484, "4": -1.1844665440624245, "5": 2.730306558309479, "6": 0.6175818219073621, "7": -0.49709269650371946}, "datetime": {"datetime": "2021-06-29 21:25:03", "elapsed": 4284.100092, "delta": 13.106033}}
{"target": 0.0031398609124566874, "params": {"0": -2.835437590053688, "1": -0.8781064457862477, "2": 0.5967687326738265, "3": -2.3069263923397054, "4": -0.7044068416118048, "5": 1.8367016184453515, "6": -2.3873388689070474, "7": -2.8353651736251035}, "datetime": {"datetime": "2021-06-29 21:25:22", "elapsed": 4303.480755, "delta": 19.380663}}
{"target": 0.0035170192344650087, "params": {"0": 1.5710314261364005, "1": -1.650624947816241, "2": -0.5973577230730762, "3": -1.4402439864405938, "4": 1.2875293978463755, "5": -2.5844698211222843, "6": 0.8482855188559459, "7": -0.7583741277868166}, "datetime": {"datetime": "2021-06-29 21:25:37", "elapsed": 4318.683792, "delta": 15.203037}}
{"target": 0.0032348175369312226, "params": {"0": -2.0571302888960528, "1": -2.957313216984572, "2": -0.6844574266260288, "3": -1.5159840238062277, "4": -1.877851063870501, "5": 2.689582042762102, "6": 0.39859502485927667, "7": 0.8776352263848537}, "datetime": {"datetime": "2021-06-29 21:25:50", "elapsed": 4331.320124, "delta": 12.636332}}
{"target": 0.012644595126550966, "params": {"0": -1.5244700422390174, "1": -1.3831496078073608, "2": 2.506447858530925, "3": 2.444864895728929, "4": 1.1821504630590267, "5": -0.2624153892828609, "6": 1.58744152617414, "7": -2.4316525504285766}, "datetime": {"datetime": "2021-06-29 21:26:00", "elapsed": 4341.670216, "delta": 10.350092}}
{"target": 0.0032178757699809386, "params": {"0": -2.390893182002853, "1": 1.0647893137950382, "2": 0.7010128614803257, "3": 2.6505458895472325, "4": -0.3852806456615028, "5": -0.7174460558518465, "6": 1.2049717011391525, "7": 0.4179696714963801}, "datetime": {"datetime": "2021-06-29 21:26:44", "elapsed": 4385.075234, "delta": 43.405018}}
{"target": 0.005782111732025289, "params": {"0": 1.758703958447918, "1": -1.170518285229227, "2": 2.870971036021624, "3": -2.07837219665322, "4": -1.4557942351142954, "5": -1.8903098895705654, "6": 0.14937644302836617, "7": -1.8997464030774085}, "datetime": {"datetime": "2021-06-29 21:27:08", "elapsed": 4408.842511, "delta": 23.767277}}
{"target": 0.009464166212143452, "params": {"0": 1.8460389393652425, "1": -2.0930853362625563, "2": -1.8493857141328363, "3": 1.2078516538133393, "4": -0.33486736247353033, "5": -1.080000696549483, "6": 1.6331427660271212, "7": 0.19762882464158604}, "datetime": {"datetime": "2021-06-29 21:27:22", "elapsed": 4423.518226, "delta": 14.675715}}
{"target": 0.003130222657759138, "params": {"0": -0.7614558946760681, "1": 0.7891493929387341, "2": -0.26980232508245905, "3": -2.830446632801041, "4": 0.7988289312348087, "5": 2.903253701483533, "6": -0.9625350293920052, "7": -1.3569343485462078}, "datetime": {"datetime": "2021-06-29 21:27:50", "elapsed": 4451.20234, "delta": 27.684114}}
{"target": 0.003372769083983804, "params": {"0": 0.41210770372118155, "1": -0.38994049134756814, "2": -1.0756208918723296, "3": -2.9616629091648403, "4": 1.4923028204140136, "5": 0.021016130586154702, "6": 1.1316351009699002, "7": 0.45566580782881605}, "datetime": {"datetime": "2021-06-29 21:28:11", "elapsed": 4472.262078, "delta": 21.059738}}
{"target": 0.0030349973063855725, "params": {"0": 2.1076992920516835, "1": 2.461034179062289, "2": 2.2717765544014714, "3": 2.632308195672339, "4": -0.995213480997637, "5": 0.24998856787739943, "6": -2.673742920892499, "7": 2.217780345559734}, "datetime": {"datetime": "2021-06-29 21:28:28", "elapsed": 4489.396281, "delta": 17.134203}}
{"target": 0.0030966035379988025, "params": {"0": -2.4666993443991485, "1": 2.1141567267107213, "2": 0.9148010026741664, "3": -1.8143449455179055, "4": 1.1070812111509012, "5": -2.4732881519153707, "6": -0.08364723286472753, "7": 0.7235125361391876}, "datetime": {"datetime": "2021-06-29 21:28:42", "elapsed": 4503.225586, "delta": 13.829305}}
{"target": 0.00346117403014708, "params": {"0": -1.6646005681092855, "1": 1.2589618828320193, "2": -0.8906190209818057, "3": -2.2064370906353292, "4": 1.937566811935696, "5": 2.521554408633105, "6": -1.8022265224982543, "7": 2.1780627590647077}, "datetime": {"datetime": "2021-06-29 21:29:02", "elapsed": 4523.435727, "delta": 20.210141}}
{"target": 0.003024532766085964, "params": {"0": -2.471033156374303, "1": 2.1040930606272044, "2": 2.9560483178741555, "3": 1.656034219087398, "4": 2.6823287311039596, "5": -1.4181444531704337, "6": 2.697854100258753, "7": 0.41162055127723063}, "datetime": {"datetime": "2021-06-29 21:29:15", "elapsed": 4536.267821, "delta": 12.832094}}
{"target": 0.0028994091189155154, "params": {"0": -1.3812155399517319, "1": -0.005898863149080391, "2": -2.6031996346138877, "3": 1.0951194884898054, "4": 1.5444408073083604, "5": -1.0473846548519463, "6": -0.9169389172705795, "7": 0.40453752361691553}, "datetime": {"datetime": "2021-06-29 21:29:25", "elapsed": 4546.392113, "delta": 10.124292}}
{"target": 0.003976308737843132, "params": {"0": 1.8043388972878462, "1": 0.5308214109411336, "2": 2.3343793014736782, "3": -0.29246186350827186, "4": -1.0318049381182985, "5": 2.6157509580304152, "6": -0.6965304000773114, "7": -0.42255932411474006}, "datetime": {"datetime": "2021-06-29 21:29:37", "elapsed": 4557.843861, "delta": 11.451748}}
{"target": 0.003000243726503857, "params": {"0": 1.6869325624737659, "1": -0.8866243106459879, "2": 0.3700588076028506, "3": -1.1044569729097136, "4": 2.414298553648429, "5": 2.7722590810723187, "6": 1.1858658889780838, "7": -0.37545887655630894}, "datetime": {"datetime": "2021-06-29 21:29:50", "elapsed": 4571.099293, "delta": 13.255432}}
{"target": 0.012118359292262137, "params": {"0": 0.6726195449261629, "1": -2.6561690839413146, "2": -2.005040571517795, "3": -2.5190853149123984, "4": -0.9752985530692388, "5": -1.1233117129494958, "6": 1.3759898213332278, "7": -0.9345653771367699}, "datetime": {"datetime": "2021-06-29 21:30:09", "elapsed": 4590.702898, "delta": 19.603605}}
{"target": 0.0030920775252115122, "params": {"0": -1.0253837594356763, "1": -2.571308012836381, "2": -0.15980446781084634, "3": -2.155153607109914, "4": 2.284926910971776, "5": 1.0477092486849582, "6": -2.92350694431041, "7": -0.8966445678308843}, "datetime": {"datetime": "2021-06-29 21:30:18", "elapsed": 4599.695722, "delta": 8.992824}}
{"target": 0.00470945995380986, "params": {"0": 1.9542233059985215, "1": 1.4045767702228185, "2": 0.2561700976635155, "3": -0.970074409832411, "4": -1.9901238086348856, "5": -0.6522678504817678, "6": -2.1215801656743616, "7": -2.8885806791675543}, "datetime": {"datetime": "2021-06-29 21:30:27", "elapsed": 4608.255472, "delta": 8.55975}}
{"target": 0.0029813920540627706, "params": {"0": -0.5809372305368878, "1": 0.5709640504633002, "2": 1.740800094631478, "3": -0.919658107161685, "4": 2.663425677647412, "5": 2.759336152801321, "6": -2.360793266174448, "7": -2.7839574157642355}, "datetime": {"datetime": "2021-06-29 21:30:41", "elapsed": 4622.120922, "delta": 13.86545}}
{"target": 0.0030845744818306466, "params": {"0": 1.5457514570810513, "1": 0.9190227940927267, "2": 2.4075847652418583, "3": 2.6188205453696476, "4": -1.467204703275981, "5": -2.3759234737436508, "6": -1.757657923063466, "7": 1.6029714944199416}, "datetime": {"datetime": "2021-06-29 21:31:04", "elapsed": 4645.649065, "delta": 23.528143}}
{"target": 0.0035089543595650044, "params": {"0": 0.5789528044818719, "1": 2.616867832985001, "2": 2.418089817580114, "3": 0.2464177910267633, "4": 1.0232531445581978, "5": -0.9677092958206304, "6": 2.755282733712421, "7": -2.1751679145232057}, "datetime": {"datetime": "2021-06-29 21:31:33", "elapsed": 4674.21008, "delta": 28.561015}}
{"target": 0.0029011389823581967, "params": {"0": -2.3649026136238507, "1": 1.457924089619918, "2": 2.5557913363948943, "3": 2.3905934404475584, "4": 2.6608615080903615, "5": 1.005954641796265, "6": -2.9811511586928736, "7": -0.7032075506528974}, "datetime": {"datetime": "2021-06-29 21:31:47", "elapsed": 4687.892961, "delta": 13.682881}}
{"target": 0.003027270329181644, "params": {"0": -2.708076985145729, "1": 1.4853558205082873, "2": 0.5455038620448569, "3": -0.4933947806206085, "4": 1.1421844466573416, "5": 1.7056452658880925, "6": -1.466302257196492, "7": 2.2636365354065164}, "datetime": {"datetime": "2021-06-29 21:31:56", "elapsed": 4697.150643, "delta": 9.257682}}
{"target": 0.0032950374607773306, "params": {"0": 1.897337447030691, "1": -0.9876156494989603, "2": 0.728272392337026, "3": 1.5240838431302626, "4": 2.8597294108015188, "5": 0.006299167509997705, "6": -1.4349282448242446, "7": 0.5026429829504448}, "datetime": {"datetime": "2021-06-29 21:32:17", "elapsed": 4718.078012, "delta": 20.927369}}
{"target": 0.003884515733894723, "params": {"0": -0.7591130132453743, "1": -1.8495470666134288, "2": -2.6423326203580624, "3": -0.09405640213891964, "4": 1.876704139284791, "5": 0.04410719242398642, "6": 2.2434295199302214, "7": 2.8476289846056817}, "datetime": {"datetime": "2021-06-29 21:32:36", "elapsed": 4737.255844, "delta": 19.177832}}
{"target": 0.0036674327520974962, "params": {"0": -0.3237495834319679, "1": 1.1876915090192863, "2": -2.6558885720019756, "3": 0.6021755846866439, "4": 1.3031688586015617, "5": -1.5755057450317833, "6": 2.4730905184893315, "7": 2.0923969366185196}, "datetime": {"datetime": "2021-06-29 21:32:49", "elapsed": 4749.900744, "delta": 12.6449}}
{"target": 0.003011091700066768, "params": {"0": 2.6369539426042694, "1": 1.8633182625106581, "2": -2.327328897871465, "3": -2.8470362650666976, "4": 1.7086735533823836, "5": -1.4024296264305882, "6": -2.5051258567942067, "7": -0.018581907575997647}, "datetime": {"datetime": "2021-06-29 21:32:59", "elapsed": 4759.911064, "delta": 10.01032}}
{"target": 0.002934899403707328, "params": {"0": 2.214257398732041, "1": 0.9806850044532274, "2": 2.5410345949095596, "3": 0.4825581836412325, "4": -1.3998477641894433, "5": -1.5427006521702424, "6": -0.3043294714040723, "7": -0.2401414167150211}, "datetime": {"datetime": "2021-06-29 21:33:08", "elapsed": 4768.769565, "delta": 8.858501}}
{"target": 0.0036392508705885727, "params": {"0": -0.8108877211976391, "1": 0.4123378113112528, "2": 0.3624702790180141, "3": -1.8658421269307095, "4": 0.8864415863590613, "5": -0.6786266833854473, "6": -2.4100028847623087, "7": -1.344489306156212}, "datetime": {"datetime": "2021-06-29 21:33:21", "elapsed": 4782.24888, "delta": 13.479315}}
{"target": 0.005336448987537821, "params": {"0": -2.1417286831884983, "1": -1.3474342352884257, "2": -2.05910246400412, "3": -2.4801656294103602, "4": 1.8957502452187835, "5": -0.8491410103718318, "6": -2.9103989847680865, "7": 1.2061414433189297}, "datetime": {"datetime": "2021-06-29 21:33:41", "elapsed": 4802.440099, "delta": 20.191219}}
{"target": 0.003922771771952709, "params": {"0": 1.040291633329467, "1": -2.7604115608765376, "2": 0.9548169614732798, "3": -0.33504899250729725, "4": -0.6445984422218229, "5": -0.5718819980944652, "6": -0.3126527705586084, "7": -2.844157831914692}, "datetime": {"datetime": "2021-06-29 21:33:53", "elapsed": 4814.64306, "delta": 12.202961}}
