{"target": 0.003382318351397098, "params": {"0": 1.0907027360078079, "1": 0.048395802446544955, "2": 2.5518817122799646, "3": 1.6160817385988633, "4": -1.0895558989386585, "5": 1.7560424046816232, "6": 0.9137382315929834, "7": 0.6338951088073879}, "datetime": {"datetime": "2021-06-29 20:35:19", "elapsed": 1298.570876, "delta": 8.167128}}
{"target": 0.0031810331280674167, "params": {"0": 2.3526378193574082, "1": 2.1246003604120762, "2": 0.7279465378857033, "3": -1.8131987711353035, "4": 0.18126657992230033, "5": -2.2397448829635858, "6": -0.6146841088170567, "7": -1.448033028356818}, "datetime": {"datetime": "2021-06-29 20:35:24", "elapsed": 1303.53427, "delta": 4.963394}}
{"target": 0.0033912742400660193, "params": {"0": 1.6028227905774948, "1": 1.97568177666441, "2": -2.3078547818123947, "3": -2.811081177290766, "4": -1.0544362895257482, "5": -0.0832390454076033, "6": -0.25269911511244425, "7": 1.5522487514948056}, "datetime": {"datetime": "2021-06-29 20:35:29", "elapsed": 1309.392513, "delta": 5.858243}}
{"target": 0.003941144068699559, "params": {"0": 1.1520577360346937, "1": 1.3467177759115074, "2": -0.011746537007169877, "3": -1.4899341975451215, "4": 0.21501064642250256, "5": -0.4265414009452595, "6": 2.462794000033412, "7": -0.5581669550946469}, "datetime": {"datetime": "2021-06-29 20:35:39", "elapsed": 1319.017523, "delta": 9.62501}}
{"target": 0.005733850005071549, "params": {"0": -1.9161182547214546, "1": -2.846194715832323, "2": 2.573266126843551, "3": 1.9148069509826247, "4": 0.06411318888033257, "5": 1.3734672048027425, "6": 0.5029389635215997, "7": -2.9920143022888004}, "datetime": {"datetime": "2021-06-29 20:35:48", "elapsed": 1327.728961, "delta": 8.711438}}
{"target": 0.0034238846160112393, "params": {"0": -2.0549353881116392, "1": -0.8546423151730558, "2": 0.5228132019352518, "3": 1.7787205718163692, "4": -0.6538711066444725, "5": -1.3909505599388816, "6": -2.8121779722207707, "7": 2.590593046375087}, "datetime": {"datetime": "2021-06-29 20:35:54", "elapsed": 1334.278039, "delta": 6.549078}}
{"target": 0.0031721977720320206, "params": {"0": 2.698518572170177, "1": 0.1575618630245108, "2": -1.6313837404244436, "3": 1.362589697378974, "4": -2.190709774992321, "5": 2.3394687479810132, "6": -2.0817309431207955, "7": -1.0051837860492518}, "datetime": {"datetime": "2021-06-29 20:36:00", "elapsed": 1340.015732, "delta": 5.737693}}
{"target": 0.0033057451916257722, "params": {"0": 2.6171109352207393, "1": -1.2103433242255157, "2": 1.3507287007464779, "3": 1.519965109694124, "4": -2.041665603356946, "5": 0.36229469600899433, "6": 0.9432550014387542, "7": 2.2174421397595667}, "datetime": {"datetime": "2021-06-29 20:36:07", "elapsed": 1346.735183, "delta": 6.719451}}
{"target": 0.0048900198527896885, "params": {"0": -1.4543011430075776, "1": -1.8424119035647035, "2": 1.0266390783564532, "3": -2.746698321814713, "4": 2.398494232727897, "5": -2.9587357474344493, "6": -0.4702310890792498, "7": -0.6254858703212545}, "datetime": {"datetime": "2021-06-29 20:36:13", "elapsed": 1353.077466, "delta": 6.342283}}
{"target": 0.003564662316207959, "params": {"0": -0.6678280180946272, "1": 0.5109020523299748, "2": 2.482448193801713, "3": 0.9766554919257198, "4": 0.7986723390284709, "5": 0.8372123367935078, "6": 2.524854158868343, "7": -1.8516920371447767}, "datetime": {"datetime": "2021-06-29 20:36:18", "elapsed": 1358.445487, "delta": 5.368021}}
{"target": 0.0029533958801933923, "params": {"0": -1.9148359673537523, "1": 2.556913213219932, "2": 1.3559922862067237, "3": -2.248941207034632, "4": -0.11202575793965686, "5": 2.581178806019384, "6": 1.8841855895064956, "7": 1.7596573021397717}, "datetime": {"datetime": "2021-06-29 20:36:25", "elapsed": 1365.094863, "delta": 6.649376}}
{"target": 0.021708769920102323, "params": {"0": -2.820596914042034, "1": 0.5344443290146614, "2": -2.572733841567793, "3": 1.0129244904767667, "4": 2.8621846738942276, "5": -1.6372148679475287, "6": 2.193627155502587, "7": -2.844108629700736}, "datetime": {"datetime": "2021-06-29 20:36:32", "elapsed": 1372.280639, "delta": 7.185776}}
{"target": 0.004186109329043001, "params": {"0": 1.6934046612332763, "1": -1.7268533794840606, "2": 2.401586424677447, "3": 1.9175871386745014, "4": -0.7222186007547453, "5": -1.7148471675179817, "6": 0.5563953216234889, "7": 2.1371207019254967}, "datetime": {"datetime": "2021-06-29 20:36:39", "elapsed": 1379.238368, "delta": 6.957729}}
{"target": 0.010306089589041487, "params": {"0": -2.482025627943078, "1": 2.217612493876482, "2": -0.5089574691880983, "3": 0.9016367447767832, "4": -0.22829962367045376, "5": -2.617220122047966, "6": -0.7374210903500833, "7": -2.2010122892098423}, "datetime": {"datetime": "2021-06-29 20:36:45", "elapsed": 1385.242797, "delta": 6.004429}}
{"target": 0.003810765882498801, "params": {"0": 0.9925500059084458, "1": -0.15897887381871012, "2": -0.554029869800789, "3": 1.6258164236819699, "4": 0.10139166299617886, "5": 1.0024809508773762, "6": -0.3724753535461538, "7": 1.7536034009248782}, "datetime": {"datetime": "2021-06-29 20:36:50", "elapsed": 1390.424252, "delta": 5.181455}}
{"target": 0.004545818247205476, "params": {"0": -2.484906262402615, "1": 2.677890561273794, "2": -2.6338285294619483, "3": -1.4453310496060123, "4": 0.28120480275171333, "5": -0.7520347609176676, "6": -1.8649534788828026, "7": 2.6222647973825737}, "datetime": {"datetime": "2021-06-29 20:36:55", "elapsed": 1395.127511, "delta": 4.703259}}
{"target": 0.00358741203618174, "params": {"0": 0.4619481351565229, "1": 0.6390663230813036, "2": 0.4973647280194511, "3": 0.6730139208903223, "4": -2.9875987679608413, "5": -1.7266807528791925, "6": 0.10001826439534334, "7": -2.6778500610939133}, "datetime": {"datetime": "2021-06-29 20:36:59", "elapsed": 1398.967922, "delta": 3.840411}}
{"target": 0.0032777442861930107, "params": {"0": 1.6012785681830906, "1": 2.1000611108437104, "2": -2.701328319377747, "3": -1.9266482913422986, "4": -0.9718805521277103, "5": -0.13961266971462072, "6": 0.3547533855687579, "7": 2.201789821200663}, "datetime": {"datetime": "2021-06-29 20:37:03", "elapsed": 1403.416045, "delta": 4.448123}}
{"target": 0.0030637253361914868, "params": {"0": 2.4421944186814386, "1": -0.17339438650981442, "2": 0.17221283970531465, "3": -0.5338109558674473, "4": 0.5263721071670364, "5": 0.4752082110633076, "6": -1.864971229664555, "7": -2.916332004319954}, "datetime": {"datetime": "2021-06-29 20:37:08", "elapsed": 1407.569954, "delta": 4.153909}}
{"target": 0.003070443850830919, "params": {"0": 1.5659678983870364, "1": 1.3084644087589803, "2": -2.3960899786094068, "3": -1.3590767582317382, "4": 1.0427532264380943, "5": 1.530471808630903, "6": 2.529764231354564, "7": -0.9444841388593663}, "datetime": {"datetime": "2021-06-29 20:37:12", "elapsed": 1412.402742, "delta": 4.832788}}
{"target": 0.0034010583793442884, "params": {"0": 0.15328220034964612, "1": 2.2465460416883634, "2": -2.578921227378727, "3": 0.6578468065629663, "4": -1.9502025518148751, "5": -2.9131677180872977, "6": 0.33068423088203547, "7": 0.055204237720045235}, "datetime": {"datetime": "2021-06-29 20:37:16", "elapsed": 1416.030183, "delta": 3.627441}}
{"target": 0.0032245970977616938, "params": {"0": 2.346649260276825, "1": -0.41861286429882005, "2": -1.4150735865753679, "3": -2.0482520226537346, "4": 0.11830076051635086, "5": 0.053045630328320215, "6": 1.5822116342170265, "7": 0.09310976363094703}, "datetime": {"datetime": "2021-06-29 20:37:21", "elapsed": 1420.561739, "delta": 4.531556}}
{"target": 0.015434709262856153, "params": {"0": -2.7673761708717075, "1": 2.14137137719843, "2": -0.6887242998425966, "3": 1.1277184352967105, "4": -0.10085408197007606, "5": -2.19203460857986, "6": -0.38761506534075085, "7": -1.9140383210263712}, "datetime": {"datetime": "2021-06-29 20:37:27", "elapsed": 1426.535492, "delta": 5.973753}}
{"target": 0.003076540757822837, "params": {"0": 2.158322450790254, "1": 0.514099700892924, "2": -0.29453923721961095, "3": 2.6170517904104837, "4": 0.08665080257709423, "5": 2.1650010440153347, "6": 2.453112376949245, "7": -1.9451008548327409}, "datetime": {"datetime": "2021-06-29 20:37:30", "elapsed": 1430.411338, "delta": 3.875846}}
{"target": 0.0034285527476109042, "params": {"0": 1.0294910221950708, "1": -0.964676034784349, "2": -0.6118123126239383, "3": 1.9750583987774917, "4": -0.6656234369198417, "5": -1.901004744125321, "6": -1.212675199509892, "7": 2.7897900616935916}, "datetime": {"datetime": "2021-06-29 20:37:37", "elapsed": 1436.761198, "delta": 6.34986}}
{"target": 0.0033371832726388218, "params": {"0": 1.327865271153117, "1": 1.736081755160213, "2": -2.4796113273137426, "3": -2.005153374578614, "4": -1.2086317064448158, "5": 1.8296408982517534, "6": 1.7576346930818838, "7": 0.22196748300471114}, "datetime": {"datetime": "2021-06-29 20:37:47", "elapsed": 1446.72122, "delta": 9.960022}}
{"target": 0.003126301707398537, "params": {"0": 0.9287803491141986, "1": -0.9391246401370337, "2": 1.871585879897701, "3": 0.7638842482306298, "4": 0.8882074482198896, "5": -0.7243080581107049, "6": -0.36554740169843836, "7": -2.5649825796822325}, "datetime": {"datetime": "2021-06-29 20:37:52", "elapsed": 1451.694575, "delta": 4.973355}}
{"target": 0.003145090648832226, "params": {"0": 0.5955918548347481, "1": -2.83039725316324, "2": 1.540275033653046, "3": -1.4941732979877373, "4": 0.16591328003276296, "5": 2.273991186831805, "6": -2.0895886448743743, "7": 0.6804969074143381}, "datetime": {"datetime": "2021-06-29 20:37:56", "elapsed": 1456.232671, "delta": 4.538096}}
{"target": 0.0032619322655388625, "params": {"0": -2.575818619991558, "1": 0.6197908454883292, "2": -2.573188128728183, "3": 2.798439050351991, "4": -2.0520371717085197, "5": 0.7681865835605559, "6": -2.3801863631296856, "7": -1.185926623956221}, "datetime": {"datetime": "2021-06-29 20:38:01", "elapsed": 1460.530167, "delta": 4.297496}}
{"target": 0.004979215091280933, "params": {"0": 1.0774432275414743, "1": 1.3715742590274491, "2": -0.5325870162460022, "3": -1.7615424855659152, "4": -0.3608310873496885, "5": 0.05999208475442641, "6": 2.793212163982181, "7": -0.17982908507466888}, "datetime": {"datetime": "2021-06-29 20:38:07", "elapsed": 1466.909927, "delta": 6.37976}}
{"target": 0.006638856537417698, "params": {"0": 1.614147120565434, "1": -2.249794537131093, "2": -2.5542939800453444, "3": 0.3425034791099164, "4": -2.571805630638131, "5": 1.9831577003092047, "6": 1.3739301369226906, "7": -2.910462119907945}, "datetime": {"datetime": "2021-06-29 20:38:13", "elapsed": 1472.658195, "delta": 5.748268}}
{"target": 0.0037202903672487082, "params": {"0": 0.5376221035315867, "1": -1.0764557705337305, "2": 1.896935291803377, "3": 1.419321054640112, "4": -0.6402481271994169, "5": -2.3482827640334905, "6": -2.0680287792203433, "7": -0.0628313091733288}, "datetime": {"datetime": "2021-06-29 20:38:14", "elapsed": 1474.328446, "delta": 1.670251}}
{"target": 0.003049398815388191, "params": {"0": 2.170581026817846, "1": -1.7816656224109555, "2": 1.0500047899405205, "3": 2.489427472056933, "4": -1.383849522359085, "5": -0.9785557508854259, "6": 0.9192534769118099, "7": 2.244668615582702}, "datetime": {"datetime": "2021-06-29 20:38:20", "elapsed": 1479.509909, "delta": 5.181463}}
{"target": 0.004365688806053849, "params": {"0": 1.1841042660273766, "1": 1.2365311235724903, "2": -1.010556803981378, "3": -2.2165498923234956, "4": -0.26558446760206245, "5": -0.9433215353139319, "6": 0.25182899120920954, "7": 2.4731876584787313}, "datetime": {"datetime": "2021-06-29 20:38:26", "elapsed": 1486.369377, "delta": 6.859468}}
{"target": 0.00325120885748024, "params": {"0": -2.104971345625952, "1": -0.24467815060087705, "2": -1.1412389952536577, "3": -2.9163907880711193, "4": 0.8741585309752464, "5": 2.9749810948153383, "6": -1.7864479022644508, "7": 1.7793775794051179}, "datetime": {"datetime": "2021-06-29 20:38:33", "elapsed": 1493.155403, "delta": 6.786026}}
{"target": 0.0034396357292787757, "params": {"0": -1.9245988128632083, "1": 2.290948658598424, "2": -2.778163595183466, "3": -0.5864261104709252, "4": 2.665419319022307, "5": -2.532017977655655, "6": 1.8767562865101999, "7": -0.3905532010690216}, "datetime": {"datetime": "2021-06-29 20:38:38", "elapsed": 1497.703627, "delta": 4.548224}}
{"target": 0.015181123560602737, "params": {"0": 0.5763850615657815, "1": -0.643857988118528, "2": 1.4703241295064977, "3": -0.05730759474952585, "4": -0.4230117693061093, "5": -1.166486398904728, "6": -0.09192893207849151, "7": 1.1646126959011216}, "datetime": {"datetime": "2021-06-29 20:38:42", "elapsed": 1501.770572, "delta": 4.066945}}
{"target": 0.004018306457174985, "params": {"0": 0.7891924079574077, "1": -0.1379475355465991, "2": 1.8840475544986077, "3": 2.262855234182072, "4": -1.8638645133828005, "5": 1.6334580980838522, "6": 1.3492827440697912, "7": 0.3752128212903134}, "datetime": {"datetime": "2021-06-29 20:38:53", "elapsed": 1512.875378, "delta": 11.104806}}
{"target": 0.0030314304515541204, "params": {"0": -2.62328887498085, "1": 2.9867355823597554, "2": 0.3110082059389585, "3": 0.5248198344880941, "4": 1.3703940808003292, "5": -0.8267455214314339, "6": -2.0464934893161004, "7": -0.6973975910522467}, "datetime": {"datetime": "2021-06-29 20:38:57", "elapsed": 1517.234478, "delta": 4.3591}}
{"target": 0.005269383128004425, "params": {"0": 1.488117301858578, "1": -0.8336733808436465, "2": 1.6600291829135099, "3": 1.1608590519497204, "4": -2.262593612798427, "5": 2.4243564468589742, "6": -2.784596208165909, "7": 2.402423086211148}, "datetime": {"datetime": "2021-06-29 20:39:04", "elapsed": 1523.565382, "delta": 6.330904}}
{"target": 0.0029985881990951782, "params": {"0": 0.6112078927366404, "1": -2.8332172909750843, "2": 1.4048870509337155, "3": -1.5844048194208697, "4": -0.07368761868287255, "5": 1.5813971412927366, "6": -2.9527363918673553, "7": -0.09329543142614583}, "datetime": {"datetime": "2021-06-29 20:39:10", "elapsed": 1529.590655, "delta": 6.025273}}
{"target": 0.0033126014536659027, "params": {"0": -0.08222652707226263, "1": -0.30025199615144427, "2": 1.046549621401784, "3": 0.6687238261559538, "4": 1.8783447586745954, "5": -1.030583126058016, "6": 0.9524857130906894, "7": 0.5079007502061748}, "datetime": {"datetime": "2021-06-29 20:39:20", "elapsed": 1539.54927, "delta": 9.958615}}
{"target": 0.0036274758222259724, "params": {"0": 1.522298974456847, "1": -0.09495804712179101, "2": 1.0860472266175867, "3": -0.0935416141748373, "4": -0.9343751483244636, "5": -0.9394001228542637, "6": -0.6757809875719589, "7": 1.6944044292366662}, "datetime": {"datetime": "2021-06-29 20:39:30", "elapsed": 1549.520377, "delta": 9.971107}}
{"target": 0.006246616806522978, "params": {"0": -1.4562208361805504, "1": -0.3568964800101142, "2": -2.808076206027388, "3": -1.662652206751729, "4": -1.5078324664766316, "5": 2.8725363369679595, "6": -1.1150986416518511, "7": 0.3364817257815744}, "datetime": {"datetime": "2021-06-29 20:39:35", "elapsed": 1554.704892, "delta": 5.184515}}
{"target": 0.004634003344627675, "params": {"0": 0.868118132122377, "1": 1.831716185986104, "2": -0.6819893106173791, "3": -0.28848750342890295, "4": -0.665124585296029, "5": -1.9512615169232324, "6": 1.1468389244808188, "7": 0.939043823720688}, "datetime": {"datetime": "2021-06-29 20:39:42", "elapsed": 1561.933623, "delta": 7.228731}}
{"target": 0.004546196540166437, "params": {"0": -1.5421819430143993, "1": -2.118039513730822, "2": -2.185482936531664, "3": 1.4076707263877566, "4": -1.2119752992796993, "5": -1.5925782292449817, "6": -0.22539172293443244, "7": -0.35470314467781794}, "datetime": {"datetime": "2021-06-29 20:39:47", "elapsed": 1567.470359, "delta": 5.536736}}
{"target": 0.0030237228619255647, "params": {"0": -0.18041537491716042, "1": -1.3625928436548034, "2": 2.4978257314433376, "3": -2.5820510899472726, "4": -2.624055166918658, "5": 2.2427883126073933, "6": 1.2645134102585658, "7": -1.0061335203142028}, "datetime": {"datetime": "2021-06-29 20:39:54", "elapsed": 1574.473583, "delta": 7.003224}}
{"target": 0.0037485248142061184, "params": {"0": 1.163603594166986, "1": 0.22086699452911596, "2": 1.3795055696911458, "3": 1.1394288643296626, "4": 0.12537683617723605, "5": 0.4204015972297164, "6": -2.5778503229828917, "7": 2.0874892536019196}, "datetime": {"datetime": "2021-06-29 20:40:03", "elapsed": 1582.715734, "delta": 8.242151}}
{"target": 0.0034154951555910662, "params": {"0": -0.16696820550533653, "1": 0.2693213219743287, "2": -1.1802996995256279, "3": 1.7861597293835958, "4": -1.4734412624684563, "5": 1.9461312203855519, "6": -2.7387523201212245, "7": 1.436874155800595}, "datetime": {"datetime": "2021-06-29 20:40:18", "elapsed": 1598.140811, "delta": 15.425077}}
{"target": 0.003507958851040594, "params": {"0": 2.8953195618613865, "1": 0.8253539681934763, "2": -1.961752291369684, "3": -0.7361946926225578, "4": 0.034973132694464226, "5": 0.23982601243022827, "6": -2.6879616528247725, "7": -1.1626212788647647}, "datetime": {"datetime": "2021-06-29 20:40:25", "elapsed": 1605.470751, "delta": 7.32994}}
{"target": 0.008217058191390864, "params": {"0": 0.41435993044355257, "1": 2.7232483471841658, "2": -2.3611767166584237, "3": 1.4681969895635456, "4": -1.1465165954995635, "5": 1.5985379475462373, "6": 0.10863620829258114, "7": 0.3208583050981231}, "datetime": {"datetime": "2021-06-29 20:40:33", "elapsed": 1612.801314, "delta": 7.330563}}
{"target": 0.0033347675843565685, "params": {"0": 1.3642850121279526, "1": -1.4666334992144767, "2": 0.7375207395272394, "3": -1.5191582815698375, "4": -2.0530796232887756, "5": 0.16952463625370706, "6": -2.5017750781010912, "7": 1.598979039308901}, "datetime": {"datetime": "2021-06-29 20:40:41", "elapsed": 1621.325627, "delta": 8.524313}}
{"target": 0.003342635067300345, "params": {"0": -2.6876906823301443, "1": 1.7799659299288706, "2": -2.2211119032549798, "3": -2.6993052443200667, "4": -1.5142881175834844, "5": -2.2246488089616943, "6": 2.1352514723857077, "7": -1.4524617764189902}, "datetime": {"datetime": "2021-06-29 20:40:51", "elapsed": 1630.528294, "delta": 9.202667}}
{"target": 0.0032624822243590354, "params": {"0": -1.4368508029437868, "1": 1.033253972469451, "2": -1.8067515540087082, "3": -2.1321040314370485, "4": -1.9105501695009364, "5": 1.8047054566170608, "6": 1.6748727739050118, "7": 2.0360006084392257}, "datetime": {"datetime": "2021-06-29 20:41:00", "elapsed": 1640.32488, "delta": 9.796586}}
{"target": 0.0034020596371298712, "params": {"0": -0.9307313101345089, "1": -2.1203784412487217, "2": -2.7996127908579878, "3": -1.5680448182323818, "4": -2.4136754903033264, "5": 2.5587299672608896, "6": -2.050437953742695, "7": -0.9861638049999821}, "datetime": {"datetime": "2021-06-29 20:41:06", "elapsed": 1646.089854, "delta": 5.764974}}
{"target": 0.0034076932421053803, "params": {"0": 2.473709614853135, "1": 2.0390085277395507, "2": -1.983596045351961, "3": -0.7915336884056314, "4": -0.38584437507458347, "5": -2.7363253008456083, "6": 2.7474743202714684, "7": -2.418882916774529}, "datetime": {"datetime": "2021-06-29 20:41:13", "elapsed": 1653.071382, "delta": 6.981528}}
{"target": 0.003268518316777239, "params": {"0": -0.5065183897909851, "1": -2.1853811259536533, "2": -1.868251505833421, "3": -0.09318538751037275, "4": 1.6038387102424618, "5": -1.5019998125207883, "6": 1.4088672531225015, "7": -1.2494166043917971}, "datetime": {"datetime": "2021-06-29 20:41:22", "elapsed": 1662.297953, "delta": 9.226571}}
{"target": 0.005252688020803092, "params": {"0": -0.06553415115994454, "1": -2.678650628992458, "2": -1.5655370631692371, "3": 1.4021046986078307, "4": -0.6499175468334579, "5": 1.8257096681008722, "6": 2.6395765980036066, "7": -1.202953507159336}, "datetime": {"datetime": "2021-06-29 20:41:30", "elapsed": 1670.005732, "delta": 7.707779}}
{"target": 0.0351056050823648, "params": {"0": -2.42433862946978, "1": 1.0659911079588813, "2": 0.39683762068167416, "3": 1.301029924251762, "4": -2.2030098247805894, "5": 2.231221663772377, "6": -2.5647540093701435, "7": 0.7472903019108679}, "datetime": {"datetime": "2021-06-29 20:41:41", "elapsed": 1680.990694, "delta": 10.984962}}
{"target": 0.0039013666867682294, "params": {"0": -2.227236412675664, "1": 0.6009296775572568, "2": -2.5172426140062583, "3": 1.6119526031671354, "4": 0.857043720938865, "5": -2.0037708216146872, "6": 0.7769842397177218, "7": 0.9893276806649505}, "datetime": {"datetime": "2021-06-29 20:41:47", "elapsed": 1686.539157, "delta": 5.548463}}
{"target": 0.004149294394026877, "params": {"0": -2.5982725470425114, "1": -2.118203801674872, "2": 0.10044009558407785, "3": 2.9956177763726215, "4": -0.3543835742866448, "5": 0.6209383361718666, "6": -1.2622724331794193, "7": -1.2513095067872968}, "datetime": {"datetime": "2021-06-29 20:41:54", "elapsed": 1693.632564, "delta": 7.093407}}
{"target": 0.003936753243955284, "params": {"0": -1.182707184168493, "1": 0.39861957342702725, "2": 1.6851968814788547, "3": -1.7003279145911951, "4": -0.9390411380610115, "5": -1.5260762605635398, "6": 1.0384128934469796, "7": -1.9930331663759706}, "datetime": {"datetime": "2021-06-29 20:42:00", "elapsed": 1700.027544, "delta": 6.39498}}
{"target": 0.0030090833146824213, "params": {"0": -0.22561935258352062, "1": -2.517530437194903, "2": -0.5536035821867271, "3": 1.1604087955859406, "4": -1.9276104682790305, "5": 1.6160760189068002, "6": -0.5029530365226114, "7": -0.6393462628966118}, "datetime": {"datetime": "2021-06-29 20:42:05", "elapsed": 1705.0765, "delta": 5.048956}}
{"target": 0.003977909420344981, "params": {"0": -0.7763885603220082, "1": -2.39143720496794, "2": -1.782316360618648, "3": -2.345289947676547, "4": 1.9213744377173239, "5": -0.8779614103997515, "6": 1.0264180413765596, "7": -0.6672196468188965}, "datetime": {"datetime": "2021-06-29 20:42:12", "elapsed": 1711.821663, "delta": 6.745163}}
