{"target": 0.0038976126994094405, "params": {"0": 0.24089593777460072, "1": -0.4210859040669921, "2": 1.6907917796290626, "3": -0.9452435595442235, "4": 1.2033957713360284, "5": -0.9382564538888083, "6": -0.985056006003636, "7": 2.529189263522527}, "datetime": {"datetime": "2021-06-30 02:41:21", "elapsed": 23260.841539, "delta": 31.267408}}
{"target": 0.00303293842187625, "params": {"0": 1.9953552470826823, "1": -0.48217067578498396, "2": 1.7052791788137345, "3": 0.05517687709021857, "4": -0.9654526181646954, "5": 1.6799257182373104, "6": 2.018801355535004, "7": 0.1158498306807374}, "datetime": {"datetime": "2021-06-30 02:42:05", "elapsed": 23305.497675, "delta": 44.656136}}
{"target": 0.003722650612286747, "params": {"0": -2.177033503635129, "1": -1.9918025331441243, "2": -1.6620335889683835, "3": -1.942631337469823, "4": -1.487459063635442, "5": -2.9935156582974947, "6": 0.21258193170338213, "7": 2.7473792789954663}, "datetime": {"datetime": "2021-06-30 02:42:48", "elapsed": 23347.59045, "delta": 42.092775}}
{"target": 0.002989965157361393, "params": {"0": -0.28353807135430387, "1": -2.8266844680680796, "2": 0.34349518295686243, "3": 2.3064059144775193, "4": 0.9348901056586643, "5": 1.2420976469645346, "6": 1.8649417914045285, "7": 2.679396928517157}, "datetime": {"datetime": "2021-06-30 02:43:23", "elapsed": 23382.972984, "delta": 35.382534}}
{"target": 0.0029042062444467, "params": {"0": -1.3382980843712342, "1": -2.9394419843434445, "2": 2.9383800460475493, "3": 1.506824981184697, "4": 2.8755284060262394, "5": 2.3536942468284643, "6": -1.364248308574836, "7": -1.8059891805914352}, "datetime": {"datetime": "2021-06-30 02:43:54", "elapsed": 23414.128053, "delta": 31.155069}}
{"target": 0.003095819083131262, "params": {"0": 0.5812014330675765, "1": 2.4450044479616553, "2": 0.13330552895765724, "3": -1.7739493280554974, "4": 0.6875803674790468, "5": 0.3365747288128773, "6": 2.4625445516914084, "7": -0.30248915632818685}, "datetime": {"datetime": "2021-06-30 02:44:28", "elapsed": 23447.688714, "delta": 33.560661}}
{"target": 0.0030525170667967745, "params": {"0": 1.6261022783212287, "1": 1.159451706944072, "2": -2.5953443762917976, "3": -2.4050483308715265, "4": -2.0917640358292173, "5": 2.3355166592080616, "6": 2.2657553965190997, "7": 0.5440012032402066}, "datetime": {"datetime": "2021-06-30 02:45:42", "elapsed": 23522.087154, "delta": 74.39844}}
{"target": 0.003169232777109754, "params": {"0": 0.6374902672378937, "1": -0.11875202233652082, "2": 1.5194243153482585, "3": -0.7907999791650417, "4": -0.3957924159451762, "5": -0.17026135716472623, "6": -0.8678356335959947, "7": 2.1823369759738354}, "datetime": {"datetime": "2021-06-30 02:46:11", "elapsed": 23551.048977, "delta": 28.961823}}
{"target": 0.003247241045093521, "params": {"0": -0.29507059172012484, "1": -2.3378385176172696, "2": -2.675292522022726, "3": -2.860188037494699, "4": -1.2669113615371914, "5": -1.221191554749547, "6": 0.8221614108041759, "7": -1.4578176116269141}, "datetime": {"datetime": "2021-06-30 02:47:04", "elapsed": 23603.740691, "delta": 52.691714}}
{"target": 0.0029649924449313323, "params": {"0": 0.32617717101464594, "1": 1.5181527993569848, "2": 0.36530641462834, "3": -2.416648514309683, "4": 2.573693143046289, "5": 2.793169151346903, "6": -2.3708415469591184, "7": 0.038002926872438}, "datetime": {"datetime": "2021-06-30 02:47:44", "elapsed": 23644.263372, "delta": 40.522681}}
{"target": 0.0031452047367956128, "params": {"0": 2.7766963481434495, "1": 1.0592052398901544, "2": -0.28694226339722384, "3": 0.19155204627743272, "4": 2.252742013316256, "5": -2.6255461674623617, "6": -1.8578787040277103, "7": 0.40368895461735743}, "datetime": {"datetime": "2021-06-30 02:48:13", "elapsed": 23672.819923, "delta": 28.556551}}
{"target": 0.005226048341688907, "params": {"0": 1.155690436253347, "1": -2.435325002141096, "2": 1.5739924334204733, "3": 0.9678885733662921, "4": 1.8118016399239378, "5": 1.1232824512296933, "6": -0.3547983535012582, "7": -0.777530598966341}, "datetime": {"datetime": "2021-06-30 02:48:45", "elapsed": 23704.754491, "delta": 31.934568}}
{"target": 0.002993648115379508, "params": {"0": 1.516912157020518, "1": 1.8329199567761094, "2": 1.0732743151504502, "3": 0.6629301035255128, "4": 0.22576488881051393, "5": 0.019487998825899133, "6": -1.1491504785141173, "7": 2.8816316332639715}, "datetime": {"datetime": "2021-06-30 02:49:28", "elapsed": 23748.137389, "delta": 43.382898}}
{"target": 0.004846360778765598, "params": {"0": 0.5227259197441745, "1": -2.3909056018094668, "2": 2.464178862617005, "3": -1.9292895610275302, "4": -0.0570073144694212, "5": 1.450507552821679, "6": -1.875174682940727, "7": 0.30045766420921804}, "datetime": {"datetime": "2021-06-30 02:50:13", "elapsed": 23793.052267, "delta": 44.914878}}
{"target": 0.002954133236057993, "params": {"0": -2.8427824986405996, "1": 0.25124371041520766, "2": -2.966771774622649, "3": -0.7612224199250486, "4": -1.7455874437788668, "5": 2.793282098780521, "6": 2.5993152267841193, "7": 0.7572402099254512}, "datetime": {"datetime": "2021-06-30 02:50:45", "elapsed": 23824.692231, "delta": 31.639964}}
{"target": 0.0040824305920809075, "params": {"0": 2.4279304342609755, "1": -2.1891630783113794, "2": 1.316573395226139, "3": 2.7026079933863096, "4": 1.068002848066456, "5": 2.1226941684015594, "6": 2.6130409481925643, "7": 2.513370532954861}, "datetime": {"datetime": "2021-06-30 02:51:27", "elapsed": 23866.529802, "delta": 41.837571}}
{"target": 0.00344612906376421, "params": {"0": 2.9207351326246016, "1": 2.5138998685334517, "2": 2.60350930139536, "3": 2.974717888870134, "4": -0.43682373177824196, "5": -2.2211024742597036, "6": 2.773398242321699, "7": 0.6246350383060326}, "datetime": {"datetime": "2021-06-30 02:51:51", "elapsed": 23891.205053, "delta": 24.675251}}
{"target": 0.014725584320320877, "params": {"0": -1.5412684144455175, "1": -0.8715890581180155, "2": -2.619705141175297, "3": -1.2389454463415248, "4": -0.5198415718245544, "5": -0.31941274538536746, "6": 2.583849359792132, "7": 2.060314840608651}, "datetime": {"datetime": "2021-06-30 02:52:36", "elapsed": 23936.333177, "delta": 45.128124}}
{"target": 0.003596993509286808, "params": {"0": -2.403815123964333, "1": 1.1027578999129695, "2": -1.1687083963908431, "3": -0.2534576094466332, "4": 1.9562069993838103, "5": 1.1277016634671506, "6": 1.503878833649824, "7": -2.4714504480342985}, "datetime": {"datetime": "2021-06-30 02:53:28", "elapsed": 23987.689352, "delta": 51.356175}}
{"target": 0.0053647968267842025, "params": {"0": -1.6443399433296253, "1": 0.5764555736938304, "2": -0.3881832393596456, "3": -0.3676490839039208, "4": 0.5991718013883753, "5": 2.65023769068023, "6": 1.5110472142200706, "7": -0.39254807340333997}, "datetime": {"datetime": "2021-06-30 02:54:03", "elapsed": 24022.934826, "delta": 35.245474}}
{"target": 0.0067993818418013415, "params": {"0": -1.148476383089289, "1": -0.06653109273409274, "2": 0.1802257837100245, "3": 0.0081547699835669, "4": -0.1722239895800448, "5": 2.156678288555561, "6": 0.13017329839619096, "7": 2.528263441631853}, "datetime": {"datetime": "2021-06-30 02:54:39", "elapsed": 24058.672178, "delta": 35.737352}}
{"target": 0.018287730297612072, "params": {"0": 1.1828758012077145, "1": -2.7799979616580837, "2": -1.1656704775193747, "3": -1.1146170290384658, "4": -0.7832507908363917, "5": 1.1781728311516622, "6": 0.11105321594662643, "7": -1.3402187088730984}, "datetime": {"datetime": "2021-06-30 02:55:42", "elapsed": 24122.478303, "delta": 63.806125}}
{"target": 0.0038394837240418997, "params": {"0": -2.5904535025999142, "1": 1.5589152061679794, "2": 2.948007556234093, "3": -1.7899870212887403, "4": -0.24723417645711843, "5": 2.8100461483113675, "6": -0.8481674690388799, "7": 2.796927149204371}, "datetime": {"datetime": "2021-06-30 02:56:18", "elapsed": 24158.374531, "delta": 35.896228}}
{"target": 0.004398090930485217, "params": {"0": 0.5300744939478914, "1": -0.9750408431181947, "2": 1.6028041521010508, "3": 0.05047651629174599, "4": -0.7328375867611436, "5": -1.2039802781930937, "6": -0.2728841221656806, "7": 0.8057413399946447}, "datetime": {"datetime": "2021-06-30 02:57:26", "elapsed": 24226.147651, "delta": 67.77312}}
{"target": 0.0031332076922949434, "params": {"0": 2.6194665359652998, "1": 1.0733548001661521, "2": 0.20561316071522295, "3": -0.5917694208498161, "4": -1.9495964194517938, "5": -0.3409791245743028, "6": -2.5468571311818584, "7": -2.3811631158375564}, "datetime": {"datetime": "2021-06-30 02:59:14", "elapsed": 24334.011074, "delta": 107.863423}}
{"target": 0.003402168346434583, "params": {"0": -0.6905665124839331, "1": -2.2634095726229404, "2": 2.549367384081184, "3": -0.8531460048098927, "4": -0.010919530289335455, "5": 0.9470715238722285, "6": -1.8855092655828212, "7": 1.1999938581765965}, "datetime": {"datetime": "2021-06-30 03:00:04", "elapsed": 24383.806621, "delta": 49.795547}}
{"target": 0.0028905121691982006, "params": {"0": 0.15288823281295816, "1": 1.633358149329787, "2": -2.795163663796572, "3": 0.1450904456969253, "4": 2.7754348731107417, "5": 1.663902249148169, "6": -1.3774085423994606, "7": 1.1215869315680136}, "datetime": {"datetime": "2021-06-30 03:00:48", "elapsed": 24427.569515, "delta": 43.762894}}
{"target": 0.01937769430104447, "params": {"0": -0.4731321730226501, "1": 1.6550747550783944, "2": 0.32166616905472933, "3": 0.9277509522548177, "4": -2.6205093104413337, "5": -1.5883111030674604, "6": 2.4043593155819574, "7": -2.337467670105796}, "datetime": {"datetime": "2021-06-30 03:01:29", "elapsed": 24468.862799, "delta": 41.293284}}
{"target": 0.0036432034897296685, "params": {"0": 0.6872197904139212, "1": 1.8137156307044684, "2": -1.6713577722909216, "3": -1.9481194516166813, "4": -0.4649507437875551, "5": -0.9938495941612948, "6": -0.825911014293454, "7": 2.317224912026367}, "datetime": {"datetime": "2021-06-30 03:02:08", "elapsed": 24508.38671, "delta": 39.523911}}
{"target": 0.033041739438948, "params": {"0": -2.5410550685304663, "1": 2.1535923154287797, "2": -0.47166246873814766, "3": 0.583936617290941, "4": -0.4425273521487125, "5": -2.490171152833362, "6": -0.4153726055682867, "7": -2.996548003503236}, "datetime": {"datetime": "2021-06-30 03:02:49", "elapsed": 24548.608344, "delta": 40.221634}}
{"target": 0.003287355121578535, "params": {"0": -0.39079416696807145, "1": -0.5464831914476775, "2": -0.3077854075910871, "3": 0.20915556462822948, "4": 0.12229084260351719, "5": -2.662655512283077, "6": -0.5581539567526796, "7": -0.5491844517555524}, "datetime": {"datetime": "2021-06-30 03:03:23", "elapsed": 24583.334298, "delta": 34.725954}}
{"target": 0.002959827341249194, "params": {"0": -2.1498484637690396, "1": 2.7774549320647086, "2": -1.5630979103815255, "3": 1.6761809640518486, "4": 0.43050825147169736, "5": 1.739000909293031, "6": 1.3862742377740478, "7": 2.7840758061247044}, "datetime": {"datetime": "2021-06-30 03:03:50", "elapsed": 24610.040279, "delta": 26.705981}}
{"target": 0.003019328643346377, "params": {"0": -1.485746788674639, "1": 2.19870862061497, "2": 1.3766004413905257, "3": -1.3948417008644378, "4": -2.1347966521797024, "5": -1.4817139046138097, "6": 1.765057002885749, "7": -0.025898044907740392}, "datetime": {"datetime": "2021-06-30 03:04:14", "elapsed": 24633.792843, "delta": 23.752564}}
{"target": 0.0031856930920980153, "params": {"0": 1.6852017044385743, "1": -0.9720906998641454, "2": 1.609200572218449, "3": -1.8433579307619503, "4": 1.0790394675711044, "5": 0.458300912260877, "6": -1.5625942306561877, "7": 1.3219148296863894}, "datetime": {"datetime": "2021-06-30 03:04:50", "elapsed": 24670.056195, "delta": 36.263352}}
{"target": 0.004521624444407055, "params": {"0": -1.037318159623729, "1": 0.3965358497219067, "2": 1.4783026467990217, "3": -2.085259177315799, "4": -0.37864877111285855, "5": 1.0053710670997944, "6": -0.07999375826948363, "7": -0.24466824972595447}, "datetime": {"datetime": "2021-06-30 03:05:26", "elapsed": 24705.796366, "delta": 35.740171}}
{"target": 0.0030329400082750478, "params": {"0": -0.01103658909029459, "1": -2.922613287083424, "2": -1.5451189013921418, "3": -0.7853945469925669, "4": -1.0408849059449774, "5": -0.9493671689730143, "6": 1.4772258068781348, "7": 0.8794738920002505}, "datetime": {"datetime": "2021-06-30 03:06:02", "elapsed": 24741.550336, "delta": 35.75397}}
{"target": 0.0039858277121406094, "params": {"0": 2.2645981002188975, "1": -1.7995933922131653, "2": 2.6136227396590437, "3": -2.5086662478708046, "4": -1.587091376989584, "5": -0.927011086375173, "6": 1.1975010439513483, "7": -2.4500658248384957}, "datetime": {"datetime": "2021-06-30 03:07:55", "elapsed": 24855.271208, "delta": 113.720872}}
{"target": 0.005359514453709076, "params": {"0": 2.6890934047744306, "1": -0.4508055586504023, "2": -2.9708595490202097, "3": 1.0723043292813506, "4": 1.4365627546492385, "5": 1.0324289013855719, "6": 0.7261264071594424, "7": 0.01896657009973124}, "datetime": {"datetime": "2021-06-30 03:08:32", "elapsed": 24892.209648, "delta": 36.93844}}
{"target": 0.009749782640516043, "params": {"0": 0.5153552181262437, "1": 2.251338372261424, "2": 0.8210315148592162, "3": -0.6400108256298327, "4": -1.3297513240328531, "5": 0.22809018564956762, "6": -0.7384114489620668, "7": -0.7287488689889869}, "datetime": {"datetime": "2021-06-30 03:09:12", "elapsed": 24931.941999, "delta": 39.732351}}
{"target": 0.0033369809280445473, "params": {"0": -2.299631074277307, "1": -2.0575122592818382, "2": -1.58208654463511, "3": 2.576495094566136, "4": -1.547542528664325, "5": -0.6797027387862951, "6": 1.052893853721086, "7": -2.3658707886673978}, "datetime": {"datetime": "2021-06-30 03:09:40", "elapsed": 24959.579589, "delta": 27.63759}}
{"target": 0.002971776830860487, "params": {"0": 1.590177718833103, "1": -0.1576265675058086, "2": -0.7027675043240755, "3": 1.4898644036299151, "4": 1.858931585689918, "5": 1.8357115556149974, "6": -1.9304350485312258, "7": 2.6310331439894146}, "datetime": {"datetime": "2021-06-30 03:10:16", "elapsed": 24996.409824, "delta": 36.830235}}
{"target": 0.01432030431040585, "params": {"0": -2.778116618679369, "1": -1.031874454665224, "2": 1.4015129153658954, "3": -1.5360583877078793, "4": -1.794106228210391, "5": 1.3606534110036836, "6": -1.1084092448875433, "7": -2.746118741320699}, "datetime": {"datetime": "2021-06-30 03:11:09", "elapsed": 25048.808194, "delta": 52.39837}}
{"target": 0.003308533928835196, "params": {"0": 0.315100411485818, "1": -0.5046014473850304, "2": -0.5177399501536675, "3": -0.78625282911907, "4": -2.007342356852777, "5": -2.7392974658369775, "6": -2.803436199679691, "7": 1.8957157237713824}, "datetime": {"datetime": "2021-06-30 03:11:40", "elapsed": 25079.877791, "delta": 31.069597}}
{"target": 0.003044764229325211, "params": {"0": -2.7168841767036533, "1": -0.572601512812287, "2": 0.33688649148981975, "3": -0.5677274720834804, "4": 1.194144348276307, "5": 2.4395393632932834, "6": -1.8773604314100745, "7": 0.9687509192776993}, "datetime": {"datetime": "2021-06-30 03:12:17", "elapsed": 25116.784776, "delta": 36.906985}}
{"target": 0.0030629942276268114, "params": {"0": -1.8131477017370585, "1": 1.2383578353072595, "2": -1.6742495382446951, "3": -0.7350823273652827, "4": -1.3995783055717346, "5": 2.4059476428510678, "6": 0.315661449488827, "7": 0.3458208852085809}, "datetime": {"datetime": "2021-06-30 03:12:49", "elapsed": 25149.302123, "delta": 32.517347}}
{"target": 0.0030525574827433605, "params": {"0": 0.6274155873975564, "1": 2.8133618983362023, "2": 0.6235940407750249, "3": -2.105961578776676, "4": 1.999905888966932, "5": -1.8912119809890344, "6": 1.2453883311877876, "7": 0.43633282209225843}, "datetime": {"datetime": "2021-06-30 03:13:44", "elapsed": 25204.292497, "delta": 54.990374}}
{"target": 0.006235144289991524, "params": {"0": 1.6088918028388326, "1": 2.2934715969079527, "2": 0.33993263221111647, "3": -2.163736945718539, "4": 1.9636992342961008, "5": 1.3181914852286516, "6": -1.165083042261279, "7": 0.38515990265419475}, "datetime": {"datetime": "2021-06-30 03:14:17", "elapsed": 25236.934516, "delta": 32.642019}}
{"target": 0.0035382569661048585, "params": {"0": -1.6475559159034, "1": 1.2671128664809546, "2": 1.6791563633521909, "3": 0.45345566877098786, "4": -1.0449525777591027, "5": -2.132222896663068, "6": -0.045536500562087134, "7": 1.7134338804499443}, "datetime": {"datetime": "2021-06-30 03:15:13", "elapsed": 25293.03186, "delta": 56.097344}}
{"target": 0.0031320060806999893, "params": {"0": 1.3275478284924134, "1": -0.24999038378087945, "2": -2.824459322222475, "3": 0.40565773972560804, "4": 2.3951590542514953, "5": 0.5596691824748588, "6": -2.344161863983765, "7": -2.2104398239450247}, "datetime": {"datetime": "2021-06-30 03:15:42", "elapsed": 25322.33369, "delta": 29.30183}}
{"target": 0.009788111370161482, "params": {"0": -2.0302781691110416, "1": 0.020347417734230433, "2": -2.025074708564225, "3": -1.2876804159330786, "4": 0.5084077139064149, "5": -2.383328706551188, "6": -2.997180241464638, "7": -1.8108094349172492}, "datetime": {"datetime": "2021-06-30 03:16:05", "elapsed": 25345.258501, "delta": 22.924811}}
{"target": 0.0030608666011185696, "params": {"0": 0.9356460605678176, "1": -2.0518686671607123, "2": -1.4926048093423305, "3": -0.7119021265776428, "4": 1.9389279325223256, "5": 1.3791721916979744, "6": 1.7622940042962991, "7": 1.9721721220056256}, "datetime": {"datetime": "2021-06-30 03:16:33", "elapsed": 25372.659758, "delta": 27.401257}}
{"target": 0.0029221082198763997, "params": {"0": 0.34981335691859883, "1": -0.9156734027484275, "2": 0.5650466343491143, "3": 1.2324785954041122, "4": 2.3322648670049144, "5": 2.379525460404591, "6": 2.5740174202647808, "7": -2.9427012071938345}, "datetime": {"datetime": "2021-06-30 03:17:09", "elapsed": 25408.655516, "delta": 35.995758}}
{"target": 0.004224987489212733, "params": {"0": 2.3813419695288873, "1": -0.41425775674834053, "2": 1.8641920223289823, "3": -2.3407774051039363, "4": -1.2229519151899595, "5": -0.7392246787644972, "6": 2.100430227303174, "7": -1.4969787518445412}, "datetime": {"datetime": "2021-06-30 03:18:24", "elapsed": 25484.094041, "delta": 75.438525}}
{"target": 0.0030889168351586078, "params": {"0": 1.364372664481495, "1": 2.570013547633895, "2": 2.2551423443181857, "3": -0.9650124816301897, "4": -1.976066986513808, "5": 0.14074577932971266, "6": 2.2877000756667467, "7": 1.1464627905774645}, "datetime": {"datetime": "2021-06-30 03:18:51", "elapsed": 25511.183398, "delta": 27.089357}}
{"target": 0.0037402125212941018, "params": {"0": -0.7595000458719086, "1": 1.589281646531072, "2": 1.6029928073183575, "3": -0.2637193294421105, "4": -0.999443501828861, "5": -1.5474266441413107, "6": 1.1820519168528225, "7": 1.4635615795426364}, "datetime": {"datetime": "2021-06-30 03:20:02", "elapsed": 25581.53956, "delta": 70.356162}}
{"target": 0.0033791032511616657, "params": {"0": 0.0753395808877464, "1": 0.7945552373054894, "2": -0.6005741929840496, "3": 2.563272524786586, "4": 2.6332249366724962, "5": 1.7054625413134037, "6": 1.2711090967403997, "7": 0.28381313836566413}, "datetime": {"datetime": "2021-06-30 03:20:36", "elapsed": 25615.564648, "delta": 34.025088}}
{"target": 0.002889934616061135, "params": {"0": -2.966155626666662, "1": 2.8397249919462064, "2": 2.7715597408635535, "3": -1.2773003263895852, "4": 0.23781119865848854, "5": 0.33208505515412945, "6": 2.519207795686407, "7": 2.168181634557717}, "datetime": {"datetime": "2021-06-30 03:21:11", "elapsed": 25651.030669, "delta": 35.466021}}
{"target": 0.004744393432845745, "params": {"0": 2.2671513166590413, "1": 1.2462984255030527, "2": 1.359855753318195, "3": -0.8863787129617959, "4": -2.7669963777532907, "5": -1.2460421789130736, "6": -2.335591608405951, "7": -2.4995866667640585}, "datetime": {"datetime": "2021-06-30 03:21:58", "elapsed": 25697.935618, "delta": 46.904949}}
{"target": 0.003444164323606042, "params": {"0": 2.714174958143289, "1": -0.18486065198866175, "2": -0.42903628945102046, "3": -2.526004037170454, "4": 2.8871655635621556, "5": -0.5398502600938659, "6": 0.9598290271669399, "7": 0.8325152794262305}, "datetime": {"datetime": "2021-06-30 03:22:36", "elapsed": 25735.79929, "delta": 37.863672}}
{"target": 0.0031968285050828354, "params": {"0": -2.0252680617124446, "1": 2.3612629737888664, "2": 2.187980316003844, "3": 2.057511303007594, "4": 1.6754623191139135, "5": 1.8268157219422037, "6": 2.57138250267782, "7": 2.428775546688313}, "datetime": {"datetime": "2021-06-30 03:23:06", "elapsed": 25766.295322, "delta": 30.496032}}
{"target": 0.003525062417654938, "params": {"0": -0.8770517662159878, "1": -1.7547174625759432, "2": -2.0088414896911564, "3": -1.2842473121341909, "4": 0.5902391160064036, "5": 2.2829476382420726, "6": -0.6419196556112858, "7": -2.4171361691462256}, "datetime": {"datetime": "2021-06-30 03:23:44", "elapsed": 25803.637527, "delta": 37.342205}}
{"target": 0.003801231283740998, "params": {"0": 0.2848929755501972, "1": 2.012318485156504, "2": -2.3129324455010813, "3": 0.411449920085297, "4": -1.9699498308692578, "5": 0.18967360203680572, "6": -0.09635170632473722, "7": -0.1702963814415397}, "datetime": {"datetime": "2021-06-30 03:24:34", "elapsed": 25853.977142, "delta": 50.339615}}
{"target": 0.003843542540394286, "params": {"0": -1.9126760199210773, "1": 0.0313984655323849, "2": 0.15909580133838874, "3": -1.8959123229617454, "4": 1.2583740809100918, "5": 2.0170707048585514, "6": -2.7205127989572198, "7": -0.4886704527939143}, "datetime": {"datetime": "2021-06-30 03:25:31", "elapsed": 25911.021792, "delta": 57.04465}}
{"target": 0.008728576428818519, "params": {"0": -2.271084714044017, "1": -0.3871026830230555, "2": -1.208328982671794, "3": -1.7327000022410537, "4": 0.6337832313129947, "5": -1.066905598973709, "6": 1.8736854256942888, "7": 2.5594123270875464}, "datetime": {"datetime": "2021-06-30 03:26:57", "elapsed": 25996.715332, "delta": 85.69354}}
