{"target": 0.0029978436942677982, "params": {"0": 1.2304081684094754, "1": 1.9919611472607395, "2": 1.393835229803357, "3": -1.758052303756684, "4": 0.20561049573382206, "5": 2.300481313630092, "6": -0.82897159702443, "7": -1.2497182186266869}, "datetime": {"datetime": "2021-06-29 21:43:18", "elapsed": 5378.953271, "delta": 13.13755}}
{"target": 0.0035568080478564565, "params": {"0": -2.138431675964894, "1": -1.3263754043550717, "2": 0.646751414396209, "3": 2.121753419611524, "4": -1.0665466542387574, "5": 0.9257509857036963, "6": -2.812852416869129, "7": 0.22824612172230951}, "datetime": {"datetime": "2021-06-29 21:43:43", "elapsed": 5404.199354, "delta": 25.246083}}
{"target": 0.006439546520200656, "params": {"0": -0.7387516881036484, "1": 2.0359092900927065, "2": -0.16781391388674827, "3": 1.1338070008048735, "4": 0.25189146564399323, "5": 2.1212743271970966, "6": 0.14956620625562067, "7": 1.8748330971493274}, "datetime": {"datetime": "2021-06-29 21:44:01", "elapsed": 5422.343145, "delta": 18.143791}}
{"target": 0.0033180356617848513, "params": {"0": 2.322105250511034, "1": 0.40315111798402326, "2": -1.7134633704704556, "3": 2.2971961145276865, "4": 0.7710422508417389, "5": -2.3541380452204823, "6": 1.3229124796556775, "7": -0.42914471154670375}, "datetime": {"datetime": "2021-06-29 21:44:22", "elapsed": 5442.914811, "delta": 20.571666}}
{"target": 0.0037676183757069906, "params": {"0": -2.723442556949337, "1": 0.5989552942690635, "2": -1.8657595267134168, "3": 0.39335673781176705, "4": -1.5681752800691968, "5": -2.346428150017082, "6": -1.3222020814568665, "7": -0.4027402763290784}, "datetime": {"datetime": "2021-06-29 21:44:45", "elapsed": 5466.197838, "delta": 23.283027}}
{"target": 0.006322035920311111, "params": {"0": 0.3323308077533671, "1": 0.9545012112572575, "2": 0.6198871799605801, "3": -2.0186622560940712, "4": 1.511384718798551, "5": -2.424023500170202, "6": -0.5028900964897955, "7": -1.6730323281382393}, "datetime": {"datetime": "2021-06-29 21:44:59", "elapsed": 5479.798163, "delta": 13.600325}}
{"target": 0.0035341194726407578, "params": {"0": 0.3470798156507868, "1": 0.007278455595743694, "2": 2.749167776010382, "3": -0.19129609382973234, "4": -0.799851940472009, "5": 0.840188675768573, "6": 0.49473093361203135, "7": -1.6387739935986236}, "datetime": {"datetime": "2021-06-29 21:45:12", "elapsed": 5493.650317, "delta": 13.852154}}
{"target": 0.00376722855283716, "params": {"0": 0.786928063023649, "1": 2.711193354166099, "2": 1.1801409435398966, "3": 2.23824221084251, "4": 0.49358611530750096, "5": -2.39496588494126, "6": -2.5654399302358644, "7": 0.767881677987241}, "datetime": {"datetime": "2021-06-29 21:45:25", "elapsed": 5506.349195, "delta": 12.698878}}
{"target": 0.017951271270460076, "params": {"0": 0.6454198777330227, "1": 1.5479671669224988, "2": 2.995195574213798, "3": -1.5464690643456893, "4": -2.3779210378638407, "5": -2.3058841623858957, "6": 1.7292800313091865, "7": 2.4134492617221053}, "datetime": {"datetime": "2021-06-29 21:45:47", "elapsed": 5528.055469, "delta": 21.706274}}
{"target": 0.0036092990187327435, "params": {"0": 1.870734550634448, "1": -2.8246332932112166, "2": 0.7084761428334336, "3": -2.7363721662640703, "4": -2.401215150010772, "5": -0.8998230340908764, "6": -0.2563027062534893, "7": -1.5878438917743674}, "datetime": {"datetime": "2021-06-29 21:46:04", "elapsed": 5544.6983, "delta": 16.642831}}
{"target": 0.002937111018590899, "params": {"0": -1.46135868231455, "1": -2.3428113394364027, "2": -2.7553190337358244, "3": 2.3587763218451308, "4": 0.9758409243060804, "5": -2.985527420752359, "6": -0.09885592970414958, "7": -0.8413608992899206}, "datetime": {"datetime": "2021-06-29 21:46:17", "elapsed": 5558.287546, "delta": 13.589246}}
{"target": 0.0031568902903235238, "params": {"0": -2.406583232720434, "1": 1.1550979527513912, "2": 0.21068484083988803, "3": -0.640354108749797, "4": -2.4999294860352617, "5": 1.765018664191742, "6": -0.45288080629154814, "7": 1.6963437263860595}, "datetime": {"datetime": "2021-06-29 21:46:37", "elapsed": 5578.373724, "delta": 20.086178}}
{"target": 0.012252322749118305, "params": {"0": -1.080032325330033, "1": 0.5072942186112157, "2": 1.4571716819723708, "3": 2.339418542747908, "4": -1.1011062166166488, "5": 1.2852436617465681, "6": 2.499075367001704, "7": -2.306799993182275}, "datetime": {"datetime": "2021-06-29 21:46:48", "elapsed": 5589.382016, "delta": 11.008292}}
{"target": 0.0033484413663972556, "params": {"0": 1.219506616838565, "1": 0.055316908606420245, "2": 0.6959671900291498, "3": -2.840965488750719, "4": 2.0987275722902705, "5": -1.51215801522084, "6": -2.965798029180255, "7": 1.7131002318494257}, "datetime": {"datetime": "2021-06-29 21:47:03", "elapsed": 5604.507947, "delta": 15.125931}}
{"target": 0.004471285990096858, "params": {"0": -0.919879201473337, "1": -1.907506751363967, "2": 2.3779512319636336, "3": 0.1425247030155603, "4": -0.39018893751956973, "5": -2.6086823028582944, "6": 1.0194667816119063, "7": -0.6023012734138522}, "datetime": {"datetime": "2021-06-29 21:47:18", "elapsed": 5618.824826, "delta": 14.316879}}
{"target": 0.010768096346321716, "params": {"0": -0.6081150660836796, "1": -2.882880792997044, "2": -0.35400175054979055, "3": 2.502569023397978, "4": -0.8329182518209115, "5": -2.9752279001743496, "6": 1.1755679821570153, "7": 1.4096828306847478}, "datetime": {"datetime": "2021-06-29 21:47:33", "elapsed": 5634.463596, "delta": 15.63877}}
{"target": 0.002976871499655247, "params": {"0": -1.9005557025028814, "1": -2.304779732817514, "2": -2.297703393229348, "3": 2.143769349818122, "4": -1.436497087214764, "5": 2.7350385752418145, "6": 2.5738370595754017, "7": -2.5930382199812327}, "datetime": {"datetime": "2021-06-29 21:47:44", "elapsed": 5644.800689, "delta": 10.337093}}
{"target": 0.023705808451419036, "params": {"0": -1.1546032783198044, "1": -0.4520314261119873, "2": 1.7140265888935904, "3": -2.878900612098456, "4": 1.8214316865203761, "5": 0.27067782327053, "6": 0.6261993739475598, "7": 1.7591739196666243}, "datetime": {"datetime": "2021-06-29 21:48:07", "elapsed": 5668.658199, "delta": 23.85751}}
{"target": 0.005668317753454791, "params": {"0": 0.3706041335215611, "1": -2.6315959261437123, "2": -2.659698809795497, "3": -2.9256558825254535, "4": -0.8213976821091129, "5": -1.265507635837668, "6": 0.8129470028205938, "7": -0.053792493778747286}, "datetime": {"datetime": "2021-06-29 21:48:18", "elapsed": 5679.311243, "delta": 10.653044}}
{"target": 0.0032482375630231357, "params": {"0": 0.4055644737854447, "1": -0.554423351276442, "2": 1.452716496078212, "3": 1.0158151669890163, "4": 1.3998043513312437, "5": 2.1721109267133336, "6": 1.8322198462342376, "7": -2.0849774288702636}, "datetime": {"datetime": "2021-06-29 21:48:28", "elapsed": 5689.263309, "delta": 9.952066}}
{"target": 0.002893494842027526, "params": {"0": 0.9661459177254956, "1": -1.2147989846769665, "2": 1.9955345967750295, "3": -2.0804643012301742, "4": 2.877806836619926, "5": 0.8547053543763985, "6": 1.209308830013529, "7": -0.4343486543823505}, "datetime": {"datetime": "2021-06-29 21:48:42", "elapsed": 5703.608067, "delta": 14.344758}}
{"target": 0.004066438089854668, "params": {"0": 2.8914195024736884, "1": 2.0473145134655057, "2": 1.4882618750348868, "3": -0.9853031325534594, "4": -0.8110646928751457, "5": -2.522301546018702, "6": 1.747648692713411, "7": -0.6690505655922099}, "datetime": {"datetime": "2021-06-29 21:49:00", "elapsed": 5720.776259, "delta": 17.168192}}
{"target": 0.011795125821890046, "params": {"0": 1.507791366529725, "1": 0.5929678168587387, "2": -0.7955169566605647, "3": 2.279130391066915, "4": 0.17524952312370168, "5": -2.537216758937882, "6": 0.0866033297683515, "7": 1.5353383188341096}, "datetime": {"datetime": "2021-06-29 21:49:18", "elapsed": 5739.108285, "delta": 18.332026}}
{"target": 0.0031201197133883985, "params": {"0": -2.517950182449767, "1": 2.8790431591363186, "2": -0.5416470947510543, "3": 1.0932424671206906, "4": 1.0704054597912815, "5": -1.4468461636520862, "6": 2.9028487726290706, "7": 2.9901789431675203}, "datetime": {"datetime": "2021-06-29 21:49:36", "elapsed": 5757.065786, "delta": 17.957501}}
{"target": 0.007574624893965846, "params": {"0": -2.018073427910818, "1": -1.9821695142076576, "2": 0.15340346639216484, "3": 0.38969948957375244, "4": 1.923256179431501, "5": -2.359079183978783, "6": 2.0985447172249767, "7": 1.9939557037757991}, "datetime": {"datetime": "2021-06-29 21:49:54", "elapsed": 5775.390547, "delta": 18.324761}}
{"target": 0.0030200578732818848, "params": {"0": 2.2196545847238394, "1": -2.9859707785371854, "2": -2.4027020645595396, "3": -0.7018762038871325, "4": 2.5241544926387682, "5": 2.953560795529631, "6": -2.5643932252704094, "7": 2.372557289207114}, "datetime": {"datetime": "2021-06-29 21:50:08", "elapsed": 5789.667666, "delta": 14.277119}}
{"target": 0.003591872250792905, "params": {"0": -1.0365895380085566, "1": -2.350947646482521, "2": -0.8876611798505305, "3": 0.7551797527233299, "4": -2.270630396196078, "5": -2.0379713120272434, "6": 2.0453328394310972, "7": 0.3541729508647542}, "datetime": {"datetime": "2021-06-29 21:50:23", "elapsed": 5804.197676, "delta": 14.53001}}
{"target": 0.003170372409646253, "params": {"0": -0.7159963332730319, "1": 1.126956092648725, "2": 1.0161114735716303, "3": -1.726512159298521, "4": 0.635946119685336, "5": -1.4781585337881962, "6": 2.4978721046662873, "7": -2.683455400413103}, "datetime": {"datetime": "2021-06-29 21:50:48", "elapsed": 5829.095402, "delta": 24.897726}}
{"target": 0.00292038421934736, "params": {"0": 1.3589453708782617, "1": 2.0305486156328936, "2": -1.5392275755904121, "3": -0.6939372925514613, "4": 2.984046632829277, "5": 0.682368370074304, "6": 1.1590503104467427, "7": -0.7719484582587852}, "datetime": {"datetime": "2021-06-29 21:51:04", "elapsed": 5845.388499, "delta": 16.293097}}
{"target": 0.0030345678205910658, "params": {"0": 1.742498628718577, "1": -0.7070971894817761, "2": 2.9002949190791067, "3": -1.1718145330679746, "4": 1.2932628268111905, "5": 1.2868287164234875, "6": -0.6690856566351435, "7": 0.16640995680071402}, "datetime": {"datetime": "2021-06-29 21:51:16", "elapsed": 5856.769548, "delta": 11.381049}}
{"target": 0.02743058804734913, "params": {"0": 0.7077875370866611, "1": 1.8218748002632408, "2": -2.257318326359815, "3": 0.7194529779735204, "4": -1.7308678996765798, "5": 0.6442381391930923, "6": -0.23403961538677187, "7": -0.4756973358117591}, "datetime": {"datetime": "2021-06-29 21:51:36", "elapsed": 5876.839265, "delta": 20.069717}}
{"target": 0.004072411560956143, "params": {"0": -0.26682115572957077, "1": -1.498351786394708, "2": 1.3076534332123515, "3": -2.9405211876164525, "4": 1.053003546205069, "5": -2.8534597366218133, "6": -2.452298476886038, "7": -1.0090200709111146}, "datetime": {"datetime": "2021-06-29 21:51:50", "elapsed": 5891.195219, "delta": 14.355954}}
{"target": 0.003061800825133246, "params": {"0": 0.5283607796833034, "1": -1.0984036576349825, "2": -2.25842078449595, "3": -2.342142862924047, "4": 2.1211045507189157, "5": 0.7174468891746812, "6": 1.2462818573642682, "7": 2.616166970830749}, "datetime": {"datetime": "2021-06-29 21:52:17", "elapsed": 5918.332417, "delta": 27.137198}}
{"target": 0.0029979444671749925, "params": {"0": 1.9607476143311668, "1": -2.0788038591191484, "2": -0.22186013473505017, "3": -0.4561761085272149, "4": -0.18546580925309186, "5": 0.4158107256805752, "6": 1.3621844597195043, "7": 1.809766801219995}, "datetime": {"datetime": "2021-06-29 21:52:31", "elapsed": 5932.624746, "delta": 14.292329}}
{"target": 0.0029518755066570393, "params": {"0": 2.391263675589033, "1": 0.011818075029413677, "2": 2.3026528955589667, "3": 1.9388985972889152, "4": -0.18224977524146269, "5": 2.501533753877407, "6": -1.626284025612041, "7": -0.07924511435504034}, "datetime": {"datetime": "2021-06-29 21:52:54", "elapsed": 5955.096841, "delta": 22.472095}}
{"target": 0.005636403277841099, "params": {"0": -1.5640252292941208, "1": 1.2758733112575271, "2": -1.041337126209063, "3": -1.8102152978220776, "4": -1.1897128266696833, "5": 0.06548738520641528, "6": -2.4231377203117432, "7": -0.8362713430224487}, "datetime": {"datetime": "2021-06-29 21:53:16", "elapsed": 5977.654625, "delta": 22.557784}}
{"target": 0.004206069053800945, "params": {"0": 1.1717572578310191, "1": 0.8299413939967568, "2": 2.2406390756651984, "3": 1.3164815402696801, "4": 0.15874431564785185, "5": 0.7439217493366339, "6": -0.33842881482926934, "7": 0.38417307840466997}, "datetime": {"datetime": "2021-06-29 21:53:44", "elapsed": 6005.540061, "delta": 27.885436}}
{"target": 0.0032840958773953564, "params": {"0": -0.4791161513309792, "1": 2.5690887857444684, "2": -2.5088245286159925, "3": 1.8752916782543476, "4": -2.8175986493073224, "5": 0.228945835281539, "6": -1.238059293786301, "7": 1.0870472245612763}, "datetime": {"datetime": "2021-06-29 21:54:01", "elapsed": 6022.6255, "delta": 17.085439}}
{"target": 0.0032270951671350464, "params": {"0": -2.1685368357447947, "1": 1.955156447944013, "2": 2.146908500515231, "3": 2.6655864896902663, "4": -2.6583428808741445, "5": 2.9887285711055807, "6": 2.4046701562069117, "7": 0.39674870025220077}, "datetime": {"datetime": "2021-06-29 21:54:18", "elapsed": 6038.725313, "delta": 16.099813}}
{"target": 0.0032359362824157393, "params": {"0": -1.0695401692380186, "1": -0.813958005664559, "2": -2.331913200177251, "3": 2.5712028111504903, "4": -0.727375101769189, "5": -2.499547262308475, "6": 1.9527164103221661, "7": 2.930536944437063}, "datetime": {"datetime": "2021-06-29 21:54:32", "elapsed": 6053.604594, "delta": 14.879281}}
{"target": 0.00407400529376436, "params": {"0": 2.053476357306602, "1": 1.2938126336664357, "2": 0.7279906248202002, "3": -2.1050771394232624, "4": -1.6218795776720238, "5": -1.1585629497197565, "6": 2.3633271074934266, "7": 1.0324470826434213}, "datetime": {"datetime": "2021-06-29 21:54:49", "elapsed": 6070.319625, "delta": 16.715031}}
{"target": 0.003003872470275979, "params": {"0": 1.6539865236660791, "1": 2.3887571919737614, "2": -1.5360766508804435, "3": 0.9181655731872, "4": 1.9400354765114276, "5": 1.4658535743346741, "6": 2.4715878327100764, "7": -2.2269127454290394}, "datetime": {"datetime": "2021-06-29 21:55:13", "elapsed": 6094.10091, "delta": 23.781285}}
{"target": 0.0033017224615473, "params": {"0": 1.4913454563925468, "1": 1.0660996067610409, "2": -1.263992261550634, "3": -2.512279440213858, "4": -2.9738485592687303, "5": 0.45985000898381534, "6": -0.731562634589193, "7": -1.1819509867864486}, "datetime": {"datetime": "2021-06-29 21:55:41", "elapsed": 6121.95983, "delta": 27.85892}}
{"target": 0.0038243843160470454, "params": {"0": 2.377272660179173, "1": -1.4774680404340481, "2": 1.5395778283238482, "3": -1.2986720414743056, "4": -0.7213717416827117, "5": 1.5465229359527548, "6": -1.9525149721413195, "7": -1.5446048335941673}, "datetime": {"datetime": "2021-06-29 21:56:05", "elapsed": 6145.897522, "delta": 23.937692}}
{"target": 0.003249543433735721, "params": {"0": 2.7159585370040586, "1": -0.001534457110611065, "2": -0.3273777769249815, "3": 2.4556983122742535, "4": 0.6858109303285316, "5": -1.4631629782247386, "6": -1.6409954920708332, "7": 2.303026009686606}, "datetime": {"datetime": "2021-06-29 21:56:20", "elapsed": 6160.74384, "delta": 14.846318}}
{"target": 0.0031458665782336946, "params": {"0": -0.7853748058792247, "1": 0.17221495196294212, "2": 1.3064019863909495, "3": 0.9802172668214135, "4": 2.867574897413534, "5": -0.0207793709059807, "6": 0.20934059841410857, "7": 1.2704364031334991}, "datetime": {"datetime": "2021-06-29 21:56:30", "elapsed": 6171.487034, "delta": 10.743194}}
{"target": 0.0030488521704374397, "params": {"0": 0.1567104354470339, "1": 1.295972455152124, "2": -2.4913663477529218, "3": 0.3616315133506216, "4": 2.676238798062176, "5": -0.2545714677843365, "6": -2.897610007326881, "7": -0.3061080839168415}, "datetime": {"datetime": "2021-06-29 21:56:47", "elapsed": 6187.816965, "delta": 16.329931}}
{"target": 0.0033293609887296346, "params": {"0": 1.8369198065943966, "1": -1.2597568929755605, "2": -0.5425101674749033, "3": 1.7280272858609775, "4": -0.8166803781503349, "5": 1.624397667690383, "6": -2.6533049045540755, "7": 0.5048971922141101}, "datetime": {"datetime": "2021-06-29 21:56:58", "elapsed": 6198.826137, "delta": 11.009172}}
{"target": 0.003809911175273167, "params": {"0": -1.954951359819799, "1": 2.9953023111220842, "2": 2.167824785492555, "3": 1.9582350389118277, "4": -1.0453332417249948, "5": 2.0844234053760298, "6": 2.2317815885843135, "7": -0.5983685686268743}, "datetime": {"datetime": "2021-06-29 21:57:13", "elapsed": 6213.72575, "delta": 14.899613}}
{"target": 0.003169210108816413, "params": {"0": -1.685630170817338, "1": -0.8827171820734501, "2": -1.5932038664569537, "3": -1.7300164144295216, "4": -1.856835643259697, "5": -0.2733361655112536, "6": -1.1589823464717997, "7": -1.389711401067678}, "datetime": {"datetime": "2021-06-29 21:57:31", "elapsed": 6232.172072, "delta": 18.446322}}
{"target": 0.0031289816464393706, "params": {"0": -1.1071967097137685, "1": -1.2428185895554587, "2": 0.8094555306747759, "3": -2.9131615458002638, "4": 2.0694541923752565, "5": -0.6743278094492648, "6": -1.8457683668112275, "7": -1.137593175628057}, "datetime": {"datetime": "2021-06-29 21:57:42", "elapsed": 6243.237271, "delta": 11.065199}}
{"target": 0.005512670865922743, "params": {"0": 2.851158203363557, "1": -0.31759485399880516, "2": -1.4547484839978722, "3": 2.7027260309882486, "4": -0.7630969422515932, "5": -0.22161282503101942, "6": 1.0690101330368886, "7": -0.6114928555322252}, "datetime": {"datetime": "2021-06-29 21:57:56", "elapsed": 6257.558093, "delta": 14.320822}}
{"target": 0.0035972238675322224, "params": {"0": 0.44864044400012393, "1": -2.3237404180427093, "2": -0.8543961466575527, "3": 0.7161130183480822, "4": -1.909268739682553, "5": 1.114614804090218, "6": -2.8652538681610054, "7": 2.6421769383464717}, "datetime": {"datetime": "2021-06-29 21:58:14", "elapsed": 6275.255866, "delta": 17.697773}}
{"target": 0.0029622464658866725, "params": {"0": -1.6826942742915245, "1": -1.7651593851896825, "2": 2.7847523289120035, "3": 1.583956781223165, "4": -2.7627705674883467, "5": 2.8529355157658536, "6": 0.17584074206096156, "7": -0.7180046607051569}, "datetime": {"datetime": "2021-06-29 21:58:29", "elapsed": 6290.180644, "delta": 14.924778}}
{"target": 0.0030039477324709696, "params": {"0": 0.9276394770002074, "1": 1.7988785638164977, "2": -1.8411142333259563, "3": 1.255339839923229, "4": 0.6788539040522257, "5": -0.509068055863021, "6": 1.6917222923183708, "7": 1.7849418514683695}, "datetime": {"datetime": "2021-06-29 21:58:46", "elapsed": 6306.746391, "delta": 16.565747}}
{"target": 0.005159989377759869, "params": {"0": 1.9565331217437762, "1": -2.7522610658509157, "2": 2.5320407882342026, "3": 0.43296600839367194, "4": -0.2157525984059978, "5": -1.7266496226046397, "6": 2.6763840293264893, "7": 0.08713995801555985}, "datetime": {"datetime": "2021-06-29 21:59:09", "elapsed": 6330.601144, "delta": 23.854753}}
{"target": 0.003014868415175081, "params": {"0": 1.4497358932344717, "1": -2.4008560708808298, "2": 0.7456713034842446, "3": 0.17806862698376413, "4": 1.6079585402432528, "5": 2.4905167820071767, "6": 0.6544450085487368, "7": -2.8673308865021325}, "datetime": {"datetime": "2021-06-29 21:59:31", "elapsed": 6352.666285, "delta": 22.065141}}
{"target": 0.002999693956469936, "params": {"0": -1.2970123078064517, "1": 2.3412151039897866, "2": -1.6719172007637864, "3": 0.24152030590535123, "4": 1.601759198932461, "5": -2.5407237804252496, "6": -1.2737093126958028, "7": 1.83640494763128}, "datetime": {"datetime": "2021-06-29 21:59:51", "elapsed": 6372.473663, "delta": 19.807378}}
{"target": 0.0033082311403060515, "params": {"0": -0.8197123566141746, "1": -2.571303700399071, "2": -2.8905269065082324, "3": -0.04601760698377255, "4": 2.052366451399471, "5": 0.9345339723996675, "6": 2.3320142243003996, "7": 2.8250055346653298}, "datetime": {"datetime": "2021-06-29 22:00:11", "elapsed": 6392.435407, "delta": 19.961744}}
{"target": 0.006255205199635738, "params": {"0": -2.1255382219166674, "1": -0.6896417611381747, "2": -0.8611483503381328, "3": 0.07766398464213964, "4": -0.9637197758047806, "5": -0.3407010042948837, "6": -2.6281774988989812, "7": 1.1141467758367654}, "datetime": {"datetime": "2021-06-29 22:00:40", "elapsed": 6421.472073, "delta": 29.036666}}
{"target": 0.028764037664962796, "params": {"0": -1.2339700399260196, "1": -0.3509362048060334, "2": -0.7667044664113289, "3": 2.8003391382239817, "4": 2.8526225593551526, "5": -2.626686434371747, "6": 2.702616992241225, "7": 2.720675878788903}, "datetime": {"datetime": "2021-06-29 22:01:04", "elapsed": 6444.852232, "delta": 23.380159}}
{"target": 0.008343654903931273, "params": {"0": 1.2966267518535508, "1": -2.6846634398115974, "2": -2.9523357801228123, "3": 2.081401960588204, "4": 2.5660347756806186, "5": -0.6291358103255771, "6": 0.39065315045313387, "7": -0.07262349862883255}, "datetime": {"datetime": "2021-06-29 22:01:33", "elapsed": 6473.908692, "delta": 29.05646}}
{"target": 0.0030635192841568836, "params": {"0": 1.7109413047580846, "1": -1.551112103856602, "2": -2.2003705050163536, "3": -1.156769173298032, "4": 1.0832173196575399, "5": 0.32223716550896864, "6": 0.24316445454214897, "7": -1.1713172896149513}, "datetime": {"datetime": "2021-06-29 22:01:44", "elapsed": 6484.892383, "delta": 10.983691}}
{"target": 0.0029154603211525476, "params": {"0": -2.7988503487989016, "1": -2.12520598592741, "2": -2.2572982821704084, "3": 1.78260996665119, "4": 2.8729889396390114, "5": 1.5180659873284323, "6": -0.652061633511384, "7": 1.1231665342066126}, "datetime": {"datetime": "2021-06-29 22:02:05", "elapsed": 6506.166833, "delta": 21.27445}}
