{"target": 0.019915024544952264, "params": {"0": -0.750783182698874, "1": 0.526782864009216, "2": -0.6642898326296285, "3": 1.0391238627900181, "4": -1.429176688622592, "5": 2.682366821018716, "6": -2.5307460098048846, "7": 0.9582161897306447}, "datetime": {"datetime": "2021-06-30 00:44:57", "elapsed": 16190.453862, "delta": 39.886658}}
{"target": 0.0033557311449364437, "params": {"0": 0.03902730884054195, "1": 1.604228735758661, "2": -1.921255951887329, "3": -0.28086817669853836, "4": -2.1770974086377803, "5": -0.8631251885655375, "6": -1.54470500611952, "7": -2.558282092393881}, "datetime": {"datetime": "2021-06-30 00:45:47", "elapsed": 16240.401197, "delta": 49.947335}}
{"target": 0.004152865914447987, "params": {"0": -2.3306928329749717, "1": -2.2116718562105504, "2": -1.9151914483424548, "3": -0.4196127957949365, "4": -2.7501564548034665, "5": -1.129970430573748, "6": -2.700811624623487, "7": -2.516826685185899}, "datetime": {"datetime": "2021-06-30 00:46:20", "elapsed": 16273.29532, "delta": 32.894123}}
{"target": 0.003446958319104144, "params": {"0": -1.8858871808711424, "1": 1.386574115617635, "2": -0.47989983022061633, "3": 1.1968233543706113, "4": -2.40909361114029, "5": 0.4028390983250869, "6": -1.297514728889527, "7": -0.046385521668778296}, "datetime": {"datetime": "2021-06-30 00:46:55", "elapsed": 16308.785729, "delta": 35.490409}}
{"target": 0.009258460356504041, "params": {"0": -1.011105508933382, "1": 0.32746999923317954, "2": -0.09259095287318209, "3": 2.1535542970501496, "4": -0.7615531101859832, "5": 2.4395496899815265, "6": -2.9272581727628673, "7": 1.5798359530504857}, "datetime": {"datetime": "2021-06-30 00:47:34", "elapsed": 16347.492239, "delta": 38.70651}}
{"target": 0.003215588149690802, "params": {"0": -1.7697048789465704, "1": 2.655600538037368, "2": 1.8088833984311865, "3": 0.05686851542763982, "4": -0.25076081085120183, "5": 1.5591127583258197, "6": -2.16515678281346, "7": 1.1247068240925646}, "datetime": {"datetime": "2021-06-30 00:47:58", "elapsed": 16371.310195, "delta": 23.817956}}
{"target": 0.0036868384249914925, "params": {"0": 1.959370684042267, "1": -1.3671546906970897, "2": 1.5490794942350448, "3": 2.497411172727986, "4": -0.3539792664370731, "5": -1.1314612948076994, "6": 0.5658320323083355, "7": 2.1989246293632307}, "datetime": {"datetime": "2021-06-30 00:48:26", "elapsed": 16399.418731, "delta": 28.108536}}
{"target": 0.003436857264296816, "params": {"0": 0.8773333898686211, "1": 2.004330783628814, "2": 0.13623028149485927, "3": -1.3088770752682888, "4": 0.7405383879940199, "5": -0.3121920025063356, "6": 2.426462749602389, "7": 0.11129715171391874}, "datetime": {"datetime": "2021-06-30 00:49:28", "elapsed": 16461.399089, "delta": 61.980358}}
{"target": 0.003746870686031233, "params": {"0": 1.4699148794766685, "1": 1.4321178981107927, "2": -2.7975601230676386, "3": -0.7341834967470939, "4": -2.131670248447488, "5": 1.3753152933568558, "6": -2.6719631944954116, "7": -2.074676046048014}, "datetime": {"datetime": "2021-06-30 00:50:02", "elapsed": 16495.82965, "delta": 34.430561}}
{"target": 0.003229071151597534, "params": {"0": -1.6211045662464756, "1": 2.98195206544899, "2": -1.2810828898373334, "3": -2.614986090762643, "4": -0.04559158390089202, "5": -2.1595721674888972, "6": -0.40087831050819034, "7": 0.33006237427919993}, "datetime": {"datetime": "2021-06-30 00:50:59", "elapsed": 16552.766964, "delta": 56.937314}}
{"target": 0.0034524832080582617, "params": {"0": -1.6700349801981593, "1": 0.9025416757521518, "2": -0.3983382510579476, "3": 2.3171071127714153, "4": 1.8761547778085905, "5": 0.9620210989949642, "6": -0.7761842160421688, "7": 2.393356282834633}, "datetime": {"datetime": "2021-06-30 00:51:26", "elapsed": 16579.277508, "delta": 26.510544}}
{"target": 0.0034586836733639407, "params": {"0": 2.678244711311075, "1": 0.35475484819991143, "2": -1.387732331718782, "3": 1.8278321878891024, "4": 0.500133079057238, "5": -0.8729083326002147, "6": -2.237341051145262, "7": 0.21929135738829508}, "datetime": {"datetime": "2021-06-30 00:51:50", "elapsed": 16603.978281, "delta": 24.700773}}
{"target": 0.0035608011434228445, "params": {"0": -0.382800819619562, "1": 2.8080720462773243, "2": -2.4714590412011574, "3": -2.219264144564904, "4": -0.9764580263622609, "5": -2.4356740572364224, "6": 1.4846873393286852, "7": -2.2714832357976187}, "datetime": {"datetime": "2021-06-30 00:52:23", "elapsed": 16637.032419, "delta": 33.054138}}
{"target": 0.0035469443108649733, "params": {"0": -1.0750367448042362, "1": -1.4648461461232285, "2": -2.507469712823089, "3": 2.1433748161843944, "4": -2.582169269597215, "5": -1.4917834384222477, "6": 1.674730118939955, "7": 2.727285885739052}, "datetime": {"datetime": "2021-06-30 00:52:57", "elapsed": 16670.909343, "delta": 33.876924}}
{"target": 0.06826883538162784, "params": {"0": 1.773765723448303, "1": -2.3000834848613794, "2": 2.619500880754291, "3": 0.03454590849355421, "4": 2.6326851342602584, "5": -1.71983005930029, "6": 1.7525338564685633, "7": 2.452972014121709}, "datetime": {"datetime": "2021-06-30 00:53:35", "elapsed": 16708.494617, "delta": 37.585274}}
{"target": 0.003443583310830818, "params": {"0": 1.719037258306999, "1": 1.442965229007111, "2": 0.4342672814742854, "3": 2.8240651468158653, "4": -0.6622999821751208, "5": 2.957561236272417, "6": -2.343987152349301, "7": 1.2985992443514842}, "datetime": {"datetime": "2021-06-30 00:54:00", "elapsed": 16733.468055, "delta": 24.973438}}
{"target": 0.01008560948842557, "params": {"0": -1.4319039314836908, "1": -1.637382091897452, "2": -2.8319693159253063, "3": 0.4934784809260542, "4": -2.890657625095782, "5": -1.6390558481072002, "6": -2.01666289955146, "7": -2.2068595121573145}, "datetime": {"datetime": "2021-06-30 00:54:26", "elapsed": 16759.881188, "delta": 26.413133}}
{"target": 0.0032142925173768676, "params": {"0": -1.6824486824342837, "1": -2.9204597834889774, "2": 0.2624138741311164, "3": -0.12192416724353627, "4": 0.6092186933314463, "5": 1.6868303873270865, "6": 0.08784581361704369, "7": -0.21513139358780498}, "datetime": {"datetime": "2021-06-30 00:55:05", "elapsed": 16798.918339, "delta": 39.037151}}
{"target": 0.0030376098672906704, "params": {"0": -2.4125597644648495, "1": -1.737448808605663, "2": 0.9731310932321939, "3": 2.2750832369311356, "4": -0.4002359939262061, "5": 1.791012365964681, "6": 0.08188193867279381, "7": 0.04724472053175388}, "datetime": {"datetime": "2021-06-30 00:55:31", "elapsed": 16824.917922, "delta": 25.999583}}
{"target": 0.008833003854198277, "params": {"0": -1.682721514030954, "1": -1.5412050099806545, "2": -2.162384585366392, "3": -2.3319233410575504, "4": 1.325212284848046, "5": -0.9964484642432163, "6": -2.639642429021155, "7": 1.0531302751533254}, "datetime": {"datetime": "2021-06-30 00:56:15", "elapsed": 16868.099896, "delta": 43.181974}}
{"target": 0.10502285085884515, "params": {"0": 1.628379603528039, "1": 2.8790340408516766, "2": 1.8242152651367656, "3": -2.0755205933125658, "4": -0.11722341504561085, "5": -2.775005215965871, "6": -0.23645738321838827, "7": 2.4064714402600496}, "datetime": {"datetime": "2021-06-30 00:56:46", "elapsed": 16899.503975, "delta": 31.404079}}
{"target": 0.015176690998284165, "params": {"0": -1.5902116699013713, "1": -1.7917790229444246, "2": -0.8137363376495856, "3": 1.3552369557021606, "4": 2.4696721861737707, "5": -1.940785473384112, "6": 1.1110983346431418, "7": 0.489876972193112}, "datetime": {"datetime": "2021-06-30 00:57:51", "elapsed": 16964.742339, "delta": 65.238364}}
{"target": 0.0108561253457217, "params": {"0": 0.7732803684979954, "1": -2.305517466566974, "2": 1.8115165998409983, "3": -2.787533447501798, "4": 0.21936408848068112, "5": 1.3506027075596156, "6": -2.2586870992255124, "7": 0.12780361641680038}, "datetime": {"datetime": "2021-06-30 00:58:33", "elapsed": 17006.260024, "delta": 41.517685}}
{"target": 0.0029230915447764627, "params": {"0": 2.210299718551191, "1": -0.08723992171015382, "2": -2.478070806887537, "3": 1.0343032983152192, "4": 1.460691115914588, "5": 0.11452699778607878, "6": -1.1947001293783377, "7": 1.6987773672014717}, "datetime": {"datetime": "2021-06-30 00:58:58", "elapsed": 17031.613637, "delta": 25.353613}}
{"target": 0.0033230207822457533, "params": {"0": -0.10956735810298301, "1": 0.7082744597551689, "2": -2.013477336330199, "3": -1.346346811815265, "4": 1.5604971896645123, "5": -1.0622274221753634, "6": 0.40943284159576043, "7": -1.6688337107934168}, "datetime": {"datetime": "2021-06-30 00:59:34", "elapsed": 17067.643813, "delta": 36.030176}}
{"target": 0.0028737394274560004, "params": {"0": -1.0860325356252942, "1": 0.359758351683269, "2": 1.8390650363599947, "3": -0.8391380022800101, "4": -0.36773680056353664, "5": 2.3600667844003054, "6": 2.7417706163899904, "7": 2.6710682944161652}, "datetime": {"datetime": "2021-06-30 01:00:12", "elapsed": 17106.024901, "delta": 38.381088}}
{"target": 0.006564511081169209, "params": {"0": 2.414034776666896, "1": -0.30519815275428464, "2": -0.9868426768524619, "3": -2.139528907719482, "4": 0.8869888275523352, "5": -2.629173939062831, "6": 1.1385074367078225, "7": -0.45162736275833737}, "datetime": {"datetime": "2021-06-30 01:01:04", "elapsed": 17157.881929, "delta": 51.857028}}
{"target": 0.00462078990844294, "params": {"0": 2.5061675723942054, "1": 0.375334947721246, "2": -0.9341991511491741, "3": 1.8596273693415544, "4": -1.4018993430401903, "5": 0.5638846389098457, "6": 1.4154893972226734, "7": 2.7841222612696743}, "datetime": {"datetime": "2021-06-30 01:03:06", "elapsed": 17279.250895, "delta": 121.368966}}
{"target": 0.0039337044731575935, "params": {"0": -0.5939807717332624, "1": 0.39695058003424855, "2": -0.6171445779772187, "3": 1.129706085634763, "4": -1.467914207976828, "5": 2.889098361004952, "6": -1.8879734732481794, "7": 1.4509300964153375}, "datetime": {"datetime": "2021-06-30 01:03:59", "elapsed": 17332.832733, "delta": 53.581838}}
{"target": 0.003992378999367554, "params": {"0": -2.3838846498651014, "1": 1.1694223376353197, "2": -2.07393483259942, "3": -0.505991673228519, "4": -0.7029109573986174, "5": -2.45065719607005, "6": -1.2813556513303588, "7": -1.740414256224643}, "datetime": {"datetime": "2021-06-30 01:05:09", "elapsed": 17402.869332, "delta": 70.036599}}
{"target": 0.00390709573963035, "params": {"0": 0.5118986959770293, "1": -2.94921440053166, "2": 2.3518846231449464, "3": -1.6223813202841824, "4": -1.0021876728662704, "5": 0.9342786533240162, "6": -2.278228365271616, "7": 1.145486968268684}, "datetime": {"datetime": "2021-06-30 01:06:08", "elapsed": 17461.183151, "delta": 58.313819}}
{"target": 0.003764648286195516, "params": {"0": -2.6073843529686602, "1": 2.921250340632616, "2": -1.4500847088623914, "3": 0.7345113231118838, "4": 2.802047130017435, "5": -2.020091393000097, "6": 0.517309907101029, "7": 1.572003021629084}, "datetime": {"datetime": "2021-06-30 01:06:48", "elapsed": 17501.354638, "delta": 40.171487}}
{"target": 0.00373256193233437, "params": {"0": 2.641651406997224, "1": -1.1915624802713327, "2": -0.04749920195189983, "3": 2.276057746204189, "4": 0.2067127828361781, "5": -2.5849283108868373, "6": -2.220804387270757, "7": 1.3874587736621367}, "datetime": {"datetime": "2021-06-30 01:08:36", "elapsed": 17609.330316, "delta": 107.975678}}
{"target": 0.004731384095918196, "params": {"0": -0.48546401325822996, "1": 2.4970739528952297, "2": 1.543173955696342, "3": -0.8474411166505562, "4": -1.3522676553480089, "5": -0.9502149687687065, "6": 0.8776168890175562, "7": 1.354740496184668}, "datetime": {"datetime": "2021-06-30 01:09:42", "elapsed": 17675.059972, "delta": 65.729656}}
{"target": 0.0033481018465825393, "params": {"0": 0.6140877351977152, "1": 0.3722777575749552, "2": -2.6883669439277695, "3": -2.26987997112079, "4": 0.0914217285064427, "5": -1.1508221699513952, "6": 0.14412852220490802, "7": -0.9964353245117672}, "datetime": {"datetime": "2021-06-30 01:10:22", "elapsed": 17715.068858, "delta": 40.008886}}
{"target": 0.004319850354349213, "params": {"0": -2.934661092458664, "1": 0.48222639347603646, "2": 1.4087131540598614, "3": -2.4970110816008715, "4": 0.08843922719771857, "5": -0.4791648511157427, "6": -0.043888985103632816, "7": -2.4755999650733544}, "datetime": {"datetime": "2021-06-30 01:10:51", "elapsed": 17744.55771, "delta": 29.488852}}
{"target": 0.003839182322437121, "params": {"0": 1.4536281974079666, "1": 1.7217270365900088, "2": 0.7808102431037951, "3": -2.917406233871497, "4": 2.400240170463972, "5": -0.11835106548945706, "6": -2.1019725224882446, "7": -2.6329016735008697}, "datetime": {"datetime": "2021-06-30 01:11:28", "elapsed": 17782.003544, "delta": 37.445834}}
{"target": 0.003381929586234408, "params": {"0": -0.30767442098393527, "1": 2.6301489322758096, "2": -2.6015269165117862, "3": -2.3369704203020722, "4": -1.5277366819437828, "5": 1.923476919646502, "6": 2.6770197934339777, "7": -1.2827629748400327}, "datetime": {"datetime": "2021-06-30 01:12:09", "elapsed": 17822.284985, "delta": 40.281441}}
{"target": 0.0041193500745125115, "params": {"0": -0.9681405875481097, "1": 1.2543867014348429, "2": 1.4689856073491718, "3": 1.827618769305305, "4": 2.0650276117394073, "5": -2.1665755130347275, "6": 2.6079886795672325, "7": -1.7293222910059538}, "datetime": {"datetime": "2021-06-30 01:12:41", "elapsed": 17854.427646, "delta": 32.142661}}
{"target": 0.015535691084198786, "params": {"0": -2.3094775665346274, "1": 0.7130811164184823, "2": -2.7229322556983915, "3": 0.8607239180919439, "4": 2.9900562320649913, "5": -1.830395579548073, "6": 1.5563627872874974, "7": -2.685602458855656}, "datetime": {"datetime": "2021-06-30 01:13:29", "elapsed": 17902.164816, "delta": 47.73717}}
{"target": 0.004181916914520502, "params": {"0": -2.6522009840456753, "1": 2.9288941374135113, "2": -0.38448553665490426, "3": 0.5675725982456385, "4": 1.7736364337664554, "5": 2.8778576088702605, "6": -0.10943247020378433, "7": -1.5481374950354632}, "datetime": {"datetime": "2021-06-30 01:13:57", "elapsed": 17930.355506, "delta": 28.19069}}
{"target": 0.0029678378821934256, "params": {"0": -2.897054866426139, "1": -2.90720835117728, "2": -2.124645975293131, "3": 0.696930239225428, "4": -2.0858544358519957, "5": 2.613200295383791, "6": 1.6488874291344926, "7": -1.0159027852864808}, "datetime": {"datetime": "2021-06-30 01:14:25", "elapsed": 17958.66187, "delta": 28.306364}}
{"target": 0.002992590717810373, "params": {"0": -0.7158546561080033, "1": -0.400540855776514, "2": -2.1718832487235584, "3": 2.0284300796210823, "4": 2.166333881772923, "5": 0.9564584490057815, "6": 2.138710625695242, "7": -2.101675734934978}, "datetime": {"datetime": "2021-06-30 01:15:02", "elapsed": 17995.206124, "delta": 36.544254}}
{"target": 0.0038023231914921683, "params": {"0": 1.4435628887299181, "1": 0.366638454933625, "2": 2.0788668553667886, "3": 2.991883592870435, "4": 0.04433942253958367, "5": 0.4612544768974156, "6": -2.993906872396208, "7": 1.0165876303495276}, "datetime": {"datetime": "2021-06-30 01:15:30", "elapsed": 18023.913156, "delta": 28.707032}}
{"target": 0.004399583794973697, "params": {"0": -1.9293225211611766, "1": -0.14349084700437054, "2": 0.808075815440068, "3": 0.8057303631554591, "4": -1.4328882681168658, "5": 0.4707115086120046, "6": 1.3759473152065, "7": 0.3056702691719311}, "datetime": {"datetime": "2021-06-30 01:16:02", "elapsed": 18055.274315, "delta": 31.361159}}
{"target": 0.003962490718975989, "params": {"0": 2.171307482403938, "1": -0.9282736807243341, "2": -1.5256037123298887, "3": -0.234250906432937, "4": -0.3441918168462186, "5": -1.7074284988866064, "6": -1.1958126153714137, "7": 0.7705375018175653}, "datetime": {"datetime": "2021-06-30 01:16:37", "elapsed": 18090.770207, "delta": 35.495892}}
{"target": 0.1346771127181741, "params": {"0": 0.9607235113314587, "1": -0.8656099874715579, "2": 2.2749870461266557, "3": -0.8000856536255743, "4": -0.7789173762582418, "5": -1.0159148235406623, "6": -0.8886303389731358, "7": 1.8260126513562627}, "datetime": {"datetime": "2021-06-30 01:17:28", "elapsed": 18141.636977, "delta": 50.86677}}
{"target": 0.003064935835429047, "params": {"0": -0.5845803325135841, "1": -1.4439734616100879, "2": 0.4477462117494504, "3": -0.20882004781355779, "4": 1.387610071480852, "5": 2.912900058591525, "6": -2.4193402368849553, "7": -1.0989058395221114}, "datetime": {"datetime": "2021-06-30 01:18:05", "elapsed": 18178.763001, "delta": 37.126024}}
{"target": 0.004843579998366685, "params": {"0": 0.6752067376771631, "1": -1.6640386284602677, "2": -1.482814354900189, "3": -0.07308888635380484, "4": 0.9122483136327642, "5": -1.9252557881239036, "6": -0.936871310108236, "7": 0.32986791436567353}, "datetime": {"datetime": "2021-06-30 01:18:33", "elapsed": 18206.3142, "delta": 27.551199}}
{"target": 0.016718840321792248, "params": {"0": -2.1165756839323513, "1": -1.3458765106757613, "2": -2.71253702737381, "3": -2.0111079208074365, "4": 1.1519354290482022, "5": -0.5773799992818178, "6": -2.9989724532940167, "7": 1.3448469771277054}, "datetime": {"datetime": "2021-06-30 01:19:07", "elapsed": 18240.064921, "delta": 33.750721}}
{"target": 0.0029176925782906323, "params": {"0": 2.8057238545855645, "1": 0.8326660475015943, "2": -0.1886333321659679, "3": 0.7519957645899726, "4": 2.408476236458476, "5": -0.05393887611259007, "6": 1.9196147864309774, "7": 2.3820412731932032}, "datetime": {"datetime": "2021-06-30 01:19:37", "elapsed": 18270.439212, "delta": 30.374291}}
{"target": 0.007042299421570786, "params": {"0": 0.9284484415947718, "1": -1.3760700377298587, "2": -2.330277833657859, "3": 2.3174302561332443, "4": -2.851783092461889, "5": 0.5119675848289393, "6": 1.5621038712503559, "7": 0.9060036253972679}, "datetime": {"datetime": "2021-06-30 01:20:11", "elapsed": 18304.833998, "delta": 34.394786}}
{"target": 0.00348953265118297, "params": {"0": 2.480484537277432, "1": -1.6396776609504844, "2": -1.582152197869651, "3": -0.6526579162862145, "4": 1.6681027222145843, "5": -0.852266575113307, "6": 2.0674202199811527, "7": -1.5376816941402385}, "datetime": {"datetime": "2021-06-30 01:20:24", "elapsed": 18317.70972, "delta": 12.875722}}
{"target": 0.002866745762212876, "params": {"0": -2.02962235828426, "1": 2.0515532782260584, "2": 1.1181404949015956, "3": -0.3844610373222328, "4": 2.597213072214088, "5": -2.438380963358315, "6": -2.414964048580842, "7": -0.2134012931012368}, "datetime": {"datetime": "2021-06-30 01:20:49", "elapsed": 18342.043875, "delta": 24.334155}}
{"target": 0.005843795979628759, "params": {"0": -2.0214529317481507, "1": -0.8124186830357214, "2": 0.3181629178618528, "3": -1.8370973153955028, "4": 0.2006842085073055, "5": 1.7706264557285776, "6": -2.982870335318057, "7": -2.739552328447046}, "datetime": {"datetime": "2021-06-30 01:21:28", "elapsed": 18381.96616, "delta": 39.922285}}
{"target": 0.004180913489472014, "params": {"0": 1.9229460480889298, "1": -1.9074451031799113, "2": -0.03287214006211947, "3": -1.4775824293866056, "4": 0.12588910520730856, "5": 2.5075587747787367, "6": -0.5463681217111431, "7": -2.1725289051443957}, "datetime": {"datetime": "2021-06-30 01:21:49", "elapsed": 18402.959128, "delta": 20.992968}}
{"target": 0.0038831373860416306, "params": {"0": -1.9971787385187663, "1": -0.6209946761852034, "2": 1.6815894901141721, "3": 0.01633700262271942, "4": -2.3585218038270113, "5": -0.9374596715421695, "6": -1.1149368105583286, "7": -2.697293442321291}, "datetime": {"datetime": "2021-06-30 01:22:09", "elapsed": 18422.917468, "delta": 19.95834}}
{"target": 0.0034617380857800903, "params": {"0": -0.9308403400216232, "1": 2.3526515053722177, "2": -0.5537653951665988, "3": -1.6715750675131886, "4": -0.11084431142471374, "5": 1.2649049765901097, "6": -0.33405727796488627, "7": 0.44264088092589926}, "datetime": {"datetime": "2021-06-30 01:22:36", "elapsed": 18449.360039, "delta": 26.442571}}
{"target": 0.002878614745268625, "params": {"0": -2.3973824493011824, "1": -0.14255372379715414, "2": 0.7049307515343326, "3": 1.0917263992202084, "4": 2.244415700537025, "5": -1.8871751151469205, "6": 0.18675947985617247, "7": 1.0253457684409018}, "datetime": {"datetime": "2021-06-30 01:23:04", "elapsed": 18477.908772, "delta": 28.548733}}
{"target": 0.00857734772289215, "params": {"0": 1.4432959534298666, "1": 1.5677347016169216, "2": -2.6939679387076643, "3": 1.9213002239449208, "4": -2.8526520960220427, "5": -2.4025279600907234, "6": -1.8130047435597785, "7": -0.798237601606373}, "datetime": {"datetime": "2021-06-30 01:23:41", "elapsed": 18514.755338, "delta": 36.846566}}
{"target": 0.07437017995228178, "params": {"0": 0.4204155857535281, "1": -0.10232361827750047, "2": 1.639854603563716, "3": -0.9973254108882132, "4": 1.223732530738853, "5": -2.7107877880141764, "6": -2.4020370846169934, "7": 2.9380644254397614}, "datetime": {"datetime": "2021-06-30 01:24:21", "elapsed": 18554.103588, "delta": 39.34825}}
{"target": 0.0039174535149290035, "params": {"0": 0.9812059171144702, "1": -0.6919881281662921, "2": -1.0849802429065405, "3": -2.540284147324476, "4": -0.209541197523186, "5": -2.3082149655205457, "6": -2.8354595510958998, "7": -1.368640496521827}, "datetime": {"datetime": "2021-06-30 01:24:53", "elapsed": 18586.911863, "delta": 32.808275}}
{"target": 0.003117468942914073, "params": {"0": -1.909796593740629, "1": 0.377003976387547, "2": 0.9154197983749288, "3": -1.718714634666777, "4": 2.2386708746699657, "5": 2.249183683093646, "6": -1.6255932280641747, "7": 0.8025933587908165}, "datetime": {"datetime": "2021-06-30 01:25:25", "elapsed": 18618.452246, "delta": 31.540383}}
{"target": 0.00316485578104428, "params": {"0": -0.20196495406925052, "1": -0.6959776240942257, "2": -2.250685475436329, "3": -1.6972045316487205, "4": -2.7522809894418456, "5": 2.9477807934927034, "6": 2.9023137551413285, "7": -2.623034240251876}, "datetime": {"datetime": "2021-06-30 01:25:58", "elapsed": 18651.397607, "delta": 32.945361}}
