{"target": 0.0034747859903105065, "params": {"0": 2.2409791341992227, "1": -1.6331225880088454, "2": 2.761629150980374, "3": 1.299898035154297, "4": -2.7875783012318402, "5": -2.9314708721587417, "6": -1.1665968824143698, "7": 1.7106953561112972}, "datetime": {"datetime": "2021-06-29 21:03:38", "elapsed": 2910.786878, "delta": 7.810032}}
{"target": 0.0034347554469276115, "params": {"0": -0.007388033250485648, "1": -2.4564816656315287, "2": 0.7700919243216449, "3": -2.3850718598404472, "4": -1.7314914155939192, "5": 1.059420388482586, "6": -1.395113340680845, "7": 1.101460695025347}, "datetime": {"datetime": "2021-06-29 21:03:49", "elapsed": 2921.540233, "delta": 10.753355}}
{"target": 0.0038672785319893467, "params": {"0": -0.3807333188770725, "1": 1.5881133605388493, "2": 1.6011432770683207, "3": -1.830085924607538, "4": -0.5637338227300126, "5": 2.048161330524178, "6": 1.139713886213448, "7": -0.7191731867567204}, "datetime": {"datetime": "2021-06-29 21:03:56", "elapsed": 2928.908392, "delta": 7.368159}}
{"target": 0.00317643741582506, "params": {"0": 0.9843835060952992, "1": -1.6503664980386377, "2": 1.2280002467901667, "3": 0.9806737844140407, "4": -1.9108203238181471, "5": 1.384765050138136, "6": -1.5762058314055634, "7": -0.236104124311471}, "datetime": {"datetime": "2021-06-29 21:04:05", "elapsed": 2938.028176, "delta": 9.119784}}
{"target": 0.003157130280375436, "params": {"0": -0.7604379833531816, "1": 2.061114011919381, "2": 2.5097131823061103, "3": 0.04166106172150297, "4": -0.9321551736032756, "5": -1.8966728152266665, "6": 1.8244569316223034, "7": 1.703792718579761}, "datetime": {"datetime": "2021-06-29 21:04:24", "elapsed": 2956.246026, "delta": 18.21785}}
{"target": 0.0032462409375344577, "params": {"0": -0.19215780783591452, "1": -2.1167862457575977, "2": -2.0323938805562527, "3": -0.7838694086962175, "4": 0.12399595312904577, "5": -0.40880899769465495, "6": -2.8386234155949666, "7": -1.3074907437782128}, "datetime": {"datetime": "2021-06-29 21:04:37", "elapsed": 2969.550838, "delta": 13.304812}}
{"target": 0.005696286127275317, "params": {"0": 0.7671079801817564, "1": 1.8150410586968269, "2": 2.0382597782778333, "3": 0.3441475918284196, "4": -0.46088865931374645, "5": 2.562328711388446, "6": 0.7077180757596366, "7": 2.0984942168839797}, "datetime": {"datetime": "2021-06-29 21:04:52", "elapsed": 2984.453993, "delta": 14.903155}}
{"target": 0.0031164938617927605, "params": {"0": -0.43135133676212334, "1": 2.581542275744459, "2": 1.3111027716606554, "3": -0.6462551483719898, "4": -1.619054286121084, "5": -1.3371359612781513, "6": 2.2589802216231245, "7": 1.0797964460878076}, "datetime": {"datetime": "2021-06-29 21:05:08", "elapsed": 3001.103816, "delta": 16.649823}}
{"target": 0.0151639398949329, "params": {"0": -2.521538921683349, "1": -0.7937659086641942, "2": 0.33281315818593216, "3": -2.0973268099589433, "4": -0.5448394662335505, "5": 1.6405881641762532, "6": -2.7730706958083395, "7": -2.6514118139805496}, "datetime": {"datetime": "2021-06-29 21:05:17", "elapsed": 3009.997534, "delta": 8.893718}}
{"target": 0.003096437419373668, "params": {"0": -0.20759300809824088, "1": 2.049607280606284, "2": 2.676192041178391, "3": -0.6961573995433383, "4": -1.9302667039311965, "5": -1.9694259727116816, "6": 1.250256756886304, "7": 1.5800478002635687}, "datetime": {"datetime": "2021-06-29 21:05:32", "elapsed": 3024.591648, "delta": 14.594114}}
{"target": 0.003679914598629947, "params": {"0": 0.8480441516112749, "1": -2.7158166065758547, "2": 2.0752592261875735, "3": -1.7492021011236583, "4": 0.2948297881335584, "5": 1.3944168046069683, "6": -2.2878587602400615, "7": 0.06363741516571686}, "datetime": {"datetime": "2021-06-29 21:05:49", "elapsed": 3041.689872, "delta": 17.098224}}
{"target": 0.010101427767423522, "params": {"0": -0.6567692996228245, "1": 1.060598717267542, "2": -0.6848696886624186, "3": 0.3092512165041299, "4": -2.3887680147142167, "5": 1.5711554535975196, "6": -2.2264033632614946, "7": 0.5358089061780147}, "datetime": {"datetime": "2021-06-29 21:06:02", "elapsed": 3055.010666, "delta": 13.320794}}
{"target": 0.0043806229156719955, "params": {"0": 0.2443897549304621, "1": 1.7950685176164454, "2": 2.2007013202511274, "3": -0.712775559611126, "4": -1.2657905892986023, "5": -2.002354170988102, "6": 0.47833962327378377, "7": 1.9248764271676322}, "datetime": {"datetime": "2021-06-29 21:06:22", "elapsed": 3074.457355, "delta": 19.446689}}
{"target": 0.0029528834648869955, "params": {"0": 1.453232312188641, "1": 0.6207088560089757, "2": 0.8277646742238618, "3": 0.10507026964985, "4": -0.41456193661016494, "5": -0.613073003170979, "6": 0.6872868561560832, "7": 1.852589050487131}, "datetime": {"datetime": "2021-06-29 21:06:37", "elapsed": 3089.904246, "delta": 15.446891}}
{"target": 0.014064446379570278, "params": {"0": 0.3686218873646112, "1": 2.4212029643070654, "2": -0.4024870718943019, "3": 0.9957699851850306, "4": -0.5645849888322498, "5": 1.6488847398902582, "6": -2.421365473080348, "7": 1.0190174620311971}, "datetime": {"datetime": "2021-06-29 21:06:53", "elapsed": 3105.772486, "delta": 15.86824}}
{"target": 0.003283198593605129, "params": {"0": 0.3216690946174774, "1": -2.5973593000352446, "2": 1.44800272040586, "3": -1.69270863009101, "4": -0.8366782085711844, "5": 1.126038425982662, "6": -1.4868040431782144, "7": 0.6662099419326117}, "datetime": {"datetime": "2021-06-29 21:07:05", "elapsed": 3117.944823, "delta": 12.172337}}
{"target": 0.004310398074632373, "params": {"0": -1.429757663030886, "1": -0.1695779949175753, "2": -2.500714982847212, "3": 0.48143564703176134, "4": 0.8542668829603857, "5": -1.9003840724436167, "6": -2.545204167418568, "7": -1.3038953968763767}, "datetime": {"datetime": "2021-06-29 21:07:14", "elapsed": 3127.205644, "delta": 9.260821}}
{"target": 0.0032922872089622113, "params": {"0": 0.614039569390338, "1": -2.9569000376468093, "2": 1.4081705854977224, "3": -1.8330850838191834, "4": 0.44468519076191537, "5": 0.5871883983498805, "6": -2.389403734246188, "7": 1.1677652004828758}, "datetime": {"datetime": "2021-06-29 21:07:28", "elapsed": 3140.657108, "delta": 13.451464}}
{"target": 0.005042471181061988, "params": {"0": 1.1337020626070853, "1": -0.5643874067433403, "2": 1.7787609300566576, "3": 2.4295703617673645, "4": 2.2453168160735704, "5": 2.4457728180006058, "6": -0.3873426823984163, "7": -1.8259924159616074}, "datetime": {"datetime": "2021-06-29 21:07:38", "elapsed": 3150.814777, "delta": 10.157669}}
{"target": 0.003374214684260079, "params": {"0": -1.3151777196360426, "1": -0.7462867652575551, "2": -0.6369004449238682, "3": -2.0859464293519725, "4": 1.9924733501109566, "5": 2.2919001913159605, "6": -2.4853690542563345, "7": 1.8725843398483066}, "datetime": {"datetime": "2021-06-29 21:07:54", "elapsed": 3166.739324, "delta": 15.924547}}
{"target": 0.0034708416524074914, "params": {"0": -2.7423771870609066, "1": 0.9625549129190167, "2": 0.009418644092113126, "3": 1.988667141779234, "4": -2.400778220574823, "5": 2.5437059886155184, "6": -1.9295541374419494, "7": 0.2259800106969263}, "datetime": {"datetime": "2021-06-29 21:08:05", "elapsed": 3177.531287, "delta": 10.791963}}
{"target": 0.006660001294984481, "params": {"0": 1.2349557674034637, "1": 0.40956386159938596, "2": 2.268311880874098, "3": 1.9833777684592677, "4": -1.6196591866197934, "5": 0.9109389471050786, "6": 1.3783198885959305, "7": -2.04421194179789}, "datetime": {"datetime": "2021-06-29 21:08:30", "elapsed": 3202.906908, "delta": 25.375621}}
{"target": 0.0030989837362294906, "params": {"0": 1.830990230068009, "1": -0.5166667014449171, "2": -0.44376606676304586, "3": 0.054151396229007, "4": 0.20895606297643976, "5": 2.2864021304417728, "6": -0.5856364781913648, "7": 1.6320523443043253}, "datetime": {"datetime": "2021-06-29 21:08:38", "elapsed": 3211.119392, "delta": 8.212484}}
{"target": 0.0032139134477040536, "params": {"0": -2.536645076346237, "1": -1.1380855106791974, "2": 0.2352972595211562, "3": 2.7582690513281465, "4": 0.5094039342525156, "5": -2.5656504837729317, "6": 1.5075528318892433, "7": -0.9605736259599409}, "datetime": {"datetime": "2021-06-29 21:09:08", "elapsed": 3241.187416, "delta": 30.068024}}
{"target": 0.4195990358497575, "params": {"0": 1.2318634960640857, "1": 0.4453826645941196, "2": -0.6003159044511217, "3": -0.23092963251953877, "4": -0.478364575512415, "5": -1.5455980678877994, "6": -2.9373220569627834, "7": -0.8263747093141156}, "datetime": {"datetime": "2021-06-29 21:09:52", "elapsed": 3285.120974, "delta": 43.933558}}
{"target": 0.003514644786602886, "params": {"0": -0.3739377400513577, "1": 1.9345276274769816, "2": 2.0077864815821984, "3": 0.4477890116806522, "4": -1.316556589297267, "5": -1.5928833587290658, "6": 0.7952719008290572, "7": 2.079424994917729}, "datetime": {"datetime": "2021-06-29 21:10:07", "elapsed": 3299.829249, "delta": 14.708275}}
{"target": 0.0034177098548738693, "params": {"0": -0.8179434002963926, "1": -0.17230778941309488, "2": -2.289802061303715, "3": -1.2482084715688009, "4": 1.8418515225421226, "5": -1.108621569301634, "6": 0.9176228727560933, "7": -2.0744015615112716}, "datetime": {"datetime": "2021-06-29 21:10:25", "elapsed": 3317.313059, "delta": 17.48381}}
{"target": 0.0037879917590864128, "params": {"0": 2.3282414428403024, "1": -0.3517096076416295, "2": -0.5402612418258625, "3": -2.5226174802958274, "4": -1.4064554242143663, "5": 0.9101912135123378, "6": 1.1912184574795486, "7": -1.7418528059194784}, "datetime": {"datetime": "2021-06-29 21:10:36", "elapsed": 3329.175135, "delta": 11.862076}}
{"target": 0.00444781529375103, "params": {"0": 1.8254929669219244, "1": 0.37952266269538626, "2": -1.3937936211033335, "3": -0.728036621449474, "4": -0.7483883714306181, "5": -2.4045155562887572, "6": -2.2662806035375986, "7": -1.3315079502931144}, "datetime": {"datetime": "2021-06-29 21:10:57", "elapsed": 3349.450368, "delta": 20.275233}}
{"target": 0.006009494641391063, "params": {"0": 1.6942813104268861, "1": 0.2186257062658168, "2": -0.5186713416404123, "3": 0.3655920772637238, "4": 0.19640872793289343, "5": -1.3152264358978032, "6": -2.5810535141692803, "7": -0.35397336861124096}, "datetime": {"datetime": "2021-06-29 21:11:15", "elapsed": 3368.148334, "delta": 18.697966}}
{"target": 0.0031546751404332865, "params": {"0": 0.5096861609212411, "1": -2.257972557324571, "2": 1.421577452879796, "3": -1.9099576171475225, "4": -0.3305099975184964, "5": 1.4359680575212144, "6": -1.8645392343835832, "7": -0.012961063819805219}, "datetime": {"datetime": "2021-06-29 21:11:31", "elapsed": 3383.332386, "delta": 15.184052}}
{"target": 0.0034227090737119726, "params": {"0": -2.758162500507866, "1": 1.6050481579869569, "2": 0.7351962343681899, "3": 2.614958179445366, "4": -0.09508534616791042, "5": -2.881916218061465, "6": -2.5806973482077704, "7": -1.3528734784528345}, "datetime": {"datetime": "2021-06-29 21:11:42", "elapsed": 3394.566824, "delta": 11.234438}}
{"target": 0.004323556032522214, "params": {"0": -0.44483566499937055, "1": 1.9765314079739476, "2": 2.478442149816602, "3": -0.039515972832236734, "4": -1.335058717142393, "5": -0.7675994888145454, "6": 0.8129702927111242, "7": 0.8753261904899432}, "datetime": {"datetime": "2021-06-29 21:12:02", "elapsed": 3414.525687, "delta": 19.958863}}
{"target": 0.003167467534541495, "params": {"0": -1.2135150067465217, "1": -1.2175712218083248, "2": -1.0997570720207548, "3": -2.4994354729038157, "4": 1.432257929025221, "5": 2.5193825089264106, "6": -1.2887489364320386, "7": 2.315215693696323}, "datetime": {"datetime": "2021-06-29 21:12:24", "elapsed": 3436.2881, "delta": 21.762413}}
{"target": 0.003556178655691837, "params": {"0": 0.36936636450054117, "1": -2.796493954408054, "2": 0.5925421443147805, "3": -2.060161664000935, "4": -1.754424973672496, "5": 1.1233572054853305, "6": -2.6572748095274985, "7": 1.1117086944342063}, "datetime": {"datetime": "2021-06-29 21:12:45", "elapsed": 3457.259738, "delta": 20.971638}}
{"target": 0.026459989601687973, "params": {"0": 1.2281477264213132, "1": 0.21765496824145902, "2": -1.16279326241658, "3": 0.4291494625861896, "4": 0.3923234247928722, "5": -1.4353804366520648, "6": -2.8333029922880195, "7": -0.970254928250788}, "datetime": {"datetime": "2021-06-29 21:12:56", "elapsed": 3468.63572, "delta": 11.375982}}
{"target": 0.008175120411416341, "params": {"0": -2.9081652851878363, "1": 0.7676376785971804, "2": -2.528173117552363, "3": 0.9096204228419182, "4": 2.7550522974391685, "5": -2.0755848165779636, "6": 2.5475220365231435, "7": -2.4853652873783503}, "datetime": {"datetime": "2021-06-29 21:13:12", "elapsed": 3485.155287, "delta": 16.519567}}
{"target": 0.004120956549310977, "params": {"0": -1.3115769870672027, "1": -2.681457841811449, "2": -2.3308339584983804, "3": -1.8677936092999576, "4": -1.4765046474106822, "5": -0.9854800661271748, "6": -1.6113964913397307, "7": -0.4524253701950709}, "datetime": {"datetime": "2021-06-29 21:13:25", "elapsed": 3497.257989, "delta": 12.102702}}
{"target": 0.0035700700844698914, "params": {"0": 1.8857808995967718, "1": 0.12281165533396621, "2": -0.5775723132924213, "3": -0.23790551919382796, "4": -0.22905162585696903, "5": -0.5865607127239869, "6": -2.3438601231204053, "7": -1.2990737775259846}, "datetime": {"datetime": "2021-06-29 21:13:38", "elapsed": 3511.086362, "delta": 13.828373}}
{"target": 0.0032221641087562787, "params": {"0": 1.081277159562947, "1": 0.09566590817643572, "2": -0.5446817694945016, "3": -0.25448718509101553, "4": -0.3211960190913894, "5": -2.7423196224359, "6": -2.970927146909851, "7": -0.9059573959255958}, "datetime": {"datetime": "2021-06-29 21:13:55", "elapsed": 3527.464018, "delta": 16.377656}}
{"target": 0.009573137056908399, "params": {"0": 0.6433555305083178, "1": 0.5710319356252418, "2": -1.0974813959504242, "3": 0.8179506202779838, "4": -0.4803888187392751, "5": -1.6871661313922963, "6": -2.437833271959623, "7": -0.41312766618579744}, "datetime": {"datetime": "2021-06-29 21:14:13", "elapsed": 3546.047639, "delta": 18.583621}}
{"target": 0.0035096930302054067, "params": {"0": 1.513876992819644, "1": 0.9957758708303159, "2": -0.3947174079187157, "3": 0.5524382359512847, "4": -0.09562511217118264, "5": -1.2965630791018843, "6": -2.314910492440476, "7": -0.951457003676107}, "datetime": {"datetime": "2021-06-29 21:14:32", "elapsed": 3565.060637, "delta": 19.012998}}
{"target": 0.005043097004072482, "params": {"0": -1.43182350375811, "1": -0.952090348551625, "2": -0.7746018820258183, "3": -2.6904970774553094, "4": 1.2038348711401436, "5": 2.641035261441181, "6": -1.9173125644583424, "7": 2.286672234597578}, "datetime": {"datetime": "2021-06-29 21:14:56", "elapsed": 3588.434365, "delta": 23.373728}}
{"target": 0.0030872660018729037, "params": {"0": -0.14599035795398496, "1": -2.31023203212796, "2": 1.7297306269622617, "3": -1.0157792635769967, "4": -0.30860171404301706, "5": 1.0559458991334, "6": -2.6571990937387575, "7": 0.6519790450529115}, "datetime": {"datetime": "2021-06-29 21:15:20", "elapsed": 3612.955399, "delta": 24.521034}}
{"target": 0.004256459090328878, "params": {"0": 1.3610980084633324, "1": -2.58383055544624, "2": 1.167306923678841, "3": -2.701170960305468, "4": -0.18172072439478226, "5": 1.2462425653625377, "6": -2.630723129207274, "7": -0.38601331069971856}, "datetime": {"datetime": "2021-06-29 21:15:42", "elapsed": 3634.934305, "delta": 21.978906}}
{"target": 0.003076196249627897, "params": {"0": 1.0866114217745588, "1": -0.05700290309739575, "2": -1.740923837649266, "3": -0.2571315889722978, "4": 0.5024737894116953, "5": -1.225733455301815, "6": -2.334399317824143, "7": -1.080854493127953}, "datetime": {"datetime": "2021-06-29 21:16:07", "elapsed": 3660.164615, "delta": 25.23031}}
{"target": 0.004010746592193795, "params": {"0": 2.7717532973627215, "1": -1.4773454142968057, "2": 2.940536260583256, "3": -2.6255518699544034, "4": -1.4300242657590092, "5": -0.5949123891155352, "6": 1.1674381452641098, "7": -2.32247608190349}, "datetime": {"datetime": "2021-06-29 21:16:17", "elapsed": 3670.174663, "delta": 10.010048}}
{"target": 0.003809611773541619, "params": {"0": -2.4470763879851356, "1": -1.1080253201833792, "2": -0.392012416039365, "3": -2.9271210698258088, "4": 1.2696186380945322, "5": 2.515908292965663, "6": -1.4404034103527787, "7": 1.6818353786628952}, "datetime": {"datetime": "2021-06-29 21:16:34", "elapsed": 3686.271673, "delta": 16.09701}}
{"target": 0.006714761149676195, "params": {"0": -0.45456777423060224, "1": -2.378373399420002, "2": -2.133155999457096, "3": -1.3025624460194791, "4": 1.2340915166044937, "5": -1.5124731354984926, "6": 1.4347892647288027, "7": -0.6860624846958157}, "datetime": {"datetime": "2021-06-29 21:16:43", "elapsed": 3695.549179, "delta": 9.277506}}
{"target": 0.0029153670710416507, "params": {"0": 1.3089196098390659, "1": -1.4144176238033535, "2": -2.4247364167613457, "3": -0.4976974263456708, "4": 0.4650512689631716, "5": 2.8152440521691293, "6": -0.6774587717333227, "7": -2.0915239423792578}, "datetime": {"datetime": "2021-06-29 21:16:57", "elapsed": 3709.851841, "delta": 14.302662}}
{"target": 0.003202314041333756, "params": {"0": 0.7639243241107403, "1": -2.383093758638782, "2": 1.1393688095429821, "3": -2.0494528224855975, "4": -1.1119603873964148, "5": 1.652473197708625, "6": -2.623945875446166, "7": 0.9983228483049071}, "datetime": {"datetime": "2021-06-29 21:17:11", "elapsed": 3723.440367, "delta": 13.588526}}
{"target": 0.010741961481117925, "params": {"0": -0.2730055318624549, "1": 2.8745820840441425, "2": -0.5322876000145973, "3": 0.39964974213739834, "4": 1.1675540018857067, "5": -2.298845661603824, "6": -0.8096794533723672, "7": -2.7815981483272294}, "datetime": {"datetime": "2021-06-29 21:17:23", "elapsed": 3735.949829, "delta": 12.509462}}
{"target": 0.004415145215313504, "params": {"0": -2.192683922650441, "1": 0.8547875398392306, "2": -0.5442349242488351, "3": 2.611943757313333, "4": -0.10967385819104347, "5": 0.8943262893347939, "6": -0.9969217876713725, "7": 0.20392865627009904}, "datetime": {"datetime": "2021-06-29 21:17:34", "elapsed": 3746.361474, "delta": 10.411645}}
{"target": 0.030461870532027355, "params": {"0": 2.7223793405076924, "1": -0.7864612982079309, "2": 0.46804835371701214, "3": 2.0973191775105997, "4": -1.4866113407478276, "5": 1.7610745932640732, "6": -1.4702124199329694, "7": -1.7948087894388802}, "datetime": {"datetime": "2021-06-29 21:17:47", "elapsed": 3760.147806, "delta": 13.786332}}
{"target": 0.0030813465715141377, "params": {"0": -2.0402574612491646, "1": 1.432826016644369, "2": -0.10643584024542996, "3": -1.4818526219639756, "4": 0.14043829586499168, "5": -0.7871170820536135, "6": -2.4049599601295704, "7": 2.380844189188136}, "datetime": {"datetime": "2021-06-29 21:17:56", "elapsed": 3769.187697, "delta": 9.039891}}
{"target": 0.008567195191865048, "params": {"0": -0.9885051480514084, "1": 1.0161235755621494, "2": -0.8255329504021565, "3": 0.31809051876236616, "4": -2.278024829765839, "5": 1.6666696897988622, "6": -2.035558210985837, "7": -0.0920460526989828}, "datetime": {"datetime": "2021-06-29 21:18:14", "elapsed": 3787.146449, "delta": 17.958752}}
{"target": 0.0043181131279447366, "params": {"0": 1.3629666723678806, "1": 0.30330900000481087, "2": -0.9338945412529824, "3": -0.9208717216927536, "4": 0.07231770334916066, "5": -1.9403275367362107, "6": -2.786584912628892, "7": 0.1231703879017374}, "datetime": {"datetime": "2021-06-29 21:18:38", "elapsed": 3811.190319, "delta": 24.04387}}
{"target": 0.00620949584867394, "params": {"0": 0.7567170921336457, "1": 0.9424009309536334, "2": 1.494852470430044, "3": 2.064263663967103, "4": -0.8202273611019306, "5": -0.06484433207580764, "6": 2.1173751512082752, "7": -2.33796045085358}, "datetime": {"datetime": "2021-06-29 21:18:48", "elapsed": 3820.965449, "delta": 9.77513}}
{"target": 0.0050605299223365156, "params": {"0": 0.7037197953870695, "1": -2.138558835868213, "2": 0.6605431063980629, "3": -0.9252334039103793, "4": 0.874157219128485, "5": 1.4836177471587852, "6": -2.200229757204493, "7": -0.270837628502147}, "datetime": {"datetime": "2021-06-29 21:19:03", "elapsed": 3835.958623, "delta": 14.993174}}
{"target": 0.0032743167731922504, "params": {"0": -1.955528732088435, "1": 1.6020121595122667, "2": 1.0944963145894775, "3": -1.7264226995387477, "4": 1.179999649882534, "5": -2.577298315427772, "6": -0.0795683325228227, "7": -0.061032353903277325}, "datetime": {"datetime": "2021-06-29 21:19:19", "elapsed": 3851.642713, "delta": 15.68409}}
{"target": 0.004411038745685337, "params": {"0": -0.2086216192074386, "1": 2.1325882320339584, "2": 2.2756913262818603, "3": -0.21370634033842784, "4": -0.17545710064245368, "5": -1.6718694863576529, "6": 0.3251475044363854, "7": 2.4585781106706905}, "datetime": {"datetime": "2021-06-29 21:19:34", "elapsed": 3866.598392, "delta": 14.955679}}
{"target": 0.003224519722258627, "params": {"0": -1.7524635349343538, "1": -0.270404043396252, "2": -0.6372344907302647, "3": -2.7427812812738632, "4": 1.9065639647015615, "5": 2.468918940866839, "6": -1.864863973043912, "7": 1.003774612482121}, "datetime": {"datetime": "2021-06-29 21:19:55", "elapsed": 3887.834676, "delta": 21.236284}}
{"target": 0.003987949347119574, "params": {"0": -0.3214331061364124, "1": 2.378933102050585, "2": 1.9311287499807435, "3": -0.7656043443076914, "4": -1.6816399598817189, "5": -1.413617872337389, "6": 1.0319370830737302, "7": 1.7069550119472767}, "datetime": {"datetime": "2021-06-29 21:20:24", "elapsed": 3916.556488, "delta": 28.721812}}
{"target": 0.003366902540994703, "params": {"0": -2.8178570088835673, "1": 1.243633399276014, "2": 0.4519159053984785, "3": -1.530999207858758, "4": 1.5209546356278656, "5": -2.3236479089562274, "6": -0.025149948833578684, "7": 0.5035317389733547}, "datetime": {"datetime": "2021-06-29 21:20:46", "elapsed": 3938.292247, "delta": 21.735759}}
