{"target": 0.003963302558159071, "params": {"0": 0.24089593777460072, "1": -0.4210859040669921, "2": 1.6907917796290626, "3": -0.9452435595442235, "4": 1.2033957713360284, "5": -0.9382564538888083, "6": -0.985056006003636, "7": 2.529189263522527}, "datetime": {"datetime": "2021-06-30 02:54:02", "elapsed": 24023.468982, "delta": 26.420091}}
{"target": 0.0029979801954397615, "params": {"0": 1.9953552470826823, "1": -0.48217067578498396, "2": 1.7052791788137345, "3": 0.05517687709021857, "4": -0.9654526181646954, "5": 1.6799257182373104, "6": 2.018801355535004, "7": 0.1158498306807374}, "datetime": {"datetime": "2021-06-30 02:54:57", "elapsed": 24078.403305, "delta": 54.934323}}
{"target": 0.0036751470000957872, "params": {"0": -2.177033503635129, "1": -1.9918025331441243, "2": -1.6620335889683835, "3": -1.942631337469823, "4": -1.487459063635442, "5": -2.9935156582974947, "6": 0.21258193170338213, "7": 2.7473792789954663}, "datetime": {"datetime": "2021-06-30 02:55:34", "elapsed": 24114.902652, "delta": 36.499347}}
{"target": 0.002959408987401254, "params": {"0": -0.28353807135430387, "1": -2.8266844680680796, "2": 0.34349518295686243, "3": 2.3064059144775193, "4": 0.9348901056586643, "5": 1.2420976469645346, "6": 1.8649417914045285, "7": 2.679396928517157}, "datetime": {"datetime": "2021-06-30 02:56:02", "elapsed": 24143.423735, "delta": 28.521083}}
{"target": 0.0028957095369892397, "params": {"0": -1.3382980843712342, "1": -2.9394419843434445, "2": 2.9383800460475493, "3": 1.506824981184697, "4": 2.8755284060262394, "5": 2.3536942468284643, "6": -1.364248308574836, "7": -1.8059891805914352}, "datetime": {"datetime": "2021-06-30 02:56:32", "elapsed": 24172.776248, "delta": 29.352513}}
{"target": 0.003075807027846539, "params": {"0": 0.5812014330675765, "1": 2.4450044479616553, "2": 0.13330552895765724, "3": -1.7739493280554974, "4": 0.6875803674790468, "5": 0.3365747288128773, "6": 2.4625445516914084, "7": -0.30248915632818685}, "datetime": {"datetime": "2021-06-30 02:57:02", "elapsed": 24203.014251, "delta": 30.238003}}
{"target": 0.003389897230857186, "params": {"0": 0.8674763224645252, "1": -2.4079461694551965, "2": 2.6011559082032356, "3": -2.399930523071462, "4": 1.1977077061089467, "5": 2.0582118552798017, "6": -0.5133179090125184, "7": -2.290955307492334}, "datetime": {"datetime": "2021-06-30 02:57:44", "elapsed": 24245.220686, "delta": 42.206435}}
{"target": 0.004650426163252348, "params": {"0": 1.268675820865787, "1": -0.6241900705429311, "2": 0.9340627424931767, "3": -0.8485108828468189, "4": 2.2567038713469474, "5": -0.7303264689524207, "6": 2.341614930068392, "7": -1.5330341205715272}, "datetime": {"datetime": "2021-06-30 02:58:46", "elapsed": 24307.206949, "delta": 61.986263}}
{"target": 0.0036661805528867674, "params": {"0": -0.47599406271779543, "1": 2.3889704855555305, "2": -2.135201681380485, "3": -2.560110872400964, "4": -2.2030412584177155, "5": 0.7597064436665719, "6": -2.9564767437620754, "7": 1.3323266892351082}, "datetime": {"datetime": "2021-06-30 02:59:32", "elapsed": 24353.648024, "delta": 46.441075}}
{"target": 0.002981295657577734, "params": {"0": 0.32617717101464594, "1": 1.5181527993569848, "2": 0.36530641462834, "3": -2.416648514309683, "4": 2.573693143046289, "5": 2.793169151346903, "6": -2.3708415469591184, "7": 0.038002926872438}, "datetime": {"datetime": "2021-06-30 02:59:52", "elapsed": 24373.508723, "delta": 19.860699}}
{"target": 0.0031484664242785254, "params": {"0": 2.7766963481434495, "1": 1.0592052398901544, "2": -0.28694226339722384, "3": 0.19155204627743272, "4": 2.252742013316256, "5": -2.6255461674623617, "6": -1.8578787040277103, "7": 0.40368895461735743}, "datetime": {"datetime": "2021-06-30 03:00:33", "elapsed": 24414.155976, "delta": 40.647253}}
{"target": 0.005202956594098012, "params": {"0": 1.155690436253347, "1": -2.435325002141096, "2": 1.5739924334204733, "3": 0.9678885733662921, "4": 1.8118016399239378, "5": 1.1232824512296933, "6": -0.3547983535012582, "7": -0.777530598966341}, "datetime": {"datetime": "2021-06-30 03:01:08", "elapsed": 24449.71871, "delta": 35.562734}}
{"target": 0.0029678520102779226, "params": {"0": 1.516912157020518, "1": 1.8329199567761094, "2": 1.0732743151504502, "3": 0.6629301035255128, "4": 0.22576488881051393, "5": 0.019487998825899133, "6": -1.1491504785141173, "7": 2.8816316332639715}, "datetime": {"datetime": "2021-06-30 03:01:48", "elapsed": 24489.697694, "delta": 39.978984}}
{"target": 0.01472486748360366, "params": {"0": 1.1535705937224243, "1": -1.5955564955665085, "2": 2.991621120635018, "3": -2.7828580385933916, "4": -1.7199066802038918, "5": -2.6345422566996985, "6": -0.24482608526567917, "7": -2.5968809611033707}, "datetime": {"datetime": "2021-06-30 03:02:41", "elapsed": 24541.782297, "delta": 52.084603}}
{"target": 0.002945976347241336, "params": {"0": -2.8427824986405996, "1": 0.25124371041520766, "2": -2.966771774622649, "3": -0.7612224199250486, "4": -1.7455874437788668, "5": 2.793282098780521, "6": 2.5993152267841193, "7": 0.7572402099254512}, "datetime": {"datetime": "2021-06-30 03:03:02", "elapsed": 24563.409806, "delta": 21.627509}}
{"target": 0.0040654105298122325, "params": {"0": 2.4279304342609755, "1": -2.1891630783113794, "2": 1.316573395226139, "3": 2.7026079933863096, "4": 1.068002848066456, "5": 2.1226941684015594, "6": 2.6130409481925643, "7": 2.513370532954861}, "datetime": {"datetime": "2021-06-30 03:03:27", "elapsed": 24588.23177, "delta": 24.821964}}
{"target": 0.003479076625176732, "params": {"0": 2.9207351326246016, "1": 2.5138998685334517, "2": 2.60350930139536, "3": 2.974717888870134, "4": -0.43682373177824196, "5": -2.2211024742597036, "6": 2.773398242321699, "7": 0.6246350383060326}, "datetime": {"datetime": "2021-06-30 03:03:55", "elapsed": 24616.706524, "delta": 28.474754}}
{"target": 0.013800506482908478, "params": {"0": -1.5412684144455175, "1": -0.8715890581180155, "2": -2.619705141175297, "3": -1.2389454463415248, "4": -0.5198415718245544, "5": -0.31941274538536746, "6": 2.583849359792132, "7": 2.060314840608651}, "datetime": {"datetime": "2021-06-30 03:04:29", "elapsed": 24650.486588, "delta": 33.780064}}
{"target": 0.004928488571805034, "params": {"0": -0.01728237471997396, "1": -2.3156294496017154, "2": -2.204248994509001, "3": -0.12692220011162014, "4": -2.3835548314286714, "5": 1.176924127730624, "6": -2.3358869778065694, "7": -1.2038789714343845}, "datetime": {"datetime": "2021-06-30 03:05:24", "elapsed": 24705.111767, "delta": 54.625179}}
{"target": 0.005361689274305744, "params": {"0": -1.6443399433296253, "1": 0.5764555736938304, "2": -0.3881832393596456, "3": -0.3676490839039208, "4": 0.5991718013883753, "5": 2.65023769068023, "6": 1.5110472142200706, "7": -0.39254807340333997}, "datetime": {"datetime": "2021-06-30 03:06:14", "elapsed": 24755.476671, "delta": 50.364904}}
{"target": 0.006737719781997087, "params": {"0": -1.148476383089289, "1": -0.06653109273409274, "2": 0.1802257837100245, "3": 0.0081547699835669, "4": -0.1722239895800448, "5": 2.156678288555561, "6": 0.13017329839619096, "7": 2.528263441631853}, "datetime": {"datetime": "2021-06-30 03:06:43", "elapsed": 24784.061088, "delta": 28.584417}}
{"target": 0.01930888337852989, "params": {"0": 1.1828758012077145, "1": -2.7799979616580837, "2": -1.1656704775193747, "3": -1.1146170290384658, "4": -0.7832507908363917, "5": 1.1781728311516622, "6": 0.11105321594662643, "7": -1.3402187088730984}, "datetime": {"datetime": "2021-06-30 03:07:41", "elapsed": 24842.249669, "delta": 58.188581}}
{"target": 0.003842881442931105, "params": {"0": -2.5904535025999142, "1": 1.5589152061679794, "2": 2.948007556234093, "3": -1.7899870212887403, "4": -0.24723417645711843, "5": 2.8100461483113675, "6": -0.8481674690388799, "7": 2.796927149204371}, "datetime": {"datetime": "2021-06-30 03:08:25", "elapsed": 24886.083865, "delta": 43.834196}}
{"target": 0.0037896687907941757, "params": {"0": -2.095484579403622, "1": -0.13515654841138147, "2": -1.7706938235774188, "3": -2.3444765391991274, "4": 0.9652697286147589, "5": 2.1206008456074663, "6": -2.2085147986801417, "7": 1.7679817174773351}, "datetime": {"datetime": "2021-06-30 03:09:30", "elapsed": 24951.601836, "delta": 65.517971}}
{"target": 0.1433387090922543, "params": {"0": 2.209017409582433, "1": -0.8074919979198625, "2": 2.134409658510397, "3": -2.18452831941301, "4": -0.8781859004474604, "5": -0.8413930287456748, "6": 2.2932509109957593, "7": -1.2666277130409478}, "datetime": {"datetime": "2021-06-30 03:10:26", "elapsed": 25006.884619, "delta": 55.282783}}
{"target": 0.005873538898059025, "params": {"0": 1.1642165770299915, "1": 1.0346378458124725, "2": 1.9712582635412632, "3": -0.32551582410662583, "4": -1.0614996347287937, "5": -1.3436554778609844, "6": 0.02362999426709811, "7": 1.1868049251602635}, "datetime": {"datetime": "2021-06-30 03:11:14", "elapsed": 25054.840692, "delta": 47.956073}}
{"target": 0.0028673778666410705, "params": {"0": 0.15288823281295816, "1": 1.633358149329787, "2": -2.795163663796572, "3": 0.1450904456969253, "4": 2.7754348731107417, "5": 1.663902249148169, "6": -1.3774085423994606, "7": 1.1215869315680136}, "datetime": {"datetime": "2021-06-30 03:11:47", "elapsed": 25087.913816, "delta": 33.073124}}
{"target": 0.017039381890555233, "params": {"0": -0.4731321730226501, "1": 1.6550747550783944, "2": 0.32166616905472933, "3": 0.9277509522548177, "4": -2.6205093104413337, "5": -1.5883111030674604, "6": 2.4043593155819574, "7": -2.337467670105796}, "datetime": {"datetime": "2021-06-30 03:12:13", "elapsed": 25113.83829, "delta": 25.924474}}
{"target": 0.004197395752483539, "params": {"0": 1.1210014611043793, "1": -0.19792472164735742, "2": 2.6529595657874427, "3": -2.4843155780016395, "4": -1.785412768430732, "5": -2.077708179868604, "6": 0.039662233257385715, "7": -1.6973055004968622}, "datetime": {"datetime": "2021-06-30 03:12:56", "elapsed": 25157.681449, "delta": 43.843159}}
{"target": 0.0034795632531649315, "params": {"0": -0.4373264466472273, "1": 1.9832823582256722, "2": 2.5337681566281622, "3": -1.2475807907412075, "4": -1.432216226365147, "5": -2.20757287744817, "6": 0.14498662689453035, "7": 1.6519153862585974}, "datetime": {"datetime": "2021-06-30 03:13:54", "elapsed": 25215.117486, "delta": 57.436037}}
{"target": 0.0033772240926224955, "params": {"0": -0.39079416696807145, "1": -0.5464831914476775, "2": -0.3077854075910871, "3": 0.20915556462822948, "4": 0.12229084260351719, "5": -2.662655512283077, "6": -0.5581539567526796, "7": -0.5491844517555524}, "datetime": {"datetime": "2021-06-30 03:14:26", "elapsed": 25247.017426, "delta": 31.89994}}
{"target": 0.002949213808710256, "params": {"0": -2.1498484637690396, "1": 2.7774549320647086, "2": -1.5630979103815255, "3": 1.6761809640518486, "4": 0.43050825147169736, "5": 1.739000909293031, "6": 1.3862742377740478, "7": 2.7840758061247044}, "datetime": {"datetime": "2021-06-30 03:15:07", "elapsed": 25288.298389, "delta": 41.280963}}
{"target": 0.0030923064577666193, "params": {"0": -1.485746788674639, "1": 2.19870862061497, "2": 1.3766004413905257, "3": -1.3948417008644378, "4": -2.1347966521797024, "5": -1.4817139046138097, "6": 1.765057002885749, "7": -0.025898044907740392}, "datetime": {"datetime": "2021-06-30 03:15:58", "elapsed": 25338.779123, "delta": 50.480734}}
{"target": 0.0032720033889898333, "params": {"0": 1.6852017044385743, "1": -0.9720906998641454, "2": 1.609200572218449, "3": -1.8433579307619503, "4": 1.0790394675711044, "5": 0.458300912260877, "6": -1.5625942306561877, "7": 1.3219148296863894}, "datetime": {"datetime": "2021-06-30 03:16:39", "elapsed": 25380.643481, "delta": 41.864358}}
{"target": 0.003693616148992957, "params": {"0": -1.037318159623729, "1": 0.3965358497219067, "2": 1.4783026467990217, "3": -2.085259177315799, "4": -0.37864877111285855, "5": 1.0053710670997944, "6": -0.07999375826948363, "7": -0.24466824972595447}, "datetime": {"datetime": "2021-06-30 03:17:09", "elapsed": 25410.543444, "delta": 29.899963}}
{"target": 0.0031465284394100856, "params": {"0": -0.01103658909029459, "1": -2.922613287083424, "2": -1.5451189013921418, "3": -0.7853945469925669, "4": -1.0408849059449774, "5": -0.9493671689730143, "6": 1.4772258068781348, "7": 0.8794738920002505}, "datetime": {"datetime": "2021-06-30 03:17:47", "elapsed": 25448.588399, "delta": 38.044955}}
{"target": 0.0032894600422598277, "params": {"0": 0.8758688980946765, "1": -2.331740695337115, "2": 0.10914040873970521, "3": -2.7469038950944986, "4": -1.883578230880047, "5": -2.182018427237897, "6": -0.6248158827041523, "7": 1.5506601930295032}, "datetime": {"datetime": "2021-06-30 03:18:54", "elapsed": 25515.441833, "delta": 66.853434}}
{"target": 0.013927965195406513, "params": {"0": 2.6890934047744306, "1": -0.4508055586504023, "2": -2.9708595490202097, "3": 1.0723043292813506, "4": 1.4365627546492385, "5": 1.0324289013855719, "6": 0.7261264071594424, "7": 0.01896657009973124}, "datetime": {"datetime": "2021-06-30 03:19:46", "elapsed": 25567.629457, "delta": 52.187624}}
{"target": 0.00965718995921054, "params": {"0": 0.5153552181262437, "1": 2.251338372261424, "2": 0.8210315148592162, "3": -0.6400108256298327, "4": -1.3297513240328531, "5": 0.22809018564956762, "6": -0.7384114489620668, "7": -0.7287488689889869}, "datetime": {"datetime": "2021-06-30 03:20:14", "elapsed": 25594.866755, "delta": 27.237298}}
{"target": 0.0035327547312682915, "params": {"0": -2.299631074277307, "1": -2.0575122592818382, "2": -1.58208654463511, "3": 2.576495094566136, "4": -1.547542528664325, "5": -0.6797027387862951, "6": 1.052893853721086, "7": -2.3658707886673978}, "datetime": {"datetime": "2021-06-30 03:20:53", "elapsed": 25634.149705, "delta": 39.28295}}
{"target": 0.0029438792820758405, "params": {"0": 1.590177718833103, "1": -0.1576265675058086, "2": -0.7027675043240755, "3": 1.4898644036299151, "4": 1.858931585689918, "5": 1.8357115556149974, "6": -1.9304350485312258, "7": 2.6310331439894146}, "datetime": {"datetime": "2021-06-30 03:21:27", "elapsed": 25668.702493, "delta": 34.552788}}
{"target": 0.014114741141913231, "params": {"0": -2.778116618679369, "1": -1.031874454665224, "2": 1.4015129153658954, "3": -1.5360583877078793, "4": -1.794106228210391, "5": 1.3606534110036836, "6": -1.1084092448875433, "7": -2.746118741320699}, "datetime": {"datetime": "2021-06-30 03:22:03", "elapsed": 25704.414224, "delta": 35.711731}}
{"target": 0.003596173023556767, "params": {"0": 0.315100411485818, "1": -0.5046014473850304, "2": -0.5177399501536675, "3": -0.78625282911907, "4": -2.007342356852777, "5": -2.7392974658369775, "6": -2.803436199679691, "7": 1.8957157237713824}, "datetime": {"datetime": "2021-06-30 03:22:33", "elapsed": 25734.704517, "delta": 30.290293}}
{"target": 0.0030038208278079, "params": {"0": -2.7168841767036533, "1": -0.572601512812287, "2": 0.33688649148981975, "3": -0.5677274720834804, "4": 1.194144348276307, "5": 2.4395393632932834, "6": -1.8773604314100745, "7": 0.9687509192776993}, "datetime": {"datetime": "2021-06-30 03:23:10", "elapsed": 25770.850659, "delta": 36.146142}}
{"target": 0.003061425593732217, "params": {"0": -1.8131477017370585, "1": 1.2383578353072595, "2": -1.6742495382446951, "3": -0.7350823273652827, "4": -1.3995783055717346, "5": 2.4059476428510678, "6": 0.315661449488827, "7": 0.3458208852085809}, "datetime": {"datetime": "2021-06-30 03:23:49", "elapsed": 25810.183328, "delta": 39.332669}}
{"target": 0.012376210061007214, "params": {"0": 0.8272549121651318, "1": 1.7405239158928545, "2": -1.3104813495771328, "3": -2.0422022535102813, "4": 0.010939627964102971, "5": -0.4899077600538213, "6": 2.7613581567025616, "7": 0.23214536899669858}, "datetime": {"datetime": "2021-06-30 03:24:42", "elapsed": 25863.078404, "delta": 52.895076}}
{"target": 0.004073390483926303, "params": {"0": 1.6088918028388326, "1": 2.2934715969079527, "2": 0.33993263221111647, "3": -2.163736945718539, "4": 1.9636992342961008, "5": 1.3181914852286516, "6": -1.165083042261279, "7": 0.38515990265419475}, "datetime": {"datetime": "2021-06-30 03:25:21", "elapsed": 25901.888245, "delta": 38.809841}}
{"target": 0.0033377199862990375, "params": {"0": -2.252185426891619, "1": -0.6829047841368188, "2": -2.7046919456496146, "3": -2.14183269895167, "4": -2.0194525504986585, "5": -2.2020116966666894, "6": -0.11350840673056162, "7": 2.3659911924620562}, "datetime": {"datetime": "2021-06-30 03:26:25", "elapsed": 25966.250303, "delta": 64.362058}}
{"target": 0.003282593482554919, "params": {"0": 1.3275478284924134, "1": -0.24999038378087945, "2": -2.824459322222475, "3": 0.40565773972560804, "4": 2.3951590542514953, "5": 0.5596691824748588, "6": -2.344161863983765, "7": -2.2104398239450247}, "datetime": {"datetime": "2021-06-30 03:26:55", "elapsed": 25996.433846, "delta": 30.183543}}
{"target": 0.009951327649008707, "params": {"0": -2.0302781691110416, "1": 0.020347417734230433, "2": -2.025074708564225, "3": -1.2876804159330786, "4": 0.5084077139064149, "5": -2.383328706551188, "6": -2.997180241464638, "7": -1.8108094349172492}, "datetime": {"datetime": "2021-06-30 03:27:20", "elapsed": 26021.405857, "delta": 24.972011}}
{"target": 0.0030364693566883746, "params": {"0": 0.9356460605678176, "1": -2.0518686671607123, "2": -1.4926048093423305, "3": -0.7119021265776428, "4": 1.9389279325223256, "5": 1.3791721916979744, "6": 1.7622940042962991, "7": 1.9721721220056256}, "datetime": {"datetime": "2021-06-30 03:27:55", "elapsed": 26055.889234, "delta": 34.483377}}
{"target": 0.0029380445004530812, "params": {"0": 0.34981335691859883, "1": -0.9156734027484275, "2": 0.5650466343491143, "3": 1.2324785954041122, "4": 2.3322648670049144, "5": 2.379525460404591, "6": 2.5740174202647808, "7": -2.9427012071938345}, "datetime": {"datetime": "2021-06-30 03:28:39", "elapsed": 26100.013865, "delta": 44.124631}}
{"target": 0.0048817211190340885, "params": {"0": 2.3813419695288873, "1": -0.41425775674834053, "2": 1.8641920223289823, "3": -2.3407774051039363, "4": -1.2229519151899595, "5": -0.7392246787644972, "6": 2.100430227303174, "7": -1.4969787518445412}, "datetime": {"datetime": "2021-06-30 03:29:42", "elapsed": 26163.103345, "delta": 63.08948}}
{"target": 0.003088038372322453, "params": {"0": 1.364372664481495, "1": 2.570013547633895, "2": 2.2551423443181857, "3": -0.9650124816301897, "4": -1.976066986513808, "5": 0.14074577932971266, "6": 2.2877000756667467, "7": 1.1464627905774645}, "datetime": {"datetime": "2021-06-30 03:30:25", "elapsed": 26205.848149, "delta": 42.744804}}
{"target": 0.003672658775234453, "params": {"0": -0.7595000458719086, "1": 1.589281646531072, "2": 1.6029928073183575, "3": -0.2637193294421105, "4": -0.999443501828861, "5": -1.5474266441413107, "6": 1.1820519168528225, "7": 1.4635615795426364}, "datetime": {"datetime": "2021-06-30 03:32:07", "elapsed": 26308.376752, "delta": 102.528603}}
{"target": 0.0033319516515246017, "params": {"0": 0.0753395808877464, "1": 0.7945552373054894, "2": -0.6005741929840496, "3": 2.563272524786586, "4": 2.6332249366724962, "5": 1.7054625413134037, "6": 1.2711090967403997, "7": 0.28381313836566413}, "datetime": {"datetime": "2021-06-30 03:32:51", "elapsed": 26352.118033, "delta": 43.741281}}
{"target": 0.0028697691435221073, "params": {"0": -2.966155626666662, "1": 2.8397249919462064, "2": 2.7715597408635535, "3": -1.2773003263895852, "4": 0.23781119865848854, "5": 0.33208505515412945, "6": 2.519207795686407, "7": 2.168181634557717}, "datetime": {"datetime": "2021-06-30 03:33:27", "elapsed": 26388.555245, "delta": 36.437212}}
{"target": 0.03004811105156095, "params": {"0": -1.2337896558375734, "1": -1.310607356394924, "2": -2.9396959220763543, "3": 0.3021761116973263, "4": -2.8073676352028802, "5": -1.2827476570717415, "6": -1.0009785333675068, "7": -2.4601204065256423}, "datetime": {"datetime": "2021-06-30 03:34:12", "elapsed": 26432.91929, "delta": 44.364045}}
{"target": 0.0036590235560008, "params": {"0": 2.714174958143289, "1": -0.18486065198866175, "2": -0.42903628945102046, "3": -2.526004037170454, "4": 2.8871655635621556, "5": -0.5398502600938659, "6": 0.9598290271669399, "7": 0.8325152794262305}, "datetime": {"datetime": "2021-06-30 03:34:50", "elapsed": 26471.671132, "delta": 38.751842}}
{"target": 0.0031850899237416993, "params": {"0": -2.0252680617124446, "1": 2.3612629737888664, "2": 2.187980316003844, "3": 2.057511303007594, "4": 1.6754623191139135, "5": 1.8268157219422037, "6": 2.57138250267782, "7": 2.428775546688313}, "datetime": {"datetime": "2021-06-30 03:35:23", "elapsed": 26504.684334, "delta": 33.013202}}
{"target": 0.003535538485275722, "params": {"0": -0.8770517662159878, "1": -1.7547174625759432, "2": -2.0088414896911564, "3": -1.2842473121341909, "4": 0.5902391160064036, "5": 2.2829476382420726, "6": -0.6419196556112858, "7": -2.4171361691462256}, "datetime": {"datetime": "2021-06-30 03:36:08", "elapsed": 26549.638437, "delta": 44.954103}}
{"target": 0.003481849566055266, "params": {"0": 1.6875683867714821, "1": -1.0259694661286223, "2": 2.6538958947470634, "3": -2.230866847556243, "4": -2.350254832193582, "5": -2.5722934418375947, "6": 0.9075560131725355, "7": -2.543737085725681}, "datetime": {"datetime": "2021-06-30 03:37:12", "elapsed": 26612.807977, "delta": 63.16954}}
{"target": 0.003659392993064473, "params": {"0": 0.9882825195135747, "1": 0.6895771049318276, "2": -0.48956301597697927, "3": 0.121358035788389, "4": -0.10661316481145189, "5": -0.7528199632719934, "6": -1.423555847312088, "7": -1.8346028527640947}, "datetime": {"datetime": "2021-06-30 03:38:26", "elapsed": 26687.099871, "delta": 74.291894}}
{"target": 0.0032362650166828442, "params": {"0": -2.824156032323759, "1": 0.9363917862280755, "2": 1.3351614197561448, "3": -2.516787985352856, "4": 0.7010002257075998, "5": -0.16780742674393867, "6": 0.005649273285291301, "7": -2.8444668580434986}, "datetime": {"datetime": "2021-06-30 03:40:07", "elapsed": 26787.802481, "delta": 100.70261}}
