{"target": 0.00390278110837382, "params": {"0": 0.24089593777460072, "1": -0.4210859040669921, "2": 1.6907917796290626, "3": -0.9452435595442235, "4": 1.2033957713360284, "5": -0.9382564538888083, "6": -0.985056006003636, "7": 2.529189263522527}, "datetime": {"datetime": "2021-06-30 01:48:11", "elapsed": 20071.485903, "delta": 30.600727}}
{"target": 0.0030345432406901065, "params": {"0": 1.9953552470826823, "1": -0.48217067578498396, "2": 1.7052791788137345, "3": 0.05517687709021857, "4": -0.9654526181646954, "5": 1.6799257182373104, "6": 2.018801355535004, "7": 0.1158498306807374}, "datetime": {"datetime": "2021-06-30 01:48:53", "elapsed": 20113.457466, "delta": 41.971563}}
{"target": 0.00439494603819784, "params": {"0": -2.0818549636284756, "1": 0.7635893846193804, "2": -1.853946926874673, "3": 2.0779334918004704, "4": 0.07099500924756974, "5": 0.08071540329691018, "6": -2.7651743697967666, "7": 1.9526596849008824}, "datetime": {"datetime": "2021-06-30 01:49:28", "elapsed": 20148.113965, "delta": 34.656499}}
{"target": 0.002960764148814191, "params": {"0": -0.28353807135430387, "1": -2.8266844680680796, "2": 0.34349518295686243, "3": 2.3064059144775193, "4": 0.9348901056586643, "5": 1.2420976469645346, "6": 1.8649417914045285, "7": 2.679396928517157}, "datetime": {"datetime": "2021-06-30 01:50:09", "elapsed": 20189.175081, "delta": 41.061116}}
{"target": 0.002866889747684665, "params": {"0": -1.3382980843712342, "1": -2.9394419843434445, "2": 2.9383800460475493, "3": 1.506824981184697, "4": 2.8755284060262394, "5": 2.3536942468284643, "6": -1.364248308574836, "7": -1.8059891805914352}, "datetime": {"datetime": "2021-06-30 01:50:44", "elapsed": 20223.846867, "delta": 34.671786}}
{"target": 0.0030510883903766993, "params": {"0": 0.5812014330675765, "1": 2.4450044479616553, "2": 0.13330552895765724, "3": -1.7739493280554974, "4": 0.6875803674790468, "5": 0.3365747288128773, "6": 2.4625445516914084, "7": -0.30248915632818685}, "datetime": {"datetime": "2021-06-30 01:51:30", "elapsed": 20270.517169, "delta": 46.670302}}
{"target": 0.003893023257001938, "params": {"0": 0.8674763224645252, "1": -2.4079461694551965, "2": 2.6011559082032356, "3": -2.399930523071462, "4": 1.1977077061089467, "5": 2.0582118552798017, "6": -0.5133179090125184, "7": -2.290955307492334}, "datetime": {"datetime": "2021-06-30 01:52:05", "elapsed": 20305.275332, "delta": 34.758163}}
{"target": 0.03851422383457565, "params": {"0": 2.479892328873289, "1": -0.24194213519596497, "2": 1.7435653348512599, "3": 1.6935656561987127, "4": -2.9296844794826957, "5": -1.377985168229607, "6": 2.225882298063061, "7": 2.825595598582958}, "datetime": {"datetime": "2021-06-30 01:52:32", "elapsed": 20332.604897, "delta": 27.329565}}
{"target": 0.003657166409083654, "params": {"0": 2.7032628646137864, "1": 2.0697665714447586, "2": -0.2975730281315445, "3": -1.1826851577755781, "4": -2.5412940190082534, "5": -2.053603000725836, "6": -0.29733633603165943, "7": -2.8019527856281643}, "datetime": {"datetime": "2021-06-30 01:53:06", "elapsed": 20366.213851, "delta": 33.608954}}
{"target": 0.002951819249102713, "params": {"0": 0.32617717101464594, "1": 1.5181527993569848, "2": 0.36530641462834, "3": -2.416648514309683, "4": 2.573693143046289, "5": 2.793169151346903, "6": -2.3708415469591184, "7": 0.038002926872438}, "datetime": {"datetime": "2021-06-30 01:53:47", "elapsed": 20407.723367, "delta": 41.509516}}
{"target": 0.0034151494451823416, "params": {"0": 2.7766963481434495, "1": 1.0592052398901544, "2": -0.28694226339722384, "3": 0.19155204627743272, "4": 2.252742013316256, "5": -2.6255461674623617, "6": -1.8578787040277103, "7": 0.40368895461735743}, "datetime": {"datetime": "2021-06-30 01:54:40", "elapsed": 20460.49555, "delta": 52.772183}}
{"target": 0.005177943911966945, "params": {"0": 1.155690436253347, "1": -2.435325002141096, "2": 1.5739924334204733, "3": 0.9678885733662921, "4": 1.8118016399239378, "5": 1.1232824512296933, "6": -0.3547983535012582, "7": -0.777530598966341}, "datetime": {"datetime": "2021-06-30 01:55:52", "elapsed": 20532.660696, "delta": 72.165146}}
{"target": 0.002934277878399386, "params": {"0": 1.516912157020518, "1": 1.8329199567761094, "2": 1.0732743151504502, "3": 0.6629301035255128, "4": 0.22576488881051393, "5": 0.019487998825899133, "6": -1.1491504785141173, "7": 2.8816316332639715}, "datetime": {"datetime": "2021-06-30 01:57:04", "elapsed": 20604.615151, "delta": 71.954455}}
{"target": 0.005883365460335418, "params": {"0": -1.7455535271047335, "1": -0.8724550677875245, "2": 0.8779009540774734, "3": 1.877796600908873, "4": 2.732673857701669, "5": 2.8453039841969128, "6": -2.3798584572474546, "7": -1.8189816373495347}, "datetime": {"datetime": "2021-06-30 01:57:31", "elapsed": 20631.496217, "delta": 26.881066}}
{"target": 0.0029178235804144977, "params": {"0": -2.8427824986405996, "1": 0.25124371041520766, "2": -2.966771774622649, "3": -0.7612224199250486, "4": -1.7455874437788668, "5": 2.793282098780521, "6": 2.5993152267841193, "7": 0.7572402099254512}, "datetime": {"datetime": "2021-06-30 01:58:10", "elapsed": 20670.59671, "delta": 39.100493}}
{"target": 0.004053342395499545, "params": {"0": 2.4279304342609755, "1": -2.1891630783113794, "2": 1.316573395226139, "3": 2.7026079933863096, "4": 1.068002848066456, "5": 2.1226941684015594, "6": 2.6130409481925643, "7": 2.513370532954861}, "datetime": {"datetime": "2021-06-30 01:58:41", "elapsed": 20700.856074, "delta": 30.259364}}
{"target": 0.004494148111206166, "params": {"0": 2.9207351326246016, "1": 2.5138998685334517, "2": 2.60350930139536, "3": 2.974717888870134, "4": -0.43682373177824196, "5": -2.2211024742597036, "6": 2.773398242321699, "7": 0.6246350383060326}, "datetime": {"datetime": "2021-06-30 01:59:13", "elapsed": 20733.395108, "delta": 32.539034}}
{"target": 0.013778966878717703, "params": {"0": -1.5412684144455175, "1": -0.8715890581180155, "2": -2.619705141175297, "3": -1.2389454463415248, "4": -0.5198415718245544, "5": -0.31941274538536746, "6": 2.583849359792132, "7": 2.060314840608651}, "datetime": {"datetime": "2021-06-30 01:59:56", "elapsed": 20776.559865, "delta": 43.164757}}
{"target": 0.0029715847493323503, "params": {"0": 2.5771768893181513, "1": 1.3615736532215, "2": 1.89683998666015, "3": 2.728675604252193, "4": 0.048823785789644525, "5": -0.9803947534197923, "6": 1.6826550829513405, "7": 0.500892602999846}, "datetime": {"datetime": "2021-06-30 02:00:49", "elapsed": 20828.840402, "delta": 52.280537}}
{"target": 0.005259707305449618, "params": {"0": -1.6443399433296253, "1": 0.5764555736938304, "2": -0.3881832393596456, "3": -0.3676490839039208, "4": 0.5991718013883753, "5": 2.65023769068023, "6": 1.5110472142200706, "7": -0.39254807340333997}, "datetime": {"datetime": "2021-06-30 02:01:41", "elapsed": 20881.441416, "delta": 52.601014}}
{"target": 0.007954875073666389, "params": {"0": -1.148476383089289, "1": -0.06653109273409274, "2": 0.1802257837100245, "3": 0.0081547699835669, "4": -0.1722239895800448, "5": 2.156678288555561, "6": 0.13017329839619096, "7": 2.528263441631853}, "datetime": {"datetime": "2021-06-30 02:02:16", "elapsed": 20916.675461, "delta": 35.234045}}
{"target": 0.003801722857421665, "params": {"0": -0.2442251697363509, "1": -2.186041928766298, "2": 1.285678498967644, "3": -0.8041222516334425, "4": 2.602557871462441, "5": 1.5815556178055923, "6": -0.16452031541919077, "7": -2.0648812181351084}, "datetime": {"datetime": "2021-06-30 02:03:02", "elapsed": 20962.005861, "delta": 45.3304}}
{"target": 0.0037685285876515985, "params": {"0": -2.5904535025999142, "1": 1.5589152061679794, "2": 2.948007556234093, "3": -1.7899870212887403, "4": -0.24723417645711843, "5": 2.8100461483113675, "6": -0.8481674690388799, "7": 2.796927149204371}, "datetime": {"datetime": "2021-06-30 02:03:50", "elapsed": 21010.18264, "delta": 48.176779}}
{"target": 0.003598015798110088, "params": {"0": 1.7179609144409893, "1": 0.7167029636964619, "2": 2.0902582443812747, "3": -0.13081284408372218, "4": 1.1847940820344762, "5": -0.34302336870347094, "6": -0.1842874145909068, "7": -2.2983717124511593}, "datetime": {"datetime": "2021-06-30 02:05:01", "elapsed": 21081.420284, "delta": 71.237644}}
{"target": 0.0031865836136342795, "params": {"0": 1.229544563904633, "1": -2.322731902466637, "2": -0.24609682078964745, "3": 0.8860559580694498, "4": 0.9055640768223308, "5": 2.9705864777766777, "6": 2.431309088014479, "7": -1.2501588575258813}, "datetime": {"datetime": "2021-06-30 02:05:45", "elapsed": 21125.691026, "delta": 44.270742}}
{"target": 0.002962289149784021, "params": {"0": -0.22456696105858187, "1": 1.7282083931303296, "2": 0.155981769432322, "3": 2.14249999157564, "4": 2.7410291172560095, "5": -0.41750135328520654, "6": -0.11554265633248395, "7": 0.660279444847423}, "datetime": {"datetime": "2021-06-30 02:06:36", "elapsed": 21176.773426, "delta": 51.0824}}
{"target": 0.002840481853990593, "params": {"0": 0.15288823281295816, "1": 1.633358149329787, "2": -2.795163663796572, "3": 0.1450904456969253, "4": 2.7754348731107417, "5": 1.663902249148169, "6": -1.3774085423994606, "7": 1.1215869315680136}, "datetime": {"datetime": "2021-06-30 02:07:46", "elapsed": 21246.342919, "delta": 69.569493}}
{"target": 0.007123825423548333, "params": {"0": -0.4731321730226501, "1": 1.6550747550783944, "2": 0.32166616905472933, "3": 0.9277509522548177, "4": -2.6205093104413337, "5": -1.5883111030674604, "6": 2.4043593155819574, "7": -2.337467670105796}, "datetime": {"datetime": "2021-06-30 02:08:55", "elapsed": 21315.280385, "delta": 68.937466}}
{"target": 0.004478287886211589, "params": {"0": -1.8983204164464589, "1": 2.2502930017205127, "2": -1.2517678157110728, "3": 1.0367705949330537, "4": -1.692697135329462, "5": 0.30499769629587625, "6": 2.0399668917590734, "7": 0.7134719251559818}, "datetime": {"datetime": "2021-06-30 02:09:42", "elapsed": 21361.879876, "delta": 46.599491}}
{"target": 0.003345442314036419, "params": {"0": 0.6275522158573295, "1": -1.7820419290576475, "2": 0.07490615787493438, "3": 1.3067346785560252, "4": 2.555655551853067, "5": 2.2398723066095547, "6": 1.1608287891423803, "7": -2.7280731003420193}, "datetime": {"datetime": "2021-06-30 02:10:32", "elapsed": 21411.823641, "delta": 49.943765}}
{"target": 0.006059326075825448, "params": {"0": -0.39079416696807145, "1": -0.5464831914476775, "2": -0.3077854075910871, "3": 0.20915556462822948, "4": 0.12229084260351719, "5": -2.662655512283077, "6": -0.5581539567526796, "7": -0.5491844517555524}, "datetime": {"datetime": "2021-06-30 02:11:06", "elapsed": 21445.941366, "delta": 34.117725}}
{"target": 0.002904400868315588, "params": {"0": -2.1498484637690396, "1": 2.7774549320647086, "2": -1.5630979103815255, "3": 1.6761809640518486, "4": 0.43050825147169736, "5": 1.739000909293031, "6": 1.3862742377740478, "7": 2.7840758061247044}, "datetime": {"datetime": "2021-06-30 02:11:59", "elapsed": 21499.548218, "delta": 53.606852}}
{"target": 0.0030451234993124684, "params": {"0": -1.485746788674639, "1": 2.19870862061497, "2": 1.3766004413905257, "3": -1.3948417008644378, "4": -2.1347966521797024, "5": -1.4817139046138097, "6": 1.765057002885749, "7": -0.025898044907740392}, "datetime": {"datetime": "2021-06-30 02:12:49", "elapsed": 21549.209331, "delta": 49.661113}}
{"target": 0.0033948009256107837, "params": {"0": 1.6852017044385743, "1": -0.9720906998641454, "2": 1.609200572218449, "3": -1.8433579307619503, "4": 1.0790394675711044, "5": 0.458300912260877, "6": -1.5625942306561877, "7": 1.3219148296863894}, "datetime": {"datetime": "2021-06-30 02:13:42", "elapsed": 21602.651962, "delta": 53.442631}}
{"target": 0.0032015030764428174, "params": {"0": -1.037318159623729, "1": 0.3965358497219067, "2": 1.4783026467990217, "3": -2.085259177315799, "4": -0.37864877111285855, "5": 1.0053710670997944, "6": -0.07999375826948363, "7": -0.24466824972595447}, "datetime": {"datetime": "2021-06-30 02:14:31", "elapsed": 21651.376934, "delta": 48.724972}}
{"target": 0.003513370449890309, "params": {"0": -0.01103658909029459, "1": -2.922613287083424, "2": -1.5451189013921418, "3": -0.7853945469925669, "4": -1.0408849059449774, "5": -0.9493671689730143, "6": 1.4772258068781348, "7": 0.8794738920002505}, "datetime": {"datetime": "2021-06-30 02:15:15", "elapsed": 21694.981876, "delta": 43.604942}}
{"target": 0.0028839122458144554, "params": {"0": 0.23717450904217952, "1": -2.3226378394836824, "2": 2.3816696834284583, "3": 1.8667251729475947, "4": -0.3899296078907186, "5": -2.0550509362834926, "6": 2.8906331374164322, "7": -0.27897637027395605}, "datetime": {"datetime": "2021-06-30 02:16:01", "elapsed": 21741.332125, "delta": 46.350249}}
{"target": 0.0034672876621921586, "params": {"0": 2.6890934047744306, "1": -0.4508055586504023, "2": -2.9708595490202097, "3": 1.0723043292813506, "4": 1.4365627546492385, "5": 1.0324289013855719, "6": 0.7261264071594424, "7": 0.01896657009973124}, "datetime": {"datetime": "2021-06-30 02:16:36", "elapsed": 21776.538624, "delta": 35.206499}}
{"target": 0.012673527536600839, "params": {"0": 0.5153552181262437, "1": 2.251338372261424, "2": 0.8210315148592162, "3": -0.6400108256298327, "4": -1.3297513240328531, "5": 0.22809018564956762, "6": -0.7384114489620668, "7": -0.7287488689889869}, "datetime": {"datetime": "2021-06-30 02:17:21", "elapsed": 21820.991273, "delta": 44.452649}}
{"target": 0.0032531860470397704, "params": {"0": -2.299631074277307, "1": -2.0575122592818382, "2": -1.58208654463511, "3": 2.576495094566136, "4": -1.547542528664325, "5": -0.6797027387862951, "6": 1.052893853721086, "7": -2.3658707886673978}, "datetime": {"datetime": "2021-06-30 02:17:48", "elapsed": 21848.628068, "delta": 27.636795}}
{"target": 0.0029428858631862904, "params": {"0": 1.590177718833103, "1": -0.1576265675058086, "2": -0.7027675043240755, "3": 1.4898644036299151, "4": 1.858931585689918, "5": 1.8357115556149974, "6": -1.9304350485312258, "7": 2.6310331439894146}, "datetime": {"datetime": "2021-06-30 02:18:46", "elapsed": 21906.163847, "delta": 57.535779}}
{"target": 0.014336805747320894, "params": {"0": -2.778116618679369, "1": -1.031874454665224, "2": 1.4015129153658954, "3": -1.5360583877078793, "4": -1.794106228210391, "5": 1.3606534110036836, "6": -1.1084092448875433, "7": -2.746118741320699}, "datetime": {"datetime": "2021-06-30 02:19:27", "elapsed": 21947.043039, "delta": 40.879192}}
{"target": 0.01637035503952727, "params": {"0": 0.315100411485818, "1": -0.5046014473850304, "2": -0.5177399501536675, "3": -0.78625282911907, "4": -2.007342356852777, "5": -2.7392974658369775, "6": -2.803436199679691, "7": 1.8957157237713824}, "datetime": {"datetime": "2021-06-30 02:20:08", "elapsed": 21988.764135, "delta": 41.721096}}
{"target": 0.0029746527122923552, "params": {"0": -2.7168841767036533, "1": -0.572601512812287, "2": 0.33688649148981975, "3": -0.5677274720834804, "4": 1.194144348276307, "5": 2.4395393632932834, "6": -1.8773604314100745, "7": 0.9687509192776993}, "datetime": {"datetime": "2021-06-30 02:20:34", "elapsed": 22013.804844, "delta": 25.040709}}
{"target": 0.003063546300844495, "params": {"0": -1.8131477017370585, "1": 1.2383578353072595, "2": -1.6742495382446951, "3": -0.7350823273652827, "4": -1.3995783055717346, "5": 2.4059476428510678, "6": 0.315661449488827, "7": 0.3458208852085809}, "datetime": {"datetime": "2021-06-30 02:21:09", "elapsed": 22049.571825, "delta": 35.766981}}
{"target": 0.003348507013954135, "params": {"0": -2.101370840849838, "1": -1.382602615240685, "2": 2.8177038248252444, "3": -2.4211185501838375, "4": -0.48303551252647026, "5": -0.036532791133558895, "6": -1.2336513811730037, "7": -2.374717152486083}, "datetime": {"datetime": "2021-06-30 02:21:49", "elapsed": 22088.999033, "delta": 39.427208}}
{"target": 0.0037790436904682114, "params": {"0": 1.6088918028388326, "1": 2.2934715969079527, "2": 0.33993263221111647, "3": -2.163736945718539, "4": 1.9636992342961008, "5": 1.3181914852286516, "6": -1.165083042261279, "7": 0.38515990265419475}, "datetime": {"datetime": "2021-06-30 02:22:51", "elapsed": 22151.303785, "delta": 62.304752}}
{"target": 0.0032721654606406277, "params": {"0": 1.3960093842211085, "1": 0.4182893575888742, "2": 0.38405339286966056, "3": -1.7857361174406727, "4": 2.180676730456476, "5": -1.9302333596597885, "6": 1.2300167586074613, "7": 0.2994173877826576}, "datetime": {"datetime": "2021-06-30 02:23:35", "elapsed": 22195.661232, "delta": 44.357447}}
{"target": 0.003201578328000469, "params": {"0": 1.3275478284924134, "1": -0.24999038378087945, "2": -2.824459322222475, "3": 0.40565773972560804, "4": 2.3951590542514953, "5": 0.5596691824748588, "6": -2.344161863983765, "7": -2.2104398239450247}, "datetime": {"datetime": "2021-06-30 02:24:24", "elapsed": 22243.788794, "delta": 48.127562}}
{"target": 0.009889324349091642, "params": {"0": -2.0302781691110416, "1": 0.020347417734230433, "2": -2.025074708564225, "3": -1.2876804159330786, "4": 0.5084077139064149, "5": -2.383328706551188, "6": -2.997180241464638, "7": -1.8108094349172492}, "datetime": {"datetime": "2021-06-30 02:25:08", "elapsed": 22288.312016, "delta": 44.523222}}
{"target": 0.0030990267187819055, "params": {"0": 0.9356460605678176, "1": -2.0518686671607123, "2": -1.4926048093423305, "3": -0.7119021265776428, "4": 1.9389279325223256, "5": 1.3791721916979744, "6": 1.7622940042962991, "7": 1.9721721220056256}, "datetime": {"datetime": "2021-06-30 02:25:46", "elapsed": 22326.295834, "delta": 37.983818}}
{"target": 0.002971212206314902, "params": {"0": 0.34981335691859883, "1": -0.9156734027484275, "2": 0.5650466343491143, "3": 1.2324785954041122, "4": 2.3322648670049144, "5": 2.379525460404591, "6": 2.5740174202647808, "7": -2.9427012071938345}, "datetime": {"datetime": "2021-06-30 02:26:34", "elapsed": 22374.061787, "delta": 47.765953}}
{"target": 0.003130103353707817, "params": {"0": 1.0395771785223076, "1": -2.3007111775396902, "2": 0.4270579777030781, "3": 2.7367418691106966, "4": -0.6723992475280864, "5": -2.519526289312564, "6": 1.167403399444626, "7": 1.7194303585764121}, "datetime": {"datetime": "2021-06-30 02:27:26", "elapsed": 22426.614006, "delta": 52.552219}}
{"target": 0.003086417758250754, "params": {"0": 1.364372664481495, "1": 2.570013547633895, "2": 2.2551423443181857, "3": -0.9650124816301897, "4": -1.976066986513808, "5": 0.14074577932971266, "6": 2.2877000756667467, "7": 1.1464627905774645}, "datetime": {"datetime": "2021-06-30 02:28:06", "elapsed": 22466.524339, "delta": 39.910333}}
{"target": 0.002978302581238449, "params": {"0": 0.7517272604436638, "1": 1.3352844456681172, "2": -2.836025573186581, "3": -0.8654981228713616, "4": 2.2457095119860835, "5": 2.6915888530055216, "6": -1.1210776376879723, "7": 1.4325004645858597}, "datetime": {"datetime": "2021-06-30 02:29:07", "elapsed": 22527.282859, "delta": 60.75852}}
{"target": 0.0032979250905388934, "params": {"0": 0.0753395808877464, "1": 0.7945552373054894, "2": -0.6005741929840496, "3": 2.563272524786586, "4": 2.6332249366724962, "5": 1.7054625413134037, "6": 1.2711090967403997, "7": 0.28381313836566413}, "datetime": {"datetime": "2021-06-30 02:29:46", "elapsed": 22566.529919, "delta": 39.24706}}
{"target": 0.00285334937267369, "params": {"0": -2.966155626666662, "1": 2.8397249919462064, "2": 2.7715597408635535, "3": -1.2773003263895852, "4": 0.23781119865848854, "5": 0.33208505515412945, "6": 2.519207795686407, "7": 2.168181634557717}, "datetime": {"datetime": "2021-06-30 02:30:40", "elapsed": 22620.616774, "delta": 54.086855}}
{"target": 0.0029168550389277303, "params": {"0": -2.148504434857284, "1": -0.39835152764350923, "2": 1.2270349892142525, "3": 0.7530192609906048, "4": 2.6105603635599772, "5": -1.0056627559704827, "6": 0.9349026249272017, "7": -2.4312602395020395}, "datetime": {"datetime": "2021-06-30 02:31:23", "elapsed": 22662.868071, "delta": 42.251297}}
{"target": 0.003401093241484599, "params": {"0": 2.714174958143289, "1": -0.18486065198866175, "2": -0.42903628945102046, "3": -2.526004037170454, "4": 2.8871655635621556, "5": -0.5398502600938659, "6": 0.9598290271669399, "7": 0.8325152794262305}, "datetime": {"datetime": "2021-06-30 02:31:57", "elapsed": 22697.565371, "delta": 34.6973}}
{"target": 0.0031580300256816287, "params": {"0": -2.0252680617124446, "1": 2.3612629737888664, "2": 2.187980316003844, "3": 2.057511303007594, "4": 1.6754623191139135, "5": 1.8268157219422037, "6": 2.57138250267782, "7": 2.428775546688313}, "datetime": {"datetime": "2021-06-30 02:32:48", "elapsed": 22747.848309, "delta": 50.282938}}
{"target": 0.003449110616456987, "params": {"0": -0.8770517662159878, "1": -1.7547174625759432, "2": -2.0088414896911564, "3": -1.2842473121341909, "4": 0.5902391160064036, "5": 2.2829476382420726, "6": -0.6419196556112858, "7": -2.4171361691462256}, "datetime": {"datetime": "2021-06-30 02:33:46", "elapsed": 22806.01876, "delta": 58.170451}}
{"target": 0.012766843594078361, "params": {"0": -0.5263553095373643, "1": 0.4801954445893042, "2": 2.7562827914912553, "3": 2.9827551282988622, "4": -1.5241686473205853, "5": 1.2995193032460506, "6": -0.39829915745266087, "7": 0.6750558469884895}, "datetime": {"datetime": "2021-06-30 02:34:18", "elapsed": 22838.742273, "delta": 32.723513}}
{"target": 0.003443849228371744, "params": {"0": -1.8119780198804951, "1": -1.2878303043448003, "2": 1.8586069930789826, "3": -0.12527814913325086, "4": -2.4188645481840565, "5": -1.7071201477022138, "6": -1.317415641987053, "7": -1.1966120450517548}, "datetime": {"datetime": "2021-06-30 02:35:00", "elapsed": 22880.516678, "delta": 41.774405}}
{"target": 0.0034037468658091995, "params": {"0": -0.3352968792424793, "1": -0.5649892242370278, "2": -2.7443621138974486, "3": -2.682871088794693, "4": -0.8408539341040968, "5": -2.3966754639463517, "6": -2.422103721931241, "7": -1.5100617773433758}, "datetime": {"datetime": "2021-06-30 02:36:05", "elapsed": 22945.684604, "delta": 65.167926}}
