{"target": 0.003008470889477971, "params": {"0": -1.6419859192322113, "1": 0.19973262337239728, "2": 2.2419326387750047, "3": -1.7261566937922699, "4": 0.6888959112171644, "5": -0.8498934700849032, "6": 2.186597788722203, "7": -2.380482525606224}, "datetime": {"datetime": "2021-06-29 22:09:53", "elapsed": 6973.39038, "delta": 16.187647}}
{"target": 0.003090100281450875, "params": {"0": -1.0886181544618692, "1": 2.9185010161250977, "2": -2.3115496304626557, "3": 0.6461216427135099, "4": 1.2294173993434185, "5": 0.9341626984705229, "6": 0.30023697878608013, "7": 2.1585739395649046}, "datetime": {"datetime": "2021-06-29 22:10:11", "elapsed": 6991.180573, "delta": 17.790193}}
{"target": 0.0033991677334977224, "params": {"0": -0.02660058524277975, "1": -2.1893747889380593, "2": 1.7262814879675066, "3": 1.1957958440159837, "4": -2.3050618717180003, "5": 0.46209636999213277, "6": -2.5166852618574227, "7": -0.28250547662472725}, "datetime": {"datetime": "2021-06-29 22:10:46", "elapsed": 7026.394188, "delta": 35.213615}}
{"target": 0.003182193178036475, "params": {"0": 0.08589993511472116, "1": 0.26447397396144456, "2": 0.4706758729979019, "3": -2.7898240339766387, "4": -1.478488402115682, "5": -0.7957105627530074, "6": 0.8031703185414543, "7": 2.3666864419989198}, "datetime": {"datetime": "2021-06-29 22:11:30", "elapsed": 7070.075329, "delta": 43.681141}}
{"target": 0.01054721170772163, "params": {"0": -0.6198549649231286, "1": 2.810054622349268, "2": -0.23095116477276845, "3": 0.8256672155869467, "4": 1.128697652329027, "5": -2.709244794643998, "6": -0.15915276826116198, "7": -2.5806566522984706}, "datetime": {"datetime": "2021-06-29 22:11:54", "elapsed": 7094.461688, "delta": 24.386359}}
{"target": 0.0029513483084589814, "params": {"0": 1.5169815567265301, "1": 1.9141701868965102, "2": -2.0301538214675143, "3": -0.9309323797367086, "4": 1.683573677294091, "5": 0.11548600856985303, "6": 2.509671846373383, "7": -1.4314044934584182}, "datetime": {"datetime": "2021-06-29 22:12:17", "elapsed": 7117.061383, "delta": 22.599695}}
{"target": 0.006941657919168607, "params": {"0": -1.6005986701366728, "1": 0.24193776972370395, "2": 1.0867460374478668, "3": -0.37807494336269176, "4": 1.574901530873663, "5": 0.1674167740218513, "6": 1.88749819547707, "7": 0.5350343790924459}, "datetime": {"datetime": "2021-06-29 22:12:39", "elapsed": 7138.527745, "delta": 21.466362}}
{"target": 0.007581013967951146, "params": {"0": -0.4025668896507275, "1": -0.6985350169175568, "2": -0.6523497454737841, "3": -2.5057996422501247, "4": -1.3004768060987024, "5": -1.4636647878871545, "6": -0.23025636214037748, "7": 1.2917283062620069}, "datetime": {"datetime": "2021-06-29 22:13:02", "elapsed": 7162.316423, "delta": 23.788678}}
{"target": 0.005227764823000094, "params": {"0": 0.9904865220951882, "1": -1.2095953175916163, "2": -1.9670391252399078, "3": -0.7549183631074063, "4": -1.3922690665177655, "5": -0.3853581789398479, "6": 2.07495538003959, "7": -2.024043174937127}, "datetime": {"datetime": "2021-06-29 22:13:20", "elapsed": 7179.666268, "delta": 17.349845}}
{"target": 0.0031303916474308188, "params": {"0": -2.233555231451443, "1": -1.4910725454149116, "2": 0.5977523621007741, "3": 2.915418907305064, "4": 0.22730365375958517, "5": -2.584071781069156, "6": 2.009758679442731, "7": -2.2131132743170765}, "datetime": {"datetime": "2021-06-29 22:13:44", "elapsed": 7204.296303, "delta": 24.630035}}
{"target": 0.24910073350194753, "params": {"0": -0.4331961310951211, "1": 1.6125760102726145, "2": 2.3379874268400087, "3": 0.09509623668631884, "4": -1.6554222310166171, "5": -1.4394040250872595, "6": 0.46885700789378193, "7": 1.5819232845764244}, "datetime": {"datetime": "2021-06-29 22:14:02", "elapsed": 7221.603986, "delta": 17.307683}}
{"target": 0.003490913782464494, "params": {"0": -1.1028018822876855, "1": 0.2230531868663581, "2": 2.1013333191240484, "3": 2.8264832212357005, "4": -0.491846314847999, "5": 1.0003082104527632, "6": -1.051033391295732, "7": -0.8359660162630798}, "datetime": {"datetime": "2021-06-29 22:14:16", "elapsed": 7235.901916, "delta": 14.29793}}
{"target": 0.003106289831116629, "params": {"0": 0.33932353103237833, "1": -0.8221595883918313, "2": -1.4547108422845412, "3": -2.8321458957570185, "4": 0.38607866246502365, "5": 0.22732743461606786, "6": -1.8855282856331945, "7": 1.525043559779716}, "datetime": {"datetime": "2021-06-29 22:14:34", "elapsed": 7253.773021, "delta": 17.871105}}
{"target": 0.007964365097822031, "params": {"0": -1.787300319809322, "1": -0.5960030368063212, "2": -1.4036781858394507, "3": 2.86947440016713, "4": 2.654753021243182, "5": -2.883045240146677, "6": 2.999163846885864, "7": 2.8315428213077274}, "datetime": {"datetime": "2021-06-29 22:15:07", "elapsed": 7286.905439, "delta": 33.132418}}
{"target": 0.003085551219095895, "params": {"0": -1.3452614321858294, "1": -0.13504927161638935, "2": -1.5219503505367802, "3": -0.7377578804594354, "4": 1.9116990210044182, "5": -2.065579093391685, "6": 0.08165167007185081, "7": 2.692459696109383}, "datetime": {"datetime": "2021-06-29 22:15:28", "elapsed": 7308.06852, "delta": 21.163081}}
{"target": 0.003578766536831985, "params": {"0": -1.965473327350403, "1": 1.4807726278403406, "2": 2.5602308882014144, "3": 0.07375980027014784, "4": -1.6607146725599533, "5": -2.3630636551108406, "6": 1.185742814502106, "7": 0.9183671521910215}, "datetime": {"datetime": "2021-06-29 22:15:52", "elapsed": 7332.071802, "delta": 24.003282}}
{"target": 0.0037562289734809563, "params": {"0": 2.844395587694474, "1": -1.2422867340040813, "2": -2.1955947797076014, "3": -0.3395904921776225, "4": -2.5239177745619714, "5": -1.4700412249455832, "6": -0.13285459283808976, "7": 2.2493260887352955}, "datetime": {"datetime": "2021-06-29 22:16:06", "elapsed": 7345.723447, "delta": 13.651645}}
{"target": 0.0055945022457316125, "params": {"0": 1.5468261487768418, "1": -1.1314312273251463, "2": -1.5090290790130811, "3": 0.8500527987082043, "4": 0.39578060680925553, "5": -1.5660561997087707, "6": 1.6925998162818958, "7": -0.5774925823179453}, "datetime": {"datetime": "2021-06-29 22:16:32", "elapsed": 7371.607548, "delta": 25.884101}}
{"target": 0.005601821990214313, "params": {"0": -1.8069290598591279, "1": -1.9849204814869363, "2": -0.1758589108158306, "3": -0.4022121694066114, "4": 2.2534410739482675, "5": -2.055363420050512, "6": 0.9471602455541834, "7": 1.51393967911204}, "datetime": {"datetime": "2021-06-29 22:16:47", "elapsed": 7386.789994, "delta": 15.182446}}
{"target": 0.0030084958047204265, "params": {"0": -1.2867784483935094, "1": 1.0382983895668687, "2": -0.4116706586305252, "3": -1.4288887769765226, "4": 1.447452942739023, "5": -1.441775860260196, "6": 2.4644207069824446, "7": 2.4489525963694883}, "datetime": {"datetime": "2021-06-29 22:17:05", "elapsed": 7404.929354, "delta": 18.13936}}
{"target": 0.005878917191515126, "params": {"0": -0.7461789830674119, "1": 0.14794828643900493, "2": 2.06638606315998, "3": 0.9422631947245419, "4": -0.3893618991850887, "5": 0.600849283122054, "6": 1.7692521578401363, "7": -0.6887677965607542}, "datetime": {"datetime": "2021-06-29 22:17:31", "elapsed": 7430.994503, "delta": 26.065149}}
{"target": 0.00302536526636377, "params": {"0": -0.646132089450953, "1": 2.976459956231194, "2": 1.1405897112644068, "3": -0.9819973403777231, "4": -1.7096662426417841, "5": -0.17392184240585173, "6": 2.3956115859949367, "7": 2.0611339970198372}, "datetime": {"datetime": "2021-06-29 22:17:49", "elapsed": 7448.79064, "delta": 17.796137}}
{"target": 0.0031181465509048617, "params": {"0": 0.9022129346360188, "1": -2.748769573034105, "2": -0.07281881043808891, "3": 0.9699410729612166, "4": -1.7984685548494197, "5": 0.41261794241499494, "6": 2.18351771481803, "7": -1.5984303313153132}, "datetime": {"datetime": "2021-06-29 22:18:20", "elapsed": 7480.477016, "delta": 31.686376}}
{"target": 0.005832526030469281, "params": {"0": -2.8525417894763088, "1": 2.5339652555271632, "2": 1.072582082793124, "3": -1.3827815588914953, "4": 1.7867743763741935, "5": -2.450637582252637, "6": 0.08594568196441621, "7": 0.8158723753943375}, "datetime": {"datetime": "2021-06-29 22:19:02", "elapsed": 7521.947098, "delta": 41.470082}}
{"target": 0.0030511533983616874, "params": {"0": 0.42178580458086046, "1": 2.2318792814161217, "2": -2.001326500013497, "3": -2.9397886401410944, "4": 1.185708088616833, "5": -0.3903320812922404, "6": 1.0487111512073142, "7": -2.216148717710136}, "datetime": {"datetime": "2021-06-29 22:19:24", "elapsed": 7543.785248, "delta": 21.83815}}
{"target": 0.004465940665290782, "params": {"0": -0.27307606142940877, "1": -0.4827949487477934, "2": -2.1512607858326653, "3": -1.1265262671823884, "4": 1.8350737204339094, "5": -1.446293048051218, "6": 1.0602140902780102, "7": -1.410682040454499}, "datetime": {"datetime": "2021-06-29 22:20:06", "elapsed": 7586.087184, "delta": 42.301936}}
{"target": 0.006086815061332179, "params": {"0": -0.2869945549119217, "1": -2.54293768531799, "2": -2.069178135764058, "3": -2.7383059043346503, "4": -0.6320271670018176, "5": -1.7428267344451802, "6": 0.7813615197590056, "7": -1.168135389540199}, "datetime": {"datetime": "2021-06-29 22:20:43", "elapsed": 7623.035198, "delta": 36.948014}}
{"target": 0.003347699189020598, "params": {"0": 0.7124679727032475, "1": 0.7372613795031473, "2": -0.9213584827167951, "3": -1.5450976075609855, "4": -0.08261328705721471, "5": -2.9078181826668836, "6": 2.8490309874639763, "7": 2.02003962668841}, "datetime": {"datetime": "2021-06-29 22:21:07", "elapsed": 7647.34314, "delta": 24.307942}}
{"target": 0.0030059812978762233, "params": {"0": -2.6667872996128454, "1": -1.9486056608305342, "2": 1.0544561717467298, "3": 0.09816267774614662, "4": 1.3784569420373831, "5": -2.914068308383854, "6": 1.6802616923480276, "7": 2.950971612043084}, "datetime": {"datetime": "2021-06-29 22:21:25", "elapsed": 7665.106745, "delta": 17.763605}}
{"target": 0.020530028107469882, "params": {"0": -0.2796372566667751, "1": 1.6423759019865347, "2": -1.6311744557676608, "3": -0.46495949777836953, "4": -1.9893202666999596, "5": -1.4797311367479082, "6": -1.5640452231232191, "7": -1.9913319598654486}, "datetime": {"datetime": "2021-06-29 22:21:36", "elapsed": 7676.012161, "delta": 10.905416}}
{"target": 0.030601624662986292, "params": {"0": 0.8519873060489207, "1": 2.1207378603866935, "2": -1.5672471683570988, "3": -2.224172585996125, "4": -1.1725194088212896, "5": -0.667047485641532, "6": -1.4581084511487914, "7": 2.507255771605399}, "datetime": {"datetime": "2021-06-29 22:21:56", "elapsed": 7695.951759, "delta": 19.939598}}
{"target": 0.003487938854907477, "params": {"0": -1.248493121178338, "1": -0.610795782241822, "2": 2.668895087936078, "3": -2.441307467433604, "4": 2.6711070824844976, "5": 2.124222140287084, "6": -1.9434582121793413, "7": -1.588836570142106}, "datetime": {"datetime": "2021-06-29 22:22:14", "elapsed": 7714.003648, "delta": 18.051889}}
{"target": 0.0032312549464084245, "params": {"0": 0.4169559243797609, "1": 2.4102494522669584, "2": -2.601478473200179, "3": -2.0430574672841155, "4": -2.7629425017826073, "5": -0.28449020066671515, "6": -2.2169725759471484, "7": 2.681996385812175}, "datetime": {"datetime": "2021-06-29 22:22:30", "elapsed": 7729.782858, "delta": 15.77921}}
{"target": 0.00320751449736497, "params": {"0": -1.2993321057057041, "1": 1.1841323071889187, "2": 1.6836500579411213, "3": -1.607684767782287, "4": -0.026653257430478305, "5": 2.4739610047602145, "6": 1.27671352242728, "7": -0.6276190872677372}, "datetime": {"datetime": "2021-06-29 22:22:50", "elapsed": 7749.888266, "delta": 20.105408}}
{"target": 0.004269955296596228, "params": {"0": -0.41760825628443765, "1": 2.9068420966710953, "2": 0.17225677033439712, "3": 1.6938916429259985, "4": -2.690567127685649, "5": -1.8670944003394323, "6": 1.8416407143783307, "7": -2.759245254833208}, "datetime": {"datetime": "2021-06-29 22:23:06", "elapsed": 7765.524943, "delta": 15.636677}}
{"target": 0.015545333600311543, "params": {"0": -2.0709689679320107, "1": -1.9419030859170618, "2": 0.9893298089241602, "3": -0.2409855159914316, "4": -1.006145455865979, "5": -1.7860726320591043, "6": -2.034137810068763, "7": -0.5026578776789488}, "datetime": {"datetime": "2021-06-29 22:23:44", "elapsed": 7803.905386, "delta": 38.380443}}
{"target": 0.01060435111942907, "params": {"0": -1.7157875557557278, "1": 0.8096705852888446, "2": 1.8163925602976576, "3": 0.5681391330830414, "4": -1.3349804575205855, "5": -2.316823661915649, "6": 0.26798915684291735, "7": 1.1263963965173733}, "datetime": {"datetime": "2021-06-29 22:24:09", "elapsed": 7829.113757, "delta": 25.208371}}
{"target": 0.003283957603878402, "params": {"0": -1.1191963846200372, "1": -2.3798063848568822, "2": -2.2163570918272786, "3": -0.4949349831982168, "4": 1.5772976114000201, "5": 0.5470883780221198, "6": 1.9353521672148002, "7": -2.1965366152388914}, "datetime": {"datetime": "2021-06-29 22:24:24", "elapsed": 7844.325928, "delta": 15.212171}}
{"target": 0.006170308079209088, "params": {"0": -1.282963267709877, "1": 0.6277888785022272, "2": -1.6718424768827602, "3": 2.33239840477641, "4": -0.4688684870806492, "5": 1.367298562420297, "6": 1.4761270285225043, "7": -2.5023752255364635}, "datetime": {"datetime": "2021-06-29 22:24:37", "elapsed": 7857.189148, "delta": 12.86322}}
{"target": 0.005374503848392017, "params": {"0": -0.4491810924391415, "1": -0.5345353885301201, "2": -1.5395818198854379, "3": 1.2102269829105987, "4": -1.454097884267665, "5": 2.234050279382159, "6": -0.1376526740803019, "7": -2.801783724408901}, "datetime": {"datetime": "2021-06-29 22:24:51", "elapsed": 7871.394181, "delta": 14.205033}}
{"target": 0.0031963385101198543, "params": {"0": 1.0433010454729557, "1": -1.0364974028535945, "2": 0.9541354145889027, "3": -2.7321759784098667, "4": -2.1837471022489456, "5": -1.5691947816439045, "6": -2.670001251610696, "7": 0.6501398902193181}, "datetime": {"datetime": "2021-06-29 22:25:11", "elapsed": 7890.89656, "delta": 19.502379}}
{"target": 0.025056806952321264, "params": {"0": 1.4576879564759873, "1": 0.9047532209053921, "2": -1.0177433542894803, "3": -1.828771296214394, "4": -0.7438932905099893, "5": -0.826642114597508, "6": -0.473863531539215, "7": 1.9965288192472643}, "datetime": {"datetime": "2021-06-29 22:25:40", "elapsed": 7919.868901, "delta": 28.972341}}
{"target": 0.0034110663397814243, "params": {"0": 0.409629572107455, "1": -1.1101873079072462, "2": 0.03653023244896625, "3": 0.21536796156770333, "4": 2.3246297654008536, "5": -1.753746919593254, "6": -0.6213292619948643, "7": -2.2271912226503194}, "datetime": {"datetime": "2021-06-29 22:25:53", "elapsed": 7933.200971, "delta": 13.33207}}
{"target": 0.0030031091058151304, "params": {"0": -0.1446334541924701, "1": 2.9145071333055075, "2": -1.5824286793351403, "3": -1.5925587757709574, "4": -1.3027924905619923, "5": 2.4179284028779504, "6": 0.10337103049034635, "7": -2.613221108229941}, "datetime": {"datetime": "2021-06-29 22:26:13", "elapsed": 7953.360549, "delta": 20.159578}}
{"target": 0.005706681817938177, "params": {"0": 1.187423521354483, "1": -1.6968584437564374, "2": -1.302940326806681, "3": 1.120967829707955, "4": 0.2570418964279719, "5": -0.9597206438382937, "6": 1.989147661672174, "7": -1.2774623786092238}, "datetime": {"datetime": "2021-06-29 22:26:48", "elapsed": 7987.894538, "delta": 34.533989}}
{"target": 0.0028998054906207832, "params": {"0": 1.7973391711653877, "1": 0.4631790252195578, "2": 2.081914259878518, "3": 1.0617164497339058, "4": 0.6993209646989644, "5": 0.7078916614095512, "6": 2.9958473154132106, "7": 0.662475422638583}, "datetime": {"datetime": "2021-06-29 22:27:08", "elapsed": 8008.139882, "delta": 20.245344}}
{"target": 0.0037225265469346897, "params": {"0": -2.398770333503118, "1": 1.7548692194601738, "2": 2.580232322515524, "3": -2.11563628528045, "4": -2.009402811397131, "5": -0.9346655879357195, "6": 2.967845704863432, "7": -0.6624349568189798}, "datetime": {"datetime": "2021-06-29 22:27:20", "elapsed": 8020.474721, "delta": 12.334839}}
{"target": 0.0031599893901468256, "params": {"0": 1.0562948320581445, "1": -1.527646709559364, "2": 0.7415259722148759, "3": -2.771388023358358, "4": -0.31817194451466335, "5": 1.5275398549163022, "6": 0.5294972999603385, "7": -2.1053592840421893}, "datetime": {"datetime": "2021-06-29 22:27:37", "elapsed": 8036.843961, "delta": 16.36924}}
{"target": 0.01227873510921729, "params": {"0": 0.45196940607125224, "1": 1.4675306828409802, "2": 1.267545956920939, "3": 0.6969691557248545, "4": 1.854234740471699, "5": -0.731022892350107, "6": -2.571602786031435, "7": 1.8479944431905038}, "datetime": {"datetime": "2021-06-29 22:27:58", "elapsed": 8058.201647, "delta": 21.357686}}
{"target": 0.006898143482488192, "params": {"0": 2.0164559407439047, "1": -0.05104671061519639, "2": -0.6709907870115943, "3": 0.6321085161168805, "4": -0.19147566451257347, "5": -2.8621700688197875, "6": 1.824755478824411, "7": 1.7873031108712087}, "datetime": {"datetime": "2021-06-29 22:28:18", "elapsed": 8078.074132, "delta": 19.872485}}
{"target": 0.0033234323281925685, "params": {"0": -0.7196573986359525, "1": -0.7307596565726948, "2": 2.167386904897537, "3": 1.4759387901289882, "4": -2.7144359533607343, "5": 0.7796042557018872, "6": 2.682076699589439, "7": -1.3428134734981225}, "datetime": {"datetime": "2021-06-29 22:28:41", "elapsed": 8101.24932, "delta": 23.175188}}
{"target": 0.005645206062694112, "params": {"0": -1.7858832096885067, "1": -1.8007705348513119, "2": 2.05619066275142, "3": 0.9204759946846339, "4": -2.4363433269556767, "5": 1.547327736317583, "6": 2.0157816617145734, "7": 0.5669723349384883}, "datetime": {"datetime": "2021-06-29 22:28:55", "elapsed": 8115.1997, "delta": 13.95038}}
{"target": 0.0040568530416250845, "params": {"0": -0.724909176295041, "1": -2.1226650660314617, "2": 2.275937000421786, "3": -1.553527572536732, "4": -0.32774988608349176, "5": 0.7794523921948491, "6": -2.3168874482267405, "7": 0.7990869149363546}, "datetime": {"datetime": "2021-06-29 22:29:50", "elapsed": 8169.503151, "delta": 54.303451}}
{"target": 0.0030735512492151467, "params": {"0": 1.9875008288185505, "1": 1.7387772386772973, "2": 1.0955043420150465, "3": -0.4193589574796954, "4": -2.0019554231295853, "5": 2.435216208414097, "6": -2.433316384307322, "7": 2.7579960191320243}, "datetime": {"datetime": "2021-06-29 22:30:13", "elapsed": 8193.018591, "delta": 23.51544}}
{"target": 0.004917014353690535, "params": {"0": -2.0680213638680263, "1": -1.9249450464289362, "2": -0.12404037949083957, "3": 0.9472615272582132, "4": -2.237038656003082, "5": 2.896059423225439, "6": -1.7098116954420797, "7": 1.680240656487591}, "datetime": {"datetime": "2021-06-29 22:30:29", "elapsed": 8208.597048, "delta": 15.578457}}
{"target": 0.003123030452566864, "params": {"0": 1.4644660110866994, "1": 2.3137090137742344, "2": -2.168649995899427, "3": -2.0330108639134354, "4": -1.4205517738792166, "5": 2.3877733202128333, "6": 1.872315114076737, "7": 0.37374906869905633}, "datetime": {"datetime": "2021-06-29 22:30:54", "elapsed": 8234.492113, "delta": 25.895065}}
{"target": 0.0056874779455306605, "params": {"0": -1.495691001056704, "1": 2.7213814689729396, "2": 2.0000661097490706, "3": 0.28523294292894885, "4": -1.9293325599003772, "5": -2.3821451992648783, "6": 1.3854511900106488, "7": 0.7507657445980915}, "datetime": {"datetime": "2021-06-29 22:31:19", "elapsed": 8258.606881, "delta": 24.114768}}
{"target": 0.0032943002899318793, "params": {"0": 2.351219976303417, "1": -1.2307169159333498, "2": -2.5012940036702376, "3": 1.2217828765012024, "4": 0.022252487830642487, "5": -2.886526721468471, "6": -2.150602315472356, "7": 1.4512042668634901}, "datetime": {"datetime": "2021-06-29 22:31:34", "elapsed": 8273.63439, "delta": 15.027509}}
{"target": 0.0030402613552987486, "params": {"0": 2.834282250559424, "1": 0.9757171301367986, "2": -0.17111891083287079, "3": -1.3883272578996444, "4": 0.6136090449850018, "5": -2.470481567379913, "6": 0.5143534161297509, "7": 2.8715306664419575}, "datetime": {"datetime": "2021-06-29 22:31:55", "elapsed": 8294.683755, "delta": 21.049365}}
{"target": 0.021059071793314905, "params": {"0": 1.1521829075328238, "1": -1.4506257418501602, "2": 0.6167741601970222, "3": 0.0026281975505764166, "4": -0.7695008743650509, "5": -1.5983127557632715, "6": 0.26448832869189554, "7": -2.6928356438451733}, "datetime": {"datetime": "2021-06-29 22:32:07", "elapsed": 8307.451366, "delta": 12.767611}}
{"target": 0.003172629658833734, "params": {"0": -2.2365333505965665, "1": -2.3748929763065174, "2": 0.7375713284135905, "3": -0.6913635515352219, "4": -2.515811608444552, "5": -1.8200339400165026, "6": 0.005862057869943982, "7": 1.42485316199953}, "datetime": {"datetime": "2021-06-29 22:32:27", "elapsed": 8327.31501, "delta": 19.863644}}
{"target": 0.0033501899191621873, "params": {"0": 2.690755585688951, "1": -1.5813378390779067, "2": -2.0185054340513986, "3": -1.302773836784838, "4": -2.1777641058199797, "5": -1.0241649786450324, "6": 2.3205230966529466, "7": 0.04980064896055714}, "datetime": {"datetime": "2021-06-29 22:32:47", "elapsed": 8346.838932, "delta": 19.523922}}
{"target": 0.0036507036956948172, "params": {"0": -1.7221515188085834, "1": -1.7180285357737293, "2": -2.413891643525777, "3": -1.1592942974075846, "4": -1.2446730023054435, "5": 1.0740615864473781, "6": 1.0886201690762354, "7": -0.8936747307928461}, "datetime": {"datetime": "2021-06-29 22:33:13", "elapsed": 8373.046182, "delta": 26.20725}}
{"target": 0.003134830330938651, "params": {"0": -0.15181034502621404, "1": -2.8024327184546918, "2": -2.5519816125886026, "3": -1.381444766349671, "4": 0.25621115858953614, "5": -1.8264823358006415, "6": -1.8358067537355411, "7": 0.954645241235009}, "datetime": {"datetime": "2021-06-29 22:33:34", "elapsed": 8393.504319, "delta": 20.458137}}
