{"target": 0.003151700041127649, "params": {"0": 1.3049914699839746, "1": 2.9200931626344255, "2": 0.01147942153189252, "3": -0.8154475643525774, "4": -0.8113414753424077, "5": -2.114332713033985, "6": -2.6305999344321993, "7": 2.2604419165436624}, "datetime": {"datetime": "2021-06-29 21:34:06", "elapsed": 4827.492313, "delta": 12.849253}}
{"target": 0.0033692502517161612, "params": {"0": 2.633925335043358, "1": 1.993877312245652, "2": -0.36707752125010185, "3": 1.3367003186772353, "4": -2.6727679887224562, "5": 0.42262911646513635, "6": 2.641523066567064, "7": -0.626010943463617}, "datetime": {"datetime": "2021-06-29 21:34:23", "elapsed": 4844.113782, "delta": 16.621469}}
{"target": 0.005092241656981607, "params": {"0": -2.13188392807636, "1": -1.6551488888871562, "2": 2.558113248778845, "3": -0.1919293791557024, "4": -0.01948606963129773, "5": -0.00776308062735076, "6": -2.8922895643535105, "7": -0.9684045845773657}, "datetime": {"datetime": "2021-06-29 21:34:34", "elapsed": 4855.249734, "delta": 11.135952}}
{"target": 0.002956961531256164, "params": {"0": -1.7932163955230276, "1": 0.24772843326930438, "2": 0.7697593686610578, "3": 2.778710547213371, "4": 1.7376690737831453, "5": -2.0894789532240283, "6": -0.9483994403521341, "7": 1.7587564057075822}, "datetime": {"datetime": "2021-06-29 21:35:11", "elapsed": 4892.695622, "delta": 37.445888}}
{"target": 0.0030592184075218655, "params": {"0": 0.7745650596263127, "1": -0.1240100701410567, "2": -0.15015002101957275, "3": 1.0607535915816957, "4": 2.872676865583438, "5": -2.7318382416198306, "6": -1.5841921807122294, "7": 2.2361415965477027}, "datetime": {"datetime": "2021-06-29 21:35:26", "elapsed": 4907.534983, "delta": 14.839361}}
{"target": 0.003325611246438977, "params": {"0": -1.849173472877371, "1": -2.441578029322523, "2": -1.7987155834865476, "3": 1.9264804843905, "4": -2.461673464574595, "5": 2.081714879615131, "6": 1.2483841724056202, "7": 0.09454898840916215}, "datetime": {"datetime": "2021-06-29 21:35:42", "elapsed": 4923.686812, "delta": 16.151829}}
{"target": 0.003323608495432818, "params": {"0": -1.2259813942516222, "1": 2.02147518640428, "2": 1.6264781895797062, "3": -0.02070106095740698, "4": 2.383923339108515, "5": 2.0614206962140313, "6": 1.4920503991946656, "7": 0.3419646615701524}, "datetime": {"datetime": "2021-06-29 21:35:59", "elapsed": 4940.324331, "delta": 16.637519}}
{"target": 0.0031428720496181855, "params": {"0": 1.1535923051299726, "1": -1.3904081009983855, "2": 2.0364871774970714, "3": -0.6502467970495047, "4": 2.1931251564685024, "5": -0.2601543552054366, "6": 2.9950558942642393, "7": 0.5955464340411396}, "datetime": {"datetime": "2021-06-29 21:36:11", "elapsed": 4952.056746, "delta": 11.732415}}
{"target": 0.003056671273843494, "params": {"0": 0.9198233984909789, "1": 0.19638059407107988, "2": -1.5239267069783689, "3": -0.5949171578317713, "4": 2.828475200983915, "5": 0.8308711783057436, "6": -0.7129373816043856, "7": -2.045033778261698}, "datetime": {"datetime": "2021-06-29 21:36:26", "elapsed": 4967.637765, "delta": 15.581019}}
{"target": 0.004289253288290867, "params": {"0": 2.6339133042027267, "1": -0.4111117379875706, "2": 0.5507754684743391, "3": 1.677699511594768, "4": -1.5056695393010375, "5": 1.7237116755935995, "6": -2.0811762541243395, "7": -2.0291134438691705}, "datetime": {"datetime": "2021-06-29 21:37:02", "elapsed": 5002.972955, "delta": 35.33519}}
{"target": 0.003182799187975235, "params": {"0": 0.8956319165296378, "1": -0.8806739298849493, "2": 2.4485774785203445, "3": -1.810857817457127, "4": -1.9384165641418105, "5": -2.1286444668869446, "6": 0.12846816139409345, "7": -2.2133487760523822}, "datetime": {"datetime": "2021-06-29 21:37:21", "elapsed": 5021.954326, "delta": 18.981371}}
{"target": 0.0031147679980778925, "params": {"0": -2.476899935470775, "1": -2.2647252637825237, "2": -1.0232754841293417, "3": -2.8762167058238033, "4": -2.2154842299847326, "5": 2.642356345923087, "6": 1.3962810553451295, "7": -1.7005829540111408}, "datetime": {"datetime": "2021-06-29 21:37:39", "elapsed": 5040.42828, "delta": 18.473954}}
{"target": 0.0029327981174045296, "params": {"0": -1.8385854243280593, "1": -2.337706209277823, "2": -1.0391754349981461, "3": 1.2088992670529528, "4": 2.712348739784108, "5": -0.35703352949713807, "6": -0.8196401809311338, "7": 1.649755630737208}, "datetime": {"datetime": "2021-06-29 21:37:58", "elapsed": 5059.658046, "delta": 19.229766}}
{"target": 0.005164708218569743, "params": {"0": -0.11189068023481497, "1": 1.0670220561265245, "2": -2.12665165482578, "3": 1.5554866526517763, "4": -0.7981888882217767, "5": 2.5689339245630887, "6": -1.8546415259602227, "7": -1.6086625808730823}, "datetime": {"datetime": "2021-06-29 21:38:31", "elapsed": 5092.408577, "delta": 32.750531}}
{"target": 0.0033315501021038796, "params": {"0": -2.3763241306122174, "1": 1.7713785720099366, "2": 2.1520786586030116, "3": 0.6493447256015239, "4": 1.2366882804025492, "5": -1.4768714220466848, "6": -0.3740323998391446, "7": 2.8404435993473944}, "datetime": {"datetime": "2021-06-29 21:38:43", "elapsed": 5104.451598, "delta": 12.043021}}
{"target": 0.003508583559632337, "params": {"0": 2.0640259008292716, "1": 0.5721207611414307, "2": 0.49164264000069036, "3": -0.06973659696153511, "4": -0.36445011702217833, "5": 1.8600886097948868, "6": 1.2755526574764584, "7": -1.1001675959336525}, "datetime": {"datetime": "2021-06-29 21:38:55", "elapsed": 5115.798608, "delta": 11.34701}}
{"target": 0.003341010861212889, "params": {"0": 0.1995625663719074, "1": 2.698937484217085, "2": 2.1692532060826624, "3": -0.8013638409348189, "4": -1.5853856607113834, "5": -1.5279304993524192, "6": -1.0549509690289358, "7": -2.4213579883889906}, "datetime": {"datetime": "2021-06-29 21:39:18", "elapsed": 5139.405421, "delta": 23.606813}}
{"target": 0.009390392948661654, "params": {"0": -2.0387673730798186, "1": 0.04889582029309736, "2": -0.2534225497816669, "3": -1.518005999225094, "4": 1.039455789492287, "5": 2.4375125609692, "6": -2.459434967757466, "7": -1.0074243130393241}, "datetime": {"datetime": "2021-06-29 21:39:32", "elapsed": 5153.467224, "delta": 14.061803}}
{"target": 0.0032027077226633774, "params": {"0": 2.8540546140301846, "1": 1.8973097274604216, "2": -2.681879488657976, "3": -0.5566370215069973, "4": 0.05080392741287865, "5": 0.27858458833117794, "6": 1.381344966620686, "7": 0.2604370089172541}, "datetime": {"datetime": "2021-06-29 21:39:41", "elapsed": 5162.626618, "delta": 9.159394}}
{"target": 0.005099421329977154, "params": {"0": 1.6384618547932437, "1": 1.1544431942275457, "2": -0.3707229126798013, "3": -0.20500764389394988, "4": -1.2898549546453342, "5": -1.8084452803987918, "6": 2.9087255271857977, "7": 1.9485198866444229}, "datetime": {"datetime": "2021-06-29 21:39:53", "elapsed": 5174.548018, "delta": 11.9214}}
{"target": 0.0033569337258186793, "params": {"0": 0.9369109711203203, "1": 1.3356921659802499, "2": -0.8594357482300286, "3": -2.5605661719238233, "4": -0.603264865768371, "5": -1.6215588221857729, "6": -1.2081180195863186, "7": -0.25061271935195517}, "datetime": {"datetime": "2021-06-29 21:40:11", "elapsed": 5192.453049, "delta": 17.905031}}
{"target": 0.0058421917841015745, "params": {"0": -0.6599311420165552, "1": 1.411529517587784, "2": -1.2710066313077049, "3": 1.9674304498524018, "4": -2.0482421093545957, "5": -0.45944658375270553, "6": 1.6338570625302609, "7": 2.0621951848864004}, "datetime": {"datetime": "2021-06-29 21:40:25", "elapsed": 5205.994551, "delta": 13.541502}}
{"target": 0.006000102129587489, "params": {"0": 2.0552296005461788, "1": -2.997660241212947, "2": 0.6266896086526801, "3": -1.8475083107860297, "4": -2.4842886114687905, "5": 2.033935673324991, "6": -1.8959562161800434, "7": -2.69957056193451}, "datetime": {"datetime": "2021-06-29 21:40:35", "elapsed": 5216.12118, "delta": 10.126629}}
{"target": 0.003570588539229681, "params": {"0": -2.298938186395822, "1": 0.24606091814415, "2": 2.222413828450563, "3": -2.1758742875133743, "4": -1.9999853636497171, "5": 0.5016117978316554, "6": -2.6678863479947856, "7": 0.12346852386100693}, "datetime": {"datetime": "2021-06-29 21:40:46", "elapsed": 5227.493324, "delta": 11.372144}}
{"target": 0.029237370248514527, "params": {"0": 1.2394542835276052, "1": -2.7310574429059096, "2": -0.508803617443101, "3": -0.9038559683857623, "4": -0.575145472227744, "5": 0.9034061552074606, "6": -0.19501397378569907, "7": -1.6163220892622379}, "datetime": {"datetime": "2021-06-29 21:40:57", "elapsed": 5238.185861, "delta": 10.692537}}
{"target": 0.005033645020396746, "params": {"0": 0.5788745615494193, "1": 1.0588072366220054, "2": -0.5017208420785311, "3": -0.21740810738772787, "4": 0.05007155647813466, "5": -0.8468064186737694, "6": -1.990450227537996, "7": -1.0303896820843}, "datetime": {"datetime": "2021-06-29 21:41:14", "elapsed": 5254.841174, "delta": 16.655313}}
{"target": 0.010111068674478654, "params": {"0": -0.10857169471753281, "1": 1.9719089341223128, "2": 1.725638746455683, "3": -0.07822666301703363, "4": -1.533635707199997, "5": -1.647744998710403, "6": 0.8004016713837014, "7": 1.697085400716519}, "datetime": {"datetime": "2021-06-29 21:41:40", "elapsed": 5281.008158, "delta": 26.166984}}
{"target": 0.003529069525034295, "params": {"0": 0.9467843240389442, "1": 0.9648889394109865, "2": -2.957004608160773, "3": -2.7129443903486834, "4": -2.5531889400671823, "5": 1.1621123389603483, "6": 2.7801099481682545, "7": 1.9055974422849102}, "datetime": {"datetime": "2021-06-29 21:41:51", "elapsed": 5292.428682, "delta": 11.420524}}
{"target": 0.003242739221925629, "params": {"0": 0.3528548209388469, "1": -0.21659593247428255, "2": -1.753574778221419, "3": -0.08211189581590927, "4": -1.7256461405131027, "5": 1.4723106298226316, "6": 0.08176718183643317, "7": 1.2318121576905119}, "datetime": {"datetime": "2021-06-29 21:42:14", "elapsed": 5314.867241, "delta": 22.438559}}
{"target": 0.003252353586662654, "params": {"0": 0.36519747627107124, "1": 0.7159680541486955, "2": 1.0839659125371996, "3": 1.070897862371253, "4": -1.9672284398758002, "5": -1.3300124629611152, "6": 0.9226720054419237, "7": -1.6134468272277476}, "datetime": {"datetime": "2021-06-29 21:42:28", "elapsed": 5328.894387, "delta": 14.027146}}
{"target": 0.003241579666456197, "params": {"0": -1.1316038853118362, "1": 2.404170823727755, "2": -0.6409269826933599, "3": -2.623162800578413, "4": -1.5106228876482681, "5": -1.3111699276546476, "6": -2.3699696004507773, "7": -2.6099042063139377}, "datetime": {"datetime": "2021-06-29 21:42:41", "elapsed": 5342.032916, "delta": 13.138529}}
{"target": 0.003041767280377766, "params": {"0": -2.9179364862712687, "1": 2.913065953110051, "2": -1.5448412681631278, "3": -0.08306538389946194, "4": 1.6216241965913323, "5": 0.13209194332443674, "6": -1.8131715593810682, "7": 0.8506418458502685}, "datetime": {"datetime": "2021-06-29 21:42:58", "elapsed": 5359.642345, "delta": 17.609429}}
{"target": 0.00394770480924416, "params": {"0": -2.9079415426222566, "1": 0.1284971832141668, "2": -2.9251978711453948, "3": 0.8441634711163091, "4": 2.6363812329219716, "5": -0.7323185702813193, "6": 2.3256893458276533, "7": -2.4668645887127534}, "datetime": {"datetime": "2021-06-29 21:43:18", "elapsed": 5379.58597, "delta": 19.943625}}
{"target": 0.00715883810880797, "params": {"0": 0.909045949375721, "1": 1.1942047373742293, "2": 1.226652062737866, "3": 2.159611531166246, "4": -2.5514437528820695, "5": -0.3809589820286772, "6": -2.57164903368919, "7": -1.5485800157720655}, "datetime": {"datetime": "2021-06-29 21:43:33", "elapsed": 5394.534401, "delta": 14.948431}}
{"target": 0.00458673414719521, "params": {"0": 0.0952799646127751, "1": -2.8929482801192057, "2": 1.5702755814394838, "3": -1.9309051363091805, "4": 0.3392588583531637, "5": 0.8123293820893207, "6": -2.009406977335212, "7": 0.47145751671836056}, "datetime": {"datetime": "2021-06-29 21:44:00", "elapsed": 5421.369905, "delta": 26.835504}}
{"target": 0.0034611160276812104, "params": {"0": -1.4962960589249668, "1": -2.3554689624902068, "2": -0.09923401323011882, "3": 0.4384239753152004, "4": -2.822791231809053, "5": -1.060417188974415, "6": -2.715881364304019, "7": -2.794291924158609}, "datetime": {"datetime": "2021-06-29 21:44:10", "elapsed": 5430.952706, "delta": 9.582801}}
{"target": 0.002908388055730383, "params": {"0": -0.64463642101195, "1": 1.1098992289723704, "2": -0.46687087689869955, "3": 2.7795210394929146, "4": 1.2632021130558293, "5": 2.8524497864283953, "6": 0.16243715806069714, "7": -1.878972598686801}, "datetime": {"datetime": "2021-06-29 21:44:22", "elapsed": 5443.262236, "delta": 12.30953}}
{"target": 0.003090823990396098, "params": {"0": 0.2754974208548062, "1": -2.3751102085570874, "2": -2.6506649145543664, "3": -1.3391779519865081, "4": -0.46363936728443056, "5": 2.4973378586108854, "6": 0.6887849871904788, "7": -2.1286899461421775}, "datetime": {"datetime": "2021-06-29 21:44:35", "elapsed": 5456.166068, "delta": 12.903832}}
{"target": 0.003497321099876788, "params": {"0": 1.035543425147515, "1": -2.401839087865861, "2": -0.3533111037249608, "3": -0.48108497519313254, "4": -0.9691977124266282, "5": 1.1785359117240182, "6": 0.24779042305798127, "7": -1.1910603412069072}, "datetime": {"datetime": "2021-06-29 21:44:55", "elapsed": 5476.691555, "delta": 20.525487}}
{"target": 0.030088414720766014, "params": {"0": -1.063590605232163, "1": -1.2693631618764338, "2": -1.8024643890507692, "3": -0.20140256289589065, "4": -2.048261603403451, "5": -2.119813179298121, "6": 0.15796196709621402, "7": -1.6540669036569702}, "datetime": {"datetime": "2021-06-29 21:45:08", "elapsed": 5489.334755, "delta": 12.6432}}
{"target": 0.003951236859939756, "params": {"0": 2.0805604945621123, "1": -2.3150184855529266, "2": -2.301953083319221, "3": -1.3817883341998778, "4": 1.2595300728097385, "5": -1.3528144229110857, "6": 2.818399622366111, "7": -1.1857319352578088}, "datetime": {"datetime": "2021-06-29 21:45:24", "elapsed": 5505.576774, "delta": 16.242019}}
{"target": 0.5531588473057173, "params": {"0": 0.44568218958418093, "1": -2.4302387803779215, "2": 2.204295222867538, "3": 0.9622701567310301, "4": -2.4516512774483177, "5": 0.7682435696928143, "6": -2.7439887922635178, "7": -0.2235249442054572}, "datetime": {"datetime": "2021-06-29 21:45:39", "elapsed": 5519.805188, "delta": 14.228414}}
{"target": 0.003980632253676265, "params": {"0": 0.3223198190770935, "1": -0.7367075041460907, "2": 1.690927980867599, "3": -0.8491265879452641, "4": 1.1932078703044784, "5": -2.314529582869876, "6": -2.859299844806926, "7": 2.4193004882851774}, "datetime": {"datetime": "2021-06-29 21:45:47", "elapsed": 5528.63166, "delta": 8.826472}}
{"target": 0.012895369258221259, "params": {"0": -0.19081247235263232, "1": -1.8875411156498494, "2": -2.4698992686338967, "3": -0.2878030273472634, "4": -2.128163723141782, "5": 1.0774940506543311, "6": -2.4208619132636295, "7": -1.4895747633782241}, "datetime": {"datetime": "2021-06-29 21:46:03", "elapsed": 5544.390202, "delta": 15.758542}}
{"target": 0.0029621457464189126, "params": {"0": -2.753522627938004, "1": 0.7772918658049242, "2": -2.8250599747325436, "3": 1.2140133594423554, "4": -1.415482524931924, "5": 2.62377412279991, "6": 0.7492924079117529, "7": -1.367634020167928}, "datetime": {"datetime": "2021-06-29 21:46:15", "elapsed": 5556.029754, "delta": 11.639552}}
{"target": 0.00412676938791893, "params": {"0": 0.4687534449916324, "1": 1.9588502184796965, "2": 2.646504166361109, "3": 0.9839091232059793, "4": -2.5617544012834426, "5": 0.7907800814135539, "6": -0.24891585829659757, "7": 2.3053960905452744}, "datetime": {"datetime": "2021-06-29 21:46:36", "elapsed": 5577.001993, "delta": 20.972239}}
{"target": 0.002904239377955089, "params": {"0": 2.2129500155438597, "1": 0.9375317902844862, "2": 1.9831849828674555, "3": 1.1544289888178012, "4": 0.004375749626938763, "5": 2.5122229880621596, "6": 1.9992856393385345, "7": 0.15867135197425952}, "datetime": {"datetime": "2021-06-29 21:46:52", "elapsed": 5593.424079, "delta": 16.422086}}
{"target": 0.006779940329120035, "params": {"0": -0.7450827679790524, "1": -1.6472125129128683, "2": -0.4399041610910719, "3": -2.654168920045434, "4": 2.272413366337915, "5": -0.9037606222584276, "6": 2.604029074568049, "7": 1.2910700330627058}, "datetime": {"datetime": "2021-06-29 21:47:04", "elapsed": 5604.917857, "delta": 11.493778}}
{"target": 0.010358890554159774, "params": {"0": -1.073099739568213, "1": -0.8612657935784842, "2": -0.5711675642567218, "3": -2.9402748598560366, "4": 1.4787509079489034, "5": -0.6547309906479315, "6": -2.043711459592773, "7": -2.161446863703917}, "datetime": {"datetime": "2021-06-29 21:47:14", "elapsed": 5615.526555, "delta": 10.608698}}
{"target": 0.0030027282995249154, "params": {"0": 0.2675582252649944, "1": -0.11713386355714128, "2": -2.5848894880842375, "3": -1.769553347395069, "4": 2.987009676352689, "5": 2.2765645076558068, "6": -0.8496168167864395, "7": -1.7037811839441834}, "datetime": {"datetime": "2021-06-29 21:47:27", "elapsed": 5627.840081, "delta": 12.313526}}
{"target": 0.003173974482091493, "params": {"0": -0.9051053488938416, "1": 1.0582892809885287, "2": 2.236051328073458, "3": 0.11616684770221886, "4": 0.8594883934266742, "5": -1.8773550821930778, "6": -2.1826338231835027, "7": 0.21911799382694364}, "datetime": {"datetime": "2021-06-29 21:47:42", "elapsed": 5643.348868, "delta": 15.508787}}
{"target": 0.00327141947549504, "params": {"0": -2.6923112861739154, "1": -0.3605793356007072, "2": -2.025095240382118, "3": 2.011679940518234, "4": -2.8004662026499245, "5": 0.3852636590281424, "6": 1.2044759142703514, "7": 2.8310724527875823}, "datetime": {"datetime": "2021-06-29 21:47:54", "elapsed": 5654.986511, "delta": 11.637643}}
{"target": 0.0031152219476046432, "params": {"0": 0.02051615033397436, "1": -2.869571128473587, "2": 0.9524537461794536, "3": -2.0471277029319053, "4": 1.0935315833971586, "5": 0.168511303122175, "6": 2.5763771543952965, "7": -2.4258131457248746}, "datetime": {"datetime": "2021-06-29 21:48:09", "elapsed": 5670.457614, "delta": 15.471103}}
{"target": 0.003248024456974963, "params": {"0": -2.449386151766871, "1": 2.7061827221401984, "2": -0.7259137329477934, "3": -1.9715897609904804, "4": -2.6325944308544003, "5": 0.6771703638859305, "6": -1.004118928021804, "7": -0.27057196008417606}, "datetime": {"datetime": "2021-06-29 21:48:27", "elapsed": 5688.121794, "delta": 17.66418}}
{"target": 0.0033910842977697055, "params": {"0": 0.9449649653199232, "1": 0.32513622082928473, "2": 1.5786244288750355, "3": -0.2233935739777433, "4": -2.5760076708116504, "5": -0.6114494667544284, "6": -2.471138062773857, "7": 2.8899839366827482}, "datetime": {"datetime": "2021-06-29 21:48:41", "elapsed": 5702.173837, "delta": 14.052043}}
{"target": 0.0031848953944068953, "params": {"0": 0.7654356559651578, "1": -1.589728817867988, "2": -2.5035733426790436, "3": 2.202324512229273, "4": 1.4547373444530969, "5": -2.377684296066832, "6": 1.4521030995367754, "7": 0.3666470206823318}, "datetime": {"datetime": "2021-06-29 21:48:51", "elapsed": 5711.87433, "delta": 9.700493}}
{"target": 0.0030097245211331185, "params": {"0": -1.358475014744848, "1": 0.9837200623002671, "2": -1.5157483128389977, "3": 2.212266400097607, "4": -1.828377552758742, "5": -1.4368097112191125, "6": 2.735696134397058, "7": 2.281665366899478}, "datetime": {"datetime": "2021-06-29 21:49:05", "elapsed": 5726.176817, "delta": 14.302487}}
{"target": 0.004177880373291879, "params": {"0": 1.060469024409299, "1": 0.6319423057612781, "2": -0.0966899959416585, "3": 1.0530306238873894, "4": -2.1984738385711093, "5": 1.68731306146017, "6": -0.14040296996021295, "7": 2.4986574282515877}, "datetime": {"datetime": "2021-06-29 21:49:19", "elapsed": 5740.046608, "delta": 13.869791}}
{"target": 0.0033895043755225547, "params": {"0": 2.290082869709779, "1": 0.18469280166519564, "2": 2.5132402692421287, "3": 0.2382264635317224, "4": -1.3806940688549687, "5": 2.582528429627093, "6": -0.1332182913072888, "7": 0.6215883362765542}, "datetime": {"datetime": "2021-06-29 21:49:36", "elapsed": 5757.526068, "delta": 17.47946}}
{"target": 0.026619499017274124, "params": {"0": 1.3024905097957582, "1": 1.5146220071437124, "2": 2.019263795462363, "3": -0.7972258715796805, "4": -0.8787907848118337, "5": -0.9590421272909708, "6": -0.399949439109363, "7": 1.1741160336185086}, "datetime": {"datetime": "2021-06-29 21:50:02", "elapsed": 5783.292118, "delta": 25.76605}}
{"target": 0.003462880497455354, "params": {"0": 1.7308845508435802, "1": -1.2834862447844866, "2": -0.8676564802256395, "3": -1.7339496234498968, "4": 0.696450547054424, "5": -2.882385760234072, "6": 0.4080320685021608, "7": -0.4588038006384654}, "datetime": {"datetime": "2021-06-29 21:50:27", "elapsed": 5808.607172, "delta": 25.315054}}
{"target": 0.003094601238724254, "params": {"0": 2.6382211683114356, "1": 2.552192477607587, "2": 1.5990439097963458, "3": -2.5220699398576447, "4": 0.8689249317926802, "5": -1.0575663351303268, "6": 0.7547823860091123, "7": 1.7775454978815652}, "datetime": {"datetime": "2021-06-29 21:50:40", "elapsed": 5821.497277, "delta": 12.890105}}
{"target": 0.00372103185975483, "params": {"0": -0.2248450205826824, "1": -0.3669818039943298, "2": -0.21407730498331512, "3": -1.3175629926801695, "4": -2.387548452522313, "5": -0.9701331035126248, "6": 2.405363079142048, "7": 2.8987897870290142}, "datetime": {"datetime": "2021-06-29 21:50:51", "elapsed": 5832.387295, "delta": 10.890018}}
{"target": 0.006939490652400254, "params": {"0": 1.4844298971764882, "1": -2.647116433895496, "2": 2.7448833102950516, "3": 1.1957061778014069, "4": 0.5562274942867433, "5": -1.2383829913724618, "6": -1.868284705587924, "7": -1.016307988533646}, "datetime": {"datetime": "2021-06-29 21:51:09", "elapsed": 5850.37751, "delta": 17.990215}}
