{"target": 0.0030489408658001516, "params": {"0": -1.0997388810723865, "1": -0.2454708981835072, "2": -0.7826490540818467, "3": -0.7165939252819742, "4": 2.08015709638478, "5": -1.9089132302163774, "6": 2.800116838710295, "7": -1.3827883250927833}, "datetime": {"datetime": "2021-06-29 22:56:40", "elapsed": 9779.682493, "delta": 13.740302}}
{"target": 0.0033686800404121226, "params": {"0": -2.817101971369887, "1": 2.5197225893998514, "2": 2.8200404975449107, "3": 1.6606601297799761, "4": 1.3020396412997624, "5": 0.5095611376630194, "6": -2.0575960889243765, "7": 0.2002083038277611}, "datetime": {"datetime": "2021-06-29 22:56:54", "elapsed": 9794.086959, "delta": 14.404466}}
{"target": 0.0036292366141905765, "params": {"0": 1.700382299465942, "1": -1.9963840343822874, "2": -2.3911262220170415, "3": 1.3707248642257026, "4": -0.4914323060086794, "5": -1.689559614166415, "6": 1.650947125539389, "7": 0.08839193550465474}, "datetime": {"datetime": "2021-06-29 22:57:26", "elapsed": 9825.843221, "delta": 31.756262}}
{"target": 0.0053483340786865995, "params": {"0": 0.05612865110221188, "1": 1.535636611227022, "2": -1.7116270558937228, "3": -0.9294466094383105, "4": -1.8012731346491235, "5": 1.4225951761733375, "6": -0.5373469374312112, "7": 2.3906973797904723}, "datetime": {"datetime": "2021-06-29 22:57:45", "elapsed": 9845.172172, "delta": 19.328951}}
{"target": 0.018327431420207808, "params": {"0": 0.9365864229213248, "1": 1.1294453703973462, "2": -0.6164710813776262, "3": -1.096233132753145, "4": -0.03803450259589525, "5": -0.4838608864295679, "6": 2.1038086778128076, "7": -0.9601356262969691}, "datetime": {"datetime": "2021-06-29 22:58:13", "elapsed": 9872.934985, "delta": 27.762813}}
{"target": 0.0031580517904187945, "params": {"0": 1.8685522739816403, "1": 0.9130314656516303, "2": -0.6107127787883115, "3": -1.6426930762408876, "4": -0.09074379067457317, "5": -0.627608430600473, "6": -0.012631256717618111, "7": 1.5423482652539713}, "datetime": {"datetime": "2021-06-29 22:58:46", "elapsed": 9906.487422, "delta": 33.552437}}
{"target": 0.0030020973386981347, "params": {"0": 1.0459059959322836, "1": -2.299892608308275, "2": -1.0363387345154615, "3": 2.8626099196053145, "4": -0.1784994229676431, "5": 0.6785173147449193, "6": 0.47784823786464514, "7": -0.42171886033765205}, "datetime": {"datetime": "2021-06-29 22:58:59", "elapsed": 9919.298353, "delta": 12.810931}}
{"target": 0.005472590268437507, "params": {"0": 2.8335623266953016, "1": 0.030912387689014054, "2": -2.41490773091898, "3": -0.2246068177506153, "4": -2.4680392044634556, "5": -0.42271120436773746, "6": -0.1026825299732872, "7": -0.012622938416362306}, "datetime": {"datetime": "2021-06-29 22:59:18", "elapsed": 9937.941963, "delta": 18.64361}}
{"target": 0.0031019991866781155, "params": {"0": -2.1054328874114088, "1": -0.6513517812474134, "2": 0.4978624767992992, "3": -2.8292004187101973, "4": 2.312806823124628, "5": -1.7937135353113807, "6": 2.354072702064788, "7": -0.6933176041559386}, "datetime": {"datetime": "2021-06-29 22:59:42", "elapsed": 9962.419838, "delta": 24.477875}}
{"target": 0.003200508772126394, "params": {"0": 0.48481320031427266, "1": -2.9368451792412458, "2": -0.5200174523787551, "3": 1.9111438583416724, "4": -2.3322378282062184, "5": 0.08655761406969731, "6": 1.858249329763427, "7": 1.6240011998059227}, "datetime": {"datetime": "2021-06-29 23:00:14", "elapsed": 9994.147464, "delta": 31.727626}}
{"target": 0.0032992750238763375, "params": {"0": 0.4093015018226147, "1": 0.05507953342709282, "2": -2.5021328755151058, "3": -2.42084295666612, "4": -0.023555176919967558, "5": 1.779569725198562, "6": 2.111031124129374, "7": 0.4493228985355655}, "datetime": {"datetime": "2021-06-29 23:00:34", "elapsed": 10013.520843, "delta": 19.373379}}
{"target": 0.004630879292857469, "params": {"0": -1.5746868321435386, "1": -0.16902113576088773, "2": 0.5657000084685202, "3": 1.479670073927399, "4": 0.09637165347799925, "5": -1.5866895321467482, "6": -2.362538463455855, "7": -2.9195226230161233}, "datetime": {"datetime": "2021-06-29 23:00:55", "elapsed": 10035.403423, "delta": 21.88258}}
{"target": 0.003076603784632801, "params": {"0": -1.8413085280082826, "1": 0.08094517185862049, "2": 1.3059197634010067, "3": -2.7394373384180257, "4": -2.6697887765263006, "5": 2.759333870248314, "6": 2.310675647989255, "7": -1.4377831863293191}, "datetime": {"datetime": "2021-06-29 23:01:17", "elapsed": 10057.289991, "delta": 21.886568}}
{"target": 0.0074595702256413056, "params": {"0": 0.5875259190470659, "1": 2.3445754316875735, "2": -2.6718047704188885, "3": -2.1474643478777358, "4": -0.31852635071729374, "5": 1.6483849885556339, "6": 1.446916716535915, "7": 1.2006262789953084}, "datetime": {"datetime": "2021-06-29 23:01:35", "elapsed": 10075.038926, "delta": 17.748935}}
{"target": 0.0034905203234894097, "params": {"0": -2.2526036090296215, "1": 0.40825977547066294, "2": 2.580200457954083, "3": 0.7490390279236792, "4": -0.18950060854077622, "5": -0.7603735092353743, "6": 2.041234562947986, "7": 1.7840492335365434}, "datetime": {"datetime": "2021-06-29 23:02:00", "elapsed": 10100.325694, "delta": 25.286768}}
{"target": 0.008419792455622858, "params": {"0": -1.1983479661774066, "1": -2.983557915357944, "2": 1.405064718994761, "3": -2.7501487229819714, "4": 2.4197822980934847, "5": 0.9416663919420283, "6": 2.18640113688389, "7": -1.3091565762369977}, "datetime": {"datetime": "2021-06-29 23:02:18", "elapsed": 10118.000533, "delta": 17.674839}}
{"target": 0.0033614027615251592, "params": {"0": -1.7948916319487036, "1": -0.4808436356566155, "2": 1.2079523618921986, "3": -2.966173258414865, "4": 0.5762127353223745, "5": -0.5789540032277638, "6": 0.3480757626246165, "7": 2.8697600990000707}, "datetime": {"datetime": "2021-06-29 23:02:38", "elapsed": 10137.709543, "delta": 19.70901}}
{"target": 0.003614732964507551, "params": {"0": 0.6450822639800258, "1": -0.45013781185300905, "2": -1.0297346833175658, "3": 1.7413952024795663, "4": 2.8272266208918264, "5": -1.234460023389175, "6": -1.4937263678439923, "7": -0.9780586971929646}, "datetime": {"datetime": "2021-06-29 23:03:02", "elapsed": 10162.314817, "delta": 24.605274}}
{"target": 0.003081245262845937, "params": {"0": 2.814087390930835, "1": 0.5440922448789598, "2": 1.5364102683400152, "3": 0.7593950513254946, "4": -0.9342099409463485, "5": -0.11640754221581417, "6": 0.9597556869919455, "7": 0.15639035130098433}, "datetime": {"datetime": "2021-06-29 23:03:34", "elapsed": 10194.118946, "delta": 31.804129}}
{"target": 0.0032240660504730605, "params": {"0": 2.831287133017577, "1": 0.3303492685974865, "2": -1.0036326055398535, "3": 1.891886102063335, "4": -1.473824636072688, "5": -2.009713929993446, "6": -2.810857632487978, "7": -2.4496965540630122}, "datetime": {"datetime": "2021-06-29 23:04:05", "elapsed": 10225.335121, "delta": 31.216175}}
{"target": 0.003359139386047798, "params": {"0": -1.2473395287187807, "1": -1.2602488292782985, "2": -1.5751233924741688, "3": -2.9731153639810537, "4": -2.3929802121627066, "5": 2.473710088348465, "6": -1.0108491822823287, "7": 2.6361453908996673}, "datetime": {"datetime": "2021-06-29 23:04:29", "elapsed": 10248.870062, "delta": 23.534941}}
{"target": 0.0032075404871243726, "params": {"0": 1.0487534306018649, "1": 2.85805209304025, "2": 0.7633579552563465, "3": 0.6693786843660359, "4": -0.7437702532042536, "5": -1.5981138829859114, "6": -2.9802106530612935, "7": 0.546907168755574}, "datetime": {"datetime": "2021-06-29 23:04:54", "elapsed": 10274.491511, "delta": 25.621449}}
{"target": 0.0029112028163748756, "params": {"0": 2.836968154598356, "1": -2.9863926868617234, "2": 1.0407192434924113, "3": 2.468670679037823, "4": -0.28115512369663964, "5": 1.0402164951113306, "6": -2.3244297422718985, "7": 0.8740198219582922}, "datetime": {"datetime": "2021-06-29 23:05:12", "elapsed": 10291.869048, "delta": 17.377537}}
{"target": 0.003480535170283138, "params": {"0": -2.4722135027651824, "1": 2.1247443486852324, "2": -2.3121927960839974, "3": -2.5881238097482555, "4": -2.6342879490855413, "5": -2.2536185353519116, "6": -2.5484926395077716, "7": -0.48124747732075157}, "datetime": {"datetime": "2021-06-29 23:05:24", "elapsed": 10303.97975, "delta": 12.110702}}
{"target": 0.003868912571358051, "params": {"0": 1.052431674586284, "1": 2.9324281910840293, "2": -0.9881543669814912, "3": -1.0448964968818886, "4": 2.2953840886386914, "5": -2.2236942634256813, "6": -0.06751228801491393, "7": -1.9108089937194146}, "datetime": {"datetime": "2021-06-29 23:05:41", "elapsed": 10321.246164, "delta": 17.266414}}
{"target": 0.0032044773834257554, "params": {"0": -1.5124024244160592, "1": -2.162564971510402, "2": 0.8955186396710886, "3": -0.3397960107922078, "4": 0.40660378886754955, "5": 1.0915679385744639, "6": -2.4732057788436324, "7": -0.44106658512126007}, "datetime": {"datetime": "2021-06-29 23:06:05", "elapsed": 10345.454267, "delta": 24.208103}}
{"target": 0.0034519919419557506, "params": {"0": -0.681969506266995, "1": 1.2958468223880049, "2": -0.9461692280527201, "3": 2.745016805199226, "4": -0.5559016573958635, "5": 2.7564906170472385, "6": -2.567980287368892, "7": 1.3581106136863736}, "datetime": {"datetime": "2021-06-29 23:06:24", "elapsed": 10364.43216, "delta": 18.977893}}
{"target": 0.003233216176402126, "params": {"0": 1.4559202411478216, "1": 2.3320413953558843, "2": 0.2817063326513418, "3": 2.050092782804528, "4": 2.1390494710085015, "5": 2.981597698385924, "6": -0.248251374270958, "7": 0.9344956966310844}, "datetime": {"datetime": "2021-06-29 23:06:43", "elapsed": 10382.801385, "delta": 18.369225}}
{"target": 0.0034179120034714067, "params": {"0": 1.7672015803083223, "1": 1.9888796673811822, "2": -2.0330611964100633, "3": -2.4243339235445522, "4": -0.731020260722731, "5": -0.5750106190119748, "6": 0.10993491602774075, "7": 1.7884997486337868}, "datetime": {"datetime": "2021-06-29 23:07:10", "elapsed": 10409.691242, "delta": 26.889857}}
{"target": 0.003128832897093519, "params": {"0": -0.3000870533187028, "1": 2.1699956021889264, "2": -0.3595502697726074, "3": 1.129951708344736, "4": -1.7450651898859497, "5": -2.001401328276617, "6": -0.04600623411708549, "7": 0.0029614896931517976}, "datetime": {"datetime": "2021-06-29 23:07:22", "elapsed": 10422.453593, "delta": 12.762351}}
{"target": 0.003126363031975532, "params": {"0": 2.440989442985498, "1": 1.5556135208985484, "2": -1.8462973234970212, "3": 1.4454136857921078, "4": -0.7621347480726177, "5": -2.3978032306944383, "6": -1.9149605468636837, "7": -2.2690155090937725}, "datetime": {"datetime": "2021-06-29 23:07:39", "elapsed": 10438.997963, "delta": 16.54437}}
{"target": 0.003893681839112917, "params": {"0": 1.1674727687178699, "1": 1.5966792890675974, "2": -1.1450044503505539, "3": -0.7904715766068389, "4": -1.6046561957320216, "5": 1.308459519991235, "6": 2.701865449487615, "7": -2.4814806142955543}, "datetime": {"datetime": "2021-06-29 23:08:00", "elapsed": 10460.124174, "delta": 21.126211}}
{"target": 0.0032818099013675432, "params": {"0": 0.9827276172210411, "1": -0.9585503301542992, "2": 0.012762716982542166, "3": -0.4786022241669965, "4": -2.680392590160599, "5": -2.8257491299750797, "6": -1.4122800310980523, "7": -2.6792895820501164}, "datetime": {"datetime": "2021-06-29 23:08:20", "elapsed": 10480.46834, "delta": 20.344166}}
{"target": 0.0032960999911303504, "params": {"0": 2.699175038460524, "1": 2.228996812891702, "2": -2.028961139110531, "3": 2.4503305904600348, "4": 2.629704461798835, "5": 2.640862902636087, "6": 2.661551310000557, "7": -1.634202886335356}, "datetime": {"datetime": "2021-06-29 23:08:37", "elapsed": 10497.30664, "delta": 16.8383}}
{"target": 0.006473616336742834, "params": {"0": -0.2233307539560312, "1": 1.1704681531406038, "2": -2.3470825103502317, "3": 1.0449267236981319, "4": 2.880594406001851, "5": -1.0228327587697654, "6": -2.849902518277834, "7": -2.456565912514911}, "datetime": {"datetime": "2021-06-29 23:09:03", "elapsed": 10522.827712, "delta": 25.521072}}
{"target": 0.0032239311778915715, "params": {"0": -0.9894726461305421, "1": -0.8997043037985017, "2": -0.7817974162949888, "3": -2.9410058578088734, "4": 0.9450531373856847, "5": 2.2973333731043972, "6": -1.524025307616232, "7": -0.8228551080264741}, "datetime": {"datetime": "2021-06-29 23:09:31", "elapsed": 10551.05469, "delta": 28.226978}}
{"target": 0.003636522895783193, "params": {"0": 1.0365048768453722, "1": 0.5283199164874492, "2": -0.052157618001659856, "3": 1.2211642269566498, "4": -2.8832459930036487, "5": -2.2931888243034724, "6": 2.1359001256364394, "7": 2.596275589522546}, "datetime": {"datetime": "2021-06-29 23:09:58", "elapsed": 10578.415305, "delta": 27.360615}}
{"target": 0.012432209232473264, "params": {"0": -0.02397433543866434, "1": -0.19590385867201832, "2": -0.5945955450837683, "3": -1.9128770096120098, "4": -1.0522393749614434, "5": -1.3055213447901954, "6": -0.4792502001346124, "7": 1.0704964859382073}, "datetime": {"datetime": "2021-06-29 23:10:36", "elapsed": 10615.532689, "delta": 37.117384}}
{"target": 0.003038087809110842, "params": {"0": 1.1916046412809278, "1": -1.5116192807312336, "2": 1.8736361180921213, "3": -1.1048947946560823, "4": 0.1567677545266446, "5": -0.16026249090822242, "6": 1.8539140306086273, "7": 2.991907537772641}, "datetime": {"datetime": "2021-06-29 23:10:54", "elapsed": 10634.053937, "delta": 18.521248}}
{"target": 0.0031273576644220524, "params": {"0": 0.291974842306038, "1": 1.5900775894729042, "2": -1.5682192497453142, "3": -2.4740341456245964, "4": -0.9303088709023015, "5": -0.7456055670463275, "6": -0.5755611113839518, "7": 2.7618771524527777}, "datetime": {"datetime": "2021-06-29 23:11:38", "elapsed": 10678.231206, "delta": 44.177269}}
{"target": 0.0059719440827775295, "params": {"0": 1.193934538922366, "1": -2.348274894548685, "2": -1.9866101634449893, "3": -2.726627265519924, "4": -1.0963326262821345, "5": -0.9127690694843826, "6": 1.570957328732744, "7": -1.233359932184885}, "datetime": {"datetime": "2021-06-29 23:12:27", "elapsed": 10726.951383, "delta": 48.720177}}
{"target": 0.0034285221798591495, "params": {"0": 1.0592652222259051, "1": 1.80966140822553, "2": -1.3460162241980946, "3": -2.3883153015888254, "4": -0.1510369108727927, "5": -0.9957722546106487, "6": -0.3614275068485, "7": 2.957226477117553}, "datetime": {"datetime": "2021-06-29 23:13:25", "elapsed": 10784.56702, "delta": 57.615637}}
{"target": 0.002916790809699312, "params": {"0": 1.8091545736294172, "1": 2.1496090833969586, "2": 2.7712453895700744, "3": 2.8614115281755392, "4": 2.8215584589081324, "5": 1.2079422918108955, "6": -1.8214804633136918, "7": -0.6881803735100429}, "datetime": {"datetime": "2021-06-29 23:13:38", "elapsed": 10797.97143, "delta": 13.40441}}
{"target": 0.002982840366981522, "params": {"0": -1.6259400105499846, "1": 0.434651329897795, "2": -1.5077903785230473, "3": -0.44014389676991916, "4": 1.964242452412579, "5": 1.5466965375706083, "6": 1.8939629762841648, "7": -2.509094900394986}, "datetime": {"datetime": "2021-06-29 23:14:13", "elapsed": 10832.6473, "delta": 34.67587}}
{"target": 0.0030263542023142753, "params": {"0": -2.3473966111740925, "1": -0.1641134324094864, "2": 0.45853259192802387, "3": 1.153978319072631, "4": 2.5895203453933817, "5": -2.141460081925379, "6": -1.9029660756680367, "7": 1.464320004035816}, "datetime": {"datetime": "2021-06-29 23:14:30", "elapsed": 10850.037918, "delta": 17.390618}}
{"target": 0.002993356058751909, "params": {"0": -2.1463630418096997, "1": 2.544952098716143, "2": 0.6193544551524619, "3": -0.4698881324136748, "4": 2.9060726932428773, "5": -0.7339753610130968, "6": 1.684560413314471, "7": -1.5117654525331428}, "datetime": {"datetime": "2021-06-29 23:14:53", "elapsed": 10873.235947, "delta": 23.198029}}
{"target": 0.0033249362947451446, "params": {"0": -0.03840930902983741, "1": -0.9844189164937518, "2": -0.19337704381894483, "3": -2.186964814972225, "4": -1.159814832163894, "5": -2.185300693918332, "6": 2.4086747356897495, "7": 0.7203012495567407}, "datetime": {"datetime": "2021-06-29 23:15:08", "elapsed": 10888.299783, "delta": 15.063836}}
{"target": 0.0037179322726783523, "params": {"0": -1.7423907511797856, "1": 2.8649760568574516, "2": -1.6023914539815611, "3": -2.5613320731999476, "4": 0.6516836314971237, "5": -1.828855882565953, "6": -1.0572016052071214, "7": -0.37076483270685934}, "datetime": {"datetime": "2021-06-29 23:15:32", "elapsed": 10912.037492, "delta": 23.737709}}
{"target": 0.0032510930857219586, "params": {"0": -2.025432304813962, "1": -0.789227336720904, "2": -2.6214699324364776, "3": 1.9509373403990775, "4": -2.1387253349129645, "5": -1.006751943838006, "6": 1.9913711975195199, "7": 1.9109226778653863}, "datetime": {"datetime": "2021-06-29 23:15:48", "elapsed": 10928.488716, "delta": 16.451224}}
{"target": 0.00484120428414548, "params": {"0": 2.121445594527483, "1": -0.8612950746899548, "2": 0.40964619411656056, "3": 1.5460633640896235, "4": -2.0524483553731354, "5": 1.8780534873126697, "6": -1.4483958459546054, "7": -1.5565644047816676}, "datetime": {"datetime": "2021-06-29 23:16:18", "elapsed": 10957.983349, "delta": 29.494633}}
{"target": 0.004955542806953652, "params": {"0": -2.829194116269397, "1": 1.5052460034025348, "2": 1.7869658674382443, "3": -2.7381141834714935, "4": 0.24715812444609053, "5": 2.037343463037832, "6": 2.9754979940458908, "7": -1.9284425308603244}, "datetime": {"datetime": "2021-06-29 23:16:33", "elapsed": 10973.165102, "delta": 15.181753}}
{"target": 0.0031207781683749622, "params": {"0": 2.8686082501929473, "1": 1.921839827259598, "2": 1.1045548151064404, "3": 1.4407041746353562, "4": -0.28305942193698375, "5": -0.5188415762407574, "6": -2.797088831376117, "7": -1.2529398368798068}, "datetime": {"datetime": "2021-06-29 23:16:49", "elapsed": 10989.081622, "delta": 15.91652}}
{"target": 0.003398955156244643, "params": {"0": -0.17452041574112576, "1": -1.701588003140396, "2": -0.5347209102910604, "3": -2.8564355823325402, "4": -2.3635390168296353, "5": 1.9599912416391083, "6": -2.8006492258408846, "7": -1.067680309476771}, "datetime": {"datetime": "2021-06-29 23:17:16", "elapsed": 11015.79539, "delta": 26.713768}}
{"target": 0.0038907616471850095, "params": {"0": -2.382836985454558, "1": 2.0072486512926746, "2": -1.6966016456074653, "3": -0.7697644932149847, "4": -1.0120117647921583, "5": 0.27948275791923205, "6": -1.6139594866709126, "7": -1.2412976104773934}, "datetime": {"datetime": "2021-06-29 23:17:34", "elapsed": 11034.050944, "delta": 18.255554}}
{"target": 0.003915777464398122, "params": {"0": 1.6780313624719447, "1": 1.9634955066310473, "2": 1.3434454906778335, "3": -2.474039654154166, "4": 0.4761802753104796, "5": 0.1030319783777296, "6": -0.6271617737861162, "7": -0.14657748279367233}, "datetime": {"datetime": "2021-06-29 23:18:13", "elapsed": 11073.023608, "delta": 38.972664}}
{"target": 0.0035502232039540354, "params": {"0": -1.0682702751028972, "1": 0.21063954156013143, "2": 2.3551635490930254, "3": -1.5872028198706207, "4": -0.25877388748638364, "5": -2.588409691105543, "6": -1.6771379814014524, "7": -2.423775387052666}, "datetime": {"datetime": "2021-06-29 23:18:37", "elapsed": 11096.742407, "delta": 23.718799}}
{"target": 0.003451082847689197, "params": {"0": 1.8743909597394284, "1": -1.8771482613295265, "2": 2.687753209602005, "3": -2.4123308738382443, "4": -1.3487294742152105, "5": -2.195719621022934, "6": -2.621381693741794, "7": 2.2344077434172736}, "datetime": {"datetime": "2021-06-29 23:18:57", "elapsed": 11117.169159, "delta": 20.426752}}
{"target": 0.003984384165001901, "params": {"0": 2.7093355120192886, "1": -2.673398487322766, "2": -0.16694883298506635, "3": -0.6644114368667333, "4": -2.139419069461412, "5": 0.6729085785908842, "6": -1.9371572093452516, "7": 1.7572799136394268}, "datetime": {"datetime": "2021-06-29 23:19:25", "elapsed": 11144.967418, "delta": 27.798259}}
{"target": 0.0032930439865661463, "params": {"0": -1.9286757699811214, "1": 0.9683667844742931, "2": -0.6957145953793509, "3": 1.1822559794741787, "4": 1.8340570377895276, "5": -2.033451022226062, "6": 2.8968968803024735, "7": 2.0392046283374894}, "datetime": {"datetime": "2021-06-29 23:19:49", "elapsed": 11169.034107, "delta": 24.066689}}
{"target": 0.0034236430348831533, "params": {"0": 0.7012837243758283, "1": -1.432651226511558, "2": 0.6852958461885512, "3": -2.437444022393523, "4": -0.4999753615870284, "5": 2.0057771486898766, "6": -1.0966879575779396, "7": 2.1103609876188933}, "datetime": {"datetime": "2021-06-29 23:20:12", "elapsed": 11191.979663, "delta": 22.945556}}
{"target": 0.01777786193091434, "params": {"0": -0.0017653977335472248, "1": 0.39210835222282414, "2": -1.8075144699036294, "3": 1.5460253657458711, "4": -2.604165880212263, "5": -1.6377186835149207, "6": -1.491318057354887, "7": 2.448962002400851}, "datetime": {"datetime": "2021-06-29 23:20:33", "elapsed": 11213.239992, "delta": 21.260329}}
{"target": 0.003587123464521002, "params": {"0": -1.1573904965945079, "1": 2.476903404816805, "2": 0.7967533107804012, "3": -1.7225614299457597, "4": -1.5699809526525896, "5": 2.9484103002148956, "6": 2.8763422196610255, "7": -2.1934771263956856}, "datetime": {"datetime": "2021-06-29 23:21:02", "elapsed": 11242.067521, "delta": 28.827529}}
{"target": 0.0029242297784307703, "params": {"0": 0.9520812637747644, "1": 1.9276532374957869, "2": 0.7403310010775996, "3": 2.583026954031933, "4": -2.286634245354958, "5": 0.2322840648796589, "6": 1.878578149349285, "7": 0.7073209931472153}, "datetime": {"datetime": "2021-06-29 23:21:21", "elapsed": 11261.064778, "delta": 18.997257}}
{"target": 0.038590115165787184, "params": {"0": -1.1248534837660633, "1": 1.9511268324003535, "2": 2.5370258697080583, "3": -1.2716717809386089, "4": -0.7865748710770748, "5": -1.474100068761029, "6": 0.9835750885071644, "7": 1.8451347664831657}, "datetime": {"datetime": "2021-06-29 23:22:13", "elapsed": 11312.553258, "delta": 51.48848}}
