{"target": 0.0031889593041250176, "params": {"0": 2.9228408359173335, "1": -1.463486618348667, "2": 1.0024288273590312, "3": -1.6107703001158724, "4": 0.4115315081749005, "5": 0.1981459938469312, "6": -2.4942929029438625, "7": -2.2984695008114775}, "datetime": {"datetime": "2021-06-29 21:15:12", "elapsed": 3691.580843, "delta": 10.820217}}
{"target": 0.004648652709341476, "params": {"0": 0.7759446281444831, "1": -2.740336654276274, "2": -0.5996205203513165, "3": -2.4249446327423776, "4": -1.5843166610413786, "5": -1.6608833495577446, "6": -0.5854690346538174, "7": 1.7760265555359407}, "datetime": {"datetime": "2021-06-29 21:15:26", "elapsed": 3706.466535, "delta": 14.885692}}
{"target": 0.0029749283356361907, "params": {"0": -2.7488137847455025, "1": 0.83652930399548, "2": 0.21909004126457754, "3": -0.007874881719812876, "4": -0.0988904536769919, "5": 2.807234886237004, "6": 0.04648990299289402, "7": 2.6876031969135754}, "datetime": {"datetime": "2021-06-29 21:15:39", "elapsed": 3718.916866, "delta": 12.450331}}
{"target": 0.0029916260868540837, "params": {"0": 1.4553017569919309, "1": 1.5523404438560764, "2": -1.210804200074261, "3": -2.6676714796590817, "4": -0.6510342204675608, "5": 2.080495481273303, "6": -0.21535481097703535, "7": -1.9801516874748513}, "datetime": {"datetime": "2021-06-29 21:15:52", "elapsed": 3732.092504, "delta": 13.175638}}
{"target": 0.004607424406741523, "params": {"0": 0.05186532820970502, "1": 2.2320359787086215, "2": -2.7016572715460665, "3": 2.6624479314174447, "4": 0.02325264683055117, "5": -1.5591425806357708, "6": 0.7853514379480808, "7": 0.7313013853367529}, "datetime": {"datetime": "2021-06-29 21:16:02", "elapsed": 3742.449672, "delta": 10.357168}}
{"target": 0.0037217777046906963, "params": {"0": -1.5647451433843256, "1": -0.4128437492094319, "2": -0.7720216948395935, "3": -1.8692123330017165, "4": 1.0212291315690027, "5": -1.2586111660344836, "6": 2.466658665605575, "7": 2.232045663970264}, "datetime": {"datetime": "2021-06-29 21:16:18", "elapsed": 3757.676446, "delta": 15.226774}}
{"target": 0.00537017502930185, "params": {"0": 0.42627358421368555, "1": 0.087257753289252, "2": -0.177205536646599, "3": -1.2956376396851819, "4": -0.6801477996976946, "5": 0.43137114921455844, "6": 2.007131809005262, "7": -1.8856483457397637}, "datetime": {"datetime": "2021-06-29 21:16:29", "elapsed": 3768.6019, "delta": 10.925454}}
{"target": 0.00317029836781888, "params": {"0": 1.3069032776805303, "1": 2.5698114815326294, "2": -0.8003696563823492, "3": -0.7879895000894135, "4": 0.07398285866760634, "5": -0.6784104856396995, "6": 1.7824418347522224, "7": -1.2776083320461742}, "datetime": {"datetime": "2021-06-29 21:16:45", "elapsed": 3784.797832, "delta": 16.195932}}
{"target": 0.0038141608662577114, "params": {"0": -2.8028941012517965, "1": -1.255042246212897, "2": 0.9344518561002815, "3": -0.7129974393353771, "4": -1.2245767871629232, "5": -2.0345855353326936, "6": -1.3616130882799637, "7": -0.9981830595505428}, "datetime": {"datetime": "2021-06-29 21:17:00", "elapsed": 3799.776335, "delta": 14.978503}}
{"target": 0.003700599467900116, "params": {"0": 0.7822326896317078, "1": 1.8423749558507252, "2": -2.7781450104936374, "3": -0.8429148982558043, "4": 0.781047398519557, "5": -0.8776012639548534, "6": -2.1028608318528925, "7": 2.448140364012194}, "datetime": {"datetime": "2021-06-29 21:17:12", "elapsed": 3811.673803, "delta": 11.897468}}
{"target": 0.0031886767499136005, "params": {"0": 0.8441373824061862, "1": 1.317796283713042, "2": -2.422589485331126, "3": -2.5061174260727226, "4": -1.9125918311433368, "5": 1.9791117228344977, "6": 1.9650908128651476, "7": 0.5901687476035038}, "datetime": {"datetime": "2021-06-29 21:17:33", "elapsed": 3833.192361, "delta": 21.518558}}
{"target": 0.004875834889850281, "params": {"0": 1.9316778843664775, "1": 2.3228941693840817, "2": -1.7282146844381197, "3": -2.108543973299775, "4": -1.0304511636658098, "5": -0.3921243968570778, "6": -0.48838828255139743, "7": 1.5769455321461159}, "datetime": {"datetime": "2021-06-29 21:17:47", "elapsed": 3846.704999, "delta": 13.512638}}
{"target": 0.00308227488460118, "params": {"0": 1.8631568516024775, "1": 2.6811483156396276, "2": 2.8324986585095786, "3": -0.3853159993951243, "4": 0.16439226945668572, "5": 0.5247729894510069, "6": 0.8466936074144007, "7": -1.1448065691452636}, "datetime": {"datetime": "2021-06-29 21:17:59", "elapsed": 3859.030135, "delta": 12.325136}}
{"target": 0.002982499508619439, "params": {"0": 0.5432683537889571, "1": 0.15756507624201532, "2": 2.0935328057248563, "3": -2.9784293496185796, "4": 2.1148533979086483, "5": 2.482928208931085, "6": 2.0129644850062505, "7": 1.9617220485534625}, "datetime": {"datetime": "2021-06-29 21:18:12", "elapsed": 3872.26559, "delta": 13.235455}}
{"target": 0.0032949469032020123, "params": {"0": -2.2096020558388596, "1": 0.8755879725348299, "2": 2.819912710731505, "3": -0.6140658821457841, "4": 1.2729781267926388, "5": -0.5698593110214047, "6": -2.9799854954130485, "7": 2.9264809290669263}, "datetime": {"datetime": "2021-06-29 21:18:26", "elapsed": 3886.175706, "delta": 13.910116}}
{"target": 0.003430892546982473, "params": {"0": 1.2326471171274083, "1": 1.9587652283159454, "2": -0.6713872317761842, "3": -1.5105131250433763, "4": -0.33134441185182784, "5": -0.6885471970895649, "6": 1.553113927875236, "7": -0.5268303290998482}, "datetime": {"datetime": "2021-06-29 21:18:54", "elapsed": 3913.758098, "delta": 27.582392}}
{"target": 0.0035489487143955246, "params": {"0": -0.18562278823078238, "1": 0.7300077013217106, "2": -0.09083881284077266, "3": -0.04207031263689087, "4": -2.7214408960656873, "5": -0.2914290779377362, "6": -2.1375818477553956, "7": 2.259002394120299}, "datetime": {"datetime": "2021-06-29 21:19:03", "elapsed": 3923.27121, "delta": 9.513112}}
{"target": 0.004094406945920835, "params": {"0": -1.8226316846205977, "1": 0.4585555370327068, "2": 0.8219786821606814, "3": -1.9771662921258641, "4": -1.087742914229746, "5": -0.1977299820062024, "6": 2.267706659968294, "7": -0.09916977961018647}, "datetime": {"datetime": "2021-06-29 21:19:12", "elapsed": 3931.694011, "delta": 8.422801}}
{"target": 0.003361866978185718, "params": {"0": 2.4135178752758186, "1": -2.903623607677126, "2": -0.5460733722450684, "3": 0.6804022533994387, "4": -0.9498223885732866, "5": 0.7416816563315707, "6": -2.352004941802991, "7": 0.9115985831520965}, "datetime": {"datetime": "2021-06-29 21:19:20", "elapsed": 3940.417716, "delta": 8.723705}}
{"target": 0.0031717850515204115, "params": {"0": 1.6137425438256443, "1": -0.9414746737076563, "2": -0.5214705111998255, "3": -1.7587263538005886, "4": -0.11852096327490758, "5": 0.7269110884091026, "6": 2.410523009176827, "7": -1.9937665636985153}, "datetime": {"datetime": "2021-06-29 21:19:35", "elapsed": 3954.611795, "delta": 14.194079}}
{"target": 0.0032956502729704126, "params": {"0": -1.4495135773497567, "1": -2.6656940800583393, "2": -0.10141213712524566, "3": -0.18603505362058703, "4": 2.3293082856598533, "5": -0.95815523213995, "6": 2.9192984051385853, "7": -0.3770423596792907}, "datetime": {"datetime": "2021-06-29 21:19:52", "elapsed": 3971.584917, "delta": 16.973122}}
{"target": 0.0030990822761133153, "params": {"0": 0.1531877510342765, "1": 2.119769603448753, "2": -0.12226254791942281, "3": -0.5432549577568588, "4": 2.686857285243504, "5": 1.6126151761427296, "6": -1.470984598044215, "7": -2.7516796262826304}, "datetime": {"datetime": "2021-06-29 21:20:04", "elapsed": 3983.874998, "delta": 12.290081}}
{"target": 0.005401760157636433, "params": {"0": 0.5651994080686058, "1": 1.57055433077924, "2": 1.468074254847063, "3": -1.9883959137133804, "4": 0.21019991368978808, "5": 1.090985772175224, "6": -0.5758430513966535, "7": -2.198980859063031}, "datetime": {"datetime": "2021-06-29 21:20:19", "elapsed": 3998.957411, "delta": 15.082413}}
{"target": 0.0053084154013722075, "params": {"0": 1.1408344820892156, "1": 0.529321058225027, "2": -0.5636025680747307, "3": -0.28870750606821094, "4": 0.6285241125495302, "5": -0.2923151683102425, "6": -1.073419736280802, "7": -2.3499237675117963}, "datetime": {"datetime": "2021-06-29 21:20:33", "elapsed": 4012.935201, "delta": 13.97779}}
{"target": 0.003284896559877911, "params": {"0": -0.7033790049839617, "1": -0.10975169168809806, "2": -0.21915793618353652, "3": 1.1214564158992584, "4": -1.3571016588798372, "5": 1.7971811916081428, "6": -2.2314747762993146, "7": 0.5697422588486205}, "datetime": {"datetime": "2021-06-29 21:21:11", "elapsed": 4050.890552, "delta": 37.955351}}
{"target": 0.0035789226988488273, "params": {"0": -2.2439962958423445, "1": 2.575007814520096, "2": 2.6884028338762684, "3": -0.7673725878337674, "4": -1.2931844798332817, "5": -2.069593596849249, "6": -0.3004249155252845, "7": -2.6796290001621896}, "datetime": {"datetime": "2021-06-29 21:21:21", "elapsed": 4061.270775, "delta": 10.380223}}
{"target": 0.0037542982138273778, "params": {"0": 0.0013504882387995742, "1": 0.12730016017039336, "2": -1.0163479727936962, "3": 0.4974028973471558, "4": -2.870701772226286, "5": 2.338558798545659, "6": 1.0443204472327894, "7": 1.8160233960442733}, "datetime": {"datetime": "2021-06-29 21:21:29", "elapsed": 4068.864472, "delta": 7.593697}}
{"target": 0.0029680617473809524, "params": {"0": 2.201086604775311, "1": 2.0574325530366613, "2": 1.2149946825232636, "3": 0.47962054952764976, "4": 2.133093420722995, "5": 0.15346338530896997, "6": -2.2561194285355577, "7": -0.7609419446781285}, "datetime": {"datetime": "2021-06-29 21:21:39", "elapsed": 4078.970811, "delta": 10.106339}}
{"target": 0.003195464134514853, "params": {"0": -0.3568204835469295, "1": -2.9328741577854114, "2": -0.45072670433430684, "3": 2.894654280120892, "4": -2.4017158484726835, "5": 1.0906407502719961, "6": -2.5942182290622426, "7": 2.227319768431272}, "datetime": {"datetime": "2021-06-29 21:21:49", "elapsed": 4088.763867, "delta": 9.793056}}
{"target": 0.0032213369765127374, "params": {"0": -1.9991613832632094, "1": 2.623956872253844, "2": -1.3468905682386663, "3": -2.4780280151212137, "4": -1.77729602058065, "5": -1.4259911785038566, "6": -1.9778268777398218, "7": 1.405574717120805}, "datetime": {"datetime": "2021-06-29 21:22:07", "elapsed": 4107.090048, "delta": 18.326181}}
{"target": 0.0031651079959457854, "params": {"0": 2.5214785384160745, "1": -1.138224200076849, "2": 0.9214715816529861, "3": -1.5102392293632714, "4": -0.3611088094767938, "5": 2.396586900431733, "6": -0.24887893431517272, "7": -2.1194310969709997}, "datetime": {"datetime": "2021-06-29 21:22:16", "elapsed": 4116.05417, "delta": 8.964122}}
{"target": 0.00893068342478, "params": {"0": 2.0132528937161815, "1": 1.4815206832464352, "2": -1.4251095535761071, "3": 1.3706738280247484, "4": -1.1844665440624245, "5": 2.730306558309479, "6": 0.6175818219073621, "7": -0.49709269650371946}, "datetime": {"datetime": "2021-06-29 21:22:29", "elapsed": 4129.492859, "delta": 13.438689}}
{"target": 0.0031604180084429945, "params": {"0": -2.835437590053688, "1": -0.8781064457862477, "2": 0.5967687326738265, "3": -2.3069263923397054, "4": -0.7044068416118048, "5": 1.8367016184453515, "6": -2.3873388689070474, "7": -2.8353651736251035}, "datetime": {"datetime": "2021-06-29 21:22:44", "elapsed": 4144.479711, "delta": 14.986852}}
{"target": 0.004137735304231128, "params": {"0": 0.2870779192638002, "1": 2.640717791353138, "2": -2.757093483835922, "3": 1.5171245623507863, "4": -1.514685597611278, "5": 1.7857427392850145, "6": 0.6245900185411841, "7": 0.35482707134072067}, "datetime": {"datetime": "2021-06-29 21:23:11", "elapsed": 4170.914209, "delta": 26.434498}}
{"target": 0.0032249103090542857, "params": {"0": -2.0571302888960528, "1": -2.957313216984572, "2": -0.6844574266260288, "3": -1.5159840238062277, "4": -1.877851063870501, "5": 2.689582042762102, "6": 0.39859502485927667, "7": 0.8776352263848537}, "datetime": {"datetime": "2021-06-29 21:23:26", "elapsed": 4186.36661, "delta": 15.452401}}
{"target": 0.018648063019191235, "params": {"0": -1.5244700422390174, "1": -1.3831496078073608, "2": 2.506447858530925, "3": 2.444864895728929, "4": 1.1821504630590267, "5": -0.2624153892828609, "6": 1.58744152617414, "7": -2.4316525504285766}, "datetime": {"datetime": "2021-06-29 21:23:37", "elapsed": 4196.934755, "delta": 10.568145}}
{"target": 0.011697012301083743, "params": {"0": 1.3342742064370618, "1": -1.4127153864375257, "2": 0.8793392203457122, "3": -2.7887734558564077, "4": -2.3338398213426172, "5": -1.4402160271115225, "6": -2.4631925459309763, "7": 0.8676871242560198}, "datetime": {"datetime": "2021-06-29 21:24:03", "elapsed": 4223.491445, "delta": 26.55669}}
{"target": 0.0030934382963536807, "params": {"0": 1.3307074942707597, "1": 2.5305292174871, "2": -2.3643449015384412, "3": -1.8784456362055175, "4": -1.5800040791722672, "5": 0.26501164711750835, "6": 0.4643071431271757, "7": 1.639735500031934}, "datetime": {"datetime": "2021-06-29 21:24:18", "elapsed": 4237.597501, "delta": 14.106056}}
{"target": 0.009569188260770325, "params": {"0": 1.8460389393652425, "1": -2.0930853362625563, "2": -1.8493857141328363, "3": 1.2078516538133393, "4": -0.33486736247353033, "5": -1.080000696549483, "6": 1.6331427660271212, "7": 0.19762882464158604}, "datetime": {"datetime": "2021-06-29 21:24:30", "elapsed": 4250.204517, "delta": 12.607016}}
{"target": 0.018122119264792288, "params": {"0": 1.355299985079462, "1": -1.204287762673132, "2": -1.5039515325720432, "3": 0.8063082461203592, "4": 0.4390377335597293, "5": -1.2555739310469214, "6": 2.383917641163377, "7": -0.9923152821944408}, "datetime": {"datetime": "2021-06-29 21:24:59", "elapsed": 4279.027955, "delta": 28.823438}}
{"target": 0.007355106218792564, "params": {"0": 2.949376837862789, "1": -0.971175615993241, "2": 0.3614424154709708, "3": 2.502032540861297, "4": -1.1581405974377712, "5": 1.5777280762776362, "6": -2.0219976690954784, "7": -1.5524702264140329}, "datetime": {"datetime": "2021-06-29 21:25:20", "elapsed": 4299.931555, "delta": 20.9036}}
{"target": 0.003050757296839033, "params": {"0": 2.1076992920516835, "1": 2.461034179062289, "2": 2.2717765544014714, "3": 2.632308195672339, "4": -0.995213480997637, "5": 0.24998856787739943, "6": -2.673742920892499, "7": 2.217780345559734}, "datetime": {"datetime": "2021-06-29 21:25:33", "elapsed": 4312.97919, "delta": 13.047635}}
{"target": 0.0030351684764383102, "params": {"0": -2.4666993443991485, "1": 2.1141567267107213, "2": 0.9148010026741664, "3": -1.8143449455179055, "4": 1.1070812111509012, "5": -2.4732881519153707, "6": -0.08364723286472753, "7": 0.7235125361391876}, "datetime": {"datetime": "2021-06-29 21:25:52", "elapsed": 4332.303627, "delta": 19.324437}}
{"target": 0.00461888248113759, "params": {"0": 1.634830860071486, "1": 1.2944588805645365, "2": -1.5832207022699272, "3": -2.515275794753054, "4": -0.7037178232768828, "5": -1.0845922759390922, "6": -1.2210105921994643, "7": 2.3247086983007987}, "datetime": {"datetime": "2021-06-29 21:26:15", "elapsed": 4354.538432, "delta": 22.234805}}
{"target": 0.0030409367594772855, "params": {"0": -2.471033156374303, "1": 2.1040930606272044, "2": 2.9560483178741555, "3": 1.656034219087398, "4": 2.6823287311039596, "5": -1.4181444531704337, "6": 2.697854100258753, "7": 0.41162055127723063}, "datetime": {"datetime": "2021-06-29 21:26:27", "elapsed": 4366.648104, "delta": 12.109672}}
{"target": 0.0029198732394476036, "params": {"0": -1.3812155399517319, "1": -0.005898863149080391, "2": -2.6031996346138877, "3": 1.0951194884898054, "4": 1.5444408073083604, "5": -1.0473846548519463, "6": -0.9169389172705795, "7": 0.40453752361691553}, "datetime": {"datetime": "2021-06-29 21:26:39", "elapsed": 4378.723361, "delta": 12.075257}}
{"target": 0.004116813205874028, "params": {"0": 1.8043388972878462, "1": 0.5308214109411336, "2": 2.3343793014736782, "3": -0.29246186350827186, "4": -1.0318049381182985, "5": 2.6157509580304152, "6": -0.6965304000773114, "7": -0.42255932411474006}, "datetime": {"datetime": "2021-06-29 21:26:47", "elapsed": 4387.158338, "delta": 8.434977}}
{"target": 0.0029675609821990935, "params": {"0": 1.6869325624737659, "1": -0.8866243106459879, "2": 0.3700588076028506, "3": -1.1044569729097136, "4": 2.414298553648429, "5": 2.7722590810723187, "6": 1.1858658889780838, "7": -0.37545887655630894}, "datetime": {"datetime": "2021-06-29 21:27:01", "elapsed": 4400.575455, "delta": 13.417117}}
{"target": 0.011236124956558204, "params": {"0": 0.6726195449261629, "1": -2.6561690839413146, "2": -2.005040571517795, "3": -2.5190853149123984, "4": -0.9752985530692388, "5": -1.1233117129494958, "6": 1.3759898213332278, "7": -0.9345653771367699}, "datetime": {"datetime": "2021-06-29 21:27:18", "elapsed": 4417.861441, "delta": 17.285986}}
{"target": 0.003100364523470864, "params": {"0": -1.0253837594356763, "1": -2.571308012836381, "2": -0.15980446781084634, "3": -2.155153607109914, "4": 2.284926910971776, "5": 1.0477092486849582, "6": -2.92350694431041, "7": -0.8966445678308843}, "datetime": {"datetime": "2021-06-29 21:27:31", "elapsed": 4431.407096, "delta": 13.545655}}
{"target": 0.0441028664001355, "params": {"0": 1.9542233059985215, "1": 1.4045767702228185, "2": 0.2561700976635155, "3": -0.970074409832411, "4": -1.9901238086348856, "5": -0.6522678504817678, "6": -2.1215801656743616, "7": -2.8885806791675543}, "datetime": {"datetime": "2021-06-29 21:27:43", "elapsed": 4443.494573, "delta": 12.087477}}
{"target": 0.0029712163941856802, "params": {"0": -0.5809372305368878, "1": 0.5709640504633002, "2": 1.740800094631478, "3": -0.919658107161685, "4": 2.663425677647412, "5": 2.759336152801321, "6": -2.360793266174448, "7": -2.7839574157642355}, "datetime": {"datetime": "2021-06-29 21:28:01", "elapsed": 4460.57863, "delta": 17.084057}}
{"target": 0.0030887368858227514, "params": {"0": 1.5457514570810513, "1": 0.9190227940927267, "2": 2.4075847652418583, "3": 2.6188205453696476, "4": -1.467204703275981, "5": -2.3759234737436508, "6": -1.757657923063466, "7": 1.6029714944199416}, "datetime": {"datetime": "2021-06-29 21:28:15", "elapsed": 4475.033352, "delta": 14.454722}}
{"target": 0.003287442440074826, "params": {"0": 0.7524175163245488, "1": 2.23672773529689, "2": -0.2930919508728089, "3": -1.7001125496780414, "4": 1.5798459444229094, "5": -1.123741125850769, "6": 0.8276321232892929, "7": 0.24361000743259176}, "datetime": {"datetime": "2021-06-29 21:28:36", "elapsed": 4495.574303, "delta": 20.540951}}
{"target": 0.00289175227957099, "params": {"0": -2.3649026136238507, "1": 1.457924089619918, "2": 2.5557913363948943, "3": 2.3905934404475584, "4": 2.6608615080903615, "5": 1.005954641796265, "6": -2.9811511586928736, "7": -0.7032075506528974}, "datetime": {"datetime": "2021-06-29 21:28:44", "elapsed": 4504.274307, "delta": 8.700004}}
{"target": 0.0030329297674843735, "params": {"0": -2.708076985145729, "1": 1.4853558205082873, "2": 0.5455038620448569, "3": -0.4933947806206085, "4": 1.1421844466573416, "5": 1.7056452658880925, "6": -1.466302257196492, "7": 2.2636365354065164}, "datetime": {"datetime": "2021-06-29 21:28:59", "elapsed": 4519.281051, "delta": 15.006744}}
{"target": 0.004714985324706352, "params": {"0": 0.5994303947523449, "1": -0.76356039464275, "2": 1.8322156540060544, "3": 0.11952412373312526, "4": -0.10002485400186689, "5": -1.6960998619737466, "6": 0.3906841279281035, "7": 0.8707892686548941}, "datetime": {"datetime": "2021-06-29 21:29:25", "elapsed": 4544.887497, "delta": 25.606446}}
{"target": 0.0038404535259899224, "params": {"0": -0.7591130132453743, "1": -1.8495470666134288, "2": -2.6423326203580624, "3": -0.09405640213891964, "4": 1.876704139284791, "5": 0.04410719242398642, "6": 2.2434295199302214, "7": 2.8476289846056817}, "datetime": {"datetime": "2021-06-29 21:29:35", "elapsed": 4555.09918, "delta": 10.211683}}
{"target": 0.004513393123174262, "params": {"0": -0.3237495834319679, "1": 1.1876915090192863, "2": -2.6558885720019756, "3": 0.6021755846866439, "4": 1.3031688586015617, "5": -1.5755057450317833, "6": 2.4730905184893315, "7": 2.0923969366185196}, "datetime": {"datetime": "2021-06-29 21:29:45", "elapsed": 4565.147923, "delta": 10.048743}}
{"target": 0.0033864771128199185, "params": {"0": 1.3551316576631107, "1": 1.774014924633451, "2": -1.8830050195486572, "3": -2.615033872273884, "4": -0.6404642462317209, "5": -1.3695706395372054, "6": -0.25926518422780953, "7": 1.98943896953977}, "datetime": {"datetime": "2021-06-29 21:29:58", "elapsed": 4578.406489, "delta": 13.258566}}
{"target": 0.0029465410394492386, "params": {"0": 2.214257398732041, "1": 0.9806850044532274, "2": 2.5410345949095596, "3": 0.4825581836412325, "4": -1.3998477641894433, "5": -1.5427006521702424, "6": -0.3043294714040723, "7": -0.2401414167150211}, "datetime": {"datetime": "2021-06-29 21:30:14", "elapsed": 4593.873882, "delta": 15.467393}}
{"target": 0.00363866072310588, "params": {"0": -0.8108877211976391, "1": 0.4123378113112528, "2": 0.3624702790180141, "3": -1.8658421269307095, "4": 0.8864415863590613, "5": -0.6786266833854473, "6": -2.4100028847623087, "7": -1.344489306156212}, "datetime": {"datetime": "2021-06-29 21:30:25", "elapsed": 4604.603266, "delta": 10.729384}}
{"target": 0.003118540629540301, "params": {"0": -0.5152654428347212, "1": 2.334814834027817, "2": 1.6915674404683942, "3": -1.6428057134611551, "4": -1.016738773549076, "5": -1.3164055406002935, "6": 1.766790404359317, "7": 1.6537533284903239}, "datetime": {"datetime": "2021-06-29 21:30:47", "elapsed": 4626.670245, "delta": 22.066979}}
{"target": 0.003265870787536337, "params": {"0": 0.7629335983041363, "1": -2.971754579504644, "2": 1.827130253440851, "3": -2.1274860727995413, "4": 0.05145359111441827, "5": 0.07041022127071361, "6": -2.330956828439736, "7": 0.6664431732439504}, "datetime": {"datetime": "2021-06-29 21:31:15", "elapsed": 4654.731381, "delta": 28.061136}}
