{"target": 0.003293331324173901, "params": {"0": 0.9218933643682394, "1": 2.255714222424481, "2": -2.9598381078566134, "3": -2.0972506909019915, "4": -1.3716859130833996, "5": 2.763969617067146, "6": 1.3309767649756576, "7": -0.22683214524143125}, "datetime": {"datetime": "2021-06-29 20:19:17", "elapsed": 337.198115, "delta": 1.888975}}
{"target": 0.00489047995995905, "params": {"0": -2.6258052505001586, "1": 0.2089910810060438, "2": -0.07673434275207747, "3": 2.4685830832083857, "4": 1.7431415552526763, "5": -1.689670939490888, "6": -1.4801396082200973, "7": 2.881409047087284}, "datetime": {"datetime": "2021-06-29 20:19:19", "elapsed": 339.100895, "delta": 1.90278}}
{"target": 0.003813547847395723, "params": {"0": -0.614871559788492, "1": -0.38235630659857955, "2": 1.5707559559937918, "3": 2.049094716862041, "4": 2.858672680519298, "5": -2.8946601205875706, "6": -2.010107947948312, "7": 1.7529127631417047}, "datetime": {"datetime": "2021-06-29 20:19:21", "elapsed": 340.866711, "delta": 1.765816}}
{"target": 0.003258104760746462, "params": {"0": -2.0979963404253428, "1": -0.7228111052772168, "2": -1.3176992874340525, "3": -0.3396858192727814, "4": -1.1490895272802293, "5": 2.9388412445897867, "6": 2.8191199107955844, "7": 2.298694496609281}, "datetime": {"datetime": "2021-06-29 20:19:23", "elapsed": 342.8156, "delta": 1.948889}}
{"target": 0.005174073300659125, "params": {"0": 2.652193225214628, "1": -2.9299317524338613, "2": -0.23468096155646023, "3": 0.7944844908710476, "4": 2.398514325972034, "5": 2.241674385570498, "6": -1.3575405157249987, "7": 0.2654176613496668}, "datetime": {"datetime": "2021-06-29 20:19:25", "elapsed": 345.068201, "delta": 2.252601}}
{"target": 0.0029639480752584593, "params": {"0": 0.33319317046303354, "1": 2.682986193139132, "2": 0.21785405385184653, "3": 2.770892904971806, "4": 2.6595710916747413, "5": 0.7916709744093655, "6": -2.4047560449159944, "7": -0.7764373527854698}, "datetime": {"datetime": "2021-06-29 20:19:27", "elapsed": 346.888307, "delta": 1.820106}}
{"target": 0.003147371425993841, "params": {"0": -0.28541230310227217, "1": 2.8493279400335387, "2": -2.8668559668393305, "3": 2.895242337279801, "4": -1.7435528566390268, "5": -0.2909705364488735, "6": -2.599665351742413, "7": -1.87459514622091}, "datetime": {"datetime": "2021-06-29 20:19:29", "elapsed": 349.463487, "delta": 2.57518}}
{"target": 0.0029893220322976984, "params": {"0": 0.17857454576405463, "1": 2.7706113813228264, "2": 2.7093032730557614, "3": 0.4800159268694788, "4": 0.05850980692192298, "5": 2.751441489808495, "6": 2.7698596217453613, "7": -1.1560040938996765}, "datetime": {"datetime": "2021-06-29 20:19:32", "elapsed": 352.35891, "delta": 2.895423}}
{"target": 0.0029792106670547516, "params": {"0": 1.4583563330337146, "1": 2.6419380803104966, "2": 0.07610299110300822, "3": -0.4027719578808595, "4": 0.013069056634392062, "5": 0.19417962113505904, "6": 2.767872544698938, "7": 0.10962858197050451}, "datetime": {"datetime": "2021-06-29 20:19:37", "elapsed": 356.910719, "delta": 4.551809}}
{"target": 0.003464865889537291, "params": {"0": -0.4370253476242443, "1": 2.5708457308837387, "2": -1.1988186504176894, "3": 2.1232656274455364, "4": -1.491560454107082, "5": -1.5666438733109922, "6": -0.3279720495580847, "7": -2.3068902716814836}, "datetime": {"datetime": "2021-06-29 20:19:40", "elapsed": 359.892453, "delta": 2.981734}}
{"target": 0.0034017452660925315, "params": {"0": -2.614971602845042, "1": -2.792366391168729, "2": -2.3725412063174667, "3": 2.7810359274305094, "4": 1.6420889233208866, "5": -2.934615548353979, "6": 2.469909657102697, "7": -2.948353687646293}, "datetime": {"datetime": "2021-06-29 20:19:42", "elapsed": 362.173607, "delta": 2.281154}}
{"target": 0.0029212465899598004, "params": {"0": 0.9848809764151834, "1": -0.9410114140119381, "2": 1.5179759104587722, "3": -2.597649945101503, "4": 0.673953453107619, "5": 1.5600198549790685, "6": 2.9966032117814736, "7": 2.03753032142021}, "datetime": {"datetime": "2021-06-29 20:19:44", "elapsed": 363.987524, "delta": 1.813917}}
{"target": 0.003237186887531177, "params": {"0": 1.6316273305640792, "1": 0.6541264696358926, "2": -2.004478091600819, "3": 0.6376877870483035, "4": -2.2343438284636794, "5": -0.328800637667396, "6": 0.4018935481904773, "7": -2.5638521698480785}, "datetime": {"datetime": "2021-06-29 20:19:45", "elapsed": 364.996287, "delta": 1.008763}}
{"target": 0.004713812828807723, "params": {"0": 0.6649537039872313, "1": -2.773142880579145, "2": -2.985003052018157, "3": 1.7279611964900532, "4": -2.6619990052233122, "5": -2.8282718642342783, "6": 1.6628669848674988, "7": 2.1259836775411802}, "datetime": {"datetime": "2021-06-29 20:19:47", "elapsed": 366.995114, "delta": 1.998827}}
{"target": 0.0032993193564547995, "params": {"0": 2.4505972891363186, "1": -0.07080556462760423, "2": 2.7744639501237796, "3": -1.004961749544395, "4": 1.3757490345372432, "5": 0.1590169525837153, "6": 1.0154122029004995, "7": -1.6175578144802003}, "datetime": {"datetime": "2021-06-29 20:19:49", "elapsed": 368.954392, "delta": 1.959278}}
{"target": 0.003661902826967692, "params": {"0": -2.691065255051055, "1": -0.20348874538014483, "2": -1.6517761159592907, "3": -0.6711239692800195, "4": 2.706453618491553, "5": 1.275180456677905, "6": -2.2751401035978485, "7": -0.783517899131212}, "datetime": {"datetime": "2021-06-29 20:19:51", "elapsed": 371.424798, "delta": 2.470406}}
{"target": 0.0031345982806158697, "params": {"0": 0.4384258494654665, "1": 2.1896873915943047, "2": -1.8981968114626606, "3": -1.1412048964522425, "4": 0.28019512556992554, "5": -1.2464089438078483, "6": 0.3784373471523783, "7": -0.17595134785530497}, "datetime": {"datetime": "2021-06-29 20:19:54", "elapsed": 373.6304, "delta": 2.205602}}
{"target": 0.003099210188111415, "params": {"0": 2.784499299655737, "1": 1.4799270636617177, "2": 0.24635610242342176, "3": -2.5822811306593643, "4": 0.2770449855907877, "5": -0.21128210332379238, "6": -1.526080662033814, "7": -1.8710469475377765}, "datetime": {"datetime": "2021-06-29 20:19:57", "elapsed": 377.439299, "delta": 3.808899}}
{"target": 0.0031133153833896327, "params": {"0": 2.9008966707986277, "1": -1.9494175751806433, "2": 0.7996336434697806, "3": 1.351695188338165, "4": 0.9750728174849632, "5": -2.1470828632676655, "6": -0.9768784608313696, "7": 1.9477122741392447}, "datetime": {"datetime": "2021-06-29 20:19:59", "elapsed": 379.488117, "delta": 2.048818}}
{"target": 0.0031727457287798475, "params": {"0": 0.8852300948511975, "1": 1.3531105382456374, "2": 1.6433693089024768, "3": -1.5078101762152023, "4": -0.06126738847379043, "5": -1.4768241422837713, "6": 0.5282508443200724, "7": -0.020733647302318747}, "datetime": {"datetime": "2021-06-29 20:20:02", "elapsed": 381.781423, "delta": 2.293306}}
{"target": 0.004179049308267272, "params": {"0": 1.6661213459154496, "1": 1.8468597740931063, "2": -0.30846974567309715, "3": -1.5823064714371964, "4": 0.42157473868940976, "5": -0.3147784951964234, "6": 2.0608461939768477, "7": 0.47186251589522943}, "datetime": {"datetime": "2021-06-29 20:20:04", "elapsed": 384.12683, "delta": 2.345407}}
{"target": 0.0032840065389819592, "params": {"0": 1.582927410602216, "1": 1.7557888765762648, "2": -0.43000375335675534, "3": 1.2259429208093255, "4": 0.4329049986586275, "5": 2.1588610261939793, "6": 2.765592324595466, "7": 0.9977850904581662}, "datetime": {"datetime": "2021-06-29 20:20:07", "elapsed": 386.726503, "delta": 2.599673}}
{"target": 0.004089592965755695, "params": {"0": -2.0681243093078363, "1": -2.9982367868719395, "2": 1.4678715643742946, "3": -1.7850179751787294, "4": 1.1197216874814568, "5": 1.0635233927294312, "6": 2.7256260924236244, "7": -2.727476898258997}, "datetime": {"datetime": "2021-06-29 20:20:09", "elapsed": 388.735863, "delta": 2.00936}}
{"target": 0.003671928503232796, "params": {"0": -0.4360040989820293, "1": -2.0109693822116137, "2": 1.6810462428976445, "3": 1.0585935427887598, "4": -2.622911440172562, "5": -0.3939626141579522, "6": -0.5783098258712016, "7": 2.933003134146473}, "datetime": {"datetime": "2021-06-29 20:20:10", "elapsed": 390.431341, "delta": 1.695478}}
{"target": 0.0031691199530571937, "params": {"0": -1.6183154489713172, "1": 1.9733022294840952, "2": 0.8956840214209496, "3": 2.2304845170044256, "4": 1.1437308172606766, "5": -2.151783124619042, "6": -2.621977479119885, "7": 2.468056900163985}, "datetime": {"datetime": "2021-06-29 20:20:12", "elapsed": 392.133564, "delta": 1.702223}}
{"target": 0.003286177681316643, "params": {"0": 0.42099492078228007, "1": -0.24636066391581668, "2": -0.2900738346856375, "3": 2.5610136393116907, "4": 1.3405821250813021, "5": -0.9943101407853963, "6": -1.6977430527965707, "7": 0.12730427749325823}, "datetime": {"datetime": "2021-06-29 20:20:14", "elapsed": 394.374675, "delta": 2.241111}}
{"target": 0.0036031117432534705, "params": {"0": 2.5382886762817494, "1": -2.149452483812856, "2": 2.409112076867956, "3": -1.0123621488086412, "4": -2.6679102068333913, "5": 2.660319610033018, "6": -1.0246993328625997, "7": -0.9695978577316966}, "datetime": {"datetime": "2021-06-29 20:20:17", "elapsed": 397.073865, "delta": 2.69919}}
{"target": 0.0031671671458898916, "params": {"0": 2.200935686557785, "1": 1.6253586568610103, "2": -1.802862661210433, "3": 2.4238472366092036, "4": -1.473602895365487, "5": -2.2148106080476007, "6": 1.7984817820939236, "7": -1.4825653865135575}, "datetime": {"datetime": "2021-06-29 20:20:20", "elapsed": 400.273881, "delta": 3.200016}}
{"target": 0.0030699702199113096, "params": {"0": 2.791792494083751, "1": -1.853089338311012, "2": -2.589705696147224, "3": -0.38736247659267065, "4": -0.37961738533372547, "5": 2.2320086704950386, "6": -0.22689002899580046, "7": 2.9898578557612154}, "datetime": {"datetime": "2021-06-29 20:20:23", "elapsed": 403.079293, "delta": 2.805412}}
{"target": 0.0041376568365994555, "params": {"0": -1.9562714371624599, "1": 0.6941712888328739, "2": -0.7834515920060667, "3": -2.780065142602096, "4": 2.400121885186265, "5": -0.04068930397430437, "6": -2.3287193977513994, "7": 2.2801237775382424}, "datetime": {"datetime": "2021-06-29 20:20:26", "elapsed": 406.038371, "delta": 2.959078}}
{"target": 0.0034528740266935847, "params": {"0": 0.594302517196224, "1": -2.305656120107944, "2": 1.682736633826046, "3": -1.4386543717269062, "4": 0.6355440616770829, "5": 1.4059725545081676, "6": -1.4723408097828707, "7": -0.6799694894806114}, "datetime": {"datetime": "2021-06-29 20:20:29", "elapsed": 408.661296, "delta": 2.622925}}
{"target": 0.0030268029252592215, "params": {"0": 1.7680487423259974, "1": 0.020475973515900137, "2": -1.7537209748617808, "3": 2.3594269765887352, "4": -1.803883045662085, "5": 1.1505037754701366, "6": -0.6385617144047608, "7": 2.2568361357931304}, "datetime": {"datetime": "2021-06-29 20:20:30", "elapsed": 410.097063, "delta": 1.435767}}
{"target": 0.0032090718477913193, "params": {"0": 1.3073893362134665, "1": -0.27014396998739176, "2": 2.823517520570306, "3": -1.984897094911315, "4": -0.506043203802899, "5": 2.057867076600287, "6": -1.424519695105259, "7": 2.791847358095618}, "datetime": {"datetime": "2021-06-29 20:20:32", "elapsed": 412.0546, "delta": 1.957537}}
{"target": 0.0030385498605274533, "params": {"0": 1.106614766017989, "1": -0.966566446476782, "2": -1.491933323742082, "3": -0.9204533215197426, "4": 1.6119609877912922, "5": 2.97690819533313, "6": -1.0802907478883395, "7": 0.5414144301538126}, "datetime": {"datetime": "2021-06-29 20:20:34", "elapsed": 414.228869, "delta": 2.174269}}
{"target": 0.003051018376550914, "params": {"0": -0.8861641102647848, "1": 1.358083249976528, "2": -2.7867869350250567, "3": -2.409225566769739, "4": 1.9539678237475133, "5": 0.18059644501375605, "6": -2.5671728263896245, "7": -2.680661200015101}, "datetime": {"datetime": "2021-06-29 20:20:37", "elapsed": 416.859375, "delta": 2.630506}}
{"target": 0.010738418378968738, "params": {"0": -0.3560317250166918, "1": -2.541590049934696, "2": 2.2163728312229845, "3": -1.7128610425355648, "4": 0.11178178443824338, "5": 1.6424744417177353, "6": -1.8547110827166826, "7": 0.8118090756419267}, "datetime": {"datetime": "2021-06-29 20:20:42", "elapsed": 422.485898, "delta": 5.626523}}
{"target": 0.003955166470811721, "params": {"0": -0.9430646653411299, "1": -1.1755499522009913, "2": 1.9987582118431177, "3": -2.516679090106729, "4": -2.6702395132710928, "5": -2.4955303552328663, "6": -0.6918634751561088, "7": 0.9137416587496956}, "datetime": {"datetime": "2021-06-29 20:20:45", "elapsed": 425.177552, "delta": 2.691654}}
{"target": 0.07977347165955223, "params": {"0": 0.9817251334852646, "1": 1.653677097556825, "2": -2.4463554981529194, "3": -2.027767374929808, "4": -1.7951205502237755, "5": 2.2391652039195478, "6": 1.9758344902180909, "7": 0.5312206227927092}, "datetime": {"datetime": "2021-06-29 20:20:49", "elapsed": 429.042462, "delta": 3.86491}}
{"target": 0.00575283426764096, "params": {"0": 1.7765468478795654, "1": 0.7631925211128374, "2": -0.28311893929753706, "3": 2.0782224943864147, "4": -2.4138468376705786, "5": 1.7314705122435425, "6": -2.4267455402127314, "7": 1.8115871689842589}, "datetime": {"datetime": "2021-06-29 20:20:52", "elapsed": 432.04139, "delta": 2.998928}}
{"target": 0.0035053348917254688, "params": {"0": -0.11778797564165266, "1": 1.5720176821020688, "2": -2.5078225622596557, "3": 0.9701103265450399, "4": -1.4275914581060658, "5": -2.099730390183061, "6": 0.6654444712826288, "7": -1.3801724403849664}, "datetime": {"datetime": "2021-06-29 20:20:54", "elapsed": 434.279373, "delta": 2.237983}}
{"target": 0.0036514909847599982, "params": {"0": -0.5888586390300414, "1": -2.3145507370762592, "2": -2.961680920566131, "3": -1.122035772090997, "4": -1.854601461542017, "5": -2.1567874862467455, "6": -0.11424203444127823, "7": 2.4956460389574726}, "datetime": {"datetime": "2021-06-29 20:20:56", "elapsed": 436.42375, "delta": 2.144377}}
{"target": 0.003422754972123259, "params": {"0": -0.9745253539932044, "1": -1.9721902115713683, "2": -0.6941671144996882, "3": -2.6174395360118785, "4": -0.3547610329688071, "5": -2.58595609785686, "6": -0.29434535515329463, "7": 2.082364528825668}, "datetime": {"datetime": "2021-06-29 20:20:59", "elapsed": 438.825084, "delta": 2.401334}}
{"target": 0.003106574444786417, "params": {"0": 2.657742321105875, "1": 0.020966400941253127, "2": 2.2341585090897613, "3": -2.46809404705835, "4": -0.037547134363911105, "5": -1.190635954091622, "6": -0.37767686450173965, "7": -1.1638093989687557}, "datetime": {"datetime": "2021-06-29 20:21:01", "elapsed": 440.712054, "delta": 1.88697}}
{"target": 0.003254775917864588, "params": {"0": 2.273397637248375, "1": 2.2194008888988144, "2": -2.1983414157843497, "3": -1.746482606842799, "4": -1.6861496529484457, "5": -0.002407761740174319, "6": 0.7263309068114969, "7": 2.2536019541287224}, "datetime": {"datetime": "2021-06-29 20:21:04", "elapsed": 444.400811, "delta": 3.688757}}
{"target": 0.005348901680652225, "params": {"0": -2.967725439577852, "1": 0.9966233965750368, "2": -1.4994204074882127, "3": 1.2590753589476762, "4": -1.443582523454321, "5": -0.6054260466719099, "6": 0.6304886674335917, "7": 0.18515731017272108}, "datetime": {"datetime": "2021-06-29 20:21:08", "elapsed": 448.354458, "delta": 3.953647}}
{"target": 0.0036380166210139967, "params": {"0": -0.7814184924221315, "1": 2.4580980053326993, "2": -1.460047412119744, "3": -0.5761763863644944, "4": 2.9026645204803536, "5": 1.0399482955332404, "6": 1.1962075882686314, "7": -2.880436707707191}, "datetime": {"datetime": "2021-06-29 20:21:11", "elapsed": 450.694336, "delta": 2.339878}}
{"target": 0.004088713891016647, "params": {"0": 0.23590936180642164, "1": 0.831715172672749, "2": 0.019626811187848148, "3": -1.1219892997985708, "4": -2.1625821428266967, "5": 1.6194422327922213, "6": -1.0844729423471569, "7": -2.148650615901084}, "datetime": {"datetime": "2021-06-29 20:21:14", "elapsed": 453.765686, "delta": 3.07135}}
{"target": 0.0030193876118997684, "params": {"0": 1.2178831049826062, "1": 2.07678618093718, "2": -2.2714023352371724, "3": -2.4022932931287153, "4": -1.8177533808017485, "5": 1.1503051246571738, "6": 0.2475559691302065, "7": 2.2606285989760515}, "datetime": {"datetime": "2021-06-29 20:21:17", "elapsed": 456.807759, "delta": 3.042073}}
{"target": 0.00306439665934565, "params": {"0": 0.2954131482814084, "1": 1.9618341357833877, "2": 0.022388685879992654, "3": -2.081889040675989, "4": 2.1407527587189374, "5": -1.2205658204737035, "6": 1.6301852014188611, "7": 0.5753780419761694}, "datetime": {"datetime": "2021-06-29 20:21:20", "elapsed": 459.840343, "delta": 3.032584}}
{"target": 0.009463039084620267, "params": {"0": -0.2943389093911071, "1": -2.5708383966872823, "2": 2.551673390551473, "3": -1.972316885113857, "4": -0.0274052055682934, "5": 1.1456993388980754, "6": -2.1944623464640713, "7": 0.29054275031056287}, "datetime": {"datetime": "2021-06-29 20:21:21", "elapsed": 460.835148, "delta": 0.994805}}
{"target": 0.003703077990045412, "params": {"0": 1.8471182705834241, "1": 0.8592414324904869, "2": 0.3987935755544245, "3": 1.229032434211918, "4": -1.7655365477620182, "5": -2.11062939952665, "6": 2.995888581631256, "7": -2.2625936624340333}, "datetime": {"datetime": "2021-06-29 20:21:23", "elapsed": 462.940446, "delta": 2.105298}}
{"target": 0.0031091564997604722, "params": {"0": -1.3194667729722773, "1": -2.651275384764673, "2": -1.184593719317927, "3": -1.7386932250460665, "4": 0.03120069698527006, "5": -0.1920712971146381, "6": 0.9981043861407084, "7": -0.35743267102873677}, "datetime": {"datetime": "2021-06-29 20:21:26", "elapsed": 465.93849, "delta": 2.998044}}
{"target": 0.003310597650226264, "params": {"0": 2.036162113734198, "1": 0.7725152690349639, "2": 0.6231332876235358, "3": 0.9617092910733831, "4": -1.0082485270856287, "5": 2.551570919964381, "6": 2.10986171561297, "7": 0.5109772278216855}, "datetime": {"datetime": "2021-06-29 20:21:28", "elapsed": 468.278245, "delta": 2.339755}}
{"target": 0.0031810655731623117, "params": {"0": 2.1410952536316845, "1": -1.8617990236820616, "2": 1.5744293793404056, "3": -0.36900415775919715, "4": 1.2046957271417318, "5": 0.27880483904244624, "6": 1.8063999358910223, "7": 1.7832250684694042}, "datetime": {"datetime": "2021-06-29 20:21:33", "elapsed": 472.689729, "delta": 4.411484}}
{"target": 0.004302380624450182, "params": {"0": 1.2043877939070988, "1": 1.406287117296312, "2": -2.2372427424643626, "3": -0.7558640094603666, "4": -2.268624104279718, "5": 2.309348836623715, "6": 0.8367104423388327, "7": 0.23070856109783522}, "datetime": {"datetime": "2021-06-29 20:21:37", "elapsed": 477.28961, "delta": 4.599881}}
{"target": 0.004628386338856282, "params": {"0": -1.467195214836197, "1": -1.3481797967014526, "2": 0.03290255680085341, "3": -0.5909321212576435, "4": 1.9142888443117219, "5": -0.5788268538728385, "6": 2.453612365635583, "7": 0.6587572903712449}, "datetime": {"datetime": "2021-06-29 20:21:40", "elapsed": 480.2556, "delta": 2.96599}}
{"target": 0.0034111318857770836, "params": {"0": -2.204316067768336, "1": 0.2426771852935019, "2": -0.009201588274550865, "3": 2.742908569019467, "4": -2.2672499072222916, "5": 0.9479600987899355, "6": -0.03845068287938602, "7": -1.0625032465153261}, "datetime": {"datetime": "2021-06-29 20:21:43", "elapsed": 482.893386, "delta": 2.637786}}
{"target": 0.025241748850576177, "params": {"0": -1.6012998110448013, "1": 2.39899719837066, "2": -1.1510523638815693, "3": -2.8061704174471798, "4": -2.031511916763513, "5": -1.5178295782859672, "6": -1.4346725555139062, "7": 1.2801899454368275}, "datetime": {"datetime": "2021-06-29 20:21:46", "elapsed": 486.115987, "delta": 3.222601}}
{"target": 0.004775912957316349, "params": {"0": 0.19803318477756893, "1": 0.3051829850936034, "2": 0.18959226211789293, "3": -1.124895988314465, "4": -1.9292179563214484, "5": 2.49017935722285, "6": -1.5301081422327247, "7": -0.40078457648797894}, "datetime": {"datetime": "2021-06-29 20:21:49", "elapsed": 488.912214, "delta": 2.796227}}
{"target": 0.011284938303140124, "params": {"0": 2.7259827344177534, "1": 2.380100251009683, "2": 1.4747617421726336, "3": -1.2874173221176084, "4": -1.4466635178600096, "5": -1.1409418704554124, "6": 0.6585606296605286, "7": 0.6224127984455587}, "datetime": {"datetime": "2021-06-29 20:21:51", "elapsed": 491.12198, "delta": 2.209766}}
{"target": 0.0030118932873558373, "params": {"0": 1.9291549531524215, "1": -2.5607238178810867, "2": 0.228616663952371, "3": 2.450216593322927, "4": -2.58288586811736, "5": 1.156215928455337, "6": -0.25265651528683275, "7": 1.6573198572679564}, "datetime": {"datetime": "2021-06-29 20:21:53", "elapsed": 493.306865, "delta": 2.184885}}
{"target": 0.005017025435526448, "params": {"0": 2.803671987382552, "1": -2.846279689084392, "2": -1.6793182102465283, "3": -0.004402949761319164, "4": -0.1081701867882412, "5": 1.5828712609964244, "6": -1.0836420434004244, "7": 1.070873847273079}, "datetime": {"datetime": "2021-06-29 20:21:54", "elapsed": 494.21321, "delta": 0.906345}}
{"target": 0.0034167850526448384, "params": {"0": -1.845812923905888, "1": 1.312066285920391, "2": 1.6858929747686577, "3": 0.08136866116573227, "4": -0.5323480332315915, "5": 0.07273062171170164, "6": 1.4915121541651217, "7": 2.516029981960668}, "datetime": {"datetime": "2021-06-29 20:22:00", "elapsed": 499.649945, "delta": 5.436735}}
{"target": 0.00315763010686139, "params": {"0": -2.3981823834359455, "1": 1.9946436721292908, "2": -0.3594230282950699, "3": -0.8015957837948586, "4": -1.4980349126080288, "5": 0.4090301786781385, "6": -1.8002061134518057, "7": 2.0649995635323624}, "datetime": {"datetime": "2021-06-29 20:22:02", "elapsed": 501.970161, "delta": 2.320216}}
