{"target": 0.002958657899088286, "params": {"0": 1.2304081684094754, "1": 1.9919611472607395, "2": 1.393835229803357, "3": -1.758052303756684, "4": 0.20561049573382206, "5": 2.300481313630092, "6": -0.82897159702443, "7": -1.2497182186266869}, "datetime": {"datetime": "2021-06-29 22:05:08", "elapsed": 6602.0111, "delta": 14.917453}}
{"target": 0.003616959113820256, "params": {"0": -2.138431675964894, "1": -1.3263754043550717, "2": 0.646751414396209, "3": 2.121753419611524, "4": -1.0665466542387574, "5": 0.9257509857036963, "6": -2.812852416869129, "7": 0.22824612172230951}, "datetime": {"datetime": "2021-06-29 22:05:24", "elapsed": 6618.307514, "delta": 16.296414}}
{"target": 0.006500783425115115, "params": {"0": -0.7387516881036484, "1": 2.0359092900927065, "2": -0.16781391388674827, "3": 1.1338070008048735, "4": 0.25189146564399323, "5": 2.1212743271970966, "6": 0.14956620625562067, "7": 1.8748330971493274}, "datetime": {"datetime": "2021-06-29 22:05:44", "elapsed": 6638.045855, "delta": 19.738341}}
{"target": 0.0032940996891233933, "params": {"0": 2.322105250511034, "1": 0.40315111798402326, "2": -1.7134633704704556, "3": 2.2971961145276865, "4": 0.7710422508417389, "5": -2.3541380452204823, "6": 1.3229124796556775, "7": -0.42914471154670375}, "datetime": {"datetime": "2021-06-29 22:06:25", "elapsed": 6679.124085, "delta": 41.07823}}
{"target": 0.007449442062761543, "params": {"0": -2.723442556949337, "1": 0.5989552942690635, "2": -1.8657595267134168, "3": 0.39335673781176705, "4": -1.5681752800691968, "5": -2.346428150017082, "6": -1.3222020814568665, "7": -0.4027402763290784}, "datetime": {"datetime": "2021-06-29 22:06:41", "elapsed": 6694.547674, "delta": 15.423589}}
{"target": 0.006581318020518372, "params": {"0": 0.3323308077533671, "1": 0.9545012112572575, "2": 0.6198871799605801, "3": -2.0186622560940712, "4": 1.511384718798551, "5": -2.424023500170202, "6": -0.5028900964897955, "7": -1.6730323281382393}, "datetime": {"datetime": "2021-06-29 22:06:57", "elapsed": 6711.168237, "delta": 16.620563}}
{"target": 0.003511441903364646, "params": {"0": 0.3470798156507868, "1": 0.007278455595743694, "2": 2.749167776010382, "3": -0.19129609382973234, "4": -0.799851940472009, "5": 0.840188675768573, "6": 0.49473093361203135, "7": -1.6387739935986236}, "datetime": {"datetime": "2021-06-29 22:07:11", "elapsed": 6724.944217, "delta": 13.77598}}
{"target": 0.003418409964739605, "params": {"0": 0.786928063023649, "1": 2.711193354166099, "2": 1.1801409435398966, "3": 2.23824221084251, "4": 0.49358611530750096, "5": -2.39496588494126, "6": -2.5654399302358644, "7": 0.767881677987241}, "datetime": {"datetime": "2021-06-29 22:07:33", "elapsed": 6746.764625, "delta": 21.820408}}
{"target": 0.004257595460314489, "params": {"0": 0.6454198777330227, "1": 1.5479671669224988, "2": 2.995195574213798, "3": -1.5464690643456893, "4": -2.3779210378638407, "5": -2.3058841623858957, "6": 1.7292800313091865, "7": 2.4134492617221053}, "datetime": {"datetime": "2021-06-29 22:07:52", "elapsed": 6765.731192, "delta": 18.966567}}
{"target": 0.0033435651854432044, "params": {"0": 1.870734550634448, "1": -2.8246332932112166, "2": 0.7084761428334336, "3": -2.7363721662640703, "4": -2.401215150010772, "5": -0.8998230340908764, "6": -0.2563027062534893, "7": -1.5878438917743674}, "datetime": {"datetime": "2021-06-29 22:08:18", "elapsed": 6791.7122, "delta": 25.981008}}
{"target": 0.0029519780887845787, "params": {"0": -1.46135868231455, "1": -2.3428113394364027, "2": -2.7553190337358244, "3": 2.3587763218451308, "4": 0.9758409243060804, "5": -2.985527420752359, "6": -0.09885592970414958, "7": -0.8413608992899206}, "datetime": {"datetime": "2021-06-29 22:08:39", "elapsed": 6812.523422, "delta": 20.811222}}
{"target": 0.0031425075013623094, "params": {"0": -2.406583232720434, "1": 1.1550979527513912, "2": 0.21068484083988803, "3": -0.640354108749797, "4": -2.4999294860352617, "5": 1.765018664191742, "6": -0.45288080629154814, "7": 1.6963437263860595}, "datetime": {"datetime": "2021-06-29 22:09:02", "elapsed": 6836.13424, "delta": 23.610818}}
{"target": 0.016269858678314788, "params": {"0": -1.080032325330033, "1": 0.5072942186112157, "2": 1.4571716819723708, "3": 2.339418542747908, "4": -1.1011062166166488, "5": 1.2852436617465681, "6": 2.499075367001704, "7": -2.306799993182275}, "datetime": {"datetime": "2021-06-29 22:09:22", "elapsed": 6855.581357, "delta": 19.447117}}
{"target": 0.003038239134592454, "params": {"0": 1.219506616838565, "1": 0.055316908606420245, "2": 0.6959671900291498, "3": -2.840965488750719, "4": 2.0987275722902705, "5": -1.51215801522084, "6": -2.965798029180255, "7": 1.7131002318494257}, "datetime": {"datetime": "2021-06-29 22:09:38", "elapsed": 6871.613284, "delta": 16.031927}}
{"target": 0.004779881993320339, "params": {"0": -0.919879201473337, "1": -1.907506751363967, "2": 2.3779512319636336, "3": 0.1425247030155603, "4": -0.39018893751956973, "5": -2.6086823028582944, "6": 1.0194667816119063, "7": -0.6023012734138522}, "datetime": {"datetime": "2021-06-29 22:09:51", "elapsed": 6884.619528, "delta": 13.006244}}
{"target": 0.004260581263571404, "params": {"0": -0.6081150660836796, "1": -2.882880792997044, "2": -0.35400175054979055, "3": 2.502569023397978, "4": -0.8329182518209115, "5": -2.9752279001743496, "6": 1.1755679821570153, "7": 1.4096828306847478}, "datetime": {"datetime": "2021-06-29 22:10:17", "elapsed": 6910.656364, "delta": 26.036836}}
{"target": 0.0030210235425442516, "params": {"0": -1.9005557025028814, "1": -2.304779732817514, "2": -2.297703393229348, "3": 2.143769349818122, "4": -1.436497087214764, "5": 2.7350385752418145, "6": 2.5738370595754017, "7": -2.5930382199812327}, "datetime": {"datetime": "2021-06-29 22:10:36", "elapsed": 6929.770773, "delta": 19.114409}}
{"target": 0.02279447774716566, "params": {"0": -1.1546032783198044, "1": -0.4520314261119873, "2": 1.7140265888935904, "3": -2.878900612098456, "4": 1.8214316865203761, "5": 0.27067782327053, "6": 0.6261993739475598, "7": 1.7591739196666243}, "datetime": {"datetime": "2021-06-29 22:11:16", "elapsed": 6970.09951, "delta": 40.328737}}
{"target": 0.006164502044035699, "params": {"0": 0.3706041335215611, "1": -2.6315959261437123, "2": -2.659698809795497, "3": -2.9256558825254535, "4": -0.8213976821091129, "5": -1.265507635837668, "6": 0.8129470028205938, "7": -0.053792493778747286}, "datetime": {"datetime": "2021-06-29 22:11:35", "elapsed": 6988.726286, "delta": 18.626776}}
{"target": 0.0032827195385034297, "params": {"0": 0.4055644737854447, "1": -0.554423351276442, "2": 1.452716496078212, "3": 1.0158151669890163, "4": 1.3998043513312437, "5": 2.1721109267133336, "6": 1.8322198462342376, "7": -2.0849774288702636}, "datetime": {"datetime": "2021-06-29 22:11:57", "elapsed": 7011.086517, "delta": 22.360231}}
{"target": 0.0029195616756955145, "params": {"0": 0.9661459177254956, "1": -1.2147989846769665, "2": 1.9955345967750295, "3": -2.0804643012301742, "4": 2.877806836619926, "5": 0.8547053543763985, "6": 1.209308830013529, "7": -0.4343486543823505}, "datetime": {"datetime": "2021-06-29 22:12:18", "elapsed": 7031.593451, "delta": 20.506934}}
{"target": 0.003219229534189522, "params": {"0": 2.8914195024736884, "1": 2.0473145134655057, "2": 1.4882618750348868, "3": -0.9853031325534594, "4": -0.8110646928751457, "5": -2.522301546018702, "6": 1.747648692713411, "7": -0.6690505655922099}, "datetime": {"datetime": "2021-06-29 22:12:53", "elapsed": 7067.144861, "delta": 35.55141}}
{"target": 0.008133042307692111, "params": {"0": 1.507791366529725, "1": 0.5929678168587387, "2": -0.7955169566605647, "3": 2.279130391066915, "4": 0.17524952312370168, "5": -2.537216758937882, "6": 0.0866033297683515, "7": 1.5353383188341096}, "datetime": {"datetime": "2021-06-29 22:13:28", "elapsed": 7101.59458, "delta": 34.449719}}
{"target": 0.0031644609663550017, "params": {"0": -2.517950182449767, "1": 2.8790431591363186, "2": -0.5416470947510543, "3": 1.0932424671206906, "4": 1.0704054597912815, "5": -1.4468461636520862, "6": 2.9028487726290706, "7": 2.9901789431675203}, "datetime": {"datetime": "2021-06-29 22:13:51", "elapsed": 7124.605041, "delta": 23.010461}}
{"target": 0.00747999818205927, "params": {"0": -2.018073427910818, "1": -1.9821695142076576, "2": 0.15340346639216484, "3": 0.38969948957375244, "4": 1.923256179431501, "5": -2.359079183978783, "6": 2.0985447172249767, "7": 1.9939557037757991}, "datetime": {"datetime": "2021-06-29 22:14:14", "elapsed": 7147.69564, "delta": 23.090599}}
{"target": 0.002971920765326086, "params": {"0": 2.2196545847238394, "1": -2.9859707785371854, "2": -2.4027020645595396, "3": -0.7018762038871325, "4": 2.5241544926387682, "5": 2.953560795529631, "6": -2.5643932252704094, "7": 2.372557289207114}, "datetime": {"datetime": "2021-06-29 22:14:38", "elapsed": 7172.074999, "delta": 24.379359}}
{"target": 0.004781911244686061, "params": {"0": -1.0365895380085566, "1": -2.350947646482521, "2": -0.8876611798505305, "3": 0.7551797527233299, "4": -2.270630396196078, "5": -2.0379713120272434, "6": 2.0453328394310972, "7": 0.3541729508647542}, "datetime": {"datetime": "2021-06-29 22:15:05", "elapsed": 7198.864744, "delta": 26.789745}}
{"target": 0.003196748686749037, "params": {"0": -0.7159963332730319, "1": 1.126956092648725, "2": 1.0161114735716303, "3": -1.726512159298521, "4": 0.635946119685336, "5": -1.4781585337881962, "6": 2.4978721046662873, "7": -2.683455400413103}, "datetime": {"datetime": "2021-06-29 22:15:25", "elapsed": 7219.050077, "delta": 20.185333}}
{"target": 0.0029480437224950187, "params": {"0": 1.3589453708782617, "1": 2.0305486156328936, "2": -1.5392275755904121, "3": -0.6939372925514613, "4": 2.984046632829277, "5": 0.682368370074304, "6": 1.1590503104467427, "7": -0.7719484582587852}, "datetime": {"datetime": "2021-06-29 22:15:55", "elapsed": 7248.59668, "delta": 29.546603}}
{"target": 0.003028716062182862, "params": {"0": 1.742498628718577, "1": -0.7070971894817761, "2": 2.9002949190791067, "3": -1.1718145330679746, "4": 1.2932628268111905, "5": 1.2868287164234875, "6": -0.6690856566351435, "7": 0.16640995680071402}, "datetime": {"datetime": "2021-06-29 22:16:14", "elapsed": 7268.167571, "delta": 19.570891}}
{"target": 0.01770061995400343, "params": {"0": 0.7077875370866611, "1": 1.8218748002632408, "2": -2.257318326359815, "3": 0.7194529779735204, "4": -1.7308678996765798, "5": 0.6442381391930923, "6": -0.23403961538677187, "7": -0.4756973358117591}, "datetime": {"datetime": "2021-06-29 22:16:35", "elapsed": 7288.900243, "delta": 20.732672}}
{"target": 0.004265189574507034, "params": {"0": -0.26682115572957077, "1": -1.498351786394708, "2": 1.3076534332123515, "3": -2.9405211876164525, "4": 1.053003546205069, "5": -2.8534597366218133, "6": -2.452298476886038, "7": -1.0090200709111146}, "datetime": {"datetime": "2021-06-29 22:17:04", "elapsed": 7317.739431, "delta": 28.839188}}
{"target": 0.0030568271846660488, "params": {"0": 0.5283607796833034, "1": -1.0984036576349825, "2": -2.25842078449595, "3": -2.342142862924047, "4": 2.1211045507189157, "5": 0.7174468891746812, "6": 1.2462818573642682, "7": 2.616166970830749}, "datetime": {"datetime": "2021-06-29 22:17:21", "elapsed": 7335.158942, "delta": 17.419511}}
{"target": 0.003056837915929621, "params": {"0": 1.9607476143311668, "1": -2.0788038591191484, "2": -0.22186013473505017, "3": -0.4561761085272149, "4": -0.18546580925309186, "5": 0.4158107256805752, "6": 1.3621844597195043, "7": 1.809766801219995}, "datetime": {"datetime": "2021-06-29 22:17:38", "elapsed": 7351.861897, "delta": 16.702955}}
{"target": 0.0029658450761026927, "params": {"0": 2.391263675589033, "1": 0.011818075029413677, "2": 2.3026528955589667, "3": 1.9388985972889152, "4": -0.18224977524146269, "5": 2.501533753877407, "6": -1.626284025612041, "7": -0.07924511435504034}, "datetime": {"datetime": "2021-06-29 22:17:58", "elapsed": 7371.557006, "delta": 19.695109}}
{"target": 0.005086976643743715, "params": {"0": -1.5640252292941208, "1": 1.2758733112575271, "2": -1.041337126209063, "3": -1.8102152978220776, "4": -1.1897128266696833, "5": 0.06548738520641528, "6": -2.4231377203117432, "7": -0.8362713430224487}, "datetime": {"datetime": "2021-06-29 22:18:15", "elapsed": 7389.241606, "delta": 17.6846}}
{"target": 0.0042316954260805655, "params": {"0": 1.1717572578310191, "1": 0.8299413939967568, "2": 2.2406390756651984, "3": 1.3164815402696801, "4": 0.15874431564785185, "5": 0.7439217493366339, "6": -0.33842881482926934, "7": 0.38417307840466997}, "datetime": {"datetime": "2021-06-29 22:18:35", "elapsed": 7409.110873, "delta": 19.869267}}
{"target": 0.0032834329870720103, "params": {"0": -0.4791161513309792, "1": 2.5690887857444684, "2": -2.5088245286159925, "3": 1.8752916782543476, "4": -2.8175986493073224, "5": 0.228945835281539, "6": -1.238059293786301, "7": 1.0870472245612763}, "datetime": {"datetime": "2021-06-29 22:18:54", "elapsed": 7428.194665, "delta": 19.083792}}
{"target": 0.003514335828951147, "params": {"0": -2.1685368357447947, "1": 1.955156447944013, "2": 2.146908500515231, "3": 2.6655864896902663, "4": -2.6583428808741445, "5": 2.9887285711055807, "6": 2.4046701562069117, "7": 0.39674870025220077}, "datetime": {"datetime": "2021-06-29 22:19:09", "elapsed": 7443.235993, "delta": 15.041328}}
{"target": 0.0031997019407167377, "params": {"0": -1.0695401692380186, "1": -0.813958005664559, "2": -2.331913200177251, "3": 2.5712028111504903, "4": -0.727375101769189, "5": -2.499547262308475, "6": 1.9527164103221661, "7": 2.930536944437063}, "datetime": {"datetime": "2021-06-29 22:19:28", "elapsed": 7462.078894, "delta": 18.842901}}
{"target": 0.0035848535532501, "params": {"0": 2.053476357306602, "1": 1.2938126336664357, "2": 0.7279906248202002, "3": -2.1050771394232624, "4": -1.6218795776720238, "5": -1.1585629497197565, "6": 2.3633271074934266, "7": 1.0324470826434213}, "datetime": {"datetime": "2021-06-29 22:19:52", "elapsed": 7485.51526, "delta": 23.436366}}
{"target": 0.003035113562288299, "params": {"0": 1.6539865236660791, "1": 2.3887571919737614, "2": -1.5360766508804435, "3": 0.9181655731872, "4": 1.9400354765114276, "5": 1.4658535743346741, "6": 2.4715878327100764, "7": -2.2269127454290394}, "datetime": {"datetime": "2021-06-29 22:20:10", "elapsed": 7504.162735, "delta": 18.647475}}
{"target": 0.0031101635685032536, "params": {"0": 1.4913454563925468, "1": 1.0660996067610409, "2": -1.263992261550634, "3": -2.512279440213858, "4": -2.9738485592687303, "5": 0.45985000898381534, "6": -0.731562634589193, "7": -1.1819509867864486}, "datetime": {"datetime": "2021-06-29 22:20:28", "elapsed": 7521.62193, "delta": 17.459195}}
{"target": 0.0032048038221549366, "params": {"0": 2.377272660179173, "1": -1.4774680404340481, "2": 1.5395778283238482, "3": -1.2986720414743056, "4": -0.7213717416827117, "5": 1.5465229359527548, "6": -1.9525149721413195, "7": -1.5446048335941673}, "datetime": {"datetime": "2021-06-29 22:20:46", "elapsed": 7539.609532, "delta": 17.987602}}
{"target": 0.0032808018547463595, "params": {"0": 2.7159585370040586, "1": -0.001534457110611065, "2": -0.3273777769249815, "3": 2.4556983122742535, "4": 0.6858109303285316, "5": -1.4631629782247386, "6": -1.6409954920708332, "7": 2.303026009686606}, "datetime": {"datetime": "2021-06-29 22:21:00", "elapsed": 7553.919034, "delta": 14.309502}}
{"target": 0.003070584494480354, "params": {"0": -0.7853748058792247, "1": 0.17221495196294212, "2": 1.3064019863909495, "3": 0.9802172668214135, "4": 2.867574897413534, "5": -0.0207793709059807, "6": 0.20934059841410857, "7": 1.2704364031334991}, "datetime": {"datetime": "2021-06-29 22:21:16", "elapsed": 7570.436221, "delta": 16.517187}}
{"target": 0.0030307231129370633, "params": {"0": 0.1567104354470339, "1": 1.295972455152124, "2": -2.4913663477529218, "3": 0.3616315133506216, "4": 2.676238798062176, "5": -0.2545714677843365, "6": -2.897610007326881, "7": -0.3061080839168415}, "datetime": {"datetime": "2021-06-29 22:21:55", "elapsed": 7609.134915, "delta": 38.698694}}
{"target": 0.0031754613398104338, "params": {"0": 1.8369198065943966, "1": -1.2597568929755605, "2": -0.5425101674749033, "3": 1.7280272858609775, "4": -0.8166803781503349, "5": 1.624397667690383, "6": -2.6533049045540755, "7": 0.5048971922141101}, "datetime": {"datetime": "2021-06-29 22:22:17", "elapsed": 7631.148923, "delta": 22.014008}}
{"target": 0.003894388423980193, "params": {"0": -1.954951359819799, "1": 2.9953023111220842, "2": 2.167824785492555, "3": 1.9582350389118277, "4": -1.0453332417249948, "5": 2.0844234053760298, "6": 2.2317815885843135, "7": -0.5983685686268743}, "datetime": {"datetime": "2021-06-29 22:22:42", "elapsed": 7656.15837, "delta": 25.009447}}
{"target": 0.003103330603730663, "params": {"0": -1.685630170817338, "1": -0.8827171820734501, "2": -1.5932038664569537, "3": -1.7300164144295216, "4": -1.856835643259697, "5": -0.2733361655112536, "6": -1.1589823464717997, "7": -1.389711401067678}, "datetime": {"datetime": "2021-06-29 22:23:05", "elapsed": 7679.223096, "delta": 23.064726}}
{"target": 0.003102098674094161, "params": {"0": -1.1071967097137685, "1": -1.2428185895554587, "2": 0.8094555306747759, "3": -2.9131615458002638, "4": 2.0694541923752565, "5": -0.6743278094492648, "6": -1.8457683668112275, "7": -1.137593175628057}, "datetime": {"datetime": "2021-06-29 22:23:25", "elapsed": 7698.904802, "delta": 19.681706}}
{"target": 0.0062195341582119215, "params": {"0": 2.851158203363557, "1": -0.31759485399880516, "2": -1.4547484839978722, "3": 2.7027260309882486, "4": -0.7630969422515932, "5": -0.22161282503101942, "6": 1.0690101330368886, "7": -0.6114928555322252}, "datetime": {"datetime": "2021-06-29 22:23:43", "elapsed": 7716.97441, "delta": 18.069608}}
{"target": 0.003240644572521068, "params": {"0": 0.44864044400012393, "1": -2.3237404180427093, "2": -0.8543961466575527, "3": 0.7161130183480822, "4": -1.909268739682553, "5": 1.114614804090218, "6": -2.8652538681610054, "7": 2.6421769383464717}, "datetime": {"datetime": "2021-06-29 22:23:56", "elapsed": 7729.852364, "delta": 12.877954}}
{"target": 0.0030650083752574945, "params": {"0": -1.6826942742915245, "1": -1.7651593851896825, "2": 2.7847523289120035, "3": 1.583956781223165, "4": -2.7627705674883467, "5": 2.8529355157658536, "6": 0.17584074206096156, "7": -0.7180046607051569}, "datetime": {"datetime": "2021-06-29 22:24:15", "elapsed": 7748.897806, "delta": 19.045442}}
{"target": 0.0030476455670950136, "params": {"0": 0.9276394770002074, "1": 1.7988785638164977, "2": -1.8411142333259563, "3": 1.255339839923229, "4": 0.6788539040522257, "5": -0.509068055863021, "6": 1.6917222923183708, "7": 1.7849418514683695}, "datetime": {"datetime": "2021-06-29 22:24:37", "elapsed": 7770.982033, "delta": 22.084227}}
{"target": 0.003988923740713252, "params": {"0": 1.9565331217437762, "1": -2.7522610658509157, "2": 2.5320407882342026, "3": 0.43296600839367194, "4": -0.2157525984059978, "5": -1.7266496226046397, "6": 2.6763840293264893, "7": 0.08713995801555985}, "datetime": {"datetime": "2021-06-29 22:24:55", "elapsed": 7788.973062, "delta": 17.991029}}
{"target": 0.0029680661588455236, "params": {"0": 1.4497358932344717, "1": -2.4008560708808298, "2": 0.7456713034842446, "3": 0.17806862698376413, "4": 1.6079585402432528, "5": 2.4905167820071767, "6": 0.6544450085487368, "7": -2.8673308865021325}, "datetime": {"datetime": "2021-06-29 22:25:16", "elapsed": 7810.339656, "delta": 21.366594}}
{"target": 0.002967891785065117, "params": {"0": -1.2970123078064517, "1": 2.3412151039897866, "2": -1.6719172007637864, "3": 0.24152030590535123, "4": 1.601759198932461, "5": -2.5407237804252496, "6": -1.2737093126958028, "7": 1.83640494763128}, "datetime": {"datetime": "2021-06-29 22:25:36", "elapsed": 7830.07598, "delta": 19.736324}}
{"target": 0.003337450281204012, "params": {"0": -0.8197123566141746, "1": -2.571303700399071, "2": -2.8905269065082324, "3": -0.04601760698377255, "4": 2.052366451399471, "5": 0.9345339723996675, "6": 2.3320142243003996, "7": 2.8250055346653298}, "datetime": {"datetime": "2021-06-29 22:26:11", "elapsed": 7865.29127, "delta": 35.21529}}
{"target": 0.006321360873170875, "params": {"0": -2.1255382219166674, "1": -0.6896417611381747, "2": -0.8611483503381328, "3": 0.07766398464213964, "4": -0.9637197758047806, "5": -0.3407010042948837, "6": -2.6281774988989812, "7": 1.1141467758367654}, "datetime": {"datetime": "2021-06-29 22:26:48", "elapsed": 7902.046551, "delta": 36.755281}}
{"target": 0.03136454639681166, "params": {"0": -1.2339700399260196, "1": -0.3509362048060334, "2": -0.7667044664113289, "3": 2.8003391382239817, "4": 2.8526225593551526, "5": -2.626686434371747, "6": 2.702616992241225, "7": 2.720675878788903}, "datetime": {"datetime": "2021-06-29 22:27:16", "elapsed": 7929.998558, "delta": 27.952007}}
{"target": 0.00805690102853612, "params": {"0": 1.2966267518535508, "1": -2.6846634398115974, "2": -2.9523357801228123, "3": 2.081401960588204, "4": 2.5660347756806186, "5": -0.6291358103255771, "6": 0.39065315045313387, "7": -0.07262349862883255}, "datetime": {"datetime": "2021-06-29 22:27:59", "elapsed": 7973.335482, "delta": 43.336924}}
{"target": 0.003304244444936089, "params": {"0": 1.7109413047580846, "1": -1.551112103856602, "2": -2.2003705050163536, "3": -1.156769173298032, "4": 1.0832173196575399, "5": 0.32223716550896864, "6": 0.24316445454214897, "7": -1.1713172896149513}, "datetime": {"datetime": "2021-06-29 22:28:22", "elapsed": 7996.294593, "delta": 22.959111}}
{"target": 0.002956946281018801, "params": {"0": -2.7988503487989016, "1": -2.12520598592741, "2": -2.2572982821704084, "3": 1.78260996665119, "4": 2.8729889396390114, "5": 1.5180659873284323, "6": -0.652061633511384, "7": 1.1231665342066126}, "datetime": {"datetime": "2021-06-29 22:28:44", "elapsed": 8018.266642, "delta": 21.972049}}
