{"target": 0.003030721589387637, "params": {"0": 1.2304081684094754, "1": 1.9919611472607395, "2": 1.393835229803357, "3": -1.758052303756684, "4": 0.20561049573382206, "5": 2.300481313630092, "6": -0.82897159702443, "7": -1.2497182186266869}, "datetime": {"datetime": "2021-06-29 21:43:56", "elapsed": 5417.747915, "delta": 14.586542}}
{"target": 0.0037790942313561467, "params": {"0": -2.138431675964894, "1": -1.3263754043550717, "2": 0.646751414396209, "3": 2.121753419611524, "4": -1.0665466542387574, "5": 0.9257509857036963, "6": -2.812852416869129, "7": 0.22824612172230951}, "datetime": {"datetime": "2021-06-29 21:44:07", "elapsed": 5428.36349, "delta": 10.615575}}
{"target": 0.006556218068722862, "params": {"0": -0.7387516881036484, "1": 2.0359092900927065, "2": -0.16781391388674827, "3": 1.1338070008048735, "4": 0.25189146564399323, "5": 2.1212743271970966, "6": 0.14956620625562067, "7": 1.8748330971493274}, "datetime": {"datetime": "2021-06-29 21:44:31", "elapsed": 5452.505429, "delta": 24.141939}}
{"target": 0.0033795576982387798, "params": {"0": 2.322105250511034, "1": 0.40315111798402326, "2": -1.7134633704704556, "3": 2.2971961145276865, "4": 0.7710422508417389, "5": -2.3541380452204823, "6": 1.3229124796556775, "7": -0.42914471154670375}, "datetime": {"datetime": "2021-06-29 21:44:49", "elapsed": 5470.638315, "delta": 18.132886}}
{"target": 0.005994978059087262, "params": {"0": -2.723442556949337, "1": 0.5989552942690635, "2": -1.8657595267134168, "3": 0.39335673781176705, "4": -1.5681752800691968, "5": -2.346428150017082, "6": -1.3222020814568665, "7": -0.4027402763290784}, "datetime": {"datetime": "2021-06-29 21:45:06", "elapsed": 5487.118207, "delta": 16.479892}}
{"target": 0.007395646499122013, "params": {"0": 0.3323308077533671, "1": 0.9545012112572575, "2": 0.6198871799605801, "3": -2.0186622560940712, "4": 1.511384718798551, "5": -2.424023500170202, "6": -0.5028900964897955, "7": -1.6730323281382393}, "datetime": {"datetime": "2021-06-29 21:45:21", "elapsed": 5502.378064, "delta": 15.259857}}
{"target": 0.003567040833172889, "params": {"0": 0.3470798156507868, "1": 0.007278455595743694, "2": 2.749167776010382, "3": -0.19129609382973234, "4": -0.799851940472009, "5": 0.840188675768573, "6": 0.49473093361203135, "7": -1.6387739935986236}, "datetime": {"datetime": "2021-06-29 21:45:31", "elapsed": 5512.742049, "delta": 10.363985}}
{"target": 0.0039855742026907, "params": {"0": 0.786928063023649, "1": 2.711193354166099, "2": 1.1801409435398966, "3": 2.23824221084251, "4": 0.49358611530750096, "5": -2.39496588494126, "6": -2.5654399302358644, "7": 0.767881677987241}, "datetime": {"datetime": "2021-06-29 21:45:42", "elapsed": 5523.294203, "delta": 10.552154}}
{"target": 0.011130006683295819, "params": {"0": 0.6454198777330227, "1": 1.5479671669224988, "2": 2.995195574213798, "3": -1.5464690643456893, "4": -2.3779210378638407, "5": -2.3058841623858957, "6": 1.7292800313091865, "7": 2.4134492617221053}, "datetime": {"datetime": "2021-06-29 21:45:52", "elapsed": 5533.667491, "delta": 10.373288}}
{"target": 0.004172147791081898, "params": {"0": 1.870734550634448, "1": -2.8246332932112166, "2": 0.7084761428334336, "3": -2.7363721662640703, "4": -2.401215150010772, "5": -0.8998230340908764, "6": -0.2563027062534893, "7": -1.5878438917743674}, "datetime": {"datetime": "2021-06-29 21:46:06", "elapsed": 5546.885475, "delta": 13.217984}}
{"target": 0.0029701173513363693, "params": {"0": -1.46135868231455, "1": -2.3428113394364027, "2": -2.7553190337358244, "3": 2.3587763218451308, "4": 0.9758409243060804, "5": -2.985527420752359, "6": -0.09885592970414958, "7": -0.8413608992899206}, "datetime": {"datetime": "2021-06-29 21:46:19", "elapsed": 5560.488547, "delta": 13.603072}}
{"target": 0.0032334733697761122, "params": {"0": -2.406583232720434, "1": 1.1550979527513912, "2": 0.21068484083988803, "3": -0.640354108749797, "4": -2.4999294860352617, "5": 1.765018664191742, "6": -0.45288080629154814, "7": 1.6963437263860595}, "datetime": {"datetime": "2021-06-29 21:46:30", "elapsed": 5571.507957, "delta": 11.01941}}
{"target": 0.026072471085882242, "params": {"0": -1.080032325330033, "1": 0.5072942186112157, "2": 1.4571716819723708, "3": 2.339418542747908, "4": -1.1011062166166488, "5": 1.2852436617465681, "6": 2.499075367001704, "7": -2.306799993182275}, "datetime": {"datetime": "2021-06-29 21:46:40", "elapsed": 5581.521117, "delta": 10.01316}}
{"target": 0.0032323726322329893, "params": {"0": 1.219506616838565, "1": 0.055316908606420245, "2": 0.6959671900291498, "3": -2.840965488750719, "4": 2.0987275722902705, "5": -1.51215801522084, "6": -2.965798029180255, "7": 1.7131002318494257}, "datetime": {"datetime": "2021-06-29 21:46:54", "elapsed": 5595.079065, "delta": 13.557948}}
{"target": 0.005370157911272784, "params": {"0": -0.919879201473337, "1": -1.907506751363967, "2": 2.3779512319636336, "3": 0.1425247030155603, "4": -0.39018893751956973, "5": -2.6086823028582944, "6": 1.0194667816119063, "7": -0.6023012734138522}, "datetime": {"datetime": "2021-06-29 21:47:03", "elapsed": 5604.245921, "delta": 9.166856}}
{"target": 0.004658532244733574, "params": {"0": -0.6081150660836796, "1": -2.882880792997044, "2": -0.35400175054979055, "3": 2.502569023397978, "4": -0.8329182518209115, "5": -2.9752279001743496, "6": 1.1755679821570153, "7": 1.4096828306847478}, "datetime": {"datetime": "2021-06-29 21:47:17", "elapsed": 5617.780414, "delta": 13.534493}}
{"target": 0.003003322902203764, "params": {"0": -1.9005557025028814, "1": -2.304779732817514, "2": -2.297703393229348, "3": 2.143769349818122, "4": -1.436497087214764, "5": 2.7350385752418145, "6": 2.5738370595754017, "7": -2.5930382199812327}, "datetime": {"datetime": "2021-06-29 21:47:27", "elapsed": 5628.360807, "delta": 10.580393}}
{"target": 0.02431500336212476, "params": {"0": -1.1546032783198044, "1": -0.4520314261119873, "2": 1.7140265888935904, "3": -2.878900612098456, "4": 1.8214316865203761, "5": 0.27067782327053, "6": 0.6261993739475598, "7": 1.7591739196666243}, "datetime": {"datetime": "2021-06-29 21:47:45", "elapsed": 5645.760891, "delta": 17.400084}}
{"target": 0.0065043319151044075, "params": {"0": 0.3706041335215611, "1": -2.6315959261437123, "2": -2.659698809795497, "3": -2.9256558825254535, "4": -0.8213976821091129, "5": -1.265507635837668, "6": 0.8129470028205938, "7": -0.053792493778747286}, "datetime": {"datetime": "2021-06-29 21:48:01", "elapsed": 5662.032438, "delta": 16.271547}}
{"target": 0.003307088904556064, "params": {"0": 0.4055644737854447, "1": -0.554423351276442, "2": 1.452716496078212, "3": 1.0158151669890163, "4": 1.3998043513312437, "5": 2.1721109267133336, "6": 1.8322198462342376, "7": -2.0849774288702636}, "datetime": {"datetime": "2021-06-29 21:48:39", "elapsed": 5699.846683, "delta": 37.814245}}
{"target": 0.00294767136761042, "params": {"0": 0.9661459177254956, "1": -1.2147989846769665, "2": 1.9955345967750295, "3": -2.0804643012301742, "4": 2.877806836619926, "5": 0.8547053543763985, "6": 1.209308830013529, "7": -0.4343486543823505}, "datetime": {"datetime": "2021-06-29 21:48:50", "elapsed": 5711.448914, "delta": 11.602231}}
{"target": 0.004400033738820651, "params": {"0": 2.8914195024736884, "1": 2.0473145134655057, "2": 1.4882618750348868, "3": -0.9853031325534594, "4": -0.8110646928751457, "5": -2.522301546018702, "6": 1.747648692713411, "7": -0.6690505655922099}, "datetime": {"datetime": "2021-06-29 21:49:17", "elapsed": 5737.848738, "delta": 26.399824}}
{"target": 0.013661069892707926, "params": {"0": 1.507791366529725, "1": 0.5929678168587387, "2": -0.7955169566605647, "3": 2.279130391066915, "4": 0.17524952312370168, "5": -2.537216758937882, "6": 0.0866033297683515, "7": 1.5353383188341096}, "datetime": {"datetime": "2021-06-29 21:49:31", "elapsed": 5752.072072, "delta": 14.223334}}
{"target": 0.0031884486160515596, "params": {"0": -2.517950182449767, "1": 2.8790431591363186, "2": -0.5416470947510543, "3": 1.0932424671206906, "4": 1.0704054597912815, "5": -1.4468461636520862, "6": 2.9028487726290706, "7": 2.9901789431675203}, "datetime": {"datetime": "2021-06-29 21:49:40", "elapsed": 5761.35234, "delta": 9.280268}}
{"target": 0.009433488947027896, "params": {"0": -2.018073427910818, "1": -1.9821695142076576, "2": 0.15340346639216484, "3": 0.38969948957375244, "4": 1.923256179431501, "5": -2.359079183978783, "6": 2.0985447172249767, "7": 1.9939557037757991}, "datetime": {"datetime": "2021-06-29 21:49:50", "elapsed": 5771.105295, "delta": 9.752955}}
{"target": 0.0030368768471360475, "params": {"0": 2.2196545847238394, "1": -2.9859707785371854, "2": -2.4027020645595396, "3": -0.7018762038871325, "4": 2.5241544926387682, "5": 2.953560795529631, "6": -2.5643932252704094, "7": 2.372557289207114}, "datetime": {"datetime": "2021-06-29 21:50:05", "elapsed": 5786.71007, "delta": 15.604775}}
{"target": 0.0038359598341625722, "params": {"0": -1.0365895380085566, "1": -2.350947646482521, "2": -0.8876611798505305, "3": 0.7551797527233299, "4": -2.270630396196078, "5": -2.0379713120272434, "6": 2.0453328394310972, "7": 0.3541729508647542}, "datetime": {"datetime": "2021-06-29 21:50:19", "elapsed": 5800.183575, "delta": 13.473505}}
{"target": 0.0033951461470664974, "params": {"0": -0.7159963332730319, "1": 1.126956092648725, "2": 1.0161114735716303, "3": -1.726512159298521, "4": 0.635946119685336, "5": -1.4781585337881962, "6": 2.4978721046662873, "7": -2.683455400413103}, "datetime": {"datetime": "2021-06-29 21:50:29", "elapsed": 5810.133744, "delta": 9.950169}}
{"target": 0.00293767289696441, "params": {"0": 1.3589453708782617, "1": 2.0305486156328936, "2": -1.5392275755904121, "3": -0.6939372925514613, "4": 2.984046632829277, "5": 0.682368370074304, "6": 1.1590503104467427, "7": -0.7719484582587852}, "datetime": {"datetime": "2021-06-29 21:50:39", "elapsed": 5820.53561, "delta": 10.401866}}
{"target": 0.0030692694333614677, "params": {"0": 1.742498628718577, "1": -0.7070971894817761, "2": 2.9002949190791067, "3": -1.1718145330679746, "4": 1.2932628268111905, "5": 1.2868287164234875, "6": -0.6690856566351435, "7": 0.16640995680071402}, "datetime": {"datetime": "2021-06-29 21:50:54", "elapsed": 5835.037578, "delta": 14.501968}}
{"target": 0.01901618571332302, "params": {"0": 0.7077875370866611, "1": 1.8218748002632408, "2": -2.257318326359815, "3": 0.7194529779735204, "4": -1.7308678996765798, "5": 0.6442381391930923, "6": -0.23403961538677187, "7": -0.4756973358117591}, "datetime": {"datetime": "2021-06-29 21:51:11", "elapsed": 5851.875414, "delta": 16.837836}}
{"target": 0.0049758732848891405, "params": {"0": -0.26682115572957077, "1": -1.498351786394708, "2": 1.3076534332123515, "3": -2.9405211876164525, "4": 1.053003546205069, "5": -2.8534597366218133, "6": -2.452298476886038, "7": -1.0090200709111146}, "datetime": {"datetime": "2021-06-29 21:51:41", "elapsed": 5881.833985, "delta": 29.958571}}
{"target": 0.0031296588114787783, "params": {"0": 0.5283607796833034, "1": -1.0984036576349825, "2": -2.25842078449595, "3": -2.342142862924047, "4": 2.1211045507189157, "5": 0.7174468891746812, "6": 1.2462818573642682, "7": 2.616166970830749}, "datetime": {"datetime": "2021-06-29 21:51:58", "elapsed": 5899.028683, "delta": 17.194698}}
{"target": 0.0030617325372239482, "params": {"0": 1.9607476143311668, "1": -2.0788038591191484, "2": -0.22186013473505017, "3": -0.4561761085272149, "4": -0.18546580925309186, "5": 0.4158107256805752, "6": 1.3621844597195043, "7": 1.809766801219995}, "datetime": {"datetime": "2021-06-29 21:52:17", "elapsed": 5918.227737, "delta": 19.199054}}
{"target": 0.002993554425677594, "params": {"0": 2.391263675589033, "1": 0.011818075029413677, "2": 2.3026528955589667, "3": 1.9388985972889152, "4": -0.18224977524146269, "5": 2.501533753877407, "6": -1.626284025612041, "7": -0.07924511435504034}, "datetime": {"datetime": "2021-06-29 21:52:52", "elapsed": 5953.42717, "delta": 35.199433}}
{"target": 0.006364124197156053, "params": {"0": -1.5640252292941208, "1": 1.2758733112575271, "2": -1.041337126209063, "3": -1.8102152978220776, "4": -1.1897128266696833, "5": 0.06548738520641528, "6": -2.4231377203117432, "7": -0.8362713430224487}, "datetime": {"datetime": "2021-06-29 21:53:06", "elapsed": 5966.768804, "delta": 13.341634}}
{"target": 0.004292228822598786, "params": {"0": 1.1717572578310191, "1": 0.8299413939967568, "2": 2.2406390756651984, "3": 1.3164815402696801, "4": 0.15874431564785185, "5": 0.7439217493366339, "6": -0.33842881482926934, "7": 0.38417307840466997}, "datetime": {"datetime": "2021-06-29 21:53:21", "elapsed": 5981.926284, "delta": 15.15748}}
{"target": 0.003749194666576884, "params": {"0": -0.4791161513309792, "1": 2.5690887857444684, "2": -2.5088245286159925, "3": 1.8752916782543476, "4": -2.8175986493073224, "5": 0.228945835281539, "6": -1.238059293786301, "7": 1.0870472245612763}, "datetime": {"datetime": "2021-06-29 21:53:59", "elapsed": 6020.361901, "delta": 38.435617}}
{"target": 0.0035267864991233373, "params": {"0": -2.1685368357447947, "1": 1.955156447944013, "2": 2.146908500515231, "3": 2.6655864896902663, "4": -2.6583428808741445, "5": 2.9887285711055807, "6": 2.4046701562069117, "7": 0.39674870025220077}, "datetime": {"datetime": "2021-06-29 21:54:22", "elapsed": 6043.552907, "delta": 23.191006}}
{"target": 0.0033314289515614898, "params": {"0": -1.0695401692380186, "1": -0.813958005664559, "2": -2.331913200177251, "3": 2.5712028111504903, "4": -0.727375101769189, "5": -2.499547262308475, "6": 1.9527164103221661, "7": 2.930536944437063}, "datetime": {"datetime": "2021-06-29 21:54:38", "elapsed": 6059.260736, "delta": 15.707829}}
{"target": 0.0038024492677109444, "params": {"0": 2.053476357306602, "1": 1.2938126336664357, "2": 0.7279906248202002, "3": -2.1050771394232624, "4": -1.6218795776720238, "5": -1.1585629497197565, "6": 2.3633271074934266, "7": 1.0324470826434213}, "datetime": {"datetime": "2021-06-29 21:54:55", "elapsed": 6076.000448, "delta": 16.739712}}
{"target": 0.0030519344616034587, "params": {"0": 1.6539865236660791, "1": 2.3887571919737614, "2": -1.5360766508804435, "3": 0.9181655731872, "4": 1.9400354765114276, "5": 1.4658535743346741, "6": 2.4715878327100764, "7": -2.2269127454290394}, "datetime": {"datetime": "2021-06-29 21:55:12", "elapsed": 6093.573904, "delta": 17.573456}}
{"target": 0.0032216741803567594, "params": {"0": 1.4913454563925468, "1": 1.0660996067610409, "2": -1.263992261550634, "3": -2.512279440213858, "4": -2.9738485592687303, "5": 0.45985000898381534, "6": -0.731562634589193, "7": -1.1819509867864486}, "datetime": {"datetime": "2021-06-29 21:55:26", "elapsed": 6107.007712, "delta": 13.433808}}
{"target": 0.004237774848014241, "params": {"0": 2.377272660179173, "1": -1.4774680404340481, "2": 1.5395778283238482, "3": -1.2986720414743056, "4": -0.7213717416827117, "5": 1.5465229359527548, "6": -1.9525149721413195, "7": -1.5446048335941673}, "datetime": {"datetime": "2021-06-29 21:55:46", "elapsed": 6126.862541, "delta": 19.854829}}
{"target": 0.0034870008634120975, "params": {"0": 2.7159585370040586, "1": -0.001534457110611065, "2": -0.3273777769249815, "3": 2.4556983122742535, "4": 0.6858109303285316, "5": -1.4631629782247386, "6": -1.6409954920708332, "7": 2.303026009686606}, "datetime": {"datetime": "2021-06-29 21:55:59", "elapsed": 6140.327054, "delta": 13.464513}}
{"target": 0.0033086117061583912, "params": {"0": -0.7853748058792247, "1": 0.17221495196294212, "2": 1.3064019863909495, "3": 0.9802172668214135, "4": 2.867574897413534, "5": -0.0207793709059807, "6": 0.20934059841410857, "7": 1.2704364031334991}, "datetime": {"datetime": "2021-06-29 21:56:34", "elapsed": 6175.673752, "delta": 35.346698}}
{"target": 0.0031334233139876213, "params": {"0": 0.1567104354470339, "1": 1.295972455152124, "2": -2.4913663477529218, "3": 0.3616315133506216, "4": 2.676238798062176, "5": -0.2545714677843365, "6": -2.897610007326881, "7": -0.3061080839168415}, "datetime": {"datetime": "2021-06-29 21:56:53", "elapsed": 6194.302506, "delta": 18.628754}}
{"target": 0.0035364867612323035, "params": {"0": 1.8369198065943966, "1": -1.2597568929755605, "2": -0.5425101674749033, "3": 1.7280272858609775, "4": -0.8166803781503349, "5": 1.624397667690383, "6": -2.6533049045540755, "7": 0.5048971922141101}, "datetime": {"datetime": "2021-06-29 21:57:28", "elapsed": 6229.030192, "delta": 34.727686}}
{"target": 0.003907923334759667, "params": {"0": -1.954951359819799, "1": 2.9953023111220842, "2": 2.167824785492555, "3": 1.9582350389118277, "4": -1.0453332417249948, "5": 2.0844234053760298, "6": 2.2317815885843135, "7": -0.5983685686268743}, "datetime": {"datetime": "2021-06-29 21:57:41", "elapsed": 6241.859097, "delta": 12.828905}}
{"target": 0.003303270214598607, "params": {"0": -1.685630170817338, "1": -0.8827171820734501, "2": -1.5932038664569537, "3": -1.7300164144295216, "4": -1.856835643259697, "5": -0.2733361655112536, "6": -1.1589823464717997, "7": -1.389711401067678}, "datetime": {"datetime": "2021-06-29 21:58:01", "elapsed": 6261.850976, "delta": 19.991879}}
{"target": 0.003143247445547183, "params": {"0": -1.1071967097137685, "1": -1.2428185895554587, "2": 0.8094555306747759, "3": -2.9131615458002638, "4": 2.0694541923752565, "5": -0.6743278094492648, "6": -1.8457683668112275, "7": -1.137593175628057}, "datetime": {"datetime": "2021-06-29 21:58:20", "elapsed": 6281.713519, "delta": 19.862543}}
{"target": 0.018271101317389415, "params": {"0": 2.851158203363557, "1": -0.31759485399880516, "2": -1.4547484839978722, "3": 2.7027260309882486, "4": -0.7630969422515932, "5": -0.22161282503101942, "6": 1.0690101330368886, "7": -0.6114928555322252}, "datetime": {"datetime": "2021-06-29 21:58:37", "elapsed": 6297.934565, "delta": 16.221046}}
{"target": 0.0036070967909251892, "params": {"0": 0.44864044400012393, "1": -2.3237404180427093, "2": -0.8543961466575527, "3": 0.7161130183480822, "4": -1.909268739682553, "5": 1.114614804090218, "6": -2.8652538681610054, "7": 2.6421769383464717}, "datetime": {"datetime": "2021-06-29 21:58:46", "elapsed": 6307.534673, "delta": 9.600108}}
{"target": 0.003106546119888379, "params": {"0": -1.6826942742915245, "1": -1.7651593851896825, "2": 2.7847523289120035, "3": 1.583956781223165, "4": -2.7627705674883467, "5": 2.8529355157658536, "6": 0.17584074206096156, "7": -0.7180046607051569}, "datetime": {"datetime": "2021-06-29 21:59:06", "elapsed": 6327.282839, "delta": 19.748166}}
{"target": 0.003054717892103167, "params": {"0": 0.9276394770002074, "1": 1.7988785638164977, "2": -1.8411142333259563, "3": 1.255339839923229, "4": 0.6788539040522257, "5": -0.509068055863021, "6": 1.6917222923183708, "7": 1.7849418514683695}, "datetime": {"datetime": "2021-06-29 21:59:24", "elapsed": 6345.227081, "delta": 17.944242}}
{"target": 0.004021170416080261, "params": {"0": 1.9565331217437762, "1": -2.7522610658509157, "2": 2.5320407882342026, "3": 0.43296600839367194, "4": -0.2157525984059978, "5": -1.7266496226046397, "6": 2.6763840293264893, "7": 0.08713995801555985}, "datetime": {"datetime": "2021-06-29 21:59:49", "elapsed": 6370.597465, "delta": 25.370384}}
{"target": 0.0030356852539074443, "params": {"0": 1.4497358932344717, "1": -2.4008560708808298, "2": 0.7456713034842446, "3": 0.17806862698376413, "4": 1.6079585402432528, "5": 2.4905167820071767, "6": 0.6544450085487368, "7": -2.8673308865021325}, "datetime": {"datetime": "2021-06-29 22:00:08", "elapsed": 6389.548451, "delta": 18.950986}}
{"target": 0.0030036964678790746, "params": {"0": -1.2970123078064517, "1": 2.3412151039897866, "2": -1.6719172007637864, "3": 0.24152030590535123, "4": 1.601759198932461, "5": -2.5407237804252496, "6": -1.2737093126958028, "7": 1.83640494763128}, "datetime": {"datetime": "2021-06-29 22:00:40", "elapsed": 6421.027291, "delta": 31.47884}}
{"target": 0.003306653956989718, "params": {"0": -0.8197123566141746, "1": -2.571303700399071, "2": -2.8905269065082324, "3": -0.04601760698377255, "4": 2.052366451399471, "5": 0.9345339723996675, "6": 2.3320142243003996, "7": 2.8250055346653298}, "datetime": {"datetime": "2021-06-29 22:01:09", "elapsed": 6450.115006, "delta": 29.087715}}
{"target": 0.006388844243267284, "params": {"0": -2.1255382219166674, "1": -0.6896417611381747, "2": -0.8611483503381328, "3": 0.07766398464213964, "4": -0.9637197758047806, "5": -0.3407010042948837, "6": -2.6281774988989812, "7": 1.1141467758367654}, "datetime": {"datetime": "2021-06-29 22:01:27", "elapsed": 6468.748825, "delta": 18.633819}}
{"target": 0.030289264886304353, "params": {"0": -1.2339700399260196, "1": -0.3509362048060334, "2": -0.7667044664113289, "3": 2.8003391382239817, "4": 2.8526225593551526, "5": -2.626686434371747, "6": 2.702616992241225, "7": 2.720675878788903}, "datetime": {"datetime": "2021-06-29 22:01:44", "elapsed": 6485.476095, "delta": 16.72727}}
{"target": 0.008343698701603149, "params": {"0": 1.2966267518535508, "1": -2.6846634398115974, "2": -2.9523357801228123, "3": 2.081401960588204, "4": 2.5660347756806186, "5": -0.6291358103255771, "6": 0.39065315045313387, "7": -0.07262349862883255}, "datetime": {"datetime": "2021-06-29 22:02:07", "elapsed": 6507.798867, "delta": 22.322772}}
{"target": 0.0038058039152307683, "params": {"0": 1.7109413047580846, "1": -1.551112103856602, "2": -2.2003705050163536, "3": -1.156769173298032, "4": 1.0832173196575399, "5": 0.32223716550896864, "6": 0.24316445454214897, "7": -1.1713172896149513}, "datetime": {"datetime": "2021-06-29 22:02:22", "elapsed": 6523.489855, "delta": 15.690988}}
{"target": 0.0029348670965740576, "params": {"0": -2.7988503487989016, "1": -2.12520598592741, "2": -2.2572982821704084, "3": 1.78260996665119, "4": 2.8729889396390114, "5": 1.5180659873284323, "6": -0.652061633511384, "7": 1.1231665342066126}, "datetime": {"datetime": "2021-06-29 22:02:44", "elapsed": 6545.350965, "delta": 21.86111}}
