{"target": 0.0031351468582210395, "params": {"0": 1.2304081684094754, "1": 1.9919611472607395, "2": 1.393835229803357, "3": -1.758052303756684, "4": 0.20561049573382206, "5": 2.300481313630092, "6": -0.82897159702443, "7": -1.2497182186266869}, "datetime": {"datetime": "2021-06-29 21:53:24", "elapsed": 5984.659056, "delta": 6.16308}}
{"target": 0.0035828138039956073, "params": {"0": -2.138431675964894, "1": -1.3263754043550717, "2": 0.646751414396209, "3": 2.121753419611524, "4": -1.0665466542387574, "5": 0.9257509857036963, "6": -2.812852416869129, "7": 0.22824612172230951}, "datetime": {"datetime": "2021-06-29 21:53:35", "elapsed": 5996.471533, "delta": 11.812477}}
{"target": 0.004411371027487627, "params": {"0": 1.7463555785698794, "1": 2.660429880209093, "2": -0.5184778374217673, "3": -2.9527629582058625, "4": -0.8851947872104038, "5": 0.3706116632016836, "6": 2.298543197942851, "7": -1.8517804348553228}, "datetime": {"datetime": "2021-06-29 21:53:50", "elapsed": 6011.002832, "delta": 14.531299}}
{"target": 0.0036309717538489817, "params": {"0": 2.3649451475862335, "1": -0.04518703067151053, "2": 2.238574823017041, "3": 1.000727334803404, "4": -1.7713976939584803, "5": 2.6067388791246806, "6": -0.7252532205125428, "7": 0.5602850468166576}, "datetime": {"datetime": "2021-06-29 21:54:21", "elapsed": 6042.484824, "delta": 31.481992}}
{"target": 0.0036047537120169697, "params": {"0": -2.723442556949337, "1": 0.5989552942690635, "2": -1.8657595267134168, "3": 0.39335673781176705, "4": -1.5681752800691968, "5": -2.346428150017082, "6": -1.3222020814568665, "7": -0.4027402763290784}, "datetime": {"datetime": "2021-06-29 21:54:41", "elapsed": 6061.873787, "delta": 19.388963}}
{"target": 0.006846279330456145, "params": {"0": 0.3323308077533671, "1": 0.9545012112572575, "2": 0.6198871799605801, "3": -2.0186622560940712, "4": 1.511384718798551, "5": -2.424023500170202, "6": -0.5028900964897955, "7": -1.6730323281382393}, "datetime": {"datetime": "2021-06-29 21:54:55", "elapsed": 6076.181529, "delta": 14.307742}}
{"target": 0.0036283354510150637, "params": {"0": 0.3470798156507868, "1": 0.007278455595743694, "2": 2.749167776010382, "3": -0.19129609382973234, "4": -0.799851940472009, "5": 0.840188675768573, "6": 0.49473093361203135, "7": -1.6387739935986236}, "datetime": {"datetime": "2021-06-29 21:55:10", "elapsed": 6090.989649, "delta": 14.80812}}
{"target": 0.004393698243656041, "params": {"0": 0.786928063023649, "1": 2.711193354166099, "2": 1.1801409435398966, "3": 2.23824221084251, "4": 0.49358611530750096, "5": -2.39496588494126, "6": -2.5654399302358644, "7": 0.767881677987241}, "datetime": {"datetime": "2021-06-29 21:55:26", "elapsed": 6106.522016, "delta": 15.532367}}
{"target": 0.0686156935845468, "params": {"0": 0.6454198777330227, "1": 1.5479671669224988, "2": 2.995195574213798, "3": -1.5464690643456893, "4": -2.3779210378638407, "5": -2.3058841623858957, "6": 1.7292800313091865, "7": 2.4134492617221053}, "datetime": {"datetime": "2021-06-29 21:55:38", "elapsed": 6118.934736, "delta": 12.41272}}
{"target": 0.010033652236395981, "params": {"0": 1.870734550634448, "1": -2.8246332932112166, "2": 0.7084761428334336, "3": -2.7363721662640703, "4": -2.401215150010772, "5": -0.8998230340908764, "6": -0.2563027062534893, "7": -1.5878438917743674}, "datetime": {"datetime": "2021-06-29 21:55:50", "elapsed": 6131.058467, "delta": 12.123731}}
{"target": 0.0029574471859376084, "params": {"0": -1.46135868231455, "1": -2.3428113394364027, "2": -2.7553190337358244, "3": 2.3587763218451308, "4": 0.9758409243060804, "5": -2.985527420752359, "6": -0.09885592970414958, "7": -0.8413608992899206}, "datetime": {"datetime": "2021-06-29 21:56:08", "elapsed": 6149.170249, "delta": 18.111782}}
{"target": 0.003227930805409676, "params": {"0": -2.406583232720434, "1": 1.1550979527513912, "2": 0.21068484083988803, "3": -0.640354108749797, "4": -2.4999294860352617, "5": 1.765018664191742, "6": -0.45288080629154814, "7": 1.6963437263860595}, "datetime": {"datetime": "2021-06-29 21:56:22", "elapsed": 6163.001406, "delta": 13.831157}}
{"target": 0.011049264938619257, "params": {"0": -1.080032325330033, "1": 0.5072942186112157, "2": 1.4571716819723708, "3": 2.339418542747908, "4": -1.1011062166166488, "5": 1.2852436617465681, "6": 2.499075367001704, "7": -2.306799993182275}, "datetime": {"datetime": "2021-06-29 21:56:35", "elapsed": 6175.936958, "delta": 12.935552}}
{"target": 0.004397370154703175, "params": {"0": 1.219506616838565, "1": 0.055316908606420245, "2": 0.6959671900291498, "3": -2.840965488750719, "4": 2.0987275722902705, "5": -1.51215801522084, "6": -2.965798029180255, "7": 1.7131002318494257}, "datetime": {"datetime": "2021-06-29 21:56:59", "elapsed": 6200.23701, "delta": 24.300052}}
{"target": 0.008077272638141677, "params": {"0": -0.919879201473337, "1": -1.907506751363967, "2": 2.3779512319636336, "3": 0.1425247030155603, "4": -0.39018893751956973, "5": -2.6086823028582944, "6": 1.0194667816119063, "7": -0.6023012734138522}, "datetime": {"datetime": "2021-06-29 21:57:11", "elapsed": 6211.984914, "delta": 11.747904}}
{"target": 0.0043912601242861275, "params": {"0": -0.6081150660836796, "1": -2.882880792997044, "2": -0.35400175054979055, "3": 2.502569023397978, "4": -0.8329182518209115, "5": -2.9752279001743496, "6": 1.1755679821570153, "7": 1.4096828306847478}, "datetime": {"datetime": "2021-06-29 21:57:41", "elapsed": 6242.130755, "delta": 30.145841}}
{"target": 0.0030008257464917754, "params": {"0": -1.9005557025028814, "1": -2.304779732817514, "2": -2.297703393229348, "3": 2.143769349818122, "4": -1.436497087214764, "5": 2.7350385752418145, "6": 2.5738370595754017, "7": -2.5930382199812327}, "datetime": {"datetime": "2021-06-29 21:57:54", "elapsed": 6254.987793, "delta": 12.857038}}
{"target": 0.023380148940174383, "params": {"0": -1.1546032783198044, "1": -0.4520314261119873, "2": 1.7140265888935904, "3": -2.878900612098456, "4": 1.8214316865203761, "5": 0.27067782327053, "6": 0.6261993739475598, "7": 1.7591739196666243}, "datetime": {"datetime": "2021-06-29 21:58:29", "elapsed": 6290.001513, "delta": 35.01372}}
{"target": 0.004704976924039017, "params": {"0": 1.4998773118413027, "1": 0.007517836576884651, "2": -1.2787916189656678, "3": -2.070486287476001, "4": 0.7808349856277008, "5": -2.622817971054891, "6": 0.2672166407665313, "7": 0.18446411757681558}, "datetime": {"datetime": "2021-06-29 21:58:46", "elapsed": 6306.73567, "delta": 16.734157}}
{"target": 0.004344978049956761, "params": {"0": 1.8357585052500554, "1": 2.3176458481969497, "2": -1.7649796029570175, "3": -2.42793063750612, "4": 0.9390278960140193, "5": -1.1866439204844192, "6": 2.570085411573558, "7": -0.4515838504971206}, "datetime": {"datetime": "2021-06-29 21:59:04", "elapsed": 6324.517815, "delta": 17.782145}}
{"target": 0.002953711023906444, "params": {"0": 0.9661459177254956, "1": -1.2147989846769665, "2": 1.9955345967750295, "3": -2.0804643012301742, "4": 2.877806836619926, "5": 0.8547053543763985, "6": 1.209308830013529, "7": -0.4343486543823505}, "datetime": {"datetime": "2021-06-29 21:59:20", "elapsed": 6340.87804, "delta": 16.360225}}
{"target": 0.11172165084775244, "params": {"0": 0.9459136477765493, "1": 1.6476110705608082, "2": -0.470982579724462, "3": -2.019455872996353, "4": -1.4419460068213776, "5": -0.4765468517346201, "6": 1.8042866908147266, "7": -1.0064397429419265}, "datetime": {"datetime": "2021-06-29 22:00:00", "elapsed": 6380.856443, "delta": 39.978403}}
{"target": 0.9389902167599731, "params": {"0": 0.9071200218133226, "1": -1.4929166873084951, "2": -0.18866422900244117, "3": -2.3089698974318367, "4": -0.03601376868429096, "5": -2.9475414043407717, "6": 1.6262070728818783, "7": 0.7647145856724622}, "datetime": {"datetime": "2021-06-29 22:00:38", "elapsed": 6418.857666, "delta": 38.001223}}
{"target": 0.0031551255152457644, "params": {"0": -2.517950182449767, "1": 2.8790431591363186, "2": -0.5416470947510543, "3": 1.0932424671206906, "4": 1.0704054597912815, "5": -1.4468461636520862, "6": 2.9028487726290706, "7": 2.9901789431675203}, "datetime": {"datetime": "2021-06-29 22:00:54", "elapsed": 6434.793924, "delta": 15.936258}}
{"target": 0.006927598688644152, "params": {"0": -2.018073427910818, "1": -1.9821695142076576, "2": 0.15340346639216484, "3": 0.38969948957375244, "4": 1.923256179431501, "5": -2.359079183978783, "6": 2.0985447172249767, "7": 1.9939557037757991}, "datetime": {"datetime": "2021-06-29 22:01:09", "elapsed": 6449.754788, "delta": 14.960864}}
{"target": 0.0031194356423766005, "params": {"0": 2.2196545847238394, "1": -2.9859707785371854, "2": -2.4027020645595396, "3": -0.7018762038871325, "4": 2.5241544926387682, "5": 2.953560795529631, "6": -2.5643932252704094, "7": 2.372557289207114}, "datetime": {"datetime": "2021-06-29 22:01:28", "elapsed": 6468.756895, "delta": 19.002107}}
{"target": 0.004495694720733626, "params": {"0": -1.0365895380085566, "1": -2.350947646482521, "2": -0.8876611798505305, "3": 0.7551797527233299, "4": -2.270630396196078, "5": -2.0379713120272434, "6": 2.0453328394310972, "7": 0.3541729508647542}, "datetime": {"datetime": "2021-06-29 22:01:52", "elapsed": 6493.194822, "delta": 24.437927}}
{"target": 0.004299126253260856, "params": {"0": -0.7159963332730319, "1": 1.126956092648725, "2": 1.0161114735716303, "3": -1.726512159298521, "4": 0.635946119685336, "5": -1.4781585337881962, "6": 2.4978721046662873, "7": -2.683455400413103}, "datetime": {"datetime": "2021-06-29 22:02:10", "elapsed": 6510.875343, "delta": 17.680521}}
{"target": 0.0029444377055846196, "params": {"0": 1.3589453708782617, "1": 2.0305486156328936, "2": -1.5392275755904121, "3": -0.6939372925514613, "4": 2.984046632829277, "5": 0.682368370074304, "6": 1.1590503104467427, "7": -0.7719484582587852}, "datetime": {"datetime": "2021-06-29 22:02:25", "elapsed": 6525.683148, "delta": 14.807805}}
{"target": 0.0030781160880474254, "params": {"0": 1.742498628718577, "1": -0.7070971894817761, "2": 2.9002949190791067, "3": -1.1718145330679746, "4": 1.2932628268111905, "5": 1.2868287164234875, "6": -0.6690856566351435, "7": 0.16640995680071402}, "datetime": {"datetime": "2021-06-29 22:02:39", "elapsed": 6539.925162, "delta": 14.242014}}
{"target": 0.021988433748384502, "params": {"0": 0.7077875370866611, "1": 1.8218748002632408, "2": -2.257318326359815, "3": 0.7194529779735204, "4": -1.7308678996765798, "5": 0.6442381391930923, "6": -0.23403961538677187, "7": -0.4756973358117591}, "datetime": {"datetime": "2021-06-29 22:02:59", "elapsed": 6560.164722, "delta": 20.23956}}
{"target": 0.0038032297740761122, "params": {"0": -0.24603955284888768, "1": -0.3850096359442219, "2": 0.43551563007243566, "3": -0.0013350002538530248, "4": -0.606162251946829, "5": -1.7331072874808904, "6": -2.7318585535709436, "7": -0.47574103767141995}, "datetime": {"datetime": "2021-06-29 22:03:31", "elapsed": 6591.587112, "delta": 31.42239}}
{"target": 0.003309844576288117, "params": {"0": 0.5283607796833034, "1": -1.0984036576349825, "2": -2.25842078449595, "3": -2.342142862924047, "4": 2.1211045507189157, "5": 0.7174468891746812, "6": 1.2462818573642682, "7": 2.616166970830749}, "datetime": {"datetime": "2021-06-29 22:03:50", "elapsed": 6610.608832, "delta": 19.02172}}
{"target": 0.0029990116471455323, "params": {"0": 1.9607476143311668, "1": -2.0788038591191484, "2": -0.22186013473505017, "3": -0.4561761085272149, "4": -0.18546580925309186, "5": 0.4158107256805752, "6": 1.3621844597195043, "7": 1.809766801219995}, "datetime": {"datetime": "2021-06-29 22:04:13", "elapsed": 6633.685896, "delta": 23.077064}}
{"target": 0.0038829031766859537, "params": {"0": -1.2913324837231483, "1": -2.3640060530230693, "2": 1.0015922356011586, "3": -2.1821173822532414, "4": 0.49995574425618194, "5": 0.9504901840838897, "6": -1.6314741339213865, "7": 2.2440423318631133}, "datetime": {"datetime": "2021-06-29 22:04:29", "elapsed": 6650.238986, "delta": 16.55309}}
{"target": 0.030134933439911697, "params": {"0": -1.5640252292941208, "1": 1.2758733112575271, "2": -1.041337126209063, "3": -1.8102152978220776, "4": -1.1897128266696833, "5": 0.06548738520641528, "6": -2.4231377203117432, "7": -0.8362713430224487}, "datetime": {"datetime": "2021-06-29 22:04:42", "elapsed": 6662.57291, "delta": 12.333924}}
{"target": 0.004244542450001963, "params": {"0": 1.1717572578310191, "1": 0.8299413939967568, "2": 2.2406390756651984, "3": 1.3164815402696801, "4": 0.15874431564785185, "5": 0.7439217493366339, "6": -0.33842881482926934, "7": 0.38417307840466997}, "datetime": {"datetime": "2021-06-29 22:04:54", "elapsed": 6674.813626, "delta": 12.240716}}
{"target": 0.3576053701238398, "params": {"0": 1.3112634091749964, "1": -1.5740201906397893, "2": -0.2869806453288959, "3": -2.61286407878558, "4": 0.2621571036998729, "5": -2.972260926243384, "6": 1.2032177950551297, "7": 0.2777171378666212}, "datetime": {"datetime": "2021-06-29 22:05:12", "elapsed": 6692.551123, "delta": 17.737497}}
{"target": 0.0033170832263623986, "params": {"0": -2.1685368357447947, "1": 1.955156447944013, "2": 2.146908500515231, "3": 2.6655864896902663, "4": -2.6583428808741445, "5": 2.9887285711055807, "6": 2.4046701562069117, "7": 0.39674870025220077}, "datetime": {"datetime": "2021-06-29 22:05:24", "elapsed": 6704.914275, "delta": 12.363152}}
{"target": 0.0034250542685294433, "params": {"0": -1.0695401692380186, "1": -0.813958005664559, "2": -2.331913200177251, "3": 2.5712028111504903, "4": -0.727375101769189, "5": -2.499547262308475, "6": 1.9527164103221661, "7": 2.930536944437063}, "datetime": {"datetime": "2021-06-29 22:05:47", "elapsed": 6727.923807, "delta": 23.009532}}
{"target": 0.0130469078961687, "params": {"0": 2.053476357306602, "1": 1.2938126336664357, "2": 0.7279906248202002, "3": -2.1050771394232624, "4": -1.6218795776720238, "5": -1.1585629497197565, "6": 2.3633271074934266, "7": 1.0324470826434213}, "datetime": {"datetime": "2021-06-29 22:06:00", "elapsed": 6741.266754, "delta": 13.342947}}
{"target": 0.00305535224861724, "params": {"0": 1.6539865236660791, "1": 2.3887571919737614, "2": -1.5360766508804435, "3": 0.9181655731872, "4": 1.9400354765114276, "5": 1.4658535743346741, "6": 2.4715878327100764, "7": -2.2269127454290394}, "datetime": {"datetime": "2021-06-29 22:06:13", "elapsed": 6753.842063, "delta": 12.575309}}
{"target": 0.008314975990810053, "params": {"0": 1.4913454563925468, "1": 1.0660996067610409, "2": -1.263992261550634, "3": -2.512279440213858, "4": -2.9738485592687303, "5": 0.45985000898381534, "6": -0.731562634589193, "7": -1.1819509867864486}, "datetime": {"datetime": "2021-06-29 22:06:29", "elapsed": 6770.453613, "delta": 16.61155}}
{"target": 0.0035908988935405358, "params": {"0": 2.377272660179173, "1": -1.4774680404340481, "2": 1.5395778283238482, "3": -1.2986720414743056, "4": -0.7213717416827117, "5": 1.5465229359527548, "6": -1.9525149721413195, "7": -1.5446048335941673}, "datetime": {"datetime": "2021-06-29 22:06:48", "elapsed": 6788.70494, "delta": 18.251327}}
{"target": 0.0033558791799861835, "params": {"0": 2.7159585370040586, "1": -0.001534457110611065, "2": -0.3273777769249815, "3": 2.4556983122742535, "4": 0.6858109303285316, "5": -1.4631629782247386, "6": -1.6409954920708332, "7": 2.303026009686606}, "datetime": {"datetime": "2021-06-29 22:07:07", "elapsed": 6807.5571, "delta": 18.85216}}
{"target": 0.003861948660931257, "params": {"0": 1.304811319235525, "1": 0.24182548990429975, "2": -1.3605661844280388, "3": -2.5769473224238206, "4": 0.2743860042775603, "5": -1.8704629180572674, "6": 1.422100034879774, "7": 0.5948768173951784}, "datetime": {"datetime": "2021-06-29 22:07:22", "elapsed": 6823.075148, "delta": 15.518048}}
{"target": 0.003241133634596408, "params": {"0": 0.1567104354470339, "1": 1.295972455152124, "2": -2.4913663477529218, "3": 0.3616315133506216, "4": 2.676238798062176, "5": -0.2545714677843365, "6": -2.897610007326881, "7": -0.3061080839168415}, "datetime": {"datetime": "2021-06-29 22:07:52", "elapsed": 6853.218201, "delta": 30.143053}}
{"target": 0.012779343201390465, "params": {"0": 2.249807238763525, "1": -0.03541052568158509, "2": -1.0767915969973163, "3": -1.4714365337756559, "4": 1.72574111876426, "5": -2.7588411691157217, "6": 0.8999283716654389, "7": -1.0066465170466796}, "datetime": {"datetime": "2021-06-29 22:08:14", "elapsed": 6874.959662, "delta": 21.741461}}
{"target": 0.0038295536339598064, "params": {"0": -1.954951359819799, "1": 2.9953023111220842, "2": 2.167824785492555, "3": 1.9582350389118277, "4": -1.0453332417249948, "5": 2.0844234053760298, "6": 2.2317815885843135, "7": -0.5983685686268743}, "datetime": {"datetime": "2021-06-29 22:08:31", "elapsed": 6892.501701, "delta": 17.542039}}
{"target": 0.003283899874610187, "params": {"0": -1.685630170817338, "1": -0.8827171820734501, "2": -1.5932038664569537, "3": -1.7300164144295216, "4": -1.856835643259697, "5": -0.2733361655112536, "6": -1.1589823464717997, "7": -1.389711401067678}, "datetime": {"datetime": "2021-06-29 22:08:49", "elapsed": 6909.893791, "delta": 17.39209}}
{"target": 0.003390500543280303, "params": {"0": -1.1071967097137685, "1": -1.2428185895554587, "2": 0.8094555306747759, "3": -2.9131615458002638, "4": 2.0694541923752565, "5": -0.6743278094492648, "6": -1.8457683668112275, "7": -1.137593175628057}, "datetime": {"datetime": "2021-06-29 22:09:03", "elapsed": 6924.450991, "delta": 14.5572}}
{"target": 0.005024045921867582, "params": {"0": 2.851158203363557, "1": -0.31759485399880516, "2": -1.4547484839978722, "3": 2.7027260309882486, "4": -0.7630969422515932, "5": -0.22161282503101942, "6": 1.0690101330368886, "7": -0.6114928555322252}, "datetime": {"datetime": "2021-06-29 22:09:18", "elapsed": 6938.913015, "delta": 14.462024}}
{"target": 0.0037569570149174735, "params": {"0": 0.44864044400012393, "1": -2.3237404180427093, "2": -0.8543961466575527, "3": 0.7161130183480822, "4": -1.909268739682553, "5": 1.114614804090218, "6": -2.8652538681610054, "7": 2.6421769383464717}, "datetime": {"datetime": "2021-06-29 22:09:32", "elapsed": 6953.195028, "delta": 14.282013}}
{"target": 0.0029796558339420273, "params": {"0": -1.6826942742915245, "1": -1.7651593851896825, "2": 2.7847523289120035, "3": 1.583956781223165, "4": -2.7627705674883467, "5": 2.8529355157658536, "6": 0.17584074206096156, "7": -0.7180046607051569}, "datetime": {"datetime": "2021-06-29 22:09:50", "elapsed": 6970.884975, "delta": 17.689947}}
{"target": 0.0030456605192584977, "params": {"0": 0.9276394770002074, "1": 1.7988785638164977, "2": -1.8411142333259563, "3": 1.255339839923229, "4": 0.6788539040522257, "5": -0.509068055863021, "6": 1.6917222923183708, "7": 1.7849418514683695}, "datetime": {"datetime": "2021-06-29 22:10:02", "elapsed": 6983.068613, "delta": 12.183638}}
{"target": 0.0408103346628568, "params": {"0": 1.9565331217437762, "1": -2.7522610658509157, "2": 2.5320407882342026, "3": 0.43296600839367194, "4": -0.2157525984059978, "5": -1.7266496226046397, "6": 2.6763840293264893, "7": 0.08713995801555985}, "datetime": {"datetime": "2021-06-29 22:10:17", "elapsed": 6998.279775, "delta": 15.211162}}
{"target": 0.0031382258510873288, "params": {"0": 1.4497358932344717, "1": -2.4008560708808298, "2": 0.7456713034842446, "3": 0.17806862698376413, "4": 1.6079585402432528, "5": 2.4905167820071767, "6": 0.6544450085487368, "7": -2.8673308865021325}, "datetime": {"datetime": "2021-06-29 22:10:33", "elapsed": 7014.486091, "delta": 16.206316}}
{"target": 0.003528453434424225, "params": {"0": 1.3112776393049232, "1": 2.1660475687414698, "2": 0.25530474278706805, "3": -1.6967185454605975, "4": -1.5326074347446337, "5": -0.9607088349222286, "6": 2.5762355599633704, "7": -0.6226134392288323}, "datetime": {"datetime": "2021-06-29 22:11:08", "elapsed": 7048.701286, "delta": 34.215195}}
{"target": 0.0049224229323472065, "params": {"0": 2.6611412716912533, "1": -0.27915544156503014, "2": 2.6188610572070763, "3": 0.22278408729583266, "4": -1.0621886306433348, "5": 2.362751531260445, "6": 0.13431309369440303, "7": 0.6460477675373943}, "datetime": {"datetime": "2021-06-29 22:11:44", "elapsed": 7085.225077, "delta": 36.523791}}
{"target": 0.006353964961762803, "params": {"0": -2.1255382219166674, "1": -0.6896417611381747, "2": -0.8611483503381328, "3": 0.07766398464213964, "4": -0.9637197758047806, "5": -0.3407010042948837, "6": -2.6281774988989812, "7": 1.1141467758367654}, "datetime": {"datetime": "2021-06-29 22:12:14", "elapsed": 7115.167753, "delta": 29.942676}}
{"target": 0.06563670151143029, "params": {"0": -1.2339700399260196, "1": -0.3509362048060334, "2": -0.7667044664113289, "3": 2.8003391382239817, "4": 2.8526225593551526, "5": -2.626686434371747, "6": 2.702616992241225, "7": 2.720675878788903}, "datetime": {"datetime": "2021-06-29 22:12:30", "elapsed": 7131.115375, "delta": 15.947622}}
{"target": 0.0033567706351377937, "params": {"0": 0.9180318948210644, "1": 2.0322905344891264, "2": 0.020194107158160612, "3": -1.8918775939470285, "4": -1.873765046660899, "5": -0.5844910381541455, "6": 1.7436206762555289, "7": -0.45176739156581913}, "datetime": {"datetime": "2021-06-29 22:13:08", "elapsed": 7169.017799, "delta": 37.902424}}
{"target": 0.003106997690037037, "params": {"0": 1.7109413047580846, "1": -1.551112103856602, "2": -2.2003705050163536, "3": -1.156769173298032, "4": 1.0832173196575399, "5": 0.32223716550896864, "6": 0.24316445454214897, "7": -1.1713172896149513}, "datetime": {"datetime": "2021-06-29 22:13:23", "elapsed": 7183.637432, "delta": 14.619633}}
{"target": 0.0029561732071255987, "params": {"0": -2.7988503487989016, "1": -2.12520598592741, "2": -2.2572982821704084, "3": 1.78260996665119, "4": 2.8729889396390114, "5": 1.5180659873284323, "6": -0.652061633511384, "7": 1.1231665342066126}, "datetime": {"datetime": "2021-06-29 22:13:37", "elapsed": 7197.653351, "delta": 14.015919}}
