{"target": 0.002999591265402501, "params": {"0": -2.170658067115263, "1": -1.9472397749724104, "2": -2.2234751064620575, "3": 1.5852580114705583, "4": -2.95313387958314, "5": -0.16569693249439688, "6": -0.49625392406100133, "7": -1.3476975245958571}, "datetime": {"datetime": "2021-06-29 20:14:35", "elapsed": 55.755018, "delta": 1.08939}}
{"target": 0.0032330468827722345, "params": {"0": 2.3912179688645763, "1": -1.306150120182832, "2": -1.040693793542622, "3": 2.3938262806595114, "4": 1.35671762883986, "5": 1.9557251745326152, "6": -0.14633915225526195, "7": -2.3806133494561923}, "datetime": {"datetime": "2021-06-29 20:14:36", "elapsed": 57.406431, "delta": 1.651413}}
{"target": 0.00290252446181774, "params": {"0": -0.3421744979994443, "1": 1.9286675067907426, "2": -0.9496944992253522, "3": 1.1251979871738342, "4": 2.5319827188384316, "5": 2.7245716779977602, "6": 2.6460878709157676, "7": -0.18504316035617796}, "datetime": {"datetime": "2021-06-29 20:14:37", "elapsed": 58.57769, "delta": 1.171259}}
{"target": 0.003103996911342125, "params": {"0": 1.1757039833576126, "1": 1.8476202486731275, "2": -2.948260320195848, "3": 2.8851280216062287, "4": -0.9863138865803744, "5": -2.2267642043153604, "6": -1.1340280581167297, "7": -1.34285310246152}, "datetime": {"datetime": "2021-06-29 20:14:38", "elapsed": 59.232931, "delta": 0.655241}}
{"target": 0.005926715521403192, "params": {"0": -0.1913147080853106, "1": -2.4311400047222462, "2": -1.5257442613972538, "3": -1.174636457073548, "4": -0.5265205651151144, "5": -1.4089917896609554, "6": -1.7825164175580153, "7": 1.0483702061698486}, "datetime": {"datetime": "2021-06-29 20:14:38", "elapsed": 59.472155, "delta": 0.239224}}
{"target": 0.003993255009347416, "params": {"0": 0.3759601868638227, "1": -0.3995044968418715, "2": 0.40633948620976224, "3": -2.36971058402054, "4": 1.2508634113333326, "5": -2.1377525696955644, "6": 1.4212327076855562, "7": 1.0105355772157907}, "datetime": {"datetime": "2021-06-29 20:14:40", "elapsed": 61.398278, "delta": 1.926123}}
{"target": 0.0040179374972528345, "params": {"0": 2.389719287525221, "1": -1.1836193440744744, "2": -1.4850541980394867, "3": -1.674448573587457, "4": -2.910397158785054, "5": -0.4347237421892953, "6": -0.5338856368095817, "7": 0.8671925542835903}, "datetime": {"datetime": "2021-06-29 20:14:41", "elapsed": 62.649681, "delta": 1.251403}}
{"target": 0.0029067124037797333, "params": {"0": -1.9225914706095089, "1": -2.2338255778901512, "2": -2.836348723924258, "3": 1.3095533217212054, "4": 2.0905449072616857, "5": 1.953804854509201, "6": -1.3606654424447766, "7": -2.165994124197257}, "datetime": {"datetime": "2021-06-29 20:14:43", "elapsed": 64.586315, "delta": 1.936634}}
{"target": 0.0041984622493616555, "params": {"0": 0.5986969976457379, "1": -1.1665403721561303, "2": -2.308456568357431, "3": -2.873952982001787, "4": -2.8541997340577714, "5": 2.286107144550524, "6": -2.6786040977459056, "7": 2.2572266141043986}, "datetime": {"datetime": "2021-06-29 20:14:44", "elapsed": 65.721452, "delta": 1.135137}}
{"target": 0.0031989687281403527, "params": {"0": -0.053797263783519345, "1": -2.3521313136719337, "2": -2.387659706686805, "3": 0.279019414079543, "4": -0.1734059609521701, "5": -0.15944853895648858, "6": 1.7357552386368162, "7": -2.4392177275906786}, "datetime": {"datetime": "2021-06-29 20:14:47", "elapsed": 67.93154, "delta": 2.210088}}
{"target": 0.00348025956534919, "params": {"0": 1.7261215751717671, "1": -1.3624611843311853, "2": -0.6998790885010044, "3": -0.7341329381726442, "4": -0.7239610567356944, "5": -0.6201109786647696, "6": -1.7657734760032064, "7": -1.8805744545773688}, "datetime": {"datetime": "2021-06-29 20:14:48", "elapsed": 69.471374, "delta": 1.539834}}
{"target": 0.0035039361524642713, "params": {"0": -0.9909240697138504, "1": 1.0522082893669964, "2": 0.2098610195185242, "3": -2.5211622648535617, "4": -0.7898616504752658, "5": 1.0803547729344114, "6": -0.6486769878767573, "7": 0.9904798865363853}, "datetime": {"datetime": "2021-06-29 20:14:50", "elapsed": 71.467868, "delta": 1.996494}}
{"target": 0.0037196828731315477, "params": {"0": 1.5659522891502373, "1": -2.5638075960898874, "2": 1.3337890395906973, "3": -2.050599678774753, "4": 0.5231371762573858, "5": -0.8782232328689217, "6": 1.494776029568519, "7": -2.147995010056706}, "datetime": {"datetime": "2021-06-29 20:14:51", "elapsed": 72.72042, "delta": 1.252552}}
{"target": 0.005205077555874566, "params": {"0": -1.6579135314676117, "1": -2.884872641913905, "2": -2.7035904671802253, "3": -0.31186770735180325, "4": -1.9610100077250519, "5": -1.1598682785536198, "6": 2.399785527971904, "7": -1.7469952869856047}, "datetime": {"datetime": "2021-06-29 20:14:53", "elapsed": 74.066959, "delta": 1.346539}}
{"target": 0.006505467371269044, "params": {"0": 0.29283709714353146, "1": -2.6913035749170238, "2": 0.20465801635655279, "3": -2.0591889077092937, "4": -0.32340462760951993, "5": -1.4242629202623494, "6": 0.5200184308042397, "7": 0.2965444466296754}, "datetime": {"datetime": "2021-06-29 20:14:54", "elapsed": 74.859855, "delta": 0.792896}}
{"target": 0.0038474622052096312, "params": {"0": 2.16677657870372, "1": 0.4668741925495379, "2": 0.5663818784504935, "3": -2.4733287706285396, "4": -2.7535502297559984, "5": -2.7079008452685733, "6": 2.49921763795556, "7": -2.4652001381814843}, "datetime": {"datetime": "2021-06-29 20:14:55", "elapsed": 76.259867, "delta": 1.400012}}
{"target": 0.006949922816354722, "params": {"0": -0.07900513283394073, "1": -2.0996195089982725, "2": -1.1668429205519846, "3": 2.5798326364653157, "4": -2.6595891097133872, "5": 2.315296157696224, "6": -2.47443951861601, "7": 2.858704574046315}, "datetime": {"datetime": "2021-06-29 20:14:56", "elapsed": 77.14025, "delta": 0.880383}}
{"target": 0.009691633713269372, "params": {"0": -2.422696515476548, "1": 1.3042424077434136, "2": -1.9518364402251729, "3": 1.2504731263319604, "4": -1.65024723117312, "5": -0.5346848175026055, "6": 0.10695301201844787, "7": 0.8669648336479661}, "datetime": {"datetime": "2021-06-29 20:14:57", "elapsed": 78.189828, "delta": 1.049578}}
{"target": 0.003156500446225391, "params": {"0": -0.820899783838748, "1": 1.3228516645571018, "2": 1.7479404233908706, "3": -0.2400148211786246, "4": -1.334951518935416, "5": 1.708470361105885, "6": -2.842102927850199, "7": 1.0291705324087443}, "datetime": {"datetime": "2021-06-29 20:14:59", "elapsed": 79.864454, "delta": 1.674626}}
{"target": 0.0034068561237047845, "params": {"0": -1.4984788568784666, "1": -1.8632543009963727, "2": -1.5310831581394058, "3": -1.579554545322043, "4": -0.09296669799366786, "5": -1.8400598169937081, "6": -0.6703231946597037, "7": -0.8796812412714949}, "datetime": {"datetime": "2021-06-29 20:15:02", "elapsed": 83.562258, "delta": 3.697804}}
{"target": 0.004016173272170383, "params": {"0": -0.6898503504899467, "1": -1.7439236489862857, "2": -2.6296017619458887, "3": -2.1058563397616634, "4": 2.987232550922685, "5": 1.2980184383221092, "6": -2.4120931317243373, "7": -0.5304413486720145}, "datetime": {"datetime": "2021-06-29 20:15:04", "elapsed": 85.256947, "delta": 1.694689}}
{"target": 0.0030686913216674706, "params": {"0": -2.2037353890398883, "1": -0.7633109704306591, "2": -1.0183253781926132, "3": -1.9509121414429087, "4": 0.5422415067519948, "5": -1.8018706984551902, "6": 1.8938170786452417, "7": 2.3535559386393654}, "datetime": {"datetime": "2021-06-29 20:15:06", "elapsed": 86.91379, "delta": 1.656843}}
{"target": 0.943029446271709, "params": {"0": 1.1196063526652829, "1": -2.1339552926531775, "2": -0.9703199091706072, "3": -0.45868424066885094, "4": 0.18287911529864553, "5": 2.9346435720339032, "6": -2.104885898047625, "7": 0.14463593280134113}, "datetime": {"datetime": "2021-06-29 20:15:08", "elapsed": 89.089534, "delta": 2.175744}}
{"target": 0.014441577318986926, "params": {"0": -1.7937521509791927, "1": 0.339744307522702, "2": 0.7373210815604416, "3": 0.2334155666879001, "4": 2.1132171978848, "5": -0.07469554004263479, "6": 2.1708832887984046, "7": 0.7318333402289801}, "datetime": {"datetime": "2021-06-29 20:15:09", "elapsed": 90.617789, "delta": 1.528255}}
{"target": 0.003026925948566649, "params": {"0": -1.521341597905671, "1": 0.6761543952976155, "2": -1.9631797041344947, "3": 0.6628553216887259, "4": 0.33762614636802546, "5": -1.3591995688814813, "6": -2.441157842557982, "7": 1.9545006927483541}, "datetime": {"datetime": "2021-06-29 20:15:11", "elapsed": 92.068162, "delta": 1.450373}}
{"target": 0.0031480573058603307, "params": {"0": 1.195794770140651, "1": 1.0175898926722144, "2": 0.5119299087747669, "3": 1.553431172547537, "4": -0.6502631181699812, "5": 0.02489114429467154, "6": -0.03213612198499627, "7": -2.028960838589574}, "datetime": {"datetime": "2021-06-29 20:15:13", "elapsed": 94.026058, "delta": 1.957896}}
{"target": 0.0031111122137550302, "params": {"0": 2.082648223744811, "1": -1.9073124735902778, "2": 2.9044456384271182, "3": -0.2674922862830953, "4": 1.5891228160499615, "5": 1.3388794987672892, "6": -1.2858589605903816, "7": -2.5124712907204803}, "datetime": {"datetime": "2021-06-29 20:15:15", "elapsed": 96.181408, "delta": 2.15535}}
{"target": 0.00315808299084137, "params": {"0": 2.101886200008641, "1": 2.4422093020158586, "2": 2.899576712374712, "3": 0.5683587259315557, "4": -0.712785999076587, "5": 0.9811072880856591, "6": -1.9632524553649806, "7": -0.12578094647956028}, "datetime": {"datetime": "2021-06-29 20:15:17", "elapsed": 97.966486, "delta": 1.785078}}
{"target": 0.0035014588068736723, "params": {"0": 2.2976440671789558, "1": -0.22170370687314023, "2": -1.078204890056305, "3": 1.0582374874525025, "4": -1.1113119368836544, "5": 1.7718038781585959, "6": 1.3303393013538063, "7": 2.1842626526228495}, "datetime": {"datetime": "2021-06-29 20:15:19", "elapsed": 99.805086, "delta": 1.8386}}
{"target": 0.0032350306855826673, "params": {"0": -2.2480611432873387, "1": 0.3467485389395337, "2": -1.3469093706348423, "3": 2.734643440930915, "4": 2.977029823164549, "5": -1.9137543084627107, "6": -0.7760751635026657, "7": -0.4573255163633716}, "datetime": {"datetime": "2021-06-29 20:15:21", "elapsed": 102.669611, "delta": 2.864525}}
{"target": 0.0035682439264706697, "params": {"0": 1.5775501975991402, "1": 0.7554016724890982, "2": 2.6618451027121033, "3": -1.8388675012418734, "4": -1.3153610263886435, "5": -0.4424523005255243, "6": -0.2972713034599481, "7": 1.9479988780716377}, "datetime": {"datetime": "2021-06-29 20:15:23", "elapsed": 104.599845, "delta": 1.930234}}
{"target": 0.0030421458860009497, "params": {"0": 0.4009747814837281, "1": 1.3786486091374552, "2": -1.3338560978971539, "3": -2.8134331155033125, "4": 1.1636907196324708, "5": 2.4877819085201454, "6": 2.4120908368243716, "7": -1.152772122690093}, "datetime": {"datetime": "2021-06-29 20:15:25", "elapsed": 105.905994, "delta": 1.306149}}
{"target": 0.007036957569777708, "params": {"0": 0.4567952089589866, "1": 1.8909766090831708, "2": -0.6393556783575196, "3": 0.6224477901068584, "4": -0.9526645410311438, "5": 1.3086530911845902, "6": -1.5173456012403366, "7": -1.9901293094601855}, "datetime": {"datetime": "2021-06-29 20:15:27", "elapsed": 107.854708, "delta": 1.948714}}
{"target": 0.0032424586749694806, "params": {"0": -0.9651000820340885, "1": 1.7042817840973834, "2": -1.7531648043214758, "3": -1.2374283522205702, "4": 2.67060858879805, "5": -0.4774650922435182, "6": 2.163950997330269, "7": 0.5389933373451048}, "datetime": {"datetime": "2021-06-29 20:15:29", "elapsed": 110.024646, "delta": 2.169938}}
{"target": 0.004361007689946313, "params": {"0": 0.32058977214605955, "1": 0.8638620071086471, "2": -1.7606039555877173, "3": -1.7812071213225746, "4": 0.07598789096988634, "5": -1.5829108042054105, "6": -0.24153342626486296, "7": -0.44222664122168975}, "datetime": {"datetime": "2021-06-29 20:15:29", "elapsed": 110.551367, "delta": 0.526721}}
{"target": 0.003345894703741211, "params": {"0": -0.20208038245528925, "1": -0.28968384568218397, "2": 2.158401110181752, "3": -1.1244050138455415, "4": -1.0943066988145032, "5": -0.35590813242214736, "6": 1.7712625187664246, "7": -2.4192719921316734}, "datetime": {"datetime": "2021-06-29 20:15:31", "elapsed": 112.094022, "delta": 1.542655}}
{"target": 0.003300513669127584, "params": {"0": -0.8385287840486084, "1": -1.999343489728498, "2": 2.3399552685513454, "3": -2.6132902305546613, "4": -0.22043225442987513, "5": 1.3982464940546286, "6": 1.6211079690344938, "7": 0.8216238502798854}, "datetime": {"datetime": "2021-06-29 20:15:33", "elapsed": 114.513207, "delta": 2.419185}}
{"target": 0.0030427286838920287, "params": {"0": -1.559487370146605, "1": 0.3820810077951089, "2": 2.5870468486772964, "3": -0.10247659215175453, "4": -0.1847837318849792, "5": 2.9873622760445553, "6": -1.2260485732313766, "7": 0.8280532366266637}, "datetime": {"datetime": "2021-06-29 20:15:35", "elapsed": 116.570348, "delta": 2.057141}}
{"target": 0.0036538093949861562, "params": {"0": -2.1041123090060525, "1": -0.3137208853890603, "2": -0.33998268198575676, "3": 2.7825608005620968, "4": -2.8761491731949, "5": -2.8692268226803326, "6": 0.6904022769464824, "7": -1.7019050778835334}, "datetime": {"datetime": "2021-06-29 20:15:37", "elapsed": 118.331627, "delta": 1.761279}}
{"target": 0.004315432117810918, "params": {"0": 2.5310814081355923, "1": 2.005720117270206, "2": 0.6562315164549872, "3": 1.7547656148179964, "4": -2.17858095429761, "5": 1.448253528084039, "6": 1.061250417100073, "7": -0.580172378873371}, "datetime": {"datetime": "2021-06-29 20:15:39", "elapsed": 119.795715, "delta": 1.464088}}
{"target": 0.0042542016253748136, "params": {"0": -0.4261554672375607, "1": -2.578248878706929, "2": -2.66672301767058, "3": -0.7676597697715661, "4": 2.9529012386901545, "5": -2.5441952847178575, "6": 1.9899102191487659, "7": 1.5458413806802707}, "datetime": {"datetime": "2021-06-29 20:15:40", "elapsed": 120.798435, "delta": 1.00272}}
{"target": 0.009754284573308434, "params": {"0": -2.6819724374770297, "1": 1.526797486943348, "2": 2.089965539408042, "3": 0.9318881348408254, "4": -1.4943534847221724, "5": -2.676324925461281, "6": 2.4368344237321464, "7": 1.8249398487664212}, "datetime": {"datetime": "2021-06-29 20:15:41", "elapsed": 122.687449, "delta": 1.889014}}
{"target": 0.003048762091505013, "params": {"0": -2.4659653849374266, "1": 2.8567856957135707, "2": -0.9454429138547122, "3": 2.6776098415707317, "4": -0.24905569720931853, "5": -2.564184511631784, "6": 2.3592644497428914, "7": -0.5632728928029014}, "datetime": {"datetime": "2021-06-29 20:15:43", "elapsed": 123.978665, "delta": 1.291216}}
{"target": 0.004717211801784497, "params": {"0": -1.3090834566686869, "1": -1.6467418319548979, "2": -1.6714668089884033, "3": 0.7571503699607378, "4": -1.602392886056605, "5": -0.29173247065292296, "6": 2.453042167164198, "7": 0.20913909850107304}, "datetime": {"datetime": "2021-06-29 20:15:44", "elapsed": 125.50575, "delta": 1.527085}}
{"target": 0.004469203241504434, "params": {"0": -0.8659089770000219, "1": -1.264420061332621, "2": -2.318578710209226, "3": -0.4408215844757182, "4": 2.0851893935989967, "5": -2.019099238788189, "6": 2.187218095333078, "7": -0.16535793454799563}, "datetime": {"datetime": "2021-06-29 20:15:46", "elapsed": 127.07454, "delta": 1.56879}}
{"target": 0.0029896700140407267, "params": {"0": -0.31307042287924425, "1": -0.16861285220139344, "2": -0.02628812758749266, "3": 2.8353166194876254, "4": 2.4231913272415646, "5": -0.05833898201505683, "6": 2.577553690930298, "7": -1.3312390292279481}, "datetime": {"datetime": "2021-06-29 20:15:48", "elapsed": 128.869065, "delta": 1.794525}}
{"target": 0.0030823339570557, "params": {"0": 1.7184845156365824, "1": 0.09890619198739525, "2": -1.4060090508179661, "3": -1.8440517729374073, "4": 2.694679269601872, "5": 0.12036030737000303, "6": -0.43610179305652697, "7": -0.31111833570510594}, "datetime": {"datetime": "2021-06-29 20:15:51", "elapsed": 132.175135, "delta": 3.30607}}
{"target": 0.004403777071400613, "params": {"0": 1.1830487923920954, "1": 2.447718990785016, "2": -1.3939715993619184, "3": -2.905582072664756, "4": -0.6730087568250775, "5": -1.2321626040522058, "6": -0.4385361769195897, "7": 1.942723073893803}, "datetime": {"datetime": "2021-06-29 20:15:53", "elapsed": 134.236724, "delta": 2.061589}}
{"target": 0.0029529946586571254, "params": {"0": -1.694168962164022, "1": 1.201973309499051, "2": 1.9379708598026735, "3": 0.6219229446557994, "4": 2.9422279243735305, "5": 0.6260367768626383, "6": -1.6271479658412116, "7": -0.6121848911874621}, "datetime": {"datetime": "2021-06-29 20:15:55", "elapsed": 136.065182, "delta": 1.828458}}
{"target": 0.003621098675506535, "params": {"0": -2.5967830462201684, "1": -0.764068069220396, "2": 1.9925068760381697, "3": -0.8865269377828087, "4": 2.9975287815248244, "5": 0.18698392680245757, "6": 2.5869461124824973, "7": -0.23078440031211445}, "datetime": {"datetime": "2021-06-29 20:15:58", "elapsed": 139.584454, "delta": 3.519272}}
{"target": 0.0037865636964361077, "params": {"0": -0.9944818529948183, "1": 1.3007149645905463, "2": 2.1492687009876743, "3": 1.8163764473506259, "4": -2.256708129125541, "5": 0.7823559033568954, "6": 1.0257974516914299, "7": -2.7882110767829404}, "datetime": {"datetime": "2021-06-29 20:16:00", "elapsed": 141.647731, "delta": 2.063277}}
{"target": 0.00323701226917155, "params": {"0": 2.10614120833538, "1": 2.3412499538377958, "2": 0.9222012526642853, "3": 0.7451912772476437, "4": 2.8171676251856947, "5": 0.03525359730109212, "6": 0.11508045206063855, "7": -2.3540923490128973}, "datetime": {"datetime": "2021-06-29 20:16:03", "elapsed": 143.967549, "delta": 2.319818}}
{"target": 0.0038305944231411923, "params": {"0": -0.7948988839863476, "1": 0.4646367267493159, "2": -0.19857255850852784, "3": 0.9296874288114871, "4": -2.01546830306233, "5": 2.3703290066343223, "6": -2.5553938571282537, "7": 0.5846997892536621}, "datetime": {"datetime": "2021-06-29 20:16:06", "elapsed": 147.573921, "delta": 3.606372}}
{"target": 0.004620918959228053, "params": {"0": 1.941670824229199, "1": -1.546219348328367, "2": 0.06837941756249144, "3": -1.482623803970518, "4": 2.188363655033311, "5": -2.734137120079487, "6": 2.322643350618268, "7": 0.366140691642201}, "datetime": {"datetime": "2021-06-29 20:16:08", "elapsed": 148.99751, "delta": 1.423589}}
{"target": 0.005649860035953061, "params": {"0": 0.4433128321052435, "1": 0.439566453753252, "2": 0.030038910253711748, "3": -2.6888082098270027, "4": 0.6366700291005198, "5": 2.390037694407127, "6": -2.152170601857045, "7": 2.8523023767623545}, "datetime": {"datetime": "2021-06-29 20:16:11", "elapsed": 151.76681, "delta": 2.7693}}
{"target": 0.003934751531727509, "params": {"0": 2.5230298234098827, "1": 0.011503898200023954, "2": 2.4196028961709617, "3": 1.4690217450319691, "4": 0.013507425151604302, "5": -2.9486802973105743, "6": -0.7552919560586506, "7": -0.8714957460280344}, "datetime": {"datetime": "2021-06-29 20:16:14", "elapsed": 155.182557, "delta": 3.415747}}
{"target": 0.03131261782734569, "params": {"0": -0.48529843212659785, "1": -2.8102865537352746, "2": -2.632733210981053, "3": -0.057445511367798296, "4": -1.305439460842048, "5": 0.940817309096166, "6": -2.660027285129011, "7": -1.993126885092356}, "datetime": {"datetime": "2021-06-29 20:16:17", "elapsed": 158.027972, "delta": 2.845415}}
{"target": 0.0037378107860128263, "params": {"0": -2.193341878824006, "1": 0.31038863902642255, "2": 0.8364291924427079, "3": -0.32073476824336655, "4": 1.7200480303153816, "5": -0.13366990081387442, "6": 2.6400487059625313, "7": 0.3307528400556845}, "datetime": {"datetime": "2021-06-29 20:16:19", "elapsed": 160.241816, "delta": 2.213844}}
{"target": 0.0032243369055827286, "params": {"0": 1.4358563089225553, "1": -2.018963909298963, "2": 1.1555899860303889, "3": 2.887545372998326, "4": -0.8460448410053907, "5": -0.29936720355579904, "6": 0.8470787101238937, "7": 2.4043963711392475}, "datetime": {"datetime": "2021-06-29 20:16:22", "elapsed": 163.279577, "delta": 3.037761}}
{"target": 0.003168654893129195, "params": {"0": 2.766815642138395, "1": 2.784546242443632, "2": -2.1965659346623294, "3": 2.485578217238227, "4": 1.8722835946628944, "5": 0.2266857859706617, "6": -2.5875305874086516, "7": -1.7293428192274525}, "datetime": {"datetime": "2021-06-29 20:16:24", "elapsed": 165.297687, "delta": 2.01811}}
{"target": 0.0034155199192832677, "params": {"0": -0.929794862574993, "1": -0.9222314210255105, "2": 1.579446615158453, "3": -0.3936735241542513, "4": -1.8413271412737395, "5": 0.5737888286702022, "6": -2.479191888685053, "7": 1.3115916068776894}, "datetime": {"datetime": "2021-06-29 20:16:27", "elapsed": 167.758185, "delta": 2.460498}}
{"target": 0.004260696138929904, "params": {"0": 0.3500819573944445, "1": 0.6055051706859871, "2": 0.8671659978136739, "3": -0.24760988482301416, "4": 1.44272776999735, "5": -1.2738258463048027, "6": -0.46477030043902534, "7": -1.6318871719885877}, "datetime": {"datetime": "2021-06-29 20:16:29", "elapsed": 169.864738, "delta": 2.106553}}
{"target": 0.003356280253367422, "params": {"0": 2.7024562631725155, "1": -2.345863079503186, "2": -1.7513321131073276, "3": 2.1551928328268373, "4": 0.6737185947280988, "5": 2.6188291762161517, "6": -2.9141532077735026, "7": 0.8918480405966092}, "datetime": {"datetime": "2021-06-29 20:16:30", "elapsed": 171.417261, "delta": 1.552523}}
{"target": 0.004165663796748928, "params": {"0": -2.0808946831829394, "1": 1.4723682419776472, "2": -0.8473885529485887, "3": 1.682864121768616, "4": 2.6973957207233, "5": -0.9571158495300311, "6": 2.0681440693109456, "7": -0.9640344984049269}, "datetime": {"datetime": "2021-06-29 20:16:32", "elapsed": 173.366799, "delta": 1.949538}}
