{"target": 0.0030439452405048493, "params": {"0": 0.8745311075179245, "1": 2.219618383377761, "2": 0.12170190321852337, "3": -1.2764251765723962, "4": 2.332594340283344, "5": 1.0816312129615824, "6": -2.8676860968649382, "7": -1.466286365977959}, "datetime": {"datetime": "2021-06-29 21:04:26", "elapsed": 3047.148522, "delta": 9.143749}}
{"target": 0.0028933320548348352, "params": {"0": 1.218800254245914, "1": 2.7512303567567624, "2": -2.80935977684236, "3": -1.3285022696285567, "4": 2.633742917469654, "5": 1.4990586031476063, "6": 1.6812134206473264, "7": -1.134429684716354}, "datetime": {"datetime": "2021-06-29 21:04:35", "elapsed": 3055.779412, "delta": 8.63089}}
{"target": 0.003094234411791277, "params": {"0": 2.8536970571956735, "1": 1.847367143269257, "2": -2.3960248058064675, "3": 0.9983813791131788, "4": 1.5655317325426896, "5": -1.0768880864209833, "6": -0.818362689326884, "7": -2.8848099118477695}, "datetime": {"datetime": "2021-06-29 21:04:59", "elapsed": 3080.509012, "delta": 24.7296}}
{"target": 0.004037375643598677, "params": {"0": -1.4303560653588845, "1": 2.5469227238089207, "2": -2.011327009909327, "3": 0.5283745238482962, "4": 0.8640681773660113, "5": -0.7408195211119262, "6": -0.6231741983395089, "7": 0.6166461148844276}, "datetime": {"datetime": "2021-06-29 21:05:09", "elapsed": 3090.309622, "delta": 9.80061}}
{"target": 0.0030067544289587404, "params": {"0": -1.5777697678158673, "1": -2.003046191547428, "2": 1.3769253379759512, "3": -2.5180884940412662, "4": 0.18630963320234528, "5": 0.5142015359381045, "6": 2.9692546492259897, "7": 2.4905544802530653}, "datetime": {"datetime": "2021-06-29 21:05:18", "elapsed": 3098.562933, "delta": 8.253311}}
{"target": 0.010087634232706753, "params": {"0": 0.9687261077599523, "1": -0.20592950023074774, "2": -2.809725802760819, "3": -1.4061210631621082, "4": -0.11201593811383903, "5": -0.5533604809821981, "6": 1.5493088528588261, "7": 0.8699711712871254}, "datetime": {"datetime": "2021-06-29 21:05:29", "elapsed": 3110.017389, "delta": 11.454456}}
{"target": 0.003363501032841597, "params": {"0": -0.49818795943990324, "1": 1.364867917953065, "2": 1.7025127422131492, "3": 2.724456648513134, "4": 0.6427221066801483, "5": -2.378950794981183, "6": -2.4193731791291047, "7": -2.2286445043748198}, "datetime": {"datetime": "2021-06-29 21:05:37", "elapsed": 3117.710637, "delta": 7.693248}}
{"target": 0.0032647032548144316, "params": {"0": 1.7564353645722361, "1": 2.9692687347909956, "2": 0.20087390826429097, "3": 2.9490322255925268, "4": -2.5952507406337992, "5": -1.1372177456425214, "6": 1.268890751004796, "7": 1.3730260709998916}, "datetime": {"datetime": "2021-06-29 21:05:47", "elapsed": 3128.52042, "delta": 10.809783}}
{"target": 0.003019514819081472, "params": {"0": 0.13741079785053723, "1": 1.9552657278951955, "2": -1.3329134680310228, "3": 0.5633835361691992, "4": -0.48309706935637653, "5": -0.5749395470388863, "6": -1.0889887349863, "7": 1.684439446144073}, "datetime": {"datetime": "2021-06-29 21:05:54", "elapsed": 3134.667673, "delta": 6.147253}}
{"target": 0.005336943964930487, "params": {"0": -2.074499642405426, "1": -2.2503123767933215, "2": 1.0752788676940837, "3": -2.020644445675189, "4": 0.5317313011864448, "5": -2.162207362326899, "6": -1.4750996440764594, "7": -2.7957522942718676}, "datetime": {"datetime": "2021-06-29 21:06:05", "elapsed": 3146.156935, "delta": 11.489262}}
{"target": 0.0032982338625173924, "params": {"0": 2.810683762825531, "1": -1.4534837282796913, "2": -1.5321015825340203, "3": 2.2123553285193474, "4": 1.5681112445903098, "5": 0.6154099456516984, "6": 1.8576906441449035, "7": -2.165035165612153}, "datetime": {"datetime": "2021-06-29 21:06:14", "elapsed": 3154.594103, "delta": 8.437168}}
{"target": 0.003184645337714985, "params": {"0": -2.213798901057451, "1": 0.5859871831420085, "2": 2.1911807151144718, "3": -1.5407079765950733, "4": -1.7156080319002052, "5": 0.6733623629289012, "6": 2.696862326162263, "7": -2.6609768594129406}, "datetime": {"datetime": "2021-06-29 21:06:26", "elapsed": 3166.725932, "delta": 12.131829}}
{"target": 0.7994528856752133, "params": {"0": 1.6449005724083001, "1": -2.597885508032852, "2": 2.5298691203719725, "3": -0.9721520332006142, "4": 2.8573011862426725, "5": -1.8176460687628229, "6": 1.769357596554027, "7": 2.7853911710686337}, "datetime": {"datetime": "2021-06-29 21:06:36", "elapsed": 3176.920603, "delta": 10.194671}}
{"target": 0.005157825050714169, "params": {"0": -1.5548135281936573, "1": 2.170116071808927, "2": -1.5900597407647845, "3": 1.7294897582156183, "4": -1.7660279369380476, "5": -1.0030528766263762, "6": -1.1869456262916966, "7": -0.2909755541816139}, "datetime": {"datetime": "2021-06-29 21:06:47", "elapsed": 3187.942116, "delta": 11.021513}}
{"target": 0.0034554725230739134, "params": {"0": -1.1484778963629287, "1": 0.3244418844447603, "2": 0.9314520578406285, "3": -1.280343429264718, "4": -2.6583518513278674, "5": -1.1473587462311405, "6": 2.088579500507741, "7": 0.5538988021684101}, "datetime": {"datetime": "2021-06-29 21:06:57", "elapsed": 3197.692821, "delta": 9.750705}}
{"target": 0.0050644942271647325, "params": {"0": -1.2545502480128856, "1": 0.03157293160541075, "2": -0.5232058983841541, "3": -2.629676597082775, "4": -1.0117733439433971, "5": 1.9953685982677314, "6": -0.6862388200022305, "7": -1.057743481812091}, "datetime": {"datetime": "2021-06-29 21:07:06", "elapsed": 3207.242754, "delta": 9.549933}}
{"target": 0.00466046180585385, "params": {"0": 2.0393618972798437, "1": -1.8686887112536863, "2": 1.6614142074913412, "3": -2.9656350989147318, "4": 0.4302746050229094, "5": -0.8534334920953812, "6": -0.3883776639448282, "7": -1.847591954838578}, "datetime": {"datetime": "2021-06-29 21:07:15", "elapsed": 3215.573137, "delta": 8.330383}}
{"target": 0.004992888859605794, "params": {"0": -0.04606876308898711, "1": -2.158578141951764, "2": 1.857535187713264, "3": 0.16120103039470646, "4": -1.5265440641843844, "5": 2.992743560219255, "6": 0.45495658382031756, "7": -2.697925044029219}, "datetime": {"datetime": "2021-06-29 21:07:23", "elapsed": 3223.697413, "delta": 8.124276}}
{"target": 0.010249464819787871, "params": {"0": -0.9969339679848073, "1": -1.804434336627296, "2": -0.7025145394726251, "3": -0.0398021573168732, "4": 1.0143329801825027, "5": 2.439634661922348, "6": 0.6511823024698535, "7": -1.4894187783645059}, "datetime": {"datetime": "2021-06-29 21:07:32", "elapsed": 3232.813876, "delta": 9.116463}}
{"target": 0.004321864437268133, "params": {"0": -1.6249119608826579, "1": -0.04346131025576039, "2": -1.7364212241407382, "3": -2.008968131876383, "4": -2.7004963686627503, "5": -1.6701245615150744, "6": -0.21017142783727705, "7": -0.9232847990788211}, "datetime": {"datetime": "2021-06-29 21:07:40", "elapsed": 3240.977688, "delta": 8.163812}}
{"target": 0.004187952814968853, "params": {"0": 1.7132245870387521, "1": 0.18565586033277715, "2": -2.29906708298129, "3": -0.8829499761322683, "4": -1.1222985701175958, "5": -0.37545480179669255, "6": -1.610530590709931, "7": 1.9242233397606725}, "datetime": {"datetime": "2021-06-29 21:07:50", "elapsed": 3250.784019, "delta": 9.806331}}
{"target": 0.0034013413216020987, "params": {"0": 2.0389732616079064, "1": 0.956114458773361, "2": 1.313520756501367, "3": 0.80212100746005, "4": 1.3239979164751459, "5": 2.7684146402181335, "6": -1.5202840714205683, "7": 0.21627715540553183}, "datetime": {"datetime": "2021-06-29 21:08:19", "elapsed": 3279.87568, "delta": 29.091661}}
{"target": 0.004783787847544818, "params": {"0": 1.1698750832276446, "1": -1.5437385187140742, "2": 0.7094287383420705, "3": -2.7263774785715027, "4": -2.5221958392563177, "5": -1.4299611088643458, "6": -2.880910287946542, "7": 1.1452205583411104}, "datetime": {"datetime": "2021-06-29 21:08:31", "elapsed": 3292.067518, "delta": 12.191838}}
{"target": 0.0031898204815310827, "params": {"0": -2.0665539907065194, "1": 0.5719422949584305, "2": 0.30749675533773724, "3": -2.4366850443580867, "4": -0.7325407004872222, "5": 1.0299490670911, "6": 1.1377494043579777, "7": -1.9623688854722754}, "datetime": {"datetime": "2021-06-29 21:08:40", "elapsed": 3301.038681, "delta": 8.971163}}
{"target": 0.0032135601086957627, "params": {"0": 0.06846578977179796, "1": 1.7373799280302684, "2": -1.7514198685776714, "3": -0.21269800717092835, "4": -1.9707573007088666, "5": 1.8807658277733905, "6": -0.5919600026702954, "7": -2.7312574767596134}, "datetime": {"datetime": "2021-06-29 21:08:50", "elapsed": 3310.614872, "delta": 9.576191}}
{"target": 0.0034189095898106204, "params": {"0": 2.3071516487147683, "1": 1.4498936389981631, "2": -0.579466933242724, "3": 2.345142930266726, "4": -1.2012629138919957, "5": -2.240625078420762, "6": 2.467245044022331, "7": -2.084981683896351}, "datetime": {"datetime": "2021-06-29 21:09:02", "elapsed": 3323.34897, "delta": 12.734098}}
{"target": 0.004008269346412368, "params": {"0": -2.4188386166337956, "1": -2.994205517579708, "2": -0.267345873531426, "3": 0.03821563371320247, "4": 0.8183826560146725, "5": 0.9359748081626478, "6": -1.6497745402493937, "7": -2.149152408760102}, "datetime": {"datetime": "2021-06-29 21:09:15", "elapsed": 3335.577124, "delta": 12.228154}}
{"target": 0.005161329851790363, "params": {"0": 2.468159402964088, "1": -2.0461849459287142, "2": -0.3589891132417584, "3": -2.8597501669139174, "4": -1.7760429470935244, "5": -0.5018250668977795, "6": -0.5792027763744114, "7": 1.310010257266394}, "datetime": {"datetime": "2021-06-29 21:09:25", "elapsed": 3345.978055, "delta": 10.400931}}
{"target": 0.008491183968463946, "params": {"0": 0.44374937079746735, "1": -2.8658891028738434, "2": -2.12866139148053, "3": -2.739379870242464, "4": -1.2470434386303093, "5": -1.6213535548884053, "6": 1.5267262983163095, "7": -0.5054523159545266}, "datetime": {"datetime": "2021-06-29 21:09:32", "elapsed": 3352.864936, "delta": 6.886881}}
{"target": 0.003416395251841474, "params": {"0": -1.9362026072836143, "1": 2.8466693773066716, "2": -1.7002545639669846, "3": 2.382264336943736, "4": 0.7849826546938794, "5": -0.3152494512117956, "6": -2.6555561889704777, "7": -1.0395985156089853}, "datetime": {"datetime": "2021-06-29 21:09:40", "elapsed": 3360.986921, "delta": 8.121985}}
{"target": 0.004810538489993644, "params": {"0": 2.837854551786288, "1": -2.418345884746995, "2": -1.5809531844494156, "3": 1.2418830972161992, "4": 0.10978257784573531, "5": -2.5608824824744656, "6": 0.9384405493077885, "7": -0.6879413203294535}, "datetime": {"datetime": "2021-06-29 21:09:49", "elapsed": 3370.352994, "delta": 9.366073}}
{"target": 0.0032105719924455075, "params": {"0": -0.3598353571102, "1": 2.450141124209133, "2": -2.2384903079794465, "3": 2.4833903008780087, "4": -0.657075689884036, "5": -2.108205732404796, "6": -1.432176235044931, "7": 1.728785356074285}, "datetime": {"datetime": "2021-06-29 21:10:02", "elapsed": 3382.743029, "delta": 12.390035}}
{"target": 0.004164134782668021, "params": {"0": 2.1178084467211518, "1": 2.537268166231766, "2": -0.5043185047333174, "3": -2.0522025719976726, "4": 0.46568516788419334, "5": -1.632640542652037, "6": -0.20943238899257466, "7": -0.7480151427741184}, "datetime": {"datetime": "2021-06-29 21:10:11", "elapsed": 3392.303028, "delta": 9.559999}}
{"target": 0.003052562517243458, "params": {"0": -2.3040908823540747, "1": 1.8157549580522145, "2": -1.4818758480550887, "3": 2.1267941746645187, "4": -1.866822503026164, "5": 2.0558903917678935, "6": -0.07429868692594344, "7": -2.4842927344534242}, "datetime": {"datetime": "2021-06-29 21:10:24", "elapsed": 3404.825652, "delta": 12.522624}}
{"target": 0.003006204384918894, "params": {"0": 2.4408174947481456, "1": 0.6803499220488867, "2": -2.1756309943460033, "3": 1.4029273455873161, "4": 0.48105851561151525, "5": 0.4519809872452898, "6": -2.0857406448188094, "7": 2.103383717003828}, "datetime": {"datetime": "2021-06-29 21:10:34", "elapsed": 3415.029289, "delta": 10.203637}}
{"target": 0.0029922748669430708, "params": {"0": -0.25019994351988517, "1": 2.8757591311731776, "2": -0.36897243493733267, "3": 0.4489859850587212, "4": 2.1889871896648945, "5": 1.2218490344761346, "6": 1.5740218275807072, "7": -1.5815165813778405}, "datetime": {"datetime": "2021-06-29 21:10:46", "elapsed": 3426.651267, "delta": 11.621978}}
{"target": 0.003323276584209655, "params": {"0": 2.508494479978828, "1": 0.2209665130889631, "2": 1.660357937425716, "3": -1.5595468211086823, "4": -1.1210920869096102, "5": 2.7742586731562717, "6": 0.36226782100759936, "7": -1.514058785013229}, "datetime": {"datetime": "2021-06-29 21:10:56", "elapsed": 3437.264846, "delta": 10.613579}}
{"target": 0.0028440676896158887, "params": {"0": 1.7561696601616568, "1": 0.4760199417901574, "2": -0.39548871566373034, "3": 0.273230151237156, "4": 0.754075110693647, "5": 1.18292326274595, "6": 0.21483781592671658, "7": -2.0805004315623425}, "datetime": {"datetime": "2021-06-29 21:11:09", "elapsed": 3450.114232, "delta": 12.849386}}
{"target": 0.003453894352516914, "params": {"0": 0.638881899250797, "1": 0.1607071426390485, "2": 1.7396010393548371, "3": 2.4812957625041783, "4": 1.6454428903287086, "5": -2.529629336868066, "6": -0.9986831405977323, "7": 0.7601630506748847}, "datetime": {"datetime": "2021-06-29 21:11:18", "elapsed": 3458.771651, "delta": 8.657419}}
{"target": 0.0032669134382946824, "params": {"0": -1.7865199010150403, "1": 2.086664584772672, "2": 0.6902364010326014, "3": -0.3205943624231562, "4": -0.5529473182288736, "5": 2.4388883417082488, "6": -1.7511406716235733, "7": 1.2973171066683706}, "datetime": {"datetime": "2021-06-29 21:11:31", "elapsed": 3472.045665, "delta": 13.274014}}
{"target": 0.009226828631973716, "params": {"0": -1.5408654319110229, "1": -2.4153583225623234, "2": -1.3069299045480032, "3": 1.3298078162508737, "4": 2.376436537330905, "5": -0.6513685327296539, "6": -0.41346918894247686, "7": 1.3066612405476032}, "datetime": {"datetime": "2021-06-29 21:11:43", "elapsed": 3483.983736, "delta": 11.938071}}
{"target": 0.003097263027910805, "params": {"0": 1.4697055466266837, "1": -2.875396583580632, "2": -2.3415909575283225, "3": 0.14657988151974521, "4": 0.7050236020842906, "5": -0.9991660812588035, "6": -2.7083587272455123, "7": 1.8194219175816322}, "datetime": {"datetime": "2021-06-29 21:11:54", "elapsed": 3494.885248, "delta": 10.901512}}
{"target": 0.0029407289954598522, "params": {"0": -2.4109808360415697, "1": -0.07081893446478116, "2": -1.2585412274881786, "3": 0.5654176662046502, "4": 1.8422377207185896, "5": -2.3497782786366175, "6": -2.3931478010600635, "7": 2.87559806888211}, "datetime": {"datetime": "2021-06-29 21:12:04", "elapsed": 3504.624098, "delta": 9.73885}}
{"target": 0.0030203982574699252, "params": {"0": -2.3261849878280056, "1": 0.9709919588070268, "2": -0.6191203720761589, "3": 0.7152216584679101, "4": -0.29817486121875314, "5": 2.9422778303243984, "6": -0.9714816070687129, "7": 0.6653399479165047}, "datetime": {"datetime": "2021-06-29 21:12:11", "elapsed": 3511.994764, "delta": 7.370666}}
{"target": 0.01209177433271189, "params": {"0": -2.7034455435339133, "1": 1.073936365749856, "2": -1.8857047833121225, "3": 1.484677912024618, "4": -2.211764807271714, "5": -1.1491820027725344, "6": -2.3650607084616997, "7": 0.814467164077346}, "datetime": {"datetime": "2021-06-29 21:12:37", "elapsed": 3538.165045, "delta": 26.170281}}
{"target": 0.010721135410850227, "params": {"0": 0.4421141665298265, "1": 0.8039187193548063, "2": 1.244226997518033, "3": 2.961982212419472, "4": -2.5382464364973565, "5": -1.8074125770252134, "6": 1.6624350287951044, "7": 0.39624460472741596}, "datetime": {"datetime": "2021-06-29 21:12:51", "elapsed": 3552.32003, "delta": 14.154985}}
{"target": 0.0031393011949775907, "params": {"0": -2.5800650149761504, "1": 2.658821303150283, "2": 1.1346670458508745, "3": -2.6652777133643313, "4": 1.8092287821657553, "5": -1.4204061850801468, "6": -1.128517247054676, "7": -0.8492082922231279}, "datetime": {"datetime": "2021-06-29 21:13:02", "elapsed": 3562.899223, "delta": 10.579193}}
{"target": 0.04970114066048885, "params": {"0": -1.5353063579521002, "1": -2.5138095037127135, "2": 1.7482336974875974, "3": -2.9223528269422765, "4": 1.232390125524824, "5": -1.2344510720984103, "6": -1.2405232946589064, "7": 0.628495544799522}, "datetime": {"datetime": "2021-06-29 21:13:25", "elapsed": 3586.274908, "delta": 23.375685}}
{"target": 0.004497114969497193, "params": {"0": -2.1713704622389036, "1": 2.6985590860318895, "2": 0.16721877101251348, "3": 0.21276053181270438, "4": 0.4320342626108129, "5": 1.961521976413942, "6": 1.1554397093906408, "7": -2.448312446886187}, "datetime": {"datetime": "2021-06-29 21:13:37", "elapsed": 3597.778623, "delta": 11.503715}}
{"target": 0.003166657456678254, "params": {"0": -2.039029159976283, "1": 0.5367302946794639, "2": -0.6241545386217409, "3": 2.066491563425494, "4": 2.315425042481839, "5": 0.827772364130662, "6": -2.764513476127025, "7": -0.9071916641143964}, "datetime": {"datetime": "2021-06-29 21:13:45", "elapsed": 3605.795917, "delta": 8.017294}}
{"target": 0.003394168415196318, "params": {"0": -0.9951466663257107, "1": -2.2155191273415205, "2": -2.081686024690006, "3": -2.1868041571997967, "4": 1.5579923346796836, "5": 0.5903547439699359, "6": -0.3746179356524548, "7": 2.9249697018046614}, "datetime": {"datetime": "2021-06-29 21:13:55", "elapsed": 3616.254913, "delta": 10.458996}}
{"target": 0.0028868390609195814, "params": {"0": -1.01695981822564, "1": 0.330691624756315, "2": 0.03116260367518553, "3": 1.2494696506047918, "4": 2.889419032350423, "5": 0.6445934527354611, "6": 1.5972891649147662, "7": -2.727135787211256}, "datetime": {"datetime": "2021-06-29 21:14:04", "elapsed": 3625.25103, "delta": 8.996117}}
{"target": 0.0037822523281270414, "params": {"0": 1.5360768729918632, "1": 1.0484868421144764, "2": 1.0651254642855879, "3": -2.322483572600021, "4": -0.7155795085604866, "5": 2.937974433731693, "6": -0.6728836182471283, "7": 1.7248452024881873}, "datetime": {"datetime": "2021-06-29 21:14:26", "elapsed": 3646.985872, "delta": 21.734842}}
{"target": 0.0046031475485821365, "params": {"0": 2.8040023455607948, "1": 1.5516542858710238, "2": 2.1968041438816055, "3": -0.022886408953668447, "4": 0.41628318895268634, "5": -1.394400471958067, "6": 1.5590391216213764, "7": 2.5637694885368276}, "datetime": {"datetime": "2021-06-29 21:14:58", "elapsed": 3679.466771, "delta": 32.480899}}
{"target": 0.004377666653193158, "params": {"0": 2.4742598866998247, "1": 2.6796398699574926, "2": -2.549738382848287, "3": -1.796570454019176, "4": -1.5109746419363785, "5": 2.329388808666308, "6": -1.0783185637007904, "7": -1.5021548770347541}, "datetime": {"datetime": "2021-06-29 21:15:16", "elapsed": 3696.716172, "delta": 17.249401}}
{"target": 0.005670379773284214, "params": {"0": -1.811129953413364, "1": 0.7757877600976655, "2": 1.1100245390345451, "3": -1.2098912714887928, "4": -1.3091453207215866, "5": 0.28790371721439545, "6": -2.3748631293571982, "7": 1.1119753186859178}, "datetime": {"datetime": "2021-06-29 21:15:27", "elapsed": 3707.913212, "delta": 11.19704}}
{"target": 0.0031899514088251212, "params": {"0": 1.5792544041869103, "1": -1.5841569410705814, "2": -2.7905959256942134, "3": 2.190321926025609, "4": -0.8262555687858315, "5": -2.486685088903605, "6": 1.9198767282548532, "7": 0.8710711158161963}, "datetime": {"datetime": "2021-06-29 21:15:41", "elapsed": 3722.077688, "delta": 14.164476}}
{"target": 0.0031911740238749447, "params": {"0": -1.0729949766439792, "1": -1.148083211785447, "2": 0.10981405909554631, "3": -1.7266310381541372, "4": -2.621974909938745, "5": 2.897932303186428, "6": 1.4808452545882966, "7": -2.2968182142814713}, "datetime": {"datetime": "2021-06-29 21:15:52", "elapsed": 3732.851785, "delta": 10.774097}}
{"target": 0.0037651511356683524, "params": {"0": 0.6607228928602016, "1": 2.5138929825422576, "2": 1.1520202598465241, "3": 1.4178432442580213, "4": -0.4451800533014616, "5": -1.1483697741919896, "6": 2.500516301643163, "7": -2.3751526696635263}, "datetime": {"datetime": "2021-06-29 21:15:59", "elapsed": 3740.310466, "delta": 7.458681}}
{"target": 0.004133897466593257, "params": {"0": -0.4806466321088676, "1": 0.29019088983685615, "2": 0.7568593323810884, "3": -0.6654681634461372, "4": -2.955435352032648, "5": -1.834606007522757, "6": -2.352118224720827, "7": -1.077996633873417}, "datetime": {"datetime": "2021-06-29 21:16:11", "elapsed": 3751.81347, "delta": 11.503004}}
{"target": 0.003114228513460123, "params": {"0": -0.41202483724072136, "1": -2.0212834593876368, "2": 2.975829768804906, "3": -0.10341112016947562, "4": -0.2713361665355838, "5": -2.5207973598267266, "6": -0.35786100143081523, "7": 1.705671944373786}, "datetime": {"datetime": "2021-06-29 21:16:22", "elapsed": 3763.090896, "delta": 11.277426}}
{"target": 0.004090383327899956, "params": {"0": 0.8209136879954739, "1": 0.8545798125885025, "2": -1.8458332960710688, "3": 0.47685235687607186, "4": -1.847946900376712, "5": 1.6281774647779699, "6": 1.3625275598357351, "7": 0.5718019006881248}, "datetime": {"datetime": "2021-06-29 21:16:35", "elapsed": 3775.984075, "delta": 12.893179}}
{"target": 0.002927969630084695, "params": {"0": 0.44008603576691696, "1": -2.6933269827710955, "2": 1.8311873562326246, "3": 2.4975993594217307, "4": 1.6404880269412656, "5": 2.412416949019578, "6": 1.7980407807261303, "7": -0.9565926290826154}, "datetime": {"datetime": "2021-06-29 21:16:47", "elapsed": 3787.923172, "delta": 11.939097}}
{"target": 0.0029325771931262043, "params": {"0": -0.9398817455204336, "1": 2.174714377983106, "2": -1.0775047841364622, "3": -1.7821623233825876, "4": 2.9767418717323384, "5": -0.017451494277382906, "6": 2.341250146654321, "7": 2.8970233926665383}, "datetime": {"datetime": "2021-06-29 21:16:58", "elapsed": 3798.850058, "delta": 10.926886}}
