{"target": 0.00302504723549847, "params": {"0": -2.170658067115263, "1": -1.9472397749724104, "2": -2.2234751064620575, "3": 1.5852580114705583, "4": -2.95313387958314, "5": -0.16569693249439688, "6": -0.49625392406100133, "7": -1.3476975245958571}, "datetime": {"datetime": "2021-06-29 20:16:23", "elapsed": 76.020715, "delta": 1.031696}}
{"target": 0.0032135537966048715, "params": {"0": 2.3912179688645763, "1": -1.306150120182832, "2": -1.040693793542622, "3": 2.3938262806595114, "4": 1.35671762883986, "5": 1.9557251745326152, "6": -0.14633915225526195, "7": -2.3806133494561923}, "datetime": {"datetime": "2021-06-29 20:16:28", "elapsed": 80.320442, "delta": 4.299727}}
{"target": 0.002908977949214986, "params": {"0": -0.3421744979994443, "1": 1.9286675067907426, "2": -0.9496944992253522, "3": 1.1251979871738342, "4": 2.5319827188384316, "5": 2.7245716779977602, "6": 2.6460878709157676, "7": -0.18504316035617796}, "datetime": {"datetime": "2021-06-29 20:16:29", "elapsed": 81.960823, "delta": 1.640381}}
{"target": 0.09769296963361083, "params": {"0": 0.23810785175095184, "1": -2.9950278378364796, "2": 1.2809069704158578, "3": -2.1915758494541686, "4": -1.4135734750873472, "5": 1.2660346141459895, "6": -2.2197427343558833, "7": 1.1401526541640896}, "datetime": {"datetime": "2021-06-29 20:16:31", "elapsed": 83.666023, "delta": 1.7052}}
{"target": 0.003053362405906482, "params": {"0": -1.4022098754757206, "1": -0.2640144523297865, "2": -0.9572755843478022, "3": 1.740767973650847, "4": -1.08708047426915, "5": 2.5854363340062303, "6": -2.722202520081365, "7": 1.1190412711797597}, "datetime": {"datetime": "2021-06-29 20:16:32", "elapsed": 85.164358, "delta": 1.498335}}
{"target": 0.003780913056674519, "params": {"0": 0.3759601868638227, "1": -0.3995044968418715, "2": 0.40633948620976224, "3": -2.36971058402054, "4": 1.2508634113333326, "5": -2.1377525696955644, "6": 1.4212327076855562, "7": 1.0105355772157907}, "datetime": {"datetime": "2021-06-29 20:16:34", "elapsed": 86.34607, "delta": 1.181712}}
{"target": 0.003700415680975163, "params": {"0": 2.389719287525221, "1": -1.1836193440744744, "2": -1.4850541980394867, "3": -1.674448573587457, "4": -2.910397158785054, "5": -0.4347237421892953, "6": -0.5338856368095817, "7": 0.8671925542835903}, "datetime": {"datetime": "2021-06-29 20:16:35", "elapsed": 87.803508, "delta": 1.457438}}
{"target": 0.005554900824964831, "params": {"0": -0.9147701587254886, "1": 0.1197403556405412, "2": 2.6775289080446685, "3": -0.6558006038073243, "4": 2.3971179002604366, "5": -2.4609927052963165, "6": 1.8930649413872516, "7": -2.267193388158056}, "datetime": {"datetime": "2021-06-29 20:16:37", "elapsed": 89.636376, "delta": 1.832868}}
{"target": 0.0035167083884226303, "params": {"0": 0.5986969976457379, "1": -1.1665403721561303, "2": -2.308456568357431, "3": -2.873952982001787, "4": -2.8541997340577714, "5": 2.286107144550524, "6": -2.6786040977459056, "7": 2.2572266141043986}, "datetime": {"datetime": "2021-06-29 20:16:38", "elapsed": 91.119467, "delta": 1.483091}}
{"target": 0.01197700489223699, "params": {"0": 1.232554435599023, "1": -2.986518589807201, "2": 2.0342299312423116, "3": -2.325884075080282, "4": -1.2218946889104332, "5": 1.3051090606850693, "6": -2.611875191982523, "7": 1.6750902519123407}, "datetime": {"datetime": "2021-06-29 20:16:40", "elapsed": 92.6932, "delta": 1.573733}}
{"target": 0.00322371811026186, "params": {"0": 1.7261215751717671, "1": -1.3624611843311853, "2": -0.6998790885010044, "3": -0.7341329381726442, "4": -0.7239610567356944, "5": -0.6201109786647696, "6": -1.7657734760032064, "7": -1.8805744545773688}, "datetime": {"datetime": "2021-06-29 20:16:41", "elapsed": 93.956002, "delta": 1.262802}}
{"target": 0.0031205450996774626, "params": {"0": -0.20432148407407968, "1": -2.2651177411579257, "2": 1.1324646097999915, "3": -1.77177257839998, "4": -1.5564794919011047, "5": 0.19048614022153654, "6": -2.023599596923022, "7": 1.231748911614165}, "datetime": {"datetime": "2021-06-29 20:16:44", "elapsed": 96.457745, "delta": 2.501743}}
{"target": 0.0031404536478443924, "params": {"0": -1.7526895108521485, "1": 1.7014206203471733, "2": 2.682568381497413, "3": 0.7926663629452744, "4": -1.7766813178640766, "5": -1.6337597167056264, "6": 0.9049381539994705, "7": 0.3437698570075858}, "datetime": {"datetime": "2021-06-29 20:16:45", "elapsed": 98.215425, "delta": 1.75768}}
{"target": 0.005420378333482184, "params": {"0": -1.6579135314676117, "1": -2.884872641913905, "2": -2.7035904671802253, "3": -0.31186770735180325, "4": -1.9610100077250519, "5": -1.1598682785536198, "6": 2.399785527971904, "7": -1.7469952869856047}, "datetime": {"datetime": "2021-06-29 20:16:47", "elapsed": 99.431014, "delta": 1.215589}}
{"target": 0.0038611278576898256, "params": {"0": 0.29283709714353146, "1": -2.6913035749170238, "2": 0.20465801635655279, "3": -2.0591889077092937, "4": -0.32340462760951993, "5": -1.4242629202623494, "6": 0.5200184308042397, "7": 0.2965444466296754}, "datetime": {"datetime": "2021-06-29 20:16:48", "elapsed": 100.765958, "delta": 1.334944}}
{"target": 0.0034294666117890642, "params": {"0": 0.6691463711568679, "1": -2.3822623865689363, "2": 2.651386662926585, "3": -1.785732736508667, "4": -0.06940855484745434, "5": 2.4330481032880353, "6": -2.184425634435386, "7": -0.3030389072379287}, "datetime": {"datetime": "2021-06-29 20:16:50", "elapsed": 103.024674, "delta": 2.258716}}
{"target": 0.006892878629039957, "params": {"0": -0.07900513283394073, "1": -2.0996195089982725, "2": -1.1668429205519846, "3": 2.5798326364653157, "4": -2.6595891097133872, "5": 2.315296157696224, "6": -2.47443951861601, "7": 2.858704574046315}, "datetime": {"datetime": "2021-06-29 20:16:52", "elapsed": 104.372685, "delta": 1.348011}}
{"target": 0.0031046334201673457, "params": {"0": -0.3154809468606512, "1": -2.319660454877006, "2": 2.202163429638011, "3": -2.044053647725458, "4": 0.6132153276474797, "5": 2.4633603922556286, "6": -2.244204193547687, "7": 0.398815181823287}, "datetime": {"datetime": "2021-06-29 20:16:53", "elapsed": 105.812659, "delta": 1.439974}}
{"target": 0.0031355814755859345, "params": {"0": -0.820899783838748, "1": 1.3228516645571018, "2": 1.7479404233908706, "3": -0.2400148211786246, "4": -1.334951518935416, "5": 1.708470361105885, "6": -2.842102927850199, "7": 1.0291705324087443}, "datetime": {"datetime": "2021-06-29 20:16:56", "elapsed": 108.957687, "delta": 3.145028}}
{"target": 0.003556418172200005, "params": {"0": 0.7518643614086238, "1": -2.735444525256854, "2": 1.8322740318182351, "3": -2.045546105274611, "4": -1.067037689100014, "5": 1.841757982258832, "6": -2.3018655985495293, "7": 1.1559182115356244}, "datetime": {"datetime": "2021-06-29 20:16:58", "elapsed": 110.443749, "delta": 1.486062}}
{"target": 0.007031966482115732, "params": {"0": -0.6898503504899467, "1": -1.7439236489862857, "2": -2.6296017619458887, "3": -2.1058563397616634, "4": 2.987232550922685, "5": 1.2980184383221092, "6": -2.4120931317243373, "7": -0.5304413486720145}, "datetime": {"datetime": "2021-06-29 20:16:59", "elapsed": 112.05588, "delta": 1.612131}}
{"target": 0.0032954675743164566, "params": {"0": -2.2037353890398883, "1": -0.7633109704306591, "2": -1.0183253781926132, "3": -1.9509121414429087, "4": 0.5422415067519948, "5": -1.8018706984551902, "6": 1.8938170786452417, "7": 2.3535559386393654}, "datetime": {"datetime": "2021-06-29 20:17:02", "elapsed": 114.583707, "delta": 2.527827}}
{"target": 0.003666418925376832, "params": {"0": 0.2940279499257561, "1": -2.1701343528167403, "2": 0.8854732504945897, "3": -1.4495013483022041, "4": -0.5323209652076031, "5": 2.2845872343827924, "6": -2.2441954290905892, "7": 0.9448228895843411}, "datetime": {"datetime": "2021-06-29 20:17:04", "elapsed": 116.930178, "delta": 2.346471}}
{"target": 0.014717679250390914, "params": {"0": -1.7937521509791927, "1": 0.339744307522702, "2": 0.7373210815604416, "3": 0.2334155666879001, "4": 2.1132171978848, "5": -0.07469554004263479, "6": 2.1708832887984046, "7": 0.7318333402289801}, "datetime": {"datetime": "2021-06-29 20:17:06", "elapsed": 118.464021, "delta": 1.533843}}
{"target": 0.00352315363715252, "params": {"0": -0.05232557406000016, "1": -2.9827324134947473, "2": 2.105590690588543, "3": -1.6839359228573831, "4": -0.6918558002914716, "5": 1.8110250332935909, "6": -2.2449840012274924, "7": 1.7808730270998963}, "datetime": {"datetime": "2021-06-29 20:17:09", "elapsed": 122.063466, "delta": 3.599445}}
{"target": 0.003597568371612658, "params": {"0": 1.195794770140651, "1": 1.0175898926722144, "2": 0.5119299087747669, "3": 1.553431172547537, "4": -0.6502631181699812, "5": 0.02489114429467154, "6": -0.03213612198499627, "7": -2.028960838589574}, "datetime": {"datetime": "2021-06-29 20:17:11", "elapsed": 124.067179, "delta": 2.003713}}
{"target": 0.003121785883645767, "params": {"0": 2.082648223744811, "1": -1.9073124735902778, "2": 2.9044456384271182, "3": -0.2674922862830953, "4": 1.5891228160499615, "5": 1.3388794987672892, "6": -1.2858589605903816, "7": -2.5124712907204803}, "datetime": {"datetime": "2021-06-29 20:17:13", "elapsed": 125.844026, "delta": 1.776847}}
{"target": 0.0030005430589853154, "params": {"0": 0.39208148156583134, "1": 2.8778459653089143, "2": -0.6713653393297996, "3": -1.734673864240329, "4": 2.0889427526993787, "5": -1.2946983359867168, "6": 1.6064814376824526, "7": 0.5632928591576625}, "datetime": {"datetime": "2021-06-29 20:17:16", "elapsed": 128.59255, "delta": 2.748524}}
{"target": 0.029571922635111107, "params": {"0": 0.08067590351471665, "1": -2.3557451289420506, "2": 2.322116936440274, "3": -1.0424211477992849, "4": -0.5419682322326471, "5": 0.6385684415966795, "6": -2.376116372062887, "7": 0.9446694891014324}, "datetime": {"datetime": "2021-06-29 20:17:17", "elapsed": 130.188768, "delta": 1.596218}}
{"target": 0.009425815099172829, "params": {"0": -1.4182250322221601, "1": 0.7105091087983539, "2": -0.46815669162145657, "3": 1.149024357361843, "4": -1.8896969553851382, "5": 2.0415706031004923, "6": -2.5751516209636263, "7": 0.5897104839409644}, "datetime": {"datetime": "2021-06-29 20:17:20", "elapsed": 132.935884, "delta": 2.747116}}
{"target": 0.0030212533166113506, "params": {"0": -2.493836787025188, "1": -1.3681892509184943, "2": 1.083846748852383, "3": 1.9972171189510597, "4": 0.03584148313536595, "5": -2.5837837861572774, "6": 2.32251757647904, "7": -1.845349528766658}, "datetime": {"datetime": "2021-06-29 20:17:24", "elapsed": 136.390549, "delta": 3.454665}}
{"target": 0.00302278665415695, "params": {"0": 0.4009747814837281, "1": 1.3786486091374552, "2": -1.3338560978971539, "3": -2.8134331155033125, "4": 1.1636907196324708, "5": 2.4877819085201454, "6": 2.4120908368243716, "7": -1.152772122690093}, "datetime": {"datetime": "2021-06-29 20:17:25", "elapsed": 137.793996, "delta": 1.403447}}
{"target": 0.003605429394733159, "params": {"0": 0.1280170897086137, "1": -2.9161079154563527, "2": 1.7527294982032053, "3": -2.4263543566054526, "4": -1.0066173452894878, "5": 0.9271835019344579, "6": -2.2053505518697163, "7": 1.1228245435114248}, "datetime": {"datetime": "2021-06-29 20:17:27", "elapsed": 139.924335, "delta": 2.130339}}
{"target": 0.003077598223697831, "params": {"0": 1.6697291777381071, "1": -2.8996090977027063, "2": 2.0607268054029175, "3": -2.069787240010063, "4": -1.0016804354139457, "5": 1.3859953198726398, "6": -2.987813265632309, "7": 1.0594145659646808}, "datetime": {"datetime": "2021-06-29 20:17:30", "elapsed": 142.478409, "delta": 2.554074}}
{"target": 0.004215735320530476, "params": {"0": 0.9048158535075439, "1": -2.7846303003123127, "2": 1.9395535505006363, "3": -1.0035164291453929, "4": -0.3164707635363273, "5": 1.7293400307473394, "6": -2.2924056169580203, "7": 0.33117358269293273}, "datetime": {"datetime": "2021-06-29 20:17:32", "elapsed": 144.554885, "delta": 2.076476}}
{"target": 0.003011860850285617, "params": {"0": -0.3974093425827574, "1": 0.05373307956293161, "2": -1.4858985766405972, "3": 1.7949323033044093, "4": -1.9601779121357596, "5": 2.1679405340110405, "6": -2.8752176848147837, "7": 0.42081815462211747}, "datetime": {"datetime": "2021-06-29 20:17:34", "elapsed": 146.742381, "delta": 2.187496}}
{"target": 0.006270205343395469, "params": {"0": 1.311351208194214, "1": -2.7327220387205786, "2": 1.5624831276211282, "3": -2.1726602039659157, "4": -0.8892275105231535, "5": 0.9571826014006826, "6": -2.561396369612826, "7": 0.9407025394182709}, "datetime": {"datetime": "2021-06-29 20:17:37", "elapsed": 150.103327, "delta": 3.360946}}
{"target": 0.0030603810949001633, "params": {"0": -1.559487370146605, "1": 0.3820810077951089, "2": 2.5870468486772964, "3": -0.10247659215175453, "4": -0.1847837318849792, "5": 2.9873622760445553, "6": -1.2260485732313766, "7": 0.8280532366266637}, "datetime": {"datetime": "2021-06-29 20:17:40", "elapsed": 153.008724, "delta": 2.905397}}
{"target": 0.0035129024035538015, "params": {"0": -2.1041123090060525, "1": -0.3137208853890603, "2": -0.33998268198575676, "3": 2.7825608005620968, "4": -2.8761491731949, "5": -2.8692268226803326, "6": 0.6904022769464824, "7": -1.7019050778835334}, "datetime": {"datetime": "2021-06-29 20:17:43", "elapsed": 155.949903, "delta": 2.941179}}
{"target": 0.004193161518914389, "params": {"0": 2.5310814081355923, "1": 2.005720117270206, "2": 0.6562315164549872, "3": 1.7547656148179964, "4": -2.17858095429761, "5": 1.448253528084039, "6": 1.061250417100073, "7": -0.580172378873371}, "datetime": {"datetime": "2021-06-29 20:17:46", "elapsed": 158.921844, "delta": 2.971941}}
{"target": 0.003156978438298317, "params": {"0": 1.0664100208988447, "1": -2.9377966681289824, "2": 1.535578267783456, "3": -1.8528620829928937, "4": 0.5625687422709129, "5": 1.7863074247911053, "6": -1.2963595322779844, "7": 0.9994737854087887}, "datetime": {"datetime": "2021-06-29 20:17:49", "elapsed": 161.713006, "delta": 2.791162}}
{"target": 0.003397816412456556, "params": {"0": -0.3898782485657888, "1": -0.4522093718718052, "2": -0.396133130424122, "3": 0.8334984833289081, "4": -2.409133389956618, "5": 1.8809627710470274, "6": -2.8689208370118155, "7": 1.546452495376414}, "datetime": {"datetime": "2021-06-29 20:17:51", "elapsed": 163.586536, "delta": 1.87353}}
{"target": 0.0030372218536697995, "params": {"0": -2.4659653849374266, "1": 2.8567856957135707, "2": -0.9454429138547122, "3": 2.6776098415707317, "4": -0.24905569720931853, "5": -2.564184511631784, "6": 2.3592644497428914, "7": -0.5632728928029014}, "datetime": {"datetime": "2021-06-29 20:17:53", "elapsed": 165.636923, "delta": 2.050387}}
{"target": 0.004660147672614673, "params": {"0": -1.3090834566686869, "1": -1.6467418319548979, "2": -1.6714668089884033, "3": 0.7571503699607378, "4": -1.602392886056605, "5": -0.29173247065292296, "6": 2.453042167164198, "7": 0.20913909850107304}, "datetime": {"datetime": "2021-06-29 20:17:56", "elapsed": 168.548852, "delta": 2.911929}}
{"target": 0.004482465250297861, "params": {"0": -0.8659089770000219, "1": -1.264420061332621, "2": -2.318578710209226, "3": -0.4408215844757182, "4": 2.0851893935989967, "5": -2.019099238788189, "6": 2.187218095333078, "7": -0.16535793454799563}, "datetime": {"datetime": "2021-06-29 20:17:59", "elapsed": 171.358516, "delta": 2.809664}}
{"target": 0.0030069215978163312, "params": {"0": -0.31307042287924425, "1": -0.16861285220139344, "2": -0.02628812758749266, "3": 2.8353166194876254, "4": 2.4231913272415646, "5": -0.05833898201505683, "6": 2.577553690930298, "7": -1.3312390292279481}, "datetime": {"datetime": "2021-06-29 20:18:02", "elapsed": 174.585286, "delta": 3.22677}}
{"target": 0.004674919672476762, "params": {"0": 0.3625167625010586, "1": -2.827230915766522, "2": 2.0317689462820834, "3": -1.2212452877177933, "4": 0.7364541621466518, "5": 2.2401618043933587, "6": -1.6368386877921002, "7": 0.48286504491893467}, "datetime": {"datetime": "2021-06-29 20:18:06", "elapsed": 179.196759, "delta": 4.611473}}
{"target": 0.003144033245682551, "params": {"0": -0.6815802621095948, "1": -2.109916031150484, "2": 2.2548257692305347, "3": -0.5739662599533775, "4": -0.9231773884395955, "5": 1.1857882894724128, "6": -2.2176472833307996, "7": 0.9482300991810817}, "datetime": {"datetime": "2021-06-29 20:18:09", "elapsed": 182.132559, "delta": 2.9358}}
{"target": 0.003911280437235679, "params": {"0": -2.1673192683999893, "1": -1.6749907610682557, "2": 0.9678632148888888, "3": 2.815084264773507, "4": 0.1929886856448242, "5": -2.6136452487643655, "6": 1.2167198442554508, "7": -1.1814689326144137}, "datetime": {"datetime": "2021-06-29 20:18:12", "elapsed": 184.92054, "delta": 2.787981}}
{"target": 0.003234720034513608, "params": {"0": -0.15627463097135053, "1": -2.2255297682939936, "2": 1.375310442487093, "3": -2.959884024481605, "4": -0.5616690757215781, "5": 1.7333649835524572, "6": -2.3742648076280455, "7": 0.3596237418653363}, "datetime": {"datetime": "2021-06-29 20:18:16", "elapsed": 188.255846, "delta": 3.335306}}
{"target": 0.00381208010978101, "params": {"0": -1.8875267663733437, "1": 0.19293140285741517, "2": -0.05680617390232001, "3": -1.7461298133275236, "4": 0.9901031740510051, "5": -0.5827867040223689, "6": 2.797585976387878, "7": 2.0636092406010587}, "datetime": {"datetime": "2021-06-29 20:18:18", "elapsed": 190.512972, "delta": 2.257126}}
{"target": 0.0031584376480082044, "params": {"0": 2.10614120833538, "1": 2.3412499538377958, "2": 0.9222012526642853, "3": 0.7451912772476437, "4": 2.8171676251856947, "5": 0.03525359730109212, "6": 0.11508045206063855, "7": -2.3540923490128973}, "datetime": {"datetime": "2021-06-29 20:18:21", "elapsed": 193.495493, "delta": 2.982521}}
{"target": 0.003763545409356547, "params": {"0": -0.7948988839863476, "1": 0.4646367267493159, "2": -0.19857255850852784, "3": 0.9296874288114871, "4": -2.01546830306233, "5": 2.3703290066343223, "6": -2.5553938571282537, "7": 0.5846997892536621}, "datetime": {"datetime": "2021-06-29 20:18:24", "elapsed": 196.632077, "delta": 3.136584}}
{"target": 0.01382101067126358, "params": {"0": 0.08909837522030006, "1": -2.836389937314104, "2": 0.8746628986821214, "3": -1.0673685028104245, "4": -0.2958192228377339, "5": 1.1463895307129235, "6": -2.1676575614096545, "7": 0.3068534642015983}, "datetime": {"datetime": "2021-06-29 20:18:26", "elapsed": 198.546068, "delta": 1.913991}}
{"target": 0.006775486863848526, "params": {"0": 0.1788240834974104, "1": 0.6684047864850053, "2": -0.5251862429034704, "3": 1.393995827795342, "4": -1.1901650346416601, "5": 2.7884260827521787, "6": -2.7760405968936066, "7": 1.0550496075363816}, "datetime": {"datetime": "2021-06-29 20:18:29", "elapsed": 202.064651, "delta": 3.518583}}
{"target": 0.003686730843267847, "params": {"0": 2.5230298234098827, "1": 0.011503898200023954, "2": 2.4196028961709617, "3": 1.4690217450319691, "4": 0.013507425151604302, "5": -2.9486802973105743, "6": -0.7552919560586506, "7": -0.8714957460280344}, "datetime": {"datetime": "2021-06-29 20:18:33", "elapsed": 206.118861, "delta": 4.05421}}
{"target": 0.006662118733591989, "params": {"0": -0.2844364123690526, "1": -2.0095867974480477, "2": 0.8079547263265185, "3": -2.873475789107772, "4": -1.6460650799493661, "5": 1.1381264185460687, "6": -1.7459985802982787, "7": 1.0065636802482203}, "datetime": {"datetime": "2021-06-29 20:18:36", "elapsed": 208.423546, "delta": 2.304685}}
{"target": 0.003756201444207927, "params": {"0": -2.193341878824006, "1": 0.31038863902642255, "2": 0.8364291924427079, "3": -0.32073476824336655, "4": 1.7200480303153816, "5": -0.13366990081387442, "6": 2.6400487059625313, "7": 0.3307528400556845}, "datetime": {"datetime": "2021-06-29 20:18:38", "elapsed": 211.096168, "delta": 2.672622}}
{"target": 0.0038854195882940296, "params": {"0": -1.2817830433097501, "1": 1.452204654427418, "2": -0.014938874818268388, "3": 1.1203349338715913, "4": -1.6257278806883209, "5": 2.4959962552145543, "6": -2.5871428607283473, "7": 0.5534443432411082}, "datetime": {"datetime": "2021-06-29 20:18:42", "elapsed": 214.28615, "delta": 3.189982}}
{"target": 0.0031149642858837073, "params": {"0": 2.766815642138395, "1": 2.784546242443632, "2": -2.1965659346623294, "3": 2.485578217238227, "4": 1.8722835946628944, "5": 0.2266857859706617, "6": -2.5875305874086516, "7": -1.7293428192274525}, "datetime": {"datetime": "2021-06-29 20:18:43", "elapsed": 216.089582, "delta": 1.803432}}
{"target": 0.0031545871676655042, "params": {"0": 0.34420029313939793, "1": -2.529163600178118, "2": 2.6419426089751434, "3": -0.27794258448566644, "4": -0.6186681499599809, "5": 0.8728830327497139, "6": -1.5778579277485607, "7": 0.8530503213514624}, "datetime": {"datetime": "2021-06-29 20:18:46", "elapsed": 219.120194, "delta": 3.030612}}
{"target": 0.004379622178023629, "params": {"0": 0.3500819573944445, "1": 0.6055051706859871, "2": 0.8671659978136739, "3": -0.24760988482301416, "4": 1.44272776999735, "5": -1.2738258463048027, "6": -0.46477030043902534, "7": -1.6318871719885877}, "datetime": {"datetime": "2021-06-29 20:18:49", "elapsed": 221.864407, "delta": 2.744213}}
{"target": 0.0033657623099592453, "params": {"0": -1.0477972659534, "1": 2.1352639726942266, "2": 2.690400656425097, "3": 0.1668417000073581, "4": -2.3434970580027152, "5": -2.3233897993088495, "6": 1.0140848336317054, "7": 0.3503857763698921}, "datetime": {"datetime": "2021-06-29 20:18:51", "elapsed": 223.975012, "delta": 2.110605}}
{"target": 0.0031487033693298606, "params": {"0": 0.09805198067610288, "1": -2.806568690357248, "2": 0.887413335720189, "3": -2.4256215152053615, "4": 0.956414977939092, "5": 1.4066525528105656, "6": -2.7788207588602027, "7": 0.45511413247571664}, "datetime": {"datetime": "2021-06-29 20:18:54", "elapsed": 226.735119, "delta": 2.760107}}
