{"target": 0.006215415876682807, "params": {"0": 0.24089593777460072, "1": -0.4210859040669921, "2": 1.6907917796290626, "3": -0.9452435595442235, "4": 1.2033957713360284, "5": -0.9382564538888083, "6": -0.985056006003636, "7": 2.529189263522527}, "datetime": {"datetime": "2021-06-30 04:02:17", "elapsed": 28030.329992, "delta": 51.281487}}
{"target": 0.0035818454119183997, "params": {"0": 1.9953552470826823, "1": -0.48217067578498396, "2": 1.7052791788137345, "3": 0.05517687709021857, "4": -0.9654526181646954, "5": 1.6799257182373104, "6": 2.018801355535004, "7": 0.1158498306807374}, "datetime": {"datetime": "2021-06-30 04:02:53", "elapsed": 28066.429219, "delta": 36.099227}}
{"target": 0.00485291129006805, "params": {"0": -2.0818549636284756, "1": 0.7635893846193804, "2": -1.853946926874673, "3": 2.0779334918004704, "4": 0.07099500924756974, "5": 0.08071540329691018, "6": -2.7651743697967666, "7": 1.9526596849008824}, "datetime": {"datetime": "2021-06-30 04:03:34", "elapsed": 28107.140375, "delta": 40.711156}}
