{"target": 0.0031197127897858823, "params": {"0": 1.9396930265458723, "1": -1.028432390440467, "2": -2.135773757972042, "3": -0.6269223335178502, "4": 2.326250754841902, "5": 1.3835068766290846, "6": 0.21934242014488436, "7": 1.7145331822708876}, "datetime": {"datetime": "2021-06-30 03:35:01", "elapsed": 26482.136033, "delta": 42.454825}}
{"target": 0.0030019132290063466, "params": {"0": 0.9972081780097981, "1": 2.527894322745796, "2": -0.8033966899407599, "3": -0.003573232345145616, "4": 2.74232526675051, "5": 0.5715832699515095, "6": 1.747870046277562, "7": 1.6935797676869964}, "datetime": {"datetime": "2021-06-30 03:35:43", "elapsed": 26523.929269, "delta": 41.793236}}
{"target": 0.00314109884621242, "params": {"0": 1.241047872486896, "1": 2.329867028881159, "2": 2.011370472443442, "3": 2.4113169454624277, "4": -1.1210241040187707, "5": -2.094702925892406, "6": 0.2298885748194297, "7": -0.23788395711623878}, "datetime": {"datetime": "2021-06-30 03:36:08", "elapsed": 26548.821755, "delta": 24.892486}}
{"target": 0.0032199068808921377, "params": {"0": -2.4329155109409575, "1": -0.15912605831572524, "2": 1.3756886366184649, "3": -0.5405778730003155, "4": -2.157462109666244, "5": 1.212748849512419, "6": -0.07057787357362244, "7": -2.663274218054937}, "datetime": {"datetime": "2021-06-30 03:36:54", "elapsed": 26594.787436, "delta": 45.965681}}
{"target": 0.02686264388914993, "params": {"0": -1.6158014777771472, "1": -1.699319490557861, "2": 1.1504934337971715, "3": 0.2982742933816884, "4": 2.522096835272402, "5": -2.1869039213680233, "6": -0.5552909878246601, "7": -0.3942115274057656}, "datetime": {"datetime": "2021-06-30 03:37:24", "elapsed": 26625.211932, "delta": 30.424496}}
{"target": 0.003419591530900163, "params": {"0": -0.04717619991167066, "1": -2.0329432075445224, "2": -0.6513702445906744, "3": 0.8861080728704502, "4": -1.613584491862097, "5": -1.0980486284577502, "6": -0.4214628429479186, "7": -1.0616136300959202}, "datetime": {"datetime": "2021-06-30 03:37:48", "elapsed": 26649.149213, "delta": 23.937281}}
{"target": 0.008800909014082375, "params": {"0": 0.7199244841042738, "1": -0.7773394423809643, "2": 2.376596838391646, "3": -1.0908462333309135, "4": -1.466430684814545, "5": -0.005687541508722305, "6": 0.6731072988853679, "7": -0.02303020644683995}, "datetime": {"datetime": "2021-06-30 03:38:27", "elapsed": 26688.270608, "delta": 39.121395}}
{"target": 0.0033559796916942043, "params": {"0": -2.4427830738940672, "1": -0.2300992138859046, "2": -0.38207879361954156, "3": 2.966167703194249, "4": -2.68066120441814, "5": 1.1425280166957759, "6": -1.9203231297308276, "7": -1.5626435755307315}, "datetime": {"datetime": "2021-06-30 03:39:06", "elapsed": 26727.124, "delta": 38.853392}}
{"target": 0.0031713287996626913, "params": {"0": -0.8662507617301696, "1": -0.2503306762616484, "2": 0.3923936289557659, "3": -1.8528501831397202, "4": 1.1263386658408256, "5": -0.6803688229817673, "6": -2.0874182716074783, "7": 2.5972464928956045}, "datetime": {"datetime": "2021-06-30 03:39:37", "elapsed": 26757.974946, "delta": 30.850946}}
{"target": 0.003215776728787476, "params": {"0": -2.0105629383102217, "1": 2.5300630679210236, "2": -0.02580382340341103, "3": 0.5569352167580739, "4": 0.722557119499668, "5": 2.663668049033342, "6": 0.7440611712381191, "7": 0.5982926415097678}, "datetime": {"datetime": "2021-06-30 03:40:54", "elapsed": 26835.488195, "delta": 77.513249}}
{"target": 0.0029174567981839618, "params": {"0": -0.33249851614928616, "1": 0.2540695160396953, "2": 2.547731661726681, "3": 2.0056225299702053, "4": 2.602835827941001, "5": 1.4724232195580296, "6": -1.881346346880899, "7": -0.29388698369423594}, "datetime": {"datetime": "2021-06-30 03:41:42", "elapsed": 26882.988415, "delta": 47.50022}}
{"target": 0.007791875734869909, "params": {"0": -2.6534539451526964, "1": 2.9020671063680528, "2": 2.924814438860075, "3": -0.9107959381496968, "4": -0.2324082214853087, "5": -0.6555702618534771, "6": 1.0993792595877894, "7": 0.813808027681699}, "datetime": {"datetime": "2021-06-30 03:42:29", "elapsed": 26930.178656, "delta": 47.190241}}
{"target": 0.004424239340712293, "params": {"0": 2.253402592487353, "1": -1.0852967383496466, "2": 0.8045839585452095, "3": 1.8559453329176279, "4": -2.452696482159812, "5": 1.9130833661393272, "6": 2.0701997741401232, "7": 1.4130564502400045}, "datetime": {"datetime": "2021-06-30 03:43:06", "elapsed": 26966.986623, "delta": 36.807967}}
{"target": 0.0047056402889235635, "params": {"0": -0.6423398553676547, "1": -1.5058681935331004, "2": -0.9027407135273089, "3": 0.5864009701055712, "4": -0.15061591071019365, "5": 2.145453059232234, "6": -2.7726349384508815, "7": 0.06366284808357925}, "datetime": {"datetime": "2021-06-30 03:43:53", "elapsed": 27014.198014, "delta": 47.211391}}
{"target": 0.007077655511737337, "params": {"0": 1.1091220006775062, "1": -2.7810707275640296, "2": -2.8088852266016966, "3": 1.4638967427612188, "4": 1.1137535950072168, "5": 0.3475895714212074, "6": -0.7498686613866985, "7": 1.9262572950544188}, "datetime": {"datetime": "2021-06-30 03:44:26", "elapsed": 27047.009558, "delta": 32.811544}}
{"target": 0.0029591698374021092, "params": {"0": 0.9846591466646775, "1": 1.3928138756621102, "2": 1.4407565108346114, "3": 1.800649437695709, "4": 2.199512053614825, "5": 2.991401485564496, "6": -0.47851521192297586, "7": -1.1615805427517947}, "datetime": {"datetime": "2021-06-30 03:45:10", "elapsed": 27091.504167, "delta": 44.494609}}
{"target": 0.004982893363611183, "params": {"0": -0.9344627063880657, "1": -1.7496835273817903, "2": 0.6510016487748613, "3": -0.5806219610416044, "4": 1.4254204828347108, "5": 0.21053187066862566, "6": -1.422688071581341, "7": -0.36450148557518736}, "datetime": {"datetime": "2021-06-30 03:46:19", "elapsed": 27159.943351, "delta": 68.439184}}
{"target": 0.005107113291813919, "params": {"0": 1.4246889269105711, "1": -0.1737621825349258, "2": -0.8719671840445522, "3": 1.653271299863614, "4": 1.658688184201881, "5": 0.6791439742691212, "6": -2.8667282094736795, "7": -0.08447935177244892}, "datetime": {"datetime": "2021-06-30 03:47:13", "elapsed": 27214.650562, "delta": 54.707211}}
{"target": 0.0029821618386239213, "params": {"0": 0.4971908414690258, "1": 0.6565512809825957, "2": -1.0859741597011376, "3": -1.454163900055861, "4": -2.417719053808469, "5": 1.338460238636264, "6": -0.04147092834515531, "7": -0.22241041324940225}, "datetime": {"datetime": "2021-06-30 03:48:02", "elapsed": 27263.27305, "delta": 48.622488}}
{"target": 0.01768444638984326, "params": {"0": 0.4174750356441175, "1": -1.9072533178536033, "2": -2.445618516296741, "3": -1.716374464911238, "4": -0.4408509059443757, "5": -1.947414067673275, "6": -0.32144551451259007, "7": 2.905948895056259}, "datetime": {"datetime": "2021-06-30 03:48:41", "elapsed": 27301.971779, "delta": 38.698729}}
{"target": 0.003396701782733551, "params": {"0": 1.2076124199420297, "1": 0.6674069038767998, "2": -0.8433579685964556, "3": 1.0528891230535677, "4": 0.06793084559643159, "5": -0.09423843125110132, "6": 2.198876861419789, "7": -2.056472717922638}, "datetime": {"datetime": "2021-06-30 03:49:38", "elapsed": 27358.898514, "delta": 56.926735}}
{"target": 0.0030974548519227705, "params": {"0": 0.2259375577064593, "1": 0.4433366218727115, "2": -1.9194002083310189, "3": -2.7507668810140737, "4": 2.984274943601534, "5": 2.5541944334329862, "6": -2.3595376430193227, "7": -1.5409514060430352}, "datetime": {"datetime": "2021-06-30 03:50:20", "elapsed": 27401.439703, "delta": 42.541189}}
{"target": 0.004713783996059858, "params": {"0": 1.2794049938822774, "1": -2.776310971727784, "2": -2.812065346653609, "3": -1.466807723840239, "4": -1.5813469843871306, "5": -1.8147081461884138, "6": 0.6371911892717175, "7": 1.786843765357502}, "datetime": {"datetime": "2021-06-30 03:51:06", "elapsed": 27447.55207, "delta": 46.112367}}
{"target": 0.002926673882648207, "params": {"0": -0.2750330195380908, "1": -0.10070073249103739, "2": 2.431568582995296, "3": -0.06740346316529333, "4": -0.7759636671666112, "5": 1.9520119907967803, "6": 0.512059237675321, "7": -2.4219869342773332}, "datetime": {"datetime": "2021-06-30 03:51:56", "elapsed": 27496.922633, "delta": 49.370563}}
{"target": 0.003003487715473404, "params": {"0": 0.5673226125268678, "1": -0.41345271829013974, "2": 0.7247978957408661, "3": 1.299169195980923, "4": 1.144110547322927, "5": 2.666287045799396, "6": 0.2846656463101658, "7": -1.425947915237675}, "datetime": {"datetime": "2021-06-30 03:52:33", "elapsed": 27534.566128, "delta": 37.643495}}
{"target": 0.005786935171800111, "params": {"0": 0.4597463498594445, "1": -1.4406716184516783, "2": 0.5990443360967346, "3": -2.7281198896378385, "4": 2.2058221281481396, "5": 0.7545395919642068, "6": -2.569478849297898, "7": 0.5083434841472645}, "datetime": {"datetime": "2021-06-30 03:53:19", "elapsed": 27579.743759, "delta": 45.177631}}
{"target": 0.003117610026988857, "params": {"0": -0.6575260518918933, "1": 0.8696514499681536, "2": 1.7429174381160468, "3": -0.8897654288228876, "4": -0.6439095597337046, "5": 2.833172475930187, "6": -2.4983276208119145, "7": -1.5201890667495108}, "datetime": {"datetime": "2021-06-30 03:54:02", "elapsed": 27623.387514, "delta": 43.643755}}
{"target": 0.004567140433509809, "params": {"0": -1.6260344786426677, "1": 1.4651221740441382, "2": 1.3459282460769462, "3": 0.6089475142690812, "4": -1.6694292974988763, "5": 2.1922320030043068, "6": -1.0015537532471497, "7": -0.5282960871837057}, "datetime": {"datetime": "2021-06-30 03:54:45", "elapsed": 27666.221441, "delta": 42.833927}}
{"target": 0.0029573698643082973, "params": {"0": 1.153222518111602, "1": 0.22237691817127292, "2": 1.8776260849102666, "3": -0.029127591611353587, "4": 2.773291900302679, "5": -1.4493301503479, "6": 2.360478631665134, "7": 2.1514922227044657}, "datetime": {"datetime": "2021-06-30 03:55:18", "elapsed": 27699.447672, "delta": 33.226231}}
{"target": 0.0030073618839357927, "params": {"0": -0.892433085749607, "1": -1.6503625801203938, "2": -0.40607896929440734, "3": 2.2161641090633637, "4": 1.5809869922349797, "5": -0.873515309602718, "6": 0.9605675752611589, "7": -1.1759169564476544}, "datetime": {"datetime": "2021-06-30 03:55:59", "elapsed": 27740.085002, "delta": 40.63733}}
{"target": 0.003494821289454256, "params": {"0": 0.8825005630372296, "1": -1.387817242352694, "2": 0.2140207815879922, "3": -2.6849188281574543, "4": 1.165294883308115, "5": 1.7993407805461015, "6": 0.8310578072027264, "7": 0.3831947554713997}, "datetime": {"datetime": "2021-06-30 03:56:37", "elapsed": 27778.015536, "delta": 37.930534}}
{"target": 0.0034946099859722774, "params": {"0": 1.4710110715800795, "1": 0.3136247115020172, "2": 1.3058344344635229, "3": 1.7087615685702922, "4": -1.8927206623813873, "5": -1.0208788954791639, "6": -1.1930775260652726, "7": -1.3356935344453618}, "datetime": {"datetime": "2021-06-30 03:57:18", "elapsed": 27819.309925, "delta": 41.294389}}
{"target": 0.009231062221542597, "params": {"0": 1.6437580707903816, "1": -1.969554162053266, "2": -0.6256125156363979, "3": -2.8263765071773044, "4": 1.105548568559863, "5": -1.4484846107283447, "6": -0.9728557084320579, "7": -1.2999745594116274}, "datetime": {"datetime": "2021-06-30 03:57:50", "elapsed": 27850.835237, "delta": 31.525312}}
{"target": 0.003233281959247904, "params": {"0": 1.7888312506079824, "1": -0.8092290448228114, "2": -0.27063230097354296, "3": 2.9793418095008164, "4": 2.3521433061799417, "5": -0.5011897902479241, "6": -1.942980599939747, "7": 1.7378913663102162}, "datetime": {"datetime": "2021-06-30 03:58:33", "elapsed": 27894.661505, "delta": 43.826268}}
{"target": 0.003137774306308606, "params": {"0": -2.482435364624879, "1": -0.20793654556190777, "2": -0.3308420261002234, "3": 2.1566792255170757, "4": -1.9996534238846317, "5": -0.8720156609293932, "6": 0.171168567535819, "7": -0.08649924565614375}, "datetime": {"datetime": "2021-06-30 03:59:30", "elapsed": 27951.16209, "delta": 56.500585}}
{"target": 0.0031074633104545674, "params": {"0": -2.64549217604129, "1": 0.2840494006075156, "2": -1.3427017556963643, "3": -1.005887972607749, "4": 0.831938261268883, "5": 0.4036724965245204, "6": -2.452471756217104, "7": -2.14137591020727}, "datetime": {"datetime": "2021-06-30 04:00:17", "elapsed": 27998.482015, "delta": 47.319925}}
{"target": 0.0029368595752270717, "params": {"0": 2.037439569287929, "1": -2.63357848079547, "2": 2.132213577079895, "3": 1.5031249907846647, "4": 2.832427621978016, "5": -0.6839280606759202, "6": 0.1007707670474236, "7": -0.6248189036148646}, "datetime": {"datetime": "2021-06-30 04:01:12", "elapsed": 28053.396622, "delta": 54.914607}}
{"target": 0.005875200792036146, "params": {"0": 0.20931235903485712, "1": 0.46870772696308904, "2": -2.5331598706737655, "3": -1.670728255379418, "4": -1.0435107732629134, "5": -1.9480855354574276, "6": 2.8903577231784023, "7": -2.415004770200178}, "datetime": {"datetime": "2021-06-30 04:01:41", "elapsed": 28082.617076, "delta": 29.220454}}
{"target": 0.0029615199553130684, "params": {"0": -0.9000767065839121, "1": 2.2008869029875893, "2": -2.318007975125573, "3": -1.5915358167559137, "4": 1.3111671376833272, "5": -0.3598826988957846, "6": 0.04000362950829883, "7": -1.144802553473711}, "datetime": {"datetime": "2021-06-30 04:02:36", "elapsed": 28136.956012, "delta": 54.338936}}
{"target": 0.003069625973498903, "params": {"0": 1.2980145117249835, "1": 0.876730320500684, "2": -1.85684463483761, "3": -2.67220674630194, "4": 0.8797693392196444, "5": -0.02201134668911786, "6": -0.710648762692581, "7": -0.1390780440942705}, "datetime": {"datetime": "2021-06-30 04:03:21", "elapsed": 28182.075352, "delta": 45.11934}}
