{"target": 0.0030159921418936417, "params": {"0": -2.170658067115263, "1": -1.9472397749724104, "2": -2.2234751064620575, "3": 1.5852580114705583, "4": -2.95313387958314, "5": -0.16569693249439688, "6": -0.49625392406100133, "7": -1.3476975245958571}, "datetime": {"datetime": "2021-06-29 20:16:18", "elapsed": 71.506053, "delta": 1.622842}}
{"target": 0.003210820846751218, "params": {"0": 2.3912179688645763, "1": -1.306150120182832, "2": -1.040693793542622, "3": 2.3938262806595114, "4": 1.35671762883986, "5": 1.9557251745326152, "6": -0.14633915225526195, "7": -2.3806133494561923}, "datetime": {"datetime": "2021-06-29 20:16:20", "elapsed": 73.753102, "delta": 2.247049}}
{"target": 0.002908934194318303, "params": {"0": -0.3421744979994443, "1": 1.9286675067907426, "2": -0.9496944992253522, "3": 1.1251979871738342, "4": 2.5319827188384316, "5": 2.7245716779977602, "6": 2.6460878709157676, "7": -0.18504316035617796}, "datetime": {"datetime": "2021-06-29 20:16:21", "elapsed": 75.120669, "delta": 1.367567}}
{"target": 0.09147240447044154, "params": {"0": 0.23810785175095184, "1": -2.9950278378364796, "2": 1.2809069704158578, "3": -2.1915758494541686, "4": -1.4135734750873472, "5": 1.2660346141459895, "6": -2.2197427343558833, "7": 1.1401526541640896}, "datetime": {"datetime": "2021-06-29 20:16:23", "elapsed": 76.867235, "delta": 1.746566}}
{"target": 0.0030441189143940676, "params": {"0": -1.4022098754757206, "1": -0.2640144523297865, "2": -0.9572755843478022, "3": 1.740767973650847, "4": -1.08708047426915, "5": 2.5854363340062303, "6": -2.722202520081365, "7": 1.1190412711797597}, "datetime": {"datetime": "2021-06-29 20:16:24", "elapsed": 78.438721, "delta": 1.571486}}
{"target": 0.003768955692999318, "params": {"0": 0.3759601868638227, "1": -0.3995044968418715, "2": 0.40633948620976224, "3": -2.36971058402054, "4": 1.2508634113333326, "5": -2.1377525696955644, "6": 1.4212327076855562, "7": 1.0105355772157907}, "datetime": {"datetime": "2021-06-29 20:16:26", "elapsed": 79.911287, "delta": 1.472566}}
{"target": 0.003720140759509835, "params": {"0": 2.389719287525221, "1": -1.1836193440744744, "2": -1.4850541980394867, "3": -1.674448573587457, "4": -2.910397158785054, "5": -0.4347237421892953, "6": -0.5338856368095817, "7": 0.8671925542835903}, "datetime": {"datetime": "2021-06-29 20:16:27", "elapsed": 81.328167, "delta": 1.41688}}
{"target": 0.005528312586810963, "params": {"0": -0.9147701587254886, "1": 0.1197403556405412, "2": 2.6775289080446685, "3": -0.6558006038073243, "4": 2.3971179002604366, "5": -2.4609927052963165, "6": 1.8930649413872516, "7": -2.267193388158056}, "datetime": {"datetime": "2021-06-29 20:16:28", "elapsed": 82.402535, "delta": 1.074368}}
{"target": 0.003559805716315859, "params": {"0": 0.5986969976457379, "1": -1.1665403721561303, "2": -2.308456568357431, "3": -2.873952982001787, "4": -2.8541997340577714, "5": 2.286107144550524, "6": -2.6786040977459056, "7": 2.2572266141043986}, "datetime": {"datetime": "2021-06-29 20:16:31", "elapsed": 84.68308, "delta": 2.280545}}
{"target": 0.011785281179899422, "params": {"0": 1.232554435599023, "1": -2.986518589807201, "2": 2.0342299312423116, "3": -2.325884075080282, "4": -1.2218946889104332, "5": 1.3051090606850693, "6": -2.611875191982523, "7": 1.6750902519123407}, "datetime": {"datetime": "2021-06-29 20:16:33", "elapsed": 87.194609, "delta": 2.511529}}
{"target": 0.003234769396556514, "params": {"0": 1.7261215751717671, "1": -1.3624611843311853, "2": -0.6998790885010044, "3": -0.7341329381726442, "4": -0.7239610567356944, "5": -0.6201109786647696, "6": -1.7657734760032064, "7": -1.8805744545773688}, "datetime": {"datetime": "2021-06-29 20:16:35", "elapsed": 89.402814, "delta": 2.208205}}
{"target": 0.003115107998348809, "params": {"0": -0.20432148407407968, "1": -2.2651177411579257, "2": 1.1324646097999915, "3": -1.77177257839998, "4": -1.5564794919011047, "5": 0.19048614022153654, "6": -2.023599596923022, "7": 1.231748911614165}, "datetime": {"datetime": "2021-06-29 20:16:38", "elapsed": 92.311889, "delta": 2.909075}}
{"target": 0.0030036548227837427, "params": {"0": -1.4402852288435906, "1": 2.015614596121573, "2": 2.2647408793262027, "3": -0.17052285148990487, "4": -2.2465912751198367, "5": -2.676541000576737, "6": 1.2322972767289633, "7": 0.1252263721574134}, "datetime": {"datetime": "2021-06-29 20:16:41", "elapsed": 94.814811, "delta": 2.502922}}
{"target": 0.006081417377745042, "params": {"0": -1.6579135314676117, "1": -2.884872641913905, "2": -2.7035904671802253, "3": -0.31186770735180325, "4": -1.9610100077250519, "5": -1.1598682785536198, "6": 2.399785527971904, "7": -1.7469952869856047}, "datetime": {"datetime": "2021-06-29 20:16:43", "elapsed": 96.867736, "delta": 2.052925}}
{"target": 0.0038934169711351617, "params": {"0": 0.29283709714353146, "1": -2.6913035749170238, "2": 0.20465801635655279, "3": -2.0591889077092937, "4": -0.32340462760951993, "5": -1.4242629202623494, "6": 0.5200184308042397, "7": 0.2965444466296754}, "datetime": {"datetime": "2021-06-29 20:16:44", "elapsed": 98.492995, "delta": 1.625259}}
{"target": 0.006151746309332211, "params": {"0": -0.27265941971498986, "1": -0.8729019707166028, "2": 2.4314551743348343, "3": -0.05629983605275468, "4": 2.166677550561772, "5": -2.312425228663188, "6": 1.5939281976781325, "7": -2.467494185540132}, "datetime": {"datetime": "2021-06-29 20:16:47", "elapsed": 100.71233, "delta": 2.219335}}
{"target": 0.00687432011962692, "params": {"0": -0.07900513283394073, "1": -2.0996195089982725, "2": -1.1668429205519846, "3": 2.5798326364653157, "4": -2.6595891097133872, "5": 2.315296157696224, "6": -2.47443951861601, "7": 2.858704574046315}, "datetime": {"datetime": "2021-06-29 20:16:48", "elapsed": 102.380574, "delta": 1.668244}}
{"target": 0.0030778486356309036, "params": {"0": -0.3154809468606512, "1": -2.319660454877006, "2": 2.202163429638011, "3": -2.044053647725458, "4": 0.6132153276474797, "5": 2.4633603922556286, "6": -2.244204193547687, "7": 0.398815181823287}, "datetime": {"datetime": "2021-06-29 20:16:50", "elapsed": 103.902603, "delta": 1.522029}}
{"target": 0.0031140840233682982, "params": {"0": -0.820899783838748, "1": 1.3228516645571018, "2": 1.7479404233908706, "3": -0.2400148211786246, "4": -1.334951518935416, "5": 1.708470361105885, "6": -2.842102927850199, "7": 1.0291705324087443}, "datetime": {"datetime": "2021-06-29 20:16:51", "elapsed": 104.626289, "delta": 0.723686}}
{"target": 0.003515906967682872, "params": {"0": 0.7518643614086238, "1": -2.735444525256854, "2": 1.8322740318182351, "3": -2.045546105274611, "4": -1.067037689100014, "5": 1.841757982258832, "6": -2.3018655985495293, "7": 1.1559182115356244}, "datetime": {"datetime": "2021-06-29 20:16:52", "elapsed": 106.37347, "delta": 1.747181}}
{"target": 0.005981422687891281, "params": {"0": -0.6898503504899467, "1": -1.7439236489862857, "2": -2.6296017619458887, "3": -2.1058563397616634, "4": 2.987232550922685, "5": 1.2980184383221092, "6": -2.4120931317243373, "7": -0.5304413486720145}, "datetime": {"datetime": "2021-06-29 20:16:55", "elapsed": 108.5186, "delta": 2.14513}}
{"target": 0.0032441618022906625, "params": {"0": -2.2037353890398883, "1": -0.7633109704306591, "2": -1.0183253781926132, "3": -1.9509121414429087, "4": 0.5422415067519948, "5": -1.8018706984551902, "6": 1.8938170786452417, "7": 2.3535559386393654}, "datetime": {"datetime": "2021-06-29 20:16:58", "elapsed": 112.070963, "delta": 3.552363}}
{"target": 0.0036672507989761634, "params": {"0": 0.2940279499257561, "1": -2.1701343528167403, "2": 0.8854732504945897, "3": -1.4495013483022041, "4": -0.5323209652076031, "5": 2.2845872343827924, "6": -2.2441954290905892, "7": 0.9448228895843411}, "datetime": {"datetime": "2021-06-29 20:17:00", "elapsed": 114.116937, "delta": 2.045974}}
{"target": 0.014525293152460551, "params": {"0": -1.7937521509791927, "1": 0.339744307522702, "2": 0.7373210815604416, "3": 0.2334155666879001, "4": 2.1132171978848, "5": -0.07469554004263479, "6": 2.1708832887984046, "7": 0.7318333402289801}, "datetime": {"datetime": "2021-06-29 20:17:02", "elapsed": 116.242818, "delta": 2.125881}}
{"target": 0.0035030168408537034, "params": {"0": -0.05232557406000016, "1": -2.9827324134947473, "2": 2.105590690588543, "3": -1.6839359228573831, "4": -0.6918558002914716, "5": 1.8110250332935909, "6": -2.2449840012274924, "7": 1.7808730270998963}, "datetime": {"datetime": "2021-06-29 20:17:06", "elapsed": 119.853374, "delta": 3.610556}}
{"target": 0.0035814187933511325, "params": {"0": 1.195794770140651, "1": 1.0175898926722144, "2": 0.5119299087747669, "3": 1.553431172547537, "4": -0.6502631181699812, "5": 0.02489114429467154, "6": -0.03213612198499627, "7": -2.028960838589574}, "datetime": {"datetime": "2021-06-29 20:17:08", "elapsed": 122.229863, "delta": 2.376489}}
{"target": 0.0031154493469342775, "params": {"0": 2.082648223744811, "1": -1.9073124735902778, "2": 2.9044456384271182, "3": -0.2674922862830953, "4": 1.5891228160499615, "5": 1.3388794987672892, "6": -1.2858589605903816, "7": -2.5124712907204803}, "datetime": {"datetime": "2021-06-29 20:17:10", "elapsed": 124.255199, "delta": 2.025336}}
{"target": 0.0029833229653101266, "params": {"0": 0.39208148156583134, "1": 2.8778459653089143, "2": -0.6713653393297996, "3": -1.734673864240329, "4": 2.0889427526993787, "5": -1.2946983359867168, "6": 1.6064814376824526, "7": 0.5632928591576625}, "datetime": {"datetime": "2021-06-29 20:17:13", "elapsed": 127.073171, "delta": 2.817972}}
{"target": 0.026769248358649304, "params": {"0": 0.08067590351471665, "1": -2.3557451289420506, "2": 2.322116936440274, "3": -1.0424211477992849, "4": -0.5419682322326471, "5": 0.6385684415966795, "6": -2.376116372062887, "7": 0.9446694891014324}, "datetime": {"datetime": "2021-06-29 20:17:16", "elapsed": 130.443747, "delta": 3.370576}}
{"target": 0.009342714057003555, "params": {"0": -1.4182250322221601, "1": 0.7105091087983539, "2": -0.46815669162145657, "3": 1.149024357361843, "4": -1.8896969553851382, "5": 2.0415706031004923, "6": -2.5751516209636263, "7": 0.5897104839409644}, "datetime": {"datetime": "2021-06-29 20:17:19", "elapsed": 133.210909, "delta": 2.767162}}
{"target": 0.0030232413567933807, "params": {"0": -2.493836787025188, "1": -1.3681892509184943, "2": 1.083846748852383, "3": 1.9972171189510597, "4": 0.03584148313536595, "5": -2.5837837861572774, "6": 2.32251757647904, "7": -1.845349528766658}, "datetime": {"datetime": "2021-06-29 20:17:21", "elapsed": 135.152401, "delta": 1.941492}}
{"target": 0.0030143912724140557, "params": {"0": 0.4009747814837281, "1": 1.3786486091374552, "2": -1.3338560978971539, "3": -2.8134331155033125, "4": 1.1636907196324708, "5": 2.4877819085201454, "6": 2.4120908368243716, "7": -1.152772122690093}, "datetime": {"datetime": "2021-06-29 20:17:22", "elapsed": 136.464304, "delta": 1.311903}}
{"target": 0.003589304893338008, "params": {"0": 0.1280170897086137, "1": -2.9161079154563527, "2": 1.7527294982032053, "3": -2.4263543566054526, "4": -1.0066173452894878, "5": 0.9271835019344579, "6": -2.2053505518697163, "7": 1.1228245435114248}, "datetime": {"datetime": "2021-06-29 20:17:26", "elapsed": 139.532069, "delta": 3.067765}}
{"target": 0.0030720772567765114, "params": {"0": 1.6697291777381071, "1": -2.8996090977027063, "2": 2.0607268054029175, "3": -2.069787240010063, "4": -1.0016804354139457, "5": 1.3859953198726398, "6": -2.987813265632309, "7": 1.0594145659646808}, "datetime": {"datetime": "2021-06-29 20:17:27", "elapsed": 141.493418, "delta": 1.961349}}
{"target": 0.004200122565972667, "params": {"0": 0.9048158535075439, "1": -2.7846303003123127, "2": 1.9395535505006363, "3": -1.0035164291453929, "4": -0.3164707635363273, "5": 1.7293400307473394, "6": -2.2924056169580203, "7": 0.33117358269293273}, "datetime": {"datetime": "2021-06-29 20:17:30", "elapsed": 144.037056, "delta": 2.543638}}
{"target": 0.0029912369723180243, "params": {"0": -0.3974093425827574, "1": 0.05373307956293161, "2": -1.4858985766405972, "3": 1.7949323033044093, "4": -1.9601779121357596, "5": 2.1679405340110405, "6": -2.8752176848147837, "7": 0.42081815462211747}, "datetime": {"datetime": "2021-06-29 20:17:32", "elapsed": 146.339684, "delta": 2.302628}}
{"target": 0.006251909359271005, "params": {"0": 1.311351208194214, "1": -2.7327220387205786, "2": 1.5624831276211282, "3": -2.1726602039659157, "4": -0.8892275105231535, "5": 0.9571826014006826, "6": -2.561396369612826, "7": 0.9407025394182709}, "datetime": {"datetime": "2021-06-29 20:17:34", "elapsed": 148.42363, "delta": 2.083946}}
{"target": 0.003048557503012241, "params": {"0": -1.559487370146605, "1": 0.3820810077951089, "2": 2.5870468486772964, "3": -0.10247659215175453, "4": -0.1847837318849792, "5": 2.9873622760445553, "6": -1.2260485732313766, "7": 0.8280532366266637}, "datetime": {"datetime": "2021-06-29 20:17:39", "elapsed": 152.936469, "delta": 4.512839}}
{"target": 0.003562231712592352, "params": {"0": -2.1041123090060525, "1": -0.3137208853890603, "2": -0.33998268198575676, "3": 2.7825608005620968, "4": -2.8761491731949, "5": -2.8692268226803326, "6": 0.6904022769464824, "7": -1.7019050778835334}, "datetime": {"datetime": "2021-06-29 20:17:41", "elapsed": 155.482379, "delta": 2.54591}}
{"target": 0.004176036997879949, "params": {"0": 2.5310814081355923, "1": 2.005720117270206, "2": 0.6562315164549872, "3": 1.7547656148179964, "4": -2.17858095429761, "5": 1.448253528084039, "6": 1.061250417100073, "7": -0.580172378873371}, "datetime": {"datetime": "2021-06-29 20:17:44", "elapsed": 157.624902, "delta": 2.142523}}
{"target": 0.003135395673150534, "params": {"0": 1.0664100208988447, "1": -2.9377966681289824, "2": 1.535578267783456, "3": -1.8528620829928937, "4": 0.5625687422709129, "5": 1.7863074247911053, "6": -1.2963595322779844, "7": 0.9994737854087887}, "datetime": {"datetime": "2021-06-29 20:17:46", "elapsed": 159.728571, "delta": 2.103669}}
{"target": 0.0033822955291962766, "params": {"0": -0.3898782485657888, "1": -0.4522093718718052, "2": -0.396133130424122, "3": 0.8334984833289081, "4": -2.409133389956618, "5": 1.8809627710470274, "6": -2.8689208370118155, "7": 1.546452495376414}, "datetime": {"datetime": "2021-06-29 20:17:48", "elapsed": 162.464089, "delta": 2.735518}}
{"target": 0.003041616903250543, "params": {"0": -2.4659653849374266, "1": 2.8567856957135707, "2": -0.9454429138547122, "3": 2.6776098415707317, "4": -0.24905569720931853, "5": -2.564184511631784, "6": 2.3592644497428914, "7": -0.5632728928029014}, "datetime": {"datetime": "2021-06-29 20:17:50", "elapsed": 164.153624, "delta": 1.689535}}
{"target": 0.004674097773473094, "params": {"0": -1.3090834566686869, "1": -1.6467418319548979, "2": -1.6714668089884033, "3": 0.7571503699607378, "4": -1.602392886056605, "5": -0.29173247065292296, "6": 2.453042167164198, "7": 0.20913909850107304}, "datetime": {"datetime": "2021-06-29 20:17:52", "elapsed": 165.760188, "delta": 1.606564}}
{"target": 0.004463882216500348, "params": {"0": -0.8659089770000219, "1": -1.264420061332621, "2": -2.318578710209226, "3": -0.4408215844757182, "4": 2.0851893935989967, "5": -2.019099238788189, "6": 2.187218095333078, "7": -0.16535793454799563}, "datetime": {"datetime": "2021-06-29 20:17:55", "elapsed": 168.704846, "delta": 2.944658}}
{"target": 0.002992409883469617, "params": {"0": -0.31307042287924425, "1": -0.16861285220139344, "2": -0.02628812758749266, "3": 2.8353166194876254, "4": 2.4231913272415646, "5": -0.05833898201505683, "6": 2.577553690930298, "7": -1.3312390292279481}, "datetime": {"datetime": "2021-06-29 20:17:57", "elapsed": 170.89287, "delta": 2.188024}}
{"target": 0.004672274835516528, "params": {"0": 0.3625167625010586, "1": -2.827230915766522, "2": 2.0317689462820834, "3": -1.2212452877177933, "4": 0.7364541621466518, "5": 2.2401618043933587, "6": -1.6368386877921002, "7": 0.48286504491893467}, "datetime": {"datetime": "2021-06-29 20:18:02", "elapsed": 176.296858, "delta": 5.403988}}
{"target": 0.0031452900388442887, "params": {"0": -0.6815802621095948, "1": -2.109916031150484, "2": 2.2548257692305347, "3": -0.5739662599533775, "4": -0.9231773884395955, "5": 1.1857882894724128, "6": -2.2176472833307996, "7": 0.9482300991810817}, "datetime": {"datetime": "2021-06-29 20:18:04", "elapsed": 178.360856, "delta": 2.063998}}
{"target": 0.003913549411184781, "params": {"0": -2.1673192683999893, "1": -1.6749907610682557, "2": 0.9678632148888888, "3": 2.815084264773507, "4": 0.1929886856448242, "5": -2.6136452487643655, "6": 1.2167198442554508, "7": -1.1814689326144137}, "datetime": {"datetime": "2021-06-29 20:18:06", "elapsed": 179.992599, "delta": 1.631743}}
{"target": 0.008089370475897284, "params": {"0": -1.7795647183238865, "1": 0.42340612906375785, "2": -0.9823932302458553, "3": 1.0717797364448485, "4": -1.110200139335522, "5": 1.9984313545707444, "6": -2.0047814472755356, "7": 0.30282181433647093}, "datetime": {"datetime": "2021-06-29 20:18:11", "elapsed": 185.395101, "delta": 5.402502}}
{"target": 0.00375247907174227, "params": {"0": -1.8875267663733437, "1": 0.19293140285741517, "2": -0.05680617390232001, "3": -1.7461298133275236, "4": 0.9901031740510051, "5": -0.5827867040223689, "6": 2.797585976387878, "7": 2.0636092406010587}, "datetime": {"datetime": "2021-06-29 20:18:13", "elapsed": 187.192605, "delta": 1.797504}}
{"target": 0.0031436900194381613, "params": {"0": 2.10614120833538, "1": 2.3412499538377958, "2": 0.9222012526642853, "3": 0.7451912772476437, "4": 2.8171676251856947, "5": 0.03525359730109212, "6": 0.11508045206063855, "7": -2.3540923490128973}, "datetime": {"datetime": "2021-06-29 20:18:16", "elapsed": 189.609101, "delta": 2.416496}}
{"target": 0.0037891792614643247, "params": {"0": -0.7948988839863476, "1": 0.4646367267493159, "2": -0.19857255850852784, "3": 0.9296874288114871, "4": -2.01546830306233, "5": 2.3703290066343223, "6": -2.5553938571282537, "7": 0.5846997892536621}, "datetime": {"datetime": "2021-06-29 20:18:18", "elapsed": 191.615691, "delta": 2.00659}}
{"target": 0.01356265834087256, "params": {"0": 0.08909837522030006, "1": -2.836389937314104, "2": 0.8746628986821214, "3": -1.0673685028104245, "4": -0.2958192228377339, "5": 1.1463895307129235, "6": -2.1676575614096545, "7": 0.3068534642015983}, "datetime": {"datetime": "2021-06-29 20:18:20", "elapsed": 194.17325, "delta": 2.557559}}
{"target": 0.006737603092743588, "params": {"0": 0.1788240834974104, "1": 0.6684047864850053, "2": -0.5251862429034704, "3": 1.393995827795342, "4": -1.1901650346416601, "5": 2.7884260827521787, "6": -2.7760405968936066, "7": 1.0550496075363816}, "datetime": {"datetime": "2021-06-29 20:18:23", "elapsed": 196.559403, "delta": 2.386153}}
{"target": 0.0036501606816131496, "params": {"0": 2.5230298234098827, "1": 0.011503898200023954, "2": 2.4196028961709617, "3": 1.4690217450319691, "4": 0.013507425151604302, "5": -2.9486802973105743, "6": -0.7552919560586506, "7": -0.8714957460280344}, "datetime": {"datetime": "2021-06-29 20:18:29", "elapsed": 203.086294, "delta": 6.526891}}
{"target": 0.006635431131386151, "params": {"0": -0.2844364123690526, "1": -2.0095867974480477, "2": 0.8079547263265185, "3": -2.873475789107772, "4": -1.6460650799493661, "5": 1.1381264185460687, "6": -1.7459985802982787, "7": 1.0065636802482203}, "datetime": {"datetime": "2021-06-29 20:18:31", "elapsed": 205.259638, "delta": 2.173344}}
{"target": 0.0037574382729754236, "params": {"0": -2.193341878824006, "1": 0.31038863902642255, "2": 0.8364291924427079, "3": -0.32073476824336655, "4": 1.7200480303153816, "5": -0.13366990081387442, "6": 2.6400487059625313, "7": 0.3307528400556845}, "datetime": {"datetime": "2021-06-29 20:18:34", "elapsed": 207.784057, "delta": 2.524419}}
{"target": 0.0038744524266826658, "params": {"0": -1.2817830433097501, "1": 1.452204654427418, "2": -0.014938874818268388, "3": 1.1203349338715913, "4": -1.6257278806883209, "5": 2.4959962552145543, "6": -2.5871428607283473, "7": 0.5534443432411082}, "datetime": {"datetime": "2021-06-29 20:18:35", "elapsed": 209.292332, "delta": 1.508275}}
{"target": 0.0031039243151033094, "params": {"0": 2.766815642138395, "1": 2.784546242443632, "2": -2.1965659346623294, "3": 2.485578217238227, "4": 1.8722835946628944, "5": 0.2266857859706617, "6": -2.5875305874086516, "7": -1.7293428192274525}, "datetime": {"datetime": "2021-06-29 20:18:37", "elapsed": 211.01636, "delta": 1.724028}}
{"target": 0.003144033243628399, "params": {"0": 0.34420029313939793, "1": -2.529163600178118, "2": 2.6419426089751434, "3": -0.27794258448566644, "4": -0.6186681499599809, "5": 0.8728830327497139, "6": -1.5778579277485607, "7": 0.8530503213514624}, "datetime": {"datetime": "2021-06-29 20:18:39", "elapsed": 212.732462, "delta": 1.716102}}
{"target": 0.004328184184317492, "params": {"0": 0.3500819573944445, "1": 0.6055051706859871, "2": 0.8671659978136739, "3": -0.24760988482301416, "4": 1.44272776999735, "5": -1.2738258463048027, "6": -0.46477030043902534, "7": -1.6318871719885877}, "datetime": {"datetime": "2021-06-29 20:18:41", "elapsed": 215.409849, "delta": 2.677387}}
{"target": 0.025724637936564352, "params": {"0": -1.9887580854305416, "1": 0.5364520785887317, "2": 0.6031239625297253, "3": 0.626849429946239, "4": 2.400450140216437, "5": -1.24967649109618, "6": 2.3066254967055855, "7": 0.7368845047538932}, "datetime": {"datetime": "2021-06-29 20:18:45", "elapsed": 218.680539, "delta": 3.27069}}
{"target": 0.0031337381682190707, "params": {"0": 0.09805198067610288, "1": -2.806568690357248, "2": 0.887413335720189, "3": -2.4256215152053615, "4": 0.956414977939092, "5": 1.4066525528105656, "6": -2.7788207588602027, "7": 0.45511413247571664}, "datetime": {"datetime": "2021-06-29 20:18:48", "elapsed": 222.134595, "delta": 3.454056}}
