{"target": 0.003356887854206245, "params": {"0": 2.095894334104857, "1": 1.9964471541676003, "2": -1.0581425197279546, "3": 2.1050185424443377, "4": 0.6019739509370501, "5": 2.5982980799175985, "6": 1.216617545402901, "7": 1.0392379571477317}, "datetime": {"datetime": "2021-06-29 23:57:01", "elapsed": 13401.657508, "delta": 68.283411}}
{"target": 0.003638624127473983, "params": {"0": -2.139700282438087, "1": -1.0917550049157045, "2": -1.661975428637736, "3": 2.0144305510450495, "4": -0.2892379875428235, "5": -0.7083961925545772, "6": -2.8589410029448032, "7": 2.8553746629134213}, "datetime": {"datetime": "2021-06-29 23:57:33", "elapsed": 13434.189248, "delta": 32.53174}}
{"target": 0.004097650203603874, "params": {"0": -2.3306928329749717, "1": -2.2116718562105504, "2": -1.9151914483424548, "3": -0.4196127957949365, "4": -2.7501564548034665, "5": -1.129970430573748, "6": -2.700811624623487, "7": -2.516826685185899}, "datetime": {"datetime": "2021-06-29 23:57:52", "elapsed": 13452.889577, "delta": 18.700329}}
{"target": 0.0035880658194055192, "params": {"0": -1.8858871808711424, "1": 1.386574115617635, "2": -0.47989983022061633, "3": 1.1968233543706113, "4": -2.40909361114029, "5": 0.4028390983250869, "6": -1.297514728889527, "7": -0.046385521668778296}, "datetime": {"datetime": "2021-06-29 23:58:13", "elapsed": 13473.605447, "delta": 20.71587}}
{"target": 0.038296968537250405, "params": {"0": -0.6065687058637783, "1": 0.4592052320164317, "2": 0.9208271019553171, "3": -0.6081147089911125, "4": 1.887093903293291, "5": -2.305651583830224, "6": 0.3888590522707016, "7": -1.7979736449849861}, "datetime": {"datetime": "2021-06-29 23:58:29", "elapsed": 13489.84603, "delta": 16.240583}}
{"target": 0.0032978333313724156, "params": {"0": -1.7697048789465704, "1": 2.655600538037368, "2": 1.8088833984311865, "3": 0.05686851542763982, "4": -0.25076081085120183, "5": 1.5591127583258197, "6": -2.16515678281346, "7": 1.1247068240925646}, "datetime": {"datetime": "2021-06-29 23:58:52", "elapsed": 13512.696398, "delta": 22.850368}}
{"target": 0.016668773036310373, "params": {"0": 1.1420098278761257, "1": 0.1995321328901003, "2": -2.9812135346843847, "3": 0.9342565181171825, "4": -0.7788389661673563, "5": -1.6250578786032603, "6": -1.8724452484827063, "7": -1.7337356446899452}, "datetime": {"datetime": "2021-06-30 00:00:38", "elapsed": 13618.705085, "delta": 106.008687}}
{"target": 0.0034711704369304866, "params": {"0": -0.8027658396809745, "1": -2.696082302259046, "2": -0.02573015207452567, "3": 0.2338795051179563, "4": -1.6484580672913143, "5": 2.7216329386811964, "6": -2.0519116683025036, "7": 0.5766589103949946}, "datetime": {"datetime": "2021-06-30 00:02:23", "elapsed": 13724.289023, "delta": 105.583938}}
{"target": 0.004520477645427737, "params": {"0": 1.4699148794766685, "1": 1.4321178981107927, "2": -2.7975601230676386, "3": -0.7341834967470939, "4": -2.131670248447488, "5": 1.3753152933568558, "6": -2.6719631944954116, "7": -2.074676046048014}, "datetime": {"datetime": "2021-06-30 00:02:43", "elapsed": 13743.499157, "delta": 19.210134}}
{"target": 0.005027998576027479, "params": {"0": 1.7208222549446113, "1": -2.937009477508268, "2": -1.674612604747182, "3": -2.171547020662312, "4": -1.986340479151673, "5": 0.11960940500418271, "6": 2.4002304849570724, "7": -0.3572608212406845}, "datetime": {"datetime": "2021-06-30 00:03:20", "elapsed": 13781.045612, "delta": 37.546455}}
{"target": 0.003466005049471677, "params": {"0": -1.6700349801981593, "1": 0.9025416757521518, "2": -0.3983382510579476, "3": 2.3171071127714153, "4": 1.8761547778085905, "5": 0.9620210989949642, "6": -0.7761842160421688, "7": 2.393356282834633}, "datetime": {"datetime": "2021-06-30 00:03:40", "elapsed": 13800.85618, "delta": 19.810568}}
{"target": 0.0034587741292239557, "params": {"0": 2.678244711311075, "1": 0.35475484819991143, "2": -1.387732331718782, "3": 1.8278321878891024, "4": 0.500133079057238, "5": -0.8729083326002147, "6": -2.237341051145262, "7": 0.21929135738829508}, "datetime": {"datetime": "2021-06-30 00:04:15", "elapsed": 13835.907965, "delta": 35.051785}}
{"target": 0.0037994503663598476, "params": {"0": -0.382800819619562, "1": 2.8080720462773243, "2": -2.4714590412011574, "3": -2.219264144564904, "4": -0.9764580263622609, "5": -2.4356740572364224, "6": 1.4846873393286852, "7": -2.2714832357976187}, "datetime": {"datetime": "2021-06-30 00:04:50", "elapsed": 13871.180994, "delta": 35.273029}}
{"target": 0.003825214558836028, "params": {"0": -1.0750367448042362, "1": -1.4648461461232285, "2": -2.507469712823089, "3": 2.1433748161843944, "4": -2.582169269597215, "5": -1.4917834384222477, "6": 1.674730118939955, "7": 2.727285885739052}, "datetime": {"datetime": "2021-06-30 00:05:14", "elapsed": 13895.034679, "delta": 23.853685}}
{"target": 0.003292089465842008, "params": {"0": 0.7418687037126306, "1": -0.7793983450559852, "2": 2.3817924543297, "3": 2.210898246989725, "4": -1.4514940062912813, "5": 2.751902615077743, "6": -1.9391198224783956, "7": 0.04064482628157329}, "datetime": {"datetime": "2021-06-30 00:06:26", "elapsed": 13966.896748, "delta": 71.862069}}
{"target": 0.003498291509482599, "params": {"0": 1.719037258306999, "1": 1.442965229007111, "2": 0.4342672814742854, "3": 2.8240651468158653, "4": -0.6622999821751208, "5": 2.957561236272417, "6": -2.343987152349301, "7": 1.2985992443514842}, "datetime": {"datetime": "2021-06-30 00:06:44", "elapsed": 13984.608557, "delta": 17.711809}}
{"target": 0.010502057605625836, "params": {"0": -1.4319039314836908, "1": -1.637382091897452, "2": -2.8319693159253063, "3": 0.4934784809260542, "4": -2.890657625095782, "5": -1.6390558481072002, "6": -2.01666289955146, "7": -2.2068595121573145}, "datetime": {"datetime": "2021-06-30 00:07:04", "elapsed": 14004.61824, "delta": 20.009683}}
{"target": 0.003353379774048978, "params": {"0": -1.6824486824342837, "1": -2.9204597834889774, "2": 0.2624138741311164, "3": -0.12192416724353627, "4": 0.6092186933314463, "5": 1.6868303873270865, "6": 0.08784581361704369, "7": -0.21513139358780498}, "datetime": {"datetime": "2021-06-30 00:07:28", "elapsed": 14028.675221, "delta": 24.056981}}
{"target": 0.003102409468832208, "params": {"0": -2.4125597644648495, "1": -1.737448808605663, "2": 0.9731310932321939, "3": 2.2750832369311356, "4": -0.4002359939262061, "5": 1.791012365964681, "6": 0.08188193867279381, "7": 0.04724472053175388}, "datetime": {"datetime": "2021-06-30 00:07:44", "elapsed": 14045.188353, "delta": 16.513132}}
{"target": 0.0035237314265470932, "params": {"0": -0.3438987586336304, "1": 2.9723051686668622, "2": -1.112123792545745, "3": 0.08304415743770832, "4": -2.6986852023017995, "5": 0.24175134078562222, "6": -2.5596692036125677, "7": -2.5591651118765935}, "datetime": {"datetime": "2021-06-30 00:08:44", "elapsed": 14104.357665, "delta": 59.169312}}
{"target": 0.017493461651184275, "params": {"0": 1.628379603528039, "1": 2.8790340408516766, "2": 1.8242152651367656, "3": -2.0755205933125658, "4": -0.11722341504561085, "5": -2.775005215965871, "6": -0.23645738321838827, "7": 2.4064714402600496}, "datetime": {"datetime": "2021-06-30 00:09:04", "elapsed": 14125.240984, "delta": 20.883319}}
{"target": 0.015068278290954452, "params": {"0": -1.5902116699013713, "1": -1.7917790229444246, "2": -0.8137363376495856, "3": 1.3552369557021606, "4": 2.4696721861737707, "5": -1.940785473384112, "6": 1.1110983346431418, "7": 0.489876972193112}, "datetime": {"datetime": "2021-06-30 00:09:29", "elapsed": 14149.740848, "delta": 24.499864}}
{"target": 0.003159150102181192, "params": {"0": 1.1176380124085785, "1": -1.0628900221941613, "2": 0.8047908311592717, "3": 1.5193679577285106, "4": 1.9532382669230781, "5": 0.824183975035595, "6": 2.203465330651638, "7": -2.0896475600006292}, "datetime": {"datetime": "2021-06-30 00:10:47", "elapsed": 14227.953024, "delta": 78.212176}}
{"target": 0.0030458671112788545, "params": {"0": 2.210299718551191, "1": -0.08723992171015382, "2": -2.478070806887537, "3": 1.0343032983152192, "4": 1.460691115914588, "5": 0.11452699778607878, "6": -1.1947001293783377, "7": 1.6987773672014717}, "datetime": {"datetime": "2021-06-30 00:11:14", "elapsed": 14255.087238, "delta": 27.134214}}
{"target": 0.003843119137965074, "params": {"0": 2.78732122459693, "1": 0.6216004984069778, "2": -1.765454406252901, "3": -2.795057331100616, "4": 1.9318013471307491, "5": 0.12047540967586778, "6": 1.8570189432801376, "7": -0.5006267401956399}, "datetime": {"datetime": "2021-06-30 00:12:36", "elapsed": 14336.336715, "delta": 81.249477}}
{"target": 0.002909918489135477, "params": {"0": -1.0860325356252942, "1": 0.359758351683269, "2": 1.8390650363599947, "3": -0.8391380022800101, "4": -0.36773680056353664, "5": 2.3600667844003054, "6": 2.7417706163899904, "7": 2.6710682944161652}, "datetime": {"datetime": "2021-06-30 00:13:03", "elapsed": 14364.218477, "delta": 27.881762}}
{"target": 0.003486367602848104, "params": {"0": 1.122119194939044, "1": 1.8872963134997214, "2": -0.6500829330905793, "3": -2.1793796047110128, "4": -1.1160080082650874, "5": 0.20922827333233895, "6": -0.18581664306516732, "7": -1.785715028249514}, "datetime": {"datetime": "2021-06-30 00:15:03", "elapsed": 14483.603768, "delta": 119.385291}}
{"target": 0.004598810633763914, "params": {"0": 2.5061675723942054, "1": 0.375334947721246, "2": -0.9341991511491741, "3": 1.8596273693415544, "4": -1.4018993430401903, "5": 0.5638846389098457, "6": 1.4154893972226734, "7": 2.7841222612696743}, "datetime": {"datetime": "2021-06-30 00:15:35", "elapsed": 14515.415104, "delta": 31.811336}}
{"target": 0.007998192107328606, "params": {"0": -2.3817732244024157, "1": 0.6166746260530505, "2": -1.8485799477805127, "3": -1.5193492012223349, "4": -1.6749207028881046, "5": -1.5415952243960331, "6": 0.9652300265188352, "7": 2.2751028340379094}, "datetime": {"datetime": "2021-06-30 00:15:57", "elapsed": 14537.988828, "delta": 22.573724}}
{"target": 0.0038249075383081548, "params": {"0": -2.3838846498651014, "1": 1.1694223376353197, "2": -2.07393483259942, "3": -0.505991673228519, "4": -0.7029109573986174, "5": -2.45065719607005, "6": -1.2813556513303588, "7": -1.740414256224643}, "datetime": {"datetime": "2021-06-30 00:16:30", "elapsed": 14570.823818, "delta": 32.83499}}
{"target": 0.02352019712600396, "params": {"0": 0.5118986959770293, "1": -2.94921440053166, "2": 2.3518846231449464, "3": -1.6223813202841824, "4": -1.0021876728662704, "5": 0.9342786533240162, "6": -2.278228365271616, "7": 1.145486968268684}, "datetime": {"datetime": "2021-06-30 00:17:05", "elapsed": 14605.922277, "delta": 35.098459}}
{"target": 0.0037948417667878786, "params": {"0": -2.6073843529686602, "1": 2.921250340632616, "2": -1.4500847088623914, "3": 0.7345113231118838, "4": 2.802047130017435, "5": -2.020091393000097, "6": 0.517309907101029, "7": 1.572003021629084}, "datetime": {"datetime": "2021-06-30 00:17:33", "elapsed": 14633.938671, "delta": 28.016394}}
{"target": 0.0036603354970977126, "params": {"0": 2.641651406997224, "1": -1.1915624802713327, "2": -0.04749920195189983, "3": 2.276057746204189, "4": 0.2067127828361781, "5": -2.5849283108868373, "6": -2.220804387270757, "7": 1.3874587736621367}, "datetime": {"datetime": "2021-06-30 00:18:07", "elapsed": 14667.566765, "delta": 33.628094}}
{"target": 0.003026385879847127, "params": {"0": 2.9293624544522974, "1": -1.657301184380571, "2": -1.2934198062904925, "3": 2.5550993713979935, "4": 1.8156845616056918, "5": 0.8323377760435768, "6": 1.6705016423091408, "7": 2.287728188856917}, "datetime": {"datetime": "2021-06-30 00:19:12", "elapsed": 14732.921682, "delta": 65.354917}}
{"target": 0.0032232430935922726, "params": {"0": 0.37203307493129234, "1": -1.8525537115191788, "2": 0.9517145464458645, "3": -1.6355558785517235, "4": -0.5581643567362464, "5": 2.975449220429261, "6": -0.15527828419134293, "7": 0.8994994697811141}, "datetime": {"datetime": "2021-06-30 00:19:38", "elapsed": 14758.84558, "delta": 25.923898}}
{"target": 0.004188494299241497, "params": {"0": -2.934661092458664, "1": 0.48222639347603646, "2": 1.4087131540598614, "3": -2.4970110816008715, "4": 0.08843922719771857, "5": -0.4791648511157427, "6": -0.043888985103632816, "7": -2.4755999650733544}, "datetime": {"datetime": "2021-06-30 00:20:08", "elapsed": 14789.105441, "delta": 30.259861}}
{"target": 0.0036290946042630673, "params": {"0": 1.4536281974079666, "1": 1.7217270365900088, "2": 0.7808102431037951, "3": -2.917406233871497, "4": 2.400240170463972, "5": -0.11835106548945706, "6": -2.1019725224882446, "7": -2.6329016735008697}, "datetime": {"datetime": "2021-06-30 00:20:33", "elapsed": 14814.055656, "delta": 24.950215}}
{"target": 0.0037539879746653145, "params": {"0": -0.30767442098393527, "1": 2.6301489322758096, "2": -2.6015269165117862, "3": -2.3369704203020722, "4": -1.5277366819437828, "5": 1.923476919646502, "6": 2.6770197934339777, "7": -1.2827629748400327}, "datetime": {"datetime": "2021-06-30 00:21:02", "elapsed": 14843.275274, "delta": 29.219618}}
{"target": 0.004110689762976513, "params": {"0": -0.9681405875481097, "1": 1.2543867014348429, "2": 1.4689856073491718, "3": 1.827618769305305, "4": 2.0650276117394073, "5": -2.1665755130347275, "6": 2.6079886795672325, "7": -1.7293222910059538}, "datetime": {"datetime": "2021-06-30 00:21:31", "elapsed": 14872.196433, "delta": 28.921159}}
{"target": 0.003022636806812092, "params": {"0": 0.04731697984391925, "1": 1.2185273529168015, "2": 1.124486620098259, "3": 2.9427604138119925, "4": 0.869984632843944, "5": -0.6464741389203876, "6": 1.7216432378889044, "7": -0.11529684098963866}, "datetime": {"datetime": "2021-06-30 00:22:00", "elapsed": 14901.043014, "delta": 28.846581}}
{"target": 0.004216690814874289, "params": {"0": -2.6522009840456753, "1": 2.9288941374135113, "2": -0.38448553665490426, "3": 0.5675725982456385, "4": 1.7736364337664554, "5": 2.8778576088702605, "6": -0.10943247020378433, "7": -1.5481374950354632}, "datetime": {"datetime": "2021-06-30 00:22:22", "elapsed": 14922.431344, "delta": 21.38833}}
{"target": 0.0029812091076228168, "params": {"0": -2.897054866426139, "1": -2.90720835117728, "2": -2.124645975293131, "3": 0.696930239225428, "4": -2.0858544358519957, "5": 2.613200295383791, "6": 1.6488874291344926, "7": -1.0159027852864808}, "datetime": {"datetime": "2021-06-30 00:22:50", "elapsed": 14950.676797, "delta": 28.245453}}
{"target": 0.0030576760468362277, "params": {"0": -0.7158546561080033, "1": -0.400540855776514, "2": -2.1718832487235584, "3": 2.0284300796210823, "4": 2.166333881772923, "5": 0.9564584490057815, "6": 2.138710625695242, "7": -2.101675734934978}, "datetime": {"datetime": "2021-06-30 00:23:18", "elapsed": 14979.079937, "delta": 28.40314}}
{"target": 0.003493974970941173, "params": {"0": 1.4435628887299181, "1": 0.366638454933625, "2": 2.0788668553667886, "3": 2.991883592870435, "4": 0.04433942253958367, "5": 0.4612544768974156, "6": -2.993906872396208, "7": 1.0165876303495276}, "datetime": {"datetime": "2021-06-30 00:23:52", "elapsed": 15012.957132, "delta": 33.877195}}
{"target": 0.004422082867776711, "params": {"0": -1.9293225211611766, "1": -0.14349084700437054, "2": 0.808075815440068, "3": 0.8057303631554591, "4": -1.4328882681168658, "5": 0.4707115086120046, "6": 1.3759473152065, "7": 0.3056702691719311}, "datetime": {"datetime": "2021-06-30 00:24:12", "elapsed": 15032.652459, "delta": 19.695327}}
{"target": 0.0038238229343953937, "params": {"0": 2.171307482403938, "1": -0.9282736807243341, "2": -1.5256037123298887, "3": -0.234250906432937, "4": -0.3441918168462186, "5": -1.7074284988866064, "6": -1.1958126153714137, "7": 0.7705375018175653}, "datetime": {"datetime": "2021-06-30 00:24:56", "elapsed": 15076.87313, "delta": 44.220671}}
{"target": 0.003196947231987928, "params": {"0": -2.001797779841212, "1": -2.8914737125739713, "2": 1.028171571258759, "3": 2.8593176003121563, "4": -2.1374763158186636, "5": 0.562705765558916, "6": 0.47140201724437825, "7": -1.4563535350671348}, "datetime": {"datetime": "2021-06-30 00:25:27", "elapsed": 15108.223226, "delta": 31.350096}}
{"target": 0.003130930989683652, "params": {"0": -0.5845803325135841, "1": -1.4439734616100879, "2": 0.4477462117494504, "3": -0.20882004781355779, "4": 1.387610071480852, "5": 2.912900058591525, "6": -2.4193402368849553, "7": -1.0989058395221114}, "datetime": {"datetime": "2021-06-30 00:25:54", "elapsed": 15135.096318, "delta": 26.873092}}
{"target": 0.005087110778421151, "params": {"0": 0.6752067376771631, "1": -1.6640386284602677, "2": -1.482814354900189, "3": -0.07308888635380484, "4": 0.9122483136327642, "5": -1.9252557881239036, "6": -0.936871310108236, "7": 0.32986791436567353}, "datetime": {"datetime": "2021-06-30 00:26:23", "elapsed": 15163.879748, "delta": 28.78343}}
{"target": 0.002952092979453724, "params": {"0": 0.2737584098557502, "1": 1.8187559037901977, "2": 1.306551089554013, "3": 1.4606016682524228, "4": -0.18199871911895205, "5": 2.850278298955973, "6": 2.4405562112527157, "7": 2.7465691762707714}, "datetime": {"datetime": "2021-06-30 00:27:38", "elapsed": 15238.518776, "delta": 74.639028}}
{"target": 0.003027774246738871, "params": {"0": 2.8057238545855645, "1": 0.8326660475015943, "2": -0.1886333321659679, "3": 0.7519957645899726, "4": 2.408476236458476, "5": -0.05393887611259007, "6": 1.9196147864309774, "7": 2.3820412731932032}, "datetime": {"datetime": "2021-06-30 00:28:08", "elapsed": 15268.441115, "delta": 29.922339}}
{"target": 0.007773152484188655, "params": {"0": 0.9284484415947718, "1": -1.3760700377298587, "2": -2.330277833657859, "3": 2.3174302561332443, "4": -2.851783092461889, "5": 0.5119675848289393, "6": 1.5621038712503559, "7": 0.9060036253972679}, "datetime": {"datetime": "2021-06-30 00:28:41", "elapsed": 15301.423919, "delta": 32.982804}}
{"target": 0.0036124620409552204, "params": {"0": 2.480484537277432, "1": -1.6396776609504844, "2": -1.582152197869651, "3": -0.6526579162862145, "4": 1.6681027222145843, "5": -0.852266575113307, "6": 2.0674202199811527, "7": -1.5376816941402385}, "datetime": {"datetime": "2021-06-30 00:29:03", "elapsed": 15323.927759, "delta": 22.50384}}
{"target": 0.0029696343916759756, "params": {"0": -2.02962235828426, "1": 2.0515532782260584, "2": 1.1181404949015956, "3": -0.3844610373222328, "4": 2.597213072214088, "5": -2.438380963358315, "6": -2.414964048580842, "7": -0.2134012931012368}, "datetime": {"datetime": "2021-06-30 00:29:26", "elapsed": 15346.36845, "delta": 22.440691}}
{"target": 0.004148599097356464, "params": {"0": 2.6624265120487793, "1": -2.4015215840974715, "2": -0.49570905366908447, "3": 1.1279774000331422, "4": 1.2589232894241515, "5": -2.0278668697271294, "6": -0.08490441027498452, "7": 2.9729908778235945}, "datetime": {"datetime": "2021-06-30 00:30:54", "elapsed": 15435.258928, "delta": 88.890478}}
{"target": 0.004432595959722025, "params": {"0": 1.9229460480889298, "1": -1.9074451031799113, "2": -0.03287214006211947, "3": -1.4775824293866056, "4": 0.12588910520730856, "5": 2.5075587747787367, "6": -0.5463681217111431, "7": -2.1725289051443957}, "datetime": {"datetime": "2021-06-30 00:31:23", "elapsed": 15464.161078, "delta": 28.90215}}
{"target": 0.0051470134446210715, "params": {"0": -1.9971787385187663, "1": -0.6209946761852034, "2": 1.6815894901141721, "3": 0.01633700262271942, "4": -2.3585218038270113, "5": -0.9374596715421695, "6": -1.1149368105583286, "7": -2.697293442321291}, "datetime": {"datetime": "2021-06-30 00:31:55", "elapsed": 15495.76676, "delta": 31.605682}}
{"target": 0.0038222313837560965, "params": {"0": -0.9308403400216232, "1": 2.3526515053722177, "2": -0.5537653951665988, "3": -1.6715750675131886, "4": -0.11084431142471374, "5": 1.2649049765901097, "6": -0.33405727796488627, "7": 0.44264088092589926}, "datetime": {"datetime": "2021-06-30 00:32:29", "elapsed": 15529.415274, "delta": 33.648514}}
{"target": 0.0029521591996380125, "params": {"0": -2.3973824493011824, "1": -0.14255372379715414, "2": 0.7049307515343326, "3": 1.0917263992202084, "4": 2.244415700537025, "5": -1.8871751151469205, "6": 0.18675947985617247, "7": 1.0253457684409018}, "datetime": {"datetime": "2021-06-30 00:33:05", "elapsed": 15566.033085, "delta": 36.617811}}
{"target": 0.008791084845519527, "params": {"0": 1.4432959534298666, "1": 1.5677347016169216, "2": -2.6939679387076643, "3": 1.9213002239449208, "4": -2.8526520960220427, "5": -2.4025279600907234, "6": -1.8130047435597785, "7": -0.798237601606373}, "datetime": {"datetime": "2021-06-30 00:33:40", "elapsed": 15600.638215, "delta": 34.60513}}
{"target": 0.010892843154447569, "params": {"0": 1.6689758338560932, "1": 2.214956411236683, "2": -0.4873772461200887, "3": 2.79076712507132, "4": 2.9914429434613297, "5": 1.132406420850911, "6": 0.26935905544422045, "7": -0.676329888864398}, "datetime": {"datetime": "2021-06-30 00:34:01", "elapsed": 15621.788334, "delta": 21.150119}}
{"target": 0.003581143013375238, "params": {"0": 0.9812059171144702, "1": -0.6919881281662921, "2": -1.0849802429065405, "3": -2.540284147324476, "4": -0.209541197523186, "5": -2.3082149655205457, "6": -2.8354595510958998, "7": -1.368640496521827}, "datetime": {"datetime": "2021-06-30 00:34:33", "elapsed": 15653.663781, "delta": 31.875447}}
{"target": 0.0032796032503335398, "params": {"0": -1.909796593740629, "1": 0.377003976387547, "2": 0.9154197983749288, "3": -1.718714634666777, "4": 2.2386708746699657, "5": 2.249183683093646, "6": -1.6255932280641747, "7": 0.8025933587908165}, "datetime": {"datetime": "2021-06-30 00:35:08", "elapsed": 15689.216367, "delta": 35.552586}}
{"target": 0.0031969386056709967, "params": {"0": -0.20196495406925052, "1": -0.6959776240942257, "2": -2.250685475436329, "3": -1.6972045316487205, "4": -2.7522809894418456, "5": 2.9477807934927034, "6": 2.9023137551413285, "7": -2.623034240251876}, "datetime": {"datetime": "2021-06-30 00:35:34", "elapsed": 15714.377417, "delta": 25.16105}}
