{"target": 0.003576816733066889, "params": {"0": 2.2409791341992227, "1": -1.6331225880088454, "2": 2.761629150980374, "3": 1.299898035154297, "4": -2.7875783012318402, "5": -2.9314708721587417, "6": -1.1665968824143698, "7": 1.7106953561112972}, "datetime": {"datetime": "2021-06-29 20:53:09", "elapsed": 2370.531922, "delta": 7.086821}}
{"target": 0.0031193483172512826, "params": {"0": -1.417152291037707, "1": -2.1300912154065017, "2": 2.1389304616298492, "3": 1.5372528700174053, "4": 1.528604456299238, "5": 0.520426484573222, "6": -1.5094486285780653, "7": -1.9125716657258356}, "datetime": {"datetime": "2021-06-29 20:53:30", "elapsed": 2390.853765, "delta": 20.321843}}
{"target": 0.004253612344716608, "params": {"0": -0.3807333188770725, "1": 1.5881133605388493, "2": 1.6011432770683207, "3": -1.830085924607538, "4": -0.5637338227300126, "5": 2.048161330524178, "6": 1.139713886213448, "7": -0.7191731867567204}, "datetime": {"datetime": "2021-06-29 20:53:36", "elapsed": 2397.6839, "delta": 6.830135}}
{"target": 0.0032026991094870464, "params": {"0": 0.9843835060952992, "1": -1.6503664980386377, "2": 1.2280002467901667, "3": 0.9806737844140407, "4": -1.9108203238181471, "5": 1.384765050138136, "6": -1.5762058314055634, "7": -0.236104124311471}, "datetime": {"datetime": "2021-06-29 20:53:46", "elapsed": 2406.7954, "delta": 9.1115}}
{"target": 0.003086143944930783, "params": {"0": 1.0390760566622648, "1": -1.9993900967675828, "2": 2.9938128668366355, "3": -2.6062508532547546, "4": -2.7122083092956832, "5": -1.8418736961953972, "6": 0.38759450975692555, "7": -2.540937559381871}, "datetime": {"datetime": "2021-06-29 20:53:56", "elapsed": 2416.811896, "delta": 10.016496}}
{"target": 0.003217810070696201, "params": {"0": -0.19215780783591452, "1": -2.1167862457575977, "2": -2.0323938805562527, "3": -0.7838694086962175, "4": 0.12399595312904577, "5": -0.40880899769465495, "6": -2.8386234155949666, "7": -1.3074907437782128}, "datetime": {"datetime": "2021-06-29 20:54:03", "elapsed": 2424.484067, "delta": 7.672171}}
{"target": 0.005865435078252671, "params": {"0": 0.7671079801817564, "1": 1.8150410586968269, "2": 2.0382597782778333, "3": 0.3441475918284196, "4": -0.46088865931374645, "5": 2.562328711388446, "6": 0.7077180757596366, "7": 2.0984942168839797}, "datetime": {"datetime": "2021-06-29 20:54:09", "elapsed": 2430.093578, "delta": 5.609511}}
{"target": 0.005381745430128116, "params": {"0": 2.218100367393891, "1": 2.358862334378582, "2": -2.1297375718592413, "3": 1.5496130551216378, "4": -0.6342475076487117, "5": 0.9375957683358438, "6": -2.6446102907837723, "7": 2.814967670665548}, "datetime": {"datetime": "2021-06-29 20:54:18", "elapsed": 2439.625605, "delta": 9.532027}}
{"target": 0.011056979583655693, "params": {"0": -2.521538921683349, "1": -0.7937659086641942, "2": 0.33281315818593216, "3": -2.0973268099589433, "4": -0.5448394662335505, "5": 1.6405881641762532, "6": -2.7730706958083395, "7": -2.6514118139805496}, "datetime": {"datetime": "2021-06-29 20:54:26", "elapsed": 2447.209576, "delta": 7.583971}}
{"target": 0.0038533551094727166, "params": {"0": 0.6821801180452525, "1": 2.1937785356218704, "2": -0.7354903711154241, "3": -1.9145298361002094, "4": -0.09337646399228028, "5": 0.04428444139093335, "6": 2.0931067700342556, "7": -0.09969377639893784}, "datetime": {"datetime": "2021-06-29 20:54:51", "elapsed": 2472.096204, "delta": 24.886628}}
{"target": 0.002916327214089473, "params": {"0": 2.110651734864798, "1": 2.6099912167753256, "2": 2.954468023620305, "3": 1.810461129634203, "4": 1.6367952292743189, "5": 0.5279157242327543, "6": -2.054151811559244, "7": 1.6313984990131774}, "datetime": {"datetime": "2021-06-29 20:55:01", "elapsed": 2482.505245, "delta": 10.409041}}
{"target": 0.0030751038584550996, "params": {"0": 0.9090017030967976, "1": -0.815440736535876, "2": 1.8906177244528397, "3": 2.098369616556054, "4": 0.09033131287377216, "5": 0.3037039011437992, "6": -1.6117630802799432, "7": -0.8920203585879998}, "datetime": {"datetime": "2021-06-29 20:55:08", "elapsed": 2489.621495, "delta": 7.11625}}
{"target": 0.0065276131468741255, "params": {"0": 2.916714133309945, "1": 0.9363223725040983, "2": -2.2328841812409532, "3": -1.9258854780161083, "4": -1.6644433176102993, "5": 1.7616471748704816, "6": 2.9148134755218598, "7": -1.354581174775726}, "datetime": {"datetime": "2021-06-29 20:55:27", "elapsed": 2508.097035, "delta": 18.47554}}
{"target": 0.002929385211442171, "params": {"0": 1.453232312188641, "1": 0.6207088560089757, "2": 0.8277646742238618, "3": 0.10507026964985, "4": -0.41456193661016494, "5": -0.613073003170979, "6": 0.6872868561560832, "7": 1.852589050487131}, "datetime": {"datetime": "2021-06-29 20:55:40", "elapsed": 2521.215536, "delta": 13.118501}}
{"target": 0.0032443455539913034, "params": {"0": -1.1849362244155692, "1": 1.9372298216661559, "2": 2.6127486648322016, "3": 2.251375308075242, "4": 0.43819564649542686, "5": -2.9535183621730585, "6": -0.9670952905429764, "7": 0.028733646406726265}, "datetime": {"datetime": "2021-06-29 20:55:48", "elapsed": 2529.030287, "delta": 7.814751}}
{"target": 0.003679321469645973, "params": {"0": -2.093997102486167, "1": -0.014807075644180934, "2": -0.08247719380555818, "3": 1.9224535269709593, "4": -2.613042691870703, "5": -1.0783249780766488, "6": 1.1262037956518611, "7": 0.10643508914567423}, "datetime": {"datetime": "2021-06-29 20:56:01", "elapsed": 2542.39341, "delta": 13.363123}}
{"target": 0.004215130087677706, "params": {"0": -1.429757663030886, "1": -0.1695779949175753, "2": -2.500714982847212, "3": 0.48143564703176134, "4": 0.8542668829603857, "5": -1.9003840724436167, "6": -2.545204167418568, "7": -1.3038953968763767}, "datetime": {"datetime": "2021-06-29 20:56:11", "elapsed": 2552.436357, "delta": 10.042947}}
{"target": 0.004475407718973391, "params": {"0": 0.12832919713473512, "1": -2.9600460424520003, "2": -2.1637329717269704, "3": 2.32746125567294, "4": -2.5295979494000553, "5": -2.3018518241871653, "6": -2.5483776576403994, "7": -0.7282411319538564}, "datetime": {"datetime": "2021-06-29 20:56:25", "elapsed": 2566.194605, "delta": 13.758248}}
{"target": 0.005036872185596409, "params": {"0": 1.1337020626070853, "1": -0.5643874067433403, "2": 1.7787609300566576, "3": 2.4295703617673645, "4": 2.2453168160735704, "5": 2.4457728180006058, "6": -0.3873426823984163, "7": -1.8259924159616074}, "datetime": {"datetime": "2021-06-29 20:56:35", "elapsed": 2576.27754, "delta": 10.082935}}
{"target": 0.003483349425740056, "params": {"0": 0.9608476895075659, "1": -1.152804284141986, "2": 2.6645644378462077, "3": -2.4910344219668836, "4": -2.015826250654075, "5": -2.1401301082776065, "6": 1.2648445711631648, "7": -1.7848967819597497}, "datetime": {"datetime": "2021-06-29 20:56:47", "elapsed": 2588.381877, "delta": 12.104337}}
{"target": 0.008179183253015471, "params": {"0": -1.009600420222445, "1": -0.5812637376755916, "2": -1.2023596992350036, "3": -0.09955094875962178, "4": -1.0020810467340195, "5": -1.6079528851482814, "6": -2.0262954517828913, "7": 2.2206406526942235}, "datetime": {"datetime": "2021-06-29 20:56:59", "elapsed": 2600.073478, "delta": 11.691601}}
{"target": 0.0067665142951263265, "params": {"0": 1.2349557674034637, "1": 0.40956386159938596, "2": 2.268311880874098, "3": 1.9833777684592677, "4": -1.6196591866197934, "5": 0.9109389471050786, "6": 1.3783198885959305, "7": -2.04421194179789}, "datetime": {"datetime": "2021-06-29 20:57:21", "elapsed": 2621.748015, "delta": 21.674537}}
{"target": 0.003175304910823682, "params": {"0": 1.830990230068009, "1": -0.5166667014449171, "2": -0.44376606676304586, "3": 0.054151396229007, "4": 0.20895606297643976, "5": 2.2864021304417728, "6": -0.5856364781913648, "7": 1.6320523443043253}, "datetime": {"datetime": "2021-06-29 20:57:28", "elapsed": 2629.375783, "delta": 7.627768}}
{"target": 0.003011622468807567, "params": {"0": -2.638193003659914, "1": 1.0398131160086308, "2": -2.925277192086501, "3": 0.6586190710602988, "4": 2.912071680504906, "5": -1.553223810679483, "6": 2.456615113404114, "7": -2.8495594024362934}, "datetime": {"datetime": "2021-06-29 20:57:46", "elapsed": 2647.368223, "delta": 17.99244}}
{"target": 0.0032473857238638306, "params": {"0": -2.5422086338623613, "1": 0.9200875182470769, "2": -0.014335895295339185, "3": 1.3049450459523655, "4": -2.4401742614362654, "5": 1.8585573319355984, "6": -2.981931557545246, "7": 1.1498625840838885}, "datetime": {"datetime": "2021-06-29 20:58:05", "elapsed": 2665.904032, "delta": 18.535809}}
{"target": 0.0033147774492807776, "params": {"0": -2.910057030834472, "1": 0.3061733271846263, "2": -2.336840540408729, "3": 2.38753290970135, "4": -0.5355606576656, "5": -1.7788265123449754, "6": 2.4184124480004723, "7": 0.9266376355343118}, "datetime": {"datetime": "2021-06-29 20:58:12", "elapsed": 2673.52101, "delta": 7.616978}}
{"target": 0.0034185995485964773, "params": {"0": 1.0149781179400783, "1": 1.6654722652309246, "2": -0.5197746741914244, "3": -0.4164764872959723, "4": -0.3892962875944881, "5": -0.8815840109595978, "6": -2.4172327169184484, "7": -2.2210179527232388}, "datetime": {"datetime": "2021-06-29 20:58:27", "elapsed": 2688.085077, "delta": 14.564067}}
{"target": 0.005434106743982213, "params": {"0": 2.3282414428403024, "1": -0.3517096076416295, "2": -0.5402612418258625, "3": -2.5226174802958274, "4": -1.4064554242143663, "5": 0.9101912135123378, "6": 1.1912184574795486, "7": -1.7418528059194784}, "datetime": {"datetime": "2021-06-29 20:58:35", "elapsed": 2696.286, "delta": 8.200923}}
{"target": 0.004886689568065869, "params": {"0": 0.05130749360917486, "1": -2.772144157552061, "2": -2.8000810840599746, "3": -0.5831643649746665, "4": -2.8904107012305644, "5": 0.3879105889573129, "6": -2.503117672435045, "7": -1.66954816755321}, "datetime": {"datetime": "2021-06-29 20:58:48", "elapsed": 2709.708551, "delta": 13.422551}}
{"target": 0.0032543201910519436, "params": {"0": 1.3193040610516658, "1": 0.6590019868573487, "2": 0.9631407071041753, "3": -2.2246490658971294, "4": 1.9096896152490705, "5": -2.017335847792101, "6": 0.07029177767260375, "7": 0.12550027629620253}, "datetime": {"datetime": "2021-06-29 20:58:55", "elapsed": 2716.313951, "delta": 6.6054}}
{"target": 0.0032223059655582128, "params": {"0": -0.41287698910910287, "1": -2.13443803876432, "2": 2.186611731010987, "3": 2.7904336357598236, "4": -2.8408991954723435, "5": -1.1350355189647483, "6": -0.5476740885794324, "7": -1.457835842209046}, "datetime": {"datetime": "2021-06-29 20:59:00", "elapsed": 2721.331779, "delta": 5.017828}}
{"target": 0.003508166444289283, "params": {"0": -2.758162500507866, "1": 1.6050481579869569, "2": 0.7351962343681899, "3": 2.614958179445366, "4": -0.09508534616791042, "5": -2.881916218061465, "6": -2.5806973482077704, "7": -1.3528734784528345}, "datetime": {"datetime": "2021-06-29 20:59:13", "elapsed": 2733.854886, "delta": 12.523107}}
{"target": 0.02252244753795653, "params": {"0": -0.3587836508321063, "1": -2.607221595519654, "2": 2.172516827457427, "3": -1.4740091621896299, "4": 0.2008129832926393, "5": 1.87710285176634, "6": -2.3001232798178712, "7": 1.0302287635648453}, "datetime": {"datetime": "2021-06-29 20:59:24", "elapsed": 2745.44761, "delta": 11.592724}}
{"target": 0.003720025365117114, "params": {"0": -1.830831618031442, "1": -2.6050742481609666, "2": 2.8354530059799163, "3": 1.8243783151962312, "4": 0.17372894968937258, "5": 2.6311360660697822, "6": -0.8361677323909502, "7": -0.9862581067627194}, "datetime": {"datetime": "2021-06-29 20:59:32", "elapsed": 2753.050403, "delta": 7.602793}}
{"target": 0.004832528554426306, "params": {"0": 1.2664038235952404, "1": -2.2328476730293434, "2": -0.0737852073498999, "3": 0.8272322640866645, "4": 2.8965054295785038, "5": 0.23786358500962024, "6": -2.697933145391599, "7": 0.7401328124670878}, "datetime": {"datetime": "2021-06-29 20:59:42", "elapsed": 2763.086785, "delta": 10.036382}}
{"target": 0.034331710815641674, "params": {"0": -2.106898092898637, "1": 1.0931936968650797, "2": 1.4899982091841588, "3": 0.3037523292130544, "4": -1.0967640717069478, "5": -2.9042377605937393, "6": 0.4877174732816618, "7": 1.2466376027368433}, "datetime": {"datetime": "2021-06-29 20:59:48", "elapsed": 2768.753907, "delta": 5.667122}}
{"target": 0.006860984114194242, "params": {"0": -2.9081652851878363, "1": 0.7676376785971804, "2": -2.528173117552363, "3": 0.9096204228419182, "4": 2.7550522974391685, "5": -2.0755848165779636, "6": 2.5475220365231435, "7": -2.4853652873783503}, "datetime": {"datetime": "2021-06-29 20:59:56", "elapsed": 2777.186243, "delta": 8.432336}}
{"target": 0.004116724442173312, "params": {"0": -1.3115769870672027, "1": -2.681457841811449, "2": -2.3308339584983804, "3": -1.8677936092999576, "4": -1.4765046474106822, "5": -0.9854800661271748, "6": -1.6113964913397307, "7": -0.4524253701950709}, "datetime": {"datetime": "2021-06-29 21:00:06", "elapsed": 2786.965681, "delta": 9.779438}}
{"target": 0.003438374923709057, "params": {"0": 1.6910815183715995, "1": -0.1632765529601432, "2": -0.3471147072422611, "3": 2.1269397501654845, "4": -2.4413815203310003, "5": -1.937319598543731, "6": 0.9184904938382443, "7": 1.51261866449068}, "datetime": {"datetime": "2021-06-29 21:00:16", "elapsed": 2796.780759, "delta": 9.815078}}
{"target": 0.0036515785133447143, "params": {"0": 2.50380516262702, "1": -0.9208515761407008, "2": -2.7271685460920896, "3": -2.3691775980311, "4": -1.153512185229036, "5": 1.9721023344080573, "6": -1.3072688991796688, "7": -1.6572581537157889}, "datetime": {"datetime": "2021-06-29 21:00:24", "elapsed": 2805.587655, "delta": 8.806896}}
{"target": 0.0032313810126193623, "params": {"0": 2.870320876759717, "1": 1.5654325029340779, "2": 0.9265528109973706, "3": -2.011039326738614, "4": -1.7971175725379334, "5": -0.8771566115796006, "6": -0.805475026170738, "7": -2.4874804342225016}, "datetime": {"datetime": "2021-06-29 21:00:36", "elapsed": 2817.533324, "delta": 11.945669}}
{"target": 0.0031947543975734288, "params": {"0": -1.6289086014536138, "1": 1.7411308732541038, "2": 2.8749663157415863, "3": 1.6690620929792779, "4": 1.8233644785008778, "5": -1.1957324487785643, "6": 2.1136386221819086, "7": 1.5917839493270627}, "datetime": {"datetime": "2021-06-29 21:00:44", "elapsed": 2825.329634, "delta": 7.79631}}
{"target": 0.003349333388359168, "params": {"0": 0.14939102208603927, "1": 0.9639305035077843, "2": -1.8630766465480044, "3": 2.2430199983183448, "4": 2.078661115669867, "5": 1.7790735404315967, "6": 1.6098911466060093, "7": 1.3275173530518067}, "datetime": {"datetime": "2021-06-29 21:00:54", "elapsed": 2835.497454, "delta": 10.16782}}
{"target": 0.00328734006598692, "params": {"0": -0.9929821370332368, "1": -2.609913332320942, "2": 2.836085362521011, "3": -1.653117814933746, "4": 1.0869085488598564, "5": 2.3323423374362857, "6": 1.372861544299381, "7": -2.6799308553398444}, "datetime": {"datetime": "2021-06-29 21:01:02", "elapsed": 2843.616205, "delta": 8.118751}}
{"target": 0.0034072058131295042, "params": {"0": 1.273336135327658, "1": -1.339273351481797, "2": 2.722727256546622, "3": -2.5170133807183306, "4": -1.362611955783619, "5": -2.727060865063141, "6": -0.05687519311438605, "7": -1.744781413205363}, "datetime": {"datetime": "2021-06-29 21:01:21", "elapsed": 2862.545143, "delta": 18.928938}}
{"target": 0.0035192279896283296, "params": {"0": -0.20723046139930457, "1": 0.12389867122131903, "2": -2.6780435051345606, "3": -1.9373779172908, "4": 1.565936856220091, "5": -1.0825147270892101, "6": 0.8926206844440792, "7": -1.7864641270047454}, "datetime": {"datetime": "2021-06-29 21:01:39", "elapsed": 2880.155721, "delta": 17.610578}}
{"target": 0.003846798347550689, "params": {"0": 2.7717532973627215, "1": -1.4773454142968057, "2": 2.940536260583256, "3": -2.6255518699544034, "4": -1.4300242657590092, "5": -0.5949123891155352, "6": 1.1674381452641098, "7": -2.32247608190349}, "datetime": {"datetime": "2021-06-29 21:01:46", "elapsed": 2887.167641, "delta": 7.01192}}
{"target": 0.0030896928117771266, "params": {"0": -0.8156798044428024, "1": 0.6763114117844617, "2": -0.055143542028410764, "3": 0.7540114681626173, "4": -0.5413063298775294, "5": 0.2544739300256209, "6": 2.3673990042290303, "7": -2.9333178020191424}, "datetime": {"datetime": "2021-06-29 21:01:55", "elapsed": 2896.10207, "delta": 8.934429}}
{"target": 0.006769251076379489, "params": {"0": -0.45456777423060224, "1": -2.378373399420002, "2": -2.133155999457096, "3": -1.3025624460194791, "4": 1.2340915166044937, "5": -1.5124731354984926, "6": 1.4347892647288027, "7": -0.6860624846958157}, "datetime": {"datetime": "2021-06-29 21:02:03", "elapsed": 2903.791103, "delta": 7.689033}}
{"target": 0.002920878786446785, "params": {"0": 1.3089196098390659, "1": -1.4144176238033535, "2": -2.4247364167613457, "3": -0.4976974263456708, "4": 0.4650512689631716, "5": 2.8152440521691293, "6": -0.6774587717333227, "7": -2.0915239423792578}, "datetime": {"datetime": "2021-06-29 21:02:14", "elapsed": 2915.663831, "delta": 11.872728}}
{"target": 0.002928572914199372, "params": {"0": 0.9132287031727726, "1": -0.4265842010244967, "2": -2.1743280251433004, "3": -0.7511729404007266, "4": 2.3891045613924193, "5": 2.622243733267565, "6": 2.50775249840882, "7": -1.4553228474839537}, "datetime": {"datetime": "2021-06-29 21:02:26", "elapsed": 2927.640551, "delta": 11.97672}}
{"target": 0.012269211372361052, "params": {"0": -0.2730055318624549, "1": 2.8745820840441425, "2": -0.5322876000145973, "3": 0.39964974213739834, "4": 1.1675540018857067, "5": -2.298845661603824, "6": -0.8096794533723672, "7": -2.7815981483272294}, "datetime": {"datetime": "2021-06-29 21:02:40", "elapsed": 2940.859501, "delta": 13.21895}}
{"target": 0.0044239103524504565, "params": {"0": -2.192683922650441, "1": 0.8547875398392306, "2": -0.5442349242488351, "3": 2.611943757313333, "4": -0.10967385819104347, "5": 0.8943262893347939, "6": -0.9969217876713725, "7": 0.20392865627009904}, "datetime": {"datetime": "2021-06-29 21:02:52", "elapsed": 2953.58023, "delta": 12.720729}}
{"target": 0.03318342394686257, "params": {"0": 2.7223793405076924, "1": -0.7864612982079309, "2": 0.46804835371701214, "3": 2.0973191775105997, "4": -1.4866113407478276, "5": 1.7610745932640732, "6": -1.4702124199329694, "7": -1.7948087894388802}, "datetime": {"datetime": "2021-06-29 21:02:59", "elapsed": 2960.217836, "delta": 6.637606}}
{"target": 0.0030789271889643194, "params": {"0": -2.0402574612491646, "1": 1.432826016644369, "2": -0.10643584024542996, "3": -1.4818526219639756, "4": 0.14043829586499168, "5": -0.7871170820536135, "6": -2.4049599601295704, "7": 2.380844189188136}, "datetime": {"datetime": "2021-06-29 21:03:08", "elapsed": 2969.299054, "delta": 9.081218}}
{"target": 0.0031663038236713218, "params": {"0": -0.8042634241291662, "1": -2.9169375247348346, "2": 1.9940189578764844, "3": -1.3271481502810467, "4": -0.3863441383302879, "5": 2.026979407210338, "6": -2.3282550627675542, "7": 0.7324099910401332}, "datetime": {"datetime": "2021-06-29 21:03:24", "elapsed": 2984.759076, "delta": 15.460022}}
{"target": 0.003256450883500198, "params": {"0": -0.9320747472132163, "1": -2.2705430933581505, "2": 0.9201538893235943, "3": -1.1067346743459539, "4": -2.881999116539789, "5": 1.4202568615262088, "6": -0.25727886378384035, "7": -1.2643698460024244}, "datetime": {"datetime": "2021-06-29 21:03:32", "elapsed": 2993.300622, "delta": 8.541546}}
{"target": 0.006219608134504393, "params": {"0": 0.7567170921336457, "1": 0.9424009309536334, "2": 1.494852470430044, "3": 2.064263663967103, "4": -0.8202273611019306, "5": -0.06484433207580764, "6": 2.1173751512082752, "7": -2.33796045085358}, "datetime": {"datetime": "2021-06-29 21:03:39", "elapsed": 3000.516386, "delta": 7.215764}}
{"target": 0.005622189089351551, "params": {"0": -2.4648621692022967, "1": 2.649497725746044, "2": -0.11397392548844731, "3": -0.32409081559318187, "4": 2.427084125765953, "5": 1.17878182788764, "6": 0.470340590585705, "7": 1.1278815921392908}, "datetime": {"datetime": "2021-06-29 21:03:48", "elapsed": 3009.180761, "delta": 8.664375}}
{"target": 0.0034137558952127885, "params": {"0": 2.1949451990251516, "1": 2.401688159260064, "2": 0.4061108668905513, "3": -0.05263480829884015, "4": 0.7750012468833187, "5": 2.404773854788191, "6": -2.91064259428427, "7": 0.3151278862652642}, "datetime": {"datetime": "2021-06-29 21:03:56", "elapsed": 3017.49344, "delta": 8.312679}}
{"target": 0.007422298056169104, "params": {"0": 0.14347536813189876, "1": -1.6665464076429248, "2": -1.0624795230084831, "3": -2.6446046083656083, "4": -0.4087525940686132, "5": -1.9025522093125609, "6": -0.5833527752210825, "7": 2.0946690472030447}, "datetime": {"datetime": "2021-06-29 21:04:05", "elapsed": 3026.289108, "delta": 8.795668}}
{"target": 0.003349530682341843, "params": {"0": 2.8011758060603755, "1": -1.765398882275274, "2": -2.424911546586096, "3": -2.5824202671428456, "4": 0.85671556351202, "5": 2.154237580750012, "6": -0.8206116798781933, "7": -2.4674222881298133}, "datetime": {"datetime": "2021-06-29 21:04:14", "elapsed": 3035.12207, "delta": 8.832962}}
{"target": 0.003754853130242691, "params": {"0": -0.6001918659244039, "1": -2.115729256787223, "2": -0.15029047724920108, "3": -1.8142680302659646, "4": 1.128878693069181, "5": -0.9978813003942122, "6": -2.4745557946690995, "7": 2.5843683612872486}, "datetime": {"datetime": "2021-06-29 21:04:27", "elapsed": 3047.984743, "delta": 12.862673}}
{"target": 0.003286479776989114, "params": {"0": -2.441472580137475, "1": 2.078385851607237, "2": -0.5662136482843549, "3": 0.6658696366943548, "4": 0.16246603591078435, "5": -2.6509780398997354, "6": -0.7823658142413432, "7": -1.8915123375608125}, "datetime": {"datetime": "2021-06-29 21:04:39", "elapsed": 3060.23295, "delta": 12.248207}}
