{"target": 0.005291598151496673, "params": {"0": 0.3065222325889909, "1": -0.8808878485227778, "2": -1.6138155561901641, "3": 2.925283686133538, "4": -0.13652047859953687, "5": -2.6228711613167595, "6": 2.9728465532723742, "7": 0.664985882702537}, "datetime": {"datetime": "2021-06-30 02:57:47", "elapsed": 24160.562129, "delta": 26.374796}}
{"target": 0.004971830132889952, "params": {"0": -1.3001773908867125, "1": 1.7758154450897763, "2": -2.2068633731717338, "3": -1.352605766552074, "4": 2.140561006682331, "5": 1.7439122874540045, "6": 2.4154197834107585, "7": 0.8254635446958489}, "datetime": {"datetime": "2021-06-30 02:58:13", "elapsed": 24187.417733, "delta": 26.855604}}
{"target": 0.0032218846531710155, "params": {"0": -1.0937110078413352, "1": 2.512577834275234, "2": -2.6682345304670987, "3": -2.4940932433424434, "4": -2.6143454144141316, "5": 0.9832997056554369, "6": 1.9212342879271027, "7": 1.3746225459752042}, "datetime": {"datetime": "2021-06-30 02:58:57", "elapsed": 24231.196922, "delta": 43.779189}}
{"target": 0.00542173802910633, "params": {"0": 2.9476070371352856, "1": -1.1563604224004576, "2": -0.7675237087088309, "3": -2.790631678543302, "4": 2.0696742159137385, "5": -2.4052244567557146, "6": -2.32308752979308, "7": -0.03946176253159628}, "datetime": {"datetime": "2021-06-30 02:59:31", "elapsed": 24265.325834, "delta": 34.128912}}
{"target": 0.0032905896045535787, "params": {"0": -1.748918309147963, "1": -0.01604150223789169, "2": -1.8997508128547471, "3": 2.731852570414448, "4": 0.8704106054624576, "5": 1.0833885973380308, "6": 1.741899851517334, "7": 0.30941444335645807}, "datetime": {"datetime": "2021-06-30 03:01:15", "elapsed": 24369.324869, "delta": 103.999035}}
{"target": 0.0030178052591052404, "params": {"0": -2.3653862505030903, "1": -1.7613054389422271, "2": -2.0696288768820854, "3": -2.4773292693940716, "4": -0.07294338468027117, "5": 1.0886828902423247, "6": 2.251674243124965, "7": 2.0253639441380322}, "datetime": {"datetime": "2021-06-30 03:02:04", "elapsed": 24418.139279, "delta": 48.81441}}
{"target": 0.05608090281815211, "params": {"0": 0.9676324891796577, "1": -2.997606865412467, "2": -0.07543069241087919, "3": -2.0213285005916193, "4": -1.1284912636495645, "5": -2.3123182028745353, "6": -1.140141740568428, "7": 1.52562820129313}, "datetime": {"datetime": "2021-06-30 03:03:00", "elapsed": 24473.825824, "delta": 55.686545}}
{"target": 0.003299517161160822, "params": {"0": 1.60704431951444, "1": 1.7121951327254141, "2": -2.279044131373867, "3": -0.47142806708952545, "4": 0.7852976510605778, "5": 0.35881044470761125, "6": 0.10639070454104038, "7": -1.533637154520745}, "datetime": {"datetime": "2021-06-30 03:03:36", "elapsed": 24509.569999, "delta": 35.744175}}
{"target": 0.004153118737868519, "params": {"0": -2.6546334998775443, "1": -2.1960618168058454, "2": -2.512319636531302, "3": 2.7838648783132935, "4": -0.35859713072659183, "5": -2.3919926932404953, "6": -2.322834792447676, "7": -2.1514863531437127}, "datetime": {"datetime": "2021-06-30 03:04:32", "elapsed": 24566.224352, "delta": 56.654353}}
{"target": 0.003377144227818347, "params": {"0": 1.3109387505022383, "1": -0.5256844796871087, "2": 1.1911556700757888, "3": -0.39321247875496645, "4": -1.0944443365150534, "5": 2.721582015446671, "6": 0.958480591466687, "7": -1.8597513409915505}, "datetime": {"datetime": "2021-06-30 03:06:14", "elapsed": 24668.188951, "delta": 101.964599}}
{"target": 0.003684126355485029, "params": {"0": 2.1153362579953807, "1": 1.0938141429802126, "2": 1.8276119001433262, "3": -1.7370654163847716, "4": -1.8559470330901873, "5": -2.7578172131546728, "6": 1.761678783737942, "7": -2.4256263300238654}, "datetime": {"datetime": "2021-06-30 03:08:50", "elapsed": 24824.067927, "delta": 155.878976}}
{"target": 0.010627176358326584, "params": {"0": -0.6521838271091775, "1": 0.5632085345676399, "2": -2.1102997851556524, "3": -1.0372500835744893, "4": -0.19333552244545915, "5": 0.2203874667012986, "6": 2.0127005797134316, "7": -1.2535260757406939}, "datetime": {"datetime": "2021-06-30 03:09:47", "elapsed": 24881.260344, "delta": 57.192417}}
{"target": 0.0030913616016603643, "params": {"0": 1.550127413992385, "1": -1.3746921172459257, "2": 1.0614360726359724, "3": 2.783994862766697, "4": -0.6579212969365571, "5": 1.5272220049725904, "6": -0.1439786410658943, "7": 2.854627609253664}, "datetime": {"datetime": "2021-06-30 03:10:19", "elapsed": 24913.088218, "delta": 31.827874}}
{"target": 0.015440977737256887, "params": {"0": -1.2223119041163453, "1": 2.9161628666829653, "2": -2.8582942052924167, "3": 2.272415140726711, "4": 0.6806824685416624, "5": -2.734688407588891, "6": -0.8540781425783477, "7": -2.1488020907097702}, "datetime": {"datetime": "2021-06-30 03:11:09", "elapsed": 24962.478691, "delta": 49.390473}}
{"target": 0.0030334751309818607, "params": {"0": 1.3314985619596884, "1": -0.9791101862406881, "2": -2.824235331622857, "3": 0.9994342143660409, "4": -1.6615456368954948, "5": 0.9223519336173274, "6": 1.6812986443966, "7": -1.5809828450515406}, "datetime": {"datetime": "2021-06-30 03:11:42", "elapsed": 24995.571259, "delta": 33.092568}}
{"target": 0.004997919347250109, "params": {"0": 0.0035490034418113048, "1": -2.14159935824057, "2": -2.537929332420147, "3": -1.5208237742407338, "4": -0.017688891583887756, "5": 2.707848528138154, "6": -2.9757756659534707, "7": 0.8043731325290353}, "datetime": {"datetime": "2021-06-30 03:12:24", "elapsed": 25038.075819, "delta": 42.50456}}
{"target": 0.003956152426410013, "params": {"0": -0.4467104213917623, "1": -0.16360596650352743, "2": 2.2114234493004385, "3": 0.6293683988362861, "4": 0.5812651826498549, "5": -0.15607868626666388, "6": 2.2410110503274385, "7": 0.7045425154529692}, "datetime": {"datetime": "2021-06-30 03:14:28", "elapsed": 25161.985884, "delta": 123.910065}}
{"target": 0.00288700160309156, "params": {"0": -1.1792805718101511, "1": 2.1819910608389774, "2": 2.703972273973534, "3": 0.8834936785767269, "4": 2.9666137586136943, "5": -1.8037833593238775, "6": -0.8351263748436306, "7": -0.8299775187243554}, "datetime": {"datetime": "2021-06-30 03:15:05", "elapsed": 25198.757597, "delta": 36.771713}}
{"target": 0.003287560514472395, "params": {"0": -0.6331967532819478, "1": -0.5222593978278334, "2": 0.8780199358180232, "3": -2.645130570954975, "4": 2.826156923644585, "5": -1.259107853356092, "6": 1.6296191279394474, "7": -1.5150468533735246}, "datetime": {"datetime": "2021-06-30 03:15:58", "elapsed": 25252.436118, "delta": 53.678521}}
{"target": 0.005242714304330891, "params": {"0": -0.9650416460884288, "1": 0.5487379169025308, "2": -2.747405888471378, "3": -2.3705230238876465, "4": -2.529242852644502, "5": 0.043486526320493546, "6": 2.4943150374946352, "7": 2.803683770024234}, "datetime": {"datetime": "2021-06-30 03:17:43", "elapsed": 25356.869373, "delta": 104.433255}}
{"target": 0.003580707542975097, "params": {"0": 1.5927312627395604, "1": 1.6659069331836767, "2": 1.4710202755486748, "3": -2.8410710620774937, "4": -0.18437101059313532, "5": 0.4941679938989041, "6": -1.0884564844398428, "7": -0.10657282557940917}, "datetime": {"datetime": "2021-06-30 03:20:35", "elapsed": 25528.797806, "delta": 171.928433}}
{"target": 0.003883857287041025, "params": {"0": -0.3295070946977239, "1": 2.84435577799992, "2": 1.9588376636611038, "3": -0.6754533902245239, "4": -0.9029026846988826, "5": -2.960576273752258, "6": 2.4007943964764786, "7": -1.0513837127509227}, "datetime": {"datetime": "2021-06-30 03:22:48", "elapsed": 25662.274066, "delta": 133.47626}}
{"target": 0.003619156101231383, "params": {"0": -0.8668335198939836, "1": 1.618550878925622, "2": 2.628378986718946, "3": -2.8601630345806925, "4": -1.7446449328827016, "5": -1.4887409278583803, "6": -1.9989954544180315, "7": 1.6697042668532935}, "datetime": {"datetime": "2021-06-30 03:23:40", "elapsed": 25713.680759, "delta": 51.406693}}
{"target": 0.005862367227083697, "params": {"0": 0.958095701556057, "1": -2.6023960426719412, "2": 0.9210222942567681, "3": -2.440961329630448, "4": 2.529751258299667, "5": -2.2422797454289753, "6": -0.6688826154005363, "7": 2.1054551414220306}, "datetime": {"datetime": "2021-06-30 03:24:26", "elapsed": 25760.014713, "delta": 46.333954}}
{"target": 0.003809198864489666, "params": {"0": -1.7889224812842364, "1": 2.2688146808964005, "2": -2.1000541541672746, "3": 0.9310353493490338, "4": 0.1942862036281099, "5": -1.21268865338585, "6": -1.8249660615015106, "7": 2.384501750769779}, "datetime": {"datetime": "2021-06-30 03:25:11", "elapsed": 25804.709674, "delta": 44.694961}}
{"target": 0.0143058220362017, "params": {"0": 1.2734797471164994, "1": -1.2557461268019396, "2": 1.149255716323034, "3": -0.792095981431248, "4": 2.5520526216634734, "5": -0.6904467842040125, "6": -1.9487078024288855, "7": 2.348760985466308}, "datetime": {"datetime": "2021-06-30 03:25:57", "elapsed": 25851.075812, "delta": 46.366138}}
{"target": 0.0031070460825255433, "params": {"0": 2.6937893826466093, "1": -1.6050839797297507, "2": 0.7701402561266413, "3": -1.9928153763267942, "4": 2.9079683407727908, "5": -2.1386674782346162, "6": 0.949763114784866, "7": 0.28798912568640045}, "datetime": {"datetime": "2021-06-30 03:26:46", "elapsed": 25899.539983, "delta": 48.464171}}
{"target": 0.39091549072651915, "params": {"0": -2.151633807671619, "1": -1.282326684554199, "2": -1.9201663780810168, "3": -2.0740473919730276, "4": -1.7950410194110986, "5": -2.6116439826453215, "6": -0.17213162639085056, "7": 2.8097917926037574}, "datetime": {"datetime": "2021-06-30 03:27:36", "elapsed": 25950.368519, "delta": 50.828536}}
{"target": 0.0035586775113923717, "params": {"0": 1.8343109242238391, "1": -2.129813465709414, "2": 2.4649975141697897, "3": -1.2643752662797487, "4": 2.256911106871735, "5": -1.543087466918414, "6": 1.5419934937775022, "7": 2.8733049476433923}, "datetime": {"datetime": "2021-06-30 03:28:28", "elapsed": 26002.195069, "delta": 51.82655}}
{"target": 0.006203741751712303, "params": {"0": 2.7873111769161376, "1": -1.2348616732494393, "2": 2.0565209067550168, "3": 1.340243577969824, "4": -1.7615315491067536, "5": -1.238780688545959, "6": -2.576787148728049, "7": 0.39877219276127285}, "datetime": {"datetime": "2021-06-30 03:29:14", "elapsed": 26048.375756, "delta": 46.180687}}
{"target": 0.0033271112669819394, "params": {"0": -2.6779479971226374, "1": 2.364055927811272, "2": 0.237200693296443, "3": 1.347049970711378, "4": -2.5902601719359293, "5": -2.0176930510453417, "6": 2.6080253287368595, "7": 2.515911229865864}, "datetime": {"datetime": "2021-06-30 03:29:50", "elapsed": 26083.981494, "delta": 35.605738}}
{"target": 0.004058968323745409, "params": {"0": -1.8161247704371826, "1": -1.3127444428202732, "2": -2.1312208049764223, "3": -2.104178098938926, "4": 0.9934702062654548, "5": -0.5565893379537075, "6": -1.9241820222094503, "7": 0.6510910508638164}, "datetime": {"datetime": "2021-06-30 03:30:47", "elapsed": 26141.460748, "delta": 57.479254}}
{"target": 0.0029764865497940514, "params": {"0": 1.0202098478323416, "1": 1.9727137277527707, "2": -0.6097303675522738, "3": 0.7762581534632007, "4": -1.744844875617046, "5": 2.045127757860146, "6": 0.024354132194280176, "7": -2.337742292076766}, "datetime": {"datetime": "2021-06-30 03:31:40", "elapsed": 26193.753848, "delta": 52.2931}}
{"target": 0.0046303895885146705, "params": {"0": -0.6725645959859681, "1": -2.392794603837876, "2": 2.983499982779364, "3": 2.22885500032708, "4": -2.170502477953156, "5": -2.8903546731418164, "6": 1.5866933582391995, "7": -0.42319700682427674}, "datetime": {"datetime": "2021-06-30 03:32:26", "elapsed": 26239.548241, "delta": 45.794393}}
{"target": 0.003655158970594289, "params": {"0": -2.131815960880465, "1": -1.5553657996195522, "2": -1.5178405197645903, "3": -0.5981717246490095, "4": 2.7644269858206396, "5": -1.5340842225418543, "6": 2.8075604942489303, "7": 1.0107715234460706}, "datetime": {"datetime": "2021-06-30 03:33:22", "elapsed": 26296.207321, "delta": 56.65908}}
{"target": 0.004952077027767314, "params": {"0": -0.02064052354959589, "1": 1.2205931427412562, "2": -2.684391759366285, "3": 0.0012430879314027088, "4": 0.8828206426958407, "5": -2.0996113946836354, "6": 1.004794682643702, "7": -1.5964096085933897}, "datetime": {"datetime": "2021-06-30 03:34:05", "elapsed": 26339.454194, "delta": 43.246873}}
{"target": 0.006737778026695847, "params": {"0": 0.3257421398647331, "1": -0.14346348750235105, "2": 2.5398405807581135, "3": -2.4845327091648395, "4": 2.609703002970555, "5": -2.9603548511978346, "6": 0.6867443317494066, "7": -1.6871898538518537}, "datetime": {"datetime": "2021-06-30 03:34:46", "elapsed": 26380.230199, "delta": 40.776005}}
{"target": 0.0029662754810209973, "params": {"0": 1.9913343082093933, "1": 2.310361799207673, "2": 1.7894239881761376, "3": -2.3375427128053157, "4": 1.5562961227217968, "5": -1.212490482083718, "6": -0.03334013137328551, "7": 0.9716722480583782}, "datetime": {"datetime": "2021-06-30 03:35:20", "elapsed": 26413.868057, "delta": 33.637858}}
{"target": 0.003192486613793817, "params": {"0": -1.4984183024410995, "1": 2.6156200095976443, "2": 1.9584509210366612, "3": -2.387509043126027, "4": -2.077725043241146, "5": -1.3055381212408574, "6": -1.5679353964468155, "7": -2.4816010796374672}, "datetime": {"datetime": "2021-06-30 03:36:14", "elapsed": 26467.80002, "delta": 53.931963}}
{"target": 0.0028592332202435513, "params": {"0": -1.4157701045548579, "1": -0.09399011896651466, "2": 0.8607083671712639, "3": 1.6444839842365244, "4": -1.2424414750374015, "5": 1.280605196434232, "6": -0.4713112569683906, "7": -1.5399966638564715}, "datetime": {"datetime": "2021-06-30 03:36:51", "elapsed": 26505.434949, "delta": 37.634929}}
{"target": 0.0031514617912922972, "params": {"0": 2.415814728829508, "1": -0.893546538352282, "2": -0.8237184863477292, "3": -0.9984555281580505, "4": 1.7143595017800708, "5": 0.5802961092495638, "6": 1.8756320404638505, "7": -0.8377795786071935}, "datetime": {"datetime": "2021-06-30 03:37:44", "elapsed": 26557.947602, "delta": 52.512653}}
{"target": 0.003405302437346525, "params": {"0": 1.6647615348099976, "1": 2.2598083736252157, "2": -1.433182447576965, "3": 0.6095231405472172, "4": -1.8284828016561148, "5": 1.3172474143467312, "6": -2.5274567203785647, "7": -1.5781192515260873}, "datetime": {"datetime": "2021-06-30 03:38:22", "elapsed": 26596.276886, "delta": 38.329284}}
{"target": 0.00334513604642186, "params": {"0": -0.13826420575135367, "1": 2.0235605257260145, "2": 0.860556504697592, "3": -0.24262938457089067, "4": 2.3545214581310283, "5": -1.7341022441051979, "6": 1.8319878356178982, "7": -2.5274286136202777}, "datetime": {"datetime": "2021-06-30 03:39:20", "elapsed": 26653.873031, "delta": 57.596145}}
{"target": 0.005020342469799484, "params": {"0": 0.35185123137171104, "1": -2.0410614008454937, "2": 2.4142245994781995, "3": 1.3311410383293758, "4": -2.6800122611311927, "5": 2.5989374697239844, "6": 0.3341445119580255, "7": -1.413182445684635}, "datetime": {"datetime": "2021-06-30 03:40:08", "elapsed": 26702.023117, "delta": 48.150086}}
{"target": 0.0029108068461160966, "params": {"0": -0.012931722844007787, "1": 1.2087908669874636, "2": -2.3784439717796735, "3": 2.620004435993925, "4": 0.6528989210777976, "5": 2.830230435054501, "6": 2.371170072358817, "7": -1.4124728882944817}, "datetime": {"datetime": "2021-06-30 03:40:45", "elapsed": 26739.424856, "delta": 37.401739}}
{"target": 0.002903741494344761, "params": {"0": 0.30239351591536234, "1": -1.5726452635717147, "2": 1.3240247095022948, "3": 1.7785919783303852, "4": 2.3840216216124146, "5": -0.6045369588423855, "6": 2.570511545255995, "7": -2.3859491175180487}, "datetime": {"datetime": "2021-06-30 03:41:54", "elapsed": 26808.325283, "delta": 68.900427}}
{"target": 0.030755107471851773, "params": {"0": -0.5414155280748303, "1": 2.2829066168543406, "2": 2.1679046441082006, "3": -0.8577664095839594, "4": -1.3993324544918484, "5": -1.8332131254793174, "6": 0.4573392695340246, "7": 1.4196797127071834}, "datetime": {"datetime": "2021-06-30 03:42:42", "elapsed": 26855.827194, "delta": 47.501911}}
{"target": 0.0029218532887305003, "params": {"0": -2.6219600279729782, "1": -2.999751161461128, "2": -2.6535681862669653, "3": 2.239399883983104, "4": 1.900332941984761, "5": 2.831967644565661, "6": 0.6139230739666304, "7": -1.721485316783056}, "datetime": {"datetime": "2021-06-30 03:43:32", "elapsed": 26906.002206, "delta": 50.175012}}
{"target": 0.006911184696258969, "params": {"0": -1.84244218142402, "1": 0.5056235101221684, "2": -0.9750441870678013, "3": 0.6532349192008322, "4": -1.1392234675877155, "5": 2.7396329006026336, "6": 1.345182779461072, "7": -1.3130034240344086}, "datetime": {"datetime": "2021-06-30 03:44:09", "elapsed": 26942.610953, "delta": 36.608747}}
{"target": 0.003293692241043695, "params": {"0": 1.3222258901391175, "1": 2.8993207255733573, "2": -2.1448802282482777, "3": -2.392046618002055, "4": -0.48598746106916746, "5": 1.7957245232826118, "6": -2.8266885063279954, "7": -2.1257729253195086}, "datetime": {"datetime": "2021-06-30 03:46:23", "elapsed": 27076.900578, "delta": 134.289625}}
{"target": 0.0033913400373543124, "params": {"0": -2.0148388527335115, "1": -1.9866151643295957, "2": -1.1564369436272686, "3": 0.4466498785613462, "4": -1.2838611548047167, "5": -1.114006520335181, "6": -1.4474576298563209, "7": 1.9815964351937811}, "datetime": {"datetime": "2021-06-30 03:46:57", "elapsed": 27111.169217, "delta": 34.268639}}
{"target": 0.003147272469562296, "params": {"0": 1.9010402846405299, "1": 2.213476383092786, "2": 1.7377646254794792, "3": 0.059385049588915884, "4": -1.3381249132655078, "5": 2.7468637571129095, "6": 1.8056505663533162, "7": 1.5964445586892824}, "datetime": {"datetime": "2021-06-30 03:47:57", "elapsed": 27170.598303, "delta": 59.429086}}
{"target": 0.003412135588438159, "params": {"0": -1.039142397228538, "1": 0.32275338068603343, "2": 1.237514339826613, "3": -0.8286054075525993, "4": -2.8002364947214993, "5": -0.7734683812581427, "6": -1.6987452684367699, "7": 1.3338319145226993}, "datetime": {"datetime": "2021-06-30 03:48:47", "elapsed": 27221.358824, "delta": 50.760521}}
{"target": 0.0030207219621993576, "params": {"0": -2.3478580224535617, "1": 0.7806266657631369, "2": 1.6404479327066053, "3": 2.716343470013311, "4": 2.2298184463735513, "5": 1.9656178096896175, "6": 2.3092162216356664, "7": -1.4434656802964638}, "datetime": {"datetime": "2021-06-30 03:49:33", "elapsed": 27266.753976, "delta": 45.395152}}
{"target": 0.0033171219715619578, "params": {"0": -1.2861746990666885, "1": -1.0932943189864026, "2": -2.4252079467288157, "3": 0.7195076671263863, "4": 2.314806988206355, "5": -2.5070721055629557, "6": 0.7616835494076888, "7": 2.316493878967785}, "datetime": {"datetime": "2021-06-30 03:50:09", "elapsed": 27302.66381, "delta": 35.909834}}
{"target": 0.003027988956359361, "params": {"0": -0.02869646216219035, "1": -1.5843949463587272, "2": -1.2974844939975043, "3": 1.1618158943193526, "4": 1.8312306625458277, "5": 2.13950364016912, "6": -2.4565003265857532, "7": -0.9351564586289847}, "datetime": {"datetime": "2021-06-30 03:50:56", "elapsed": 27350.408124, "delta": 47.744314}}
{"target": 0.0029087477774094412, "params": {"0": 0.13164302585175758, "1": 2.200375611695403, "2": -2.6839366911433538, "3": -0.882658771373297, "4": 2.0418049370769964, "5": 1.9932608837537567, "6": 1.908764643633127, "7": -2.007615761366555}, "datetime": {"datetime": "2021-06-30 03:52:57", "elapsed": 27470.530719, "delta": 120.122595}}
{"target": 0.005262687884074026, "params": {"0": -0.340923017351507, "1": 0.664626105283264, "2": 1.9692647394704057, "3": -0.26561583045543635, "4": 1.1302925871334732, "5": 0.4711680771680262, "6": 2.445342298083718, "7": 1.3439429944388843}, "datetime": {"datetime": "2021-06-30 03:53:41", "elapsed": 27514.833143, "delta": 44.302424}}
{"target": 0.007526621563494541, "params": {"0": 1.5782454582560677, "1": 1.0595051707205227, "2": 0.074139303999321, "3": 1.5689083840013591, "4": 0.10502720092016071, "5": 1.8150456686135676, "6": -1.2418754289756566, "7": 2.2760335284137003}, "datetime": {"datetime": "2021-06-30 03:55:34", "elapsed": 27627.514469, "delta": 112.681326}}
{"target": 0.0029349268538958273, "params": {"0": -2.9329291939755024, "1": -0.3180021299540581, "2": -1.4924202976022511, "3": -0.12417738850591498, "4": -1.984696737581394, "5": 1.798643448500684, "6": -1.3834364010089826, "7": -1.2029826129760222}, "datetime": {"datetime": "2021-06-30 03:56:20", "elapsed": 27674.417927, "delta": 46.903458}}
{"target": 0.0036231828007788625, "params": {"0": 0.4660105885685555, "1": -1.6263856505386522, "2": 0.07241810065322785, "3": -2.3957707315670245, "4": -2.1784789744673843, "5": -2.885152824200696, "6": -1.7082929907785138, "7": -1.29175246409243}, "datetime": {"datetime": "2021-06-30 03:57:02", "elapsed": 27716.374593, "delta": 41.956666}}
{"target": 0.002946720798432536, "params": {"0": -0.16204946179186397, "1": 2.096453171513927, "2": 1.4633400166711406, "3": 1.3680280989878044, "4": 0.21557774402266805, "5": -1.3524833655951227, "6": 1.7882999841344143, "7": 2.4399443945975285}, "datetime": {"datetime": "2021-06-30 03:58:07", "elapsed": 27780.615828, "delta": 64.241235}}
{"target": 0.0029046548971233058, "params": {"0": 2.6631743269063133, "1": 2.885974793042884, "2": 2.398010326503446, "3": -2.454345737148655, "4": 2.4880722676494287, "5": -1.1808754845753402, "6": -1.0382165003297381, "7": -1.474717907539921}, "datetime": {"datetime": "2021-06-30 03:59:00", "elapsed": 27833.857191, "delta": 53.241363}}
{"target": 0.008583634423847292, "params": {"0": -0.29251811986979837, "1": -1.3867898359991795, "2": -0.5591027212028874, "3": -2.559230994189571, "4": -0.32565926952357716, "5": -2.176416115204491, "6": 0.8883189756855785, "7": 0.07168897247352879}, "datetime": {"datetime": "2021-06-30 03:59:40", "elapsed": 27874.359401, "delta": 40.50221}}
