{"target": 0.003126716329026364, "params": {"0": 0.7911430247504918, "1": -1.826379985812472, "2": 0.16306713236553083, "3": -0.17447253213591374, "4": -0.5259634158660931, "5": -0.0719015655523334, "6": 0.46680600651117743, "7": -0.03961573931620688}, "datetime": {"datetime": "2021-06-29 20:16:35", "elapsed": 176.475312, "delta": 3.108513}}
{"target": 0.003087776910315142, "params": {"0": 0.7258826118061297, "1": -2.682498351921053, "2": 1.3964186529438827, "3": -2.396176681133875, "4": -0.4992294009796048, "5": 1.8927008961777112, "6": -2.519667040739888, "7": 0.10131238153509603}, "datetime": {"datetime": "2021-06-29 20:16:37", "elapsed": 178.323151, "delta": 1.847839}}
{"target": 0.00516235091590921, "params": {"0": -0.3337754373927213, "1": -2.927103246361223, "2": 1.8050379470621936, "3": -1.661988793251116, "4": 0.8394702529131877, "5": 1.569000880573161, "6": -2.507039763928141, "7": 2.2658789869662534}, "datetime": {"datetime": "2021-06-29 20:16:40", "elapsed": 180.838832, "delta": 2.515681}}
{"target": 0.0032593866317943286, "params": {"0": -0.44042295419592126, "1": 0.3469589165998732, "2": -2.9079874908875043, "3": -0.10767875073864497, "4": -2.2144809467990716, "5": 2.1990135702818883, "6": -1.1915494655874674, "7": -1.678750377030363}, "datetime": {"datetime": "2021-06-29 20:16:41", "elapsed": 181.753328, "delta": 0.914496}}
{"target": 0.004437631607937663, "params": {"0": -2.3305284982805574, "1": -1.0657751496106675, "2": 2.374005960362908, "3": -1.3415200829276803, "4": -2.53225913631982, "5": -0.6775039867351875, "6": 2.6805474564305563, "7": 1.6373814389170471}, "datetime": {"datetime": "2021-06-29 20:16:42", "elapsed": 183.281838, "delta": 1.52851}}
{"target": 0.00413661227601728, "params": {"0": -0.04377150633235516, "1": -2.973593949298442, "2": 1.1814726655898689, "3": -2.2521590790568498, "4": 0.8368910749017453, "5": 1.451043623305429, "6": -1.9500400114496392, "7": 0.057304558665177474}, "datetime": {"datetime": "2021-06-29 20:16:44", "elapsed": 185.439212, "delta": 2.157374}}
{"target": 0.003627492339516931, "params": {"0": -1.6597325408949903, "1": -0.9588764963180276, "2": -2.126083839161465, "3": -2.573139434559351, "4": 0.0025600096187554655, "5": 0.15835320848293888, "6": 1.5846279128419694, "7": -2.40767958446011}, "datetime": {"datetime": "2021-06-29 20:16:46", "elapsed": 187.164533, "delta": 1.725321}}
{"target": 0.00438026666371878, "params": {"0": -2.2788991351607746, "1": 2.5032865748626643, "2": 1.6718928391002832, "3": -2.6788841322458894, "4": 0.3997940234442634, "5": -2.2604330549462524, "6": -1.7207564947108231, "7": -2.677864273846758}, "datetime": {"datetime": "2021-06-29 20:16:47", "elapsed": 188.498012, "delta": 1.333479}}
{"target": 0.003133336622720037, "params": {"0": -0.05363028966156502, "1": 2.921988946016513, "2": -0.9440565016345293, "3": 2.6662282287503096, "4": 2.6108968751480672, "5": 0.20255774776005175, "6": -1.8760470324647447, "7": -1.3991390323358852}, "datetime": {"datetime": "2021-06-29 20:16:49", "elapsed": 190.389828, "delta": 1.891816}}
{"target": 0.009005154739470297, "params": {"0": 2.268941320072482, "1": 1.3457568165902112, "2": -1.6848727498947353, "3": -2.5792250687587277, "4": -1.1533059102597052, "5": -1.9406165040332135, "6": -2.194736651577654, "7": 0.6528865894230824}, "datetime": {"datetime": "2021-06-29 20:16:51", "elapsed": 192.09668, "delta": 1.706852}}
{"target": 0.003657288355582469, "params": {"0": 1.1382364539862824, "1": -2.8058628108945225, "2": 0.5680890367278222, "3": -2.9316422124713606, "4": 1.3074650326716402, "5": -1.5214763200717734, "6": 2.1007814661859685, "7": -0.606859949398399}, "datetime": {"datetime": "2021-06-29 20:16:53", "elapsed": 194.534594, "delta": 2.437914}}
{"target": 0.0032555024423488615, "params": {"0": 1.5626474542423097, "1": -0.24605510696043442, "2": 1.0788813420394856, "3": 1.6954677002130065, "4": -2.014642973468428, "5": 2.540220899491482, "6": 2.708984228562703, "7": 0.03757829807973856}, "datetime": {"datetime": "2021-06-29 20:16:55", "elapsed": 196.143644, "delta": 1.60905}}
{"target": 0.0045303783545617695, "params": {"0": -1.5615784185637704, "1": -0.22180276046274905, "2": 0.8843046391810674, "3": -1.7846893794943577, "4": -0.5425422677760681, "5": 2.50248687748668, "6": 1.13848434730538, "7": -1.4809855279669788}, "datetime": {"datetime": "2021-06-29 20:16:56", "elapsed": 197.143165, "delta": 0.999521}}
{"target": 0.005091263346493846, "params": {"0": -1.3797120563769754, "1": -1.739242485200576, "2": 2.4527542664903708, "3": -0.7450309063503857, "4": -0.5173438462308724, "5": 1.9417406099380674, "6": 1.0381576254492408, "7": -2.8788701259566056}, "datetime": {"datetime": "2021-06-29 20:16:57", "elapsed": 198.047403, "delta": 0.904238}}
{"target": 0.003261444562124976, "params": {"0": 2.7810466654744186, "1": -0.8610926242308921, "2": -1.939945384409995, "3": 2.395034416755842, "4": -2.7881202630183632, "5": -0.7710739072213331, "6": -2.1878322887546933, "7": -0.19830555258254545}, "datetime": {"datetime": "2021-06-29 20:16:59", "elapsed": 200.578503, "delta": 2.5311}}
{"target": 0.0031431539976156733, "params": {"0": 0.060412856791951075, "1": 1.1083645837520937, "2": -0.29231892645797464, "3": 1.034436708682943, "4": -0.6668422249863419, "5": 0.699566927985181, "6": -0.3408742881625031, "7": -1.2263904245846775}, "datetime": {"datetime": "2021-06-29 20:17:02", "elapsed": 202.877576, "delta": 2.299073}}
{"target": 0.004715753860557606, "params": {"0": -0.06379756798566971, "1": -0.027201723221585095, "2": -0.20754141516628266, "3": -2.8170173292694987, "4": -1.3427773371271516, "5": -1.7105427594895826, "6": -0.24252919459363564, "7": 1.8761491471601914}, "datetime": {"datetime": "2021-06-29 20:17:04", "elapsed": 205.372831, "delta": 2.495255}}
{"target": 0.0030067295368348137, "params": {"0": 2.1907765471786345, "1": -0.3440182913092893, "2": -0.07064069710337817, "3": 1.6479840933097432, "4": 2.03915884899138, "5": 1.1965661742933573, "6": 1.8864004301839907, "7": -1.4293207286194993}, "datetime": {"datetime": "2021-06-29 20:17:06", "elapsed": 207.55744, "delta": 2.184609}}
{"target": 0.003017151070714422, "params": {"0": -0.3812061764795507, "1": -0.8727595015193517, "2": 0.48679822361081637, "3": 0.896618513269722, "4": 0.26191883444447184, "5": -1.0483441883494133, "6": 0.009448450671698083, "7": -0.7690011340879446}, "datetime": {"datetime": "2021-06-29 20:17:10", "elapsed": 211.151047, "delta": 3.593607}}
{"target": 0.0031610180515082875, "params": {"0": 1.7546783913698052, "1": 0.7627284369817389, "2": 2.230083885138953, "3": -1.2129276053992768, "4": 0.7253264802335329, "5": 0.8025307127756136, "6": -1.173590467657835, "7": 1.9849292148528166}, "datetime": {"datetime": "2021-06-29 20:17:12", "elapsed": 213.565423, "delta": 2.414376}}
{"target": 0.007439235909210123, "params": {"0": -2.131538470379432, "1": 0.934563876841052, "2": -2.8567517705806735, "3": 0.938684199592509, "4": -0.3549073173399879, "5": 0.4912617489975557, "6": 2.3905313595844007, "7": -2.7490199938601494}, "datetime": {"datetime": "2021-06-29 20:17:14", "elapsed": 215.418552, "delta": 1.853129}}
{"target": 0.008715422135369551, "params": {"0": 2.4302380292963184, "1": -0.44723496218860426, "2": -2.755481951027564, "3": 1.9597624325041085, "4": 1.206403256003668, "5": -0.653752993888908, "6": 0.4743358728346445, "7": -0.4726487366150489}, "datetime": {"datetime": "2021-06-29 20:17:16", "elapsed": 217.057114, "delta": 1.638562}}
{"target": 0.003084266090887234, "params": {"0": -1.8404673929201836, "1": -0.5776213661803924, "2": 2.3396448281184483, "3": 1.3737848533309478, "4": 0.4926116981035382, "5": -1.2907348207801357, "6": 2.617094641157699, "7": -2.923886244511855}, "datetime": {"datetime": "2021-06-29 20:17:19", "elapsed": 219.980026, "delta": 2.922912}}
{"target": 0.003210125980304045, "params": {"0": -2.6287902595692962, "1": 1.5224211045434268, "2": 1.7565496337393771, "3": 0.40311203370178283, "4": -1.4948458006470482, "5": -2.9861301553339343, "6": 2.1429193902574157, "7": 1.5087766007669021}, "datetime": {"datetime": "2021-06-29 20:17:22", "elapsed": 223.241522, "delta": 3.261496}}
{"target": 0.0034790254703225033, "params": {"0": -0.03078067908308091, "1": -1.7806193611586834, "2": 2.9217763011220317, "3": 1.4843762973417602, "4": 2.442167645113659, "5": -1.944128360861932, "6": 0.19203857957344894, "7": 0.9753236424723863}, "datetime": {"datetime": "2021-06-29 20:17:24", "elapsed": 225.025986, "delta": 1.784464}}
{"target": 0.0029294187388832446, "params": {"0": -2.874303331705332, "1": -2.5814662472888994, "2": -2.5833324663241397, "3": 1.7351602782479976, "4": 2.801859429986073, "5": -1.07196675829402, "6": 1.338411650422099, "7": 2.2706707860596547}, "datetime": {"datetime": "2021-06-29 20:17:26", "elapsed": 226.793484, "delta": 1.767498}}
{"target": 0.0032195968160946557, "params": {"0": 0.859958461719871, "1": 0.030410904523476834, "2": 0.6902666337447738, "3": 0.9838792145533768, "4": 2.1315852756177733, "5": -0.6318767693612406, "6": -0.3431365562490174, "7": 2.8650478496997813}, "datetime": {"datetime": "2021-06-29 20:17:27", "elapsed": 228.193692, "delta": 1.400208}}
{"target": 0.011364639652464705, "params": {"0": -0.6357177055734446, "1": -0.4852253136412963, "2": 2.685659459593629, "3": -1.728184643829423, "4": -0.26551239932610393, "5": -2.299720728059966, "6": 1.2426347206879207, "7": -0.13720604402198955}, "datetime": {"datetime": "2021-06-29 20:17:31", "elapsed": 231.808451, "delta": 3.614759}}
{"target": 0.011883034824287235, "params": {"0": 0.07690273011323168, "1": 0.0948874699709652, "2": -2.087646313741517, "3": -0.19203628681668317, "4": -1.2186713237751257, "5": 1.3156843386495183, "6": -0.0378555643076286, "7": 0.9428784032847646}, "datetime": {"datetime": "2021-06-29 20:17:33", "elapsed": 233.781539, "delta": 1.973088}}
{"target": 0.00521706762252591, "params": {"0": 2.236088661499924, "1": -0.21493864632546877, "2": 0.5839375384754835, "3": 1.421059205001093, "4": -2.132182641991694, "5": -0.7095190736787949, "6": 0.8566873529645198, "7": -2.6195121565492014}, "datetime": {"datetime": "2021-06-29 20:17:35", "elapsed": 236.687522, "delta": 2.905983}}
{"target": 0.0031370734912270788, "params": {"0": 0.87071780342366, "1": -2.9330300462673353, "2": -0.17604564998441408, "3": 2.813149423869743, "4": 2.384212988163436, "5": -2.636284469998271, "6": -0.3675304174835423, "7": -1.91385501755784}, "datetime": {"datetime": "2021-06-29 20:17:39", "elapsed": 240.649655, "delta": 3.962133}}
{"target": 0.0035241366858875327, "params": {"0": 0.6791323414013339, "1": 2.7502216795023617, "2": -1.0025920945050575, "3": -1.35787907668124, "4": 0.23168148231057062, "5": -0.5297718255437496, "6": 1.874379090395288, "7": -0.32810563402445414}, "datetime": {"datetime": "2021-06-29 20:17:42", "elapsed": 243.49927, "delta": 2.849615}}
{"target": 0.0031430547560945014, "params": {"0": -2.738566554579249, "1": 0.4077131929243887, "2": -1.6782906935114412, "3": -0.171301625197259, "4": -1.1560662494975897, "5": 1.3826498936078426, "6": 1.2407157453774458, "7": 1.8418776272272037}, "datetime": {"datetime": "2021-06-29 20:17:45", "elapsed": 245.899622, "delta": 2.400352}}
{"target": 0.003537005554620938, "params": {"0": 0.983829648217335, "1": -0.6519503036548171, "2": 1.7833406081280643, "3": 0.6151829158416962, "4": 1.0694784536461635, "5": 2.5999167666980467, "6": -1.6623448314966864, "7": -2.5069734146928466}, "datetime": {"datetime": "2021-06-29 20:17:48", "elapsed": 249.657697, "delta": 3.758075}}
{"target": 0.0030270950224793097, "params": {"0": -1.7003616315289682, "1": 1.9310574016413824, "2": -1.9691185943807767, "3": -2.0941445692904295, "4": -0.43548951937628777, "5": 1.8676741471682758, "6": 0.10139951790662138, "7": 1.197516508275922}, "datetime": {"datetime": "2021-06-29 20:17:51", "elapsed": 252.123967, "delta": 2.46627}}
{"target": 0.0029601008893205397, "params": {"0": 2.06607200494658, "1": -2.4385530758022584, "2": -1.3006815058720769, "3": -0.6322702949511747, "4": -0.2157311789506906, "5": 2.8386517043322863, "6": -1.8212498368906935, "7": 0.37329793652685606}, "datetime": {"datetime": "2021-06-29 20:17:54", "elapsed": 254.868973, "delta": 2.745006}}
{"target": 0.0032175522816425897, "params": {"0": -2.1367128845472783, "1": 1.666071957664883, "2": -2.590618011086121, "3": 1.9458848785734748, "4": -1.3094788925383645, "5": -1.7631312078026984, "6": 1.0952251636234234, "7": 0.01055872229385546}, "datetime": {"datetime": "2021-06-29 20:18:00", "elapsed": 261.227587, "delta": 6.358614}}
{"target": 0.0064797721320812565, "params": {"0": -2.743617734157267, "1": -2.28190988882369, "2": -0.9092156486794023, "3": 0.5796745908290584, "4": -0.1089762829817853, "5": -1.5503654568636625, "6": -0.1458839145571762, "7": 0.6796651831945981}, "datetime": {"datetime": "2021-06-29 20:18:01", "elapsed": 262.617188, "delta": 1.389601}}
{"target": 0.0035470049265032967, "params": {"0": 0.6819927248931359, "1": -1.2100677661429458, "2": 0.3807650501795896, "3": 2.4081294696559716, "4": -0.5530497904517828, "5": 0.8418491923356184, "6": 0.2325582311212271, "7": 1.4904748833497106}, "datetime": {"datetime": "2021-06-29 20:18:04", "elapsed": 265.541424, "delta": 2.924236}}
{"target": 0.0029679324399198826, "params": {"0": -2.661480897310873, "1": 0.6006262311547053, "2": 2.2736096277715028, "3": 0.7608408281929013, "4": 2.613878757265099, "5": 2.5938144301636203, "6": -2.8403194804500913, "7": -0.9061269251681865}, "datetime": {"datetime": "2021-06-29 20:18:06", "elapsed": 267.573607, "delta": 2.032183}}
{"target": 0.004424026242381264, "params": {"0": -0.6660261013083693, "1": 2.196096585957595, "2": 0.3113979404028582, "3": 2.027942829722832, "4": 0.7944257890220374, "5": -2.6475921849241475, "6": 0.26544592813305146, "7": -2.651979919903794}, "datetime": {"datetime": "2021-06-29 20:18:09", "elapsed": 270.493144, "delta": 2.919537}}
{"target": 0.0038123350632542443, "params": {"0": 0.3879122763217939, "1": 0.21450197229748902, "2": 1.4449042067299782, "3": -0.5250427884587263, "4": -2.443430898103513, "5": 2.244119376984239, "6": 2.125256846868151, "7": -2.385847262681767}, "datetime": {"datetime": "2021-06-29 20:18:12", "elapsed": 273.016619, "delta": 2.523475}}
{"target": 0.003345846877375213, "params": {"0": -2.7386391092235467, "1": -1.555352690792932, "2": 2.5771719304606826, "3": -2.1097686627823986, "4": 0.8073477023390909, "5": 2.5032462965950186, "6": 0.0843742488593957, "7": 0.37887933383290573}, "datetime": {"datetime": "2021-06-29 20:18:14", "elapsed": 275.086114, "delta": 2.069495}}
{"target": 0.046991291210641176, "params": {"0": 0.20679960538587672, "1": -0.19519504921361985, "2": -2.1409550244937865, "3": -0.2707135774658864, "4": -1.2187349462067694, "5": 1.9735749486130905, "6": -0.028368975437640387, "7": 1.2997228063044783}, "datetime": {"datetime": "2021-06-29 20:18:17", "elapsed": 278.543271, "delta": 3.457157}}
{"target": 0.003211293992246871, "params": {"0": 1.0463444127339656, "1": -2.089186954878791, "2": 0.13467648036243496, "3": 0.2650050343175123, "4": 0.6200571091012019, "5": 1.5851552887166847, "6": 2.2482689040342336, "7": -2.4792507217743376}, "datetime": {"datetime": "2021-06-29 20:18:19", "elapsed": 280.534288, "delta": 1.991017}}
{"target": 0.0028755214060653665, "params": {"0": -2.149420899789086, "1": -0.61638290305789, "2": 2.123858847616633, "3": 0.9645075947179098, "4": 2.358003587446394, "5": 0.8568813957134038, "6": 0.8162044676388529, "7": 1.3100404099397238}, "datetime": {"datetime": "2021-06-29 20:18:22", "elapsed": 283.259523, "delta": 2.725235}}
{"target": 0.00808852760971697, "params": {"0": 1.7038504855773153, "1": -2.9325852977588225, "2": -2.7198501725580027, "3": -1.2064553500107231, "4": 1.599395461264148, "5": -2.8557373970299436, "6": 1.030617868354259, "7": -2.8370942705456867}, "datetime": {"datetime": "2021-06-29 20:18:24", "elapsed": 285.547517, "delta": 2.287994}}
{"target": 0.003217481256163815, "params": {"0": 1.3764605650639332, "1": 2.052842914560097, "2": -2.055527321421444, "3": 2.0225220464760083, "4": 2.296398644648516, "5": -2.254488896673802, "6": 0.23669176309865358, "7": 0.4683552557527273}, "datetime": {"datetime": "2021-06-29 20:18:26", "elapsed": 287.562392, "delta": 2.014875}}
{"target": 0.010822814987904258, "params": {"0": -1.9383882648183706, "1": 1.60615535592805, "2": 2.2635423755147004, "3": 0.662400160254093, "4": -1.8894894908346904, "5": -1.541949947138783, "6": 2.151678158380733, "7": 1.1259690091644154}, "datetime": {"datetime": "2021-06-29 20:18:29", "elapsed": 290.000319, "delta": 2.437927}}
{"target": 0.0032344721166977612, "params": {"0": -1.024393786957903, "1": -2.8185308123770616, "2": 2.7879806623406367, "3": 1.5786140776115545, "4": 0.07387485315323161, "5": 0.010104813467007645, "6": -0.45147414568493893, "7": 2.289396925805182}, "datetime": {"datetime": "2021-06-29 20:18:30", "elapsed": 291.320921, "delta": 1.320602}}
{"target": 0.0030915280846216205, "params": {"0": 2.9165753755708463, "1": 2.980346784755035, "2": -1.3412039259143764, "3": 1.48201924797422, "4": 2.809036768792639, "5": -2.695744004359484, "6": 0.6358067942057088, "7": -1.0590027104056192}, "datetime": {"datetime": "2021-06-29 20:18:32", "elapsed": 293.506046, "delta": 2.185125}}
{"target": 0.002952348896733742, "params": {"0": 1.220541540674608, "1": 1.570994596045879, "2": 2.14761837803724, "3": -0.7408766409879197, "4": -0.6586981929475293, "5": 1.980133642970034, "6": -0.4159849647986338, "7": -1.1890441208759497}, "datetime": {"datetime": "2021-06-29 20:18:35", "elapsed": 296.226095, "delta": 2.720049}}
{"target": 0.003411330767133923, "params": {"0": 0.3590302949687847, "1": 1.120288194701522, "2": 0.05377745694595415, "3": 0.8157065345469112, "4": 1.2013675906822803, "5": 2.4407490656108894, "6": 2.913944994534739, "7": 1.8178301281529663}, "datetime": {"datetime": "2021-06-29 20:18:37", "elapsed": 298.373986, "delta": 2.147891}}
{"target": 0.004047914170895552, "params": {"0": -0.6194117547053137, "1": 0.3532084378867566, "2": -2.362210406641977, "3": -1.3560633390190262, "4": 0.5072673874777243, "5": -2.6104433963241545, "6": -2.130505641390117, "7": -2.481653930634236}, "datetime": {"datetime": "2021-06-29 20:18:39", "elapsed": 300.393759, "delta": 2.019773}}
{"target": 0.0028776748209709594, "params": {"0": -1.4176958652937743, "1": 2.6722976257290565, "2": 2.0678929407999327, "3": 0.1469633412967375, "4": 2.3618734164259703, "5": 0.4486571235457486, "6": 1.5357586881786904, "7": 1.874893071676813}, "datetime": {"datetime": "2021-06-29 20:18:43", "elapsed": 303.989605, "delta": 3.595846}}
{"target": 0.08446710608628577, "params": {"0": -1.6716668427424928, "1": -0.13309204352772497, "2": -1.1859965006003639, "3": -2.7945153180161286, "4": 1.200383381628244, "5": 2.2723989235663637, "6": -2.0632938507152465, "7": 1.7019158698206782}, "datetime": {"datetime": "2021-06-29 20:18:46", "elapsed": 306.886635, "delta": 2.89703}}
{"target": 0.6968264393446534, "params": {"0": 1.4359118879116979, "1": -0.5849474117193267, "2": 2.9099932765763636, "3": -1.5909625397487497, "4": -1.8030870798205203, "5": -2.1301616110341923, "6": 0.02331166997876899, "7": -2.242565649328509}, "datetime": {"datetime": "2021-06-29 20:18:50", "elapsed": 311.468259, "delta": 4.581624}}
{"target": 0.003509229784780397, "params": {"0": 2.162030565400622, "1": 2.273286874677085, "2": 1.2377234111875914, "3": 2.179670673942006, "4": 1.9340731732979588, "5": 2.2104359076291455, "6": -2.3501452324913217, "7": -2.9489906935742423}, "datetime": {"datetime": "2021-06-29 20:18:52", "elapsed": 313.668327, "delta": 2.200068}}
{"target": 0.0028589937155789687, "params": {"0": -2.6726486216367955, "1": -0.9271250216337217, "2": -0.08280953500852473, "3": 1.8723156431394825, "4": 1.6891831229818255, "5": -0.0003887846996510902, "6": -0.7613629822978396, "7": 2.9529087229827375}, "datetime": {"datetime": "2021-06-29 20:18:55", "elapsed": 316.40439, "delta": 2.736063}}
{"target": 0.002963038589664372, "params": {"0": 2.300278976914713, "1": -2.164159989999707, "2": 0.3954740568680477, "3": 2.1095222998236025, "4": 1.6168095556726056, "5": 0.38606051775126193, "6": -0.2913648020878403, "7": -0.45640650100422064}, "datetime": {"datetime": "2021-06-29 20:18:57", "elapsed": 318.567642, "delta": 2.163252}}
{"target": 0.0029665454673832906, "params": {"0": 0.5861007406119194, "1": 1.9242548624101925, "2": -1.148150266076408, "3": -0.8514608144298874, "4": -0.255920926349944, "5": -0.037602026241180475, "6": 2.1826325362922185, "7": -0.8128030062970963}, "datetime": {"datetime": "2021-06-29 20:18:59", "elapsed": 320.49275, "delta": 1.925108}}
{"target": 0.0029824709111682768, "params": {"0": 2.7799967784698554, "1": -0.21013954085498643, "2": -0.4403370416767691, "3": -0.24905504980044224, "4": 0.3172107623567486, "5": 0.9151172851062652, "6": -1.8060498122767317, "7": 2.1790333509379316}, "datetime": {"datetime": "2021-06-29 20:19:02", "elapsed": 323.064803, "delta": 2.572053}}
{"target": 0.0030149467095884506, "params": {"0": 0.9837088978590831, "1": 2.830608123393766, "2": -0.4539768042257033, "3": -1.2006910477100883, "4": 2.749164924051387, "5": 1.1670273830534414, "6": 0.3661465010568974, "7": -1.218506671054302}, "datetime": {"datetime": "2021-06-29 20:19:06", "elapsed": 326.914523, "delta": 3.84972}}
{"target": 0.0035185123733158605, "params": {"0": -0.3003066810497157, "1": 0.45632400204583057, "2": 0.6891300598368684, "3": -0.3743569966266578, "4": 1.869283914031742, "5": 1.4779635965076166, "6": 1.900294440785287, "7": 1.1991593509065623}, "datetime": {"datetime": "2021-06-29 20:19:09", "elapsed": 330.427119, "delta": 3.512596}}
