{"target": 0.004222810213488274, "params": {"0": 1.7772074660972415, "1": 0.6827150262274886, "2": 2.5724772343220685, "3": -2.830914506146747, "4": -2.378209346376793, "5": 0.9662384705116152, "6": 0.09338006724760106, "7": 0.07653487631155809}, "datetime": {"datetime": "2021-06-30 01:07:51", "elapsed": 17651.466533, "delta": 29.963387}}
{"target": 0.0032856228368749506, "params": {"0": -1.3425459008370433, "1": -0.21808266872650872, "2": -0.903194798242112, "3": 2.0791315735089215, "4": 2.830782568756323, "5": -2.639213694527771, "6": 2.7435167242907603, "7": 2.8876732187885317}, "datetime": {"datetime": "2021-06-30 01:09:05", "elapsed": 17725.152145, "delta": 73.685612}}
{"target": 0.003802969454948064, "params": {"0": 1.4896974290320877, "1": -0.5201573317169785, "2": 0.005326622067975961, "3": -0.8265981436017551, "4": 2.196784665245768, "5": 1.0439765630348266, "6": -2.587554474351175, "7": 1.482572579341892}, "datetime": {"datetime": "2021-06-30 01:09:32", "elapsed": 17751.701707, "delta": 26.549562}}
{"target": 0.005842123134340014, "params": {"0": -2.519069651528528, "1": 2.3038516631545995, "2": 2.5795547846456675, "3": 2.8563549797614582, "4": -1.6303463492598704, "5": -0.14541110270740187, "6": 1.0170618604241914, "7": 0.9358467267257269}, "datetime": {"datetime": "2021-06-30 01:10:03", "elapsed": 17783.365963, "delta": 31.664256}}
{"target": 0.003493550605298196, "params": {"0": -0.11328638353449794, "1": 0.3378916155296574, "2": -1.5224467577867566, "3": 1.4021240615822892, "4": -1.9237523206569223, "5": 1.8954734277256184, "6": -1.6555918583682148, "7": -1.449302597123857}, "datetime": {"datetime": "2021-06-30 01:10:32", "elapsed": 17811.951498, "delta": 28.585535}}
{"target": 0.00299603427010853, "params": {"0": 1.6587304807336576, "1": 2.641409240453225, "2": 0.5041466314250052, "3": 1.3703232889337746, "4": 2.0848838825682794, "5": -2.991004666201456, "6": -2.2311944665277736, "7": 0.36833661762895975}, "datetime": {"datetime": "2021-06-30 01:11:12", "elapsed": 17851.833784, "delta": 39.882286}}
{"target": 0.11548567814512395, "params": {"0": -0.13413110976107712, "1": 1.7436613965743302, "2": -1.4955747191903601, "3": -0.30437717004460163, "4": -1.5711604110927444, "5": -1.9499128962197252, "6": -1.407780280788282, "7": -2.265927081556514}, "datetime": {"datetime": "2021-06-30 01:11:46", "elapsed": 17886.358113, "delta": 34.524329}}
{"target": 0.0030446232470074676, "params": {"0": -1.0482719146445545, "1": -0.8992329401343064, "2": 1.809057632873615, "3": -1.217275457115557, "4": -1.4365722647260502, "5": 2.0094240668786316, "6": 1.245914418000396, "7": 0.02906452454383679}, "datetime": {"datetime": "2021-06-30 01:12:18", "elapsed": 17918.258644, "delta": 31.900531}}
{"target": 0.042413891494726214, "params": {"0": 2.3056298358847673, "1": 1.2514215049804598, "2": 0.429956506974543, "3": -0.7041847807504751, "4": -2.558520381486307, "5": -0.7737971375424357, "6": -2.0746154587763925, "7": -2.483687164796652}, "datetime": {"datetime": "2021-06-30 01:13:14", "elapsed": 17974.364444, "delta": 56.1058}}
{"target": 0.01655669759628741, "params": {"0": -0.22595589915428693, "1": -0.1315595763787738, "2": -0.32991386227667974, "3": -2.263169493083306, "4": -1.238363902448375, "5": -0.9295989590095344, "6": -0.48980611726473144, "7": 0.855800402754189}, "datetime": {"datetime": "2021-06-30 01:14:08", "elapsed": 18028.441856, "delta": 54.077412}}
{"target": 0.0032490638257731312, "params": {"0": 2.3222545147620703, "1": -1.3959994688371118, "2": 1.6449418517668901, "3": 2.3903151605078135, "4": -0.18747325630539535, "5": -1.7733718276850796, "6": 1.0257045575758026, "7": 1.5392838108310727}, "datetime": {"datetime": "2021-06-30 01:15:04", "elapsed": 18084.003299, "delta": 55.561443}}
{"target": 0.002859686157459668, "params": {"0": 2.0169146090281274, "1": 2.4478596229331018, "2": -1.6222415428373587, "3": 0.009911274034958506, "4": 1.7638978781581365, "5": -0.17573092156776626, "6": 2.6801899241821694, "7": 2.876095843518942}, "datetime": {"datetime": "2021-06-30 01:15:37", "elapsed": 18117.406676, "delta": 33.403377}}
{"target": 0.00942222777464223, "params": {"0": 0.34531491312501883, "1": -2.31750905527499, "2": -2.3468810555691566, "3": -2.349141844562197, "4": -1.8421113158018245, "5": -1.48688619625977, "6": 1.200028314967975, "7": -1.145327207857195}, "datetime": {"datetime": "2021-06-30 01:16:42", "elapsed": 18182.48335, "delta": 65.076674}}
{"target": 0.0031309993695667056, "params": {"0": -0.5289167640694843, "1": 1.4112216783575127, "2": -1.6205145389705409, "3": -0.7238523647514818, "4": -1.0350119543415472, "5": -2.4131002175273735, "6": -1.4125974204919924, "7": -2.171515467745386}, "datetime": {"datetime": "2021-06-30 01:17:52", "elapsed": 18252.41846, "delta": 69.93511}}
{"target": 0.004760765977774739, "params": {"0": 0.32912921865020905, "1": -2.7374662829234557, "2": 2.5320705920419115, "3": 1.1827020270804045, "4": -2.2413711073350044, "5": 0.8366807906516738, "6": -2.8392905121552, "7": -0.6816885634961549}, "datetime": {"datetime": "2021-06-30 01:18:35", "elapsed": 18294.61203, "delta": 42.19357}}
{"target": 0.0033115639052759215, "params": {"0": 0.5398148351517915, "1": 2.2275562042056976, "2": -0.30679376590774954, "3": -1.5975869381158903, "4": -0.6833286842295312, "5": -0.6361976421732036, "6": 2.3934311450871384, "7": -1.3105341504827872}, "datetime": {"datetime": "2021-06-30 01:19:19", "elapsed": 18339.295168, "delta": 44.683138}}
{"target": 0.005371950926745157, "params": {"0": -0.8072033651062367, "1": 0.15704118535683786, "2": -1.6643137581812888, "3": -2.6263595130947843, "4": 1.2101507547821635, "5": 1.598847823135456, "6": -1.72194071689908, "7": 1.4110693134638357}, "datetime": {"datetime": "2021-06-30 01:20:10", "elapsed": 18390.205497, "delta": 50.910329}}
{"target": 0.003148841364819326, "params": {"0": 1.3729044289833467, "1": -2.6819204435227153, "2": 1.8687304851513282, "3": 1.1287830234397482, "4": -0.826684651633232, "5": 2.3498381019237344, "6": 1.7611028538423756, "7": -1.487079205676405}, "datetime": {"datetime": "2021-06-30 01:20:47", "elapsed": 18426.976412, "delta": 36.770915}}
{"target": 0.0031882599145364016, "params": {"0": 0.8126568341174076, "1": -1.6723760416610023, "2": -1.0509542497148732, "3": -1.360620690129186, "4": -1.2575312934851066, "5": -2.520015047478027, "6": -0.5052436744764579, "7": -0.5597552083059307}, "datetime": {"datetime": "2021-06-30 01:21:12", "elapsed": 18451.923535, "delta": 24.947123}}
{"target": 0.0032673808596771813, "params": {"0": -1.4049471143654115, "1": -0.7618753403976632, "2": -0.5026127160999243, "3": -2.487124199949864, "4": 0.8363265119532746, "5": -0.8100033472091317, "6": -1.9133801759141242, "7": -2.1554341222089315}, "datetime": {"datetime": "2021-06-30 01:22:02", "elapsed": 18502.000275, "delta": 50.07674}}
{"target": 0.004542364637052935, "params": {"0": 0.6531614694464349, "1": 2.182550014575594, "2": 0.46015353016551064, "3": -2.2099089627699824, "4": 2.2690233869175884, "5": -1.5560375777009041, "6": 0.8704698829682362, "7": 0.28289844327139235}, "datetime": {"datetime": "2021-06-30 01:22:37", "elapsed": 18537.15139, "delta": 35.151115}}
{"target": 0.003102593761030089, "params": {"0": 0.5765177455316626, "1": 1.7762704877567064, "2": -1.1086623716594823, "3": -2.0983177033095712, "4": -0.7601195940501073, "5": -1.3740918817009788, "6": -0.7408741161645871, "7": 2.252773075593912}, "datetime": {"datetime": "2021-06-30 01:23:40", "elapsed": 18600.493404, "delta": 63.342014}}
{"target": 0.005025034116129694, "params": {"0": -1.8967993578658924, "1": 0.8503178942655096, "2": -0.054750211986606345, "3": -1.7016875739847324, "4": 0.8040433730776182, "5": 2.8004796435448576, "6": -1.659957760712063, "7": -1.0685974195671168}, "datetime": {"datetime": "2021-06-30 01:24:05", "elapsed": 18624.520651, "delta": 24.027247}}
{"target": 0.003478184489791005, "params": {"0": 1.0135542799670318, "1": -1.3965018839258168, "2": 0.745383817249544, "3": 0.032539225283781725, "4": -0.8590924030019842, "5": -1.7386168240177846, "6": -0.04399072342095023, "7": -2.1931908381112506}, "datetime": {"datetime": "2021-06-30 01:25:04", "elapsed": 18684.353026, "delta": 59.832375}}
{"target": 0.0030894005687137783, "params": {"0": -0.8561859020048379, "1": 1.4821738716334991, "2": -0.48848182881646274, "3": -2.8051367264046796, "4": 0.2180603678572126, "5": 0.1643820529470661, "6": -2.7807896703207398, "7": -2.3546604688537816}, "datetime": {"datetime": "2021-06-30 01:25:36", "elapsed": 18716.065765, "delta": 31.712739}}
{"target": 0.0049886079946038575, "params": {"0": -0.21329382402140595, "1": 0.5248303288315972, "2": 0.5931231141091886, "3": 1.4437112143699409, "4": -2.9018280935604643, "5": 1.3118174204669142, "6": -0.1026283533147554, "7": 1.1838091393457937}, "datetime": {"datetime": "2021-06-30 01:26:12", "elapsed": 18751.578696, "delta": 35.512931}}
{"target": 0.0029703009321243243, "params": {"0": -0.8740859253496298, "1": -0.2220488762916255, "2": -0.502196437209995, "3": 2.8931601557915716, "4": 2.9327568509016384, "5": -2.9751361979339475, "6": 2.298210890463097, "7": 2.427490212530075}, "datetime": {"datetime": "2021-06-30 01:27:03", "elapsed": 18803.248929, "delta": 51.670233}}
{"target": 0.005869269740558161, "params": {"0": 1.9847581895899973, "1": 0.6460116830679006, "2": 0.4808073684107166, "3": -0.5653966166722371, "4": -2.3584344345961314, "5": -1.2024364559243967, "6": -2.101046673589563, "7": -2.9554843882611914}, "datetime": {"datetime": "2021-06-30 01:27:47", "elapsed": 18847.379041, "delta": 44.130112}}
{"target": 0.0030228806273076554, "params": {"0": 2.6847377573892848, "1": 0.7954957477477014, "2": -2.441734610342421, "3": 2.3532798413916556, "4": -0.6533581640131407, "5": -2.367250582524208, "6": -0.6521595652291605, "7": -0.4097313988474234}, "datetime": {"datetime": "2021-06-30 01:28:28", "elapsed": 18888.328994, "delta": 40.949953}}
{"target": 0.003161456624401146, "params": {"0": -1.2357889367196313, "1": -1.7635658496143896, "2": 2.344748960547162, "3": 0.5243998511516899, "4": 1.5314283540672502, "5": 1.4240215110247574, "6": -2.6083875263645924, "7": -1.0130468671948247}, "datetime": {"datetime": "2021-06-30 01:29:00", "elapsed": 18919.608066, "delta": 31.279072}}
{"target": 0.003506180107627063, "params": {"0": -1.2794131096789527, "1": 0.5693400723165536, "2": 1.3422718853874098, "3": 2.3956433153027827, "4": -0.802033749467534, "5": 1.5262397608171883, "6": 1.9191594945426242, "7": -2.0446831515781234}, "datetime": {"datetime": "2021-06-30 01:30:05", "elapsed": 18984.504351, "delta": 64.896285}}
{"target": 0.0030694561284644564, "params": {"0": -1.2702845484037202, "1": 1.4909574347789727, "2": 2.4749999620720367, "3": 2.869789144690947, "4": 0.6348764645544795, "5": -1.7398047001786732, "6": 1.9773488043181358, "7": 2.1094900807875305}, "datetime": {"datetime": "2021-06-30 01:30:28", "elapsed": 19007.693545, "delta": 23.189194}}
{"target": 0.00337412608633059, "params": {"0": 2.411935845579894, "1": -2.178057574690766, "2": 1.7779255893677215, "3": 0.5754125286844101, "4": -2.4660355322422247, "5": 1.26765809702811, "6": -0.896385047963435, "7": -2.0147360164318178}, "datetime": {"datetime": "2021-06-30 01:30:54", "elapsed": 19033.528496, "delta": 25.834951}}
{"target": 0.006865345674701866, "params": {"0": -0.0124123463173893, "1": 2.5700705939002297, "2": -0.4460105115694821, "3": 0.7636539373693285, "4": 1.1457761567056286, "5": -2.578539883042466, "6": -0.3224026676696776, "7": -2.6693442124030384}, "datetime": {"datetime": "2021-06-30 01:31:57", "elapsed": 19097.4115, "delta": 63.883004}}
{"target": 0.0031332493833969863, "params": {"0": 0.4797242328272677, "1": 1.9339912927656844, "2": 0.3109441846891472, "3": -2.859189309764737, "4": -0.7622037221254336, "5": 0.6145894624773152, "6": 0.7343104400213831, "7": 1.1448328301346038}, "datetime": {"datetime": "2021-06-30 01:32:21", "elapsed": 19121.014106, "delta": 23.602606}}
{"target": 0.0066389757064187465, "params": {"0": -2.490192584168702, "1": -1.5773252697369937, "2": 0.8434812143031332, "3": -0.7183119108343377, "4": -0.8476207790044463, "5": -1.766135575664339, "6": -2.0949086877702507, "7": -0.4119384852381378}, "datetime": {"datetime": "2021-06-30 01:33:31", "elapsed": 19190.508113, "delta": 69.494007}}
{"target": 0.014472759295399214, "params": {"0": -1.9375341191099638, "1": -2.890083265551965, "2": 2.8594360661200593, "3": -2.0721078304120657, "4": 1.4060854999267978, "5": -0.042029938484978935, "6": -2.283733839670047, "7": 0.6101049365947504}, "datetime": {"datetime": "2021-06-30 01:33:59", "elapsed": 19218.927974, "delta": 28.419861}}
{"target": 0.004046879631554153, "params": {"0": -2.9186040899960437, "1": 0.2044137225192033, "2": -2.401382218798405, "3": 0.024876564424086034, "4": -1.737383192188795, "5": -2.4824829188636683, "6": -1.5783873037065361, "7": -0.256424521563261}, "datetime": {"datetime": "2021-06-30 01:35:10", "elapsed": 19290.156504, "delta": 71.22853}}
{"target": 0.003017049183402723, "params": {"0": -0.7943848812963688, "1": 1.0883569094158272, "2": -2.5536882686252875, "3": 2.047853968985672, "4": 0.6151027104186704, "5": 2.300439230330177, "6": 1.5253090617421856, "7": 2.7963177692376258}, "datetime": {"datetime": "2021-06-30 01:35:35", "elapsed": 19315.436418, "delta": 25.279914}}
{"target": 0.008940007001958405, "params": {"0": 0.36509780363854016, "1": 2.2735260973811373, "2": -0.7681302172709046, "3": -1.1211234598961022, "4": -0.422678298740756, "5": -0.5848444894700684, "6": 1.8579811357200011, "7": -1.137005955304431}, "datetime": {"datetime": "2021-06-30 01:36:31", "elapsed": 19370.742598, "delta": 55.30618}}
{"target": 0.0029685201557264726, "params": {"0": -0.6812609549202575, "1": -1.1042499144961053, "2": -0.8477980749980709, "3": 0.6095339826073864, "4": -0.81569631535345, "5": 2.8893261265316124, "6": -0.8111350943678115, "7": -0.075005246145194}, "datetime": {"datetime": "2021-06-30 01:37:00", "elapsed": 19400.359043, "delta": 29.616445}}
{"target": 0.0031886918884261213, "params": {"0": 2.8382774499247123, "1": -1.4634571801571372, "2": 2.6147148740348394, "3": -2.7506824120007387, "4": -1.1757714150653171, "5": -0.525811381515255, "6": 0.8304596681988912, "7": -2.099311668510042}, "datetime": {"datetime": "2021-06-30 01:37:57", "elapsed": 19457.176147, "delta": 56.817104}}
{"target": 0.010447777955739857, "params": {"0": -0.3134389656412653, "1": -2.2938878278244115, "2": 0.6290377416903143, "3": 0.6386696010682744, "4": 0.26277836608634075, "5": -1.0299735393523248, "6": 0.428684474996464, "7": 0.7848563325125051}, "datetime": {"datetime": "2021-06-30 01:38:36", "elapsed": 19496.097376, "delta": 38.921229}}
{"target": 0.0036164444804431743, "params": {"0": 1.1975957764938805, "1": 0.7740438821184963, "2": -0.7749731754026001, "3": -1.2916281601099315, "4": -0.5863737750968956, "5": -0.7765388185379165, "6": -0.006807453171989497, "7": 1.5258612621209355}, "datetime": {"datetime": "2021-06-30 01:40:06", "elapsed": 19585.573924, "delta": 89.476548}}
{"target": 0.003785327191716652, "params": {"0": -0.39764383054911345, "1": -0.04966292662441152, "2": 2.642520744237764, "3": -2.652228522486483, "4": 2.691087159186453, "5": -0.9878428549750229, "6": 2.8145014221267166, "7": -0.6768064550855142}, "datetime": {"datetime": "2021-06-30 01:40:44", "elapsed": 19623.743684, "delta": 38.16976}}
{"target": 0.0030333675380760684, "params": {"0": -1.7166353306623006, "1": 0.9926718611785672, "2": 1.765548827206401, "3": -1.7039042367935815, "4": 0.20068134833930396, "5": 2.472287862999181, "6": 1.0444948817118505, "7": 0.3805587756958424}, "datetime": {"datetime": "2021-06-30 01:41:35", "elapsed": 19674.835709, "delta": 51.092025}}
{"target": 0.0033915982691798785, "params": {"0": 1.8191457014233183, "1": -2.5156680553469064, "2": -0.9544930682515695, "3": -1.2088045767947206, "4": 0.572452374660315, "5": -0.8307163364696724, "6": -0.8991166208967858, "7": -0.07788477325218945}, "datetime": {"datetime": "2021-06-30 01:42:15", "elapsed": 19715.162574, "delta": 40.326865}}
{"target": 0.003810010480490003, "params": {"0": 2.953677706608051, "1": -2.9148883493074607, "2": -2.4744010563589782, "3": 2.227961772235899, "4": -2.2447895262557918, "5": 2.762991649662169, "6": 0.5165070367049038, "7": -0.8893365871883296}, "datetime": {"datetime": "2021-06-30 01:42:55", "elapsed": 19754.903852, "delta": 39.741278}}
{"target": 0.009524389599487659, "params": {"0": -1.0749618318111713, "1": 2.205497892150712, "2": -2.980775707961439, "3": -2.3106554895735454, "4": -2.7680757491148476, "5": 1.2404163331126892, "6": 1.820178701667217, "7": 1.3400656817652266}, "datetime": {"datetime": "2021-06-30 01:43:32", "elapsed": 19792.068521, "delta": 37.164669}}
{"target": 0.0032479709935200577, "params": {"0": 2.8681225154771397, "1": -1.9629135085451794, "2": 2.655319832769421, "3": -1.469813335685661, "4": -1.173540550634756, "5": 1.0995722697576156, "6": -0.9074689443795427, "7": 0.8447481481273327}, "datetime": {"datetime": "2021-06-30 01:44:10", "elapsed": 19830.436887, "delta": 38.368366}}
{"target": 0.0033625156228863366, "params": {"0": 0.5812463472638392, "1": -2.605161940155766, "2": 2.1247115658258995, "3": -2.159726527318133, "4": 0.5536458734568246, "5": 1.83041120742336, "6": -1.8491567742379205, "7": 0.5945426667163991}, "datetime": {"datetime": "2021-06-30 01:45:11", "elapsed": 19890.911343, "delta": 60.474456}}
{"target": 0.005356565177418751, "params": {"0": 1.2312613423920684, "1": 2.581792749727624, "2": -2.5326693289078053, "3": 1.528659841416811, "4": -2.1248549237257857, "5": -2.8540738009249322, "6": -1.9377145811795569, "7": -2.7833378592378537}, "datetime": {"datetime": "2021-06-30 01:45:51", "elapsed": 19931.329557, "delta": 40.418214}}
{"target": 0.003927989857790903, "params": {"0": 2.3051186660959164, "1": 1.3263997874742826, "2": -1.6596828667368575, "3": 0.9403627268305383, "4": -2.8987061661760176, "5": -0.574960834600601, "6": -2.2419290343779483, "7": 1.4414713330188356}, "datetime": {"datetime": "2021-06-30 01:46:27", "elapsed": 19966.859946, "delta": 35.530389}}
{"target": 0.003308476372707018, "params": {"0": -2.279928684658045, "1": 1.6205222568599993, "2": 1.5471403094144955, "3": 0.5177227414640702, "4": 2.21118352245475, "5": 0.0694000818417031, "6": -1.840373579635541, "7": 2.737013671485954}, "datetime": {"datetime": "2021-06-30 01:46:51", "elapsed": 19991.149254, "delta": 24.289308}}
{"target": 0.0032220747660381918, "params": {"0": -1.9395100029230028, "1": 0.453434471069043, "2": 2.044610582629515, "3": 0.28021684046520745, "4": -1.1852575976937025, "5": -2.8553559223989113, "6": 0.11765448901368725, "7": 0.5813460432030375}, "datetime": {"datetime": "2021-06-30 01:47:46", "elapsed": 20046.199279, "delta": 55.050025}}
{"target": 0.004665683949192745, "params": {"0": -2.256988742844629, "1": -1.1348393306583857, "2": 1.9958611933449601, "3": -2.7947346816316223, "4": -0.2186482350743919, "5": -2.5047850836702894, "6": -2.861492828651043, "7": 1.1038420120330041}, "datetime": {"datetime": "2021-06-30 01:48:32", "elapsed": 20092.116779, "delta": 45.9175}}
{"target": 0.003245924087374, "params": {"0": 0.9172088197757589, "1": -1.3035682881855633, "2": 1.3969461970495374, "3": -0.5205415863603027, "4": -1.818521084443993, "5": 2.3053471579754374, "6": -0.9744109900619549, "7": 0.22886604570874747}, "datetime": {"datetime": "2021-06-30 01:48:55", "elapsed": 20115.082112, "delta": 22.965333}}
{"target": 0.0031355865147639564, "params": {"0": -2.410920840417136, "1": 1.2925465425275586, "2": -2.4330329488079085, "3": 1.3549708920715489, "4": 2.782679887003284, "5": -1.802642512176982, "6": 1.7370556377679431, "7": -2.8291241294450034}, "datetime": {"datetime": "2021-06-30 01:50:23", "elapsed": 20203.440134, "delta": 88.358022}}
{"target": 0.004517110847264814, "params": {"0": -2.3984454649864753, "1": -0.8297052162024245, "2": -2.5469632126260255, "3": -1.960046214495998, "4": 1.6716823120331208, "5": 0.4166570611732823, "6": -2.746238093998245, "7": 2.917145599665009}, "datetime": {"datetime": "2021-06-30 01:50:53", "elapsed": 20232.903573, "delta": 29.463439}}
{"target": 0.007458575584480999, "params": {"0": 2.715386467515019, "1": -0.19993008397829248, "2": 0.9542255029500435, "3": 2.6419309140840452, "4": -1.3110618164623178, "5": -1.6277094814527981, "6": 2.5916334468923337, "7": 1.803135524431699}, "datetime": {"datetime": "2021-06-30 01:51:26", "elapsed": 20265.578305, "delta": 32.674732}}
{"target": 0.003914877582348346, "params": {"0": -1.1692415199733446, "1": -1.2134099730295405, "2": -2.789205018764026, "3": 0.621505961059893, "4": -2.8553110054357966, "5": -1.6692116882453616, "6": -1.8066175298942437, "7": -2.0323036009014093}, "datetime": {"datetime": "2021-06-30 01:52:07", "elapsed": 20307.372166, "delta": 41.793861}}
{"target": 0.003088357348048082, "params": {"0": -0.7462345992819079, "1": 1.5380456682180252, "2": 1.5442760151027715, "3": -1.0394535829578802, "4": -1.5565653140770666, "5": -1.493153110862111, "6": 1.2168073873222234, "7": 1.778213024410448}, "datetime": {"datetime": "2021-06-30 01:52:58", "elapsed": 20357.965881, "delta": 50.593715}}
{"target": 0.0032976434722795153, "params": {"0": 0.8197528755663877, "1": -0.12208425793054323, "2": -1.9124132412804267, "3": -0.3821158178268895, "4": -0.21292338155984591, "5": 2.6375434619798304, "6": -0.41680160544956024, "7": -2.317606643326852}, "datetime": {"datetime": "2021-06-30 01:53:38", "elapsed": 20397.918084, "delta": 39.952203}}
{"target": 0.011791190005777937, "params": {"0": -1.625038791635001, "1": 2.6915133267265245, "2": -1.1598781486248742, "3": -2.8156816349415967, "4": -2.250445387675869, "5": -1.4292256486450756, "6": -1.121049014898443, "7": 1.2785745517632314}, "datetime": {"datetime": "2021-06-30 01:54:34", "elapsed": 20453.647601, "delta": 55.729517}}
