{"target": 0.0030123078323532164, "params": {"0": 0.8745311075179245, "1": 2.219618383377761, "2": 0.12170190321852337, "3": -1.2764251765723962, "4": 2.332594340283344, "5": 1.0816312129615824, "6": -2.8676860968649382, "7": -1.466286365977959}, "datetime": {"datetime": "2021-06-29 21:16:22", "elapsed": 3675.828036, "delta": 11.802421}}
{"target": 0.0029063540875424315, "params": {"0": 1.218800254245914, "1": 2.7512303567567624, "2": -2.80935977684236, "3": -1.3285022696285567, "4": 2.633742917469654, "5": 1.4990586031476063, "6": 1.6812134206473264, "7": -1.134429684716354}, "datetime": {"datetime": "2021-06-29 21:16:37", "elapsed": 3690.258198, "delta": 14.430162}}
{"target": 0.003110448130097923, "params": {"0": -0.8054076492726825, "1": 0.4879528671707476, "2": -1.8470277867169358, "3": -1.5654110946806323, "4": 1.6845335649338748, "5": -0.7735660125052757, "6": 1.628215191314804, "7": -1.6422220085428691}, "datetime": {"datetime": "2021-06-29 21:16:53", "elapsed": 3706.773526, "delta": 16.515328}}
{"target": 0.003915596347464593, "params": {"0": -1.4303560653588845, "1": 2.5469227238089207, "2": -2.011327009909327, "3": 0.5283745238482962, "4": 0.8640681773660113, "5": -0.7408195211119262, "6": -0.6231741983395089, "7": 0.6166461148844276}, "datetime": {"datetime": "2021-06-29 21:17:05", "elapsed": 3718.234334, "delta": 11.460808}}
{"target": 0.003016587248226212, "params": {"0": -1.5777697678158673, "1": -2.003046191547428, "2": 1.3769253379759512, "3": -2.5180884940412662, "4": 0.18630963320234528, "5": 0.5142015359381045, "6": 2.9692546492259897, "7": 2.4905544802530653}, "datetime": {"datetime": "2021-06-29 21:17:14", "elapsed": 3727.628892, "delta": 9.394558}}
{"target": 0.009750932780969234, "params": {"0": 0.9687261077599523, "1": -0.20592950023074774, "2": -2.809725802760819, "3": -1.4061210631621082, "4": -0.11201593811383903, "5": -0.5533604809821981, "6": 1.5493088528588261, "7": 0.8699711712871254}, "datetime": {"datetime": "2021-06-29 21:17:26", "elapsed": 3739.652493, "delta": 12.023601}}
{"target": 0.0032623889276673867, "params": {"0": -0.49818795943990324, "1": 1.364867917953065, "2": 1.7025127422131492, "3": 2.724456648513134, "4": 0.6427221066801483, "5": -2.378950794981183, "6": -2.4193731791291047, "7": -2.2286445043748198}, "datetime": {"datetime": "2021-06-29 21:17:37", "elapsed": 3750.276718, "delta": 10.624225}}
{"target": 0.004014547551135485, "params": {"0": 1.0546056936513333, "1": 0.6892366948785744, "2": -2.7617477487277187, "3": -2.343184232268179, "4": 0.028585040436092335, "5": -1.0259477806384774, "6": -0.4542673889273532, "7": -2.3080306611261294}, "datetime": {"datetime": "2021-06-29 21:18:01", "elapsed": 3774.441931, "delta": 24.165213}}
{"target": 0.0030970689070700425, "params": {"0": 0.13741079785053723, "1": 1.9552657278951955, "2": -1.3329134680310228, "3": 0.5633835361691992, "4": -0.48309706935637653, "5": -0.5749395470388863, "6": -1.0889887349863, "7": 1.684439446144073}, "datetime": {"datetime": "2021-06-29 21:18:12", "elapsed": 3785.7214, "delta": 11.279469}}
{"target": 0.004614503488839837, "params": {"0": -2.074499642405426, "1": -2.2503123767933215, "2": 1.0752788676940837, "3": -2.020644445675189, "4": 0.5317313011864448, "5": -2.162207362326899, "6": -1.4750996440764594, "7": -2.7957522942718676}, "datetime": {"datetime": "2021-06-29 21:18:22", "elapsed": 3795.265409, "delta": 9.544009}}
{"target": 0.0032953720894707537, "params": {"0": 2.810683762825531, "1": -1.4534837282796913, "2": -1.5321015825340203, "3": 2.2123553285193474, "4": 1.5681112445903098, "5": 0.6154099456516984, "6": 1.8576906441449035, "7": -2.165035165612153}, "datetime": {"datetime": "2021-06-29 21:18:37", "elapsed": 3810.048615, "delta": 14.783206}}
{"target": 0.0031132116225108114, "params": {"0": -2.213798901057451, "1": 0.5859871831420085, "2": 2.1911807151144718, "3": -1.5407079765950733, "4": -1.7156080319002052, "5": 0.6733623629289012, "6": 2.696862326162263, "7": -2.6609768594129406}, "datetime": {"datetime": "2021-06-29 21:18:51", "elapsed": 3824.838372, "delta": 14.789757}}
{"target": 0.7302278895189304, "params": {"0": 1.6449005724083001, "1": -2.597885508032852, "2": 2.5298691203719725, "3": -0.9721520332006142, "4": 2.8573011862426725, "5": -1.8176460687628229, "6": 1.769357596554027, "7": 2.7853911710686337}, "datetime": {"datetime": "2021-06-29 21:19:04", "elapsed": 3837.271995, "delta": 12.433623}}
{"target": 0.005087640828513838, "params": {"0": -1.5548135281936573, "1": 2.170116071808927, "2": -1.5900597407647845, "3": 1.7294897582156183, "4": -1.7660279369380476, "5": -1.0030528766263762, "6": -1.1869456262916966, "7": -0.2909755541816139}, "datetime": {"datetime": "2021-06-29 21:19:19", "elapsed": 3852.304184, "delta": 15.032189}}
{"target": 0.003270172827004491, "params": {"0": -1.1484778963629287, "1": 0.3244418844447603, "2": 0.9314520578406285, "3": -1.280343429264718, "4": -2.6583518513278674, "5": -1.1473587462311405, "6": 2.088579500507741, "7": 0.5538988021684101}, "datetime": {"datetime": "2021-06-29 21:19:33", "elapsed": 3866.306123, "delta": 14.001939}}
{"target": 0.004936586730523988, "params": {"0": -1.2545502480128856, "1": 0.03157293160541075, "2": -0.5232058983841541, "3": -2.629676597082775, "4": -1.0117733439433971, "5": 1.9953685982677314, "6": -0.6862388200022305, "7": -1.057743481812091}, "datetime": {"datetime": "2021-06-29 21:19:46", "elapsed": 3879.919128, "delta": 13.613005}}
{"target": 0.0038245560060097953, "params": {"0": 2.0393618972798437, "1": -1.8686887112536863, "2": 1.6614142074913412, "3": -2.9656350989147318, "4": 0.4302746050229094, "5": -0.8534334920953812, "6": -0.3883776639448282, "7": -1.847591954838578}, "datetime": {"datetime": "2021-06-29 21:19:59", "elapsed": 3892.101471, "delta": 12.182343}}
{"target": 0.005020823786206113, "params": {"0": -0.04606876308898711, "1": -2.158578141951764, "2": 1.857535187713264, "3": 0.16120103039470646, "4": -1.5265440641843844, "5": 2.992743560219255, "6": 0.45495658382031756, "7": -2.697925044029219}, "datetime": {"datetime": "2021-06-29 21:20:08", "elapsed": 3901.281753, "delta": 9.180282}}
{"target": 0.010354289244862607, "params": {"0": -0.9969339679848073, "1": -1.804434336627296, "2": -0.7025145394726251, "3": -0.0398021573168732, "4": 1.0143329801825027, "5": 2.439634661922348, "6": 0.6511823024698535, "7": -1.4894187783645059}, "datetime": {"datetime": "2021-06-29 21:20:22", "elapsed": 3915.76388, "delta": 14.482127}}
{"target": 0.0036850405719200683, "params": {"0": -1.6249119608826579, "1": -0.04346131025576039, "2": -1.7364212241407382, "3": -2.008968131876383, "4": -2.7004963686627503, "5": -1.6701245615150744, "6": -0.21017142783727705, "7": -0.9232847990788211}, "datetime": {"datetime": "2021-06-29 21:20:37", "elapsed": 3930.476434, "delta": 14.712554}}
{"target": 0.0038689816184149933, "params": {"0": 1.7132245870387521, "1": 0.18565586033277715, "2": -2.29906708298129, "3": -0.8829499761322683, "4": -1.1222985701175958, "5": -0.37545480179669255, "6": -1.610530590709931, "7": 1.9242233397606725}, "datetime": {"datetime": "2021-06-29 21:20:54", "elapsed": 3947.144862, "delta": 16.668428}}
{"target": 0.003290489105876566, "params": {"0": 2.0389732616079064, "1": 0.956114458773361, "2": 1.313520756501367, "3": 0.80212100746005, "4": 1.3239979164751459, "5": 2.7684146402181335, "6": -1.5202840714205683, "7": 0.21627715540553183}, "datetime": {"datetime": "2021-06-29 21:21:18", "elapsed": 3971.332821, "delta": 24.187959}}
{"target": 0.0038597887500804373, "params": {"0": 1.1698750832276446, "1": -1.5437385187140742, "2": 0.7094287383420705, "3": -2.7263774785715027, "4": -2.5221958392563177, "5": -1.4299611088643458, "6": -2.880910287946542, "7": 1.1452205583411104}, "datetime": {"datetime": "2021-06-29 21:21:31", "elapsed": 3984.367019, "delta": 13.034198}}
{"target": 0.003192105638311778, "params": {"0": -2.0665539907065194, "1": 0.5719422949584305, "2": 0.30749675533773724, "3": -2.4366850443580867, "4": -0.7325407004872222, "5": 1.0299490670911, "6": 1.1377494043579777, "7": -1.9623688854722754}, "datetime": {"datetime": "2021-06-29 21:21:42", "elapsed": 3995.693792, "delta": 11.326773}}
{"target": 0.01051162812492592, "params": {"0": 1.407448396147653, "1": -1.124492965807355, "2": -0.9684556389505721, "3": -1.3882439166816603, "4": 0.6270751981225184, "5": -2.3373545136065705, "6": 2.1174150192663515, "7": 1.183857712005441}, "datetime": {"datetime": "2021-06-29 21:21:58", "elapsed": 4011.182783, "delta": 15.488991}}
{"target": 0.0032600209349256436, "params": {"0": 2.3071516487147683, "1": 1.4498936389981631, "2": -0.579466933242724, "3": 2.345142930266726, "4": -1.2012629138919957, "5": -2.240625078420762, "6": 2.467245044022331, "7": -2.084981683896351}, "datetime": {"datetime": "2021-06-29 21:22:09", "elapsed": 4022.677081, "delta": 11.494298}}
{"target": 0.0040246488713319775, "params": {"0": -2.4188386166337956, "1": -2.994205517579708, "2": -0.267345873531426, "3": 0.03821563371320247, "4": 0.8183826560146725, "5": 0.9359748081626478, "6": -1.6497745402493937, "7": -2.149152408760102}, "datetime": {"datetime": "2021-06-29 21:22:17", "elapsed": 4030.593678, "delta": 7.916597}}
{"target": 0.0041228021933396196, "params": {"0": 2.468159402964088, "1": -2.0461849459287142, "2": -0.3589891132417584, "3": -2.8597501669139174, "4": -1.7760429470935244, "5": -0.5018250668977795, "6": -0.5792027763744114, "7": 1.310010257266394}, "datetime": {"datetime": "2021-06-29 21:22:34", "elapsed": 4047.555841, "delta": 16.962163}}
{"target": 0.007314884051891451, "params": {"0": 0.44374937079746735, "1": -2.8658891028738434, "2": -2.12866139148053, "3": -2.739379870242464, "4": -1.2470434386303093, "5": -1.6213535548884053, "6": 1.5267262983163095, "7": -0.5054523159545266}, "datetime": {"datetime": "2021-06-29 21:22:43", "elapsed": 4056.416865, "delta": 8.861024}}
{"target": 0.0033578009248603495, "params": {"0": -1.9362026072836143, "1": 2.8466693773066716, "2": -1.7002545639669846, "3": 2.382264336943736, "4": 0.7849826546938794, "5": -0.3152494512117956, "6": -2.6555561889704777, "7": -1.0395985156089853}, "datetime": {"datetime": "2021-06-29 21:22:55", "elapsed": 4068.173771, "delta": 11.756906}}
{"target": 0.004679872966803368, "params": {"0": 2.837854551786288, "1": -2.418345884746995, "2": -1.5809531844494156, "3": 1.2418830972161992, "4": 0.10978257784573531, "5": -2.5608824824744656, "6": 0.9384405493077885, "7": -0.6879413203294535}, "datetime": {"datetime": "2021-06-29 21:23:11", "elapsed": 4084.274226, "delta": 16.100455}}
{"target": 0.0032333294517808003, "params": {"0": -0.3598353571102, "1": 2.450141124209133, "2": -2.2384903079794465, "3": 2.4833903008780087, "4": -0.657075689884036, "5": -2.108205732404796, "6": -1.432176235044931, "7": 1.728785356074285}, "datetime": {"datetime": "2021-06-29 21:23:24", "elapsed": 4097.237281, "delta": 12.963055}}
{"target": 0.004837735245900571, "params": {"0": 2.1178084467211518, "1": 2.537268166231766, "2": -0.5043185047333174, "3": -2.0522025719976726, "4": 0.46568516788419334, "5": -1.632640542652037, "6": -0.20943238899257466, "7": -0.7480151427741184}, "datetime": {"datetime": "2021-06-29 21:23:38", "elapsed": 4111.282645, "delta": 14.045364}}
{"target": 0.0029868518380485307, "params": {"0": -2.3040908823540747, "1": 1.8157549580522145, "2": -1.4818758480550887, "3": 2.1267941746645187, "4": -1.866822503026164, "5": 2.0558903917678935, "6": -0.07429868692594344, "7": -2.4842927344534242}, "datetime": {"datetime": "2021-06-29 21:23:50", "elapsed": 4123.787397, "delta": 12.504752}}
{"target": 0.0030121977964248474, "params": {"0": 2.4408174947481456, "1": 0.6803499220488867, "2": -2.1756309943460033, "3": 1.4029273455873161, "4": 0.48105851561151525, "5": 0.4519809872452898, "6": -2.0857406448188094, "7": 2.103383717003828}, "datetime": {"datetime": "2021-06-29 21:24:00", "elapsed": 4133.105324, "delta": 9.317927}}
{"target": 0.00296615391077573, "params": {"0": -0.25019994351988517, "1": 2.8757591311731776, "2": -0.36897243493733267, "3": 0.4489859850587212, "4": 2.1889871896648945, "5": 1.2218490344761346, "6": 1.5740218275807072, "7": -1.5815165813778405}, "datetime": {"datetime": "2021-06-29 21:24:12", "elapsed": 4145.775669, "delta": 12.670345}}
{"target": 0.003179034142309741, "params": {"0": 2.508494479978828, "1": 0.2209665130889631, "2": 1.660357937425716, "3": -1.5595468211086823, "4": -1.1210920869096102, "5": 2.7742586731562717, "6": 0.36226782100759936, "7": -1.514058785013229}, "datetime": {"datetime": "2021-06-29 21:24:28", "elapsed": 4161.316026, "delta": 15.540357}}
{"target": 0.0028298716091501664, "params": {"0": 1.7561696601616568, "1": 0.4760199417901574, "2": -0.39548871566373034, "3": 0.273230151237156, "4": 0.754075110693647, "5": 1.18292326274595, "6": 0.21483781592671658, "7": -2.0805004315623425}, "datetime": {"datetime": "2021-06-29 21:24:39", "elapsed": 4172.107001, "delta": 10.790975}}
{"target": 0.003335170289526579, "params": {"0": 0.638881899250797, "1": 0.1607071426390485, "2": 1.7396010393548371, "3": 2.4812957625041783, "4": 1.6454428903287086, "5": -2.529629336868066, "6": -0.9986831405977323, "7": 0.7601630506748847}, "datetime": {"datetime": "2021-06-29 21:24:49", "elapsed": 4182.643495, "delta": 10.536494}}
{"target": 0.0031252319674524593, "params": {"0": -1.7865199010150403, "1": 2.086664584772672, "2": 0.6902364010326014, "3": -0.3205943624231562, "4": -0.5529473182288736, "5": 2.4388883417082488, "6": -1.7511406716235733, "7": 1.2973171066683706}, "datetime": {"datetime": "2021-06-29 21:25:06", "elapsed": 4199.202685, "delta": 16.55919}}
{"target": 0.009112832021866912, "params": {"0": -1.5408654319110229, "1": -2.4153583225623234, "2": -1.3069299045480032, "3": 1.3298078162508737, "4": 2.376436537330905, "5": -0.6513685327296539, "6": -0.41346918894247686, "7": 1.3066612405476032}, "datetime": {"datetime": "2021-06-29 21:25:35", "elapsed": 4228.61616, "delta": 29.413475}}
{"target": 0.003137137540306158, "params": {"0": 1.4697055466266837, "1": -2.875396583580632, "2": -2.3415909575283225, "3": 0.14657988151974521, "4": 0.7050236020842906, "5": -0.9991660812588035, "6": -2.7083587272455123, "7": 1.8194219175816322}, "datetime": {"datetime": "2021-06-29 21:25:51", "elapsed": 4244.441128, "delta": 15.824968}}
{"target": 0.0029125566249125793, "params": {"0": -2.4109808360415697, "1": -0.07081893446478116, "2": -1.2585412274881786, "3": 0.5654176662046502, "4": 1.8422377207185896, "5": -2.3497782786366175, "6": -2.3931478010600635, "7": 2.87559806888211}, "datetime": {"datetime": "2021-06-29 21:26:05", "elapsed": 4258.734552, "delta": 14.293424}}
{"target": 0.0030048723300665657, "params": {"0": -2.3261849878280056, "1": 0.9709919588070268, "2": -0.6191203720761589, "3": 0.7152216584679101, "4": -0.29817486121875314, "5": 2.9422778303243984, "6": -0.9714816070687129, "7": 0.6653399479165047}, "datetime": {"datetime": "2021-06-29 21:26:18", "elapsed": 4271.174459, "delta": 12.439907}}
{"target": 0.0062243834164172965, "params": {"0": -2.7034455435339133, "1": 1.073936365749856, "2": -1.8857047833121225, "3": 1.484677912024618, "4": -2.211764807271714, "5": -1.1491820027725344, "6": -2.3650607084616997, "7": 0.814467164077346}, "datetime": {"datetime": "2021-06-29 21:26:39", "elapsed": 4292.399087, "delta": 21.224628}}
{"target": 0.008812019718185361, "params": {"0": 0.4421141665298265, "1": 0.8039187193548063, "2": 1.244226997518033, "3": 2.961982212419472, "4": -2.5382464364973565, "5": -1.8074125770252134, "6": 1.6624350287951044, "7": 0.39624460472741596}, "datetime": {"datetime": "2021-06-29 21:26:53", "elapsed": 4306.387181, "delta": 13.988094}}
{"target": 0.00317648131662045, "params": {"0": -2.5800650149761504, "1": 2.658821303150283, "2": 1.1346670458508745, "3": -2.6652777133643313, "4": 1.8092287821657553, "5": -1.4204061850801468, "6": -1.128517247054676, "7": -0.8492082922231279}, "datetime": {"datetime": "2021-06-29 21:27:08", "elapsed": 4321.393119, "delta": 15.005938}}
{"target": 0.051563711567096035, "params": {"0": -1.5353063579521002, "1": -2.5138095037127135, "2": 1.7482336974875974, "3": -2.9223528269422765, "4": 1.232390125524824, "5": -1.2344510720984103, "6": -1.2405232946589064, "7": 0.628495544799522}, "datetime": {"datetime": "2021-06-29 21:27:31", "elapsed": 4344.937314, "delta": 23.544195}}
{"target": 0.004453528984768205, "params": {"0": -2.1713704622389036, "1": 2.6985590860318895, "2": 0.16721877101251348, "3": 0.21276053181270438, "4": 0.4320342626108129, "5": 1.961521976413942, "6": 1.1554397093906408, "7": -2.448312446886187}, "datetime": {"datetime": "2021-06-29 21:27:49", "elapsed": 4362.395926, "delta": 17.458612}}
{"target": 0.0032036856450700013, "params": {"0": -2.039029159976283, "1": 0.5367302946794639, "2": -0.6241545386217409, "3": 2.066491563425494, "4": 2.315425042481839, "5": 0.827772364130662, "6": -2.764513476127025, "7": -0.9071916641143964}, "datetime": {"datetime": "2021-06-29 21:28:02", "elapsed": 4375.505987, "delta": 13.110061}}
{"target": 0.0036066747578497025, "params": {"0": -0.9951466663257107, "1": -2.2155191273415205, "2": -2.081686024690006, "3": -2.1868041571997967, "4": 1.5579923346796836, "5": 0.5903547439699359, "6": -0.3746179356524548, "7": 2.9249697018046614}, "datetime": {"datetime": "2021-06-29 21:28:42", "elapsed": 4415.581396, "delta": 40.075409}}
{"target": 0.002871426423043787, "params": {"0": -1.01695981822564, "1": 0.330691624756315, "2": 0.03116260367518553, "3": 1.2494696506047918, "4": 2.889419032350423, "5": 0.6445934527354611, "6": 1.5972891649147662, "7": -2.727135787211256}, "datetime": {"datetime": "2021-06-29 21:28:53", "elapsed": 4426.990514, "delta": 11.409118}}
{"target": 0.004963053381835863, "params": {"0": 0.1936668142233069, "1": 0.39234172151850943, "2": -2.5585820473464578, "3": -1.8716321929608402, "4": 0.7203584107328851, "5": -0.24018761867050786, "6": 0.8107657025626303, "7": -2.058624939624704}, "datetime": {"datetime": "2021-06-29 21:29:10", "elapsed": 4443.967541, "delta": 16.977027}}
{"target": 0.004732291486933517, "params": {"0": 2.742288567431065, "1": -1.8620019846475677, "2": 2.193773960672522, "3": 2.3418915188201517, "4": -1.1408332145772861, "5": -1.33534061135957, "6": 1.1481879518416394, "7": 2.2649374120441887}, "datetime": {"datetime": "2021-06-29 21:29:35", "elapsed": 4468.694572, "delta": 24.727031}}
{"target": 0.0038317227692843143, "params": {"0": 2.4742598866998247, "1": 2.6796398699574926, "2": -2.549738382848287, "3": -1.796570454019176, "4": -1.5109746419363785, "5": 2.329388808666308, "6": -1.0783185637007904, "7": -1.5021548770347541}, "datetime": {"datetime": "2021-06-29 21:29:55", "elapsed": 4488.405529, "delta": 19.710957}}
{"target": 0.005776328871449386, "params": {"0": -1.811129953413364, "1": 0.7757877600976655, "2": 1.1100245390345451, "3": -1.2098912714887928, "4": -1.3091453207215866, "5": 0.28790371721439545, "6": -2.3748631293571982, "7": 1.1119753186859178}, "datetime": {"datetime": "2021-06-29 21:30:09", "elapsed": 4502.380716, "delta": 13.975187}}
{"target": 0.003140023835866189, "params": {"0": 1.5792544041869103, "1": -1.5841569410705814, "2": -2.7905959256942134, "3": 2.190321926025609, "4": -0.8262555687858315, "5": -2.486685088903605, "6": 1.9198767282548532, "7": 0.8710711158161963}, "datetime": {"datetime": "2021-06-29 21:30:43", "elapsed": 4536.721147, "delta": 34.340431}}
{"target": 0.003281635655029822, "params": {"0": -1.0729949766439792, "1": -1.148083211785447, "2": 0.10981405909554631, "3": -1.7266310381541372, "4": -2.621974909938745, "5": 2.897932303186428, "6": 1.4808452545882966, "7": -2.2968182142814713}, "datetime": {"datetime": "2021-06-29 21:31:01", "elapsed": 4554.841503, "delta": 18.120356}}
{"target": 0.0038828456467350798, "params": {"0": 0.6607228928602016, "1": 2.5138929825422576, "2": 1.1520202598465241, "3": 1.4178432442580213, "4": -0.4451800533014616, "5": -1.1483697741919896, "6": 2.500516301643163, "7": -2.3751526696635263}, "datetime": {"datetime": "2021-06-29 21:31:18", "elapsed": 4571.467114, "delta": 16.625611}}
{"target": 0.00356777375385572, "params": {"0": -0.4806466321088676, "1": 0.29019088983685615, "2": 0.7568593323810884, "3": -0.6654681634461372, "4": -2.955435352032648, "5": -1.834606007522757, "6": -2.352118224720827, "7": -1.077996633873417}, "datetime": {"datetime": "2021-06-29 21:31:37", "elapsed": 4590.937254, "delta": 19.47014}}
{"target": 0.0031452706120053643, "params": {"0": -0.41202483724072136, "1": -2.0212834593876368, "2": 2.975829768804906, "3": -0.10341112016947562, "4": -0.2713361665355838, "5": -2.5207973598267266, "6": -0.35786100143081523, "7": 1.705671944373786}, "datetime": {"datetime": "2021-06-29 21:31:52", "elapsed": 4605.788963, "delta": 14.851709}}
{"target": 0.003920570422000652, "params": {"0": 0.8209136879954739, "1": 0.8545798125885025, "2": -1.8458332960710688, "3": 0.47685235687607186, "4": -1.847946900376712, "5": 1.6281774647779699, "6": 1.3625275598357351, "7": 0.5718019006881248}, "datetime": {"datetime": "2021-06-29 21:32:04", "elapsed": 4617.222005, "delta": 11.433042}}
{"target": 0.0029128657222210115, "params": {"0": 0.44008603576691696, "1": -2.6933269827710955, "2": 1.8311873562326246, "3": 2.4975993594217307, "4": 1.6404880269412656, "5": 2.412416949019578, "6": 1.7980407807261303, "7": -0.9565926290826154}, "datetime": {"datetime": "2021-06-29 21:32:18", "elapsed": 4631.656404, "delta": 14.434399}}
{"target": 0.002931875394207727, "params": {"0": -0.9398817455204336, "1": 2.174714377983106, "2": -1.0775047841364622, "3": -1.7821623233825876, "4": 2.9767418717323384, "5": -0.017451494277382906, "6": 2.341250146654321, "7": 2.8970233926665383}, "datetime": {"datetime": "2021-06-29 21:32:49", "elapsed": 4662.768027, "delta": 31.111623}}
