{"target": 0.00296126489042152, "params": {"0": 1.2304081684094754, "1": 1.9919611472607395, "2": 1.393835229803357, "3": -1.758052303756684, "4": 0.20561049573382206, "5": 2.300481313630092, "6": -0.82897159702443, "7": -1.2497182186266869}, "datetime": {"datetime": "2021-06-29 21:49:23", "elapsed": 5743.366267, "delta": 17.395138}}
{"target": 0.0037268536853101203, "params": {"0": -2.138431675964894, "1": -1.3263754043550717, "2": 0.646751414396209, "3": 2.121753419611524, "4": -1.0665466542387574, "5": 0.9257509857036963, "6": -2.812852416869129, "7": 0.22824612172230951}, "datetime": {"datetime": "2021-06-29 21:49:36", "elapsed": 5755.648193, "delta": 12.281926}}
{"target": 0.0651566055884936, "params": {"0": -0.3881275462629552, "1": -1.4021972182448206, "2": 2.945031623392455, "3": -1.2246057789641869, "4": -0.020979498468332913, "5": 1.065691316549441, "6": -1.836509969770468, "7": 1.04559533844923}, "datetime": {"datetime": "2021-06-29 21:49:51", "elapsed": 5771.169846, "delta": 15.521653}}
{"target": 0.004566465835247182, "params": {"0": -2.4219822683192325, "1": 1.9715708321925467, "2": 1.0660169597461984, "3": -2.8409494235624573, "4": 1.468357578218293, "5": -2.167532971555918, "6": 0.011937057159205011, "7": 0.9426133316417191}, "datetime": {"datetime": "2021-06-29 21:50:18", "elapsed": 5797.82984, "delta": 26.659994}}
{"target": 0.007271444255289208, "params": {"0": -2.723442556949337, "1": 0.5989552942690635, "2": -1.8657595267134168, "3": 0.39335673781176705, "4": -1.5681752800691968, "5": -2.346428150017082, "6": -1.3222020814568665, "7": -0.4027402763290784}, "datetime": {"datetime": "2021-06-29 21:50:36", "elapsed": 5816.325317, "delta": 18.495477}}
{"target": 0.020560305334156856, "params": {"0": 0.3323308077533671, "1": 0.9545012112572575, "2": 0.6198871799605801, "3": -2.0186622560940712, "4": 1.511384718798551, "5": -2.424023500170202, "6": -0.5028900964897955, "7": -1.6730323281382393}, "datetime": {"datetime": "2021-06-29 21:50:52", "elapsed": 5831.77744, "delta": 15.452123}}
{"target": 0.003516562836497901, "params": {"0": 0.3470798156507868, "1": 0.007278455595743694, "2": 2.749167776010382, "3": -0.19129609382973234, "4": -0.799851940472009, "5": 0.840188675768573, "6": 0.49473093361203135, "7": -1.6387739935986236}, "datetime": {"datetime": "2021-06-29 21:51:11", "elapsed": 5850.945327, "delta": 19.167887}}
{"target": 0.0034062913733757683, "params": {"0": 0.786928063023649, "1": 2.711193354166099, "2": 1.1801409435398966, "3": 2.23824221084251, "4": 0.49358611530750096, "5": -2.39496588494126, "6": -2.5654399302358644, "7": 0.767881677987241}, "datetime": {"datetime": "2021-06-29 21:51:29", "elapsed": 5868.576384, "delta": 17.631057}}
{"target": 0.004056560367699319, "params": {"0": 0.6454198777330227, "1": 1.5479671669224988, "2": 2.995195574213798, "3": -1.5464690643456893, "4": -2.3779210378638407, "5": -2.3058841623858957, "6": 1.7292800313091865, "7": 2.4134492617221053}, "datetime": {"datetime": "2021-06-29 21:51:45", "elapsed": 5884.658626, "delta": 16.082242}}
{"target": 0.003361413101097299, "params": {"0": 1.870734550634448, "1": -2.8246332932112166, "2": 0.7084761428334336, "3": -2.7363721662640703, "4": -2.401215150010772, "5": -0.8998230340908764, "6": -0.2563027062534893, "7": -1.5878438917743674}, "datetime": {"datetime": "2021-06-29 21:52:01", "elapsed": 5900.890684, "delta": 16.232058}}
{"target": 0.002951347969512843, "params": {"0": -1.46135868231455, "1": -2.3428113394364027, "2": -2.7553190337358244, "3": 2.3587763218451308, "4": 0.9758409243060804, "5": -2.985527420752359, "6": -0.09885592970414958, "7": -0.8413608992899206}, "datetime": {"datetime": "2021-06-29 21:52:18", "elapsed": 5918.279496, "delta": 17.388812}}
{"target": 0.0033522483644450366, "params": {"0": 1.973608862406878, "1": 0.14023086224652115, "2": -0.6879670736600607, "3": -2.4836582821186854, "4": -1.1255645913309504, "5": 0.5671600909370103, "6": 0.8038126347930032, "7": -1.5810900505302776}, "datetime": {"datetime": "2021-06-29 21:52:40", "elapsed": 5939.780911, "delta": 21.501415}}
{"target": 0.07912629834602224, "params": {"0": -1.080032325330033, "1": 0.5072942186112157, "2": 1.4571716819723708, "3": 2.339418542747908, "4": -1.1011062166166488, "5": 1.2852436617465681, "6": 2.499075367001704, "7": -2.306799993182275}, "datetime": {"datetime": "2021-06-29 21:52:56", "elapsed": 5955.501651, "delta": 15.72074}}
{"target": 0.0030482675196486318, "params": {"0": 1.219506616838565, "1": 0.055316908606420245, "2": 0.6959671900291498, "3": -2.840965488750719, "4": 2.0987275722902705, "5": -1.51215801522084, "6": -2.965798029180255, "7": 1.7131002318494257}, "datetime": {"datetime": "2021-06-29 21:53:10", "elapsed": 5969.727093, "delta": 14.225442}}
{"target": 0.006563667709459445, "params": {"0": -0.919879201473337, "1": -1.907506751363967, "2": 2.3779512319636336, "3": 0.1425247030155603, "4": -0.39018893751956973, "5": -2.6086823028582944, "6": 1.0194667816119063, "7": -0.6023012734138522}, "datetime": {"datetime": "2021-06-29 21:53:21", "elapsed": 5981.262236, "delta": 11.535143}}
{"target": 0.08797824272096345, "params": {"0": -0.04722084137342586, "1": -2.6283264050238384, "2": -2.130052318615503, "3": -2.728461810060062, "4": -1.257454827814743, "5": -1.200356167211229, "6": 1.0917733025801413, "7": -0.9288095494938888}, "datetime": {"datetime": "2021-06-29 21:53:51", "elapsed": 6010.605026, "delta": 29.34279}}
{"target": 0.003013700571369318, "params": {"0": -1.9005557025028814, "1": -2.304779732817514, "2": -2.297703393229348, "3": 2.143769349818122, "4": -1.436497087214764, "5": 2.7350385752418145, "6": 2.5738370595754017, "7": -2.5930382199812327}, "datetime": {"datetime": "2021-06-29 21:54:11", "elapsed": 6031.139533, "delta": 20.534507}}
{"target": 0.0034175660032044653, "params": {"0": 0.8996442074947071, "1": -0.3906676747597846, "2": 1.7147355866964418, "3": -0.217248893450825, "4": 0.2537725351731197, "5": -0.7086042990116206, "6": -0.8204203046503045, "7": 1.9861276843160454}, "datetime": {"datetime": "2021-06-29 21:54:46", "elapsed": 6066.012463, "delta": 34.87293}}
{"target": 0.00432149893765322, "params": {"0": -0.7199910331921111, "1": -2.0051647990772077, "2": 2.809622866118029, "3": -2.246856434979054, "4": 1.5389577013560505, "5": 2.1831407789097232, "6": 1.1468263582634766, "7": 0.7132571721149277}, "datetime": {"datetime": "2021-06-29 21:55:07", "elapsed": 6087.068388, "delta": 21.055925}}
{"target": 0.009580582255207769, "params": {"0": 1.5354729473918773, "1": -0.9022910603923364, "2": 1.4263790744303328, "3": -0.7976600336464692, "4": -0.177019541373868, "5": -1.2239646250111142, "6": -0.9575986546134136, "7": 1.638847998227213}, "datetime": {"datetime": "2021-06-29 21:55:29", "elapsed": 6109.233814, "delta": 22.165426}}
{"target": 0.002968904559178448, "params": {"0": 0.9661459177254956, "1": -1.2147989846769665, "2": 1.9955345967750295, "3": -2.0804643012301742, "4": 2.877806836619926, "5": 0.8547053543763985, "6": 1.209308830013529, "7": -0.4343486543823505}, "datetime": {"datetime": "2021-06-29 21:55:41", "elapsed": 6121.22626, "delta": 11.992446}}
{"target": 0.0029933559574675393, "params": {"0": -1.283102509838453, "1": -1.5943097043653083, "2": 2.3245634193001043, "3": 2.2636172253248894, "4": 1.5343995424199877, "5": 0.168703962688455, "6": 2.0199124606070935, "7": -2.1838463062618563}, "datetime": {"datetime": "2021-06-29 21:56:16", "elapsed": 6156.370836, "delta": 35.144576}}
{"target": 0.0032830481858155637, "params": {"0": 0.49209146387230884, "1": 1.90806278574785, "2": -0.33214258974556277, "3": -1.7224691607608178, "4": 0.2992588700560006, "5": -0.47543460774672486, "6": 1.9556872802797223, "7": -0.5784499582634739}, "datetime": {"datetime": "2021-06-29 21:56:41", "elapsed": 6180.867262, "delta": 24.496426}}
{"target": 0.0030439495480753483, "params": {"0": -0.4904502300484026, "1": 0.4700715046841526, "2": -1.1042652293189978, "3": 1.4072569948204876, "4": -1.6882896446202849, "5": 2.3125466793687455, "6": -2.6186321313277956, "7": 0.6804502330330795}, "datetime": {"datetime": "2021-06-29 21:57:05", "elapsed": 6204.709215, "delta": 23.841953}}
{"target": 0.007178297450187229, "params": {"0": -2.018073427910818, "1": -1.9821695142076576, "2": 0.15340346639216484, "3": 0.38969948957375244, "4": 1.923256179431501, "5": -2.359079183978783, "6": 2.0985447172249767, "7": 1.9939557037757991}, "datetime": {"datetime": "2021-06-29 21:57:16", "elapsed": 6216.086518, "delta": 11.377303}}
{"target": 0.002999451743172678, "params": {"0": 2.2196545847238394, "1": -2.9859707785371854, "2": -2.4027020645595396, "3": -0.7018762038871325, "4": 2.5241544926387682, "5": 2.953560795529631, "6": -2.5643932252704094, "7": 2.372557289207114}, "datetime": {"datetime": "2021-06-29 21:57:28", "elapsed": 6227.585241, "delta": 11.498723}}
{"target": 0.003554794619214335, "params": {"0": -1.0365895380085566, "1": -2.350947646482521, "2": -0.8876611798505305, "3": 0.7551797527233299, "4": -2.270630396196078, "5": -2.0379713120272434, "6": 2.0453328394310972, "7": 0.3541729508647542}, "datetime": {"datetime": "2021-06-29 21:57:44", "elapsed": 6244.065933, "delta": 16.480692}}
{"target": 0.003141750287936883, "params": {"0": -0.7159963332730319, "1": 1.126956092648725, "2": 1.0161114735716303, "3": -1.726512159298521, "4": 0.635946119685336, "5": -1.4781585337881962, "6": 2.4978721046662873, "7": -2.683455400413103}, "datetime": {"datetime": "2021-06-29 21:57:59", "elapsed": 6259.2494, "delta": 15.183467}}
{"target": 0.002954212570902998, "params": {"0": 1.3589453708782617, "1": 2.0305486156328936, "2": -1.5392275755904121, "3": -0.6939372925514613, "4": 2.984046632829277, "5": 0.682368370074304, "6": 1.1590503104467427, "7": -0.7719484582587852}, "datetime": {"datetime": "2021-06-29 21:58:14", "elapsed": 6273.507282, "delta": 14.257882}}
{"target": 0.0030806907938944407, "params": {"0": 1.742498628718577, "1": -0.7070971894817761, "2": 2.9002949190791067, "3": -1.1718145330679746, "4": 1.2932628268111905, "5": 1.2868287164234875, "6": -0.6690856566351435, "7": 0.16640995680071402}, "datetime": {"datetime": "2021-06-29 21:58:31", "elapsed": 6291.054579, "delta": 17.547297}}
{"target": 0.01679651916115486, "params": {"0": 0.7077875370866611, "1": 1.8218748002632408, "2": -2.257318326359815, "3": 0.7194529779735204, "4": -1.7308678996765798, "5": 0.6442381391930923, "6": -0.23403961538677187, "7": -0.4756973358117591}, "datetime": {"datetime": "2021-06-29 21:58:46", "elapsed": 6305.556783, "delta": 14.502204}}
{"target": 0.003052073871891804, "params": {"0": 1.5072447336326054, "1": -0.5451540122641347, "2": -1.6841121255454954, "3": 1.0186609542812102, "4": 0.3992180263934104, "5": -1.9692336666129964, "6": 2.3084802258787835, "7": -0.7786215479759413}, "datetime": {"datetime": "2021-06-29 21:59:14", "elapsed": 6333.520255, "delta": 27.963472}}
{"target": 0.0030377202503934146, "params": {"0": 0.5283607796833034, "1": -1.0984036576349825, "2": -2.25842078449595, "3": -2.342142862924047, "4": 2.1211045507189157, "5": 0.7174468891746812, "6": 1.2462818573642682, "7": 2.616166970830749}, "datetime": {"datetime": "2021-06-29 21:59:27", "elapsed": 6347.110437, "delta": 13.590182}}
{"target": 0.002980358717381269, "params": {"0": 1.9607476143311668, "1": -2.0788038591191484, "2": -0.22186013473505017, "3": -0.4561761085272149, "4": -0.18546580925309186, "5": 0.4158107256805752, "6": 1.3621844597195043, "7": 1.809766801219995}, "datetime": {"datetime": "2021-06-29 21:59:39", "elapsed": 6359.350445, "delta": 12.240008}}
{"target": 0.003710669635873184, "params": {"0": 0.06639896600871342, "1": 1.2191379808571696, "2": 0.5276161568100042, "3": -1.2545184096936646, "4": 1.710157610716994, "5": -2.6691948741616027, "6": 0.027037614410071242, "7": -1.8096977310595757}, "datetime": {"datetime": "2021-06-29 21:59:57", "elapsed": 6376.739087, "delta": 17.388642}}
{"target": 0.005101307055867444, "params": {"0": -1.5640252292941208, "1": 1.2758733112575271, "2": -1.041337126209063, "3": -1.8102152978220776, "4": -1.1897128266696833, "5": 0.06548738520641528, "6": -2.4231377203117432, "7": -0.8362713430224487}, "datetime": {"datetime": "2021-06-29 22:00:17", "elapsed": 6396.754747, "delta": 20.01566}}
{"target": 0.00443865102388945, "params": {"0": 1.1717572578310191, "1": 0.8299413939967568, "2": 2.2406390756651984, "3": 1.3164815402696801, "4": 0.15874431564785185, "5": 0.7439217493366339, "6": -0.33842881482926934, "7": 0.38417307840466997}, "datetime": {"datetime": "2021-06-29 22:00:36", "elapsed": 6416.450347, "delta": 19.6956}}
{"target": 0.0029992756476268944, "params": {"0": 0.6461788161429594, "1": 0.34150565989208115, "2": 2.1158516001424585, "3": 2.135309691224508, "4": -1.470148985310328, "5": 1.973392706598367, "6": 1.3109370586981157, "7": 0.32965036706818474}, "datetime": {"datetime": "2021-06-29 22:01:01", "elapsed": 6441.079132, "delta": 24.628785}}
{"target": 0.003365609792252991, "params": {"0": -2.1685368357447947, "1": 1.955156447944013, "2": 2.146908500515231, "3": 2.6655864896902663, "4": -2.6583428808741445, "5": 2.9887285711055807, "6": 2.4046701562069117, "7": 0.39674870025220077}, "datetime": {"datetime": "2021-06-29 22:01:13", "elapsed": 6452.877569, "delta": 11.798437}}
{"target": 0.0031795016284511804, "params": {"0": -1.0695401692380186, "1": -0.813958005664559, "2": -2.331913200177251, "3": 2.5712028111504903, "4": -0.727375101769189, "5": -2.499547262308475, "6": 1.9527164103221661, "7": 2.930536944437063}, "datetime": {"datetime": "2021-06-29 22:01:26", "elapsed": 6466.151377, "delta": 13.273808}}
{"target": 0.003187426286170363, "params": {"0": 2.053476357306602, "1": 1.2938126336664357, "2": 0.7279906248202002, "3": -2.1050771394232624, "4": -1.6218795776720238, "5": -1.1585629497197565, "6": 2.3633271074934266, "7": 1.0324470826434213}, "datetime": {"datetime": "2021-06-29 22:01:45", "elapsed": 6484.870114, "delta": 18.718737}}
{"target": 0.003066153643240939, "params": {"0": 1.6539865236660791, "1": 2.3887571919737614, "2": -1.5360766508804435, "3": 0.9181655731872, "4": 1.9400354765114276, "5": 1.4658535743346741, "6": 2.4715878327100764, "7": -2.2269127454290394}, "datetime": {"datetime": "2021-06-29 22:01:58", "elapsed": 6497.870969, "delta": 13.000855}}
{"target": 0.003034380109535295, "params": {"0": 1.4913454563925468, "1": 1.0660996067610409, "2": -1.263992261550634, "3": -2.512279440213858, "4": -2.9738485592687303, "5": 0.45985000898381534, "6": -0.731562634589193, "7": -1.1819509867864486}, "datetime": {"datetime": "2021-06-29 22:02:11", "elapsed": 6511.171118, "delta": 13.300149}}
{"target": 0.003340052557212158, "params": {"0": 2.377272660179173, "1": -1.4774680404340481, "2": 1.5395778283238482, "3": -1.2986720414743056, "4": -0.7213717416827117, "5": 1.5465229359527548, "6": -1.9525149721413195, "7": -1.5446048335941673}, "datetime": {"datetime": "2021-06-29 22:02:32", "elapsed": 6531.849378, "delta": 20.67826}}
{"target": 0.003273317527863421, "params": {"0": 2.7159585370040586, "1": -0.001534457110611065, "2": -0.3273777769249815, "3": 2.4556983122742535, "4": 0.6858109303285316, "5": -1.4631629782247386, "6": -1.6409954920708332, "7": 2.303026009686606}, "datetime": {"datetime": "2021-06-29 22:02:46", "elapsed": 6545.949903, "delta": 14.100525}}
{"target": 0.0036579632144519195, "params": {"0": 1.899950045772667, "1": -1.3857167883713597, "2": 1.7948419360779422, "3": -1.3395078005767629, "4": -0.2547718719371046, "5": -1.4998178020424922, "6": -0.7751644267028688, "7": 1.4006329728693814}, "datetime": {"datetime": "2021-06-29 22:03:06", "elapsed": 6565.59354, "delta": 19.643637}}
{"target": 0.0035290719829944453, "params": {"0": 1.7253778008238108, "1": 1.172151295440047, "2": 0.5710469561804916, "3": -1.163380914898089, "4": -2.0315093777927764, "5": -0.5114680424248812, "6": -1.9735847995768803, "7": -2.1659158840998267}, "datetime": {"datetime": "2021-06-29 22:03:35", "elapsed": 6594.623167, "delta": 29.029627}}
{"target": 0.0029857069791081057, "params": {"0": 0.4758326122059793, "1": 2.6845307032259242, "2": -0.8580608822536053, "3": -1.1865136134307979, "4": -1.0166274592916351, "5": -0.24977765080520564, "6": 2.4949600614084346, "7": -1.609094458442114}, "datetime": {"datetime": "2021-06-29 22:03:56", "elapsed": 6615.58076, "delta": 20.957593}}
{"target": 0.0038769761529269704, "params": {"0": -1.954951359819799, "1": 2.9953023111220842, "2": 2.167824785492555, "3": 1.9582350389118277, "4": -1.0453332417249948, "5": 2.0844234053760298, "6": 2.2317815885843135, "7": -0.5983685686268743}, "datetime": {"datetime": "2021-06-29 22:04:17", "elapsed": 6636.583376, "delta": 21.002616}}
{"target": 0.003007363636567253, "params": {"0": 1.2120956318542246, "1": 1.417766706397268, "2": 1.5975958346457002, "3": -1.4347304770168041, "4": -0.9791628568604027, "5": -0.5431671068708583, "6": -0.5786491440079513, "7": 1.7085659505395743}, "datetime": {"datetime": "2021-06-29 22:04:41", "elapsed": 6660.602939, "delta": 24.019563}}
{"target": 0.003111101354913825, "params": {"0": -1.1071967097137685, "1": -1.2428185895554587, "2": 0.8094555306747759, "3": -2.9131615458002638, "4": 2.0694541923752565, "5": -0.6743278094492648, "6": -1.8457683668112275, "7": -1.137593175628057}, "datetime": {"datetime": "2021-06-29 22:05:06", "elapsed": 6685.872325, "delta": 25.269386}}
{"target": 0.005734973579369087, "params": {"0": 2.851158203363557, "1": -0.31759485399880516, "2": -1.4547484839978722, "3": 2.7027260309882486, "4": -0.7630969422515932, "5": -0.22161282503101942, "6": 1.0690101330368886, "7": -0.6114928555322252}, "datetime": {"datetime": "2021-06-29 22:05:21", "elapsed": 6700.709021, "delta": 14.836696}}
{"target": 0.0031793062526086074, "params": {"0": 0.44864044400012393, "1": -2.3237404180427093, "2": -0.8543961466575527, "3": 0.7161130183480822, "4": -1.909268739682553, "5": 1.114614804090218, "6": -2.8652538681610054, "7": 2.6421769383464717}, "datetime": {"datetime": "2021-06-29 22:05:38", "elapsed": 6718.276725, "delta": 17.567704}}
{"target": 0.003194726520881665, "params": {"0": -1.6826942742915245, "1": -1.7651593851896825, "2": 2.7847523289120035, "3": 1.583956781223165, "4": -2.7627705674883467, "5": 2.8529355157658536, "6": 0.17584074206096156, "7": -0.7180046607051569}, "datetime": {"datetime": "2021-06-29 22:05:52", "elapsed": 6731.538482, "delta": 13.261757}}
{"target": 0.0030611949730886064, "params": {"0": 0.9276394770002074, "1": 1.7988785638164977, "2": -1.8411142333259563, "3": 1.255339839923229, "4": 0.6788539040522257, "5": -0.509068055863021, "6": 1.6917222923183708, "7": 1.7849418514683695}, "datetime": {"datetime": "2021-06-29 22:06:05", "elapsed": 6745.440673, "delta": 13.902191}}
{"target": 0.003616487635095005, "params": {"0": 1.9565331217437762, "1": -2.7522610658509157, "2": 2.5320407882342026, "3": 0.43296600839367194, "4": -0.2157525984059978, "5": -1.7266496226046397, "6": 2.6763840293264893, "7": 0.08713995801555985}, "datetime": {"datetime": "2021-06-29 22:06:21", "elapsed": 6760.663743, "delta": 15.22307}}
{"target": 0.002985726691223341, "params": {"0": 1.4497358932344717, "1": -2.4008560708808298, "2": 0.7456713034842446, "3": 0.17806862698376413, "4": 1.6079585402432528, "5": 2.4905167820071767, "6": 0.6544450085487368, "7": -2.8673308865021325}, "datetime": {"datetime": "2021-06-29 22:06:35", "elapsed": 6775.052847, "delta": 14.389104}}
{"target": 0.004375970124429306, "params": {"0": 0.6372686208074954, "1": -2.013261190901405, "2": 2.6990874527394393, "3": 1.471745933976841, "4": -2.23058110768162, "5": 0.3094842271845555, "6": -2.9731818810632085, "7": -0.30967834051066845}, "datetime": {"datetime": "2021-06-29 22:07:07", "elapsed": 6806.827655, "delta": 31.774808}}
{"target": 0.00332863158271084, "params": {"0": 0.7721216988756261, "1": 1.5914766123870843, "2": -2.0854789874304824, "3": 1.1018285586167291, "4": -2.382344389269883, "5": 0.4431132385309615, "6": -0.4413579565046768, "7": -0.7488325937409823}, "datetime": {"datetime": "2021-06-29 22:07:27", "elapsed": 6826.738705, "delta": 19.91105}}
{"target": 0.004887243733351221, "params": {"0": -0.10090007171381377, "1": 0.24291924322271585, "2": -2.0252689956621244, "3": 0.04233975511582955, "4": -1.5467689538799887, "5": 1.465283768398674, "6": -0.7335406461922545, "7": 1.0647837985308914}, "datetime": {"datetime": "2021-06-29 22:08:15", "elapsed": 6874.746445, "delta": 48.00774}}
{"target": 0.031467475398891886, "params": {"0": -1.2339700399260196, "1": -0.3509362048060334, "2": -0.7667044664113289, "3": 2.8003391382239817, "4": 2.8526225593551526, "5": -2.626686434371747, "6": 2.702616992241225, "7": 2.720675878788903}, "datetime": {"datetime": "2021-06-29 22:08:32", "elapsed": 6892.441213, "delta": 17.694768}}
{"target": 0.007237684685670918, "params": {"0": 1.4215458735091469, "1": 2.682499655885225, "2": -1.1529593255793953, "3": -1.7223679887783407, "4": 0.1511946917967073, "5": -0.44119718613740844, "6": 2.098320349917678, "7": -1.2994645304078893}, "datetime": {"datetime": "2021-06-29 22:09:05", "elapsed": 6924.900735, "delta": 32.459522}}
{"target": 0.003705333403002595, "params": {"0": 1.7109413047580846, "1": -1.551112103856602, "2": -2.2003705050163536, "3": -1.156769173298032, "4": 1.0832173196575399, "5": 0.32223716550896864, "6": 0.24316445454214897, "7": -1.1713172896149513}, "datetime": {"datetime": "2021-06-29 22:09:20", "elapsed": 6940.397413, "delta": 15.496678}}
{"target": 0.0029431801693275083, "params": {"0": -2.7988503487989016, "1": -2.12520598592741, "2": -2.2572982821704084, "3": 1.78260996665119, "4": 2.8729889396390114, "5": 1.5180659873284323, "6": -0.652061633511384, "7": 1.1231665342066126}, "datetime": {"datetime": "2021-06-29 22:09:37", "elapsed": 6957.202733, "delta": 16.80532}}
