{"target": 0.010929770612251817, "params": {"0": -2.5012385724441595, "1": 0.8413228886540249, "2": 2.778425388096532, "3": -2.62805889476311, "4": 2.7533596628429287, "5": 0.04973210994865074, "6": -2.2073530239725407, "7": -0.1069697086550514}, "datetime": {"datetime": "2021-06-30 02:50:34", "elapsed": 23814.769592, "delta": 31.791063}}
{"target": 0.0032621756646289217, "params": {"0": 2.7372865726870765, "1": -0.9915262658612729, "2": -0.8367895885844234, "3": -2.698198000479829, "4": -2.8481291479345865, "5": -0.6029920147343275, "6": 1.1894214053304237, "7": -0.3896111332800771}, "datetime": {"datetime": "2021-06-30 02:51:11", "elapsed": 23852.497684, "delta": 37.728092}}
{"target": 0.008149409367025774, "params": {"0": -1.742355484561446, "1": 0.4734488107921213, "2": -0.9359972718900513, "3": -2.232806568170491, "4": 0.9688056764943367, "5": -0.7381313293847191, "6": 0.12588294562472857, "7": 0.9503860704342264}, "datetime": {"datetime": "2021-06-30 02:51:50", "elapsed": 23890.952, "delta": 38.454316}}
{"target": 0.0029339923910906944, "params": {"0": 2.303237952989009, "1": 2.939918112577061, "2": 2.2262002131034357, "3": 0.9902096144278296, "4": 2.4558214631092614, "5": -0.7908603458126979, "6": -0.634256403655078, "7": -0.8616969674274575}, "datetime": {"datetime": "2021-06-30 02:52:31", "elapsed": 23932.090006, "delta": 41.138006}}
{"target": 0.0032010672266563765, "params": {"0": -0.3422734032490409, "1": -0.6885472345096857, "2": -1.7071872650455922, "3": 2.9122856678156577, "4": -0.6189451662584426, "5": -2.549654211630324, "6": -1.3995473593040622, "7": 1.040367665559823}, "datetime": {"datetime": "2021-06-30 02:52:57", "elapsed": 23958.404695, "delta": 26.314689}}
{"target": 0.0031692555509714817, "params": {"0": -0.0855499695859483, "1": 0.3614826946165519, "2": -1.5553497972307595, "3": -1.1816417849641392, "4": -1.677240150765189, "5": -0.8679356249880703, "6": 2.4157280578077165, "7": 0.7727608553425656}, "datetime": {"datetime": "2021-06-30 02:53:58", "elapsed": 24019.476397, "delta": 61.071702}}
{"target": 0.0038366149262110826, "params": {"0": 2.8294421547675457, "1": 0.892248302624961, "2": -0.22618505908355768, "3": 1.5657521383830604, "4": 1.7918944400135857, "5": -1.1096249592214393, "6": -2.8369780985117945, "7": -0.37018110231952805}, "datetime": {"datetime": "2021-06-30 02:54:35", "elapsed": 24055.871525, "delta": 36.395128}}
{"target": 0.003100824165235287, "params": {"0": 2.403113455972014, "1": -1.6034819259791706, "2": 0.9723582067789573, "3": 0.3962921725228199, "4": -1.1356494689036403, "5": 2.106877209185626, "6": -0.11131206389315906, "7": 0.48168715038084375}, "datetime": {"datetime": "2021-06-30 02:55:09", "elapsed": 24090.171148, "delta": 34.299623}}
{"target": 0.0032198097799831316, "params": {"0": -2.6584414613445677, "1": 1.8223170331229817, "2": -0.3558911322279035, "3": 1.4905596506152214, "4": 2.740842057223017, "5": -0.627826853269835, "6": 2.564491801450898, "7": 1.3095288716835656}, "datetime": {"datetime": "2021-06-30 02:55:49", "elapsed": 24130.501451, "delta": 40.330303}}
{"target": 0.0033056688983208442, "params": {"0": 0.03351364912813537, "1": 0.7618792638515481, "2": 2.0459343498156173, "3": 0.3456661589332164, "4": -2.1876837033797356, "5": 2.334080069820523, "6": -1.7919030974768515, "7": -2.755700762976996}, "datetime": {"datetime": "2021-06-30 02:56:19", "elapsed": 24159.859775, "delta": 29.358324}}
{"target": 0.00312511593194236, "params": {"0": 2.9402403105143087, "1": -2.717363785319697, "2": 2.2714190789471163, "3": -0.715840876744231, "4": 1.4499511892157004, "5": -0.7897239205763773, "6": 2.2788800486702083, "7": -2.9712856204226075}, "datetime": {"datetime": "2021-06-30 02:56:59", "elapsed": 24200.496212, "delta": 40.636437}}
{"target": 0.0040478866770717, "params": {"0": 1.633191207206366, "1": -1.1754379025483837, "2": 0.47673248986354544, "3": -2.0992898673845146, "4": -2.4347331146825244, "5": 0.08565925383116957, "6": 2.6623932519118165, "7": -2.8451801832336807}, "datetime": {"datetime": "2021-06-30 02:57:39", "elapsed": 24240.300843, "delta": 39.804631}}
{"target": 0.0029765670976203053, "params": {"0": -1.446853814468434, "1": -2.058347636952777, "2": 0.6617785903972364, "3": -2.085695652871592, "4": 0.3053681999903173, "5": 0.9677662662367723, "6": 0.5268779017348555, "7": 0.6905416882930275}, "datetime": {"datetime": "2021-06-30 02:58:21", "elapsed": 24281.740739, "delta": 41.439896}}
{"target": 0.007153031355428324, "params": {"0": 0.3391856510531932, "1": 2.2517194794008786, "2": 2.9352379162812214, "3": -0.48795945422706666, "4": 1.2345124262605403, "5": -0.08046867769368404, "6": 0.9283796711039844, "7": 0.23200784724699552}, "datetime": {"datetime": "2021-06-30 02:58:58", "elapsed": 24319.31356, "delta": 37.572821}}
{"target": 0.004693486585401855, "params": {"0": -2.961113472571963, "1": -1.464940095428867, "2": -0.15165405602912596, "3": -2.158581537475814, "4": 1.4807966759241378, "5": -1.461291576677169, "6": -0.8579795725908097, "7": -1.1903168308717151}, "datetime": {"datetime": "2021-06-30 02:59:37", "elapsed": 24357.971733, "delta": 38.658173}}
{"target": 0.003219546877625183, "params": {"0": 1.0284423552121096, "1": 2.0870761152652877, "2": -0.3132759528662339, "3": -1.3349546965369525, "4": -0.5067915582583895, "5": -0.29988030915296804, "6": 1.9004786164474572, "7": -1.996971610965632}, "datetime": {"datetime": "2021-06-30 03:00:08", "elapsed": 24389.577497, "delta": 31.605764}}
{"target": 0.003907604952636081, "params": {"0": -1.2193196793165406, "1": -2.411870453104382, "2": -2.028680890622141, "3": -0.603900536140181, "4": 0.19332188285795748, "5": 2.8225059564596915, "6": -2.7377007004499516, "7": 0.06583198679281477}, "datetime": {"datetime": "2021-06-30 03:00:40", "elapsed": 24421.135692, "delta": 31.558195}}
{"target": 0.0029266620396860795, "params": {"0": 1.6369384456598963, "1": -0.30942275968770616, "2": 2.3891702768443217, "3": 1.366469054616739, "4": 0.2657256975961584, "5": 0.33716993452142496, "6": -1.0896592190213799, "7": -2.032853137033465}, "datetime": {"datetime": "2021-06-30 03:01:28", "elapsed": 24469.190649, "delta": 48.054957}}
{"target": 0.004010072319432708, "params": {"0": -0.29171185921488396, "1": -0.6400235690150602, "2": -0.5198088336810525, "3": -1.262277037903476, "4": 0.458342398208774, "5": 1.1714002732284854, "6": -0.08960672724669516, "7": -1.709756108191625}, "datetime": {"datetime": "2021-06-30 03:01:48", "elapsed": 24489.333603, "delta": 20.142954}}
{"target": 0.0030197251882217837, "params": {"0": -1.8418907646084928, "1": 2.4994702751153124, "2": 1.7914831671021885, "3": 0.18753730794837686, "4": 1.632865511645404, "5": 2.085744306675208, "6": 1.937019300278811, "7": 1.4245888923122694}, "datetime": {"datetime": "2021-06-30 03:02:41", "elapsed": 24542.647359, "delta": 53.313756}}
{"target": 0.00302814571183286, "params": {"0": -0.2799418908383311, "1": 0.15579790230523693, "2": 1.5414358633487648, "3": 1.8941399528729344, "4": 0.5447553750421723, "5": 2.1382250396146043, "6": -1.4241112604742907, "7": -1.6393960072278777}, "datetime": {"datetime": "2021-06-30 03:03:50", "elapsed": 24611.258414, "delta": 68.611055}}
{"target": 0.003028638983374551, "params": {"0": 0.6616937810587808, "1": 1.7098211092511377, "2": -2.3472368808917685, "3": 2.270208179179657, "4": -2.84412281334619, "5": 0.23630157247464822, "6": -1.0815794143236432, "7": 1.771612252153071}, "datetime": {"datetime": "2021-06-30 03:04:14", "elapsed": 24635.166187, "delta": 23.907773}}
{"target": 0.003396039445366708, "params": {"0": -1.9056683062116129, "1": -2.7594983259478347, "2": 0.8564160168671089, "3": 1.0417993565679584, "4": 2.2446321115574657, "5": 2.040266432056021, "6": -0.37732248517978473, "7": -0.9009098586750435}, "datetime": {"datetime": "2021-06-30 03:04:59", "elapsed": 24680.212658, "delta": 45.046471}}
{"target": 0.00331831739786165, "params": {"0": -1.7091395446204878, "1": -2.7326608716149208, "2": 1.3151090181245921, "3": 1.8903356299572938, "4": 2.9611995153567445, "5": -2.2993712099178123, "6": 1.0015365435613433, "7": -1.9514579525101203}, "datetime": {"datetime": "2021-06-30 03:05:40", "elapsed": 24721.34783, "delta": 41.135172}}
{"target": 0.003234359079353957, "params": {"0": 0.6202304402506789, "1": 0.6050977502185377, "2": -2.895375090186257, "3": -2.9026401793216676, "4": -0.42093432773811923, "5": 0.5516035564656327, "6": -1.2861610365041904, "7": -2.6972279059984805}, "datetime": {"datetime": "2021-06-30 03:06:18", "elapsed": 24759.303331, "delta": 37.955501}}
{"target": 0.00327703105710013, "params": {"0": 0.25856130376889874, "1": 2.374490504325938, "2": -1.4564187817536052, "3": -1.8724134315104801, "4": -1.980293428425583, "5": 0.6922197450901786, "6": -0.5920759498492094, "7": -2.203109798552056}, "datetime": {"datetime": "2021-06-30 03:06:51", "elapsed": 24792.332359, "delta": 33.029028}}
{"target": 0.003041148481562449, "params": {"0": 1.098255952474723, "1": 1.8859607588702136, "2": 0.2820344513162789, "3": -1.3466410583535453, "4": 1.8645819701046058, "5": 1.824727642383973, "6": 0.6674797942789188, "7": -2.390343038263371}, "datetime": {"datetime": "2021-06-30 03:07:47", "elapsed": 24848.667632, "delta": 56.335273}}
{"target": 0.004293921387492912, "params": {"0": 0.6833049448977033, "1": -1.3119065076401755, "2": 1.7295872422503233, "3": 2.0098520881174577, "4": -0.2753859164851642, "5": 2.5197452558189237, "6": 1.0126206952243892, "7": 2.3556710375706853}, "datetime": {"datetime": "2021-06-30 03:08:19", "elapsed": 24880.128502, "delta": 31.46087}}
{"target": 0.0029528741935046544, "params": {"0": 2.7861731728830694, "1": -0.603550707443306, "2": -0.5878608564637249, "3": -1.6491991260959917, "4": 0.1049170630620897, "5": 2.516960360714367, "6": 1.1865971387049434, "7": -2.2807548601070335}, "datetime": {"datetime": "2021-06-30 03:08:55", "elapsed": 24915.935484, "delta": 35.806982}}
{"target": 0.0035543942611419555, "params": {"0": 2.5174257588385984, "1": -1.853244108174041, "2": 0.3966963993138597, "3": 1.7552370546046978, "4": -0.8385603087333968, "5": 0.9343983352088676, "6": -0.7846662238771582, "7": -2.9582356542962134}, "datetime": {"datetime": "2021-06-30 03:09:29", "elapsed": 24950.229517, "delta": 34.294033}}
{"target": 0.003112102092875275, "params": {"0": -1.6711799853559004, "1": -0.6200806484081207, "2": 0.8436910284814649, "3": -1.1446979831181483, "4": -2.3384447319411055, "5": 0.7879383747354973, "6": 2.695378860662614, "7": 1.0507405310368512}, "datetime": {"datetime": "2021-06-30 03:10:22", "elapsed": 25003.152408, "delta": 52.922891}}
{"target": 0.003023203595068078, "params": {"0": -2.798375738631611, "1": -0.937721148741077, "2": 2.5047939651140902, "3": 0.10625212506328197, "4": 1.9702274910695028, "5": 1.1210296120625802, "6": -1.9962695390042782, "7": 1.7601356253481306}, "datetime": {"datetime": "2021-06-30 03:11:00", "elapsed": 25041.596089, "delta": 38.443681}}
{"target": 0.004268968606405575, "params": {"0": 0.00482428201018692, "1": -1.0740559438251107, "2": -1.2433818174225866, "3": -1.6482764097751375, "4": -0.7764403845884598, "5": -2.6032640488767913, "6": -2.663533872857783, "7": -1.008131535607377}, "datetime": {"datetime": "2021-06-30 03:11:29", "elapsed": 25069.720494, "delta": 28.124405}}
{"target": 0.002921068884043071, "params": {"0": -2.1396219877852856, "1": -1.5731616484653606, "2": 1.7556278321756107, "3": 0.1177594512375526, "4": 0.035863562317962394, "5": 2.919357958717221, "6": 0.5626272689156444, "7": -0.13488091024555526}, "datetime": {"datetime": "2021-06-30 03:12:18", "elapsed": 25119.575664, "delta": 49.85517}}
{"target": 0.0030346102309141477, "params": {"0": 1.3185377898777215, "1": 0.20490804112114347, "2": -2.593893874390517, "3": -2.75380856387119, "4": 1.519155970239682, "5": 2.7551545018378008, "6": -2.705413680047486, "7": 0.21321438506662993}, "datetime": {"datetime": "2021-06-30 03:12:55", "elapsed": 25155.932177, "delta": 36.356513}}
{"target": 0.0035310147866168267, "params": {"0": -2.7343277649531585, "1": 2.1027268416809743, "2": -0.31463844717346223, "3": 1.750350493348316, "4": -0.17094426993588385, "5": -1.5224707947807559, "6": -0.322988223888907, "7": -1.2202378932065547}, "datetime": {"datetime": "2021-06-30 03:13:54", "elapsed": 25215.474914, "delta": 59.542737}}
{"target": 0.003267074608018042, "params": {"0": 2.364728883998845, "1": 1.6949883500467706, "2": -0.8939544107073871, "3": -2.6045387282244823, "4": -0.35171686375556366, "5": -1.5741049096110116, "6": -2.7069317575699205, "7": -2.6557368934209062}, "datetime": {"datetime": "2021-06-30 03:14:21", "elapsed": 25242.133277, "delta": 26.658363}}
{"target": 0.0028710320075626336, "params": {"0": -1.0769988706090219, "1": -1.7615064021595357, "2": -1.1460652113437826, "3": 1.1069572925159274, "4": 2.2584088264450344, "5": 0.8929893723146538, "6": 1.727340555645629, "7": 0.5177148770397526}, "datetime": {"datetime": "2021-06-30 03:15:01", "elapsed": 25282.096513, "delta": 39.963236}}
{"target": 0.003064476171609192, "params": {"0": -0.3850990581560487, "1": -0.8383562378697946, "2": -2.764701923099511, "3": 2.488830857056864, "4": 1.9771868072792307, "5": 1.1906962587660948, "6": -1.4236796010681254, "7": 1.541986803926462}, "datetime": {"datetime": "2021-06-30 03:15:57", "elapsed": 25338.109031, "delta": 56.012518}}
{"target": 0.006958311986772065, "params": {"0": -1.1462551592901025, "1": -0.29200261284156515, "2": 0.0936244120288241, "3": -0.32314001399674375, "4": 1.7946912165082223, "5": -2.1391896918252904, "6": 0.294030481322074, "7": -1.9466544095556244}, "datetime": {"datetime": "2021-06-30 03:16:33", "elapsed": 25374.302747, "delta": 36.193716}}
{"target": 0.003364098607800961, "params": {"0": -2.1526911830316795, "1": 0.8288385592308729, "2": 2.374102796363995, "3": 2.9873775610788975, "4": 1.7767557601768535, "5": 1.234918428814412, "6": -2.2763542501138083, "7": 2.8038080500363396}, "datetime": {"datetime": "2021-06-30 03:17:06", "elapsed": 25407.636984, "delta": 33.334237}}
{"target": 0.0032629249584299894, "params": {"0": 1.3212731710952816, "1": -1.2445161304130208, "2": -0.09824849620737774, "3": 0.32090280822452355, "4": -1.3151259745583066, "5": 2.0184169639814753, "6": 2.336912783852461, "7": 1.2758590564317425}, "datetime": {"datetime": "2021-06-30 03:17:36", "elapsed": 25437.513459, "delta": 29.876475}}
{"target": 0.003072421379748412, "params": {"0": 2.434454486435584, "1": -2.283920421915049, "2": 2.7509506172266347, "3": -1.891921747132044, "4": -2.949907265667604, "5": 0.728751740733645, "6": 0.9339286366583748, "7": 1.4955733257827193}, "datetime": {"datetime": "2021-06-30 03:18:09", "elapsed": 25470.415229, "delta": 32.90177}}
{"target": 0.0030188386664201598, "params": {"0": 0.7254611468447134, "1": -0.985522604169363, "2": -1.2468348077180964, "3": 0.25228170412702156, "4": 1.7796016630162947, "5": 1.469985413004074, "6": 1.1656562179736394, "7": 1.8111801457522736}, "datetime": {"datetime": "2021-06-30 03:19:12", "elapsed": 25533.42309, "delta": 63.007861}}
{"target": 0.0028416466810214716, "params": {"0": -1.8335759262807245, "1": 1.2216263191074859, "2": 1.5054345458895044, "3": 0.9402834885648588, "4": 1.5617765154670753, "5": 1.6343314945754521, "6": 0.6731677702237437, "7": -1.3639703704903752}, "datetime": {"datetime": "2021-06-30 03:19:53", "elapsed": 25574.294296, "delta": 40.871206}}
{"target": 0.0030591358700865056, "params": {"0": 1.7972509204768308, "1": 2.8454609527228927, "2": -1.335535546776996, "3": 0.38534455975496273, "4": -0.5832710930210805, "5": -1.3722989029970343, "6": 0.6437160658048384, "7": 0.03967423147547544}, "datetime": {"datetime": "2021-06-30 03:20:28", "elapsed": 25609.058921, "delta": 34.764625}}
{"target": 0.00293374709043336, "params": {"0": 0.9359477621697705, "1": 1.0752512061105506, "2": 1.3893509834898108, "3": -0.9897028972483444, "4": -1.419428793617851, "5": 2.627971704537231, "6": 2.402379519465791, "7": 1.2064458878983224}, "datetime": {"datetime": "2021-06-30 03:21:12", "elapsed": 25653.458868, "delta": 44.399947}}
{"target": 0.0032467160218924165, "params": {"0": 2.224345323895327, "1": -2.051149710403629, "2": -1.249670891800706, "3": 0.25527183206431303, "4": 1.6970482565197713, "5": 0.3166104313335536, "6": -2.4235989647622445, "7": -1.3558018045415787}, "datetime": {"datetime": "2021-06-30 03:21:55", "elapsed": 25696.439576, "delta": 42.980708}}
{"target": 0.004021028102726885, "params": {"0": 0.8453528192554676, "1": -0.20569461859842164, "2": -0.3251325334651347, "3": -2.4089358532785248, "4": -0.6063888338053336, "5": 1.4407334308818989, "6": -1.9121220598530928, "7": -1.0889298886317256}, "datetime": {"datetime": "2021-06-30 03:22:32", "elapsed": 25733.484624, "delta": 37.045048}}
{"target": 0.0032692128765252357, "params": {"0": -1.0297400387339268, "1": 0.6759785531586155, "2": -2.4718905028213802, "3": 0.9509872385920746, "4": -1.5672177740568696, "5": -1.229005377770153, "6": -0.35947672585819523, "7": -2.384393273364743}, "datetime": {"datetime": "2021-06-30 03:23:25", "elapsed": 25785.68382, "delta": 52.199196}}
{"target": 0.00627062962649703, "params": {"0": 0.06294252379795218, "1": -2.8782764332186, "2": -0.768980470698339, "3": 2.7763697978588535, "4": -0.35325740914339354, "5": 0.32346582055761974, "6": -2.5040995537546076, "7": -2.0925565421639547}, "datetime": {"datetime": "2021-06-30 03:24:19", "elapsed": 25839.763762, "delta": 54.079942}}
{"target": 0.0032023889905072943, "params": {"0": 1.9804723735199126, "1": 0.2905094185096835, "2": -0.25947895750751737, "3": -2.435583215783058, "4": -2.153638600817783, "5": 2.764281783150425, "6": 0.4448062260264041, "7": 0.932601492637473}, "datetime": {"datetime": "2021-06-30 03:25:03", "elapsed": 25883.872058, "delta": 44.108296}}
{"target": 0.015124861523123194, "params": {"0": -1.0851923824812746, "1": 1.721366085320697, "2": 0.4813909892939643, "3": -1.675355931891814, "4": 1.2887171161302957, "5": 1.279170861567155, "6": -2.590263109629574, "7": 0.5590249420106623}, "datetime": {"datetime": "2021-06-30 03:25:37", "elapsed": 25917.98343, "delta": 34.111372}}
{"target": 0.011693411232643764, "params": {"0": -1.680032157220107, "1": 2.078809116531298, "2": 2.861665516624331, "3": -2.56494042275899, "4": -0.7361895698049952, "5": 0.48799617264082684, "6": 1.3297109432857264, "7": 0.6265148033222934}, "datetime": {"datetime": "2021-06-30 03:26:31", "elapsed": 25971.720872, "delta": 53.737442}}
{"target": 0.002837220759049602, "params": {"0": -2.512102402092432, "1": 0.5868632207349305, "2": 0.9072583706548829, "3": -1.128755671637858, "4": 2.6425769835277384, "5": 2.4069699568670986, "6": 0.24686099397240113, "7": 2.0110999178931888}, "datetime": {"datetime": "2021-06-30 03:27:12", "elapsed": 26012.723038, "delta": 41.002166}}
{"target": 0.003335727572070683, "params": {"0": -1.186415124368341, "1": 0.5358013053520767, "2": 0.19995217329024495, "3": -1.374914743766359, "4": 0.48594947342976136, "5": -0.6242622108833178, "6": 1.514746150616645, "7": -2.1208251997418373}, "datetime": {"datetime": "2021-06-30 03:27:39", "elapsed": 26040.075285, "delta": 27.352247}}
{"target": 0.003144048212433978, "params": {"0": 1.9881376318118225, "1": -2.3296626413319395, "2": -2.416418486652989, "3": 2.7468773440581096, "4": -1.1461902004199083, "5": -1.4650483079562744, "6": 1.92166793840898, "7": -2.441351383932666}, "datetime": {"datetime": "2021-06-30 03:28:38", "elapsed": 26098.892283, "delta": 58.816998}}
{"target": 0.00553919965803398, "params": {"0": -2.7527736462693935, "1": -1.4741237314415667, "2": -1.9098091687935153, "3": -0.3916907556469722, "4": 1.6465386188876865, "5": 1.9700531216411044, "6": 0.15462834905457346, "7": -1.032154726358972}, "datetime": {"datetime": "2021-06-30 03:29:13", "elapsed": 26134.631874, "delta": 35.739591}}
{"target": 0.01371629920331438, "params": {"0": -0.5551453342299082, "1": -2.685841041375248, "2": 1.1066381555791454, "3": -1.093543870787319, "4": -1.7066137065557683, "5": 2.127906616628218, "6": -2.4868726745239558, "7": 2.022324122959663}, "datetime": {"datetime": "2021-06-30 03:30:00", "elapsed": 26181.04062, "delta": 46.408746}}
{"target": 0.010061872523010032, "params": {"0": 1.744774655908179, "1": 1.543564194605901, "2": -2.7671137748526475, "3": -2.4499843684923945, "4": 2.4988050249061464, "5": -2.7788139516878836, "6": 2.927792739847738, "7": -2.596902860454112}, "datetime": {"datetime": "2021-06-30 03:30:54", "elapsed": 26235.041915, "delta": 54.001295}}
{"target": 0.0033825671286717234, "params": {"0": 0.9827283443687205, "1": -0.14238783126699683, "2": 1.530322523204692, "3": 1.010263015442387, "4": -2.733729535055895, "5": -1.4840715297280938, "6": -0.455715839759645, "7": -2.0406547741746643}, "datetime": {"datetime": "2021-06-30 03:32:01", "elapsed": 26302.430045, "delta": 67.38813}}
{"target": 0.0028975562012727696, "params": {"0": -0.44354491744418123, "1": -0.5134143571875951, "2": -2.548721174822843, "3": 2.0901243687317237, "4": 1.673599214454863, "5": -0.8425800011497193, "6": 2.6870257866537246, "7": -2.7584837310799615}, "datetime": {"datetime": "2021-06-30 03:32:39", "elapsed": 26339.836096, "delta": 37.406051}}
{"target": 0.0031944633533411994, "params": {"0": 2.7654982283699763, "1": 0.14609477616636202, "2": -2.2296771382755627, "3": 2.352162229193869, "4": -1.2664293050670967, "5": -2.4107435176343452, "6": 1.4080472757718656, "7": -0.12465870035642279}, "datetime": {"datetime": "2021-06-30 03:33:25", "elapsed": 26386.166093, "delta": 46.329997}}
{"target": 0.004539497124968657, "params": {"0": -0.4483904503070182, "1": 2.3750208168758427, "2": 2.7005008070227836, "3": 0.6520445993892339, "4": -1.1604320228697, "5": -1.0190473052166882, "6": -2.7186359748284885, "7": -1.4912129917871124}, "datetime": {"datetime": "2021-06-30 03:34:19", "elapsed": 26439.681208, "delta": 53.515115}}
