{"target": 0.002891238401793574, "params": {"0": -2.091547255782767, "1": 2.321493978802666, "2": 2.3320920414187434, "3": -2.8460363953241528, "4": 1.123937762160942, "5": 1.5907905271361598, "6": 1.8095658298468162, "7": 1.685357131887569}, "datetime": {"datetime": "2021-06-29 20:30:10", "elapsed": 989.941009, "delta": 2.943461}}
{"target": 0.003111804881728754, "params": {"0": 2.6358084300709157, "1": 2.3382041428940648, "2": -0.2641479560152602, "3": 0.5097543952446815, "4": -0.8200058649406099, "5": -1.8036663816191, "6": 2.2390739204653958, "7": 1.71696110499916}, "datetime": {"datetime": "2021-06-29 20:30:15", "elapsed": 994.559978, "delta": 4.618969}}
{"target": 0.0034182494967516662, "params": {"0": -1.430944618868431, "1": -1.6033230310394029, "2": -1.5437100608543801, "3": -2.4526300890725947, "4": -0.9411716288779859, "5": 0.49383257849761364, "6": 1.0286242752422012, "7": -0.6661079671763965}, "datetime": {"datetime": "2021-06-29 20:30:21", "elapsed": 1000.621844, "delta": 6.061866}}
{"target": 0.005276349909205626, "params": {"0": 1.10223403992671, "1": 2.317365881717371, "2": 0.4443661845332043, "3": -1.2629685687319558, "4": -0.9806217225589742, "5": -1.2582882150517267, "6": 2.6922098974333677, "7": -2.4772152678236337}, "datetime": {"datetime": "2021-06-29 20:30:26", "elapsed": 1005.79785, "delta": 5.176006}}
{"target": 0.003323827480806994, "params": {"0": 2.8002203517855238, "1": 0.12193065392157099, "2": 2.7447128403342527, "3": 0.7831151550970494, "4": -0.1543612209654448, "5": 0.25318916112409173, "6": 0.0757159435642949, "7": 0.10125580557679736}, "datetime": {"datetime": "2021-06-29 20:30:31", "elapsed": 1010.934612, "delta": 5.136762}}
{"target": 0.004778152829686896, "params": {"0": 1.7664640523883355, "1": 2.2028021497848815, "2": -1.0539510140333315, "3": -2.8603711570769934, "4": -0.9395196078808539, "5": -0.4019385538634044, "6": -0.07578117238926652, "7": 2.0157692760121737}, "datetime": {"datetime": "2021-06-29 20:30:36", "elapsed": 1015.910811, "delta": 4.976199}}
{"target": 0.0047355031673734956, "params": {"0": -0.3865615764196262, "1": -2.272379953577188, "2": 1.4498731761890546, "3": -1.9549815676929945, "4": -0.8085850186619297, "5": 2.169264537885825, "6": -2.263607212155997, "7": -0.06217824678451844}, "datetime": {"datetime": "2021-06-29 20:30:42", "elapsed": 1021.753986, "delta": 5.843175}}
{"target": 0.028713827938581602, "params": {"0": 1.9998856633137123, "1": -1.724880801375086, "2": 1.8567143110942066, "3": 2.3671503825457787, "4": -0.8056425022774549, "5": -1.430420716845548, "6": 1.014500208643355, "7": 2.036972710968568}, "datetime": {"datetime": "2021-06-29 20:30:46", "elapsed": 1026.161366, "delta": 4.40738}}
{"target": 0.0034461677916096303, "params": {"0": -1.0619035364538407, "1": 0.7231180581213352, "2": 1.4931692715316967, "3": 1.2960879551284643, "4": 2.2102864887022475, "5": -1.7243685816843348, "6": 2.2366214395155604, "7": -0.21826285029934578}, "datetime": {"datetime": "2021-06-29 20:30:51", "elapsed": 1031.18226, "delta": 5.020894}}
{"target": 0.0030428983876009848, "params": {"0": 1.7700344082965707, "1": 2.5181365543160794, "2": 0.45052528181537754, "3": -2.5047581131870205, "4": 0.8937458340517033, "5": 2.558035764118622, "6": 0.7842825897497754, "7": -2.0927567109595593}, "datetime": {"datetime": "2021-06-29 20:30:57", "elapsed": 1036.544498, "delta": 5.362238}}
{"target": 0.003085075589058373, "params": {"0": 2.6760657986290006, "1": 1.7894558899772468, "2": 1.3627354795828026, "3": 1.8866431814751374, "4": -1.5619871043105669, "5": 1.1631791172179433, "6": 2.2555805507603335, "7": -2.2004431360164594}, "datetime": {"datetime": "2021-06-29 20:31:01", "elapsed": 1041.307384, "delta": 4.762886}}
{"target": 0.0076666324415598465, "params": {"0": -1.9853103402203731, "1": 0.6709663034233664, "2": 1.4527752232729458, "3": 1.4454448363296208, "4": 1.1284305114143018, "5": -2.3023253078012282, "6": -1.7291494016745719, "7": 2.531458172080752}, "datetime": {"datetime": "2021-06-29 20:31:06", "elapsed": 1046.377181, "delta": 5.069797}}
{"target": 0.012315053990304902, "params": {"0": -2.4348093759738663, "1": 0.9709544427230812, "2": 0.656972522989069, "3": 1.5568712079820246, "4": -2.038647813980581, "5": 2.041315069969853, "6": -2.4210016178475247, "7": -0.012174978446350515}, "datetime": {"datetime": "2021-06-29 20:31:10", "elapsed": 1049.748787, "delta": 3.371606}}
{"target": 0.011361145480752627, "params": {"0": 1.2855283363326837, "1": 2.861120781970044, "2": -0.37138416437801425, "3": -1.183197469545994, "4": 0.45376645370366786, "5": -0.3115231751963039, "6": 2.631474071256335, "7": -0.4403144701308985}, "datetime": {"datetime": "2021-06-29 20:31:14", "elapsed": 1053.911676, "delta": 4.162889}}
{"target": 0.008018060990446592, "params": {"0": 1.0659351053775028, "1": 0.14416178937229773, "2": 2.1489726943772194, "3": 1.760401847378036, "4": -1.7045127540341403, "5": 2.007814431297395, "6": 1.0111755177779358, "7": 0.38537964962348426}, "datetime": {"datetime": "2021-06-29 20:31:17", "elapsed": 1057.055488, "delta": 3.143812}}
{"target": 0.003166991622127313, "params": {"0": 1.428938061139112, "1": -1.500635817765808, "2": 2.3818843729721593, "3": 0.7934753542097184, "4": 1.009059004674083, "5": -1.5618726741953475, "6": 1.3734786315602232, "7": -2.624099939760768}, "datetime": {"datetime": "2021-06-29 20:31:21", "elapsed": 1060.651329, "delta": 3.595841}}
{"target": 0.0028719156541086944, "params": {"0": -0.8585593422313029, "1": -1.1072309260973123, "2": -1.9704275106005065, "3": 0.544966192606394, "4": 2.736298070166029, "5": -1.7863931100759698, "6": 2.7693114146786932, "7": -2.094740731337092}, "datetime": {"datetime": "2021-06-29 20:31:24", "elapsed": 1064.183235, "delta": 3.531906}}
{"target": 0.003024194652301756, "params": {"0": -0.8204943193675085, "1": -1.1165783742673456, "2": 0.7001958976844547, "3": -2.2861955444324007, "4": 2.030885478582767, "5": -0.6093083846690672, "6": 2.609956520055028, "7": 0.6141995389663553}, "datetime": {"datetime": "2021-06-29 20:31:26", "elapsed": 1066.138724, "delta": 1.955489}}
{"target": 0.00355985476201087, "params": {"0": -1.659952795548185, "1": -0.19283098913736296, "2": -1.2080383907479668, "3": -1.156239535562583, "4": 0.8154432227516946, "5": -0.7602658794349706, "6": 2.6341300486442067, "7": 2.7367665649444897}, "datetime": {"datetime": "2021-06-29 20:31:31", "elapsed": 1070.78576, "delta": 4.647036}}
{"target": 0.0043985236263639725, "params": {"0": -2.1912988970614675, "1": -1.0969017358270212, "2": -0.5685178502115069, "3": 0.06331094420134331, "4": 0.476247819442019, "5": -1.453996862569948, "6": -2.0504979733582616, "7": 2.1871915025761073}, "datetime": {"datetime": "2021-06-29 20:31:34", "elapsed": 1074.149782, "delta": 3.364022}}
{"target": 0.0029975623786905473, "params": {"0": -2.815834142058992, "1": 2.8136767737886252, "2": 1.891152250247397, "3": 0.6493552008076007, "4": 2.7841976239472777, "5": 1.0014448676623458, "6": 1.8202209867127381, "7": -2.6192980521118114}, "datetime": {"datetime": "2021-06-29 20:31:38", "elapsed": 1077.831307, "delta": 3.681525}}
{"target": 0.003652699043766104, "params": {"0": -1.4690026077186111, "1": 2.018431118943166, "2": -1.453446088614544, "3": -2.364796582263299, "4": -2.1039924433808377, "5": -1.541180150691935, "6": -2.052449621088243, "7": 1.3422329632073007}, "datetime": {"datetime": "2021-06-29 20:31:43", "elapsed": 1083.434027, "delta": 5.60272}}
{"target": 0.00498662307311296, "params": {"0": 1.635803121708232, "1": 1.4033118412852676, "2": 2.0376118007012787, "3": 2.842804416166672, "4": -2.7427210338077526, "5": 0.4914180425399861, "6": 0.37616357258229005, "7": -1.9969283548040213}, "datetime": {"datetime": "2021-06-29 20:31:48", "elapsed": 1087.793112, "delta": 4.359085}}
{"target": 0.002860353389958936, "params": {"0": -0.5692036619728906, "1": -1.283268740152506, "2": 0.817935295685924, "3": -1.2668048700671106, "4": 2.4600981582814567, "5": 1.5453585131436904, "6": 2.5558701635045704, "7": 2.1449553367503906}, "datetime": {"datetime": "2021-06-29 20:31:52", "elapsed": 1091.839517, "delta": 4.046405}}
{"target": 0.002923722832635584, "params": {"0": 0.9759978473384208, "1": -1.047791896706066, "2": -1.267319785284705, "3": 1.3804444253657424, "4": 2.619023146139428, "5": 1.1947448268934027, "6": -0.35006823712860147, "7": 0.7529767895253316}, "datetime": {"datetime": "2021-06-29 20:31:56", "elapsed": 1096.453553, "delta": 4.614036}}
{"target": 0.0034197484064508246, "params": {"0": 1.2203319515402544, "1": 2.795744637857563, "2": -2.983574063413677, "3": -1.6455391403870374, "4": -1.9880993994444696, "5": 2.550671029795039, "6": 1.0112303930541033, "7": 0.5711434522829917}, "datetime": {"datetime": "2021-06-29 20:32:08", "elapsed": 1107.745573, "delta": 11.29202}}
{"target": 0.003314136762907081, "params": {"0": -2.520776619256173, "1": 2.7758828419126793, "2": 1.3830239950822882, "3": 1.6774948917376946, "4": 0.8915566358769915, "5": -0.01867966976420643, "6": -2.8636555808979702, "7": 1.5354250360235149}, "datetime": {"datetime": "2021-06-29 20:32:13", "elapsed": 1112.580693, "delta": 4.83512}}
{"target": 0.005038099085191785, "params": {"0": 2.6187107687727273, "1": -1.2764840886192204, "2": -0.8875768243003868, "3": -2.3465843307663987, "4": 0.9408673116226582, "5": 0.24948135931588622, "6": 2.9229502914387524, "7": -0.4428355049673378}, "datetime": {"datetime": "2021-06-29 20:32:16", "elapsed": 1116.226688, "delta": 3.645995}}
{"target": 0.003317724626307997, "params": {"0": -2.955149637608814, "1": 1.3588618453642587, "2": 1.7301366729675163, "3": -0.6326671982129692, "4": -2.25465274342006, "5": -1.2116658202899109, "6": -2.5221684240825772, "7": 2.4150514505538974}, "datetime": {"datetime": "2021-06-29 20:32:21", "elapsed": 1120.622622, "delta": 4.395934}}
{"target": 0.004295419142904046, "params": {"0": 0.8428643224180634, "1": 1.0749374223372081, "2": -1.785562416754933, "3": 2.6238391110134094, "4": 2.9738527613887875, "5": -2.7109687119915638, "6": 1.204744685747782, "7": -1.9578325782589008}, "datetime": {"datetime": "2021-06-29 20:32:25", "elapsed": 1125.041424, "delta": 4.418802}}
{"target": 0.002937499339819316, "params": {"0": -0.9614745635632866, "1": -0.8702560244495796, "2": 2.3479076149358598, "3": -1.4150571228167947, "4": 0.2802915285790126, "5": 1.7853627587555394, "6": -1.782874587214309, "7": -1.672764437795314}, "datetime": {"datetime": "2021-06-29 20:32:28", "elapsed": 1128.00846, "delta": 2.967036}}
{"target": 0.0030567942434870207, "params": {"0": -0.5238207449355725, "1": 2.94153190574338, "2": 1.0675034302522413, "3": -0.4643918247997867, "4": -2.4058710112643062, "5": -1.6724881443786344, "6": -1.6247999274626321, "7": 0.444857261269501}, "datetime": {"datetime": "2021-06-29 20:32:32", "elapsed": 1131.872638, "delta": 3.864178}}
{"target": 0.015142883336044832, "params": {"0": 0.4785817910782866, "1": 2.5294726190099244, "2": -0.4897874022708901, "3": 2.0189625917205545, "4": 0.6954057847922366, "5": -2.8242380467421393, "6": 2.4262900848680884, "7": 0.1665248663871104}, "datetime": {"datetime": "2021-06-29 20:32:34", "elapsed": 1134.328707, "delta": 2.456069}}
{"target": 0.005856594589719597, "params": {"0": -2.5696637194479353, "1": 0.9976700504031815, "2": -2.8636070311482746, "3": 1.7521958182574284, "4": -1.4352754685420408, "5": 2.296726916503255, "6": 2.5725195873922697, "7": -1.314270198261207}, "datetime": {"datetime": "2021-06-29 20:32:39", "elapsed": 1138.835112, "delta": 4.506405}}
{"target": 0.009590324423159801, "params": {"0": -1.1016891400305242, "1": 2.038101712132087, "2": -0.9155248083007401, "3": -2.2315329354868387, "4": -1.5321056357944476, "5": -1.4700130610155018, "6": -1.1792479488251857, "7": 1.5311683552257254}, "datetime": {"datetime": "2021-06-29 20:32:45", "elapsed": 1145.201559, "delta": 6.366447}}
{"target": 0.003061795872678877, "params": {"0": 1.0497294539631756, "1": 0.4412588449777872, "2": -0.07500105265261814, "3": 2.9727205418085783, "4": -0.0975155435300934, "5": 1.8903455590607763, "6": 0.7869767621878676, "7": -2.41414990293244}, "datetime": {"datetime": "2021-06-29 20:32:51", "elapsed": 1150.955376, "delta": 5.753817}}
{"target": 0.004225599704007836, "params": {"0": 1.3018124719604138, "1": -0.5036902798510914, "2": 2.3745074065011877, "3": -1.9987778465361996, "4": -0.07344334832107124, "5": 0.3831658745509383, "6": -1.1634507980980564, "7": 0.6269074315740228}, "datetime": {"datetime": "2021-06-29 20:32:56", "elapsed": 1156.487568, "delta": 5.532192}}
{"target": 0.003222377345187782, "params": {"0": 2.7804971854677385, "1": 2.7421889217169486, "2": 1.3062198623961763, "3": -1.3009206491816392, "4": -1.5897235550149047, "5": -0.6116500351087581, "6": 0.04959707859587059, "7": 0.3166055169923814}, "datetime": {"datetime": "2021-06-29 20:33:02", "elapsed": 1162.175143, "delta": 5.687575}}
{"target": 0.003326253385393138, "params": {"0": 0.4063193692551641, "1": 2.42027916421093, "2": 1.012636926138864, "3": -0.5257153347881625, "4": 0.20148568577203374, "5": -2.379075020935894, "6": -2.9734607353347053, "7": 1.8977647364109584}, "datetime": {"datetime": "2021-06-29 20:33:05", "elapsed": 1165.052794, "delta": 2.877651}}
{"target": 0.004137323427819596, "params": {"0": -2.5916750468746037, "1": -1.8507254554247328, "2": 2.045944235326309, "3": -0.29175517736713985, "4": 2.025260222963065, "5": 0.7433480357367217, "6": 2.023676382135065, "7": 1.907187872258426}, "datetime": {"datetime": "2021-06-29 20:33:08", "elapsed": 1168.091516, "delta": 3.038722}}
{"target": 0.003237570110269582, "params": {"0": -2.334897685483468, "1": -0.6164102010674775, "2": -1.610201704447591, "3": -2.7004912204869678, "4": 0.8245081804795973, "5": 1.9659391943076132, "6": -2.0220607413828446, "7": 1.9199970679731333}, "datetime": {"datetime": "2021-06-29 20:33:13", "elapsed": 1173.281974, "delta": 5.190458}}
{"target": 0.0085187704339674, "params": {"0": -2.2797528312691204, "1": -1.6203088530678975, "2": 1.1576955942241627, "3": -0.4519034635403818, "4": -1.1989579674234938, "5": -1.8890909208218052, "6": -1.850996399479792, "7": -0.8096865605291286}, "datetime": {"datetime": "2021-06-29 20:33:15", "elapsed": 1175.480929, "delta": 2.198955}}
{"target": 0.009696855746484387, "params": {"0": 0.7101449358503968, "1": 0.024669833339756142, "2": 1.5379367813554357, "3": -0.4788523694242315, "4": -0.014042155652979282, "5": -0.6883919376522458, "6": -0.666821163327139, "7": 1.933874075233466}, "datetime": {"datetime": "2021-06-29 20:33:23", "elapsed": 1182.718907, "delta": 7.237978}}
{"target": 0.003072764654971405, "params": {"0": -0.9038220940931994, "1": -1.9068497572607448, "2": -1.8006842933415883, "3": 0.02763726801727051, "4": 1.8263038797792683, "5": 2.757781353450363, "6": -1.8836611419193985, "7": -2.2041183512587437}, "datetime": {"datetime": "2021-06-29 20:33:27", "elapsed": 1187.395751, "delta": 4.676844}}
{"target": 0.003104223039501971, "params": {"0": 0.7841035856806307, "1": 0.3159908074611666, "2": -1.517403231699309, "3": -1.4105923419724065, "4": 1.8553044459973247, "5": -2.7694153107363855, "6": -1.0683173415093221, "7": -1.8319827993972393}, "datetime": {"datetime": "2021-06-29 20:33:34", "elapsed": 1193.943202, "delta": 6.547451}}
{"target": 0.0034695385289521753, "params": {"0": 1.6192830344528666, "1": 0.9638639381489784, "2": -1.1042399416819375, "3": -2.2463393308668604, "4": -0.6907309058890738, "5": -1.1750890284531494, "6": -0.6629740057613622, "7": 2.9928187020149286}, "datetime": {"datetime": "2021-06-29 20:33:41", "elapsed": 1201.244478, "delta": 7.301276}}
{"target": 0.005118009465240517, "params": {"0": -0.47295089559484804, "1": 0.7617284667579463, "2": -0.04747494898602511, "3": 1.5444269839197666, "4": -1.8465814232537099, "5": 2.3041104470669715, "6": -2.896247168867488, "7": 1.3519745671724275}, "datetime": {"datetime": "2021-06-29 20:33:45", "elapsed": 1204.778784, "delta": 3.534306}}
{"target": 0.003359815446589707, "params": {"0": -1.3443254018547521, "1": 1.9943473052079552, "2": -0.8392839900596667, "3": -2.28303809939347, "4": -2.0232794308376003, "5": -1.2918117566309664, "6": -0.9754678082144368, "7": 1.8838512823360576}, "datetime": {"datetime": "2021-06-29 20:33:51", "elapsed": 1211.087617, "delta": 6.308833}}
{"target": 0.00310934404251631, "params": {"0": 2.016897039331452, "1": 0.8989806820689248, "2": 0.2775301840762907, "3": 0.40359653146497765, "4": 2.884211138136205, "5": 1.1313672792778542, "6": -2.0002060937416, "7": -0.12458539848138139}, "datetime": {"datetime": "2021-06-29 20:33:56", "elapsed": 1216.017836, "delta": 4.930219}}
{"target": 0.003044472156964821, "params": {"0": -1.3189414171921072, "1": -1.236019375250493, "2": -0.7945815114103896, "3": -1.4386540980604774, "4": -2.8794399277970726, "5": -0.3726125254417667, "6": 2.9326571909280137, "7": 2.018994758949285}, "datetime": {"datetime": "2021-06-29 20:34:00", "elapsed": 1220.316433, "delta": 4.298597}}
{"target": 0.003967310402059175, "params": {"0": -2.312294802768486, "1": 0.5956190640358399, "2": -0.011777737717227232, "3": -1.3835091428079056, "4": -2.654950299208428, "5": 0.9902534781152692, "6": -0.812189421018827, "7": 2.9047354972482156}, "datetime": {"datetime": "2021-06-29 20:34:05", "elapsed": 1224.538023, "delta": 4.22159}}
{"target": 0.0037983494308614025, "params": {"0": 0.5984667021179382, "1": 2.7455736842706155, "2": -1.695432812881966, "3": -1.4769108708487217, "4": -0.5832689779632672, "5": -2.117505964392193, "6": 1.1249611780513167, "7": 0.15397513328419388}, "datetime": {"datetime": "2021-06-29 20:34:10", "elapsed": 1230.371665, "delta": 5.833642}}
{"target": 0.002974598889577732, "params": {"0": -0.44472055431545954, "1": -2.840175424717225, "2": 2.0280531370840524, "3": 1.1071453849298418, "4": -1.0973878107494535, "5": 2.296628571959248, "6": -1.6625997748515522, "7": 1.0338716672149744}, "datetime": {"datetime": "2021-06-29 20:34:14", "elapsed": 1233.721532, "delta": 3.349867}}
{"target": 0.003454714458352989, "params": {"0": 1.2710747980167465, "1": 2.127997353272585, "2": 1.4316826680184818, "3": 0.606944804935921, "4": 2.9834598047306216, "5": -2.1266597820215134, "6": 0.48885866638141184, "7": -1.2850127340403532}, "datetime": {"datetime": "2021-06-29 20:34:17", "elapsed": 1237.486985, "delta": 3.765453}}
{"target": 0.0044616081268335755, "params": {"0": -1.646625351983006, "1": 2.0192204625623997, "2": -2.2395541998728783, "3": -1.121417809875141, "4": -0.7064086323266654, "5": -1.2242998785744228, "6": -0.06264471633581525, "7": 1.0040363172504119}, "datetime": {"datetime": "2021-06-29 20:34:23", "elapsed": 1242.850052, "delta": 5.363067}}
{"target": 0.003111014933946988, "params": {"0": 2.0383901640071853, "1": -0.3780035702727904, "2": -1.452978299925663, "3": 0.4754701877085479, "4": 1.0620281074158289, "5": -1.4265310140539857, "6": 1.446966402896237, "7": -1.3825781780849826}, "datetime": {"datetime": "2021-06-29 20:34:28", "elapsed": 1247.604571, "delta": 4.754519}}
{"target": 0.0060100438998593785, "params": {"0": 1.8277069057610404, "1": 0.8033811510065503, "2": 1.2997466935886894, "3": -2.8252828620190655, "4": -1.8951966891856478, "5": -2.5249157475536386, "6": 1.2841779116013434, "7": -0.009546247450281875}, "datetime": {"datetime": "2021-06-29 20:34:32", "elapsed": 1252.140717, "delta": 4.536146}}
{"target": 0.003217386382443887, "params": {"0": -0.48713408215289755, "1": 0.4140924592181374, "2": 0.7266095476375654, "3": -2.2291833062815902, "4": -1.5696968044345327, "5": -1.3761020997297604, "6": 0.6686480411061817, "7": 1.517837758358123}, "datetime": {"datetime": "2021-06-29 20:34:40", "elapsed": 1260.228713, "delta": 8.087996}}
{"target": 0.0031472659902823576, "params": {"0": -2.448822394050143, "1": 2.3253976745269096, "2": 2.896218197141402, "3": -0.13835064826389898, "4": 1.7923508257107645, "5": 1.9775624948964392, "6": -0.7385460230132734, "7": -2.7713859221426196}, "datetime": {"datetime": "2021-06-29 20:34:45", "elapsed": 1265.030632, "delta": 4.801919}}
{"target": 0.0031380483542239684, "params": {"0": -2.582901388981636, "1": -1.8739035953320216, "2": 1.5090880270047808, "3": -2.6593976078354618, "4": -0.4316312404802618, "5": -2.5323782811335036, "6": 1.1826205190511647, "7": -0.25152496606490704}, "datetime": {"datetime": "2021-06-29 20:34:50", "elapsed": 1269.522537, "delta": 4.491905}}
{"target": 0.0031930720228847066, "params": {"0": -0.5890794565468349, "1": 1.175190630710473, "2": 1.219632593053265, "3": 0.24827296282673927, "4": -2.722601674989675, "5": 2.016417169531948, "6": -2.7170130453040446, "7": 0.41741715700610804}, "datetime": {"datetime": "2021-06-29 20:34:53", "elapsed": 1272.797407, "delta": 3.27487}}
{"target": 0.0031316834656889845, "params": {"0": -0.4125387990746212, "1": -1.6191326377000541, "2": 1.4929915854519509, "3": -1.6689410968254448, "4": -0.14660340763106783, "5": -1.616617415071666, "6": -0.3718693677798264, "7": -0.25059221139015}, "datetime": {"datetime": "2021-06-29 20:34:59", "elapsed": 1279.335514, "delta": 6.538107}}
{"target": 0.0029730539017221776, "params": {"0": 2.7161624800388697, "1": -0.9211258597930434, "2": 0.9384962776928791, "3": 0.7646906250769057, "4": 2.2333812214101316, "5": -1.9194136406766753, "6": -0.5559056746275264, "7": 1.0144368817274039}, "datetime": {"datetime": "2021-06-29 20:35:06", "elapsed": 1286.419615, "delta": 7.084101}}
{"target": 0.004268401100407149, "params": {"0": 1.4809194284215783, "1": 2.041139057660069, "2": -1.2414549983564755, "3": 2.8643675833879065, "4": 1.2087174140639405, "5": -2.768478214287427, "6": -0.7317723794307618, "7": -0.3254554867380737}, "datetime": {"datetime": "2021-06-29 20:35:10", "elapsed": 1290.403748, "delta": 3.984133}}
