{"target": 0.0030685090900646928, "params": {"0": 1.3049914699839746, "1": 2.9200931626344255, "2": 0.01147942153189252, "3": -0.8154475643525774, "4": -0.8113414753424077, "5": -2.114332713033985, "6": -2.6305999344321993, "7": 2.2604419165436624}, "datetime": {"datetime": "2021-06-29 22:09:41", "elapsed": 6873.321967, "delta": 18.119649}}
{"target": 0.003448544480427652, "params": {"0": 2.633925335043358, "1": 1.993877312245652, "2": -0.36707752125010185, "3": 1.3367003186772353, "4": -2.6727679887224562, "5": 0.42262911646513635, "6": 2.641523066567064, "7": -0.626010943463617}, "datetime": {"datetime": "2021-06-29 22:09:59", "elapsed": 6892.17148, "delta": 18.849513}}
{"target": 0.004901602950950385, "params": {"0": -2.13188392807636, "1": -1.6551488888871562, "2": 2.558113248778845, "3": -0.1919293791557024, "4": -0.01948606963129773, "5": -0.00776308062735076, "6": -2.8922895643535105, "7": -0.9684045845773657}, "datetime": {"datetime": "2021-06-29 22:10:17", "elapsed": 6909.985243, "delta": 17.813763}}
{"target": 0.013918019734143104, "params": {"0": -0.9462735458880314, "1": 1.8402312439198667, "2": 1.8463626154505537, "3": -0.919243080010804, "4": -0.7642410786144884, "5": -1.6656948806140572, "6": 0.20080001931282876, "7": 1.6342942578380288}, "datetime": {"datetime": "2021-06-29 22:10:40", "elapsed": 6933.137626, "delta": 23.152383}}
{"target": 0.003074485096588989, "params": {"0": 0.7745650596263127, "1": -0.1240100701410567, "2": -0.15015002101957275, "3": 1.0607535915816957, "4": 2.872676865583438, "5": -2.7318382416198306, "6": -1.5841921807122294, "7": 2.2361415965477027}, "datetime": {"datetime": "2021-06-29 22:10:55", "elapsed": 6948.034885, "delta": 14.897259}}
{"target": 0.0032991958938256077, "params": {"0": 0.56298263395822, "1": -2.6170899517434725, "2": 1.7900730972503451, "3": -1.4838720775123158, "4": -1.5034775961461648, "5": 1.2639262419986173, "6": -2.365349028980587, "7": 0.719588525655972}, "datetime": {"datetime": "2021-06-29 22:11:13", "elapsed": 6965.324176, "delta": 17.289291}}
{"target": 0.0033140331634603625, "params": {"0": -2.608137133032457, "1": 0.7306955910075281, "2": 0.32944610192176116, "3": 1.0194167100663298, "4": -1.7994346424377494, "5": 2.332496685006026, "6": -2.3485082382834683, "7": 1.5502640279895257}, "datetime": {"datetime": "2021-06-29 22:11:39", "elapsed": 6991.656064, "delta": 26.331888}}
{"target": 0.0032704730162440624, "params": {"0": -2.4132804481582992, "1": -0.9358216939025779, "2": 1.5566855551168448, "3": -2.3706884911288966, "4": -2.1354297423747277, "5": -2.9918990883787084, "6": 0.889885918207304, "7": 2.9922924091118936}, "datetime": {"datetime": "2021-06-29 22:12:16", "elapsed": 7028.690275, "delta": 37.034211}}
{"target": 0.003296455820886407, "params": {"0": 1.033156475169866, "1": 0.7534184191782676, "2": -0.18099282686275453, "3": 0.3199168637777623, "4": -2.0497987596302307, "5": -2.357046194653046, "6": -2.888432885754466, "7": -1.424791224867166}, "datetime": {"datetime": "2021-06-29 22:12:36", "elapsed": 7049.003321, "delta": 20.313046}}
{"target": 0.004132780427590671, "params": {"0": 2.6339133042027267, "1": -0.4111117379875706, "2": 0.5507754684743391, "3": 1.677699511594768, "4": -1.5056695393010375, "5": 1.7237116755935995, "6": -2.0811762541243395, "7": -2.0291134438691705}, "datetime": {"datetime": "2021-06-29 22:13:55", "elapsed": 7128.047374, "delta": 79.044053}}
{"target": 0.003318488051583264, "params": {"0": 1.2235891433249049, "1": 0.4348053374785659, "2": -0.599065043821478, "3": -0.21968329607134268, "4": -0.47731242597679885, "5": -1.5606254074914037, "6": -2.9575184077645464, "7": -0.8215398563568257}, "datetime": {"datetime": "2021-06-29 22:15:33", "elapsed": 7225.788848, "delta": 97.741474}}
{"target": 0.0030820018175934396, "params": {"0": -2.476899935470775, "1": -2.2647252637825237, "2": -1.0232754841293417, "3": -2.8762167058238033, "4": -2.2154842299847326, "5": 2.642356345923087, "6": 1.3962810553451295, "7": -1.7005829540111408}, "datetime": {"datetime": "2021-06-29 22:16:11", "elapsed": 7264.241352, "delta": 38.452504}}
{"target": 0.004055298993047241, "params": {"0": 0.08553958230940939, "1": -1.9786021810061103, "2": -2.7048020957197068, "3": -0.240162882779833, "4": -0.5712905222816191, "5": 0.3774229026316043, "6": -1.3749500373605221, "7": -1.8888065972774815}, "datetime": {"datetime": "2021-06-29 22:16:28", "elapsed": 7280.573966, "delta": 16.332614}}
{"target": 0.005197235047237872, "params": {"0": -0.11189068023481497, "1": 1.0670220561265245, "2": -2.12665165482578, "3": 1.5554866526517763, "4": -0.7981888882217767, "5": 2.5689339245630887, "6": -1.8546415259602227, "7": -1.6086625808730823}, "datetime": {"datetime": "2021-06-29 22:17:14", "elapsed": 7326.391127, "delta": 45.817161}}
{"target": 0.003404865328492282, "params": {"0": -2.3763241306122174, "1": 1.7713785720099366, "2": 2.1520786586030116, "3": 0.6493447256015239, "4": 1.2366882804025492, "5": -1.4768714220466848, "6": -0.3740323998391446, "7": 2.8404435993473944}, "datetime": {"datetime": "2021-06-29 22:17:31", "elapsed": 7343.682389, "delta": 17.291262}}
{"target": 0.0031413180210540246, "params": {"0": 2.0640259008292716, "1": 0.5721207611414307, "2": 0.49164264000069036, "3": -0.06973659696153511, "4": -0.36445011702217833, "5": 1.8600886097948868, "6": 1.2755526574764584, "7": -1.1001675959336525}, "datetime": {"datetime": "2021-06-29 22:17:49", "elapsed": 7361.622102, "delta": 17.939713}}
{"target": 0.0029447185717890916, "params": {"0": 0.6750306514112467, "1": 0.4966744501498912, "2": 1.6195027130086457, "3": -2.5189911646614407, "4": -1.2851033483037426, "5": 1.4145048878047124, "6": 2.574962466697971, "7": 0.05730482816617588}, "datetime": {"datetime": "2021-06-29 22:18:06", "elapsed": 7378.249898, "delta": 16.627796}}
{"target": 0.009534493274132541, "params": {"0": -2.0387673730798186, "1": 0.04889582029309736, "2": -0.2534225497816669, "3": -1.518005999225094, "4": 1.039455789492287, "5": 2.4375125609692, "6": -2.459434967757466, "7": -1.0074243130393241}, "datetime": {"datetime": "2021-06-29 22:18:23", "elapsed": 7395.673453, "delta": 17.423555}}
{"target": 0.0031751937763244355, "params": {"0": 2.8540546140301846, "1": 1.8973097274604216, "2": -2.681879488657976, "3": -0.5566370215069973, "4": 0.05080392741287865, "5": 0.27858458833117794, "6": 1.381344966620686, "7": 0.2604370089172541}, "datetime": {"datetime": "2021-06-29 22:18:38", "elapsed": 7410.315608, "delta": 14.642155}}
{"target": 0.00475296692758748, "params": {"0": 1.6384618547932437, "1": 1.1544431942275457, "2": -0.3707229126798013, "3": -0.20500764389394988, "4": -1.2898549546453342, "5": -1.8084452803987918, "6": 2.9087255271857977, "7": 1.9485198866444229}, "datetime": {"datetime": "2021-06-29 22:18:55", "elapsed": 7428.161278, "delta": 17.84567}}
{"target": 0.0031467097351134963, "params": {"0": 0.9369109711203203, "1": 1.3356921659802499, "2": -0.8594357482300286, "3": -2.5605661719238233, "4": -0.603264865768371, "5": -1.6215588221857729, "6": -1.2081180195863186, "7": -0.25061271935195517}, "datetime": {"datetime": "2021-06-29 22:19:36", "elapsed": 7468.394604, "delta": 40.233326}}
{"target": 0.005648384061659227, "params": {"0": -0.6599311420165552, "1": 1.411529517587784, "2": -1.2710066313077049, "3": 1.9674304498524018, "4": -2.0482421093545957, "5": -0.45944658375270553, "6": 1.6338570625302609, "7": 2.0621951848864004}, "datetime": {"datetime": "2021-06-29 22:20:14", "elapsed": 7506.854058, "delta": 38.459454}}
{"target": 0.0033996124545703295, "params": {"0": 2.0552296005461788, "1": -2.997660241212947, "2": 0.6266896086526801, "3": -1.8475083107860297, "4": -2.4842886114687905, "5": 2.033935673324991, "6": -1.8959562161800434, "7": -2.69957056193451}, "datetime": {"datetime": "2021-06-29 22:20:33", "elapsed": 7525.995466, "delta": 19.141408}}
{"target": 0.0033845705947893982, "params": {"0": -2.298938186395822, "1": 0.24606091814415, "2": 2.222413828450563, "3": -2.1758742875133743, "4": -1.9999853636497171, "5": 0.5016117978316554, "6": -2.6678863479947856, "7": 0.12346852386100693}, "datetime": {"datetime": "2021-06-29 22:20:53", "elapsed": 7545.726064, "delta": 19.730598}}
{"target": 0.12708384204022438, "params": {"0": 1.2394542835276052, "1": -2.7310574429059096, "2": -0.508803617443101, "3": -0.9038559683857623, "4": -0.575145472227744, "5": 0.9034061552074606, "6": -0.19501397378569907, "7": -1.6163220892622379}, "datetime": {"datetime": "2021-06-29 22:21:15", "elapsed": 7567.988009, "delta": 22.261945}}
{"target": 0.0029369839532383626, "params": {"0": 0.12418117627621328, "1": 2.536045954977638, "2": 0.838807277807109, "3": -2.3738472160456388, "4": 1.005823628866371, "5": 1.3569821644116162, "6": -1.2301972027134287, "7": 0.33090257675052737}, "datetime": {"datetime": "2021-06-29 22:21:50", "elapsed": 7603.194836, "delta": 35.206827}}
{"target": 0.0034875254640054833, "params": {"0": -0.7723897777007331, "1": -2.950426972611017, "2": -0.2887279853497904, "3": -2.322742595367807, "4": -2.365938977897799, "5": 0.7741369488166656, "6": -2.171434243846895, "7": -1.177131778732888}, "datetime": {"datetime": "2021-06-29 22:22:11", "elapsed": 7623.294462, "delta": 20.099626}}
{"target": 0.0032013627073467815, "params": {"0": 0.9467843240389442, "1": 0.9648889394109865, "2": -2.957004608160773, "3": -2.7129443903486834, "4": -2.5531889400671823, "5": 1.1621123389603483, "6": 2.7801099481682545, "7": 1.9055974422849102}, "datetime": {"datetime": "2021-06-29 22:22:51", "elapsed": 7663.661234, "delta": 40.366772}}
{"target": 0.0031807006438409648, "params": {"0": -1.7235203619195292, "1": 1.6591016741657088, "2": 1.0945751664524508, "3": -2.861864378093137, "4": 1.532618075146936, "5": -0.30818762906423736, "6": 0.9048535709119969, "7": 1.2829679569624464}, "datetime": {"datetime": "2021-06-29 22:23:25", "elapsed": 7697.774013, "delta": 34.112779}}
{"target": 0.00322992044890958, "params": {"0": 0.36519747627107124, "1": 0.7159680541486955, "2": 1.0839659125371996, "3": 1.070897862371253, "4": -1.9672284398758002, "5": -1.3300124629611152, "6": 0.9226720054419237, "7": -1.6134468272277476}, "datetime": {"datetime": "2021-06-29 22:23:59", "elapsed": 7731.859406, "delta": 34.085393}}
{"target": 0.0032183358976790298, "params": {"0": -1.1316038853118362, "1": 2.404170823727755, "2": -0.6409269826933599, "3": -2.623162800578413, "4": -1.5106228876482681, "5": -1.3111699276546476, "6": -2.3699696004507773, "7": -2.6099042063139377}, "datetime": {"datetime": "2021-06-29 22:24:53", "elapsed": 7785.333986, "delta": 53.47458}}
{"target": 0.0030148046418335466, "params": {"0": -2.9179364862712687, "1": 2.913065953110051, "2": -1.5448412681631278, "3": -0.08306538389946194, "4": 1.6216241965913323, "5": 0.13209194332443674, "6": -1.8131715593810682, "7": 0.8506418458502685}, "datetime": {"datetime": "2021-06-29 22:25:10", "elapsed": 7802.3431, "delta": 17.009114}}
{"target": 0.0038924670446826635, "params": {"0": 1.2591219537536134, "1": 1.2665260658547872, "2": 0.529189744640111, "3": -1.397571024259, "4": 1.971554524295243, "5": -2.9097972174378564, "6": 1.6876262577469952, "7": -2.94423376517652}, "datetime": {"datetime": "2021-06-29 22:25:27", "elapsed": 7819.568463, "delta": 17.225363}}
{"target": 0.006654937466881932, "params": {"0": 0.909045949375721, "1": 1.1942047373742293, "2": 1.226652062737866, "3": 2.159611531166246, "4": -2.5514437528820695, "5": -0.3809589820286772, "6": -2.57164903368919, "7": -1.5485800157720655}, "datetime": {"datetime": "2021-06-29 22:26:05", "elapsed": 7857.934123, "delta": 38.36566}}
{"target": 0.0030419913372363946, "params": {"0": -2.221499045477028, "1": 1.7448471632668614, "2": -2.017452234092384, "3": 0.880818210325665, "4": -0.8009294099740334, "5": 2.2299856600501258, "6": 2.1978078688706644, "7": 1.1948320984232295}, "datetime": {"datetime": "2021-06-29 22:26:35", "elapsed": 7888.086564, "delta": 30.152441}}
{"target": 0.0033747262091772374, "params": {"0": -1.4962960589249668, "1": -2.3554689624902068, "2": -0.09923401323011882, "3": 0.4384239753152004, "4": -2.822791231809053, "5": -1.060417188974415, "6": -2.715881364304019, "7": -2.794291924158609}, "datetime": {"datetime": "2021-06-29 22:27:09", "elapsed": 7921.819442, "delta": 33.732878}}
{"target": 0.0029200427044373863, "params": {"0": -0.64463642101195, "1": 1.1098992289723704, "2": -0.46687087689869955, "3": 2.7795210394929146, "4": 1.2632021130558293, "5": 2.8524497864283953, "6": 0.16243715806069714, "7": -1.878972598686801}, "datetime": {"datetime": "2021-06-29 22:27:51", "elapsed": 7963.25056, "delta": 41.431118}}
{"target": 0.0031000043598454854, "params": {"0": 0.2754974208548062, "1": -2.3751102085570874, "2": -2.6506649145543664, "3": -1.3391779519865081, "4": -0.46363936728443056, "5": 2.4973378586108854, "6": 0.6887849871904788, "7": -2.1286899461421775}, "datetime": {"datetime": "2021-06-29 22:28:07", "elapsed": 7979.382402, "delta": 16.131842}}
{"target": 0.003053368625955092, "params": {"0": -0.20173352835061653, "1": 0.21835663603099764, "2": 2.071518955413506, "3": 2.9415849363590354, "4": 1.8433748006319028, "5": 1.4512439189421382, "6": 1.734828210997799, "7": -1.0425761517033976}, "datetime": {"datetime": "2021-06-29 22:28:24", "elapsed": 7997.070402, "delta": 17.688}}
{"target": 0.005123431051909412, "params": {"0": -1.063590605232163, "1": -1.2693631618764338, "2": -1.8024643890507692, "3": -0.20140256289589065, "4": -2.048261603403451, "5": -2.119813179298121, "6": 0.15796196709621402, "7": -1.6540669036569702}, "datetime": {"datetime": "2021-06-29 22:28:41", "elapsed": 8013.676327, "delta": 16.605925}}
{"target": 0.0037668067331116523, "params": {"0": 2.0805604945621123, "1": -2.3150184855529266, "2": -2.301953083319221, "3": -1.3817883341998778, "4": 1.2595300728097385, "5": -1.3528144229110857, "6": 2.818399622366111, "7": -1.1857319352578088}, "datetime": {"datetime": "2021-06-29 22:29:15", "elapsed": 8047.413106, "delta": 33.736779}}
{"target": 0.01568139527257227, "params": {"0": 0.44568218958418093, "1": -2.4302387803779215, "2": 2.204295222867538, "3": 0.9622701567310301, "4": -2.4516512774483177, "5": 0.7682435696928143, "6": -2.7439887922635178, "7": -0.2235249442054572}, "datetime": {"datetime": "2021-06-29 22:29:34", "elapsed": 8066.707439, "delta": 19.294333}}
{"target": 0.0034610519110812414, "params": {"0": 0.3223198190770935, "1": -0.7367075041460907, "2": 1.690927980867599, "3": -0.8491265879452641, "4": 1.1932078703044784, "5": -2.314529582869876, "6": -2.859299844806926, "7": 2.4193004882851774}, "datetime": {"datetime": "2021-06-29 22:30:13", "elapsed": 8105.294792, "delta": 38.587353}}
{"target": 0.0035417978993292462, "params": {"0": -2.4542734251949523, "1": 1.360913408974282, "2": -2.7617703040089494, "3": -1.8403929736936604, "4": -0.8084185119827643, "5": -2.300256077598841, "6": -2.042213216695232, "7": -2.317350598170247}, "datetime": {"datetime": "2021-06-29 22:30:56", "elapsed": 8148.511442, "delta": 43.21665}}
{"target": 0.0029427435478852964, "params": {"0": -2.753522627938004, "1": 0.7772918658049242, "2": -2.8250599747325436, "3": 1.2140133594423554, "4": -1.415482524931924, "5": 2.62377412279991, "6": 0.7492924079117529, "7": -1.367634020167928}, "datetime": {"datetime": "2021-06-29 22:31:47", "elapsed": 8199.409341, "delta": 50.897899}}
{"target": 0.0039275230569487665, "params": {"0": 0.4687534449916324, "1": 1.9588502184796965, "2": 2.646504166361109, "3": 0.9839091232059793, "4": -2.5617544012834426, "5": 0.7907800814135539, "6": -0.24891585829659757, "7": 2.3053960905452744}, "datetime": {"datetime": "2021-06-29 22:32:45", "elapsed": 8257.374749, "delta": 57.965408}}
{"target": 0.0029127857669623658, "params": {"0": 2.2129500155438597, "1": 0.9375317902844862, "2": 1.9831849828674555, "3": 1.1544289888178012, "4": 0.004375749626938763, "5": 2.5122229880621596, "6": 1.9992856393385345, "7": 0.15867135197425952}, "datetime": {"datetime": "2021-06-29 22:32:59", "elapsed": 8271.630728, "delta": 14.255979}}
{"target": 0.008034019387129497, "params": {"0": -0.7450827679790524, "1": -1.6472125129128683, "2": -0.4399041610910719, "3": -2.654168920045434, "4": 2.272413366337915, "5": -0.9037606222584276, "6": 2.604029074568049, "7": 1.2910700330627058}, "datetime": {"datetime": "2021-06-29 22:33:49", "elapsed": 8322.164722, "delta": 50.533994}}
{"target": 0.00981337705397198, "params": {"0": -1.073099739568213, "1": -0.8612657935784842, "2": -0.5711675642567218, "3": -2.9402748598560366, "4": 1.4787509079489034, "5": -0.6547309906479315, "6": -2.043711459592773, "7": -2.161446863703917}, "datetime": {"datetime": "2021-06-29 22:34:03", "elapsed": 8336.00206, "delta": 13.837338}}
{"target": 0.0030004308234320267, "params": {"0": 0.2675582252649944, "1": -0.11713386355714128, "2": -2.5848894880842375, "3": -1.769553347395069, "4": 2.987009676352689, "5": 2.2765645076558068, "6": -0.8496168167864395, "7": -1.7037811839441834}, "datetime": {"datetime": "2021-06-29 22:34:22", "elapsed": 8355.190099, "delta": 19.188039}}
{"target": 0.003154601483130975, "params": {"0": -0.9051053488938416, "1": 1.0582892809885287, "2": 2.236051328073458, "3": 0.11616684770221886, "4": 0.8594883934266742, "5": -1.8773550821930778, "6": -2.1826338231835027, "7": 0.21911799382694364}, "datetime": {"datetime": "2021-06-29 22:34:48", "elapsed": 8380.39479, "delta": 25.204691}}
{"target": 0.003256753973235244, "params": {"0": -2.6923112861739154, "1": -0.3605793356007072, "2": -2.025095240382118, "3": 2.011679940518234, "4": -2.8004662026499245, "5": 0.3852636590281424, "6": 1.2044759142703514, "7": 2.8310724527875823}, "datetime": {"datetime": "2021-06-29 22:35:03", "elapsed": 8395.729364, "delta": 15.334574}}
{"target": 0.003061266744079719, "params": {"0": 0.02051615033397436, "1": -2.869571128473587, "2": 0.9524537461794536, "3": -2.0471277029319053, "4": 1.0935315833971586, "5": 0.168511303122175, "6": 2.5763771543952965, "7": -2.4258131457248746}, "datetime": {"datetime": "2021-06-29 22:35:46", "elapsed": 8438.801711, "delta": 43.072347}}
{"target": 0.0031248774527450774, "params": {"0": -2.449386151766871, "1": 2.7061827221401984, "2": -0.7259137329477934, "3": -1.9715897609904804, "4": -2.6325944308544003, "5": 0.6771703638859305, "6": -1.004118928021804, "7": -0.27057196008417606}, "datetime": {"datetime": "2021-06-29 22:36:08", "elapsed": 8461.182982, "delta": 22.381271}}
{"target": 0.003257621928796177, "params": {"0": 0.9449649653199232, "1": 0.32513622082928473, "2": 1.5786244288750355, "3": -0.2233935739777433, "4": -2.5760076708116504, "5": -0.6114494667544284, "6": -2.471138062773857, "7": 2.8899839366827482}, "datetime": {"datetime": "2021-06-29 22:36:30", "elapsed": 8482.918612, "delta": 21.73563}}
{"target": 0.0031846656557614687, "params": {"0": 0.7654356559651578, "1": -1.589728817867988, "2": -2.5035733426790436, "3": 2.202324512229273, "4": 1.4547373444530969, "5": -2.377684296066832, "6": 1.4521030995367754, "7": 0.3666470206823318}, "datetime": {"datetime": "2021-06-29 22:36:45", "elapsed": 8498.159009, "delta": 15.240397}}
{"target": 0.003019830859811605, "params": {"0": -1.358475014744848, "1": 0.9837200623002671, "2": -1.5157483128389977, "3": 2.212266400097607, "4": -1.828377552758742, "5": -1.4368097112191125, "6": 2.735696134397058, "7": 2.281665366899478}, "datetime": {"datetime": "2021-06-29 22:37:00", "elapsed": 8512.581976, "delta": 14.422967}}
{"target": 0.0041406171854481075, "params": {"0": 1.060469024409299, "1": 0.6319423057612781, "2": -0.0966899959416585, "3": 1.0530306238873894, "4": -2.1984738385711093, "5": 1.68731306146017, "6": -0.14040296996021295, "7": 2.4986574282515877}, "datetime": {"datetime": "2021-06-29 22:37:14", "elapsed": 8527.15529, "delta": 14.573314}}
{"target": 0.0032446250816905013, "params": {"0": 2.290082869709779, "1": 0.18469280166519564, "2": 2.5132402692421287, "3": 0.2382264635317224, "4": -1.3806940688549687, "5": 2.582528429627093, "6": -0.1332182913072888, "7": 0.6215883362765542}, "datetime": {"datetime": "2021-06-29 22:37:30", "elapsed": 8542.588709, "delta": 15.433419}}
{"target": 0.03173447138893011, "params": {"0": 1.3024905097957582, "1": 1.5146220071437124, "2": 2.019263795462363, "3": -0.7972258715796805, "4": -0.8787907848118337, "5": -0.9590421272909708, "6": -0.399949439109363, "7": 1.1741160336185086}, "datetime": {"datetime": "2021-06-29 22:38:04", "elapsed": 8576.656993, "delta": 34.068284}}
{"target": 0.003466112849345554, "params": {"0": 0.7906169563152083, "1": 1.7319683890639634, "2": -2.892231861891998, "3": 2.0931117790252074, "4": -2.3095735110576863, "5": -1.140950182696589, "6": -1.3459737353132508, "7": 0.5264904412420117}, "datetime": {"datetime": "2021-06-29 22:38:25", "elapsed": 8597.379445, "delta": 20.722452}}
{"target": 0.003129686724486059, "params": {"0": 2.6382211683114356, "1": 2.552192477607587, "2": 1.5990439097963458, "3": -2.5220699398576447, "4": 0.8689249317926802, "5": -1.0575663351303268, "6": 0.7547823860091123, "7": 1.7775454978815652}, "datetime": {"datetime": "2021-06-29 22:38:41", "elapsed": 8613.6005, "delta": 16.221055}}
{"target": 0.003935162104142347, "params": {"0": -0.2248450205826824, "1": -0.3669818039943298, "2": -0.21407730498331512, "3": -1.3175629926801695, "4": -2.387548452522313, "5": -0.9701331035126248, "6": 2.405363079142048, "7": 2.8987897870290142}, "datetime": {"datetime": "2021-06-29 22:38:59", "elapsed": 8632.021924, "delta": 18.421424}}
{"target": 0.007254439779284375, "params": {"0": 1.4844298971764882, "1": -2.647116433895496, "2": 2.7448833102950516, "3": 1.1957061778014069, "4": 0.5562274942867433, "5": -1.2383829913724618, "6": -1.868284705587924, "7": -1.016307988533646}, "datetime": {"datetime": "2021-06-29 22:39:44", "elapsed": 8676.843818, "delta": 44.821894}}
