{"target": 0.0030466870951479175, "params": {"0": -2.8220469972515927, "1": -2.8287492113315125, "2": -1.1447998331256142, "3": 0.06178909164993929, "4": -0.6690821270107721, "5": -0.2750191977237897, "6": 0.044570457416218456, "7": 2.433304959493152}, "datetime": {"datetime": "2021-06-30 00:28:45", "elapsed": 15305.470701, "delta": 31.994784}}
{"target": 0.0031468055364805726, "params": {"0": 1.1351854989262913, "1": -2.920656101296364, "2": 1.0468572196793495, "3": -1.913546074972659, "4": 2.50844568459749, "5": -0.31606199002901514, "6": 1.6879171452610198, "7": 0.11623116942151679}, "datetime": {"datetime": "2021-06-30 00:29:20", "elapsed": 15340.200113, "delta": 34.729412}}
{"target": 0.003144916735657695, "params": {"0": -0.9282449677661022, "1": -0.8516542160101901, "2": 1.5520492591835247, "3": -1.2385159080636179, "4": 0.8963985768501992, "5": 2.5909245077324217, "6": -2.409039948133179, "7": 0.5463350705525745}, "datetime": {"datetime": "2021-06-30 00:29:42", "elapsed": 15361.884276, "delta": 21.684163}}
{"target": 0.0031061032340043235, "params": {"0": 2.805781344732699, "1": 1.4259945877438938, "2": 1.86411377648062, "3": -2.276985523907488, "4": -0.4799232316457229, "5": 2.727691972276882, "6": -1.756027833370367, "7": -2.2696725036004786}, "datetime": {"datetime": "2021-06-30 00:30:13", "elapsed": 15392.541162, "delta": 30.656886}}
{"target": 0.0030473382525110023, "params": {"0": -2.831252954766306, "1": -0.655042316644983, "2": -1.228063965891074, "3": 0.8187145164397727, "4": -0.158039863465691, "5": 1.179021705608224, "6": -1.228394929054687, "7": -0.024777825477150905}, "datetime": {"datetime": "2021-06-30 00:30:35", "elapsed": 15415.233037, "delta": 22.691875}}
{"target": 0.0032115128874221285, "params": {"0": -0.7099361095312098, "1": 1.5416038049322331, "2": 1.8913548976045282, "3": -1.2748884596996235, "4": -0.7896709581097348, "5": -1.6993493699526334, "6": 1.0971421987460817, "7": 1.2766605459369273}, "datetime": {"datetime": "2021-06-30 00:31:32", "elapsed": 15471.537985, "delta": 56.304948}}
{"target": 0.07693315334620798, "params": {"0": 2.900786107244925, "1": 1.092089023442469, "2": 2.4747581316098124, "3": -2.56565690377381, "4": -0.9143057501321694, "5": -0.3232106659627112, "6": -0.006893135402370021, "7": 0.659864843537326}, "datetime": {"datetime": "2021-06-30 00:32:01", "elapsed": 15501.152277, "delta": 29.614292}}
{"target": 0.005547947661899846, "params": {"0": -2.1847546533009594, "1": 0.9816050807388415, "2": -0.19523909661692063, "3": 1.6725429194928338, "4": -2.477113141239528, "5": 2.6861349829964487, "6": -2.058258957593252, "7": 0.9067208641344209}, "datetime": {"datetime": "2021-06-30 00:32:54", "elapsed": 15553.743814, "delta": 52.591537}}
{"target": 0.02455471727098158, "params": {"0": -2.6122290913693895, "1": 0.2220245552081055, "2": -2.45955549342608, "3": 0.4073169231845464, "4": -1.3280952256421452, "5": -2.1808327416014803, "6": -1.3044781368098153, "7": -0.3382192751111326}, "datetime": {"datetime": "2021-06-30 00:33:28", "elapsed": 15587.91174, "delta": 34.167926}}
{"target": 0.0032858317858719425, "params": {"0": -2.768427266277079, "1": -2.034801323396807, "2": -2.5974250259620817, "3": -0.2736603934234014, "4": 2.1350998775049845, "5": -2.565525169525187, "6": -2.6639456251614435, "7": -0.08450607354032202}, "datetime": {"datetime": "2021-06-30 00:33:55", "elapsed": 15614.5372, "delta": 26.62546}}
{"target": 0.07922945839350257, "params": {"0": -0.7405291676053141, "1": 1.3722945622585243, "2": 0.36950884876506773, "3": 0.8638906062642748, "4": -1.1707532850897469, "5": -1.8336306005565612, "6": -1.5553145793366105, "7": 0.8300016104117964}, "datetime": {"datetime": "2021-06-30 00:34:22", "elapsed": 15641.760321, "delta": 27.223121}}
{"target": 0.0043068222772938685, "params": {"0": 1.7921386167088338, "1": 1.8434549508164402, "2": -1.9177600092328788, "3": -2.146437092825824, "4": -1.5093022276970438, "5": -0.313080420164801, "6": -0.1790351294636796, "7": 1.8669152809643705}, "datetime": {"datetime": "2021-06-30 00:35:29", "elapsed": 15709.275129, "delta": 67.514808}}
{"target": 0.003111031294579774, "params": {"0": 0.6691406087091356, "1": 1.3665981108814353, "2": -0.10235694634995074, "3": -2.4382502306167613, "4": 0.22491933419204857, "5": -0.09731387047833895, "6": 2.8680112492925485, "7": -0.6570783342590962}, "datetime": {"datetime": "2021-06-30 00:36:07", "elapsed": 15747.49538, "delta": 38.220251}}
{"target": 0.03494252754616598, "params": {"0": 2.4456918252043405, "1": 1.5986393484668788, "2": 2.0321082344804244, "3": -2.0701361158112697, "4": -1.0686928017584314, "5": -0.12163183863660443, "6": 0.24126982188483392, "7": 0.7326690870762738}, "datetime": {"datetime": "2021-06-30 00:36:50", "elapsed": 15790.208159, "delta": 42.712779}}
{"target": 0.0032315962454701453, "params": {"0": 2.4545508815051296, "1": -0.3546997899709199, "2": -0.19997966473026363, "3": 2.8152154738819632, "4": -1.3208949003568153, "5": 1.6240092102082588, "6": -0.9913867320277698, "7": -2.058713319538999}, "datetime": {"datetime": "2021-06-30 00:37:22", "elapsed": 15822.425398, "delta": 32.217239}}
{"target": 0.007102127735608255, "params": {"0": -0.2681497203166927, "1": -2.338686921768719, "2": 2.4554583108073986, "3": -1.7289614097687682, "4": 0.0017091659226258216, "5": 1.2764099127107524, "6": -2.1903163708581816, "7": 1.3191252739249517}, "datetime": {"datetime": "2021-06-30 00:38:04", "elapsed": 15864.058762, "delta": 41.633364}}
{"target": 0.0036357789049696956, "params": {"0": 2.800816538638058, "1": -1.7167765070767773, "2": 2.71222423899175, "3": -2.872492596578508, "4": -1.1759582044045185, "5": -0.31340096795702443, "6": 1.2852977852996368, "7": -1.9714313905425567}, "datetime": {"datetime": "2021-06-30 00:38:37", "elapsed": 15896.567348, "delta": 32.508586}}
{"target": 0.0034888302334862573, "params": {"0": 2.415173918534582, "1": 1.487816568136111, "2": 2.507096136599136, "3": -2.8403029130874495, "4": -0.8454407015982466, "5": 0.03377686132955571, "6": -0.268260905651867, "7": 0.47108650682429154}, "datetime": {"datetime": "2021-06-30 00:40:00", "elapsed": 15980.052717, "delta": 83.485369}}
{"target": 0.0030000149572206314, "params": {"0": 2.7372291137722238, "1": 2.2416098372846394, "2": -1.3472972191580368, "3": -0.17904991557143468, "4": 0.4070406492401024, "5": -2.8482448232471445, "6": -2.1471999759920477, "7": 1.011965557737561}, "datetime": {"datetime": "2021-06-30 00:40:21", "elapsed": 16000.601929, "delta": 20.549212}}
{"target": 0.003211916016825053, "params": {"0": -1.7604467523680822, "1": -1.354139767144375, "2": -2.867543275284904, "3": -2.420684934050771, "4": 1.0793319419359317, "5": -0.3458877854787312, "6": -1.738448430357313, "7": 0.7379036302065058}, "datetime": {"datetime": "2021-06-30 00:41:00", "elapsed": 16040.276963, "delta": 39.675034}}
{"target": 0.0038774420314649054, "params": {"0": -2.5358009483725734, "1": 1.4478691920474054, "2": 2.1748859248457304, "3": 2.350923476961918, "4": -1.271820748411875, "5": -1.2916643216477717, "6": -1.41402020424725, "7": -2.8345516842433667}, "datetime": {"datetime": "2021-06-30 00:41:36", "elapsed": 16075.949081, "delta": 35.672118}}
{"target": 0.004038184844983404, "params": {"0": -1.478736806125206, "1": 0.2232488678671829, "2": -0.38559597022877234, "3": 2.2042534224995727, "4": -0.864416440115114, "5": 2.11977574907889, "6": -2.9985402012064113, "7": 1.7086134231082983}, "datetime": {"datetime": "2021-06-30 00:42:32", "elapsed": 16132.046627, "delta": 56.097546}}
{"target": 0.002989247164101841, "params": {"0": -0.11595025845572682, "1": -0.4996379593234277, "2": 2.1742160552952594, "3": 2.7053649624066516, "4": 2.2338650657030303, "5": 0.05156766057827067, "6": -2.311245637338984, "7": -1.0432145729466777}, "datetime": {"datetime": "2021-06-30 00:42:56", "elapsed": 16155.994462, "delta": 23.947835}}
{"target": 0.003001145179004224, "params": {"0": 1.950286487971817, "1": 1.8996031013423815, "2": 1.6117547112701462, "3": -2.0614887195663822, "4": 0.17867022940260036, "5": 0.19640777957919786, "6": -0.9723941283862745, "7": -0.12861570182632054}, "datetime": {"datetime": "2021-06-30 00:43:28", "elapsed": 16188.394987, "delta": 32.400525}}
{"target": 0.004214255074438364, "params": {"0": 2.491829114029951, "1": -1.1955613764592279, "2": -0.505275557409103, "3": 1.5757321400184585, "4": -2.5463920456345983, "5": -0.40601684521711245, "6": -2.4452548215180014, "7": 1.1956814308773591}, "datetime": {"datetime": "2021-06-30 00:44:01", "elapsed": 16221.314992, "delta": 32.920005}}
{"target": 0.003112228848211949, "params": {"0": 1.4245296590962084, "1": 1.7623509864887241, "2": 1.727136717689195, "3": -0.7108097870966636, "4": -1.396846248734339, "5": -0.682364979988332, "6": -0.47060932053841986, "7": 1.1981508802454277}, "datetime": {"datetime": "2021-06-30 00:44:38", "elapsed": 16257.987328, "delta": 36.672336}}
{"target": 0.003138987110751265, "params": {"0": -1.9363630116981165, "1": 2.1658341830585224, "2": 0.8156929901393246, "3": 2.12417839123517, "4": -0.8280609754084205, "5": 0.3372392998028695, "6": -2.5469586393223924, "7": -0.5250904325107157}, "datetime": {"datetime": "2021-06-30 00:45:09", "elapsed": 16289.022023, "delta": 31.034695}}
{"target": 0.009409590659068927, "params": {"0": -0.6617070992430092, "1": 1.1461109874550992, "2": -0.8075139112427019, "3": 0.5572501450539225, "4": -1.6737998071007696, "5": 2.762038023724232, "6": -2.3946550685163897, "7": 0.903056616536051}, "datetime": {"datetime": "2021-06-30 00:45:49", "elapsed": 16329.113404, "delta": 40.091381}}
{"target": 0.0031607139861248384, "params": {"0": 1.2629923039735713, "1": 1.5195350628501867, "2": -2.270626186407359, "3": -0.7523028183731704, "4": -2.66954107362744, "5": -2.8090904708572055, "6": -1.3499013785780936, "7": 0.43045812527294025}, "datetime": {"datetime": "2021-06-30 00:46:16", "elapsed": 16356.469163, "delta": 27.355759}}
{"target": 0.0030450225078202135, "params": {"0": -1.047233551985831, "1": 0.40700812987703916, "2": -1.9527486278573682, "3": -2.6848984519799135, "4": 2.5322638492723932, "5": -0.12748315212507677, "6": -0.31671664745166606, "7": -0.22274046420461646}, "datetime": {"datetime": "2021-06-30 00:46:44", "elapsed": 16384.360752, "delta": 27.891589}}
{"target": 0.003214233064754731, "params": {"0": -1.481601081817419, "1": 0.26324068944887324, "2": 1.0016149262550211, "3": 0.0302608762448231, "4": 2.348548366702632, "5": 0.01980307687184979, "6": 2.5508863276978833, "7": 1.1217667517460042}, "datetime": {"datetime": "2021-06-30 00:47:51", "elapsed": 16451.126871, "delta": 66.766119}}
{"target": 0.004205671594949933, "params": {"0": 2.4271119655144613, "1": -1.8827416520375468, "2": -0.1068986131153431, "3": 2.8282677481389067, "4": -2.7400773899990263, "5": 0.9934409255248275, "6": -2.814086545991134, "7": -2.2410103841456057}, "datetime": {"datetime": "2021-06-30 00:48:27", "elapsed": 16486.839845, "delta": 35.712974}}
{"target": 0.008786081724063543, "params": {"0": 1.4962868348069236, "1": 2.7443310523291364, "2": -2.7900661081357976, "3": 1.1094237666305728, "4": 1.8766354920276438, "5": -2.578510577418643, "6": -0.17668852250806388, "7": -2.9846133561965136}, "datetime": {"datetime": "2021-06-30 00:48:52", "elapsed": 16512.473139, "delta": 25.633294}}
{"target": 0.0030973225012107595, "params": {"0": -0.6793296122575869, "1": -0.7604059679885493, "2": -0.12902061882592974, "3": 1.6481774421785627, "4": -1.9655827956695404, "5": 1.519950172374525, "6": -0.24248437058540162, "7": 0.9623775756649096}, "datetime": {"datetime": "2021-06-30 00:49:26", "elapsed": 16546.239235, "delta": 33.766096}}
{"target": 0.0031141201898626427, "params": {"0": -2.2702119239083034, "1": 1.8313385834798392, "2": 1.0673150606842459, "3": -1.8832079130674064, "4": 1.777355753493592, "5": -2.27869415765216, "6": 0.13914375004932378, "7": 1.0293580387592982}, "datetime": {"datetime": "2021-06-30 00:50:10", "elapsed": 16589.922729, "delta": 43.683494}}
{"target": 0.003245183493287213, "params": {"0": -0.3775438750842155, "1": -0.10390723691215076, "2": -0.509995728730595, "3": -2.6702140240837497, "4": -0.987850526294678, "5": -1.7817722510814347, "6": -0.6849099021094842, "7": 1.9870666525993652}, "datetime": {"datetime": "2021-06-30 00:50:57", "elapsed": 16637.148801, "delta": 47.226072}}
{"target": 0.003134076789596539, "params": {"0": -2.6256386238321827, "1": 0.41604458470079386, "2": -2.3841704079631887, "3": 1.4185000115366417, "4": 0.2041445833126989, "5": -0.40771137261075996, "6": 1.6911382498163157, "7": 0.9762422337091392}, "datetime": {"datetime": "2021-06-30 00:51:24", "elapsed": 16664.075614, "delta": 26.926813}}
{"target": 0.0030597989005784376, "params": {"0": 1.3345782480904331, "1": 1.0637892087418948, "2": 1.5915569138635401, "3": 0.2899690993689443, "4": 1.827706114181745, "5": 0.8463407185413234, "6": -2.7199778434772837, "7": 2.1377495725430355}, "datetime": {"datetime": "2021-06-30 00:51:49", "elapsed": 16688.964312, "delta": 24.888698}}
{"target": 0.0029992172649926305, "params": {"0": -0.6092642558275587, "1": -0.9350053608535438, "2": -1.724841668506126, "3": 0.7569926876453952, "4": -1.1288051791096207, "5": 2.6492237830500596, "6": 1.1752538109297603, "7": -1.8741783356740402}, "datetime": {"datetime": "2021-06-30 00:52:11", "elapsed": 16711.139796, "delta": 22.175484}}
{"target": 0.0030683131520126226, "params": {"0": 2.1330458473089635, "1": -0.25801470640517055, "2": -0.382870992580159, "3": -2.9395105973149978, "4": -1.300320348508389, "5": 0.9615073304066524, "6": 0.974968373946492, "7": -0.4044682095594361}, "datetime": {"datetime": "2021-06-30 00:52:41", "elapsed": 16740.639508, "delta": 29.499712}}
{"target": 0.00850486815289789, "params": {"0": -2.3703491606215317, "1": -1.7475663901936433, "2": -2.06944886456944, "3": -1.8066261186223318, "4": 1.4536156161752158, "5": -0.2094682094329734, "6": -2.891944807159768, "7": 1.4844995818220115}, "datetime": {"datetime": "2021-06-30 00:53:14", "elapsed": 16773.599821, "delta": 32.960313}}
{"target": 0.012938995759924165, "params": {"0": 2.3440609071318654, "1": -0.8679262990067551, "2": 2.145828966741661, "3": -2.6932892537552506, "4": -1.3505604736501253, "5": -0.9796983133206645, "6": 2.6365939811953725, "7": -1.7759390006753248}, "datetime": {"datetime": "2021-06-30 00:53:55", "elapsed": 16815.463605, "delta": 41.863784}}
{"target": 0.02199762066697019, "params": {"0": 1.3224113286466892, "1": -0.9168854957554435, "2": 1.369790523569434, "3": -2.638164326892876, "4": -2.2732336376711375, "5": -1.5022789128897664, "6": -2.413339491596094, "7": 1.1989202185680181}, "datetime": {"datetime": "2021-06-30 00:54:37", "elapsed": 16857.219365, "delta": 41.75576}}
{"target": 0.0029022207678547924, "params": {"0": -0.7548320801174029, "1": 2.8997843492234736, "2": -0.10410699179145766, "3": 2.9421881776362433, "4": 2.922821371632221, "5": -2.07288864813873, "6": 1.41917079651813, "7": -0.18858934337673006}, "datetime": {"datetime": "2021-06-30 00:54:57", "elapsed": 16877.090879, "delta": 19.871514}}
{"target": 0.0036886849963059837, "params": {"0": -0.31786724164313274, "1": -2.1987763029795646, "2": -0.6398834115252003, "3": 0.25498036417248837, "4": -2.5576937935009467, "5": -1.7849056517386983, "6": -0.2932493464667565, "7": -2.4323018199511806}, "datetime": {"datetime": "2021-06-30 00:55:36", "elapsed": 16915.856889, "delta": 38.76601}}
{"target": 0.0035193947611164714, "params": {"0": 0.6242002263488313, "1": -2.090931157843942, "2": 1.337968460019738, "3": 2.4939570872495054, "4": 0.09890343138894808, "5": 1.0359933628404914, "6": 2.498648653358117, "7": -0.15226553955799105}, "datetime": {"datetime": "2021-06-30 00:56:09", "elapsed": 16948.623566, "delta": 32.766677}}
{"target": 0.0032687384474441596, "params": {"0": -1.9991826045678855, "1": -2.7177093598553075, "2": -1.68575140484198, "3": -2.7604774052638583, "4": -0.20197659848087834, "5": -2.6766512694306828, "6": -0.23613951225803342, "7": 1.9155004466720973}, "datetime": {"datetime": "2021-06-30 00:56:42", "elapsed": 16981.546204, "delta": 32.922638}}
{"target": 0.003132387693534806, "params": {"0": -1.1860706281869429, "1": -2.473559432268592, "2": -2.8871591945178503, "3": -2.083481745268639, "4": -1.0781860648746942, "5": 2.6567742388590556, "6": -2.310359929482645, "7": 1.5694382101162532}, "datetime": {"datetime": "2021-06-30 00:57:21", "elapsed": 17021.483092, "delta": 39.936888}}
{"target": 0.003212335040563534, "params": {"0": 2.143991507270343, "1": 2.1196388658146503, "2": -1.9807885511914258, "3": 0.8362676052176843, "4": -0.5345064720903716, "5": 0.8642119266441926, "6": 1.8796335642022708, "7": 2.0208378616321765}, "datetime": {"datetime": "2021-06-30 00:57:49", "elapsed": 17048.808514, "delta": 27.325422}}
{"target": 0.005981448056770827, "params": {"0": -2.0778632717516485, "1": 0.8790988823957511, "2": -0.6990026637902234, "3": -0.44899033154970613, "4": -2.934650429903626, "5": 1.0143669227856584, "6": -1.7405115831812936, "7": 2.187019246354722}, "datetime": {"datetime": "2021-06-30 00:58:23", "elapsed": 17082.744513, "delta": 33.935999}}
{"target": 0.0032940227840996586, "params": {"0": -0.7248698300673304, "1": 0.1890188067117644, "2": 1.3335110568638129, "3": 2.469567821099642, "4": -0.7311361278807107, "5": 0.9790716255333951, "6": 2.9095175589478988, "7": -2.0514541675951214}, "datetime": {"datetime": "2021-06-30 00:59:47", "elapsed": 17167.234028, "delta": 84.489515}}
{"target": 0.002969354674760622, "params": {"0": 1.7234257649463327, "1": -0.9624033483724714, "2": -1.2528821524994924, "3": 0.0845035066673292, "4": 0.45308464552720684, "5": -1.149430178179793, "6": 1.9409908505604285, "7": -0.456790759859766}, "datetime": {"datetime": "2021-06-30 01:00:37", "elapsed": 17216.836088, "delta": 49.60206}}
{"target": 0.0038588490889686798, "params": {"0": -0.5847254946028357, "1": 1.884242466818609, "2": -1.718829290582454, "3": -1.513530496696139, "4": -2.8054395464467943, "5": -1.6406448448893405, "6": -0.3176571467268987, "7": 2.549976379196371}, "datetime": {"datetime": "2021-06-30 01:01:05", "elapsed": 17245.342596, "delta": 28.506508}}
{"target": 0.0029127022841753504, "params": {"0": -1.4279522972517924, "1": -2.8219371934231425, "2": -1.6593990446379836, "3": 0.2931498666090384, "4": 0.31390253059376505, "5": 1.3736754899528076, "6": 0.7424623716427088, "7": -1.3222029807351676}, "datetime": {"datetime": "2021-06-30 01:01:34", "elapsed": 17273.815892, "delta": 28.473296}}
{"target": 0.002985238468117268, "params": {"0": -0.7882243543273106, "1": -0.8346050791992972, "2": -2.300764134875595, "3": -0.4239833737068013, "4": -0.3471706668153005, "5": 2.1000985885704075, "6": -2.340892661635095, "7": 2.607469756846922}, "datetime": {"datetime": "2021-06-30 01:02:08", "elapsed": 17308.233115, "delta": 34.417223}}
{"target": 0.0037659729894120937, "params": {"0": 0.8273656240323057, "1": 1.1058277102456433, "2": -2.667721618383756, "3": 1.5894206644799116, "4": 0.2925635192230138, "5": -1.3093365427694168, "6": -1.7611251542946924, "7": -1.8517379278728723}, "datetime": {"datetime": "2021-06-30 01:02:40", "elapsed": 17339.613316, "delta": 31.380201}}
{"target": 0.00301884551470498, "params": {"0": 1.416911328081465, "1": -0.8309204185279628, "2": 1.3316403521687619, "3": -2.565053299778234, "4": 2.5488680771448227, "5": 2.674331370931573, "6": -2.059178159094522, "7": -2.354666842189689}, "datetime": {"datetime": "2021-06-30 01:03:03", "elapsed": 17362.571638, "delta": 22.958322}}
{"target": 0.007410041089574766, "params": {"0": 0.03864124541087932, "1": -2.238907698090009, "2": 2.1307547271537564, "3": -2.2474333801415787, "4": -1.270826246715477, "5": 2.3447647334263273, "6": -2.189288952875037, "7": -0.4551306387717533}, "datetime": {"datetime": "2021-06-30 01:03:58", "elapsed": 17418.185853, "delta": 55.614215}}
{"target": 0.005126323138362376, "params": {"0": 1.1114864774884783, "1": -0.363408130965861, "2": 0.9020970580796566, "3": -0.33082086205006034, "4": 1.4484311110460313, "5": -0.7053781941214936, "6": -2.0354410966696035, "7": 2.494416743068916}, "datetime": {"datetime": "2021-06-30 01:04:28", "elapsed": 17447.654644, "delta": 29.468791}}
{"target": 0.00510344348381371, "params": {"0": -1.283452274993541, "1": 1.2391422029646302, "2": -0.07086359443376322, "3": 1.0405051526417308, "4": -0.48384768116465704, "5": -2.1365423336829945, "6": -2.7339333818650973, "7": -2.926008799303024}, "datetime": {"datetime": "2021-06-30 01:04:55", "elapsed": 17475.355144, "delta": 27.7005}}
{"target": 0.002974092787443197, "params": {"0": 2.6940262869598097, "1": 2.4008477285471956, "2": -2.5417014661293944, "3": 1.1877654470821675, "4": 2.941554990374107, "5": -0.8907394416087051, "6": 0.01759428563730392, "7": -0.9424863402630841}, "datetime": {"datetime": "2021-06-30 01:05:24", "elapsed": 17504.09866, "delta": 28.743516}}
{"target": 0.004148987277554062, "params": {"0": 1.7442763472123204, "1": -2.6819168392944244, "2": 2.5755564553251684, "3": -1.1324836769553672, "4": 2.7723234136323134, "5": -1.3958481289018274, "6": 2.014277930747258, "7": 2.914692526040824}, "datetime": {"datetime": "2021-06-30 01:06:03", "elapsed": 17542.557657, "delta": 38.458997}}
{"target": 0.0030997094281573507, "params": {"0": 1.1252971627981072, "1": -1.725184146893762, "2": 1.8473665483553745, "3": -2.7958138697302823, "4": 0.5898756839239643, "5": 1.6024090232117505, "6": -2.388983887342202, "7": -0.04978355903125653}, "datetime": {"datetime": "2021-06-30 01:06:47", "elapsed": 17586.792323, "delta": 44.234666}}
{"target": 0.0030211435458334687, "params": {"0": -1.6106883827449932, "1": 2.670400922393413, "2": 1.344875014265556, "3": -0.2391954970458614, "4": -1.5269930314991214, "5": 0.6672800927691362, "6": -0.07339995435610325, "7": -1.6559576816644164}, "datetime": {"datetime": "2021-06-30 01:07:22", "elapsed": 17621.503146, "delta": 34.710823}}
