{"target": 0.004978449240016617, "params": {"0": 1.7772074660972415, "1": 0.6827150262274886, "2": 2.5724772343220685, "3": -2.830914506146747, "4": -2.378209346376793, "5": 0.9662384705116152, "6": 0.09338006724760106, "7": 0.07653487631155809}, "datetime": {"datetime": "2021-06-30 02:19:22", "elapsed": 21855.288483, "delta": 44.249995}}
{"target": 0.003155171588125887, "params": {"0": 0.04235974353489613, "1": -0.9231703791011308, "2": 0.6573721112373243, "3": 1.227380401702379, "4": -1.7207374211017257, "5": 2.3502658318089553, "6": 0.5365078259314693, "7": 2.7604389907815916}, "datetime": {"datetime": "2021-06-30 02:20:01", "elapsed": 21894.305089, "delta": 39.016606}}
{"target": 0.0076470134436100665, "params": {"0": 1.4896974290320877, "1": -0.5201573317169785, "2": 0.005326622067975961, "3": -0.8265981436017551, "4": 2.196784665245768, "5": 1.0439765630348266, "6": -2.587554474351175, "7": 1.482572579341892}, "datetime": {"datetime": "2021-06-30 02:20:35", "elapsed": 21928.915682, "delta": 34.610593}}
{"target": 0.005868347261356291, "params": {"0": -2.519069651528528, "1": 2.3038516631545995, "2": 2.5795547846456675, "3": 2.8563549797614582, "4": -1.6303463492598704, "5": -0.14541110270740187, "6": 1.0170618604241914, "7": 0.9358467267257269}, "datetime": {"datetime": "2021-06-30 02:21:08", "elapsed": 21961.746423, "delta": 32.830741}}
{"target": 0.0038695644861030457, "params": {"0": -0.11328638353449794, "1": 0.3378916155296574, "2": -1.5224467577867566, "3": 1.4021240615822892, "4": -1.9237523206569223, "5": 1.8954734277256184, "6": -1.6555918583682148, "7": -1.449302597123857}, "datetime": {"datetime": "2021-06-30 02:21:44", "elapsed": 21997.688382, "delta": 35.941959}}
{"target": 0.0029496800946412745, "params": {"0": 1.6587304807336576, "1": 2.641409240453225, "2": 0.5041466314250052, "3": 1.3703232889337746, "4": 2.0848838825682794, "5": -2.991004666201456, "6": -2.2311944665277736, "7": 0.36833661762895975}, "datetime": {"datetime": "2021-06-30 02:22:20", "elapsed": 22033.477393, "delta": 35.789011}}
{"target": 0.607316438377199, "params": {"0": 2.0818085326255815, "1": -2.7038865647508454, "2": 2.4839929073043994, "3": -1.2250766546096734, "4": 2.5908658390369705, "5": -2.064242820974333, "6": 1.1354723492370447, "7": 2.8816012458967846}, "datetime": {"datetime": "2021-06-30 02:23:02", "elapsed": 22075.322307, "delta": 41.844914}}
{"target": 0.0030484078239178198, "params": {"0": -1.0482719146445545, "1": -0.8992329401343064, "2": 1.809057632873615, "3": -1.217275457115557, "4": -1.4365722647260502, "5": 2.0094240668786316, "6": 1.245914418000396, "7": 0.02906452454383679}, "datetime": {"datetime": "2021-06-30 02:23:51", "elapsed": 22124.491876, "delta": 49.169569}}
{"target": 0.0033416648431337614, "params": {"0": -1.6017144591677919, "1": 0.35868958067211265, "2": 1.53374240822178, "3": 0.4039078916946899, "4": -1.828634821675834, "5": 1.9425950258275408, "6": -2.03533658703949, "7": 0.9506747137545557}, "datetime": {"datetime": "2021-06-30 02:24:28", "elapsed": 22161.297058, "delta": 36.805182}}
{"target": 0.01293472975060618, "params": {"0": -0.5811612630002001, "1": -2.921137325064222, "2": -0.5067832301229327, "3": -2.1774247048054898, "4": -2.9694415190392442, "5": -0.6729176878087761, "6": -2.642906537125773, "7": 2.7752099043623586}, "datetime": {"datetime": "2021-06-30 02:26:10", "elapsed": 22263.765909, "delta": 102.468851}}
{"target": 0.003261828075856559, "params": {"0": 2.597512167437878, "1": -2.898066322612785, "2": -2.9697681130494535, "3": 1.2931915889421663, "4": -1.2392806611805356, "5": -1.5612098914324324, "6": 0.49809606713119914, "7": 0.1432423537388301}, "datetime": {"datetime": "2021-06-30 02:27:05", "elapsed": 22318.164017, "delta": 54.398108}}
{"target": 0.0028047751178528818, "params": {"0": 2.0169146090281274, "1": 2.4478596229331018, "2": -1.6222415428373587, "3": 0.009911274034958506, "4": 1.7638978781581365, "5": -0.17573092156776626, "6": 2.6801899241821694, "7": 2.876095843518942}, "datetime": {"datetime": "2021-06-30 02:27:46", "elapsed": 22359.850778, "delta": 41.686761}}
{"target": 0.021195359628538527, "params": {"0": -0.3170916340622254, "1": 1.8049319919193012, "2": 1.3218688223903108, "3": -0.48182961768864896, "4": 1.9493389723874035, "5": -1.378243260159207, "6": 1.5207844808247941, "7": -2.5406163774517454}, "datetime": {"datetime": "2021-06-30 02:29:13", "elapsed": 22446.98589, "delta": 87.135112}}
{"target": 0.003142210461194686, "params": {"0": 1.4583658978451552, "1": 0.3500743672867528, "2": 0.07254241867934574, "3": 2.906352907171722, "4": 0.8529342077129103, "5": 0.00365028215965868, "6": -1.8204003113652463, "7": -0.8949156315244533}, "datetime": {"datetime": "2021-06-30 02:30:25", "elapsed": 22518.061157, "delta": 71.075267}}
{"target": 0.003220211913356189, "params": {"0": 1.0802583645300405, "1": 0.5596425675386767, "2": -1.3492621423778375, "3": 2.308946295821988, "4": 0.5976170625105031, "5": -2.607321885428741, "6": 0.1529838801481458, "7": 1.753330960148359}, "datetime": {"datetime": "2021-06-30 02:31:02", "elapsed": 22555.992986, "delta": 37.931829}}
{"target": 0.0050063697315127585, "params": {"0": -0.13073310841865826, "1": 0.587700031458469, "2": -2.3360455822239814, "3": -1.2579907248096316, "4": -0.14415981013961154, "5": -1.4103358357776026, "6": 0.5843091263580042, "7": -2.2489078010447416}, "datetime": {"datetime": "2021-06-30 02:32:13", "elapsed": 22626.049727, "delta": 70.056741}}
{"target": 0.003185640932825871, "params": {"0": -1.5023910523527413, "1": 0.8107180279987221, "2": -2.0927875827166798, "3": -1.2376897025403473, "4": 2.444210779049887, "5": -1.0869428288935272, "6": 0.9568918523514576, "7": -1.8779956702554168}, "datetime": {"datetime": "2021-06-30 02:32:56", "elapsed": 22669.204379, "delta": 43.154652}}
{"target": 0.003407423517951573, "params": {"0": 1.3729044289833467, "1": -2.6819204435227153, "2": 1.8687304851513282, "3": 1.1287830234397482, "4": -0.826684651633232, "5": 2.3498381019237344, "6": 1.7611028538423756, "7": -1.487079205676405}, "datetime": {"datetime": "2021-06-30 02:33:24", "elapsed": 22697.957756, "delta": 28.753377}}
{"target": 0.0033422775719474636, "params": {"0": 0.8126568341174076, "1": -1.6723760416610023, "2": -1.0509542497148732, "3": -1.360620690129186, "4": -1.2575312934851066, "5": -2.520015047478027, "6": -0.5052436744764579, "7": -0.5597552083059307}, "datetime": {"datetime": "2021-06-30 02:34:08", "elapsed": 22741.244813, "delta": 43.287057}}
{"target": 0.003785297265070407, "params": {"0": -1.4049471143654115, "1": -0.7618753403976632, "2": -0.5026127160999243, "3": -2.487124199949864, "4": 0.8363265119532746, "5": -0.8100033472091317, "6": -1.9133801759141242, "7": -2.1554341222089315}, "datetime": {"datetime": "2021-06-30 02:35:02", "elapsed": 22795.38769, "delta": 54.142877}}
{"target": 0.0037521800474763665, "params": {"0": -1.3159570728201775, "1": -1.3240183981869493, "2": -0.9778933862403569, "3": -2.9085251333655764, "4": 1.74938328892926, "5": -0.45602367989097825, "6": -2.595640351784906, "7": -1.9205594598137503}, "datetime": {"datetime": "2021-06-30 02:36:04", "elapsed": 22857.643923, "delta": 62.256233}}
{"target": 0.004151162425971739, "params": {"0": -1.0531734240581974, "1": -1.7461755393597476, "2": -2.671819645439895, "3": 0.691301952858185, "4": 1.215481405321662, "5": -2.2102674968656633, "6": 1.1793170925971435, "7": 1.7856057132543377}, "datetime": {"datetime": "2021-06-30 02:37:53", "elapsed": 22966.805542, "delta": 109.161619}}
{"target": 0.005128591092907984, "params": {"0": -1.8967993578658924, "1": 0.8503178942655096, "2": -0.054750211986606345, "3": -1.7016875739847324, "4": 0.8040433730776182, "5": 2.8004796435448576, "6": -1.659957760712063, "7": -1.0685974195671168}, "datetime": {"datetime": "2021-06-30 02:38:32", "elapsed": 23005.829803, "delta": 39.024261}}
{"target": 0.0033695837034827033, "params": {"0": 1.0135542799670318, "1": -1.3965018839258168, "2": 0.745383817249544, "3": 0.032539225283781725, "4": -0.8590924030019842, "5": -1.7386168240177846, "6": -0.04399072342095023, "7": -2.1931908381112506}, "datetime": {"datetime": "2021-06-30 02:39:26", "elapsed": 23059.60479, "delta": 53.774987}}
{"target": 0.003339331104769015, "params": {"0": -0.8561859020048379, "1": 1.4821738716334991, "2": -0.48848182881646274, "3": -2.8051367264046796, "4": 0.2180603678572126, "5": 0.1643820529470661, "6": -2.7807896703207398, "7": -2.3546604688537816}, "datetime": {"datetime": "2021-06-30 02:40:07", "elapsed": 23100.609056, "delta": 41.004266}}
{"target": 0.0053612940776182234, "params": {"0": -0.21329382402140595, "1": 0.5248303288315972, "2": 0.5931231141091886, "3": 1.4437112143699409, "4": -2.9018280935604643, "5": 1.3118174204669142, "6": -0.1026283533147554, "7": 1.1838091393457937}, "datetime": {"datetime": "2021-06-30 02:40:39", "elapsed": 23132.855302, "delta": 32.246246}}
{"target": 0.00293417770968683, "params": {"0": -0.8740859253496298, "1": -0.2220488762916255, "2": -0.502196437209995, "3": 2.8931601557915716, "4": 2.9327568509016384, "5": -2.9751361979339475, "6": 2.298210890463097, "7": 2.427490212530075}, "datetime": {"datetime": "2021-06-30 02:41:28", "elapsed": 23181.516484, "delta": 48.661182}}
{"target": 0.0036326574295941446, "params": {"0": 2.160591350674294, "1": 1.9940073686056339, "2": 2.7543792599030406, "3": -2.819234279988268, "4": -1.1357739447844797, "5": -2.4437310539180883, "6": -0.341296082993666, "7": 1.0040789745687073}, "datetime": {"datetime": "2021-06-30 02:42:34", "elapsed": 23247.073614, "delta": 65.55713}}
{"target": 0.0030458680109965333, "params": {"0": 2.6847377573892848, "1": 0.7954957477477014, "2": -2.441734610342421, "3": 2.3532798413916556, "4": -0.6533581640131407, "5": -2.367250582524208, "6": -0.6521595652291605, "7": -0.4097313988474234}, "datetime": {"datetime": "2021-06-30 02:43:07", "elapsed": 23280.167418, "delta": 33.093804}}
{"target": 0.004806416268823234, "params": {"0": -1.2357889367196313, "1": -1.7635658496143896, "2": 2.344748960547162, "3": 0.5243998511516899, "4": 1.5314283540672502, "5": 1.4240215110247574, "6": -2.6083875263645924, "7": -1.0130468671948247}, "datetime": {"datetime": "2021-06-30 02:43:44", "elapsed": 23317.948796, "delta": 37.781378}}
{"target": 0.003132441884096485, "params": {"0": 1.8887857430257604, "1": 1.0937778796379085, "2": 2.3320592156041178, "3": 0.9007232687763933, "4": -1.3966392994171872, "5": -2.9497330390571994, "6": -0.4255490777786637, "7": -2.0592247688501626}, "datetime": {"datetime": "2021-06-30 02:44:13", "elapsed": 23346.132393, "delta": 28.183597}}
{"target": 0.0030122443266433893, "params": {"0": -1.2702845484037202, "1": 1.4909574347789727, "2": 2.4749999620720367, "3": 2.869789144690947, "4": 0.6348764645544795, "5": -1.7398047001786732, "6": 1.9773488043181358, "7": 2.1094900807875305}, "datetime": {"datetime": "2021-06-30 02:44:53", "elapsed": 23386.508622, "delta": 40.376229}}
{"target": 0.003461434594698465, "params": {"0": 2.411935845579894, "1": -2.178057574690766, "2": 1.7779255893677215, "3": 0.5754125286844101, "4": -2.4660355322422247, "5": 1.26765809702811, "6": -0.896385047963435, "7": -2.0147360164318178}, "datetime": {"datetime": "2021-06-30 02:45:26", "elapsed": 23419.833002, "delta": 33.32438}}
{"target": 0.004591745029941444, "params": {"0": -0.5931497700341417, "1": -0.38079456963089164, "2": 0.9106059266111202, "3": -1.7428412718758408, "4": -1.6533169043946812, "5": -1.2651520742926992, "6": 1.7520711787860694, "7": 0.16578015072033514}, "datetime": {"datetime": "2021-06-30 02:47:29", "elapsed": 23542.583005, "delta": 122.750003}}
{"target": 0.004143254799621671, "params": {"0": 0.4797242328272677, "1": 1.9339912927656844, "2": 0.3109441846891472, "3": -2.859189309764737, "4": -0.7622037221254336, "5": 0.6145894624773152, "6": 0.7343104400213831, "7": 1.1448328301346038}, "datetime": {"datetime": "2021-06-30 02:48:08", "elapsed": 23581.267794, "delta": 38.684789}}
{"target": 0.0032204387386939493, "params": {"0": -1.6430188774124708, "1": -0.8434537992953643, "2": 1.9581235769766918, "3": -0.013367899443422537, "4": -2.8298444489266927, "5": 0.011449269328461575, "6": 2.7045367235983973, "7": -0.36205445496814814}, "datetime": {"datetime": "2021-06-30 02:50:10", "elapsed": 23703.830621, "delta": 122.562827}}
{"target": 0.014133556814196358, "params": {"0": -1.9375341191099638, "1": -2.890083265551965, "2": 2.8594360661200593, "3": -2.0721078304120657, "4": 1.4060854999267978, "5": -0.042029938484978935, "6": -2.283733839670047, "7": 0.6101049365947504}, "datetime": {"datetime": "2021-06-30 02:50:51", "elapsed": 23744.352086, "delta": 40.521465}}
{"target": 0.003125801875904243, "params": {"0": 2.9812901192090884, "1": -1.3229529643295104, "2": -2.5844296594195866, "3": 1.015959044600363, "4": -0.03944017458645899, "5": -0.045374120737254664, "6": 1.0764223851178754, "7": -2.1830812136214206}, "datetime": {"datetime": "2021-06-30 02:51:35", "elapsed": 23788.73671, "delta": 44.384624}}
{"target": 0.002977505908744123, "params": {"0": -0.7943848812963688, "1": 1.0883569094158272, "2": -2.5536882686252875, "3": 2.047853968985672, "4": 0.6151027104186704, "5": 2.300439230330177, "6": 1.5253090617421856, "7": 2.7963177692376258}, "datetime": {"datetime": "2021-06-30 02:52:11", "elapsed": 23824.629875, "delta": 35.893165}}
{"target": 0.0031153402296268022, "params": {"0": 0.8258690517041636, "1": 1.462762362665461, "2": -2.8194389163433122, "3": 2.2493988467794335, "4": 0.0989531000361219, "5": -0.5694093911574023, "6": 0.9676167632816908, "7": -1.4664665126787377}, "datetime": {"datetime": "2021-06-30 02:52:54", "elapsed": 23867.520029, "delta": 42.890154}}
{"target": 0.0030154548619174375, "params": {"0": -0.6812609549202575, "1": -1.1042499144961053, "2": -0.8477980749980709, "3": 0.6095339826073864, "4": -0.81569631535345, "5": 2.8893261265316124, "6": -0.8111350943678115, "7": -0.075005246145194}, "datetime": {"datetime": "2021-06-30 02:53:32", "elapsed": 23905.327856, "delta": 37.807827}}
{"target": 0.0033592562000626606, "params": {"0": 1.6430797883258235, "1": 0.10102455755077155, "2": 1.6953369291527132, "3": -0.46850312083409884, "4": -0.7326529553517562, "5": -0.9918461285425808, "6": -0.7192516339065183, "7": 2.1496061811604594}, "datetime": {"datetime": "2021-06-30 02:55:39", "elapsed": 24032.490981, "delta": 127.163125}}
{"target": 0.010834002914697969, "params": {"0": -0.3134389656412653, "1": -2.2938878278244115, "2": 0.6290377416903143, "3": 0.6386696010682744, "4": 0.26277836608634075, "5": -1.0299735393523248, "6": 0.428684474996464, "7": 0.7848563325125051}, "datetime": {"datetime": "2021-06-30 02:56:19", "elapsed": 24072.164738, "delta": 39.673757}}
{"target": 0.003910050377966969, "params": {"0": 1.2692416149395473, "1": 2.3242561801359347, "2": 0.160970146782498, "3": -2.249115646915772, "4": -0.0032074499906653564, "5": 0.9569263476272667, "6": -1.8699861854360391, "7": -0.3630717197818809}, "datetime": {"datetime": "2021-06-30 02:56:59", "elapsed": 24112.851273, "delta": 40.686535}}
{"target": 0.0038267799339253717, "params": {"0": -0.39764383054911345, "1": -0.04966292662441152, "2": 2.642520744237764, "3": -2.652228522486483, "4": 2.691087159186453, "5": -0.9878428549750229, "6": 2.8145014221267166, "7": -0.6768064550855142}, "datetime": {"datetime": "2021-06-30 02:57:29", "elapsed": 24142.268686, "delta": 29.417413}}
{"target": 0.0030849855194971425, "params": {"0": -0.5490333445074267, "1": 2.347370202121839, "2": 2.3986246466572165, "3": 2.227012606119019, "4": -1.2141027047462112, "5": 0.7381990108573588, "6": -1.7717558320230102, "7": -2.27606313749967}, "datetime": {"datetime": "2021-06-30 02:58:00", "elapsed": 24173.276405, "delta": 31.007719}}
{"target": 0.004624142579372172, "params": {"0": 1.8191457014233183, "1": -2.5156680553469064, "2": -0.9544930682515695, "3": -1.2088045767947206, "4": 0.572452374660315, "5": -0.8307163364696724, "6": -0.8991166208967858, "7": -0.07788477325218945}, "datetime": {"datetime": "2021-06-30 02:58:42", "elapsed": 24215.162541, "delta": 41.886136}}
{"target": 0.0038356336204821272, "params": {"0": 2.953677706608051, "1": -2.9148883493074607, "2": -2.4744010563589782, "3": 2.227961772235899, "4": -2.2447895262557918, "5": 2.762991649662169, "6": 0.5165070367049038, "7": -0.8893365871883296}, "datetime": {"datetime": "2021-06-30 02:59:26", "elapsed": 24259.374082, "delta": 44.211541}}
{"target": 0.07651156040604229, "params": {"0": -1.0749618318111713, "1": 2.205497892150712, "2": -2.980775707961439, "3": -2.3106554895735454, "4": -2.7680757491148476, "5": 1.2404163331126892, "6": 1.820178701667217, "7": 1.3400656817652266}, "datetime": {"datetime": "2021-06-30 03:00:04", "elapsed": 24297.508902, "delta": 38.13482}}
{"target": 0.0036124025499745193, "params": {"0": 2.8681225154771397, "1": -1.9629135085451794, "2": 2.655319832769421, "3": -1.469813335685661, "4": -1.173540550634756, "5": 1.0995722697576156, "6": -0.9074689443795427, "7": 0.8447481481273327}, "datetime": {"datetime": "2021-06-30 03:01:01", "elapsed": 24354.255416, "delta": 56.746514}}
{"target": 0.003250914936828251, "params": {"0": 0.6692985453574631, "1": 0.6836140292491226, "2": 2.687720506105995, "3": 1.6941981262813295, "4": -0.42483942590782364, "5": 1.4501767536908616, "6": -2.5167810823117946, "7": -0.6546333697402913}, "datetime": {"datetime": "2021-06-30 03:02:27", "elapsed": 24440.486405, "delta": 86.230989}}
{"target": 0.009441963444514768, "params": {"0": 1.2312613423920684, "1": 2.581792749727624, "2": -2.5326693289078053, "3": 1.528659841416811, "4": -2.1248549237257857, "5": -2.8540738009249322, "6": -1.9377145811795569, "7": -2.7833378592378537}, "datetime": {"datetime": "2021-06-30 03:03:15", "elapsed": 24488.542025, "delta": 48.05562}}
{"target": 0.003921917681167987, "params": {"0": 2.3051186660959164, "1": 1.3263997874742826, "2": -1.6596828667368575, "3": 0.9403627268305383, "4": -2.8987061661760176, "5": -0.574960834600601, "6": -2.2419290343779483, "7": 1.4414713330188356}, "datetime": {"datetime": "2021-06-30 03:03:46", "elapsed": 24519.723337, "delta": 31.181312}}
{"target": 0.004815275261072253, "params": {"0": -2.279928684658045, "1": 1.6205222568599993, "2": 1.5471403094144955, "3": 0.5177227414640702, "4": 2.21118352245475, "5": 0.0694000818417031, "6": -1.840373579635541, "7": 2.737013671485954}, "datetime": {"datetime": "2021-06-30 03:04:07", "elapsed": 24540.585518, "delta": 20.862181}}
{"target": 0.003065866449430021, "params": {"0": 1.3950441840835133, "1": -1.0412663644996683, "2": 2.829692241618597, "3": -1.7192245411602072, "4": 0.3907377067917084, "5": 0.04241692303229794, "6": -1.4724057399532677, "7": 0.5747650418979582}, "datetime": {"datetime": "2021-06-30 03:04:40", "elapsed": 24573.896148, "delta": 33.31063}}
{"target": 0.00508829475038802, "params": {"0": -2.256988742844629, "1": -1.1348393306583857, "2": 1.9958611933449601, "3": -2.7947346816316223, "4": -0.2186482350743919, "5": -2.5047850836702894, "6": -2.861492828651043, "7": 1.1038420120330041}, "datetime": {"datetime": "2021-06-30 03:05:32", "elapsed": 24625.521707, "delta": 51.625559}}
{"target": 0.003233293059204438, "params": {"0": 0.9172088197757589, "1": -1.3035682881855633, "2": 1.3969461970495374, "3": -0.5205415863603027, "4": -1.818521084443993, "5": 2.3053471579754374, "6": -0.9744109900619549, "7": 0.22886604570874747}, "datetime": {"datetime": "2021-06-30 03:06:23", "elapsed": 24676.622175, "delta": 51.100468}}
{"target": 0.00329027465764043, "params": {"0": 0.6898214839950043, "1": -1.5906856505441085, "2": 2.7144046917799924, "3": 1.7472397863971034, "4": 1.8304077930308011, "5": -2.473205965397777, "6": 1.3154160301669187, "7": -1.1465729635229704}, "datetime": {"datetime": "2021-06-30 03:07:42", "elapsed": 24755.952647, "delta": 79.330472}}
{"target": 0.00459271630236446, "params": {"0": -2.3984454649864753, "1": -0.8297052162024245, "2": -2.5469632126260255, "3": -1.960046214495998, "4": 1.6716823120331208, "5": 0.4166570611732823, "6": -2.746238093998245, "7": 2.917145599665009}, "datetime": {"datetime": "2021-06-30 03:08:25", "elapsed": 24798.224369, "delta": 42.271722}}
{"target": 0.007792187531828164, "params": {"0": 2.715386467515019, "1": -0.19993008397829248, "2": 0.9542255029500435, "3": 2.6419309140840452, "4": -1.3110618164623178, "5": -1.6277094814527981, "6": 2.5916334468923337, "7": 1.803135524431699}, "datetime": {"datetime": "2021-06-30 03:09:00", "elapsed": 24833.447516, "delta": 35.223147}}
{"target": 0.005580198644802987, "params": {"0": 0.9677481437154376, "1": -2.538082878152796, "2": -0.5582968552249197, "3": -2.162554040056468, "4": -1.2920735887911663, "5": -2.590455464558491, "6": -1.1459400650356968, "7": 1.192968877042147}, "datetime": {"datetime": "2021-06-30 03:09:39", "elapsed": 24872.82531, "delta": 39.377794}}
{"target": 0.0033689614870265985, "params": {"0": 0.00386096280794046, "1": -0.3065413380031199, "2": -2.5008179659917102, "3": 2.768859920410242, "4": -2.498033470256714, "5": -1.514158378700764, "6": 1.345035055555173, "7": -0.5378181667768533}, "datetime": {"datetime": "2021-06-30 03:10:23", "elapsed": 24916.183929, "delta": 43.358619}}
{"target": 0.003594887870379006, "params": {"0": 0.8197528755663877, "1": -0.12208425793054323, "2": -1.9124132412804267, "3": -0.3821158178268895, "4": -0.21292338155984591, "5": 2.6375434619798304, "6": -0.41680160544956024, "7": -2.317606643326852}, "datetime": {"datetime": "2021-06-30 03:11:07", "elapsed": 24960.139335, "delta": 43.955406}}
{"target": 0.004839049873513652, "params": {"0": 1.9633098920432293, "1": -0.08461031872685609, "2": 2.556739582591855, "3": 2.7131805992768268, "4": -0.5618707432287238, "5": -2.4799160018185367, "6": 2.1365964811839575, "7": -1.440948830633857}, "datetime": {"datetime": "2021-06-30 03:12:30", "elapsed": 25043.952661, "delta": 83.813326}}
