{"target": 0.0029015370389686656, "params": {"0": -2.091547255782767, "1": 2.321493978802666, "2": 2.3320920414187434, "3": -2.8460363953241528, "4": 1.123937762160942, "5": 1.5907905271361598, "6": 1.8095658298468162, "7": 1.685357131887569}, "datetime": {"datetime": "2021-06-29 20:30:44", "elapsed": 1025.546257, "delta": 2.872563}}
{"target": 0.003104792327877671, "params": {"0": 2.6358084300709157, "1": 2.3382041428940648, "2": -0.2641479560152602, "3": 0.5097543952446815, "4": -0.8200058649406099, "5": -1.8036663816191, "6": 2.2390739204653958, "7": 1.71696110499916}, "datetime": {"datetime": "2021-06-29 20:30:47", "elapsed": 1027.87862, "delta": 2.332363}}
{"target": 0.0034051808950973533, "params": {"0": -1.430944618868431, "1": -1.6033230310394029, "2": -1.5437100608543801, "3": -2.4526300890725947, "4": -0.9411716288779859, "5": 0.49383257849761364, "6": 1.0286242752422012, "7": -0.6661079671763965}, "datetime": {"datetime": "2021-06-29 20:30:51", "elapsed": 1032.189705, "delta": 4.311085}}
{"target": 0.02288748900658933, "params": {"0": 1.10223403992671, "1": 2.317365881717371, "2": 0.4443661845332043, "3": -1.2629685687319558, "4": -0.9806217225589742, "5": -1.2582882150517267, "6": 2.6922098974333677, "7": -2.4772152678236337}, "datetime": {"datetime": "2021-06-29 20:30:56", "elapsed": 1037.045893, "delta": 4.856188}}
{"target": 0.0036585210909947413, "params": {"0": 2.0705165246860693, "1": 1.5628801552669191, "2": 0.8844491808679855, "3": -2.4460161727148124, "4": -1.3899196236215179, "5": -1.0890984850889094, "6": -2.737824022303181, "7": -1.4646740142325114}, "datetime": {"datetime": "2021-06-29 20:31:04", "elapsed": 1044.760667, "delta": 7.714774}}
{"target": 0.003399806928896093, "params": {"0": -0.7917569244820055, "1": 1.1466384283772344, "2": -0.15343358560608777, "3": 0.9292161323265096, "4": 2.8483151563667723, "5": 1.8139051292676749, "6": 0.7674955136793558, "7": -0.9475046671609526}, "datetime": {"datetime": "2021-06-29 20:31:09", "elapsed": 1050.232764, "delta": 5.472097}}
{"target": 0.003601508792309762, "params": {"0": 1.8580931562783292, "1": -2.677575451343973, "2": 2.302527027888231, "3": 1.9668062919003448, "4": -1.3059574998167207, "5": 1.7373466424030921, "6": -1.0119248617465553, "7": 0.17074147473157453}, "datetime": {"datetime": "2021-06-29 20:31:20", "elapsed": 1061.16114, "delta": 10.928376}}
{"target": 0.04568337929169901, "params": {"0": 1.9998856633137123, "1": -1.724880801375086, "2": 1.8567143110942066, "3": 2.3671503825457787, "4": -0.8056425022774549, "5": -1.430420716845548, "6": 1.014500208643355, "7": 2.036972710968568}, "datetime": {"datetime": "2021-06-29 20:31:29", "elapsed": 1069.951344, "delta": 8.790204}}
{"target": 0.0034161977757244224, "params": {"0": -1.0619035364538407, "1": 0.7231180581213352, "2": 1.4931692715316967, "3": 1.2960879551284643, "4": 2.2102864887022475, "5": -1.7243685816843348, "6": 2.2366214395155604, "7": -0.21826285029934578}, "datetime": {"datetime": "2021-06-29 20:31:33", "elapsed": 1073.905152, "delta": 3.953808}}
{"target": 0.0031402767237333424, "params": {"0": 1.7700344082965707, "1": 2.5181365543160794, "2": 0.45052528181537754, "3": -2.5047581131870205, "4": 0.8937458340517033, "5": 2.558035764118622, "6": 0.7842825897497754, "7": -2.0927567109595593}, "datetime": {"datetime": "2021-06-29 20:31:37", "elapsed": 1077.85052, "delta": 3.945368}}
{"target": 0.003340563246323807, "params": {"0": 2.6760657986290006, "1": 1.7894558899772468, "2": 1.3627354795828026, "3": 1.8866431814751374, "4": -1.5619871043105669, "5": 1.1631791172179433, "6": 2.2555805507603335, "7": -2.2004431360164594}, "datetime": {"datetime": "2021-06-29 20:31:40", "elapsed": 1080.587798, "delta": 2.737278}}
{"target": 0.007691302348901305, "params": {"0": -1.9853103402203731, "1": 0.6709663034233664, "2": 1.4527752232729458, "3": 1.4454448363296208, "4": 1.1284305114143018, "5": -2.3023253078012282, "6": -1.7291494016745719, "7": 2.531458172080752}, "datetime": {"datetime": "2021-06-29 20:31:45", "elapsed": 1085.718455, "delta": 5.130657}}
{"target": 0.01321193830474277, "params": {"0": -2.4348093759738663, "1": 0.9709544427230812, "2": 0.656972522989069, "3": 1.5568712079820246, "4": -2.038647813980581, "5": 2.041315069969853, "6": -2.4210016178475247, "7": -0.012174978446350515}, "datetime": {"datetime": "2021-06-29 20:31:50", "elapsed": 1090.62136, "delta": 4.902905}}
{"target": 0.002947849782176365, "params": {"0": -1.0341576627899915, "1": 2.4054361875067283, "2": 1.7121699753927633, "3": 1.2311151951906592, "4": 0.2338612911056024, "5": 0.02701831302319846, "6": 0.08621919557420643, "7": -2.950480706791459}, "datetime": {"datetime": "2021-06-29 20:31:59", "elapsed": 1099.987708, "delta": 9.366348}}
{"target": 0.007908153212045776, "params": {"0": 1.0659351053775028, "1": 0.14416178937229773, "2": 2.1489726943772194, "3": 1.760401847378036, "4": -1.7045127540341403, "5": 2.007814431297395, "6": 1.0111755177779358, "7": 0.38537964962348426}, "datetime": {"datetime": "2021-06-29 20:32:04", "elapsed": 1105.124013, "delta": 5.136305}}
{"target": 0.003606654400001634, "params": {"0": 1.428938061139112, "1": -1.500635817765808, "2": 2.3818843729721593, "3": 0.7934753542097184, "4": 1.009059004674083, "5": -1.5618726741953475, "6": 1.3734786315602232, "7": -2.624099939760768}, "datetime": {"datetime": "2021-06-29 20:32:08", "elapsed": 1109.218604, "delta": 4.094591}}
{"target": 0.0028800852067842834, "params": {"0": -0.8585593422313029, "1": -1.1072309260973123, "2": -1.9704275106005065, "3": 0.544966192606394, "4": 2.736298070166029, "5": -1.7863931100759698, "6": 2.7693114146786932, "7": -2.094740731337092}, "datetime": {"datetime": "2021-06-29 20:32:13", "elapsed": 1113.673302, "delta": 4.454698}}
{"target": 0.003029333201041135, "params": {"0": -0.8204943193675085, "1": -1.1165783742673456, "2": 0.7001958976844547, "3": -2.2861955444324007, "4": 2.030885478582767, "5": -0.6093083846690672, "6": 2.609956520055028, "7": 0.6141995389663553}, "datetime": {"datetime": "2021-06-29 20:32:17", "elapsed": 1118.218427, "delta": 4.545125}}
{"target": 0.0072778476076571065, "params": {"0": -1.033428802662545, "1": 2.250149042705881, "2": 1.6584562156933584, "3": -2.5029741445013034, "4": -1.9902202891539376, "5": -1.065910311152439, "6": -1.8175802499603912, "7": -2.4984232184724893}, "datetime": {"datetime": "2021-06-29 20:32:27", "elapsed": 1128.418284, "delta": 10.199857}}
{"target": 0.004165034250994157, "params": {"0": -2.1912988970614675, "1": -1.0969017358270212, "2": -0.5685178502115069, "3": 0.06331094420134331, "4": 0.476247819442019, "5": -1.453996862569948, "6": -2.0504979733582616, "7": 2.1871915025761073}, "datetime": {"datetime": "2021-06-29 20:32:31", "elapsed": 1132.477914, "delta": 4.05963}}
{"target": 0.0029533229452946867, "params": {"0": -2.815834142058992, "1": 2.8136767737886252, "2": 1.891152250247397, "3": 0.6493552008076007, "4": 2.7841976239472777, "5": 1.0014448676623458, "6": 1.8202209867127381, "7": -2.6192980521118114}, "datetime": {"datetime": "2021-06-29 20:32:35", "elapsed": 1136.100709, "delta": 3.622795}}
{"target": 0.003521109462396402, "params": {"0": 2.763033158627217, "1": -1.3872221704413845, "2": -1.4987569720349445, "3": -2.081743410976654, "4": 1.3139045704628645, "5": 1.6107147351911424, "6": 2.74265159788525, "7": -1.8541948835592046}, "datetime": {"datetime": "2021-06-29 20:32:43", "elapsed": 1144.534726, "delta": 8.434017}}
{"target": 0.005307408069974028, "params": {"0": 1.635803121708232, "1": 1.4033118412852676, "2": 2.0376118007012787, "3": 2.842804416166672, "4": -2.7427210338077526, "5": 0.4914180425399861, "6": 0.37616357258229005, "7": -1.9969283548040213}, "datetime": {"datetime": "2021-06-29 20:32:47", "elapsed": 1148.137178, "delta": 3.602452}}
{"target": 0.0028788863262251218, "params": {"0": -0.5692036619728906, "1": -1.283268740152506, "2": 0.817935295685924, "3": -1.2668048700671106, "4": 2.4600981582814567, "5": 1.5453585131436904, "6": 2.5558701635045704, "7": 2.1449553367503906}, "datetime": {"datetime": "2021-06-29 20:32:50", "elapsed": 1151.393492, "delta": 3.256314}}
{"target": 0.00290096580682603, "params": {"0": 0.9759978473384208, "1": -1.047791896706066, "2": -1.267319785284705, "3": 1.3804444253657424, "4": 2.619023146139428, "5": 1.1947448268934027, "6": -0.35006823712860147, "7": 0.7529767895253316}, "datetime": {"datetime": "2021-06-29 20:32:56", "elapsed": 1157.203867, "delta": 5.810375}}
{"target": 0.002911857577984662, "params": {"0": 1.0618798488492693, "1": -1.4548357210361234, "2": 2.8812421450521084, "3": 1.978639832568831, "4": 1.088178268694108, "5": 0.25938090480356024, "6": -1.6388175540493282, "7": 1.5399386397309796}, "datetime": {"datetime": "2021-06-29 20:33:01", "elapsed": 1161.761413, "delta": 4.557546}}
{"target": 0.003271937264941923, "params": {"0": -2.520776619256173, "1": 2.7758828419126793, "2": 1.3830239950822882, "3": 1.6774948917376946, "4": 0.8915566358769915, "5": -0.01867966976420643, "6": -2.8636555808979702, "7": 1.5354250360235149}, "datetime": {"datetime": "2021-06-29 20:33:05", "elapsed": 1165.713453, "delta": 3.95204}}
{"target": 0.00628178196103816, "params": {"0": 2.6187107687727273, "1": -1.2764840886192204, "2": -0.8875768243003868, "3": -2.3465843307663987, "4": 0.9408673116226582, "5": 0.24948135931588622, "6": 2.9229502914387524, "7": -0.4428355049673378}, "datetime": {"datetime": "2021-06-29 20:33:08", "elapsed": 1169.115376, "delta": 3.401923}}
{"target": 0.003827766611040303, "params": {"0": -2.955149637608814, "1": 1.3588618453642587, "2": 1.7301366729675163, "3": -0.6326671982129692, "4": -2.25465274342006, "5": -1.2116658202899109, "6": -2.5221684240825772, "7": 2.4150514505538974}, "datetime": {"datetime": "2021-06-29 20:33:12", "elapsed": 1172.884154, "delta": 3.768778}}
{"target": 0.009071658458772716, "params": {"0": 0.8428643224180634, "1": 1.0749374223372081, "2": -1.785562416754933, "3": 2.6238391110134094, "4": 2.9738527613887875, "5": -2.7109687119915638, "6": 1.204744685747782, "7": -1.9578325782589008}, "datetime": {"datetime": "2021-06-29 20:33:16", "elapsed": 1176.839195, "delta": 3.955041}}
{"target": 0.0029370886090818583, "params": {"0": -0.9614745635632866, "1": -0.8702560244495796, "2": 2.3479076149358598, "3": -1.4150571228167947, "4": 0.2802915285790126, "5": 1.7853627587555394, "6": -1.782874587214309, "7": -1.672764437795314}, "datetime": {"datetime": "2021-06-29 20:33:19", "elapsed": 1179.582628, "delta": 2.743433}}
{"target": 0.0031035587347303215, "params": {"0": -0.5238207449355725, "1": 2.94153190574338, "2": 1.0675034302522413, "3": -0.4643918247997867, "4": -2.4058710112643062, "5": -1.6724881443786344, "6": -1.6247999274626321, "7": 0.444857261269501}, "datetime": {"datetime": "2021-06-29 20:33:22", "elapsed": 1182.940544, "delta": 3.357916}}
{"target": 0.015327993509324839, "params": {"0": 0.4785817910782866, "1": 2.5294726190099244, "2": -0.4897874022708901, "3": 2.0189625917205545, "4": 0.6954057847922366, "5": -2.8242380467421393, "6": 2.4262900848680884, "7": 0.1665248663871104}, "datetime": {"datetime": "2021-06-29 20:33:28", "elapsed": 1188.695236, "delta": 5.754692}}
{"target": 0.005749989163569619, "params": {"0": -2.5696637194479353, "1": 0.9976700504031815, "2": -2.8636070311482746, "3": 1.7521958182574284, "4": -1.4352754685420408, "5": 2.296726916503255, "6": 2.5725195873922697, "7": -1.314270198261207}, "datetime": {"datetime": "2021-06-29 20:33:33", "elapsed": 1194.229366, "delta": 5.53413}}
{"target": 0.0047945939120394125, "params": {"0": 2.1539672768444786, "1": 2.6597581372903107, "2": -2.919885967506842, "3": 1.2095790224225338, "4": -2.1154799790282603, "5": 2.179905148798385, "6": 1.9449630539516445, "7": -2.5835332358159673}, "datetime": {"datetime": "2021-06-29 20:33:38", "elapsed": 1199.312555, "delta": 5.083189}}
{"target": 0.0030588864815530126, "params": {"0": 1.0497294539631756, "1": 0.4412588449777872, "2": -0.07500105265261814, "3": 2.9727205418085783, "4": -0.0975155435300934, "5": 1.8903455590607763, "6": 0.7869767621878676, "7": -2.41414990293244}, "datetime": {"datetime": "2021-06-29 20:33:42", "elapsed": 1202.724819, "delta": 3.412264}}
{"target": 0.3022805343208874, "params": {"0": 1.3018124719604138, "1": -0.5036902798510914, "2": 2.3745074065011877, "3": -1.9987778465361996, "4": -0.07344334832107124, "5": 0.3831658745509383, "6": -1.1634507980980564, "7": 0.6269074315740228}, "datetime": {"datetime": "2021-06-29 20:33:46", "elapsed": 1207.030479, "delta": 4.30566}}
{"target": 0.004238488510118871, "params": {"0": -0.24505268939055158, "1": -2.5148539069105444, "2": -1.6106870994509181, "3": -1.3852028298147732, "4": -1.7302455535710026, "5": 2.7021585402911645, "6": -2.9606038732321576, "7": 1.279827585396542}, "datetime": {"datetime": "2021-06-29 20:33:56", "elapsed": 1217.452694, "delta": 10.422215}}
{"target": 0.0035024959084841885, "params": {"0": 0.4063193692551641, "1": 2.42027916421093, "2": 1.012636926138864, "3": -0.5257153347881625, "4": 0.20148568577203374, "5": -2.379075020935894, "6": -2.9734607353347053, "7": 1.8977647364109584}, "datetime": {"datetime": "2021-06-29 20:34:00", "elapsed": 1221.505928, "delta": 4.053234}}
{"target": 0.0040855160008771195, "params": {"0": -2.5916750468746037, "1": -1.8507254554247328, "2": 2.045944235326309, "3": -0.29175517736713985, "4": 2.025260222963065, "5": 0.7433480357367217, "6": 2.023676382135065, "7": 1.907187872258426}, "datetime": {"datetime": "2021-06-29 20:34:06", "elapsed": 1227.392513, "delta": 5.886585}}
{"target": 0.0031812873236341872, "params": {"0": 2.9230801471323185, "1": -1.4052397946928887, "2": -0.7208785854063224, "3": 1.5125807302617646, "4": -2.4180270957827523, "5": 0.11878545726498668, "6": -2.250230154111425, "7": -2.6111046204218296}, "datetime": {"datetime": "2021-06-29 20:34:12", "elapsed": 1233.054022, "delta": 5.661509}}
{"target": 0.012677359180588006, "params": {"0": -2.2797528312691204, "1": -1.6203088530678975, "2": 1.1576955942241627, "3": -0.4519034635403818, "4": -1.1989579674234938, "5": -1.8890909208218052, "6": -1.850996399479792, "7": -0.8096865605291286}, "datetime": {"datetime": "2021-06-29 20:34:16", "elapsed": 1236.881201, "delta": 3.827179}}
{"target": 0.003517520335572034, "params": {"0": -0.07112767512228535, "1": -1.310641641889341, "2": -1.944847555941124, "3": -2.5139698609195316, "4": -2.8921009775654163, "5": 0.1553442077158138, "6": 2.835588610301997, "7": -2.1377772687332177}, "datetime": {"datetime": "2021-06-29 20:34:27", "elapsed": 1247.723106, "delta": 10.841905}}
{"target": 0.0032309456468441965, "params": {"0": -0.9038220940931994, "1": -1.9068497572607448, "2": -1.8006842933415883, "3": 0.02763726801727051, "4": 1.8263038797792683, "5": 2.757781353450363, "6": -1.8836611419193985, "7": -2.2041183512587437}, "datetime": {"datetime": "2021-06-29 20:34:32", "elapsed": 1252.802061, "delta": 5.078955}}
{"target": 0.0035887282917572362, "params": {"0": 0.7841035856806307, "1": 0.3159908074611666, "2": -1.517403231699309, "3": -1.4105923419724065, "4": 1.8553044459973247, "5": -2.7694153107363855, "6": -1.0683173415093221, "7": -1.8319827993972393}, "datetime": {"datetime": "2021-06-29 20:34:35", "elapsed": 1256.416902, "delta": 3.614841}}
{"target": 0.004457150378397523, "params": {"0": 1.6839382570765462, "1": -2.3002828013260412, "2": -1.1414474741568525, "3": -1.3749230154705452, "4": -2.6629840121032426, "5": -2.1546989414477675, "6": 0.11786739953287562, "7": 0.03227107271498175}, "datetime": {"datetime": "2021-06-29 20:34:42", "elapsed": 1262.828181, "delta": 6.411279}}
{"target": 0.0035622316873050596, "params": {"0": 0.8946131120408052, "1": 0.4187629610327206, "2": -1.7428047558363806, "3": -1.4833816714812418, "4": 2.123557854587883, "5": 2.6260634816678854, "6": -1.540048306658319, "7": 2.6263400155020395}, "datetime": {"datetime": "2021-06-29 20:34:46", "elapsed": 1266.880938, "delta": 4.052757}}
{"target": 0.014196637505588907, "params": {"0": 1.2031680448198063, "1": 0.5960060390059763, "2": -1.7603753431780305, "3": -2.730189793440579, "4": -2.1423028941649687, "5": 1.4110076465637924, "6": -0.6993164068565907, "7": 2.3137002376884865}, "datetime": {"datetime": "2021-06-29 20:34:59", "elapsed": 1280.032285, "delta": 13.151347}}
{"target": 0.0033266172968404776, "params": {"0": 2.016897039331452, "1": 0.8989806820689248, "2": 0.2775301840762907, "3": 0.40359653146497765, "4": 2.884211138136205, "5": 1.1313672792778542, "6": -2.0002060937416, "7": -0.12458539848138139}, "datetime": {"datetime": "2021-06-29 20:35:04", "elapsed": 1284.807141, "delta": 4.774856}}
{"target": 0.0033618728209044955, "params": {"0": -1.3189414171921072, "1": -1.236019375250493, "2": -0.7945815114103896, "3": -1.4386540980604774, "4": -2.8794399277970726, "5": -0.3726125254417667, "6": 2.9326571909280137, "7": 2.018994758949285}, "datetime": {"datetime": "2021-06-29 20:35:09", "elapsed": 1289.871845, "delta": 5.064704}}
{"target": 0.003803001136671732, "params": {"0": -2.312294802768486, "1": 0.5956190640358399, "2": -0.011777737717227232, "3": -1.3835091428079056, "4": -2.654950299208428, "5": 0.9902534781152692, "6": -0.812189421018827, "7": 2.9047354972482156}, "datetime": {"datetime": "2021-06-29 20:35:14", "elapsed": 1294.611427, "delta": 4.739582}}
{"target": 0.004160485510013786, "params": {"0": 0.5984667021179382, "1": 2.7455736842706155, "2": -1.695432812881966, "3": -1.4769108708487217, "4": -0.5832689779632672, "5": -2.117505964392193, "6": 1.1249611780513167, "7": 0.15397513328419388}, "datetime": {"datetime": "2021-06-29 20:35:19", "elapsed": 1299.968164, "delta": 5.356737}}
{"target": 0.0029288726457567475, "params": {"0": -0.44472055431545954, "1": -2.840175424717225, "2": 2.0280531370840524, "3": 1.1071453849298418, "4": -1.0973878107494535, "5": 2.296628571959248, "6": -1.6625997748515522, "7": 1.0338716672149744}, "datetime": {"datetime": "2021-06-29 20:35:24", "elapsed": 1304.770382, "delta": 4.802218}}
{"target": 0.003420775601566616, "params": {"0": 1.2710747980167465, "1": 2.127997353272585, "2": 1.4316826680184818, "3": 0.606944804935921, "4": 2.9834598047306216, "5": -2.1266597820215134, "6": 0.48885866638141184, "7": -1.2850127340403532}, "datetime": {"datetime": "2021-06-29 20:35:28", "elapsed": 1309.36734, "delta": 4.596958}}
{"target": 0.004817938690925227, "params": {"0": -1.646625351983006, "1": 2.0192204625623997, "2": -2.2395541998728783, "3": -1.121417809875141, "4": -0.7064086323266654, "5": -1.2242998785744228, "6": -0.06264471633581525, "7": 1.0040363172504119}, "datetime": {"datetime": "2021-06-29 20:35:32", "elapsed": 1313.154776, "delta": 3.787436}}
{"target": 0.0037764198898576707, "params": {"0": -2.866964097026316, "1": 1.9847205455306467, "2": 0.35271539391786977, "3": 2.1245398765022054, "4": -2.3972430087926035, "5": -0.5087790662275049, "6": 0.7720239742411819, "7": 0.8952609087981398}, "datetime": {"datetime": "2021-06-29 20:35:35", "elapsed": 1315.857653, "delta": 2.702877}}
{"target": 0.018488522360959284, "params": {"0": 1.8277069057610404, "1": 0.8033811510065503, "2": 1.2997466935886894, "3": -2.8252828620190655, "4": -1.8951966891856478, "5": -2.5249157475536386, "6": 1.2841779116013434, "7": -0.009546247450281875}, "datetime": {"datetime": "2021-06-29 20:35:39", "elapsed": 1320.211828, "delta": 4.354175}}
{"target": 0.002835821967643624, "params": {"0": -0.980851071635545, "1": 1.847476226048701, "2": -2.0467887442078894, "3": 2.5970700558296773, "4": 2.854081072840877, "5": -0.12183030122868876, "6": 0.676705333690053, "7": 2.5431177261535804}, "datetime": {"datetime": "2021-06-29 20:35:48", "elapsed": 1329.433259, "delta": 9.221431}}
{"target": 0.003102952302277357, "params": {"0": -2.448822394050143, "1": 2.3253976745269096, "2": 2.896218197141402, "3": -0.13835064826389898, "4": 1.7923508257107645, "5": 1.9775624948964392, "6": -0.7385460230132734, "7": -2.7713859221426196}, "datetime": {"datetime": "2021-06-29 20:35:53", "elapsed": 1333.976202, "delta": 4.542943}}
{"target": 0.0035833872162839174, "params": {"0": -2.582901388981636, "1": -1.8739035953320216, "2": 1.5090880270047808, "3": -2.6593976078354618, "4": -0.4316312404802618, "5": -2.5323782811335036, "6": 1.1826205190511647, "7": -0.25152496606490704}, "datetime": {"datetime": "2021-06-29 20:35:58", "elapsed": 1339.118289, "delta": 5.142087}}
{"target": 0.0032067543835615584, "params": {"0": -0.5890794565468349, "1": 1.175190630710473, "2": 1.219632593053265, "3": 0.24827296282673927, "4": -2.722601674989675, "5": 2.016417169531948, "6": -2.7170130453040446, "7": 0.41741715700610804}, "datetime": {"datetime": "2021-06-29 20:36:04", "elapsed": 1344.635853, "delta": 5.517564}}
{"target": 0.004130514140396867, "params": {"0": -0.4125387990746212, "1": -1.6191326377000541, "2": 1.4929915854519509, "3": -1.6689410968254448, "4": -0.14660340763106783, "5": -1.616617415071666, "6": -0.3718693677798264, "7": -0.25059221139015}, "datetime": {"datetime": "2021-06-29 20:36:12", "elapsed": 1353.293254, "delta": 8.657401}}
{"target": 0.003020042802908933, "params": {"0": 2.7161624800388697, "1": -0.9211258597930434, "2": 0.9384962776928791, "3": 0.7646906250769057, "4": 2.2333812214101316, "5": -1.9194136406766753, "6": -0.5559056746275264, "7": 1.0144368817274039}, "datetime": {"datetime": "2021-06-29 20:36:18", "elapsed": 1358.646262, "delta": 5.353008}}
{"target": 0.00419831300639329, "params": {"0": 1.4809194284215783, "1": 2.041139057660069, "2": -1.2414549983564755, "3": 2.8643675833879065, "4": 1.2087174140639405, "5": -2.768478214287427, "6": -0.7317723794307618, "7": -0.3254554867380737}, "datetime": {"datetime": "2021-06-29 20:36:22", "elapsed": 1363.165536, "delta": 4.519274}}
