{"target": 0.003531745043740142, "params": {"0": 1.7772074660972415, "1": 0.6827150262274886, "2": 2.5724772343220685, "3": -2.830914506146747, "4": -2.378209346376793, "5": 0.9662384705116152, "6": 0.09338006724760106, "7": 0.07653487631155809}, "datetime": {"datetime": "2021-06-30 02:28:28", "elapsed": 22399.847101, "delta": 53.722865}}
{"target": 0.003167678899305558, "params": {"0": 0.04235974353489613, "1": -0.9231703791011308, "2": 0.6573721112373243, "3": 1.227380401702379, "4": -1.7207374211017257, "5": 2.3502658318089553, "6": 0.5365078259314693, "7": 2.7604389907815916}, "datetime": {"datetime": "2021-06-30 02:29:02", "elapsed": 22434.453033, "delta": 34.605932}}
{"target": 0.00588277009074682, "params": {"0": 1.4896974290320877, "1": -0.5201573317169785, "2": 0.005326622067975961, "3": -0.8265981436017551, "4": 2.196784665245768, "5": 1.0439765630348266, "6": -2.587554474351175, "7": 1.482572579341892}, "datetime": {"datetime": "2021-06-30 02:29:42", "elapsed": 22473.842309, "delta": 39.389276}}
{"target": 0.006009431452519971, "params": {"0": -2.519069651528528, "1": 2.3038516631545995, "2": 2.5795547846456675, "3": 2.8563549797614582, "4": -1.6303463492598704, "5": -0.14541110270740187, "6": 1.0170618604241914, "7": 0.9358467267257269}, "datetime": {"datetime": "2021-06-30 02:30:20", "elapsed": 22511.779397, "delta": 37.937088}}
{"target": 0.004044948519460409, "params": {"0": -0.11328638353449794, "1": 0.3378916155296574, "2": -1.5224467577867566, "3": 1.4021240615822892, "4": -1.9237523206569223, "5": 1.8954734277256184, "6": -1.6555918583682148, "7": -1.449302597123857}, "datetime": {"datetime": "2021-06-30 02:31:01", "elapsed": 22553.065326, "delta": 41.285929}}
{"target": 0.0029991115824554286, "params": {"0": 1.6587304807336576, "1": 2.641409240453225, "2": 0.5041466314250052, "3": 1.3703232889337746, "4": 2.0848838825682794, "5": -2.991004666201456, "6": -2.2311944665277736, "7": 0.36833661762895975}, "datetime": {"datetime": "2021-06-30 02:31:42", "elapsed": 22594.24872, "delta": 41.183394}}
{"target": 0.00970114142606681, "params": {"0": 1.1045762610663115, "1": -2.796176218607185, "2": -1.407258499797958, "3": 0.5611088749758553, "4": 0.6327988141401617, "5": -2.8124994472497797, "6": 2.556293177627719, "7": -2.140817627670219}, "datetime": {"datetime": "2021-06-30 02:32:47", "elapsed": 22659.038144, "delta": 64.789424}}
{"target": 0.003035453648694984, "params": {"0": -1.0482719146445545, "1": -0.8992329401343064, "2": 1.809057632873615, "3": -1.217275457115557, "4": -1.4365722647260502, "5": 2.0094240668786316, "6": 1.245914418000396, "7": 0.02906452454383679}, "datetime": {"datetime": "2021-06-30 02:33:23", "elapsed": 22695.420877, "delta": 36.382733}}
{"target": 0.003446449723818128, "params": {"0": -1.6017144591677919, "1": 0.35868958067211265, "2": 1.53374240822178, "3": 0.4039078916946899, "4": -1.828634821675834, "5": 1.9425950258275408, "6": -2.03533658703949, "7": 0.9506747137545557}, "datetime": {"datetime": "2021-06-30 02:34:09", "elapsed": 22741.295569, "delta": 45.874692}}
{"target": 0.008261717840135418, "params": {"0": -0.5811612630002001, "1": -2.921137325064222, "2": -0.5067832301229327, "3": -2.1774247048054898, "4": -2.9694415190392442, "5": -0.6729176878087761, "6": -2.642906537125773, "7": 2.7752099043623586}, "datetime": {"datetime": "2021-06-30 02:35:08", "elapsed": 22800.171817, "delta": 58.876248}}
{"target": 0.0034468048566291512, "params": {"0": 2.597512167437878, "1": -2.898066322612785, "2": -2.9697681130494535, "3": 1.2931915889421663, "4": -1.2392806611805356, "5": -1.5612098914324324, "6": 0.49809606713119914, "7": 0.1432423537388301}, "datetime": {"datetime": "2021-06-30 02:35:55", "elapsed": 22847.593735, "delta": 47.421918}}
{"target": 0.0028749220665852996, "params": {"0": 2.0169146090281274, "1": 2.4478596229331018, "2": -1.6222415428373587, "3": 0.009911274034958506, "4": 1.7638978781581365, "5": -0.17573092156776626, "6": 2.6801899241821694, "7": 2.876095843518942}, "datetime": {"datetime": "2021-06-30 02:36:36", "elapsed": 22888.326222, "delta": 40.732487}}
{"target": 0.02094251377746197, "params": {"0": -0.3170916340622254, "1": 1.8049319919193012, "2": 1.3218688223903108, "3": -0.48182961768864896, "4": 1.9493389723874035, "5": -1.378243260159207, "6": 1.5207844808247941, "7": -2.5406163774517454}, "datetime": {"datetime": "2021-06-30 02:37:29", "elapsed": 22941.598294, "delta": 53.272072}}
{"target": 0.003135091646325643, "params": {"0": 1.4583658978451552, "1": 0.3500743672867528, "2": 0.07254241867934574, "3": 2.906352907171722, "4": 0.8529342077129103, "5": 0.00365028215965868, "6": -1.8204003113652463, "7": -0.8949156315244533}, "datetime": {"datetime": "2021-06-30 02:38:13", "elapsed": 22985.564718, "delta": 43.966424}}
{"target": 0.0034178506724546836, "params": {"0": -2.4646021970507395, "1": 2.7124475072714187, "2": 1.441038977011699, "3": -2.0068194473033323, "4": -1.6428972626432716, "5": 2.2762619130223234, "6": 1.5057904633175268, "7": -0.16012317416336064}, "datetime": {"datetime": "2021-06-30 02:39:48", "elapsed": 23080.37993, "delta": 94.815212}}
{"target": 0.0031092763287299497, "params": {"0": -2.6625328529685417, "1": 2.587921615664407, "2": 2.468210100258454, "3": -2.040530420930458, "4": -1.782919034101759, "5": -0.9995417268304578, "6": -1.1539436753609706, "7": 2.26812956853294}, "datetime": {"datetime": "2021-06-30 02:41:34", "elapsed": 23186.494045, "delta": 106.114115}}
{"target": 0.006086357619408931, "params": {"0": 1.836416742573884, "1": -0.4666789808492897, "2": -1.689501269053708, "3": 2.6429149194073824, "4": -1.8555482927628615, "5": -1.5394678985604298, "6": -1.006808216384126, "7": 2.382014082872658}, "datetime": {"datetime": "2021-06-30 02:42:14", "elapsed": 23226.500578, "delta": 40.006533}}
{"target": 0.00354145778789428, "params": {"0": 1.3729044289833467, "1": -2.6819204435227153, "2": 1.8687304851513282, "3": 1.1287830234397482, "4": -0.826684651633232, "5": 2.3498381019237344, "6": 1.7611028538423756, "7": -1.487079205676405}, "datetime": {"datetime": "2021-06-30 02:42:57", "elapsed": 23269.368172, "delta": 42.867594}}
{"target": 0.0034610933404878386, "params": {"0": 0.8126568341174076, "1": -1.6723760416610023, "2": -1.0509542497148732, "3": -1.360620690129186, "4": -1.2575312934851066, "5": -2.520015047478027, "6": -0.5052436744764579, "7": -0.5597552083059307}, "datetime": {"datetime": "2021-06-30 02:43:41", "elapsed": 23313.428643, "delta": 44.060471}}
{"target": 0.006034740871619498, "params": {"0": 1.5982795165218429, "1": 0.9429103699397752, "2": -0.7381203390881472, "3": -0.6955967789476682, "4": -2.3074602887470768, "5": -2.9457695784133024, "6": -0.8610926022607139, "7": -1.3780487278363873}, "datetime": {"datetime": "2021-06-30 02:45:27", "elapsed": 23419.369029, "delta": 105.940386}}
{"target": 0.0031644166957220292, "params": {"0": -2.868268633596596, "1": 0.5763676911944327, "2": 2.008331816628526, "3": -1.2811350396392662, "4": -1.061384518313279, "5": 1.3362275178329908, "6": 0.7457398793263663, "7": -2.548001404540593}, "datetime": {"datetime": "2021-06-30 02:46:16", "elapsed": 23468.445531, "delta": 49.076502}}
{"target": 0.0043620214670656255, "params": {"0": -1.0531734240581974, "1": -1.7461755393597476, "2": -2.671819645439895, "3": 0.691301952858185, "4": 1.215481405321662, "5": -2.2102674968656633, "6": 1.1793170925971435, "7": 1.7856057132543377}, "datetime": {"datetime": "2021-06-30 02:47:13", "elapsed": 23525.506065, "delta": 57.060534}}
{"target": 0.005056346240746882, "params": {"0": -1.8967993578658924, "1": 0.8503178942655096, "2": -0.054750211986606345, "3": -1.7016875739847324, "4": 0.8040433730776182, "5": 2.8004796435448576, "6": -1.659957760712063, "7": -1.0685974195671168}, "datetime": {"datetime": "2021-06-30 02:47:59", "elapsed": 23571.682198, "delta": 46.176133}}
{"target": 0.004767979427284966, "params": {"0": -1.5833496052592584, "1": 0.36697252407439507, "2": 0.04983224134578634, "3": 1.485182476677961, "4": 0.09332218958513128, "5": -2.399601242135115, "6": -0.215171655772453, "7": -1.0133869733359555}, "datetime": {"datetime": "2021-06-30 02:50:16", "elapsed": 23708.208566, "delta": 136.526368}}
{"target": 0.0032118679464589067, "params": {"0": -0.8561859020048379, "1": 1.4821738716334991, "2": -0.48848182881646274, "3": -2.8051367264046796, "4": 0.2180603678572126, "5": 0.1643820529470661, "6": -2.7807896703207398, "7": -2.3546604688537816}, "datetime": {"datetime": "2021-06-30 02:50:51", "elapsed": 23743.524312, "delta": 35.315746}}
{"target": 0.005647205304086955, "params": {"0": -0.21329382402140595, "1": 0.5248303288315972, "2": 0.5931231141091886, "3": 1.4437112143699409, "4": -2.9018280935604643, "5": 1.3118174204669142, "6": -0.1026283533147554, "7": 1.1838091393457937}, "datetime": {"datetime": "2021-06-30 02:51:31", "elapsed": 23783.694653, "delta": 40.170341}}
{"target": 0.0029178586645094923, "params": {"0": -0.15220024812956723, "1": -0.22101395045468575, "2": 2.2475091849102196, "3": 0.8403169463036821, "4": 2.468759176841753, "5": 1.2567631968503754, "6": 2.8652313678098373, "7": -0.4380777358244803}, "datetime": {"datetime": "2021-06-30 02:53:32", "elapsed": 23904.283898, "delta": 120.589245}}
{"target": 0.0032355001674586586, "params": {"0": -1.561170348519359, "1": 2.6323025575744605, "2": 0.7722117124491303, "3": 1.500869514463572, "4": 0.7678475870364849, "5": -1.8915129214152566, "6": -0.7583797825180554, "7": 0.3358068695578451}, "datetime": {"datetime": "2021-06-30 02:54:15", "elapsed": 23946.899718, "delta": 42.61582}}
{"target": 0.00314131002766204, "params": {"0": 2.6847377573892848, "1": 0.7954957477477014, "2": -2.441734610342421, "3": 2.3532798413916556, "4": -0.6533581640131407, "5": -2.367250582524208, "6": -0.6521595652291605, "7": -0.4097313988474234}, "datetime": {"datetime": "2021-06-30 02:54:57", "elapsed": 23989.495636, "delta": 42.595918}}
{"target": 0.003783657267788093, "params": {"0": -1.2357889367196313, "1": -1.7635658496143896, "2": 2.344748960547162, "3": 0.5243998511516899, "4": 1.5314283540672502, "5": 1.4240215110247574, "6": -2.6083875263645924, "7": -1.0130468671948247}, "datetime": {"datetime": "2021-06-30 02:55:36", "elapsed": 24027.927865, "delta": 38.432229}}
{"target": 0.003262051554281033, "params": {"0": 1.8887857430257604, "1": 1.0937778796379085, "2": 2.3320592156041178, "3": 0.9007232687763933, "4": -1.3966392994171872, "5": -2.9497330390571994, "6": -0.4255490777786637, "7": -2.0592247688501626}, "datetime": {"datetime": "2021-06-30 02:56:18", "elapsed": 24070.409849, "delta": 42.481984}}
{"target": 0.0030316285164484914, "params": {"0": -1.2702845484037202, "1": 1.4909574347789727, "2": 2.4749999620720367, "3": 2.869789144690947, "4": 0.6348764645544795, "5": -1.7398047001786732, "6": 1.9773488043181358, "7": 2.1094900807875305}, "datetime": {"datetime": "2021-06-30 02:56:55", "elapsed": 24107.055319, "delta": 36.64547}}
{"target": 0.0035608826098861494, "params": {"0": 2.411935845579894, "1": -2.178057574690766, "2": 1.7779255893677215, "3": 0.5754125286844101, "4": -2.4660355322422247, "5": 1.26765809702811, "6": -0.896385047963435, "7": -2.0147360164318178}, "datetime": {"datetime": "2021-06-30 02:57:37", "elapsed": 24148.988355, "delta": 41.933036}}
{"target": 0.004372694869918192, "params": {"0": -0.5931497700341417, "1": -0.38079456963089164, "2": 0.9106059266111202, "3": -1.7428412718758408, "4": -1.6533169043946812, "5": -1.2651520742926992, "6": 1.7520711787860694, "7": 0.16578015072033514}, "datetime": {"datetime": "2021-06-30 02:58:35", "elapsed": 24207.527454, "delta": 58.539099}}
{"target": 0.003272520505992963, "params": {"0": 0.4797242328272677, "1": 1.9339912927656844, "2": 0.3109441846891472, "3": -2.859189309764737, "4": -0.7622037221254336, "5": 0.6145894624773152, "6": 0.7343104400213831, "7": 1.1448328301346038}, "datetime": {"datetime": "2021-06-30 02:59:04", "elapsed": 24235.824182, "delta": 28.296728}}
{"target": 0.0032785494795928164, "params": {"0": -1.6430188774124708, "1": -0.8434537992953643, "2": 1.9581235769766918, "3": -0.013367899443422537, "4": -2.8298444489266927, "5": 0.011449269328461575, "6": 2.7045367235983973, "7": -0.36205445496814814}, "datetime": {"datetime": "2021-06-30 03:00:00", "elapsed": 24291.883355, "delta": 56.059173}}
{"target": 0.0139864392905435, "params": {"0": -1.9375341191099638, "1": -2.890083265551965, "2": 2.8594360661200593, "3": -2.0721078304120657, "4": 1.4060854999267978, "5": -0.042029938484978935, "6": -2.283733839670047, "7": 0.6101049365947504}, "datetime": {"datetime": "2021-06-30 03:00:43", "elapsed": 24334.948661, "delta": 43.065306}}
{"target": 0.003146808373354361, "params": {"0": 2.9812901192090884, "1": -1.3229529643295104, "2": -2.5844296594195866, "3": 1.015959044600363, "4": -0.03944017458645899, "5": -0.045374120737254664, "6": 1.0764223851178754, "7": -2.1830812136214206}, "datetime": {"datetime": "2021-06-30 03:01:19", "elapsed": 24371.191887, "delta": 36.243226}}
{"target": 0.003032131038466815, "params": {"0": -0.7943848812963688, "1": 1.0883569094158272, "2": -2.5536882686252875, "3": 2.047853968985672, "4": 0.6151027104186704, "5": 2.300439230330177, "6": 1.5253090617421856, "7": 2.7963177692376258}, "datetime": {"datetime": "2021-06-30 03:01:49", "elapsed": 24401.25706, "delta": 30.065173}}
{"target": 0.003153379902202071, "params": {"0": 0.8258690517041636, "1": 1.462762362665461, "2": -2.8194389163433122, "3": 2.2493988467794335, "4": 0.0989531000361219, "5": -0.5694093911574023, "6": 0.9676167632816908, "7": -1.4664665126787377}, "datetime": {"datetime": "2021-06-30 03:02:32", "elapsed": 24444.165774, "delta": 42.908714}}
{"target": 0.0030972506867221923, "params": {"0": -0.6812609549202575, "1": -1.1042499144961053, "2": -0.8477980749980709, "3": 0.6095339826073864, "4": -0.81569631535345, "5": 2.8893261265316124, "6": -0.8111350943678115, "7": -0.075005246145194}, "datetime": {"datetime": "2021-06-30 03:03:11", "elapsed": 24483.232395, "delta": 39.066621}}
{"target": 0.0055475156596069206, "params": {"0": 1.2198259900459352, "1": -0.2561319502732049, "2": -2.8588687191943203, "3": 1.4846299360707231, "4": -0.028002792654901576, "5": -2.55976376565701, "6": 1.4406415776391501, "7": 1.5072208282956865}, "datetime": {"datetime": "2021-06-30 03:03:41", "elapsed": 24513.638151, "delta": 30.405756}}
{"target": 0.011985530017086405, "params": {"0": -0.3134389656412653, "1": -2.2938878278244115, "2": 0.6290377416903143, "3": 0.6386696010682744, "4": 0.26277836608634075, "5": -1.0299735393523248, "6": 0.428684474996464, "7": 0.7848563325125051}, "datetime": {"datetime": "2021-06-30 03:04:09", "elapsed": 24541.717487, "delta": 28.079336}}
{"target": 0.003659884609943901, "params": {"0": 1.2692416149395473, "1": 2.3242561801359347, "2": 0.160970146782498, "3": -2.249115646915772, "4": -0.0032074499906653564, "5": 0.9569263476272667, "6": -1.8699861854360391, "7": -0.3630717197818809}, "datetime": {"datetime": "2021-06-30 03:04:42", "elapsed": 24574.037435, "delta": 32.319948}}
{"target": 0.0037749329255622466, "params": {"0": -0.39764383054911345, "1": -0.04966292662441152, "2": 2.642520744237764, "3": -2.652228522486483, "4": 2.691087159186453, "5": -0.9878428549750229, "6": 2.8145014221267166, "7": -0.6768064550855142}, "datetime": {"datetime": "2021-06-30 03:05:21", "elapsed": 24613.500618, "delta": 39.463183}}
{"target": 0.0031341746751102286, "params": {"0": -0.5490333445074267, "1": 2.347370202121839, "2": 2.3986246466572165, "3": 2.227012606119019, "4": -1.2141027047462112, "5": 0.7381990108573588, "6": -1.7717558320230102, "7": -2.27606313749967}, "datetime": {"datetime": "2021-06-30 03:05:55", "elapsed": 24647.513556, "delta": 34.012938}}
{"target": 0.0046667674179753475, "params": {"0": 1.8191457014233183, "1": -2.5156680553469064, "2": -0.9544930682515695, "3": -1.2088045767947206, "4": 0.572452374660315, "5": -0.8307163364696724, "6": -0.8991166208967858, "7": -0.07788477325218945}, "datetime": {"datetime": "2021-06-30 03:06:26", "elapsed": 24678.025114, "delta": 30.511558}}
{"target": 0.0038710617792938615, "params": {"0": 2.953677706608051, "1": -2.9148883493074607, "2": -2.4744010563589782, "3": 2.227961772235899, "4": -2.2447895262557918, "5": 2.762991649662169, "6": 0.5165070367049038, "7": -0.8893365871883296}, "datetime": {"datetime": "2021-06-30 03:06:46", "elapsed": 24698.547086, "delta": 20.521972}}
{"target": 0.009494103701689741, "params": {"0": -1.0749618318111713, "1": 2.205497892150712, "2": -2.980775707961439, "3": -2.3106554895735454, "4": -2.7680757491148476, "5": 1.2404163331126892, "6": 1.820178701667217, "7": 1.3400656817652266}, "datetime": {"datetime": "2021-06-30 03:07:09", "elapsed": 24721.653591, "delta": 23.106505}}
{"target": 0.003371875920784404, "params": {"0": 2.8681225154771397, "1": -1.9629135085451794, "2": 2.655319832769421, "3": -1.469813335685661, "4": -1.173540550634756, "5": 1.0995722697576156, "6": -0.9074689443795427, "7": 0.8447481481273327}, "datetime": {"datetime": "2021-06-30 03:07:57", "elapsed": 24768.734421, "delta": 47.08083}}
{"target": 0.0033191590912123037, "params": {"0": 0.6692985453574631, "1": 0.6836140292491226, "2": 2.687720506105995, "3": 1.6941981262813295, "4": -0.42483942590782364, "5": 1.4501767536908616, "6": -2.5167810823117946, "7": -0.6546333697402913}, "datetime": {"datetime": "2021-06-30 03:08:46", "elapsed": 24817.738926, "delta": 49.004505}}
{"target": 0.03250553861133406, "params": {"0": 1.2312613423920684, "1": 2.581792749727624, "2": -2.5326693289078053, "3": 1.528659841416811, "4": -2.1248549237257857, "5": -2.8540738009249322, "6": -1.9377145811795569, "7": -2.7833378592378537}, "datetime": {"datetime": "2021-06-30 03:09:28", "elapsed": 24860.327218, "delta": 42.588292}}
{"target": 0.004594473310540507, "params": {"0": 2.3051186660959164, "1": 1.3263997874742826, "2": -1.6596828667368575, "3": 0.9403627268305383, "4": -2.8987061661760176, "5": -0.574960834600601, "6": -2.2419290343779483, "7": 1.4414713330188356}, "datetime": {"datetime": "2021-06-30 03:10:14", "elapsed": 24905.916284, "delta": 45.589066}}
{"target": 0.003531734448695501, "params": {"0": -2.279928684658045, "1": 1.6205222568599993, "2": 1.5471403094144955, "3": 0.5177227414640702, "4": 2.21118352245475, "5": 0.0694000818417031, "6": -1.840373579635541, "7": 2.737013671485954}, "datetime": {"datetime": "2021-06-30 03:10:55", "elapsed": 24947.360728, "delta": 41.444444}}
{"target": 0.003160261934217122, "params": {"0": -1.334145674102254, "1": -2.4325154379105856, "2": -0.9695102691390822, "3": -2.7423594257334205, "4": -1.7631562362980926, "5": -0.9060124355380514, "6": -0.202542339438343, "7": -2.7782147337123364}, "datetime": {"datetime": "2021-06-30 03:11:36", "elapsed": 24987.834914, "delta": 40.474186}}
{"target": 0.006027802442852469, "params": {"0": -2.256988742844629, "1": -1.1348393306583857, "2": 1.9958611933449601, "3": -2.7947346816316223, "4": -0.2186482350743919, "5": -2.5047850836702894, "6": -2.861492828651043, "7": 1.1038420120330041}, "datetime": {"datetime": "2021-06-30 03:12:09", "elapsed": 25021.517529, "delta": 33.682615}}
{"target": 0.003274146418659253, "params": {"0": 0.9172088197757589, "1": -1.3035682881855633, "2": 1.3969461970495374, "3": -0.5205415863603027, "4": -1.818521084443993, "5": 2.3053471579754374, "6": -0.9744109900619549, "7": 0.22886604570874747}, "datetime": {"datetime": "2021-06-30 03:12:43", "elapsed": 25055.405413, "delta": 33.887884}}
{"target": 0.0034037353866415094, "params": {"0": 0.6898214839950043, "1": -1.5906856505441085, "2": 2.7144046917799924, "3": 1.7472397863971034, "4": 1.8304077930308011, "5": -2.473205965397777, "6": 1.3154160301669187, "7": -1.1465729635229704}, "datetime": {"datetime": "2021-06-30 03:13:21", "elapsed": 25093.355123, "delta": 37.94971}}
{"target": 0.004539025025157573, "params": {"0": -2.3984454649864753, "1": -0.8297052162024245, "2": -2.5469632126260255, "3": -1.960046214495998, "4": 1.6716823120331208, "5": 0.4166570611732823, "6": -2.746238093998245, "7": 2.917145599665009}, "datetime": {"datetime": "2021-06-30 03:13:58", "elapsed": 25130.646602, "delta": 37.291479}}
{"target": 0.00827151801178228, "params": {"0": 2.715386467515019, "1": -0.19993008397829248, "2": 0.9542255029500435, "3": 2.6419309140840452, "4": -1.3110618164623178, "5": -1.6277094814527981, "6": 2.5916334468923337, "7": 1.803135524431699}, "datetime": {"datetime": "2021-06-30 03:14:38", "elapsed": 25170.001169, "delta": 39.354567}}
{"target": 0.005140322018052399, "params": {"0": -2.4940872027367886, "1": -1.3689592843931264, "2": -2.1068770799377163, "3": 0.5398712863412376, "4": -2.1736312158078475, "5": -1.0331877468399489, "6": 0.2178794387812384, "7": -0.9068898254970055}, "datetime": {"datetime": "2021-06-30 03:14:56", "elapsed": 25188.290809, "delta": 18.28964}}
{"target": 0.003744690131521481, "params": {"0": 0.00386096280794046, "1": -0.3065413380031199, "2": -2.5008179659917102, "3": 2.768859920410242, "4": -2.498033470256714, "5": -1.514158378700764, "6": 1.345035055555173, "7": -0.5378181667768533}, "datetime": {"datetime": "2021-06-30 03:15:41", "elapsed": 25232.944024, "delta": 44.653215}}
{"target": 0.003675916871586566, "params": {"0": 0.8197528755663877, "1": -0.12208425793054323, "2": -1.9124132412804267, "3": -0.3821158178268895, "4": -0.21292338155984591, "5": 2.6375434619798304, "6": -0.41680160544956024, "7": -2.317606643326852}, "datetime": {"datetime": "2021-06-30 03:16:27", "elapsed": 25278.75624, "delta": 45.812216}}
{"target": 0.005365920679833036, "params": {"0": 1.9633098920432293, "1": -0.08461031872685609, "2": 2.556739582591855, "3": 2.7131805992768268, "4": -0.5618707432287238, "5": -2.4799160018185367, "6": 2.1365964811839575, "7": -1.440948830633857}, "datetime": {"datetime": "2021-06-30 03:18:13", "elapsed": 25384.95852, "delta": 106.20228}}
