{"target": 0.0028656204387921646, "params": {"0": -1.3483659860124355, "1": 0.7557004226030513, "2": 0.15228215510131005, "3": 0.18708911607554501, "4": 2.177253416888071, "5": -0.07629940579708983, "6": 2.165334688785639, "7": 0.39287187324171136}, "datetime": {"datetime": "2021-06-29 21:21:06", "elapsed": 3958.528504, "delta": 20.236257}}
{"target": 0.0028778038866529255, "params": {"0": 1.218800254245914, "1": 2.7512303567567624, "2": -2.80935977684236, "3": -1.3285022696285567, "4": 2.633742917469654, "5": 1.4990586031476063, "6": 1.6812134206473264, "7": -1.134429684716354}, "datetime": {"datetime": "2021-06-29 21:21:16", "elapsed": 3968.588891, "delta": 10.060387}}
{"target": 0.003494998824650665, "params": {"0": 1.993880081714103, "1": 0.579311737629248, "2": -0.685076864072772, "3": -0.7250052940347977, "4": -0.22903368882621322, "5": -1.4972769176362113, "6": -1.7985635052305846, "7": -1.2674678487403357}, "datetime": {"datetime": "2021-06-29 21:21:33", "elapsed": 3985.7558, "delta": 17.166909}}
{"target": 0.027387341884100223, "params": {"0": 0.44806178166072813, "1": -2.6857226350410204, "2": 1.6503336116515035, "3": -1.9884637027966636, "4": 0.10342444345237252, "5": 1.2644758797906408, "6": -2.1625568072351564, "7": 0.3731132190688299}, "datetime": {"datetime": "2021-06-29 21:22:26", "elapsed": 4038.260474, "delta": 52.504674}}
{"target": 0.0029889426588969674, "params": {"0": -1.5777697678158673, "1": -2.003046191547428, "2": 1.3769253379759512, "3": -2.5180884940412662, "4": 0.18630963320234528, "5": 0.5142015359381045, "6": 2.9692546492259897, "7": 2.4905544802530653}, "datetime": {"datetime": "2021-06-29 21:22:36", "elapsed": 4048.794009, "delta": 10.533535}}
{"target": 0.0032299174614845395, "params": {"0": 2.371827444396466, "1": 0.2728378259516009, "2": -1.0137425918162868, "3": -0.6850164388744604, "4": -1.0798047848148054, "5": -2.4385125827624767, "6": -2.8847364115540173, "7": -0.5821157438316797}, "datetime": {"datetime": "2021-06-29 21:22:51", "elapsed": 4064.001513, "delta": 15.207504}}
{"target": 0.003015071008866718, "params": {"0": 0.7053161484420123, "1": -2.877049799929567, "2": 1.2092533246124875, "3": -2.318336577246935, "4": 0.5997520943601691, "5": 1.9576141289674078, "6": -1.8099519332194027, "7": 0.47635576703605187}, "datetime": {"datetime": "2021-06-29 21:23:06", "elapsed": 4079.008114, "delta": 15.006601}}
{"target": 0.003130049337437186, "params": {"0": -1.8422756365868547, "1": -1.1147453389193367, "2": -0.9458746512676033, "3": -2.4751232052651546, "4": 2.003241015306484, "5": 2.4346060633152415, "6": -2.0357196797402204, "7": 1.2537988025326214}, "datetime": {"datetime": "2021-06-29 21:23:45", "elapsed": 4117.567806, "delta": 38.559692}}
{"target": 0.0040503334673649615, "params": {"0": -0.43070104689475874, "1": -2.8835108905771163, "2": 0.9746156899010012, "3": -2.3632131625949997, "4": -1.4974552414495483, "5": 1.2880655073254825, "6": -2.0047229318123954, "7": 1.1010072588958266}, "datetime": {"datetime": "2021-06-29 21:24:11", "elapsed": 4143.810222, "delta": 26.242416}}
{"target": 0.004415190115370986, "params": {"0": -2.421781433956655, "1": 2.086246718076988, "2": 0.09635447201393488, "3": -2.0549857555209083, "4": 1.1000846505772843, "5": -2.390148034854173, "6": 0.14800886244750977, "7": 0.07558062075020455}, "datetime": {"datetime": "2021-06-29 21:24:25", "elapsed": 4157.411401, "delta": 13.601179}}
{"target": 0.003535808074661778, "params": {"0": 1.0263211311389346, "1": 0.7198721892905864, "2": -0.31551788020411653, "3": -0.46261385212192874, "4": -0.6247870618402742, "5": -0.28368070714904814, "6": -2.5502922380529274, "7": -0.958707200509858}, "datetime": {"datetime": "2021-06-29 21:24:45", "elapsed": 4177.444203, "delta": 20.032802}}
{"target": 0.0030922008957733004, "params": {"0": -2.213798901057451, "1": 0.5859871831420085, "2": 2.1911807151144718, "3": -1.5407079765950733, "4": -1.7156080319002052, "5": 0.6733623629289012, "6": 2.696862326162263, "7": -2.6609768594129406}, "datetime": {"datetime": "2021-06-29 21:24:59", "elapsed": 4191.752497, "delta": 14.308294}}
{"target": 0.008592349193293825, "params": {"0": 1.6449005724083001, "1": -2.597885508032852, "2": 2.5298691203719725, "3": -0.9721520332006142, "4": 2.8573011862426725, "5": -1.8176460687628229, "6": 1.769357596554027, "7": 2.7853911710686337}, "datetime": {"datetime": "2021-06-29 21:25:15", "elapsed": 4208.099314, "delta": 16.346817}}
{"target": 0.004579720094867154, "params": {"0": -1.1347766848974077, "1": 0.23791287976041797, "2": -0.7789602280083394, "3": -2.567113530506625, "4": 1.506641811520402, "5": 1.8094641364773967, "6": -1.647833861427916, "7": 2.056333830731302}, "datetime": {"datetime": "2021-06-29 21:25:32", "elapsed": 4224.780367, "delta": 16.681053}}
{"target": 0.006318293709551081, "params": {"0": 1.4237610214766026, "1": 1.2376038508696148, "2": -0.25213877900081627, "3": 0.20063981458568936, "4": -0.9584283981361912, "5": -0.8020011349972886, "6": -2.221239064106433, "7": -1.2983543689804766}, "datetime": {"datetime": "2021-06-29 21:25:56", "elapsed": 4249.073791, "delta": 24.293424}}
{"target": 0.0031662418268918993, "params": {"0": 1.4570543857472371, "1": -0.11235682216948994, "2": -1.6106410510522666, "3": 0.008390044718446621, "4": -0.3280825405605796, "5": -1.090614084685206, "6": -2.955863321356057, "7": -1.1108698431401989}, "datetime": {"datetime": "2021-06-29 21:26:20", "elapsed": 4273.070722, "delta": 23.996931}}
{"target": 0.003096399954154829, "params": {"0": -0.21308822209725076, "1": 1.7286917987555475, "2": 2.265058115983413, "3": -0.5767348787342268, "4": -0.5354945008054313, "5": -2.048022010465546, "6": 0.587276135336972, "7": 2.381799134569955}, "datetime": {"datetime": "2021-06-29 21:26:41", "elapsed": 4293.509544, "delta": 20.438822}}
{"target": 0.005275527749872113, "params": {"0": -0.04606876308898711, "1": -2.158578141951764, "2": 1.857535187713264, "3": 0.16120103039470646, "4": -1.5265440641843844, "5": 2.992743560219255, "6": 0.45495658382031756, "7": -2.697925044029219}, "datetime": {"datetime": "2021-06-29 21:26:54", "elapsed": 4306.463373, "delta": 12.953829}}
{"target": 0.004848042737087248, "params": {"0": -0.6014996257002392, "1": 2.2717459227942713, "2": 2.4440780037977596, "3": -0.34391119669595405, "4": -1.4987159562725294, "5": -2.1825150049262243, "6": 1.3605819143408295, "7": 1.3270553433755516}, "datetime": {"datetime": "2021-06-29 21:27:08", "elapsed": 4320.840831, "delta": 14.377458}}
{"target": 0.009408150683202658, "params": {"0": -2.8094250315657305, "1": -1.8892974826322049, "2": 0.07084106094688458, "3": 2.554204828868091, "4": 0.5519307518605903, "5": -2.826587174204239, "6": 2.0483118400938105, "7": -1.5301975437630675}, "datetime": {"datetime": "2021-06-29 21:27:32", "elapsed": 4344.863279, "delta": 24.022448}}
{"target": 0.003834084763512426, "params": {"0": 1.399319956249692, "1": 0.8552331470869636, "2": -0.6580364608880069, "3": -0.8764316542559083, "4": 0.029969355971783074, "5": -1.2472205611380214, "6": -2.4204926248137575, "7": -1.0699244415629536}, "datetime": {"datetime": "2021-06-29 21:28:04", "elapsed": 4377.072947, "delta": 32.209668}}
{"target": 0.003436852805531038, "params": {"0": -2.4952588451610236, "1": 1.0779697112098123, "2": 0.7292953672060012, "3": 1.4780725068323006, "4": -1.7299096099198352, "5": 1.8677034618178112, "6": -1.9416269882117254, "7": 0.9566717947693384}, "datetime": {"datetime": "2021-06-29 21:28:26", "elapsed": 4398.499975, "delta": 21.427028}}
{"target": 0.003262128948273037, "params": {"0": 0.5241263779005494, "1": -2.494154318496805, "2": 0.626099443758382, "3": -2.7217830696569134, "4": 0.3170186908219783, "5": 0.3563739914842827, "6": -2.8919796895582532, "7": 0.6313243652137981}, "datetime": {"datetime": "2021-06-29 21:28:43", "elapsed": 4415.627386, "delta": 17.127411}}
{"target": 0.0031498521758589245, "params": {"0": -2.0665539907065194, "1": 0.5719422949584305, "2": 0.30749675533773724, "3": -2.4366850443580867, "4": -0.7325407004872222, "5": 1.0299490670911, "6": 1.1377494043579777, "7": -1.9623688854722754}, "datetime": {"datetime": "2021-06-29 21:28:55", "elapsed": 4427.910581, "delta": 12.283195}}
{"target": 0.003598816965072288, "params": {"0": 0.29502320367650237, "1": 1.6946698573594992, "2": 1.8958059039779735, "3": -1.3509893846651333, "4": -1.0289147791507658, "5": -1.5256382198033067, "6": 0.29837075610506547, "7": 2.031255882598769}, "datetime": {"datetime": "2021-06-29 21:29:17", "elapsed": 4449.486176, "delta": 21.575595}}
{"target": 0.0034378900767223462, "params": {"0": 1.1881907841619501, "1": -0.08075301497629361, "2": -0.26960621874076907, "3": -0.6317006245657213, "4": 0.1678417943909376, "5": -0.6252352882391139, "6": -2.7476298502058083, "7": -0.9603432869417707}, "datetime": {"datetime": "2021-06-29 21:29:40", "elapsed": 4472.664934, "delta": 23.178758}}
{"target": 0.004042312438218208, "params": {"0": -2.4188386166337956, "1": -2.994205517579708, "2": -0.267345873531426, "3": 0.03821563371320247, "4": 0.8183826560146725, "5": 0.9359748081626478, "6": -1.6497745402493937, "7": -2.149152408760102}, "datetime": {"datetime": "2021-06-29 21:29:52", "elapsed": 4485.226797, "delta": 12.561863}}
{"target": 0.003236259023945335, "params": {"0": -0.11992368320210556, "1": 1.644806772781891, "2": 2.5453262336617097, "3": -0.9586745819012661, "4": -0.5537054269650881, "5": -0.3210801734972746, "6": -0.03782369463080659, "7": 1.0434956938599003}, "datetime": {"datetime": "2021-06-29 21:30:12", "elapsed": 4505.045928, "delta": 19.819131}}
{"target": 0.00401916358919393, "params": {"0": 0.239421164895254, "1": 2.35938510362936, "2": 2.083921243055978, "3": -0.0818936147114453, "4": -1.0433808188312457, "5": -1.9239486948462305, "6": 0.990537134294649, "7": 2.1898666569764194}, "datetime": {"datetime": "2021-06-29 21:30:33", "elapsed": 4525.939044, "delta": 20.893116}}
{"target": 0.0033109661567375563, "params": {"0": -1.9362026072836143, "1": 2.8466693773066716, "2": -1.7002545639669846, "3": 2.382264336943736, "4": 0.7849826546938794, "5": -0.3152494512117956, "6": -2.6555561889704777, "7": -1.0395985156089853}, "datetime": {"datetime": "2021-06-29 21:30:48", "elapsed": 4541.035822, "delta": 15.096778}}
{"target": 0.013452621370443875, "params": {"0": 1.941377846445226, "1": -0.30675057067486833, "2": -1.505619895609115, "3": 0.5856169170083998, "4": 0.7132413112427627, "5": -1.725558423935438, "6": -2.9916332126930305, "7": -0.9895886447627098}, "datetime": {"datetime": "2021-06-29 21:31:10", "elapsed": 4562.771953, "delta": 21.736131}}
{"target": 0.0031704766656622274, "params": {"0": -0.3598353571102, "1": 2.450141124209133, "2": -2.2384903079794465, "3": 2.4833903008780087, "4": -0.657075689884036, "5": -2.108205732404796, "6": -1.432176235044931, "7": 1.728785356074285}, "datetime": {"datetime": "2021-06-29 21:31:19", "elapsed": 4572.219501, "delta": 9.447548}}
{"target": 0.0030624189846360367, "params": {"0": -0.3686548290645759, "1": -2.9454783156024513, "2": 2.0234175659807745, "3": -2.4800385082152965, "4": 0.5623896225506235, "5": 0.4435260164062065, "6": -2.3335710576795563, "7": 1.2221775541528777}, "datetime": {"datetime": "2021-06-29 21:31:47", "elapsed": 4599.486326, "delta": 27.266825}}
{"target": 0.0029785957673722106, "params": {"0": -2.3040908823540747, "1": 1.8157549580522145, "2": -1.4818758480550887, "3": 2.1267941746645187, "4": -1.866822503026164, "5": 2.0558903917678935, "6": -0.07429868692594344, "7": -2.4842927344534242}, "datetime": {"datetime": "2021-06-29 21:32:01", "elapsed": 4613.883896, "delta": 14.39757}}
{"target": 0.011291870589305666, "params": {"0": 0.17768298488134038, "1": 2.29878516659503, "2": 2.5090929438360146, "3": -0.006220761969400357, "4": -1.3719204551503736, "5": -2.048048292709896, "6": 0.9570636642608665, "7": 0.6362356279988601}, "datetime": {"datetime": "2021-06-29 21:32:26", "elapsed": 4639.174711, "delta": 25.290815}}
{"target": 0.002997017308847075, "params": {"0": 1.4914224616307212, "1": 0.9319375436893678, "2": -1.3425189058962699, "3": -0.4070514608253415, "4": -0.12048911016336916, "5": -1.4107288439605918, "6": -2.332444827387541, "7": -1.2581706171517688}, "datetime": {"datetime": "2021-06-29 21:32:49", "elapsed": 4661.280773, "delta": 22.106062}}
{"target": 0.0030800833317080278, "params": {"0": 2.508494479978828, "1": 0.2209665130889631, "2": 1.660357937425716, "3": -1.5595468211086823, "4": -1.1210920869096102, "5": 2.7742586731562717, "6": 0.36226782100759936, "7": -1.514058785013229}, "datetime": {"datetime": "2021-06-29 21:33:01", "elapsed": 4673.720833, "delta": 12.44006}}
{"target": 0.005918904830878303, "params": {"0": 0.08355829031962614, "1": 1.3632973517892113, "2": 2.196605377854855, "3": -0.46733797813967026, "4": -1.4615773924110507, "5": -1.2849471463991977, "6": 2.001962258305104, "7": 0.9129729415586612}, "datetime": {"datetime": "2021-06-29 21:33:23", "elapsed": 4695.399479, "delta": 21.678646}}
{"target": 0.003387799950926391, "params": {"0": 0.638881899250797, "1": 0.1607071426390485, "2": 1.7396010393548371, "3": 2.4812957625041783, "4": 1.6454428903287086, "5": -2.529629336868066, "6": -0.9986831405977323, "7": 0.7601630506748847}, "datetime": {"datetime": "2021-06-29 21:33:37", "elapsed": 4709.920559, "delta": 14.52108}}
{"target": 0.003084490489669996, "params": {"0": -1.7865199010150403, "1": 2.086664584772672, "2": 0.6902364010326014, "3": -0.3205943624231562, "4": -0.5529473182288736, "5": 2.4388883417082488, "6": -1.7511406716235733, "7": 1.2973171066683706}, "datetime": {"datetime": "2021-06-29 21:33:52", "elapsed": 4724.505683, "delta": 14.585124}}
{"target": 0.0032167612768882474, "params": {"0": 2.9554095291680786, "1": -0.4318230833250132, "2": 0.9344735651738829, "3": 1.9851777077233512, "4": -1.8478005623408116, "5": 1.6459597122113454, "6": -1.2876376288660678, "7": -2.0876731975423413}, "datetime": {"datetime": "2021-06-29 21:34:20", "elapsed": 4753.210893, "delta": 28.70521}}
{"target": 0.0030370564048332934, "params": {"0": 1.4697055466266837, "1": -2.875396583580632, "2": -2.3415909575283225, "3": 0.14657988151974521, "4": 0.7050236020842906, "5": -0.9991660812588035, "6": -2.7083587272455123, "7": 1.8194219175816322}, "datetime": {"datetime": "2021-06-29 21:34:36", "elapsed": 4769.183235, "delta": 15.972342}}
{"target": 0.0036587383965582584, "params": {"0": 0.10653097481325169, "1": 2.5545098659833423, "2": 2.000067817741572, "3": -0.7666721527105325, "4": -0.6176952513503271, "5": -1.4918266105048232, "6": 0.6366603148988279, "7": 0.8805096586703471}, "datetime": {"datetime": "2021-06-29 21:35:09", "elapsed": 4801.314564, "delta": 32.131329}}
{"target": 0.009245517791189562, "params": {"0": -0.2532416024031039, "1": 2.5171009877802213, "2": 1.7847062659922006, "3": -0.12288451316567173, "4": -0.671901028872985, "5": -1.2649631754702764, "6": 1.4165638120377384, "7": 0.9834743708428664}, "datetime": {"datetime": "2021-06-29 21:35:28", "elapsed": 4820.916522, "delta": 19.601958}}
{"target": 0.0033272240595615637, "params": {"0": 0.1897195581979041, "1": -2.0512588638326155, "2": 1.4491182122372948, "3": -2.6224118744958216, "4": 0.14297535443244147, "5": 0.3408681247952354, "6": -2.67939369245288, "7": 0.5054999978204284}, "datetime": {"datetime": "2021-06-29 21:35:54", "elapsed": 4846.414681, "delta": 25.498159}}
{"target": 0.0030148991197839477, "params": {"0": 0.8929994646954027, "1": 0.6959297792184129, "2": 0.16738407749652717, "3": 0.05466082914815251, "4": -0.006950680442781021, "5": -1.9485745591350758, "6": -2.425428475785017, "7": -1.378350049719836}, "datetime": {"datetime": "2021-06-29 21:36:09", "elapsed": 4862.084537, "delta": 15.669856}}
{"target": 0.006630699485418618, "params": {"0": 0.6898166928009983, "1": 0.6894702554539838, "2": -0.2539455027371096, "3": -0.6607984133322917, "4": 0.25342116803943693, "5": -0.6191429480962505, "6": -2.3132647591134035, "7": -1.2562543893564642}, "datetime": {"datetime": "2021-06-29 21:36:25", "elapsed": 4877.443567, "delta": 15.35903}}
{"target": 0.0032981050600464448, "params": {"0": 1.1581160231604555, "1": -1.0220615582113863, "2": -0.7330204005541958, "3": -0.48942219283833577, "4": -0.2494967136965398, "5": -1.387003994807749, "6": -2.9418120876961993, "7": 0.01404673282195068}, "datetime": {"datetime": "2021-06-29 21:36:47", "elapsed": 4899.694042, "delta": 22.250475}}
{"target": 0.004063614338694765, "params": {"0": 1.0419098767920332, "1": 0.5520892281858112, "2": -0.7389519128486111, "3": 0.7830596694228715, "4": -0.26333624301917746, "5": -1.2444182703098339, "6": -2.9446026566400887, "7": -1.365793779456727}, "datetime": {"datetime": "2021-06-29 21:37:05", "elapsed": 4917.247006, "delta": 17.552964}}
{"target": 0.003443321047858675, "params": {"0": -2.047210107953215, "1": 2.412558064682642, "2": -1.4991374312764305, "3": -2.8838086862441417, "4": -1.7240925063754458, "5": -1.1744667186288635, "6": -1.418447190021969, "7": 1.182482190722813}, "datetime": {"datetime": "2021-06-29 21:37:20", "elapsed": 4932.563652, "delta": 15.316646}}
{"target": 0.022586334434285975, "params": {"0": 0.48966739237066115, "1": 2.7530662824416847, "2": 2.2654121763930863, "3": -0.018535652226431942, "4": -0.6819273878896084, "5": -0.9785576402564686, "6": 0.11844195224980503, "7": 1.6997308058598826}, "datetime": {"datetime": "2021-06-29 21:37:43", "elapsed": 4956.051349, "delta": 23.487697}}
{"target": 0.0029254154611008773, "params": {"0": -1.01695981822564, "1": 0.330691624756315, "2": 0.03116260367518553, "3": 1.2494696506047918, "4": 2.889419032350423, "5": 0.6445934527354611, "6": 1.5972891649147662, "7": -2.727135787211256}, "datetime": {"datetime": "2021-06-29 21:37:54", "elapsed": 4966.900279, "delta": 10.84893}}
{"target": 0.0037105033025042534, "params": {"0": -2.414515537454175, "1": 1.3481558137199503, "2": 0.1010862506641037, "3": 1.60662411978711, "4": -1.8047186323124966, "5": 2.475484607546493, "6": -2.6891218725783412, "7": 0.14665248210422988}, "datetime": {"datetime": "2021-06-29 21:38:17", "elapsed": 4989.755262, "delta": 22.854983}}
{"target": 0.004082753991036481, "params": {"0": 1.6468754748770502, "1": 0.9178256542628649, "2": -0.43879841154030386, "3": -0.06851964735415272, "4": 0.12464249973416042, "5": -2.105844706192763, "6": -2.674966657238361, "7": -0.48474641377438177}, "datetime": {"datetime": "2021-06-29 21:38:46", "elapsed": 5019.136524, "delta": 29.381262}}
{"target": 0.00337750268713945, "params": {"0": 0.9103336131620399, "1": 0.11584679094078654, "2": -1.285780784214315, "3": -0.3587172289140259, "4": -1.042213924232698, "5": -1.2080600670402453, "6": -2.8806075802592206, "7": -0.5133887125647281}, "datetime": {"datetime": "2021-06-29 21:39:12", "elapsed": 5045.00552, "delta": 25.868996}}
{"target": 0.0038359855795713645, "params": {"0": 0.31366711402619396, "1": -2.1835788163718983, "2": 0.23497575202963183, "3": -0.28399998255220016, "4": 0.18460512798182194, "5": 1.8714595098864741, "6": -1.669794234439313, "7": -0.17241008997652463}, "datetime": {"datetime": "2021-06-29 21:39:35", "elapsed": 5067.532804, "delta": 22.527284}}
{"target": 0.010375367314098188, "params": {"0": -1.8609998624310653, "1": -1.005836915900313, "2": -1.8933282139131031, "3": -2.6937128252195466, "4": 1.4522356360717623, "5": 2.260429356232189, "6": -1.494419214302567, "7": 1.3886454270601396}, "datetime": {"datetime": "2021-06-29 21:40:02", "elapsed": 5094.775082, "delta": 27.242278}}
{"target": 0.0028837676038519886, "params": {"0": -0.3755760906439205, "1": 1.3550212360799598, "2": 2.845742366837923, "3": -0.33829029839860114, "4": -0.16619540855685244, "5": -1.0532911891052328, "6": 0.11891260469156961, "7": 1.7755660388464332}, "datetime": {"datetime": "2021-06-29 21:40:28", "elapsed": 5120.35048, "delta": 25.575398}}
{"target": 0.0031536946215704144, "params": {"0": 0.6607228928602016, "1": 2.5138929825422576, "2": 1.1520202598465241, "3": 1.4178432442580213, "4": -0.4451800533014616, "5": -1.1483697741919896, "6": 2.500516301643163, "7": -2.3751526696635263}, "datetime": {"datetime": "2021-06-29 21:40:44", "elapsed": 5136.76688, "delta": 16.4164}}
{"target": 0.005946998488947232, "params": {"0": -2.47898026152286, "1": 2.2318332083734234, "2": 0.3250524784208637, "3": -2.2785696949725756, "4": 1.5733739899887524, "5": -2.3366562258446666, "6": 0.2098132147890852, "7": 0.9562600842275524}, "datetime": {"datetime": "2021-06-29 21:41:08", "elapsed": 5160.862012, "delta": 24.095132}}
{"target": 0.0030078233331760616, "params": {"0": -0.41202483724072136, "1": -2.0212834593876368, "2": 2.975829768804906, "3": -0.10341112016947562, "4": -0.2713361665355838, "5": -2.5207973598267266, "6": -0.35786100143081523, "7": 1.705671944373786}, "datetime": {"datetime": "2021-06-29 21:41:24", "elapsed": 5176.746176, "delta": 15.884164}}
{"target": 0.003539626384762086, "params": {"0": 1.075031471356196, "1": 1.530709194636243, "2": -0.31591440478976285, "3": -0.4495953759127236, "4": -0.8021502936144929, "5": -1.4994735803166077, "6": -1.459052369857286, "7": -1.794002298923821}, "datetime": {"datetime": "2021-06-29 21:41:51", "elapsed": 5204.20466, "delta": 27.458484}}
{"target": 0.0031111215296633294, "params": {"0": 1.0212371679303205, "1": 0.1571486532611921, "2": -0.7125815913932936, "3": 0.07003070326296834, "4": -1.626617734037699, "5": -1.1452491075116928, "6": -2.6818481899416935, "7": -1.0402047727226291}, "datetime": {"datetime": "2021-06-29 21:42:19", "elapsed": 5231.885398, "delta": 27.680738}}
{"target": 0.0032650050170945706, "params": {"0": 1.658275289477574, "1": 0.93942181110073, "2": -0.11678804052940528, "3": -0.13599576056641371, "4": -0.745206048650032, "5": -1.1145800621791435, "6": -2.9530064255870117, "7": -0.08864038744732028}, "datetime": {"datetime": "2021-06-29 21:42:44", "elapsed": 5256.9457, "delta": 25.060302}}
