{"target": 0.00297270083285516, "params": {"0": 1.2304081684094754, "1": 1.9919611472607395, "2": 1.393835229803357, "3": -1.758052303756684, "4": 0.20561049573382206, "5": 2.300481313630092, "6": -0.82897159702443, "7": -1.2497182186266869}, "datetime": {"datetime": "2021-06-29 21:51:21", "elapsed": 5861.745951, "delta": 11.368441}}
{"target": 0.003825807436769702, "params": {"0": -2.138431675964894, "1": -1.3263754043550717, "2": 0.646751414396209, "3": 2.121753419611524, "4": -1.0665466542387574, "5": 0.9257509857036963, "6": -2.812852416869129, "7": 0.22824612172230951}, "datetime": {"datetime": "2021-06-29 21:51:34", "elapsed": 5875.074604, "delta": 13.328653}}
{"target": 0.0030475325511982836, "params": {"0": -2.523877940694115, "1": 0.5927032959369729, "2": -2.031040488298764, "3": 1.4954431322526576, "4": 2.933049339912592, "5": -1.0076318663988946, "6": 2.622443293027624, "7": -2.668366597708279}, "datetime": {"datetime": "2021-06-29 21:51:49", "elapsed": 5889.787588, "delta": 14.712984}}
{"target": 0.0031982437422885227, "params": {"0": 2.322105250511034, "1": 0.40315111798402326, "2": -1.7134633704704556, "3": 2.2971961145276865, "4": 0.7710422508417389, "5": -2.3541380452204823, "6": 1.3229124796556775, "7": -0.42914471154670375}, "datetime": {"datetime": "2021-06-29 21:52:36", "elapsed": 5936.776545, "delta": 46.988957}}
{"target": 0.009660071934284378, "params": {"0": -2.723442556949337, "1": 0.5989552942690635, "2": -1.8657595267134168, "3": 0.39335673781176705, "4": -1.5681752800691968, "5": -2.346428150017082, "6": -1.3222020814568665, "7": -0.4027402763290784}, "datetime": {"datetime": "2021-06-29 21:52:50", "elapsed": 5951.313233, "delta": 14.536688}}
{"target": 0.007970682244136641, "params": {"0": 0.3323308077533671, "1": 0.9545012112572575, "2": 0.6198871799605801, "3": -2.0186622560940712, "4": 1.511384718798551, "5": -2.424023500170202, "6": -0.5028900964897955, "7": -1.6730323281382393}, "datetime": {"datetime": "2021-06-29 21:53:05", "elapsed": 5966.062399, "delta": 14.749166}}
{"target": 0.0035187918159175317, "params": {"0": 0.3470798156507868, "1": 0.007278455595743694, "2": 2.749167776010382, "3": -0.19129609382973234, "4": -0.799851940472009, "5": 0.840188675768573, "6": 0.49473093361203135, "7": -1.6387739935986236}, "datetime": {"datetime": "2021-06-29 21:53:28", "elapsed": 5989.198238, "delta": 23.135839}}
{"target": 0.0035201332786447496, "params": {"0": 0.786928063023649, "1": 2.711193354166099, "2": 1.1801409435398966, "3": 2.23824221084251, "4": 0.49358611530750096, "5": -2.39496588494126, "6": -2.5654399302358644, "7": 0.767881677987241}, "datetime": {"datetime": "2021-06-29 21:53:40", "elapsed": 6001.2586, "delta": 12.060362}}
{"target": 0.004116803565790269, "params": {"0": 0.6454198777330227, "1": 1.5479671669224988, "2": 2.995195574213798, "3": -1.5464690643456893, "4": -2.3779210378638407, "5": -2.3058841623858957, "6": 1.7292800313091865, "7": 2.4134492617221053}, "datetime": {"datetime": "2021-06-29 21:53:57", "elapsed": 6017.816548, "delta": 16.557948}}
{"target": 0.0035042441409643046, "params": {"0": 1.870734550634448, "1": -2.8246332932112166, "2": 0.7084761428334336, "3": -2.7363721662640703, "4": -2.401215150010772, "5": -0.8998230340908764, "6": -0.2563027062534893, "7": -1.5878438917743674}, "datetime": {"datetime": "2021-06-29 21:54:22", "elapsed": 6043.500335, "delta": 25.683787}}
{"target": 0.0029572370722697997, "params": {"0": -1.46135868231455, "1": -2.3428113394364027, "2": -2.7553190337358244, "3": 2.3587763218451308, "4": 0.9758409243060804, "5": -2.985527420752359, "6": -0.09885592970414958, "7": -0.8413608992899206}, "datetime": {"datetime": "2021-06-29 21:54:43", "elapsed": 6064.065116, "delta": 20.564781}}
{"target": 0.0032176883594246877, "params": {"0": -2.406583232720434, "1": 1.1550979527513912, "2": 0.21068484083988803, "3": -0.640354108749797, "4": -2.4999294860352617, "5": 1.765018664191742, "6": -0.45288080629154814, "7": 1.6963437263860595}, "datetime": {"datetime": "2021-06-29 21:55:16", "elapsed": 6096.970289, "delta": 32.905173}}
{"target": 0.011958608940553386, "params": {"0": -1.080032325330033, "1": 0.5072942186112157, "2": 1.4571716819723708, "3": 2.339418542747908, "4": -1.1011062166166488, "5": 1.2852436617465681, "6": 2.499075367001704, "7": -2.306799993182275}, "datetime": {"datetime": "2021-06-29 21:55:29", "elapsed": 6110.046033, "delta": 13.075744}}
{"target": 0.0030973891318776554, "params": {"0": 1.219506616838565, "1": 0.055316908606420245, "2": 0.6959671900291498, "3": -2.840965488750719, "4": 2.0987275722902705, "5": -1.51215801522084, "6": -2.965798029180255, "7": 1.7131002318494257}, "datetime": {"datetime": "2021-06-29 21:55:45", "elapsed": 6126.042892, "delta": 15.996859}}
{"target": 0.005024205005538756, "params": {"0": -0.919879201473337, "1": -1.907506751363967, "2": 2.3779512319636336, "3": 0.1425247030155603, "4": -0.39018893751956973, "5": -2.6086823028582944, "6": 1.0194667816119063, "7": -0.6023012734138522}, "datetime": {"datetime": "2021-06-29 21:55:58", "elapsed": 6139.087929, "delta": 13.045037}}
{"target": 0.0037770417118704754, "params": {"0": -0.6081150660836796, "1": -2.882880792997044, "2": -0.35400175054979055, "3": 2.502569023397978, "4": -0.8329182518209115, "5": -2.9752279001743496, "6": 1.1755679821570153, "7": 1.4096828306847478}, "datetime": {"datetime": "2021-06-29 21:56:30", "elapsed": 6171.242073, "delta": 32.154144}}
{"target": 0.0029910001383449424, "params": {"0": -1.9005557025028814, "1": -2.304779732817514, "2": -2.297703393229348, "3": 2.143769349818122, "4": -1.436497087214764, "5": 2.7350385752418145, "6": 2.5738370595754017, "7": -2.5930382199812327}, "datetime": {"datetime": "2021-06-29 21:56:43", "elapsed": 6184.330886, "delta": 13.088813}}
{"target": 0.0224489985241947, "params": {"0": -1.1546032783198044, "1": -0.4520314261119873, "2": 1.7140265888935904, "3": -2.878900612098456, "4": 1.8214316865203761, "5": 0.27067782327053, "6": 0.6261993739475598, "7": 1.7591739196666243}, "datetime": {"datetime": "2021-06-29 21:57:15", "elapsed": 6216.587455, "delta": 32.256569}}
{"target": 0.004510986439700605, "params": {"0": -1.955385745603416, "1": 0.7330723211150634, "2": -1.6587094597283631, "3": 0.3271098907265557, "4": -1.5656295966590876, "5": -2.4368799796632863, "6": -1.520357977594513, "7": -0.6751921517323582}, "datetime": {"datetime": "2021-06-29 21:57:34", "elapsed": 6235.357142, "delta": 18.769687}}
{"target": 0.009801819931655664, "params": {"0": 1.5354729473918773, "1": -0.9022910603923364, "2": 1.4263790744303328, "3": -0.7976600336464692, "4": -0.177019541373868, "5": -1.2239646250111142, "6": -0.9575986546134136, "7": 1.638847998227213}, "datetime": {"datetime": "2021-06-29 21:57:44", "elapsed": 6245.6888, "delta": 10.331658}}
{"target": 0.0029101938379387437, "params": {"0": 0.9661459177254956, "1": -1.2147989846769665, "2": 1.9955345967750295, "3": -2.0804643012301742, "4": 2.877806836619926, "5": 0.8547053543763985, "6": 1.209308830013529, "7": -0.4343486543823505}, "datetime": {"datetime": "2021-06-29 21:57:56", "elapsed": 6257.101624, "delta": 11.412824}}
{"target": 0.003173647480669046, "params": {"0": 2.8914195024736884, "1": 2.0473145134655057, "2": 1.4882618750348868, "3": -0.9853031325534594, "4": -0.8110646928751457, "5": -2.522301546018702, "6": 1.747648692713411, "7": -0.6690505655922099}, "datetime": {"datetime": "2021-06-29 21:58:47", "elapsed": 6307.771959, "delta": 50.670335}}
{"target": 0.008703186143581685, "params": {"0": 1.507791366529725, "1": 0.5929678168587387, "2": -0.7955169566605647, "3": 2.279130391066915, "4": 0.17524952312370168, "5": -2.537216758937882, "6": 0.0866033297683515, "7": 1.5353383188341096}, "datetime": {"datetime": "2021-06-29 21:59:36", "elapsed": 6357.321857, "delta": 49.549898}}
{"target": 0.003179110147933796, "params": {"0": -2.517950182449767, "1": 2.8790431591363186, "2": -0.5416470947510543, "3": 1.0932424671206906, "4": 1.0704054597912815, "5": -1.4468461636520862, "6": 2.9028487726290706, "7": 2.9901789431675203}, "datetime": {"datetime": "2021-06-29 21:59:53", "elapsed": 6374.481554, "delta": 17.159697}}
{"target": 0.0068688920687955965, "params": {"0": -2.018073427910818, "1": -1.9821695142076576, "2": 0.15340346639216484, "3": 0.38969948957375244, "4": 1.923256179431501, "5": -2.359079183978783, "6": 2.0985447172249767, "7": 1.9939557037757991}, "datetime": {"datetime": "2021-06-29 22:00:08", "elapsed": 6388.871433, "delta": 14.389879}}
{"target": 0.0030083640271431015, "params": {"0": 2.2196545847238394, "1": -2.9859707785371854, "2": -2.4027020645595396, "3": -0.7018762038871325, "4": 2.5241544926387682, "5": 2.953560795529631, "6": -2.5643932252704094, "7": 2.372557289207114}, "datetime": {"datetime": "2021-06-29 22:00:23", "elapsed": 6403.97811, "delta": 15.106677}}
{"target": 0.004387072079958666, "params": {"0": -1.0365895380085566, "1": -2.350947646482521, "2": -0.8876611798505305, "3": 0.7551797527233299, "4": -2.270630396196078, "5": -2.0379713120272434, "6": 2.0453328394310972, "7": 0.3541729508647542}, "datetime": {"datetime": "2021-06-29 22:00:42", "elapsed": 6423.126508, "delta": 19.148398}}
{"target": 0.0032516321856075345, "params": {"0": -0.7159963332730319, "1": 1.126956092648725, "2": 1.0161114735716303, "3": -1.726512159298521, "4": 0.635946119685336, "5": -1.4781585337881962, "6": 2.4978721046662873, "7": -2.683455400413103}, "datetime": {"datetime": "2021-06-29 22:00:58", "elapsed": 6439.00474, "delta": 15.878232}}
{"target": 0.0029570372088614564, "params": {"0": 1.3589453708782617, "1": 2.0305486156328936, "2": -1.5392275755904121, "3": -0.6939372925514613, "4": 2.984046632829277, "5": 0.682368370074304, "6": 1.1590503104467427, "7": -0.7719484582587852}, "datetime": {"datetime": "2021-06-29 22:01:13", "elapsed": 6454.260262, "delta": 15.255522}}
{"target": 0.0030718139693539626, "params": {"0": 1.742498628718577, "1": -0.7070971894817761, "2": 2.9002949190791067, "3": -1.1718145330679746, "4": 1.2932628268111905, "5": 1.2868287164234875, "6": -0.6690856566351435, "7": 0.16640995680071402}, "datetime": {"datetime": "2021-06-29 22:01:28", "elapsed": 6468.953448, "delta": 14.693186}}
{"target": 0.01677380456949088, "params": {"0": 0.7077875370866611, "1": 1.8218748002632408, "2": -2.257318326359815, "3": 0.7194529779735204, "4": -1.7308678996765798, "5": 0.6442381391930923, "6": -0.23403961538677187, "7": -0.4756973358117591}, "datetime": {"datetime": "2021-06-29 22:01:41", "elapsed": 6482.498294, "delta": 13.544846}}
{"target": 0.004675485884645269, "params": {"0": 0.7106258079019532, "1": -2.1895618875222262, "2": 1.3736539443033298, "3": 0.5956773207418253, "4": -2.4495568197294215, "5": 0.8996772669148205, "6": -2.95822809240898, "7": -0.5313907489758316}, "datetime": {"datetime": "2021-06-29 22:02:03", "elapsed": 6504.152347, "delta": 21.654053}}
{"target": 0.0030901346943631356, "params": {"0": 0.5283607796833034, "1": -1.0984036576349825, "2": -2.25842078449595, "3": -2.342142862924047, "4": 2.1211045507189157, "5": 0.7174468891746812, "6": 1.2462818573642682, "7": 2.616166970830749}, "datetime": {"datetime": "2021-06-29 22:02:21", "elapsed": 6522.061422, "delta": 17.909075}}
{"target": 0.0029815166146348977, "params": {"0": 1.9607476143311668, "1": -2.0788038591191484, "2": -0.22186013473505017, "3": -0.4561761085272149, "4": -0.18546580925309186, "5": 0.4158107256805752, "6": 1.3621844597195043, "7": 1.809766801219995}, "datetime": {"datetime": "2021-06-29 22:02:34", "elapsed": 6535.578585, "delta": 13.517163}}
{"target": 0.0031163998597394443, "params": {"0": 2.198216158344085, "1": -1.8870827113278494, "2": -0.8741454592461686, "3": -0.26858499617482323, "4": 0.4334332268805108, "5": 2.6965956364234636, "6": -1.8311015804130653, "7": -0.15846738257072257}, "datetime": {"datetime": "2021-06-29 22:02:52", "elapsed": 6553.114536, "delta": 17.535951}}
{"target": 0.005617149294649886, "params": {"0": -1.5640252292941208, "1": 1.2758733112575271, "2": -1.041337126209063, "3": -1.8102152978220776, "4": -1.1897128266696833, "5": 0.06548738520641528, "6": -2.4231377203117432, "7": -0.8362713430224487}, "datetime": {"datetime": "2021-06-29 22:03:14", "elapsed": 6574.95827, "delta": 21.843734}}
{"target": 0.004293026953979888, "params": {"0": 1.1717572578310191, "1": 0.8299413939967568, "2": 2.2406390756651984, "3": 1.3164815402696801, "4": 0.15874431564785185, "5": 0.7439217493366339, "6": -0.33842881482926934, "7": 0.38417307840466997}, "datetime": {"datetime": "2021-06-29 22:03:31", "elapsed": 6592.376493, "delta": 17.418223}}
{"target": 0.003553776017074244, "params": {"0": -0.5543293203109618, "1": 1.275815011688973, "2": 1.5172124138651863, "3": -0.7331759229826149, "4": -0.7894630566584766, "5": -1.676798364367521, "6": 0.5821172673853061, "7": 1.7051566801168576}, "datetime": {"datetime": "2021-06-29 22:03:54", "elapsed": 6615.331225, "delta": 22.954732}}
{"target": 0.0035588686762193364, "params": {"0": -2.1685368357447947, "1": 1.955156447944013, "2": 2.146908500515231, "3": 2.6655864896902663, "4": -2.6583428808741445, "5": 2.9887285711055807, "6": 2.4046701562069117, "7": 0.39674870025220077}, "datetime": {"datetime": "2021-06-29 22:04:08", "elapsed": 6629.351106, "delta": 14.019881}}
{"target": 0.003249236750623313, "params": {"0": -1.0695401692380186, "1": -0.813958005664559, "2": -2.331913200177251, "3": 2.5712028111504903, "4": -0.727375101769189, "5": -2.499547262308475, "6": 1.9527164103221661, "7": 2.930536944437063}, "datetime": {"datetime": "2021-06-29 22:04:22", "elapsed": 6643.619697, "delta": 14.268591}}
{"target": 0.003508225853713522, "params": {"0": 2.053476357306602, "1": 1.2938126336664357, "2": 0.7279906248202002, "3": -2.1050771394232624, "4": -1.6218795776720238, "5": -1.1585629497197565, "6": 2.3633271074934266, "7": 1.0324470826434213}, "datetime": {"datetime": "2021-06-29 22:04:39", "elapsed": 6660.154946, "delta": 16.535249}}
{"target": 0.0030493860930637115, "params": {"0": 1.6539865236660791, "1": 2.3887571919737614, "2": -1.5360766508804435, "3": 0.9181655731872, "4": 1.9400354765114276, "5": 1.4658535743346741, "6": 2.4715878327100764, "7": -2.2269127454290394}, "datetime": {"datetime": "2021-06-29 22:04:54", "elapsed": 6674.803795, "delta": 14.648849}}
{"target": 0.003161429834607683, "params": {"0": 1.4913454563925468, "1": 1.0660996067610409, "2": -1.263992261550634, "3": -2.512279440213858, "4": -2.9738485592687303, "5": 0.45985000898381534, "6": -0.731562634589193, "7": -1.1819509867864486}, "datetime": {"datetime": "2021-06-29 22:05:11", "elapsed": 6692.23188, "delta": 17.428085}}
{"target": 0.0034111096755191817, "params": {"0": 2.377272660179173, "1": -1.4774680404340481, "2": 1.5395778283238482, "3": -1.2986720414743056, "4": -0.7213717416827117, "5": 1.5465229359527548, "6": -1.9525149721413195, "7": -1.5446048335941673}, "datetime": {"datetime": "2021-06-29 22:05:33", "elapsed": 6713.869693, "delta": 21.637813}}
{"target": 0.0033108124111331403, "params": {"0": 2.7159585370040586, "1": -0.001534457110611065, "2": -0.3273777769249815, "3": 2.4556983122742535, "4": 0.6858109303285316, "5": -1.4631629782247386, "6": -1.6409954920708332, "7": 2.303026009686606}, "datetime": {"datetime": "2021-06-29 22:05:48", "elapsed": 6729.140531, "delta": 15.270838}}
{"target": 0.0033513261805162417, "params": {"0": 1.4460255998635052, "1": 1.0561747643238872, "2": -0.5135863311817497, "3": -0.3636484018421955, "4": -0.924878059618762, "5": -0.7423020337224164, "6": -2.3115007114984314, "7": -0.7834385145231586}, "datetime": {"datetime": "2021-06-29 22:06:09", "elapsed": 6749.94901, "delta": 20.808479}}
{"target": 0.003055304676046944, "params": {"0": 0.1567104354470339, "1": 1.295972455152124, "2": -2.4913663477529218, "3": 0.3616315133506216, "4": 2.676238798062176, "5": -0.2545714677843365, "6": -2.897610007326881, "7": -0.3061080839168415}, "datetime": {"datetime": "2021-06-29 22:06:46", "elapsed": 6787.36551, "delta": 37.4165}}
{"target": 0.005564980437962481, "params": {"0": 0.33011586338098553, "1": -0.199741868256186, "2": -2.3798839901789894, "3": -0.09767213645965445, "4": -1.3367319884756337, "5": 1.3056042567685004, "6": -0.17709034831974524, "7": 1.7166774266748508}, "datetime": {"datetime": "2021-06-29 22:07:07", "elapsed": 6808.322756, "delta": 20.957246}}
{"target": 0.0038665588253768016, "params": {"0": -1.954951359819799, "1": 2.9953023111220842, "2": 2.167824785492555, "3": 1.9582350389118277, "4": -1.0453332417249948, "5": 2.0844234053760298, "6": 2.2317815885843135, "7": -0.5983685686268743}, "datetime": {"datetime": "2021-06-29 22:07:20", "elapsed": 6821.402622, "delta": 13.079866}}
{"target": 0.0031189128404320544, "params": {"0": -1.685630170817338, "1": -0.8827171820734501, "2": -1.5932038664569537, "3": -1.7300164144295216, "4": -1.856835643259697, "5": -0.2733361655112536, "6": -1.1589823464717997, "7": -1.389711401067678}, "datetime": {"datetime": "2021-06-29 22:07:36", "elapsed": 6837.015611, "delta": 15.612989}}
{"target": 0.0031290071946865243, "params": {"0": -1.1071967097137685, "1": -1.2428185895554587, "2": 0.8094555306747759, "3": -2.9131615458002638, "4": 2.0694541923752565, "5": -0.6743278094492648, "6": -1.8457683668112275, "7": -1.137593175628057}, "datetime": {"datetime": "2021-06-29 22:07:51", "elapsed": 6852.348575, "delta": 15.332964}}
{"target": 0.0048389111228467115, "params": {"0": 2.851158203363557, "1": -0.31759485399880516, "2": -1.4547484839978722, "3": 2.7027260309882486, "4": -0.7630969422515932, "5": -0.22161282503101942, "6": 1.0690101330368886, "7": -0.6114928555322252}, "datetime": {"datetime": "2021-06-29 22:08:02", "elapsed": 6863.396789, "delta": 11.048214}}
{"target": 0.003915410211481835, "params": {"0": 0.44864044400012393, "1": -2.3237404180427093, "2": -0.8543961466575527, "3": 0.7161130183480822, "4": -1.909268739682553, "5": 1.114614804090218, "6": -2.8652538681610054, "7": 2.6421769383464717}, "datetime": {"datetime": "2021-06-29 22:08:17", "elapsed": 6878.610633, "delta": 15.213844}}
{"target": 0.0031402831122701175, "params": {"0": -1.6826942742915245, "1": -1.7651593851896825, "2": 2.7847523289120035, "3": 1.583956781223165, "4": -2.7627705674883467, "5": 2.8529355157658536, "6": 0.17584074206096156, "7": -0.7180046607051569}, "datetime": {"datetime": "2021-06-29 22:08:34", "elapsed": 6895.442124, "delta": 16.831491}}
{"target": 0.003043677158404826, "params": {"0": 0.9276394770002074, "1": 1.7988785638164977, "2": -1.8411142333259563, "3": 1.255339839923229, "4": 0.6788539040522257, "5": -0.509068055863021, "6": 1.6917222923183708, "7": 1.7849418514683695}, "datetime": {"datetime": "2021-06-29 22:08:48", "elapsed": 6909.349024, "delta": 13.9069}}
{"target": 0.0038066258408021407, "params": {"0": 1.9565331217437762, "1": -2.7522610658509157, "2": 2.5320407882342026, "3": 0.43296600839367194, "4": -0.2157525984059978, "5": -1.7266496226046397, "6": 2.6763840293264893, "7": 0.08713995801555985}, "datetime": {"datetime": "2021-06-29 22:09:02", "elapsed": 6922.951839, "delta": 13.602815}}
{"target": 0.0030056287960976563, "params": {"0": 1.4497358932344717, "1": -2.4008560708808298, "2": 0.7456713034842446, "3": 0.17806862698376413, "4": 1.6079585402432528, "5": 2.4905167820071767, "6": 0.6544450085487368, "7": -2.8673308865021325}, "datetime": {"datetime": "2021-06-29 22:09:26", "elapsed": 6947.216256, "delta": 24.264417}}
{"target": 0.004686870392691952, "params": {"0": 1.4268423963205876, "1": 1.0977195115214506, "2": -0.44132185516936673, "3": -0.7331689203002592, "4": -0.6134715435690996, "5": -0.6962396241755089, "6": -2.073511079029735, "7": -1.6037695403937433}, "datetime": {"datetime": "2021-06-29 22:10:05", "elapsed": 6986.599818, "delta": 39.383562}}
{"target": 0.003352801895580869, "params": {"0": -0.8197123566141746, "1": -2.571303700399071, "2": -2.8905269065082324, "3": -0.04601760698377255, "4": 2.052366451399471, "5": 0.9345339723996675, "6": 2.3320142243003996, "7": 2.8250055346653298}, "datetime": {"datetime": "2021-06-29 22:10:56", "elapsed": 7036.796836, "delta": 50.197018}}
{"target": 0.006363013755648053, "params": {"0": -2.1255382219166674, "1": -0.6896417611381747, "2": -0.8611483503381328, "3": 0.07766398464213964, "4": -0.9637197758047806, "5": -0.3407010042948837, "6": -2.6281774988989812, "7": 1.1141467758367654}, "datetime": {"datetime": "2021-06-29 22:11:31", "elapsed": 7072.1822, "delta": 35.385364}}
{"target": 0.029929194474643716, "params": {"0": -1.2339700399260196, "1": -0.3509362048060334, "2": -0.7667044664113289, "3": 2.8003391382239817, "4": 2.8526225593551526, "5": -2.626686434371747, "6": 2.702616992241225, "7": 2.720675878788903}, "datetime": {"datetime": "2021-06-29 22:11:49", "elapsed": 7090.482066, "delta": 18.299866}}
{"target": 0.00791657080811332, "params": {"0": 1.2966267518535508, "1": -2.6846634398115974, "2": -2.9523357801228123, "3": 2.081401960588204, "4": 2.5660347756806186, "5": -0.6291358103255771, "6": 0.39065315045313387, "7": -0.07262349862883255}, "datetime": {"datetime": "2021-06-29 22:12:41", "elapsed": 7141.872137, "delta": 51.390071}}
{"target": 0.0037921546320194306, "params": {"0": 1.7109413047580846, "1": -1.551112103856602, "2": -2.2003705050163536, "3": -1.156769173298032, "4": 1.0832173196575399, "5": 0.32223716550896864, "6": 0.24316445454214897, "7": -1.1713172896149513}, "datetime": {"datetime": "2021-06-29 22:12:57", "elapsed": 7158.679031, "delta": 16.806894}}
{"target": 0.00292658747191551, "params": {"0": -2.7988503487989016, "1": -2.12520598592741, "2": -2.2572982821704084, "3": 1.78260996665119, "4": 2.8729889396390114, "5": 1.5180659873284323, "6": -0.652061633511384, "7": 1.1231665342066126}, "datetime": {"datetime": "2021-06-29 22:13:21", "elapsed": 7182.039571, "delta": 23.36054}}
