{"target": 0.005279488930321021, "params": {"0": 0.3065222325889909, "1": -0.8808878485227778, "2": -1.6138155561901641, "3": 2.925283686133538, "4": -0.13652047859953687, "5": -2.6228711613167595, "6": 2.9728465532723742, "7": 0.664985882702537}, "datetime": {"datetime": "2021-06-30 03:13:08", "elapsed": 25081.128124, "delta": 37.175463}}
{"target": 0.004933577075848656, "params": {"0": -1.3001773908867125, "1": 1.7758154450897763, "2": -2.2068633731717338, "3": -1.352605766552074, "4": 2.140561006682331, "5": 1.7439122874540045, "6": 2.4154197834107585, "7": 0.8254635446958489}, "datetime": {"datetime": "2021-06-30 03:14:00", "elapsed": 25133.450907, "delta": 52.322783}}
{"target": 0.0032322706958002228, "params": {"0": -1.0937110078413352, "1": 2.512577834275234, "2": -2.6682345304670987, "3": -2.4940932433424434, "4": -2.6143454144141316, "5": 0.9832997056554369, "6": 1.9212342879271027, "7": 1.3746225459752042}, "datetime": {"datetime": "2021-06-30 03:15:09", "elapsed": 25202.692927, "delta": 69.24202}}
{"target": 0.006483312352994042, "params": {"0": 2.9476070371352856, "1": -1.1563604224004576, "2": -0.7675237087088309, "3": -2.790631678543302, "4": 2.0696742159137385, "5": -2.4052244567557146, "6": -2.32308752979308, "7": -0.03946176253159628}, "datetime": {"datetime": "2021-06-30 03:15:56", "elapsed": 25249.56298, "delta": 46.870053}}
{"target": 0.003289271696778559, "params": {"0": -1.748918309147963, "1": -0.01604150223789169, "2": -1.8997508128547471, "3": 2.731852570414448, "4": 0.8704106054624576, "5": 1.0833885973380308, "6": 1.741899851517334, "7": 0.30941444335645807}, "datetime": {"datetime": "2021-06-30 03:17:51", "elapsed": 25364.462334, "delta": 114.899354}}
{"target": 0.0030171752461094826, "params": {"0": -2.3653862505030903, "1": -1.7613054389422271, "2": -2.0696288768820854, "3": -2.4773292693940716, "4": -0.07294338468027117, "5": 1.0886828902423247, "6": 2.251674243124965, "7": 2.0253639441380322}, "datetime": {"datetime": "2021-06-30 03:18:16", "elapsed": 25389.655972, "delta": 25.193638}}
{"target": 0.05043747570089492, "params": {"0": 0.9676324891796577, "1": -2.997606865412467, "2": -0.07543069241087919, "3": -2.0213285005916193, "4": -1.1284912636495645, "5": -2.3123182028745353, "6": -1.140141740568428, "7": 1.52562820129313}, "datetime": {"datetime": "2021-06-30 03:18:57", "elapsed": 25430.85953, "delta": 41.203558}}
{"target": 0.003306515278213263, "params": {"0": 1.60704431951444, "1": 1.7121951327254141, "2": -2.279044131373867, "3": -0.47142806708952545, "4": 0.7852976510605778, "5": 0.35881044470761125, "6": 0.10639070454104038, "7": -1.533637154520745}, "datetime": {"datetime": "2021-06-30 03:19:41", "elapsed": 25474.825955, "delta": 43.966425}}
{"target": 0.004473640384722674, "params": {"0": -2.6546334998775443, "1": -2.1960618168058454, "2": -2.512319636531302, "3": 2.7838648783132935, "4": -0.35859713072659183, "5": -2.3919926932404953, "6": -2.322834792447676, "7": -2.1514863531437127}, "datetime": {"datetime": "2021-06-30 03:20:22", "elapsed": 25515.233548, "delta": 40.407593}}
{"target": 0.0034686385425316897, "params": {"0": 1.3109387505022383, "1": -0.5256844796871087, "2": 1.1911556700757888, "3": -0.39321247875496645, "4": -1.0944443365150534, "5": 2.721582015446671, "6": 0.958480591466687, "7": -1.8597513409915505}, "datetime": {"datetime": "2021-06-30 03:22:11", "elapsed": 25625.012763, "delta": 109.779215}}
{"target": 0.003680633336360836, "params": {"0": 2.1153362579953807, "1": 1.0938141429802126, "2": 1.8276119001433262, "3": -1.7370654163847716, "4": -1.8559470330901873, "5": -2.7578172131546728, "6": 1.761678783737942, "7": -2.4256263300238654}, "datetime": {"datetime": "2021-06-30 03:24:26", "elapsed": 25759.578544, "delta": 134.565781}}
{"target": 0.01098132757474776, "params": {"0": -0.6521838271091775, "1": 0.5632085345676399, "2": -2.1102997851556524, "3": -1.0372500835744893, "4": -0.19333552244545915, "5": 0.2203874667012986, "6": 2.0127005797134316, "7": -1.2535260757406939}, "datetime": {"datetime": "2021-06-30 03:24:58", "elapsed": 25791.65395, "delta": 32.075406}}
{"target": 0.003098342693448868, "params": {"0": 1.550127413992385, "1": -1.3746921172459257, "2": 1.0614360726359724, "3": 2.783994862766697, "4": -0.6579212969365571, "5": 1.5272220049725904, "6": -0.1439786410658943, "7": 2.854627609253664}, "datetime": {"datetime": "2021-06-30 03:25:32", "elapsed": 25825.521871, "delta": 33.867921}}
{"target": 0.01543782988359691, "params": {"0": -1.2223119041163453, "1": 2.9161628666829653, "2": -2.8582942052924167, "3": 2.272415140726711, "4": 0.6806824685416624, "5": -2.734688407588891, "6": -0.8540781425783477, "7": -2.1488020907097702}, "datetime": {"datetime": "2021-06-30 03:26:10", "elapsed": 25863.503476, "delta": 37.981605}}
{"target": 0.0030422198853402626, "params": {"0": 1.3314985619596884, "1": -0.9791101862406881, "2": -2.824235331622857, "3": 0.9994342143660409, "4": -1.6615456368954948, "5": 0.9223519336173274, "6": 1.6812986443966, "7": -1.5809828450515406}, "datetime": {"datetime": "2021-06-30 03:27:00", "elapsed": 25913.358251, "delta": 49.854775}}
{"target": 0.0051590404732412415, "params": {"0": 0.0035490034418113048, "1": -2.14159935824057, "2": -2.537929332420147, "3": -1.5208237742407338, "4": -0.017688891583887756, "5": 2.707848528138154, "6": -2.9757756659534707, "7": 0.8043731325290353}, "datetime": {"datetime": "2021-06-30 03:27:43", "elapsed": 25956.703299, "delta": 43.345048}}
{"target": 0.0041694955807895125, "params": {"0": -0.4467104213917623, "1": -0.16360596650352743, "2": 2.2114234493004385, "3": 0.6293683988362861, "4": 0.5812651826498549, "5": -0.15607868626666388, "6": 2.2410110503274385, "7": 0.7045425154529692}, "datetime": {"datetime": "2021-06-30 03:29:35", "elapsed": 26068.082305, "delta": 111.379006}}
{"target": 0.0028936131037591854, "params": {"0": -1.1792805718101511, "1": 2.1819910608389774, "2": 2.703972273973534, "3": 0.8834936785767269, "4": 2.9666137586136943, "5": -1.8037833593238775, "6": -0.8351263748436306, "7": -0.8299775187243554}, "datetime": {"datetime": "2021-06-30 03:30:12", "elapsed": 26105.076295, "delta": 36.99399}}
{"target": 0.0034233947300563302, "params": {"0": -0.6331967532819478, "1": -0.5222593978278334, "2": 0.8780199358180232, "3": -2.645130570954975, "4": 2.826156923644585, "5": -1.259107853356092, "6": 1.6296191279394474, "7": -1.5150468533735246}, "datetime": {"datetime": "2021-06-30 03:30:51", "elapsed": 26144.770914, "delta": 39.694619}}
{"target": 0.0051873818962537965, "params": {"0": -0.9650416460884288, "1": 0.5487379169025308, "2": -2.747405888471378, "3": -2.3705230238876465, "4": -2.529242852644502, "5": 0.043486526320493546, "6": 2.4943150374946352, "7": 2.803683770024234}, "datetime": {"datetime": "2021-06-30 03:32:22", "elapsed": 26235.518479, "delta": 90.747565}}
{"target": 0.0037055480610948552, "params": {"0": -2.6383521018288985, "1": 1.212694537223335, "2": -0.7158167528938106, "3": -0.315971742621862, "4": 2.9781697065265966, "5": 2.9529120691742197, "6": -2.6704029259820965, "7": 2.1867772373078704}, "datetime": {"datetime": "2021-06-30 03:34:11", "elapsed": 26344.186288, "delta": 108.667809}}
{"target": 0.003873644747484891, "params": {"0": -0.3295070946977239, "1": 2.84435577799992, "2": 1.9588376636611038, "3": -0.6754533902245239, "4": -0.9029026846988826, "5": -2.960576273752258, "6": 2.4007943964764786, "7": -1.0513837127509227}, "datetime": {"datetime": "2021-06-30 03:36:18", "elapsed": 26471.915625, "delta": 127.729337}}
{"target": 0.003932827089581125, "params": {"0": -0.8668335198939836, "1": 1.618550878925622, "2": 2.628378986718946, "3": -2.8601630345806925, "4": -1.7446449328827016, "5": -1.4887409278583803, "6": -1.9989954544180315, "7": 1.6697042668532935}, "datetime": {"datetime": "2021-06-30 03:37:05", "elapsed": 26518.418699, "delta": 46.503074}}
{"target": 0.006266790757723859, "params": {"0": 0.958095701556057, "1": -2.6023960426719412, "2": 0.9210222942567681, "3": -2.440961329630448, "4": 2.529751258299667, "5": -2.2422797454289753, "6": -0.6688826154005363, "7": 2.1054551414220306}, "datetime": {"datetime": "2021-06-30 03:37:51", "elapsed": 26564.050067, "delta": 45.631368}}
{"target": 0.003843495545093823, "params": {"0": -1.7889224812842364, "1": 2.2688146808964005, "2": -2.1000541541672746, "3": 0.9310353493490338, "4": 0.1942862036281099, "5": -1.21268865338585, "6": -1.8249660615015106, "7": 2.384501750769779}, "datetime": {"datetime": "2021-06-30 03:38:26", "elapsed": 26599.997296, "delta": 35.947229}}
{"target": 0.014445814008634249, "params": {"0": 1.2734797471164994, "1": -1.2557461268019396, "2": 1.149255716323034, "3": -0.792095981431248, "4": 2.5520526216634734, "5": -0.6904467842040125, "6": -1.9487078024288855, "7": 2.348760985466308}, "datetime": {"datetime": "2021-06-30 03:39:09", "elapsed": 26643.004199, "delta": 43.006903}}
{"target": 0.0031653212286831146, "params": {"0": 2.6937893826466093, "1": -1.6050839797297507, "2": 0.7701402561266413, "3": -1.9928153763267942, "4": 2.9079683407727908, "5": -2.1386674782346162, "6": 0.949763114784866, "7": 0.28798912568640045}, "datetime": {"datetime": "2021-06-30 03:39:55", "elapsed": 26688.152277, "delta": 45.148078}}
{"target": 0.462894775558533, "params": {"0": -2.151633807671619, "1": -1.282326684554199, "2": -1.9201663780810168, "3": -2.0740473919730276, "4": -1.7950410194110986, "5": -2.6116439826453215, "6": -0.17213162639085056, "7": 2.8097917926037574}, "datetime": {"datetime": "2021-06-30 03:40:52", "elapsed": 26745.152189, "delta": 56.999912}}
{"target": 0.003575378037723037, "params": {"0": 1.8343109242238391, "1": -2.129813465709414, "2": 2.4649975141697897, "3": -1.2643752662797487, "4": 2.256911106871735, "5": -1.543087466918414, "6": 1.5419934937775022, "7": 2.8733049476433923}, "datetime": {"datetime": "2021-06-30 03:41:36", "elapsed": 26789.274998, "delta": 44.122809}}
{"target": 0.006487399755139296, "params": {"0": 2.7873111769161376, "1": -1.2348616732494393, "2": 2.0565209067550168, "3": 1.340243577969824, "4": -1.7615315491067536, "5": -1.238780688545959, "6": -2.576787148728049, "7": 0.39877219276127285}, "datetime": {"datetime": "2021-06-30 03:42:22", "elapsed": 26835.141877, "delta": 45.866879}}
{"target": 0.003350481948432374, "params": {"0": -2.6779479971226374, "1": 2.364055927811272, "2": 0.237200693296443, "3": 1.347049970711378, "4": -2.5902601719359293, "5": -2.0176930510453417, "6": 2.6080253287368595, "7": 2.515911229865864}, "datetime": {"datetime": "2021-06-30 03:43:11", "elapsed": 26884.922747, "delta": 49.78087}}
{"target": 0.004443620282061368, "params": {"0": -1.8161247704371826, "1": -1.3127444428202732, "2": -2.1312208049764223, "3": -2.104178098938926, "4": 0.9934702062654548, "5": -0.5565893379537075, "6": -1.9241820222094503, "7": 0.6510910508638164}, "datetime": {"datetime": "2021-06-30 03:44:11", "elapsed": 26944.081025, "delta": 59.158278}}
{"target": 0.002983794297711805, "params": {"0": 1.0202098478323416, "1": 1.9727137277527707, "2": -0.6097303675522738, "3": 0.7762581534632007, "4": -1.744844875617046, "5": 2.045127757860146, "6": 0.024354132194280176, "7": -2.337742292076766}, "datetime": {"datetime": "2021-06-30 03:44:47", "elapsed": 26980.409717, "delta": 36.328692}}
{"target": 0.00523375078285134, "params": {"0": -0.6725645959859681, "1": -2.392794603837876, "2": 2.983499982779364, "3": 2.22885500032708, "4": -2.170502477953156, "5": -2.8903546731418164, "6": 1.5866933582391995, "7": -0.42319700682427674}, "datetime": {"datetime": "2021-06-30 03:45:24", "elapsed": 27017.489219, "delta": 37.079502}}
{"target": 0.00479177916375331, "params": {"0": 1.1913620530481683, "1": -1.4010597521722896, "2": 1.9741825539750346, "3": -0.5968030423880668, "4": -1.3736679521259527, "5": -0.9275383430400121, "6": -0.8338734874795577, "7": 1.979903093010825}, "datetime": {"datetime": "2021-06-30 03:46:32", "elapsed": 27085.624045, "delta": 68.134826}}
{"target": 0.005624993305465024, "params": {"0": -0.02064052354959589, "1": 1.2205931427412562, "2": -2.684391759366285, "3": 0.0012430879314027088, "4": 0.8828206426958407, "5": -2.0996113946836354, "6": 1.004794682643702, "7": -1.5964096085933897}, "datetime": {"datetime": "2021-06-30 03:47:24", "elapsed": 27137.689741, "delta": 52.065696}}
{"target": 0.006946751839796241, "params": {"0": 0.3257421398647331, "1": -0.14346348750235105, "2": 2.5398405807581135, "3": -2.4845327091648395, "4": 2.609703002970555, "5": -2.9603548511978346, "6": 0.6867443317494066, "7": -1.6871898538518537}, "datetime": {"datetime": "2021-06-30 03:47:59", "elapsed": 27172.484316, "delta": 34.794575}}
{"target": 0.002993627756012952, "params": {"0": 1.9913343082093933, "1": 2.310361799207673, "2": 1.7894239881761376, "3": -2.3375427128053157, "4": 1.5562961227217968, "5": -1.212490482083718, "6": -0.03334013137328551, "7": 0.9716722480583782}, "datetime": {"datetime": "2021-06-30 03:48:40", "elapsed": 27213.647216, "delta": 41.1629}}
{"target": 0.003176257346857717, "params": {"0": 0.47768222882259614, "1": 1.8419589831116197, "2": 1.6979570976449594, "3": -2.4519048067799156, "4": 0.08324149197765385, "5": 0.5413565514382426, "6": -0.38290255365814296, "7": -2.0884049928154322}, "datetime": {"datetime": "2021-06-30 03:50:02", "elapsed": 27295.166093, "delta": 81.518877}}
{"target": 0.0028661137624939417, "params": {"0": -1.4157701045548579, "1": -0.09399011896651466, "2": 0.8607083671712639, "3": 1.6444839842365244, "4": -1.2424414750374015, "5": 1.280605196434232, "6": -0.4713112569683906, "7": -1.5399966638564715}, "datetime": {"datetime": "2021-06-30 03:50:49", "elapsed": 27342.710601, "delta": 47.544508}}
{"target": 0.0032399202345239114, "params": {"0": 2.415814728829508, "1": -0.893546538352282, "2": -0.8237184863477292, "3": -0.9984555281580505, "4": 1.7143595017800708, "5": 0.5802961092495638, "6": 1.8756320404638505, "7": -0.8377795786071935}, "datetime": {"datetime": "2021-06-30 03:51:32", "elapsed": 27385.236325, "delta": 42.525724}}
{"target": 0.0033771395328033044, "params": {"0": 1.6647615348099976, "1": 2.2598083736252157, "2": -1.433182447576965, "3": 0.6095231405472172, "4": -1.8284828016561148, "5": 1.3172474143467312, "6": -2.5274567203785647, "7": -1.5781192515260873}, "datetime": {"datetime": "2021-06-30 03:52:03", "elapsed": 27416.423258, "delta": 31.186933}}
{"target": 0.003348780156314918, "params": {"0": -0.13826420575135367, "1": 2.0235605257260145, "2": 0.860556504697592, "3": -0.24262938457089067, "4": 2.3545214581310283, "5": -1.7341022441051979, "6": 1.8319878356178982, "7": -2.5274286136202777}, "datetime": {"datetime": "2021-06-30 03:52:57", "elapsed": 27470.117464, "delta": 53.694206}}
{"target": 0.005031881872203561, "params": {"0": 0.35185123137171104, "1": -2.0410614008454937, "2": 2.4142245994781995, "3": 1.3311410383293758, "4": -2.6800122611311927, "5": 2.5989374697239844, "6": 0.3341445119580255, "7": -1.413182445684635}, "datetime": {"datetime": "2021-06-30 03:53:36", "elapsed": 27509.385808, "delta": 39.268344}}
{"target": 0.0029133275328399317, "params": {"0": -0.012931722844007787, "1": 1.2087908669874636, "2": -2.3784439717796735, "3": 2.620004435993925, "4": 0.6528989210777976, "5": 2.830230435054501, "6": 2.371170072358817, "7": -1.4124728882944817}, "datetime": {"datetime": "2021-06-30 03:54:18", "elapsed": 27551.818123, "delta": 42.432315}}
{"target": 0.0031105049987357517, "params": {"0": 0.6562172713667094, "1": -1.109219256408381, "2": 0.6412088024142006, "3": 1.8524084240413652, "4": -0.9545569952602744, "5": -1.6304141487541812, "6": -0.8043187842421213, "7": 2.5453487858842703}, "datetime": {"datetime": "2021-06-30 03:55:23", "elapsed": 27616.730332, "delta": 64.912209}}
{"target": 0.03302889581065654, "params": {"0": -0.5414155280748303, "1": 2.2829066168543406, "2": 2.1679046441082006, "3": -0.8577664095839594, "4": -1.3993324544918484, "5": -1.8332131254793174, "6": 0.4573392695340246, "7": 1.4196797127071834}, "datetime": {"datetime": "2021-06-30 03:56:20", "elapsed": 27673.84945, "delta": 57.119118}}
{"target": 0.0029198718759350204, "params": {"0": -2.6219600279729782, "1": -2.999751161461128, "2": -2.6535681862669653, "3": 2.239399883983104, "4": 1.900332941984761, "5": 2.831967644565661, "6": 0.6139230739666304, "7": -1.721485316783056}, "datetime": {"datetime": "2021-06-30 03:57:04", "elapsed": 27717.655975, "delta": 43.806525}}
{"target": 0.006871024014358624, "params": {"0": -1.84244218142402, "1": 0.5056235101221684, "2": -0.9750441870678013, "3": 0.6532349192008322, "4": -1.1392234675877155, "5": 2.7396329006026336, "6": 1.345182779461072, "7": -1.3130034240344086}, "datetime": {"datetime": "2021-06-30 03:57:47", "elapsed": 27760.174286, "delta": 42.518311}}
{"target": 0.0033320816600766394, "params": {"0": 1.3222258901391175, "1": 2.8993207255733573, "2": -2.1448802282482777, "3": -2.392046618002055, "4": -0.48598746106916746, "5": 1.7957245232826118, "6": -2.8266885063279954, "7": -2.1257729253195086}, "datetime": {"datetime": "2021-06-30 03:59:47", "elapsed": 27880.31739, "delta": 120.143104}}
{"target": 0.003502864660689079, "params": {"0": -2.0148388527335115, "1": -1.9866151643295957, "2": -1.1564369436272686, "3": 0.4466498785613462, "4": -1.2838611548047167, "5": -1.114006520335181, "6": -1.4474576298563209, "7": 1.9815964351937811}, "datetime": {"datetime": "2021-06-30 04:00:36", "elapsed": 27929.0914, "delta": 48.77401}}
{"target": 0.0031670898333423197, "params": {"0": 1.9010402846405299, "1": 2.213476383092786, "2": 1.7377646254794792, "3": 0.059385049588915884, "4": -1.3381249132655078, "5": 2.7468637571129095, "6": 1.8056505663533162, "7": 1.5964445586892824}, "datetime": {"datetime": "2021-06-30 04:01:21", "elapsed": 27974.658625, "delta": 45.567225}}
{"target": 0.00354411954820437, "params": {"0": -1.039142397228538, "1": 0.32275338068603343, "2": 1.237514339826613, "3": -0.8286054075525993, "4": -2.8002364947214993, "5": -0.7734683812581427, "6": -1.6987452684367699, "7": 1.3338319145226993}, "datetime": {"datetime": "2021-06-30 04:02:10", "elapsed": 28023.629518, "delta": 48.970893}}
{"target": 0.003020104244789789, "params": {"0": -2.3478580224535617, "1": 0.7806266657631369, "2": 1.6404479327066053, "3": 2.716343470013311, "4": 2.2298184463735513, "5": 1.9656178096896175, "6": 2.3092162216356664, "7": -1.4434656802964638}, "datetime": {"datetime": "2021-06-30 04:02:55", "elapsed": 28068.463411, "delta": 44.833893}}
{"target": 0.0033235564899886352, "params": {"0": -1.2861746990666885, "1": -1.0932943189864026, "2": -2.4252079467288157, "3": 0.7195076671263863, "4": 2.314806988206355, "5": -2.5070721055629557, "6": 0.7616835494076888, "7": 2.316493878967785}, "datetime": {"datetime": "2021-06-30 04:03:42", "elapsed": 28115.511274, "delta": 47.047863}}
