{"target": 0.003093216381362017, "params": {"0": -2.8220469972515927, "1": -2.8287492113315125, "2": -1.1447998331256142, "3": 0.06178909164993929, "4": -0.6690821270107721, "5": -0.2750191977237897, "6": 0.044570457416218456, "7": 2.433304959493152}, "datetime": {"datetime": "2021-06-30 00:20:46", "elapsed": 14827.530341, "delta": 33.011771}}
{"target": 0.003950289714244348, "params": {"0": 1.1351854989262913, "1": -2.920656101296364, "2": 1.0468572196793495, "3": -1.913546074972659, "4": 2.50844568459749, "5": -0.31606199002901514, "6": 1.6879171452610198, "7": 0.11623116942151679}, "datetime": {"datetime": "2021-06-30 00:21:11", "elapsed": 14852.551158, "delta": 25.020817}}
{"target": 0.003165667513206685, "params": {"0": -0.9282449677661022, "1": -0.8516542160101901, "2": 1.5520492591835247, "3": -1.2385159080636179, "4": 0.8963985768501992, "5": 2.5909245077324217, "6": -2.409039948133179, "7": 0.5463350705525745}, "datetime": {"datetime": "2021-06-30 00:21:35", "elapsed": 14876.199132, "delta": 23.647974}}
{"target": 0.003993063103333086, "params": {"0": 2.805781344732699, "1": 1.4259945877438938, "2": 1.86411377648062, "3": -2.276985523907488, "4": -0.4799232316457229, "5": 2.727691972276882, "6": -1.756027833370367, "7": -2.2696725036004786}, "datetime": {"datetime": "2021-06-30 00:21:59", "elapsed": 14900.113442, "delta": 23.91431}}
{"target": 0.0031007133731012423, "params": {"0": -2.831252954766306, "1": -0.655042316644983, "2": -1.228063965891074, "3": 0.8187145164397727, "4": -0.158039863465691, "5": 1.179021705608224, "6": -1.228394929054687, "7": -0.024777825477150905}, "datetime": {"datetime": "2021-06-30 00:22:27", "elapsed": 14928.209693, "delta": 28.096251}}
{"target": 0.006760172092639973, "params": {"0": 0.7462398190207598, "1": 0.829985920804122, "2": -2.6671377037615276, "3": -2.328549761476229, "4": 0.6896941311583347, "5": 0.15465201701894138, "6": 1.0156100797995125, "7": -1.5154075753311513}, "datetime": {"datetime": "2021-06-30 00:23:06", "elapsed": 14967.118762, "delta": 38.909069}}
{"target": 0.010420478421350231, "params": {"0": 2.900786107244925, "1": 1.092089023442469, "2": 2.4747581316098124, "3": -2.56565690377381, "4": -0.9143057501321694, "5": -0.3232106659627112, "6": -0.006893135402370021, "7": 0.659864843537326}, "datetime": {"datetime": "2021-06-30 00:23:26", "elapsed": 14988.01334, "delta": 20.894578}}
{"target": 0.005432421351260208, "params": {"0": 1.9762171800442392, "1": 0.2860633675693025, "2": -0.948316600247257, "3": -0.887802776736609, "4": -1.7591948215876845, "5": -0.04304590972062439, "6": -1.8728663230293487, "7": 1.4193593748211955}, "datetime": {"datetime": "2021-06-30 00:23:53", "elapsed": 15014.747007, "delta": 26.733667}}
{"target": 0.004147507994163277, "params": {"0": -2.1134947374162616, "1": 0.618891266173005, "2": 0.028388672106901325, "3": -2.7377159031350797, "4": -2.3181705539738466, "5": 1.1817206511244365, "6": -1.6459249442753232, "7": -2.1046691529084116}, "datetime": {"datetime": "2021-06-30 00:24:47", "elapsed": 15068.791211, "delta": 54.044204}}
{"target": 0.005367441540283565, "params": {"0": -2.768427266277079, "1": -2.034801323396807, "2": -2.5974250259620817, "3": -0.2736603934234014, "4": 2.1350998775049845, "5": -2.565525169525187, "6": -2.6639456251614435, "7": -0.08450607354032202}, "datetime": {"datetime": "2021-06-30 00:25:15", "elapsed": 15096.969577, "delta": 28.178366}}
{"target": 0.2887763160656914, "params": {"0": -0.7405291676053141, "1": 1.3722945622585243, "2": 0.36950884876506773, "3": 0.8638906062642748, "4": -1.1707532850897469, "5": -1.8336306005565612, "6": -1.5553145793366105, "7": 0.8300016104117964}, "datetime": {"datetime": "2021-06-30 00:25:45", "elapsed": 15126.791097, "delta": 29.82152}}
{"target": 0.003955959048664588, "params": {"0": 2.086380899567409, "1": -0.6946693551880907, "2": 2.9656639318038653, "3": 1.2869645711729838, "4": 1.5533846468481745, "5": -2.5126101466222392, "6": 0.49116659004382557, "7": -0.571602197099371}, "datetime": {"datetime": "2021-06-30 00:26:52", "elapsed": 15193.419382, "delta": 66.628285}}
{"target": 0.13032222327566792, "params": {"0": -0.7309723845874214, "1": 2.9374396036722574, "2": -2.7001228141407903, "3": -0.8729881160975137, "4": 2.1327887810387347, "5": 1.8196880553772603, "6": -0.6375335997815674, "7": 0.920201254715999}, "datetime": {"datetime": "2021-06-30 00:27:30", "elapsed": 15231.116826, "delta": 37.697444}}
{"target": 0.007581133343493573, "params": {"0": -2.14542700701211, "1": 2.920801187747582, "2": -0.4805871758511513, "3": -1.1970773526822656, "4": -1.546312871070174, "5": 0.590082399360293, "6": 2.328111933882396, "7": -1.6154232300087479}, "datetime": {"datetime": "2021-06-30 00:27:55", "elapsed": 15256.757207, "delta": 25.640381}}
{"target": 0.026619001241180665, "params": {"0": -0.4024974790924647, "1": -0.9264377036867444, "2": 0.22688126032098443, "3": 2.1289537032191763, "4": -2.4942440099216694, "5": -1.2569971241030742, "6": 1.5749244989619573, "7": 2.621670056986922}, "datetime": {"datetime": "2021-06-30 00:28:14", "elapsed": 15275.888383, "delta": 19.131176}}
{"target": 0.007773784581920441, "params": {"0": 0.33620439604345975, "1": 1.5727224409072216, "2": -1.086139857412121, "3": 2.1344312965568744, "4": -2.790819059164683, "5": -2.7942351708770734, "6": 1.7830374935821567, "7": -2.26245782720732}, "datetime": {"datetime": "2021-06-30 00:28:33", "elapsed": 15294.768831, "delta": 18.880448}}
{"target": 0.004066293123899047, "params": {"0": -0.2358307281741494, "1": -2.3536777271204654, "2": 1.7281616252145051, "3": -0.8801569553956572, "4": -1.5391236587745645, "5": 2.573332558246393, "6": 0.3053713187910567, "7": 2.715500316858103}, "datetime": {"datetime": "2021-06-30 00:29:44", "elapsed": 15365.716015, "delta": 70.947184}}
{"target": 0.0031357626366393236, "params": {"0": -1.5327359808479282, "1": -0.3963850097020556, "2": -0.10740103859632733, "3": 0.38170683837928276, "4": 2.7177597052215896, "5": 1.819083701430868, "6": 1.7068182881033298, "7": 1.2979836625474697}, "datetime": {"datetime": "2021-06-30 00:30:59", "elapsed": 15440.194694, "delta": 74.478679}}
{"target": 0.003538701289342959, "params": {"0": 2.7372291137722238, "1": 2.2416098372846394, "2": -1.3472972191580368, "3": -0.17904991557143468, "4": 0.4070406492401024, "5": -2.8482448232471445, "6": -2.1471999759920477, "7": 1.011965557737561}, "datetime": {"datetime": "2021-06-30 00:31:22", "elapsed": 15463.881807, "delta": 23.687113}}
{"target": 0.006915405998607615, "params": {"0": -2.0719511161163675, "1": -2.4400348230002584, "2": 1.6840180752537393, "3": 0.4988336152260131, "4": -2.637172401295518, "5": -0.8706276418196253, "6": -1.6068347577427722, "7": -2.3504856366962814}, "datetime": {"datetime": "2021-06-30 00:32:41", "elapsed": 15542.881079, "delta": 78.999272}}
{"target": 0.00985290119572571, "params": {"0": -2.5358009483725734, "1": 1.4478691920474054, "2": 2.1748859248457304, "3": 2.350923476961918, "4": -1.271820748411875, "5": -1.2916643216477717, "6": -1.41402020424725, "7": -2.8345516842433667}, "datetime": {"datetime": "2021-06-30 00:33:01", "elapsed": 15562.958465, "delta": 20.077386}}
{"target": 0.05199364353325878, "params": {"0": -1.091012401283757, "1": 2.2585354875038783, "2": -2.1351635317042694, "3": 1.2024106284235963, "4": -2.190250822614734, "5": -2.7755451582058246, "6": -2.2558036257106506, "7": 0.19587601098185914}, "datetime": {"datetime": "2021-06-30 00:33:24", "elapsed": 15585.436056, "delta": 22.477591}}
{"target": 0.003241905786051721, "params": {"0": -0.11595025845572682, "1": -0.4996379593234277, "2": 2.1742160552952594, "3": 2.7053649624066516, "4": 2.2338650657030303, "5": 0.05156766057827067, "6": -2.311245637338984, "7": -1.0432145729466777}, "datetime": {"datetime": "2021-06-30 00:34:05", "elapsed": 15627.006214, "delta": 41.570158}}
{"target": 0.0033268825136862196, "params": {"0": 1.4040845339922718, "1": 1.4129958439942776, "2": -2.1064265420089052, "3": -1.1321549643838056, "4": -0.18468716048169576, "5": 1.7113657433947767, "6": 0.21398121515888757, "7": -0.8992164911611895}, "datetime": {"datetime": "2021-06-30 00:35:10", "elapsed": 15691.294337, "delta": 64.288123}}
{"target": 0.007846264661371682, "params": {"0": 2.491829114029951, "1": -1.1955613764592279, "2": -0.505275557409103, "3": 1.5757321400184585, "4": -2.5463920456345983, "5": -0.40601684521711245, "6": -2.4452548215180014, "7": 1.1956814308773591}, "datetime": {"datetime": "2021-06-30 00:35:38", "elapsed": 15719.424246, "delta": 28.129909}}
{"target": 0.003266145907752659, "params": {"0": 2.597533801714053, "1": 2.8888229879010394, "2": 2.3570771910141604, "3": -2.602451850397302, "4": 1.417887953283815, "5": -1.1042296437887966, "6": -0.9156780590340672, "7": 1.255909481326631}, "datetime": {"datetime": "2021-06-30 00:36:41", "elapsed": 15782.221239, "delta": 62.796993}}
{"target": 0.003289551872594302, "params": {"0": -1.9363630116981165, "1": 2.1658341830585224, "2": 0.8156929901393246, "3": 2.12417839123517, "4": -0.8280609754084205, "5": 0.3372392998028695, "6": -2.5469586393223924, "7": -0.5250904325107157}, "datetime": {"datetime": "2021-06-30 00:37:18", "elapsed": 15819.836512, "delta": 37.615273}}
{"target": 0.006600380758071877, "params": {"0": 0.7731107791872756, "1": -1.460766850083001, "2": 0.25026227423289216, "3": -2.036775725862263, "4": 0.3334951202972025, "5": -2.099728217798373, "6": -2.1749250422100785, "7": 0.018001671092792826}, "datetime": {"datetime": "2021-06-30 00:38:22", "elapsed": 15883.975862, "delta": 64.13935}}
{"target": 0.004066778820236264, "params": {"0": 1.2629923039735713, "1": 1.5195350628501867, "2": -2.270626186407359, "3": -0.7523028183731704, "4": -2.66954107362744, "5": -2.8090904708572055, "6": -1.3499013785780936, "7": 0.43045812527294025}, "datetime": {"datetime": "2021-06-30 00:38:44", "elapsed": 15905.575917, "delta": 21.600055}}
{"target": 0.0037389520157787006, "params": {"0": -1.047233551985831, "1": 0.40700812987703916, "2": -1.9527486278573682, "3": -2.6848984519799135, "4": 2.5322638492723932, "5": -0.12748315212507677, "6": -0.31671664745166606, "7": -0.22274046420461646}, "datetime": {"datetime": "2021-06-30 00:39:11", "elapsed": 15932.173917, "delta": 26.598}}
{"target": 0.005896342300851015, "params": {"0": 0.8605881919224831, "1": 1.2627110874808238, "2": -2.842513832594028, "3": -0.3252115163353926, "4": -2.876128786907792, "5": -1.5509077975780676, "6": 0.5685809775329385, "7": -0.9529355143276712}, "datetime": {"datetime": "2021-06-30 00:40:18", "elapsed": 15999.524866, "delta": 67.350949}}
{"target": 0.008298435004255538, "params": {"0": 2.4271119655144613, "1": -1.8827416520375468, "2": -0.1068986131153431, "3": 2.8282677481389067, "4": -2.7400773899990263, "5": 0.9934409255248275, "6": -2.814086545991134, "7": -2.2410103841456057}, "datetime": {"datetime": "2021-06-30 00:40:38", "elapsed": 16019.583711, "delta": 20.058845}}
{"target": 0.00938357520889234, "params": {"0": 1.4962868348069236, "1": 2.7443310523291364, "2": -2.7900661081357976, "3": 1.1094237666305728, "4": 1.8766354920276438, "5": -2.578510577418643, "6": -0.17668852250806388, "7": -2.9846133561965136}, "datetime": {"datetime": "2021-06-30 00:41:06", "elapsed": 16047.169453, "delta": 27.585742}}
{"target": 0.003999846517335831, "params": {"0": -0.6793296122575869, "1": -0.7604059679885493, "2": -0.12902061882592974, "3": 1.6481774421785627, "4": -1.9655827956695404, "5": 1.519950172374525, "6": -0.24248437058540162, "7": 0.9623775756649096}, "datetime": {"datetime": "2021-06-30 00:41:34", "elapsed": 16075.119183, "delta": 27.94973}}
{"target": 0.0036980987106261113, "params": {"0": -2.191622502643354, "1": -1.3505309467613487, "2": 0.938708454347478, "3": -2.290700850584604, "4": -1.4766170315401408, "5": -1.3226535952492455, "6": -1.2649223511908194, "7": 1.4132674371992682}, "datetime": {"datetime": "2021-06-30 00:41:58", "elapsed": 16099.738265, "delta": 24.619082}}
{"target": 0.00620753454803517, "params": {"0": -2.387262845174111, "1": -0.09865029180531604, "2": 1.5455856354678374, "3": 1.5180842833261767, "4": 0.19006053717940574, "5": -2.96440408789449, "6": 0.8279375691163589, "7": -2.335131291030174}, "datetime": {"datetime": "2021-06-30 00:42:33", "elapsed": 16134.71773, "delta": 34.979465}}
{"target": 0.0032049144762729856, "params": {"0": -2.6256386238321827, "1": 0.41604458470079386, "2": -2.3841704079631887, "3": 1.4185000115366417, "4": 0.2041445833126989, "5": -0.40771137261075996, "6": 1.6911382498163157, "7": 0.9762422337091392}, "datetime": {"datetime": "2021-06-30 00:42:58", "elapsed": 16159.240518, "delta": 24.522788}}
{"target": 0.003073057808666116, "params": {"0": 1.3345782480904331, "1": 1.0637892087418948, "2": 1.5915569138635401, "3": 0.2899690993689443, "4": 1.827706114181745, "5": 0.8463407185413234, "6": -2.7199778434772837, "7": 2.1377495725430355}, "datetime": {"datetime": "2021-06-30 00:43:17", "elapsed": 16178.956334, "delta": 19.715816}}
{"target": 0.003106662556151377, "params": {"0": -0.6092642558275587, "1": -0.9350053608535438, "2": -1.724841668506126, "3": 0.7569926876453952, "4": -1.1288051791096207, "5": 2.6492237830500596, "6": 1.1752538109297603, "7": -1.8741783356740402}, "datetime": {"datetime": "2021-06-30 00:43:46", "elapsed": 16207.170293, "delta": 28.213959}}
{"target": 0.003787449074334732, "params": {"0": 2.1330458473089635, "1": -0.25801470640517055, "2": -0.382870992580159, "3": -2.9395105973149978, "4": -1.300320348508389, "5": 0.9615073304066524, "6": 0.974968373946492, "7": -0.4044682095594361}, "datetime": {"datetime": "2021-06-30 00:44:10", "elapsed": 16231.3595, "delta": 24.189207}}
{"target": 0.0031740415389822476, "params": {"0": -0.938280505799149, "1": -2.3854533423739213, "2": 1.485439448636205, "3": 0.35053449333295905, "4": 1.9825935155409669, "5": 1.5435707573484958, "6": -2.5990011167490703, "7": -2.0903992890551635}, "datetime": {"datetime": "2021-06-30 00:44:44", "elapsed": 16265.877219, "delta": 34.517719}}
{"target": 0.02967350760830174, "params": {"0": 2.3440609071318654, "1": -0.8679262990067551, "2": 2.145828966741661, "3": -2.6932892537552506, "4": -1.3505604736501253, "5": -0.9796983133206645, "6": 2.6365939811953725, "7": -1.7759390006753248}, "datetime": {"datetime": "2021-06-30 00:45:15", "elapsed": 16296.452292, "delta": 30.575073}}
{"target": 0.003286191170361217, "params": {"0": -2.766929951504598, "1": -0.9525228366650538, "2": -0.6212250895516478, "3": 0.9500798064424258, "4": 2.5439519832771715, "5": -0.981648432858691, "6": -1.0100863131863003, "7": -0.264635544241548}, "datetime": {"datetime": "2021-06-30 00:45:39", "elapsed": 16320.817587, "delta": 24.365295}}
{"target": 0.003013702373192532, "params": {"0": -0.7548320801174029, "1": 2.8997843492234736, "2": -0.10410699179145766, "3": 2.9421881776362433, "4": 2.922821371632221, "5": -2.07288864813873, "6": 1.41917079651813, "7": -0.18858934337673006}, "datetime": {"datetime": "2021-06-30 00:46:08", "elapsed": 16349.626322, "delta": 28.808735}}
{"target": 0.0050551846204691196, "params": {"0": -0.31786724164313274, "1": -2.1987763029795646, "2": -0.6398834115252003, "3": 0.25498036417248837, "4": -2.5576937935009467, "5": -1.7849056517386983, "6": -0.2932493464667565, "7": -2.4323018199511806}, "datetime": {"datetime": "2021-06-30 00:46:41", "elapsed": 16382.264123, "delta": 32.637801}}
{"target": 0.0036017504629664893, "params": {"0": 0.6242002263488313, "1": -2.090931157843942, "2": 1.337968460019738, "3": 2.4939570872495054, "4": 0.09890343138894808, "5": 1.0359933628404914, "6": 2.498648653358117, "7": -0.15226553955799105}, "datetime": {"datetime": "2021-06-30 00:47:16", "elapsed": 16417.364933, "delta": 35.10081}}
{"target": 0.004594736332486404, "params": {"0": -1.9991826045678855, "1": -2.7177093598553075, "2": -1.68575140484198, "3": -2.7604774052638583, "4": -0.20197659848087834, "5": -2.6766512694306828, "6": -0.23613951225803342, "7": 1.9155004466720973}, "datetime": {"datetime": "2021-06-30 00:47:44", "elapsed": 16445.126441, "delta": 27.761508}}
{"target": 0.003211526039754352, "params": {"0": -1.1860706281869429, "1": -2.473559432268592, "2": -2.8871591945178503, "3": -2.083481745268639, "4": -1.0781860648746942, "5": 2.6567742388590556, "6": -2.310359929482645, "7": 1.5694382101162532}, "datetime": {"datetime": "2021-06-30 00:48:20", "elapsed": 16481.214025, "delta": 36.087584}}
{"target": 0.004404299285675226, "params": {"0": 2.143991507270343, "1": 2.1196388658146503, "2": -1.9807885511914258, "3": 0.8362676052176843, "4": -0.5345064720903716, "5": 0.8642119266441926, "6": 1.8796335642022708, "7": 2.0208378616321765}, "datetime": {"datetime": "2021-06-30 00:48:41", "elapsed": 16502.850664, "delta": 21.636639}}
{"target": 0.009102759595607406, "params": {"0": -2.0778632717516485, "1": 0.8790988823957511, "2": -0.6990026637902234, "3": -0.44899033154970613, "4": -2.934650429903626, "5": 1.0143669227856584, "6": -1.7405115831812936, "7": 2.187019246354722}, "datetime": {"datetime": "2021-06-30 00:49:14", "elapsed": 16535.607811, "delta": 32.757147}}
{"target": 0.0029297072366749983, "params": {"0": 1.9269841017382658, "1": 0.5565783313022923, "2": 1.7819948839018096, "3": 0.4755029225182801, "4": 1.702426140130834, "5": 1.603789636662488, "6": -1.9296574850136512, "7": 2.468368329455516}, "datetime": {"datetime": "2021-06-30 00:49:43", "elapsed": 16564.435088, "delta": 28.827277}}
{"target": 0.0035064807714555394, "params": {"0": -0.8703962777939269, "1": -1.4341327442456062, "2": 2.5822759344003874, "3": 0.37493492020930663, "4": 0.7696260354534372, "5": -2.878171762286425, "6": 2.9754585941710143, "7": -1.0403552306532655}, "datetime": {"datetime": "2021-06-30 00:50:34", "elapsed": 16615.402133, "delta": 50.967045}}
{"target": 0.005991611330958719, "params": {"0": -0.5847254946028357, "1": 1.884242466818609, "2": -1.718829290582454, "3": -1.513530496696139, "4": -2.8054395464467943, "5": -1.6406448448893405, "6": -0.3176571467268987, "7": 2.549976379196371}, "datetime": {"datetime": "2021-06-30 00:51:09", "elapsed": 16650.139832, "delta": 34.737699}}
{"target": 0.002999904407201976, "params": {"0": -1.4279522972517924, "1": -2.8219371934231425, "2": -1.6593990446379836, "3": 0.2931498666090384, "4": 0.31390253059376505, "5": 1.3736754899528076, "6": 0.7424623716427088, "7": -1.3222029807351676}, "datetime": {"datetime": "2021-06-30 00:51:33", "elapsed": 16674.507243, "delta": 24.367411}}
{"target": 0.0030304730973128658, "params": {"0": -0.7882243543273106, "1": -0.8346050791992972, "2": -2.300764134875595, "3": -0.4239833737068013, "4": -0.3471706668153005, "5": 2.1000985885704075, "6": -2.340892661635095, "7": 2.607469756846922}, "datetime": {"datetime": "2021-06-30 00:51:54", "elapsed": 16695.488875, "delta": 20.981632}}
{"target": 0.00443535546174999, "params": {"0": 0.8273656240323057, "1": 1.1058277102456433, "2": -2.667721618383756, "3": 1.5894206644799116, "4": 0.2925635192230138, "5": -1.3093365427694168, "6": -1.7611251542946924, "7": -1.8517379278728723}, "datetime": {"datetime": "2021-06-30 00:52:20", "elapsed": 16721.913148, "delta": 26.424273}}
{"target": 0.0035262830528083686, "params": {"0": 1.416911328081465, "1": -0.8309204185279628, "2": 1.3316403521687619, "3": -2.565053299778234, "4": 2.5488680771448227, "5": 2.674331370931573, "6": -2.059178159094522, "7": -2.354666842189689}, "datetime": {"datetime": "2021-06-30 00:52:47", "elapsed": 16748.166059, "delta": 26.252911}}
{"target": 0.021086886267711945, "params": {"0": -2.2931184544457013, "1": 2.031758257671715, "2": 0.10315189528182112, "3": -2.3325678816441306, "4": -1.4216325592313677, "5": -1.5742117180899569, "6": 1.87007871012574, "7": -1.2103705852896318}, "datetime": {"datetime": "2021-06-30 00:53:15", "elapsed": 16776.418305, "delta": 28.252246}}
{"target": 0.00795915861213795, "params": {"0": 1.1114864774884783, "1": -0.363408130965861, "2": 0.9020970580796566, "3": -0.33082086205006034, "4": 1.4484311110460313, "5": -0.7053781941214936, "6": -2.0354410966696035, "7": 2.494416743068916}, "datetime": {"datetime": "2021-06-30 00:53:46", "elapsed": 16807.913355, "delta": 31.49505}}
{"target": 0.0057325353455958865, "params": {"0": -1.283452274993541, "1": 1.2391422029646302, "2": -0.07086359443376322, "3": 1.0405051526417308, "4": -0.48384768116465704, "5": -2.1365423336829945, "6": -2.7339333818650973, "7": -2.926008799303024}, "datetime": {"datetime": "2021-06-30 00:54:10", "elapsed": 16831.398565, "delta": 23.48521}}
{"target": 0.003544945901589754, "params": {"0": 2.6940262869598097, "1": 2.4008477285471956, "2": -2.5417014661293944, "3": 1.1877654470821675, "4": 2.941554990374107, "5": -0.8907394416087051, "6": 0.01759428563730392, "7": -0.9424863402630841}, "datetime": {"datetime": "2021-06-30 00:54:31", "elapsed": 16852.682233, "delta": 21.283668}}
{"target": 0.0030903074781238986, "params": {"0": 1.8564451273007512, "1": 1.181676370621437, "2": 2.8287890611766136, "3": -0.4327268019105279, "4": 0.5470600431624453, "5": 2.744123389357892, "6": 0.47102825881528787, "7": 1.232031701906032}, "datetime": {"datetime": "2021-06-30 00:55:02", "elapsed": 16883.517915, "delta": 30.835682}}
{"target": 0.0031031672083293013, "params": {"0": -1.5742366045718221, "1": 2.058647842134489, "2": 2.3895719328326397, "3": 0.891545139634145, "4": 0.7188586175892242, "5": 1.158491619491664, "6": -1.3264566268164997, "7": -0.936450656040511}, "datetime": {"datetime": "2021-06-30 00:55:31", "elapsed": 16912.326354, "delta": 28.808439}}
{"target": 0.0033299864186599254, "params": {"0": -1.6106883827449932, "1": 2.670400922393413, "2": 1.344875014265556, "3": -0.2391954970458614, "4": -1.5269930314991214, "5": 0.6672800927691362, "6": -0.07339995435610325, "7": -1.6559576816644164}, "datetime": {"datetime": "2021-06-30 00:55:53", "elapsed": 16934.965202, "delta": 22.638848}}
