{"target": 0.0040914541731862045, "params": {"0": 0.24089593777460072, "1": -0.4210859040669921, "2": 1.6907917796290626, "3": -0.9452435595442235, "4": 1.2033957713360284, "5": -0.9382564538888083, "6": -0.985056006003636, "7": 2.529189263522527}, "datetime": {"datetime": "2021-06-30 04:00:29", "elapsed": 27922.609767, "delta": 48.250366}}
{"target": 0.003118930144139565, "params": {"0": 1.9953552470826823, "1": -0.48217067578498396, "2": 1.7052791788137345, "3": 0.05517687709021857, "4": -0.9654526181646954, "5": 1.6799257182373104, "6": 2.018801355535004, "7": 0.1158498306807374}, "datetime": {"datetime": "2021-06-30 04:01:26", "elapsed": 27980.277282, "delta": 57.667515}}
{"target": 0.00434209950740809, "params": {"0": -2.0818549636284756, "1": 0.7635893846193804, "2": -1.853946926874673, "3": 2.0779334918004704, "4": 0.07099500924756974, "5": 0.08071540329691018, "6": -2.7651743697967666, "7": 1.9526596849008824}, "datetime": {"datetime": "2021-06-30 04:02:39", "elapsed": 28052.621112, "delta": 72.34383}}
{"target": 0.0029320555860894025, "params": {"0": -0.28353807135430387, "1": -2.8266844680680796, "2": 0.34349518295686243, "3": 2.3064059144775193, "4": 0.9348901056586643, "5": 1.2420976469645346, "6": 1.8649417914045285, "7": 2.679396928517157}, "datetime": {"datetime": "2021-06-30 04:03:34", "elapsed": 28107.57877, "delta": 54.957658}}
