{"target": 0.003023063507698662, "params": {"0": -2.8220469972515927, "1": -2.8287492113315125, "2": -1.1447998331256142, "3": 0.06178909164993929, "4": -0.6690821270107721, "5": -0.2750191977237897, "6": 0.044570457416218456, "7": 2.433304959493152}, "datetime": {"datetime": "2021-06-30 01:26:22", "elapsed": 18675.68561, "delta": 24.288003}}
{"target": 0.003300902943720082, "params": {"0": 1.1351854989262913, "1": -2.920656101296364, "2": 1.0468572196793495, "3": -1.913546074972659, "4": 2.50844568459749, "5": -0.31606199002901514, "6": 1.6879171452610198, "7": 0.11623116942151679}, "datetime": {"datetime": "2021-06-30 01:26:52", "elapsed": 18705.314561, "delta": 29.628951}}
{"target": 0.003195442081880517, "params": {"0": -0.9282449677661022, "1": -0.8516542160101901, "2": 1.5520492591835247, "3": -1.2385159080636179, "4": 0.8963985768501992, "5": 2.5909245077324217, "6": -2.409039948133179, "7": 0.5463350705525745}, "datetime": {"datetime": "2021-06-30 01:27:23", "elapsed": 18736.540986, "delta": 31.226425}}
{"target": 0.003516425803531596, "params": {"0": 2.805781344732699, "1": 1.4259945877438938, "2": 1.86411377648062, "3": -2.276985523907488, "4": -0.4799232316457229, "5": 2.727691972276882, "6": -1.756027833370367, "7": -2.2696725036004786}, "datetime": {"datetime": "2021-06-30 01:27:57", "elapsed": 18770.447268, "delta": 33.906282}}
{"target": 0.003036789914141906, "params": {"0": -2.831252954766306, "1": -0.655042316644983, "2": -1.228063965891074, "3": 0.8187145164397727, "4": -0.158039863465691, "5": 1.179021705608224, "6": -1.228394929054687, "7": -0.024777825477150905}, "datetime": {"datetime": "2021-06-30 01:28:33", "elapsed": 18806.616299, "delta": 36.169031}}
{"target": 0.0061723974634980815, "params": {"0": 0.7462398190207598, "1": 0.829985920804122, "2": -2.6671377037615276, "3": -2.328549761476229, "4": 0.6896941311583347, "5": 0.15465201701894138, "6": 1.0156100797995125, "7": -1.5154075753311513}, "datetime": {"datetime": "2021-06-30 01:30:35", "elapsed": 18928.109437, "delta": 121.493138}}
{"target": 0.0045575798196637075, "params": {"0": 2.900786107244925, "1": 1.092089023442469, "2": 2.4747581316098124, "3": -2.56565690377381, "4": -0.9143057501321694, "5": -0.3232106659627112, "6": -0.006893135402370021, "7": 0.659864843537326}, "datetime": {"datetime": "2021-06-30 01:31:10", "elapsed": 18963.112755, "delta": 35.003318}}
{"target": 0.003439169194827153, "params": {"0": 1.9762171800442392, "1": 0.2860633675693025, "2": -0.948316600247257, "3": -0.887802776736609, "4": -1.7591948215876845, "5": -0.04304590972062439, "6": -1.8728663230293487, "7": 1.4193593748211955}, "datetime": {"datetime": "2021-06-30 01:32:45", "elapsed": 19058.867029, "delta": 95.754274}}
{"target": 0.02290363663938934, "params": {"0": -2.307521166966713, "1": -1.9225247079498868, "2": -2.836684674863089, "3": -2.1760823260755027, "4": 0.6045001594816952, "5": -0.8523654707063733, "6": -2.8021937861909545, "7": 1.5254755035675078}, "datetime": {"datetime": "2021-06-30 01:33:29", "elapsed": 19102.874579, "delta": 44.00755}}
{"target": 0.004545606838225494, "params": {"0": -2.768427266277079, "1": -2.034801323396807, "2": -2.5974250259620817, "3": -0.2736603934234014, "4": 2.1350998775049845, "5": -2.565525169525187, "6": -2.6639456251614435, "7": -0.08450607354032202}, "datetime": {"datetime": "2021-06-30 01:34:17", "elapsed": 19150.408079, "delta": 47.5335}}
{"target": 0.04917511635665891, "params": {"0": -0.7405291676053141, "1": 1.3722945622585243, "2": 0.36950884876506773, "3": 0.8638906062642748, "4": -1.1707532850897469, "5": -1.8336306005565612, "6": -1.5553145793366105, "7": 0.8300016104117964}, "datetime": {"datetime": "2021-06-30 01:34:53", "elapsed": 19186.40658, "delta": 35.998501}}
{"target": 0.011559871085097855, "params": {"0": 0.6719434069220442, "1": -0.7260698578045526, "2": 2.311723107677201, "3": -0.46374136991318204, "4": -0.8123853738467854, "5": -0.3309420055940193, "6": -1.4282438200621235, "7": 1.45142292163397}, "datetime": {"datetime": "2021-06-30 01:35:57", "elapsed": 19250.838078, "delta": 64.431498}}
{"target": 0.006911237016700202, "params": {"0": -0.7309723845874214, "1": 2.9374396036722574, "2": -2.7001228141407903, "3": -0.8729881160975137, "4": 2.1327887810387347, "5": 1.8196880553772603, "6": -0.6375335997815674, "7": 0.920201254715999}, "datetime": {"datetime": "2021-06-30 01:36:32", "elapsed": 19285.888407, "delta": 35.050329}}
{"target": 0.002887310650289593, "params": {"0": 1.9106497031830703, "1": -1.9261722409099118, "2": 2.7345781963422526, "3": -0.27397264270879473, "4": 2.8245503897807396, "5": -2.3726367998068554, "6": 1.131368251029329, "7": 2.819416678655015}, "datetime": {"datetime": "2021-06-30 01:37:37", "elapsed": 19350.435633, "delta": 64.547226}}
{"target": 0.08644041422192157, "params": {"0": 1.3450489042134102, "1": -1.4803822550856789, "2": -0.8115219095156077, "3": -1.8309935420028585, "4": 0.25482141192185637, "5": -2.3050768555963903, "6": 2.0927146281085083, "7": 0.8648608544202143}, "datetime": {"datetime": "2021-06-30 01:38:29", "elapsed": 19402.288828, "delta": 51.853195}}
{"target": 0.006172321378242187, "params": {"0": 0.33620439604345975, "1": 1.5727224409072216, "2": -1.086139857412121, "3": 2.1344312965568744, "4": -2.790819059164683, "5": -2.7942351708770734, "6": 1.7830374935821567, "7": -2.26245782720732}, "datetime": {"datetime": "2021-06-30 01:39:07", "elapsed": 19440.223084, "delta": 37.934256}}
{"target": 0.004223428540609991, "params": {"0": 0.9580055492602857, "1": -0.8497925843378513, "2": 1.2625265817896576, "3": -0.5569197525105913, "4": -0.8762273351335024, "5": -0.7578771903617083, "6": -1.3182805930268282, "7": 1.9733059981471444}, "datetime": {"datetime": "2021-06-30 01:40:02", "elapsed": 19495.110243, "delta": 54.887159}}
{"target": 0.01745056433422634, "params": {"0": 1.7241222122846684, "1": -0.10133383543303287, "2": 1.6353390563264174, "3": 0.22024102173601712, "4": 0.018963528055880197, "5": -0.6798287144426154, "6": -0.4873508255018777, "7": 2.111493775888915}, "datetime": {"datetime": "2021-06-30 01:40:50", "elapsed": 19543.15273, "delta": 48.042487}}
{"target": 0.003293001320211957, "params": {"0": 2.7372291137722238, "1": 2.2416098372846394, "2": -1.3472972191580368, "3": -0.17904991557143468, "4": 0.4070406492401024, "5": -2.8482448232471445, "6": -2.1471999759920477, "7": 1.011965557737561}, "datetime": {"datetime": "2021-06-30 01:41:25", "elapsed": 19578.838342, "delta": 35.685612}}
{"target": 0.0033418262126707374, "params": {"0": 1.0547018954062963, "1": 0.3616897017026268, "2": -2.102294437800569, "3": -1.0875979279219463, "4": -0.06079518623339908, "5": -1.113847697882114, "6": 0.16905901491626096, "7": -1.8724942047013526}, "datetime": {"datetime": "2021-06-30 01:43:01", "elapsed": 19674.996839, "delta": 96.158497}}
{"target": 0.00440111861846992, "params": {"0": -2.5358009483725734, "1": 1.4478691920474054, "2": 2.1748859248457304, "3": 2.350923476961918, "4": -1.271820748411875, "5": -1.2916643216477717, "6": -1.41402020424725, "7": -2.8345516842433667}, "datetime": {"datetime": "2021-06-30 01:43:39", "elapsed": 19712.821879, "delta": 37.82504}}
{"target": 0.05094615236299482, "params": {"0": -1.091012401283757, "1": 2.2585354875038783, "2": -2.1351635317042694, "3": 1.2024106284235963, "4": -2.190250822614734, "5": -2.7755451582058246, "6": -2.2558036257106506, "7": 0.19587601098185914}, "datetime": {"datetime": "2021-06-30 01:45:30", "elapsed": 19823.392457, "delta": 110.570578}}
{"target": 0.0030545873215329818, "params": {"0": -0.11595025845572682, "1": -0.4996379593234277, "2": 2.1742160552952594, "3": 2.7053649624066516, "4": 2.2338650657030303, "5": 0.05156766057827067, "6": -2.311245637338984, "7": -1.0432145729466777}, "datetime": {"datetime": "2021-06-30 01:46:12", "elapsed": 19866.013123, "delta": 42.620666}}
{"target": 0.003233687992968383, "params": {"0": 1.950286487971817, "1": 1.8996031013423815, "2": 1.6117547112701462, "3": -2.0614887195663822, "4": 0.17867022940260036, "5": 0.19640777957919786, "6": -0.9723941283862745, "7": -0.12861570182632054}, "datetime": {"datetime": "2021-06-30 01:47:08", "elapsed": 19921.621676, "delta": 55.608553}}
{"target": 0.004686291175149369, "params": {"0": 2.491829114029951, "1": -1.1955613764592279, "2": -0.505275557409103, "3": 1.5757321400184585, "4": -2.5463920456345983, "5": -0.40601684521711245, "6": -2.4452548215180014, "7": 1.1956814308773591}, "datetime": {"datetime": "2021-06-30 01:47:35", "elapsed": 19948.492956, "delta": 26.87128}}
{"target": 0.0032447568388425285, "params": {"0": 1.4245296590962084, "1": 1.7623509864887241, "2": 1.727136717689195, "3": -0.7108097870966636, "4": -1.396846248734339, "5": -0.682364979988332, "6": -0.47060932053841986, "7": 1.1981508802454277}, "datetime": {"datetime": "2021-06-30 01:48:26", "elapsed": 19999.847108, "delta": 51.354152}}
{"target": 0.0032472061827480453, "params": {"0": -1.9363630116981165, "1": 2.1658341830585224, "2": 0.8156929901393246, "3": 2.12417839123517, "4": -0.8280609754084205, "5": 0.3372392998028695, "6": -2.5469586393223924, "7": -0.5250904325107157}, "datetime": {"datetime": "2021-06-30 01:49:01", "elapsed": 20034.646465, "delta": 34.799357}}
{"target": 0.009250285444361468, "params": {"0": -0.6617070992430092, "1": 1.1461109874550992, "2": -0.8075139112427019, "3": 0.5572501450539225, "4": -1.6737998071007696, "5": 2.762038023724232, "6": -2.3946550685163897, "7": 0.903056616536051}, "datetime": {"datetime": "2021-06-30 01:49:42", "elapsed": 20075.710801, "delta": 41.064336}}
{"target": 0.0036142510079782268, "params": {"0": 1.2629923039735713, "1": 1.5195350628501867, "2": -2.270626186407359, "3": -0.7523028183731704, "4": -2.66954107362744, "5": -2.8090904708572055, "6": -1.3499013785780936, "7": 0.43045812527294025}, "datetime": {"datetime": "2021-06-30 01:50:08", "elapsed": 20101.808557, "delta": 26.097756}}
{"target": 0.003340788703976534, "params": {"0": -1.047233551985831, "1": 0.40700812987703916, "2": -1.9527486278573682, "3": -2.6848984519799135, "4": 2.5322638492723932, "5": -0.12748315212507677, "6": -0.31671664745166606, "7": -0.22274046420461646}, "datetime": {"datetime": "2021-06-30 01:50:36", "elapsed": 20129.986271, "delta": 28.177714}}
{"target": 0.0032277683962996287, "params": {"0": -1.481601081817419, "1": 0.26324068944887324, "2": 1.0016149262550211, "3": 0.0302608762448231, "4": 2.348548366702632, "5": 0.01980307687184979, "6": 2.5508863276978833, "7": 1.1217667517460042}, "datetime": {"datetime": "2021-06-30 01:51:14", "elapsed": 20167.178758, "delta": 37.192487}}
{"target": 0.004225313752753325, "params": {"0": 2.4271119655144613, "1": -1.8827416520375468, "2": -0.1068986131153431, "3": 2.8282677481389067, "4": -2.7400773899990263, "5": 0.9934409255248275, "6": -2.814086545991134, "7": -2.2410103841456057}, "datetime": {"datetime": "2021-06-30 01:51:48", "elapsed": 20201.503763, "delta": 34.325005}}
{"target": 0.008622263422928223, "params": {"0": 1.4962868348069236, "1": 2.7443310523291364, "2": -2.7900661081357976, "3": 1.1094237666305728, "4": 1.8766354920276438, "5": -2.578510577418643, "6": -0.17668852250806388, "7": -2.9846133561965136}, "datetime": {"datetime": "2021-06-30 01:52:25", "elapsed": 20238.311952, "delta": 36.808189}}
{"target": 0.0034535524879525234, "params": {"0": -0.6793296122575869, "1": -0.7604059679885493, "2": -0.12902061882592974, "3": 1.6481774421785627, "4": -1.9655827956695404, "5": 1.519950172374525, "6": -0.24248437058540162, "7": 0.9623775756649096}, "datetime": {"datetime": "2021-06-30 01:52:59", "elapsed": 20272.293523, "delta": 33.981571}}
{"target": 0.0035948907997536304, "params": {"0": -2.191622502643354, "1": -1.3505309467613487, "2": 0.938708454347478, "3": -2.290700850584604, "4": -1.4766170315401408, "5": -1.3226535952492455, "6": -1.2649223511908194, "7": 1.4132674371992682}, "datetime": {"datetime": "2021-06-30 01:53:28", "elapsed": 20301.241323, "delta": 28.9478}}
{"target": 0.004550686388305603, "params": {"0": -2.387262845174111, "1": -0.09865029180531604, "2": 1.5455856354678374, "3": 1.5180842833261767, "4": 0.19006053717940574, "5": -2.96440408789449, "6": 0.8279375691163589, "7": -2.335131291030174}, "datetime": {"datetime": "2021-06-30 01:55:02", "elapsed": 20395.544289, "delta": 94.302966}}
{"target": 0.0030944839286560005, "params": {"0": -2.6256386238321827, "1": 0.41604458470079386, "2": -2.3841704079631887, "3": 1.4185000115366417, "4": 0.2041445833126989, "5": -0.40771137261075996, "6": 1.6911382498163157, "7": 0.9762422337091392}, "datetime": {"datetime": "2021-06-30 01:55:37", "elapsed": 20430.366565, "delta": 34.822276}}
{"target": 0.0030147969911641084, "params": {"0": 1.3345782480904331, "1": 1.0637892087418948, "2": 1.5915569138635401, "3": 0.2899690993689443, "4": 1.827706114181745, "5": 0.8463407185413234, "6": -2.7199778434772837, "7": 2.1377495725430355}, "datetime": {"datetime": "2021-06-30 01:56:15", "elapsed": 20468.548909, "delta": 38.182344}}
{"target": 0.003018168948080494, "params": {"0": -0.6092642558275587, "1": -0.9350053608535438, "2": -1.724841668506126, "3": 0.7569926876453952, "4": -1.1288051791096207, "5": 2.6492237830500596, "6": 1.1752538109297603, "7": -1.8741783356740402}, "datetime": {"datetime": "2021-06-30 01:56:49", "elapsed": 20502.663693, "delta": 34.114784}}
{"target": 0.003755393230456182, "params": {"0": 2.1330458473089635, "1": -0.25801470640517055, "2": -0.382870992580159, "3": -2.9395105973149978, "4": -1.300320348508389, "5": 0.9615073304066524, "6": 0.974968373946492, "7": -0.4044682095594361}, "datetime": {"datetime": "2021-06-30 01:57:26", "elapsed": 20539.88489, "delta": 37.221197}}
{"target": 0.003079215584624368, "params": {"0": -0.938280505799149, "1": -2.3854533423739213, "2": 1.485439448636205, "3": 0.35053449333295905, "4": 1.9825935155409669, "5": 1.5435707573484958, "6": -2.5990011167490703, "7": -2.0903992890551635}, "datetime": {"datetime": "2021-06-30 01:58:53", "elapsed": 20626.649969, "delta": 86.765079}}
{"target": 0.006793934069688548, "params": {"0": 2.3440609071318654, "1": -0.8679262990067551, "2": 2.145828966741661, "3": -2.6932892537552506, "4": -1.3505604736501253, "5": -0.9796983133206645, "6": 2.6365939811953725, "7": -1.7759390006753248}, "datetime": {"datetime": "2021-06-30 01:59:36", "elapsed": 20669.15496, "delta": 42.504991}}
{"target": 0.003050488354471757, "params": {"0": -2.766929951504598, "1": -0.9525228366650538, "2": -0.6212250895516478, "3": 0.9500798064424258, "4": 2.5439519832771715, "5": -0.981648432858691, "6": -1.0100863131863003, "7": -0.264635544241548}, "datetime": {"datetime": "2021-06-30 02:00:14", "elapsed": 20707.53356, "delta": 38.3786}}
{"target": 0.002878064582056281, "params": {"0": -0.7548320801174029, "1": 2.8997843492234736, "2": -0.10410699179145766, "3": 2.9421881776362433, "4": 2.922821371632221, "5": -2.07288864813873, "6": 1.41917079651813, "7": -0.18858934337673006}, "datetime": {"datetime": "2021-06-30 02:01:07", "elapsed": 20760.657657, "delta": 53.124097}}
{"target": 0.0033661808814123375, "params": {"0": -0.31786724164313274, "1": -2.1987763029795646, "2": -0.6398834115252003, "3": 0.25498036417248837, "4": -2.5576937935009467, "5": -1.7849056517386983, "6": -0.2932493464667565, "7": -2.4323018199511806}, "datetime": {"datetime": "2021-06-30 02:01:57", "elapsed": 20810.856019, "delta": 50.198362}}
{"target": 0.0034755618396078696, "params": {"0": 0.6242002263488313, "1": -2.090931157843942, "2": 1.337968460019738, "3": 2.4939570872495054, "4": 0.09890343138894808, "5": 1.0359933628404914, "6": 2.498648653358117, "7": -0.15226553955799105}, "datetime": {"datetime": "2021-06-30 02:02:51", "elapsed": 20864.855619, "delta": 53.9996}}
{"target": 0.0038077877099567618, "params": {"0": -1.9991826045678855, "1": -2.7177093598553075, "2": -1.68575140484198, "3": -2.7604774052638583, "4": -0.20197659848087834, "5": -2.6766512694306828, "6": -0.23613951225803342, "7": 1.9155004466720973}, "datetime": {"datetime": "2021-06-30 02:03:26", "elapsed": 20899.305466, "delta": 34.449847}}
{"target": 0.003197755643582546, "params": {"0": -1.1860706281869429, "1": -2.473559432268592, "2": -2.8871591945178503, "3": -2.083481745268639, "4": -1.0781860648746942, "5": 2.6567742388590556, "6": -2.310359929482645, "7": 1.5694382101162532}, "datetime": {"datetime": "2021-06-30 02:04:02", "elapsed": 20935.765911, "delta": 36.460445}}
{"target": 0.003480357475303178, "params": {"0": 2.143991507270343, "1": 2.1196388658146503, "2": -1.9807885511914258, "3": 0.8362676052176843, "4": -0.5345064720903716, "5": 0.8642119266441926, "6": 1.8796335642022708, "7": 2.0208378616321765}, "datetime": {"datetime": "2021-06-30 02:04:24", "elapsed": 20957.834805, "delta": 22.068894}}
{"target": 0.009466033893098353, "params": {"0": -2.0778632717516485, "1": 0.8790988823957511, "2": -0.6990026637902234, "3": -0.44899033154970613, "4": -2.934650429903626, "5": 1.0143669227856584, "6": -1.7405115831812936, "7": 2.187019246354722}, "datetime": {"datetime": "2021-06-30 02:05:04", "elapsed": 20997.274509, "delta": 39.439704}}
{"target": 0.0028289722461678824, "params": {"0": 1.9269841017382658, "1": 0.5565783313022923, "2": 1.7819948839018096, "3": 0.4755029225182801, "4": 1.702426140130834, "5": 1.603789636662488, "6": -1.9296574850136512, "7": 2.468368329455516}, "datetime": {"datetime": "2021-06-30 02:06:27", "elapsed": 21080.134344, "delta": 82.859835}}
{"target": 0.003283396309376936, "params": {"0": -0.8703962777939269, "1": -1.4341327442456062, "2": 2.5822759344003874, "3": 0.37493492020930663, "4": 0.7696260354534372, "5": -2.878171762286425, "6": 2.9754585941710143, "7": -1.0403552306532655}, "datetime": {"datetime": "2021-06-30 02:08:27", "elapsed": 21200.207504, "delta": 120.07316}}
{"target": 0.004249142056647761, "params": {"0": -0.5847254946028357, "1": 1.884242466818609, "2": -1.718829290582454, "3": -1.513530496696139, "4": -2.8054395464467943, "5": -1.6406448448893405, "6": -0.3176571467268987, "7": 2.549976379196371}, "datetime": {"datetime": "2021-06-30 02:09:14", "elapsed": 21247.413203, "delta": 47.205699}}
{"target": 0.0029191718391156658, "params": {"0": -1.4279522972517924, "1": -2.8219371934231425, "2": -1.6593990446379836, "3": 0.2931498666090384, "4": 0.31390253059376505, "5": 1.3736754899528076, "6": 0.7424623716427088, "7": -1.3222029807351676}, "datetime": {"datetime": "2021-06-30 02:09:59", "elapsed": 21292.246885, "delta": 44.833682}}
{"target": 0.003010006611773718, "params": {"0": -0.7882243543273106, "1": -0.8346050791992972, "2": -2.300764134875595, "3": -0.4239833737068013, "4": -0.3471706668153005, "5": 2.1000985885704075, "6": -2.340892661635095, "7": 2.607469756846922}, "datetime": {"datetime": "2021-06-30 02:10:38", "elapsed": 21331.555507, "delta": 39.308622}}
{"target": 0.0036669369948636983, "params": {"0": 0.8273656240323057, "1": 1.1058277102456433, "2": -2.667721618383756, "3": 1.5894206644799116, "4": 0.2925635192230138, "5": -1.3093365427694168, "6": -1.7611251542946924, "7": -1.8517379278728723}, "datetime": {"datetime": "2021-06-30 02:11:13", "elapsed": 21366.398021, "delta": 34.842514}}
{"target": 0.003358637870504443, "params": {"0": 1.416911328081465, "1": -0.8309204185279628, "2": 1.3316403521687619, "3": -2.565053299778234, "4": 2.5488680771448227, "5": 2.674331370931573, "6": -2.059178159094522, "7": -2.354666842189689}, "datetime": {"datetime": "2021-06-30 02:11:50", "elapsed": 21403.275216, "delta": 36.877195}}
{"target": 0.004456267225624918, "params": {"0": -2.2931184544457013, "1": 2.031758257671715, "2": 0.10315189528182112, "3": -2.3325678816441306, "4": -1.4216325592313677, "5": -1.5742117180899569, "6": 1.87007871012574, "7": -1.2103705852896318}, "datetime": {"datetime": "2021-06-30 02:14:07", "elapsed": 21540.292438, "delta": 137.017222}}
{"target": 0.008466705831305644, "params": {"0": 1.1114864774884783, "1": -0.363408130965861, "2": 0.9020970580796566, "3": -0.33082086205006034, "4": 1.4484311110460313, "5": -0.7053781941214936, "6": -2.0354410966696035, "7": 2.494416743068916}, "datetime": {"datetime": "2021-06-30 02:14:41", "elapsed": 21574.44285, "delta": 34.150412}}
{"target": 0.0058211337145015075, "params": {"0": -1.283452274993541, "1": 1.2391422029646302, "2": -0.07086359443376322, "3": 1.0405051526417308, "4": -0.48384768116465704, "5": -2.1365423336829945, "6": -2.7339333818650973, "7": -2.926008799303024}, "datetime": {"datetime": "2021-06-30 02:15:22", "elapsed": 21615.706029, "delta": 41.263179}}
{"target": 0.0031879128616278674, "params": {"0": 2.6940262869598097, "1": 2.4008477285471956, "2": -2.5417014661293944, "3": 1.1877654470821675, "4": 2.941554990374107, "5": -0.8907394416087051, "6": 0.01759428563730392, "7": -0.9424863402630841}, "datetime": {"datetime": "2021-06-30 02:15:48", "elapsed": 21641.961967, "delta": 26.255938}}
{"target": 0.010315818296146428, "params": {"0": 1.7442763472123204, "1": -2.6819168392944244, "2": 2.5755564553251684, "3": -1.1324836769553672, "4": 2.7723234136323134, "5": -1.3958481289018274, "6": 2.014277930747258, "7": 2.914692526040824}, "datetime": {"datetime": "2021-06-30 02:17:05", "elapsed": 21718.983636, "delta": 77.021669}}
{"target": 0.0029786226123054843, "params": {"0": -1.5742366045718221, "1": 2.058647842134489, "2": 2.3895719328326397, "3": 0.891545139634145, "4": 0.7188586175892242, "5": 1.158491619491664, "6": -1.3264566268164997, "7": -0.936450656040511}, "datetime": {"datetime": "2021-06-30 02:17:59", "elapsed": 21772.06438, "delta": 53.080744}}
{"target": 0.0032132633102860916, "params": {"0": -1.6106883827449932, "1": 2.670400922393413, "2": 1.344875014265556, "3": -0.2391954970458614, "4": -1.5269930314991214, "5": 0.6672800927691362, "6": -0.07339995435610325, "7": -1.6559576816644164}, "datetime": {"datetime": "2021-06-30 02:18:38", "elapsed": 21811.038488, "delta": 38.974108}}
