{"target": 0.005170989246383849, "params": {"0": 0.3065222325889909, "1": -0.8808878485227778, "2": -1.6138155561901641, "3": 2.925283686133538, "4": -0.13652047859953687, "5": -2.6228711613167595, "6": 2.9728465532723742, "7": 0.664985882702537}, "datetime": {"datetime": "2021-06-30 03:04:46", "elapsed": 24579.158576, "delta": 54.765855}}
{"target": 0.0049528872358450765, "params": {"0": -1.3001773908867125, "1": 1.7758154450897763, "2": -2.2068633731717338, "3": -1.352605766552074, "4": 2.140561006682331, "5": 1.7439122874540045, "6": 2.4154197834107585, "7": 0.8254635446958489}, "datetime": {"datetime": "2021-06-30 03:05:26", "elapsed": 24619.217703, "delta": 40.059127}}
{"target": 0.003215485848701297, "params": {"0": -1.0937110078413352, "1": 2.512577834275234, "2": -2.6682345304670987, "3": -2.4940932433424434, "4": -2.6143454144141316, "5": 0.9832997056554369, "6": 1.9212342879271027, "7": 1.3746225459752042}, "datetime": {"datetime": "2021-06-30 03:06:12", "elapsed": 24665.94614, "delta": 46.728437}}
{"target": 0.005893932148455889, "params": {"0": 2.9476070371352856, "1": -1.1563604224004576, "2": -0.7675237087088309, "3": -2.790631678543302, "4": 2.0696742159137385, "5": -2.4052244567557146, "6": -2.32308752979308, "7": -0.03946176253159628}, "datetime": {"datetime": "2021-06-30 03:06:45", "elapsed": 24698.515289, "delta": 32.569149}}
{"target": 0.0032719311310652746, "params": {"0": -1.748918309147963, "1": -0.01604150223789169, "2": -1.8997508128547471, "3": 2.731852570414448, "4": 0.8704106054624576, "5": 1.0833885973380308, "6": 1.741899851517334, "7": 0.30941444335645807}, "datetime": {"datetime": "2021-06-30 03:08:41", "elapsed": 24814.22153, "delta": 115.706241}}
{"target": 0.0029947679747923364, "params": {"0": -2.3653862505030903, "1": -1.7613054389422271, "2": -2.0696288768820854, "3": -2.4773292693940716, "4": -0.07294338468027117, "5": 1.0886828902423247, "6": 2.251674243124965, "7": 2.0253639441380322}, "datetime": {"datetime": "2021-06-30 03:09:13", "elapsed": 24846.318799, "delta": 32.097269}}
{"target": 0.04069074705459695, "params": {"0": 0.9676324891796577, "1": -2.997606865412467, "2": -0.07543069241087919, "3": -2.0213285005916193, "4": -1.1284912636495645, "5": -2.3123182028745353, "6": -1.140141740568428, "7": 1.52562820129313}, "datetime": {"datetime": "2021-06-30 03:10:09", "elapsed": 24902.442223, "delta": 56.123424}}
{"target": 0.0032657333918163023, "params": {"0": 1.60704431951444, "1": 1.7121951327254141, "2": -2.279044131373867, "3": -0.47142806708952545, "4": 0.7852976510605778, "5": 0.35881044470761125, "6": 0.10639070454104038, "7": -1.533637154520745}, "datetime": {"datetime": "2021-06-30 03:10:49", "elapsed": 24941.974513, "delta": 39.53229}}
{"target": 0.003656651580024893, "params": {"0": -2.6546334998775443, "1": -2.1960618168058454, "2": -2.512319636531302, "3": 2.7838648783132935, "4": -0.35859713072659183, "5": -2.3919926932404953, "6": -2.322834792447676, "7": -2.1514863531437127}, "datetime": {"datetime": "2021-06-30 03:11:35", "elapsed": 24988.156751, "delta": 46.182238}}
{"target": 0.003283401965492708, "params": {"0": 1.3109387505022383, "1": -0.5256844796871087, "2": 1.1911556700757888, "3": -0.39321247875496645, "4": -1.0944443365150534, "5": 2.721582015446671, "6": 0.958480591466687, "7": -1.8597513409915505}, "datetime": {"datetime": "2021-06-30 03:12:55", "elapsed": 25068.200503, "delta": 80.043752}}
{"target": 0.003567079643256645, "params": {"0": 2.1153362579953807, "1": 1.0938141429802126, "2": 1.8276119001433262, "3": -1.7370654163847716, "4": -1.8559470330901873, "5": -2.7578172131546728, "6": 1.761678783737942, "7": -2.4256263300238654}, "datetime": {"datetime": "2021-06-30 03:15:05", "elapsed": 25198.239726, "delta": 130.039223}}
{"target": 0.010228435130541804, "params": {"0": -0.6521838271091775, "1": 0.5632085345676399, "2": -2.1102997851556524, "3": -1.0372500835744893, "4": -0.19333552244545915, "5": 0.2203874667012986, "6": 2.0127005797134316, "7": -1.2535260757406939}, "datetime": {"datetime": "2021-06-30 03:15:38", "elapsed": 25231.344705, "delta": 33.104979}}
{"target": 0.003060155891518084, "params": {"0": 1.550127413992385, "1": -1.3746921172459257, "2": 1.0614360726359724, "3": 2.783994862766697, "4": -0.6579212969365571, "5": 1.5272220049725904, "6": -0.1439786410658943, "7": 2.854627609253664}, "datetime": {"datetime": "2021-06-30 03:16:23", "elapsed": 25276.679249, "delta": 45.334544}}
{"target": 0.015160998284866951, "params": {"0": -1.2223119041163453, "1": 2.9161628666829653, "2": -2.8582942052924167, "3": 2.272415140726711, "4": 0.6806824685416624, "5": -2.734688407588891, "6": -0.8540781425783477, "7": -2.1488020907097702}, "datetime": {"datetime": "2021-06-30 03:17:05", "elapsed": 25318.450228, "delta": 41.770979}}
{"target": 0.0029954725784419644, "params": {"0": 1.3314985619596884, "1": -0.9791101862406881, "2": -2.824235331622857, "3": 0.9994342143660409, "4": -1.6615456368954948, "5": 0.9223519336173274, "6": 1.6812986443966, "7": -1.5809828450515406}, "datetime": {"datetime": "2021-06-30 03:17:55", "elapsed": 25368.396963, "delta": 49.946735}}
{"target": 0.004760571126337643, "params": {"0": 0.0035490034418113048, "1": -2.14159935824057, "2": -2.537929332420147, "3": -1.5208237742407338, "4": -0.017688891583887756, "5": 2.707848528138154, "6": -2.9757756659534707, "7": 0.8043731325290353}, "datetime": {"datetime": "2021-06-30 03:18:33", "elapsed": 25406.418539, "delta": 38.021576}}
{"target": 0.003805793107655758, "params": {"0": -0.4467104213917623, "1": -0.16360596650352743, "2": 2.2114234493004385, "3": 0.6293683988362861, "4": 0.5812651826498549, "5": -0.15607868626666388, "6": 2.2410110503274385, "7": 0.7045425154529692}, "datetime": {"datetime": "2021-06-30 03:20:27", "elapsed": 25520.26097, "delta": 113.842431}}
{"target": 0.002872090586084481, "params": {"0": -1.1792805718101511, "1": 2.1819910608389774, "2": 2.703972273973534, "3": 0.8834936785767269, "4": 2.9666137586136943, "5": -1.8037833593238775, "6": -0.8351263748436306, "7": -0.8299775187243554}, "datetime": {"datetime": "2021-06-30 03:21:18", "elapsed": 25570.956768, "delta": 50.695798}}
{"target": 0.0031855603310095995, "params": {"0": -0.6331967532819478, "1": -0.5222593978278334, "2": 0.8780199358180232, "3": -2.645130570954975, "4": 2.826156923644585, "5": -1.259107853356092, "6": 1.6296191279394474, "7": -1.5150468533735246}, "datetime": {"datetime": "2021-06-30 03:21:48", "elapsed": 25601.880113, "delta": 30.923345}}
{"target": 0.004921898182839205, "params": {"0": -0.9650416460884288, "1": 0.5487379169025308, "2": -2.747405888471378, "3": -2.3705230238876465, "4": -2.529242852644502, "5": 0.043486526320493546, "6": 2.4943150374946352, "7": 2.803683770024234}, "datetime": {"datetime": "2021-06-30 03:23:32", "elapsed": 25705.414452, "delta": 103.534339}}
{"target": 0.0036357522415956965, "params": {"0": -2.6383521018288985, "1": 1.212694537223335, "2": -0.7158167528938106, "3": -0.315971742621862, "4": 2.9781697065265966, "5": 2.9529120691742197, "6": -2.6704029259820965, "7": 2.1867772373078704}, "datetime": {"datetime": "2021-06-30 03:25:30", "elapsed": 25823.538589, "delta": 118.124137}}
{"target": 0.003806905955725241, "params": {"0": -0.3295070946977239, "1": 2.84435577799992, "2": 1.9588376636611038, "3": -0.6754533902245239, "4": -0.9029026846988826, "5": -2.960576273752258, "6": 2.4007943964764786, "7": -1.0513837127509227}, "datetime": {"datetime": "2021-06-30 03:27:45", "elapsed": 25958.050412, "delta": 134.511823}}
{"target": 0.003369565678704531, "params": {"0": -0.8668335198939836, "1": 1.618550878925622, "2": 2.628378986718946, "3": -2.8601630345806925, "4": -1.7446449328827016, "5": -1.4887409278583803, "6": -1.9989954544180315, "7": 1.6697042668532935}, "datetime": {"datetime": "2021-06-30 03:28:23", "elapsed": 25996.899689, "delta": 38.849277}}
{"target": 0.005366208263565385, "params": {"0": 0.958095701556057, "1": -2.6023960426719412, "2": 0.9210222942567681, "3": -2.440961329630448, "4": 2.529751258299667, "5": -2.2422797454289753, "6": -0.6688826154005363, "7": 2.1054551414220306}, "datetime": {"datetime": "2021-06-30 03:28:52", "elapsed": 26024.987869, "delta": 28.08818}}
{"target": 0.003541655808790448, "params": {"0": -1.7889224812842364, "1": 2.2688146808964005, "2": -2.1000541541672746, "3": 0.9310353493490338, "4": 0.1942862036281099, "5": -1.21268865338585, "6": -1.8249660615015106, "7": 2.384501750769779}, "datetime": {"datetime": "2021-06-30 03:29:27", "elapsed": 26059.995365, "delta": 35.007496}}
{"target": 0.01408540750529215, "params": {"0": 1.2734797471164994, "1": -1.2557461268019396, "2": 1.149255716323034, "3": -0.792095981431248, "4": 2.5520526216634734, "5": -0.6904467842040125, "6": -1.9487078024288855, "7": 2.348760985466308}, "datetime": {"datetime": "2021-06-30 03:30:13", "elapsed": 26105.983444, "delta": 45.988079}}
{"target": 0.003052288294778622, "params": {"0": 2.6937893826466093, "1": -1.6050839797297507, "2": 0.7701402561266413, "3": -1.9928153763267942, "4": 2.9079683407727908, "5": -2.1386674782346162, "6": 0.949763114784866, "7": 0.28798912568640045}, "datetime": {"datetime": "2021-06-30 03:30:45", "elapsed": 26138.075535, "delta": 32.092091}}
{"target": 0.1653561069832305, "params": {"0": -2.151633807671619, "1": -1.282326684554199, "2": -1.9201663780810168, "3": -2.0740473919730276, "4": -1.7950410194110986, "5": -2.6116439826453215, "6": -0.17213162639085056, "7": 2.8097917926037574}, "datetime": {"datetime": "2021-06-30 03:31:27", "elapsed": 26180.770129, "delta": 42.694594}}
{"target": 0.0034558192404339906, "params": {"0": 1.8343109242238391, "1": -2.129813465709414, "2": 2.4649975141697897, "3": -1.2643752662797487, "4": 2.256911106871735, "5": -1.543087466918414, "6": 1.5419934937775022, "7": 2.8733049476433923}, "datetime": {"datetime": "2021-06-30 03:32:22", "elapsed": 26235.65199, "delta": 54.881861}}
{"target": 0.005863066896836741, "params": {"0": 2.7873111769161376, "1": -1.2348616732494393, "2": 2.0565209067550168, "3": 1.340243577969824, "4": -1.7615315491067536, "5": -1.238780688545959, "6": -2.576787148728049, "7": 0.39877219276127285}, "datetime": {"datetime": "2021-06-30 03:33:11", "elapsed": 26284.722509, "delta": 49.070519}}
{"target": 0.0032903892817924027, "params": {"0": -2.6779479971226374, "1": 2.364055927811272, "2": 0.237200693296443, "3": 1.347049970711378, "4": -2.5902601719359293, "5": -2.0176930510453417, "6": 2.6080253287368595, "7": 2.515911229865864}, "datetime": {"datetime": "2021-06-30 03:33:59", "elapsed": 26332.343568, "delta": 47.621059}}
{"target": 0.003575599605539169, "params": {"0": -1.8161247704371826, "1": -1.3127444428202732, "2": -2.1312208049764223, "3": -2.104178098938926, "4": 0.9934702062654548, "5": -0.5565893379537075, "6": -1.9241820222094503, "7": 0.6510910508638164}, "datetime": {"datetime": "2021-06-30 03:34:57", "elapsed": 26390.626905, "delta": 58.283337}}
{"target": 0.002954168772890942, "params": {"0": 1.0202098478323416, "1": 1.9727137277527707, "2": -0.6097303675522738, "3": 0.7762581534632007, "4": -1.744844875617046, "5": 2.045127757860146, "6": 0.024354132194280176, "7": -2.337742292076766}, "datetime": {"datetime": "2021-06-30 03:35:50", "elapsed": 26443.23072, "delta": 52.603815}}
{"target": 0.004072071630039923, "params": {"0": -0.6725645959859681, "1": -2.392794603837876, "2": 2.983499982779364, "3": 2.22885500032708, "4": -2.170502477953156, "5": -2.8903546731418164, "6": 1.5866933582391995, "7": -0.42319700682427674}, "datetime": {"datetime": "2021-06-30 03:36:46", "elapsed": 26499.647396, "delta": 56.416676}}
{"target": 0.003617136992096219, "params": {"0": -2.131815960880465, "1": -1.5553657996195522, "2": -1.5178405197645903, "3": -0.5981717246490095, "4": 2.7644269858206396, "5": -1.5340842225418543, "6": 2.8075604942489303, "7": 1.0107715234460706}, "datetime": {"datetime": "2021-06-30 03:37:40", "elapsed": 26552.981178, "delta": 53.333782}}
{"target": 0.005005112370183481, "params": {"0": -0.02064052354959589, "1": 1.2205931427412562, "2": -2.684391759366285, "3": 0.0012430879314027088, "4": 0.8828206426958407, "5": -2.0996113946836354, "6": 1.004794682643702, "7": -1.5964096085933897}, "datetime": {"datetime": "2021-06-30 03:38:23", "elapsed": 26596.615225, "delta": 43.634047}}
{"target": 0.006539424531278575, "params": {"0": 0.3257421398647331, "1": -0.14346348750235105, "2": 2.5398405807581135, "3": -2.4845327091648395, "4": 2.609703002970555, "5": -2.9603548511978346, "6": 0.6867443317494066, "7": -1.6871898538518537}, "datetime": {"datetime": "2021-06-30 03:38:57", "elapsed": 26630.042437, "delta": 33.427212}}
{"target": 0.0029273182493050995, "params": {"0": 1.9913343082093933, "1": 2.310361799207673, "2": 1.7894239881761376, "3": -2.3375427128053157, "4": 1.5562961227217968, "5": -1.212490482083718, "6": -0.03334013137328551, "7": 0.9716722480583782}, "datetime": {"datetime": "2021-06-30 03:39:41", "elapsed": 26674.481531, "delta": 44.439094}}
{"target": 0.003169775163443928, "params": {"0": -1.4984183024410995, "1": 2.6156200095976443, "2": 1.9584509210366612, "3": -2.387509043126027, "4": -2.077725043241146, "5": -1.3055381212408574, "6": -1.5679353964468155, "7": -2.4816010796374672}, "datetime": {"datetime": "2021-06-30 03:40:44", "elapsed": 26737.016368, "delta": 62.534837}}
{"target": 0.0028591259087037964, "params": {"0": -1.4157701045548579, "1": -0.09399011896651466, "2": 0.8607083671712639, "3": 1.6444839842365244, "4": -1.2424414750374015, "5": 1.280605196434232, "6": -0.4713112569683906, "7": -1.5399966638564715}, "datetime": {"datetime": "2021-06-30 03:41:14", "elapsed": 26767.46717, "delta": 30.450802}}
{"target": 0.003095599185127999, "params": {"0": 2.415814728829508, "1": -0.893546538352282, "2": -0.8237184863477292, "3": -0.9984555281580505, "4": 1.7143595017800708, "5": 0.5802961092495638, "6": 1.8756320404638505, "7": -0.8377795786071935}, "datetime": {"datetime": "2021-06-30 03:41:55", "elapsed": 26808.879873, "delta": 41.412703}}
{"target": 0.003311719946609254, "params": {"0": 1.6647615348099976, "1": 2.2598083736252157, "2": -1.433182447576965, "3": 0.6095231405472172, "4": -1.8284828016561148, "5": 1.3172474143467312, "6": -2.5274567203785647, "7": -1.5781192515260873}, "datetime": {"datetime": "2021-06-30 03:42:47", "elapsed": 26860.701575, "delta": 51.821702}}
{"target": 0.0032914092266282335, "params": {"0": -0.13826420575135367, "1": 2.0235605257260145, "2": 0.860556504697592, "3": -0.24262938457089067, "4": 2.3545214581310283, "5": -1.7341022441051979, "6": 1.8319878356178982, "7": -2.5274286136202777}, "datetime": {"datetime": "2021-06-30 03:43:42", "elapsed": 26915.667361, "delta": 54.965786}}
{"target": 0.004981387999312688, "params": {"0": 0.35185123137171104, "1": -2.0410614008454937, "2": 2.4142245994781995, "3": 1.3311410383293758, "4": -2.6800122611311927, "5": 2.5989374697239844, "6": 0.3341445119580255, "7": -1.413182445684635}, "datetime": {"datetime": "2021-06-30 03:44:26", "elapsed": 26959.17246, "delta": 43.505099}}
{"target": 0.002899948130404642, "params": {"0": -0.012931722844007787, "1": 1.2087908669874636, "2": -2.3784439717796735, "3": 2.620004435993925, "4": 0.6528989210777976, "5": 2.830230435054501, "6": 2.371170072358817, "7": -1.4124728882944817}, "datetime": {"datetime": "2021-06-30 03:45:18", "elapsed": 27011.49474, "delta": 52.32228}}
{"target": 0.0028864369832148876, "params": {"0": 0.30239351591536234, "1": -1.5726452635717147, "2": 1.3240247095022948, "3": 1.7785919783303852, "4": 2.3840216216124146, "5": -0.6045369588423855, "6": 2.570511545255995, "7": -2.3859491175180487}, "datetime": {"datetime": "2021-06-30 03:46:33", "elapsed": 27086.746738, "delta": 75.251998}}
{"target": 0.028444262722194007, "params": {"0": -0.5414155280748303, "1": 2.2829066168543406, "2": 2.1679046441082006, "3": -0.8577664095839594, "4": -1.3993324544918484, "5": -1.8332131254793174, "6": 0.4573392695340246, "7": 1.4196797127071834}, "datetime": {"datetime": "2021-06-30 03:47:44", "elapsed": 27157.279389, "delta": 70.532651}}
{"target": 0.0028825714817447834, "params": {"0": -2.6219600279729782, "1": -2.999751161461128, "2": -2.6535681862669653, "3": 2.239399883983104, "4": 1.900332941984761, "5": 2.831967644565661, "6": 0.6139230739666304, "7": -1.721485316783056}, "datetime": {"datetime": "2021-06-30 03:48:28", "elapsed": 27201.10808, "delta": 43.828691}}
{"target": 0.006845552188751508, "params": {"0": -1.84244218142402, "1": 0.5056235101221684, "2": -0.9750441870678013, "3": 0.6532349192008322, "4": -1.1392234675877155, "5": 2.7396329006026336, "6": 1.345182779461072, "7": -1.3130034240344086}, "datetime": {"datetime": "2021-06-30 03:49:19", "elapsed": 27252.497561, "delta": 51.389481}}
{"target": 0.0031728784470952936, "params": {"0": 1.3222258901391175, "1": 2.8993207255733573, "2": -2.1448802282482777, "3": -2.392046618002055, "4": -0.48598746106916746, "5": 1.7957245232826118, "6": -2.8266885063279954, "7": -2.1257729253195086}, "datetime": {"datetime": "2021-06-30 03:51:33", "elapsed": 27386.232332, "delta": 133.734771}}
{"target": 0.0032349824727391564, "params": {"0": -2.0148388527335115, "1": -1.9866151643295957, "2": -1.1564369436272686, "3": 0.4466498785613462, "4": -1.2838611548047167, "5": -1.114006520335181, "6": -1.4474576298563209, "7": 1.9815964351937811}, "datetime": {"datetime": "2021-06-30 03:52:08", "elapsed": 27421.81838, "delta": 35.586048}}
{"target": 0.0030736124008021934, "params": {"0": 1.9010402846405299, "1": 2.213476383092786, "2": 1.7377646254794792, "3": 0.059385049588915884, "4": -1.3381249132655078, "5": 2.7468637571129095, "6": 1.8056505663533162, "7": 1.5964445586892824}, "datetime": {"datetime": "2021-06-30 03:53:06", "elapsed": 27479.321617, "delta": 57.503237}}
{"target": 0.003311371457767995, "params": {"0": -1.039142397228538, "1": 0.32275338068603343, "2": 1.237514339826613, "3": -0.8286054075525993, "4": -2.8002364947214993, "5": -0.7734683812581427, "6": -1.6987452684367699, "7": 1.3338319145226993}, "datetime": {"datetime": "2021-06-30 03:53:49", "elapsed": 27522.815877, "delta": 43.49426}}
{"target": 0.002966931935664074, "params": {"0": -2.3478580224535617, "1": 0.7806266657631369, "2": 1.6404479327066053, "3": 2.716343470013311, "4": 2.2298184463735513, "5": 1.9656178096896175, "6": 2.3092162216356664, "7": -1.4434656802964638}, "datetime": {"datetime": "2021-06-30 03:54:46", "elapsed": 27578.998713, "delta": 56.182836}}
{"target": 0.003171273313153665, "params": {"0": -1.2861746990666885, "1": -1.0932943189864026, "2": -2.4252079467288157, "3": 0.7195076671263863, "4": 2.314806988206355, "5": -2.5070721055629557, "6": 0.7616835494076888, "7": 2.316493878967785}, "datetime": {"datetime": "2021-06-30 03:55:24", "elapsed": 27617.942144, "delta": 38.943431}}
{"target": 0.0029731834967142694, "params": {"0": -0.02869646216219035, "1": -1.5843949463587272, "2": -1.2974844939975043, "3": 1.1618158943193526, "4": 1.8312306625458277, "5": 2.13950364016912, "6": -2.4565003265857532, "7": -0.9351564586289847}, "datetime": {"datetime": "2021-06-30 03:56:12", "elapsed": 27665.289169, "delta": 47.347025}}
{"target": 0.002875481368157084, "params": {"0": 0.13164302585175758, "1": 2.200375611695403, "2": -2.6839366911433538, "3": -0.882658771373297, "4": 2.0418049370769964, "5": 1.9932608837537567, "6": 1.908764643633127, "7": -2.007615761366555}, "datetime": {"datetime": "2021-06-30 03:58:11", "elapsed": 27784.534627, "delta": 119.245458}}
{"target": 0.005210105550077207, "params": {"0": -0.340923017351507, "1": 0.664626105283264, "2": 1.9692647394704057, "3": -0.26561583045543635, "4": 1.1302925871334732, "5": 0.4711680771680262, "6": 2.445342298083718, "7": 1.3439429944388843}, "datetime": {"datetime": "2021-06-30 03:59:07", "elapsed": 27840.096148, "delta": 55.561521}}
{"target": 0.00730787573776395, "params": {"0": 1.5782454582560677, "1": 1.0595051707205227, "2": 0.074139303999321, "3": 1.5689083840013591, "4": 0.10502720092016071, "5": 1.8150456686135676, "6": -1.2418754289756566, "7": 2.2760335284137003}, "datetime": {"datetime": "2021-06-30 04:01:03", "elapsed": 27956.005771, "delta": 115.909623}}
{"target": 0.0029104808946634883, "params": {"0": -2.9329291939755024, "1": -0.3180021299540581, "2": -1.4924202976022511, "3": -0.12417738850591498, "4": -1.984696737581394, "5": 1.798643448500684, "6": -1.3834364010089826, "7": -1.2029826129760222}, "datetime": {"datetime": "2021-06-30 04:01:51", "elapsed": 28004.803055, "delta": 48.797284}}
{"target": 0.0032956680792971585, "params": {"0": 0.4660105885685555, "1": -1.6263856505386522, "2": 0.07241810065322785, "3": -2.3957707315670245, "4": -2.1784789744673843, "5": -2.885152824200696, "6": -1.7082929907785138, "7": -1.29175246409243}, "datetime": {"datetime": "2021-06-30 04:02:39", "elapsed": 28052.864197, "delta": 48.061142}}
{"target": 0.0029073555110381085, "params": {"0": -0.16204946179186397, "1": 2.096453171513927, "2": 1.4633400166711406, "3": 1.3680280989878044, "4": 0.21557774402266805, "5": -1.3524833655951227, "6": 1.7882999841344143, "7": 2.4399443945975285}, "datetime": {"datetime": "2021-06-30 04:03:21", "elapsed": 28094.667095, "delta": 41.802898}}
