{"target": 0.0030487371684902566, "params": {"0": -2.091547255782767, "1": 2.321493978802666, "2": 2.3320920414187434, "3": -2.8460363953241528, "4": 1.123937762160942, "5": 1.5907905271361598, "6": 1.8095658298468162, "7": 1.685357131887569}, "datetime": {"datetime": "2021-06-29 20:30:35", "elapsed": 1016.371467, "delta": 3.91123}}
{"target": 0.0031001249391698375, "params": {"0": 2.6358084300709157, "1": 2.3382041428940648, "2": -0.2641479560152602, "3": 0.5097543952446815, "4": -0.8200058649406099, "5": -1.8036663816191, "6": 2.2390739204653958, "7": 1.71696110499916}, "datetime": {"datetime": "2021-06-29 20:30:38", "elapsed": 1018.820831, "delta": 2.449364}}
{"target": 0.01607367671149365, "params": {"0": 2.3831161091906505, "1": -1.3882888178644734, "2": -0.6180251612206318, "3": -1.5117697344767091, "4": 2.069737201959888, "5": -2.5057019548531363, "6": 2.5755990443634786, "7": -0.012136699607896873}, "datetime": {"datetime": "2021-06-29 20:30:44", "elapsed": 1025.139691, "delta": 6.31886}}
{"target": 0.010122087496870115, "params": {"0": 1.10223403992671, "1": 2.317365881717371, "2": 0.4443661845332043, "3": -1.2629685687319558, "4": -0.9806217225589742, "5": -1.2582882150517267, "6": 2.6922098974333677, "7": -2.4772152678236337}, "datetime": {"datetime": "2021-06-29 20:30:48", "elapsed": 1028.518799, "delta": 3.379108}}
{"target": 0.003531458088858377, "params": {"0": -0.06740152129584143, "1": 2.3998825123011027, "2": -0.8527547196373781, "3": 2.3309391367283023, "4": -1.8494979232879232, "5": -1.8802413784973873, "6": -0.48667960983981384, "7": -1.8393430892734206}, "datetime": {"datetime": "2021-06-29 20:30:52", "elapsed": 1032.546518, "delta": 4.027719}}
{"target": 0.004167798115889554, "params": {"0": 1.2412734239184733, "1": 2.1636480548173243, "2": 0.46189667669191836, "3": -2.1907151749104647, "4": -0.5086640163448917, "5": -0.23190613540293814, "6": 2.306049284023568, "7": -1.271465765549131}, "datetime": {"datetime": "2021-06-29 20:30:59", "elapsed": 1039.534786, "delta": 6.988268}}
{"target": 0.0029854742099620912, "params": {"0": 1.3127711415567411, "1": 1.5705109606496945, "2": -1.4062950719342562, "3": -1.4637120255240799, "4": 0.5265739434191303, "5": -1.067963685898757, "6": 2.232876159000745, "7": -0.7301277099898478}, "datetime": {"datetime": "2021-06-29 20:31:03", "elapsed": 1044.246254, "delta": 4.711468}}
{"target": 0.003916633601304828, "params": {"0": 1.9998856633137123, "1": -1.724880801375086, "2": 1.8567143110942066, "3": 2.3671503825457787, "4": -0.8056425022774549, "5": -1.430420716845548, "6": 1.014500208643355, "7": 2.036972710968568}, "datetime": {"datetime": "2021-06-29 20:31:10", "elapsed": 1050.85781, "delta": 6.611556}}
{"target": 0.00827622596375732, "params": {"0": 2.213046352467267, "1": 2.225452094974292, "2": -0.5662273309482369, "3": -2.0164340240341825, "4": -0.9573411213788412, "5": -0.6149315422871995, "6": 2.1331213783029206, "7": -0.541466760257153}, "datetime": {"datetime": "2021-06-29 20:31:15", "elapsed": 1055.780766, "delta": 4.922956}}
{"target": 0.0031131565702863483, "params": {"0": 1.7700344082965707, "1": 2.5181365543160794, "2": 0.45052528181537754, "3": -2.5047581131870205, "4": 0.8937458340517033, "5": 2.558035764118622, "6": 0.7842825897497754, "7": -2.0927567109595593}, "datetime": {"datetime": "2021-06-29 20:31:20", "elapsed": 1060.879455, "delta": 5.098689}}
{"target": 0.0033211416338532348, "params": {"0": 2.6760657986290006, "1": 1.7894558899772468, "2": 1.3627354795828026, "3": 1.8866431814751374, "4": -1.5619871043105669, "5": 1.1631791172179433, "6": 2.2555805507603335, "7": -2.2004431360164594}, "datetime": {"datetime": "2021-06-29 20:31:23", "elapsed": 1064.403035, "delta": 3.52358}}
{"target": 0.03594791228529421, "params": {"0": 0.29165266843010507, "1": -1.4659085133169178, "2": 0.2778465871178928, "3": -1.9690435076997639, "4": 1.7039657434830149, "5": -2.4030234615411277, "6": 1.397022894303606, "7": 0.38803385909992194}, "datetime": {"datetime": "2021-06-29 20:31:29", "elapsed": 1070.093678, "delta": 5.690643}}
{"target": 0.012084648417591434, "params": {"0": -2.4348093759738663, "1": 0.9709544427230812, "2": 0.656972522989069, "3": 1.5568712079820246, "4": -2.038647813980581, "5": 2.041315069969853, "6": -2.4210016178475247, "7": -0.012174978446350515}, "datetime": {"datetime": "2021-06-29 20:31:34", "elapsed": 1074.51296, "delta": 4.419282}}
{"target": 0.18303089746526416, "params": {"0": 1.4655181046444774, "1": -1.6204253538926807, "2": 0.49319022678802504, "3": -1.8091637653404444, "4": 1.4242684012151514, "5": -2.55625162291767, "6": 1.9681581839837374, "7": -0.2335778986933934}, "datetime": {"datetime": "2021-06-29 20:31:39", "elapsed": 1079.833429, "delta": 5.320469}}
{"target": 0.007999802221300721, "params": {"0": 1.0659351053775028, "1": 0.14416178937229773, "2": 2.1489726943772194, "3": 1.760401847378036, "4": -1.7045127540341403, "5": 2.007814431297395, "6": 1.0111755177779358, "7": 0.38537964962348426}, "datetime": {"datetime": "2021-06-29 20:31:43", "elapsed": 1083.729941, "delta": 3.896512}}
{"target": 0.0032380328956820434, "params": {"0": 1.428938061139112, "1": -1.500635817765808, "2": 2.3818843729721593, "3": 0.7934753542097184, "4": 1.009059004674083, "5": -1.5618726741953475, "6": 1.3734786315602232, "7": -2.624099939760768}, "datetime": {"datetime": "2021-06-29 20:31:49", "elapsed": 1089.581835, "delta": 5.851894}}
{"target": 0.002923968209120152, "params": {"0": -0.8585593422313029, "1": -1.1072309260973123, "2": -1.9704275106005065, "3": 0.544966192606394, "4": 2.736298070166029, "5": -1.7863931100759698, "6": 2.7693114146786932, "7": -2.094740731337092}, "datetime": {"datetime": "2021-06-29 20:31:53", "elapsed": 1093.780728, "delta": 4.198893}}
{"target": 0.003067649036839107, "params": {"0": -0.8204943193675085, "1": -1.1165783742673456, "2": 0.7001958976844547, "3": -2.2861955444324007, "4": 2.030885478582767, "5": -0.6093083846690672, "6": 2.609956520055028, "7": 0.6141995389663553}, "datetime": {"datetime": "2021-06-29 20:31:56", "elapsed": 1097.055093, "delta": 3.274365}}
{"target": 0.0034978766192227976, "params": {"0": -1.659952795548185, "1": -0.19283098913736296, "2": -1.2080383907479668, "3": -1.156239535562583, "4": 0.8154432227516946, "5": -0.7602658794349706, "6": 2.6341300486442067, "7": 2.7367665649444897}, "datetime": {"datetime": "2021-06-29 20:32:01", "elapsed": 1101.927939, "delta": 4.872846}}
{"target": 0.004197035834605407, "params": {"0": -2.1912988970614675, "1": -1.0969017358270212, "2": -0.5685178502115069, "3": 0.06331094420134331, "4": 0.476247819442019, "5": -1.453996862569948, "6": -2.0504979733582616, "7": 2.1871915025761073}, "datetime": {"datetime": "2021-06-29 20:32:04", "elapsed": 1105.402391, "delta": 3.474452}}
{"target": 0.003111328146409646, "params": {"0": -0.48029916180651444, "1": 0.4804318233380651, "2": 0.23780919874861173, "3": -0.028720133975087325, "4": -0.3460370924198042, "5": -2.120958890399181, "6": -2.54624457422773, "7": -0.36756358033528436}, "datetime": {"datetime": "2021-06-29 20:32:10", "elapsed": 1110.861243, "delta": 5.458852}}
{"target": 0.003333169098096797, "params": {"0": -2.1506005864998308, "1": -0.7629318489604611, "2": -1.3159785437956337, "3": -1.3309335499009327, "4": 0.3823954574897752, "5": -2.0767145801178684, "6": 2.314307896566927, "7": 2.124320515438967}, "datetime": {"datetime": "2021-06-29 20:32:14", "elapsed": 1115.004162, "delta": 4.142919}}
{"target": 0.004193234470914373, "params": {"0": 1.635803121708232, "1": 1.4033118412852676, "2": 2.0376118007012787, "3": 2.842804416166672, "4": -2.7427210338077526, "5": 0.4914180425399861, "6": 0.37616357258229005, "7": -1.9969283548040213}, "datetime": {"datetime": "2021-06-29 20:32:18", "elapsed": 1119.401273, "delta": 4.397111}}
{"target": 0.0069751826261751715, "params": {"0": 2.728669123079176, "1": 2.269446545559906, "2": -0.4356653201363252, "3": -1.5310299659143944, "4": -1.424350472407154, "5": -0.5390949896920612, "6": 2.5947669897365646, "7": -0.3641693215516515}, "datetime": {"datetime": "2021-06-29 20:32:23", "elapsed": 1124.344496, "delta": 4.943223}}
{"target": 0.0028885771603028632, "params": {"0": 0.9759978473384208, "1": -1.047791896706066, "2": -1.267319785284705, "3": 1.3804444253657424, "4": 2.619023146139428, "5": 1.1947448268934027, "6": -0.35006823712860147, "7": 0.7529767895253316}, "datetime": {"datetime": "2021-06-29 20:32:27", "elapsed": 1128.218382, "delta": 3.873886}}
{"target": 0.003822142746392028, "params": {"0": 0.8680909770136784, "1": -1.164574266320072, "2": 0.2778300392168491, "3": -2.689896964601034, "4": 2.1184199465824207, "5": -2.830810987398527, "6": 1.6446246382939744, "7": -0.6452853003354937}, "datetime": {"datetime": "2021-06-29 20:32:37", "elapsed": 1138.394283, "delta": 10.175901}}
{"target": 0.32149536039104926, "params": {"0": 1.2719701745406313, "1": -2.3056509967305323, "2": 0.3699605205344483, "3": -2.246746172607148, "4": 1.6958910339767996, "5": -2.4878097883266133, "6": 2.8154140805362147, "7": -0.024077051171000896}, "datetime": {"datetime": "2021-06-29 20:32:44", "elapsed": 1145.421354, "delta": 7.027071}}
{"target": 0.00340488127629293, "params": {"0": 2.6187107687727273, "1": -1.2764840886192204, "2": -0.8875768243003868, "3": -2.3465843307663987, "4": 0.9408673116226582, "5": 0.24948135931588622, "6": 2.9229502914387524, "7": -0.4428355049673378}, "datetime": {"datetime": "2021-06-29 20:32:47", "elapsed": 1148.087744, "delta": 2.66639}}
{"target": 0.004824068680963083, "params": {"0": 1.8719574706450164, "1": -1.3414330416126308, "2": -0.5444003592724638, "3": -1.9558964181822194, "4": 0.4134081982239248, "5": -2.222995966034388, "6": 2.0232462998168526, "7": 0.19551130969052188}, "datetime": {"datetime": "2021-06-29 20:32:53", "elapsed": 1153.684884, "delta": 5.59714}}
{"target": 0.0035884369947005337, "params": {"0": 0.8428643224180634, "1": 1.0749374223372081, "2": -1.785562416754933, "3": 2.6238391110134094, "4": 2.9738527613887875, "5": -2.7109687119915638, "6": 1.204744685747782, "7": -1.9578325782589008}, "datetime": {"datetime": "2021-06-29 20:32:58", "elapsed": 1159.34234, "delta": 5.657456}}
{"target": 0.002954847980709898, "params": {"0": -0.9614745635632866, "1": -0.8702560244495796, "2": 2.3479076149358598, "3": -1.4150571228167947, "4": 0.2802915285790126, "5": 1.7853627587555394, "6": -1.782874587214309, "7": -1.672764437795314}, "datetime": {"datetime": "2021-06-29 20:33:03", "elapsed": 1164.162643, "delta": 4.820303}}
{"target": 0.002997436645809725, "params": {"0": -0.5238207449355725, "1": 2.94153190574338, "2": 1.0675034302522413, "3": -0.4643918247997867, "4": -2.4058710112643062, "5": -1.6724881443786344, "6": -1.6247999274626321, "7": 0.444857261269501}, "datetime": {"datetime": "2021-06-29 20:33:06", "elapsed": 1167.129757, "delta": 2.967114}}
{"target": 0.007900908422173544, "params": {"0": 1.2329628402978674, "1": 2.1789080378087426, "2": -0.7121759039553774, "3": -1.251328757403262, "4": -1.0105153708938877, "5": -0.7394024180785967, "6": 1.7684327598615663, "7": -0.6638679860003842}, "datetime": {"datetime": "2021-06-29 20:33:09", "elapsed": 1170.237974, "delta": 3.108217}}
{"target": 0.009939733751126716, "params": {"0": 1.2805841670600469, "1": -2.6515647586366553, "2": 0.31794507859882337, "3": -2.751296635089301, "4": 1.3150413211309875, "5": -2.959918040807232, "6": 2.8067064298609807, "7": -0.12885622427013477}, "datetime": {"datetime": "2021-06-29 20:33:15", "elapsed": 1176.357228, "delta": 6.119254}}
{"target": 0.0036597510863839175, "params": {"0": 1.5562423101776854, "1": 2.1289012528098707, "2": -0.48536148020738246, "3": -1.6137709907654563, "4": 1.004419606222915, "5": -1.0570337211482506, "6": 2.054016657153152, "7": -0.4981159418029768}, "datetime": {"datetime": "2021-06-29 20:33:22", "elapsed": 1183.302591, "delta": 6.945363}}
{"target": 0.08210393225662152, "params": {"0": 1.212232253167187, "1": -2.590418160463851, "2": 0.5265261433322137, "3": -2.144552769003492, "4": 1.3466071826213817, "5": -1.621159813498682, "6": 2.902897498114463, "7": 0.2904682913119849}, "datetime": {"datetime": "2021-06-29 20:33:29", "elapsed": 1190.310001, "delta": 7.00741}}
{"target": 0.004703309220217103, "params": {"0": 1.3018124719604138, "1": -0.5036902798510914, "2": 2.3745074065011877, "3": -1.9987778465361996, "4": -0.07344334832107124, "5": 0.3831658745509383, "6": -1.1634507980980564, "7": 0.6269074315740228}, "datetime": {"datetime": "2021-06-29 20:33:36", "elapsed": 1197.307975, "delta": 6.997974}}
{"target": 0.0034803844709953664, "params": {"0": 1.99966297348322, "1": -2.3049238579673954, "2": 1.5650971407561833, "3": -2.0487568429286083, "4": 0.2631841857326451, "5": -0.32416056361085754, "6": 2.1657622742113505, "7": -1.5969167549976027}, "datetime": {"datetime": "2021-06-29 20:33:43", "elapsed": 1203.53866, "delta": 6.230685}}
{"target": 0.004126243958411613, "params": {"0": 0.1540385904594883, "1": 0.17609546800311282, "2": 0.49332368753354894, "3": 0.07058254751044046, "4": 0.061642925876887134, "5": -1.6418657271433204, "6": -2.906122638323519, "7": -0.8097835948633416}, "datetime": {"datetime": "2021-06-29 20:33:49", "elapsed": 1210.23418, "delta": 6.69552}}
{"target": 0.0040886813982270774, "params": {"0": -2.5916750468746037, "1": -1.8507254554247328, "2": 2.045944235326309, "3": -0.29175517736713985, "4": 2.025260222963065, "5": 0.7433480357367217, "6": 2.023676382135065, "7": 1.907187872258426}, "datetime": {"datetime": "2021-06-29 20:33:55", "elapsed": 1216.483027, "delta": 6.248847}}
{"target": 0.005233733560231922, "params": {"0": -1.3940689225111393, "1": -0.3604284502079804, "2": -0.6545662433466699, "3": -1.3214747078208, "4": 1.1002687729553156, "5": -1.1301284370486786, "6": 1.6341834774343145, "7": 2.956378005640948}, "datetime": {"datetime": "2021-06-29 20:34:03", "elapsed": 1223.571204, "delta": 7.088177}}
{"target": 0.008640154553369585, "params": {"0": -2.2797528312691204, "1": -1.6203088530678975, "2": 1.1576955942241627, "3": -0.4519034635403818, "4": -1.1989579674234938, "5": -1.8890909208218052, "6": -1.850996399479792, "7": -0.8096865605291286}, "datetime": {"datetime": "2021-06-29 20:34:07", "elapsed": 1227.632146, "delta": 4.060942}}
{"target": 0.003584124805747437, "params": {"0": 0.12351441589868895, "1": -0.25192510105019794, "2": -0.37042135892756267, "3": 1.5122824364955, "4": -1.3758891992008686, "5": 2.3530541093091033, "6": -2.728099959570844, "7": 1.3448357207584873}, "datetime": {"datetime": "2021-06-29 20:34:14", "elapsed": 1235.371849, "delta": 7.739703}}
{"target": 0.0031846510898076354, "params": {"0": -0.9038220940931994, "1": -1.9068497572607448, "2": -1.8006842933415883, "3": 0.02763726801727051, "4": 1.8263038797792683, "5": 2.757781353450363, "6": -1.8836611419193985, "7": -2.2041183512587437}, "datetime": {"datetime": "2021-06-29 20:34:19", "elapsed": 1239.518306, "delta": 4.146457}}
{"target": 0.7958997637992383, "params": {"0": 1.4625352886130587, "1": -0.24563430993769497, "2": -1.1947110709656672, "3": -2.726096110971902, "4": 0.8527491628053596, "5": -2.6166226006362288, "6": 0.9563567096842265, "7": 0.46584638243629417}, "datetime": {"datetime": "2021-06-29 20:34:23", "elapsed": 1243.875651, "delta": 4.357345}}
{"target": 0.0032236689368763303, "params": {"0": 1.0454832003310646, "1": 2.432108738162267, "2": -1.5518763821488541, "3": -1.8391341110105135, "4": -0.15099907718965877, "5": 0.25066585957229126, "6": 1.6304096612669863, "7": -1.5459913002521295}, "datetime": {"datetime": "2021-06-29 20:34:32", "elapsed": 1253.474912, "delta": 9.599261}}
{"target": 0.0035816114890776145, "params": {"0": 1.1250071150918046, "1": 1.8470444991825303, "2": -0.5383397442860716, "3": -1.4269450485612094, "4": -0.7232923283351709, "5": -0.5367755319469554, "6": 2.563600752932561, "7": -1.1430319607443964}, "datetime": {"datetime": "2021-06-29 20:34:38", "elapsed": 1258.603139, "delta": 5.128227}}
{"target": 0.016020869850548337, "params": {"0": 0.9698435935520298, "1": -2.327846427028752, "2": 0.7256956240318857, "3": -2.7324345880320475, "4": 0.9562010963011316, "5": -1.5570233902561224, "6": 2.791277493012922, "7": 0.004973265423834583}, "datetime": {"datetime": "2021-06-29 20:34:43", "elapsed": 1263.77814, "delta": 5.175001}}
{"target": 0.003120332495306351, "params": {"0": 2.016897039331452, "1": 0.8989806820689248, "2": 0.2775301840762907, "3": 0.40359653146497765, "4": 2.884211138136205, "5": 1.1313672792778542, "6": -2.0002060937416, "7": -0.12458539848138139}, "datetime": {"datetime": "2021-06-29 20:34:46", "elapsed": 1267.430716, "delta": 3.652576}}
{"target": 0.004380132640893635, "params": {"0": 1.7165178339915173, "1": -2.181204313554608, "2": 0.3707198434107335, "3": -2.439386283205959, "4": 2.2292823460997937, "5": -1.4543268564781564, "6": 2.7143222867009182, "7": 0.2371795345643144}, "datetime": {"datetime": "2021-06-29 20:34:52", "elapsed": 1272.692534, "delta": 5.261818}}
{"target": 0.004290643740416138, "params": {"0": 1.2320378119611775, "1": -1.367946560798823, "2": -0.8402713308598995, "3": -2.615805806861149, "4": 1.0995570003686206, "5": -2.485281946027512, "6": 1.8311265784730697, "7": -0.1505369172700446}, "datetime": {"datetime": "2021-06-29 20:34:59", "elapsed": 1279.507149, "delta": 6.814615}}
{"target": 0.0051592314658169556, "params": {"0": 0.5984667021179382, "1": 2.7455736842706155, "2": -1.695432812881966, "3": -1.4769108708487217, "4": -0.5832689779632672, "5": -2.117505964392193, "6": 1.1249611780513167, "7": 0.15397513328419388}, "datetime": {"datetime": "2021-06-29 20:35:08", "elapsed": 1288.605269, "delta": 9.09812}}
{"target": 0.0029216195811656953, "params": {"0": -0.44472055431545954, "1": -2.840175424717225, "2": 2.0280531370840524, "3": 1.1071453849298418, "4": -1.0973878107494535, "5": 2.296628571959248, "6": -1.6625997748515522, "7": 1.0338716672149744}, "datetime": {"datetime": "2021-06-29 20:35:12", "elapsed": 1293.000138, "delta": 4.394869}}
{"target": 0.003175174646284718, "params": {"0": 1.435446443554583, "1": 2.219115528241794, "2": 0.21599999954515736, "3": -1.6557450843103751, "4": -0.746443157672454, "5": 0.03721459119453474, "6": 2.019902018731943, "7": -0.7251730744370688}, "datetime": {"datetime": "2021-06-29 20:35:18", "elapsed": 1298.783798, "delta": 5.78366}}
{"target": 0.011058598427470914, "params": {"0": -1.646625351983006, "1": 2.0192204625623997, "2": -2.2395541998728783, "3": -1.121417809875141, "4": -0.7064086323266654, "5": -1.2242998785744228, "6": -0.06264471633581525, "7": 1.0040363172504119}, "datetime": {"datetime": "2021-06-29 20:35:21", "elapsed": 1301.812442, "delta": 3.028644}}
{"target": 0.003787617329873613, "params": {"0": 2.0941522722615167, "1": 2.3355504534501366, "2": -1.1922773519907106, "3": -2.0059210269018672, "4": 0.09448375715848245, "5": -0.9857089296337511, "6": 2.1596879641028934, "7": -0.6821296767354603}, "datetime": {"datetime": "2021-06-29 20:35:26", "elapsed": 1307.131856, "delta": 5.319414}}
{"target": 0.0066283826815148805, "params": {"0": 1.8277069057610404, "1": 0.8033811510065503, "2": 1.2997466935886894, "3": -2.8252828620190655, "4": -1.8951966891856478, "5": -2.5249157475536386, "6": 1.2841779116013434, "7": -0.009546247450281875}, "datetime": {"datetime": "2021-06-29 20:35:33", "elapsed": 1313.921303, "delta": 6.789447}}
{"target": 0.0041512309170565155, "params": {"0": 1.5586146277170991, "1": 2.2249305077646344, "2": -1.723418453708979, "3": -2.02132723201701, "4": 0.07050680189297243, "5": -0.5300773219073958, "6": 2.2635420534943975, "7": 0.4732896952437442}, "datetime": {"datetime": "2021-06-29 20:35:43", "elapsed": 1323.564059, "delta": 9.642756}}
{"target": 0.003090876734628536, "params": {"0": -2.448822394050143, "1": 2.3253976745269096, "2": 2.896218197141402, "3": -0.13835064826389898, "4": 1.7923508257107645, "5": 1.9775624948964392, "6": -0.7385460230132734, "7": -2.7713859221426196}, "datetime": {"datetime": "2021-06-29 20:35:49", "elapsed": 1330.027103, "delta": 6.463044}}
{"target": 0.0035406168672621925, "params": {"0": -2.582901388981636, "1": -1.8739035953320216, "2": 1.5090880270047808, "3": -2.6593976078354618, "4": -0.4316312404802618, "5": -2.5323782811335036, "6": 1.1826205190511647, "7": -0.25152496606490704}, "datetime": {"datetime": "2021-06-29 20:35:55", "elapsed": 1335.69582, "delta": 5.668717}}
{"target": 0.0032258914142477683, "params": {"0": 2.4763211356266543, "1": 2.612544728542999, "2": -0.5044763412177096, "3": -1.3712455525801501, "4": -0.653824020500922, "5": -0.6632778006829123, "6": 2.8022159007430725, "7": -0.37716082983021604}, "datetime": {"datetime": "2021-06-29 20:36:02", "elapsed": 1342.859705, "delta": 7.163885}}
{"target": 0.0047894924869375695, "params": {"0": -0.4125387990746212, "1": -1.6191326377000541, "2": 1.4929915854519509, "3": -1.6689410968254448, "4": -0.14660340763106783, "5": -1.616617415071666, "6": -0.3718693677798264, "7": -0.25059221139015}, "datetime": {"datetime": "2021-06-29 20:36:11", "elapsed": 1352.119705, "delta": 9.26}}
{"target": 0.00306892570058238, "params": {"0": 2.7161624800388697, "1": -0.9211258597930434, "2": 0.9384962776928791, "3": 0.7646906250769057, "4": 2.2333812214101316, "5": -1.9194136406766753, "6": -0.5559056746275264, "7": 1.0144368817274039}, "datetime": {"datetime": "2021-06-29 20:36:17", "elapsed": 1358.241929, "delta": 6.122224}}
{"target": 0.004221890657559504, "params": {"0": 1.4809194284215783, "1": 2.041139057660069, "2": -1.2414549983564755, "3": 2.8643675833879065, "4": 1.2087174140639405, "5": -2.768478214287427, "6": -0.7317723794307618, "7": -0.3254554867380737}, "datetime": {"datetime": "2021-06-29 20:36:21", "elapsed": 1361.55187, "delta": 3.309941}}
