{"target": 0.0030876319092445065, "params": {"0": 1.901010652749731, "1": 0.5662357429858664, "2": 2.85593440998543, "3": 2.409375508015928, "4": 0.5736476016158729, "5": -2.8054420481132576, "6": -2.4385374250951157, "7": -2.6077697097466417}, "datetime": {"datetime": "2021-06-29 20:15:15", "elapsed": 8.921351, "delta": 0.105391}}
{"target": 0.004329758758895028, "params": {"0": -0.28960110785114823, "1": -0.7473910009928533, "2": 2.852100205621719, "3": -1.9921002408023105, "4": 2.836725551595931, "5": 1.6048492131780785, "6": 1.9454270377469864, "7": 0.7956949006679839}, "datetime": {"datetime": "2021-06-29 20:15:16", "elapsed": 9.026329, "delta": 0.104978}}
{"target": 0.00528471370775789, "params": {"0": 1.0123966212403923, "1": -0.13870599887283985, "2": -2.9211818584615665, "3": -0.8819634867490516, "4": -0.047569191038649095, "5": 1.380547266540626, "6": -0.18822994352334455, "7": -0.25557050346341015}, "datetime": {"datetime": "2021-06-29 20:15:16", "elapsed": 9.155194, "delta": 0.128865}}
{"target": 0.0033349853972223496, "params": {"0": -2.1740235543263813, "1": -2.934667597179126, "2": 1.5496695628619772, "3": -1.0802829715339297, "4": 2.906300701161064, "5": -1.678594643045064, "6": -0.967751847109922, "7": 0.14337681399678992}, "datetime": {"datetime": "2021-06-29 20:15:16", "elapsed": 9.254014, "delta": 0.09882}}
{"target": 0.0035650028845155713, "params": {"0": 1.5293487423631964, "1": -0.21685329659822639, "2": -2.2510647413299423, "3": -1.124991729047703, "4": 0.027115018205967623, "5": 1.0430940481012057, "6": 1.620899737872553, "7": -2.217985314273874}, "datetime": {"datetime": "2021-06-29 20:15:16", "elapsed": 9.357491, "delta": 0.103477}}
{"target": 0.0037494826079476243, "params": {"0": -2.862509212065709, "1": 0.11449393327193658, "2": 1.859932263974498, "3": -2.9243773978207424, "4": 1.0348190679224034, "5": 1.1208493599419507, "6": -0.3045194784801746, "7": 2.4887321204516057}, "datetime": {"datetime": "2021-06-29 20:15:16", "elapsed": 9.672565, "delta": 0.315074}}
{"target": 0.003013085316364349, "params": {"0": 0.8661665085419576, "1": -2.968560974091205, "2": -0.09342932691374628, "3": 2.1559068365856, "4": 1.9823974202240366, "5": 0.8949251826748674, "6": 1.04219054339179, "7": 0.47099747873520315}, "datetime": {"datetime": "2021-06-29 20:15:16", "elapsed": 9.794218, "delta": 0.121653}}
{"target": 0.005496340036190607, "params": {"0": -1.355281348998887, "1": 0.3631799432163527, "2": 1.0303787089045215, "3": -0.8854222187015468, "4": 2.134970203523567, "5": -1.8297750839477562, "6": 1.4839248619915395, "7": -1.2623835228787355}, "datetime": {"datetime": "2021-06-29 20:15:16", "elapsed": 9.912123, "delta": 0.117905}}
{"target": 0.0031013035561020183, "params": {"0": 1.6427957234650918, "1": -0.43357602398354267, "2": 1.8461904546732573, "3": -0.8787908239920577, "4": -1.7178405742225131, "5": 1.6037070505305993, "6": -1.1481483142160933, "7": 1.3994704063585655}, "datetime": {"datetime": "2021-06-29 20:15:17", "elapsed": 10.017193, "delta": 0.10507}}
{"target": 0.00341549021989767, "params": {"0": 1.4668389184663928, "1": -1.6716197945507936, "2": -1.7153271790761093, "3": -1.8063124594375999, "4": -2.144889973404932, "5": -0.7375044047559953, "6": -2.840232691850271, "7": -2.3344777857945562}, "datetime": {"datetime": "2021-06-29 20:15:17", "elapsed": 10.119226, "delta": 0.102033}}
{"target": 0.0038341151153249296, "params": {"0": 1.047384142580463, "1": 1.7986592213843178, "2": -2.5168228372296846, "3": -1.6097861370852478, "4": -1.7542460291771138, "5": 2.504001378489784, "6": 1.26788710881892, "7": 0.3233076663084855}, "datetime": {"datetime": "2021-06-29 20:15:17", "elapsed": 10.238427, "delta": 0.119201}}
{"target": 0.002986181912963519, "params": {"0": -1.1728920724762786, "1": 2.009124285790791, "2": -0.38816425422288026, "3": 2.5407372907126513, "4": 1.2363108260155986, "5": -0.13181215220829978, "6": -2.242739377503848, "7": 2.8562613028064856}, "datetime": {"datetime": "2021-06-29 20:15:17", "elapsed": 10.416286, "delta": 0.177859}}
{"target": 0.0034512121365904013, "params": {"0": -2.04099809793544, "1": -1.7843872486820245, "2": -0.41290946903777437, "3": -0.5747885653491167, "4": -2.1194911154142355, "5": 1.3759135161667402, "6": -1.8675295987368843, "7": 0.8633738658699768}, "datetime": {"datetime": "2021-06-29 20:15:17", "elapsed": 10.531216, "delta": 0.11493}}
{"target": 0.002978957481537925, "params": {"0": 1.5258357034577923, "1": -1.7356056475000756, "2": 0.6057254886458399, "3": 1.4935702514750187, "4": 0.8293122637220005, "5": 0.5827638176798944, "6": -1.2271062860670177, "7": 1.389638827449053}, "datetime": {"datetime": "2021-06-29 20:15:17", "elapsed": 10.647426, "delta": 0.11621}}
{"target": 0.005422502598950438, "params": {"0": 2.6718506399996986, "1": -0.4466316584307184, "2": 1.693090900988432, "3": -2.663153762028508, "4": 2.011629614939795, "5": -1.8464998990671138, "6": -0.6294187866601608, "7": -1.1995137244478613}, "datetime": {"datetime": "2021-06-29 20:15:17", "elapsed": 10.931754, "delta": 0.284328}}
{"target": 0.0032119497345072905, "params": {"0": -2.519378137163704, "1": 2.427786017617457, "2": -0.7790749346775705, "3": 0.18418463085683712, "4": -0.035302404622049366, "5": -2.2070331483423713, "6": -1.7612756466634019, "7": -2.542867145806073}, "datetime": {"datetime": "2021-06-29 20:15:18", "elapsed": 11.059881, "delta": 0.128127}}
{"target": 0.00310755319472851, "params": {"0": 0.04753019967172456, "1": -1.4307026890020773, "2": -0.8576303467032487, "3": -2.351608027816579, "4": 1.7253110379150431, "5": -2.3604967392671936, "6": 2.914252942279127, "7": -1.937033013369496}, "datetime": {"datetime": "2021-06-29 20:15:18", "elapsed": 11.155076, "delta": 0.095195}}
{"target": 0.8190273749381544, "params": {"0": 0.43443067460789564, "1": -2.730927992465471, "2": 1.7226977379350048, "3": -1.8623643130902208, "4": 0.16742387044875962, "5": 1.4404652589544291, "6": -2.1004110904964644, "7": 0.30652304512183015}, "datetime": {"datetime": "2021-06-29 20:15:18", "elapsed": 11.256834, "delta": 0.101758}}
{"target": 0.003202658977158132, "params": {"0": -1.7002967500273236, "1": 1.5551762959028679, "2": 1.3374911613372822, "3": -1.940705794337502, "4": 2.171799346002441, "5": -2.881349402901934, "6": 2.1614219845386913, "7": 0.3534228669656301}, "datetime": {"datetime": "2021-06-29 20:15:18", "elapsed": 11.363959, "delta": 0.107125}}
{"target": 0.003151767174731296, "params": {"0": -0.5806771673649047, "1": 1.5524815861340198, "2": 1.3015740101548197, "3": 2.923957048850559, "4": -1.3314897083221033, "5": -2.9772379655439445, "6": 2.6034156498893264, "7": 2.147382627227363}, "datetime": {"datetime": "2021-06-29 20:15:18", "elapsed": 11.466955, "delta": 0.102996}}
{"target": 0.0029895517118625555, "params": {"0": 1.3731052651155355, "1": 0.10013269752923026, "2": 1.2417374714925664, "3": 1.683177341260457, "4": -0.7507443387788437, "5": 1.6219351519797458, "6": 1.5037459150510522, "7": 0.6792672692655586}, "datetime": {"datetime": "2021-06-29 20:15:18", "elapsed": 11.601386, "delta": 0.134431}}
{"target": 0.004625397026857456, "params": {"0": -0.5888044561929755, "1": 1.1838481155860459, "2": -2.981322853048847, "3": 1.6493798803475865, "4": 2.3784996147410817, "5": -1.5641057553749722, "6": -2.2753968941446217, "7": -1.6782960732376344}, "datetime": {"datetime": "2021-06-29 20:15:18", "elapsed": 11.708261, "delta": 0.106875}}
{"target": 0.0033269425450595112, "params": {"0": -1.1874196122594103, "1": 2.2981710513830054, "2": 0.25899858142856713, "3": -1.2797301023614165, "4": -2.1698718612423207, "5": -1.25913322137275, "6": 0.6832265384475154, "7": -1.0551688206153202}, "datetime": {"datetime": "2021-06-29 20:15:18", "elapsed": 11.814638, "delta": 0.106377}}
{"target": 0.0031867617712542295, "params": {"0": -0.25583890985400926, "1": -0.33529735790031356, "2": 1.9688121643890728, "3": -0.44191107458261625, "4": -0.925807072946986, "5": 1.0498296288546314, "6": -1.6711076655988275, "7": -0.1965250564406773}, "datetime": {"datetime": "2021-06-29 20:15:19", "elapsed": 12.052273, "delta": 0.237635}}
{"target": 0.002858266687252442, "params": {"0": -1.1114058760559014, "1": 0.7611336129770079, "2": 2.2641628481688754, "3": -0.3138659991262287, "4": 1.7067445127515386, "5": -0.25820579663069765, "6": 0.9373759903027885, "7": -2.2089541498349874}, "datetime": {"datetime": "2021-06-29 20:15:19", "elapsed": 12.167938, "delta": 0.115665}}
{"target": 0.00303020548036986, "params": {"0": -0.40211095819411113, "1": 2.45587193192962, "2": 0.6328740061856077, "3": 1.6006475234226123, "4": 0.02820364857536628, "5": -0.011666251031955177, "6": 2.0573990411570993, "7": -2.5931583939542775}, "datetime": {"datetime": "2021-06-29 20:15:19", "elapsed": 12.283272, "delta": 0.115334}}
{"target": 0.00771117717711228, "params": {"0": 0.43963362929810756, "1": 2.6565754525976955, "2": 0.10716028903393138, "3": -1.833205142832693, "4": 2.087636354660857, "5": -1.490165145864883, "6": 1.204356218895228, "7": 0.24156564238139921}, "datetime": {"datetime": "2021-06-29 20:15:19", "elapsed": 12.37556, "delta": 0.092288}}
{"target": 0.0028562296419941077, "params": {"0": 2.6930177296813174, "1": 0.7460202144160553, "2": 2.027867772286376, "3": -2.952402742832861, "4": 2.9360403369998282, "5": -2.533712578005681, "6": -1.0672229183113824, "7": 2.676914372740592}, "datetime": {"datetime": "2021-06-29 20:15:19", "elapsed": 12.504014, "delta": 0.128454}}
{"target": 0.00299491007532099, "params": {"0": -2.9463653857725296, "1": 1.9363800325316127, "2": 2.167269830200766, "3": -0.36101511474856496, "4": -1.4655288371644128, "5": 1.8161371177997916, "6": -0.1328279734066733, "7": -2.193968348065823}, "datetime": {"datetime": "2021-06-29 20:15:19", "elapsed": 12.629189, "delta": 0.125175}}
{"target": 0.002931341141470217, "params": {"0": 2.567093956950065, "1": 2.3758198020398904, "2": -0.05072909989838781, "3": 2.1402149791067533, "4": -0.48853184541540795, "5": 1.1007894009978063, "6": -0.6120561635524653, "7": 0.034452104704862485}, "datetime": {"datetime": "2021-06-29 20:15:19", "elapsed": 12.74302, "delta": 0.113831}}
{"target": 0.007132714766038594, "params": {"0": -1.8626897829964362, "1": 2.789933544665483, "2": -1.2347058705344718, "3": -2.379242663301592, "4": -2.1341075986257114, "5": -2.9154462348453425, "6": 1.2956741967743675, "7": 0.38698992144524436}, "datetime": {"datetime": "2021-06-29 20:15:19", "elapsed": 12.850656, "delta": 0.107636}}
{"target": 0.003050333127134335, "params": {"0": 1.7674701071085135, "1": 0.04247953970481877, "2": 1.750926237024923, "3": 1.1745852856310366, "4": 1.6670908611550521, "5": -0.5611027861374822, "6": 0.8866237991248873, "7": -1.9212342138421536}, "datetime": {"datetime": "2021-06-29 20:15:20", "elapsed": 13.070582, "delta": 0.219926}}
{"target": 0.003998260371850246, "params": {"0": -1.0690802196725762, "1": -1.964372279281245, "2": -0.5481766499204257, "3": -1.5514875122064071, "4": -0.5584680352238527, "5": 2.851334054623873, "6": -1.0780840450678124, "7": 2.8949456698493723}, "datetime": {"datetime": "2021-06-29 20:15:20", "elapsed": 13.195583, "delta": 0.125001}}
{"target": 0.003107406201063988, "params": {"0": 0.8178367551359012, "1": -0.7494538896365341, "2": 2.1449069945015795, "3": 0.7175204362114425, "4": -1.4878015192149638, "5": 1.757134067861326, "6": -0.4023689475950216, "7": -0.8549329960173515}, "datetime": {"datetime": "2021-06-29 20:15:20", "elapsed": 13.383256, "delta": 0.187673}}
{"target": 0.0037771345896777594, "params": {"0": -1.0183383808495143, "1": 1.1842132536788368, "2": -1.3880992565626407, "3": 1.8496680822322809, "4": -1.2282672336009133, "5": 0.2647283015121431, "6": -0.07247104916878566, "7": 2.1321384755722184}, "datetime": {"datetime": "2021-06-29 20:15:20", "elapsed": 13.699843, "delta": 0.316587}}
{"target": 0.011805548580384647, "params": {"0": -0.5783956286270788, "1": 0.3122808515738658, "2": -0.5266636654659534, "3": 1.2049237988788912, "4": -1.7801421306453606, "5": 2.3864954975539074, "6": -2.9878899224958664, "7": 1.0413716018453654}, "datetime": {"datetime": "2021-06-29 20:15:24", "elapsed": 17.548512, "delta": 3.848669}}
{"target": 0.002958122902192565, "params": {"0": 1.8326645457440058, "1": -2.089277674299768, "2": -1.057571424689134, "3": -0.4068204502859709, "4": 2.755325363280974, "5": 0.8844117228983053, "6": 0.26390694206398324, "7": 2.6855109494419116}, "datetime": {"datetime": "2021-06-29 20:15:26", "elapsed": 19.069236, "delta": 1.520724}}
{"target": 0.0031908180127675967, "params": {"0": -1.302789435598578, "1": 2.0206196474102356, "2": -2.8854890725770197, "3": -1.7961721955591563, "4": -0.9178609366357495, "5": -2.6713541026777787, "6": 0.1841476099709718, "7": -0.5428891058877339}, "datetime": {"datetime": "2021-06-29 20:15:27", "elapsed": 20.148683, "delta": 1.079447}}
{"target": 0.004266494519655025, "params": {"0": -0.8044892413962761, "1": -0.18487116076279975, "2": 0.22371461225960898, "3": -1.4082527457308678, "4": 2.96911361522929, "5": -1.6570171744788817, "6": -1.489107126693877, "7": 2.36348657931336}, "datetime": {"datetime": "2021-06-29 20:15:28", "elapsed": 21.514234, "delta": 1.365551}}
{"target": 0.0030493083928731226, "params": {"0": -2.2282256584581663, "1": -2.875023798704493, "2": 2.3234362069900873, "3": 1.7965440820791834, "4": 1.8158441399526568, "5": -0.17202871719711954, "6": 1.9569456698963688, "7": 0.6031557112100909}, "datetime": {"datetime": "2021-06-29 20:15:30", "elapsed": 23.42181, "delta": 1.907576}}
{"target": 0.003658888506094378, "params": {"0": 2.7267583060559453, "1": 0.04786535489864718, "2": -1.0235860559317638, "3": 0.22583249851157738, "4": 0.547610885367682, "5": 0.31597166906364826, "6": 0.814415716547928, "7": 2.28237862058141}, "datetime": {"datetime": "2021-06-29 20:15:31", "elapsed": 24.189791, "delta": 0.767981}}
{"target": 0.004390163182640387, "params": {"0": -2.452936526180104, "1": -0.203148573079313, "2": -2.398207407360783, "3": 1.2362869954387081, "4": 0.08545408468859028, "5": -0.07662364875884098, "6": 2.8915780865465184, "7": -1.8116486392369877}, "datetime": {"datetime": "2021-06-29 20:15:32", "elapsed": 25.617455, "delta": 1.427664}}
{"target": 0.003134432722091544, "params": {"0": -2.5052500565274514, "1": -1.5026885130870629, "2": -1.668640257151976, "3": 2.2192051403080173, "4": -1.6291660072501821, "5": -0.505840176755525, "6": -0.7204735370388575, "7": 2.6983252880084496}, "datetime": {"datetime": "2021-06-29 20:15:34", "elapsed": 26.968496, "delta": 1.351041}}
{"target": 0.013602482200561884, "params": {"0": -1.5499133534725908, "1": 2.0410402718560006, "2": 2.1108204588650086, "3": 0.5243769006973924, "4": -1.8100327661307551, "5": -2.3342090420860844, "6": 1.321613316590355, "7": 0.7299278233367978}, "datetime": {"datetime": "2021-06-29 20:15:36", "elapsed": 29.33686, "delta": 2.368364}}
{"target": 0.0030525540103350326, "params": {"0": -1.1739330998451094, "1": 0.02491149865883102, "2": -2.9850212192235572, "3": 2.053552341898052, "4": 1.3357824783465455, "5": -1.6107040936224388, "6": -2.7532679829091573, "7": 1.581980627926268}, "datetime": {"datetime": "2021-06-29 20:15:38", "elapsed": 31.861344, "delta": 2.524484}}
{"target": 0.00529239884141205, "params": {"0": -2.093014411119242, "1": -0.6621132364384303, "2": 1.3725095334297537, "3": 0.6723838243261984, "4": 2.885060419304814, "5": -1.7952594256904333, "6": 0.26764438205238417, "7": -2.3054640310286354}, "datetime": {"datetime": "2021-06-29 20:15:41", "elapsed": 34.164158, "delta": 2.302814}}
{"target": 0.019299756629248137, "params": {"0": 0.8772887688640294, "1": 2.1371481431785124, "2": -0.8776109102371064, "3": -1.648811152361843, "4": -0.11275058028829221, "5": -0.2554917720080283, "6": 2.482866373442871, "7": -0.5281058357169588}, "datetime": {"datetime": "2021-06-29 20:15:43", "elapsed": 36.275868, "delta": 2.11171}}
{"target": 0.003545013588548336, "params": {"0": -1.066593335300281, "1": -2.0886785387061058, "2": -0.5605604554616619, "3": 1.3338993698484707, "4": -2.735695585194458, "5": -1.1312108357752377, "6": -2.1150646048595245, "7": -2.833075438632956}, "datetime": {"datetime": "2021-06-29 20:15:45", "elapsed": 38.322204, "delta": 2.046336}}
{"target": 0.004262774510706816, "params": {"0": -2.0441232414352024, "1": 0.6161974164020898, "2": -2.1115157063701897, "3": 0.008678907535003777, "4": 1.7838306180813142, "5": 1.533499432156547, "6": 0.30401320261464715, "7": -1.4691387738207242}, "datetime": {"datetime": "2021-06-29 20:15:47", "elapsed": 40.687256, "delta": 2.365052}}
{"target": 0.0059116747313627226, "params": {"0": -0.5017778351162914, "1": -2.417503755977607, "2": -2.477180284796564, "3": -0.4924909157938888, "4": -1.1714389120048365, "5": 1.2552037557418814, "6": -2.643945693881516, "7": -2.1130653018731946}, "datetime": {"datetime": "2021-06-29 20:15:48", "elapsed": 41.895252, "delta": 1.207996}}
{"target": 0.005508955060890821, "params": {"0": -1.1680964955734117, "1": -0.3179636875666394, "2": -2.246650969912296, "3": -1.5004726054128052, "4": 2.383763254388091, "5": -2.4543154439582855, "6": 1.396860337844224, "7": 1.0219733987078055}, "datetime": {"datetime": "2021-06-29 20:15:50", "elapsed": 43.930882, "delta": 2.03563}}
{"target": 0.002959627331976554, "params": {"0": 1.0705953919838596, "1": 1.4479130571388037, "2": 2.235654022540656, "3": 0.7743617053894498, "4": -2.4329630039344217, "5": -0.8223142735899218, "6": 0.8250409135081918, "7": -2.69353888681081}, "datetime": {"datetime": "2021-06-29 20:15:51", "elapsed": 44.859189, "delta": 0.928307}}
{"target": 0.0029077220419396485, "params": {"0": 2.674463624604698, "1": 2.923635232519336, "2": 0.7535788639666547, "3": -1.5762547819993844, "4": 2.1858377689809148, "5": 0.6930769254110007, "6": 1.0301931395946227, "7": -2.634132819032457}, "datetime": {"datetime": "2021-06-29 20:15:53", "elapsed": 46.12829, "delta": 1.269101}}
{"target": 0.004312878274134712, "params": {"0": 0.38870339806007603, "1": 1.8519048977060368, "2": 2.8425813500862063, "3": -2.4602357210095036, "4": -0.17028527422075124, "5": -1.1573937178013771, "6": -2.333005606528056, "7": 1.4879575382250145}, "datetime": {"datetime": "2021-06-29 20:15:55", "elapsed": 48.70414, "delta": 2.57585}}
{"target": 0.0030238443955608167, "params": {"0": 1.8827401159152943, "1": 2.4723734082059616, "2": 1.0148990680406724, "3": 0.738309045148088, "4": -0.1665957568538019, "5": 1.8671432801333356, "6": 0.2696364995327185, "7": 2.425906591823521}, "datetime": {"datetime": "2021-06-29 20:15:57", "elapsed": 50.552247, "delta": 1.848107}}
{"target": 0.003402312254191899, "params": {"0": 2.008701918746304, "1": 2.0649254124048815, "2": 0.95701345807917, "3": 1.4092885417155703, "4": -0.6993108879927732, "5": 1.0090616855290184, "6": -0.9700226510697973, "7": -2.583463040321673}, "datetime": {"datetime": "2021-06-29 20:15:58", "elapsed": 51.89713, "delta": 1.344883}}
{"target": 0.003044283115587513, "params": {"0": 1.6101387062108588, "1": -1.813307634017106, "2": 1.5709555376166424, "3": 2.8238740598502057, "4": 0.16174491520886303, "5": -0.6582748904167315, "6": -1.7282223799730623, "7": 1.067753765896751}, "datetime": {"datetime": "2021-06-29 20:16:00", "elapsed": 52.985735, "delta": 1.088605}}
{"target": 0.0030907247144829, "params": {"0": 2.4957611418075647, "1": -1.2172617654695248, "2": 1.7554675560334063, "3": 1.0329869514599483, "4": -1.2424891954654034, "5": -2.7493718028240943, "6": 0.83202474914353, "7": -1.563764617654181}, "datetime": {"datetime": "2021-06-29 20:16:02", "elapsed": 55.873461, "delta": 2.887726}}
{"target": 0.004961286345924937, "params": {"0": -1.1377278392983592, "1": 2.5330600410208, "2": 1.5103699046618138, "3": -0.25979635335052764, "4": 1.8443665967918808, "5": 0.355347483993774, "6": -0.5730322711918028, "7": 1.2273224710937374}, "datetime": {"datetime": "2021-06-29 20:16:04", "elapsed": 57.304851, "delta": 1.43139}}
{"target": 0.003335495080203997, "params": {"0": 0.960495573440876, "1": -2.7609451686045756, "2": -1.6369030220272334, "3": -1.1105353417687804, "4": 1.1293882262959407, "5": -0.16053792161824454, "6": -2.9179868762623355, "7": -1.5040096415259698}, "datetime": {"datetime": "2021-06-29 20:16:05", "elapsed": 58.269941, "delta": 0.96509}}
{"target": 0.0028362234856429153, "params": {"0": 2.3448432261957812, "1": 1.8688258815042857, "2": 1.6153146911040537, "3": 2.249597503556652, "4": 1.885895371625625, "5": 1.2078931951448473, "6": -0.5150677596368771, "7": -1.6063826115606472}, "datetime": {"datetime": "2021-06-29 20:16:06", "elapsed": 59.835434, "delta": 1.565493}}
{"target": 0.0038825967679151072, "params": {"0": -2.1671070184694585, "1": -1.0941217454395984, "2": 1.7590583358559542, "3": 2.440708737998947, "4": 2.689027631006282, "5": -1.4593867938243095, "6": 0.6413387677560847, "7": 2.3327852586820494}, "datetime": {"datetime": "2021-06-29 20:16:07", "elapsed": 60.847324, "delta": 1.01189}}
{"target": 0.004122755252276816, "params": {"0": -0.21210785606126503, "1": 2.83197419377837, "2": -1.394495782496689, "3": 2.001072393038565, "4": 0.5279045083290606, "5": -0.08788822056439383, "6": -1.8986056676680156, "7": -0.6085449194610169}, "datetime": {"datetime": "2021-06-29 20:16:10", "elapsed": 63.64365, "delta": 2.796326}}
{"target": 0.009945818900804123, "params": {"0": 1.9635205515905705, "1": -2.2594812731235527, "2": -0.5677206133583965, "3": -0.8734396335101557, "4": 0.10722082550216827, "5": 2.956755418779826, "6": -1.8968775862738005, "7": -0.23163866720711335}, "datetime": {"datetime": "2021-06-29 20:16:12", "elapsed": 65.58538, "delta": 1.94173}}
{"target": 0.0033317601247642116, "params": {"0": 0.22205705102370832, "1": 2.8145332357879695, "2": 1.6605678593940993, "3": -0.00918266717117966, "4": -2.4896686879624497, "5": 2.9178350696510993, "6": -2.211333976407976, "7": -1.2648236309710652}, "datetime": {"datetime": "2021-06-29 20:16:15", "elapsed": 68.099316, "delta": 2.513936}}
