{"target": 0.0034762768298249084, "params": {"0": -1.0997388810723865, "1": -0.2454708981835072, "2": -0.7826490540818467, "3": -0.7165939252819742, "4": 2.08015709638478, "5": -1.9089132302163774, "6": 2.800116838710295, "7": -1.3827883250927833}, "datetime": {"datetime": "2021-06-29 23:31:31", "elapsed": 11783.513156, "delta": 33.689006}}
{"target": 0.0036225007037059788, "params": {"0": -2.817101971369887, "1": 2.5197225893998514, "2": 2.8200404975449107, "3": 1.6606601297799761, "4": 1.3020396412997624, "5": 0.5095611376630194, "6": -2.0575960889243765, "7": 0.2002083038277611}, "datetime": {"datetime": "2021-06-29 23:32:03", "elapsed": 11814.747595, "delta": 31.234439}}
{"target": 0.0031907288216528307, "params": {"0": 2.5261994617065637, "1": 0.2736986785964586, "2": 2.309712627451682, "3": 0.7937112019151034, "4": 1.2535466499730443, "5": -1.9649704989067884, "6": -2.5656840613606757, "7": 1.1339097441808317}, "datetime": {"datetime": "2021-06-29 23:32:28", "elapsed": 11840.369875, "delta": 25.62228}}
{"target": 0.006687724602106312, "params": {"0": 0.05612865110221188, "1": 1.535636611227022, "2": -1.7116270558937228, "3": -0.9294466094383105, "4": -1.8012731346491235, "5": 1.4225951761733375, "6": -0.5373469374312112, "7": 2.3906973797904723}, "datetime": {"datetime": "2021-06-29 23:32:51", "elapsed": 11863.459431, "delta": 23.089556}}
{"target": 0.004841118199634542, "params": {"0": 0.7975616913435783, "1": -1.5807756636655947, "2": -2.210521546075169, "3": 0.283050573075438, "4": -2.041782943537946, "5": -0.771905165098691, "6": 2.982741908503151, "7": 2.9733857956540657}, "datetime": {"datetime": "2021-06-29 23:33:23", "elapsed": 11895.160045, "delta": 31.700614}}
{"target": 0.003695965277061403, "params": {"0": -0.5354512764852855, "1": -2.3383027778012533, "2": -2.9298169071229543, "3": -0.3683093569359328, "4": -2.589503100991103, "5": -0.9143149834511477, "6": -0.8294898790076068, "7": -2.675229688328108}, "datetime": {"datetime": "2021-06-29 23:34:16", "elapsed": 11948.638516, "delta": 53.478471}}
{"target": 0.0032417507808849594, "params": {"0": 1.0459059959322836, "1": -2.299892608308275, "2": -1.0363387345154615, "3": 2.8626099196053145, "4": -0.1784994229676431, "5": 0.6785173147449193, "6": 0.47784823786464514, "7": -0.42171886033765205}, "datetime": {"datetime": "2021-06-29 23:34:44", "elapsed": 11975.762368, "delta": 27.123852}}
{"target": 0.0060136548275498795, "params": {"0": 2.8335623266953016, "1": 0.030912387689014054, "2": -2.41490773091898, "3": -0.2246068177506153, "4": -2.4680392044634556, "5": -0.42271120436773746, "6": -0.1026825299732872, "7": -0.012622938416362306}, "datetime": {"datetime": "2021-06-29 23:35:12", "elapsed": 12004.553595, "delta": 28.791227}}
{"target": 0.0031836115387003545, "params": {"0": -2.1054328874114088, "1": -0.6513517812474134, "2": 0.4978624767992992, "3": -2.8292004187101973, "4": 2.312806823124628, "5": -1.7937135353113807, "6": 2.354072702064788, "7": -0.6933176041559386}, "datetime": {"datetime": "2021-06-29 23:35:45", "elapsed": 12036.976791, "delta": 32.423196}}
{"target": 0.0034089348416223076, "params": {"0": 0.48481320031427266, "1": -2.9368451792412458, "2": -0.5200174523787551, "3": 1.9111438583416724, "4": -2.3322378282062184, "5": 0.08655761406969731, "6": 1.858249329763427, "7": 1.6240011998059227}, "datetime": {"datetime": "2021-06-29 23:36:02", "elapsed": 12053.959729, "delta": 16.982938}}
{"target": 0.0036526645979814355, "params": {"0": 0.4093015018226147, "1": 0.05507953342709282, "2": -2.5021328755151058, "3": -2.42084295666612, "4": -0.023555176919967558, "5": 1.779569725198562, "6": 2.111031124129374, "7": 0.4493228985355655}, "datetime": {"datetime": "2021-06-29 23:36:23", "elapsed": 12075.114453, "delta": 21.154724}}
{"target": 0.00594502451284614, "params": {"0": -1.5746868321435386, "1": -0.16902113576088773, "2": 0.5657000084685202, "3": 1.479670073927399, "4": 0.09637165347799925, "5": -1.5866895321467482, "6": -2.362538463455855, "7": -2.9195226230161233}, "datetime": {"datetime": "2021-06-29 23:36:44", "elapsed": 12096.364986, "delta": 21.250533}}
{"target": 0.0036803802050808404, "params": {"0": -1.8413085280082826, "1": 0.08094517185862049, "2": 1.3059197634010067, "3": -2.7394373384180257, "4": -2.6697887765263006, "5": 2.759333870248314, "6": 2.310675647989255, "7": -1.4377831863293191}, "datetime": {"datetime": "2021-06-29 23:37:11", "elapsed": 12122.723293, "delta": 26.358307}}
{"target": 0.012046500620689458, "params": {"0": 0.5875259190470659, "1": 2.3445754316875735, "2": -2.6718047704188885, "3": -2.1474643478777358, "4": -0.31852635071729374, "5": 1.6483849885556339, "6": 1.446916716535915, "7": 1.2006262789953084}, "datetime": {"datetime": "2021-06-29 23:37:29", "elapsed": 12140.829049, "delta": 18.105756}}
{"target": 0.0035079139429073205, "params": {"0": -2.2526036090296215, "1": 0.40825977547066294, "2": 2.580200457954083, "3": 0.7490390279236792, "4": -0.18950060854077622, "5": -0.7603735092353743, "6": 2.041234562947986, "7": 1.7840492335365434}, "datetime": {"datetime": "2021-06-29 23:37:46", "elapsed": 12158.35275, "delta": 17.523701}}
{"target": 0.011153302565365088, "params": {"0": -1.1983479661774066, "1": -2.983557915357944, "2": 1.405064718994761, "3": -2.7501487229819714, "4": 2.4197822980934847, "5": 0.9416663919420283, "6": 2.18640113688389, "7": -1.3091565762369977}, "datetime": {"datetime": "2021-06-29 23:38:15", "elapsed": 12187.291916, "delta": 28.939166}}
{"target": 0.0047182107595913365, "params": {"0": -1.7948916319487036, "1": -0.4808436356566155, "2": 1.2079523618921986, "3": -2.966173258414865, "4": 0.5762127353223745, "5": -0.5789540032277638, "6": 0.3480757626246165, "7": 2.8697600990000707}, "datetime": {"datetime": "2021-06-29 23:38:39", "elapsed": 12211.089396, "delta": 23.79748}}
{"target": 0.003746179453125228, "params": {"0": 0.6450822639800258, "1": -0.45013781185300905, "2": -1.0297346833175658, "3": 1.7413952024795663, "4": 2.8272266208918264, "5": -1.234460023389175, "6": -1.4937263678439923, "7": -0.9780586971929646}, "datetime": {"datetime": "2021-06-29 23:39:03", "elapsed": 12235.095919, "delta": 24.006523}}
{"target": 0.002898194218429745, "params": {"0": 2.5957724016579338, "1": 2.2265011541137305, "2": -0.6334533207125501, "3": 0.036940394689905176, "4": 2.2750661446476883, "5": 2.469441980164519, "6": 0.7905520484069761, "7": -2.6576438159809808}, "datetime": {"datetime": "2021-06-29 23:39:27", "elapsed": 12258.895075, "delta": 23.799156}}
{"target": 0.005744740625235807, "params": {"0": 2.831287133017577, "1": 0.3303492685974865, "2": -1.0036326055398535, "3": 1.891886102063335, "4": -1.473824636072688, "5": -2.009713929993446, "6": -2.810857632487978, "7": -2.4496965540630122}, "datetime": {"datetime": "2021-06-29 23:39:57", "elapsed": 12289.185635, "delta": 30.29056}}
{"target": 0.004033047895848967, "params": {"0": -1.2473395287187807, "1": -1.2602488292782985, "2": -1.5751233924741688, "3": -2.9731153639810537, "4": -2.3929802121627066, "5": 2.473710088348465, "6": -1.0108491822823287, "7": 2.6361453908996673}, "datetime": {"datetime": "2021-06-29 23:40:27", "elapsed": 12319.634447, "delta": 30.448812}}
{"target": 0.003424438733923545, "params": {"0": 1.0487534306018649, "1": 2.85805209304025, "2": 0.7633579552563465, "3": 0.6693786843660359, "4": -0.7437702532042536, "5": -1.5981138829859114, "6": -2.9802106530612935, "7": 0.546907168755574}, "datetime": {"datetime": "2021-06-29 23:40:52", "elapsed": 12344.153196, "delta": 24.518749}}
{"target": 0.0029982068109612983, "params": {"0": 2.836968154598356, "1": -2.9863926868617234, "2": 1.0407192434924113, "3": 2.468670679037823, "4": -0.28115512369663964, "5": 1.0402164951113306, "6": -2.3244297422718985, "7": 0.8740198219582922}, "datetime": {"datetime": "2021-06-29 23:41:17", "elapsed": 12368.812802, "delta": 24.659606}}
{"target": 0.004066146966575049, "params": {"0": -2.4722135027651824, "1": 2.1247443486852324, "2": -2.3121927960839974, "3": -2.5881238097482555, "4": -2.6342879490855413, "5": -2.2536185353519116, "6": -2.5484926395077716, "7": -0.48124747732075157}, "datetime": {"datetime": "2021-06-29 23:41:41", "elapsed": 12393.3936, "delta": 24.580798}}
{"target": 0.0046904753759974644, "params": {"0": 1.052431674586284, "1": 2.9324281910840293, "2": -0.9881543669814912, "3": -1.0448964968818886, "4": 2.2953840886386914, "5": -2.2236942634256813, "6": -0.06751228801491393, "7": -1.9108089937194146}, "datetime": {"datetime": "2021-06-29 23:42:06", "elapsed": 12417.723359, "delta": 24.329759}}
{"target": 0.004400747303887499, "params": {"0": -1.5124024244160592, "1": -2.162564971510402, "2": 0.8955186396710886, "3": -0.3397960107922078, "4": 0.40660378886754955, "5": 1.0915679385744639, "6": -2.4732057788436324, "7": -0.44106658512126007}, "datetime": {"datetime": "2021-06-29 23:42:31", "elapsed": 12443.287017, "delta": 25.563658}}
{"target": 0.0034797355845782537, "params": {"0": -0.681969506266995, "1": 1.2958468223880049, "2": -0.9461692280527201, "3": 2.745016805199226, "4": -0.5559016573958635, "5": 2.7564906170472385, "6": -2.567980287368892, "7": 1.3581106136863736}, "datetime": {"datetime": "2021-06-29 23:42:56", "elapsed": 12468.056206, "delta": 24.769189}}
{"target": 0.003330420703475848, "params": {"0": 1.4559202411478216, "1": 2.3320413953558843, "2": 0.2817063326513418, "3": 2.050092782804528, "4": 2.1390494710085015, "5": 2.981597698385924, "6": -0.248251374270958, "7": 0.9344956966310844}, "datetime": {"datetime": "2021-06-29 23:43:13", "elapsed": 12485.131254, "delta": 17.075048}}
{"target": 0.004161070861352001, "params": {"0": 1.8485613300302397, "1": -1.7727750791975483, "2": -2.7420362539761287, "3": 0.7289481918055318, "4": -1.3578117388777802, "5": -0.45618174136464607, "6": -2.446799063242687, "7": -2.3214062225554803}, "datetime": {"datetime": "2021-06-29 23:43:46", "elapsed": 12518.352825, "delta": 33.221571}}
{"target": 0.003914731907361108, "params": {"0": -0.3000870533187028, "1": 2.1699956021889264, "2": -0.3595502697726074, "3": 1.129951708344736, "4": -1.7450651898859497, "5": -2.001401328276617, "6": -0.04600623411708549, "7": 0.0029614896931517976}, "datetime": {"datetime": "2021-06-29 23:44:11", "elapsed": 12542.972595, "delta": 24.61977}}
{"target": 0.004556028189804388, "params": {"0": 2.440989442985498, "1": 1.5556135208985484, "2": -1.8462973234970212, "3": 1.4454136857921078, "4": -0.7621347480726177, "5": -2.3978032306944383, "6": -1.9149605468636837, "7": -2.2690155090937725}, "datetime": {"datetime": "2021-06-29 23:44:32", "elapsed": 12564.146206, "delta": 21.173611}}
{"target": 0.005079162902929753, "params": {"0": 1.1674727687178699, "1": 1.5966792890675974, "2": -1.1450044503505539, "3": -0.7904715766068389, "4": -1.6046561957320216, "5": 1.308459519991235, "6": 2.701865449487615, "7": -2.4814806142955543}, "datetime": {"datetime": "2021-06-29 23:44:57", "elapsed": 12589.219815, "delta": 25.073609}}
{"target": 0.00624642102933816, "params": {"0": 0.9827276172210411, "1": -0.9585503301542992, "2": 0.012762716982542166, "3": -0.4786022241669965, "4": -2.680392590160599, "5": -2.8257491299750797, "6": -1.4122800310980523, "7": -2.6792895820501164}, "datetime": {"datetime": "2021-06-29 23:45:21", "elapsed": 12613.481895, "delta": 24.26208}}
{"target": 0.003513861144621628, "params": {"0": 2.699175038460524, "1": 2.228996812891702, "2": -2.028961139110531, "3": 2.4503305904600348, "4": 2.629704461798835, "5": 2.640862902636087, "6": 2.661551310000557, "7": -1.634202886335356}, "datetime": {"datetime": "2021-06-29 23:45:45", "elapsed": 12636.746183, "delta": 23.264288}}
{"target": 0.006863879621236838, "params": {"0": -0.2233307539560312, "1": 1.1704681531406038, "2": -2.3470825103502317, "3": 1.0449267236981319, "4": 2.880594406001851, "5": -1.0228327587697654, "6": -2.849902518277834, "7": -2.456565912514911}, "datetime": {"datetime": "2021-06-29 23:46:16", "elapsed": 12668.338623, "delta": 31.59244}}
{"target": 0.0035814530563465104, "params": {"0": -0.9894726461305421, "1": -0.8997043037985017, "2": -0.7817974162949888, "3": -2.9410058578088734, "4": 0.9450531373856847, "5": 2.2973333731043972, "6": -1.524025307616232, "7": -0.8228551080264741}, "datetime": {"datetime": "2021-06-29 23:46:51", "elapsed": 12703.44694, "delta": 35.108317}}
{"target": 0.00499965936577004, "params": {"0": 1.0365048768453722, "1": 0.5283199164874492, "2": -0.052157618001659856, "3": 1.2211642269566498, "4": -2.8832459930036487, "5": -2.2931888243034724, "6": 2.1359001256364394, "7": 2.596275589522546}, "datetime": {"datetime": "2021-06-29 23:47:19", "elapsed": 12731.218556, "delta": 27.771616}}
{"target": 0.01175980597512244, "params": {"0": -2.949784204365666, "1": 0.9472447991464508, "2": 1.335680745557875, "3": 1.2585198260782935, "4": -1.1459121548472144, "5": -2.1881649440544058, "6": -1.4241489418042803, "7": -0.18059240463216275}, "datetime": {"datetime": "2021-06-29 23:48:27", "elapsed": 12799.632143, "delta": 68.413587}}
{"target": 0.003805548868458864, "params": {"0": 1.1916046412809278, "1": -1.5116192807312336, "2": 1.8736361180921213, "3": -1.1048947946560823, "4": 0.1567677545266446, "5": -0.16026249090822242, "6": 1.8539140306086273, "7": 2.991907537772641}, "datetime": {"datetime": "2021-06-29 23:48:55", "elapsed": 12827.107179, "delta": 27.475036}}
{"target": 0.0031482968983742752, "params": {"0": -1.3473286058854932, "1": -1.552324297086884, "2": 2.7256533905395415, "3": 1.0024575595525747, "4": 0.3115201656731674, "5": -1.233224714656945, "6": -1.727340360452206, "7": 2.448734847308751}, "datetime": {"datetime": "2021-06-29 23:50:00", "elapsed": 12892.590619, "delta": 65.48344}}
{"target": 0.0032115499722347777, "params": {"0": -0.5566401795805347, "1": 1.2696111982724467, "2": -1.1599677554943952, "3": 2.3920141374157318, "4": 2.3130231175872042, "5": -2.037348255620034, "6": 2.7311523869837044, "7": 2.4651739367183954}, "datetime": {"datetime": "2021-06-29 23:50:33", "elapsed": 12925.017439, "delta": 32.42682}}
{"target": 0.002987137706830748, "params": {"0": -0.33895722411490725, "1": 2.1890583619950217, "2": 2.7149183694545638, "3": 1.0166191265420261, "4": 0.7310837416170903, "5": 0.5370054206228141, "6": 1.717091665937029, "7": 1.368600008163111}, "datetime": {"datetime": "2021-06-29 23:51:04", "elapsed": 12956.413788, "delta": 31.396349}}
{"target": 0.0029846207734184394, "params": {"0": 1.8091545736294172, "1": 2.1496090833969586, "2": 2.7712453895700744, "3": 2.8614115281755392, "4": 2.8215584589081324, "5": 1.2079422918108955, "6": -1.8214804633136918, "7": -0.6881803735100429}, "datetime": {"datetime": "2021-06-29 23:51:33", "elapsed": 12985.238867, "delta": 28.825079}}
{"target": 0.004485494764626742, "params": {"0": 1.5025954451102672, "1": -1.7658166943199771, "2": -1.4926283188866785, "3": -1.5769299362242237, "4": 0.9217700637742006, "5": 1.584802990430222, "6": -0.841173125049878, "7": -2.7229400442757177}, "datetime": {"datetime": "2021-06-29 23:52:03", "elapsed": 13015.62266, "delta": 30.383793}}
{"target": 0.0034154856341556046, "params": {"0": -2.3473966111740925, "1": -0.1641134324094864, "2": 0.45853259192802387, "3": 1.153978319072631, "4": 2.5895203453933817, "5": -2.141460081925379, "6": -1.9029660756680367, "7": 1.464320004035816}, "datetime": {"datetime": "2021-06-29 23:52:31", "elapsed": 13042.989947, "delta": 27.367287}}
{"target": 0.0029882788699905696, "params": {"0": -2.1463630418096997, "1": 2.544952098716143, "2": 0.6193544551524619, "3": -0.4698881324136748, "4": 2.9060726932428773, "5": -0.7339753610130968, "6": 1.684560413314471, "7": -1.5117654525331428}, "datetime": {"datetime": "2021-06-29 23:53:05", "elapsed": 13077.601105, "delta": 34.611158}}
{"target": 0.0039205904497475845, "params": {"0": -0.03840930902983741, "1": -0.9844189164937518, "2": -0.19337704381894483, "3": -2.186964814972225, "4": -1.159814832163894, "5": -2.185300693918332, "6": 2.4086747356897495, "7": 0.7203012495567407}, "datetime": {"datetime": "2021-06-29 23:53:35", "elapsed": 13107.059274, "delta": 29.458169}}
{"target": 0.004648568562564944, "params": {"0": -1.7423907511797856, "1": 2.8649760568574516, "2": -1.6023914539815611, "3": -2.5613320731999476, "4": 0.6516836314971237, "5": -1.828855882565953, "6": -1.0572016052071214, "7": -0.37076483270685934}, "datetime": {"datetime": "2021-06-29 23:53:59", "elapsed": 13131.468802, "delta": 24.409528}}
{"target": 0.004695929532060093, "params": {"0": -2.025432304813962, "1": -0.789227336720904, "2": -2.6214699324364776, "3": 1.9509373403990775, "4": -2.1387253349129645, "5": -1.006751943838006, "6": 1.9913711975195199, "7": 1.9109226778653863}, "datetime": {"datetime": "2021-06-29 23:54:20", "elapsed": 13151.812055, "delta": 20.343253}}
{"target": 0.00426021853504602, "params": {"0": -0.48834522274786263, "1": 2.253164278417078, "2": 1.2769863939348483, "3": 2.686304115490856, "4": 1.3336613058969942, "5": -0.7533542645231517, "6": 2.1816859953082925, "7": 1.7648091546268496}, "datetime": {"datetime": "2021-06-29 23:54:46", "elapsed": 13177.76752, "delta": 25.955465}}
{"target": 0.005480541756366888, "params": {"0": -2.829194116269397, "1": 1.5052460034025348, "2": 1.7869658674382443, "3": -2.7381141834714935, "4": 0.24715812444609053, "5": 2.037343463037832, "6": 2.9754979940458908, "7": -1.9284425308603244}, "datetime": {"datetime": "2021-06-29 23:55:18", "elapsed": 13210.272733, "delta": 32.505213}}
{"target": 0.004487587655082165, "params": {"0": 2.8686082501929473, "1": 1.921839827259598, "2": 1.1045548151064404, "3": 1.4407041746353562, "4": -0.28305942193698375, "5": -0.5188415762407574, "6": -2.797088831376117, "7": -1.2529398368798068}, "datetime": {"datetime": "2021-06-29 23:55:51", "elapsed": 13242.980708, "delta": 32.707975}}
{"target": 0.12671225394934377, "params": {"0": 1.7131741844513622, "1": -2.509872323836066, "2": 2.972505952515757, "3": -0.013227020698765024, "4": -0.16235901318692925, "5": -1.0681321791242289, "6": -2.5022379657253655, "7": 1.025832306513407}, "datetime": {"datetime": "2021-06-29 23:57:00", "elapsed": 13312.575258, "delta": 69.59455}}
{"target": 0.004086055543019204, "params": {"0": -2.382836985454558, "1": 2.0072486512926746, "2": -1.6966016456074653, "3": -0.7697644932149847, "4": -1.0120117647921583, "5": 0.27948275791923205, "6": -1.6139594866709126, "7": -1.2412976104773934}, "datetime": {"datetime": "2021-06-29 23:57:24", "elapsed": 13336.120094, "delta": 23.544836}}
{"target": 0.0036554703337977265, "params": {"0": -1.5142349526581562, "1": 0.23868752838907614, "2": -1.140734935461534, "3": 1.4733480760512432, "4": -2.6736745596970675, "5": 2.2502172659353867, "6": -1.020800699462506, "7": 1.0006766345785314}, "datetime": {"datetime": "2021-06-29 23:58:37", "elapsed": 13408.733524, "delta": 72.61343}}
{"target": 0.004102016954627263, "params": {"0": -1.0682702751028972, "1": 0.21063954156013143, "2": 2.3551635490930254, "3": -1.5872028198706207, "4": -0.25877388748638364, "5": -2.588409691105543, "6": -1.6771379814014524, "7": -2.423775387052666}, "datetime": {"datetime": "2021-06-29 23:59:07", "elapsed": 13439.335293, "delta": 30.601769}}
{"target": 0.009840032355389718, "params": {"0": 1.8743909597394284, "1": -1.8771482613295265, "2": 2.687753209602005, "3": -2.4123308738382443, "4": -1.3487294742152105, "5": -2.195719621022934, "6": -2.621381693741794, "7": 2.2344077434172736}, "datetime": {"datetime": "2021-06-29 23:59:25", "elapsed": 13457.341501, "delta": 18.006208}}
{"target": 0.02015181270907393, "params": {"0": 2.7093355120192886, "1": -2.673398487322766, "2": -0.16694883298506635, "3": -0.6644114368667333, "4": -2.139419069461412, "5": 0.6729085785908842, "6": -1.9371572093452516, "7": 1.7572799136394268}, "datetime": {"datetime": "2021-06-29 23:59:55", "elapsed": 13486.979102, "delta": 29.637601}}
{"target": 0.003337818846493729, "params": {"0": -1.9286757699811214, "1": 0.9683667844742931, "2": -0.6957145953793509, "3": 1.1822559794741787, "4": 1.8340570377895276, "5": -2.033451022226062, "6": 2.8968968803024735, "7": 2.0392046283374894}, "datetime": {"datetime": "2021-06-30 00:00:31", "elapsed": 13523.054897, "delta": 36.075795}}
{"target": 0.0060789060607404945, "params": {"0": 0.7012837243758283, "1": -1.432651226511558, "2": 0.6852958461885512, "3": -2.437444022393523, "4": -0.4999753615870284, "5": 2.0057771486898766, "6": -1.0966879575779396, "7": 2.1103609876188933}, "datetime": {"datetime": "2021-06-30 00:01:01", "elapsed": 13553.013099, "delta": 29.958202}}
{"target": 0.023753335731540055, "params": {"0": -0.0017653977335472248, "1": 0.39210835222282414, "2": -1.8075144699036294, "3": 1.5460253657458711, "4": -2.604165880212263, "5": -1.6377186835149207, "6": -1.491318057354887, "7": 2.448962002400851}, "datetime": {"datetime": "2021-06-30 00:01:24", "elapsed": 13576.279823, "delta": 23.266724}}
{"target": 0.00370344687265355, "params": {"0": -1.1573904965945079, "1": 2.476903404816805, "2": 0.7967533107804012, "3": -1.7225614299457597, "4": -1.5699809526525896, "5": 2.9484103002148956, "6": 2.8763422196610255, "7": -2.1934771263956856}, "datetime": {"datetime": "2021-06-30 00:01:45", "elapsed": 13596.764159, "delta": 20.484336}}
{"target": 0.0031362303688602386, "params": {"0": 0.9520812637747644, "1": 1.9276532374957869, "2": 0.7403310010775996, "3": 2.583026954031933, "4": -2.286634245354958, "5": 0.2322840648796589, "6": 1.878578149349285, "7": 0.7073209931472153}, "datetime": {"datetime": "2021-06-30 00:02:10", "elapsed": 13621.98182, "delta": 25.217661}}
{"target": 0.005353764302805418, "params": {"0": 2.0409090269707697, "1": -0.37247326859193475, "2": -1.4428402755657108, "3": -0.4250669697906879, "4": -0.0991418169795728, "5": -0.5454758534765105, "6": -1.0582687941043538, "7": 1.174513716659927}, "datetime": {"datetime": "2021-06-30 00:02:42", "elapsed": 13653.98732, "delta": 32.0055}}
