{"target": 0.0032772264360704864, "params": {"0": 2.095894334104857, "1": 1.9964471541676003, "2": -1.0581425197279546, "3": 2.1050185424443377, "4": 0.6019739509370501, "5": 2.5982980799175985, "6": 1.216617545402901, "7": 1.0392379571477317}, "datetime": {"datetime": "2021-06-30 00:24:42", "elapsed": 14975.661213, "delta": 25.919354}}
{"target": 0.0034898973591657575, "params": {"0": -2.139700282438087, "1": -1.0917550049157045, "2": -1.661975428637736, "3": 2.0144305510450495, "4": -0.2892379875428235, "5": -0.7083961925545772, "6": -2.8589410029448032, "7": 2.8553746629134213}, "datetime": {"datetime": "2021-06-30 00:25:19", "elapsed": 15012.663177, "delta": 37.001964}}
{"target": 0.0033475953143585883, "params": {"0": -2.3306928329749717, "1": -2.2116718562105504, "2": -1.9151914483424548, "3": -0.4196127957949365, "4": -2.7501564548034665, "5": -1.129970430573748, "6": -2.700811624623487, "7": -2.516826685185899}, "datetime": {"datetime": "2021-06-30 00:25:49", "elapsed": 15042.705369, "delta": 30.042192}}
{"target": 0.0033271630047063613, "params": {"0": -1.8858871808711424, "1": 1.386574115617635, "2": -0.47989983022061633, "3": 1.1968233543706113, "4": -2.40909361114029, "5": 0.4028390983250869, "6": -1.297514728889527, "7": -0.046385521668778296}, "datetime": {"datetime": "2021-06-30 00:26:10", "elapsed": 15063.770984, "delta": 21.065615}}
{"target": 0.028583576114601307, "params": {"0": -0.6065687058637783, "1": 0.4592052320164317, "2": 0.9208271019553171, "3": -0.6081147089911125, "4": 1.887093903293291, "5": -2.305651583830224, "6": 0.3888590522707016, "7": -1.7979736449849861}, "datetime": {"datetime": "2021-06-30 00:26:27", "elapsed": 15080.789982, "delta": 17.018998}}
{"target": 0.003161129371057822, "params": {"0": -1.7697048789465704, "1": 2.655600538037368, "2": 1.8088833984311865, "3": 0.05686851542763982, "4": -0.25076081085120183, "5": 1.5591127583258197, "6": -2.16515678281346, "7": 1.1247068240925646}, "datetime": {"datetime": "2021-06-30 00:26:47", "elapsed": 15101.215167, "delta": 20.425185}}
{"target": 0.008788696261592354, "params": {"0": 1.1420098278761257, "1": 0.1995321328901003, "2": -2.9812135346843847, "3": 0.9342565181171825, "4": -0.7788389661673563, "5": -1.6250578786032603, "6": -1.8724452484827063, "7": -1.7337356446899452}, "datetime": {"datetime": "2021-06-30 00:27:16", "elapsed": 15130.042489, "delta": 28.827322}}
{"target": 0.0033122503188406844, "params": {"0": -0.8027658396809745, "1": -2.696082302259046, "2": -0.02573015207452567, "3": 0.2338795051179563, "4": -1.6484580672913143, "5": 2.7216329386811964, "6": -2.0519116683025036, "7": 0.5766589103949946}, "datetime": {"datetime": "2021-06-30 00:28:07", "elapsed": 15181.237159, "delta": 51.19467}}
{"target": 0.0037748912176290153, "params": {"0": 1.4699148794766685, "1": 1.4321178981107927, "2": -2.7975601230676386, "3": -0.7341834967470939, "4": -2.131670248447488, "5": 1.3753152933568558, "6": -2.6719631944954116, "7": -2.074676046048014}, "datetime": {"datetime": "2021-06-30 00:28:38", "elapsed": 15211.508369, "delta": 30.27121}}
{"target": 0.0035696839794073947, "params": {"0": 1.7208222549446113, "1": -2.937009477508268, "2": -1.674612604747182, "3": -2.171547020662312, "4": -1.986340479151673, "5": 0.11960940500418271, "6": 2.4002304849570724, "7": -0.3572608212406845}, "datetime": {"datetime": "2021-06-30 00:29:08", "elapsed": 15242.319601, "delta": 30.811232}}
{"target": 0.003346799480762255, "params": {"0": -1.6700349801981593, "1": 0.9025416757521518, "2": -0.3983382510579476, "3": 2.3171071127714153, "4": 1.8761547778085905, "5": 0.9620210989949642, "6": -0.7761842160421688, "7": 2.393356282834633}, "datetime": {"datetime": "2021-06-30 00:29:35", "elapsed": 15268.646334, "delta": 26.326733}}
{"target": 0.0031097701745271093, "params": {"0": 2.678244711311075, "1": 0.35475484819991143, "2": -1.387732331718782, "3": 1.8278321878891024, "4": 0.500133079057238, "5": -0.8729083326002147, "6": -2.237341051145262, "7": 0.21929135738829508}, "datetime": {"datetime": "2021-06-30 00:30:00", "elapsed": 15294.086649, "delta": 25.440315}}
{"target": 0.0035665530396592564, "params": {"0": -0.382800819619562, "1": 2.8080720462773243, "2": -2.4714590412011574, "3": -2.219264144564904, "4": -0.9764580263622609, "5": -2.4356740572364224, "6": 1.4846873393286852, "7": -2.2714832357976187}, "datetime": {"datetime": "2021-06-30 00:30:21", "elapsed": 15315.483779, "delta": 21.39713}}
{"target": 0.003540371815410207, "params": {"0": -1.0750367448042362, "1": -1.4648461461232285, "2": -2.507469712823089, "3": 2.1433748161843944, "4": -2.582169269597215, "5": -1.4917834384222477, "6": 1.674730118939955, "7": 2.727285885739052}, "datetime": {"datetime": "2021-06-30 00:30:52", "elapsed": 15345.845591, "delta": 30.361812}}
{"target": 0.0031865602667104993, "params": {"0": 0.7418687037126306, "1": -0.7793983450559852, "2": 2.3817924543297, "3": 2.210898246989725, "4": -1.4514940062912813, "5": 2.751902615077743, "6": -1.9391198224783956, "7": 0.04064482628157329}, "datetime": {"datetime": "2021-06-30 00:31:36", "elapsed": 15390.021456, "delta": 44.175865}}
{"target": 0.0032297767373245198, "params": {"0": 1.719037258306999, "1": 1.442965229007111, "2": 0.4342672814742854, "3": 2.8240651468158653, "4": -0.6622999821751208, "5": 2.957561236272417, "6": -2.343987152349301, "7": 1.2985992443514842}, "datetime": {"datetime": "2021-06-30 00:32:12", "elapsed": 15426.414815, "delta": 36.393359}}
{"target": 0.06683304877851166, "params": {"0": -1.4319039314836908, "1": -1.637382091897452, "2": -2.8319693159253063, "3": 0.4934784809260542, "4": -2.890657625095782, "5": -1.6390558481072002, "6": -2.01666289955146, "7": -2.2068595121573145}, "datetime": {"datetime": "2021-06-30 00:32:43", "elapsed": 15457.475151, "delta": 31.060336}}
{"target": 0.003127663955802505, "params": {"0": -1.6824486824342837, "1": -2.9204597834889774, "2": 0.2624138741311164, "3": -0.12192416724353627, "4": 0.6092186933314463, "5": 1.6868303873270865, "6": 0.08784581361704369, "7": -0.21513139358780498}, "datetime": {"datetime": "2021-06-30 00:33:27", "elapsed": 15501.109986, "delta": 43.634835}}
{"target": 0.0030860483378170197, "params": {"0": -2.4125597644648495, "1": -1.737448808605663, "2": 0.9731310932321939, "3": 2.2750832369311356, "4": -0.4002359939262061, "5": 1.791012365964681, "6": 0.08188193867279381, "7": 0.04724472053175388}, "datetime": {"datetime": "2021-06-30 00:33:53", "elapsed": 15526.51609, "delta": 25.406104}}
{"target": 0.003359507529106485, "params": {"0": -0.3438987586336304, "1": 2.9723051686668622, "2": -1.112123792545745, "3": 0.08304415743770832, "4": -2.6986852023017995, "5": 0.24175134078562222, "6": -2.5596692036125677, "7": -2.5591651118765935}, "datetime": {"datetime": "2021-06-30 00:34:18", "elapsed": 15551.641861, "delta": 25.125771}}
{"target": 0.004277835357400568, "params": {"0": 1.628379603528039, "1": 2.8790340408516766, "2": 1.8242152651367656, "3": -2.0755205933125658, "4": -0.11722341504561085, "5": -2.775005215965871, "6": -0.23645738321838827, "7": 2.4064714402600496}, "datetime": {"datetime": "2021-06-30 00:34:53", "elapsed": 15587.0004, "delta": 35.358539}}
{"target": 0.015254881509887559, "params": {"0": -1.5902116699013713, "1": -1.7917790229444246, "2": -0.8137363376495856, "3": 1.3552369557021606, "4": 2.4696721861737707, "5": -1.940785473384112, "6": 1.1110983346431418, "7": 0.489876972193112}, "datetime": {"datetime": "2021-06-30 00:35:43", "elapsed": 15636.752703, "delta": 49.752303}}
{"target": 0.0030079013682317818, "params": {"0": 1.1176380124085785, "1": -1.0628900221941613, "2": 0.8047908311592717, "3": 1.5193679577285106, "4": 1.9532382669230781, "5": 0.824183975035595, "6": 2.203465330651638, "7": -2.0896475600006292}, "datetime": {"datetime": "2021-06-30 00:36:11", "elapsed": 15664.782096, "delta": 28.029393}}
{"target": 0.0029348725930936318, "params": {"0": 2.210299718551191, "1": -0.08723992171015382, "2": -2.478070806887537, "3": 1.0343032983152192, "4": 1.460691115914588, "5": 0.11452699778607878, "6": -1.1947001293783377, "7": 1.6987773672014717}, "datetime": {"datetime": "2021-06-30 00:36:32", "elapsed": 15686.025265, "delta": 21.243169}}
{"target": 0.0030865265500977187, "params": {"0": 2.78732122459693, "1": 0.6216004984069778, "2": -1.765454406252901, "3": -2.795057331100616, "4": 1.9318013471307491, "5": 0.12047540967586778, "6": 1.8570189432801376, "7": -0.5006267401956399}, "datetime": {"datetime": "2021-06-30 00:37:04", "elapsed": 15717.835033, "delta": 31.809768}}
{"target": 0.002967432998134452, "params": {"0": -1.0860325356252942, "1": 0.359758351683269, "2": 1.8390650363599947, "3": -0.8391380022800101, "4": -0.36773680056353664, "5": 2.3600667844003054, "6": 2.7417706163899904, "7": 2.6710682944161652}, "datetime": {"datetime": "2021-06-30 00:37:38", "elapsed": 15751.634708, "delta": 33.799675}}
{"target": 0.0032119170933436964, "params": {"0": 1.122119194939044, "1": 1.8872963134997214, "2": -0.6500829330905793, "3": -2.1793796047110128, "4": -1.1160080082650874, "5": 0.20922827333233895, "6": -0.18581664306516732, "7": -1.785715028249514}, "datetime": {"datetime": "2021-06-30 00:38:09", "elapsed": 15782.72138, "delta": 31.086672}}
{"target": 0.004475927768890925, "params": {"0": 2.5061675723942054, "1": 0.375334947721246, "2": -0.9341991511491741, "3": 1.8596273693415544, "4": -1.4018993430401903, "5": 0.5638846389098457, "6": 1.4154893972226734, "7": 2.7841222612696743}, "datetime": {"datetime": "2021-06-30 00:39:05", "elapsed": 15838.921741, "delta": 56.200361}}
{"target": 0.0041149194182584945, "params": {"0": -2.3817732244024157, "1": 0.6166746260530505, "2": -1.8485799477805127, "3": -1.5193492012223349, "4": -1.6749207028881046, "5": -1.5415952243960331, "6": 0.9652300265188352, "7": 2.2751028340379094}, "datetime": {"datetime": "2021-06-30 00:39:42", "elapsed": 15875.588704, "delta": 36.666963}}
{"target": 0.0032764043756617098, "params": {"0": -2.3838846498651014, "1": 1.1694223376353197, "2": -2.07393483259942, "3": -0.505991673228519, "4": -0.7029109573986174, "5": -2.45065719607005, "6": -1.2813556513303588, "7": -1.740414256224643}, "datetime": {"datetime": "2021-06-30 00:40:27", "elapsed": 15920.602145, "delta": 45.013441}}
{"target": 0.0032809054885220433, "params": {"0": 0.5118986959770293, "1": -2.94921440053166, "2": 2.3518846231449464, "3": -1.6223813202841824, "4": -1.0021876728662704, "5": 0.9342786533240162, "6": -2.278228365271616, "7": 1.145486968268684}, "datetime": {"datetime": "2021-06-30 00:40:49", "elapsed": 15942.587216, "delta": 21.985071}}
{"target": 0.003700639871154314, "params": {"0": -2.6073843529686602, "1": 2.921250340632616, "2": -1.4500847088623914, "3": 0.7345113231118838, "4": 2.802047130017435, "5": -2.020091393000097, "6": 0.517309907101029, "7": 1.572003021629084}, "datetime": {"datetime": "2021-06-30 00:41:14", "elapsed": 15967.808074, "delta": 25.220858}}
{"target": 0.0030974044418267963, "params": {"0": 2.641651406997224, "1": -1.1915624802713327, "2": -0.04749920195189983, "3": 2.276057746204189, "4": 0.2067127828361781, "5": -2.5849283108868373, "6": -2.220804387270757, "7": 1.3874587736621367}, "datetime": {"datetime": "2021-06-30 00:41:58", "elapsed": 16011.886986, "delta": 44.078912}}
{"target": 0.0029892818806746815, "params": {"0": 2.9293624544522974, "1": -1.657301184380571, "2": -1.2934198062904925, "3": 2.5550993713979935, "4": 1.8156845616056918, "5": 0.8323377760435768, "6": 1.6705016423091408, "7": 2.287728188856917}, "datetime": {"datetime": "2021-06-30 00:42:23", "elapsed": 16037.200792, "delta": 25.313806}}
{"target": 0.0030970154264826823, "params": {"0": 0.37203307493129234, "1": -1.8525537115191788, "2": 0.9517145464458645, "3": -1.6355558785517235, "4": -0.5581643567362464, "5": 2.975449220429261, "6": -0.15527828419134293, "7": 0.8994994697811141}, "datetime": {"datetime": "2021-06-30 00:43:00", "elapsed": 16074.329364, "delta": 37.128572}}
{"target": 0.007651832677787133, "params": {"0": -2.934661092458664, "1": 0.48222639347603646, "2": 1.4087131540598614, "3": -2.4970110816008715, "4": 0.08843922719771857, "5": -0.4791648511157427, "6": -0.043888985103632816, "7": -2.4755999650733544}, "datetime": {"datetime": "2021-06-30 00:43:24", "elapsed": 16098.088985, "delta": 23.759621}}
{"target": 0.0030012216737529828, "params": {"0": 1.4536281974079666, "1": 1.7217270365900088, "2": 0.7808102431037951, "3": -2.917406233871497, "4": 2.400240170463972, "5": -0.11835106548945706, "6": -2.1019725224882446, "7": -2.6329016735008697}, "datetime": {"datetime": "2021-06-30 00:43:52", "elapsed": 16126.23381, "delta": 28.144825}}
{"target": 0.0035408307763322836, "params": {"0": -0.30767442098393527, "1": 2.6301489322758096, "2": -2.6015269165117862, "3": -2.3369704203020722, "4": -1.5277366819437828, "5": 1.923476919646502, "6": 2.6770197934339777, "7": -1.2827629748400327}, "datetime": {"datetime": "2021-06-30 00:44:25", "elapsed": 16159.481236, "delta": 33.247426}}
{"target": 0.004167815005801773, "params": {"0": -0.9681405875481097, "1": 1.2543867014348429, "2": 1.4689856073491718, "3": 1.827618769305305, "4": 2.0650276117394073, "5": -2.1665755130347275, "6": 2.6079886795672325, "7": -1.7293222910059538}, "datetime": {"datetime": "2021-06-30 00:44:54", "elapsed": 16187.609859, "delta": 28.128623}}
{"target": 0.0029347287334092476, "params": {"0": 0.04731697984391925, "1": 1.2185273529168015, "2": 1.124486620098259, "3": 2.9427604138119925, "4": 0.869984632843944, "5": -0.6464741389203876, "6": 1.7216432378889044, "7": -0.11529684098963866}, "datetime": {"datetime": "2021-06-30 00:45:34", "elapsed": 16227.556141, "delta": 39.946282}}
{"target": 0.004288367935098019, "params": {"0": -2.6522009840456753, "1": 2.9288941374135113, "2": -0.38448553665490426, "3": 0.5675725982456385, "4": 1.7736364337664554, "5": 2.8778576088702605, "6": -0.10943247020378433, "7": -1.5481374950354632}, "datetime": {"datetime": "2021-06-30 00:46:01", "elapsed": 16254.655145, "delta": 27.099004}}
{"target": 0.00296308876644813, "params": {"0": -2.897054866426139, "1": -2.90720835117728, "2": -2.124645975293131, "3": 0.696930239225428, "4": -2.0858544358519957, "5": 2.613200295383791, "6": 1.6488874291344926, "7": -1.0159027852864808}, "datetime": {"datetime": "2021-06-30 00:46:29", "elapsed": 16283.118104, "delta": 28.462959}}
{"target": 0.0029710384776001166, "params": {"0": -0.7158546561080033, "1": -0.400540855776514, "2": -2.1718832487235584, "3": 2.0284300796210823, "4": 2.166333881772923, "5": 0.9564584490057815, "6": 2.138710625695242, "7": -2.101675734934978}, "datetime": {"datetime": "2021-06-30 00:47:07", "elapsed": 16320.65019, "delta": 37.532086}}
{"target": 0.0033509167597715176, "params": {"0": 1.4435628887299181, "1": 0.366638454933625, "2": 2.0788668553667886, "3": 2.991883592870435, "4": 0.04433942253958367, "5": 0.4612544768974156, "6": -2.993906872396208, "7": 1.0165876303495276}, "datetime": {"datetime": "2021-06-30 00:47:31", "elapsed": 16345.062854, "delta": 24.412664}}
{"target": 0.004822346482791084, "params": {"0": -1.9293225211611766, "1": -0.14349084700437054, "2": 0.808075815440068, "3": 0.8057303631554591, "4": -1.4328882681168658, "5": 0.4707115086120046, "6": 1.3759473152065, "7": 0.3056702691719311}, "datetime": {"datetime": "2021-06-30 00:47:58", "elapsed": 16371.727234, "delta": 26.66438}}
{"target": 0.0031158562223989805, "params": {"0": 2.171307482403938, "1": -0.9282736807243341, "2": -1.5256037123298887, "3": -0.234250906432937, "4": -0.3441918168462186, "5": -1.7074284988866064, "6": -1.1958126153714137, "7": 0.7705375018175653}, "datetime": {"datetime": "2021-06-30 00:48:32", "elapsed": 16405.939144, "delta": 34.21191}}
{"target": 0.0030559539469831912, "params": {"0": -2.001797779841212, "1": -2.8914737125739713, "2": 1.028171571258759, "3": 2.8593176003121563, "4": -2.1374763158186636, "5": 0.562705765558916, "6": 0.47140201724437825, "7": -1.4563535350671348}, "datetime": {"datetime": "2021-06-30 00:49:18", "elapsed": 16452.37351, "delta": 46.434366}}
{"target": 0.003045457516915847, "params": {"0": -0.5845803325135841, "1": -1.4439734616100879, "2": 0.4477462117494504, "3": -0.20882004781355779, "4": 1.387610071480852, "5": 2.912900058591525, "6": -2.4193402368849553, "7": -1.0989058395221114}, "datetime": {"datetime": "2021-06-30 00:49:51", "elapsed": 16485.450531, "delta": 33.077021}}
{"target": 0.0047094088593123236, "params": {"0": 0.6752067376771631, "1": -1.6640386284602677, "2": -1.482814354900189, "3": -0.07308888635380484, "4": 0.9122483136327642, "5": -1.9252557881239036, "6": -0.936871310108236, "7": 0.32986791436567353}, "datetime": {"datetime": "2021-06-30 00:50:47", "elapsed": 16541.076361, "delta": 55.62583}}
{"target": 0.003025269627655796, "params": {"0": 0.2737584098557502, "1": 1.8187559037901977, "2": 1.306551089554013, "3": 1.4606016682524228, "4": -0.18199871911895205, "5": 2.850278298955973, "6": 2.4405562112527157, "7": 2.7465691762707714}, "datetime": {"datetime": "2021-06-30 00:51:26", "elapsed": 16580.245132, "delta": 39.168771}}
{"target": 0.002966217600968948, "params": {"0": 2.8057238545855645, "1": 0.8326660475015943, "2": -0.1886333321659679, "3": 0.7519957645899726, "4": 2.408476236458476, "5": -0.05393887611259007, "6": 1.9196147864309774, "7": 2.3820412731932032}, "datetime": {"datetime": "2021-06-30 00:51:50", "elapsed": 16604.327443, "delta": 24.082311}}
{"target": 0.007601373151406087, "params": {"0": 0.9284484415947718, "1": -1.3760700377298587, "2": -2.330277833657859, "3": 2.3174302561332443, "4": -2.851783092461889, "5": 0.5119675848289393, "6": 1.5621038712503559, "7": 0.9060036253972679}, "datetime": {"datetime": "2021-06-30 00:52:17", "elapsed": 16630.635452, "delta": 26.308009}}
{"target": 0.003446924281695481, "params": {"0": 2.480484537277432, "1": -1.6396776609504844, "2": -1.582152197869651, "3": -0.6526579162862145, "4": 1.6681027222145843, "5": -0.852266575113307, "6": 2.0674202199811527, "7": -1.5376816941402385}, "datetime": {"datetime": "2021-06-30 00:52:39", "elapsed": 16652.857602, "delta": 22.22215}}
{"target": 0.002884058685914121, "params": {"0": -2.02962235828426, "1": 2.0515532782260584, "2": 1.1181404949015956, "3": -0.3844610373222328, "4": 2.597213072214088, "5": -2.438380963358315, "6": -2.414964048580842, "7": -0.2134012931012368}, "datetime": {"datetime": "2021-06-30 00:53:09", "elapsed": 16683.093666, "delta": 30.236064}}
{"target": 0.003208101417755813, "params": {"0": 2.6624265120487793, "1": -2.4015215840974715, "2": -0.49570905366908447, "3": 1.1279774000331422, "4": 1.2589232894241515, "5": -2.0278668697271294, "6": -0.08490441027498452, "7": 2.9729908778235945}, "datetime": {"datetime": "2021-06-30 00:53:48", "elapsed": 16722.050372, "delta": 38.956706}}
{"target": 0.0032087985188394706, "params": {"0": 1.9229460480889298, "1": -1.9074451031799113, "2": -0.03287214006211947, "3": -1.4775824293866056, "4": 0.12588910520730856, "5": 2.5075587747787367, "6": -0.5463681217111431, "7": -2.1725289051443957}, "datetime": {"datetime": "2021-06-30 00:54:25", "elapsed": 16759.278585, "delta": 37.228213}}
{"target": 0.00316160932331115, "params": {"0": -1.9971787385187663, "1": -0.6209946761852034, "2": 1.6815894901141721, "3": 0.01633700262271942, "4": -2.3585218038270113, "5": -0.9374596715421695, "6": -1.1149368105583286, "7": -2.697293442321291}, "datetime": {"datetime": "2021-06-30 00:54:55", "elapsed": 16788.812821, "delta": 29.534236}}
{"target": 0.0035026766908271894, "params": {"0": -0.9308403400216232, "1": 2.3526515053722177, "2": -0.5537653951665988, "3": -1.6715750675131886, "4": -0.11084431142471374, "5": 1.2649049765901097, "6": -0.33405727796488627, "7": 0.44264088092589926}, "datetime": {"datetime": "2021-06-30 00:55:32", "elapsed": 16825.573439, "delta": 36.760618}}
{"target": 0.0029267950401053807, "params": {"0": -2.3973824493011824, "1": -0.14255372379715414, "2": 0.7049307515343326, "3": 1.0917263992202084, "4": 2.244415700537025, "5": -1.8871751151469205, "6": 0.18675947985617247, "7": 1.0253457684409018}, "datetime": {"datetime": "2021-06-30 00:56:00", "elapsed": 16853.69074, "delta": 28.117301}}
{"target": 0.004961286768883331, "params": {"0": 1.4432959534298666, "1": 1.5677347016169216, "2": -2.6939679387076643, "3": 1.9213002239449208, "4": -2.8526520960220427, "5": -2.4025279600907234, "6": -1.8130047435597785, "7": -0.798237601606373}, "datetime": {"datetime": "2021-06-30 00:56:27", "elapsed": 16881.333071, "delta": 27.642331}}
{"target": 0.011072589675904944, "params": {"0": 1.6689758338560932, "1": 2.214956411236683, "2": -0.4873772461200887, "3": 2.79076712507132, "4": 2.9914429434613297, "5": 1.132406420850911, "6": 0.26935905544422045, "7": -0.676329888864398}, "datetime": {"datetime": "2021-06-30 00:56:48", "elapsed": 16901.60936, "delta": 20.276289}}
{"target": 0.003963488423569953, "params": {"0": 0.9812059171144702, "1": -0.6919881281662921, "2": -1.0849802429065405, "3": -2.540284147324476, "4": -0.209541197523186, "5": -2.3082149655205457, "6": -2.8354595510958998, "7": -1.368640496521827}, "datetime": {"datetime": "2021-06-30 00:57:17", "elapsed": 16930.821811, "delta": 29.212451}}
{"target": 0.003013724465086884, "params": {"0": -1.909796593740629, "1": 0.377003976387547, "2": 0.9154197983749288, "3": -1.718714634666777, "4": 2.2386708746699657, "5": 2.249183683093646, "6": -1.6255932280641747, "7": 0.8025933587908165}, "datetime": {"datetime": "2021-06-30 00:57:42", "elapsed": 16955.997174, "delta": 25.175363}}
{"target": 0.003272988696145859, "params": {"0": -0.20196495406925052, "1": -0.6959776240942257, "2": -2.250685475436329, "3": -1.6972045316487205, "4": -2.7522809894418456, "5": 2.9477807934927034, "6": 2.9023137551413285, "7": -2.623034240251876}, "datetime": {"datetime": "2021-06-30 00:58:13", "elapsed": 16986.654499, "delta": 30.657325}}
