{"target": 0.003929047846547298, "params": {"0": 0.24089593777460072, "1": -0.4210859040669921, "2": 1.6907917796290626, "3": -0.9452435595442235, "4": 1.2033957713360284, "5": -0.9382564538888083, "6": -0.985056006003636, "7": 2.529189263522527}, "datetime": {"datetime": "2021-06-30 03:24:43", "elapsed": 25777.130197, "delta": 66.520042}}
{"target": 0.0029674977299954846, "params": {"0": 1.9953552470826823, "1": -0.48217067578498396, "2": 1.7052791788137345, "3": 0.05517687709021857, "4": -0.9654526181646954, "5": 1.6799257182373104, "6": 2.018801355535004, "7": 0.1158498306807374}, "datetime": {"datetime": "2021-06-30 03:25:45", "elapsed": 25838.67366, "delta": 61.543463}}
{"target": 0.004305220013223992, "params": {"0": -2.0818549636284756, "1": 0.7635893846193804, "2": -1.853946926874673, "3": 2.0779334918004704, "4": 0.07099500924756974, "5": 0.08071540329691018, "6": -2.7651743697967666, "7": 1.9526596849008824}, "datetime": {"datetime": "2021-06-30 03:26:38", "elapsed": 25891.500814, "delta": 52.827154}}
{"target": 0.0029709959585054483, "params": {"0": -0.28353807135430387, "1": -2.8266844680680796, "2": 0.34349518295686243, "3": 2.3064059144775193, "4": 0.9348901056586643, "5": 1.2420976469645346, "6": 1.8649417914045285, "7": 2.679396928517157}, "datetime": {"datetime": "2021-06-30 03:27:37", "elapsed": 25950.828821, "delta": 59.328007}}
{"target": 0.0028951028766843047, "params": {"0": -1.3382980843712342, "1": -2.9394419843434445, "2": 2.9383800460475493, "3": 1.506824981184697, "4": 2.8755284060262394, "5": 2.3536942468284643, "6": -1.364248308574836, "7": -1.8059891805914352}, "datetime": {"datetime": "2021-06-30 03:28:28", "elapsed": 26002.092199, "delta": 51.263378}}
{"target": 0.0030767512595184787, "params": {"0": 0.5812014330675765, "1": 2.4450044479616553, "2": 0.13330552895765724, "3": -1.7739493280554974, "4": 0.6875803674790468, "5": 0.3365747288128773, "6": 2.4625445516914084, "7": -0.30248915632818685}, "datetime": {"datetime": "2021-06-30 03:29:22", "elapsed": 26055.895285, "delta": 53.803086}}
{"target": 0.003389196156388578, "params": {"0": 0.8674763224645252, "1": -2.4079461694551965, "2": 2.6011559082032356, "3": -2.399930523071462, "4": 1.1977077061089467, "5": 2.0582118552798017, "6": -0.5133179090125184, "7": -2.290955307492334}, "datetime": {"datetime": "2021-06-30 03:30:26", "elapsed": 26119.876519, "delta": 63.981234}}
{"target": 0.03879784914636754, "params": {"0": 2.479892328873289, "1": -0.24194213519596497, "2": 1.7435653348512599, "3": 1.6935656561987127, "4": -2.9296844794826957, "5": -1.377985168229607, "6": 2.225882298063061, "7": 2.825595598582958}, "datetime": {"datetime": "2021-06-30 03:31:01", "elapsed": 26155.287278, "delta": 35.410759}}
{"target": 0.003158267188479141, "params": {"0": 2.7032628646137864, "1": 2.0697665714447586, "2": -0.2975730281315445, "3": -1.1826851577755781, "4": -2.5412940190082534, "5": -2.053603000725836, "6": -0.29733633603165943, "7": -2.8019527856281643}, "datetime": {"datetime": "2021-06-30 03:31:38", "elapsed": 26191.734448, "delta": 36.44717}}
{"target": 0.002949731766132933, "params": {"0": 0.32617717101464594, "1": 1.5181527993569848, "2": 0.36530641462834, "3": -2.416648514309683, "4": 2.573693143046289, "5": 2.793169151346903, "6": -2.3708415469591184, "7": 0.038002926872438}, "datetime": {"datetime": "2021-06-30 03:32:27", "elapsed": 26240.963135, "delta": 49.228687}}
{"target": 0.003308726431762287, "params": {"0": 2.7766963481434495, "1": 1.0592052398901544, "2": -0.28694226339722384, "3": 0.19155204627743272, "4": 2.252742013316256, "5": -2.6255461674623617, "6": -1.8578787040277103, "7": 0.40368895461735743}, "datetime": {"datetime": "2021-06-30 03:33:19", "elapsed": 26293.013137, "delta": 52.050002}}
{"target": 0.005185196337706894, "params": {"0": 1.155690436253347, "1": -2.435325002141096, "2": 1.5739924334204733, "3": 0.9678885733662921, "4": 1.8118016399239378, "5": 1.1232824512296933, "6": -0.3547983535012582, "7": -0.777530598966341}, "datetime": {"datetime": "2021-06-30 03:33:55", "elapsed": 26329.456301, "delta": 36.443164}}
{"target": 0.0029701800466840596, "params": {"0": 1.516912157020518, "1": 1.8329199567761094, "2": 1.0732743151504502, "3": 0.6629301035255128, "4": 0.22576488881051393, "5": 0.019487998825899133, "6": -1.1491504785141173, "7": 2.8816316332639715}, "datetime": {"datetime": "2021-06-30 03:34:38", "elapsed": 26371.589218, "delta": 42.132917}}
{"target": 0.005946868714620809, "params": {"0": -1.7455535271047335, "1": -0.8724550677875245, "2": 0.8779009540774734, "3": 1.877796600908873, "4": 2.732673857701669, "5": 2.8453039841969128, "6": -2.3798584572474546, "7": -1.8189816373495347}, "datetime": {"datetime": "2021-06-30 03:35:22", "elapsed": 26415.682564, "delta": 44.093346}}
{"target": 0.0029424801168134126, "params": {"0": -2.8427824986405996, "1": 0.25124371041520766, "2": -2.966771774622649, "3": -0.7612224199250486, "4": -1.7455874437788668, "5": 2.793282098780521, "6": 2.5993152267841193, "7": 0.7572402099254512}, "datetime": {"datetime": "2021-06-30 03:36:07", "elapsed": 26460.860261, "delta": 45.177697}}
{"target": 0.004047098113281656, "params": {"0": 2.4279304342609755, "1": -2.1891630783113794, "2": 1.316573395226139, "3": 2.7026079933863096, "4": 1.068002848066456, "5": 2.1226941684015594, "6": 2.6130409481925643, "7": 2.513370532954861}, "datetime": {"datetime": "2021-06-30 03:37:00", "elapsed": 26513.969644, "delta": 53.109383}}
{"target": 0.0033563802742235618, "params": {"0": 2.9207351326246016, "1": 2.5138998685334517, "2": 2.60350930139536, "3": 2.974717888870134, "4": -0.43682373177824196, "5": -2.2211024742597036, "6": 2.773398242321699, "7": 0.6246350383060326}, "datetime": {"datetime": "2021-06-30 03:37:44", "elapsed": 26558.15376, "delta": 44.184116}}
{"target": 0.017689347445830676, "params": {"0": -1.5412684144455175, "1": -0.8715890581180155, "2": -2.619705141175297, "3": -1.2389454463415248, "4": -0.5198415718245544, "5": -0.31941274538536746, "6": 2.583849359792132, "7": 2.060314840608651}, "datetime": {"datetime": "2021-06-30 03:38:33", "elapsed": 26607.472503, "delta": 49.318743}}
{"target": 0.0029812095899294754, "params": {"0": 2.5771768893181513, "1": 1.3615736532215, "2": 1.89683998666015, "3": 2.728675604252193, "4": 0.048823785789644525, "5": -0.9803947534197923, "6": 1.6826550829513405, "7": 0.500892602999846}, "datetime": {"datetime": "2021-06-30 03:39:18", "elapsed": 26652.054528, "delta": 44.582025}}
{"target": 0.005325728518275455, "params": {"0": -1.6443399433296253, "1": 0.5764555736938304, "2": -0.3881832393596456, "3": -0.3676490839039208, "4": 0.5991718013883753, "5": 2.65023769068023, "6": 1.5110472142200706, "7": -0.39254807340333997}, "datetime": {"datetime": "2021-06-30 03:40:03", "elapsed": 26697.452274, "delta": 45.397746}}
{"target": 0.007114394826296781, "params": {"0": -1.148476383089289, "1": -0.06653109273409274, "2": 0.1802257837100245, "3": 0.0081547699835669, "4": -0.1722239895800448, "5": 2.156678288555561, "6": 0.13017329839619096, "7": 2.528263441631853}, "datetime": {"datetime": "2021-06-30 03:40:53", "elapsed": 26747.352648, "delta": 49.900374}}
{"target": 0.003866959017087933, "params": {"0": -0.2442251697363509, "1": -2.186041928766298, "2": 1.285678498967644, "3": -0.8041222516334425, "4": 2.602557871462441, "5": 1.5815556178055923, "6": -0.16452031541919077, "7": -2.0648812181351084}, "datetime": {"datetime": "2021-06-30 03:41:30", "elapsed": 26784.314431, "delta": 36.961783}}
{"target": 0.0037934057851019905, "params": {"0": -2.5904535025999142, "1": 1.5589152061679794, "2": 2.948007556234093, "3": -1.7899870212887403, "4": -0.24723417645711843, "5": 2.8100461483113675, "6": -0.8481674690388799, "7": 2.796927149204371}, "datetime": {"datetime": "2021-06-30 03:42:04", "elapsed": 26817.676619, "delta": 33.362188}}
{"target": 0.003558414308641678, "params": {"0": 1.7179609144409893, "1": 0.7167029636964619, "2": 2.0902582443812747, "3": -0.13081284408372218, "4": 1.1847940820344762, "5": -0.34302336870347094, "6": -0.1842874145909068, "7": -2.2983717124511593}, "datetime": {"datetime": "2021-06-30 03:43:30", "elapsed": 26903.908789, "delta": 86.23217}}
{"target": 0.0031152923482219005, "params": {"0": 1.229544563904633, "1": -2.322731902466637, "2": -0.24609682078964745, "3": 0.8860559580694498, "4": 0.9055640768223308, "5": 2.9705864777766777, "6": 2.431309088014479, "7": -1.2501588575258813}, "datetime": {"datetime": "2021-06-30 03:44:58", "elapsed": 26992.093416, "delta": 88.184627}}
{"target": 0.002941552470078386, "params": {"0": -0.22456696105858187, "1": 1.7282083931303296, "2": 0.155981769432322, "3": 2.14249999157564, "4": 2.7410291172560095, "5": -0.41750135328520654, "6": -0.11554265633248395, "7": 0.660279444847423}, "datetime": {"datetime": "2021-06-30 03:46:01", "elapsed": 27054.925454, "delta": 62.832038}}
{"target": 0.0028745128970738233, "params": {"0": 0.15288823281295816, "1": 1.633358149329787, "2": -2.795163663796572, "3": 0.1450904456969253, "4": 2.7754348731107417, "5": 1.663902249148169, "6": -1.3774085423994606, "7": 1.1215869315680136}, "datetime": {"datetime": "2021-06-30 03:46:47", "elapsed": 27101.473604, "delta": 46.54815}}
{"target": 0.01731904119028912, "params": {"0": -0.4731321730226501, "1": 1.6550747550783944, "2": 0.32166616905472933, "3": 0.9277509522548177, "4": -2.6205093104413337, "5": -1.5883111030674604, "6": 2.4043593155819574, "7": -2.337467670105796}, "datetime": {"datetime": "2021-06-30 03:47:17", "elapsed": 27131.083045, "delta": 29.609441}}
{"target": 0.00453551616950648, "params": {"0": -1.8983204164464589, "1": 2.2502930017205127, "2": -1.2517678157110728, "3": 1.0367705949330537, "4": -1.692697135329462, "5": 0.30499769629587625, "6": 2.0399668917590734, "7": 0.7134719251559818}, "datetime": {"datetime": "2021-06-30 03:47:59", "elapsed": 27172.900429, "delta": 41.817384}}
{"target": 0.003373696326988882, "params": {"0": 0.6275522158573295, "1": -1.7820419290576475, "2": 0.07490615787493438, "3": 1.3067346785560252, "4": 2.555655551853067, "5": 2.2398723066095547, "6": 1.1608287891423803, "7": -2.7280731003420193}, "datetime": {"datetime": "2021-06-30 03:49:06", "elapsed": 27239.807238, "delta": 66.906809}}
{"target": 0.003423054769146906, "params": {"0": -0.39079416696807145, "1": -0.5464831914476775, "2": -0.3077854075910871, "3": 0.20915556462822948, "4": 0.12229084260351719, "5": -2.662655512283077, "6": -0.5581539567526796, "7": -0.5491844517555524}, "datetime": {"datetime": "2021-06-30 03:49:54", "elapsed": 27287.954296, "delta": 48.147058}}
{"target": 0.0029387907643658425, "params": {"0": -2.1498484637690396, "1": 2.7774549320647086, "2": -1.5630979103815255, "3": 1.6761809640518486, "4": 0.43050825147169736, "5": 1.739000909293031, "6": 1.3862742377740478, "7": 2.7840758061247044}, "datetime": {"datetime": "2021-06-30 03:50:54", "elapsed": 27348.337588, "delta": 60.383292}}
{"target": 0.0030134421988227316, "params": {"0": -1.485746788674639, "1": 2.19870862061497, "2": 1.3766004413905257, "3": -1.3948417008644378, "4": -2.1347966521797024, "5": -1.4817139046138097, "6": 1.765057002885749, "7": -0.025898044907740392}, "datetime": {"datetime": "2021-06-30 03:51:26", "elapsed": 27380.011825, "delta": 31.674237}}
{"target": 0.0031447512484932337, "params": {"0": 1.6852017044385743, "1": -0.9720906998641454, "2": 1.609200572218449, "3": -1.8433579307619503, "4": 1.0790394675711044, "5": 0.458300912260877, "6": -1.5625942306561877, "7": 1.3219148296863894}, "datetime": {"datetime": "2021-06-30 03:52:11", "elapsed": 27424.75998, "delta": 44.748155}}
{"target": 0.0034609759545377026, "params": {"0": -1.037318159623729, "1": 0.3965358497219067, "2": 1.4783026467990217, "3": -2.085259177315799, "4": -0.37864877111285855, "5": 1.0053710670997944, "6": -0.07999375826948363, "7": -0.24466824972595447}, "datetime": {"datetime": "2021-06-30 03:53:02", "elapsed": 27475.639472, "delta": 50.879492}}
{"target": 0.0031171810465225086, "params": {"0": -0.01103658909029459, "1": -2.922613287083424, "2": -1.5451189013921418, "3": -0.7853945469925669, "4": -1.0408849059449774, "5": -0.9493671689730143, "6": 1.4772258068781348, "7": 0.8794738920002505}, "datetime": {"datetime": "2021-06-30 03:53:49", "elapsed": 27523.167764, "delta": 47.528292}}
{"target": 0.00290633112265367, "params": {"0": 0.23717450904217952, "1": -2.3226378394836824, "2": 2.3816696834284583, "3": 1.8667251729475947, "4": -0.3899296078907186, "5": -2.0550509362834926, "6": 2.8906331374164322, "7": -0.27897637027395605}, "datetime": {"datetime": "2021-06-30 03:55:35", "elapsed": 27629.091113, "delta": 105.923349}}
{"target": 0.040881339160222706, "params": {"0": 2.6890934047744306, "1": -0.4508055586504023, "2": -2.9708595490202097, "3": 1.0723043292813506, "4": 1.4365627546492385, "5": 1.0324289013855719, "6": 0.7261264071594424, "7": 0.01896657009973124}, "datetime": {"datetime": "2021-06-30 03:56:33", "elapsed": 27686.813594, "delta": 57.722481}}
{"target": 0.01009011622860707, "params": {"0": 0.5153552181262437, "1": 2.251338372261424, "2": 0.8210315148592162, "3": -0.6400108256298327, "4": -1.3297513240328531, "5": 0.22809018564956762, "6": -0.7384114489620668, "7": -0.7287488689889869}, "datetime": {"datetime": "2021-06-30 03:57:20", "elapsed": 27733.514139, "delta": 46.700545}}
{"target": 0.003550732798743174, "params": {"0": -2.299631074277307, "1": -2.0575122592818382, "2": -1.58208654463511, "3": 2.576495094566136, "4": -1.547542528664325, "5": -0.6797027387862951, "6": 1.052893853721086, "7": -2.3658707886673978}, "datetime": {"datetime": "2021-06-30 03:57:55", "elapsed": 27769.354575, "delta": 35.840436}}
{"target": 0.0029256801433752014, "params": {"0": 1.590177718833103, "1": -0.1576265675058086, "2": -0.7027675043240755, "3": 1.4898644036299151, "4": 1.858931585689918, "5": 1.8357115556149974, "6": -1.9304350485312258, "7": 2.6310331439894146}, "datetime": {"datetime": "2021-06-30 03:58:44", "elapsed": 27817.703937, "delta": 48.349362}}
{"target": 0.014535044550743037, "params": {"0": -2.778116618679369, "1": -1.031874454665224, "2": 1.4015129153658954, "3": -1.5360583877078793, "4": -1.794106228210391, "5": 1.3606534110036836, "6": -1.1084092448875433, "7": -2.746118741320699}, "datetime": {"datetime": "2021-06-30 03:59:46", "elapsed": 27879.872391, "delta": 62.168454}}
{"target": 0.0035426980462184053, "params": {"0": 0.315100411485818, "1": -0.5046014473850304, "2": -0.5177399501536675, "3": -0.78625282911907, "4": -2.007342356852777, "5": -2.7392974658369775, "6": -2.803436199679691, "7": 1.8957157237713824}, "datetime": {"datetime": "2021-06-30 04:00:35", "elapsed": 27928.718468, "delta": 48.846077}}
{"target": 0.0030103305610761125, "params": {"0": -2.7168841767036533, "1": -0.572601512812287, "2": 0.33688649148981975, "3": -0.5677274720834804, "4": 1.194144348276307, "5": 2.4395393632932834, "6": -1.8773604314100745, "7": 0.9687509192776993}, "datetime": {"datetime": "2021-06-30 04:01:25", "elapsed": 27978.513942, "delta": 49.795474}}
{"target": 0.003048215881326073, "params": {"0": -1.8131477017370585, "1": 1.2383578353072595, "2": -1.6742495382446951, "3": -0.7350823273652827, "4": -1.3995783055717346, "5": 2.4059476428510678, "6": 0.315661449488827, "7": 0.3458208852085809}, "datetime": {"datetime": "2021-06-30 04:02:17", "elapsed": 28031.012328, "delta": 52.498386}}
{"target": 0.0033130400332102784, "params": {"0": -2.101370840849838, "1": -1.382602615240685, "2": 2.8177038248252444, "3": -2.4211185501838375, "4": -0.48303551252647026, "5": -0.036532791133558895, "6": -1.2336513811730037, "7": -2.374717152486083}, "datetime": {"datetime": "2021-06-30 04:03:05", "elapsed": 28078.677852, "delta": 47.665524}}
