{"target": 0.002963417083942396, "params": {"0": 1.3736552059376193, "1": -1.4035485715326845, "2": -0.05853938126007474, "3": 0.7313766464528495, "4": 2.769077941114505, "5": -1.8373437461508972, "6": -2.6265840384066745, "7": -0.069900928281724}, "datetime": {"datetime": "2021-06-29 20:22:04", "elapsed": 504.34533, "delta": 2.375169}}
{"target": 0.003083508546505806, "params": {"0": 1.2021785246305399, "1": 1.6201918825448116, "2": 2.905744375341751, "3": -2.2092247092503925, "4": 0.003741256627946221, "5": -1.4620039871457657, "6": -1.2899936835510526, "7": -2.128963144852391}, "datetime": {"datetime": "2021-06-29 20:22:06", "elapsed": 506.278201, "delta": 1.932871}}
{"target": 0.005061140712475078, "params": {"0": 1.2409940031523217, "1": -2.672894829160663, "2": 1.8910522813409631, "3": -1.6025487950443205, "4": 0.03210967857390301, "5": 1.986898484509429, "6": -2.2394033772760302, "7": 0.2735399003812855}, "datetime": {"datetime": "2021-06-29 20:22:10", "elapsed": 510.367081, "delta": 4.08888}}
{"target": 0.003289290995984509, "params": {"0": 2.496072082903596, "1": -2.2262327824194683, "2": 1.0712465835866745, "3": -0.9462168500747272, "4": 1.1214432041428548, "5": 1.7290459592793521, "6": -2.0569520264157086, "7": 0.05357395387142683}, "datetime": {"datetime": "2021-06-29 20:22:12", "elapsed": 511.971334, "delta": 1.604253}}
{"target": 0.003939400514566694, "params": {"0": 1.0695303436755346, "1": 1.3505752954945054, "2": -0.2206977162784618, "3": -0.35820799277801463, "4": -0.2661749855202462, "5": -0.888143861161157, "6": -1.8527135304531077, "7": -2.1620613243350038}, "datetime": {"datetime": "2021-06-29 20:22:15", "elapsed": 515.206443, "delta": 3.235109}}
{"target": 0.0031656210297262197, "params": {"0": 0.7501274347742566, "1": 1.7580906178595814, "2": 1.4585738725842736, "3": 0.03833015556658026, "4": -1.8992717884104755, "5": -0.6467411824589355, "6": -1.6150296067436214, "7": -0.3706424485074331}, "datetime": {"datetime": "2021-06-29 20:22:18", "elapsed": 518.342155, "delta": 3.135712}}
{"target": 0.003989694001685099, "params": {"0": -2.3879109808479226, "1": -2.253133768113002, "2": 2.904715242725459, "3": 0.5888334335519487, "4": 0.821122570453003, "5": -1.8249860038001025, "6": -2.66923136468942, "7": 1.673298322200015}, "datetime": {"datetime": "2021-06-29 20:22:21", "elapsed": 521.497189, "delta": 3.155034}}
{"target": 0.0032865989172707294, "params": {"0": 0.23454825188458672, "1": 1.9841191362155612, "2": -0.5323038285603201, "3": -1.4689210289107755, "4": 1.1794105296883597, "5": -0.6714447701116599, "6": 2.0213356680469285, "7": -0.2884481284348044}, "datetime": {"datetime": "2021-06-29 20:22:24", "elapsed": 524.366614, "delta": 2.869425}}
{"target": 0.003665400859168068, "params": {"0": -2.309102855211428, "1": 1.1380426543189763, "2": -0.44954852509482546, "3": -0.6917962392777515, "4": -0.06776558459795234, "5": 0.38296769673475106, "6": 2.384611243848128, "7": -1.6830869929110805}, "datetime": {"datetime": "2021-06-29 20:22:26", "elapsed": 526.203966, "delta": 1.837352}}
{"target": 0.003945917905420786, "params": {"0": -1.0596032767150532, "1": -1.9334691464941953, "2": 2.912458158298591, "3": -1.9290846223111164, "4": 2.2975651018499343, "5": 2.1096282692186943, "6": 0.7082425940603514, "7": 0.15098732244119795}, "datetime": {"datetime": "2021-06-29 20:22:29", "elapsed": 529.029848, "delta": 2.825882}}
{"target": 0.003009019229784941, "params": {"0": -2.823731205681655, "1": -1.896387430219833, "2": -2.4957825337929966, "3": 1.2517682387680384, "4": -1.3023665762966954, "5": -1.3959440323159282, "6": 1.5875762869596493, "7": 2.0160271298444377}, "datetime": {"datetime": "2021-06-29 20:22:32", "elapsed": 531.993957, "delta": 2.964109}}
{"target": 0.004222814922883383, "params": {"0": -2.3571040982245828, "1": 2.262815360933679, "2": -2.180727930428591, "3": -1.9207551756800239, "4": -0.9583002462643151, "5": 0.6980255504453399, "6": -1.2062471947407665, "7": 0.03190208758707591}, "datetime": {"datetime": "2021-06-29 20:22:34", "elapsed": 534.410022, "delta": 2.416065}}
{"target": 0.004936457431996522, "params": {"0": 1.0637611975471994, "1": 2.981278071231028, "2": -1.9522149957927497, "3": -2.8834219691821383, "4": -0.8302011041470876, "5": -1.1261712986156194, "6": -0.19863117897663507, "7": 2.0592940353709315}, "datetime": {"datetime": "2021-06-29 20:22:37", "elapsed": 536.877357, "delta": 2.467335}}
{"target": 0.0030745215497859977, "params": {"0": -2.0133224434148405, "1": -0.6549766078045707, "2": -1.3542956896013674, "3": -1.3134504111810688, "4": 0.519521734626669, "5": -0.29857655690721474, "6": 2.6570296177301085, "7": 2.061021918178053}, "datetime": {"datetime": "2021-06-29 20:22:40", "elapsed": 540.123471, "delta": 3.246114}}
{"target": 0.0031939301367443014, "params": {"0": -0.831742090656058, "1": -2.449698766521298, "2": 2.5150978621766074, "3": -1.8910268672203487, "4": -0.0625221562671463, "5": 1.6860821990609827, "6": -1.4633349422285467, "7": 0.3352528684387428}, "datetime": {"datetime": "2021-06-29 20:22:42", "elapsed": 542.102344, "delta": 1.978873}}
{"target": 0.0030884696428191633, "params": {"0": -1.9288737089867536, "1": 1.4886075622141002, "2": 2.71685245052522, "3": -1.6932709260625418, "4": 2.3250944280874766, "5": 0.19719516256997505, "6": 1.447708187443416, "7": -0.8317466814630405}, "datetime": {"datetime": "2021-06-29 20:22:44", "elapsed": 544.357988, "delta": 2.255644}}
{"target": 0.004049465669450263, "params": {"0": -2.3593592971005983, "1": 0.7299886198492898, "2": -2.5308491124629056, "3": 1.1681802032808832, "4": -2.2253361016187077, "5": 0.06919712756578189, "6": -0.03169728658330051, "7": 0.6367003353366569}, "datetime": {"datetime": "2021-06-29 20:22:47", "elapsed": 547.12761, "delta": 2.769622}}
{"target": 0.0035080802151476855, "params": {"0": -1.0056877411719365, "1": 2.9419704328816882, "2": 2.583263724359875, "3": -2.3485864635273677, "4": -0.7821747412761235, "5": -2.669011455459801, "6": -1.957757747887323, "7": 2.764066186015633}, "datetime": {"datetime": "2021-06-29 20:22:51", "elapsed": 551.183943, "delta": 4.056333}}
{"target": 0.0037833890970171207, "params": {"0": 1.047548089938159, "1": 1.9981717941361739, "2": -2.7510000001068726, "3": -1.6135739498468136, "4": -2.5015990256746523, "5": 1.7389964714358097, "6": 2.0798600563625538, "7": 0.02551711342450469}, "datetime": {"datetime": "2021-06-29 20:22:53", "elapsed": 552.79329, "delta": 1.609347}}
{"target": 0.007690539202398386, "params": {"0": 0.06324779121320034, "1": -0.004621578850517061, "2": -0.24150107954128153, "3": -2.5214484024991872, "4": -0.898670907525629, "5": -0.6029749024793518, "6": 0.6491485375231134, "7": 2.158762609211328}, "datetime": {"datetime": "2021-06-29 20:22:57", "elapsed": 556.904602, "delta": 4.111312}}
{"target": 0.003186833184488228, "params": {"0": 2.492351853471291, "1": 1.130615618404775, "2": 0.9370588418342196, "3": -2.6200704765878062, "4": -0.6109952167448927, "5": 1.1711682945163924, "6": 2.9924226397259996, "7": 2.6678665174763783}, "datetime": {"datetime": "2021-06-29 20:23:01", "elapsed": 561.024506, "delta": 4.119904}}
{"target": 0.0068750925139653635, "params": {"0": 1.619744151660365, "1": 2.2709681859596067, "2": -2.2034658610948723, "3": -1.7214974281920516, "4": 0.05613300670510224, "5": -0.6896668570332176, "6": -0.5500771893866125, "7": 1.735280705224497}, "datetime": {"datetime": "2021-06-29 20:23:05", "elapsed": 565.173142, "delta": 4.148636}}
{"target": 0.003238573572735911, "params": {"0": 2.4736162281801946, "1": 0.2067064672274963, "2": -1.9935920785211374, "3": -0.23966696355114436, "4": -1.8032248462652671, "5": 2.588325154043453, "6": -2.4368867300514148, "7": 2.881594717151623}, "datetime": {"datetime": "2021-06-29 20:23:09", "elapsed": 568.942577, "delta": 3.769435}}
{"target": 0.003650699079314467, "params": {"0": 2.8991664307917144, "1": 2.4712483749435474, "2": 1.4692901579905957, "3": -1.369793887779478, "4": -0.6763352281946835, "5": -1.2025166293340979, "6": 0.3483138126191667, "7": 0.42249125721149294}, "datetime": {"datetime": "2021-06-29 20:23:12", "elapsed": 572.030824, "delta": 3.088247}}
{"target": 0.003032299648777649, "params": {"0": -1.4297653392469767, "1": 2.3035397022758097, "2": -1.555795951141133, "3": 0.904712971646922, "4": 0.9511364212264137, "5": 0.08210521178482644, "6": 1.2688568747865157, "7": 1.8049993838401415}, "datetime": {"datetime": "2021-06-29 20:23:16", "elapsed": 576.07271, "delta": 4.041886}}
{"target": 0.012839985016861153, "params": {"0": -0.23310778884367078, "1": -2.4637398514117477, "2": 1.9939404943002286, "3": -2.4110218057577137, "4": -0.47592161515716835, "5": 1.9797588795610572, "6": -2.187381376727073, "7": -0.0943998921047271}, "datetime": {"datetime": "2021-06-29 20:23:21", "elapsed": 581.236699, "delta": 5.163989}}
{"target": 0.0035286046778335444, "params": {"0": 0.6398868780369713, "1": 2.054072760318779, "2": -2.307558070937573, "3": -2.339287835593111, "4": -1.386074616233687, "5": 2.182448398428247, "6": 2.0274377035866715, "7": -0.41859040316790797}, "datetime": {"datetime": "2021-06-29 20:23:24", "elapsed": 583.805389, "delta": 2.56869}}
{"target": 0.003189752909250405, "params": {"0": 2.083288875626554, "1": -2.0740197117966064, "2": -0.4638117134761188, "3": 0.9533843850444965, "4": -2.8073498406641244, "5": 2.8276547930785823, "6": -2.3876307211119396, "7": 2.95530942599156}, "datetime": {"datetime": "2021-06-29 20:23:27", "elapsed": 586.921817, "delta": 3.116428}}
{"target": 0.005073397269053253, "params": {"0": -0.1128370505562466, "1": -2.6712949208158854, "2": 1.6678654077148583, "3": -1.8496057719570411, "4": 0.16994242827166595, "5": 2.118500503932645, "6": -1.882919115766012, "7": 0.11111228805390994}, "datetime": {"datetime": "2021-06-29 20:23:29", "elapsed": 589.489931, "delta": 2.568114}}
{"target": 0.016137744461188205, "params": {"0": 1.9025574563351348, "1": -0.9825971576153281, "2": -1.4771591997760938, "3": 0.6345614091531799, "4": 0.7333676104096423, "5": -1.3113538439883434, "6": 1.92734510884656, "7": -0.8116918669665774}, "datetime": {"datetime": "2021-06-29 20:23:32", "elapsed": 591.696094, "delta": 2.206163}}
{"target": 0.0044054445578303745, "params": {"0": -1.0620988281088055, "1": 2.87479104093633, "2": -0.6627228261490794, "3": -2.7647703187013883, "4": -0.0670513419991785, "5": -2.254760956185949, "6": -0.2040666282330319, "7": 0.2543167958414214}, "datetime": {"datetime": "2021-06-29 20:23:35", "elapsed": 594.708718, "delta": 3.012624}}
{"target": 0.008630244270606779, "params": {"0": 1.3631995187807462, "1": -2.7297546451232586, "2": -0.4872930658480996, "3": 1.0774960998031187, "4": -1.1038708290393127, "5": 0.7458603354705939, "6": 2.353893553543064, "7": -1.4871969325216041}, "datetime": {"datetime": "2021-06-29 20:23:39", "elapsed": 598.573106, "delta": 3.864388}}
{"target": 0.004009680764173063, "params": {"0": -0.9029398762320398, "1": -1.9198572103022207, "2": -0.136228972847229, "3": 2.0804943865902032, "4": -2.531470365037796, "5": -0.4007411033751058, "6": -0.8956484460099077, "7": -1.2212248439751172}, "datetime": {"datetime": "2021-06-29 20:23:42", "elapsed": 602.11083, "delta": 3.537724}}
{"target": 0.004418238404924113, "params": {"0": 1.007592544024078, "1": 2.9555015999899625, "2": -0.8418805257083672, "3": -2.00148297903778, "4": -0.5330432205486648, "5": -1.0224549746405684, "6": 2.247048040711114, "7": -1.0858303957103257}, "datetime": {"datetime": "2021-06-29 20:23:45", "elapsed": 604.629529, "delta": 2.518699}}
{"target": 0.002886273717578598, "params": {"0": -1.4903627418646288, "1": 0.3108469134298204, "2": 0.3860273278788844, "3": -0.24610659262337276, "4": 2.286627336686281, "5": -0.44747954166780834, "6": 2.1567730910440037, "7": 0.8748530440199827}, "datetime": {"datetime": "2021-06-29 20:23:49", "elapsed": 609.126282, "delta": 4.496753}}
{"target": 0.0035563687560640194, "params": {"0": 2.7754833848419995, "1": -0.35405037963195873, "2": 1.6595399879908577, "3": 0.0671084283614074, "4": -0.7513050335430589, "5": 0.1597044585691596, "6": -2.5298838821635257, "7": -1.4814577600501382}, "datetime": {"datetime": "2021-06-29 20:23:52", "elapsed": 611.846749, "delta": 2.720467}}
{"target": 0.0036266776163668317, "params": {"0": 0.9966737995220241, "1": 2.081247764233596, "2": -0.6854098338356938, "3": -2.90164635599032, "4": -0.9560994267768357, "5": -0.47450965549889723, "6": 0.3832628889805294, "7": 2.2566736941721572}, "datetime": {"datetime": "2021-06-29 20:23:56", "elapsed": 615.817603, "delta": 3.970854}}
{"target": 0.0038047524670838597, "params": {"0": 1.021347792675205, "1": -1.013011034113334, "2": -1.6264284019942612, "3": -1.787018864239602, "4": 0.7524903102873619, "5": 1.2527610950445833, "6": -0.8927745474413094, "7": -1.515110359997698}, "datetime": {"datetime": "2021-06-29 20:23:59", "elapsed": 619.097816, "delta": 3.280213}}
{"target": 0.0030706707032972236, "params": {"0": -0.6258442253241645, "1": -0.0488179140592111, "2": 2.5148567907307235, "3": -1.6689379057777907, "4": 0.6572147272772426, "5": 1.1280775877999334, "6": 0.7378758347540435, "7": -2.2461726742968575}, "datetime": {"datetime": "2021-06-29 20:24:02", "elapsed": 621.951471, "delta": 2.853655}}
{"target": 0.002948190352440184, "params": {"0": -0.4729048992684879, "1": -0.06647604065143353, "2": 0.9845275544848322, "3": 2.2696168214270145, "4": 1.666689918504634, "5": -2.3430040663684606, "6": -0.6683025049751623, "7": 2.583997823263166}, "datetime": {"datetime": "2021-06-29 20:24:03", "elapsed": 623.264887, "delta": 1.313416}}
{"target": 0.0031155344110969847, "params": {"0": 0.9244322024677385, "1": -1.3398373481428694, "2": -1.592985523049173, "3": 1.7436201799893514, "4": 1.8903853313030794, "5": 0.699562484402418, "6": 2.2441765091229975, "7": 2.3339574889417083}, "datetime": {"datetime": "2021-06-29 20:24:06", "elapsed": 626.303996, "delta": 3.039109}}
{"target": 0.0031016018658937975, "params": {"0": 2.6125240770969853, "1": -0.9495041875705699, "2": 1.7193778577586976, "3": 1.417171740419966, "4": -1.3340221679299833, "5": -0.17951150473240762, "6": -2.8934728439856583, "7": -1.345085983346857}, "datetime": {"datetime": "2021-06-29 20:24:10", "elapsed": 629.507247, "delta": 3.203251}}
{"target": 0.003112405840665871, "params": {"0": -1.784570777999332, "1": 2.1383153112242876, "2": -1.5471685024846376, "3": -2.762567372228233, "4": -2.3611975995318266, "5": -1.3626069589059426, "6": -1.582301360397714, "7": 0.6768991874266708}, "datetime": {"datetime": "2021-06-29 20:24:13", "elapsed": 633.2892, "delta": 3.781953}}
{"target": 0.004077810751267846, "params": {"0": -0.3121582525440574, "1": -1.2687774420253932, "2": 1.867689746824695, "3": 0.4625442371732942, "4": -2.0727121907326724, "5": -1.7372443897221213, "6": -0.17584388899255288, "7": -1.4502833136045454}, "datetime": {"datetime": "2021-06-29 20:24:16", "elapsed": 635.737412, "delta": 2.448212}}
{"target": 0.0031024371057161645, "params": {"0": -1.7632811150740453, "1": 1.6698243000712791, "2": -2.924053671585942, "3": -2.969140482470103, "4": -1.0165134535524707, "5": 0.5499057566266066, "6": 2.3116729306227892, "7": -1.5386381983383328}, "datetime": {"datetime": "2021-06-29 20:24:20", "elapsed": 639.782039, "delta": 4.044627}}
{"target": 0.00424522301524781, "params": {"0": -1.9611114208284288, "1": -0.4843285622081783, "2": -2.480879092495377, "3": -0.7401472533755395, "4": 0.6312037110700919, "5": -1.38973171414107, "6": -1.5669433691150418, "7": -0.5938666595147506}, "datetime": {"datetime": "2021-06-29 20:24:24", "elapsed": 644.077956, "delta": 4.295917}}
{"target": 0.0029133335858049854, "params": {"0": 0.9670522243067952, "1": -1.8139475001179683, "2": -0.37959152058879964, "3": 0.7492588699917735, "4": 2.466080509210104, "5": 1.2919427094303098, "6": -1.150693199488376, "7": 2.351448794279472}, "datetime": {"datetime": "2021-06-29 20:24:28", "elapsed": 647.645286, "delta": 3.56733}}
{"target": 0.004749740283918107, "params": {"0": -1.5358932143458808, "1": 0.978811050779806, "2": 0.972113744430005, "3": -2.6388044576448495, "4": 0.8002565453456656, "5": -2.850281751541077, "6": 0.0454007944325463, "7": -1.2908802250102727}, "datetime": {"datetime": "2021-06-29 20:24:31", "elapsed": 651.42206, "delta": 3.776774}}
{"target": 0.00303654431262292, "params": {"0": -0.8521641066349313, "1": 1.0593285317451366, "2": -1.3229857465427217, "3": 1.2523792179970128, "4": -2.2701165835747767, "5": -0.8350027945752898, "6": -0.29446086054470744, "7": 1.4696651954210624}, "datetime": {"datetime": "2021-06-29 20:24:35", "elapsed": 655.467242, "delta": 4.045182}}
{"target": 0.003103154353834972, "params": {"0": -2.9667660364301547, "1": -1.7712244549390206, "2": -2.38134135169876, "3": -0.23534391285275946, "4": 0.0732572770247053, "5": 1.8911318302133342, "6": -0.811630551209892, "7": -0.5654747765713473}, "datetime": {"datetime": "2021-06-29 20:24:39", "elapsed": 659.152086, "delta": 3.684844}}
{"target": 0.003199064874757569, "params": {"0": -1.679945486487989, "1": 0.29413914951248277, "2": -0.6971679676108948, "3": -2.8893578460756952, "4": 1.237857118185186, "5": 2.065069167504072, "6": -2.6353912299152427, "7": 1.6069327833194755}, "datetime": {"datetime": "2021-06-29 20:24:42", "elapsed": 662.397872, "delta": 3.245786}}
{"target": 0.0032063669573238448, "params": {"0": 1.52404175477934, "1": 2.5902639743544587, "2": 2.2121777816628683, "3": 2.134983755613086, "4": -2.0653893951794764, "5": 2.9296971940908882, "6": 1.4767818242838349, "7": 2.5714752384981985}, "datetime": {"datetime": "2021-06-29 20:24:45", "elapsed": 665.19658, "delta": 2.798708}}
{"target": 0.03727328039304826, "params": {"0": 1.2451175781307606, "1": -0.4714274388052635, "2": 1.5525544413498622, "3": -0.4556673062805241, "4": -0.560206457592427, "5": -0.8650538525910259, "6": -0.4516912087233882, "7": 1.8595012611731354}, "datetime": {"datetime": "2021-06-29 20:24:51", "elapsed": 670.837765, "delta": 5.641185}}
{"target": 0.0033863835096841232, "params": {"0": -2.3024748961190777, "1": -2.9091754067273685, "2": -0.29343657375521737, "3": 2.632849359570611, "4": -1.4925762554155262, "5": 1.5759407389814548, "6": 2.3283289209092075, "7": 1.8848700553139253}, "datetime": {"datetime": "2021-06-29 20:24:54", "elapsed": 673.698793, "delta": 2.861028}}
{"target": 0.0035957875910107924, "params": {"0": 1.6961327898101084, "1": -1.3154318606789388, "2": -0.8881406201332975, "3": 0.5018587640574381, "4": 0.843626538581153, "5": -1.2736615687645136, "6": 2.6613104695365912, "7": -0.4004149744015746}, "datetime": {"datetime": "2021-06-29 20:24:57", "elapsed": 677.259615, "delta": 3.560822}}
{"target": 0.0029097062509820686, "params": {"0": -0.9322261741148692, "1": -1.6074055885949203, "2": -0.13074221355366422, "3": 0.9525483865770461, "4": 2.2430566597306827, "5": 1.1814838637852967, "6": 1.3888298163266741, "7": -1.89044252324426}, "datetime": {"datetime": "2021-06-29 20:25:00", "elapsed": 679.868069, "delta": 2.608454}}
{"target": 0.003461365943326864, "params": {"0": -2.8570261495764324, "1": 0.3128816481911949, "2": -0.5279823319917214, "3": 0.16092165013123072, "4": 0.6321139843322152, "5": 0.8586927888190337, "6": 1.5153965161157865, "7": -1.3253870126391671}, "datetime": {"datetime": "2021-06-29 20:25:05", "elapsed": 684.640612, "delta": 4.772543}}
{"target": 0.0037556525651763497, "params": {"0": 2.3981360026231044, "1": -2.4437821199721843, "2": -1.2115971558226641, "3": 2.8212744836911563, "4": -0.6605119700514823, "5": -1.9835780334944255, "6": -0.6917801955941538, "7": -2.555967534848995}, "datetime": {"datetime": "2021-06-29 20:25:08", "elapsed": 687.874397, "delta": 3.233785}}
{"target": 0.0034003139085841483, "params": {"0": 1.6697433152518109, "1": -1.365520275454275, "2": 2.1240506341579515, "3": -2.4673881190546405, "4": -0.4462058343311339, "5": -0.4415278619883054, "6": 2.055434128438068, "7": -2.1592596628097436}, "datetime": {"datetime": "2021-06-29 20:25:11", "elapsed": 690.725435, "delta": 2.851038}}
{"target": 0.0032297068386641977, "params": {"0": 1.3660047413117278, "1": 2.330419307380864, "2": -0.9168570386507202, "3": -2.531959831566909, "4": -0.4703497210729064, "5": -0.38316890783004887, "6": 0.21316598285267307, "7": 1.5184689963474565}, "datetime": {"datetime": "2021-06-29 20:25:16", "elapsed": 696.129559, "delta": 5.404124}}
{"target": 0.008904581769287228, "params": {"0": 0.9546690005491563, "1": 2.521713394955418, "2": -1.0547437519792446, "3": -1.5130718827006544, "4": -0.8721869434411174, "5": -0.06674438340770195, "6": 2.3289876046105373, "7": -1.0890770095254318}, "datetime": {"datetime": "2021-06-29 20:25:21", "elapsed": 700.704649, "delta": 4.57509}}
{"target": 0.003185287586299807, "params": {"0": 0.8876679137165873, "1": 2.731811815057692, "2": -0.04834867655766795, "3": -1.6739228600307985, "4": 2.7120500091474566, "5": -1.4674871469208013, "6": 1.0609610976824406, "7": 0.74101163883756}, "datetime": {"datetime": "2021-06-29 20:25:27", "elapsed": 706.653523, "delta": 5.948874}}
{"target": 0.003013122045141031, "params": {"0": -1.4818060076183774, "1": 1.8919361271987922, "2": 1.8222470543570326, "3": 1.9012600887608926, "4": -0.48003500904213503, "5": -0.6213432784427235, "6": -0.6137126357764822, "7": 2.451033181396478}, "datetime": {"datetime": "2021-06-29 20:25:30", "elapsed": 709.700194, "delta": 3.046671}}
{"target": 0.004278894736086083, "params": {"0": -2.6739219961915914, "1": -2.512033983709527, "2": -1.3191638081026875, "3": 1.9837195186180736, "4": -1.676524051524003, "5": -1.619258315537503, "6": 2.0974156069909746, "7": 0.8782953152634683}, "datetime": {"datetime": "2021-06-29 20:25:31", "elapsed": 711.02405, "delta": 1.323856}}
