{"target": 0.0029887606723495675, "params": {"0": -2.091547255782767, "1": 2.321493978802666, "2": 2.3320920414187434, "3": -2.8460363953241528, "4": 1.123937762160942, "5": 1.5907905271361598, "6": 1.8095658298468162, "7": 1.685357131887569}, "datetime": {"datetime": "2021-06-29 20:30:21", "elapsed": 1002.632261, "delta": 5.628019}}
{"target": 0.003069608952687394, "params": {"0": 2.6358084300709157, "1": 2.3382041428940648, "2": -0.2641479560152602, "3": 0.5097543952446815, "4": -0.8200058649406099, "5": -1.8036663816191, "6": 2.2390739204653958, "7": 1.71696110499916}, "datetime": {"datetime": "2021-06-29 20:30:24", "elapsed": 1005.261659, "delta": 2.629398}}
{"target": 0.0035407271141757856, "params": {"0": -1.430944618868431, "1": -1.6033230310394029, "2": -1.5437100608543801, "3": -2.4526300890725947, "4": -0.9411716288779859, "5": 0.49383257849761364, "6": 1.0286242752422012, "7": -0.6661079671763965}, "datetime": {"datetime": "2021-06-29 20:30:27", "elapsed": 1007.93999, "delta": 2.678331}}
{"target": 0.009502144674715954, "params": {"0": 1.10223403992671, "1": 2.317365881717371, "2": 0.4443661845332043, "3": -1.2629685687319558, "4": -0.9806217225589742, "5": -1.2582882150517267, "6": 2.6922098974333677, "7": -2.4772152678236337}, "datetime": {"datetime": "2021-06-29 20:30:32", "elapsed": 1012.779612, "delta": 4.839622}}
{"target": 0.003550802078825809, "params": {"0": 2.0705165246860693, "1": 1.5628801552669191, "2": 0.8844491808679855, "3": -2.4460161727148124, "4": -1.3899196236215179, "5": -1.0890984850889094, "6": -2.737824022303181, "7": -1.4646740142325114}, "datetime": {"datetime": "2021-06-29 20:30:41", "elapsed": 1021.997063, "delta": 9.217451}}
{"target": 0.0035191616657189255, "params": {"0": -0.7917569244820055, "1": 1.1466384283772344, "2": -0.15343358560608777, "3": 0.9292161323265096, "4": 2.8483151563667723, "5": 1.8139051292676749, "6": 0.7674955136793558, "7": -0.9475046671609526}, "datetime": {"datetime": "2021-06-29 20:30:45", "elapsed": 1026.15922, "delta": 4.162157}}
{"target": 0.003640743227385507, "params": {"0": 1.8580931562783292, "1": -2.677575451343973, "2": 2.302527027888231, "3": 1.9668062919003448, "4": -1.3059574998167207, "5": 1.7373466424030921, "6": -1.0119248617465553, "7": 0.17074147473157453}, "datetime": {"datetime": "2021-06-29 20:30:52", "elapsed": 1033.630371, "delta": 7.471151}}
{"target": 0.01288281033569748, "params": {"0": 1.9998856633137123, "1": -1.724880801375086, "2": 1.8567143110942066, "3": 2.3671503825457787, "4": -0.8056425022774549, "5": -1.430420716845548, "6": 1.014500208643355, "7": 2.036972710968568}, "datetime": {"datetime": "2021-06-29 20:30:57", "elapsed": 1037.973891, "delta": 4.34352}}
{"target": 0.003473960133411149, "params": {"0": -1.0619035364538407, "1": 0.7231180581213352, "2": 1.4931692715316967, "3": 1.2960879551284643, "4": 2.2102864887022475, "5": -1.7243685816843348, "6": 2.2366214395155604, "7": -0.21826285029934578}, "datetime": {"datetime": "2021-06-29 20:31:01", "elapsed": 1042.626825, "delta": 4.652934}}
{"target": 0.003122390780055899, "params": {"0": 1.7700344082965707, "1": 2.5181365543160794, "2": 0.45052528181537754, "3": -2.5047581131870205, "4": 0.8937458340517033, "5": 2.558035764118622, "6": 0.7842825897497754, "7": -2.0927567109595593}, "datetime": {"datetime": "2021-06-29 20:31:07", "elapsed": 1048.094318, "delta": 5.467493}}
{"target": 0.0032155508343658414, "params": {"0": 2.6760657986290006, "1": 1.7894558899772468, "2": 1.3627354795828026, "3": 1.8866431814751374, "4": -1.5619871043105669, "5": 1.1631791172179433, "6": 2.2555805507603335, "7": -2.2004431360164594}, "datetime": {"datetime": "2021-06-29 20:31:10", "elapsed": 1051.664387, "delta": 3.570069}}
{"target": 0.008098683481981122, "params": {"0": -1.9853103402203731, "1": 0.6709663034233664, "2": 1.4527752232729458, "3": 1.4454448363296208, "4": 1.1284305114143018, "5": -2.3023253078012282, "6": -1.7291494016745719, "7": 2.531458172080752}, "datetime": {"datetime": "2021-06-29 20:31:14", "elapsed": 1055.739962, "delta": 4.075575}}
{"target": 0.012688545533286182, "params": {"0": -2.4348093759738663, "1": 0.9709544427230812, "2": 0.656972522989069, "3": 1.5568712079820246, "4": -2.038647813980581, "5": 2.041315069969853, "6": -2.4210016178475247, "7": -0.012174978446350515}, "datetime": {"datetime": "2021-06-29 20:31:19", "elapsed": 1060.437816, "delta": 4.697854}}
{"target": 0.0029421517272221077, "params": {"0": -1.0341576627899915, "1": 2.4054361875067283, "2": 1.7121699753927633, "3": 1.2311151951906592, "4": 0.2338612911056024, "5": 0.02701831302319846, "6": 0.08621919557420643, "7": -2.950480706791459}, "datetime": {"datetime": "2021-06-29 20:31:27", "elapsed": 1067.956703, "delta": 7.518887}}
{"target": 0.0079715852895614, "params": {"0": 1.0659351053775028, "1": 0.14416178937229773, "2": 2.1489726943772194, "3": 1.760401847378036, "4": -1.7045127540341403, "5": 2.007814431297395, "6": 1.0111755177779358, "7": 0.38537964962348426}, "datetime": {"datetime": "2021-06-29 20:31:30", "elapsed": 1071.57093, "delta": 3.614227}}
{"target": 0.0032672829041045623, "params": {"0": 1.428938061139112, "1": -1.500635817765808, "2": 2.3818843729721593, "3": 0.7934753542097184, "4": 1.009059004674083, "5": -1.5618726741953475, "6": 1.3734786315602232, "7": -2.624099939760768}, "datetime": {"datetime": "2021-06-29 20:31:34", "elapsed": 1075.451272, "delta": 3.880342}}
{"target": 0.0028469831933610945, "params": {"0": -0.8585593422313029, "1": -1.1072309260973123, "2": -1.9704275106005065, "3": 0.544966192606394, "4": 2.736298070166029, "5": -1.7863931100759698, "6": 2.7693114146786932, "7": -2.094740731337092}, "datetime": {"datetime": "2021-06-29 20:31:38", "elapsed": 1079.503469, "delta": 4.052197}}
{"target": 0.003058570864165052, "params": {"0": -0.8204943193675085, "1": -1.1165783742673456, "2": 0.7001958976844547, "3": -2.2861955444324007, "4": 2.030885478582767, "5": -0.6093083846690672, "6": 2.609956520055028, "7": 0.6141995389663553}, "datetime": {"datetime": "2021-06-29 20:31:43", "elapsed": 1083.879601, "delta": 4.376132}}
{"target": 0.005056823737942613, "params": {"0": -1.033428802662545, "1": 2.250149042705881, "2": 1.6584562156933584, "3": -2.5029741445013034, "4": -1.9902202891539376, "5": -1.065910311152439, "6": -1.8175802499603912, "7": -2.4984232184724893}, "datetime": {"datetime": "2021-06-29 20:31:52", "elapsed": 1093.511751, "delta": 9.63215}}
{"target": 0.004936525358725908, "params": {"0": -2.1912988970614675, "1": -1.0969017358270212, "2": -0.5685178502115069, "3": 0.06331094420134331, "4": 0.476247819442019, "5": -1.453996862569948, "6": -2.0504979733582616, "7": 2.1871915025761073}, "datetime": {"datetime": "2021-06-29 20:31:56", "elapsed": 1097.533242, "delta": 4.021491}}
{"target": 0.0029822003370522554, "params": {"0": -2.815834142058992, "1": 2.8136767737886252, "2": 1.891152250247397, "3": 0.6493552008076007, "4": 2.7841976239472777, "5": 1.0014448676623458, "6": 1.8202209867127381, "7": -2.6192980521118114}, "datetime": {"datetime": "2021-06-29 20:32:00", "elapsed": 1101.669528, "delta": 4.136286}}
{"target": 0.0033893107853869065, "params": {"0": 2.763033158627217, "1": -1.3872221704413845, "2": -1.4987569720349445, "3": -2.081743410976654, "4": 1.3139045704628645, "5": 1.6107147351911424, "6": 2.74265159788525, "7": -1.8541948835592046}, "datetime": {"datetime": "2021-06-29 20:32:09", "elapsed": 1109.852947, "delta": 8.183419}}
{"target": 0.004969039598119554, "params": {"0": 1.635803121708232, "1": 1.4033118412852676, "2": 2.0376118007012787, "3": 2.842804416166672, "4": -2.7427210338077526, "5": 0.4914180425399861, "6": 0.37616357258229005, "7": -1.9969283548040213}, "datetime": {"datetime": "2021-06-29 20:32:13", "elapsed": 1113.801344, "delta": 3.948397}}
{"target": 0.002825270979830113, "params": {"0": -0.5692036619728906, "1": -1.283268740152506, "2": 0.817935295685924, "3": -1.2668048700671106, "4": 2.4600981582814567, "5": 1.5453585131436904, "6": 2.5558701635045704, "7": 2.1449553367503906}, "datetime": {"datetime": "2021-06-29 20:32:17", "elapsed": 1118.49806, "delta": 4.696716}}
{"target": 0.0029046356587407855, "params": {"0": 0.9759978473384208, "1": -1.047791896706066, "2": -1.267319785284705, "3": 1.3804444253657424, "4": 2.619023146139428, "5": 1.1947448268934027, "6": -0.35006823712860147, "7": 0.7529767895253316}, "datetime": {"datetime": "2021-06-29 20:32:23", "elapsed": 1124.158828, "delta": 5.660768}}
{"target": 0.002928158562254764, "params": {"0": 1.0618798488492693, "1": -1.4548357210361234, "2": 2.8812421450521084, "3": 1.978639832568831, "4": 1.088178268694108, "5": 0.25938090480356024, "6": -1.6388175540493282, "7": 1.5399386397309796}, "datetime": {"datetime": "2021-06-29 20:32:27", "elapsed": 1128.264218, "delta": 4.10539}}
{"target": 0.0032117964746755925, "params": {"0": -2.520776619256173, "1": 2.7758828419126793, "2": 1.3830239950822882, "3": 1.6774948917376946, "4": 0.8915566358769915, "5": -0.01867966976420643, "6": -2.8636555808979702, "7": 1.5354250360235149}, "datetime": {"datetime": "2021-06-29 20:32:31", "elapsed": 1131.918203, "delta": 3.653985}}
{"target": 0.0057747257419266075, "params": {"0": 2.6187107687727273, "1": -1.2764840886192204, "2": -0.8875768243003868, "3": -2.3465843307663987, "4": 0.9408673116226582, "5": 0.24948135931588622, "6": 2.9229502914387524, "7": -0.4428355049673378}, "datetime": {"datetime": "2021-06-29 20:32:36", "elapsed": 1136.980735, "delta": 5.062532}}
{"target": 0.0036211417053627635, "params": {"0": -2.955149637608814, "1": 1.3588618453642587, "2": 1.7301366729675163, "3": -0.6326671982129692, "4": -2.25465274342006, "5": -1.2116658202899109, "6": -2.5221684240825772, "7": 2.4150514505538974}, "datetime": {"datetime": "2021-06-29 20:32:40", "elapsed": 1141.358046, "delta": 4.377311}}
{"target": 0.009762554582257072, "params": {"0": 0.8428643224180634, "1": 1.0749374223372081, "2": -1.785562416754933, "3": 2.6238391110134094, "4": 2.9738527613887875, "5": -2.7109687119915638, "6": 1.204744685747782, "7": -1.9578325782589008}, "datetime": {"datetime": "2021-06-29 20:32:46", "elapsed": 1146.929868, "delta": 5.571822}}
{"target": 0.0029513744392808496, "params": {"0": -0.9614745635632866, "1": -0.8702560244495796, "2": 2.3479076149358598, "3": -1.4150571228167947, "4": 0.2802915285790126, "5": 1.7853627587555394, "6": -1.782874587214309, "7": -1.672764437795314}, "datetime": {"datetime": "2021-06-29 20:32:49", "elapsed": 1150.649136, "delta": 3.719268}}
{"target": 0.003059881388234567, "params": {"0": -0.5238207449355725, "1": 2.94153190574338, "2": 1.0675034302522413, "3": -0.4643918247997867, "4": -2.4058710112643062, "5": -1.6724881443786344, "6": -1.6247999274626321, "7": 0.444857261269501}, "datetime": {"datetime": "2021-06-29 20:32:54", "elapsed": 1155.708951, "delta": 5.059815}}
{"target": 0.01582987188057801, "params": {"0": 0.4785817910782866, "1": 2.5294726190099244, "2": -0.4897874022708901, "3": 2.0189625917205545, "4": 0.6954057847922366, "5": -2.8242380467421393, "6": 2.4262900848680884, "7": 0.1665248663871104}, "datetime": {"datetime": "2021-06-29 20:32:57", "elapsed": 1158.575167, "delta": 2.866216}}
{"target": 0.005987820127397578, "params": {"0": -2.5696637194479353, "1": 0.9976700504031815, "2": -2.8636070311482746, "3": 1.7521958182574284, "4": -1.4352754685420408, "5": 2.296726916503255, "6": 2.5725195873922697, "7": -1.314270198261207}, "datetime": {"datetime": "2021-06-29 20:33:02", "elapsed": 1163.549944, "delta": 4.974777}}
{"target": 0.0053298200925522825, "params": {"0": 2.1539672768444786, "1": 2.6597581372903107, "2": -2.919885967506842, "3": 1.2095790224225338, "4": -2.1154799790282603, "5": 2.179905148798385, "6": 1.9449630539516445, "7": -2.5835332358159673}, "datetime": {"datetime": "2021-06-29 20:33:11", "elapsed": 1171.83098, "delta": 8.281036}}
{"target": 0.0030478440276577785, "params": {"0": 1.0497294539631756, "1": 0.4412588449777872, "2": -0.07500105265261814, "3": 2.9727205418085783, "4": -0.0975155435300934, "5": 1.8903455590607763, "6": 0.7869767621878676, "7": -2.41414990293244}, "datetime": {"datetime": "2021-06-29 20:33:16", "elapsed": 1177.442695, "delta": 5.611715}}
{"target": 0.015851441899317205, "params": {"0": 1.3018124719604138, "1": -0.5036902798510914, "2": 2.3745074065011877, "3": -1.9987778465361996, "4": -0.07344334832107124, "5": 0.3831658745509383, "6": -1.1634507980980564, "7": 0.6269074315740228}, "datetime": {"datetime": "2021-06-29 20:33:20", "elapsed": 1180.881037, "delta": 3.438342}}
{"target": 0.004110805577342237, "params": {"0": -0.24505268939055158, "1": -2.5148539069105444, "2": -1.6106870994509181, "3": -1.3852028298147732, "4": -1.7302455535710026, "5": 2.7021585402911645, "6": -2.9606038732321576, "7": 1.279827585396542}, "datetime": {"datetime": "2021-06-29 20:33:28", "elapsed": 1189.331538, "delta": 8.450501}}
{"target": 0.003454251090391336, "params": {"0": 0.4063193692551641, "1": 2.42027916421093, "2": 1.012636926138864, "3": -0.5257153347881625, "4": 0.20148568577203374, "5": -2.379075020935894, "6": -2.9734607353347053, "7": 1.8977647364109584}, "datetime": {"datetime": "2021-06-29 20:33:33", "elapsed": 1194.078482, "delta": 4.746944}}
{"target": 0.00418072776361605, "params": {"0": -2.5916750468746037, "1": -1.8507254554247328, "2": 2.045944235326309, "3": -0.29175517736713985, "4": 2.025260222963065, "5": 0.7433480357367217, "6": 2.023676382135065, "7": 1.907187872258426}, "datetime": {"datetime": "2021-06-29 20:33:37", "elapsed": 1198.139811, "delta": 4.061329}}
{"target": 0.0031094274295936667, "params": {"0": 2.9230801471323185, "1": -1.4052397946928887, "2": -0.7208785854063224, "3": 1.5125807302617646, "4": -2.4180270957827523, "5": 0.11878545726498668, "6": -2.250230154111425, "7": -2.6111046204218296}, "datetime": {"datetime": "2021-06-29 20:33:41", "elapsed": 1202.622627, "delta": 4.482816}}
{"target": 0.009991397465674602, "params": {"0": -2.2797528312691204, "1": -1.6203088530678975, "2": 1.1576955942241627, "3": -0.4519034635403818, "4": -1.1989579674234938, "5": -1.8890909208218052, "6": -1.850996399479792, "7": -0.8096865605291286}, "datetime": {"datetime": "2021-06-29 20:33:45", "elapsed": 1206.714766, "delta": 4.092139}}
{"target": 0.003336273973912789, "params": {"0": -0.07112767512228535, "1": -1.310641641889341, "2": -1.944847555941124, "3": -2.5139698609195316, "4": -2.8921009775654163, "5": 0.1553442077158138, "6": 2.835588610301997, "7": -2.1377772687332177}, "datetime": {"datetime": "2021-06-29 20:33:55", "elapsed": 1215.870937, "delta": 9.156171}}
{"target": 0.0031647485956043586, "params": {"0": -0.9038220940931994, "1": -1.9068497572607448, "2": -1.8006842933415883, "3": 0.02763726801727051, "4": 1.8263038797792683, "5": 2.757781353450363, "6": -1.8836611419193985, "7": -2.2041183512587437}, "datetime": {"datetime": "2021-06-29 20:33:57", "elapsed": 1218.243194, "delta": 2.372257}}
{"target": 0.003238269482119618, "params": {"0": 0.7841035856806307, "1": 0.3159908074611666, "2": -1.517403231699309, "3": -1.4105923419724065, "4": 1.8553044459973247, "5": -2.7694153107363855, "6": -1.0683173415093221, "7": -1.8319827993972393}, "datetime": {"datetime": "2021-06-29 20:34:00", "elapsed": 1221.569753, "delta": 3.326559}}
{"target": 0.0037628558023470138, "params": {"0": 1.6839382570765462, "1": -2.3002828013260412, "2": -1.1414474741568525, "3": -1.3749230154705452, "4": -2.6629840121032426, "5": -2.1546989414477675, "6": 0.11786739953287562, "7": 0.03227107271498175}, "datetime": {"datetime": "2021-06-29 20:34:05", "elapsed": 1226.039137, "delta": 4.469384}}
{"target": 0.0037372510935777177, "params": {"0": 0.8946131120408052, "1": 0.4187629610327206, "2": -1.7428047558363806, "3": -1.4833816714812418, "4": 2.123557854587883, "5": 2.6260634816678854, "6": -1.540048306658319, "7": 2.6263400155020395}, "datetime": {"datetime": "2021-06-29 20:34:11", "elapsed": 1232.451954, "delta": 6.412817}}
{"target": 0.00663295462222219, "params": {"0": 1.2031680448198063, "1": 0.5960060390059763, "2": -1.7603753431780305, "3": -2.730189793440579, "4": -2.1423028941649687, "5": 1.4110076465637924, "6": -0.6993164068565907, "7": 2.3137002376884865}, "datetime": {"datetime": "2021-06-29 20:34:20", "elapsed": 1241.114455, "delta": 8.662501}}
{"target": 0.0032285033312846193, "params": {"0": 2.016897039331452, "1": 0.8989806820689248, "2": 0.2775301840762907, "3": 0.40359653146497765, "4": 2.884211138136205, "5": 1.1313672792778542, "6": -2.0002060937416, "7": -0.12458539848138139}, "datetime": {"datetime": "2021-06-29 20:34:24", "elapsed": 1245.338185, "delta": 4.22373}}
{"target": 0.0032520179430523006, "params": {"0": -1.3189414171921072, "1": -1.236019375250493, "2": -0.7945815114103896, "3": -1.4386540980604774, "4": -2.8794399277970726, "5": -0.3726125254417667, "6": 2.9326571909280137, "7": 2.018994758949285}, "datetime": {"datetime": "2021-06-29 20:34:28", "elapsed": 1249.354828, "delta": 4.016643}}
{"target": 0.0036224568798158435, "params": {"0": -2.312294802768486, "1": 0.5956190640358399, "2": -0.011777737717227232, "3": -1.3835091428079056, "4": -2.654950299208428, "5": 0.9902534781152692, "6": -0.812189421018827, "7": 2.9047354972482156}, "datetime": {"datetime": "2021-06-29 20:34:32", "elapsed": 1253.391612, "delta": 4.036784}}
{"target": 0.003924336898391849, "params": {"0": 0.5984667021179382, "1": 2.7455736842706155, "2": -1.695432812881966, "3": -1.4769108708487217, "4": -0.5832689779632672, "5": -2.117505964392193, "6": 1.1249611780513167, "7": 0.15397513328419388}, "datetime": {"datetime": "2021-06-29 20:34:39", "elapsed": 1260.454149, "delta": 7.062537}}
{"target": 0.0029606322433948945, "params": {"0": -0.44472055431545954, "1": -2.840175424717225, "2": 2.0280531370840524, "3": 1.1071453849298418, "4": -1.0973878107494535, "5": 2.296628571959248, "6": -1.6625997748515522, "7": 1.0338716672149744}, "datetime": {"datetime": "2021-06-29 20:34:44", "elapsed": 1265.200703, "delta": 4.746554}}
{"target": 0.0034352904221681383, "params": {"0": 1.2710747980167465, "1": 2.127997353272585, "2": 1.4316826680184818, "3": 0.606944804935921, "4": 2.9834598047306216, "5": -2.1266597820215134, "6": 0.48885866638141184, "7": -1.2850127340403532}, "datetime": {"datetime": "2021-06-29 20:34:47", "elapsed": 1268.72985, "delta": 3.529147}}
{"target": 0.0040439954284487885, "params": {"0": -1.646625351983006, "1": 2.0192204625623997, "2": -2.2395541998728783, "3": -1.121417809875141, "4": -0.7064086323266654, "5": -1.2242998785744228, "6": -0.06264471633581525, "7": 1.0040363172504119}, "datetime": {"datetime": "2021-06-29 20:34:51", "elapsed": 1271.904113, "delta": 3.174263}}
{"target": 0.0038764624925940495, "params": {"0": -2.866964097026316, "1": 1.9847205455306467, "2": 0.35271539391786977, "3": 2.1245398765022054, "4": -2.3972430087926035, "5": -0.5087790662275049, "6": 0.7720239742411819, "7": 0.8952609087981398}, "datetime": {"datetime": "2021-06-29 20:34:55", "elapsed": 1276.393381, "delta": 4.489268}}
{"target": 0.007307650415854713, "params": {"0": 1.8277069057610404, "1": 0.8033811510065503, "2": 1.2997466935886894, "3": -2.8252828620190655, "4": -1.8951966891856478, "5": -2.5249157475536386, "6": 1.2841779116013434, "7": -0.009546247450281875}, "datetime": {"datetime": "2021-06-29 20:34:59", "elapsed": 1280.733168, "delta": 4.339787}}
{"target": 0.002862415060568273, "params": {"0": -0.980851071635545, "1": 1.847476226048701, "2": -2.0467887442078894, "3": 2.5970700558296773, "4": 2.854081072840877, "5": -0.12183030122868876, "6": 0.676705333690053, "7": 2.5431177261535804}, "datetime": {"datetime": "2021-06-29 20:35:11", "elapsed": 1292.234808, "delta": 11.50164}}
{"target": 0.0031150377172602453, "params": {"0": -2.448822394050143, "1": 2.3253976745269096, "2": 2.896218197141402, "3": -0.13835064826389898, "4": 1.7923508257107645, "5": 1.9775624948964392, "6": -0.7385460230132734, "7": -2.7713859221426196}, "datetime": {"datetime": "2021-06-29 20:35:16", "elapsed": 1297.756981, "delta": 5.522173}}
{"target": 0.003354042943502305, "params": {"0": -2.582901388981636, "1": -1.8739035953320216, "2": 1.5090880270047808, "3": -2.6593976078354618, "4": -0.4316312404802618, "5": -2.5323782811335036, "6": 1.1826205190511647, "7": -0.25152496606490704}, "datetime": {"datetime": "2021-06-29 20:35:21", "elapsed": 1301.978209, "delta": 4.221228}}
{"target": 0.0032163899939854313, "params": {"0": -0.5890794565468349, "1": 1.175190630710473, "2": 1.219632593053265, "3": 0.24827296282673927, "4": -2.722601674989675, "5": 2.016417169531948, "6": -2.7170130453040446, "7": 0.41741715700610804}, "datetime": {"datetime": "2021-06-29 20:35:25", "elapsed": 1306.736602, "delta": 4.758393}}
{"target": 0.0036911493395346694, "params": {"0": -0.4125387990746212, "1": -1.6191326377000541, "2": 1.4929915854519509, "3": -1.6689410968254448, "4": -0.14660340763106783, "5": -1.616617415071666, "6": -0.3718693677798264, "7": -0.25059221139015}, "datetime": {"datetime": "2021-06-29 20:35:31", "elapsed": 1312.198567, "delta": 5.461965}}
{"target": 0.0031432358478978638, "params": {"0": 2.7161624800388697, "1": -0.9211258597930434, "2": 0.9384962776928791, "3": 0.7646906250769057, "4": 2.2333812214101316, "5": -1.9194136406766753, "6": -0.5559056746275264, "7": 1.0144368817274039}, "datetime": {"datetime": "2021-06-29 20:35:38", "elapsed": 1318.919467, "delta": 6.7209}}
{"target": 0.0042129913765394595, "params": {"0": 1.4809194284215783, "1": 2.041139057660069, "2": -1.2414549983564755, "3": 2.8643675833879065, "4": 1.2087174140639405, "5": -2.768478214287427, "6": -0.7317723794307618, "7": -0.3254554867380737}, "datetime": {"datetime": "2021-06-29 20:35:40", "elapsed": 1321.459244, "delta": 2.539777}}
