{"target": 0.0033809469908635116, "params": {"0": 1.9396930265458723, "1": -1.028432390440467, "2": -2.135773757972042, "3": -0.6269223335178502, "4": 2.326250754841902, "5": 1.3835068766290846, "6": 0.21934242014488436, "7": 1.7145331822708876}, "datetime": {"datetime": "2021-06-30 04:02:28", "elapsed": 28129.734541, "delta": 42.95507}}
{"target": 0.003131690035285121, "params": {"0": 0.9972081780097981, "1": 2.527894322745796, "2": -0.8033966899407599, "3": -0.003573232345145616, "4": 2.74232526675051, "5": 0.5715832699515095, "6": 1.747870046277562, "7": 1.6935797676869964}, "datetime": {"datetime": "2021-06-30 04:03:11", "elapsed": 28172.140041, "delta": 42.4055}}
{"target": 0.003500934586377003, "params": {"0": 1.241047872486896, "1": 2.329867028881159, "2": 2.011370472443442, "3": 2.4113169454624277, "4": -1.1210241040187707, "5": -2.094702925892406, "6": 0.2298885748194297, "7": -0.23788395711623878}, "datetime": {"datetime": "2021-06-30 04:03:32", "elapsed": 28193.934937, "delta": 21.794896}}
