{"target": 0.005572717441511774, "params": {"0": 1.7772074660972415, "1": 0.6827150262274886, "2": 2.5724772343220685, "3": -2.830914506146747, "4": -2.378209346376793, "5": 0.9662384705116152, "6": 0.09338006724760106, "7": 0.07653487631155809}, "datetime": {"datetime": "2021-06-30 02:08:36", "elapsed": 21209.747896, "delta": 49.381666}}
{"target": 0.003138855468047751, "params": {"0": 0.04235974353489613, "1": -0.9231703791011308, "2": 0.6573721112373243, "3": 1.227380401702379, "4": -1.7207374211017257, "5": 2.3502658318089553, "6": 0.5365078259314693, "7": 2.7604389907815916}, "datetime": {"datetime": "2021-06-30 02:09:09", "elapsed": 21242.479928, "delta": 32.732032}}
{"target": 0.005542749218646369, "params": {"0": 1.4896974290320877, "1": -0.5201573317169785, "2": 0.005326622067975961, "3": -0.8265981436017551, "4": 2.196784665245768, "5": 1.0439765630348266, "6": -2.587554474351175, "7": 1.482572579341892}, "datetime": {"datetime": "2021-06-30 02:09:47", "elapsed": 21280.966124, "delta": 38.486196}}
{"target": 0.005833102375299164, "params": {"0": -2.519069651528528, "1": 2.3038516631545995, "2": 2.5795547846456675, "3": 2.8563549797614582, "4": -1.6303463492598704, "5": -0.14541110270740187, "6": 1.0170618604241914, "7": 0.9358467267257269}, "datetime": {"datetime": "2021-06-30 02:10:17", "elapsed": 21311.249116, "delta": 30.282992}}
{"target": 0.0037670480817162022, "params": {"0": -0.11328638353449794, "1": 0.3378916155296574, "2": -1.5224467577867566, "3": 1.4021240615822892, "4": -1.9237523206569223, "5": 1.8954734277256184, "6": -1.6555918583682148, "7": -1.449302597123857}, "datetime": {"datetime": "2021-06-30 02:11:15", "elapsed": 21369.320208, "delta": 58.071092}}
{"target": 0.002953575170812112, "params": {"0": 1.6587304807336576, "1": 2.641409240453225, "2": 0.5041466314250052, "3": 1.3703232889337746, "4": 2.0848838825682794, "5": -2.991004666201456, "6": -2.2311944665277736, "7": 0.36833661762895975}, "datetime": {"datetime": "2021-06-30 02:12:03", "elapsed": 21416.938371, "delta": 47.618163}}
{"target": 0.08346959074036697, "params": {"0": -0.13413110976107712, "1": 1.7436613965743302, "2": -1.4955747191903601, "3": -0.30437717004460163, "4": -1.5711604110927444, "5": -1.9499128962197252, "6": -1.407780280788282, "7": -2.265927081556514}, "datetime": {"datetime": "2021-06-30 02:12:49", "elapsed": 21463.13495, "delta": 46.196579}}
{"target": 0.0030435631408649052, "params": {"0": -1.0482719146445545, "1": -0.8992329401343064, "2": 1.809057632873615, "3": -1.217275457115557, "4": -1.4365722647260502, "5": 2.0094240668786316, "6": 1.245914418000396, "7": 0.02906452454383679}, "datetime": {"datetime": "2021-06-30 02:13:44", "elapsed": 21518.46152, "delta": 55.32657}}
{"target": 0.0032867494808516504, "params": {"0": -1.6017144591677919, "1": 0.35868958067211265, "2": 1.53374240822178, "3": 0.4039078916946899, "4": -1.828634821675834, "5": 1.9425950258275408, "6": -2.03533658703949, "7": 0.9506747137545557}, "datetime": {"datetime": "2021-06-30 02:14:06", "elapsed": 21540.210378, "delta": 21.748858}}
{"target": 0.014086009328937677, "params": {"0": -0.5811612630002001, "1": -2.921137325064222, "2": -0.5067832301229327, "3": -2.1774247048054898, "4": -2.9694415190392442, "5": -0.6729176878087761, "6": -2.642906537125773, "7": 2.7752099043623586}, "datetime": {"datetime": "2021-06-30 02:15:42", "elapsed": 21635.956781, "delta": 95.746403}}
{"target": 0.003207241492758004, "params": {"0": 2.597512167437878, "1": -2.898066322612785, "2": -2.9697681130494535, "3": 1.2931915889421663, "4": -1.2392806611805356, "5": -1.5612098914324324, "6": 0.49809606713119914, "7": 0.1432423537388301}, "datetime": {"datetime": "2021-06-30 02:16:34", "elapsed": 21687.953418, "delta": 51.996637}}
{"target": 0.0028089262490160597, "params": {"0": 2.0169146090281274, "1": 2.4478596229331018, "2": -1.6222415428373587, "3": 0.009911274034958506, "4": 1.7638978781581365, "5": -0.17573092156776626, "6": 2.6801899241821694, "7": 2.876095843518942}, "datetime": {"datetime": "2021-06-30 02:17:20", "elapsed": 21733.805833, "delta": 45.852415}}
{"target": 0.020439043313683077, "params": {"0": -0.3170916340622254, "1": 1.8049319919193012, "2": 1.3218688223903108, "3": -0.48182961768864896, "4": 1.9493389723874035, "5": -1.378243260159207, "6": 1.5207844808247941, "7": -2.5406163774517454}, "datetime": {"datetime": "2021-06-30 02:18:44", "elapsed": 21818.446881, "delta": 84.641048}}
{"target": 0.003087492597648259, "params": {"0": 1.4583658978451552, "1": 0.3500743672867528, "2": 0.07254241867934574, "3": 2.906352907171722, "4": 0.8529342077129103, "5": 0.00365028215965868, "6": -1.8204003113652463, "7": -0.8949156315244533}, "datetime": {"datetime": "2021-06-30 02:19:51", "elapsed": 21884.60487, "delta": 66.157989}}
{"target": 0.003205732381910922, "params": {"0": 1.0802583645300405, "1": 0.5596425675386767, "2": -1.3492621423778375, "3": 2.308946295821988, "4": 0.5976170625105031, "5": -2.607321885428741, "6": 0.1529838801481458, "7": 1.753330960148359}, "datetime": {"datetime": "2021-06-30 02:20:33", "elapsed": 21927.454068, "delta": 42.849198}}
{"target": 0.0031231533774789726, "params": {"0": -2.6625328529685417, "1": 2.587921615664407, "2": 2.468210100258454, "3": -2.040530420930458, "4": -1.782919034101759, "5": -0.9995417268304578, "6": -1.1539436753609706, "7": 2.26812956853294}, "datetime": {"datetime": "2021-06-30 02:21:39", "elapsed": 21992.686842, "delta": 65.232774}}
{"target": 0.003939089711251942, "params": {"0": 0.5110676225524928, "1": 0.4053931901541752, "2": -1.5162509234833383, "3": -2.4399135921180433, "4": -0.06969584699919551, "5": -1.9912345760460548, "6": -0.22553404766487084, "7": -0.8065199884858654}, "datetime": {"datetime": "2021-06-30 02:22:26", "elapsed": 22039.757338, "delta": 47.070496}}
{"target": 0.003295837371393381, "params": {"0": 1.3729044289833467, "1": -2.6819204435227153, "2": 1.8687304851513282, "3": 1.1287830234397482, "4": -0.826684651633232, "5": 2.3498381019237344, "6": 1.7611028538423756, "7": -1.487079205676405}, "datetime": {"datetime": "2021-06-30 02:22:59", "elapsed": 22072.65043, "delta": 32.893092}}
{"target": 0.0032993777010894955, "params": {"0": 0.8126568341174076, "1": -1.6723760416610023, "2": -1.0509542497148732, "3": -1.360620690129186, "4": -1.2575312934851066, "5": -2.520015047478027, "6": -0.5052436744764579, "7": -0.5597552083059307}, "datetime": {"datetime": "2021-06-30 02:23:37", "elapsed": 22110.52439, "delta": 37.87396}}
{"target": 0.016460853055892698, "params": {"0": 1.5982795165218429, "1": 0.9429103699397752, "2": -0.7381203390881472, "3": -0.6955967789476682, "4": -2.3074602887470768, "5": -2.9457695784133024, "6": -0.8610926022607139, "7": -1.3780487278363873}, "datetime": {"datetime": "2021-06-30 02:24:13", "elapsed": 22146.956413, "delta": 36.432023}}
{"target": 0.00375636061750914, "params": {"0": -1.3159570728201775, "1": -1.3240183981869493, "2": -0.9778933862403569, "3": -2.9085251333655764, "4": 1.74938328892926, "5": -0.45602367989097825, "6": -2.595640351784906, "7": -1.9205594598137503}, "datetime": {"datetime": "2021-06-30 02:24:54", "elapsed": 22188.35357, "delta": 41.397157}}
{"target": 0.004060646795773775, "params": {"0": -1.0531734240581974, "1": -1.7461755393597476, "2": -2.671819645439895, "3": 0.691301952858185, "4": 1.215481405321662, "5": -2.2102674968656633, "6": 1.1793170925971435, "7": 1.7856057132543377}, "datetime": {"datetime": "2021-06-30 02:26:40", "elapsed": 22293.861028, "delta": 105.507458}}
{"target": 0.005136684340086478, "params": {"0": -1.8967993578658924, "1": 0.8503178942655096, "2": -0.054750211986606345, "3": -1.7016875739847324, "4": 0.8040433730776182, "5": 2.8004796435448576, "6": -1.659957760712063, "7": -1.0685974195671168}, "datetime": {"datetime": "2021-06-30 02:27:13", "elapsed": 22327.18736, "delta": 33.326332}}
{"target": 0.003323710004641259, "params": {"0": 1.0135542799670318, "1": -1.3965018839258168, "2": 0.745383817249544, "3": 0.032539225283781725, "4": -0.8590924030019842, "5": -1.7386168240177846, "6": -0.04399072342095023, "7": -2.1931908381112506}, "datetime": {"datetime": "2021-06-30 02:28:09", "elapsed": 22382.691227, "delta": 55.503867}}
{"target": 0.0033038300727696165, "params": {"0": -0.8561859020048379, "1": 1.4821738716334991, "2": -0.48848182881646274, "3": -2.8051367264046796, "4": 0.2180603678572126, "5": 0.1643820529470661, "6": -2.7807896703207398, "7": -2.3546604688537816}, "datetime": {"datetime": "2021-06-30 02:28:51", "elapsed": 22424.578545, "delta": 41.887318}}
{"target": 0.005173576726936814, "params": {"0": -0.21329382402140595, "1": 0.5248303288315972, "2": 0.5931231141091886, "3": 1.4437112143699409, "4": -2.9018280935604643, "5": 1.3118174204669142, "6": -0.1026283533147554, "7": 1.1838091393457937}, "datetime": {"datetime": "2021-06-30 02:29:22", "elapsed": 22455.724033, "delta": 31.145488}}
{"target": 0.0028726223007686106, "params": {"0": -0.15220024812956723, "1": -0.22101395045468575, "2": 2.2475091849102196, "3": 0.8403169463036821, "4": 2.468759176841753, "5": 1.2567631968503754, "6": 2.8652313678098373, "7": -0.4380777358244803}, "datetime": {"datetime": "2021-06-30 02:30:14", "elapsed": 22508.415755, "delta": 52.691722}}
{"target": 0.0035352755809940043, "params": {"0": 2.160591350674294, "1": 1.9940073686056339, "2": 2.7543792599030406, "3": -2.819234279988268, "4": -1.1357739447844797, "5": -2.4437310539180883, "6": -0.341296082993666, "7": 1.0040789745687073}, "datetime": {"datetime": "2021-06-30 02:31:12", "elapsed": 22566.123426, "delta": 57.707671}}
{"target": 0.0030298941794464065, "params": {"0": 2.6847377573892848, "1": 0.7954957477477014, "2": -2.441734610342421, "3": 2.3532798413916556, "4": -0.6533581640131407, "5": -2.367250582524208, "6": -0.6521595652291605, "7": -0.4097313988474234}, "datetime": {"datetime": "2021-06-30 02:31:47", "elapsed": 22601.2655, "delta": 35.142074}}
{"target": 0.004357423669851066, "params": {"0": -1.2357889367196313, "1": -1.7635658496143896, "2": 2.344748960547162, "3": 0.5243998511516899, "4": 1.5314283540672502, "5": 1.4240215110247574, "6": -2.6083875263645924, "7": -1.0130468671948247}, "datetime": {"datetime": "2021-06-30 02:32:30", "elapsed": 22644.069977, "delta": 42.804477}}
{"target": 0.0031081398624616553, "params": {"0": 1.8887857430257604, "1": 1.0937778796379085, "2": 2.3320592156041178, "3": 0.9007232687763933, "4": -1.3966392994171872, "5": -2.9497330390571994, "6": -0.4255490777786637, "7": -2.0592247688501626}, "datetime": {"datetime": "2021-06-30 02:33:04", "elapsed": 22677.668248, "delta": 33.598271}}
{"target": 0.003006797863699487, "params": {"0": -1.2702845484037202, "1": 1.4909574347789727, "2": 2.4749999620720367, "3": 2.869789144690947, "4": 0.6348764645544795, "5": -1.7398047001786732, "6": 1.9773488043181358, "7": 2.1094900807875305}, "datetime": {"datetime": "2021-06-30 02:33:36", "elapsed": 22709.916509, "delta": 32.248261}}
{"target": 0.0034167111542448016, "params": {"0": 2.411935845579894, "1": -2.178057574690766, "2": 1.7779255893677215, "3": 0.5754125286844101, "4": -2.4660355322422247, "5": 1.26765809702811, "6": -0.896385047963435, "7": -2.0147360164318178}, "datetime": {"datetime": "2021-06-30 02:34:03", "elapsed": 22737.461343, "delta": 27.544834}}
{"target": 0.004570461345088258, "params": {"0": -0.5931497700341417, "1": -0.38079456963089164, "2": 0.9106059266111202, "3": -1.7428412718758408, "4": -1.6533169043946812, "5": -1.2651520742926992, "6": 1.7520711787860694, "7": 0.16578015072033514}, "datetime": {"datetime": "2021-06-30 02:35:43", "elapsed": 22836.641777, "delta": 99.180434}}
{"target": 0.004248380820521004, "params": {"0": 0.4797242328272677, "1": 1.9339912927656844, "2": 0.3109441846891472, "3": -2.859189309764737, "4": -0.7622037221254336, "5": 0.6145894624773152, "6": 0.7343104400213831, "7": 1.1448328301346038}, "datetime": {"datetime": "2021-06-30 02:36:21", "elapsed": 22875.15269, "delta": 38.510913}}
{"target": 0.003161859153115883, "params": {"0": -1.6430188774124708, "1": -0.8434537992953643, "2": 1.9581235769766918, "3": -0.013367899443422537, "4": -2.8298444489266927, "5": 0.011449269328461575, "6": 2.7045367235983973, "7": -0.36205445496814814}, "datetime": {"datetime": "2021-06-30 02:38:13", "elapsed": 22986.76007, "delta": 111.60738}}
{"target": 0.014084530455582108, "params": {"0": -1.9375341191099638, "1": -2.890083265551965, "2": 2.8594360661200593, "3": -2.0721078304120657, "4": 1.4060854999267978, "5": -0.042029938484978935, "6": -2.283733839670047, "7": 0.6101049365947504}, "datetime": {"datetime": "2021-06-30 02:38:54", "elapsed": 23028.034431, "delta": 41.274361}}
{"target": 0.003128430580618401, "params": {"0": 2.9812901192090884, "1": -1.3229529643295104, "2": -2.5844296594195866, "3": 1.015959044600363, "4": -0.03944017458645899, "5": -0.045374120737254664, "6": 1.0764223851178754, "7": -2.1830812136214206}, "datetime": {"datetime": "2021-06-30 02:39:30", "elapsed": 23064.368303, "delta": 36.333872}}
{"target": 0.0029868706167112584, "params": {"0": -0.7943848812963688, "1": 1.0883569094158272, "2": -2.5536882686252875, "3": 2.047853968985672, "4": 0.6151027104186704, "5": 2.300439230330177, "6": 1.5253090617421856, "7": 2.7963177692376258}, "datetime": {"datetime": "2021-06-30 02:40:18", "elapsed": 23112.184827, "delta": 47.816524}}
{"target": 0.003091960325701116, "params": {"0": 0.8258690517041636, "1": 1.462762362665461, "2": -2.8194389163433122, "3": 2.2493988467794335, "4": 0.0989531000361219, "5": -0.5694093911574023, "6": 0.9676167632816908, "7": -1.4664665126787377}, "datetime": {"datetime": "2021-06-30 02:40:37", "elapsed": 23131.28326, "delta": 19.098433}}
{"target": 0.002997511192399143, "params": {"0": -0.6812609549202575, "1": -1.1042499144961053, "2": -0.8477980749980709, "3": 0.6095339826073864, "4": -0.81569631535345, "5": 2.8893261265316124, "6": -0.8111350943678115, "7": -0.075005246145194}, "datetime": {"datetime": "2021-06-30 02:41:07", "elapsed": 23160.886971, "delta": 29.603711}}
{"target": 0.0032976262658962366, "params": {"0": 1.6430797883258235, "1": 0.10102455755077155, "2": 1.6953369291527132, "3": -0.46850312083409884, "4": -0.7326529553517562, "5": -0.9918461285425808, "6": -0.7192516339065183, "7": 2.1496061811604594}, "datetime": {"datetime": "2021-06-30 02:41:55", "elapsed": 23208.564029, "delta": 47.677058}}
{"target": 0.010522699319096258, "params": {"0": -0.3134389656412653, "1": -2.2938878278244115, "2": 0.6290377416903143, "3": 0.6386696010682744, "4": 0.26277836608634075, "5": -1.0299735393523248, "6": 0.428684474996464, "7": 0.7848563325125051}, "datetime": {"datetime": "2021-06-30 02:42:29", "elapsed": 23242.850311, "delta": 34.286282}}
{"target": 0.003701783406286428, "params": {"0": 1.2692416149395473, "1": 2.3242561801359347, "2": 0.160970146782498, "3": -2.249115646915772, "4": -0.0032074499906653564, "5": 0.9569263476272667, "6": -1.8699861854360391, "7": -0.3630717197818809}, "datetime": {"datetime": "2021-06-30 02:43:25", "elapsed": 23298.722262, "delta": 55.871951}}
{"target": 0.0038098543541428037, "params": {"0": -0.39764383054911345, "1": -0.04966292662441152, "2": 2.642520744237764, "3": -2.652228522486483, "4": 2.691087159186453, "5": -0.9878428549750229, "6": 2.8145014221267166, "7": -0.6768064550855142}, "datetime": {"datetime": "2021-06-30 02:43:50", "elapsed": 23324.086374, "delta": 25.364112}}
{"target": 0.0030705027939183322, "params": {"0": -0.5490333445074267, "1": 2.347370202121839, "2": 2.3986246466572165, "3": 2.227012606119019, "4": -1.2141027047462112, "5": 0.7381990108573588, "6": -1.7717558320230102, "7": -2.27606313749967}, "datetime": {"datetime": "2021-06-30 02:44:25", "elapsed": 23359.096382, "delta": 35.010008}}
{"target": 0.0039348502933074835, "params": {"0": 1.8191457014233183, "1": -2.5156680553469064, "2": -0.9544930682515695, "3": -1.2088045767947206, "4": 0.572452374660315, "5": -0.8307163364696724, "6": -0.8991166208967858, "7": -0.07788477325218945}, "datetime": {"datetime": "2021-06-30 02:45:00", "elapsed": 23393.795918, "delta": 34.699536}}
{"target": 0.0038406147126034324, "params": {"0": 2.953677706608051, "1": -2.9148883493074607, "2": -2.4744010563589782, "3": 2.227961772235899, "4": -2.2447895262557918, "5": 2.762991649662169, "6": 0.5165070367049038, "7": -0.8893365871883296}, "datetime": {"datetime": "2021-06-30 02:45:40", "elapsed": 23434.286137, "delta": 40.490219}}
{"target": 0.1385643899596109, "params": {"0": -1.0749618318111713, "1": 2.205497892150712, "2": -2.980775707961439, "3": -2.3106554895735454, "4": -2.7680757491148476, "5": 1.2404163331126892, "6": 1.820178701667217, "7": 1.3400656817652266}, "datetime": {"datetime": "2021-06-30 02:46:13", "elapsed": 23467.376026, "delta": 33.089889}}
{"target": 0.0034767540814456075, "params": {"0": 2.8681225154771397, "1": -1.9629135085451794, "2": 2.655319832769421, "3": -1.469813335685661, "4": -1.173540550634756, "5": 1.0995722697576156, "6": -0.9074689443795427, "7": 0.8447481481273327}, "datetime": {"datetime": "2021-06-30 02:46:39", "elapsed": 23493.267502, "delta": 25.891476}}
{"target": 0.00323818393101506, "params": {"0": 0.6692985453574631, "1": 0.6836140292491226, "2": 2.687720506105995, "3": 1.6941981262813295, "4": -0.42483942590782364, "5": 1.4501767536908616, "6": -2.5167810823117946, "7": -0.6546333697402913}, "datetime": {"datetime": "2021-06-30 02:48:07", "elapsed": 23581.069933, "delta": 87.802431}}
{"target": 0.007320819467628814, "params": {"0": 1.2312613423920684, "1": 2.581792749727624, "2": -2.5326693289078053, "3": 1.528659841416811, "4": -2.1248549237257857, "5": -2.8540738009249322, "6": -1.9377145811795569, "7": -2.7833378592378537}, "datetime": {"datetime": "2021-06-30 02:48:45", "elapsed": 23618.902057, "delta": 37.832124}}
{"target": 0.0036092705903208234, "params": {"0": 2.3051186660959164, "1": 1.3263997874742826, "2": -1.6596828667368575, "3": 0.9403627268305383, "4": -2.8987061661760176, "5": -0.574960834600601, "6": -2.2419290343779483, "7": 1.4414713330188356}, "datetime": {"datetime": "2021-06-30 02:49:25", "elapsed": 23658.792999, "delta": 39.890942}}
{"target": 0.004473350243422884, "params": {"0": -2.279928684658045, "1": 1.6205222568599993, "2": 1.5471403094144955, "3": 0.5177227414640702, "4": 2.21118352245475, "5": 0.0694000818417031, "6": -1.840373579635541, "7": 2.737013671485954}, "datetime": {"datetime": "2021-06-30 02:50:03", "elapsed": 23697.237591, "delta": 38.444592}}
{"target": 0.003608386068689493, "params": {"0": -1.3643940710152678, "1": 2.4629061542734334, "2": -0.8323892153162991, "3": -1.9871984840720998, "4": -0.04787579932369734, "5": -1.9688189249800967, "6": 0.0644967978623785, "7": -0.03527984768337866}, "datetime": {"datetime": "2021-06-30 02:50:45", "elapsed": 23739.1394, "delta": 41.901809}}
{"target": 0.004741991939168205, "params": {"0": -2.256988742844629, "1": -1.1348393306583857, "2": 1.9958611933449601, "3": -2.7947346816316223, "4": -0.2186482350743919, "5": -2.5047850836702894, "6": -2.861492828651043, "7": 1.1038420120330041}, "datetime": {"datetime": "2021-06-30 02:51:14", "elapsed": 23768.395829, "delta": 29.256429}}
{"target": 0.003241376603228496, "params": {"0": 0.9172088197757589, "1": -1.3035682881855633, "2": 1.3969461970495374, "3": -0.5205415863603027, "4": -1.818521084443993, "5": 2.3053471579754374, "6": -0.9744109900619549, "7": 0.22886604570874747}, "datetime": {"datetime": "2021-06-30 02:52:01", "elapsed": 23814.804885, "delta": 46.409056}}
{"target": 0.0032635296897792275, "params": {"0": 0.6898214839950043, "1": -1.5906856505441085, "2": 2.7144046917799924, "3": 1.7472397863971034, "4": 1.8304077930308011, "5": -2.473205965397777, "6": 1.3154160301669187, "7": -1.1465729635229704}, "datetime": {"datetime": "2021-06-30 02:52:55", "elapsed": 23868.919656, "delta": 54.114771}}
{"target": 0.004566589497591057, "params": {"0": -2.3984454649864753, "1": -0.8297052162024245, "2": -2.5469632126260255, "3": -1.960046214495998, "4": 1.6716823120331208, "5": 0.4166570611732823, "6": -2.746238093998245, "7": 2.917145599665009}, "datetime": {"datetime": "2021-06-30 02:53:25", "elapsed": 23898.813874, "delta": 29.894218}}
{"target": 0.0063230234435755605, "params": {"0": 2.715386467515019, "1": -0.19993008397829248, "2": 0.9542255029500435, "3": 2.6419309140840452, "4": -1.3110618164623178, "5": -1.6277094814527981, "6": 2.5916334468923337, "7": 1.803135524431699}, "datetime": {"datetime": "2021-06-30 02:54:01", "elapsed": 23935.376898, "delta": 36.563024}}
{"target": 0.0044829697642526185, "params": {"0": 0.9677481437154376, "1": -2.538082878152796, "2": -0.5582968552249197, "3": -2.162554040056468, "4": -1.2920735887911663, "5": -2.590455464558491, "6": -1.1459400650356968, "7": 1.192968877042147}, "datetime": {"datetime": "2021-06-30 02:54:37", "elapsed": 23970.509336, "delta": 35.132438}}
{"target": 0.0033104911778517633, "params": {"0": 0.00386096280794046, "1": -0.3065413380031199, "2": -2.5008179659917102, "3": 2.768859920410242, "4": -2.498033470256714, "5": -1.514158378700764, "6": 1.345035055555173, "7": -0.5378181667768533}, "datetime": {"datetime": "2021-06-30 02:55:19", "elapsed": 24013.259384, "delta": 42.750048}}
{"target": 0.003451085517107071, "params": {"0": 0.8197528755663877, "1": -0.12208425793054323, "2": -1.9124132412804267, "3": -0.3821158178268895, "4": -0.21292338155984591, "5": 2.6375434619798304, "6": -0.41680160544956024, "7": -2.317606643326852}, "datetime": {"datetime": "2021-06-30 02:55:59", "elapsed": 24052.572911, "delta": 39.313527}}
{"target": 0.004910493469133329, "params": {"0": 1.9633098920432293, "1": -0.08461031872685609, "2": 2.556739582591855, "3": 2.7131805992768268, "4": -0.5618707432287238, "5": -2.4799160018185367, "6": 2.1365964811839575, "7": -1.440948830633857}, "datetime": {"datetime": "2021-06-30 02:57:20", "elapsed": 24134.187333, "delta": 81.614422}}
