{"target": 0.0030794485139518228, "params": {"0": -2.8220469972515927, "1": -2.8287492113315125, "2": -1.1447998331256142, "3": 0.06178909164993929, "4": -0.6690821270107721, "5": -0.2750191977237897, "6": 0.044570457416218456, "7": 2.433304959493152}, "datetime": {"datetime": "2021-06-30 00:25:19", "elapsed": 15100.009895, "delta": 21.890964}}
{"target": 0.003293951011546529, "params": {"0": 1.1351854989262913, "1": -2.920656101296364, "2": 1.0468572196793495, "3": -1.913546074972659, "4": 2.50844568459749, "5": -0.31606199002901514, "6": 1.6879171452610198, "7": 0.11623116942151679}, "datetime": {"datetime": "2021-06-30 00:25:51", "elapsed": 15131.981439, "delta": 31.971544}}
{"target": 0.0031060267459659843, "params": {"0": -0.9282449677661022, "1": -0.8516542160101901, "2": 1.5520492591835247, "3": -1.2385159080636179, "4": 0.8963985768501992, "5": 2.5909245077324217, "6": -2.409039948133179, "7": 0.5463350705525745}, "datetime": {"datetime": "2021-06-30 00:26:11", "elapsed": 15152.364113, "delta": 20.382674}}
{"target": 0.0032754390419772812, "params": {"0": 2.805781344732699, "1": 1.4259945877438938, "2": 1.86411377648062, "3": -2.276985523907488, "4": -0.4799232316457229, "5": 2.727691972276882, "6": -1.756027833370367, "7": -2.2696725036004786}, "datetime": {"datetime": "2021-06-30 00:26:29", "elapsed": 15170.201342, "delta": 17.837229}}
{"target": 0.003036789706704251, "params": {"0": -2.831252954766306, "1": -0.655042316644983, "2": -1.228063965891074, "3": 0.8187145164397727, "4": -0.158039863465691, "5": 1.179021705608224, "6": -1.228394929054687, "7": -0.024777825477150905}, "datetime": {"datetime": "2021-06-30 00:27:05", "elapsed": 15205.831553, "delta": 35.630211}}
{"target": 0.8248567862023566, "params": {"0": 0.9106296654043495, "1": -0.14750609360105216, "2": -0.9576611309409278, "3": -2.9753624403330075, "4": 0.32246717898153676, "5": -2.784186796307639, "6": 1.0511788294883377, "7": 0.00043071793698246097}, "datetime": {"datetime": "2021-06-30 00:28:14", "elapsed": 15274.863652, "delta": 69.032099}}
{"target": 0.0037956958349993704, "params": {"0": 2.900786107244925, "1": 1.092089023442469, "2": 2.4747581316098124, "3": -2.56565690377381, "4": -0.9143057501321694, "5": -0.3232106659627112, "6": -0.006893135402370021, "7": 0.659864843537326}, "datetime": {"datetime": "2021-06-30 00:28:40", "elapsed": 15301.226494, "delta": 26.362842}}
{"target": 0.0035322319668154526, "params": {"0": 2.0168331859363997, "1": -1.0006961171537958, "2": 2.188189087685963, "3": -2.287885857364646, "4": -0.3946512558091988, "5": -0.4118595869621773, "6": 1.8169486269214818, "7": -2.347532104243587}, "datetime": {"datetime": "2021-06-30 00:29:47", "elapsed": 15367.652095, "delta": 66.425601}}
{"target": 0.884989308111772, "params": {"0": 0.748124580238887, "1": -1.5206722686571583, "2": -1.1148433175235393, "3": -1.050342018404243, "4": 1.955546417201707, "5": -2.412234656703599, "6": 1.690953803361662, "7": -0.10431920290532748}, "datetime": {"datetime": "2021-06-30 00:30:17", "elapsed": 15398.372569, "delta": 30.720474}}
{"target": 0.0047115036549681055, "params": {"0": -2.768427266277079, "1": -2.034801323396807, "2": -2.5974250259620817, "3": -0.2736603934234014, "4": 2.1350998775049845, "5": -2.565525169525187, "6": -2.6639456251614435, "7": -0.08450607354032202}, "datetime": {"datetime": "2021-06-30 00:30:42", "elapsed": 15423.454743, "delta": 25.082174}}
{"target": 0.037836124104826126, "params": {"0": -0.7405291676053141, "1": 1.3722945622585243, "2": 0.36950884876506773, "3": 0.8638906062642748, "4": -1.1707532850897469, "5": -1.8336306005565612, "6": -1.5553145793366105, "7": 0.8300016104117964}, "datetime": {"datetime": "2021-06-30 00:31:12", "elapsed": 15453.269806, "delta": 29.815063}}
{"target": 0.0034425689269564617, "params": {"0": 2.0979539347979985, "1": -2.2792788014632883, "2": -0.6823977949787952, "3": -1.8014523317687505, "4": -1.511742846787678, "5": 2.3397655082577975, "6": -1.787354666138744, "7": 1.586601048628017}, "datetime": {"datetime": "2021-06-30 00:32:10", "elapsed": 15510.896318, "delta": 57.626512}}
{"target": 0.7177220174135149, "params": {"0": 2.496051063603347, "1": 1.2484852952951648, "2": -0.7769128316575991, "3": -1.600437796135754, "4": -0.5767005612079998, "5": -1.495551029431463, "6": 1.945653718482201, "7": -0.5780230169154201}, "datetime": {"datetime": "2021-06-30 00:32:54", "elapsed": 15554.87384, "delta": 43.977522}}
{"target": 0.004403465823363368, "params": {"0": 2.362803905729038, "1": -1.8943223915528038, "2": -0.04630160387130289, "3": -1.5519434540538268, "4": 1.864068206740681, "5": -2.2669590326504, "6": 2.269357313801734, "7": 0.25479645258753614}, "datetime": {"datetime": "2021-06-30 00:33:24", "elapsed": 15585.319546, "delta": 30.445706}}
{"target": 0.004849446267751688, "params": {"0": 1.6497480097722708, "1": -2.053273109033295, "2": 0.20011756122510338, "3": -1.9754462165381927, "4": 1.9606310589632967, "5": -2.3404969333884598, "6": 1.8533763131968897, "7": -0.30084690457250307}, "datetime": {"datetime": "2021-06-30 00:33:54", "elapsed": 15615.034349, "delta": 29.714803}}
{"target": 0.09736700414583413, "params": {"0": 0.33620439604345975, "1": 1.5727224409072216, "2": -1.086139857412121, "3": 2.1344312965568744, "4": -2.790819059164683, "5": -2.7942351708770734, "6": 1.7830374935821567, "7": -2.26245782720732}, "datetime": {"datetime": "2021-06-30 00:34:21", "elapsed": 15641.592678, "delta": 26.558329}}
{"target": 0.00322495248655153, "params": {"0": 0.96602228356925, "1": -2.972572690391347, "2": 0.05226156380990332, "3": -2.93905683575574, "4": 1.066718336905791, "5": -0.9787907767838187, "6": 2.71223055040089, "7": -0.7835610447925774}, "datetime": {"datetime": "2021-06-30 00:34:57", "elapsed": 15677.799654, "delta": 36.206976}}
{"target": 0.013094637645096484, "params": {"0": 0.7515224271779499, "1": -0.39759618079784964, "2": 1.0710052028254022, "3": -1.097770588679352, "4": 2.24649605096696, "5": -0.8453012674309037, "6": 2.9313859903556843, "7": -1.254548189606387}, "datetime": {"datetime": "2021-06-30 00:35:41", "elapsed": 15721.975453, "delta": 44.175799}}
{"target": 0.0032859947670882167, "params": {"0": 2.7372291137722238, "1": 2.2416098372846394, "2": -1.3472972191580368, "3": -0.17904991557143468, "4": 0.4070406492401024, "5": -2.8482448232471445, "6": -2.1471999759920477, "7": 1.011965557737561}, "datetime": {"datetime": "2021-06-30 00:36:15", "elapsed": 15756.401812, "delta": 34.426359}}
{"target": 0.0694659775200484, "params": {"0": 1.2578352048205792, "1": -2.2229022921655766, "2": 0.9441973454219665, "3": -2.335497670840885, "4": 0.23048253029484567, "5": -0.965073538254007, "6": 1.1339039630212504, "7": -2.027813845073027}, "datetime": {"datetime": "2021-06-30 00:36:53", "elapsed": 15794.054254, "delta": 37.652442}}
{"target": 0.012271154444098535, "params": {"0": -2.5358009483725734, "1": 1.4478691920474054, "2": 2.1748859248457304, "3": 2.350923476961918, "4": -1.271820748411875, "5": -1.2916643216477717, "6": -1.41402020424725, "7": -2.8345516842433667}, "datetime": {"datetime": "2021-06-30 00:37:15", "elapsed": 15816.33305, "delta": 22.278796}}
{"target": 0.0031834113368869933, "params": {"0": -1.5368853213108578, "1": 0.1702809397834888, "2": -1.2221012400901112, "3": -1.5280125819718093, "4": 0.3082794563301974, "5": -1.1365452593433945, "6": 1.8523326681900834, "7": 2.6760395190952977}, "datetime": {"datetime": "2021-06-30 00:38:29", "elapsed": 15890.310745, "delta": 73.977695}}
{"target": 0.0031202791327761877, "params": {"0": -0.11595025845572682, "1": -0.4996379593234277, "2": 2.1742160552952594, "3": 2.7053649624066516, "4": 2.2338650657030303, "5": 0.05156766057827067, "6": -2.311245637338984, "7": -1.0432145729466777}, "datetime": {"datetime": "2021-06-30 00:38:58", "elapsed": 15919.268318, "delta": 28.957573}}
{"target": 0.0032317668593806175, "params": {"0": 1.0346749805307365, "1": -2.402887524085809, "2": 0.006121459100823401, "3": -1.865338726787081, "4": 1.7173005563019847, "5": -1.9372262589902713, "6": 2.5457213008114827, "7": 0.1604729541084957}, "datetime": {"datetime": "2021-06-30 00:39:45", "elapsed": 15965.587162, "delta": 46.318844}}
{"target": 0.0038287061739059806, "params": {"0": 2.491829114029951, "1": -1.1955613764592279, "2": -0.505275557409103, "3": 1.5757321400184585, "4": -2.5463920456345983, "5": -0.40601684521711245, "6": -2.4452548215180014, "7": 1.1956814308773591}, "datetime": {"datetime": "2021-06-30 00:40:17", "elapsed": 15997.555944, "delta": 31.968782}}
{"target": 0.0032058679235945453, "params": {"0": 1.4245296590962084, "1": 1.7623509864887241, "2": 1.727136717689195, "3": -0.7108097870966636, "4": -1.396846248734339, "5": -0.682364979988332, "6": -0.47060932053841986, "7": 1.1981508802454277}, "datetime": {"datetime": "2021-06-30 00:40:43", "elapsed": 16024.313929, "delta": 26.757985}}
{"target": 0.0031386495461058293, "params": {"0": -1.9363630116981165, "1": 2.1658341830585224, "2": 0.8156929901393246, "3": 2.12417839123517, "4": -0.8280609754084205, "5": 0.3372392998028695, "6": -2.5469586393223924, "7": -0.5250904325107157}, "datetime": {"datetime": "2021-06-30 00:41:15", "elapsed": 16056.01947, "delta": 31.705541}}
{"target": 0.0034220070867015786, "params": {"0": 0.8232557397138249, "1": 2.2710071128219615, "2": -2.0972452833828354, "3": -2.4065687655144568, "4": 1.4753477922307763, "5": -0.7023807324890692, "6": 1.9055314682054814, "7": -0.8184679625348776}, "datetime": {"datetime": "2021-06-30 00:41:44", "elapsed": 16085.414641, "delta": 29.395171}}
{"target": 0.004550846574910989, "params": {"0": 1.2629923039735713, "1": 1.5195350628501867, "2": -2.270626186407359, "3": -0.7523028183731704, "4": -2.66954107362744, "5": -2.8090904708572055, "6": -1.3499013785780936, "7": 0.43045812527294025}, "datetime": {"datetime": "2021-06-30 00:42:06", "elapsed": 16106.570658, "delta": 21.156017}}
{"target": 0.003875556117542757, "params": {"0": -1.047233551985831, "1": 0.40700812987703916, "2": -1.9527486278573682, "3": -2.6848984519799135, "4": 2.5322638492723932, "5": -0.12748315212507677, "6": -0.31671664745166606, "7": -0.22274046420461646}, "datetime": {"datetime": "2021-06-30 00:42:29", "elapsed": 16129.814335, "delta": 23.243677}}
{"target": 0.004096708646300974, "params": {"0": 1.634451799222548, "1": -2.9457571398487805, "2": 1.198410735339464, "3": -1.352654433275911, "4": 1.3156298960661754, "5": -1.130569289225739, "6": 1.1892969484223146, "7": -1.8902809934675584}, "datetime": {"datetime": "2021-06-30 00:43:03", "elapsed": 16164.006055, "delta": 34.19172}}
{"target": 0.012234054620957995, "params": {"0": 2.4271119655144613, "1": -1.8827416520375468, "2": -0.1068986131153431, "3": 2.8282677481389067, "4": -2.7400773899990263, "5": 0.9934409255248275, "6": -2.814086545991134, "7": -2.2410103841456057}, "datetime": {"datetime": "2021-06-30 00:43:25", "elapsed": 16186.31391, "delta": 22.307855}}
{"target": 0.01022911880438154, "params": {"0": 1.4962868348069236, "1": 2.7443310523291364, "2": -2.7900661081357976, "3": 1.1094237666305728, "4": 1.8766354920276438, "5": -2.578510577418643, "6": -0.17668852250806388, "7": -2.9846133561965136}, "datetime": {"datetime": "2021-06-30 00:43:53", "elapsed": 16213.814891, "delta": 27.500981}}
{"target": 0.0032355593141357745, "params": {"0": -0.6793296122575869, "1": -0.7604059679885493, "2": -0.12902061882592974, "3": 1.6481774421785627, "4": -1.9655827956695404, "5": 1.519950172374525, "6": -0.24248437058540162, "7": 0.9623775756649096}, "datetime": {"datetime": "2021-06-30 00:44:23", "elapsed": 16243.707686, "delta": 29.892795}}
{"target": 0.003292958289232228, "params": {"0": -2.191622502643354, "1": -1.3505309467613487, "2": 0.938708454347478, "3": -2.290700850584604, "4": -1.4766170315401408, "5": -1.3226535952492455, "6": -1.2649223511908194, "7": 1.4132674371992682}, "datetime": {"datetime": "2021-06-30 00:44:42", "elapsed": 16262.722841, "delta": 19.015155}}
{"target": 0.0032213506310048404, "params": {"0": 0.4957636995009067, "1": -1.4165701031613338, "2": -1.681114941915842, "3": -1.2907121090662215, "4": 1.595956606950283, "5": -2.136581782078684, "6": 1.4677805322663975, "7": -0.1565486333001962}, "datetime": {"datetime": "2021-06-30 00:46:06", "elapsed": 16346.508742, "delta": 83.785901}}
{"target": 0.0031093712773070836, "params": {"0": -2.6256386238321827, "1": 0.41604458470079386, "2": -2.3841704079631887, "3": 1.4185000115366417, "4": 0.2041445833126989, "5": -0.40771137261075996, "6": 1.6911382498163157, "7": 0.9762422337091392}, "datetime": {"datetime": "2021-06-30 00:46:35", "elapsed": 16376.426024, "delta": 29.917282}}
{"target": 0.002981766498737578, "params": {"0": 1.3345782480904331, "1": 1.0637892087418948, "2": 1.5915569138635401, "3": 0.2899690993689443, "4": 1.827706114181745, "5": 0.8463407185413234, "6": -2.7199778434772837, "7": 2.1377495725430355}, "datetime": {"datetime": "2021-06-30 00:47:07", "elapsed": 16408.133677, "delta": 31.707653}}
{"target": 0.0030183302123038577, "params": {"0": -0.6092642558275587, "1": -0.9350053608535438, "2": -1.724841668506126, "3": 0.7569926876453952, "4": -1.1288051791096207, "5": 2.6492237830500596, "6": 1.1752538109297603, "7": -1.8741783356740402}, "datetime": {"datetime": "2021-06-30 00:47:33", "elapsed": 16434.33352, "delta": 26.199843}}
{"target": 0.005372326863333042, "params": {"0": 2.1330458473089635, "1": -0.25801470640517055, "2": -0.382870992580159, "3": -2.9395105973149978, "4": -1.300320348508389, "5": 0.9615073304066524, "6": 0.974968373946492, "7": -0.4044682095594361}, "datetime": {"datetime": "2021-06-30 00:47:53", "elapsed": 16454.124108, "delta": 19.790588}}
{"target": 0.0030091589707478125, "params": {"0": 1.960348848274795, "1": -0.2103574304554141, "2": -0.5298756401537439, "3": -0.5568008207206345, "4": 2.268120414921027, "5": -2.3424869485564286, "6": 0.5223076986772952, "7": -0.7212492593573945}, "datetime": {"datetime": "2021-06-30 00:48:34", "elapsed": 16495.066516, "delta": 40.942408}}
{"target": 0.004501720831881719, "params": {"0": 2.3440609071318654, "1": -0.8679262990067551, "2": 2.145828966741661, "3": -2.6932892537552506, "4": -1.3505604736501253, "5": -0.9796983133206645, "6": 2.6365939811953725, "7": -1.7759390006753248}, "datetime": {"datetime": "2021-06-30 00:49:05", "elapsed": 16525.850238, "delta": 30.783722}}
{"target": 0.0030836570133791676, "params": {"0": -2.766929951504598, "1": -0.9525228366650538, "2": -0.6212250895516478, "3": 0.9500798064424258, "4": 2.5439519832771715, "5": -0.981648432858691, "6": -1.0100863131863003, "7": -0.264635544241548}, "datetime": {"datetime": "2021-06-30 00:49:29", "elapsed": 16550.42042, "delta": 24.570182}}
{"target": 0.0029811187885870503, "params": {"0": -0.7548320801174029, "1": 2.8997843492234736, "2": -0.10410699179145766, "3": 2.9421881776362433, "4": 2.922821371632221, "5": -2.07288864813873, "6": 1.41917079651813, "7": -0.18858934337673006}, "datetime": {"datetime": "2021-06-30 00:49:58", "elapsed": 16579.492639, "delta": 29.072219}}
{"target": 0.0031729776395904236, "params": {"0": -0.31786724164313274, "1": -2.1987763029795646, "2": -0.6398834115252003, "3": 0.25498036417248837, "4": -2.5576937935009467, "5": -1.7849056517386983, "6": -0.2932493464667565, "7": -2.4323018199511806}, "datetime": {"datetime": "2021-06-30 00:50:27", "elapsed": 16607.617248, "delta": 28.124609}}
{"target": 0.0034698227846878555, "params": {"0": 0.6242002263488313, "1": -2.090931157843942, "2": 1.337968460019738, "3": 2.4939570872495054, "4": 0.09890343138894808, "5": 1.0359933628404914, "6": 2.498648653358117, "7": -0.15226553955799105}, "datetime": {"datetime": "2021-06-30 00:50:58", "elapsed": 16638.837303, "delta": 31.220055}}
{"target": 0.003393718263738371, "params": {"0": -1.9991826045678855, "1": -2.7177093598553075, "2": -1.68575140484198, "3": -2.7604774052638583, "4": -0.20197659848087834, "5": -2.6766512694306828, "6": -0.23613951225803342, "7": 1.9155004466720973}, "datetime": {"datetime": "2021-06-30 00:51:30", "elapsed": 16670.643649, "delta": 31.806346}}
{"target": 0.0031998756061092874, "params": {"0": -1.1860706281869429, "1": -2.473559432268592, "2": -2.8871591945178503, "3": -2.083481745268639, "4": -1.0781860648746942, "5": 2.6567742388590556, "6": -2.310359929482645, "7": 1.5694382101162532}, "datetime": {"datetime": "2021-06-30 00:52:01", "elapsed": 16702.133348, "delta": 31.489699}}
{"target": 0.003182758506556414, "params": {"0": 2.143991507270343, "1": 2.1196388658146503, "2": -1.9807885511914258, "3": 0.8362676052176843, "4": -0.5345064720903716, "5": 0.8642119266441926, "6": 1.8796335642022708, "7": 2.0208378616321765}, "datetime": {"datetime": "2021-06-30 00:52:25", "elapsed": 16725.929515, "delta": 23.796167}}
{"target": 0.0066097689769185775, "params": {"0": -2.0778632717516485, "1": 0.8790988823957511, "2": -0.6990026637902234, "3": -0.44899033154970613, "4": -2.934650429903626, "5": 1.0143669227856584, "6": -1.7405115831812936, "7": 2.187019246354722}, "datetime": {"datetime": "2021-06-30 00:53:00", "elapsed": 16761.375061, "delta": 35.445546}}
{"target": 0.002886093079546213, "params": {"0": 1.9269841017382658, "1": 0.5565783313022923, "2": 1.7819948839018096, "3": 0.4755029225182801, "4": 1.702426140130834, "5": 1.603789636662488, "6": -1.9296574850136512, "7": 2.468368329455516}, "datetime": {"datetime": "2021-06-30 00:53:54", "elapsed": 16815.463883, "delta": 54.088822}}
{"target": 0.9879892736583167, "params": {"0": 1.631541860591195, "1": 0.8191598854233133, "2": -0.5742773651039403, "3": -1.9668347996815103, "4": 1.4849000034873328, "5": -2.2408277891069384, "6": 1.7392405386916208, "7": -0.17356391326833132}, "datetime": {"datetime": "2021-06-30 00:55:08", "elapsed": 16889.388229, "delta": 73.924346}}
{"target": 0.004077455436940242, "params": {"0": -0.5847254946028357, "1": 1.884242466818609, "2": -1.718829290582454, "3": -1.513530496696139, "4": -2.8054395464467943, "5": -1.6406448448893405, "6": -0.3176571467268987, "7": 2.549976379196371}, "datetime": {"datetime": "2021-06-30 00:55:37", "elapsed": 16917.987256, "delta": 28.599027}}
{"target": 0.00293627376239371, "params": {"0": -1.4279522972517924, "1": -2.8219371934231425, "2": -1.6593990446379836, "3": 0.2931498666090384, "4": 0.31390253059376505, "5": 1.3736754899528076, "6": 0.7424623716427088, "7": -1.3222029807351676}, "datetime": {"datetime": "2021-06-30 00:56:06", "elapsed": 16947.23183, "delta": 29.244574}}
{"target": 0.0030045639363749923, "params": {"0": -0.7882243543273106, "1": -0.8346050791992972, "2": -2.300764134875595, "3": -0.4239833737068013, "4": -0.3471706668153005, "5": 2.1000985885704075, "6": -2.340892661635095, "7": 2.607469756846922}, "datetime": {"datetime": "2021-06-30 00:56:38", "elapsed": 16978.939574, "delta": 31.707744}}
{"target": 0.0034129244586106246, "params": {"0": 0.8273656240323057, "1": 1.1058277102456433, "2": -2.667721618383756, "3": 1.5894206644799116, "4": 0.2925635192230138, "5": -1.3093365427694168, "6": -1.7611251542946924, "7": -1.8517379278728723}, "datetime": {"datetime": "2021-06-30 00:57:10", "elapsed": 17011.141672, "delta": 32.202098}}
{"target": 0.0030281418568596985, "params": {"0": 1.416911328081465, "1": -0.8309204185279628, "2": 1.3316403521687619, "3": -2.565053299778234, "4": 2.5488680771448227, "5": 2.674331370931573, "6": -2.059178159094522, "7": -2.354666842189689}, "datetime": {"datetime": "2021-06-30 00:57:47", "elapsed": 17048.404599, "delta": 37.262927}}
{"target": 0.004063343843173971, "params": {"0": 1.8761752711928867, "1": 1.208168717726922, "2": -1.0586835196523408, "3": -1.3010446670824047, "4": -0.17001139709802793, "5": -1.695473370777861, "6": 1.4613434011131536, "7": -0.36888334068272144}, "datetime": {"datetime": "2021-06-30 00:59:15", "elapsed": 17135.67549, "delta": 87.270891}}
{"target": 0.18189267632195452, "params": {"0": 1.1114864774884783, "1": -0.363408130965861, "2": 0.9020970580796566, "3": -0.33082086205006034, "4": 1.4484311110460313, "5": -0.7053781941214936, "6": -2.0354410966696035, "7": 2.494416743068916}, "datetime": {"datetime": "2021-06-30 00:59:43", "elapsed": 17163.903258, "delta": 28.227768}}
{"target": 0.0060112391629153, "params": {"0": -1.283452274993541, "1": 1.2391422029646302, "2": -0.07086359443376322, "3": 1.0405051526417308, "4": -0.48384768116465704, "5": -2.1365423336829945, "6": -2.7339333818650973, "7": -2.926008799303024}, "datetime": {"datetime": "2021-06-30 01:00:16", "elapsed": 17196.69369, "delta": 32.790432}}
{"target": 0.0035586797794686423, "params": {"0": 2.6940262869598097, "1": 2.4008477285471956, "2": -2.5417014661293944, "3": 1.1877654470821675, "4": 2.941554990374107, "5": -0.8907394416087051, "6": 0.01759428563730392, "7": -0.9424863402630841}, "datetime": {"datetime": "2021-06-30 01:00:49", "elapsed": 17230.076698, "delta": 33.383008}}
{"target": 0.004109116720405979, "params": {"0": 1.7442763472123204, "1": -2.6819168392944244, "2": 2.5755564553251684, "3": -1.1324836769553672, "4": 2.7723234136323134, "5": -1.3958481289018274, "6": 2.014277930747258, "7": 2.914692526040824}, "datetime": {"datetime": "2021-06-30 01:01:33", "elapsed": 17273.967348, "delta": 43.89065}}
{"target": 0.009158612816338804, "params": {"0": 2.395250674530531, "1": -0.45007706660753843, "2": -1.1406587199518152, "3": -1.182291078839526, "4": 2.433271429514056, "5": -2.8063600877948365, "6": 0.9450004014368649, "7": -1.193186457352707}, "datetime": {"datetime": "2021-06-30 01:02:15", "elapsed": 17315.547622, "delta": 41.580274}}
{"target": 0.003043683779740441, "params": {"0": -1.6106883827449932, "1": 2.670400922393413, "2": 1.344875014265556, "3": -0.2391954970458614, "4": -1.5269930314991214, "5": 0.6672800927691362, "6": -0.07339995435610325, "7": -1.6559576816644164}, "datetime": {"datetime": "2021-06-30 01:02:47", "elapsed": 17348.008321, "delta": 32.460699}}
