{"target": 0.023822963144897548, "params": {"0": -0.750783182698874, "1": 0.526782864009216, "2": -0.6642898326296285, "3": 1.0391238627900181, "4": -1.429176688622592, "5": 2.682366821018716, "6": -2.5307460098048846, "7": 0.9582161897306447}, "datetime": {"datetime": "2021-06-29 23:53:21", "elapsed": 13181.644693, "delta": 28.152207}}
{"target": 0.5243503426862633, "params": {"0": 0.47361777671405214, "1": 2.0235736368824684, "2": -0.5401766395397924, "3": -1.5671192535905072, "4": -1.4710894447158664, "5": -0.45179474722667123, "6": 2.3676863777728663, "7": -0.43805230945162066}, "datetime": {"datetime": "2021-06-29 23:53:52", "elapsed": 13212.969153, "delta": 31.32446}}
{"target": 0.0034011036261067484, "params": {"0": -2.3306928329749717, "1": -2.2116718562105504, "2": -1.9151914483424548, "3": -0.4196127957949365, "4": -2.7501564548034665, "5": -1.129970430573748, "6": -2.700811624623487, "7": -2.516826685185899}, "datetime": {"datetime": "2021-06-29 23:54:16", "elapsed": 13237.08767, "delta": 24.118517}}
{"target": 0.0035173829837119807, "params": {"0": -1.8858871808711424, "1": 1.386574115617635, "2": -0.47989983022061633, "3": 1.1968233543706113, "4": -2.40909361114029, "5": 0.4028390983250869, "6": -1.297514728889527, "7": -0.046385521668778296}, "datetime": {"datetime": "2021-06-29 23:54:41", "elapsed": 13262.179621, "delta": 25.091951}}
{"target": 0.003714314438941015, "params": {"0": 1.4673996381002157, "1": -2.786593132358111, "2": 2.183457748090323, "3": -1.3668443484379853, "4": 0.962743138108582, "5": -0.5307731739904487, "6": 1.2401636731590822, "7": -2.501854934526871}, "datetime": {"datetime": "2021-06-29 23:55:10", "elapsed": 13291.048354, "delta": 28.868733}}
{"target": 0.003196971962937319, "params": {"0": -1.7697048789465704, "1": 2.655600538037368, "2": 1.8088833984311865, "3": 0.05686851542763982, "4": -0.25076081085120183, "5": 1.5591127583258197, "6": -2.16515678281346, "7": 1.1247068240925646}, "datetime": {"datetime": "2021-06-29 23:55:34", "elapsed": 13315.007214, "delta": 23.95886}}
{"target": 0.006284957522321909, "params": {"0": 1.1336639029310271, "1": -0.5223960309618567, "2": -0.1393236162320468, "3": -2.123114343554314, "4": 1.2744512155507621, "5": -2.6900604572891016, "6": 0.6574736291885248, "7": -0.5603347308124289}, "datetime": {"datetime": "2021-06-29 23:56:00", "elapsed": 13341.108956, "delta": 26.101742}}
{"target": 0.003939306886770831, "params": {"0": 0.818326758747447, "1": 1.7164865532251765, "2": -0.25433418691730036, "3": -2.6386911520832754, "4": -1.2195124543692422, "5": -0.2957819708156113, "6": 1.6045818273728036, "7": -1.5694705285996449}, "datetime": {"datetime": "2021-06-29 23:56:42", "elapsed": 13383.101085, "delta": 41.992129}}
{"target": 0.0038717103144181655, "params": {"0": 1.4699148794766685, "1": 1.4321178981107927, "2": -2.7975601230676386, "3": -0.7341834967470939, "4": -2.131670248447488, "5": 1.3753152933568558, "6": -2.6719631944954116, "7": -2.074676046048014}, "datetime": {"datetime": "2021-06-29 23:57:10", "elapsed": 13410.875015, "delta": 27.77393}}
{"target": 0.0033048880871823783, "params": {"0": 1.0515852710138471, "1": -1.4522520245655481, "2": -1.5219445894970929, "3": -1.1879137946823575, "4": 1.203107435043684, "5": -1.9729424843211136, "6": 2.2537064700353966, "7": -0.3090463848032896}, "datetime": {"datetime": "2021-06-29 23:57:46", "elapsed": 13446.514154, "delta": 35.639139}}
{"target": 0.0033827752156997196, "params": {"0": -1.6700349801981593, "1": 0.9025416757521518, "2": -0.3983382510579476, "3": 2.3171071127714153, "4": 1.8761547778085905, "5": 0.9620210989949642, "6": -0.7761842160421688, "7": 2.393356282834633}, "datetime": {"datetime": "2021-06-29 23:58:14", "elapsed": 13474.872132, "delta": 28.357978}}
{"target": 0.003355403719447625, "params": {"0": 2.678244711311075, "1": 0.35475484819991143, "2": -1.387732331718782, "3": 1.8278321878891024, "4": 0.500133079057238, "5": -0.8729083326002147, "6": -2.237341051145262, "7": 0.21929135738829508}, "datetime": {"datetime": "2021-06-29 23:58:42", "elapsed": 13502.641059, "delta": 27.768927}}
{"target": 0.003452984821126147, "params": {"0": -0.382800819619562, "1": 2.8080720462773243, "2": -2.4714590412011574, "3": -2.219264144564904, "4": -0.9764580263622609, "5": -2.4356740572364224, "6": 1.4846873393286852, "7": -2.2714832357976187}, "datetime": {"datetime": "2021-06-29 23:59:06", "elapsed": 13526.902689, "delta": 24.26163}}
{"target": 0.0037541388699564616, "params": {"0": -1.0750367448042362, "1": -1.4648461461232285, "2": -2.507469712823089, "3": 2.1433748161843944, "4": -2.582169269597215, "5": -1.4917834384222477, "6": 1.674730118939955, "7": 2.727285885739052}, "datetime": {"datetime": "2021-06-29 23:59:26", "elapsed": 13546.855874, "delta": 19.953185}}
{"target": 0.0030864714096855714, "params": {"0": 0.8776268625484906, "1": -0.9250795571418537, "2": 0.7072133755414005, "3": 0.13868415361074682, "4": -0.569852415121221, "5": -0.7604621410814261, "6": 0.5991538886313741, "7": -2.608892276353396}, "datetime": {"datetime": "2021-06-29 23:59:58", "elapsed": 13578.747036, "delta": 31.891162}}
{"target": 0.003350241679269599, "params": {"0": 1.719037258306999, "1": 1.442965229007111, "2": 0.4342672814742854, "3": 2.8240651468158653, "4": -0.6622999821751208, "5": 2.957561236272417, "6": -2.343987152349301, "7": 1.2985992443514842}, "datetime": {"datetime": "2021-06-30 00:00:21", "elapsed": 13602.050585, "delta": 23.303549}}
{"target": 0.008293365295827554, "params": {"0": -1.4319039314836908, "1": -1.637382091897452, "2": -2.8319693159253063, "3": 0.4934784809260542, "4": -2.890657625095782, "5": -1.6390558481072002, "6": -2.01666289955146, "7": -2.2068595121573145}, "datetime": {"datetime": "2021-06-30 00:00:45", "elapsed": 13626.376458, "delta": 24.325873}}
{"target": 0.0032891336990345057, "params": {"0": -1.6824486824342837, "1": -2.9204597834889774, "2": 0.2624138741311164, "3": -0.12192416724353627, "4": 0.6092186933314463, "5": 1.6868303873270865, "6": 0.08784581361704369, "7": -0.21513139358780498}, "datetime": {"datetime": "2021-06-30 00:01:15", "elapsed": 13656.054068, "delta": 29.67761}}
{"target": 0.0030582225924339038, "params": {"0": -2.4125597644648495, "1": -1.737448808605663, "2": 0.9731310932321939, "3": 2.2750832369311356, "4": -0.4002359939262061, "5": 1.791012365964681, "6": 0.08188193867279381, "7": 0.04724472053175388}, "datetime": {"datetime": "2021-06-30 00:01:35", "elapsed": 13676.463339, "delta": 20.409271}}
{"target": 0.0034506995069364093, "params": {"0": 0.9743465950657235, "1": -2.0438758866703823, "2": 1.269652804301833, "3": -0.10072920907139116, "4": -1.153687401376056, "5": -1.2987639853096595, "6": 0.023063316070238926, "7": -2.3768264041386633}, "datetime": {"datetime": "2021-06-30 00:02:12", "elapsed": 13712.568875, "delta": 36.105536}}
{"target": 0.009714630883995611, "params": {"0": 1.628379603528039, "1": 2.8790340408516766, "2": 1.8242152651367656, "3": -2.0755205933125658, "4": -0.11722341504561085, "5": -2.775005215965871, "6": -0.23645738321838827, "7": 2.4064714402600496}, "datetime": {"datetime": "2021-06-30 00:02:34", "elapsed": 13735.366325, "delta": 22.79745}}
{"target": 0.004724126030838427, "params": {"0": 0.8026312605782913, "1": 2.7739865590322657, "2": -1.5512717203354995, "3": -1.2052755540012066, "4": -0.49990367100178457, "5": 0.46373999667960675, "6": 2.7290958186158125, "7": -1.0601524750610203}, "datetime": {"datetime": "2021-06-30 00:03:45", "elapsed": 13806.127206, "delta": 70.760881}}
{"target": 0.007347214590812076, "params": {"0": 0.02184684399904313, "1": -2.9923608367316774, "2": 2.101917930204788, "3": -0.7852495338420731, "4": 1.4211344243148591, "5": 1.4878240356100187, "6": -2.042637356293178, "7": 2.1952118425018075}, "datetime": {"datetime": "2021-06-30 00:04:22", "elapsed": 13842.780154, "delta": 36.652948}}
{"target": 0.0030148271217687143, "params": {"0": 2.210299718551191, "1": -0.08723992171015382, "2": -2.478070806887537, "3": 1.0343032983152192, "4": 1.460691115914588, "5": 0.11452699778607878, "6": -1.1947001293783377, "7": 1.6987773672014717}, "datetime": {"datetime": "2021-06-30 00:04:42", "elapsed": 13863.06907, "delta": 20.288916}}
{"target": 0.00746215261617272, "params": {"0": -1.4503805625631827, "1": -2.9286255661138245, "2": -2.4830762799533233, "3": -0.914091308017416, "4": -1.7382708783173777, "5": -0.8287565580549887, "6": 2.4529614217693005, "7": -2.1216355106832365}, "datetime": {"datetime": "2021-06-30 00:05:09", "elapsed": 13889.935092, "delta": 26.866022}}
{"target": 0.0029263051005997535, "params": {"0": -1.0860325356252942, "1": 0.359758351683269, "2": 1.8390650363599947, "3": -0.8391380022800101, "4": -0.36773680056353664, "5": 2.3600667844003054, "6": 2.7417706163899904, "7": 2.6710682944161652}, "datetime": {"datetime": "2021-06-30 00:05:46", "elapsed": 13927.352442, "delta": 37.41735}}
{"target": 0.0034669151510764687, "params": {"0": 1.5133386681063588, "1": 1.9745950628997146, "2": -1.600322198316673, "3": -2.6808688074185243, "4": 1.2238876957810287, "5": -0.5160717132348518, "6": 2.1805626141590064, "7": -0.9054902985025595}, "datetime": {"datetime": "2021-06-30 00:06:14", "elapsed": 13954.770915, "delta": 27.418473}}
{"target": 0.007754434951064689, "params": {"0": 2.2922047150241003, "1": -0.9974216799564184, "2": -0.671081830583121, "3": -1.822553335710039, "4": 2.2083528787489737, "5": -2.9464513044437437, "6": 0.7062554708689674, "7": -0.8710286514086594}, "datetime": {"datetime": "2021-06-30 00:07:18", "elapsed": 14019.478212, "delta": 64.707297}}
{"target": 0.0033329855179062085, "params": {"0": 0.08352496952677901, "1": -2.3272716245267944, "2": 1.0949902343388276, "3": -2.3297660345285345, "4": 1.3301505137022183, "5": -1.459224049162055, "6": 2.523609085200654, "7": -0.8592913001866718}, "datetime": {"datetime": "2021-06-30 00:07:52", "elapsed": 14053.033016, "delta": 33.554804}}
{"target": 0.01006633651147663, "params": {"0": 0.4619573753716777, "1": -2.6482396635820655, "2": 0.8190395678483515, "3": -2.9117535550588567, "4": 2.1370758472216353, "5": -2.3347699496278294, "6": 2.5714356862696484, "7": -0.12667566394149032}, "datetime": {"datetime": "2021-06-30 00:08:37", "elapsed": 14098.313286, "delta": 45.28027}}
{"target": 0.03499308343313757, "params": {"0": 0.5118986959770293, "1": -2.94921440053166, "2": 2.3518846231449464, "3": -1.6223813202841824, "4": -1.0021876728662704, "5": 0.9342786533240162, "6": -2.278228365271616, "7": 1.145486968268684}, "datetime": {"datetime": "2021-06-30 00:09:07", "elapsed": 14128.228633, "delta": 29.915347}}
{"target": 0.0037488364002177988, "params": {"0": -2.6073843529686602, "1": 2.921250340632616, "2": -1.4500847088623914, "3": 0.7345113231118838, "4": 2.802047130017435, "5": -2.020091393000097, "6": 0.517309907101029, "7": 1.572003021629084}, "datetime": {"datetime": "2021-06-30 00:09:45", "elapsed": 14166.496834, "delta": 38.268201}}
{"target": 0.0030589502898820077, "params": {"0": 0.10458767921581469, "1": 1.0575386241728602, "2": 1.2917484423824392, "3": -2.568759340686224, "4": 0.20540144536960359, "5": 1.5053077157785726, "6": -0.32074195853406007, "7": -2.3706301655475377}, "datetime": {"datetime": "2021-06-30 00:10:33", "elapsed": 14213.866371, "delta": 47.369537}}
{"target": 0.007188409959600004, "params": {"0": 1.1257169455180973, "1": -2.9532742118779662, "2": 1.615135037837275, "3": -1.9049606492716349, "4": 0.8752907802083696, "5": -0.714463844671636, "6": 0.48838493761061663, "7": -2.8670176497889983}, "datetime": {"datetime": "2021-06-30 00:11:01", "elapsed": 14242.280762, "delta": 28.414391}}
{"target": 0.003191366868117205, "params": {"0": 1.5984910928039744, "1": -0.367163272777562, "2": -1.0045376762463587, "3": -1.5736476269882584, "4": 2.0196336455018216, "5": -2.2291574315661986, "6": 1.0313788241693755, "7": 0.40872133038940905}, "datetime": {"datetime": "2021-06-30 00:11:32", "elapsed": 14273.153856, "delta": 30.873094}}
{"target": 0.0037766408811194968, "params": {"0": -2.934661092458664, "1": 0.48222639347603646, "2": 1.4087131540598614, "3": -2.4970110816008715, "4": 0.08843922719771857, "5": -0.4791648511157427, "6": -0.043888985103632816, "7": -2.4755999650733544}, "datetime": {"datetime": "2021-06-30 00:11:55", "elapsed": 14295.923663, "delta": 22.769807}}
{"target": 0.0032882820451199516, "params": {"0": 1.4536281974079666, "1": 1.7217270365900088, "2": 0.7808102431037951, "3": -2.917406233871497, "4": 2.400240170463972, "5": -0.11835106548945706, "6": -2.1019725224882446, "7": -2.6329016735008697}, "datetime": {"datetime": "2021-06-30 00:12:17", "elapsed": 14317.854289, "delta": 21.930626}}
{"target": 0.0036630685260807695, "params": {"0": -0.30767442098393527, "1": 2.6301489322758096, "2": -2.6015269165117862, "3": -2.3369704203020722, "4": -1.5277366819437828, "5": 1.923476919646502, "6": 2.6770197934339777, "7": -1.2827629748400327}, "datetime": {"datetime": "2021-06-30 00:12:31", "elapsed": 14331.582706, "delta": 13.728417}}
{"target": 0.004094799629342887, "params": {"0": -0.9681405875481097, "1": 1.2543867014348429, "2": 1.4689856073491718, "3": 1.827618769305305, "4": 2.0650276117394073, "5": -2.1665755130347275, "6": 2.6079886795672325, "7": -1.7293222910059538}, "datetime": {"datetime": "2021-06-30 00:12:49", "elapsed": 14349.577334, "delta": 17.994628}}
{"target": 0.0039006929464018123, "params": {"0": 1.0117953329203822, "1": -1.5739630403414309, "2": -0.28453351242531255, "3": -2.104610779952549, "4": 1.9497815602874695, "5": -1.344479540245045, "6": 2.9557545408020154, "7": -0.9979640415469744}, "datetime": {"datetime": "2021-06-30 00:13:37", "elapsed": 14397.812585, "delta": 48.235251}}
{"target": 0.0042084446923438, "params": {"0": -2.6522009840456753, "1": 2.9288941374135113, "2": -0.38448553665490426, "3": 0.5675725982456385, "4": 1.7736364337664554, "5": 2.8778576088702605, "6": -0.10943247020378433, "7": -1.5481374950354632}, "datetime": {"datetime": "2021-06-30 00:14:06", "elapsed": 14427.036801, "delta": 29.224216}}
{"target": 0.002960596973315844, "params": {"0": -2.897054866426139, "1": -2.90720835117728, "2": -2.124645975293131, "3": 0.696930239225428, "4": -2.0858544358519957, "5": 2.613200295383791, "6": 1.6488874291344926, "7": -1.0159027852864808}, "datetime": {"datetime": "2021-06-30 00:14:36", "elapsed": 14457.267879, "delta": 30.231078}}
{"target": 0.003025980551281752, "params": {"0": -0.7158546561080033, "1": -0.400540855776514, "2": -2.1718832487235584, "3": 2.0284300796210823, "4": 2.166333881772923, "5": 0.9564584490057815, "6": 2.138710625695242, "7": -2.101675734934978}, "datetime": {"datetime": "2021-06-30 00:14:53", "elapsed": 14473.81508, "delta": 16.547201}}
{"target": 0.0033279892200158063, "params": {"0": 1.4435628887299181, "1": 0.366638454933625, "2": 2.0788668553667886, "3": 2.991883592870435, "4": 0.04433942253958367, "5": 0.4612544768974156, "6": -2.993906872396208, "7": 1.0165876303495276}, "datetime": {"datetime": "2021-06-30 00:15:21", "elapsed": 14502.35411, "delta": 28.53903}}
{"target": 0.004345222469328224, "params": {"0": -1.9293225211611766, "1": -0.14349084700437054, "2": 0.808075815440068, "3": 0.8057303631554591, "4": -1.4328882681168658, "5": 0.4707115086120046, "6": 1.3759473152065, "7": 0.3056702691719311}, "datetime": {"datetime": "2021-06-30 00:15:49", "elapsed": 14529.971381, "delta": 27.617271}}
{"target": 0.0034118888340190167, "params": {"0": 2.171307482403938, "1": -0.9282736807243341, "2": -1.5256037123298887, "3": -0.234250906432937, "4": -0.3441918168462186, "5": -1.7074284988866064, "6": -1.1958126153714137, "7": 0.7705375018175653}, "datetime": {"datetime": "2021-06-30 00:16:09", "elapsed": 14549.588242, "delta": 19.616861}}
{"target": 0.0029459743557094676, "params": {"0": 2.573958554945854, "1": 0.050773417340408855, "2": 2.1093932710553, "3": 0.5241199239476693, "4": -1.5989253635053178, "5": 2.438557389112531, "6": -0.3041392782308314, "7": 0.3535210144366179}, "datetime": {"datetime": "2021-06-30 00:16:49", "elapsed": 14590.214531, "delta": 40.626289}}
{"target": 0.0030374852113723007, "params": {"0": -0.5845803325135841, "1": -1.4439734616100879, "2": 0.4477462117494504, "3": -0.20882004781355779, "4": 1.387610071480852, "5": 2.912900058591525, "6": -2.4193402368849553, "7": -1.0989058395221114}, "datetime": {"datetime": "2021-06-30 00:17:19", "elapsed": 14620.054051, "delta": 29.83952}}
{"target": 0.005086381628257468, "params": {"0": 0.6752067376771631, "1": -1.6640386284602677, "2": -1.482814354900189, "3": -0.07308888635380484, "4": 0.9122483136327642, "5": -1.9252557881239036, "6": -0.936871310108236, "7": 0.32986791436567353}, "datetime": {"datetime": "2021-06-30 00:17:47", "elapsed": 14647.959404, "delta": 27.905353}}
{"target": 0.0046180761908091675, "params": {"0": 1.2613700837139419, "1": -2.195188299273477, "2": 1.799588688611986, "3": -2.750437119383172, "4": 0.9945325853238156, "5": -0.6178964296403819, "6": -1.5398113363328494, "7": -1.8438746554482115}, "datetime": {"datetime": "2021-06-30 00:18:26", "elapsed": 14686.804089, "delta": 38.844685}}
{"target": 0.0029648701588735854, "params": {"0": 2.8057238545855645, "1": 0.8326660475015943, "2": -0.1886333321659679, "3": 0.7519957645899726, "4": 2.408476236458476, "5": -0.05393887611259007, "6": 1.9196147864309774, "7": 2.3820412731932032}, "datetime": {"datetime": "2021-06-30 00:18:47", "elapsed": 14708.148706, "delta": 21.344617}}
{"target": 0.00721496339743733, "params": {"0": 0.9284484415947718, "1": -1.3760700377298587, "2": -2.330277833657859, "3": 2.3174302561332443, "4": -2.851783092461889, "5": 0.5119675848289393, "6": 1.5621038712503559, "7": 0.9060036253972679}, "datetime": {"datetime": "2021-06-30 00:19:18", "elapsed": 14738.821605, "delta": 30.672899}}
{"target": 0.0036086793336688352, "params": {"0": 2.480484537277432, "1": -1.6396776609504844, "2": -1.582152197869651, "3": -0.6526579162862145, "4": 1.6681027222145843, "5": -0.852266575113307, "6": 2.0674202199811527, "7": -1.5376816941402385}, "datetime": {"datetime": "2021-06-30 00:19:43", "elapsed": 14764.348946, "delta": 25.527341}}
{"target": 0.0029114021522404004, "params": {"0": -2.02962235828426, "1": 2.0515532782260584, "2": 1.1181404949015956, "3": -0.3844610373222328, "4": 2.597213072214088, "5": -2.438380963358315, "6": -2.414964048580842, "7": -0.2134012931012368}, "datetime": {"datetime": "2021-06-30 00:20:03", "elapsed": 14783.857279, "delta": 19.508333}}
{"target": 0.003325351070281844, "params": {"0": 1.167763859826234, "1": 0.018898849261322237, "2": 0.379029777407319, "3": -2.002548597679434, "4": 1.0347640518242631, "5": -2.2212119521377796, "6": 1.6971093356458349, "7": 0.2558972047097612}, "datetime": {"datetime": "2021-06-30 00:20:41", "elapsed": 14821.73897, "delta": 37.881691}}
{"target": 0.003862776111890607, "params": {"0": 1.9229460480889298, "1": -1.9074451031799113, "2": -0.03287214006211947, "3": -1.4775824293866056, "4": 0.12588910520730856, "5": 2.5075587747787367, "6": -0.5463681217111431, "7": -2.1725289051443957}, "datetime": {"datetime": "2021-06-30 00:21:08", "elapsed": 14848.928889, "delta": 27.189919}}
{"target": 0.0036935827092288457, "params": {"0": -1.9971787385187663, "1": -0.6209946761852034, "2": 1.6815894901141721, "3": 0.01633700262271942, "4": -2.3585218038270113, "5": -0.9374596715421695, "6": -1.1149368105583286, "7": -2.697293442321291}, "datetime": {"datetime": "2021-06-30 00:21:36", "elapsed": 14876.824588, "delta": 27.895699}}
{"target": 0.0037068009584049753, "params": {"0": -0.9308403400216232, "1": 2.3526515053722177, "2": -0.5537653951665988, "3": -1.6715750675131886, "4": -0.11084431142471374, "5": 1.2649049765901097, "6": -0.33405727796488627, "7": 0.44264088092589926}, "datetime": {"datetime": "2021-06-30 00:22:07", "elapsed": 14908.240624, "delta": 31.416036}}
{"target": 0.002922859364096961, "params": {"0": -2.3973824493011824, "1": -0.14255372379715414, "2": 0.7049307515343326, "3": 1.0917263992202084, "4": 2.244415700537025, "5": -1.8871751151469205, "6": 0.18675947985617247, "7": 1.0253457684409018}, "datetime": {"datetime": "2021-06-30 00:22:42", "elapsed": 14943.06713, "delta": 34.826506}}
{"target": 0.006291706861421141, "params": {"0": 1.4432959534298666, "1": 1.5677347016169216, "2": -2.6939679387076643, "3": 1.9213002239449208, "4": -2.8526520960220427, "5": -2.4025279600907234, "6": -1.8130047435597785, "7": -0.798237601606373}, "datetime": {"datetime": "2021-06-30 00:23:13", "elapsed": 14973.595672, "delta": 30.528542}}
{"target": 0.018735317865273507, "params": {"0": -1.4263935377119914, "1": -2.8218587732066354, "2": -2.9887765877683723, "3": -0.0692681317948396, "4": -2.145367261352709, "5": -0.6818708146943981, "6": 2.258152720484505, "7": -1.4345588293810878}, "datetime": {"datetime": "2021-06-30 00:23:41", "elapsed": 15002.410158, "delta": 28.814486}}
{"target": 0.003405778194053059, "params": {"0": 0.9812059171144702, "1": -0.6919881281662921, "2": -1.0849802429065405, "3": -2.540284147324476, "4": -0.209541197523186, "5": -2.3082149655205457, "6": -2.8354595510958998, "7": -1.368640496521827}, "datetime": {"datetime": "2021-06-30 00:24:09", "elapsed": 15030.397332, "delta": 27.987174}}
{"target": 0.003180021021103464, "params": {"0": -1.909796593740629, "1": 0.377003976387547, "2": 0.9154197983749288, "3": -1.718714634666777, "4": 2.2386708746699657, "5": 2.249183683093646, "6": -1.6255932280641747, "7": 0.8025933587908165}, "datetime": {"datetime": "2021-06-30 00:24:32", "elapsed": 15053.186727, "delta": 22.789395}}
{"target": 0.0030893432689462967, "params": {"0": -0.20196495406925052, "1": -0.6959776240942257, "2": -2.250685475436329, "3": -1.6972045316487205, "4": -2.7522809894418456, "5": 2.9477807934927034, "6": 2.9023137551413285, "7": -2.623034240251876}, "datetime": {"datetime": "2021-06-30 00:24:57", "elapsed": 15078.118931, "delta": 24.932204}}
