{"target": 0.004354150300285073, "params": {"0": 0.24089593777460072, "1": -0.4210859040669921, "2": 1.6907917796290626, "3": -0.9452435595442235, "4": 1.2033957713360284, "5": -0.9382564538888083, "6": -0.985056006003636, "7": 2.529189263522527}, "datetime": {"datetime": "2021-06-30 02:46:09", "elapsed": 23550.156365, "delta": 34.397846}}
{"target": 0.0031812204949423642, "params": {"0": 1.9953552470826823, "1": -0.48217067578498396, "2": 1.7052791788137345, "3": 0.05517687709021857, "4": -0.9654526181646954, "5": 1.6799257182373104, "6": 2.018801355535004, "7": 0.1158498306807374}, "datetime": {"datetime": "2021-06-30 02:46:35", "elapsed": 23575.39633, "delta": 25.239965}}
{"target": 0.004393323303329106, "params": {"0": -2.0818549636284756, "1": 0.7635893846193804, "2": -1.853946926874673, "3": 2.0779334918004704, "4": 0.07099500924756974, "5": 0.08071540329691018, "6": -2.7651743697967666, "7": 1.9526596849008824}, "datetime": {"datetime": "2021-06-30 02:47:10", "elapsed": 23610.745477, "delta": 35.349147}}
{"target": 0.002993587663992623, "params": {"0": -0.28353807135430387, "1": -2.8266844680680796, "2": 0.34349518295686243, "3": 2.3064059144775193, "4": 0.9348901056586643, "5": 1.2420976469645346, "6": 1.8649417914045285, "7": 2.679396928517157}, "datetime": {"datetime": "2021-06-30 02:47:39", "elapsed": 23639.904734, "delta": 29.159257}}
{"target": 0.0029160358214873113, "params": {"0": -1.3382980843712342, "1": -2.9394419843434445, "2": 2.9383800460475493, "3": 1.506824981184697, "4": 2.8755284060262394, "5": 2.3536942468284643, "6": -1.364248308574836, "7": -1.8059891805914352}, "datetime": {"datetime": "2021-06-30 02:48:11", "elapsed": 23671.587284, "delta": 31.68255}}
{"target": 0.0031606184478891117, "params": {"0": 0.5812014330675765, "1": 2.4450044479616553, "2": 0.13330552895765724, "3": -1.7739493280554974, "4": 0.6875803674790468, "5": 0.3365747288128773, "6": 2.4625445516914084, "7": -0.30248915632818685}, "datetime": {"datetime": "2021-06-30 02:48:35", "elapsed": 23695.809469, "delta": 24.222185}}
{"target": 0.021447249858572107, "params": {"0": 0.8674763224645252, "1": -2.4079461694551965, "2": 2.6011559082032356, "3": -2.399930523071462, "4": 1.1977077061089467, "5": 2.0582118552798017, "6": -0.5133179090125184, "7": -2.290955307492334}, "datetime": {"datetime": "2021-06-30 02:49:09", "elapsed": 23729.731203, "delta": 33.921734}}
{"target": 0.04120677651954624, "params": {"0": 2.479892328873289, "1": -0.24194213519596497, "2": 1.7435653348512599, "3": 1.6935656561987127, "4": -2.9296844794826957, "5": -1.377985168229607, "6": 2.225882298063061, "7": 2.825595598582958}, "datetime": {"datetime": "2021-06-30 02:50:00", "elapsed": 23780.632823, "delta": 50.90162}}
{"target": 0.03542785330971908, "params": {"0": 2.7032628646137864, "1": 2.0697665714447586, "2": -0.2975730281315445, "3": -1.1826851577755781, "4": -2.5412940190082534, "5": -2.053603000725836, "6": -0.29733633603165943, "7": -2.8019527856281643}, "datetime": {"datetime": "2021-06-30 02:51:32", "elapsed": 23872.505663, "delta": 91.87284}}
{"target": 0.0031047903105007727, "params": {"0": 0.32617717101464594, "1": 1.5181527993569848, "2": 0.36530641462834, "3": -2.416648514309683, "4": 2.573693143046289, "5": 2.793169151346903, "6": -2.3708415469591184, "7": 0.038002926872438}, "datetime": {"datetime": "2021-06-30 02:52:11", "elapsed": 23911.905946, "delta": 39.400283}}
{"target": 0.003421867924058982, "params": {"0": 2.7766963481434495, "1": 1.0592052398901544, "2": -0.28694226339722384, "3": 0.19155204627743272, "4": 2.252742013316256, "5": -2.6255461674623617, "6": -1.8578787040277103, "7": 0.40368895461735743}, "datetime": {"datetime": "2021-06-30 02:52:54", "elapsed": 23954.612946, "delta": 42.707}}
{"target": 0.0053910925410451446, "params": {"0": 1.155690436253347, "1": -2.435325002141096, "2": 1.5739924334204733, "3": 0.9678885733662921, "4": 1.8118016399239378, "5": 1.1232824512296933, "6": -0.3547983535012582, "7": -0.777530598966341}, "datetime": {"datetime": "2021-06-30 02:53:32", "elapsed": 23992.47154, "delta": 37.858594}}
{"target": 0.0030439271557857403, "params": {"0": 1.516912157020518, "1": 1.8329199567761094, "2": 1.0732743151504502, "3": 0.6629301035255128, "4": 0.22576488881051393, "5": 0.019487998825899133, "6": -1.1491504785141173, "7": 2.8816316332639715}, "datetime": {"datetime": "2021-06-30 02:54:02", "elapsed": 24022.790235, "delta": 30.318695}}
{"target": 0.006016843833784278, "params": {"0": -1.7455535271047335, "1": -0.8724550677875245, "2": 0.8779009540774734, "3": 1.877796600908873, "4": 2.732673857701669, "5": 2.8453039841969128, "6": -2.3798584572474546, "7": -1.8189816373495347}, "datetime": {"datetime": "2021-06-30 02:54:36", "elapsed": 24056.329565, "delta": 33.53933}}
{"target": 0.003071835018586894, "params": {"0": -2.8427824986405996, "1": 0.25124371041520766, "2": -2.966771774622649, "3": -0.7612224199250486, "4": -1.7455874437788668, "5": 2.793282098780521, "6": 2.5993152267841193, "7": 0.7572402099254512}, "datetime": {"datetime": "2021-06-30 02:55:17", "elapsed": 24097.944766, "delta": 41.615201}}
{"target": 0.004111706545628865, "params": {"0": 2.4279304342609755, "1": -2.1891630783113794, "2": 1.316573395226139, "3": 2.7026079933863096, "4": 1.068002848066456, "5": 2.1226941684015594, "6": 2.6130409481925643, "7": 2.513370532954861}, "datetime": {"datetime": "2021-06-30 02:55:44", "elapsed": 24124.442853, "delta": 26.498087}}
{"target": 0.005621712959698117, "params": {"0": 2.9207351326246016, "1": 2.5138998685334517, "2": 2.60350930139536, "3": 2.974717888870134, "4": -0.43682373177824196, "5": -2.2211024742597036, "6": 2.773398242321699, "7": 0.6246350383060326}, "datetime": {"datetime": "2021-06-30 02:56:23", "elapsed": 24164.144653, "delta": 39.7018}}
{"target": 0.013964719370976897, "params": {"0": -1.5412684144455175, "1": -0.8715890581180155, "2": -2.619705141175297, "3": -1.2389454463415248, "4": -0.5198415718245544, "5": -0.31941274538536746, "6": 2.583849359792132, "7": 2.060314840608651}, "datetime": {"datetime": "2021-06-30 02:57:08", "elapsed": 24209.163743, "delta": 45.01909}}
{"target": 0.003124540456430442, "params": {"0": 2.5771768893181513, "1": 1.3615736532215, "2": 1.89683998666015, "3": 2.728675604252193, "4": 0.048823785789644525, "5": -0.9803947534197923, "6": 1.6826550829513405, "7": 0.500892602999846}, "datetime": {"datetime": "2021-06-30 02:57:45", "elapsed": 24246.055793, "delta": 36.89205}}
{"target": 0.005369010970812513, "params": {"0": -1.6443399433296253, "1": 0.5764555736938304, "2": -0.3881832393596456, "3": -0.3676490839039208, "4": 0.5991718013883753, "5": 2.65023769068023, "6": 1.5110472142200706, "7": -0.39254807340333997}, "datetime": {"datetime": "2021-06-30 02:58:32", "elapsed": 24292.736544, "delta": 46.680751}}
{"target": 0.007121969524142379, "params": {"0": -1.148476383089289, "1": -0.06653109273409274, "2": 0.1802257837100245, "3": 0.0081547699835669, "4": -0.1722239895800448, "5": 2.156678288555561, "6": 0.13017329839619096, "7": 2.528263441631853}, "datetime": {"datetime": "2021-06-30 02:59:03", "elapsed": 24323.776625, "delta": 31.040081}}
{"target": 0.0038641172529740274, "params": {"0": -0.2442251697363509, "1": -2.186041928766298, "2": 1.285678498967644, "3": -0.8041222516334425, "4": 2.602557871462441, "5": 1.5815556178055923, "6": -0.16452031541919077, "7": -2.0648812181351084}, "datetime": {"datetime": "2021-06-30 02:59:37", "elapsed": 24357.652607, "delta": 33.875982}}
{"target": 0.003906554861785441, "params": {"0": -2.5904535025999142, "1": 1.5589152061679794, "2": 2.948007556234093, "3": -1.7899870212887403, "4": -0.24723417645711843, "5": 2.8100461483113675, "6": -0.8481674690388799, "7": 2.796927149204371}, "datetime": {"datetime": "2021-06-30 03:00:11", "elapsed": 24391.557878, "delta": 33.905271}}
{"target": 0.003726320046300337, "params": {"0": 1.7179609144409893, "1": 0.7167029636964619, "2": 2.0902582443812747, "3": -0.13081284408372218, "4": 1.1847940820344762, "5": -0.34302336870347094, "6": -0.1842874145909068, "7": -2.2983717124511593}, "datetime": {"datetime": "2021-06-30 03:01:06", "elapsed": 24447.124075, "delta": 55.566197}}
{"target": 0.003389368759750646, "params": {"0": 1.229544563904633, "1": -2.322731902466637, "2": -0.24609682078964745, "3": 0.8860559580694498, "4": 0.9055640768223308, "5": 2.9705864777766777, "6": 2.431309088014479, "7": -1.2501588575258813}, "datetime": {"datetime": "2021-06-30 03:01:33", "elapsed": 24473.456769, "delta": 26.332694}}
{"target": 0.0031401468957995755, "params": {"0": -0.22456696105858187, "1": 1.7282083931303296, "2": 0.155981769432322, "3": 2.14249999157564, "4": 2.7410291172560095, "5": -0.41750135328520654, "6": -0.11554265633248395, "7": 0.660279444847423}, "datetime": {"datetime": "2021-06-30 03:02:10", "elapsed": 24510.531268, "delta": 37.074499}}
{"target": 0.0028986030781266952, "params": {"0": 0.15288823281295816, "1": 1.633358149329787, "2": -2.795163663796572, "3": 0.1450904456969253, "4": 2.7754348731107417, "5": 1.663902249148169, "6": -1.3774085423994606, "7": 1.1215869315680136}, "datetime": {"datetime": "2021-06-30 03:02:41", "elapsed": 24541.807636, "delta": 31.276368}}
{"target": 0.0731024941181246, "params": {"0": -0.4731321730226501, "1": 1.6550747550783944, "2": 0.32166616905472933, "3": 0.9277509522548177, "4": -2.6205093104413337, "5": -1.5883111030674604, "6": 2.4043593155819574, "7": -2.337467670105796}, "datetime": {"datetime": "2021-06-30 03:03:18", "elapsed": 24579.012838, "delta": 37.205202}}
{"target": 0.004588102367879046, "params": {"0": -1.8983204164464589, "1": 2.2502930017205127, "2": -1.2517678157110728, "3": 1.0367705949330537, "4": -1.692697135329462, "5": 0.30499769629587625, "6": 2.0399668917590734, "7": 0.7134719251559818}, "datetime": {"datetime": "2021-06-30 03:04:50", "elapsed": 24670.649708, "delta": 91.63687}}
{"target": 0.003406088297739497, "params": {"0": 0.6275522158573295, "1": -1.7820419290576475, "2": 0.07490615787493438, "3": 1.3067346785560252, "4": 2.555655551853067, "5": 2.2398723066095547, "6": 1.1608287891423803, "7": -2.7280731003420193}, "datetime": {"datetime": "2021-06-30 03:05:31", "elapsed": 24711.885869, "delta": 41.236161}}
{"target": 0.00535327644307584, "params": {"0": -0.39079416696807145, "1": -0.5464831914476775, "2": -0.3077854075910871, "3": 0.20915556462822948, "4": 0.12229084260351719, "5": -2.662655512283077, "6": -0.5581539567526796, "7": -0.5491844517555524}, "datetime": {"datetime": "2021-06-30 03:05:58", "elapsed": 24738.723376, "delta": 26.837507}}
{"target": 0.002943657131096478, "params": {"0": -2.1498484637690396, "1": 2.7774549320647086, "2": -1.5630979103815255, "3": 1.6761809640518486, "4": 0.43050825147169736, "5": 1.739000909293031, "6": 1.3862742377740478, "7": 2.7840758061247044}, "datetime": {"datetime": "2021-06-30 03:06:38", "elapsed": 24779.179894, "delta": 40.456518}}
{"target": 0.0035200408665673885, "params": {"0": -1.485746788674639, "1": 2.19870862061497, "2": 1.3766004413905257, "3": -1.3948417008644378, "4": -2.1347966521797024, "5": -1.4817139046138097, "6": 1.765057002885749, "7": -0.025898044907740392}, "datetime": {"datetime": "2021-06-30 03:07:03", "elapsed": 24803.320269, "delta": 24.140375}}
{"target": 0.004549848105656902, "params": {"0": 1.6852017044385743, "1": -0.9720906998641454, "2": 1.609200572218449, "3": -1.8433579307619503, "4": 1.0790394675711044, "5": 0.458300912260877, "6": -1.5625942306561877, "7": 1.3219148296863894}, "datetime": {"datetime": "2021-06-30 03:07:31", "elapsed": 24831.799289, "delta": 28.47902}}
{"target": 0.0034208599431756045, "params": {"0": -1.037318159623729, "1": 0.3965358497219067, "2": 1.4783026467990217, "3": -2.085259177315799, "4": -0.37864877111285855, "5": 1.0053710670997944, "6": -0.07999375826948363, "7": -0.24466824972595447}, "datetime": {"datetime": "2021-06-30 03:08:01", "elapsed": 24861.324584, "delta": 29.525295}}
{"target": 0.004166559590560476, "params": {"0": -0.01103658909029459, "1": -2.922613287083424, "2": -1.5451189013921418, "3": -0.7853945469925669, "4": -1.0408849059449774, "5": -0.9493671689730143, "6": 1.4772258068781348, "7": 0.8794738920002505}, "datetime": {"datetime": "2021-06-30 03:08:38", "elapsed": 24898.596332, "delta": 37.271748}}
{"target": 0.0029314761402561254, "params": {"0": 0.23717450904217952, "1": -2.3226378394836824, "2": 2.3816696834284583, "3": 1.8667251729475947, "4": -0.3899296078907186, "5": -2.0550509362834926, "6": 2.8906331374164322, "7": -0.27897637027395605}, "datetime": {"datetime": "2021-06-30 03:09:30", "elapsed": 24950.982121, "delta": 52.385789}}
{"target": 0.003966511993717692, "params": {"0": 2.6890934047744306, "1": -0.4508055586504023, "2": -2.9708595490202097, "3": 1.0723043292813506, "4": 1.4365627546492385, "5": 1.0324289013855719, "6": 0.7261264071594424, "7": 0.01896657009973124}, "datetime": {"datetime": "2021-06-30 03:09:52", "elapsed": 24972.302189, "delta": 21.320068}}
{"target": 0.010382287542424267, "params": {"0": 0.5153552181262437, "1": 2.251338372261424, "2": 0.8210315148592162, "3": -0.6400108256298327, "4": -1.3297513240328531, "5": 0.22809018564956762, "6": -0.7384114489620668, "7": -0.7287488689889869}, "datetime": {"datetime": "2021-06-30 03:10:21", "elapsed": 25001.748875, "delta": 29.446686}}
{"target": 0.004037974672780636, "params": {"0": -2.299631074277307, "1": -2.0575122592818382, "2": -1.58208654463511, "3": 2.576495094566136, "4": -1.547542528664325, "5": -0.6797027387862951, "6": 1.052893853721086, "7": -2.3658707886673978}, "datetime": {"datetime": "2021-06-30 03:11:04", "elapsed": 25044.975427, "delta": 43.226552}}
{"target": 0.0030694391974542723, "params": {"0": 1.590177718833103, "1": -0.1576265675058086, "2": -0.7027675043240755, "3": 1.4898644036299151, "4": 1.858931585689918, "5": 1.8357115556149974, "6": -1.9304350485312258, "7": 2.6310331439894146}, "datetime": {"datetime": "2021-06-30 03:11:33", "elapsed": 25073.547907, "delta": 28.57248}}
{"target": 0.014315215564048023, "params": {"0": -2.778116618679369, "1": -1.031874454665224, "2": 1.4015129153658954, "3": -1.5360583877078793, "4": -1.794106228210391, "5": 1.3606534110036836, "6": -1.1084092448875433, "7": -2.746118741320699}, "datetime": {"datetime": "2021-06-30 03:12:24", "elapsed": 25124.517877, "delta": 50.96997}}
{"target": 0.006867676818948564, "params": {"0": 0.315100411485818, "1": -0.5046014473850304, "2": -0.5177399501536675, "3": -0.78625282911907, "4": -2.007342356852777, "5": -2.7392974658369775, "6": -2.803436199679691, "7": 1.8957157237713824}, "datetime": {"datetime": "2021-06-30 03:13:03", "elapsed": 25164.200911, "delta": 39.683034}}
{"target": 0.003035225254455602, "params": {"0": -2.7168841767036533, "1": -0.572601512812287, "2": 0.33688649148981975, "3": -0.5677274720834804, "4": 1.194144348276307, "5": 2.4395393632932834, "6": -1.8773604314100745, "7": 0.9687509192776993}, "datetime": {"datetime": "2021-06-30 03:13:42", "elapsed": 25202.431945, "delta": 38.231034}}
{"target": 0.0031805979087708696, "params": {"0": -1.8131477017370585, "1": 1.2383578353072595, "2": -1.6742495382446951, "3": -0.7350823273652827, "4": -1.3995783055717346, "5": 2.4059476428510678, "6": 0.315661449488827, "7": 0.3458208852085809}, "datetime": {"datetime": "2021-06-30 03:14:19", "elapsed": 25239.946629, "delta": 37.514684}}
{"target": 0.007018554034855437, "params": {"0": -2.101370840849838, "1": -1.382602615240685, "2": 2.8177038248252444, "3": -2.4211185501838375, "4": -0.48303551252647026, "5": -0.036532791133558895, "6": -1.2336513811730037, "7": -2.374717152486083}, "datetime": {"datetime": "2021-06-30 03:14:57", "elapsed": 25277.40944, "delta": 37.462811}}
{"target": 0.0643524476774036, "params": {"0": 1.6088918028388326, "1": 2.2934715969079527, "2": 0.33993263221111647, "3": -2.163736945718539, "4": 1.9636992342961008, "5": 1.3181914852286516, "6": -1.165083042261279, "7": 0.38515990265419475}, "datetime": {"datetime": "2021-06-30 03:15:30", "elapsed": 25310.488269, "delta": 33.078829}}
{"target": 0.005648123783547265, "params": {"0": 1.3960093842211085, "1": 0.4182893575888742, "2": 0.38405339286966056, "3": -1.7857361174406727, "4": 2.180676730456476, "5": -1.9302333596597885, "6": 1.2300167586074613, "7": 0.2994173877826576}, "datetime": {"datetime": "2021-06-30 03:17:05", "elapsed": 25406.26271, "delta": 95.774441}}
{"target": 0.0035186904698539445, "params": {"0": 1.3275478284924134, "1": -0.24999038378087945, "2": -2.824459322222475, "3": 0.40565773972560804, "4": 2.3951590542514953, "5": 0.5596691824748588, "6": -2.344161863983765, "7": -2.2104398239450247}, "datetime": {"datetime": "2021-06-30 03:17:48", "elapsed": 25448.439178, "delta": 42.176468}}
{"target": 0.012285865748083874, "params": {"0": -2.0302781691110416, "1": 0.020347417734230433, "2": -2.025074708564225, "3": -1.2876804159330786, "4": 0.5084077139064149, "5": -2.383328706551188, "6": -2.997180241464638, "7": -1.8108094349172492}, "datetime": {"datetime": "2021-06-30 03:18:17", "elapsed": 25478.058421, "delta": 29.619243}}
{"target": 0.003128425134828076, "params": {"0": 0.9356460605678176, "1": -2.0518686671607123, "2": -1.4926048093423305, "3": -0.7119021265776428, "4": 1.9389279325223256, "5": 1.3791721916979744, "6": 1.7622940042962991, "7": 1.9721721220056256}, "datetime": {"datetime": "2021-06-30 03:18:51", "elapsed": 25511.811334, "delta": 33.752913}}
{"target": 0.003181441650352737, "params": {"0": 0.34981335691859883, "1": -0.9156734027484275, "2": 0.5650466343491143, "3": 1.2324785954041122, "4": 2.3322648670049144, "5": 2.379525460404591, "6": 2.5740174202647808, "7": -2.9427012071938345}, "datetime": {"datetime": "2021-06-30 03:19:18", "elapsed": 25538.836986, "delta": 27.025652}}
{"target": 0.003289575127420097, "params": {"0": 1.0395771785223076, "1": -2.3007111775396902, "2": 0.4270579777030781, "3": 2.7367418691106966, "4": -0.6723992475280864, "5": -2.519526289312564, "6": 1.167403399444626, "7": 1.7194303585764121}, "datetime": {"datetime": "2021-06-30 03:20:10", "elapsed": 25591.062446, "delta": 52.22546}}
{"target": 0.0032803768079196654, "params": {"0": 1.364372664481495, "1": 2.570013547633895, "2": 2.2551423443181857, "3": -0.9650124816301897, "4": -1.976066986513808, "5": 0.14074577932971266, "6": 2.2877000756667467, "7": 1.1464627905774645}, "datetime": {"datetime": "2021-06-30 03:20:53", "elapsed": 25633.33347, "delta": 42.271024}}
{"target": 0.0032246776442786196, "params": {"0": 0.7517272604436638, "1": 1.3352844456681172, "2": -2.836025573186581, "3": -0.8654981228713616, "4": 2.2457095119860835, "5": 2.6915888530055216, "6": -1.1210776376879723, "7": 1.4325004645858597}, "datetime": {"datetime": "2021-06-30 03:21:41", "elapsed": 25681.761047, "delta": 48.427577}}
{"target": 0.003372252861755972, "params": {"0": 0.0753395808877464, "1": 0.7945552373054894, "2": -0.6005741929840496, "3": 2.563272524786586, "4": 2.6332249366724962, "5": 1.7054625413134037, "6": 1.2711090967403997, "7": 0.28381313836566413}, "datetime": {"datetime": "2021-06-30 03:22:24", "elapsed": 25724.807328, "delta": 43.046281}}
{"target": 0.0028816808178196026, "params": {"0": -2.966155626666662, "1": 2.8397249919462064, "2": 2.7715597408635535, "3": -1.2773003263895852, "4": 0.23781119865848854, "5": 0.33208505515412945, "6": 2.519207795686407, "7": 2.168181634557717}, "datetime": {"datetime": "2021-06-30 03:23:05", "elapsed": 25765.99368, "delta": 41.186352}}
{"target": 0.00297103655304872, "params": {"0": -2.148504434857284, "1": -0.39835152764350923, "2": 1.2270349892142525, "3": 0.7530192609906048, "4": 2.6105603635599772, "5": -1.0056627559704827, "6": 0.9349026249272017, "7": -2.4312602395020395}, "datetime": {"datetime": "2021-06-30 03:24:48", "elapsed": 25868.908954, "delta": 102.915274}}
{"target": 0.006220364032645982, "params": {"0": 2.714174958143289, "1": -0.18486065198866175, "2": -0.42903628945102046, "3": -2.526004037170454, "4": 2.8871655635621556, "5": -0.5398502600938659, "6": 0.9598290271669399, "7": 0.8325152794262305}, "datetime": {"datetime": "2021-06-30 03:25:17", "elapsed": 25898.071038, "delta": 29.162084}}
{"target": 0.003246086075188381, "params": {"0": -2.0252680617124446, "1": 2.3612629737888664, "2": 2.187980316003844, "3": 2.057511303007594, "4": 1.6754623191139135, "5": 1.8268157219422037, "6": 2.57138250267782, "7": 2.428775546688313}, "datetime": {"datetime": "2021-06-30 03:25:52", "elapsed": 25933.064656, "delta": 34.993618}}
{"target": 0.0035432154289810947, "params": {"0": -0.8770517662159878, "1": -1.7547174625759432, "2": -2.0088414896911564, "3": -1.2842473121341909, "4": 0.5902391160064036, "5": 2.2829476382420726, "6": -0.6419196556112858, "7": -2.4171361691462256}, "datetime": {"datetime": "2021-06-30 03:26:34", "elapsed": 25974.905295, "delta": 41.840639}}
{"target": 0.013047271810436422, "params": {"0": -0.5263553095373643, "1": 0.4801954445893042, "2": 2.7562827914912553, "3": 2.9827551282988622, "4": -1.5241686473205853, "5": 1.2995193032460506, "6": -0.39829915745266087, "7": 0.6750558469884895}, "datetime": {"datetime": "2021-06-30 03:27:20", "elapsed": 26020.649884, "delta": 45.744589}}
{"target": 0.006847955507052172, "params": {"0": -1.8119780198804951, "1": -1.2878303043448003, "2": 1.8586069930789826, "3": -0.12527814913325086, "4": -2.4188645481840565, "5": -1.7071201477022138, "6": -1.317415641987053, "7": -1.1966120450517548}, "datetime": {"datetime": "2021-06-30 03:29:38", "elapsed": 26158.654417, "delta": 138.004533}}
{"target": 0.004323088774377468, "params": {"0": -0.3352968792424793, "1": -0.5649892242370278, "2": -2.7443621138974486, "3": -2.682871088794693, "4": -0.8408539341040968, "5": -2.3966754639463517, "6": -2.422103721931241, "7": -1.5100617773433758}, "datetime": {"datetime": "2021-06-30 03:30:20", "elapsed": 26200.588678, "delta": 41.934261}}
