{"target": 0.0030883147266123068, "params": {"0": 2.9228408359173335, "1": -1.463486618348667, "2": 1.0024288273590312, "3": -1.6107703001158724, "4": 0.4115315081749005, "5": 0.1981459938469312, "6": -2.4942929029438625, "7": -2.2984695008114775}, "datetime": {"datetime": "2021-06-29 21:42:57", "elapsed": 5270.186435, "delta": 13.240735}}
{"target": 0.04013743016199081, "params": {"0": 1.1514562365980119, "1": 0.5866665078043996, "2": -0.24742377251144188, "3": -0.47212575323043415, "4": -1.5051245508505626, "5": -2.5813019708863587, "6": -2.4814019148924085, "7": -1.32152889516548}, "datetime": {"datetime": "2021-06-29 21:43:14", "elapsed": 5286.788921, "delta": 16.602486}}
{"target": 0.0053982749199273875, "params": {"0": 0.6645713955144927, "1": -2.4787381628525385, "2": 1.5364965606308534, "3": -1.8383922455714887, "4": 0.47002390200835675, "5": -0.4174538936981156, "6": -2.3057217025967716, "7": 0.40399071517284213}, "datetime": {"datetime": "2021-06-29 21:43:40", "elapsed": 5312.850339, "delta": 26.061418}}
{"target": 0.0029789809989746773, "params": {"0": 1.4553017569919309, "1": 1.5523404438560764, "2": -1.210804200074261, "3": -2.6676714796590817, "4": -0.6510342204675608, "5": 2.080495481273303, "6": -0.21535481097703535, "7": -1.9801516874748513}, "datetime": {"datetime": "2021-06-29 21:44:00", "elapsed": 5332.61983, "delta": 19.769491}}
{"target": 0.0035100774983704776, "params": {"0": 0.05186532820970502, "1": 2.2320359787086215, "2": -2.7016572715460665, "3": 2.6624479314174447, "4": 0.02325264683055117, "5": -1.5591425806357708, "6": 0.7853514379480808, "7": 0.7313013853367529}, "datetime": {"datetime": "2021-06-29 21:44:16", "elapsed": 5348.929323, "delta": 16.309493}}
{"target": 0.003856535891947672, "params": {"0": 1.5939686939894955, "1": 0.40821135521497176, "2": -1.487909524915006, "3": -0.154687851731504, "4": -0.07982370559387775, "5": -1.9636146215766603, "6": -2.1835852628183705, "7": -0.19232111796870477}, "datetime": {"datetime": "2021-06-29 21:44:46", "elapsed": 5378.851832, "delta": 29.922509}}
{"target": 0.00468553637422584, "params": {"0": 0.42627358421368555, "1": 0.087257753289252, "2": -0.177205536646599, "3": -1.2956376396851819, "4": -0.6801477996976946, "5": 0.43137114921455844, "6": 2.007131809005262, "7": -1.8856483457397637}, "datetime": {"datetime": "2021-06-29 21:44:58", "elapsed": 5391.056481, "delta": 12.204649}}
{"target": 0.01798151996268762, "params": {"0": -0.9663362751860758, "1": 1.1553808345215408, "2": -1.0280672087829856, "3": 0.8062428401850079, "4": -2.2019017346118255, "5": 1.5739629565585371, "6": -2.792719349457082, "7": 0.8532472196359473}, "datetime": {"datetime": "2021-06-29 21:45:24", "elapsed": 5417.141006, "delta": 26.084525}}
{"target": 0.0034567153661556028, "params": {"0": 0.19426587222561498, "1": -2.515492189449196, "2": 1.7829867251300628, "3": -1.2689061259807755, "4": 0.5263947956899413, "5": 1.4052564369891574, "6": -1.4178926303609913, "7": -0.009528289565904124}, "datetime": {"datetime": "2021-06-29 21:45:50", "elapsed": 5442.552426, "delta": 25.41142}}
{"target": 0.003666371131320236, "params": {"0": -0.5263787033607885, "1": 2.523003481619978, "2": 2.5291470054849903, "3": -1.272723771086922, "4": -0.7380346136547526, "5": -1.849900081675376, "6": 1.5437412655912421, "7": 1.6135286827674982}, "datetime": {"datetime": "2021-06-29 21:46:07", "elapsed": 5459.337045, "delta": 16.784619}}
{"target": 0.003307095215640609, "params": {"0": 1.30229932359922, "1": 0.8544988064184289, "2": -0.8253326099799208, "3": -1.4788273647082257, "4": -0.8191162086516472, "5": -1.9875343147625124, "6": -2.3082107429127614, "7": -0.9972710910291682}, "datetime": {"datetime": "2021-06-29 21:46:34", "elapsed": 5487.170056, "delta": 27.833011}}
{"target": 0.008582482240890194, "params": {"0": -0.43525122500318947, "1": 1.7293093481165611, "2": 2.642483822928365, "3": -0.18162677875858968, "4": -0.9690126408536033, "5": -1.7925456351495397, "6": 1.714624509791956, "7": 1.6254270208890622}, "datetime": {"datetime": "2021-06-29 21:47:06", "elapsed": 5519.130406, "delta": 31.96035}}
{"target": 0.003051387441575156, "params": {"0": 2.308125747683502, "1": -1.0526493148288092, "2": 0.5750254730674023, "3": 1.845146811859144, "4": -2.1673932023117626, "5": 1.6551417375521806, "6": -1.714748760902109, "7": -1.5186250991335335}, "datetime": {"datetime": "2021-06-29 21:47:30", "elapsed": 5543.159602, "delta": 24.029196}}
{"target": 0.0029910833284437976, "params": {"0": 0.5432683537889571, "1": 0.15756507624201532, "2": 2.0935328057248563, "3": -2.9784293496185796, "4": 2.1148533979086483, "5": 2.482928208931085, "6": 2.0129644850062505, "7": 1.9617220485534625}, "datetime": {"datetime": "2021-06-29 21:47:46", "elapsed": 5558.497004, "delta": 15.337402}}
{"target": 0.003264426299726864, "params": {"0": -0.12506991183516636, "1": 1.9185432045330852, "2": 1.422563970934121, "3": -0.14201392165997895, "4": -1.521370841040925, "5": -1.4403080792530591, "6": 1.5444410578402898, "7": 1.1060528167476162}, "datetime": {"datetime": "2021-06-29 21:48:10", "elapsed": 5583.147618, "delta": 24.650614}}
{"target": 0.01582204836267815, "params": {"0": -0.16855703377862774, "1": -2.233705041883405, "2": 2.1270777900318043, "3": -2.2600123328218142, "4": 0.44628808692859234, "5": -0.7535581626999388, "6": -2.722310259492735, "7": 1.4269388727812604}, "datetime": {"datetime": "2021-06-29 21:48:38", "elapsed": 5610.847807, "delta": 27.700189}}
{"target": 0.003592287380108761, "params": {"0": -2.4199265825753002, "1": -0.7026615120103719, "2": 0.7065758191223388, "3": -2.5018879463757595, "4": -0.7780484863826462, "5": 1.292286017684507, "6": -2.6137237703043894, "7": -2.8162270083127536}, "datetime": {"datetime": "2021-06-29 21:49:14", "elapsed": 5646.845195, "delta": 35.997388}}
{"target": 0.004085959525973736, "params": {"0": -1.8226316846205977, "1": 0.4585555370327068, "2": 0.8219786821606814, "3": -1.9771662921258641, "4": -1.087742914229746, "5": -0.1977299820062024, "6": 2.267706659968294, "7": -0.09916977961018647}, "datetime": {"datetime": "2021-06-29 21:49:27", "elapsed": 5659.72974, "delta": 12.884545}}
{"target": 0.004104769601380819, "params": {"0": -0.6412131672487451, "1": -2.3701060035992914, "2": 1.957402932891049, "3": -1.7714758317640176, "4": 0.5959122634980858, "5": -1.3982788647935076, "6": -2.8496425183201417, "7": 1.6399613262449622}, "datetime": {"datetime": "2021-06-29 21:49:58", "elapsed": 5690.620524, "delta": 30.890784}}
{"target": 0.003197008781682392, "params": {"0": 1.6137425438256443, "1": -0.9414746737076563, "2": -0.5214705111998255, "3": -1.7587263538005886, "4": -0.11852096327490758, "5": 0.7269110884091026, "6": 2.410523009176827, "7": -1.9937665636985153}, "datetime": {"datetime": "2021-06-29 21:50:12", "elapsed": 5704.900589, "delta": 14.280065}}
{"target": 0.0038529370252138773, "params": {"0": 1.3610670304947732, "1": 1.2781198997434124, "2": -1.1578026524850846, "3": -0.36005081492191593, "4": -0.5838757267793215, "5": -1.557680262339884, "6": -2.5247910116053, "7": -1.1481632806596698}, "datetime": {"datetime": "2021-06-29 21:50:33", "elapsed": 5726.163651, "delta": 21.263062}}
{"target": 0.005739330834289651, "params": {"0": -1.8434172677241167, "1": -1.486689750116209, "2": -0.8230259890217075, "3": -2.5359804914699087, "4": 1.0617516502004953, "5": 1.9878873171967113, "6": -1.911069059672799, "7": 1.2952173627860235}, "datetime": {"datetime": "2021-06-29 21:51:06", "elapsed": 5758.326829, "delta": 32.163178}}
{"target": 0.007014097387216629, "params": {"0": 0.5651994080686058, "1": 1.57055433077924, "2": 1.468074254847063, "3": -1.9883959137133804, "4": 0.21019991368978808, "5": 1.090985772175224, "6": -0.5758430513966535, "7": -2.198980859063031}, "datetime": {"datetime": "2021-06-29 21:51:21", "elapsed": 5773.53362, "delta": 15.206791}}
{"target": 0.003079755354795596, "params": {"0": -2.7839421974580696, "1": 1.3029706202819948, "2": 0.8834883535906943, "3": 0.9592992571693824, "4": -1.6131911705708963, "5": 2.7740549745358907, "6": -2.475501901340908, "7": 0.3764407654080175}, "datetime": {"datetime": "2021-06-29 21:51:47", "elapsed": 5800.055801, "delta": 26.522181}}
{"target": 0.004228483311922085, "params": {"0": 1.1275434082108857, "1": 0.0925944953271336, "2": 0.05814737425207461, "3": -0.9521755365335016, "4": -0.7343815485766498, "5": -1.5172206216610509, "6": -2.5110883833771593, "7": -1.0198301243545138}, "datetime": {"datetime": "2021-06-29 21:52:40", "elapsed": 5852.920991, "delta": 52.86519}}
{"target": 0.0032583155120535488, "params": {"0": -0.47979378560167874, "1": 2.3474708731715506, "2": 2.5011678320487363, "3": -0.4817144137531191, "4": -1.0059569924445462, "5": -0.7282548287592681, "6": -0.07378945490875832, "7": 1.8449096555437334}, "datetime": {"datetime": "2021-06-29 21:53:05", "elapsed": 5877.691925, "delta": 24.770934}}
{"target": 0.00372814176027004, "params": {"0": 0.0013504882387995742, "1": 0.12730016017039336, "2": -1.0163479727936962, "3": 0.4974028973471558, "4": -2.870701772226286, "5": 2.338558798545659, "6": 1.0443204472327894, "7": 1.8160233960442733}, "datetime": {"datetime": "2021-06-29 21:53:22", "elapsed": 5894.496528, "delta": 16.804603}}
{"target": 0.003080819754439951, "params": {"0": 0.6040407161519106, "1": 1.1517404894375796, "2": -1.1915779317444437, "3": 0.16093720907471454, "4": -0.5257187973184831, "5": -0.10589763942439046, "6": -2.388431815956474, "7": -1.1613112954744857}, "datetime": {"datetime": "2021-06-29 21:53:57", "elapsed": 5929.355987, "delta": 34.859459}}
{"target": 0.0034359369984128247, "params": {"0": -1.9844901097322012, "1": 2.571111888117664, "2": -1.0740341155264035, "3": -2.8473961137892188, "4": -2.2573542370054067, "5": -2.23031049471369, "6": -1.279381995314677, "7": 0.6813382566062058}, "datetime": {"datetime": "2021-06-29 21:54:15", "elapsed": 5947.840295, "delta": 18.484308}}
{"target": 0.003134414295686684, "params": {"0": -1.9991613832632094, "1": 2.623956872253844, "2": -1.3468905682386663, "3": -2.4780280151212137, "4": -1.77729602058065, "5": -1.4259911785038566, "6": -1.9778268777398218, "7": 1.405574717120805}, "datetime": {"datetime": "2021-06-29 21:54:44", "elapsed": 5976.686841, "delta": 28.846546}}
{"target": 0.003439201766966916, "params": {"0": -0.24502200742674418, "1": 1.7135010867874767, "2": 2.630910338393428, "3": 0.13367809422480637, "4": -0.3444615392900685, "5": -1.735436445100215, "6": 1.2772566254874071, "7": 1.860090551278386}, "datetime": {"datetime": "2021-06-29 21:55:05", "elapsed": 5997.381614, "delta": 20.694773}}
{"target": 0.0040002834059122095, "params": {"0": 0.7223966686977743, "1": 0.43041043824384406, "2": -0.21558070716658584, "3": -0.8672698693427758, "4": -0.9297094070102778, "5": -1.24666098556584, "6": -2.535998575983111, "7": -0.38021619538761975}, "datetime": {"datetime": "2021-06-29 21:55:29", "elapsed": 6021.566179, "delta": 24.184565}}
{"target": 0.0031044534823024077, "params": {"0": -2.835437590053688, "1": -0.8781064457862477, "2": 0.5967687326738265, "3": -2.3069263923397054, "4": -0.7044068416118048, "5": 1.8367016184453515, "6": -2.3873388689070474, "7": -2.8353651736251035}, "datetime": {"datetime": "2021-06-29 21:56:07", "elapsed": 6059.497826, "delta": 37.931647}}
{"target": 0.0035574090336642733, "params": {"0": -0.14663503205064643, "1": 1.8850661574287084, "2": 2.582628696062777, "3": -0.8683237831864039, "4": -1.123423068678008, "5": -1.2037248658568342, "6": 2.2281910832934937, "7": 1.254599329253085}, "datetime": {"datetime": "2021-06-29 21:56:27", "elapsed": 6080.128572, "delta": 20.630746}}
{"target": 0.0031924645258049494, "params": {"0": -2.0571302888960528, "1": -2.957313216984572, "2": -0.6844574266260288, "3": -1.5159840238062277, "4": -1.877851063870501, "5": 2.689582042762102, "6": 0.39859502485927667, "7": 0.8776352263848537}, "datetime": {"datetime": "2021-06-29 21:56:43", "elapsed": 6095.829109, "delta": 15.700537}}
{"target": 0.00315987431346529, "params": {"0": -0.13975879373276534, "1": -2.6335886994767033, "2": 0.6286511492311115, "3": -2.955674183404804, "4": 0.6901304576675225, "5": -0.05833242831046315, "6": -2.43605734628113, "7": 1.1650539391522967}, "datetime": {"datetime": "2021-06-29 21:57:02", "elapsed": 6114.748345, "delta": 18.919236}}
{"target": 0.0032182955609864265, "params": {"0": -1.2033476413776776, "1": 1.2490826508048825, "2": -0.4857518971216308, "3": 0.296427157084203, "4": -2.488181989508473, "5": 2.476679652647025, "6": -2.707400075033119, "7": 0.5644550230273375}, "datetime": {"datetime": "2021-06-29 21:57:36", "elapsed": 6149.223298, "delta": 34.474953}}
{"target": 0.004818017503245919, "params": {"0": -2.3169248348407123, "1": -0.6678986767105783, "2": -1.7730308870709495, "3": -2.635011937499349, "4": 1.545418393703489, "5": 2.9437944208330116, "6": -2.6508982962792054, "7": 1.1069142895747746}, "datetime": {"datetime": "2021-06-29 21:58:16", "elapsed": 6188.806883, "delta": 39.583585}}
{"target": 0.003315542058578903, "params": {"0": 0.421056508080933, "1": -2.538673910912057, "2": 0.9676243592773632, "3": -1.4536480956162634, "4": -1.261441851635726, "5": 1.092837985976674, "6": -2.631978149598921, "7": 1.3117894768661449}, "datetime": {"datetime": "2021-06-29 21:58:30", "elapsed": 6202.701366, "delta": 13.894483}}
{"target": 0.01571410176811639, "params": {"0": -0.929981527839518, "1": -0.18473611334418974, "2": -2.236053556618733, "3": -1.4572840294873353, "4": 1.7159895931357305, "5": -0.9258107045367816, "6": 0.7318329455580368, "7": -1.1493264203926192}, "datetime": {"datetime": "2021-06-29 21:59:20", "elapsed": 6252.315764, "delta": 49.614398}}
{"target": 0.007364795667447769, "params": {"0": 2.949376837862789, "1": -0.971175615993241, "2": 0.3614424154709708, "3": 2.502032540861297, "4": -1.1581405974377712, "5": 1.5777280762776362, "6": -2.0219976690954784, "7": -1.5524702264140329}, "datetime": {"datetime": "2021-06-29 21:59:48", "elapsed": 6281.111149, "delta": 28.795385}}
{"target": 0.0029974792115052273, "params": {"0": 2.1076992920516835, "1": 2.461034179062289, "2": 2.2717765544014714, "3": 2.632308195672339, "4": -0.995213480997637, "5": 0.24998856787739943, "6": -2.673742920892499, "7": 2.217780345559734}, "datetime": {"datetime": "2021-06-29 22:00:05", "elapsed": 6297.893705, "delta": 16.782556}}
{"target": 0.0030564261739364613, "params": {"0": -2.4666993443991485, "1": 2.1141567267107213, "2": 0.9148010026741664, "3": -1.8143449455179055, "4": 1.1070812111509012, "5": -2.4732881519153707, "6": -0.08364723286472753, "7": 0.7235125361391876}, "datetime": {"datetime": "2021-06-29 22:00:24", "elapsed": 6316.273301, "delta": 18.379596}}
{"target": 0.0034945047455453744, "params": {"0": 0.7751969961725855, "1": 2.6730814594666104, "2": 1.9566789938758804, "3": 0.2970122156213941, "4": -0.8235359308421657, "5": -0.555602058242807, "6": -0.010581365261026043, "7": 2.6525432485076896}, "datetime": {"datetime": "2021-06-29 22:00:47", "elapsed": 6340.018823, "delta": 23.745522}}
{"target": 0.006258579961253188, "params": {"0": 0.3512892039905964, "1": -2.8877091293005357, "2": 1.9407346499237121, "3": -1.7618473911103145, "4": 0.3450357287508625, "5": 2.1617222513266343, "6": -2.380552632134814, "7": 0.5399446643411627}, "datetime": {"datetime": "2021-06-29 22:01:11", "elapsed": 6363.810456, "delta": 23.791633}}
{"target": 0.0033724148763994645, "params": {"0": -2.5202187255037964, "1": -0.41424604929722886, "2": 1.114730309378471, "3": -2.012832644352454, "4": -2.4953790588147124, "5": -2.7798475325760093, "6": 1.3644741511174905, "7": 2.603879766585238}, "datetime": {"datetime": "2021-06-29 22:01:37", "elapsed": 6389.534616, "delta": 25.72416}}
{"target": 0.12903830978017403, "params": {"0": 0.47143082068075426, "1": 2.909159476987071, "2": 2.519157570483088, "3": 0.009111528036823913, "4": -1.3833366035555494, "5": -1.2570125750341954, "6": 0.38377463460351446, "7": 1.6506681773431149}, "datetime": {"datetime": "2021-06-29 22:02:02", "elapsed": 6414.560486, "delta": 25.02587}}
{"target": 0.0030460794981987875, "params": {"0": -0.1060022430926777, "1": 2.0982314133504127, "2": 2.051253707815353, "3": -0.3005166064938689, "4": -1.4160536372704784, "5": -1.6228299504818184, "6": 2.451464678567989, "7": 1.0159584498376502}, "datetime": {"datetime": "2021-06-29 22:02:22", "elapsed": 6434.789716, "delta": 20.22923}}
{"target": 0.003966264554104744, "params": {"0": 1.2240563839869463, "1": 1.5171577402323004, "2": -0.3495164618367994, "3": -0.46595598025086193, "4": -0.43575556391447545, "5": -1.3534457000045688, "6": -2.641694243588326, "7": -0.7335084503496319}, "datetime": {"datetime": "2021-06-29 22:02:46", "elapsed": 6459.179996, "delta": 24.39028}}
{"target": 0.02390334463258405, "params": {"0": 0.22987985226958196, "1": 0.4637751105541934, "2": -0.5475244942869333, "3": -0.18919817857080368, "4": -1.0630402751440193, "5": -1.4386694336129733, "6": -2.6825227042906254, "7": -0.4750808185633053}, "datetime": {"datetime": "2021-06-29 22:03:03", "elapsed": 6476.16199, "delta": 16.981994}}
{"target": 0.003943255689753943, "params": {"0": -0.9331408913572385, "1": 1.3385886298369272, "2": 1.691638545564543, "3": -0.5699061604939821, "4": -0.4980546429826611, "5": -0.8651774023821637, "6": 1.0603554129154293, "7": 1.559763872181363}, "datetime": {"datetime": "2021-06-29 22:03:26", "elapsed": 6498.73998, "delta": 22.57799}}
{"target": 0.0031453646485486613, "params": {"0": 0.08751044292499621, "1": 2.885349032977947, "2": 1.89319590370145, "3": 0.3935642231905838, "4": -0.2844888858876442, "5": -1.431860527446557, "6": 0.6545354838380462, "7": 1.3481184501989603}, "datetime": {"datetime": "2021-06-29 22:03:52", "elapsed": 6524.364082, "delta": 25.624102}}
{"target": 0.003177902143597529, "params": {"0": -1.1449138605658575, "1": -0.7930470051081446, "2": -1.0491849058716005, "3": -2.586925257309283, "4": 1.7000281960954755, "5": 2.5728139790404123, "6": -2.513060715340007, "7": 1.1744230521442471}, "datetime": {"datetime": "2021-06-29 22:04:15", "elapsed": 6547.777396, "delta": 23.413314}}
{"target": 0.003510756348919354, "params": {"0": -0.6760497614171666, "1": -0.4265619022535101, "2": -0.8794354523636958, "3": -2.990717859010291, "4": 1.0090338541986075, "5": 2.1258624562128077, "6": -1.6336600611344072, "7": 1.2027874932996587}, "datetime": {"datetime": "2021-06-29 22:04:59", "elapsed": 6591.662939, "delta": 43.885543}}
{"target": 0.003636244711632386, "params": {"0": -0.5597150594685347, "1": 1.7185852235032302, "2": 2.789217460655051, "3": -0.6981199983161028, "4": -1.4028825012493642, "5": -1.3301670037746647, "6": 0.04717342095295862, "7": 1.8345016656658233}, "datetime": {"datetime": "2021-06-29 22:05:31", "elapsed": 6623.843407, "delta": 32.180468}}
{"target": 0.0030150871732048026, "params": {"0": -2.708076985145729, "1": 1.4853558205082873, "2": 0.5455038620448569, "3": -0.4933947806206085, "4": 1.1421844466573416, "5": 1.7056452658880925, "6": -1.466302257196492, "7": 2.2636365354065164}, "datetime": {"datetime": "2021-06-29 22:05:41", "elapsed": 6633.863295, "delta": 10.019888}}
{"target": 0.0031280529368273398, "params": {"0": -0.2601840133693134, "1": -2.4060459192291046, "2": 1.0935324644459072, "3": -2.606492137659086, "4": -0.5830524037099982, "5": -0.34834899513772255, "6": -2.1259562892389807, "7": 0.5163487276586745}, "datetime": {"datetime": "2021-06-29 22:06:10", "elapsed": 6662.35415, "delta": 28.490855}}
{"target": 0.003045256469553209, "params": {"0": 0.12883655276920525, "1": 2.3749100461358346, "2": 1.567984311795855, "3": 0.3609720558632734, "4": -0.9660665257800467, "5": -1.1232956955203748, "6": -0.2781176560104943, "7": 1.6497066963537748}, "datetime": {"datetime": "2021-06-29 22:06:29", "elapsed": 6681.333038, "delta": 18.978888}}
{"target": 0.0036433118864461368, "params": {"0": -1.4203963828312183, "1": -0.7429667598595766, "2": -0.9170080556267015, "3": -2.420102573984513, "4": 1.602332273728555, "5": 2.2045693776749253, "6": -1.4236400495370432, "7": 1.4924548125920696}, "datetime": {"datetime": "2021-06-29 22:07:01", "elapsed": 6713.867088, "delta": 32.53405}}
{"target": 0.00324720025426235, "params": {"0": -0.418201658297757, "1": -2.7960318827949506, "2": 1.0222081464157373, "3": -1.4093254329859153, "4": -0.6477349656007187, "5": 1.366433610326264, "6": -1.9838832247386193, "7": 0.7436653526087662}, "datetime": {"datetime": "2021-06-29 22:07:27", "elapsed": 6739.89928, "delta": 26.032192}}
{"target": 0.003024298348231399, "params": {"0": 0.3857289814148728, "1": -2.9577257767249687, "2": 1.3988624725014027, "3": -2.911086628417308, "4": -0.21893758568311306, "5": 0.6016831812192436, "6": -1.2442923362852247, "7": 0.3715764157896606}, "datetime": {"datetime": "2021-06-29 22:07:51", "elapsed": 6764.168984, "delta": 24.269704}}
{"target": 0.004782046462861209, "params": {"0": -0.7020360154020935, "1": 2.2845269966322803, "2": 1.5701764076390683, "3": 0.1588720559693515, "4": -0.9558352978341045, "5": -1.8496273589607244, "6": 1.5285040162778039, "7": 1.270476686596357}, "datetime": {"datetime": "2021-06-29 22:08:30", "elapsed": 6802.825465, "delta": 38.656481}}
{"target": 0.003080188684927288, "params": {"0": -0.5152654428347212, "1": 2.334814834027817, "2": 1.6915674404683942, "3": -1.6428057134611551, "4": -1.016738773549076, "5": -1.3164055406002935, "6": 1.766790404359317, "7": 1.6537533284903239}, "datetime": {"datetime": "2021-06-29 22:09:00", "elapsed": 6832.740716, "delta": 29.915251}}
{"target": 0.003434596133345393, "params": {"0": 0.7629335983041363, "1": -2.971754579504644, "2": 1.827130253440851, "3": -2.1274860727995413, "4": 0.05145359111441827, "5": 0.07041022127071361, "6": -2.330956828439736, "7": 0.6664431732439504}, "datetime": {"datetime": "2021-06-29 22:09:22", "elapsed": 6855.202318, "delta": 22.461602}}
