{"target": 0.010701328995621238, "params": {"0": -2.5012385724441595, "1": 0.8413228886540249, "2": 2.778425388096532, "3": -2.62805889476311, "4": 2.7533596628429287, "5": 0.04973210994865074, "6": -2.2073530239725407, "7": -0.1069697086550514}, "datetime": {"datetime": "2021-06-30 03:30:55", "elapsed": 26235.629243, "delta": 35.040565}}
{"target": 0.0035114901775046333, "params": {"0": 2.7372865726870765, "1": -0.9915262658612729, "2": -0.8367895885844234, "3": -2.698198000479829, "4": -2.8481291479345865, "5": -0.6029920147343275, "6": 1.1894214053304237, "7": -0.3896111332800771}, "datetime": {"datetime": "2021-06-30 03:31:28", "elapsed": 26268.729529, "delta": 33.100286}}
{"target": 0.011752127576254058, "params": {"0": -1.742355484561446, "1": 0.4734488107921213, "2": -0.9359972718900513, "3": -2.232806568170491, "4": 0.9688056764943367, "5": -0.7381313293847191, "6": 0.12588294562472857, "7": 0.9503860704342264}, "datetime": {"datetime": "2021-06-30 03:32:15", "elapsed": 26316.050944, "delta": 47.321415}}
{"target": 0.003174611440394695, "params": {"0": 2.303237952989009, "1": 2.939918112577061, "2": 2.2262002131034357, "3": 0.9902096144278296, "4": 2.4558214631092614, "5": -0.7908603458126979, "6": -0.634256403655078, "7": -0.8616969674274575}, "datetime": {"datetime": "2021-06-30 03:32:56", "elapsed": 26356.635974, "delta": 40.58503}}
{"target": 0.0032725871590827773, "params": {"0": -0.3422734032490409, "1": -0.6885472345096857, "2": -1.7071872650455922, "3": 2.9122856678156577, "4": -0.6189451662584426, "5": -2.549654211630324, "6": -1.3995473593040622, "7": 1.040367665559823}, "datetime": {"datetime": "2021-06-30 03:33:32", "elapsed": 26393.092507, "delta": 36.456533}}
{"target": 0.0034872737037729465, "params": {"0": -0.0855499695859483, "1": 0.3614826946165519, "2": -1.5553497972307595, "3": -1.1816417849641392, "4": -1.677240150765189, "5": -0.8679356249880703, "6": 2.4157280578077165, "7": 0.7727608553425656}, "datetime": {"datetime": "2021-06-30 03:34:06", "elapsed": 26426.719129, "delta": 33.626622}}
{"target": 0.0037922028248376016, "params": {"0": 2.8294421547675457, "1": 0.892248302624961, "2": -0.22618505908355768, "3": 1.5657521383830604, "4": 1.7918944400135857, "5": -1.1096249592214393, "6": -2.8369780985117945, "7": -0.37018110231952805}, "datetime": {"datetime": "2021-06-30 03:34:50", "elapsed": 26471.034566, "delta": 44.315437}}
{"target": 0.0031772926356151416, "params": {"0": 2.403113455972014, "1": -1.6034819259791706, "2": 0.9723582067789573, "3": 0.3962921725228199, "4": -1.1356494689036403, "5": 2.106877209185626, "6": -0.11131206389315906, "7": 0.48168715038084375}, "datetime": {"datetime": "2021-06-30 03:35:32", "elapsed": 26513.039467, "delta": 42.004901}}
{"target": 0.0032769648729347356, "params": {"0": -2.6584414613445677, "1": 1.8223170331229817, "2": -0.3558911322279035, "3": 1.4905596506152214, "4": 2.740842057223017, "5": -0.627826853269835, "6": 2.564491801450898, "7": 1.3095288716835656}, "datetime": {"datetime": "2021-06-30 03:36:20", "elapsed": 26560.450522, "delta": 47.411055}}
{"target": 0.0035536286489697235, "params": {"0": 0.03351364912813537, "1": 0.7618792638515481, "2": 2.0459343498156173, "3": 0.3456661589332164, "4": -2.1876837033797356, "5": 2.334080069820523, "6": -1.7919030974768515, "7": -2.755700762976996}, "datetime": {"datetime": "2021-06-30 03:36:54", "elapsed": 26595.286074, "delta": 34.835552}}
{"target": 0.003266222310473287, "params": {"0": 2.9402403105143087, "1": -2.717363785319697, "2": 2.2714190789471163, "3": -0.715840876744231, "4": 1.4499511892157004, "5": -0.7897239205763773, "6": 2.2788800486702083, "7": -2.9712856204226075}, "datetime": {"datetime": "2021-06-30 03:37:37", "elapsed": 26637.747105, "delta": 42.461031}}
{"target": 0.014012901215709262, "params": {"0": 1.633191207206366, "1": -1.1754379025483837, "2": 0.47673248986354544, "3": -2.0992898673845146, "4": -2.4347331146825244, "5": 0.08565925383116957, "6": 2.6623932519118165, "7": -2.8451801832336807}, "datetime": {"datetime": "2021-06-30 03:38:10", "elapsed": 26671.059535, "delta": 33.31243}}
{"target": 0.003072392775449759, "params": {"0": -1.446853814468434, "1": -2.058347636952777, "2": 0.6617785903972364, "3": -2.085695652871592, "4": 0.3053681999903173, "5": 0.9677662662367723, "6": 0.5268779017348555, "7": 0.6905416882930275}, "datetime": {"datetime": "2021-06-30 03:39:52", "elapsed": 26772.498665, "delta": 101.43913}}
{"target": 0.007169662358303382, "params": {"0": 0.3391856510531932, "1": 2.2517194794008786, "2": 2.9352379162812214, "3": -0.48795945422706666, "4": 1.2345124262605403, "5": -0.08046867769368404, "6": 0.9283796711039844, "7": 0.23200784724699552}, "datetime": {"datetime": "2021-06-30 03:40:52", "elapsed": 26833.080287, "delta": 60.581622}}
{"target": 0.004896000124945605, "params": {"0": -2.961113472571963, "1": -1.464940095428867, "2": -0.15165405602912596, "3": -2.158581537475814, "4": 1.4807966759241378, "5": -1.461291576677169, "6": -0.8579795725908097, "7": -1.1903168308717151}, "datetime": {"datetime": "2021-06-30 03:41:28", "elapsed": 26869.001072, "delta": 35.920785}}
{"target": 0.0037668225834076702, "params": {"0": 1.0284423552121096, "1": 2.0870761152652877, "2": -0.3132759528662339, "3": -1.3349546965369525, "4": -0.5067915582583895, "5": -0.29988030915296804, "6": 1.9004786164474572, "7": -1.996971610965632}, "datetime": {"datetime": "2021-06-30 03:42:05", "elapsed": 26905.629369, "delta": 36.628297}}
{"target": 0.004005595506591126, "params": {"0": -1.2193196793165406, "1": -2.411870453104382, "2": -2.028680890622141, "3": -0.603900536140181, "4": 0.19332188285795748, "5": 2.8225059564596915, "6": -2.7377007004499516, "7": 0.06583198679281477}, "datetime": {"datetime": "2021-06-30 03:42:42", "elapsed": 26942.757804, "delta": 37.128435}}
{"target": 0.0030098352160193693, "params": {"0": 1.6369384456598963, "1": -0.30942275968770616, "2": 2.3891702768443217, "3": 1.366469054616739, "4": 0.2657256975961584, "5": 0.33716993452142496, "6": -1.0896592190213799, "7": -2.032853137033465}, "datetime": {"datetime": "2021-06-30 03:43:35", "elapsed": 26996.256101, "delta": 53.498297}}
{"target": 0.0040697326005135715, "params": {"0": -0.29171185921488396, "1": -0.6400235690150602, "2": -0.5198088336810525, "3": -1.262277037903476, "4": 0.458342398208774, "5": 1.1714002732284854, "6": -0.08960672724669516, "7": -1.709756108191625}, "datetime": {"datetime": "2021-06-30 03:44:13", "elapsed": 27033.867219, "delta": 37.611118}}
{"target": 0.0030554520514818433, "params": {"0": -1.8418907646084928, "1": 2.4994702751153124, "2": 1.7914831671021885, "3": 0.18753730794837686, "4": 1.632865511645404, "5": 2.085744306675208, "6": 1.937019300278811, "7": 1.4245888923122694}, "datetime": {"datetime": "2021-06-30 03:45:18", "elapsed": 27098.386736, "delta": 64.519517}}
{"target": 0.0031246369388959355, "params": {"0": -0.2799418908383311, "1": 0.15579790230523693, "2": 1.5414358633487648, "3": 1.8941399528729344, "4": 0.5447553750421723, "5": 2.1382250396146043, "6": -1.4241112604742907, "7": -1.6393960072278777}, "datetime": {"datetime": "2021-06-30 03:46:04", "elapsed": 27144.840436, "delta": 46.4537}}
{"target": 0.003222796902744527, "params": {"0": 0.6616937810587808, "1": 1.7098211092511377, "2": -2.3472368808917685, "3": 2.270208179179657, "4": -2.84412281334619, "5": 0.23630157247464822, "6": -1.0815794143236432, "7": 1.771612252153071}, "datetime": {"datetime": "2021-06-30 03:46:39", "elapsed": 27179.358285, "delta": 34.517849}}
{"target": 0.003479343753987838, "params": {"0": -1.9056683062116129, "1": -2.7594983259478347, "2": 0.8564160168671089, "3": 1.0417993565679584, "4": 2.2446321115574657, "5": 2.040266432056021, "6": -0.37732248517978473, "7": -0.9009098586750435}, "datetime": {"datetime": "2021-06-30 03:47:19", "elapsed": 27220.125132, "delta": 40.766847}}
{"target": 0.003321259191690712, "params": {"0": -1.7091395446204878, "1": -2.7326608716149208, "2": 1.3151090181245921, "3": 1.8903356299572938, "4": 2.9611995153567445, "5": -2.2993712099178123, "6": 1.0015365435613433, "7": -1.9514579525101203}, "datetime": {"datetime": "2021-06-30 03:49:18", "elapsed": 27338.827155, "delta": 118.702023}}
{"target": 0.0038099103315115904, "params": {"0": 0.6202304402506789, "1": 0.6050977502185377, "2": -2.895375090186257, "3": -2.9026401793216676, "4": -0.42093432773811923, "5": 0.5516035564656327, "6": -1.2861610365041904, "7": -2.6972279059984805}, "datetime": {"datetime": "2021-06-30 03:50:00", "elapsed": 27380.794303, "delta": 41.967148}}
{"target": 0.00433238629343369, "params": {"0": 0.25856130376889874, "1": 2.374490504325938, "2": -1.4564187817536052, "3": -1.8724134315104801, "4": -1.980293428425583, "5": 0.6922197450901786, "6": -0.5920759498492094, "7": -2.203109798552056}, "datetime": {"datetime": "2021-06-30 03:50:46", "elapsed": 27427.197414, "delta": 46.403111}}
{"target": 0.0034628781859481557, "params": {"0": 1.098255952474723, "1": 1.8859607588702136, "2": 0.2820344513162789, "3": -1.3466410583535453, "4": 1.8645819701046058, "5": 1.824727642383973, "6": 0.6674797942789188, "7": -2.390343038263371}, "datetime": {"datetime": "2021-06-30 03:51:23", "elapsed": 27463.700577, "delta": 36.503163}}
{"target": 0.0035063847960635566, "params": {"0": 0.6833049448977033, "1": -1.3119065076401755, "2": 1.7295872422503233, "3": 2.0098520881174577, "4": -0.2753859164851642, "5": 2.5197452558189237, "6": 1.0126206952243892, "7": 2.3556710375706853}, "datetime": {"datetime": "2021-06-30 03:51:52", "elapsed": 27492.813013, "delta": 29.112436}}
{"target": 0.0031401455330897885, "params": {"0": 2.7861731728830694, "1": -0.603550707443306, "2": -0.5878608564637249, "3": -1.6491991260959917, "4": 0.1049170630620897, "5": 2.516960360714367, "6": 1.1865971387049434, "7": -2.2807548601070335}, "datetime": {"datetime": "2021-06-30 03:52:29", "elapsed": 27530.048703, "delta": 37.23569}}
{"target": 0.0036380594866215073, "params": {"0": 2.5174257588385984, "1": -1.853244108174041, "2": 0.3966963993138597, "3": 1.7552370546046978, "4": -0.8385603087333968, "5": 0.9343983352088676, "6": -0.7846662238771582, "7": -2.9582356542962134}, "datetime": {"datetime": "2021-06-30 03:53:05", "elapsed": 27565.592035, "delta": 35.543332}}
{"target": 0.0034293568731656354, "params": {"0": -1.6711799853559004, "1": -0.6200806484081207, "2": 0.8436910284814649, "3": -1.1446979831181483, "4": -2.3384447319411055, "5": 0.7879383747354973, "6": 2.695378860662614, "7": 1.0507405310368512}, "datetime": {"datetime": "2021-06-30 03:55:09", "elapsed": 27689.584882, "delta": 123.992847}}
{"target": 0.0030892192132429236, "params": {"0": -2.798375738631611, "1": -0.937721148741077, "2": 2.5047939651140902, "3": 0.10625212506328197, "4": 1.9702274910695028, "5": 1.1210296120625802, "6": -1.9962695390042782, "7": 1.7601356253481306}, "datetime": {"datetime": "2021-06-30 03:55:51", "elapsed": 27731.817857, "delta": 42.232975}}
{"target": 0.0069161152644699984, "params": {"0": 0.00482428201018692, "1": -1.0740559438251107, "2": -1.2433818174225866, "3": -1.6482764097751375, "4": -0.7764403845884598, "5": -2.6032640488767913, "6": -2.663533872857783, "7": -1.008131535607377}, "datetime": {"datetime": "2021-06-30 03:56:54", "elapsed": 27795.009226, "delta": 63.191369}}
{"target": 0.0030157375425302526, "params": {"0": -2.1396219877852856, "1": -1.5731616484653606, "2": 1.7556278321756107, "3": 0.1177594512375526, "4": 0.035863562317962394, "5": 2.919357958717221, "6": 0.5626272689156444, "7": -0.13488091024555526}, "datetime": {"datetime": "2021-06-30 03:57:41", "elapsed": 27841.588711, "delta": 46.579485}}
{"target": 0.0032591150972471625, "params": {"0": 1.3185377898777215, "1": 0.20490804112114347, "2": -2.593893874390517, "3": -2.75380856387119, "4": 1.519155970239682, "5": 2.7551545018378008, "6": -2.705413680047486, "7": 0.21321438506662993}, "datetime": {"datetime": "2021-06-30 03:58:31", "elapsed": 27891.360529, "delta": 49.771818}}
{"target": 0.0037016587263176523, "params": {"0": -2.7343277649531585, "1": 2.1027268416809743, "2": -0.31463844717346223, "3": 1.750350493348316, "4": -0.17094426993588385, "5": -1.5224707947807559, "6": -0.322988223888907, "7": -1.2202378932065547}, "datetime": {"datetime": "2021-06-30 03:59:10", "elapsed": 27930.602215, "delta": 39.241686}}
{"target": 0.004916341463850335, "params": {"0": 2.364728883998845, "1": 1.6949883500467706, "2": -0.8939544107073871, "3": -2.6045387282244823, "4": -0.35171686375556366, "5": -1.5741049096110116, "6": -2.7069317575699205, "7": -2.6557368934209062}, "datetime": {"datetime": "2021-06-30 04:00:33", "elapsed": 28014.134008, "delta": 83.531793}}
{"target": 0.002939037106960972, "params": {"0": -1.0769988706090219, "1": -1.7615064021595357, "2": -1.1460652113437826, "3": 1.1069572925159274, "4": 2.2584088264450344, "5": 0.8929893723146538, "6": 1.727340555645629, "7": 0.5177148770397526}, "datetime": {"datetime": "2021-06-30 04:01:02", "elapsed": 28042.416758, "delta": 28.28275}}
{"target": 0.0031358879996075148, "params": {"0": -0.3850990581560487, "1": -0.8383562378697946, "2": -2.764701923099511, "3": 2.488830857056864, "4": 1.9771868072792307, "5": 1.1906962587660948, "6": -1.4236796010681254, "7": 1.541986803926462}, "datetime": {"datetime": "2021-06-30 04:01:31", "elapsed": 28071.703172, "delta": 29.286414}}
{"target": 0.007249463501247696, "params": {"0": -1.1462551592901025, "1": -0.29200261284156515, "2": 0.0936244120288241, "3": -0.32314001399674375, "4": 1.7946912165082223, "5": -2.1391896918252904, "6": 0.294030481322074, "7": -1.9466544095556244}, "datetime": {"datetime": "2021-06-30 04:03:04", "elapsed": 28165.084437, "delta": 93.381265}}
{"target": 0.003448001165705076, "params": {"0": -2.1526911830316795, "1": 0.8288385592308729, "2": 2.374102796363995, "3": 2.9873775610788975, "4": 1.7767557601768535, "5": 1.234918428814412, "6": -2.2763542501138083, "7": 2.8038080500363396}, "datetime": {"datetime": "2021-06-30 04:03:41", "elapsed": 28201.346625, "delta": 36.262188}}
