{"target": 0.002973079820979917, "params": {"0": 0.8745311075179245, "1": 2.219618383377761, "2": 0.12170190321852337, "3": -1.2764251765723962, "4": 2.332594340283344, "5": 1.0816312129615824, "6": -2.8676860968649382, "7": -1.466286365977959}, "datetime": {"datetime": "2021-06-29 21:04:48", "elapsed": 3069.153358, "delta": 8.920408}}
{"target": 0.002888462665667003, "params": {"0": 1.218800254245914, "1": 2.7512303567567624, "2": -2.80935977684236, "3": -1.3285022696285567, "4": 2.633742917469654, "5": 1.4990586031476063, "6": 1.6812134206473264, "7": -1.134429684716354}, "datetime": {"datetime": "2021-06-29 21:04:57", "elapsed": 3078.575133, "delta": 9.421775}}
{"target": 0.00837419063870914, "params": {"0": 0.04853469318012049, "1": -0.2778706128422841, "2": -1.558056699551752, "3": -0.2795050909586898, "4": -0.8666884924237173, "5": 1.6789004795894549, "6": 0.7527700890803555, "7": 1.6645110056913612}, "datetime": {"datetime": "2021-06-29 21:05:10", "elapsed": 3091.489496, "delta": 12.914363}}
{"target": 0.00415650370687909, "params": {"0": -1.4303560653588845, "1": 2.5469227238089207, "2": -2.011327009909327, "3": 0.5283745238482962, "4": 0.8640681773660113, "5": -0.7408195211119262, "6": -0.6231741983395089, "7": 0.6166461148844276}, "datetime": {"datetime": "2021-06-29 21:05:18", "elapsed": 3099.492283, "delta": 8.002787}}
{"target": 0.0029833370529120827, "params": {"0": -1.5777697678158673, "1": -2.003046191547428, "2": 1.3769253379759512, "3": -2.5180884940412662, "4": 0.18630963320234528, "5": 0.5142015359381045, "6": 2.9692546492259897, "7": 2.4905544802530653}, "datetime": {"datetime": "2021-06-29 21:05:26", "elapsed": 3107.205869, "delta": 7.713586}}
{"target": 0.00985575985071536, "params": {"0": 0.9687261077599523, "1": -0.20592950023074774, "2": -2.809725802760819, "3": -1.4061210631621082, "4": -0.11201593811383903, "5": -0.5533604809821981, "6": 1.5493088528588261, "7": 0.8699711712871254}, "datetime": {"datetime": "2021-06-29 21:05:35", "elapsed": 3115.95786, "delta": 8.751991}}
{"target": 0.0032152558719010793, "params": {"0": -0.49818795943990324, "1": 1.364867917953065, "2": 1.7025127422131492, "3": 2.724456648513134, "4": 0.6427221066801483, "5": -2.378950794981183, "6": -2.4193731791291047, "7": -2.2286445043748198}, "datetime": {"datetime": "2021-06-29 21:05:41", "elapsed": 3121.817989, "delta": 5.860129}}
{"target": 0.0032177391446215012, "params": {"0": 1.6740047312192257, "1": -0.10020721945538247, "2": 2.958001702334152, "3": -1.550635542929189, "4": -1.435640713560919, "5": -1.9766050197836749, "6": -0.27123180361427623, "7": -1.4615093750080115}, "datetime": {"datetime": "2021-06-29 21:05:55", "elapsed": 3136.051585, "delta": 14.233596}}
{"target": 0.002998113571910323, "params": {"0": 0.13741079785053723, "1": 1.9552657278951955, "2": -1.3329134680310228, "3": 0.5633835361691992, "4": -0.48309706935637653, "5": -0.5749395470388863, "6": -1.0889887349863, "7": 1.684439446144073}, "datetime": {"datetime": "2021-06-29 21:06:03", "elapsed": 3144.546551, "delta": 8.494966}}
{"target": 0.003502473031187776, "params": {"0": -2.074499642405426, "1": -2.2503123767933215, "2": 1.0752788676940837, "3": -2.020644445675189, "4": 0.5317313011864448, "5": -2.162207362326899, "6": -1.4750996440764594, "7": -2.7957522942718676}, "datetime": {"datetime": "2021-06-29 21:06:13", "elapsed": 3153.868844, "delta": 9.322293}}
{"target": 0.0031801509449736844, "params": {"0": 2.810683762825531, "1": -1.4534837282796913, "2": -1.5321015825340203, "3": 2.2123553285193474, "4": 1.5681112445903098, "5": 0.6154099456516984, "6": 1.8576906441449035, "7": -2.165035165612153}, "datetime": {"datetime": "2021-06-29 21:06:21", "elapsed": 3162.451123, "delta": 8.582279}}
{"target": 0.0031745774727149766, "params": {"0": -2.213798901057451, "1": 0.5859871831420085, "2": 2.1911807151144718, "3": -1.5407079765950733, "4": -1.7156080319002052, "5": 0.6733623629289012, "6": 2.696862326162263, "7": -2.6609768594129406}, "datetime": {"datetime": "2021-06-29 21:06:32", "elapsed": 3172.916972, "delta": 10.465849}}
{"target": 0.009243208916456311, "params": {"0": 1.6449005724083001, "1": -2.597885508032852, "2": 2.5298691203719725, "3": -0.9721520332006142, "4": 2.8573011862426725, "5": -1.8176460687628229, "6": 1.769357596554027, "7": 2.7853911710686337}, "datetime": {"datetime": "2021-06-29 21:06:45", "elapsed": 3185.858957, "delta": 12.941985}}
{"target": 0.005162469922170489, "params": {"0": -1.5548135281936573, "1": 2.170116071808927, "2": -1.5900597407647845, "3": 1.7294897582156183, "4": -1.7660279369380476, "5": -1.0030528766263762, "6": -1.1869456262916966, "7": -0.2909755541816139}, "datetime": {"datetime": "2021-06-29 21:06:59", "elapsed": 3199.84909, "delta": 13.990133}}
{"target": 0.0033007431879432106, "params": {"0": -1.1484778963629287, "1": 0.3244418844447603, "2": 0.9314520578406285, "3": -1.280343429264718, "4": -2.6583518513278674, "5": -1.1473587462311405, "6": 2.088579500507741, "7": 0.5538988021684101}, "datetime": {"datetime": "2021-06-29 21:07:10", "elapsed": 3211.527126, "delta": 11.678036}}
{"target": 0.005289422576271548, "params": {"0": -1.2545502480128856, "1": 0.03157293160541075, "2": -0.5232058983841541, "3": -2.629676597082775, "4": -1.0117733439433971, "5": 1.9953685982677314, "6": -0.6862388200022305, "7": -1.057743481812091}, "datetime": {"datetime": "2021-06-29 21:07:20", "elapsed": 3221.700803, "delta": 10.173677}}
{"target": 0.0033664591446510915, "params": {"0": 2.0393618972798437, "1": -1.8686887112536863, "2": 1.6614142074913412, "3": -2.9656350989147318, "4": 0.4302746050229094, "5": -0.8534334920953812, "6": -0.3883776639448282, "7": -1.847591954838578}, "datetime": {"datetime": "2021-06-29 21:07:31", "elapsed": 3231.85914, "delta": 10.158337}}
{"target": 0.0050581900518098044, "params": {"0": -0.04606876308898711, "1": -2.158578141951764, "2": 1.857535187713264, "3": 0.16120103039470646, "4": -1.5265440641843844, "5": 2.992743560219255, "6": 0.45495658382031756, "7": -2.697925044029219}, "datetime": {"datetime": "2021-06-29 21:07:39", "elapsed": 3239.933527, "delta": 8.074387}}
{"target": 0.010379023248523061, "params": {"0": -0.9969339679848073, "1": -1.804434336627296, "2": -0.7025145394726251, "3": -0.0398021573168732, "4": 1.0143329801825027, "5": 2.439634661922348, "6": 0.6511823024698535, "7": -1.4894187783645059}, "datetime": {"datetime": "2021-06-29 21:07:52", "elapsed": 3253.70624, "delta": 13.772713}}
{"target": 0.0036094118640473453, "params": {"0": -1.6249119608826579, "1": -0.04346131025576039, "2": -1.7364212241407382, "3": -2.008968131876383, "4": -2.7004963686627503, "5": -1.6701245615150744, "6": -0.21017142783727705, "7": -0.9232847990788211}, "datetime": {"datetime": "2021-06-29 21:08:05", "elapsed": 3265.860589, "delta": 12.154349}}
{"target": 0.004725938947549589, "params": {"0": 1.7132245870387521, "1": 0.18565586033277715, "2": -2.29906708298129, "3": -0.8829499761322683, "4": -1.1222985701175958, "5": -0.37545480179669255, "6": -1.610530590709931, "7": 1.9242233397606725}, "datetime": {"datetime": "2021-06-29 21:08:17", "elapsed": 3278.01551, "delta": 12.154921}}
{"target": 0.0052067301838540385, "params": {"0": -2.02912291312522, "1": 1.7128872738404333, "2": 1.9809399092373985, "3": 1.2210586299261772, "4": -2.0486674028322085, "5": -1.6085336143833675, "6": 2.411394717912218, "7": 1.6242837575865297}, "datetime": {"datetime": "2021-06-29 21:08:33", "elapsed": 3294.53368, "delta": 16.51817}}
{"target": 0.004574723424528369, "params": {"0": 1.1698750832276446, "1": -1.5437385187140742, "2": 0.7094287383420705, "3": -2.7263774785715027, "4": -2.5221958392563177, "5": -1.4299611088643458, "6": -2.880910287946542, "7": 1.1452205583411104}, "datetime": {"datetime": "2021-06-29 21:08:43", "elapsed": 3304.147108, "delta": 9.613428}}
{"target": 0.00314097783371591, "params": {"0": -2.0665539907065194, "1": 0.5719422949584305, "2": 0.30749675533773724, "3": -2.4366850443580867, "4": -0.7325407004872222, "5": 1.0299490670911, "6": 1.1377494043579777, "7": -1.9623688854722754}, "datetime": {"datetime": "2021-06-29 21:08:50", "elapsed": 3311.369173, "delta": 7.222065}}
{"target": 0.003381409272544718, "params": {"0": 1.0027739525798882, "1": -2.6596441180905357, "2": -0.723000716635176, "3": -0.41652113722958184, "4": -0.3753281460314848, "5": 2.7785517614760886, "6": -1.694128640841128, "7": 0.3715448096006617}, "datetime": {"datetime": "2021-06-29 21:08:57", "elapsed": 3317.987493, "delta": 6.61832}}
{"target": 0.0030981700598752154, "params": {"0": 2.3071516487147683, "1": 1.4498936389981631, "2": -0.579466933242724, "3": 2.345142930266726, "4": -1.2012629138919957, "5": -2.240625078420762, "6": 2.467245044022331, "7": -2.084981683896351}, "datetime": {"datetime": "2021-06-29 21:09:06", "elapsed": 3327.725227, "delta": 9.737734}}
{"target": 0.003974743368122143, "params": {"0": -2.4188386166337956, "1": -2.994205517579708, "2": -0.267345873531426, "3": 0.03821563371320247, "4": 0.8183826560146725, "5": 0.9359748081626478, "6": -1.6497745402493937, "7": -2.149152408760102}, "datetime": {"datetime": "2021-06-29 21:09:18", "elapsed": 3339.254321, "delta": 11.529094}}
{"target": 0.003301202220213996, "params": {"0": 2.468159402964088, "1": -2.0461849459287142, "2": -0.3589891132417584, "3": -2.8597501669139174, "4": -1.7760429470935244, "5": -0.5018250668977795, "6": -0.5792027763744114, "7": 1.310010257266394}, "datetime": {"datetime": "2021-06-29 21:09:32", "elapsed": 3353.50447, "delta": 14.250149}}
{"target": 0.011414588834215148, "params": {"0": 0.44374937079746735, "1": -2.8658891028738434, "2": -2.12866139148053, "3": -2.739379870242464, "4": -1.2470434386303093, "5": -1.6213535548884053, "6": 1.5267262983163095, "7": -0.5054523159545266}, "datetime": {"datetime": "2021-06-29 21:09:39", "elapsed": 3360.696073, "delta": 7.191603}}
{"target": 0.0034169381949595615, "params": {"0": -1.9362026072836143, "1": 2.8466693773066716, "2": -1.7002545639669846, "3": 2.382264336943736, "4": 0.7849826546938794, "5": -0.3152494512117956, "6": -2.6555561889704777, "7": -1.0395985156089853}, "datetime": {"datetime": "2021-06-29 21:09:47", "elapsed": 3368.527769, "delta": 7.831696}}
{"target": 0.0036592452320394924, "params": {"0": 2.837854551786288, "1": -2.418345884746995, "2": -1.5809531844494156, "3": 1.2418830972161992, "4": 0.10978257784573531, "5": -2.5608824824744656, "6": 0.9384405493077885, "7": -0.6879413203294535}, "datetime": {"datetime": "2021-06-29 21:09:57", "elapsed": 3378.539709, "delta": 10.01194}}
{"target": 0.00319105029658886, "params": {"0": -0.3598353571102, "1": 2.450141124209133, "2": -2.2384903079794465, "3": 2.4833903008780087, "4": -0.657075689884036, "5": -2.108205732404796, "6": -1.432176235044931, "7": 1.728785356074285}, "datetime": {"datetime": "2021-06-29 21:10:08", "elapsed": 3389.252146, "delta": 10.712437}}
{"target": 0.005393085918653185, "params": {"0": 2.1178084467211518, "1": 2.537268166231766, "2": -0.5043185047333174, "3": -2.0522025719976726, "4": 0.46568516788419334, "5": -1.632640542652037, "6": -0.20943238899257466, "7": -0.7480151427741184}, "datetime": {"datetime": "2021-06-29 21:10:20", "elapsed": 3401.380367, "delta": 12.128221}}
{"target": 0.0030382191534050803, "params": {"0": -2.3040908823540747, "1": 1.8157549580522145, "2": -1.4818758480550887, "3": 2.1267941746645187, "4": -1.866822503026164, "5": 2.0558903917678935, "6": -0.07429868692594344, "7": -2.4842927344534242}, "datetime": {"datetime": "2021-06-29 21:10:31", "elapsed": 3412.303397, "delta": 10.92303}}
{"target": 0.002979714437459657, "params": {"0": 2.4408174947481456, "1": 0.6803499220488867, "2": -2.1756309943460033, "3": 1.4029273455873161, "4": 0.48105851561151525, "5": 0.4519809872452898, "6": -2.0857406448188094, "7": 2.103383717003828}, "datetime": {"datetime": "2021-06-29 21:10:40", "elapsed": 3421.166126, "delta": 8.862729}}
{"target": 0.003018391343027327, "params": {"0": -0.25019994351988517, "1": 2.8757591311731776, "2": -0.36897243493733267, "3": 0.4489859850587212, "4": 2.1889871896648945, "5": 1.2218490344761346, "6": 1.5740218275807072, "7": -1.5815165813778405}, "datetime": {"datetime": "2021-06-29 21:10:53", "elapsed": 3434.25519, "delta": 13.089064}}
{"target": 0.0031591496373290537, "params": {"0": 2.508494479978828, "1": 0.2209665130889631, "2": 1.660357937425716, "3": -1.5595468211086823, "4": -1.1210920869096102, "5": 2.7742586731562717, "6": 0.36226782100759936, "7": -1.514058785013229}, "datetime": {"datetime": "2021-06-29 21:11:08", "elapsed": 3449.477627, "delta": 15.222437}}
{"target": 0.0028638524059037725, "params": {"0": 1.7561696601616568, "1": 0.4760199417901574, "2": -0.39548871566373034, "3": 0.273230151237156, "4": 0.754075110693647, "5": 1.18292326274595, "6": 0.21483781592671658, "7": -2.0805004315623425}, "datetime": {"datetime": "2021-06-29 21:11:19", "elapsed": 3460.252464, "delta": 10.774837}}
{"target": 0.0033230997992950797, "params": {"0": 0.638881899250797, "1": 0.1607071426390485, "2": 1.7396010393548371, "3": 2.4812957625041783, "4": 1.6454428903287086, "5": -2.529629336868066, "6": -0.9986831405977323, "7": 0.7601630506748847}, "datetime": {"datetime": "2021-06-29 21:11:27", "elapsed": 3467.758434, "delta": 7.50597}}
{"target": 0.003193389300938725, "params": {"0": -1.7865199010150403, "1": 2.086664584772672, "2": 0.6902364010326014, "3": -0.3205943624231562, "4": -0.5529473182288736, "5": 2.4388883417082488, "6": -1.7511406716235733, "7": 1.2973171066683706}, "datetime": {"datetime": "2021-06-29 21:11:39", "elapsed": 3480.608015, "delta": 12.849581}}
{"target": 0.009152811306794937, "params": {"0": -1.5408654319110229, "1": -2.4153583225623234, "2": -1.3069299045480032, "3": 1.3298078162508737, "4": 2.376436537330905, "5": -0.6513685327296539, "6": -0.41346918894247686, "7": 1.3066612405476032}, "datetime": {"datetime": "2021-06-29 21:12:04", "elapsed": 3504.973466, "delta": 24.365451}}
{"target": 0.0030009821474676415, "params": {"0": 1.4697055466266837, "1": -2.875396583580632, "2": -2.3415909575283225, "3": 0.14657988151974521, "4": 0.7050236020842906, "5": -0.9991660812588035, "6": -2.7083587272455123, "7": 1.8194219175816322}, "datetime": {"datetime": "2021-06-29 21:12:23", "elapsed": 3523.788447, "delta": 18.814981}}
{"target": 0.0029011928057637, "params": {"0": -2.4109808360415697, "1": -0.07081893446478116, "2": -1.2585412274881786, "3": 0.5654176662046502, "4": 1.8422377207185896, "5": -2.3497782786366175, "6": -2.3931478010600635, "7": 2.87559806888211}, "datetime": {"datetime": "2021-06-29 21:12:38", "elapsed": 3539.241972, "delta": 15.453525}}
{"target": 0.0030483845582963834, "params": {"0": -2.3261849878280056, "1": 0.9709919588070268, "2": -0.6191203720761589, "3": 0.7152216584679101, "4": -0.29817486121875314, "5": 2.9422778303243984, "6": -0.9714816070687129, "7": 0.6653399479165047}, "datetime": {"datetime": "2021-06-29 21:12:50", "elapsed": 3550.796211, "delta": 11.554239}}
{"target": 0.004013460641280068, "params": {"0": 0.2610890443469094, "1": -2.724637136529873, "2": 0.34107840713748416, "3": -1.680282811844741, "4": -1.0126392305285095, "5": -1.9809780347426966, "6": -1.1890140511826577, "7": 1.9918354309767494}, "datetime": {"datetime": "2021-06-29 21:13:08", "elapsed": 3569.133933, "delta": 18.337722}}
{"target": 0.006240931836103389, "params": {"0": 0.4421141665298265, "1": 0.8039187193548063, "2": 1.244226997518033, "3": 2.961982212419472, "4": -2.5382464364973565, "5": -1.8074125770252134, "6": 1.6624350287951044, "7": 0.39624460472741596}, "datetime": {"datetime": "2021-06-29 21:13:26", "elapsed": 3586.870949, "delta": 17.737016}}
{"target": 0.0030955017664890875, "params": {"0": -2.5800650149761504, "1": 2.658821303150283, "2": 1.1346670458508745, "3": -2.6652777133643313, "4": 1.8092287821657553, "5": -1.4204061850801468, "6": -1.128517247054676, "7": -0.8492082922231279}, "datetime": {"datetime": "2021-06-29 21:13:36", "elapsed": 3596.950066, "delta": 10.079117}}
{"target": 0.003237140396287771, "params": {"0": -0.9157657514448685, "1": -1.90761872564714, "2": -0.48609522600933897, "3": 0.2164850250377217, "4": 1.2558918194903335, "5": 2.986092569246707, "6": 0.28824309576385865, "7": -1.7073883746933125}, "datetime": {"datetime": "2021-06-29 21:13:54", "elapsed": 3615.207276, "delta": 18.25721}}
{"target": 0.004538324850003656, "params": {"0": -2.1713704622389036, "1": 2.6985590860318895, "2": 0.16721877101251348, "3": 0.21276053181270438, "4": 0.4320342626108129, "5": 1.961521976413942, "6": 1.1554397093906408, "7": -2.448312446886187}, "datetime": {"datetime": "2021-06-29 21:14:08", "elapsed": 3629.439311, "delta": 14.232035}}
{"target": 0.003142800444108001, "params": {"0": -2.039029159976283, "1": 0.5367302946794639, "2": -0.6241545386217409, "3": 2.066491563425494, "4": 2.315425042481839, "5": 0.827772364130662, "6": -2.764513476127025, "7": -0.9071916641143964}, "datetime": {"datetime": "2021-06-29 21:14:16", "elapsed": 3637.256382, "delta": 7.817071}}
{"target": 0.0031579347492699814, "params": {"0": -0.9951466663257107, "1": -2.2155191273415205, "2": -2.081686024690006, "3": -2.1868041571997967, "4": 1.5579923346796836, "5": 0.5903547439699359, "6": -0.3746179356524548, "7": 2.9249697018046614}, "datetime": {"datetime": "2021-06-29 21:14:47", "elapsed": 3668.575717, "delta": 31.319335}}
{"target": 0.002896730386287918, "params": {"0": -1.01695981822564, "1": 0.330691624756315, "2": 0.03116260367518553, "3": 1.2494696506047918, "4": 2.889419032350423, "5": 0.6445934527354611, "6": 1.5972891649147662, "7": -2.727135787211256}, "datetime": {"datetime": "2021-06-29 21:14:59", "elapsed": 3680.052785, "delta": 11.477068}}
{"target": 0.003967328895578592, "params": {"0": -2.414515537454175, "1": 1.3481558137199503, "2": 0.1010862506641037, "3": 1.60662411978711, "4": -1.8047186323124966, "5": 2.475484607546493, "6": -2.6891218725783412, "7": 0.14665248210422988}, "datetime": {"datetime": "2021-06-29 21:15:13", "elapsed": 3694.490854, "delta": 14.438069}}
{"target": 0.0033822320404256604, "params": {"0": -2.5502935582610915, "1": 0.42900435472695353, "2": 0.8902904727997045, "3": 1.72660036817061, "4": -2.5241849687301143, "5": 2.4159765551450514, "6": -2.4796098477139985, "7": 0.6358566050759844}, "datetime": {"datetime": "2021-06-29 21:15:37", "elapsed": 3718.062621, "delta": 23.571767}}
{"target": 0.003749111537406507, "params": {"0": 1.027750644432345, "1": -1.3088331884344118, "2": -1.039361076572565, "3": 0.12155514025105418, "4": 0.6920318247645367, "5": 2.8711922835299317, "6": -2.1578778745626326, "7": -0.3070799796799384}, "datetime": {"datetime": "2021-06-29 21:15:53", "elapsed": 3734.475161, "delta": 16.41254}}
{"target": 0.005625178069088051, "params": {"0": -1.811129953413364, "1": 0.7757877600976655, "2": 1.1100245390345451, "3": -1.2098912714887928, "4": -1.3091453207215866, "5": 0.28790371721439545, "6": -2.3748631293571982, "7": 1.1119753186859178}, "datetime": {"datetime": "2021-06-29 21:16:05", "elapsed": 3746.730041, "delta": 12.25488}}
{"target": 0.0030698565469340555, "params": {"0": 1.5792544041869103, "1": -1.5841569410705814, "2": -2.7905959256942134, "3": 2.190321926025609, "4": -0.8262555687858315, "5": -2.486685088903605, "6": 1.9198767282548532, "7": 0.8710711158161963}, "datetime": {"datetime": "2021-06-29 21:16:31", "elapsed": 3772.563986, "delta": 25.833945}}
{"target": 0.0031278269159598746, "params": {"0": -1.0729949766439792, "1": -1.148083211785447, "2": 0.10981405909554631, "3": -1.7266310381541372, "4": -2.621974909938745, "5": 2.897932303186428, "6": 1.4808452545882966, "7": -2.2968182142814713}, "datetime": {"datetime": "2021-06-29 21:16:40", "elapsed": 3781.073974, "delta": 8.509988}}
{"target": 0.003290663654018439, "params": {"0": 0.6607228928602016, "1": 2.5138929825422576, "2": 1.1520202598465241, "3": 1.4178432442580213, "4": -0.4451800533014616, "5": -1.1483697741919896, "6": 2.500516301643163, "7": -2.3751526696635263}, "datetime": {"datetime": "2021-06-29 21:16:49", "elapsed": 3790.63924, "delta": 9.565266}}
{"target": 0.0036350715208916234, "params": {"0": -0.4806466321088676, "1": 0.29019088983685615, "2": 0.7568593323810884, "3": -0.6654681634461372, "4": -2.955435352032648, "5": -1.834606007522757, "6": -2.352118224720827, "7": -1.077996633873417}, "datetime": {"datetime": "2021-06-29 21:17:03", "elapsed": 3804.360801, "delta": 13.721561}}
{"target": 0.0030350043410658726, "params": {"0": -0.41202483724072136, "1": -2.0212834593876368, "2": 2.975829768804906, "3": -0.10341112016947562, "4": -0.2713361665355838, "5": -2.5207973598267266, "6": -0.35786100143081523, "7": 1.705671944373786}, "datetime": {"datetime": "2021-06-29 21:17:15", "elapsed": 3815.900801, "delta": 11.54}}
{"target": 0.004073143028855618, "params": {"0": 0.8209136879954739, "1": 0.8545798125885025, "2": -1.8458332960710688, "3": 0.47685235687607186, "4": -1.847946900376712, "5": 1.6281774647779699, "6": 1.3625275598357351, "7": 0.5718019006881248}, "datetime": {"datetime": "2021-06-29 21:17:24", "elapsed": 3825.591247, "delta": 9.690446}}
{"target": 0.0029414014252059813, "params": {"0": 0.44008603576691696, "1": -2.6933269827710955, "2": 1.8311873562326246, "3": 2.4975993594217307, "4": 1.6404880269412656, "5": 2.412416949019578, "6": 1.7980407807261303, "7": -0.9565926290826154}, "datetime": {"datetime": "2021-06-29 21:17:33", "elapsed": 3834.067088, "delta": 8.475841}}
{"target": 0.002945592460199193, "params": {"0": -0.9398817455204336, "1": 2.174714377983106, "2": -1.0775047841364622, "3": -1.7821623233825876, "4": 2.9767418717323384, "5": -0.017451494277382906, "6": 2.341250146654321, "7": 2.8970233926665383}, "datetime": {"datetime": "2021-06-29 21:17:56", "elapsed": 3857.026609, "delta": 22.959521}}
