{"target": 0.0030582911335338505, "params": {"0": 1.901010652749731, "1": 0.5662357429858664, "2": 2.85593440998543, "3": 2.409375508015928, "4": 0.5736476016158729, "5": -2.8054420481132576, "6": -2.4385374250951157, "7": -2.6077697097466417}, "datetime": {"datetime": "2021-06-29 20:15:16", "elapsed": 9.230147, "delta": 0.128183}}
{"target": 0.004595709183786442, "params": {"0": -0.28960110785114823, "1": -0.7473910009928533, "2": 2.852100205621719, "3": -1.9921002408023105, "4": 2.836725551595931, "5": 1.6048492131780785, "6": 1.9454270377469864, "7": 0.7956949006679839}, "datetime": {"datetime": "2021-06-29 20:15:17", "elapsed": 9.344496, "delta": 0.114349}}
{"target": 0.005938293382118302, "params": {"0": 1.0123966212403923, "1": -0.13870599887283985, "2": -2.9211818584615665, "3": -0.8819634867490516, "4": -0.047569191038649095, "5": 1.380547266540626, "6": -0.18822994352334455, "7": -0.25557050346341015}, "datetime": {"datetime": "2021-06-29 20:15:17", "elapsed": 9.455772, "delta": 0.111276}}
{"target": 0.003406934856894641, "params": {"0": -2.1740235543263813, "1": -2.934667597179126, "2": 1.5496695628619772, "3": -1.0802829715339297, "4": 2.906300701161064, "5": -1.678594643045064, "6": -0.967751847109922, "7": 0.14337681399678992}, "datetime": {"datetime": "2021-06-29 20:15:17", "elapsed": 9.586147, "delta": 0.130375}}
{"target": 0.0036940077339056064, "params": {"0": 1.5293487423631964, "1": -0.21685329659822639, "2": -2.2510647413299423, "3": -1.124991729047703, "4": 0.027115018205967623, "5": 1.0430940481012057, "6": 1.620899737872553, "7": -2.217985314273874}, "datetime": {"datetime": "2021-06-29 20:15:17", "elapsed": 9.72055, "delta": 0.134403}}
{"target": 0.0034575229486557683, "params": {"0": -2.862509212065709, "1": 0.11449393327193658, "2": 1.859932263974498, "3": -2.9243773978207424, "4": 1.0348190679224034, "5": 1.1208493599419507, "6": -0.3045194784801746, "7": 2.4887321204516057}, "datetime": {"datetime": "2021-06-29 20:15:17", "elapsed": 9.997997, "delta": 0.277447}}
{"target": 0.003048318114536462, "params": {"0": 0.8661665085419576, "1": -2.968560974091205, "2": -0.09342932691374628, "3": 2.1559068365856, "4": 1.9823974202240366, "5": 0.8949251826748674, "6": 1.04219054339179, "7": 0.47099747873520315}, "datetime": {"datetime": "2021-06-29 20:15:17", "elapsed": 10.110799, "delta": 0.112802}}
{"target": 0.00666494954381476, "params": {"0": -1.355281348998887, "1": 0.3631799432163527, "2": 1.0303787089045215, "3": -0.8854222187015468, "4": 2.134970203523567, "5": -1.8297750839477562, "6": 1.4839248619915395, "7": -1.2623835228787355}, "datetime": {"datetime": "2021-06-29 20:15:17", "elapsed": 10.239052, "delta": 0.128253}}
{"target": 0.0030655958812480432, "params": {"0": 1.6427957234650918, "1": -0.43357602398354267, "2": 1.8461904546732573, "3": -0.8787908239920577, "4": -1.7178405742225131, "5": 1.6037070505305993, "6": -1.1481483142160933, "7": 1.3994704063585655}, "datetime": {"datetime": "2021-06-29 20:15:18", "elapsed": 10.351181, "delta": 0.112129}}
{"target": 0.0032696471429056345, "params": {"0": 1.4668389184663928, "1": -1.6716197945507936, "2": -1.7153271790761093, "3": -1.8063124594375999, "4": -2.144889973404932, "5": -0.7375044047559953, "6": -2.840232691850271, "7": -2.3344777857945562}, "datetime": {"datetime": "2021-06-29 20:15:18", "elapsed": 10.456664, "delta": 0.105483}}
{"target": 0.00430409360570753, "params": {"0": 1.047384142580463, "1": 1.7986592213843178, "2": -2.5168228372296846, "3": -1.6097861370852478, "4": -1.7542460291771138, "5": 2.504001378489784, "6": 1.26788710881892, "7": 0.3233076663084855}, "datetime": {"datetime": "2021-06-29 20:15:18", "elapsed": 10.563592, "delta": 0.106928}}
{"target": 0.003041567770411209, "params": {"0": -1.1728920724762786, "1": 2.009124285790791, "2": -0.38816425422288026, "3": 2.5407372907126513, "4": 1.2363108260155986, "5": -0.13181215220829978, "6": -2.242739377503848, "7": 2.8562613028064856}, "datetime": {"datetime": "2021-06-29 20:15:18", "elapsed": 10.688583, "delta": 0.124991}}
{"target": 0.003366884076532429, "params": {"0": -2.04099809793544, "1": -1.7843872486820245, "2": -0.41290946903777437, "3": -0.5747885653491167, "4": -2.1194911154142355, "5": 1.3759135161667402, "6": -1.8675295987368843, "7": 0.8633738658699768}, "datetime": {"datetime": "2021-06-29 20:15:18", "elapsed": 10.8473, "delta": 0.158717}}
{"target": 0.0030628133793362683, "params": {"0": 1.5258357034577923, "1": -1.7356056475000756, "2": 0.6057254886458399, "3": 1.4935702514750187, "4": 0.8293122637220005, "5": 0.5827638176798944, "6": -1.2271062860670177, "7": 1.389638827449053}, "datetime": {"datetime": "2021-06-29 20:15:18", "elapsed": 10.982087, "delta": 0.134787}}
{"target": 0.0036954443274321604, "params": {"0": 2.6718506399996986, "1": -0.4466316584307184, "2": 1.693090900988432, "3": -2.663153762028508, "4": 2.011629614939795, "5": -1.8464998990671138, "6": -0.6294187866601608, "7": -1.1995137244478613}, "datetime": {"datetime": "2021-06-29 20:15:18", "elapsed": 11.237766, "delta": 0.255679}}
{"target": 0.0032340977655860416, "params": {"0": -2.519378137163704, "1": 2.427786017617457, "2": -0.7790749346775705, "3": 0.18418463085683712, "4": -0.035302404622049366, "5": -2.2070331483423713, "6": -1.7612756466634019, "7": -2.542867145806073}, "datetime": {"datetime": "2021-06-29 20:15:19", "elapsed": 11.354634, "delta": 0.116868}}
{"target": 0.0031507263470608917, "params": {"0": 0.04753019967172456, "1": -1.4307026890020773, "2": -0.8576303467032487, "3": -2.351608027816579, "4": 1.7253110379150431, "5": -2.3604967392671936, "6": 2.914252942279127, "7": -1.937033013369496}, "datetime": {"datetime": "2021-06-29 20:15:19", "elapsed": 11.460465, "delta": 0.105831}}
{"target": 0.05138806498513073, "params": {"0": 0.43443067460789564, "1": -2.730927992465471, "2": 1.7226977379350048, "3": -1.8623643130902208, "4": 0.16742387044875962, "5": 1.4404652589544291, "6": -2.1004110904964644, "7": 0.30652304512183015}, "datetime": {"datetime": "2021-06-29 20:15:19", "elapsed": 11.57829, "delta": 0.117825}}
{"target": 0.0033081584741082495, "params": {"0": -1.7002967500273236, "1": 1.5551762959028679, "2": 1.3374911613372822, "3": -1.940705794337502, "4": 2.171799346002441, "5": -2.881349402901934, "6": 2.1614219845386913, "7": 0.3534228669656301}, "datetime": {"datetime": "2021-06-29 20:15:19", "elapsed": 11.742634, "delta": 0.164344}}
{"target": 0.0033298300990076252, "params": {"0": -0.5806771673649047, "1": 1.5524815861340198, "2": 1.3015740101548197, "3": 2.923957048850559, "4": -1.3314897083221033, "5": -2.9772379655439445, "6": 2.6034156498893264, "7": 2.147382627227363}, "datetime": {"datetime": "2021-06-29 20:15:19", "elapsed": 11.880753, "delta": 0.138119}}
{"target": 0.003026822379306211, "params": {"0": 1.3731052651155355, "1": 0.10013269752923026, "2": 1.2417374714925664, "3": 1.683177341260457, "4": -0.7507443387788437, "5": 1.6219351519797458, "6": 1.5037459150510522, "7": 0.6792672692655586}, "datetime": {"datetime": "2021-06-29 20:15:19", "elapsed": 12.002418, "delta": 0.121665}}
{"target": 0.0061849348026073924, "params": {"0": -0.5888044561929755, "1": 1.1838481155860459, "2": -2.981322853048847, "3": 1.6493798803475865, "4": 2.3784996147410817, "5": -1.5641057553749722, "6": -2.2753968941446217, "7": -1.6782960732376344}, "datetime": {"datetime": "2021-06-29 20:15:19", "elapsed": 12.103541, "delta": 0.101123}}
{"target": 0.003113168153301558, "params": {"0": -1.1874196122594103, "1": 2.2981710513830054, "2": 0.25899858142856713, "3": -1.2797301023614165, "4": -2.1698718612423207, "5": -1.25913322137275, "6": 0.6832265384475154, "7": -1.0551688206153202}, "datetime": {"datetime": "2021-06-29 20:15:19", "elapsed": 12.210636, "delta": 0.107095}}
{"target": 0.003262205462040938, "params": {"0": -0.25583890985400926, "1": -0.33529735790031356, "2": 1.9688121643890728, "3": -0.44191107458261625, "4": -0.925807072946986, "5": 1.0498296288546314, "6": -1.6711076655988275, "7": -0.1965250564406773}, "datetime": {"datetime": "2021-06-29 20:15:20", "elapsed": 12.575175, "delta": 0.364539}}
{"target": 0.002917503937728312, "params": {"0": -1.1114058760559014, "1": 0.7611336129770079, "2": 2.2641628481688754, "3": -0.3138659991262287, "4": 1.7067445127515386, "5": -0.25820579663069765, "6": 0.9373759903027885, "7": -2.2089541498349874}, "datetime": {"datetime": "2021-06-29 20:15:20", "elapsed": 12.847153, "delta": 0.271978}}
{"target": 0.003016568316099034, "params": {"0": -0.40211095819411113, "1": 2.45587193192962, "2": 0.6328740061856077, "3": 1.6006475234226123, "4": 0.02820364857536628, "5": -0.011666251031955177, "6": 2.0573990411570993, "7": -2.5931583939542775}, "datetime": {"datetime": "2021-06-29 20:15:20", "elapsed": 13.178761, "delta": 0.331608}}
{"target": 0.014559516828474508, "params": {"0": 0.43963362929810756, "1": 2.6565754525976955, "2": 0.10716028903393138, "3": -1.833205142832693, "4": 2.087636354660857, "5": -1.490165145864883, "6": 1.204356218895228, "7": 0.24156564238139921}, "datetime": {"datetime": "2021-06-29 20:15:21", "elapsed": 13.415722, "delta": 0.236961}}
{"target": 0.0028614638324258044, "params": {"0": 2.6930177296813174, "1": 0.7460202144160553, "2": 2.027867772286376, "3": -2.952402742832861, "4": 2.9360403369998282, "5": -2.533712578005681, "6": -1.0672229183113824, "7": 2.676914372740592}, "datetime": {"datetime": "2021-06-29 20:15:21", "elapsed": 13.542541, "delta": 0.126819}}
{"target": 0.0030599859371884383, "params": {"0": -2.9463653857725296, "1": 1.9363800325316127, "2": 2.167269830200766, "3": -0.36101511474856496, "4": -1.4655288371644128, "5": 1.8161371177997916, "6": -0.1328279734066733, "7": -2.193968348065823}, "datetime": {"datetime": "2021-06-29 20:15:21", "elapsed": 13.762602, "delta": 0.220061}}
{"target": 0.0029342056163973616, "params": {"0": 2.567093956950065, "1": 2.3758198020398904, "2": -0.05072909989838781, "3": 2.1402149791067533, "4": -0.48853184541540795, "5": 1.1007894009978063, "6": -0.6120561635524653, "7": 0.034452104704862485}, "datetime": {"datetime": "2021-06-29 20:15:21", "elapsed": 13.883344, "delta": 0.120742}}
{"target": 0.0036528494322212897, "params": {"0": -1.8626897829964362, "1": 2.789933544665483, "2": -1.2347058705344718, "3": -2.379242663301592, "4": -2.1341075986257114, "5": -2.9154462348453425, "6": 1.2956741967743675, "7": 0.38698992144524436}, "datetime": {"datetime": "2021-06-29 20:15:21", "elapsed": 14.001007, "delta": 0.117663}}
{"target": 0.0030785113656542533, "params": {"0": 1.7674701071085135, "1": 0.04247953970481877, "2": 1.750926237024923, "3": 1.1745852856310366, "4": 1.6670908611550521, "5": -0.5611027861374822, "6": 0.8866237991248873, "7": -1.9212342138421536}, "datetime": {"datetime": "2021-06-29 20:15:22", "elapsed": 14.515386, "delta": 0.514379}}
{"target": 0.00412506357694955, "params": {"0": -1.0690802196725762, "1": -1.964372279281245, "2": -0.5481766499204257, "3": -1.5514875122064071, "4": -0.5584680352238527, "5": 2.851334054623873, "6": -1.0780840450678124, "7": 2.8949456698493723}, "datetime": {"datetime": "2021-06-29 20:15:22", "elapsed": 14.69156, "delta": 0.176174}}
{"target": 0.0030626841657945135, "params": {"0": 0.8178367551359012, "1": -0.7494538896365341, "2": 2.1449069945015795, "3": 0.7175204362114425, "4": -1.4878015192149638, "5": 1.757134067861326, "6": -0.4023689475950216, "7": -0.8549329960173515}, "datetime": {"datetime": "2021-06-29 20:15:22", "elapsed": 14.881001, "delta": 0.189441}}
{"target": 0.0038632112905188846, "params": {"0": -1.0183383808495143, "1": 1.1842132536788368, "2": -1.3880992565626407, "3": 1.8496680822322809, "4": -1.2282672336009133, "5": 0.2647283015121431, "6": -0.07247104916878566, "7": 2.1321384755722184}, "datetime": {"datetime": "2021-06-29 20:15:22", "elapsed": 15.088853, "delta": 0.207852}}
{"target": 0.03420254572978684, "params": {"0": 0.426660295343097, "1": -2.916554412440729, "2": 1.7148537098875967, "3": -1.943511732808688, "4": 0.23496425708397398, "5": 1.466333703872704, "6": -2.0750137911337374, "7": 0.3051360121729292}, "datetime": {"datetime": "2021-06-29 20:15:25", "elapsed": 18.172344, "delta": 3.083491}}
{"target": 0.003878300761182844, "params": {"0": 0.13313806327591138, "1": -1.836408910550545, "2": 1.5938932563639687, "3": -1.839294318863143, "4": 0.24308486709337007, "5": 1.6102623145902761, "6": -1.2014081374788723, "7": -0.5968583572421848}, "datetime": {"datetime": "2021-06-29 20:15:27", "elapsed": 20.108053, "delta": 1.935709}}
{"target": 0.0034289492237133644, "params": {"0": -1.302789435598578, "1": 2.0206196474102356, "2": -2.8854890725770197, "3": -1.7961721955591563, "4": -0.9178609366357495, "5": -2.6713541026777787, "6": 0.1841476099709718, "7": -0.5428891058877339}, "datetime": {"datetime": "2021-06-29 20:15:29", "elapsed": 21.542835, "delta": 1.434782}}
{"target": 0.0029746871106689685, "params": {"0": -0.011317852780382331, "1": -0.41733519117619267, "2": 1.7212463027952554, "3": -0.4207201777519156, "4": 1.7431835412724572, "5": -2.8098971116271896, "6": 2.1832512140919587, "7": -2.7699250997738787}, "datetime": {"datetime": "2021-06-29 20:15:30", "elapsed": 22.877551, "delta": 1.334716}}
{"target": 0.0034613198931420382, "params": {"0": -0.29605025847945843, "1": 0.7449700340117342, "2": -0.4953890179005862, "3": 0.38637537197534755, "4": -1.5095489568014224, "5": 2.766963243374099, "6": -2.9165328155228862, "7": 0.6199245354380745}, "datetime": {"datetime": "2021-06-29 20:15:32", "elapsed": 24.810659, "delta": 1.933108}}
{"target": 0.0030458046483217037, "params": {"0": 0.16389134949207573, "1": 0.011492895540904158, "2": 2.6931835101955635, "3": -0.944080199723337, "4": 2.5628987058675783, "5": -2.057319495226262, "6": 1.7619505684442638, "7": -1.9852934584932775}, "datetime": {"datetime": "2021-06-29 20:15:34", "elapsed": 26.415718, "delta": 1.605059}}
{"target": 0.0046510124448626905, "params": {"0": -2.452936526180104, "1": -0.203148573079313, "2": -2.398207407360783, "3": 1.2362869954387081, "4": 0.08545408468859028, "5": -0.07662364875884098, "6": 2.8915780865465184, "7": -1.8116486392369877}, "datetime": {"datetime": "2021-06-29 20:15:35", "elapsed": 27.892776, "delta": 1.477058}}
{"target": 0.0037444136083110533, "params": {"0": 0.06749169256622833, "1": 2.8916918089534116, "2": -0.10453263838975202, "3": -1.3077397883555235, "4": 1.2806680638407375, "5": -1.2998650307621913, "6": 1.5386913433029408, "7": -0.7906140449828176}, "datetime": {"datetime": "2021-06-29 20:15:37", "elapsed": 29.807601, "delta": 1.914825}}
{"target": 0.012713934095028781, "params": {"0": -1.5499133534725908, "1": 2.0410402718560006, "2": 2.1108204588650086, "3": 0.5243769006973924, "4": -1.8100327661307551, "5": -2.3342090420860844, "6": 1.321613316590355, "7": 0.7299278233367978}, "datetime": {"datetime": "2021-06-29 20:15:39", "elapsed": 31.981069, "delta": 2.173468}}
{"target": 0.00314619270290867, "params": {"0": 0.09045680869540007, "1": 2.194695293294634, "2": 0.012285490892272932, "3": -2.3447281453214854, "4": 2.16805372007365, "5": -1.2793131264000432, "6": 1.3746501704559027, "7": 0.9471152828935856}, "datetime": {"datetime": "2021-06-29 20:15:41", "elapsed": 34.116914, "delta": 2.135845}}
{"target": 0.005279224544628168, "params": {"0": -2.093014411119242, "1": -0.6621132364384303, "2": 1.3725095334297537, "3": 0.6723838243261984, "4": 2.885060419304814, "5": -1.7952594256904333, "6": 0.26764438205238417, "7": -2.3054640310286354}, "datetime": {"datetime": "2021-06-29 20:15:42", "elapsed": 35.19579, "delta": 1.078876}}
{"target": 0.010794536972464793, "params": {"0": 0.413979050724393, "1": -2.9314960894191646, "2": 1.2014726450518234, "3": -2.3178025459146956, "4": 0.4575479197872463, "5": 1.0895798247368491, "6": -2.6815479575623784, "7": 0.9096928186867843}, "datetime": {"datetime": "2021-06-29 20:15:44", "elapsed": 37.114134, "delta": 1.918344}}
{"target": 0.003253608464924703, "params": {"0": 0.4848098467430435, "1": -2.39167598278174, "2": 1.5415121842784174, "3": -2.1685597230814513, "4": -0.30802307467561185, "5": 0.9920742173208943, "6": -1.4379500836344379, "7": 0.3875225335083772}, "datetime": {"datetime": "2021-06-29 20:15:45", "elapsed": 38.0738, "delta": 0.959666}}
{"target": 0.005418287783162889, "params": {"0": -0.917831256323705, "1": 1.0638305203496872, "2": -0.11640889533688892, "3": 1.2466026076766017, "4": -1.9767860088565303, "5": 1.9425209972423776, "6": -2.857046965955903, "7": 0.39339345304669715}, "datetime": {"datetime": "2021-06-29 20:15:49", "elapsed": 41.443498, "delta": 3.369698}}
{"target": 0.003144371177936036, "params": {"0": -0.7931980226462336, "1": -2.2062357817355633, "2": 2.893590770704095, "3": -2.4666837128963044, "4": 1.7074056158877546, "5": 2.8175211260446247, "6": 0.8521822612011354, "7": 1.153308872293378}, "datetime": {"datetime": "2021-06-29 20:15:51", "elapsed": 44.110556, "delta": 2.667058}}
{"target": 0.003792272961925363, "params": {"0": 0.8029012352225662, "1": -0.04723990329048089, "2": -2.491866384213232, "3": -1.0182950624282183, "4": -0.5304504494471596, "5": 1.544832637267028, "6": 0.3963814332056179, "7": 0.09838020812648818}, "datetime": {"datetime": "2021-06-29 20:15:54", "elapsed": 46.379598, "delta": 2.269042}}
{"target": 0.003662284799343227, "params": {"0": -2.3276024136880116, "1": 2.5199354556846476, "2": 2.332723871739409, "3": 0.25201307259770855, "4": -1.699611276413521, "5": -2.286219670796931, "6": 1.3728035560646967, "7": -0.0060821100062429245}, "datetime": {"datetime": "2021-06-29 20:15:56", "elapsed": 48.343492, "delta": 1.963894}}
{"target": 0.0029313284642675757, "params": {"0": 2.674463624604698, "1": 2.923635232519336, "2": 0.7535788639666547, "3": -1.5762547819993844, "4": 2.1858377689809148, "5": 0.6930769254110007, "6": 1.0301931395946227, "7": -2.634132819032457}, "datetime": {"datetime": "2021-06-29 20:15:57", "elapsed": 50.109493, "delta": 1.766001}}
{"target": 0.003235660313507825, "params": {"0": 0.38870339806007603, "1": 1.8519048977060368, "2": 2.8425813500862063, "3": -2.4602357210095036, "4": -0.17028527422075124, "5": -1.1573937178013771, "6": -2.333005606528056, "7": 1.4879575382250145}, "datetime": {"datetime": "2021-06-29 20:15:59", "elapsed": 51.570247, "delta": 1.460754}}
{"target": 0.0029580945754524007, "params": {"0": 1.8827401159152943, "1": 2.4723734082059616, "2": 1.0148990680406724, "3": 0.738309045148088, "4": -0.1665957568538019, "5": 1.8671432801333356, "6": 0.2696364995327185, "7": 2.425906591823521}, "datetime": {"datetime": "2021-06-29 20:16:01", "elapsed": 54.223708, "delta": 2.653461}}
{"target": 0.003195992055840207, "params": {"0": 0.7813739531814017, "1": 2.844103922853794, "2": 0.2722651173437294, "3": -1.4521450600736883, "4": 2.083454512780741, "5": -2.216057095754415, "6": 0.6758426168833997, "7": 1.0742906180693632}, "datetime": {"datetime": "2021-06-29 20:16:03", "elapsed": 55.856278, "delta": 1.63257}}
{"target": 0.0030548256607336463, "params": {"0": 1.6101387062108588, "1": -1.813307634017106, "2": 1.5709555376166424, "3": 2.8238740598502057, "4": 0.16174491520886303, "5": -0.6582748904167315, "6": -1.7282223799730623, "7": 1.067753765896751}, "datetime": {"datetime": "2021-06-29 20:16:05", "elapsed": 57.735638, "delta": 1.87936}}
{"target": 0.003199673050767831, "params": {"0": 2.4957611418075647, "1": -1.2172617654695248, "2": 1.7554675560334063, "3": 1.0329869514599483, "4": -1.2424891954654034, "5": -2.7493718028240943, "6": 0.83202474914353, "7": -1.563764617654181}, "datetime": {"datetime": "2021-06-29 20:16:09", "elapsed": 61.380332, "delta": 3.644694}}
{"target": 0.005207679306829671, "params": {"0": -1.1377278392983592, "1": 2.5330600410208, "2": 1.5103699046618138, "3": -0.25979635335052764, "4": 1.8443665967918808, "5": 0.355347483993774, "6": -0.5730322711918028, "7": 1.2273224710937374}, "datetime": {"datetime": "2021-06-29 20:16:11", "elapsed": 64.125424, "delta": 2.745092}}
{"target": 0.0031615291467063204, "params": {"0": -1.058507743737787, "1": 2.186826410847466, "2": 2.3045611473599106, "3": -0.280198775404243, "4": -1.7982784232851183, "5": -2.366495687469467, "6": 1.0676608531009695, "7": 0.9847800373767255}, "datetime": {"datetime": "2021-06-29 20:16:13", "elapsed": 66.122349, "delta": 1.996925}}
{"target": 0.012995508099193882, "params": {"0": -0.6617884610683569, "1": 1.2486072254082323, "2": -0.632026726772775, "3": 0.4931683340504147, "4": -2.195910241416036, "5": 1.9436511889771184, "6": -2.75028535336146, "7": 0.8803994940972544}, "datetime": {"datetime": "2021-06-29 20:16:15", "elapsed": 67.563595, "delta": 1.441246}}
{"target": 0.0033155885304141596, "params": {"0": -0.7551211220679477, "1": 0.2911737395532481, "2": -0.34025311406733083, "3": 0.23595905807157536, "4": -1.9038952190724363, "5": 2.500438933927037, "6": -2.830301971840786, "7": 0.5980111111060653}, "datetime": {"datetime": "2021-06-29 20:16:17", "elapsed": 69.902629, "delta": 2.339034}}
{"target": 0.02214085089953495, "params": {"0": 0.08154284372801612, "1": -2.9815380076226035, "2": 1.5360967382642663, "3": -1.5591863335051643, "4": -0.6024815998290287, "5": 1.2720990207388416, "6": -2.2554960352470754, "7": 0.9527949515297927}, "datetime": {"datetime": "2021-06-29 20:16:18", "elapsed": 71.1585, "delta": 1.255871}}
{"target": 0.0029838176516392223, "params": {"0": 0.16538425519953126, "1": 2.7177226683892783, "2": 0.2966356938617718, "3": -1.7820085139882134, "4": 2.538028847164142, "5": -1.4980822158850422, "6": 1.7049943491675403, "7": 0.15500461141393496}, "datetime": {"datetime": "2021-06-29 20:16:20", "elapsed": 73.035184, "delta": 1.876684}}
{"target": 0.00329139696857386, "params": {"0": 0.22205705102370832, "1": 2.8145332357879695, "2": 1.6605678593940993, "3": -0.00918266717117966, "4": -2.4896686879624497, "5": 2.9178350696510993, "6": -2.211333976407976, "7": -1.2648236309710652}, "datetime": {"datetime": "2021-06-29 20:16:22", "elapsed": 74.989019, "delta": 1.953835}}
