{"target": 0.0031211377678613235, "params": {"0": -1.1665665791476845, "1": 2.2635393067220964, "2": -2.077686040809054, "3": -0.6937776549170884, "4": -2.468578915975652, "5": 2.633408102331874, "6": 2.9543574341492116, "7": 0.2039428638326628}, "datetime": {"datetime": "2021-06-30 00:02:10", "elapsed": 13623.394794, "delta": 30.107281}}
{"target": 0.003745386442770768, "params": {"0": 0.9595148012883992, "1": -0.9848084426536161, "2": 1.6109299163126263, "3": -2.1035554069902873, "4": -1.3436460996525799, "5": 2.2303840564978046, "6": -2.30914331143825, "7": 2.93143084187437}, "datetime": {"datetime": "2021-06-30 00:02:37", "elapsed": 13650.347079, "delta": 26.952285}}
{"target": 0.0030899015556068643, "params": {"0": -0.12658300285583257, "1": 2.174781294643525, "2": 2.139267744903986, "3": -1.5443562934055188, "4": 1.4759917753017886, "5": 2.4615795235784628, "6": 1.8020939338787656, "7": 0.19792730781164636}, "datetime": {"datetime": "2021-06-30 00:03:03", "elapsed": 13676.893718, "delta": 26.546639}}
{"target": 0.011229586620819075, "params": {"0": -1.2768760760300542, "1": 2.7872421620722774, "2": 2.3276408794383894, "3": 1.5913158518070603, "4": 1.4229562278357486, "5": -2.48870816633465, "6": 0.7384206807587601, "7": 2.835356210316366}, "datetime": {"datetime": "2021-06-30 00:03:32", "elapsed": 13705.035041, "delta": 28.141323}}
{"target": 0.004147315749793697, "params": {"0": 0.686179460477423, "1": 1.8558301073484689, "2": -1.4839033151321679, "3": 2.3259588718409656, "4": -0.06962211202355473, "5": -2.2670031445826675, "6": -0.06748319172027095, "7": 1.0753359525294153}, "datetime": {"datetime": "2021-06-30 00:04:20", "elapsed": 13753.362038, "delta": 48.326997}}
{"target": 0.004695790135338958, "params": {"0": 1.8225293232429625, "1": 2.1113821961029338, "2": -2.9888042444035086, "3": -0.44812599352107485, "4": 0.7015638888514815, "5": 1.2930843898930515, "6": -1.4739187547492871, "7": -0.65495844273994}, "datetime": {"datetime": "2021-06-30 00:05:00", "elapsed": 13793.051378, "delta": 39.68934}}
{"target": 0.005600226172020232, "params": {"0": 2.6834946559719413, "1": 0.8511295262945531, "2": 2.6084567898110294, "3": -2.820799014822538, "4": 0.7192583208372576, "5": -1.3472321724947764, "6": -1.0071331397193084, "7": -1.482430679672499}, "datetime": {"datetime": "2021-06-30 00:05:31", "elapsed": 13824.564924, "delta": 31.513546}}
{"target": 0.009658009565392173, "params": {"0": -1.252193722487295, "1": -0.4233545361146116, "2": 0.03931333655056868, "3": -2.8007818552859742, "4": -1.8872200406841761, "5": 2.869259453035422, "6": -0.16051629631472508, "7": 1.3991182234672603}, "datetime": {"datetime": "2021-06-30 00:06:41", "elapsed": 13894.746035, "delta": 70.181111}}
{"target": 0.003068022459172528, "params": {"0": 2.2601244024884366, "1": -1.1290885989439616, "2": -2.2783313571776365, "3": 2.2464575754161764, "4": 0.6599841158020343, "5": -0.8663628689167484, "6": 2.0597370257755916, "7": 2.6547284083406204}, "datetime": {"datetime": "2021-06-30 00:07:10", "elapsed": 13922.954941, "delta": 28.208906}}
{"target": 0.0033085687559784743, "params": {"0": -1.16031535007647, "1": -2.9958496779003205, "2": 1.9207526689063243, "3": 0.45509994779832086, "4": -2.621821448284819, "5": 2.7163252717031128, "6": 0.33991776340160085, "7": 2.9558514815792387}, "datetime": {"datetime": "2021-06-30 00:07:43", "elapsed": 13956.836836, "delta": 33.881895}}
{"target": 0.003544382909828456, "params": {"0": 0.7917732778521369, "1": -1.4855274535587286, "2": 0.509893980760098, "3": -1.705938130892361, "4": -0.008990189745640365, "5": 2.09472105510011, "6": 1.5101237679252284, "7": -1.7271179151005294}, "datetime": {"datetime": "2021-06-30 00:08:13", "elapsed": 13986.244276, "delta": 29.40744}}
{"target": 0.0031231316534234784, "params": {"0": -1.9400128430910935, "1": 2.3230792653993078, "2": 1.9305909391321148, "3": -2.899162392241433, "4": 1.2595312256295914, "5": -1.0056390869305, "6": -0.14160076117187792, "7": 0.0642845276122328}, "datetime": {"datetime": "2021-06-30 00:08:45", "elapsed": 14018.188938, "delta": 31.944662}}
{"target": 0.003399223142755952, "params": {"0": 0.6171743333296424, "1": 2.552083216792848, "2": -1.0041229001145067, "3": -2.299694996400494, "4": 0.8329184313672711, "5": -2.284570568473571, "6": 1.5538157031912316, "7": -2.1051731347289016}, "datetime": {"datetime": "2021-06-30 00:09:13", "elapsed": 14046.16362, "delta": 27.974682}}
{"target": 0.004355222686634114, "params": {"0": -0.6168657306193222, "1": 0.33994042933837676, "2": -0.12145391140726769, "3": -2.2167948231693746, "4": 1.4831168282640563, "5": 2.5204180594353005, "6": -2.753127328460515, "7": -1.4975448786435424}, "datetime": {"datetime": "2021-06-30 00:09:41", "elapsed": 14074.865927, "delta": 28.702307}}
{"target": 0.003074559273660011, "params": {"0": -2.8584785614514274, "1": 1.8251839824592837, "2": 1.004843273255224, "3": -0.9611761538656793, "4": 0.25799129805165233, "5": 2.415901981353981, "6": 0.42108936363887217, "7": -2.325750746015119}, "datetime": {"datetime": "2021-06-30 00:10:03", "elapsed": 14096.365484, "delta": 21.499557}}
{"target": 0.002860501571916179, "params": {"0": 0.5947659815694397, "1": 2.455372935891633, "2": -1.286326656086062, "3": -2.6162959640806625, "4": 2.9418717452684753, "5": 0.36287337988497814, "6": 2.2843047841039335, "7": -0.6037992930916682}, "datetime": {"datetime": "2021-06-30 00:11:34", "elapsed": 14187.635273, "delta": 91.269789}}
{"target": 0.0030213898118540655, "params": {"0": -1.998217529172947, "1": 0.7068998488788139, "2": 0.9639680247028104, "3": 1.6729752414936376, "4": 1.8918673083305357, "5": -0.7270303788550789, "6": -0.46459431039229404, "7": -1.7505720756955736}, "datetime": {"datetime": "2021-06-30 00:12:06", "elapsed": 14219.873469, "delta": 32.238196}}
{"target": 0.0032899198116276, "params": {"0": -1.8404715890058105, "1": -2.1802954620164887, "2": 1.5498897305797392, "3": -2.539957381766601, "4": -0.42632165197291894, "5": -1.6493921369513267, "6": 0.6353188022687486, "7": -2.8228232536589073}, "datetime": {"datetime": "2021-06-30 00:12:40", "elapsed": 14253.033435, "delta": 33.159966}}
{"target": 0.003150524134505043, "params": {"0": -0.7173812912258946, "1": -1.3094843937227831, "2": 2.454866472345917, "3": -1.641379704125636, "4": -0.3599230491410488, "5": 2.145718715490209, "6": -2.536261355421529, "7": -2.9129162170541854}, "datetime": {"datetime": "2021-06-30 00:13:09", "elapsed": 14282.312198, "delta": 29.278763}}
{"target": 0.0035205397272739113, "params": {"0": 0.8942823791369001, "1": -0.5301973673329083, "2": 2.0802193322593006, "3": -1.6702458621751388, "4": -0.10245934526029599, "5": -0.08887392577614772, "6": -1.2011316885349204, "7": 0.703168990509206}, "datetime": {"datetime": "2021-06-30 00:13:50", "elapsed": 14323.707488, "delta": 41.39529}}
{"target": 0.00342031250168966, "params": {"0": -0.4879120471137819, "1": -1.4996792027553683, "2": 0.5179103703114762, "3": 0.9794008869379098, "4": -2.779459218514836, "5": -1.6170315872874408, "6": 1.6891435359487685, "7": 1.9460030201835696}, "datetime": {"datetime": "2021-06-30 00:14:25", "elapsed": 14358.637893, "delta": 34.930405}}
{"target": 0.0032535604663566833, "params": {"0": 0.9813111542084427, "1": -0.0947810211975737, "2": -2.976517325259965, "3": -1.5370708211368762, "4": -0.31679440188871677, "5": -0.46560503921861107, "6": 1.2310662538236938, "7": 1.1583907258909818}, "datetime": {"datetime": "2021-06-30 00:15:06", "elapsed": 14399.766878, "delta": 41.128985}}
{"target": 0.007160488956876851, "params": {"0": 0.770304475146701, "1": -1.0686919687091865, "2": 0.3308504390882874, "3": 1.6449660379440445, "4": 2.8431576142529362, "5": 0.09290611068052446, "6": 0.3496252496596357, "7": -0.9668865150667041}, "datetime": {"datetime": "2021-06-30 00:15:44", "elapsed": 14437.302592, "delta": 37.535714}}
{"target": 0.002821698930405372, "params": {"0": 2.4205872818934093, "1": -1.7542602450503397, "2": -0.19915042823702223, "3": 2.697337718227182, "4": 2.4183645206117266, "5": 0.9469591663387815, "6": -1.0382177569225366, "7": -2.065129662551503}, "datetime": {"datetime": "2021-06-30 00:16:07", "elapsed": 14460.610332, "delta": 23.30774}}
{"target": 0.02403582225701481, "params": {"0": 1.164217910098734, "1": -0.3363943995659784, "2": 1.1424354077867234, "3": -0.8876227544578481, "4": 2.135243327094657, "5": -0.48767507134293764, "6": 2.502821227803249, "7": -0.9132185535153345}, "datetime": {"datetime": "2021-06-30 00:16:44", "elapsed": 14497.101592, "delta": 36.49126}}
{"target": 0.20671017004418374, "params": {"0": 2.1581452461099024, "1": 1.6163311799923177, "2": 2.641778897580423, "3": -2.368177501610377, "4": -0.8229794148298186, "5": -2.3580361095309015, "6": -0.6324826875594214, "7": 1.0199672094775956}, "datetime": {"datetime": "2021-06-30 00:17:04", "elapsed": 14517.429979, "delta": 20.328387}}
{"target": 0.0028997556309436796, "params": {"0": 1.501834524246406, "1": -2.357750142136231, "2": 2.2307276399726543, "3": 0.5381018182550505, "4": 2.980567168334078, "5": 0.8154336219193081, "6": -1.843504587659703, "7": 2.8858528719071606}, "datetime": {"datetime": "2021-06-30 00:17:29", "elapsed": 14542.036133, "delta": 24.606154}}
{"target": 0.0031399985734572016, "params": {"0": -1.584390492041016, "1": 0.0701282634995053, "2": -2.8540833723291406, "3": -2.604418272178029, "4": 1.487293754420631, "5": 2.1311750376114835, "6": -0.024017740869737736, "7": 0.8769121191420188}, "datetime": {"datetime": "2021-06-30 00:17:53", "elapsed": 14566.22149, "delta": 24.185357}}
{"target": 0.0032329712804037855, "params": {"0": 1.7950159184397414, "1": -2.7120739436318533, "2": -2.0438564076626227, "3": 2.63360983882262, "4": 0.2024342398780954, "5": 1.0498042748194463, "6": -1.5206648671509357, "7": 1.5658957981425203}, "datetime": {"datetime": "2021-06-30 00:18:31", "elapsed": 14604.546526, "delta": 38.325036}}
{"target": 0.003087489808697194, "params": {"0": -0.28241636604501696, "1": -1.4453867390269877, "2": -1.4618996886764213, "3": -1.5611407326152573, "4": 1.4410259184995091, "5": 0.5361309680512876, "6": 2.6348122385808868, "7": -2.490222872800069}, "datetime": {"datetime": "2021-06-30 00:18:47", "elapsed": 14620.543055, "delta": 15.996529}}
{"target": 0.012425292701227136, "params": {"0": -1.2558924651688752, "1": 1.2646918076656224, "2": -1.7422071128758776, "3": 1.300022508286287, "4": -2.318253361754884, "5": -0.3686823941148454, "6": 0.3596607505862006, "7": -2.9683198514292943}, "datetime": {"datetime": "2021-06-30 00:19:20", "elapsed": 14653.051706, "delta": 32.508651}}
{"target": 0.0037652619336900517, "params": {"0": -2.486933731794624, "1": -2.7386723987432533, "2": 2.0956586644336994, "3": 0.7393559162267254, "4": -2.8940044458362695, "5": -2.6528093052613935, "6": -0.14229171909013694, "7": 1.6454407114358665}, "datetime": {"datetime": "2021-06-30 00:19:57", "elapsed": 14690.569679, "delta": 37.517973}}
{"target": 0.0035305523827426624, "params": {"0": 1.9796838405669064, "1": 2.9283993480050334, "2": -0.6981354873031744, "3": 1.7569426619620465, "4": 1.5179768871842096, "5": -1.3438001741220953, "6": -2.2944861295556866, "7": 0.05500205967596239}, "datetime": {"datetime": "2021-06-30 00:20:20", "elapsed": 14713.575733, "delta": 23.006054}}
{"target": 0.003457748586166137, "params": {"0": -0.5105402226301035, "1": -1.4345646261260092, "2": 1.2361464463437208, "3": 1.363097285206976, "4": -1.334321149207858, "5": 0.8464077795329175, "6": 0.4227525139384296, "7": 2.2023398359761526}, "datetime": {"datetime": "2021-06-30 00:20:49", "elapsed": 14742.015722, "delta": 28.439989}}
{"target": 0.0030015548321678984, "params": {"0": 1.396900825847875, "1": 0.4385289338535321, "2": 0.535936252131409, "3": 1.3360073105921648, "4": 0.9944134866114931, "5": -0.11482410112110131, "6": -2.425270200316686, "7": -1.1634873676156905}, "datetime": {"datetime": "2021-06-30 00:21:10", "elapsed": 14763.764772, "delta": 21.74905}}
{"target": 0.0030226127184117177, "params": {"0": 1.8618680825914424, "1": 2.3533466729857144, "2": 0.6366964465892608, "3": -2.8635833750567223, "4": 0.1766722843311621, "5": 0.13955585038006912, "6": -0.8827234342958477, "7": -0.31455161347893057}, "datetime": {"datetime": "2021-06-30 00:21:37", "elapsed": 14790.194714, "delta": 26.429942}}
{"target": 0.0038314151712738366, "params": {"0": 2.8098662691967, "1": -2.356267640992446, "2": 0.32264706935322485, "3": -0.23437462711581913, "4": -0.4450353587923548, "5": 0.4391195707695008, "6": -2.1423482977742987, "7": -0.14181313847232957}, "datetime": {"datetime": "2021-06-30 00:22:00", "elapsed": 14813.028633, "delta": 22.833919}}
{"target": 0.003904342668449771, "params": {"0": 2.661076265871153, "1": -0.07192865940868698, "2": -1.820355227660421, "3": -2.411239828378909, "4": 0.35650500715832933, "5": -2.8819408390981964, "6": 0.8576311280279052, "7": 2.2309528745778593}, "datetime": {"datetime": "2021-06-30 00:22:38", "elapsed": 14851.351275, "delta": 38.322642}}
{"target": 0.0031921592094675106, "params": {"0": 2.867827629899761, "1": -2.827330837750084, "2": -1.3930757282676525, "3": -2.2192586735201356, "4": -2.654937387297882, "5": 0.8869319655367631, "6": 0.6980917645843965, "7": 0.69930001302113}, "datetime": {"datetime": "2021-06-30 00:23:05", "elapsed": 14878.48699, "delta": 27.135715}}
{"target": 0.0034254056242301245, "params": {"0": -0.7336466851619177, "1": 0.9011794229343435, "2": 2.6617041859859336, "3": -2.510918941479388, "4": -1.348931690889288, "5": -1.2491140581329014, "6": -0.22156143005704187, "7": 2.9393640682097883}, "datetime": {"datetime": "2021-06-30 00:23:26", "elapsed": 14899.132185, "delta": 20.645195}}
{"target": 0.0036293024923164828, "params": {"0": 1.217409871334688, "1": -2.920642187772269, "2": 2.0326805917914044, "3": 1.977102759974679, "4": 1.758903754561464, "5": 2.344375263152866, "6": -2.994901323013533, "7": -1.5515695668452587}, "datetime": {"datetime": "2021-06-30 00:23:56", "elapsed": 14929.576931, "delta": 30.444746}}
{"target": 0.0032670689353384887, "params": {"0": -0.3139419154628511, "1": -1.1135589783836755, "2": 1.595837365965533, "3": 2.249435738902055, "4": -2.2404948712581625, "5": 1.9825402544871205, "6": 1.9640459360135925, "7": -0.13306254166400633}, "datetime": {"datetime": "2021-06-30 00:24:17", "elapsed": 14950.346414, "delta": 20.769483}}
{"target": 0.005193282476618769, "params": {"0": -2.399358171621407, "1": 2.6076540922108, "2": 0.08327430582344242, "3": 1.9958462213072936, "4": -2.506290339644953, "5": -1.3379148744084515, "6": -0.7815670245852071, "7": 1.2370307076100877}, "datetime": {"datetime": "2021-06-30 00:24:44", "elapsed": 14977.112551, "delta": 26.766137}}
{"target": 0.0030717678456154, "params": {"0": 2.6782044666954015, "1": 1.0582811731859811, "2": -1.0658594072429595, "3": -0.7037956338608549, "4": -0.576226581448303, "5": 1.978054770201454, "6": 0.6380222265386637, "7": -1.9986016444295982}, "datetime": {"datetime": "2021-06-30 00:25:21", "elapsed": 15014.048367, "delta": 36.935816}}
{"target": 0.002962035804710989, "params": {"0": -0.12240245653704651, "1": 1.3888896261079413, "2": -2.611334461789235, "3": 1.9265531818381074, "4": 0.3193643192635647, "5": -1.09829149415577, "6": 2.2110107154753713, "7": -1.2468775857433638}, "datetime": {"datetime": "2021-06-30 00:25:59", "elapsed": 15052.574627, "delta": 38.52626}}
{"target": 0.00292012558133147, "params": {"0": 0.39434988190721265, "1": 0.5518344023924762, "2": -2.7170056309220776, "3": -0.1925154314843711, "4": 2.170657648056996, "5": 2.717051886834337, "6": 1.0628577264376533, "7": -0.2820590813583532}, "datetime": {"datetime": "2021-06-30 00:26:21", "elapsed": 15074.055012, "delta": 21.480385}}
{"target": 0.00290438798248422, "params": {"0": 2.3391284311380804, "1": -0.3421695038675163, "2": 2.1136268004925958, "3": -1.1091332884267022, "4": 2.257852881528186, "5": 1.06057641598116, "6": 1.5730021729436903, "7": 1.7624465328600865}, "datetime": {"datetime": "2021-06-30 00:26:42", "elapsed": 15095.695906, "delta": 21.640894}}
{"target": 0.005721081446170872, "params": {"0": 2.0577080468722535, "1": -0.8949634234276242, "2": 1.810748366033982, "3": 2.7406724193151293, "4": 0.881339550626846, "5": 1.9474442814541968, "6": 0.6297392918403562, "7": -1.2486551547755438}, "datetime": {"datetime": "2021-06-30 00:27:10", "elapsed": 15123.465547, "delta": 27.769641}}
{"target": 0.004138469661478042, "params": {"0": 1.787103429438024, "1": 0.5179618558984886, "2": 0.44593517855262776, "3": 0.5603757683411823, "4": -0.5183943901045907, "5": 1.5040885125531798, "6": 1.2466355806913851, "7": -1.1532037543656493}, "datetime": {"datetime": "2021-06-30 00:27:36", "elapsed": 15149.827759, "delta": 26.362212}}
{"target": 0.003693950503375872, "params": {"0": 2.905934992784026, "1": -1.7436375125186279, "2": -2.8407249822822154, "3": -0.1598547842279725, "4": -2.7972282429790245, "5": 2.174711299381582, "6": 1.566106439684459, "7": -2.0873192419726285}, "datetime": {"datetime": "2021-06-30 00:28:02", "elapsed": 15175.869587, "delta": 26.041828}}
{"target": 0.00347141313161526, "params": {"0": -0.4075224829616242, "1": 0.7856531270982785, "2": -1.3251047695705231, "3": -0.16880291838798334, "4": -0.7499639343578273, "5": -2.4053482737448224, "6": -0.9167825553304341, "7": 2.315273951995609}, "datetime": {"datetime": "2021-06-30 00:28:22", "elapsed": 15195.1819, "delta": 19.312313}}
{"target": 0.0034457215727970317, "params": {"0": 2.044665584552928, "1": 1.2345951680856588, "2": -1.4404477445683062, "3": -1.572538105446656, "4": -2.1977541719788567, "5": -0.23379377601634932, "6": -1.951608820409112, "7": -2.167307945655038}, "datetime": {"datetime": "2021-06-30 00:28:40", "elapsed": 15213.139844, "delta": 17.957944}}
{"target": 0.003191654722408138, "params": {"0": -0.3339933751994968, "1": -2.757797808457328, "2": 1.1524527663836306, "3": -2.6202538992176905, "4": -1.528058082565261, "5": 1.2786846263268545, "6": -1.5516075509439877, "7": -0.15617246145016228}, "datetime": {"datetime": "2021-06-30 00:28:58", "elapsed": 15231.808792, "delta": 18.668948}}
{"target": 0.00295000111846895, "params": {"0": -0.7538447531637624, "1": -1.4886176426484055, "2": 2.9084213551961238, "3": -2.0409395644368287, "4": -1.4475876525576319, "5": 2.3080556059208703, "6": -0.4242101878362319, "7": -2.8663571032326276}, "datetime": {"datetime": "2021-06-30 00:29:19", "elapsed": 15252.449762, "delta": 20.64097}}
{"target": 0.0033824244375607994, "params": {"0": -2.6027194417069768, "1": 1.8508787441157715, "2": 0.7278924487016885, "3": 2.4702935114065605, "4": -0.40044690368189606, "5": -2.8254442694557236, "6": -2.926150474186531, "7": -1.3432680298405009}, "datetime": {"datetime": "2021-06-30 00:29:47", "elapsed": 15280.878222, "delta": 28.42846}}
{"target": 0.009915431415653037, "params": {"0": -2.5093505466049706, "1": 0.659598606919352, "2": 0.9338378036862625, "3": -2.6909710987213624, "4": 1.0168177555854756, "5": -1.3537215319789446, "6": 0.004196127355848844, "7": -2.607664069836217}, "datetime": {"datetime": "2021-06-30 00:30:34", "elapsed": 15327.036943, "delta": 46.158721}}
{"target": 0.0031409331653555785, "params": {"0": 2.268598021412293, "1": -2.375901508684988, "2": 0.3260873673588849, "3": 0.6312920444034469, "4": 0.8805983366887089, "5": -1.1688169035491855, "6": 0.9324658370912262, "7": 2.5202151029731885}, "datetime": {"datetime": "2021-06-30 00:30:59", "elapsed": 15352.047337, "delta": 25.010394}}
{"target": 0.007181246180574882, "params": {"0": -0.07174752151272212, "1": 1.97067198938164, "2": 2.5519985401767586, "3": 0.06757993915610383, "4": -0.2929861717060209, "5": 0.6861135085582557, "6": -2.742705852700518, "7": -1.0137905319237859}, "datetime": {"datetime": "2021-06-30 00:31:23", "elapsed": 15376.884821, "delta": 24.837484}}
{"target": 0.00850807823617488, "params": {"0": -0.7607487070605123, "1": 1.5263878523956986, "2": -2.270338468238103, "3": -2.9823388666489317, "4": -1.6569841528096474, "5": 0.6785263392597773, "6": -2.8636916051668204, "7": 1.1636712877533526}, "datetime": {"datetime": "2021-06-30 00:31:57", "elapsed": 15410.324509, "delta": 33.439688}}
{"target": 0.002943630243494973, "params": {"0": -2.5639850743092047, "1": -1.5123327183242639, "2": 2.1933867596066863, "3": -2.4450137162223218, "4": 0.8955352913509174, "5": 2.5830222304975337, "6": 0.8361365717149258, "7": -2.704804981282259}, "datetime": {"datetime": "2021-06-30 00:32:30", "elapsed": 15443.943264, "delta": 33.618755}}
{"target": 0.0033697690134338125, "params": {"0": -2.754022988326999, "1": -2.7925849538192162, "2": -1.493788683067768, "3": -1.0226846541860344, "4": 2.354535920263115, "5": -2.884794290851937, "6": -1.8735147765225384, "7": 1.5894431571492493}, "datetime": {"datetime": "2021-06-30 00:32:57", "elapsed": 15470.76601, "delta": 26.822746}}
{"target": 0.028557736554328254, "params": {"0": -0.17599261899216367, "1": -1.6905647793482532, "2": 2.02227418049569, "3": -2.267746207733751, "4": 1.3460512708551828, "5": -1.2635409451434958, "6": -2.553884523285524, "7": 1.954940512270496}, "datetime": {"datetime": "2021-06-30 00:33:21", "elapsed": 15493.974958, "delta": 23.208948}}
{"target": 0.00315475253434538, "params": {"0": -0.25714098399104746, "1": -2.921708083923943, "2": -2.132531672506627, "3": 1.8706826479922114, "4": -2.1136968313927946, "5": 2.2402955642862974, "6": -2.230389860560069, "7": 1.8935179930655544}, "datetime": {"datetime": "2021-06-30 00:33:57", "elapsed": 15530.71671, "delta": 36.741752}}
{"target": 0.0051317140387716845, "params": {"0": -1.364053362604241, "1": 0.9115184053252534, "2": -1.5556603545854006, "3": 0.19324216703785346, "4": 1.5300651759691384, "5": 2.6043731485834405, "6": 1.0949909255228825, "7": -1.4200592934677485}, "datetime": {"datetime": "2021-06-30 00:34:53", "elapsed": 15586.307107, "delta": 55.590397}}
