{"target": 0.0030013180409475945, "params": {"0": -1.6419859192322113, "1": 0.19973262337239728, "2": 2.2419326387750047, "3": -1.7261566937922699, "4": 0.6888959112171644, "5": -0.8498934700849032, "6": 2.186597788722203, "7": -2.380482525606224}, "datetime": {"datetime": "2021-06-29 22:13:38", "elapsed": 7199.026177, "delta": 16.986606}}
{"target": 0.0030624436633319577, "params": {"0": -1.0886181544618692, "1": 2.9185010161250977, "2": -2.3115496304626557, "3": 0.6461216427135099, "4": 1.2294173993434185, "5": 0.9341626984705229, "6": 0.30023697878608013, "7": 2.1585739395649046}, "datetime": {"datetime": "2021-06-29 22:13:53", "elapsed": 7214.602734, "delta": 15.576557}}
{"target": 0.0035130579181838818, "params": {"0": -0.02660058524277975, "1": -2.1893747889380593, "2": 1.7262814879675066, "3": 1.1957958440159837, "4": -2.3050618717180003, "5": 0.46209636999213277, "6": -2.5166852618574227, "7": -0.28250547662472725}, "datetime": {"datetime": "2021-06-29 22:14:13", "elapsed": 7234.422224, "delta": 19.81949}}
{"target": 0.007098243994705004, "params": {"0": -2.0310106296609476, "1": -2.7335430920819714, "2": -1.411872739964243, "3": 2.0423190706890777, "4": 1.2567764588202293, "5": 0.31921348676316175, "6": 1.4190438535842027, "7": -0.48403549885321295}, "datetime": {"datetime": "2021-06-29 22:14:39", "elapsed": 7259.857421, "delta": 25.435197}}
{"target": 0.3894164393525773, "params": {"0": 1.3432355768846431, "1": -0.7838865809431717, "2": 2.9325379142001777, "3": -1.9912632117548557, "4": -2.63857112014124, "5": -2.1163276854341646, "6": 0.4964282702039533, "7": -2.2106613081472144}, "datetime": {"datetime": "2021-06-29 22:14:58", "elapsed": 7279.35595, "delta": 19.498529}}
{"target": 0.002915170679617627, "params": {"0": 1.5169815567265301, "1": 1.9141701868965102, "2": -2.0301538214675143, "3": -0.9309323797367086, "4": 1.683573677294091, "5": 0.11548600856985303, "6": 2.509671846373383, "7": -1.4314044934584182}, "datetime": {"datetime": "2021-06-29 22:15:15", "elapsed": 7296.153319, "delta": 16.797369}}
{"target": 0.003075545131334002, "params": {"0": 0.778164638345042, "1": -0.049837298653112594, "2": 2.591367227324727, "3": -2.5439526986893197, "4": -1.6702702195435577, "5": -2.4349616232002553, "6": -0.46319837128376573, "7": -2.0712185960901692}, "datetime": {"datetime": "2021-06-29 22:15:33", "elapsed": 7313.789914, "delta": 17.636595}}
{"target": 0.0030696845160389933, "params": {"0": 1.8465819560338659, "1": -2.568941337506982, "2": 2.230576780977561, "3": 0.5903905774367, "4": 0.7106988690611313, "5": -0.9887614688846207, "6": 1.5563760148322654, "7": -1.8564435865110445}, "datetime": {"datetime": "2021-06-29 22:15:49", "elapsed": 7330.286322, "delta": 16.496408}}
{"target": 0.007629722375331249, "params": {"0": 0.9904865220951882, "1": -1.2095953175916163, "2": -1.9670391252399078, "3": -0.7549183631074063, "4": -1.3922690665177655, "5": -0.3853581789398479, "6": 2.07495538003959, "7": -2.024043174937127}, "datetime": {"datetime": "2021-06-29 22:16:04", "elapsed": 7345.702904, "delta": 15.416582}}
{"target": 0.0032556382199808226, "params": {"0": -2.233555231451443, "1": -1.4910725454149116, "2": 0.5977523621007741, "3": 2.915418907305064, "4": 0.22730365375958517, "5": -2.584071781069156, "6": 2.009758679442731, "7": -2.2131132743170765}, "datetime": {"datetime": "2021-06-29 22:16:24", "elapsed": 7364.800465, "delta": 19.097561}}
{"target": 0.006771324812812302, "params": {"0": -0.4331961310951211, "1": 1.6125760102726145, "2": 2.3379874268400087, "3": 0.09509623668631884, "4": -1.6554222310166171, "5": -1.4394040250872595, "6": 0.46885700789378193, "7": 1.5819232845764244}, "datetime": {"datetime": "2021-06-29 22:16:42", "elapsed": 7383.54671, "delta": 18.746245}}
{"target": 0.0034718687081261054, "params": {"0": -1.1028018822876855, "1": 0.2230531868663581, "2": 2.1013333191240484, "3": 2.8264832212357005, "4": -0.491846314847999, "5": 1.0003082104527632, "6": -1.051033391295732, "7": -0.8359660162630798}, "datetime": {"datetime": "2021-06-29 22:16:59", "elapsed": 7400.150307, "delta": 16.603597}}
{"target": 0.0031654311939269403, "params": {"0": 0.33932353103237833, "1": -0.8221595883918313, "2": -1.4547108422845412, "3": -2.8321458957570185, "4": 0.38607866246502365, "5": 0.22732743461606786, "6": -1.8855282856331945, "7": 1.525043559779716}, "datetime": {"datetime": "2021-06-29 22:17:16", "elapsed": 7417.14639, "delta": 16.996083}}
{"target": 0.007668308083413799, "params": {"0": -1.787300319809322, "1": -0.5960030368063212, "2": -1.4036781858394507, "3": 2.86947440016713, "4": 2.654753021243182, "5": -2.883045240146677, "6": 2.999163846885864, "7": 2.8315428213077274}, "datetime": {"datetime": "2021-06-29 22:17:43", "elapsed": 7444.592622, "delta": 27.446232}}
{"target": 0.0031656889912529173, "params": {"0": -1.3452614321858294, "1": -0.13504927161638935, "2": -1.5219503505367802, "3": -0.7377578804594354, "4": 1.9116990210044182, "5": -2.065579093391685, "6": 0.08165167007185081, "7": 2.692459696109383}, "datetime": {"datetime": "2021-06-29 22:17:59", "elapsed": 7460.140452, "delta": 15.54783}}
{"target": 0.07071465785446265, "params": {"0": -1.3785246122510453, "1": -2.2345305927038606, "2": -2.364079919378776, "3": -2.457327254827174, "4": 1.2042214963946218, "5": -0.37979837448592946, "6": -2.907400467281341, "7": 0.9328072171793846}, "datetime": {"datetime": "2021-06-29 22:18:38", "elapsed": 7498.953437, "delta": 38.812985}}
{"target": 0.00469707299489936, "params": {"0": 2.844395587694474, "1": -1.2422867340040813, "2": -2.1955947797076014, "3": -0.3395904921776225, "4": -2.5239177745619714, "5": -1.4700412249455832, "6": -0.13285459283808976, "7": 2.2493260887352955}, "datetime": {"datetime": "2021-06-29 22:18:52", "elapsed": 7513.068168, "delta": 14.114731}}
{"target": 0.003027939024451292, "params": {"0": 2.30561388556191, "1": 1.999817676532727, "2": -2.2044344169034087, "3": -2.4469127308900216, "4": 2.0828519359644044, "5": -1.7964554857086936, "6": -2.4376108209622904, "7": -1.5753607317945637}, "datetime": {"datetime": "2021-06-29 22:19:33", "elapsed": 7553.855105, "delta": 40.786937}}
{"target": 0.005719574418882043, "params": {"0": -1.8069290598591279, "1": -1.9849204814869363, "2": -0.1758589108158306, "3": -0.4022121694066114, "4": 2.2534410739482675, "5": -2.055363420050512, "6": 0.9471602455541834, "7": 1.51393967911204}, "datetime": {"datetime": "2021-06-29 22:19:52", "elapsed": 7573.179119, "delta": 19.324014}}
{"target": 0.0030047973114316153, "params": {"0": -1.2867784483935094, "1": 1.0382983895668687, "2": -0.4116706586305252, "3": -1.4288887769765226, "4": 1.447452942739023, "5": -1.441775860260196, "6": 2.4644207069824446, "7": 2.4489525963694883}, "datetime": {"datetime": "2021-06-29 22:20:13", "elapsed": 7594.442453, "delta": 21.263334}}
{"target": 0.005850527856817315, "params": {"0": -0.7461789830674119, "1": 0.14794828643900493, "2": 2.06638606315998, "3": 0.9422631947245419, "4": -0.3893618991850887, "5": 0.600849283122054, "6": 1.7692521578401363, "7": -0.6887677965607542}, "datetime": {"datetime": "2021-06-29 22:20:35", "elapsed": 7615.744634, "delta": 21.302181}}
{"target": 0.0030436448832689873, "params": {"0": -0.646132089450953, "1": 2.976459956231194, "2": 1.1405897112644068, "3": -0.9819973403777231, "4": -1.7096662426417841, "5": -0.17392184240585173, "6": 2.3956115859949367, "7": 2.0611339970198372}, "datetime": {"datetime": "2021-06-29 22:20:49", "elapsed": 7630.304984, "delta": 14.56035}}
{"target": 0.0030491814902759424, "params": {"0": -1.9467209014513638, "1": 2.72067195710369, "2": -2.81091398485628, "3": 2.0961972346867954, "4": 0.26826983970688545, "5": 1.9752821903327442, "6": -1.5149921918066298, "7": 1.5658464361976634}, "datetime": {"datetime": "2021-06-29 22:21:36", "elapsed": 7677.569674, "delta": 47.26469}}
{"target": 0.00595080634384831, "params": {"0": -0.6514900968049915, "1": 1.39115434838536, "2": -2.264635510580492, "3": -0.3498483603406668, "4": -1.7977978944808481, "5": 0.7784064451978163, "6": -1.3054582861870323, "7": 2.650048325475259}, "datetime": {"datetime": "2021-06-29 22:22:10", "elapsed": 7711.501473, "delta": 33.931799}}
{"target": 0.0031592565440332746, "params": {"0": 0.42178580458086046, "1": 2.2318792814161217, "2": -2.001326500013497, "3": -2.9397886401410944, "4": 1.185708088616833, "5": -0.3903320812922404, "6": 1.0487111512073142, "7": -2.216148717710136}, "datetime": {"datetime": "2021-06-29 22:22:25", "elapsed": 7725.804793, "delta": 14.30332}}
{"target": 0.008789449991243939, "params": {"0": -0.9918101395917316, "1": -1.9596910616880674, "2": -2.0821996951531148, "3": -1.1040593770860316, "4": -2.4923509597509983, "5": 0.07244514236530453, "6": -2.5075509924182535, "7": -1.727813609673549}, "datetime": {"datetime": "2021-06-29 22:22:54", "elapsed": 7755.376479, "delta": 29.571686}}
{"target": 0.0029405880365218906, "params": {"0": -0.5252316816168765, "1": -2.5017957190796034, "2": 1.3990191708468842, "3": 1.8659166418793731, "4": 0.9371313511494508, "5": 2.0213460475272687, "6": 0.5518543861633871, "7": 0.6331654928770858}, "datetime": {"datetime": "2021-06-29 22:23:24", "elapsed": 7785.557387, "delta": 30.180908}}
{"target": 0.0034083681179352702, "params": {"0": 0.7124679727032475, "1": 0.7372613795031473, "2": -0.9213584827167951, "3": -1.5450976075609855, "4": -0.08261328705721471, "5": -2.9078181826668836, "6": 2.8490309874639763, "7": 2.02003962668841}, "datetime": {"datetime": "2021-06-29 22:23:40", "elapsed": 7801.681924, "delta": 16.124537}}
{"target": 0.003050188910601612, "params": {"0": -2.6667872996128454, "1": -1.9486056608305342, "2": 1.0544561717467298, "3": 0.09816267774614662, "4": 1.3784569420373831, "5": -2.914068308383854, "6": 1.6802616923480276, "7": 2.950971612043084}, "datetime": {"datetime": "2021-06-29 22:24:01", "elapsed": 7822.266756, "delta": 20.584832}}
{"target": 0.015116471811381118, "params": {"0": -0.2796372566667751, "1": 1.6423759019865347, "2": -1.6311744557676608, "3": -0.46495949777836953, "4": -1.9893202666999596, "5": -1.4797311367479082, "6": -1.5640452231232191, "7": -1.9913319598654486}, "datetime": {"datetime": "2021-06-29 22:24:18", "elapsed": 7839.131296, "delta": 16.86454}}
{"target": 0.00309770221130328, "params": {"0": -0.7522663842179171, "1": 0.12730839435103647, "2": -0.9821394410958417, "3": 1.9277490256587964, "4": -2.0021227292665715, "5": 1.8964978179314276, "6": -2.625477416560092, "7": 0.83269950222825}, "datetime": {"datetime": "2021-06-29 22:24:41", "elapsed": 7862.149031, "delta": 23.017735}}
{"target": 0.003485208877310686, "params": {"0": -1.248493121178338, "1": -0.610795782241822, "2": 2.668895087936078, "3": -2.441307467433604, "4": 2.6711070824844976, "5": 2.124222140287084, "6": -1.9434582121793413, "7": -1.588836570142106}, "datetime": {"datetime": "2021-06-29 22:25:00", "elapsed": 7881.198533, "delta": 19.049502}}
{"target": 0.003361972034134473, "params": {"0": 0.4169559243797609, "1": 2.4102494522669584, "2": -2.601478473200179, "3": -2.0430574672841155, "4": -2.7629425017826073, "5": -0.28449020066671515, "6": -2.2169725759471484, "7": 2.681996385812175}, "datetime": {"datetime": "2021-06-29 22:25:12", "elapsed": 7892.984692, "delta": 11.786159}}
{"target": 0.0032350932213722353, "params": {"0": -1.2993321057057041, "1": 1.1841323071889187, "2": 1.6836500579411213, "3": -1.607684767782287, "4": -0.026653257430478305, "5": 2.4739610047602145, "6": 1.27671352242728, "7": -0.6276190872677372}, "datetime": {"datetime": "2021-06-29 22:25:46", "elapsed": 7927.584798, "delta": 34.600106}}
{"target": 0.004490268419583083, "params": {"0": -0.41760825628443765, "1": 2.9068420966710953, "2": 0.17225677033439712, "3": 1.6938916429259985, "4": -2.690567127685649, "5": -1.8670944003394323, "6": 1.8416407143783307, "7": -2.759245254833208}, "datetime": {"datetime": "2021-06-29 22:26:00", "elapsed": 7940.776876, "delta": 13.192078}}
{"target": 0.003866898250929311, "params": {"0": -1.7954975663763009, "1": 1.4003970385351403, "2": -2.1654154342013063, "3": -1.9401988116323579, "4": -2.5553765722885062, "5": -0.8354452211838712, "6": -2.5641537728146777, "7": 0.7304086618723336}, "datetime": {"datetime": "2021-06-29 22:26:31", "elapsed": 7972.287818, "delta": 31.510942}}
{"target": 0.004251403737239491, "params": {"0": -0.6768145425923344, "1": 2.606872302179281, "2": 0.4558100479857803, "3": 2.4275973783697946, "4": 0.6370563966679912, "5": -0.6278614494128343, "6": -2.1801755551464557, "7": 1.5320763333908083}, "datetime": {"datetime": "2021-06-29 22:27:00", "elapsed": 8001.164818, "delta": 28.877}}
{"target": 0.003331879059687169, "params": {"0": -1.1191963846200372, "1": -2.3798063848568822, "2": -2.2163570918272786, "3": -0.4949349831982168, "4": 1.5772976114000201, "5": 0.5470883780221198, "6": 1.9353521672148002, "7": -2.1965366152388914}, "datetime": {"datetime": "2021-06-29 22:27:17", "elapsed": 8017.805764, "delta": 16.640946}}
{"target": 0.0062582801658153464, "params": {"0": -1.282963267709877, "1": 0.6277888785022272, "2": -1.6718424768827602, "3": 2.33239840477641, "4": -0.4688684870806492, "5": 1.367298562420297, "6": 1.4761270285225043, "7": -2.5023752255364635}, "datetime": {"datetime": "2021-06-29 22:27:38", "elapsed": 8039.433289, "delta": 21.627525}}
{"target": 0.005339063700104793, "params": {"0": -0.4491810924391415, "1": -0.5345353885301201, "2": -1.5395818198854379, "3": 1.2102269829105987, "4": -1.454097884267665, "5": 2.234050279382159, "6": -0.1376526740803019, "7": -2.801783724408901}, "datetime": {"datetime": "2021-06-29 22:28:00", "elapsed": 8061.033198, "delta": 21.599909}}
{"target": 0.003444293815251134, "params": {"0": -1.0113960722350919, "1": -1.2145104595888392, "2": -1.6881889870970657, "3": 0.4476667769471532, "4": -1.2653593693672822, "5": -2.2189019839163535, "6": -0.3318726600594184, "7": -1.621755030689649}, "datetime": {"datetime": "2021-06-29 22:28:27", "elapsed": 8088.267262, "delta": 27.234064}}
{"target": 0.0028826894539396657, "params": {"0": -2.7223896592238273, "1": -2.168671298839702, "2": -1.8272815661592454, "3": 0.5209403019030869, "4": 2.9891174468685238, "5": 2.4195401497543756, "6": 2.4828675831435625, "7": -1.49567054282161}, "datetime": {"datetime": "2021-06-29 22:28:39", "elapsed": 8099.783114, "delta": 11.515852}}
{"target": 0.0035507787853140153, "params": {"0": 0.409629572107455, "1": -1.1101873079072462, "2": 0.03653023244896625, "3": 0.21536796156770333, "4": 2.3246297654008536, "5": -1.753746919593254, "6": -0.6213292619948643, "7": -2.2271912226503194}, "datetime": {"datetime": "2021-06-29 22:28:56", "elapsed": 8117.060437, "delta": 17.277323}}
{"target": 0.003018646037325658, "params": {"0": -0.1446334541924701, "1": 2.9145071333055075, "2": -1.5824286793351403, "3": -1.5925587757709574, "4": -1.3027924905619923, "5": 2.4179284028779504, "6": 0.10337103049034635, "7": -2.613221108229941}, "datetime": {"datetime": "2021-06-29 22:29:16", "elapsed": 8137.627802, "delta": 20.567365}}
{"target": 0.0040569727055006465, "params": {"0": -0.08788860489262529, "1": -2.684844323199142, "2": -0.5886842237802639, "3": -2.1371344847610545, "4": -1.039079817786667, "5": -1.8324217383198622, "6": -1.1105432370459458, "7": 1.7227125641860646}, "datetime": {"datetime": "2021-06-29 22:29:35", "elapsed": 8156.307139, "delta": 18.679337}}
{"target": 0.0028966071939510144, "params": {"0": 1.7973391711653877, "1": 0.4631790252195578, "2": 2.081914259878518, "3": 1.0617164497339058, "4": 0.6993209646989644, "5": 0.7078916614095512, "6": 2.9958473154132106, "7": 0.662475422638583}, "datetime": {"datetime": "2021-06-29 22:29:57", "elapsed": 8178.549274, "delta": 22.242135}}
{"target": 0.003634458337941325, "params": {"0": -2.398770333503118, "1": 1.7548692194601738, "2": 2.580232322515524, "3": -2.11563628528045, "4": -2.009402811397131, "5": -0.9346655879357195, "6": 2.967845704863432, "7": -0.6624349568189798}, "datetime": {"datetime": "2021-06-29 22:30:19", "elapsed": 8200.500559, "delta": 21.951285}}
{"target": 0.0031668803228138793, "params": {"0": 1.0562948320581445, "1": -1.527646709559364, "2": 0.7415259722148759, "3": -2.771388023358358, "4": -0.31817194451466335, "5": 1.5275398549163022, "6": 0.5294972999603385, "7": -2.1053592840421893}, "datetime": {"datetime": "2021-06-29 22:30:38", "elapsed": 8219.544486, "delta": 19.043927}}
{"target": 0.012169663387461232, "params": {"0": 0.45196940607125224, "1": 1.4675306828409802, "2": 1.267545956920939, "3": 0.6969691557248545, "4": 1.854234740471699, "5": -0.731022892350107, "6": -2.571602786031435, "7": 1.8479944431905038}, "datetime": {"datetime": "2021-06-29 22:31:01", "elapsed": 8241.754029, "delta": 22.209543}}
{"target": 0.006393069731545793, "params": {"0": 2.0164559407439047, "1": -0.05104671061519639, "2": -0.6709907870115943, "3": 0.6321085161168805, "4": -0.19147566451257347, "5": -2.8621700688197875, "6": 1.824755478824411, "7": 1.7873031108712087}, "datetime": {"datetime": "2021-06-29 22:31:21", "elapsed": 8262.657504, "delta": 20.903475}}
{"target": 0.003408484609292667, "params": {"0": -0.7196573986359525, "1": -0.7307596565726948, "2": 2.167386904897537, "3": 1.4759387901289882, "4": -2.7144359533607343, "5": 0.7796042557018872, "6": 2.682076699589439, "7": -1.3428134734981225}, "datetime": {"datetime": "2021-06-29 22:31:36", "elapsed": 8277.387554, "delta": 14.73005}}
{"target": 0.005784299736943556, "params": {"0": -1.7858832096885067, "1": -1.8007705348513119, "2": 2.05619066275142, "3": 0.9204759946846339, "4": -2.4363433269556767, "5": 1.547327736317583, "6": 2.0157816617145734, "7": 0.5669723349384883}, "datetime": {"datetime": "2021-06-29 22:31:50", "elapsed": 8291.24674, "delta": 13.859186}}
{"target": 0.0038521486826501392, "params": {"0": -2.331334811181397, "1": 0.5287857189973892, "2": 0.20125074543623755, "3": -0.7746365307781811, "4": -0.32298339156901923, "5": -0.6324611662178836, "6": -1.9373193415237744, "7": -1.36227720783738}, "datetime": {"datetime": "2021-06-29 22:32:43", "elapsed": 8344.075371, "delta": 52.828631}}
{"target": 0.003054035588876051, "params": {"0": 1.9875008288185505, "1": 1.7387772386772973, "2": 1.0955043420150465, "3": -0.4193589574796954, "4": -2.0019554231295853, "5": 2.435216208414097, "6": -2.433316384307322, "7": 2.7579960191320243}, "datetime": {"datetime": "2021-06-29 22:32:58", "elapsed": 8359.325556, "delta": 15.250185}}
{"target": 0.005001427385413759, "params": {"0": -2.0680213638680263, "1": -1.9249450464289362, "2": -0.12404037949083957, "3": 0.9472615272582132, "4": -2.237038656003082, "5": 2.896059423225439, "6": -1.7098116954420797, "7": 1.680240656487591}, "datetime": {"datetime": "2021-06-29 22:33:10", "elapsed": 8371.350264, "delta": 12.024708}}
{"target": 0.004882863240353337, "params": {"0": -0.08388543723469599, "1": -1.0971767419248366, "2": 2.775361687662482, "3": 0.30208322699577916, "4": -0.15298491300726402, "5": 2.6169642311048857, "6": -0.41691707814364776, "7": 1.3222221064137827}, "datetime": {"datetime": "2021-06-29 22:33:42", "elapsed": 8403.510684, "delta": 32.16042}}
{"target": 0.005728598142328363, "params": {"0": -1.495691001056704, "1": 2.7213814689729396, "2": 2.0000661097490706, "3": 0.28523294292894885, "4": -1.9293325599003772, "5": -2.3821451992648783, "6": 1.3854511900106488, "7": 0.7507657445980915}, "datetime": {"datetime": "2021-06-29 22:34:12", "elapsed": 8433.67474, "delta": 30.164056}}
{"target": 0.0034035850608565292, "params": {"0": 2.351219976303417, "1": -1.2307169159333498, "2": -2.5012940036702376, "3": 1.2217828765012024, "4": 0.022252487830642487, "5": -2.886526721468471, "6": -2.150602315472356, "7": 1.4512042668634901}, "datetime": {"datetime": "2021-06-29 22:34:33", "elapsed": 8454.523143, "delta": 20.848403}}
{"target": 0.0031653122066581992, "params": {"0": 2.834282250559424, "1": 0.9757171301367986, "2": -0.17111891083287079, "3": -1.3883272578996444, "4": 0.6136090449850018, "5": -2.470481567379913, "6": 0.5143534161297509, "7": 2.8715306664419575}, "datetime": {"datetime": "2021-06-29 22:34:51", "elapsed": 8472.502452, "delta": 17.979309}}
{"target": 0.02154061356272574, "params": {"0": 1.1521829075328238, "1": -1.4506257418501602, "2": 0.6167741601970222, "3": 0.0026281975505764166, "4": -0.7695008743650509, "5": -1.5983127557632715, "6": 0.26448832869189554, "7": -2.6928356438451733}, "datetime": {"datetime": "2021-06-29 22:35:04", "elapsed": 8485.245367, "delta": 12.742915}}
{"target": 0.0033260810166844974, "params": {"0": -2.2365333505965665, "1": -2.3748929763065174, "2": 0.7375713284135905, "3": -0.6913635515352219, "4": -2.515811608444552, "5": -1.8200339400165026, "6": 0.005862057869943982, "7": 1.42485316199953}, "datetime": {"datetime": "2021-06-29 22:35:19", "elapsed": 8499.859746, "delta": 14.614379}}
{"target": 0.0035593304505280917, "params": {"0": 2.690755585688951, "1": -1.5813378390779067, "2": -2.0185054340513986, "3": -1.302773836784838, "4": -2.1777641058199797, "5": -1.0241649786450324, "6": 2.3205230966529466, "7": 0.04980064896055714}, "datetime": {"datetime": "2021-06-29 22:35:40", "elapsed": 8521.068803, "delta": 21.209057}}
{"target": 0.003917836816750975, "params": {"0": -1.7221515188085834, "1": -1.7180285357737293, "2": -2.413891643525777, "3": -1.1592942974075846, "4": -1.2446730023054435, "5": 1.0740615864473781, "6": 1.0886201690762354, "7": -0.8936747307928461}, "datetime": {"datetime": "2021-06-29 22:35:58", "elapsed": 8539.266802, "delta": 18.197999}}
{"target": 0.0031428347058574235, "params": {"0": -0.15181034502621404, "1": -2.8024327184546918, "2": -2.5519816125886026, "3": -1.381444766349671, "4": 0.25621115858953614, "5": -1.8264823358006415, "6": -1.8358067537355411, "7": 0.954645241235009}, "datetime": {"datetime": "2021-06-29 22:36:13", "elapsed": 8554.153098, "delta": 14.886296}}
