{"target": 0.005571537018653987, "params": {"0": 0.3065222325889909, "1": -0.8808878485227778, "2": -1.6138155561901641, "3": 2.925283686133538, "4": -0.13652047859953687, "5": -2.6228711613167595, "6": 2.9728465532723742, "7": 0.664985882702537}, "datetime": {"datetime": "2021-06-30 01:39:41", "elapsed": 19561.92429, "delta": 51.202825}}
{"target": 0.005002215789658611, "params": {"0": -1.3001773908867125, "1": 1.7758154450897763, "2": -2.2068633731717338, "3": -1.352605766552074, "4": 2.140561006682331, "5": 1.7439122874540045, "6": 2.4154197834107585, "7": 0.8254635446958489}, "datetime": {"datetime": "2021-06-30 01:40:12", "elapsed": 19592.945457, "delta": 31.021167}}
{"target": 0.0033671730128726485, "params": {"0": 2.839707541954313, "1": -2.8896546842146407, "2": -1.485905161394508, "3": -2.981274614324274, "4": -1.9874911079836903, "5": -0.8961776899855378, "6": -2.0175745898496986, "7": 1.7867487374992521}, "datetime": {"datetime": "2021-06-30 01:41:44", "elapsed": 19684.939571, "delta": 91.994114}}
{"target": 0.006172964086383496, "params": {"0": 2.9476070371352856, "1": -1.1563604224004576, "2": -0.7675237087088309, "3": -2.790631678543302, "4": 2.0696742159137385, "5": -2.4052244567557146, "6": -2.32308752979308, "7": -0.03946176253159628}, "datetime": {"datetime": "2021-06-30 01:42:33", "elapsed": 19734.635969, "delta": 49.696398}}
{"target": 0.003293438961375068, "params": {"0": -1.748918309147963, "1": -0.01604150223789169, "2": -1.8997508128547471, "3": 2.731852570414448, "4": 0.8704106054624576, "5": 1.0833885973380308, "6": 1.741899851517334, "7": 0.30941444335645807}, "datetime": {"datetime": "2021-06-30 01:43:16", "elapsed": 19777.216588, "delta": 42.580619}}
{"target": 0.003025308311833391, "params": {"0": -2.3653862505030903, "1": -1.7613054389422271, "2": -2.0696288768820854, "3": -2.4773292693940716, "4": -0.07294338468027117, "5": 1.0886828902423247, "6": 2.251674243124965, "7": 2.0253639441380322}, "datetime": {"datetime": "2021-06-30 01:43:48", "elapsed": 19809.385678, "delta": 32.16909}}
{"target": 0.003702340195730744, "params": {"0": 0.58577252101909, "1": 1.014235926068018, "2": -2.0531641026023286, "3": 0.16392738918440974, "4": -2.3861179693674583, "5": -1.9423564395917947, "6": 2.7914381269094033, "7": 1.4328372557292628}, "datetime": {"datetime": "2021-06-30 01:45:15", "elapsed": 19895.922082, "delta": 86.536404}}
{"target": 0.0033215319297091148, "params": {"0": 1.60704431951444, "1": 1.7121951327254141, "2": -2.279044131373867, "3": -0.47142806708952545, "4": 0.7852976510605778, "5": 0.35881044470761125, "6": 0.10639070454104038, "7": -1.533637154520745}, "datetime": {"datetime": "2021-06-30 01:45:57", "elapsed": 19937.824363, "delta": 41.902281}}
{"target": 0.005366274200075824, "params": {"0": -2.6546334998775443, "1": -2.1960618168058454, "2": -2.512319636531302, "3": 2.7838648783132935, "4": -0.35859713072659183, "5": -2.3919926932404953, "6": -2.322834792447676, "7": -2.1514863531437127}, "datetime": {"datetime": "2021-06-30 01:46:47", "elapsed": 19988.487919, "delta": 50.663556}}
{"target": 0.0035867841785548076, "params": {"0": 1.3109387505022383, "1": -0.5256844796871087, "2": 1.1911556700757888, "3": -0.39321247875496645, "4": -1.0944443365150534, "5": 2.721582015446671, "6": 0.958480591466687, "7": -1.8597513409915505}, "datetime": {"datetime": "2021-06-30 01:47:46", "elapsed": 20047.494382, "delta": 59.006463}}
{"target": 0.004153629904628616, "params": {"0": 2.1153362579953807, "1": 1.0938141429802126, "2": 1.8276119001433262, "3": -1.7370654163847716, "4": -1.8559470330901873, "5": -2.7578172131546728, "6": 1.761678783737942, "7": -2.4256263300238654}, "datetime": {"datetime": "2021-06-30 01:48:42", "elapsed": 20103.55212, "delta": 56.057738}}
{"target": 0.010843528096532119, "params": {"0": -0.6521838271091775, "1": 0.5632085345676399, "2": -2.1102997851556524, "3": -1.0372500835744893, "4": -0.19333552244545915, "5": 0.2203874667012986, "6": 2.0127005797134316, "7": -1.2535260757406939}, "datetime": {"datetime": "2021-06-30 01:49:16", "elapsed": 20137.03704, "delta": 33.48492}}
{"target": 0.0031669613350059963, "params": {"0": 1.550127413992385, "1": -1.3746921172459257, "2": 1.0614360726359724, "3": 2.783994862766697, "4": -0.6579212969365571, "5": 1.5272220049725904, "6": -0.1439786410658943, "7": 2.854627609253664}, "datetime": {"datetime": "2021-06-30 01:50:04", "elapsed": 20185.697389, "delta": 48.660349}}
{"target": 0.016708557624517836, "params": {"0": -1.2223119041163453, "1": 2.9161628666829653, "2": -2.8582942052924167, "3": 2.272415140726711, "4": 0.6806824685416624, "5": -2.734688407588891, "6": -0.8540781425783477, "7": -2.1488020907097702}, "datetime": {"datetime": "2021-06-30 01:50:40", "elapsed": 20221.477999, "delta": 35.78061}}
{"target": 0.003025415553125488, "params": {"0": 1.3314985619596884, "1": -0.9791101862406881, "2": -2.824235331622857, "3": 0.9994342143660409, "4": -1.6615456368954948, "5": 0.9223519336173274, "6": 1.6812986443966, "7": -1.5809828450515406}, "datetime": {"datetime": "2021-06-30 01:51:13", "elapsed": 20254.218059, "delta": 32.74006}}
{"target": 0.005404687318678891, "params": {"0": 0.0035490034418113048, "1": -2.14159935824057, "2": -2.537929332420147, "3": -1.5208237742407338, "4": -0.017688891583887756, "5": 2.707848528138154, "6": -2.9757756659534707, "7": 0.8043731325290353}, "datetime": {"datetime": "2021-06-30 01:51:54", "elapsed": 20295.353067, "delta": 41.135008}}
{"target": 0.004013639239448124, "params": {"0": -0.4467104213917623, "1": -0.16360596650352743, "2": 2.2114234493004385, "3": 0.6293683988362861, "4": 0.5812651826498549, "5": -0.15607868626666388, "6": 2.2410110503274385, "7": 0.7045425154529692}, "datetime": {"datetime": "2021-06-30 01:52:41", "elapsed": 20342.718578, "delta": 47.365511}}
{"target": 0.002926852049783483, "params": {"0": -1.1792805718101511, "1": 2.1819910608389774, "2": 2.703972273973534, "3": 0.8834936785767269, "4": 2.9666137586136943, "5": -1.8037833593238775, "6": -0.8351263748436306, "7": -0.8299775187243554}, "datetime": {"datetime": "2021-06-30 01:53:25", "elapsed": 20385.854803, "delta": 43.136225}}
{"target": 0.0032179459296617103, "params": {"0": -0.6331967532819478, "1": -0.5222593978278334, "2": 0.8780199358180232, "3": -2.645130570954975, "4": 2.826156923644585, "5": -1.259107853356092, "6": 1.6296191279394474, "7": -1.5150468533735246}, "datetime": {"datetime": "2021-06-30 01:54:13", "elapsed": 20434.378999, "delta": 48.524196}}
{"target": 0.005038955786307154, "params": {"0": -0.9650416460884288, "1": 0.5487379169025308, "2": -2.747405888471378, "3": -2.3705230238876465, "4": -2.529242852644502, "5": 0.043486526320493546, "6": 2.4943150374946352, "7": 2.803683770024234}, "datetime": {"datetime": "2021-06-30 01:55:24", "elapsed": 20504.898675, "delta": 70.519676}}
{"target": 0.0036704203932533645, "params": {"0": -2.6383521018288985, "1": 1.212694537223335, "2": -0.7158167528938106, "3": -0.315971742621862, "4": 2.9781697065265966, "5": 2.9529120691742197, "6": -2.6704029259820965, "7": 2.1867772373078704}, "datetime": {"datetime": "2021-06-30 01:56:44", "elapsed": 20585.393545, "delta": 80.49487}}
{"target": 0.004239599639784592, "params": {"0": -0.3295070946977239, "1": 2.84435577799992, "2": 1.9588376636611038, "3": -0.6754533902245239, "4": -0.9029026846988826, "5": -2.960576273752258, "6": 2.4007943964764786, "7": -1.0513837127509227}, "datetime": {"datetime": "2021-06-30 01:57:32", "elapsed": 20633.58593, "delta": 48.192385}}
{"target": 0.0033039027698247144, "params": {"0": -0.8668335198939836, "1": 1.618550878925622, "2": 2.628378986718946, "3": -2.8601630345806925, "4": -1.7446449328827016, "5": -1.4887409278583803, "6": -1.9989954544180315, "7": 1.6697042668532935}, "datetime": {"datetime": "2021-06-30 01:58:18", "elapsed": 20678.990306, "delta": 45.404376}}
{"target": 0.004992207821434087, "params": {"0": 0.958095701556057, "1": -2.6023960426719412, "2": 0.9210222942567681, "3": -2.440961329630448, "4": 2.529751258299667, "5": -2.2422797454289753, "6": -0.6688826154005363, "7": 2.1054551414220306}, "datetime": {"datetime": "2021-06-30 01:59:09", "elapsed": 20729.873503, "delta": 50.883197}}
{"target": 0.0038321149555179063, "params": {"0": -1.7889224812842364, "1": 2.2688146808964005, "2": -2.1000541541672746, "3": 0.9310353493490338, "4": 0.1942862036281099, "5": -1.21268865338585, "6": -1.8249660615015106, "7": 2.384501750769779}, "datetime": {"datetime": "2021-06-30 02:00:03", "elapsed": 20784.422918, "delta": 54.549415}}
{"target": 0.014300946731946079, "params": {"0": 1.2734797471164994, "1": -1.2557461268019396, "2": 1.149255716323034, "3": -0.792095981431248, "4": 2.5520526216634734, "5": -0.6904467842040125, "6": -1.9487078024288855, "7": 2.348760985466308}, "datetime": {"datetime": "2021-06-30 02:00:48", "elapsed": 20829.104409, "delta": 44.681491}}
{"target": 0.0031179507086915546, "params": {"0": 2.6937893826466093, "1": -1.6050839797297507, "2": 0.7701402561266413, "3": -1.9928153763267942, "4": 2.9079683407727908, "5": -2.1386674782346162, "6": 0.949763114784866, "7": 0.28798912568640045}, "datetime": {"datetime": "2021-06-30 02:01:25", "elapsed": 20866.488331, "delta": 37.383922}}
{"target": 0.9671500985308168, "params": {"0": -2.151633807671619, "1": -1.282326684554199, "2": -1.9201663780810168, "3": -2.0740473919730276, "4": -1.7950410194110986, "5": -2.6116439826453215, "6": -0.17213162639085056, "7": 2.8097917926037574}, "datetime": {"datetime": "2021-06-30 02:02:08", "elapsed": 20909.096754, "delta": 42.608423}}
{"target": 0.004847438577403848, "params": {"0": 2.96480309626401, "1": 0.017412649950451886, "2": -0.3621256142055218, "3": -0.6832547685386068, "4": 0.9547361358951321, "5": 2.7514155105206335, "6": 2.1369468411708823, "7": -0.471548827108494}, "datetime": {"datetime": "2021-06-30 02:03:44", "elapsed": 21005.534305, "delta": 96.437551}}
{"target": 0.006718000550406758, "params": {"0": 2.7873111769161376, "1": -1.2348616732494393, "2": 2.0565209067550168, "3": 1.340243577969824, "4": -1.7615315491067536, "5": -1.238780688545959, "6": -2.576787148728049, "7": 0.39877219276127285}, "datetime": {"datetime": "2021-06-30 02:04:21", "elapsed": 21042.001586, "delta": 36.467281}}
{"target": 0.003311721875494703, "params": {"0": -2.6779479971226374, "1": 2.364055927811272, "2": 0.237200693296443, "3": 1.347049970711378, "4": -2.5902601719359293, "5": -2.0176930510453417, "6": 2.6080253287368595, "7": 2.515911229865864}, "datetime": {"datetime": "2021-06-30 02:05:00", "elapsed": 21081.199882, "delta": 39.198296}}
{"target": 0.003216600477988283, "params": {"0": -1.5231748831808922, "1": 0.2530332616008817, "2": 1.010681076081032, "3": -0.1583440854102145, "4": -0.07240410149057519, "5": 0.0952364040322724, "6": -1.6847644225022824, "7": -2.902658394722793}, "datetime": {"datetime": "2021-06-30 02:06:24", "elapsed": 21165.562218, "delta": 84.362336}}
{"target": 0.0030184648647246432, "params": {"0": 1.0202098478323416, "1": 1.9727137277527707, "2": -0.6097303675522738, "3": 0.7762581534632007, "4": -1.744844875617046, "5": 2.045127757860146, "6": 0.024354132194280176, "7": -2.337742292076766}, "datetime": {"datetime": "2021-06-30 02:06:54", "elapsed": 21195.223965, "delta": 29.661747}}
{"target": 0.0057818287358912535, "params": {"0": -0.6725645959859681, "1": -2.392794603837876, "2": 2.983499982779364, "3": 2.22885500032708, "4": -2.170502477953156, "5": -2.8903546731418164, "6": 1.5866933582391995, "7": -0.42319700682427674}, "datetime": {"datetime": "2021-06-30 02:07:22", "elapsed": 21223.5982, "delta": 28.374235}}
{"target": 0.0036540897729091166, "params": {"0": -2.131815960880465, "1": -1.5553657996195522, "2": -1.5178405197645903, "3": -0.5981717246490095, "4": 2.7644269858206396, "5": -1.5340842225418543, "6": 2.8075604942489303, "7": 1.0107715234460706}, "datetime": {"datetime": "2021-06-30 02:08:32", "elapsed": 21293.425083, "delta": 69.826883}}
{"target": 0.009591710130016598, "params": {"0": -0.02064052354959589, "1": 1.2205931427412562, "2": -2.684391759366285, "3": 0.0012430879314027088, "4": 0.8828206426958407, "5": -2.0996113946836354, "6": 1.004794682643702, "7": -1.5964096085933897}, "datetime": {"datetime": "2021-06-30 02:09:04", "elapsed": 21325.060879, "delta": 31.635796}}
{"target": 0.006564185933962319, "params": {"0": 0.3257421398647331, "1": -0.14346348750235105, "2": 2.5398405807581135, "3": -2.4845327091648395, "4": 2.609703002970555, "5": -2.9603548511978346, "6": 0.6867443317494066, "7": -1.6871898538518537}, "datetime": {"datetime": "2021-06-30 02:09:26", "elapsed": 21347.317739, "delta": 22.25686}}
{"target": 0.002984073228601104, "params": {"0": 1.9913343082093933, "1": 2.310361799207673, "2": 1.7894239881761376, "3": -2.3375427128053157, "4": 1.5562961227217968, "5": -1.212490482083718, "6": -0.03334013137328551, "7": 0.9716722480583782}, "datetime": {"datetime": "2021-06-30 02:10:07", "elapsed": 21387.781402, "delta": 40.463663}}
{"target": 0.0036453816983905603, "params": {"0": -1.9628522485529292, "1": -2.953786177642512, "2": -1.0150152501936014, "3": 2.5556501084918333, "4": 1.9925699963478616, "5": -2.6806113655737684, "6": -2.927489219902186, "7": 1.951524209617073}, "datetime": {"datetime": "2021-06-30 02:11:34", "elapsed": 21474.958061, "delta": 87.176659}}
{"target": 0.0028715417795665684, "params": {"0": -1.4157701045548579, "1": -0.09399011896651466, "2": 0.8607083671712639, "3": 1.6444839842365244, "4": -1.2424414750374015, "5": 1.280605196434232, "6": -0.4713112569683906, "7": -1.5399966638564715}, "datetime": {"datetime": "2021-06-30 02:12:14", "elapsed": 21515.134523, "delta": 40.176462}}
{"target": 0.0033224810053060997, "params": {"0": 2.415814728829508, "1": -0.893546538352282, "2": -0.8237184863477292, "3": -0.9984555281580505, "4": 1.7143595017800708, "5": 0.5802961092495638, "6": 1.8756320404638505, "7": -0.8377795786071935}, "datetime": {"datetime": "2021-06-30 02:12:59", "elapsed": 21560.037834, "delta": 44.903311}}
{"target": 0.003445666673200322, "params": {"0": 1.6647615348099976, "1": 2.2598083736252157, "2": -1.433182447576965, "3": 0.6095231405472172, "4": -1.8284828016561148, "5": 1.3172474143467312, "6": -2.5274567203785647, "7": -1.5781192515260873}, "datetime": {"datetime": "2021-06-30 02:13:41", "elapsed": 21602.619863, "delta": 42.582029}}
{"target": 0.002923474861024808, "params": {"0": 1.1995842254554336, "1": 1.3933383134316912, "2": 0.7038676349210364, "3": 2.119947739566814, "4": 1.2340665640971498, "5": 0.4438483356479157, "6": 1.5028209837467372, "7": -1.3525433379204046}, "datetime": {"datetime": "2021-06-30 02:15:14", "elapsed": 21694.821972, "delta": 92.202109}}
{"target": 0.005055151684519068, "params": {"0": 0.35185123137171104, "1": -2.0410614008454937, "2": 2.4142245994781995, "3": 1.3311410383293758, "4": -2.6800122611311927, "5": 2.5989374697239844, "6": 0.3341445119580255, "7": -1.413182445684635}, "datetime": {"datetime": "2021-06-30 02:15:48", "elapsed": 21728.828624, "delta": 34.006652}}
{"target": 0.0029230418076476037, "params": {"0": -0.012931722844007787, "1": 1.2087908669874636, "2": -2.3784439717796735, "3": 2.620004435993925, "4": 0.6528989210777976, "5": 2.830230435054501, "6": 2.371170072358817, "7": -1.4124728882944817}, "datetime": {"datetime": "2021-06-30 02:16:22", "elapsed": 21763.262049, "delta": 34.433425}}
{"target": 0.003795743708522707, "params": {"0": -2.844153494669139, "1": 2.1839649266754853, "2": -1.5621221918116914, "3": 1.5112733647060335, "4": -1.1006634490161584, "5": 2.4331055576901752, "6": 0.26859449963606075, "7": 1.351391796598496}, "datetime": {"datetime": "2021-06-30 02:17:55", "elapsed": 21855.770487, "delta": 92.508438}}
{"target": 0.00319691299910882, "params": {"0": -0.2641572313080456, "1": -2.1662411169788376, "2": 1.9557334957387953, "3": -2.084880746471243, "4": 0.7675368120981325, "5": -2.988695863895641, "6": -2.297035633694205, "7": 2.3296459811507084}, "datetime": {"datetime": "2021-06-30 02:19:24", "elapsed": 21945.620008, "delta": 89.849521}}
{"target": 0.0029207468622811494, "params": {"0": -2.6219600279729782, "1": -2.999751161461128, "2": -2.6535681862669653, "3": 2.239399883983104, "4": 1.900332941984761, "5": 2.831967644565661, "6": 0.6139230739666304, "7": -1.721485316783056}, "datetime": {"datetime": "2021-06-30 02:20:07", "elapsed": 21988.239194, "delta": 42.619186}}
{"target": 0.006983030129567402, "params": {"0": -1.84244218142402, "1": 0.5056235101221684, "2": -0.9750441870678013, "3": 0.6532349192008322, "4": -1.1392234675877155, "5": 2.7396329006026336, "6": 1.345182779461072, "7": -1.3130034240344086}, "datetime": {"datetime": "2021-06-30 02:20:55", "elapsed": 22036.297938, "delta": 48.058744}}
{"target": 0.00322905083799536, "params": {"0": 1.3222258901391175, "1": 2.8993207255733573, "2": -2.1448802282482777, "3": -2.392046618002055, "4": -0.48598746106916746, "5": 1.7957245232826118, "6": -2.8266885063279954, "7": -2.1257729253195086}, "datetime": {"datetime": "2021-06-30 02:22:03", "elapsed": 22103.827954, "delta": 67.530016}}
{"target": 0.0036835448005549574, "params": {"0": -2.0148388527335115, "1": -1.9866151643295957, "2": -1.1564369436272686, "3": 0.4466498785613462, "4": -1.2838611548047167, "5": -1.114006520335181, "6": -1.4474576298563209, "7": 1.9815964351937811}, "datetime": {"datetime": "2021-06-30 02:22:42", "elapsed": 22143.360114, "delta": 39.53216}}
{"target": 0.0033348610612001788, "params": {"0": 1.9010402846405299, "1": 2.213476383092786, "2": 1.7377646254794792, "3": 0.059385049588915884, "4": -1.3381249132655078, "5": 2.7468637571129095, "6": 1.8056505663533162, "7": 1.5964445586892824}, "datetime": {"datetime": "2021-06-30 02:23:20", "elapsed": 22181.608488, "delta": 38.248374}}
{"target": 0.003417460343552019, "params": {"0": -1.039142397228538, "1": 0.32275338068603343, "2": 1.237514339826613, "3": -0.8286054075525993, "4": -2.8002364947214993, "5": -0.7734683812581427, "6": -1.6987452684367699, "7": 1.3338319145226993}, "datetime": {"datetime": "2021-06-30 02:24:05", "elapsed": 22226.56605, "delta": 44.957562}}
{"target": 0.0030113325636509382, "params": {"0": -2.3478580224535617, "1": 0.7806266657631369, "2": 1.6404479327066053, "3": 2.716343470013311, "4": 2.2298184463735513, "5": 1.9656178096896175, "6": 2.3092162216356664, "7": -1.4434656802964638}, "datetime": {"datetime": "2021-06-30 02:24:46", "elapsed": 22267.604678, "delta": 41.038628}}
{"target": 0.0038333054562272426, "params": {"0": -1.2861746990666885, "1": -1.0932943189864026, "2": -2.4252079467288157, "3": 0.7195076671263863, "4": 2.314806988206355, "5": -2.5070721055629557, "6": 0.7616835494076888, "7": 2.316493878967785}, "datetime": {"datetime": "2021-06-30 02:25:19", "elapsed": 22299.9605, "delta": 32.355822}}
{"target": 0.0030110421459521135, "params": {"0": -0.02869646216219035, "1": -1.5843949463587272, "2": -1.2974844939975043, "3": 1.1618158943193526, "4": 1.8312306625458277, "5": 2.13950364016912, "6": -2.4565003265857532, "7": -0.9351564586289847}, "datetime": {"datetime": "2021-06-30 02:26:04", "elapsed": 22344.991936, "delta": 45.031436}}
{"target": 0.0028907066794709724, "params": {"0": 0.13164302585175758, "1": 2.200375611695403, "2": -2.6839366911433538, "3": -0.882658771373297, "4": 2.0418049370769964, "5": 1.9932608837537567, "6": 1.908764643633127, "7": -2.007615761366555}, "datetime": {"datetime": "2021-06-30 02:27:10", "elapsed": 22411.650505, "delta": 66.658569}}
{"target": 0.005248578891891905, "params": {"0": -0.340923017351507, "1": 0.664626105283264, "2": 1.9692647394704057, "3": -0.26561583045543635, "4": 1.1302925871334732, "5": 0.4711680771680262, "6": 2.445342298083718, "7": 1.3439429944388843}, "datetime": {"datetime": "2021-06-30 02:28:01", "elapsed": 22462.036148, "delta": 50.385643}}
{"target": 0.007438350179858415, "params": {"0": 1.5782454582560677, "1": 1.0595051707205227, "2": 0.074139303999321, "3": 1.5689083840013591, "4": 0.10502720092016071, "5": 1.8150456686135676, "6": -1.2418754289756566, "7": 2.2760335284137003}, "datetime": {"datetime": "2021-06-30 02:28:58", "elapsed": 22519.211017, "delta": 57.174869}}
{"target": 0.002967990190995728, "params": {"0": -2.9329291939755024, "1": -0.3180021299540581, "2": -1.4924202976022511, "3": -0.12417738850591498, "4": -1.984696737581394, "5": 1.798643448500684, "6": -1.3834364010089826, "7": -1.2029826129760222}, "datetime": {"datetime": "2021-06-30 02:29:37", "elapsed": 22557.859683, "delta": 38.648666}}
{"target": 0.004168108725989039, "params": {"0": 0.4660105885685555, "1": -1.6263856505386522, "2": 0.07241810065322785, "3": -2.3957707315670245, "4": -2.1784789744673843, "5": -2.885152824200696, "6": -1.7082929907785138, "7": -1.29175246409243}, "datetime": {"datetime": "2021-06-30 02:30:18", "elapsed": 22599.117395, "delta": 41.257712}}
{"target": 0.0030438268028575442, "params": {"0": -0.16204946179186397, "1": 2.096453171513927, "2": 1.4633400166711406, "3": 1.3680280989878044, "4": 0.21557774402266805, "5": -1.3524833655951227, "6": 1.7882999841344143, "7": 2.4399443945975285}, "datetime": {"datetime": "2021-06-30 02:31:58", "elapsed": 22699.197522, "delta": 100.080127}}
{"target": 0.0029334409592765447, "params": {"0": 2.6631743269063133, "1": 2.885974793042884, "2": 2.398010326503446, "3": -2.454345737148655, "4": 2.4880722676494287, "5": -1.1808754845753402, "6": -1.0382165003297381, "7": -1.474717907539921}, "datetime": {"datetime": "2021-06-30 02:32:39", "elapsed": 22740.370015, "delta": 41.172493}}
{"target": 0.006742853602456288, "params": {"0": -0.29251811986979837, "1": -1.3867898359991795, "2": -0.5591027212028874, "3": -2.559230994189571, "4": -0.32565926952357716, "5": -2.176416115204491, "6": 0.8883189756855785, "7": 0.07168897247352879}, "datetime": {"datetime": "2021-06-30 02:33:09", "elapsed": 22770.666787, "delta": 30.296772}}
