{"target": 0.003031494056362165, "params": {"0": 2.832067595496925, "1": 2.6486605763052777, "2": 0.9751858248277938, "3": 0.6412265707350864, "4": 2.544551391858013, "5": 2.422172085163931, "6": 1.8997505985920746, "7": 0.7318397816598003}, "datetime": {"datetime": "2021-06-29 20:30:28", "elapsed": 922.492027, "delta": 3.039459}}
{"target": 0.004655686761853009, "params": {"0": 2.0855656921917927, "1": -2.9894940361440154, "2": -2.2997957720288547, "3": -0.7960123430620674, "4": -0.44177365364150933, "5": -2.64819109525361, "6": 0.6880545530917548, "7": -1.759971157159203}, "datetime": {"datetime": "2021-06-29 20:30:31", "elapsed": 924.517263, "delta": 2.025236}}
{"target": 0.003182369249111643, "params": {"0": 2.084389812391053, "1": -1.0533982291030295, "2": 0.7495901199164239, "3": -0.6056996325266315, "4": -2.910591224442273, "5": -1.9967733846390274, "6": 2.5241438515043964, "7": 1.7939809222435112}, "datetime": {"datetime": "2021-06-29 20:30:35", "elapsed": 928.560906, "delta": 4.043643}}
{"target": 0.0035030432814734773, "params": {"0": 0.06763673421612015, "1": -1.2946858524666538, "2": 2.200240631329706, "3": 0.29017170600219444, "4": -2.431640813976606, "5": -1.3350576276780124, "6": 0.17220612167129268, "7": -1.7624517384989549}, "datetime": {"datetime": "2021-06-29 20:30:41", "elapsed": 934.733071, "delta": 6.172165}}
{"target": 0.0028907902725539545, "params": {"0": -2.3808531318729527, "1": 2.9270403889025767, "2": 2.250905888918859, "3": -0.5956471793674285, "4": -1.9705762952046402, "5": 0.8787788817202653, "6": 2.892321620742079, "7": 1.7467376366279215}, "datetime": {"datetime": "2021-06-29 20:30:47", "elapsed": 940.715727, "delta": 5.982656}}
{"target": 0.0157613182245173, "params": {"0": -0.04209121731792642, "1": -2.5476891737503564, "2": 1.5898527923077213, "3": -2.2456630044931125, "4": 0.7541102720355388, "5": -0.5170653042573847, "6": -2.102417241080194, "7": 0.209115793421339}, "datetime": {"datetime": "2021-06-29 20:30:53", "elapsed": 947.46444, "delta": 6.748713}}
{"target": 0.005079746646769379, "params": {"0": -2.416163865529086, "1": -1.4117236262128339, "2": 0.20223153954158146, "3": 2.4250222452017454, "4": 0.30629990763056103, "5": -2.327393083053123, "6": 2.3869460633397583, "7": -2.078002308471005}, "datetime": {"datetime": "2021-06-29 20:31:00", "elapsed": 954.33274, "delta": 6.8683}}
{"target": 0.002912345302817982, "params": {"0": -2.183283744340395, "1": 1.7802126402002365, "2": 1.55870785311774, "3": -0.2397442219954331, "4": 0.2851965309313722, "5": 2.7376310109318016, "6": 0.5589841112930092, "7": -2.1349879911872955}, "datetime": {"datetime": "2021-06-29 20:31:04", "elapsed": 958.014243, "delta": 3.681503}}
{"target": 0.004472369865423511, "params": {"0": 0.08123362073165641, "1": -2.29958103017026, "2": 2.5379668329117173, "3": -2.7819137164848424, "4": 0.14876161951261935, "5": -0.11412587923101958, "6": -2.626092745186982, "7": 1.177341316996114}, "datetime": {"datetime": "2021-06-29 20:31:07", "elapsed": 960.98878, "delta": 2.974537}}
{"target": 0.0030032134859444342, "params": {"0": -0.9492478590471398, "1": -2.1443784138136417, "2": -2.2811559495515885, "3": 1.1207185517567524, "4": -1.751049186678428, "5": 1.959498782469801, "6": 2.1599089222319936, "7": -2.7808203482389624}, "datetime": {"datetime": "2021-06-29 20:31:10", "elapsed": 963.801352, "delta": 2.812572}}
{"target": 0.012317643450536415, "params": {"0": -1.0369817447134226, "1": 0.14908518116238678, "2": -2.230555413186889, "3": -1.1046645454934776, "4": 1.9654034939120066, "5": -0.9499422644190365, "6": 0.8437443174554824, "7": -1.3034826499475562}, "datetime": {"datetime": "2021-06-29 20:31:14", "elapsed": 967.711739, "delta": 3.910387}}
{"target": 0.003123905300172224, "params": {"0": 0.5498415916075801, "1": -0.15300260975411373, "2": -2.080433999653457, "3": -2.387987683630511, "4": -1.7071399047877553, "5": 1.1461283864691403, "6": 2.813950988703815, "7": 1.7840574067745587}, "datetime": {"datetime": "2021-06-29 20:31:18", "elapsed": 972.44948, "delta": 4.737741}}
{"target": 0.0030783955199336108, "params": {"0": 1.4234170915286324, "1": -2.5216517042547464, "2": 1.0274868142352664, "3": -2.542099299196549, "4": -1.6335018686570844, "5": 1.7010881604185553, "6": -1.9350036412175662, "7": 1.3470363443512028}, "datetime": {"datetime": "2021-06-29 20:31:23", "elapsed": 977.294664, "delta": 4.845184}}
{"target": 0.0030769954752542577, "params": {"0": -0.524630287931835, "1": 2.37084257120987, "2": 0.923353167448349, "3": 2.085274863173731, "4": -0.24237035147581665, "5": -2.9735042083907994, "6": 0.10013609279112279, "7": -0.4742466362616433}, "datetime": {"datetime": "2021-06-29 20:31:26", "elapsed": 980.140503, "delta": 2.845839}}
{"target": 0.0040004993575676, "params": {"0": 2.6223742007011, "1": -1.5673608784820214, "2": -0.8201056703085339, "3": -1.8447019851450057, "4": 0.49847689966492315, "5": -0.8086129808402989, "6": 1.015880385624345, "7": 1.8321122908838063}, "datetime": {"datetime": "2021-06-29 20:31:35", "elapsed": 989.417618, "delta": 9.277115}}
{"target": 0.003006124928922018, "params": {"0": 1.0021086805550485, "1": -2.78427223977607, "2": -0.9446590808223974, "3": 2.9117777589079115, "4": 2.572836148664104, "5": 2.315934085415197, "6": 0.19252922353646795, "7": -0.16453877173211673}, "datetime": {"datetime": "2021-06-29 20:31:42", "elapsed": 995.686469, "delta": 6.268851}}
{"target": 0.002864811545343182, "params": {"0": -2.616940886454392, "1": 1.642335386441748, "2": -0.14469367677387623, "3": 1.2442321638238942, "4": 2.45426323459891, "5": -2.9873978952315454, "6": -1.7390751662334032, "7": 1.6450418973533303}, "datetime": {"datetime": "2021-06-29 20:31:45", "elapsed": 999.371848, "delta": 3.685379}}
{"target": 0.003049610355486097, "params": {"0": 1.2444459350105515, "1": 2.0296281526250226, "2": 1.5934276354956483, "3": -1.8281946085766427, "4": -1.2514981420386233, "5": 1.9456634132074404, "6": -1.4186833364520042, "7": -1.7197459496938536}, "datetime": {"datetime": "2021-06-29 20:31:49", "elapsed": 1003.016816, "delta": 3.644968}}
{"target": 0.0034117237264445666, "params": {"0": 0.11165170322279305, "1": -1.9994829829563074, "2": 1.4524789442390658, "3": -2.1445880905413723, "4": 1.1963503705966403, "5": -0.7007366834553395, "6": -2.2239250021689014, "7": 0.09338387822220184}, "datetime": {"datetime": "2021-06-29 20:31:54", "elapsed": 1008.120915, "delta": 5.104099}}
{"target": 0.0032810405370000783, "params": {"0": -1.268800906946921, "1": 1.2007713098867914, "2": -1.8130716981924733, "3": -0.1905097484267495, "4": -2.2523419582948496, "5": 2.0728450620827026, "6": 1.7689413174357078, "7": 0.8725282308864131}, "datetime": {"datetime": "2021-06-29 20:31:58", "elapsed": 1012.255898, "delta": 4.134983}}
{"target": 0.003767544003817843, "params": {"0": 0.14307548572128992, "1": -2.6419884171567536, "2": -0.7839348345180204, "3": 0.4792503373108654, "4": -1.9668067302738055, "5": 2.834272867460215, "6": 0.15988853484295396, "7": 1.9426060606120652}, "datetime": {"datetime": "2021-06-29 20:32:01", "elapsed": 1015.426379, "delta": 3.170481}}
{"target": 0.002888887695815253, "params": {"0": 0.5228676457506598, "1": 1.7825319903782564, "2": 1.538223058630801, "3": 1.217954309198368, "4": 2.1924852610669543, "5": -0.1743708163358324, "6": -1.9647139092242052, "7": 1.4431177834877227}, "datetime": {"datetime": "2021-06-29 20:32:05", "elapsed": 1019.202603, "delta": 3.776224}}
{"target": 0.0034553574868249684, "params": {"0": -1.7878428000368456, "1": 2.9819936411498364, "2": -1.8605431499816554, "3": -2.4221233671428166, "4": -2.00692401128634, "5": -1.3423844788336206, "6": -1.44050706221748, "7": 1.4810413978243693}, "datetime": {"datetime": "2021-06-29 20:32:09", "elapsed": 1022.633697, "delta": 3.431094}}
{"target": 0.0032173380262998145, "params": {"0": 1.6360151962524467, "1": 2.6873584920840283, "2": -0.7877021463682459, "3": 0.02644600588863355, "4": 1.2002300818206457, "5": -1.6103534874550915, "6": -0.7677716495814311, "7": 2.6918244611666005}, "datetime": {"datetime": "2021-06-29 20:32:14", "elapsed": 1027.692849, "delta": 5.059152}}
{"target": 0.005939168470080709, "params": {"0": -2.675282018222954, "1": 0.7578837920832591, "2": -2.467098305647446, "3": -1.0534866465147417, "4": 1.7656591684268799, "5": 0.34718016851530464, "6": -0.20539679259427768, "7": -1.3546692404490923}, "datetime": {"datetime": "2021-06-29 20:32:21", "elapsed": 1034.543658, "delta": 6.850809}}
{"target": 0.049468341530764126, "params": {"0": 1.000897405233557, "1": 1.1235272604039466, "2": -0.5289981302367144, "3": -0.15012988360548807, "4": -0.4762931237981989, "5": -0.9948685204775463, "6": -2.3226516031523405, "7": -1.2854963566497382}, "datetime": {"datetime": "2021-06-29 20:32:27", "elapsed": 1040.564472, "delta": 6.020814}}
{"target": 0.006128747879812071, "params": {"0": 2.3503848566157677, "1": -0.9393796113422201, "2": -2.369589296087621, "3": 2.1075910653619863, "4": 0.7296369740900119, "5": -0.6567485927020544, "6": 0.9000059618107858, "7": -0.6261334214072942}, "datetime": {"datetime": "2021-06-29 20:32:33", "elapsed": 1046.771302, "delta": 6.20683}}
{"target": 0.004746791048823519, "params": {"0": -0.5657361790532502, "1": 0.5423156873384185, "2": -0.9737688256865962, "3": 0.9715872803190253, "4": -2.0290244079474524, "5": 2.7938716914825, "6": -2.7743433113852722, "7": 0.7681256990284053}, "datetime": {"datetime": "2021-06-29 20:32:38", "elapsed": 1052.345467, "delta": 5.574165}}
{"target": 0.005222773428429654, "params": {"0": 0.3430133484976503, "1": -2.702444065158736, "2": 1.4524630082688015, "3": -2.8368620431922698, "4": 0.3783812136375939, "5": 1.4098342174889975, "6": -2.4452452313110156, "7": 1.139061106169022}, "datetime": {"datetime": "2021-06-29 20:32:44", "elapsed": 1057.67327, "delta": 5.327803}}
{"target": 0.0030555214773510357, "params": {"0": 1.7188414551404225, "1": 0.1393755006528723, "2": 0.9737470463035871, "3": 1.7993899416224073, "4": -2.920661937766691, "5": 1.384382278155706, "6": -2.187153330955414, "7": 1.499021626990853}, "datetime": {"datetime": "2021-06-29 20:32:49", "elapsed": 1063.006551, "delta": 5.333281}}
{"target": 0.0031290053637554405, "params": {"0": 1.762736818277613, "1": -1.5758259021791126, "2": 2.099919364390651, "3": -0.8499673908574494, "4": -2.1806433667573475, "5": -0.3631958814729992, "6": -2.247094921151418, "7": -2.5194852032161568}, "datetime": {"datetime": "2021-06-29 20:32:52", "elapsed": 1066.408645, "delta": 3.402094}}
{"target": 0.007093494825124557, "params": {"0": -1.6035121761812199, "1": 0.509525297971984, "2": 0.9275255077554503, "3": 0.5752055674596352, "4": 2.4657851650875244, "5": -0.907887586584069, "6": 2.45202591545722, "7": 0.25231852140224387}, "datetime": {"datetime": "2021-06-29 20:33:01", "elapsed": 1075.388461, "delta": 8.979816}}
{"target": 0.003371393253293598, "params": {"0": 2.2652953446514053, "1": -0.3428998150200089, "2": 0.8937556914287481, "3": -1.5428270057818514, "4": 0.8468880404186052, "5": -1.2560533385476342, "6": -0.19575072719815845, "7": 2.75046609629182}, "datetime": {"datetime": "2021-06-29 20:33:06", "elapsed": 1080.11484, "delta": 4.726379}}
{"target": 0.0029294591471916453, "params": {"0": -0.62972237088126, "1": -2.4613688750220533, "2": 1.4321732724257092, "3": -2.6024705715476486, "4": 1.3311474958775626, "5": -1.0963415072280012, "6": -2.190305674767444, "7": -0.04554304408063947}, "datetime": {"datetime": "2021-06-29 20:33:16", "elapsed": 1089.582776, "delta": 9.467936}}
{"target": 0.0032056933658219395, "params": {"0": 0.24790185648912777, "1": -2.55499253590622, "2": 1.81819372176943, "3": -1.941078356189221, "4": -1.3205458064420712, "5": 2.029405434080874, "6": -1.521584366735157, "7": 0.9754023924477617}, "datetime": {"datetime": "2021-06-29 20:33:25", "elapsed": 1098.633957, "delta": 9.051181}}
{"target": 0.0029816226043446106, "params": {"0": -0.8922959297497348, "1": 0.19209196786486782, "2": 0.5489843345182841, "3": 1.9803543961889591, "4": 1.9263352702419247, "5": 2.372938682318984, "6": -2.271904496558529, "7": -0.41322181756529686}, "datetime": {"datetime": "2021-06-29 20:33:30", "elapsed": 1103.767264, "delta": 5.133307}}
{"target": 0.003424935725155727, "params": {"0": -1.8391496853875295, "1": 1.732519598662834, "2": 1.9858893825446726, "3": 0.3331828346682526, "4": -1.0764782046208299, "5": -2.0602386465362246, "6": 1.5630333494228665, "7": 0.906119466682688}, "datetime": {"datetime": "2021-06-29 20:33:40", "elapsed": 1114.132387, "delta": 10.365123}}
{"target": 0.002999113747803246, "params": {"0": -0.5804162112804638, "1": -0.08428768770105854, "2": 1.6562344114244052, "3": -1.0261815312799683, "4": 1.6994250871086933, "5": -2.667863955293873, "6": 1.3159095324703944, "7": -2.2613822745590104}, "datetime": {"datetime": "2021-06-29 20:33:46", "elapsed": 1119.98743, "delta": 5.855043}}
{"target": 0.003159902898513966, "params": {"0": 2.752674065843907, "1": -1.7890778763006356, "2": 0.5775967947128038, "3": 2.188069616224565, "4": 1.1882382002809972, "5": -1.6347012425410612, "6": -1.0715397730145597, "7": 2.382285187704703}, "datetime": {"datetime": "2021-06-29 20:33:50", "elapsed": 1123.9302, "delta": 3.94277}}
{"target": 0.0031017906492148903, "params": {"0": 1.9265407277995301, "1": 0.9509577950924406, "2": 0.29094965318615085, "3": -1.647665095713865, "4": 2.678063150537527, "5": 2.4445642961450895, "6": 1.540694533337943, "7": -1.9051943885185478}, "datetime": {"datetime": "2021-06-29 20:33:54", "elapsed": 1127.520409, "delta": 3.590209}}
{"target": 0.003166953910857953, "params": {"0": -2.085241524070042, "1": -0.6095592557568192, "2": 2.5754104639626227, "3": -2.1964934854547424, "4": -2.947985169090055, "5": 2.4485190730260227, "6": -2.204208916289224, "7": -1.9924794565381974}, "datetime": {"datetime": "2021-06-29 20:33:58", "elapsed": 1131.802476, "delta": 4.282067}}
{"target": 0.00593133552292134, "params": {"0": 1.0081059866859068, "1": -0.9374436387664273, "2": 1.2523154819594176, "3": -1.250949998011669, "4": 2.9318864315079143, "5": -2.7065429302245345, "6": -0.283427759838629, "7": -0.3719903455371103}, "datetime": {"datetime": "2021-06-29 20:34:01", "elapsed": 1134.769131, "delta": 2.966655}}
{"target": 0.00391175478357685, "params": {"0": 1.363622717539152, "1": -2.0919982779969075, "2": -0.44090964878703787, "3": 1.6007514782543462, "4": -1.0643446205718987, "5": 2.8857218781369474, "6": 2.995321855414476, "7": -2.9226654162681394}, "datetime": {"datetime": "2021-06-29 20:34:06", "elapsed": 1139.516881, "delta": 4.74775}}
{"target": 0.0051866978416622665, "params": {"0": -1.9864607059722068, "1": -1.5576963762617428, "2": 2.0992736499931786, "3": 2.5570721541498314, "4": 1.8663510045421239, "5": -0.7906574859877322, "6": 0.7499470505786654, "7": -1.811332213327362}, "datetime": {"datetime": "2021-06-29 20:34:10", "elapsed": 1144.007078, "delta": 4.490197}}
{"target": 0.003383519652930393, "params": {"0": -2.6365131273309625, "1": 1.4680745482338633, "2": -1.1972201626542636, "3": -1.6147716941649228, "4": -2.3506384985020263, "5": 0.3178025602177392, "6": 0.7643762914808478, "7": -1.9726660983534}, "datetime": {"datetime": "2021-06-29 20:34:17", "elapsed": 1150.779965, "delta": 6.772887}}
{"target": 0.0037502262453107072, "params": {"0": -0.10510148020863275, "1": -0.21442360545555772, "2": 0.5367866344829855, "3": -0.921930955429588, "4": 2.8417598272407787, "5": 2.0487136562318753, "6": -2.1848326704863457, "7": -2.3649339535894303}, "datetime": {"datetime": "2021-06-29 20:34:25", "elapsed": 1158.651136, "delta": 7.871171}}
{"target": 0.0034983023643307405, "params": {"0": 0.8089973729523239, "1": 2.817658485317196, "2": 1.4529621880093613, "3": 0.4581581037460114, "4": -2.36017275221913, "5": -1.2390602809105127, "6": 0.36454776839476555, "7": -0.3794676198810212}, "datetime": {"datetime": "2021-06-29 20:34:30", "elapsed": 1164.026052, "delta": 5.374916}}
{"target": 0.0033418545953383862, "params": {"0": 1.1570396689166618, "1": 0.20327076932205612, "2": -0.30066781362884054, "3": -2.939566853506626, "4": 1.7066986972971474, "5": -1.8310677081605684, "6": 2.9597113992703274, "7": 1.0395970708038806}, "datetime": {"datetime": "2021-06-29 20:34:33", "elapsed": 1167.257148, "delta": 3.231096}}
{"target": 0.0034583725305106145, "params": {"0": 1.1861598318378732, "1": 0.6082958158308478, "2": -0.46861669019405827, "3": -0.6056961225588497, "4": -0.398279408074949, "5": -0.8459748491422716, "6": -2.6221092128324313, "7": -0.12728225421700312}, "datetime": {"datetime": "2021-06-29 20:34:38", "elapsed": 1171.743795, "delta": 4.486647}}
{"target": 0.003941905714693474, "params": {"0": -0.10425791628490089, "1": 0.09536225478723104, "2": -0.003251247633266008, "3": -0.24061823213355016, "4": -0.3042737233195165, "5": -1.522618853601381, "6": -2.9759185240485304, "7": -0.28995789017219487}, "datetime": {"datetime": "2021-06-29 20:34:42", "elapsed": 1175.796936, "delta": 4.053141}}
{"target": 0.0041826150309465125, "params": {"0": -0.3547674962060139, "1": 0.7581901324873175, "2": 2.6876127768420606, "3": 0.3399414576415687, "4": -1.41881192032407, "5": 0.16043649956534178, "6": -1.6631899674334119, "7": -2.9714245533448485}, "datetime": {"datetime": "2021-06-29 20:34:46", "elapsed": 1180.474481, "delta": 4.677545}}
{"target": 0.003161250697074856, "params": {"0": -2.3994217273839116, "1": -0.7790205515758046, "2": -1.3138038629934536, "3": -1.7547763950340207, "4": 0.5968583261343725, "5": 0.44462230124381863, "6": 2.086511299916884, "7": 2.2614442927216363}, "datetime": {"datetime": "2021-06-29 20:34:52", "elapsed": 1185.870665, "delta": 5.396184}}
{"target": 0.012254786374461507, "params": {"0": -0.6834022867980014, "1": -0.809562815874588, "2": 1.6190424264676055, "3": 0.11968009877455055, "4": 2.310364028079471, "5": -2.620510117040851, "6": 2.4710444954506716, "7": -2.776060216268866}, "datetime": {"datetime": "2021-06-29 20:34:58", "elapsed": 1192.158313, "delta": 6.287648}}
{"target": 0.0031415506012828064, "params": {"0": -1.6694722461355367, "1": 1.4590731114219473, "2": -1.8060829672259737, "3": -2.031127347410325, "4": 2.3944828680786934, "5": -1.429062007851817, "6": 1.074947630747726, "7": 1.1284022970076926}, "datetime": {"datetime": "2021-06-29 20:35:09", "elapsed": 1202.671459, "delta": 10.513146}}
{"target": 0.003062836658433478, "params": {"0": 0.8920321090858492, "1": 1.7561832372175026, "2": -1.5525938183918855, "3": 2.8212123349179903, "4": 0.7498637543151689, "5": -1.9662193873606595, "6": 2.8372319209293195, "7": 1.1216238157546439}, "datetime": {"datetime": "2021-06-29 20:35:13", "elapsed": 1206.699874, "delta": 4.028415}}
{"target": 0.0031442036054717577, "params": {"0": 0.8104346928345203, "1": 1.6732547414704992, "2": 0.3244312332967705, "3": 0.06195763252870856, "4": -0.23910339105821699, "5": -1.2848500076406375, "6": -2.1427164605342677, "7": -2.8558392139317927}, "datetime": {"datetime": "2021-06-29 20:35:20", "elapsed": 1213.862511, "delta": 7.162637}}
{"target": 0.002923882491283544, "params": {"0": 1.0594100812843728, "1": 1.8589812851561538, "2": 0.16906194714098222, "3": -0.25566239905382515, "4": 0.46182187042662415, "5": -1.092634091143495, "6": -1.8247999730456927, "7": -1.9865882186365469}, "datetime": {"datetime": "2021-06-29 20:35:24", "elapsed": 1218.446293, "delta": 4.583782}}
{"target": 0.003127105512042487, "params": {"0": -2.8989187192972268, "1": -1.2294415392324156, "2": 0.24164185543747685, "3": 1.7101260876858557, "4": -0.4602799598794016, "5": -2.7278508482790826, "6": 1.8701644797423818, "7": -2.0207713166284584}, "datetime": {"datetime": "2021-06-29 20:35:33", "elapsed": 1226.81643, "delta": 8.370137}}
{"target": 0.005233066503987763, "params": {"0": 0.09274055414184357, "1": -2.2410909928141267, "2": 1.2284150626836343, "3": -1.9886597277175313, "4": -0.6074169229177393, "5": 1.2075392200489725, "6": -1.7323513195610738, "7": 1.7528008352917759}, "datetime": {"datetime": "2021-06-29 20:35:38", "elapsed": 1232.280917, "delta": 5.464487}}
{"target": 0.0032619198068894874, "params": {"0": -0.04989923737733015, "1": -2.5568695772145413, "2": 1.2650633656564105, "3": -1.3478691898525041, "4": -1.3501035424764913, "5": 0.9697457797125266, "6": -1.8634483197639387, "7": 0.044087325983313}, "datetime": {"datetime": "2021-06-29 20:35:43", "elapsed": 1237.361063, "delta": 5.080146}}
{"target": 0.003978801560240335, "params": {"0": 2.702965069763197, "1": -0.1626421615596314, "2": -2.7526551451437244, "3": -0.33713321296105203, "4": 1.216156208025101, "5": -1.7987391185538646, "6": 1.8375918923737053, "7": -1.7067725404899161}, "datetime": {"datetime": "2021-06-29 20:35:48", "elapsed": 1242.000946, "delta": 4.639883}}
{"target": 0.003536774386538304, "params": {"0": -1.787068060840667, "1": 1.7495277453073044, "2": -0.7853338308459747, "3": 2.368008957797164, "4": -2.934019491742482, "5": 2.7729521251476132, "6": 1.7232296814054546, "7": 2.6794008138807257}, "datetime": {"datetime": "2021-06-29 20:35:55", "elapsed": 1248.773669, "delta": 6.772723}}
{"target": 0.0038094304477523894, "params": {"0": 1.2251092848367353, "1": -2.7829109596629844, "2": 1.5564923625800464, "3": 0.8786202241544703, "4": 0.17872653767710878, "5": -1.672370032043446, "6": -1.777230969047705, "7": -0.6415857471583815}, "datetime": {"datetime": "2021-06-29 20:35:59", "elapsed": 1252.826031, "delta": 4.052362}}
{"target": 0.004531368318487773, "params": {"0": -0.49713257568709945, "1": -2.5519451580567587, "2": 0.053851122162045684, "3": -1.6099318982712862, "4": -0.044964475538563864, "5": 0.7861965973322, "6": -1.8681994644147353, "7": 0.07329508803253582}, "datetime": {"datetime": "2021-06-29 20:36:04", "elapsed": 1258.194224, "delta": 5.368193}}
