{"target": 0.003166607967798501, "params": {"0": -1.0997388810723865, "1": -0.2454708981835072, "2": -0.7826490540818467, "3": -0.7165939252819742, "4": 2.08015709638478, "5": -1.9089132302163774, "6": 2.800116838710295, "7": -1.3827883250927833}, "datetime": {"datetime": "2021-06-29 22:59:39", "elapsed": 9960.189406, "delta": 21.516697}}
{"target": 0.0033711618974674546, "params": {"0": -2.817101971369887, "1": 2.5197225893998514, "2": 2.8200404975449107, "3": 1.6606601297799761, "4": 1.3020396412997624, "5": 0.5095611376630194, "6": -2.0575960889243765, "7": 0.2002083038277611}, "datetime": {"datetime": "2021-06-29 23:00:00", "elapsed": 9980.71734, "delta": 20.527934}}
{"target": 0.0031189762456393178, "params": {"0": 2.5261994617065637, "1": 0.2736986785964586, "2": 2.309712627451682, "3": 0.7937112019151034, "4": 1.2535466499730443, "5": -1.9649704989067884, "6": -2.5656840613606757, "7": 1.1339097441808317}, "datetime": {"datetime": "2021-06-29 23:00:15", "elapsed": 9996.029038, "delta": 15.311698}}
{"target": 0.0045507122920654015, "params": {"0": 0.05612865110221188, "1": 1.535636611227022, "2": -1.7116270558937228, "3": -0.9294466094383105, "4": -1.8012731346491235, "5": 1.4225951761733375, "6": -0.5373469374312112, "7": 2.3906973797904723}, "datetime": {"datetime": "2021-06-29 23:00:33", "elapsed": 10014.318702, "delta": 18.289664}}
{"target": 0.14423522148318238, "params": {"0": 0.8964890073851715, "1": -2.0410104299336194, "2": 0.10236391206111062, "3": -1.7149177972129337, "4": 1.901981085078872, "5": -1.9819851589272641, "6": 2.886458855472931, "7": -0.7066120977742392}, "datetime": {"datetime": "2021-06-29 23:01:11", "elapsed": 10052.436219, "delta": 38.117517}}
{"target": 0.011538848569254212, "params": {"0": 1.13631705921419, "1": -1.8440537552620644, "2": 0.6930628220264348, "3": -1.7405632466422316, "4": 0.38796406401650785, "5": -0.2576262953129982, "6": 1.727745832392034, "7": -1.677817842372737}, "datetime": {"datetime": "2021-06-29 23:01:40", "elapsed": 10081.436087, "delta": 28.999868}}
{"target": 0.0031265005214005928, "params": {"0": 1.0459059959322836, "1": -2.299892608308275, "2": -1.0363387345154615, "3": 2.8626099196053145, "4": -0.1784994229676431, "5": 0.6785173147449193, "6": 0.47784823786464514, "7": -0.42171886033765205}, "datetime": {"datetime": "2021-06-29 23:01:59", "elapsed": 10100.040842, "delta": 18.604755}}
{"target": 0.005382727264939246, "params": {"0": 2.8335623266953016, "1": 0.030912387689014054, "2": -2.41490773091898, "3": -0.2246068177506153, "4": -2.4680392044634556, "5": -0.42271120436773746, "6": -0.1026825299732872, "7": -0.012622938416362306}, "datetime": {"datetime": "2021-06-29 23:02:14", "elapsed": 10115.477046, "delta": 15.436204}}
{"target": 0.003073414198812169, "params": {"0": -2.1054328874114088, "1": -0.6513517812474134, "2": 0.4978624767992992, "3": -2.8292004187101973, "4": 2.312806823124628, "5": -1.7937135353113807, "6": 2.354072702064788, "7": -0.6933176041559386}, "datetime": {"datetime": "2021-06-29 23:02:34", "elapsed": 10134.713024, "delta": 19.235978}}
{"target": 0.003252329712185992, "params": {"0": 0.48481320031427266, "1": -2.9368451792412458, "2": -0.5200174523787551, "3": 1.9111438583416724, "4": -2.3322378282062184, "5": 0.08655761406969731, "6": 1.858249329763427, "7": 1.6240011998059227}, "datetime": {"datetime": "2021-06-29 23:02:56", "elapsed": 10157.037354, "delta": 22.32433}}
{"target": 0.004560598146269871, "params": {"0": 0.4093015018226147, "1": 0.05507953342709282, "2": -2.5021328755151058, "3": -2.42084295666612, "4": -0.023555176919967558, "5": 1.779569725198562, "6": 2.111031124129374, "7": 0.4493228985355655}, "datetime": {"datetime": "2021-06-29 23:03:08", "elapsed": 10169.142987, "delta": 12.105633}}
{"target": 0.004520704832676892, "params": {"0": -1.5746868321435386, "1": -0.16902113576088773, "2": 0.5657000084685202, "3": 1.479670073927399, "4": 0.09637165347799925, "5": -1.5866895321467482, "6": -2.362538463455855, "7": -2.9195226230161233}, "datetime": {"datetime": "2021-06-29 23:03:25", "elapsed": 10185.958267, "delta": 16.81528}}
{"target": 0.003146258057213031, "params": {"0": -1.8413085280082826, "1": 0.08094517185862049, "2": 1.3059197634010067, "3": -2.7394373384180257, "4": -2.6697887765263006, "5": 2.759333870248314, "6": 2.310675647989255, "7": -1.4377831863293191}, "datetime": {"datetime": "2021-06-29 23:03:48", "elapsed": 10208.809993, "delta": 22.851726}}
{"target": 0.005136551831217586, "params": {"0": 0.5875259190470659, "1": 2.3445754316875735, "2": -2.6718047704188885, "3": -2.1474643478777358, "4": -0.31852635071729374, "5": 1.6483849885556339, "6": 1.446916716535915, "7": 1.2006262789953084}, "datetime": {"datetime": "2021-06-29 23:04:03", "elapsed": 10223.573546, "delta": 14.763553}}
{"target": 0.0034490786291868037, "params": {"0": -2.2526036090296215, "1": 0.40825977547066294, "2": 2.580200457954083, "3": 0.7490390279236792, "4": -0.18950060854077622, "5": -0.7603735092353743, "6": 2.041234562947986, "7": 1.7840492335365434}, "datetime": {"datetime": "2021-06-29 23:04:20", "elapsed": 10241.053845, "delta": 17.480299}}
{"target": 0.009280457432213, "params": {"0": -1.1983479661774066, "1": -2.983557915357944, "2": 1.405064718994761, "3": -2.7501487229819714, "4": 2.4197822980934847, "5": 0.9416663919420283, "6": 2.18640113688389, "7": -1.3091565762369977}, "datetime": {"datetime": "2021-06-29 23:04:44", "elapsed": 10264.929128, "delta": 23.875283}}
{"target": 0.004847860484426139, "params": {"0": -1.7948916319487036, "1": -0.4808436356566155, "2": 1.2079523618921986, "3": -2.966173258414865, "4": 0.5762127353223745, "5": -0.5789540032277638, "6": 0.3480757626246165, "7": 2.8697600990000707}, "datetime": {"datetime": "2021-06-29 23:05:03", "elapsed": 10283.916231, "delta": 18.987103}}
{"target": 0.0036331443688559168, "params": {"0": 0.6450822639800258, "1": -0.45013781185300905, "2": -1.0297346833175658, "3": 1.7413952024795663, "4": 2.8272266208918264, "5": -1.234460023389175, "6": -1.4937263678439923, "7": -0.9780586971929646}, "datetime": {"datetime": "2021-06-29 23:05:24", "elapsed": 10305.370755, "delta": 21.454524}}
{"target": 0.0030845216150184205, "params": {"0": 1.6012259413185737, "1": 0.07856070149923688, "2": -1.0722484957687033, "3": -2.1072737507484556, "4": 1.609332376916642, "5": -2.826369582598804, "6": 0.4026972230168342, "7": 0.5664389613539114}, "datetime": {"datetime": "2021-06-29 23:05:58", "elapsed": 10338.621331, "delta": 33.250576}}
{"target": 0.0035139324432393996, "params": {"0": 2.831287133017577, "1": 0.3303492685974865, "2": -1.0036326055398535, "3": 1.891886102063335, "4": -1.473824636072688, "5": -2.009713929993446, "6": -2.810857632487978, "7": -2.4496965540630122}, "datetime": {"datetime": "2021-06-29 23:06:18", "elapsed": 10358.836562, "delta": 20.215231}}
{"target": 0.003841293863774001, "params": {"0": -1.2473395287187807, "1": -1.2602488292782985, "2": -1.5751233924741688, "3": -2.9731153639810537, "4": -2.3929802121627066, "5": 2.473710088348465, "6": -1.0108491822823287, "7": 2.6361453908996673}, "datetime": {"datetime": "2021-06-29 23:06:44", "elapsed": 10385.246711, "delta": 26.410149}}
{"target": 0.0031955464700836956, "params": {"0": 1.0487534306018649, "1": 2.85805209304025, "2": 0.7633579552563465, "3": 0.6693786843660359, "4": -0.7437702532042536, "5": -1.5981138829859114, "6": -2.9802106530612935, "7": 0.546907168755574}, "datetime": {"datetime": "2021-06-29 23:07:02", "elapsed": 10403.033531, "delta": 17.78682}}
{"target": 0.002917234515417051, "params": {"0": 2.836968154598356, "1": -2.9863926868617234, "2": 1.0407192434924113, "3": 2.468670679037823, "4": -0.28115512369663964, "5": 1.0402164951113306, "6": -2.3244297422718985, "7": 0.8740198219582922}, "datetime": {"datetime": "2021-06-29 23:07:24", "elapsed": 10424.857914, "delta": 21.824383}}
{"target": 0.003699658355156905, "params": {"0": -2.4722135027651824, "1": 2.1247443486852324, "2": -2.3121927960839974, "3": -2.5881238097482555, "4": -2.6342879490855413, "5": -2.2536185353519116, "6": -2.5484926395077716, "7": -0.48124747732075157}, "datetime": {"datetime": "2021-06-29 23:07:53", "elapsed": 10454.231942, "delta": 29.374028}}
{"target": 0.0049238010086626776, "params": {"0": 1.052431674586284, "1": 2.9324281910840293, "2": -0.9881543669814912, "3": -1.0448964968818886, "4": 2.2953840886386914, "5": -2.2236942634256813, "6": -0.06751228801491393, "7": -1.9108089937194146}, "datetime": {"datetime": "2021-06-29 23:08:09", "elapsed": 10469.636752, "delta": 15.40481}}
{"target": 0.003872194931493802, "params": {"0": -1.5124024244160592, "1": -2.162564971510402, "2": 0.8955186396710886, "3": -0.3397960107922078, "4": 0.40660378886754955, "5": 1.0915679385744639, "6": -2.4732057788436324, "7": -0.44106658512126007}, "datetime": {"datetime": "2021-06-29 23:08:30", "elapsed": 10490.710361, "delta": 21.073609}}
{"target": 0.003407407238933382, "params": {"0": -0.681969506266995, "1": 1.2958468223880049, "2": -0.9461692280527201, "3": 2.745016805199226, "4": -0.5559016573958635, "5": 2.7564906170472385, "6": -2.567980287368892, "7": 1.3581106136863736}, "datetime": {"datetime": "2021-06-29 23:08:47", "elapsed": 10507.971118, "delta": 17.260757}}
{"target": 0.0032222350159176773, "params": {"0": 1.4559202411478216, "1": 2.3320413953558843, "2": 0.2817063326513418, "3": 2.050092782804528, "4": 2.1390494710085015, "5": 2.981597698385924, "6": -0.248251374270958, "7": 0.9344956966310844}, "datetime": {"datetime": "2021-06-29 23:09:15", "elapsed": 10535.6753, "delta": 27.704182}}
{"target": 0.10363321846674985, "params": {"0": 0.8725176859751178, "1": -0.6543510342375036, "2": -0.08712702138188977, "3": -2.234659268795313, "4": 1.737144238562684, "5": -2.5505722615867645, "6": 1.1485885111124112, "7": -0.051981769021845814}, "datetime": {"datetime": "2021-06-29 23:09:47", "elapsed": 10567.530515, "delta": 31.855215}}
{"target": 0.0036043794902376317, "params": {"0": -0.3000870533187028, "1": 2.1699956021889264, "2": -0.3595502697726074, "3": 1.129951708344736, "4": -1.7450651898859497, "5": -2.001401328276617, "6": -0.04600623411708549, "7": 0.0029614896931517976}, "datetime": {"datetime": "2021-06-29 23:10:03", "elapsed": 10583.634426, "delta": 16.103911}}
{"target": 0.0032446774157843163, "params": {"0": 2.440989442985498, "1": 1.5556135208985484, "2": -1.8462973234970212, "3": 1.4454136857921078, "4": -0.7621347480726177, "5": -2.3978032306944383, "6": -1.9149605468636837, "7": -2.2690155090937725}, "datetime": {"datetime": "2021-06-29 23:10:22", "elapsed": 10603.18088, "delta": 19.546454}}
{"target": 0.003951244466905642, "params": {"0": 1.1674727687178699, "1": 1.5966792890675974, "2": -1.1450044503505539, "3": -0.7904715766068389, "4": -1.6046561957320216, "5": 1.308459519991235, "6": 2.701865449487615, "7": -2.4814806142955543}, "datetime": {"datetime": "2021-06-29 23:10:49", "elapsed": 10630.406, "delta": 27.22512}}
{"target": 0.004105900904257303, "params": {"0": 0.9827276172210411, "1": -0.9585503301542992, "2": 0.012762716982542166, "3": -0.4786022241669965, "4": -2.680392590160599, "5": -2.8257491299750797, "6": -1.4122800310980523, "7": -2.6792895820501164}, "datetime": {"datetime": "2021-06-29 23:11:12", "elapsed": 10652.724855, "delta": 22.318855}}
{"target": 0.0033029917843703295, "params": {"0": 2.699175038460524, "1": 2.228996812891702, "2": -2.028961139110531, "3": 2.4503305904600348, "4": 2.629704461798835, "5": 2.640862902636087, "6": 2.661551310000557, "7": -1.634202886335356}, "datetime": {"datetime": "2021-06-29 23:11:33", "elapsed": 10674.202278, "delta": 21.477423}}
{"target": 0.007240298623074675, "params": {"0": -0.2233307539560312, "1": 1.1704681531406038, "2": -2.3470825103502317, "3": 1.0449267236981319, "4": 2.880594406001851, "5": -1.0228327587697654, "6": -2.849902518277834, "7": -2.456565912514911}, "datetime": {"datetime": "2021-06-29 23:11:54", "elapsed": 10694.784671, "delta": 20.582393}}
{"target": 0.0032236645576700983, "params": {"0": -0.9894726461305421, "1": -0.8997043037985017, "2": -0.7817974162949888, "3": -2.9410058578088734, "4": 0.9450531373856847, "5": 2.2973333731043972, "6": -1.524025307616232, "7": -0.8228551080264741}, "datetime": {"datetime": "2021-06-29 23:12:13", "elapsed": 10713.605598, "delta": 18.820927}}
{"target": 0.0038746618342491534, "params": {"0": 1.0365048768453722, "1": 0.5283199164874492, "2": -0.052157618001659856, "3": 1.2211642269566498, "4": -2.8832459930036487, "5": -2.2931888243034724, "6": 2.1359001256364394, "7": 2.596275589522546}, "datetime": {"datetime": "2021-06-29 23:12:33", "elapsed": 10733.707417, "delta": 20.101819}}
{"target": 0.003973599834761496, "params": {"0": 0.12991569085534582, "1": 0.47045449423047225, "2": -0.17079994207720084, "3": -0.6849067040863352, "4": 0.10033056909082205, "5": -1.1171816829613057, "6": -2.5009659899302132, "7": 0.02707992296225914}, "datetime": {"datetime": "2021-06-29 23:12:52", "elapsed": 10753.199613, "delta": 19.492196}}
{"target": 0.003261191466666546, "params": {"0": 1.1916046412809278, "1": -1.5116192807312336, "2": 1.8736361180921213, "3": -1.1048947946560823, "4": 0.1567677545266446, "5": -0.16026249090822242, "6": 1.8539140306086273, "7": 2.991907537772641}, "datetime": {"datetime": "2021-06-29 23:13:06", "elapsed": 10766.832261, "delta": 13.632648}}
{"target": 0.0035034012913049066, "params": {"0": 1.133713966304347, "1": 0.8052330951430005, "2": -0.644828204307351, "3": -1.762563407341715, "4": -0.5632097946922752, "5": -0.3468765592884422, "6": 2.5255796766440204, "7": -0.7779219354999709}, "datetime": {"datetime": "2021-06-29 23:13:38", "elapsed": 10799.481683, "delta": 32.649422}}
{"target": 0.0031093975583874937, "params": {"0": -0.5566401795805347, "1": 1.2696111982724467, "2": -1.1599677554943952, "3": 2.3920141374157318, "4": 2.3130231175872042, "5": -2.037348255620034, "6": 2.7311523869837044, "7": 2.4651739367183954}, "datetime": {"datetime": "2021-06-29 23:14:31", "elapsed": 10851.687785, "delta": 52.206102}}
{"target": 0.44862880990398274, "params": {"0": 0.7578832911177886, "1": 2.4359851049221355, "2": -0.16556635987328594, "3": -2.113745924362911, "4": -1.6088171224476937, "5": -0.41852971379268133, "6": 2.6256252675486165, "7": -1.2965495306241086}, "datetime": {"datetime": "2021-06-29 23:15:20", "elapsed": 10901.425281, "delta": 49.737496}}
{"target": 0.0029045887004594414, "params": {"0": 1.8091545736294172, "1": 2.1496090833969586, "2": 2.7712453895700744, "3": 2.8614115281755392, "4": 2.8215584589081324, "5": 1.2079422918108955, "6": -1.8214804633136918, "7": -0.6881803735100429}, "datetime": {"datetime": "2021-06-29 23:15:34", "elapsed": 10915.500524, "delta": 14.075243}}
{"target": 0.003268672305732722, "params": {"0": 1.9712224167115373, "1": 0.44390416671406374, "2": -0.32998783385924346, "3": -1.1810629924554064, "4": 0.37812129643785486, "5": -2.772905706050482, "6": 1.8446309163254977, "7": -0.5021238116217042}, "datetime": {"datetime": "2021-06-29 23:16:11", "elapsed": 10952.176068, "delta": 36.675544}}
{"target": 0.0030816111697846145, "params": {"0": -2.3473966111740925, "1": -0.1641134324094864, "2": 0.45853259192802387, "3": 1.153978319072631, "4": 2.5895203453933817, "5": -2.141460081925379, "6": -1.9029660756680367, "7": 1.464320004035816}, "datetime": {"datetime": "2021-06-29 23:16:34", "elapsed": 10975.433002, "delta": 23.256934}}
{"target": 0.0029056458287349835, "params": {"0": -2.1463630418096997, "1": 2.544952098716143, "2": 0.6193544551524619, "3": -0.4698881324136748, "4": 2.9060726932428773, "5": -0.7339753610130968, "6": 1.684560413314471, "7": -1.5117654525331428}, "datetime": {"datetime": "2021-06-29 23:16:53", "elapsed": 10994.354652, "delta": 18.92165}}
{"target": 0.0051414970166454264, "params": {"0": -0.03840930902983741, "1": -0.9844189164937518, "2": -0.19337704381894483, "3": -2.186964814972225, "4": -1.159814832163894, "5": -2.185300693918332, "6": 2.4086747356897495, "7": 0.7203012495567407}, "datetime": {"datetime": "2021-06-29 23:17:08", "elapsed": 11009.326172, "delta": 14.97152}}
{"target": 0.007786380614588871, "params": {"0": -1.7423907511797856, "1": 2.8649760568574516, "2": -1.6023914539815611, "3": -2.5613320731999476, "4": 0.6516836314971237, "5": -1.828855882565953, "6": -1.0572016052071214, "7": -0.37076483270685934}, "datetime": {"datetime": "2021-06-29 23:17:26", "elapsed": 11027.136268, "delta": 17.810096}}
{"target": 0.0033755514593871053, "params": {"0": -2.025432304813962, "1": -0.789227336720904, "2": -2.6214699324364776, "3": 1.9509373403990775, "4": -2.1387253349129645, "5": -1.006751943838006, "6": 1.9913711975195199, "7": 1.9109226778653863}, "datetime": {"datetime": "2021-06-29 23:17:50", "elapsed": 11050.550966, "delta": 23.414698}}
{"target": 0.004248059728632706, "params": {"0": -0.48834522274786263, "1": 2.253164278417078, "2": 1.2769863939348483, "3": 2.686304115490856, "4": 1.3336613058969942, "5": -0.7533542645231517, "6": 2.1816859953082925, "7": 1.7648091546268496}, "datetime": {"datetime": "2021-06-29 23:18:07", "elapsed": 11067.566552, "delta": 17.015586}}
{"target": 0.005399290032370576, "params": {"0": -2.829194116269397, "1": 1.5052460034025348, "2": 1.7869658674382443, "3": -2.7381141834714935, "4": 0.24715812444609053, "5": 2.037343463037832, "6": 2.9754979940458908, "7": -1.9284425308603244}, "datetime": {"datetime": "2021-06-29 23:18:33", "elapsed": 11094.473353, "delta": 26.906801}}
{"target": 0.0037264962684472455, "params": {"0": 2.8686082501929473, "1": 1.921839827259598, "2": 1.1045548151064404, "3": 1.4407041746353562, "4": -0.28305942193698375, "5": -0.5188415762407574, "6": -2.797088831376117, "7": -1.2529398368798068}, "datetime": {"datetime": "2021-06-29 23:18:53", "elapsed": 11114.248623, "delta": 19.77527}}
{"target": 0.01627725721972142, "params": {"0": 2.0943335338814624, "1": -0.5049105610588578, "2": -0.9974165780929383, "3": -1.6106678002145858, "4": 1.7349666500465952, "5": -2.2322210785780157, "6": 0.8694189281037223, "7": -0.7438402006841365}, "datetime": {"datetime": "2021-06-29 23:19:24", "elapsed": 11144.758108, "delta": 30.509485}}
{"target": 0.00383256416594372, "params": {"0": -2.382836985454558, "1": 2.0072486512926746, "2": -1.6966016456074653, "3": -0.7697644932149847, "4": -1.0120117647921583, "5": 0.27948275791923205, "6": -1.6139594866709126, "7": -1.2412976104773934}, "datetime": {"datetime": "2021-06-29 23:19:41", "elapsed": 11162.354155, "delta": 17.596047}}
{"target": 0.0475888159036242, "params": {"0": 2.451244399893824, "1": -0.6951891051388022, "2": -0.6059726317381546, "3": -1.3027827270775374, "4": 2.3134942990441747, "5": -2.1850934521374192, "6": 0.0991049590887414, "7": -1.14335553496499}, "datetime": {"datetime": "2021-06-29 23:20:08", "elapsed": 11188.638575, "delta": 26.28442}}
{"target": 0.005841910713532399, "params": {"0": -1.0682702751028972, "1": 0.21063954156013143, "2": 2.3551635490930254, "3": -1.5872028198706207, "4": -0.25877388748638364, "5": -2.588409691105543, "6": -1.6771379814014524, "7": -2.423775387052666}, "datetime": {"datetime": "2021-06-29 23:20:30", "elapsed": 11210.693557, "delta": 22.054982}}
{"target": 0.005623574193555337, "params": {"0": 1.8743909597394284, "1": -1.8771482613295265, "2": 2.687753209602005, "3": -2.4123308738382443, "4": -1.3487294742152105, "5": -2.195719621022934, "6": -2.621381693741794, "7": 2.2344077434172736}, "datetime": {"datetime": "2021-06-29 23:20:46", "elapsed": 11226.748456, "delta": 16.054899}}
{"target": 0.010497879280147261, "params": {"0": 2.7093355120192886, "1": -2.673398487322766, "2": -0.16694883298506635, "3": -0.6644114368667333, "4": -2.139419069461412, "5": 0.6729085785908842, "6": -1.9371572093452516, "7": 1.7572799136394268}, "datetime": {"datetime": "2021-06-29 23:21:13", "elapsed": 11253.797998, "delta": 27.049542}}
{"target": 0.0032961874716690336, "params": {"0": -1.9286757699811214, "1": 0.9683667844742931, "2": -0.6957145953793509, "3": 1.1822559794741787, "4": 1.8340570377895276, "5": -2.033451022226062, "6": 2.8968968803024735, "7": 2.0392046283374894}, "datetime": {"datetime": "2021-06-29 23:21:27", "elapsed": 11268.121099, "delta": 14.323101}}
{"target": 0.006417183437599731, "params": {"0": 0.7012837243758283, "1": -1.432651226511558, "2": 0.6852958461885512, "3": -2.437444022393523, "4": -0.4999753615870284, "5": 2.0057771486898766, "6": -1.0966879575779396, "7": 2.1103609876188933}, "datetime": {"datetime": "2021-06-29 23:21:48", "elapsed": 11289.473192, "delta": 21.352093}}
{"target": 0.01540030894927977, "params": {"0": -0.0017653977335472248, "1": 0.39210835222282414, "2": -1.8075144699036294, "3": 1.5460253657458711, "4": -2.604165880212263, "5": -1.6377186835149207, "6": -1.491318057354887, "7": 2.448962002400851}, "datetime": {"datetime": "2021-06-29 23:22:12", "elapsed": 11313.14111, "delta": 23.667918}}
{"target": 0.00348802781490945, "params": {"0": -1.1573904965945079, "1": 2.476903404816805, "2": 0.7967533107804012, "3": -1.7225614299457597, "4": -1.5699809526525896, "5": 2.9484103002148956, "6": 2.8763422196610255, "7": -2.1934771263956856}, "datetime": {"datetime": "2021-06-29 23:22:34", "elapsed": 11335.408891, "delta": 22.267781}}
{"target": 0.002913891321629339, "params": {"0": 0.9520812637747644, "1": 1.9276532374957869, "2": 0.7403310010775996, "3": 2.583026954031933, "4": -2.286634245354958, "5": 0.2322840648796589, "6": 1.878578149349285, "7": 0.7073209931472153}, "datetime": {"datetime": "2021-06-29 23:22:52", "elapsed": 11352.544089, "delta": 17.135198}}
{"target": 0.00509722396931983, "params": {"0": 2.0409090269707697, "1": -0.37247326859193475, "2": -1.4428402755657108, "3": -0.4250669697906879, "4": -0.0991418169795728, "5": -0.5454758534765105, "6": -1.0582687941043538, "7": 1.174513716659927}, "datetime": {"datetime": "2021-06-29 23:23:29", "elapsed": 11390.208046, "delta": 37.663957}}
