{"target": 0.01869863624868528, "params": {"0": 0.29928343208382113, "1": -1.9738776850694997, "2": -2.982672732477843, "3": -0.48668968849151195, "4": -2.3107325062875503, "5": 1.440278882235762, "6": -2.5542926087815685, "7": -2.089934347896227}, "datetime": {"datetime": "2021-06-29 20:36:21", "elapsed": 1362.028245, "delta": 6.094811}}
{"target": 0.0033960751041745927, "params": {"0": 2.3526378193574082, "1": 2.1246003604120762, "2": 0.7279465378857033, "3": -1.8131987711353035, "4": 0.18126657992230033, "5": -2.2397448829635858, "6": -0.6146841088170567, "7": -1.448033028356818}, "datetime": {"datetime": "2021-06-29 20:36:26", "elapsed": 1367.594476, "delta": 5.566231}}
{"target": 0.0032548667780981904, "params": {"0": 2.615623693924591, "1": 1.8258677096365705, "2": -2.7635788708956106, "3": -1.9671201891377181, "4": -1.0797247539437418, "5": 1.301632135048278, "6": 2.0757920378415724, "7": -0.9413784275098109}, "datetime": {"datetime": "2021-06-29 20:36:29", "elapsed": 1370.347562, "delta": 2.753086}}
{"target": 0.0031165098249231558, "params": {"0": -2.968049600638923, "1": -0.7496334202321835, "2": 2.809297557253993, "3": -0.8168869052852874, "4": -0.9293952561945185, "5": 2.7074787896555987, "6": -2.253782200612749, "7": 1.6451741271216163}, "datetime": {"datetime": "2021-06-29 20:36:36", "elapsed": 1377.407762, "delta": 7.0602}}
{"target": 0.005706952806367632, "params": {"0": -1.9161182547214546, "1": -2.846194715832323, "2": 2.573266126843551, "3": 1.9148069509826247, "4": 0.06411318888033257, "5": 1.3734672048027425, "6": 0.5029389635215997, "7": -2.9920143022888004}, "datetime": {"datetime": "2021-06-29 20:36:40", "elapsed": 1381.632392, "delta": 4.22463}}
{"target": 0.003655969029136592, "params": {"0": -2.0549353881116392, "1": -0.8546423151730558, "2": 0.5228132019352518, "3": 1.7787205718163692, "4": -0.6538711066444725, "5": -1.3909505599388816, "6": -2.8121779722207707, "7": 2.590593046375087}, "datetime": {"datetime": "2021-06-29 20:36:45", "elapsed": 1386.283206, "delta": 4.650814}}
{"target": 0.0032073821056965448, "params": {"0": 2.698518572170177, "1": 0.1575618630245108, "2": -1.6313837404244436, "3": 1.362589697378974, "4": -2.190709774992321, "5": 2.3394687479810132, "6": -2.0817309431207955, "7": -1.0051837860492518}, "datetime": {"datetime": "2021-06-29 20:36:51", "elapsed": 1391.828484, "delta": 5.545278}}
{"target": 0.0032820035638224817, "params": {"0": 2.6171109352207393, "1": -1.2103433242255157, "2": 1.3507287007464779, "3": 1.519965109694124, "4": -2.041665603356946, "5": 0.36229469600899433, "6": 0.9432550014387542, "7": 2.2174421397595667}, "datetime": {"datetime": "2021-06-29 20:36:53", "elapsed": 1394.684953, "delta": 2.856469}}
{"target": 0.004999131714213562, "params": {"0": -1.4543011430075776, "1": -1.8424119035647035, "2": 1.0266390783564532, "3": -2.746698321814713, "4": 2.398494232727897, "5": -2.9587357474344493, "6": -0.4702310890792498, "7": -0.6254858703212545}, "datetime": {"datetime": "2021-06-29 20:36:59", "elapsed": 1400.281843, "delta": 5.59689}}
{"target": 0.003529710841141163, "params": {"0": -0.6678280180946272, "1": 0.5109020523299748, "2": 2.482448193801713, "3": 0.9766554919257198, "4": 0.7986723390284709, "5": 0.8372123367935078, "6": 2.524854158868343, "7": -1.8516920371447767}, "datetime": {"datetime": "2021-06-29 20:37:03", "elapsed": 1404.304988, "delta": 4.023145}}
{"target": 0.002988290650130322, "params": {"0": -1.9148359673537523, "1": 2.556913213219932, "2": 1.3559922862067237, "3": -2.248941207034632, "4": -0.11202575793965686, "5": 2.581178806019384, "6": 1.8841855895064956, "7": 1.7596573021397717}, "datetime": {"datetime": "2021-06-29 20:37:07", "elapsed": 1407.792444, "delta": 3.487456}}
{"target": 0.021623035242502763, "params": {"0": -2.820596914042034, "1": 0.5344443290146614, "2": -2.572733841567793, "3": 1.0129244904767667, "4": 2.8621846738942276, "5": -1.6372148679475287, "6": 2.193627155502587, "7": -2.844108629700736}, "datetime": {"datetime": "2021-06-29 20:37:10", "elapsed": 1411.010122, "delta": 3.217678}}
{"target": 0.00323505368244921, "params": {"0": 0.6061549720714554, "1": -2.457259503325203, "2": 2.372949851468504, "3": -1.3912679040718428, "4": 0.13074778521900843, "5": 0.6527007960789906, "6": -1.8874115060922856, "7": 0.7098348911631982}, "datetime": {"datetime": "2021-06-29 20:37:15", "elapsed": 1416.262068, "delta": 5.251946}}
{"target": 0.009981518433750954, "params": {"0": -2.482025627943078, "1": 2.217612493876482, "2": -0.5089574691880983, "3": 0.9016367447767832, "4": -0.22829962367045376, "5": -2.617220122047966, "6": -0.7374210903500833, "7": -2.2010122892098423}, "datetime": {"datetime": "2021-06-29 20:37:20", "elapsed": 1420.7474, "delta": 4.485332}}
{"target": 0.003837403201630589, "params": {"0": 0.9925500059084458, "1": -0.15897887381871012, "2": -0.554029869800789, "3": 1.6258164236819699, "4": 0.10139166299617886, "5": 1.0024809508773762, "6": -0.3724753535461538, "7": 1.7536034009248782}, "datetime": {"datetime": "2021-06-29 20:37:24", "elapsed": 1425.392568, "delta": 4.645168}}
{"target": 0.004538914709587484, "params": {"0": -2.484906262402615, "1": 2.677890561273794, "2": -2.6338285294619483, "3": -1.4453310496060123, "4": 0.28120480275171333, "5": -0.7520347609176676, "6": -1.8649534788828026, "7": 2.6222647973825737}, "datetime": {"datetime": "2021-06-29 20:37:29", "elapsed": 1429.894952, "delta": 4.502384}}
{"target": 0.0056593089152470535, "params": {"0": 0.4619481351565229, "1": 0.6390663230813036, "2": 0.4973647280194511, "3": 0.6730139208903223, "4": -2.9875987679608413, "5": -1.7266807528791925, "6": 0.10001826439534334, "7": -2.6778500610939133}, "datetime": {"datetime": "2021-06-29 20:37:34", "elapsed": 1435.062854, "delta": 5.167902}}
{"target": 0.0034481140941941767, "params": {"0": 0.00267805384014963, "1": -0.673224006927744, "2": 0.9316468228440709, "3": 2.860107917283763, "4": 0.4239552661387407, "5": -1.1776392619541913, "6": 2.331881523167146, "7": -0.36622691025892884}, "datetime": {"datetime": "2021-06-29 20:37:42", "elapsed": 1443.59575, "delta": 8.532896}}
{"target": 0.003104839070244991, "params": {"0": 2.4421944186814386, "1": -0.17339438650981442, "2": 0.17221283970531465, "3": -0.5338109558674473, "4": 0.5263721071670364, "5": 0.4752082110633076, "6": -1.864971229664555, "7": -2.916332004319954}, "datetime": {"datetime": "2021-06-29 20:37:47", "elapsed": 1448.535651, "delta": 4.939901}}
{"target": 0.0031423963290217968, "params": {"0": 1.5659678983870364, "1": 1.3084644087589803, "2": -2.3960899786094068, "3": -1.3590767582317382, "4": 1.0427532264380943, "5": 1.530471808630903, "6": 2.529764231354564, "7": -0.9444841388593663}, "datetime": {"datetime": "2021-06-29 20:37:52", "elapsed": 1453.429191, "delta": 4.89354}}
{"target": 0.003664715059550044, "params": {"0": 0.15328220034964612, "1": 2.2465460416883634, "2": -2.578921227378727, "3": 0.6578468065629663, "4": -1.9502025518148751, "5": -2.9131677180872977, "6": 0.33068423088203547, "7": 0.055204237720045235}, "datetime": {"datetime": "2021-06-29 20:37:55", "elapsed": 1455.731956, "delta": 2.302765}}
{"target": 0.003228252063386469, "params": {"0": 2.346649260276825, "1": -0.41861286429882005, "2": -1.4150735865753679, "3": -2.0482520226537346, "4": 0.11830076051635086, "5": 0.053045630328320215, "6": 1.5822116342170265, "7": 0.09310976363094703}, "datetime": {"datetime": "2021-06-29 20:38:00", "elapsed": 1461.47799, "delta": 5.746034}}
{"target": 0.004833297335365611, "params": {"0": 0.3660478908378577, "1": -0.025361949267350248, "2": -2.251050914625595, "3": -0.4837545033190729, "4": -0.37518797741005994, "5": 2.0968276685691816, "6": -0.551458969047407, "7": 1.0985511558042251}, "datetime": {"datetime": "2021-06-29 20:38:09", "elapsed": 1470.264923, "delta": 8.786933}}
{"target": 0.0030699731006420205, "params": {"0": 2.158322450790254, "1": 0.514099700892924, "2": -0.29453923721961095, "3": 2.6170517904104837, "4": 0.08665080257709423, "5": 2.1650010440153347, "6": 2.453112376949245, "7": -1.9451008548327409}, "datetime": {"datetime": "2021-06-29 20:38:12", "elapsed": 1473.529579, "delta": 3.264656}}
{"target": 0.003523949823661837, "params": {"0": 1.0294910221950708, "1": -0.964676034784349, "2": -0.6118123126239383, "3": 1.9750583987774917, "4": -0.6656234369198417, "5": -1.901004744125321, "6": -1.212675199509892, "7": 2.7897900616935916}, "datetime": {"datetime": "2021-06-29 20:38:17", "elapsed": 1477.854512, "delta": 4.324933}}
{"target": 0.0033267670292339443, "params": {"0": 1.685863350699754, "1": -0.49961462635978293, "2": 2.216413554793502, "3": -2.7518508349006576, "4": -1.776543751524796, "5": -1.9257126563621647, "6": -0.382261559271563, "7": -1.789972726521693}, "datetime": {"datetime": "2021-06-29 20:38:22", "elapsed": 1482.797754, "delta": 4.943242}}
{"target": 0.0032119841733421525, "params": {"0": 0.9287803491141986, "1": -0.9391246401370337, "2": 1.871585879897701, "3": 0.7638842482306298, "4": 0.8882074482198896, "5": -0.7243080581107049, "6": -0.36554740169843836, "7": -2.5649825796822325}, "datetime": {"datetime": "2021-06-29 20:38:26", "elapsed": 1487.031895, "delta": 4.234141}}
{"target": 0.0031394722863668807, "params": {"0": 0.5955918548347481, "1": -2.83039725316324, "2": 1.540275033653046, "3": -1.4941732979877373, "4": 0.16591328003276296, "5": 2.273991186831805, "6": -2.0895886448743743, "7": 0.6804969074143381}, "datetime": {"datetime": "2021-06-29 20:38:30", "elapsed": 1491.583027, "delta": 4.551132}}
{"target": 0.003254098191902703, "params": {"0": -2.575818619991558, "1": 0.6197908454883292, "2": -2.573188128728183, "3": 2.798439050351991, "4": -2.0520371717085197, "5": 0.7681865835605559, "6": -2.3801863631296856, "7": -1.185926623956221}, "datetime": {"datetime": "2021-06-29 20:38:36", "elapsed": 1497.625977, "delta": 6.04295}}
{"target": 0.0030174340652633956, "params": {"0": 2.3584267933719136, "1": 1.6327824508710336, "2": -0.1547759693646622, "3": 0.4813195259348797, "4": -1.1494636914967826, "5": -1.967079209500274, "6": -1.6340326019469933, "7": 2.0251285657997595}, "datetime": {"datetime": "2021-06-29 20:38:54", "elapsed": 1515.173724, "delta": 17.547747}}
{"target": 0.006749342205064859, "params": {"0": 1.614147120565434, "1": -2.249794537131093, "2": -2.5542939800453444, "3": 0.3425034791099164, "4": -2.571805630638131, "5": 1.9831577003092047, "6": 1.3739301369226906, "7": -2.910462119907945}, "datetime": {"datetime": "2021-06-29 20:39:00", "elapsed": 1521.691567, "delta": 6.517843}}
{"target": 0.0035790396994078008, "params": {"0": 0.5376221035315867, "1": -1.0764557705337305, "2": 1.896935291803377, "3": 1.419321054640112, "4": -0.6402481271994169, "5": -2.3482827640334905, "6": -2.0680287792203433, "7": -0.0628313091733288}, "datetime": {"datetime": "2021-06-29 20:39:07", "elapsed": 1528.099191, "delta": 6.407624}}
{"target": 0.0028850239891651404, "params": {"0": -0.6465583996516693, "1": -1.8153440728508168, "2": -0.8437075406267134, "3": 1.633317418250602, "4": 1.615600389578451, "5": 0.009487226879638655, "6": -0.4205064259162299, "7": -0.8009731520363941}, "datetime": {"datetime": "2021-06-29 20:39:26", "elapsed": 1546.81579, "delta": 18.716599}}
{"target": 0.003720367653581526, "params": {"0": 0.7126600507464569, "1": 2.8275109625908765, "2": -0.9266767943445595, "3": -1.6072895700400918, "4": 0.5563791080262903, "5": -0.36933411590030873, "6": 2.762817843858752, "7": -0.35913266539058597}, "datetime": {"datetime": "2021-06-29 20:39:35", "elapsed": 1555.74165, "delta": 8.92586}}
{"target": 0.0032747449563809115, "params": {"0": -2.104971345625952, "1": -0.24467815060087705, "2": -1.1412389952536577, "3": -2.9163907880711193, "4": 0.8741585309752464, "5": 2.9749810948153383, "6": -1.7864479022644508, "7": 1.7793775794051179}, "datetime": {"datetime": "2021-06-29 20:39:42", "elapsed": 1563.127955, "delta": 7.386305}}
{"target": 0.003573937698217455, "params": {"0": -1.9245988128632083, "1": 2.290948658598424, "2": -2.778163595183466, "3": -0.5864261104709252, "4": 2.665419319022307, "5": -2.532017977655655, "6": 1.8767562865101999, "7": -0.3905532010690216}, "datetime": {"datetime": "2021-06-29 20:39:48", "elapsed": 1568.873121, "delta": 5.745166}}
{"target": 0.00429186423672116, "params": {"0": 1.151973933037957, "1": 0.5850726533872574, "2": -0.8223351018798128, "3": -0.45650731599580396, "4": -0.9216626790161038, "5": -1.3014743335491112, "6": -1.9659647558073816, "7": -0.6744541068005776}, "datetime": {"datetime": "2021-06-29 20:39:54", "elapsed": 1575.709984, "delta": 6.836863}}
{"target": 0.009995479220406606, "params": {"0": -0.243199182696773, "1": 2.8555753628541023, "2": 2.1753794863577767, "3": -1.2407084304855835, "4": -1.4276991410247537, "5": -1.6344111773121264, "6": -1.379682376182885, "7": -2.0086111244614724}, "datetime": {"datetime": "2021-06-29 20:40:04", "elapsed": 1584.929534, "delta": 9.21955}}
{"target": 0.0030553511401293916, "params": {"0": -2.62328887498085, "1": 2.9867355823597554, "2": 0.3110082059389585, "3": 0.5248198344880941, "4": 1.3703940808003292, "5": -0.8267455214314339, "6": -2.0464934893161004, "7": -0.6973975910522467}, "datetime": {"datetime": "2021-06-29 20:40:11", "elapsed": 1592.292489, "delta": 7.362955}}
{"target": 0.00533532101056352, "params": {"0": 1.488117301858578, "1": -0.8336733808436465, "2": 1.6600291829135099, "3": 1.1608590519497204, "4": -2.262593612798427, "5": 2.4243564468589742, "6": -2.784596208165909, "7": 2.402423086211148}, "datetime": {"datetime": "2021-06-29 20:40:17", "elapsed": 1598.22081, "delta": 5.928321}}
{"target": 0.0035079786790565225, "params": {"0": 0.7647778765226185, "1": 0.8552018500169147, "2": -0.23022690970695203, "3": -0.26655966502033746, "4": -0.31981491374330595, "5": -0.7663913827961455, "6": -2.2872231289293343, "7": -2.3295098021702616}, "datetime": {"datetime": "2021-06-29 20:40:25", "elapsed": 1606.029816, "delta": 7.809006}}
{"target": 0.0032870576319445777, "params": {"0": -0.08222652707226263, "1": -0.30025199615144427, "2": 1.046549621401784, "3": 0.6687238261559538, "4": 1.8783447586745954, "5": -1.030583126058016, "6": 0.9524857130906894, "7": 0.5079007502061748}, "datetime": {"datetime": "2021-06-29 20:40:34", "elapsed": 1614.818387, "delta": 8.788571}}
{"target": 0.0035203247210121844, "params": {"0": 1.522298974456847, "1": -0.09495804712179101, "2": 1.0860472266175867, "3": -0.0935416141748373, "4": -0.9343751483244636, "5": -0.9394001228542637, "6": -0.6757809875719589, "7": 1.6944044292366662}, "datetime": {"datetime": "2021-06-29 20:40:43", "elapsed": 1624.54064, "delta": 9.722253}}
{"target": 0.0068367479658413095, "params": {"0": -1.4562208361805504, "1": -0.3568964800101142, "2": -2.808076206027388, "3": -1.662652206751729, "4": -1.5078324664766316, "5": 2.8725363369679595, "6": -1.1150986416518511, "7": 0.3364817257815744}, "datetime": {"datetime": "2021-06-29 20:40:49", "elapsed": 1629.83493, "delta": 5.29429}}
{"target": 0.004687071169755914, "params": {"0": 0.868118132122377, "1": 1.831716185986104, "2": -0.6819893106173791, "3": -0.28848750342890295, "4": -0.665124585296029, "5": -1.9512615169232324, "6": 1.1468389244808188, "7": 0.939043823720688}, "datetime": {"datetime": "2021-06-29 20:40:55", "elapsed": 1636.724192, "delta": 6.889262}}
{"target": 0.004540340355808475, "params": {"0": -1.5421819430143993, "1": -2.118039513730822, "2": -2.185482936531664, "3": 1.4076707263877566, "4": -1.2119752992796993, "5": -1.5925782292449817, "6": -0.22539172293443244, "7": -0.35470314467781794}, "datetime": {"datetime": "2021-06-29 20:41:01", "elapsed": 1642.240459, "delta": 5.516267}}
{"target": 0.00310593738804792, "params": {"0": -0.18041537491716042, "1": -1.3625928436548034, "2": 2.4978257314433376, "3": -2.5820510899472726, "4": -2.624055166918658, "5": 2.2427883126073933, "6": 1.2645134102585658, "7": -1.0061335203142028}, "datetime": {"datetime": "2021-06-29 20:41:04", "elapsed": 1645.47711, "delta": 3.236651}}
{"target": 0.00361078229697592, "params": {"0": 1.163603594166986, "1": 0.22086699452911596, "2": 1.3795055696911458, "3": 1.1394288643296626, "4": 0.12537683617723605, "5": 0.4204015972297164, "6": -2.5778503229828917, "7": 2.0874892536019196}, "datetime": {"datetime": "2021-06-29 20:41:08", "elapsed": 1649.009672, "delta": 3.532562}}
{"target": 0.003100538934912632, "params": {"0": 1.605541146205515, "1": -1.5596518959941474, "2": 1.709261445230747, "3": 1.243644501436373, "4": 2.971924719251117, "5": -1.2066881998191772, "6": 1.6174241730745056, "7": -1.2514670343794287}, "datetime": {"datetime": "2021-06-29 20:41:20", "elapsed": 1660.889437, "delta": 11.879765}}
{"target": 0.0036280895549608973, "params": {"0": 2.8953195618613865, "1": 0.8253539681934763, "2": -1.961752291369684, "3": -0.7361946926225578, "4": 0.034973132694464226, "5": 0.23982601243022827, "6": -2.6879616528247725, "7": -1.1626212788647647}, "datetime": {"datetime": "2021-06-29 20:41:24", "elapsed": 1665.674911, "delta": 4.785474}}
{"target": 0.00812512358647079, "params": {"0": 0.41435993044355257, "1": 2.7232483471841658, "2": -2.3611767166584237, "3": 1.4681969895635456, "4": -1.1465165954995635, "5": 1.5985379475462373, "6": 0.10863620829258114, "7": 0.3208583050981231}, "datetime": {"datetime": "2021-06-29 20:41:31", "elapsed": 1671.7322, "delta": 6.057289}}
{"target": 0.0033800873913178786, "params": {"0": 1.3642850121279526, "1": -1.4666334992144767, "2": 0.7375207395272394, "3": -1.5191582815698375, "4": -2.0530796232887756, "5": 0.16952463625370706, "6": -2.5017750781010912, "7": 1.598979039308901}, "datetime": {"datetime": "2021-06-29 20:41:35", "elapsed": 1676.69344, "delta": 4.96124}}
{"target": 0.0032599741848664803, "params": {"0": -2.6876906823301443, "1": 1.7799659299288706, "2": -2.2211119032549798, "3": -2.6993052443200667, "4": -1.5142881175834844, "5": -2.2246488089616943, "6": 2.1352514723857077, "7": -1.4524617764189902}, "datetime": {"datetime": "2021-06-29 20:41:40", "elapsed": 1681.227399, "delta": 4.533959}}
{"target": 0.0035086375437172537, "params": {"0": -1.4368508029437868, "1": 1.033253972469451, "2": -1.8067515540087082, "3": -2.1321040314370485, "4": -1.9105501695009364, "5": 1.8047054566170608, "6": 1.6748727739050118, "7": 2.0360006084392257}, "datetime": {"datetime": "2021-06-29 20:41:46", "elapsed": 1686.813384, "delta": 5.585985}}
{"target": 0.005123078453482081, "params": {"0": -0.9307313101345089, "1": -2.1203784412487217, "2": -2.7996127908579878, "3": -1.5680448182323818, "4": -2.4136754903033264, "5": 2.5587299672608896, "6": -2.050437953742695, "7": -0.9861638049999821}, "datetime": {"datetime": "2021-06-29 20:41:52", "elapsed": 1692.736274, "delta": 5.92289}}
{"target": 0.0034661164480742825, "params": {"0": 2.473709614853135, "1": 2.0390085277395507, "2": -1.983596045351961, "3": -0.7915336884056314, "4": -0.38584437507458347, "5": -2.7363253008456083, "6": 2.7474743202714684, "7": -2.418882916774529}, "datetime": {"datetime": "2021-06-29 20:41:57", "elapsed": 1698.040495, "delta": 5.304221}}
{"target": 0.0032710349117775826, "params": {"0": -0.5065183897909851, "1": -2.1853811259536533, "2": -1.868251505833421, "3": -0.09318538751037275, "4": 1.6038387102424618, "5": -1.5019998125207883, "6": 1.4088672531225015, "7": -1.2494166043917971}, "datetime": {"datetime": "2021-06-29 20:42:02", "elapsed": 1703.003479, "delta": 4.962984}}
{"target": 0.005294677901890179, "params": {"0": -0.06553415115994454, "1": -2.678650628992458, "2": -1.5655370631692371, "3": 1.4021046986078307, "4": -0.6499175468334579, "5": 1.8257096681008722, "6": 2.6395765980036066, "7": -1.202953507159336}, "datetime": {"datetime": "2021-06-29 20:42:05", "elapsed": 1706.208415, "delta": 3.204936}}
{"target": 0.03324746275817084, "params": {"0": -2.42433862946978, "1": 1.0659911079588813, "2": 0.39683762068167416, "3": 1.301029924251762, "4": -2.2030098247805894, "5": 2.231221663772377, "6": -2.5647540093701435, "7": 0.7472903019108679}, "datetime": {"datetime": "2021-06-29 20:42:24", "elapsed": 1724.883631, "delta": 18.675216}}
{"target": 0.0038348149011178914, "params": {"0": -2.227236412675664, "1": 0.6009296775572568, "2": -2.5172426140062583, "3": 1.6119526031671354, "4": 0.857043720938865, "5": -2.0037708216146872, "6": 0.7769842397177218, "7": 0.9893276806649505}, "datetime": {"datetime": "2021-06-29 20:42:30", "elapsed": 1731.294279, "delta": 6.410648}}
{"target": 0.004169220680930343, "params": {"0": -2.5982725470425114, "1": -2.118203801674872, "2": 0.10044009558407785, "3": 2.9956177763726215, "4": -0.3543835742866448, "5": 0.6209383361718666, "6": -1.2622724331794193, "7": -1.2513095067872968}, "datetime": {"datetime": "2021-06-29 20:42:39", "elapsed": 1740.137048, "delta": 8.842769}}
{"target": 0.004011018957188719, "params": {"0": -1.182707184168493, "1": 0.39861957342702725, "2": 1.6851968814788547, "3": -1.7003279145911951, "4": -0.9390411380610115, "5": -1.5260762605635398, "6": 1.0384128934469796, "7": -1.9930331663759706}, "datetime": {"datetime": "2021-06-29 20:42:46", "elapsed": 1746.758623, "delta": 6.621575}}
{"target": 0.0029933089810703795, "params": {"0": -0.22561935258352062, "1": -2.517530437194903, "2": -0.5536035821867271, "3": 1.1604087955859406, "4": -1.9276104682790305, "5": 1.6160760189068002, "6": -0.5029530365226114, "7": -0.6393462628966118}, "datetime": {"datetime": "2021-06-29 20:42:54", "elapsed": 1754.78315, "delta": 8.024527}}
{"target": 0.005370506600073401, "params": {"0": -0.7763885603220082, "1": -2.39143720496794, "2": -1.782316360618648, "3": -2.345289947676547, "4": 1.9213744377173239, "5": -0.8779614103997515, "6": 1.0264180413765596, "7": -0.6672196468188965}, "datetime": {"datetime": "2021-06-29 20:43:00", "elapsed": 1761.292526, "delta": 6.509376}}
