{"target": 0.00944313145333795, "params": {"0": -2.5012385724441595, "1": 0.8413228886540249, "2": 2.778425388096532, "3": -2.62805889476311, "4": 2.7533596628429287, "5": 0.04973210994865074, "6": -2.2073530239725407, "7": -0.1069697086550514}, "datetime": {"datetime": "2021-06-30 03:27:29", "elapsed": 26029.498047, "delta": 32.782715}}
{"target": 0.003722828731934625, "params": {"0": -0.48706745346162084, "1": -2.337151057837638, "2": 0.9153600006675884, "3": 0.410176322784527, "4": -0.07850632003474711, "5": -0.6440643921162761, "6": 0.16548425258503396, "7": 1.4561858953943139}, "datetime": {"datetime": "2021-06-30 03:28:12", "elapsed": 26072.484638, "delta": 42.986591}}
{"target": 0.008135511818824381, "params": {"0": -1.742355484561446, "1": 0.4734488107921213, "2": -0.9359972718900513, "3": -2.232806568170491, "4": 0.9688056764943367, "5": -0.7381313293847191, "6": 0.12588294562472857, "7": 0.9503860704342264}, "datetime": {"datetime": "2021-06-30 03:28:56", "elapsed": 26115.916358, "delta": 43.43172}}
{"target": 0.0028921782660067254, "params": {"0": 2.303237952989009, "1": 2.939918112577061, "2": 2.2262002131034357, "3": 0.9902096144278296, "4": 2.4558214631092614, "5": -0.7908603458126979, "6": -0.634256403655078, "7": -0.8616969674274575}, "datetime": {"datetime": "2021-06-30 03:29:34", "elapsed": 26154.053503, "delta": 38.137145}}
{"target": 0.003086975719994168, "params": {"0": -0.3422734032490409, "1": -0.6885472345096857, "2": -1.7071872650455922, "3": 2.9122856678156577, "4": -0.6189451662584426, "5": -2.549654211630324, "6": -1.3995473593040622, "7": 1.040367665559823}, "datetime": {"datetime": "2021-06-30 03:30:09", "elapsed": 26188.771797, "delta": 34.718294}}
{"target": 0.0031281967536174525, "params": {"0": -0.0855499695859483, "1": 0.3614826946165519, "2": -1.5553497972307595, "3": -1.1816417849641392, "4": -1.677240150765189, "5": -0.8679356249880703, "6": 2.4157280578077165, "7": 0.7727608553425656}, "datetime": {"datetime": "2021-06-30 03:30:42", "elapsed": 26222.206685, "delta": 33.434888}}
{"target": 0.0035457714117782444, "params": {"0": 2.8294421547675457, "1": 0.892248302624961, "2": -0.22618505908355768, "3": 1.5657521383830604, "4": 1.7918944400135857, "5": -1.1096249592214393, "6": -2.8369780985117945, "7": -0.37018110231952805}, "datetime": {"datetime": "2021-06-30 03:31:09", "elapsed": 26249.451007, "delta": 27.244322}}
{"target": 0.0031863723471524013, "params": {"0": 2.403113455972014, "1": -1.6034819259791706, "2": 0.9723582067789573, "3": 0.3962921725228199, "4": -1.1356494689036403, "5": 2.106877209185626, "6": -0.11131206389315906, "7": 0.48168715038084375}, "datetime": {"datetime": "2021-06-30 03:31:54", "elapsed": 26293.538676, "delta": 44.087669}}
{"target": 0.039724347911841935, "params": {"0": -0.9273545281988298, "1": -1.1892269236596547, "2": 2.4495544602707895, "3": -1.4867783539546453, "4": 0.21345361456032474, "5": 0.7124487034949816, "6": -1.3413485188593397, "7": 0.8621414915906485}, "datetime": {"datetime": "2021-06-30 03:32:39", "elapsed": 26339.350426, "delta": 45.81175}}
{"target": 0.0033319857507291602, "params": {"0": 0.03351364912813537, "1": 0.7618792638515481, "2": 2.0459343498156173, "3": 0.3456661589332164, "4": -2.1876837033797356, "5": 2.334080069820523, "6": -1.7919030974768515, "7": -2.755700762976996}, "datetime": {"datetime": "2021-06-30 03:33:06", "elapsed": 26365.755061, "delta": 26.404635}}
{"target": 0.004061041832350933, "params": {"0": 1.026075015686791, "1": 0.652072008309724, "2": 1.473433183962035, "3": 1.4813480127836396, "4": -0.9506083494321906, "5": -0.1165035105692298, "6": 1.8570293311035044, "7": -2.2810051655886854}, "datetime": {"datetime": "2021-06-30 03:33:37", "elapsed": 26396.798144, "delta": 31.043083}}
{"target": 0.005092282425855031, "params": {"0": 1.633191207206366, "1": -1.1754379025483837, "2": 0.47673248986354544, "3": -2.0992898673845146, "4": -2.4347331146825244, "5": 0.08565925383116957, "6": 2.6623932519118165, "7": -2.8451801832336807}, "datetime": {"datetime": "2021-06-30 03:34:19", "elapsed": 26438.511699, "delta": 41.713555}}
{"target": 0.003313999248229774, "params": {"0": -2.5853027059979294, "1": 1.2081944902194488, "2": 0.6909123122424994, "3": 1.4468948179942434, "4": -2.752990924249116, "5": 1.9345752626946568, "6": -2.6584915074169144, "7": 1.0713808182127718}, "datetime": {"datetime": "2021-06-30 03:35:20", "elapsed": 26500.310525, "delta": 61.798826}}
{"target": 0.003036404546000951, "params": {"0": -1.865421691222362, "1": 0.692397210422036, "2": 1.596036756865681, "3": 1.1208071614094264, "4": -1.5217166925346588, "5": -1.8732614652875652, "6": 0.5134311676826329, "7": 1.4684970402510231}, "datetime": {"datetime": "2021-06-30 03:36:41", "elapsed": 26580.9412, "delta": 80.630675}}
{"target": 0.005133063600617983, "params": {"0": -2.961113472571963, "1": -1.464940095428867, "2": -0.15165405602912596, "3": -2.158581537475814, "4": 1.4807966759241378, "5": -1.461291576677169, "6": -0.8579795725908097, "7": -1.1903168308717151}, "datetime": {"datetime": "2021-06-30 03:37:18", "elapsed": 26617.610938, "delta": 36.669738}}
{"target": 0.0034181119943724665, "params": {"0": 1.0284423552121096, "1": 2.0870761152652877, "2": -0.3132759528662339, "3": -1.3349546965369525, "4": -0.5067915582583895, "5": -0.29988030915296804, "6": 1.9004786164474572, "7": -1.996971610965632}, "datetime": {"datetime": "2021-06-30 03:37:56", "elapsed": 26656.442098, "delta": 38.83116}}
{"target": 0.003943512521480973, "params": {"0": -1.2193196793165406, "1": -2.411870453104382, "2": -2.028680890622141, "3": -0.603900536140181, "4": 0.19332188285795748, "5": 2.8225059564596915, "6": -2.7377007004499516, "7": 0.06583198679281477}, "datetime": {"datetime": "2021-06-30 03:38:39", "elapsed": 26698.598977, "delta": 42.156879}}
{"target": 0.0029545842660055333, "params": {"0": 1.6369384456598963, "1": -0.30942275968770616, "2": 2.3891702768443217, "3": 1.366469054616739, "4": 0.2657256975961584, "5": 0.33716993452142496, "6": -1.0896592190213799, "7": -2.032853137033465}, "datetime": {"datetime": "2021-06-30 03:39:25", "elapsed": 26744.705044, "delta": 46.106067}}
{"target": 0.0040590797899565925, "params": {"0": -0.29171185921488396, "1": -0.6400235690150602, "2": -0.5198088336810525, "3": -1.262277037903476, "4": 0.458342398208774, "5": 1.1714002732284854, "6": -0.08960672724669516, "7": -1.709756108191625}, "datetime": {"datetime": "2021-06-30 03:39:59", "elapsed": 26779.095691, "delta": 34.390647}}
{"target": 0.0032248649420325067, "params": {"0": -1.6505067210047468, "1": -1.135388140626509, "2": -2.0914667434631324, "3": -0.7456299914054654, "4": -0.4819968268396915, "5": -0.708608456844968, "6": 2.5597922859757167, "7": 1.8690078134609038}, "datetime": {"datetime": "2021-06-30 03:41:13", "elapsed": 26852.795073, "delta": 73.699382}}
{"target": 0.003230267724264073, "params": {"0": -0.1100619754396881, "1": 1.0071544307618243, "2": 0.9207296670925111, "3": -2.6351378329993684, "4": 1.5055298690798153, "5": -2.7536941543696267, "6": -0.5444244644834884, "7": -1.94032094071937}, "datetime": {"datetime": "2021-06-30 03:42:42", "elapsed": 26942.35256, "delta": 89.557487}}
{"target": 0.003072117022932668, "params": {"0": 0.6616937810587808, "1": 1.7098211092511377, "2": -2.3472368808917685, "3": 2.270208179179657, "4": -2.84412281334619, "5": 0.23630157247464822, "6": -1.0815794143236432, "7": 1.771612252153071}, "datetime": {"datetime": "2021-06-30 03:43:12", "elapsed": 26972.460044, "delta": 30.107484}}
{"target": 0.003499771005212715, "params": {"0": -1.9056683062116129, "1": -2.7594983259478347, "2": 0.8564160168671089, "3": 1.0417993565679584, "4": 2.2446321115574657, "5": 2.040266432056021, "6": -0.37732248517978473, "7": -0.9009098586750435}, "datetime": {"datetime": "2021-06-30 03:43:53", "elapsed": 27013.035723, "delta": 40.575679}}
{"target": 0.004884889137512819, "params": {"0": -1.7185662970873499, "1": -0.0982799874673348, "2": -0.25884961948010243, "3": -1.9957726228060375, "4": -0.549979008754871, "5": 1.8073015624268223, "6": -2.627351142181422, "7": -2.4076347196588674}, "datetime": {"datetime": "2021-06-30 03:44:55", "elapsed": 27074.947696, "delta": 61.911973}}
{"target": 0.012958494208450128, "params": {"0": 0.6202304402506789, "1": 0.6050977502185377, "2": -2.895375090186257, "3": -2.9026401793216676, "4": -0.42093432773811923, "5": 0.5516035564656327, "6": -1.2861610365041904, "7": -2.6972279059984805}, "datetime": {"datetime": "2021-06-30 03:45:31", "elapsed": 27110.556414, "delta": 35.608718}}
{"target": 0.0034285294669210748, "params": {"0": 0.25856130376889874, "1": 2.374490504325938, "2": -1.4564187817536052, "3": -1.8724134315104801, "4": -1.980293428425583, "5": 0.6922197450901786, "6": -0.5920759498492094, "7": -2.203109798552056}, "datetime": {"datetime": "2021-06-30 03:46:20", "elapsed": 27159.602317, "delta": 49.045903}}
{"target": 0.0032408212889982347, "params": {"0": 1.1598114561668966, "1": 1.0296150287286565, "2": -1.1516609940873272, "3": -1.3846323699471867, "4": -0.806206103726816, "5": -0.5654735570586604, "6": -0.5804686370247074, "7": 1.7215018436516623}, "datetime": {"datetime": "2021-06-30 03:47:04", "elapsed": 27204.497391, "delta": 44.895074}}
{"target": 0.0029382380296633726, "params": {"0": 0.6833049448977033, "1": -1.3119065076401755, "2": 1.7295872422503233, "3": 2.0098520881174577, "4": -0.2753859164851642, "5": 2.5197452558189237, "6": 1.0126206952243892, "7": 2.3556710375706853}, "datetime": {"datetime": "2021-06-30 03:47:51", "elapsed": 27250.954742, "delta": 46.457351}}
{"target": 0.0030772419699482876, "params": {"0": 0.9990483859558172, "1": 1.4215124813238011, "2": -1.0412494841591016, "3": -1.8326921091146016, "4": 0.7524944467535315, "5": -0.3914209205728203, "6": 2.9052806584861877, "7": -0.008007289563227715}, "datetime": {"datetime": "2021-06-30 03:48:43", "elapsed": 27302.939365, "delta": 51.984623}}
{"target": 0.0035982719115208697, "params": {"0": 2.5174257588385984, "1": -1.853244108174041, "2": 0.3966963993138597, "3": 1.7552370546046978, "4": -0.8385603087333968, "5": 0.9343983352088676, "6": -0.7846662238771582, "7": -2.9582356542962134}, "datetime": {"datetime": "2021-06-30 03:49:25", "elapsed": 27344.981568, "delta": 42.042203}}
{"target": 0.02623739450086981, "params": {"0": 0.17006139599486048, "1": 1.8236527968508343, "2": -1.2642570243578537, "3": -1.6203850458797893, "4": -0.23769318687789864, "5": -0.6938880625272366, "6": 1.9088780430521437, "7": -0.8401108947476699}, "datetime": {"datetime": "2021-06-30 03:50:19", "elapsed": 27399.232215, "delta": 54.250647}}
{"target": 0.0031047937627706923, "params": {"0": -2.798375738631611, "1": -0.937721148741077, "2": 2.5047939651140902, "3": 0.10625212506328197, "4": 1.9702274910695028, "5": 1.1210296120625802, "6": -1.9962695390042782, "7": 1.7601356253481306}, "datetime": {"datetime": "2021-06-30 03:50:46", "elapsed": 27425.894606, "delta": 26.662391}}
{"target": 0.0033378515474018966, "params": {"0": -0.51337207253107, "1": 2.1913360059488847, "2": 2.3386357196091403, "3": -1.023167130701503, "4": -0.9584464709099203, "5": -2.1025064197070567, "6": 1.5994965919899107, "7": 1.6663760182969272}, "datetime": {"datetime": "2021-06-30 03:51:43", "elapsed": 27483.472675, "delta": 57.578069}}
{"target": 0.0029334639474813784, "params": {"0": -2.1396219877852856, "1": -1.5731616484653606, "2": 1.7556278321756107, "3": 0.1177594512375526, "4": 0.035863562317962394, "5": 2.919357958717221, "6": 0.5626272689156444, "7": -0.13488091024555526}, "datetime": {"datetime": "2021-06-30 03:52:09", "elapsed": 27508.579374, "delta": 25.106699}}
{"target": 0.0030006454563642243, "params": {"0": 1.3185377898777215, "1": 0.20490804112114347, "2": -2.593893874390517, "3": -2.75380856387119, "4": 1.519155970239682, "5": 2.7551545018378008, "6": -2.705413680047486, "7": 0.21321438506662993}, "datetime": {"datetime": "2021-06-30 03:52:47", "elapsed": 27547.112873, "delta": 38.533499}}
{"target": 0.003594471140718138, "params": {"0": -2.7343277649531585, "1": 2.1027268416809743, "2": -0.31463844717346223, "3": 1.750350493348316, "4": -0.17094426993588385, "5": -1.5224707947807559, "6": -0.322988223888907, "7": -1.2202378932065547}, "datetime": {"datetime": "2021-06-30 03:53:21", "elapsed": 27581.168825, "delta": 34.055952}}
{"target": 0.059602685288495015, "params": {"0": 2.4852164027424557, "1": 1.4689342034527346, "2": 2.2777963190343176, "3": -2.4827258043575062, "4": -1.1299137535697825, "5": -0.1740661203801106, "6": 0.17118747573473625, "7": 1.3831983173852889}, "datetime": {"datetime": "2021-06-30 03:54:13", "elapsed": 27633.280327, "delta": 52.111502}}
{"target": 0.002880104143654895, "params": {"0": -1.0769988706090219, "1": -1.7615064021595357, "2": -1.1460652113437826, "3": 1.1069572925159274, "4": 2.2584088264450344, "5": 0.8929893723146538, "6": 1.727340555645629, "7": 0.5177148770397526}, "datetime": {"datetime": "2021-06-30 03:54:53", "elapsed": 27672.748887, "delta": 39.46856}}
{"target": 0.0031436729992581755, "params": {"0": 1.7574500173761107, "1": -0.7441187203895243, "2": -1.754200159128098, "3": 0.5727584466236761, "4": 0.9247768635354374, "5": -1.3759571495258347, "6": 2.2411654927693077, "7": -1.1311050253638257}, "datetime": {"datetime": "2021-06-30 03:55:45", "elapsed": 27724.978958, "delta": 52.230071}}
{"target": 0.004438446085873975, "params": {"0": 0.7104245744716984, "1": 0.46062399463663484, "2": 1.7629205254949998, "3": 1.9716333639177002, "4": -1.9572691122923807, "5": 2.114971073863124, "6": 0.7150361505809193, "7": 0.7418100952467412}, "datetime": {"datetime": "2021-06-30 03:56:41", "elapsed": 27780.855013, "delta": 55.876055}}
{"target": 0.003394107573913688, "params": {"0": -2.1526911830316795, "1": 0.8288385592308729, "2": 2.374102796363995, "3": 2.9873775610788975, "4": 1.7767557601768535, "5": 1.234918428814412, "6": -2.2763542501138083, "7": 2.8038080500363396}, "datetime": {"datetime": "2021-06-30 03:57:29", "elapsed": 27829.101995, "delta": 48.246982}}
{"target": 0.003377877704466107, "params": {"0": 1.3212731710952816, "1": -1.2445161304130208, "2": -0.09824849620737774, "3": 0.32090280822452355, "4": -1.3151259745583066, "5": 2.0184169639814753, "6": 2.336912783852461, "7": 1.2758590564317425}, "datetime": {"datetime": "2021-06-30 03:58:07", "elapsed": 27867.054533, "delta": 37.952538}}
{"target": 0.00310026246852773, "params": {"0": 2.434454486435584, "1": -2.283920421915049, "2": 2.7509506172266347, "3": -1.891921747132044, "4": -2.949907265667604, "5": 0.728751740733645, "6": 0.9339286366583748, "7": 1.4955733257827193}, "datetime": {"datetime": "2021-06-30 03:58:38", "elapsed": 27898.375034, "delta": 31.320501}}
{"target": 0.003528854497511174, "params": {"0": 2.6032738416876056, "1": 1.29464741915978, "2": 2.255426922414194, "3": -2.1309752243935867, "4": -1.4921636684472466, "5": 0.5188897948911073, "6": 0.4571046918633188, "7": 1.4113299452584585}, "datetime": {"datetime": "2021-06-30 03:59:17", "elapsed": 27937.202708, "delta": 38.827674}}
{"target": 0.0028959771121740726, "params": {"0": -1.8335759262807245, "1": 1.2216263191074859, "2": 1.5054345458895044, "3": 0.9402834885648588, "4": 1.5617765154670753, "5": 1.6343314945754521, "6": 0.6731677702237437, "7": -1.3639703704903752}, "datetime": {"datetime": "2021-06-30 03:59:55", "elapsed": 27975.086805, "delta": 37.884097}}
{"target": 0.0031344748560773327, "params": {"0": 1.7972509204768308, "1": 2.8454609527228927, "2": -1.335535546776996, "3": 0.38534455975496273, "4": -0.5832710930210805, "5": -1.3722989029970343, "6": 0.6437160658048384, "7": 0.03967423147547544}, "datetime": {"datetime": "2021-06-30 04:00:34", "elapsed": 28014.322216, "delta": 39.235411}}
{"target": 0.0030902466713699332, "params": {"0": 0.9359477621697705, "1": 1.0752512061105506, "2": 1.3893509834898108, "3": -0.9897028972483444, "4": -1.419428793617851, "5": 2.627971704537231, "6": 2.402379519465791, "7": 1.2064458878983224}, "datetime": {"datetime": "2021-06-30 04:01:13", "elapsed": 28053.31399, "delta": 38.991774}}
{"target": 0.003362463522749049, "params": {"0": 2.224345323895327, "1": -2.051149710403629, "2": -1.249670891800706, "3": 0.25527183206431303, "4": 1.6970482565197713, "5": 0.3166104313335536, "6": -2.4235989647622445, "7": -1.3558018045415787}, "datetime": {"datetime": "2021-06-30 04:01:56", "elapsed": 28096.182151, "delta": 42.868161}}
{"target": 0.004125015692092231, "params": {"0": 0.8453528192554676, "1": -0.20569461859842164, "2": -0.3251325334651347, "3": -2.4089358532785248, "4": -0.6063888338053336, "5": 1.4407334308818989, "6": -1.9121220598530928, "7": -1.0889298886317256}, "datetime": {"datetime": "2021-06-30 04:02:38", "elapsed": 28138.357362, "delta": 42.175211}}
{"target": 0.003359126776965047, "params": {"0": -1.0297400387339268, "1": 0.6759785531586155, "2": -2.4718905028213802, "3": 0.9509872385920746, "4": -1.5672177740568696, "5": -1.229005377770153, "6": -0.35947672585819523, "7": -2.384393273364743}, "datetime": {"datetime": "2021-06-30 04:03:11", "elapsed": 28170.810449, "delta": 32.453087}}
