{"target": 0.0034876863340451555, "params": {"0": 2.2409791341992227, "1": -1.6331225880088454, "2": 2.761629150980374, "3": 1.299898035154297, "4": -2.7875783012318402, "5": -2.9314708721587417, "6": -1.1665968824143698, "7": 1.7106953561112972}, "datetime": {"datetime": "2021-06-29 20:51:08", "elapsed": 2247.966289, "delta": 7.448886}}
{"target": 0.005901159416603643, "params": {"0": 1.9013378921169526, "1": 2.1525417335217067, "2": -0.5107040393882416, "3": -0.8175192439619159, "4": 0.3794405832915868, "5": -0.29311659658031086, "6": 2.266159255890475, "7": -0.21218036554951158}, "datetime": {"datetime": "2021-06-29 20:51:29", "elapsed": 2268.605576, "delta": 20.639287}}
{"target": 0.003941831534119127, "params": {"0": -0.3807333188770725, "1": 1.5881133605388493, "2": 1.6011432770683207, "3": -1.830085924607538, "4": -0.5637338227300126, "5": 2.048161330524178, "6": 1.139713886213448, "7": -0.7191731867567204}, "datetime": {"datetime": "2021-06-29 20:51:34", "elapsed": 2274.263706, "delta": 5.65813}}
{"target": 0.0031624280183708557, "params": {"0": 0.9843835060952992, "1": -1.6503664980386377, "2": 1.2280002467901667, "3": 0.9806737844140407, "4": -1.9108203238181471, "5": 1.384765050138136, "6": -1.5762058314055634, "7": -0.236104124311471}, "datetime": {"datetime": "2021-06-29 20:51:42", "elapsed": 2282.065775, "delta": 7.802069}}
{"target": 0.0030931221461055125, "params": {"0": 0.9557501079916646, "1": 1.3326223521850835, "2": -2.3079481974664575, "3": -2.0226985637764887, "4": -2.2066541193931517, "5": 2.1999412789975814, "6": 1.498641122993078, "7": 0.5408604393102152}, "datetime": {"datetime": "2021-06-29 20:51:57", "elapsed": 2296.693032, "delta": 14.627257}}
{"target": 0.0031239224110881417, "params": {"0": -0.19215780783591452, "1": -2.1167862457575977, "2": -2.0323938805562527, "3": -0.7838694086962175, "4": 0.12399595312904577, "5": -0.40880899769465495, "6": -2.8386234155949666, "7": -1.3074907437782128}, "datetime": {"datetime": "2021-06-29 20:52:07", "elapsed": 2306.714924, "delta": 10.021892}}
{"target": 0.005924965518728796, "params": {"0": 0.7671079801817564, "1": 1.8150410586968269, "2": 2.0382597782778333, "3": 0.3441475918284196, "4": -0.46088865931374645, "5": 2.562328711388446, "6": 0.7077180757596366, "7": 2.0984942168839797}, "datetime": {"datetime": "2021-06-29 20:52:15", "elapsed": 2315.45647, "delta": 8.741546}}
{"target": 0.005052954739611795, "params": {"0": 2.218100367393891, "1": 2.358862334378582, "2": -2.1297375718592413, "3": 1.5496130551216378, "4": -0.6342475076487117, "5": 0.9375957683358438, "6": -2.6446102907837723, "7": 2.814967670665548}, "datetime": {"datetime": "2021-06-29 20:52:23", "elapsed": 2323.094281, "delta": 7.637811}}
{"target": 0.01075109649119247, "params": {"0": -2.521538921683349, "1": -0.7937659086641942, "2": 0.33281315818593216, "3": -2.0973268099589433, "4": -0.5448394662335505, "5": 1.6405881641762532, "6": -2.7730706958083395, "7": -2.6514118139805496}, "datetime": {"datetime": "2021-06-29 20:52:35", "elapsed": 2334.650146, "delta": 11.555865}}
{"target": 0.004992535906815121, "params": {"0": 0.6821801180452525, "1": 2.1937785356218704, "2": -0.7354903711154241, "3": -1.9145298361002094, "4": -0.09337646399228028, "5": 0.04428444139093335, "6": 2.0931067700342556, "7": -0.09969377639893784}, "datetime": {"datetime": "2021-06-29 20:52:48", "elapsed": 2348.378432, "delta": 13.728286}}
{"target": 0.0029361024870266125, "params": {"0": 2.110651734864798, "1": 2.6099912167753256, "2": 2.954468023620305, "3": 1.810461129634203, "4": 1.6367952292743189, "5": 0.5279157242327543, "6": -2.054151811559244, "7": 1.6313984990131774}, "datetime": {"datetime": "2021-06-29 20:52:57", "elapsed": 2357.373383, "delta": 8.994951}}
{"target": 0.003071376959842493, "params": {"0": 0.9090017030967976, "1": -0.815440736535876, "2": 1.8906177244528397, "3": 2.098369616556054, "4": 0.09033131287377216, "5": 0.3037039011437992, "6": -1.6117630802799432, "7": -0.8920203585879998}, "datetime": {"datetime": "2021-06-29 20:53:07", "elapsed": 2366.986771, "delta": 9.613388}}
{"target": 0.0033221847734656138, "params": {"0": -2.8227154087779747, "1": -2.0017399461600984, "2": 1.0811964202625814, "3": -0.5251828641224399, "4": -1.1244990643058919, "5": -1.8194474963535163, "6": -1.853419267210734, "7": -1.1224127132026935}, "datetime": {"datetime": "2021-06-29 20:53:17", "elapsed": 2376.668998, "delta": 9.682227}}
{"target": 0.002943060663837624, "params": {"0": 1.453232312188641, "1": 0.6207088560089757, "2": 0.8277646742238618, "3": 0.10507026964985, "4": -0.41456193661016494, "5": -0.613073003170979, "6": 0.6872868561560832, "7": 1.852589050487131}, "datetime": {"datetime": "2021-06-29 20:53:24", "elapsed": 2384.161634, "delta": 7.492636}}
{"target": 0.0032589251957501203, "params": {"0": -1.1849362244155692, "1": 1.9372298216661559, "2": 2.6127486648322016, "3": 2.251375308075242, "4": 0.43819564649542686, "5": -2.9535183621730585, "6": -0.9670952905429764, "7": 0.028733646406726265}, "datetime": {"datetime": "2021-06-29 20:53:33", "elapsed": 2393.297739, "delta": 9.136105}}
{"target": 0.0038504500085973126, "params": {"0": -2.093997102486167, "1": -0.014807075644180934, "2": -0.08247719380555818, "3": 1.9224535269709593, "4": -2.613042691870703, "5": -1.0783249780766488, "6": 1.1262037956518611, "7": 0.10643508914567423}, "datetime": {"datetime": "2021-06-29 20:53:38", "elapsed": 2398.369429, "delta": 5.07169}}
{"target": 0.004081142879311238, "params": {"0": -1.429757663030886, "1": -0.1695779949175753, "2": -2.500714982847212, "3": 0.48143564703176134, "4": 0.8542668829603857, "5": -1.9003840724436167, "6": -2.545204167418568, "7": -1.3038953968763767}, "datetime": {"datetime": "2021-06-29 20:53:45", "elapsed": 2404.801902, "delta": 6.432473}}
{"target": 0.0036012281032157204, "params": {"0": -0.5689001399814178, "1": 2.6408802143577983, "2": 2.402176881194629, "3": -1.21906381123048, "4": -1.7723621600824073, "5": -2.09510956676451, "6": 1.0419217916332126, "7": 1.8348051966175163}, "datetime": {"datetime": "2021-06-29 20:53:55", "elapsed": 2415.058044, "delta": 10.256142}}
{"target": 0.005108130576582108, "params": {"0": 1.1337020626070853, "1": -0.5643874067433403, "2": 1.7787609300566576, "3": 2.4295703617673645, "4": 2.2453168160735704, "5": 2.4457728180006058, "6": -0.3873426823984163, "7": -1.8259924159616074}, "datetime": {"datetime": "2021-06-29 20:54:10", "elapsed": 2429.919857, "delta": 14.861813}}
{"target": 0.003544898701101411, "params": {"0": 1.021474443590714, "1": 1.8558513191143327, "2": -2.298469875692353, "3": -1.3914591967157273, "4": -2.0340219506660593, "5": 1.969284397630127, "6": 1.773491557361777, "7": 0.4168458510349744}, "datetime": {"datetime": "2021-06-29 20:54:26", "elapsed": 2446.179202, "delta": 16.259345}}
{"target": 0.005139335512326621, "params": {"0": 0.2801177496025149, "1": 1.4800376210584298, "2": -1.0160714936600967, "3": -1.918345136667211, "4": -0.7552226285682893, "5": -1.6760616768233425, "6": -0.2539075606493135, "7": 2.6158459153132014}, "datetime": {"datetime": "2021-06-29 20:54:46", "elapsed": 2465.725558, "delta": 19.546356}}
{"target": 0.003125011942253532, "params": {"0": -1.5125026037346865, "1": -1.7099040760086568, "2": -1.6631042058792609, "3": -2.062872061637477, "4": 1.391721132560054, "5": 2.3779343119322345, "6": -1.5896423221899654, "7": 2.9589523694479247}, "datetime": {"datetime": "2021-06-29 20:55:00", "elapsed": 2479.548889, "delta": 13.823331}}
{"target": 0.0031057703480993795, "params": {"0": 1.830990230068009, "1": -0.5166667014449171, "2": -0.44376606676304586, "3": 0.054151396229007, "4": 0.20895606297643976, "5": 2.2864021304417728, "6": -0.5856364781913648, "7": 1.6320523443043253}, "datetime": {"datetime": "2021-06-29 20:55:08", "elapsed": 2487.572118, "delta": 8.023229}}
{"target": 0.003334629609393707, "params": {"0": 0.47375501472016124, "1": 1.6058363360804986, "2": -2.4296991084964654, "3": -1.937505142122447, "4": -1.7143027367033463, "5": 1.8714679147235422, "6": 2.0783366164767667, "7": 0.17315605618580587}, "datetime": {"datetime": "2021-06-29 20:55:25", "elapsed": 2504.967417, "delta": 17.395299}}
{"target": 0.0031361843233108475, "params": {"0": -2.5422086338623613, "1": 0.9200875182470769, "2": -0.014335895295339185, "3": 1.3049450459523655, "4": -2.4401742614362654, "5": 1.8585573319355984, "6": -2.981931557545246, "7": 1.1498625840838885}, "datetime": {"datetime": "2021-06-29 20:55:38", "elapsed": 2517.859803, "delta": 12.892386}}
{"target": 0.0033106167727352284, "params": {"0": -2.910057030834472, "1": 0.3061733271846263, "2": -2.336840540408729, "3": 2.38753290970135, "4": -0.5355606576656, "5": -1.7788265123449754, "6": 2.4184124480004723, "7": 0.9266376355343118}, "datetime": {"datetime": "2021-06-29 20:55:46", "elapsed": 2525.53775, "delta": 7.677947}}
{"target": 0.0033843948840698254, "params": {"0": -0.8179434002963926, "1": -0.17230778941309488, "2": -2.289802061303715, "3": -1.2482084715688009, "4": 1.8418515225421226, "5": -1.108621569301634, "6": 0.9176228727560933, "7": -2.0744015615112716}, "datetime": {"datetime": "2021-06-29 20:55:57", "elapsed": 2537.393978, "delta": 11.856228}}
{"target": 0.011692443171798152, "params": {"0": 2.3282414428403024, "1": -0.3517096076416295, "2": -0.5402612418258625, "3": -2.5226174802958274, "4": -1.4064554242143663, "5": 0.9101912135123378, "6": 1.1912184574795486, "7": -1.7418528059194784}, "datetime": {"datetime": "2021-06-29 20:56:05", "elapsed": 2544.554846, "delta": 7.160868}}
{"target": 0.003390265977529984, "params": {"0": -0.4863596765522171, "1": 0.18915449159420294, "2": -0.06514756692280077, "3": -2.499250137490992, "4": -1.9111023487167185, "5": -0.5961219060267036, "6": 0.04012477205689269, "7": 1.7075717916683502}, "datetime": {"datetime": "2021-06-29 20:56:15", "elapsed": 2555.449693, "delta": 10.894847}}
{"target": 0.0031580439854723727, "params": {"0": 1.3193040610516658, "1": 0.6590019868573487, "2": 0.9631407071041753, "3": -2.2246490658971294, "4": 1.9096896152490705, "5": -2.017335847792101, "6": 0.07029177767260375, "7": 0.12550027629620253}, "datetime": {"datetime": "2021-06-29 20:56:23", "elapsed": 2562.52889, "delta": 7.079197}}
{"target": 0.003266353293749363, "params": {"0": 0.5096861609212411, "1": -2.257972557324571, "2": 1.421577452879796, "3": -1.9099576171475225, "4": -0.3305099975184964, "5": 1.4359680575212144, "6": -1.8645392343835832, "7": -0.012961063819805219}, "datetime": {"datetime": "2021-06-29 20:56:35", "elapsed": 2575.094742, "delta": 12.565852}}
{"target": 0.00372335881287128, "params": {"0": -2.758162500507866, "1": 1.6050481579869569, "2": 0.7351962343681899, "3": 2.614958179445366, "4": -0.09508534616791042, "5": -2.881916218061465, "6": -2.5806973482077704, "7": -1.3528734784528345}, "datetime": {"datetime": "2021-06-29 20:56:46", "elapsed": 2585.632929, "delta": 10.538187}}
{"target": 0.022276659908624957, "params": {"0": -0.3587836508321063, "1": -2.607221595519654, "2": 2.172516827457427, "3": -1.4740091621896299, "4": 0.2008129832926393, "5": 1.87710285176634, "6": -2.3001232798178712, "7": 1.0302287635648453}, "datetime": {"datetime": "2021-06-29 20:56:54", "elapsed": 2593.551826, "delta": 7.918897}}
{"target": 0.003722907990818487, "params": {"0": -1.830831618031442, "1": -2.6050742481609666, "2": 2.8354530059799163, "3": 1.8243783151962312, "4": 0.17372894968937258, "5": 2.6311360660697822, "6": -0.8361677323909502, "7": -0.9862581067627194}, "datetime": {"datetime": "2021-06-29 20:57:00", "elapsed": 2600.174286, "delta": 6.62246}}
{"target": 0.004821483480786111, "params": {"0": 1.2664038235952404, "1": -2.2328476730293434, "2": -0.0737852073498999, "3": 0.8272322640866645, "4": 2.8965054295785038, "5": 0.23786358500962024, "6": -2.697933145391599, "7": 0.7401328124670878}, "datetime": {"datetime": "2021-06-29 20:57:08", "elapsed": 2608.046139, "delta": 7.871853}}
{"target": 0.037174480008824985, "params": {"0": -2.106898092898637, "1": 1.0931936968650797, "2": 1.4899982091841588, "3": 0.3037523292130544, "4": -1.0967640717069478, "5": -2.9042377605937393, "6": 0.4877174732816618, "7": 1.2466376027368433}, "datetime": {"datetime": "2021-06-29 20:57:18", "elapsed": 2617.62723, "delta": 9.581091}}
{"target": 0.00424013376261363, "params": {"0": 1.001823007200608, "1": 1.6376070085023624, "2": -2.242382403770258, "3": -1.951542301552655, "4": -2.2705399836385864, "5": 1.8930326140204903, "6": 2.3747910290397414, "7": 0.6137877283962387}, "datetime": {"datetime": "2021-06-29 20:57:27", "elapsed": 2627.36408, "delta": 9.73685}}
{"target": 0.003943017051897142, "params": {"0": -1.3115769870672027, "1": -2.681457841811449, "2": -2.3308339584983804, "3": -1.8677936092999576, "4": -1.4765046474106822, "5": -0.9854800661271748, "6": -1.6113964913397307, "7": -0.4524253701950709}, "datetime": {"datetime": "2021-06-29 20:57:35", "elapsed": 2634.990291, "delta": 7.626211}}
{"target": 0.003214980862960569, "params": {"0": 1.6910815183715995, "1": -0.1632765529601432, "2": -0.3471147072422611, "3": 2.1269397501654845, "4": -2.4413815203310003, "5": -1.937319598543731, "6": 0.9184904938382443, "7": 1.51261866449068}, "datetime": {"datetime": "2021-06-29 20:57:45", "elapsed": 2645.351936, "delta": 10.361645}}
{"target": 0.0036025427258072743, "params": {"0": 2.50380516262702, "1": -0.9208515761407008, "2": -2.7271685460920896, "3": -2.3691775980311, "4": -1.153512185229036, "5": 1.9721023344080573, "6": -1.3072688991796688, "7": -1.6572581537157889}, "datetime": {"datetime": "2021-06-29 20:57:54", "elapsed": 2653.501743, "delta": 8.149807}}
{"target": 0.0033823346724319307, "params": {"0": 2.870320876759717, "1": 1.5654325029340779, "2": 0.9265528109973706, "3": -2.011039326738614, "4": -1.7971175725379334, "5": -0.8771566115796006, "6": -0.805475026170738, "7": -2.4874804342225016}, "datetime": {"datetime": "2021-06-29 20:58:03", "elapsed": 2663.272387, "delta": 9.770644}}
{"target": 0.003193312523168828, "params": {"0": -1.6289086014536138, "1": 1.7411308732541038, "2": 2.8749663157415863, "3": 1.6690620929792779, "4": 1.8233644785008778, "5": -1.1957324487785643, "6": 2.1136386221819086, "7": 1.5917839493270627}, "datetime": {"datetime": "2021-06-29 20:58:09", "elapsed": 2668.788005, "delta": 5.515618}}
{"target": 0.0033547783677142966, "params": {"0": 0.14939102208603927, "1": 0.9639305035077843, "2": -1.8630766465480044, "3": 2.2430199983183448, "4": 2.078661115669867, "5": 1.7790735404315967, "6": 1.6098911466060093, "7": 1.3275173530518067}, "datetime": {"datetime": "2021-06-29 20:58:16", "elapsed": 2675.5489, "delta": 6.760895}}
{"target": 0.003295371090340341, "params": {"0": -0.9929821370332368, "1": -2.609913332320942, "2": 2.836085362521011, "3": -1.653117814933746, "4": 1.0869085488598564, "5": 2.3323423374362857, "6": 1.372861544299381, "7": -2.6799308553398444}, "datetime": {"datetime": "2021-06-29 20:58:28", "elapsed": 2687.962523, "delta": 12.413623}}
{"target": 0.0036934992004729284, "params": {"0": 0.026731326731126437, "1": -2.8611141970597993, "2": 2.0593857295441715, "3": -1.7105022684582967, "4": 0.901552994964915, "5": 2.5647992894837053, "6": -1.8749410838229796, "7": 0.10153713381974772}, "datetime": {"datetime": "2021-06-29 20:58:49", "elapsed": 2708.564531, "delta": 20.602008}}
{"target": 0.0031457762508799968, "params": {"0": 0.7926637245567187, "1": 1.662366822986261, "2": -1.848136560348068, "3": -1.8715311080028854, "4": -0.8135290747521182, "5": -0.8666475235922579, "6": 0.12407606056263187, "7": 2.5704523538067745}, "datetime": {"datetime": "2021-06-29 20:59:07", "elapsed": 2727.048488, "delta": 18.483957}}
{"target": 0.022425281489922917, "params": {"0": 2.7717532973627215, "1": -1.4773454142968057, "2": 2.940536260583256, "3": -2.6255518699544034, "4": -1.4300242657590092, "5": -0.5949123891155352, "6": 1.1674381452641098, "7": -2.32247608190349}, "datetime": {"datetime": "2021-06-29 20:59:14", "elapsed": 2734.499096, "delta": 7.450608}}
{"target": 0.0030721504589171847, "params": {"0": -0.8156798044428024, "1": 0.6763114117844617, "2": -0.055143542028410764, "3": 0.7540114681626173, "4": -0.5413063298775294, "5": 0.2544739300256209, "6": 2.3673990042290303, "7": -2.9333178020191424}, "datetime": {"datetime": "2021-06-29 20:59:23", "elapsed": 2742.988027, "delta": 8.488931}}
{"target": 0.006830981667187096, "params": {"0": -0.45456777423060224, "1": -2.378373399420002, "2": -2.133155999457096, "3": -1.3025624460194791, "4": 1.2340915166044937, "5": -1.5124731354984926, "6": 1.4347892647288027, "7": -0.6860624846958157}, "datetime": {"datetime": "2021-06-29 20:59:30", "elapsed": 2749.78087, "delta": 6.792843}}
{"target": 0.002934526936405204, "params": {"0": 1.3089196098390659, "1": -1.4144176238033535, "2": -2.4247364167613457, "3": -0.4976974263456708, "4": 0.4650512689631716, "5": 2.8152440521691293, "6": -0.6774587717333227, "7": -2.0915239423792578}, "datetime": {"datetime": "2021-06-29 20:59:40", "elapsed": 2759.638115, "delta": 9.857245}}
{"target": 0.002923205110141116, "params": {"0": 0.9132287031727726, "1": -0.4265842010244967, "2": -2.1743280251433004, "3": -0.7511729404007266, "4": 2.3891045613924193, "5": 2.622243733267565, "6": 2.50775249840882, "7": -1.4553228474839537}, "datetime": {"datetime": "2021-06-29 20:59:46", "elapsed": 2766.496391, "delta": 6.858276}}
{"target": 0.013700931273381145, "params": {"0": -0.2730055318624549, "1": 2.8745820840441425, "2": -0.5322876000145973, "3": 0.39964974213739834, "4": 1.1675540018857067, "5": -2.298845661603824, "6": -0.8096794533723672, "7": -2.7815981483272294}, "datetime": {"datetime": "2021-06-29 20:59:58", "elapsed": 2777.933937, "delta": 11.437546}}
{"target": 0.004425912971340286, "params": {"0": -2.192683922650441, "1": 0.8547875398392306, "2": -0.5442349242488351, "3": 2.611943757313333, "4": -0.10967385819104347, "5": 0.8943262893347939, "6": -0.9969217876713725, "7": 0.20392865627009904}, "datetime": {"datetime": "2021-06-29 21:00:05", "elapsed": 2785.342296, "delta": 7.408359}}
{"target": 0.030949222859253365, "params": {"0": 2.7223793405076924, "1": -0.7864612982079309, "2": 0.46804835371701214, "3": 2.0973191775105997, "4": -1.4866113407478276, "5": 1.7610745932640732, "6": -1.4702124199329694, "7": -1.7948087894388802}, "datetime": {"datetime": "2021-06-29 21:00:16", "elapsed": 2796.184368, "delta": 10.842072}}
{"target": 0.0030528517486524, "params": {"0": -2.0402574612491646, "1": 1.432826016644369, "2": -0.10643584024542996, "3": -1.4818526219639756, "4": 0.14043829586499168, "5": -0.7871170820536135, "6": -2.4049599601295704, "7": 2.380844189188136}, "datetime": {"datetime": "2021-06-29 21:00:24", "elapsed": 2804.49874, "delta": 8.314372}}
{"target": 0.004192035694292284, "params": {"0": -2.1249603973624343, "1": -1.4696319202658092, "2": 0.9783551569362605, "3": 0.15758470702404725, "4": -1.3846673416663013, "5": -2.142753308283498, "6": -2.014270798716903, "7": -1.0149336067293722}, "datetime": {"datetime": "2021-06-29 21:00:33", "elapsed": 2813.372644, "delta": 8.873904}}
{"target": 0.003359516963298915, "params": {"0": -0.9320747472132163, "1": -2.2705430933581505, "2": 0.9201538893235943, "3": -1.1067346743459539, "4": -2.881999116539789, "5": 1.4202568615262088, "6": -0.25727886378384035, "7": -1.2643698460024244}, "datetime": {"datetime": "2021-06-29 21:00:39", "elapsed": 2819.412127, "delta": 6.039483}}
{"target": 0.006918040603091966, "params": {"0": 0.7567170921336457, "1": 0.9424009309536334, "2": 1.494852470430044, "3": 2.064263663967103, "4": -0.8202273611019306, "5": -0.06484433207580764, "6": 2.1173751512082752, "7": -2.33796045085358}, "datetime": {"datetime": "2021-06-29 21:00:49", "elapsed": 2828.737162, "delta": 9.325035}}
{"target": 0.005623902329250535, "params": {"0": -2.4648621692022967, "1": 2.649497725746044, "2": -0.11397392548844731, "3": -0.32409081559318187, "4": 2.427084125765953, "5": 1.17878182788764, "6": 0.470340590585705, "7": 1.1278815921392908}, "datetime": {"datetime": "2021-06-29 21:00:59", "elapsed": 2838.787264, "delta": 10.050102}}
{"target": 0.003425244672204497, "params": {"0": 2.1949451990251516, "1": 2.401688159260064, "2": 0.4061108668905513, "3": -0.05263480829884015, "4": 0.7750012468833187, "5": 2.404773854788191, "6": -2.91064259428427, "7": 0.3151278862652642}, "datetime": {"datetime": "2021-06-29 21:01:06", "elapsed": 2846.32955, "delta": 7.542286}}
{"target": 0.003187928208122881, "params": {"0": 2.0031398967275837, "1": -0.2912437120225295, "2": 2.601304324678834, "3": 0.5752800052596303, "4": -0.5080543011324092, "5": -0.5552998507714415, "6": 0.7380048504636729, "7": 0.04553500975227687}, "datetime": {"datetime": "2021-06-29 21:01:19", "elapsed": 2858.595107, "delta": 12.265557}}
{"target": 0.003229432509295012, "params": {"0": 2.8011758060603755, "1": -1.765398882275274, "2": -2.424911546586096, "3": -2.5824202671428456, "4": 0.85671556351202, "5": 2.154237580750012, "6": -0.8206116798781933, "7": -2.4674222881298133}, "datetime": {"datetime": "2021-06-29 21:01:26", "elapsed": 2865.504398, "delta": 6.909291}}
{"target": 0.004191301861296212, "params": {"0": -0.3214331061364124, "1": 2.378933102050585, "2": 1.9311287499807435, "3": -0.7656043443076914, "4": -1.6816399598817189, "5": -1.413617872337389, "6": 1.0319370830737302, "7": 1.7069550119472767}, "datetime": {"datetime": "2021-06-29 21:01:45", "elapsed": 2885.454869, "delta": 19.950471}}
{"target": 0.003356755329374452, "params": {"0": -2.441472580137475, "1": 2.078385851607237, "2": -0.5662136482843549, "3": 0.6658696366943548, "4": 0.16246603591078435, "5": -2.6509780398997354, "6": -0.7823658142413432, "7": -1.8915123375608125}, "datetime": {"datetime": "2021-06-29 21:01:56", "elapsed": 2896.185209, "delta": 10.73034}}
